2176.0000 0.05 1
1.11111
4.44444
11.1111
2.22222
11.1111
4.44444
13.3333
11.1111
20
11.1111
6.66667
11.1111
24.4444
23.3333
17.7778
23.3333
26.6667
18.8889
13.3333
32.2222
18.8889
8.88889
4.44444
10
14.4444
16.6667
34.4444
40
23.3333
40
11.1111
26.6667
17.7778
31.1111
24.4444
32.2222
28.8889
25.5556
40
24.4444
32.2222
46.6667
36.6667
47.7778
70
55.5556
56.6667
41.1111
80
106.667
97.7778
124.444
130
136.667
148.889
146.667
161.111
192.222
190
200
216.667
267.778
192.222
230
232.222
288.889
237.778
278.889
253.333
265.556
288.889
298.889
317.778
337.778
318.889
352.222
284.444
345.556
305.556
310
296.667
300
291.111
280
314.444
273.333
244.444
285.556
292.222
297.778
314.444
318.889
323.333
307.778
336.667
317.778
318.889
288.889
294.444
298.889
304.444
288.889
330
362.222
315.556
357.778
377.778
363.333
348.889
352.222
338.889
291.111
253.333
213.333
182.222
157.778
188.889
241.111
264.444
331.111
353.333
397.778
417.778
400
425.556
411.111
447.778
402.222
382.222
361.111
342.222
366.667
350
395.556
384.444
377.778
382.222
432.222
402.222
458.889
405.556
408.889
411.111
355.556
365.556
372.222
364.444
381.111
435.556
413.333
412.222
434.444
401.111
343.333
350
324.444
348.889
314.444
328.889
255.556
286.667
262.222
272.222
255.556
242.222
224.444
276.667
208.889
244.444
216.667
230
261.111
223.333
244.444
230
214.444
208.889
227.778
178.889
204.444
174.444
198.889
173.333
177.778
256.667
234.444
230
213.333
215.556
168.889
175.556
197.778
262.222
241.111
222.222
273.333
240
224.444
264.444
345.556
344.444
313.333
305.556
330
307.778
333.333
382.222
416.667
423.333
427.778
453.333
426.667
513.333
477.778
503.333
466.667
434.444
351.111
313.333
221.111
116.667
11.1111
1.11111
0
0
0
0
0
0
0
0
0
0
0
0
0
0
0
0
0
0
2.22222
0
0
0
2.22222
4.44444
0
2.22222
0
2.22222
4.44444
4.44444
0
5.55556
0
0
6.66667
0
4.44444
6.66667
0
2.22222
4.44444
1.11111
0
0
2.22222
0
2.22222
0
2.22222
0
