2.74449 -4.75452 -0.000419921
5.49058 0.000927783 -0.000297603
-0.000949439 0.000999347 17.5237
1 0 0
0 1 0
0 0 1
0.3333897399577452 0.8337460962990448 0.0608684596963798	Ir
0.3331259636337620 0.8337750292262669 0.3125009810806745	Ir
0.3326523590135579 0.8340836681576960 0.5645958663687267	Ir
0.8334420178756332 0.8337488167525962 0.5648318165059223	Ir
0.8336013553675556 0.3330078617266281 0.3115464968858461	Ir
0.8339139642278752 0.3324720398062198 0.5643526197652875	Ir
0.8334578800458345 0.3325138016362246 0.8128622736119837	Ir
0.1661893200530571 0.1670219882718200 0.1858261724342256	Ir
0.6667718147346946 0.1663613776305723 0.4368995141485428	Ir
0.1656503622552421 0.6670176958810998 0.1862986859806952	Ir
0.1658308596474498 0.6668471873714807 0.4375512378018627	Ir
0.1661035977852947 0.6673022158251882 0.9366014082226215	Ir
0.3346885611797816 0.3322944312694389 0.0608602247519343	Ir
0.3335777395565742 0.3330638091184213 0.3119543690494453	Ir
0.3332923993779104 0.3330089734872317 0.5649531839032491	Ir
0.3337828671339835 0.3330363721283334 0.8123460751760305	Ir
0.6675088079961569 0.6665744821805006 0.1857310412301203	Ir
0.6670481883987094 0.6666864718542698 0.4371473552834786	Ir
0.6663673395846743 0.6671873385341698 0.6898786095295506	Ir
0.6669188350532735 0.6666374862168070 0.9371438391329718	Ir
0.3324268163331965 0.8339827659727064 0.8120055544861486	Ru
0.8327964686131892 0.8348084934111029 0.0613271936565383	Ru
0.8330945563258751 0.8338139302912424 0.3112579962885889	Ru
0.8336890591669643 0.8341379559318582 0.8126298825773119	Ru
0.8333373950377450 0.3322176029384849 0.0612674681739094	Ru
0.1664054249347444 0.1669261825919719 0.4377854299699777	Ru
0.1668765300463306 0.1661613595972824 0.6895361199237868	Ru
0.1659407912262267 0.1663102662990141 0.9368434668296146	Ru
0.6672593676463947 0.1659582457193380 0.1859294347023024	Ru
0.6669189822735859 0.1660098197712614 0.6894877527827532	Ru
0.6676448423631030 0.1660738334286265 0.9375809949373348	Ru
0.1662957931538713 0.6672124006731011 0.6895984751121844	Ru
