2176.0000 0.05 1
1.875
3.75
6.25
6.25
7.5
16.25
8.75
6.25
17.5
16.25
14.375
16.25
25
16.25
6.25
31.25
23.125
18.125
28.75
10
10
13.125
10
10
16.25
20
25
30
37.5
19.375
22.5
28.75
13.75
26.875
20.625
29.375
21.25
41.25
44.375
30.625
37.5
56.25
47.5
45.625
41.875
67.5
54.375
49.375
84.375
92.5
98.75
125.625
136.875
134.375
138.75
153.125
181.25
152.5
157.5
200
177.5
175
234.375
251.875
268.125
237.5
234.375
279.375
293.125
311.25
295.625
321.25
303.125
311.875
323.75
340.625
336.25
367.5
315.625
355
369.375
367.5
330
360
333.125
377.5
313.125
294.375
304.375
285.625
275.625
253.125
232.5
250
250.625
301.875
204.375
250
311.25
295.625
318.125
305.625
312.5
301.875
247.5
295
308.125
297.5
326.25
273.125
279.375
303.75
271.25
321.25
290.625
316.25
250
298.125
353.125
316.875
316.25
313.75
328.75
362.5
341.875
381.875
400.625
376.875
390.625
393.75
393.75
434.375
450
470.625
453.125
440.625
453.125
438.75
445.625
417.5
409.375
425.625
382.5
360
313.75
355
326.875
310
316.25
331.875
306.875
271.875
217.5
255
251.25
301.875
277.5
247.5
273.125
227.5
320
284.375
328.125
305
300.625
290
287.5
294.375
350.625
291.25
323.75
353.125
373.75
355
261.25
286.25
212.5
288.125
345
266.875
263.75
269.375
258.125
235
245.625
248.75
267.5
329.375
234.375
229.375
236.25
223.75
180
248.75
255
281.25
255
309.375
253.125
262.5
256.875
206.25
205
269.375
255
323.75
344.375
344.375
355
274.375
367.5
293.125
513.75
536.875
509.375
423.125
368.125
260.625
232.5
199.375
173.125
117.5
61.25
30
11.25
3.75
1.875
3.75
1.25
0
0
0
0
0
0
0
0
0
0
2.5
0
