0.011997 0.002433 0.001258
-0.004713 -0.001468 0.000490
0.012254 0.002642 0.001085
0.001233 0.001146 -0.003342
0.007537 0.002449 -0.001665
-0.000822 -0.004031 -0.000146
-0.005978 -0.001854 -0.005047
-0.005376 0.006257 0.000127
-0.007687 0.000826 -0.008184
0.004826 -0.001283 -0.002568
-0.000248 -0.001635 0.005042
-0.004976 -0.002338 0.002310
-0.006364 -0.010281 0.011380
0.000654 0.001486 -0.000945
0.005346 0.000383 -0.004687
-0.007506 -0.006388 -0.004458
0.009657 0.002490 0.001344
-0.011650 0.002451 0.004885
-0.025597 0.005139 -0.038732
0.000759 -0.000613 -0.002789
0.002421 0.006799 -0.006338
-0.030190 0.030387 -0.000486
-0.018932 0.011342 -0.005198
-0.009877 0.003537 0.004664
-0.038798 0.000816 -0.008916
0.007058 -0.001071 -0.002404
-0.008414 0.000733 0.008821
-0.005400 -0.002239 0.002062
-0.001725 -0.004981 0.009178
-0.003287 0.000402 -0.000288
0.006817 0.002728 -0.003749
0.003523 -0.001682 -0.000270
0.010328 0.002013 0.001291
-0.009191 -0.001024 0.004422
0.012475 0.005789 0.001443
0.002820 0.000555 -0.003730
0.011823 0.002221 -0.003436
0.000274 -0.004805 -0.001366
-0.024139 -0.002170 0.014497
-0.001541 0.005619 0.000491
-0.007602 0.000380 -0.008375
0.010625 -0.001123 -0.001821
-0.003987 -0.002347 0.004856
-0.009028 -0.001330 0.002960
-0.006589 0.000002 0.011575
0.000713 -0.001225 -0.000920
-0.029431 -0.040584 -0.003826
0.003203 -0.002893 0.000878
0.009960 0.002015 0.001766
-0.005456 -0.001475 0.000041
0.010597 0.004045 0.000130
0.001320 0.000813 -0.003541
0.009041 0.002427 -0.002090
-0.000772 -0.003708 -0.000360
-0.005712 -0.002071 -0.005307
-0.004571 0.006994 0.000428
-0.008269 0.000300 -0.008088
0.004360 -0.001291 -0.002358
-0.003080 -0.003510 0.004520
-0.006904 -0.002204 0.002922
-0.000972 -0.004932 0.008637
-0.006239 0.000078 -0.000543
0.004461 0.002554 -0.005588
0.002776 -0.002014 0.000365
0.011396 0.001881 0.000873
-0.011367 -0.005264 0.004986
0.010242 0.004064 0.000439
0.003254 0.000337 -0.003181
0.002418 -0.001411 -0.006522
-0.000530 -0.003219 0.000008
-0.018576 -0.015119 -0.005203
-0.004116 0.007309 -0.000229
-0.009434 0.000746 -0.007529
0.006992 -0.001129 -0.002358
-0.002466 -0.003731 0.004027
-0.006697 -0.002706 0.002415
-0.000741 -0.005314 0.008523
-0.004828 0.000279 -0.000452
0.004597 0.001764 -0.005287
0.002341 -0.001774 0.001222
0.009798 0.002565 0.001353
-0.004779 -0.002249 -0.000493
0.010208 0.004109 -0.002098
0.003342 0.000598 -0.003473
0.009289 0.001599 -0.001433
-0.001975 -0.003604 -0.000756
-0.005727 -0.001753 -0.004800
-0.009717 0.003502 -0.003936
-0.009694 0.000775 -0.007703
0.006298 -0.001172 -0.002421
-0.008206 0.000590 0.000451
-0.007246 -0.002777 0.002144
0.000852 -0.004971 0.010319
-0.003278 0.000375 -0.000112
0.005319 0.002567 -0.006331
-0.006464 -0.005523 -0.002917
0.012125 0.002327 0.001381
-0.002613 -0.001263 0.002992
0.010707 0.004172 0.000329
0.001510 0.000688 -0.003266
0.002035 0.002544 -0.009214
0.000110 -0.005225 0.000261
-0.018726 -0.002319 -0.019542
-0.005028 0.007210 0.000378
-0.008102 0.000591 -0.007671
0.010753 -0.001182 -0.004445
-0.002622 -0.003241 0.004330
-0.006049 -0.002140 0.003181
-0.001055 -0.005262 0.008618
-0.006139 0.000964 -0.000399
0.005072 0.001304 -0.004970
0.002241 -0.001446 0.001269
0.009439 0.002617 0.000961
-0.004772 -0.000853 -0.000352
0.009760 0.004633 0.000776
0.001618 -0.000068 -0.003931
0.009284 0.002982 -0.001507
-0.001605 -0.004028 -0.000755
-0.005690 -0.002833 -0.004998
-0.004209 0.007684 0.000749
-0.008521 0.000548 -0.007707
0.006231 -0.001288 -0.002406
-0.002635 -0.003892 0.005282
-0.006870 -0.002788 0.002372
-0.001432 -0.005478 0.008364
-0.004922 0.000210 -0.000413
0.004349 0.001616 -0.005319
0.002818 -0.002855 0.001522
-0.012828 -0.001751 0.002769
0.004597 -0.002557 0.001398
-0.004142 0.001239 0.002390
-0.004222 0.005011 0.002631
-0.002795 0.005811 -0.001339
0.006771 -0.001133 -0.001215
0.004368 -0.000395 -0.004496
0.003516 0.001123 0.000320
0.010087 0.005543 0.001464
-0.000041 -0.005689 -0.006316
-0.020979 -0.020048 0.005371
-0.022456 -0.004179 -0.005593
0.002804 0.005800 0.011554
-0.005350 -0.012820 -0.010872
0.017534 0.000302 0.000431
-0.006076 0.000529 0.009081
-0.012323 -0.002039 0.003226
-0.008044 -0.020261 0.001375
-0.003363 0.000780 0.002499
-0.003723 0.003808 0.001573
-0.009443 0.011766 -0.000933
0.003859 0.000976 -0.001796
-0.000924 -0.000630 0.013072
-0.003885 0.003842 0.002356
0.010973 0.004680 0.000786
0.001430 -0.007380 -0.005811
-0.021801 0.002677 0.026998
-0.031608 -0.008884 -0.001538
0.003287 0.003783 0.010912
0.002700 -0.007464 -0.009437
0.014359 0.000807 0.000144
-0.004541 0.001779 0.008408
-0.040566 -0.001647 0.004327
0.006279 -0.001919 0.003226
0.449991 0.004781 0.014976
-0.013883 0.007964 -0.003130
-0.008813 0.009034 0.004868
0.005373 -0.001510 -0.000868
0.004660 -0.001389 -0.004812
-0.007017 0.005415 0.004058
-0.007024 0.005670 0.022069
-0.005652 -0.008281 0.000029
-0.020122 0.024501 0.005595
-0.021723 -0.004241 -0.004177
-0.011375 0.023358 0.011869
-0.005430 -0.001895 -0.011152
0.017494 0.000986 0.000419
-0.013840 0.000604 -0.006640
-0.013301 -0.001529 0.002820
0.004659 -0.002251 0.001030
-0.001620 0.001203 0.002706
-0.004446 0.003444 0.002796
-0.002745 0.005459 -0.001425
0.005452 -0.001150 -0.001052
0.004205 -0.001420 -0.005111
0.003008 -0.000342 -0.000451
0.010239 0.005549 0.000408
-0.000215 -0.005036 -0.006470
0.000417 0.003135 0.005142
-0.022115 -0.005386 -0.005643
0.003691 0.003093 0.011247
0.000294 -0.007424 -0.008564
0.017998 0.000029 -0.000705
-0.005553 0.000117 0.008535
-0.012221 -0.001122 0.003149
0.004373 -0.003933 0.001325
-0.003166 0.001727 0.002775
-0.004366 0.004086 0.002771
-0.001183 0.007925 -0.000709
0.007289 -0.000611 -0.000500
0.004648 -0.000754 -0.005828
0.003432 0.001476 -0.000850
0.010702 0.006286 0.000643
-0.006663 -0.011142 -0.005806
0.000313 0.003016 0.005501
-0.021670 -0.005153 -0.004688
0.002310 0.004324 0.011600
-0.000738 -0.007764 -0.008637
0.028311 0.000661 -0.000095
-0.005322 -0.000358 0.008292
-0.011967 -0.001661 0.002414
0.005092 -0.002164 0.001098
-0.003267 0.001006 0.002335
-0.012442 0.007228 -0.001078
-0.002907 0.005297 -0.001563
0.006970 -0.001194 -0.001426
0.004258 -0.000730 -0.003932
0.003448 0.000522 0.000236
0.009756 0.005606 0.001789
-0.001512 -0.005083 -0.006261
-0.022111 0.002661 -0.017140
-0.022364 -0.003571 -0.004330
0.003193 0.004450 0.012920
0.001105 -0.007473 -0.008431
0.027134 0.000687 -0.000754
-0.005791 -0.000184 0.008011
-0.013158 -0.001301 0.003398
0.005547 -0.001780 0.000199
-0.004138 0.000948 0.002540
-0.003899 0.004167 0.001777
-0.009105 0.009291 -0.006269
0.004854 -0.001108 -0.001133
0.004356 -0.000464 -0.005245
0.003329 0.000031 0.000275
0.009540 0.005884 0.002965
-0.005745 -0.008825 -0.010622
0.000541 0.002296 0.005335
-0.029639 -0.008118 -0.002642
0.002492 0.004294 0.011661
0.000364 -0.007575 -0.008813
0.017804 0.000858 -0.000471
-0.006030 0.000288 0.006250
-0.012087 -0.002006 0.001891
0.005285 -0.001721 0.001186
-0.003498 0.001505 0.002328
-0.004210 0.005152 0.003187
-0.004216 0.005421 -0.001419
0.005501 -0.000565 -0.001480
0.004791 -0.000888 -0.005531
0.003015 0.000288 -0.000690
0.009778 0.005629 0.001715
-0.000363 -0.004974 -0.006278
0.000655 0.003019 0.004719
-0.022476 -0.003464 -0.005368
0.002893 0.004324 0.011543
0.000862 -0.007006 -0.008884
0.016903 0.000751 0.000092
-0.006059 0.000684 0.007922
