2176.0000 0.05 1
1.875
3.75
6.25
6.25
7.5
16.25
8.75
7.5
17.5
15
14.375
16.25
25
16.25
6.25
31.25
22.5
18.75
28.75
10
10
13.125
10
10
17.5
18.75
25
30
37.5
19.375
25
26.25
13.75
26.875
20.625
29.375
21.875
41.875
43.125
30.625
38.75
53.75
48.125
46.25
43.125
66.25
55.625
48.125
85
91.875
98.75
122.5
139.375
135
138.75
155
179.375
153.75
158.125
199.375
176.875
174.375
232.5
253.125
267.5
237.5
235.625
280.625
292.5
311.875
294.375
321.25
301.875
315.625
321.25
339.375
340
365
314.375
356.875
370
363.125
330.625
359.375
334.375
377.5
314.375
295
301.875
287.5
273.75
255.625
232.5
246.875
253.75
300.625
208.125
247.5
310
295
318.75
310.625
306.875
301.25
248.75
293.75
311.25
293.125
326.25
275.625
280.625
304.375
271.25
318.75
293.75
314.375
248.75
299.375
351.25
319.375
313.75
318.75
325
364.375
341.25
381.875
400
377.5
390.625
391.875
396.875
433.125
450
470.625
454.375
440.625
450.625
438.75
446.875
415.625
406.25
430.625
381.875
358.125
316.25
353.125
328.75
310.625
317.5
328.75
305.625
275.625
215
256.25
250.625
300.625
278.125
248.75
271.875
225.625
320
288.75
326.25
300
304.375
291.875
285.625
296.25
350
291.25
325.625
351.875
371.25
354.375
261.875
288.125
213.125
289.375
344.375
265
265.625
266.875
256.25
238.75
246.25
249.375
264.375
325
240.625
230
235
226.875
177.5
248.75
253.75
282.5
255
306.25
253.75
265
256.875
205
205
268.125
255
326.25
344.375
344.375
355
275
366.25
293.75
513.75
535.625
510.625
423.125
366.25
261.25
231.875
203.125
168.75
118.75
60
32.5
11.25
4.375
1.25
3.75
1.25
0
0
0
0
0
0
0
0
0
0
2.5
0
