0.010115 0.002089 0.000702
-0.005088 0.002204 0.005514
0.010939 0.004829 -0.000712
0.002732 0.000796 -0.003336
0.008315 0.001243 -0.002650
-0.001276 -0.003598 0.001352
-0.005075 -0.003606 -0.005110
-0.005322 0.005876 0.001130
-0.008771 0.002356 -0.008514
0.005480 -0.001228 -0.001936
-0.003229 -0.003022 -0.003458
-0.005360 -0.002747 0.001604
-0.001088 -0.006955 0.008215
-0.005494 0.000404 0.000473
0.005384 0.000929 -0.005448
0.005410 0.002081 0.006089
0.009742 0.002471 0.001430
-0.005835 -0.002549 0.001049
0.006594 0.000651 0.005814
0.003005 0.000421 -0.004073
0.008642 0.003819 -0.003106
-0.000770 -0.004057 0.000168
-0.004841 -0.002040 -0.004075
-0.005055 0.006303 0.000946
-0.008687 0.000829 -0.008774
0.005501 -0.000816 -0.003606
-0.003605 -0.002833 0.005494
-0.008576 0.000772 0.007211
-0.003195 -0.006573 0.007106
-0.001755 0.004463 0.007995
0.005095 0.011689 0.006569
0.006229 -0.001537 0.004586
0.010313 0.002120 0.000367
-0.005789 -0.000826 0.000465
0.006510 0.001528 0.004896
-0.050304 0.002153 0.036061
0.010158 -0.059498 0.046493
0.000232 -0.002162 0.031316
0.000127 -0.008030 0.006490
0.001460 0.007291 -0.573046
-0.003400 0.005696 0.003918
0.003870 -0.001210 -0.002784
-0.003313 -0.001890 -0.000478
-0.007589 -0.002083 0.003418
-0.005890 -0.002880 0.014378
-0.005954 0.000408 -0.001818
0.005304 0.000899 -0.004362
0.005824 -0.005770 0.006459
0.010339 0.002422 0.000920
-0.005314 -0.000714 0.000906
0.010782 0.004561 -0.000014
0.003279 0.000792 -0.003256
0.008022 -0.000383 0.001571
-0.000593 -0.003624 0.001305
-0.004021 -0.000749 -0.005648
-0.004926 0.005712 -0.010639
-0.008005 -0.001151 -0.008807
0.004980 -0.001332 -0.001856
-0.003554 -0.002191 0.000307
-0.004997 -0.002395 0.001135
-0.001479 -0.005652 0.009480
-0.005619 0.000595 0.000230
0.004043 0.001425 -0.004713
0.001350 -0.000138 -0.001695
0.045923 0.000241 0.025829
-0.005465 -0.002121 0.001396
0.010923 0.004678 -0.000901
0.003161 0.001339 -0.003915
0.008625 0.003268 -0.002834
-0.000934 -0.003003 0.000241
-0.004590 -0.002175 -0.006048
-0.004784 0.005524 0.000754
-0.008910 0.000570 -0.007220
0.007022 -0.003415 -0.003557
-0.003394 -0.002436 0.005123
-0.009363 -0.006714 0.007934
-0.001523 -0.005577 0.009677
-0.005868 0.000798 -0.000807
0.004673 -0.015141 0.013455
0.002293 -0.001942 0.000556
0.009692 0.002140 0.001256
-0.005590 -0.002090 0.000523
0.009444 0.004258 -0.001915
0.002227 0.000347 -0.003157
0.008702 0.003146 -0.003426
-0.001962 -0.003078 -0.001783
-0.004482 -0.002339 -0.004401
-0.004714 0.005279 0.000748
-0.008760 0.000783 -0.007007
0.005060 -0.000906 -0.001692
-0.002640 -0.001968 0.005205
-0.004110 -0.001084 0.000064
-0.005318 -0.002073 0.014489
-0.009897 -0.004111 0.008662
0.004746 -0.010441 0.007002
0.002193 -0.001903 0.000396
0.011026 0.002456 0.000971
-0.007288 0.050648 0.042982
0.009337 0.005157 -0.001609
0.001554 0.000823 -0.005169
0.008472 0.002014 -0.003791
-0.001004 -0.004866 0.029602
-0.008666 0.001999 0.004224
-0.004974 0.005861 0.003874
-0.012643 -0.002488 0.001451
0.006174 -0.000936 -0.002638
-0.003404 -0.002576 0.000705
-0.007778 -0.001984 0.003651
-0.003472 -0.005536 0.007613
-0.005664 0.000337 0.000381
0.006032 0.000905 -0.013203
0.001533 -0.003383 -0.001484
0.010694 0.002317 0.000091
-0.005406 -0.002720 0.001430
0.009537 0.005110 -0.000472
0.002918 0.000612 -0.003064
0.008781 0.003662 -0.002645
-0.002165 -0.002834 -0.001868
-0.004604 -0.002332 -0.003648
-0.005234 0.006530 0.000932
-0.008480 0.000627 -0.007491
0.005303 -0.000910 -0.001586
-0.003297 -0.002370 0.004943
-0.004681 -0.003391 0.000571
-0.001818 -0.005804 0.008750
-0.005348 -0.000391 -0.000366
0.003925 0.018934 0.014061
0.001753 -0.002198 0.000456
-0.012902 -0.001271 0.001818
0.004016 -0.002431 0.002518
-0.002728 0.001107 0.003494
-0.003334 0.003920 0.002602
-0.002490 0.006807 -0.001600
0.008699 -0.005283 0.004353
0.004176 -0.000275 -0.004933
0.002215 0.000470 -0.000776
0.010543 0.005691 0.001239
-0.000507 -0.006043 -0.005070
0.001812 0.002695 0.004477
-0.021615 -0.004163 -0.005602
0.003084 0.004462 0.011954
-0.000314 -0.006942 -0.010377
0.017974 0.001053 0.000372
-0.006133 0.001774 0.007354
-0.012582 -0.001346 0.003118
0.004357 -0.002380 0.001592
-0.003198 -0.000111 0.001495
-0.004091 0.003975 0.002496
-0.003321 0.006198 -0.000617
0.006119 -0.001124 -0.000579
0.004445 -0.001241 -0.004809
0.002237 -0.000149 -0.001445
0.009375 0.004236 0.001093
-0.000935 -0.006213 -0.005644
0.000697 0.002801 0.005128
-0.025931 -0.006958 -0.000537
0.003265 0.005444 0.011327
0.002566 -0.010651 -0.005166
0.019956 0.003210 0.001280
-0.005608 0.000286 0.006870
-0.013968 -0.000365 0.005649
-0.008932 -0.002570 0.017267
-0.003037 0.001292 0.001009
-0.048295 0.003413 0.037195
-0.002388 0.005487 -0.001274
0.009105 0.004001 0.005317
0.005409 0.043559 0.029116
0.053732 0.001780 0.038527
0.014966 0.008942 0.007747
0.018393 -0.006406 0.013487
0.001401 0.001827 0.008149
-0.025876 -0.004143 -0.002327
0.003076 0.004680 0.007208
0.004748 -0.010450 -0.004435
0.016961 0.000977 -0.000545
-0.006008 0.001157 0.007732
-0.012756 -0.001370 0.003728
0.005203 -0.002971 0.001684
-0.002700 0.000776 0.003169
-0.003292 0.003835 0.002826
-0.004044 0.005969 -0.001399
0.004476 -0.002864 -0.003356
0.004098 0.004568 0.002042
0.001639 0.000116 0.000237
0.009819 0.005060 0.001826
-0.001715 -0.005560 -0.004619
0.002063 0.002971 0.006332
-0.021948 -0.003848 -0.005591
0.003112 0.004203 0.010352
-0.000631 -0.007308 -0.009252
0.017665 0.000606 0.000340
-0.006013 0.001029 0.007025
-0.013901 -0.001357 0.002496
0.004559 -0.002717 0.001428
0.001235 -0.002218 0.010320
-0.004095 0.003894 0.002725
-0.003913 0.006344 -0.008554
0.004702 -0.001222 -0.001690
0.004376 -0.002353 -0.004745
0.001682 0.000892 -0.001225
0.013234 0.008307 0.006012
-0.001032 -0.005525 -0.005731
0.002255 0.002952 0.005473
-0.026049 -0.000873 -0.000212
0.002703 0.004871 0.011244
-0.000468 -0.006528 -0.010286
0.018267 0.000368 -0.001282
-0.006047 -0.035695 0.034682
-0.012819 -0.001609 0.003385
0.004736 -0.002679 0.001384
-0.002512 0.002041 0.001923
-0.003328 0.004677 0.001710
-0.003340 0.006321 -0.002596
0.005099 -0.001332 -0.001218
0.004523 -0.002107 -0.004175
0.003026 -0.000125 -0.000830
0.009445 0.004972 0.001740
-0.001097 -0.005913 -0.004873
0.003637 0.003114 0.005146
-0.021129 -0.005660 -0.007260
0.001389 0.003335 0.011792
0.001190 -0.006664 -0.012130
0.017978 0.000825 -0.000848
-0.005927 -0.005681 0.014078
-0.012660 -0.001159 0.003222
0.017931 -0.002377 0.015947
-0.002855 0.001291 0.002981
-0.004720 0.004034 0.000211
-0.004441 0.006969 -0.001256
0.004928 -0.000031 -0.002741
0.004124 -0.001227 -0.007324
0.003203 0.000076 -0.002998
0.010920 0.004931 0.000238
-0.021372 -0.005041 0.015096
0.002352 0.002945 0.005921
-0.023013 -0.004047 -0.004868
0.002208 0.004878 0.010649
0.001171 -0.007109 -0.011043
0.018411 0.000399 -0.000419
-0.005998 0.001678 0.007731
-0.011224 -0.001599 0.002672
0.004804 -0.002633 0.002202
-0.007857 0.005147 0.011301
-0.002854 0.003055 0.001717
-0.002964 0.006222 -0.004826
0.005071 -0.001484 -0.001626
0.004406 -0.001583 -0.005129
0.002902 0.000689 -0.000441
0.011146 0.004958 0.000250
-0.000955 -0.005692 -0.006058
0.002061 0.003113 0.005739
-0.021317 -0.002835 -0.007259
0.002758 0.005080 0.011067
0.000179 -0.007231 -0.009822
0.017634 0.000640 0.001109
-0.005970 0.000631 0.005329
