2176.0000 0.05 1
1.875
3.75
6.25
6.25
7.5
16.25
8.75
7.5
17.5
15
14.375
16.25
25
16.25
6.25
31.25
23.125
18.125
28.75
10
10
13.125
10
10
16.25
20
25
30
37.5
19.375
25
26.25
13.75
26.875
20.625
29.375
21.25
40
45.625
30.625
37.5
55
48.125
45
43.125
67.5
53.75
48.75
83.75
93.125
98.75
123.125
139.375
133.75
141.875
151.25
182.5
151.875
157.5
201.25
176.25
174.375
233.125
253.125
268.75
237.5
231.875
280.625
293.75
313.125
294.375
320.625
301.25
311.875
323.75
340.625
338.125
361.875
316.25
356.875
370
366.875
329.375
360.625
335.625
378.125
312.5
295.625
301.875
287.5
273.75
254.375
230
250.625
254.375
297.5
206.25
253.75
308.125
294.375
317.5
305.625
311.25
300.625
249.375
295
306.25
297.5
328.125
276.25
277.5
301.875
275
321.25
290
312.5
252.5
298.125
353.125
318.125
313.125
315
325.625
365
345.625
375
401.875
383.125
385
397.5
396.25
430.625
449.375
471.25
451.875
443.75
450.625
438.125
448.125
416.875
405.625
428.75
383.125
356.875
318.75
353.125
327.5
310.625
313.125
332.5
305
276.875
215
256.25
250
302.5
278.125
250.625
270.625
222.5
322.5
286.25
329.375
302.5
300
292.5
283.75
297.5
349.375
292.5
324.375
350
374.375
355
255.625
293.125
213.125
289.375
345.625
263.75
266.875
263.75
261.875
236.875
244.375
248.75
261.875
330.625
236.875
226.875
238.75
223.75
180
248.75
256.25
281.25
256.25
308.125
250.625
266.25
255.625
205
204.375
270
255
324.375
344.375
346.875
351.875
275.625
367.5
291.875
512.5
533.125
515
425
364.375
261.25
236.875
203.75
163.75
116.875
64.375
31.25
10
5.625
1.25
3.75
1.25
0
0
0
0
0
0
0
0
0
0
2.5
0
