0.002216 -0.002037 0.005065
-0.011859 0.003292 -0.002328
0.009749 0.003794 -0.000890
0.002924 -0.001113 -0.002532
0.003119 0.006329 0.000819
-0.000939 -0.004040 -0.000300
0.001013 -0.000682 -0.004859
-0.004039 0.004790 0.000461
-0.008681 0.000534 -0.007559
-0.012710 -0.019110 -0.002021
-0.002248 -0.000975 0.004645
-0.005617 -0.001421 0.002239
-0.001201 -0.005280 0.009940
-0.006579 0.000581 -0.000544
0.005309 0.000596 -0.004816
0.001580 -0.002012 0.000186
0.010367 0.002565 0.000842
-0.006258 -0.001453 0.002424
0.011078 0.004112 -0.000916
0.001556 0.000809 -0.003080
0.009380 0.002518 -0.003465
-0.000729 -0.003541 -0.000271
-0.004227 -0.002160 -0.004775
-0.004329 0.005524 0.000096
-0.009493 0.000954 -0.008014
0.004231 -0.001208 -0.003010
-0.003531 -0.001459 0.004667
-0.006476 -0.002741 0.002090
-0.001954 -0.005583 0.009713
-0.006404 -0.000183 -0.000874
0.005681 -0.000083 -0.004923
0.001340 -0.001875 0.000941
0.011388 0.001211 0.001017
-0.011975 -0.006118 -0.002245
0.013558 0.004429 0.000482
-0.009652 -0.005044 -0.008156
0.003467 -0.001012 0.000959
-0.058077 -0.070653 0.000254
0.001044 -0.003967 -0.005209
-0.011121 0.009304 -0.004404
0.552282 0.006977 -0.001802
-0.012320 0.015878 -0.002332
-0.009519 -0.005275 -0.000555
-0.016541 0.002590 0.007589
-0.002229 -0.005255 0.008308
-0.023856 0.000301 0.017315
0.007402 -0.000287 -0.006231
0.003658 -0.001834 0.000524
0.011289 0.003195 0.002334
-0.004545 -0.001928 0.002511
0.011190 0.004098 -0.001093
0.001706 0.000752 -0.003364
0.009372 0.001999 -0.004517
-0.000553 -0.002519 -0.000280
-0.005356 -0.002359 -0.004627
-0.004255 0.004531 -0.000386
-0.007615 0.000825 -0.007913
0.004522 -0.001418 -0.002698
-0.002484 -0.000887 0.003750
-0.006388 -0.002958 0.002162
-0.002074 -0.005546 0.010094
-0.006179 0.000293 -0.000973
0.004132 0.001565 -0.005736
0.003958 -0.001836 0.000962
0.011662 0.002845 0.002641
-0.002817 -0.001703 0.000886
0.011182 0.004409 -0.000874
0.002577 0.000617 -0.004308
0.004873 0.002832 0.000436
0.000981 -0.002397 -0.001533
-0.001803 -0.002130 -0.004945
-0.005035 0.005099 0.000398
-0.009406 0.000600 -0.007887
-0.012364 -0.001306 -0.019597
-0.002753 -0.001653 0.004468
-0.005426 -0.002896 0.003679
-0.001917 -0.004930 0.009690
-0.006353 0.001012 -0.000663
0.004319 0.000849 -0.005352
0.002492 -0.001587 0.000896
0.011342 0.000775 0.000407
-0.004823 -0.001579 0.001726
0.005713 0.008523 0.001885
0.002685 -0.000339 -0.002818
0.008449 0.002382 -0.003691
-0.001612 -0.003040 -0.001009
-0.004162 -0.002220 -0.004802
-0.009850 0.009450 0.000491
-0.009263 0.001059 -0.007542
0.004403 -0.000984 -0.001524
-0.000513 -0.002346 0.004420
-0.005330 -0.000932 0.001612
0.000872 -0.003776 0.010712
-0.017654 -0.011440 -0.000425
0.004329 0.001719 -0.005397
0.002838 -0.001849 0.000488
0.010284 0.002854 0.000876
-0.004563 -0.001201 0.002549
0.006121 0.004274 0.004259
0.003118 0.001064 -0.004814
0.009453 0.002821 -0.004437
-0.000848 -0.002949 -0.000375
-0.005273 -0.001741 -0.004657
-0.010870 0.008721 0.004912
-0.009728 0.000523 -0.007766
0.004344 -0.001168 -0.002605
-0.008897 -0.004906 0.009044
-0.006397 -0.002802 0.004248
-0.034608 -0.004326 -0.027198
-0.017944 0.000291 -0.013471
0.006932 -0.000797 -0.004196
0.004039 -0.005768 -0.001409
0.001216 -0.002712 0.005187
-0.011904 -0.001547 -0.005140
0.004903 0.000681 0.001613
-0.006460 -0.004196 -0.007268
0.010813 0.002428 -0.001821
0.000243 -0.001264 0.000623
-0.001703 -0.002270 -0.004400
-0.002922 0.006152 0.000258
-0.009330 0.000338 -0.007684
-0.011971 -0.001465 0.014544
-0.007913 -0.005892 0.004081
-0.015953 0.002222 0.006354
0.000713 -0.006756 0.010561
-0.017639 0.012277 -0.000444
-0.045476 0.058484 -0.006466
0.001455 -0.001914 0.001035
-0.014242 -0.001672 0.002461
-0.002302 0.003975 0.001692
-0.001974 0.001387 0.002784
-0.005432 0.004122 0.001853
-0.028091 -0.020806 -0.001112
0.006884 0.000620 -0.000273
0.004165 -0.000780 -0.003155
0.004012 0.000661 -0.000270
0.005413 0.001528 -0.000571
-0.000627 -0.004527 -0.005688
0.001547 0.002930 0.005260
-0.023674 -0.004307 -0.005004
0.003929 0.004323 0.011922
-0.000485 -0.007616 -0.009951
0.016978 0.000738 -0.000010
-0.004438 0.001774 0.006921
-0.013224 -0.001380 0.002831
0.005455 -0.002718 0.001910
-0.002870 0.001191 0.002285
-0.004540 0.003812 0.002591
-0.003652 0.006426 -0.001494
0.006356 -0.001108 -0.002187
0.004095 -0.000472 -0.004648
0.002561 0.000085 -0.000804
0.010620 0.005484 0.002695
-0.000995 -0.005810 -0.006116
0.003420 0.002871 0.005340
-0.021459 -0.004230 -0.005027
0.002673 0.005633 0.011601
-0.000551 -0.007708 -0.009857
0.018173 0.000060 -0.001021
-0.005826 0.000312 0.006818
-0.014173 -0.001102 0.002499
0.007690 -0.000590 0.002040
-0.001946 0.001123 0.002716
-0.003265 0.003831 0.002122
-0.003262 0.004995 -0.001126
-0.005102 0.004204 -0.005517
-0.029619 -0.000426 -0.048194
0.000602 0.002347 0.002377
0.005513 0.009740 -0.000872
-0.027466 0.023214 -0.006202
0.006443 0.002986 0.004618
-0.022007 -0.004379 -0.005046
-0.002603 0.002097 0.016878
-0.028266 -0.007666 0.025699
-0.009184 0.000466 0.001121
-0.004272 -0.001054 0.006840
-0.013243 -0.002220 0.002667
0.005121 -0.003682 0.001167
-0.002207 0.000736 0.001878
-0.002921 0.004097 0.002615
-0.003512 0.006843 -0.001885
0.005595 -0.001197 -0.001099
0.004505 -0.000942 -0.003685
0.002467 0.000692 0.000075
0.010454 0.005709 0.002811
-0.000245 -0.007242 -0.006414
0.001173 0.002905 0.005687
-0.023013 -0.003901 -0.005320
0.003896 0.005112 0.011316
-0.000279 -0.007590 -0.010668
0.017133 0.000755 -0.000021
-0.006279 -0.000495 0.007362
-0.001680 -0.001428 0.002257
-0.000733 0.000046 0.006696
-0.003753 0.001336 0.002373
-0.005543 0.004033 0.002816
-0.001072 0.007403 0.000429
0.005440 -0.001510 -0.000802
0.004351 -0.001315 -0.004416
0.001799 0.000061 -0.000919
0.006275 0.005492 -0.001915
0.001223 -0.006856 -0.005015
0.003501 0.002931 0.005367
-0.023292 -0.006156 -0.002449
0.001502 0.005790 0.011927
-0.000569 -0.007229 -0.009947
0.018310 0.000851 -0.000627
-0.006287 0.000367 0.007410
-0.000757 -0.001583 0.002687
0.005608 -0.003340 0.001458
-0.003375 0.001255 0.002541
-0.005048 0.004160 0.002475
-0.003574 0.006539 -0.001135
-0.002322 0.003264 -0.005180
0.005991 -0.001558 -0.003017
0.002436 0.000564 -0.000295
0.009449 0.005264 0.002380
-0.000818 -0.006036 -0.006074
0.004113 0.002612 0.005647
-0.023143 -0.004415 -0.004736
-0.004697 -0.001866 0.012147
0.001786 -0.006051 -0.010641
0.018183 0.000425 0.001164
-0.006199 0.000204 0.006520
-0.013783 -0.001011 0.002947
0.003799 -0.003531 0.001352
-0.002357 0.001177 0.002069
-0.004594 0.008252 -0.000842
-0.002837 0.007593 -0.001480
0.006684 -0.001574 -0.002384
0.004069 -0.000866 -0.005083
0.003907 0.000372 -0.000562
0.010551 0.005554 0.002504
-0.000817 -0.006388 -0.006649
0.007476 0.002912 0.004882
-0.023714 -0.003788 -0.005626
-0.002524 0.002247 0.007773
-0.001055 -0.007401 -0.008757
0.016863 0.000784 0.000167
-0.005988 0.000682 0.007092
-0.016651 -0.001628 0.003069
-0.000716 -0.000113 -0.003007
-0.035500 0.001341 0.001789
-0.004047 0.004058 0.002228
-0.001445 0.007376 -0.002658
0.006104 -0.000241 -0.000350
0.006683 0.000541 -0.002774
0.003409 0.000344 -0.000216
0.012794 0.005724 0.001129
0.001449 -0.007270 -0.007270
0.004182 0.003588 0.005548
-0.021257 -0.004410 -0.005218
0.006139 0.002533 0.011887
0.003156 -0.008805 -0.011140
0.018081 0.000931 0.001215
-0.032156 0.000591 0.047867
