2176.0000 0.05 1
1.875
3.75
6.25
6.25
7.5
16.25
8.75
7.5
17.5
15
14.375
16.25
25
16.25
6.25
31.25
23.125
18.125
28.75
10
10
13.125
10
10
16.25
20
25
30
37.5
19.375
23.75
27.5
13.75
26.875
20.625
29.375
21.25
41.25
44.375
30.625
37.5
56.25
47.5
45.625
41.875
67.5
54.375
49.375
85
91.875
98.75
125.625
136.875
134.375
139.375
154.375
179.375
153.75
155.625
200.625
177.5
176.25
232.5
251.875
268.75
237.5
235.625
278.125
295
309.375
296.875
319.375
303.75
313.125
322.5
338.125
341.875
361.875
317.5
353.125
372.5
365
329.375
361.25
333.125
378.75
312.5
295
303.125
287.5
272.5
255.625
231.25
249.375
252.5
298.125
211.25
246.875
312.5
294.375
317.5
310
308.125
298.75
250
293.75
310
295.625
325
277.5
278.75
301.875
273.75
318.75
292.5
318.75
246.875
298.75
351.875
316.25
316.25
316.875
326.25
366.25
340.625
380.625
398.75
377.5
391.25
396.875
393.75
430.625
449.375
471.875
451.875
443.125
453.75
436.25
448.75
415.625
407.5
426.25
383.75
357.5
316.875
353.75
327.5
311.25
315
329.375
305.625
275.625
216.25
254.375
251.875
301.875
277.5
249.375
272.5
225.625
320
286.25
328.125
301.25
304.375
290
284.375
297.5
350.625
290
325.625
353.125
370
357.5
258.125
289.375
211.875
289.375
346.875
266.25
264.375
265
258.125
238.125
244.375
251.25
263.125
325.625
240.625
227.5
237.5
226.875
177.5
247.5
257.5
278.75
256.875
309.375
248.75
266.25
255.625
208.125
203.125
269.375
253.75
326.25
344.375
345
353.75
275.625
366.875
293.75
510.625
538.125
508.75
426.25
364.375
260.625
236.25
203.125
164.375
121.875
56.25
33.75
10
5
2.5
3.75
1.25
0
0
0
0
0
0
0
0
0
0
2.5
0
