0.008820 -0.000685 0.001347
-0.005551 -0.000496 0.001362
0.011500 0.004771 0.000021
0.001756 0.000984 -0.003298
0.008726 0.001886 -0.002705
-0.002398 -0.004971 0.000090
-0.004546 -0.002084 -0.004713
-0.005797 0.005416 0.000315
-0.004949 0.009072 -0.011663
0.005243 -0.000958 -0.002514
0.001414 0.002670 0.001254
-0.004210 -0.005473 0.002126
-0.001499 0.014774 0.029265
-0.010548 0.010016 0.003381
0.006533 -0.001222 -0.006185
-0.000635 0.003704 0.005775
0.010995 0.002595 0.001568
-0.019979 0.013051 0.001577
0.010543 -0.000304 -0.000537
0.004878 0.005162 0.001002
0.008328 0.002492 -0.002129
-0.004937 0.001781 -0.002952
-0.003147 -0.002934 -0.005788
-0.004789 0.005168 -0.000579
-0.008901 -0.000111 -0.007445
0.004465 -0.001657 -0.002125
-0.003250 -0.002957 0.004893
-0.007041 -0.003273 0.002310
-0.001640 -0.005651 0.009388
-0.005816 0.000949 -0.000523
0.004992 -0.000098 -0.006443
0.003332 -0.001874 0.000572
-0.015682 0.024967 0.001095
-0.005302 -0.001236 0.001426
0.009988 0.004959 0.000247
0.003266 0.000923 -0.003344
0.007964 -0.001511 -0.002900
-0.006003 0.001927 -0.003279
-0.003516 0.001694 -0.006229
-0.010576 0.011462 0.003517
-0.013029 0.011057 -0.002798
0.003653 -0.000484 -0.004172
-0.002528 -0.003349 0.004235
0.031032 0.031199 0.003134
-0.002539 0.015138 -0.010919
0.000086 0.011708 -0.005234
0.009884 0.006643 -0.002247
0.003125 -0.002954 0.002374
0.011542 0.002931 0.001405
-0.005374 -0.001385 0.001104
0.010765 0.004381 -0.000109
0.001102 -0.000170 -0.003074
0.008674 0.001766 -0.002666
-0.000754 -0.003408 -0.000366
-0.004745 -0.000969 -0.005056
-0.005088 0.005702 -0.000129
-0.008920 -0.000142 -0.009316
0.005268 -0.000474 -0.002426
-0.003832 -0.003384 0.005383
-0.006983 -0.001717 0.002053
-0.002624 0.014592 -0.011019
-0.005302 -0.000110 0.000631
0.004217 0.001437 -0.005574
0.000006 0.002601 -0.003145
0.011939 0.001651 0.001167
0.008962 0.013994 0.000902
0.010467 0.004377 0.000114
0.000994 -0.001429 -0.001886
0.008787 0.002301 -0.003822
-0.002717 -0.005954 0.000588
-0.006701 -0.003010 -0.004197
-0.004804 0.005748 -0.000170
-0.008501 0.001366 -0.007853
0.006626 -0.001515 -0.002621
-0.003447 -0.002458 0.004930
-0.006226 -0.002235 0.002126
-0.001431 -0.004523 0.009480
-0.005589 0.001044 -0.000523
0.003688 0.001673 -0.005349
0.003009 -0.002281 0.000934
0.010938 0.002189 0.001113
-0.005692 -0.000508 0.001048
0.010651 -0.000559 0.000610
0.005173 0.005416 -0.007617
0.008329 0.002387 -0.003091
-0.001815 -0.004132 -0.000026
-0.004776 -0.001712 -0.005090
-0.009260 0.010707 0.002924
-0.008484 0.000933 -0.007883
0.005563 -0.000529 -0.002643
0.001506 0.002751 0.001615
-0.007244 -0.003486 0.002877
-0.001437 -0.003907 0.009637
-0.005600 -0.000809 -0.000735
0.008761 0.006389 -0.002692
0.002810 -0.001539 0.001262
0.011546 0.002265 0.001245
-0.005195 -0.000472 0.001362
0.010493 0.004343 0.000025
0.001491 -0.000092 -0.003203
0.008575 0.003427 -0.002780
-0.000904 -0.004409 0.000746
-0.004395 -0.002829 -0.004842
-0.004986 0.004868 -0.000422
-0.008359 -0.000227 -0.006428
0.004912 -0.001946 -0.002402
-0.003702 -0.002482 0.004622
-0.007443 -0.002565 0.002896
-0.001221 0.015134 0.030067
-0.005784 0.000185 -0.001740
0.005487 -0.000104 -0.005598
0.003278 -0.003541 -0.000835
0.012013 0.001548 0.000812
-0.005345 -0.000497 0.001716
0.009391 0.003570 -0.000451
0.001509 -0.001144 -0.004212
0.008663 0.002284 -0.002312
-0.001977 -0.003006 -0.000968
-0.004215 -0.001761 -0.004720
-0.005993 0.003797 -0.000985
-0.008454 0.001114 -0.007902
0.004777 -0.000563 -0.002214
-0.002960 -0.004027 0.006133
-0.006516 -0.002385 0.002572
-0.002839 -0.015757 0.009508
-0.005919 0.001509 -0.000586
0.005680 -0.000249 -0.005667
-0.004287 0.005699 0.000361
-0.012658 -0.001933 0.003014
0.004875 -0.002326 0.000381
-0.002982 0.000957 0.002438
-0.004344 0.003047 0.001722
-0.003542 0.002016 -0.002125
0.004342 -0.000230 -0.000714
0.027256 0.022026 -0.003816
0.002356 -0.002994 -0.000319
0.009486 0.009450 0.001817
-0.001056 -0.010123 -0.005727
0.005869 0.011047 0.010061
-0.022805 -0.004026 -0.005199
0.002789 -0.000178 0.010417
-0.000201 0.018557 -0.009635
0.013201 0.009216 -0.003290
-0.006402 -0.001752 0.007619
-0.013017 -0.001194 0.003035
0.004572 0.011697 0.020544
-0.002584 0.001234 0.002342
-0.005112 0.003717 0.002773
-0.003346 0.006778 -0.000466
0.003802 0.003205 -0.005625
0.004250 -0.000219 -0.004521
0.003811 -0.000739 -0.001073
0.009879 0.007322 0.002402
-0.000349 -0.006687 -0.006507
0.002214 0.003114 0.005288
-0.003172 0.009093 -0.006849
0.002293 0.004222 0.012546
-0.000287 -0.006254 -0.009935
0.018153 -0.000767 0.000260
-0.006316 -0.000025 0.007677
-0.011825 0.001673 0.003397
0.004545 -0.003216 0.000379
-0.004555 0.004614 0.003790
-0.001919 0.008844 -0.002862
-0.003753 0.013443 -0.012518
0.008258 -0.002633 -0.000947
-0.018348 0.022101 -0.005420
-0.024009 0.021283 0.001152
0.007384 -0.437623 0.003316
-0.000917 0.003775 0.007251
-0.002572 0.013238 -0.000078
-0.023674 -0.005357 -0.005299
0.001764 0.022167 -0.011171
-0.001244 0.020544 -0.009457
0.023565 0.010783 0.004068
-0.005243 -0.006844 0.007606
-0.012828 -0.000292 0.002978
0.005349 -0.003524 -0.000403
-0.002649 0.002199 0.002462
-0.004519 0.002217 0.003757
-0.003649 0.009468 -0.005165
0.006933 -0.002036 -0.001265
0.004360 0.000913 -0.004286
0.003797 0.001287 -0.000343
0.009724 -0.005550 0.002065
-0.001187 -0.002732 -0.003073
0.001971 0.002244 0.006737
-0.023339 -0.004230 -0.004964
0.003588 0.008098 0.008934
-0.001197 -0.008388 -0.009551
0.018062 0.000369 -0.001034
-0.006079 -0.000726 0.007878
-0.012516 -0.001186 0.002640
0.004631 -0.007112 0.002369
-0.002922 0.001189 0.002262
-0.005168 0.003464 0.002557
-0.003693 0.005854 -0.000591
0.006895 -0.003329 -0.002329
0.004362 0.000740 -0.004460
0.003622 0.000375 -0.000694
0.009812 0.007329 0.001189
-0.000754 -0.005383 -0.006736
0.002234 0.003721 0.005554
-0.021429 -0.007539 -0.005511
0.002133 0.004067 0.013177
-0.000415 -0.009490 -0.009589
0.017855 0.001561 0.000228
-0.005410 -0.000095 0.007493
-0.011464 -0.001619 0.003606
0.004631 -0.001566 0.002617
-0.003247 0.000812 0.002288
-0.004483 0.004503 0.002326
-0.003218 0.005333 -0.000260
0.004066 0.003381 0.003822
0.004402 -0.000294 -0.004090
0.004609 -0.000782 -0.000065
0.009664 0.007211 0.001753
-0.000623 -0.006318 -0.007418
0.002202 0.001712 0.005222
-0.022896 -0.004367 -0.005169
0.002873 0.003796 0.012221
-0.000445 -0.006409 -0.008985
0.017836 0.001288 -0.000062
-0.005869 0.000214 0.007556
-0.012518 -0.001960 0.002892
0.005214 -0.003211 0.000412
-0.003051 -0.000182 0.001982
-0.002587 0.008168 0.007259
-0.003902 0.007268 -0.002411
0.007390 -0.001840 -0.001294
0.004657 0.000797 -0.004677
0.003466 -0.000307 -0.000451
0.009592 0.005390 0.001960
-0.000848 -0.004807 -0.004627
0.002028 0.002260 0.004459
-0.023228 -0.004997 -0.004807
0.002024 0.005979 0.009972
-0.000426 -0.008203 -0.009370
0.017482 0.000407 0.001080
-0.005983 0.001178 0.007677
-0.014178 -0.001644 0.002375
0.004145 0.000964 0.004396
-0.001977 0.000899 0.002420
0.001948 0.010384 0.003313
-0.003535 0.005677 -0.000770
0.006972 -0.002901 -0.000029
0.004462 -0.000215 -0.004320
0.003459 0.000675 -0.000238
0.010016 0.007397 0.002394
-0.000755 -0.006809 -0.007799
0.002480 0.003654 0.005540
-0.022987 -0.003691 -0.005250
0.002959 0.004883 0.012026
0.000532 -0.009048 -0.009733
0.017775 0.001568 -0.000162
-0.006129 0.000284 0.008221
