2176.0000 0.05 1
1.11111
4.44444
11.1111
2.22222
11.1111
4.44444
13.3333
11.1111
20
11.1111
6.66667
11.1111
24.4444
23.3333
17.7778
23.3333
26.6667
18.8889
13.3333
32.2222
18.8889
8.88889
4.44444
10
14.4444
16.6667
34.4444
37.7778
25.5556
40
11.1111
26.6667
17.7778
31.1111
24.4444
32.2222
28.8889
25.5556
40
24.4444
32.2222
46.6667
36.6667
47.7778
70
57.7778
54.4444
41.1111
80
107.778
94.4444
126.667
127.778
138.889
148.889
146.667
161.111
190
192.222
197.778
220
268.889
190
230
232.222
288.889
237.778
278.889
253.333
263.333
291.111
298.889
317.778
340
316.667
350
288.889
343.333
306.667
308.889
296.667
300
288.889
282.222
312.222
273.333
246.667
287.778
290
304.444
307.778
318.889
318.889
307.778
338.889
317.778
313.333
296.667
290
305.556
298.889
292.222
330
360
314.444
361.111
375.556
356.667
357.778
350
338.889
291.111
255.556
213.333
177.778
160
191.111
238.889
264.444
333.333
351.111
395.556
424.444
395.556
424.444
412.222
452.222
400
382.222
356.667
346.667
371.111
347.778
395.556
380
375.556
384.444
430
406.667
458.889
405.556
408.889
408.889
357.778
361.111
374.444
366.667
378.889
433.333
415.556
414.444
432.222
405.556
341.111
350
322.222
351.111
314.444
328.889
255.556
286.667
260
267.778
260
242.222
224.444
276.667
213.333
242.222
216.667
230
262.222
220
242.222
234.444
214.444
208.889
225.556
176.667
205.556
176.667
200
175.556
173.333
257.778
233.333
234.444
211.111
215.556
168.889
175.556
197.778
262.222
238.889
224.444
272.222
240
223.333
264.444
347.778
342.222
316.667
302.222
332.222
307.778
333.333
377.778
416.667
427.778
430
443.333
434.444
508.889
472.222
503.333
468.889
424.444
352.222
317.778
225.556
125.556
14.4444
1.11111
0
0
0
0
0
0
0
0
0
0
0
0
0
0
0
0
0
0
0
0
0
2.22222
2.22222
2.22222
0
2.22222
0
4.44444
2.22222
2.22222
1.11111
4.44444
0
0
4.44444
2.22222
4.44444
6.66667
0
2.22222
4.44444
1.11111
0
2.22222
0
0
2.22222
2.22222
0
