2176.0000 0.05 1
1.11111
4.44444
11.1111
2.22222
11.1111
4.44444
13.3333
11.1111
20
11.1111
6.66667
11.1111
24.4444
23.3333
17.7778
23.3333
26.6667
18.8889
13.3333
32.2222
18.8889
8.88889
4.44444
10
14.4444
16.6667
34.4444
40
23.3333
40
11.1111
26.6667
17.7778
31.1111
24.4444
32.2222
28.8889
25.5556
40
24.4444
32.2222
46.6667
36.6667
47.7778
70
55.5556
56.6667
41.1111
80
108.889
93.3333
126.667
127.778
136.667
151.111
144.444
161.111
192.222
192.222
200
216.667
267.778
192.222
230
230
291.111
235.556
278.889
255.556
261.111
291.111
303.333
315.556
342.222
314.444
350
288.889
347.778
301.111
310
297.778
298.889
291.111
280
312.222
273.333
248.889
285.556
290
297.778
314.444
317.778
324.444
307.778
335.556
318.889
313.333
294.444
291.111
302.222
303.333
290
330
360
317.778
357.778
377.778
363.333
346.667
350
347.778
288.889
251.111
213.333
182.222
157.778
188.889
241.111
262.222
333.333
351.111
400
417.778
397.778
426.667
412.222
450
400
382.222
356.667
344.444
375.556
345.556
393.333
382.222
378.889
383.333
430
406.667
456.667
406.667
407.778
413.333
352.222
362.222
372.222
371.111
374.444
440
417.778
407.778
436.667
403.333
338.889
350
324.444
351.111
312.222
328.889
255.556
285.556
265.556
270
257.778
240
220
281.111
208.889
245.556
213.333
234.444
258.889
223.333
242.222
232.222
214.444
208.889
227.778
176.667
205.556
176.667
195.556
177.778
175.556
253.333
235.556
234.444
213.333
213.333
168.889
175.556
197.778
262.222
238.889
220
277.778
238.889
225.556
262.222
347.778
344.444
315.556
305.556
327.778
305.556
335.556
380
416.667
427.778
423.333
450
430
515.556
475.556
505.556
468.889
432.222
352.222
307.778
224.444
122.222
8.88889
1.11111
0
0
0
0
0
0
0
0
0
0
0
0
0
0
0
0
0
0
0
0
0
0
6.66667
0
2.22222
0
0
0
4.44444
2.22222
4.44444
3.33333
0
2.22222
2.22222
4.44444
4.44444
6.66667
0
4.44444
0
2.22222
1.11111
2.22222
0
2.22222
0
0
2.22222
0
