-0.000531 0.009983 0.011872
-0.009159 0.001189 0.001392
-0.001611 0.020370 0.000742
0.011419 0.007348 -0.003167
-0.001954 0.019838 -0.005268
-0.008486 0.000664 -0.002501
0.001572 0.005327 0.005229
0.000260 -0.015429 -0.002646
-0.002185 -0.007025 -0.001104
-0.010596 -0.005417 -0.002091
0.011633 -0.006805 0.000770
-0.009223 -0.005662 -0.003721
0.006347 -0.008771 0.003162
0.002519 -0.018788 -0.000497
-0.003615 0.000615 0.001382
0.014180 -0.009277 0.003074
-0.000716 0.010649 0.012870
-0.006848 -0.005462 -0.001712
-0.002379 0.017438 0.001695
0.011573 0.008985 -0.002766
0.000669 0.018396 -0.006172
-0.010304 -0.000649 -0.002791
-0.000812 0.003610 0.004218
-0.001730 -0.012383 -0.002688
-0.002731 -0.009360 0.000344
-0.011799 -0.002279 -0.002040
0.011950 -0.007328 0.000328
-0.009443 -0.006360 -0.004492
0.004045 -0.007058 0.004244
0.010156 -0.030644 -0.001033
-0.004767 -0.000277 0.001640
0.014355 -0.011127 0.002287
-0.001119 0.011256 0.011586
-0.009575 0.003951 -0.001079
-0.001648 0.018212 0.000425
0.011159 0.009076 -0.003434
0.007342 0.017353 0.002263
-0.008547 0.004258 -0.004360
-0.000308 0.006844 0.004217
-0.002171 -0.013178 -0.002605
-0.003763 -0.007267 -0.001929
-0.011631 -0.002313 -0.001245
0.010364 -0.004120 0.000625
-0.009544 -0.005574 -0.002683
0.004079 -0.007899 0.003113
0.003338 -0.019626 -0.000928
-0.005960 -0.035341 0.002321
0.013951 -0.010883 0.003189
-0.001280 0.011461 0.011779
-0.008694 0.001705 0.000377
-0.002078 0.018060 0.000632
0.012371 0.008188 -0.004206
-0.002567 0.015746 -0.005016
-0.012837 -0.005624 -0.001493
0.004100 -0.002648 0.006269
-0.000238 -0.013280 -0.002527
-0.002726 -0.010076 0.002217
-0.011566 -0.006519 -0.001651
0.012582 -0.006473 0.001800
-0.007941 -0.010634 -0.006814
0.006127 -0.007314 0.007492
0.003472 -0.018656 -0.000864
-0.004624 0.003493 0.001425
0.015262 -0.011599 0.003954
-0.001348 0.010289 0.013414
-0.007347 0.002189 0.000608
-0.000273 0.019366 0.000334
0.010729 0.006866 -0.003552
-0.001877 0.015450 -0.005909
-0.008233 0.000957 -0.002050
0.007614 0.005382 -0.003132
-0.001146 -0.015667 -0.002901
-0.005710 -0.011366 -0.000900
-0.010555 -0.004022 -0.001969
0.011015 -0.006832 0.000094
-0.008083 -0.016394 -0.003089
0.012852 -0.017742 0.003768
0.003052 -0.020759 -0.000651
-0.003340 0.000547 0.001836
0.013350 -0.012334 0.002443
-0.000990 0.011741 0.010907
-0.009316 0.000362 0.000240
-0.001027 0.019800 0.002104
0.011682 0.008247 -0.002905
-0.002387 0.016657 -0.005533
-0.011608 0.002263 -0.001333
-0.001047 0.003937 0.003069
-0.000410 -0.017372 -0.002662
-0.002250 -0.007308 -0.001085
-0.009310 -0.003201 -0.001510
0.012582 -0.006336 0.000725
-0.014719 -0.017802 -0.003431
-0.004199 -0.020222 0.003617
-0.001286 -0.023476 -0.002433
-0.003731 0.000901 0.002403
0.013904 -0.011122 0.002795
0.029032 -0.008570 -0.034523
-0.008536 0.000537 -0.003767
-0.001754 -0.049292 0.073267
0.011636 0.006457 -0.002560
0.003182 0.009773 -0.006355
-0.017508 0.002922 -0.011096
0.000396 0.002452 0.004854
-0.030524 -0.014437 -0.001875
-0.002100 -0.010388 -0.001516
-0.009180 -0.004378 -0.002018
0.017276 -0.039159 0.001714
-0.007739 -0.004411 -0.002836
0.003821 -0.008557 0.003704
-0.001044 -0.022031 0.000611
-0.003819 0.001142 0.001149
-0.043160 -0.079957 0.004801
0.001720 0.011711 0.010540
-0.009222 0.002800 -0.000042
-0.001390 0.019237 0.001206
0.011132 -0.061793 -0.081713
-0.000188 0.016161 -0.005803
-0.008647 0.002471 -0.003314
-0.000539 0.003792 0.003842
0.000607 -0.014826 -0.002858
-0.003976 -0.009214 -0.004407
0.017853 -0.006358 -0.001749
0.012014 -0.006177 -0.000109
-0.008883 -0.009609 -0.001019
0.005826 -0.004143 0.000235
0.002203 -0.029202 -0.001109
-0.004197 0.000425 0.001539
0.015142 -0.011393 0.000912
0.000454 0.003405 -0.004780
0.006981 0.008723 -0.006114
-0.009452 0.010193 0.002874
0.007020 0.022503 -0.001356
0.000953 -0.002393 -0.000620
0.000272 0.004633 -0.009030
-0.007992 -0.002920 -0.000187
0.002559 0.006068 -0.001126
-0.000621 0.007032 -0.002071
0.018378 -0.012857 0.003587
-0.008503 0.009317 0.001531
-0.005233 -0.001067 -0.000081
0.012003 -0.005933 -0.000697
-0.002968 -0.005289 0.004403
0.009782 -0.007110 0.001642
-0.020900 -0.018686 0.001201
-0.000093 0.003232 -0.005002
0.008115 0.009713 -0.004509
-0.010289 0.014167 0.003891
0.007087 0.022912 -0.001593
-0.000045 -0.002896 -0.000220
0.000906 0.002925 -0.010131
-0.009053 -0.000557 0.001407
0.002023 0.005166 -0.001515
-0.000259 0.007189 -0.003705
0.018330 -0.010743 0.003379
-0.008580 0.009937 0.001101
-0.005440 -0.002456 -0.000768
0.011683 -0.005566 0.000535
-0.003454 -0.006396 0.004705
0.008973 -0.010049 0.003913
-0.013532 -0.016857 -0.000720
-0.001611 0.002795 -0.005239
0.003645 0.002081 -0.005401
-0.010002 0.009643 0.003403
0.007326 0.022750 -0.000494
-0.000891 -0.002945 -0.000654
0.000742 0.003737 -0.010468
-0.005329 -0.007922 0.003386
0.005142 0.005882 0.001016
-0.000491 0.007798 -0.001323
0.018793 -0.012811 0.002870
-0.007065 0.007173 0.002903
-0.005998 -0.000272 0.000853
0.013075 -0.015849 -0.000030
0.007526 -0.028357 0.004127
0.009345 -0.008797 0.000750
-0.012639 -0.016800 0.003186
-0.026272 -0.015107 -0.040617
0.008952 0.008482 -0.002801
-0.009388 0.011286 0.003782
0.006543 0.023417 -0.004252
-0.000984 -0.002025 0.000753
0.001364 0.005320 -0.008285
-0.009442 -0.000265 0.001092
0.002571 0.005040 -0.000115
-0.001885 -0.005463 -0.023595
0.017783 -0.012290 0.002339
-0.010670 0.006685 -0.002971
-0.004673 -0.003697 0.000615
0.012693 -0.018811 0.000491
-0.003955 -0.002524 0.008338
0.009399 -0.010146 0.001507
-0.017219 -0.012307 0.001516
0.001003 0.002834 -0.005153
0.006871 0.007403 -0.002386
-0.010278 0.010833 0.001921
0.006457 0.023405 -0.001146
0.000670 -0.003306 -0.000018
0.001159 0.003755 -0.011061
-0.007530 -0.001373 0.000667
0.003241 0.004736 -0.000152
-0.001026 0.008830 -0.002485
0.019192 -0.010583 0.002636
-0.010446 0.011729 0.002318
-0.006094 -0.001197 0.000089
0.012272 -0.005927 0.000539
-0.002583 -0.005725 0.004296
0.009836 -0.009828 0.003071
-0.013991 -0.010517 0.001472
-0.000343 0.003392 -0.005864
0.005379 0.008805 -0.001731
-0.012016 0.012526 0.000706
0.006441 0.024044 -0.002180
-0.000068 -0.002965 0.000275
0.002806 0.004420 -0.008607
-0.009134 -0.002184 0.001909
0.004012 0.006914 0.002312
-0.001069 0.008586 -0.001200
0.018373 -0.012817 0.002700
-0.007081 0.011148 0.002090
-0.005079 -0.002044 -0.000001
0.009806 -0.005369 0.000070
-0.005180 -0.006058 0.004370
0.009050 -0.009762 0.002512
-0.015438 -0.009806 0.001138
0.000954 0.002298 -0.003591
0.007290 0.008003 -0.002292
-0.017994 0.012631 0.010801
0.007930 0.024578 -0.001735
0.000378 -0.003707 -0.002185
0.001029 0.004603 -0.010329
-0.008933 -0.002310 0.004951
-0.000753 0.000045 0.002010
-0.000088 0.008936 -0.001811
0.024924 0.564583 0.012989
-0.008780 -0.000496 0.002106
-0.004127 0.000400 -0.000364
0.009972 -0.005412 0.000049
-0.013868 -0.020420 0.004152
0.055033 -0.046654 0.002911
-0.015712 -0.022451 0.000719
-0.000341 0.004474 -0.006264
0.006689 0.008741 -0.001910
-0.013717 0.004748 0.001105
0.005584 0.009575 0.019065
-0.027035 -0.022905 0.033453
0.027697 -0.020431 0.031483
-0.007978 -0.002232 0.000885
0.002971 0.005249 0.004450
-0.000865 0.006966 -0.000022
0.017110 -0.011161 0.004246
-0.011418 0.009110 0.006957
-0.004601 -0.004871 -0.001513
0.012046 -0.006307 -0.000403
-0.003730 -0.004003 -0.000120
0.009712 -0.009734 0.002972
-0.017226 -0.010665 0.001075
