2176.0000 0.05 1
1.875
3.75
6.25
6.25
7.5
16.25
8.75
7.5
17.5
15
14.375
16.25
25
16.25
6.25
31.25
23.125
18.125
30
8.75
10
13.125
10
10
16.25
20
25
30
37.5
19.375
25
26.25
13.75
26.875
21.875
28.125
21.25
41.25
44.375
30.625
37.5
55
48.75
45.625
41.875
67.5
54.375
48.125
85.625
92.5
98.75
125.625
136.875
134.375
138.75
153.75
181.25
153.125
156.875
200.625
176.25
175.625
232.5
252.5
267.5
237.5
234.375
281.875
290.625
313.75
294.375
320.625
303.75
311.875
323.75
338.125
341.25
363.75
316.25
353.125
371.25
365
330.625
360
335
375.625
313.75
296.25
304.375
285
272.5
256.875
230
251.875
251.875
297.5
207.5
249.375
312.5
293.75
316.25
313.75
308.75
297.5
248.75
293.75
311.25
295.625
325
275.625
280.625
301.25
273.75
321.875
290
315.625
248.125
299.375
353.125
316.25
317.5
316.875
325
363.125
342.5
381.875
398.75
378.75
390.625
394.375
395.625
430.625
450.625
471.875
451.25
440.625
455
439.375
445
415
405
430.625
386.25
356.25
316.875
351.875
328.125
311.25
315.625
328.125
305
278.125
216.25
255
248.75
302.5
278.125
249.375
273.125
225
317.5
287.5
329.375
302.5
303.125
290
285
296.25
350
292.5
323.75
350.625
373.75
355.625
260.625
288.125
211.875
289.375
345.625
266.25
264.375
265.625
261.25
234.375
245.625
251.25
261.875
326.875
238.75
229.375
236.25
225
180.625
247.5
256.25
280
256.875
309.375
250
265
257.5
204.375
203.75
270.625
253.125
326.875
344.375
343.75
353.75
275
368.125
293.75
512.5
536.875
508.75
425
366.875
261.875
231.25
204.375
163.75
125
58.75
30.625
11.25
4.375
1.25
3.75
1.25
0
0
0
0
0
0
0
0
0
0
2.5
0
