0.011831 0.001801 0.001257
-0.005191 -0.016722 -0.012660
0.010387 0.006947 0.000300
0.002800 0.003296 -0.003717
0.008298 -0.026441 -0.002675
-0.000932 -0.002388 0.000392
-0.007804 -0.010813 -0.008815
-0.005729 0.008397 -0.000299
-0.008385 0.000149 -0.007915
0.006221 -0.001194 -0.002163
-0.003077 0.000000 0.005170
-0.006201 -0.002874 0.002383
-0.001577 -0.006276 0.009265
-0.005770 0.000080 -0.000506
0.005014 0.000870 -0.003479
0.001209 0.000369 0.001847
0.009101 0.004485 0.000795
-0.005822 0.008072 0.001382
0.011186 0.004365 0.000014
0.002517 0.000540 -0.003444
0.008500 0.003628 -0.002829
-0.000737 -0.003562 -0.001805
-0.004640 -0.003111 -0.004611
-0.005098 0.006533 0.000984
-0.007212 0.000809 -0.006895
0.005225 -0.001536 -0.002496
-0.003260 -0.002418 0.003382
-0.004308 0.000211 0.002922
-0.002445 -0.006264 0.009212
-0.004889 0.000378 0.001138
0.005606 -0.005356 -0.010758
0.001307 -0.001449 0.000960
0.010586 0.001924 0.001302
-0.005530 -0.016903 0.014870
0.008254 0.010382 0.000192
-0.042703 -0.033272 -0.002933
0.010008 -0.029459 -0.002530
-0.001464 -0.037036 0.046498
-0.000639 -0.011962 -0.000207
-0.001807 -0.025273 -0.043781
-0.009417 -0.003170 -0.009532
0.003901 -0.001034 -0.002762
-0.004060 -0.030631 0.041571
-0.008082 -0.002856 0.002989
-0.001625 -0.005552 0.009665
-0.005381 0.001412 -0.000538
0.005486 0.001039 -0.004289
0.006444 -0.007614 0.005201
0.009926 0.002991 0.001346
-0.005050 -0.017535 0.015696
0.010636 0.005068 -0.000092
0.002983 0.000130 -0.003617
0.008662 0.000472 -0.002693
-0.001337 -0.009256 0.004810
-0.004030 -0.001444 -0.006355
-0.005360 -0.000365 -0.005211
-0.008902 0.000322 -0.007931
0.004875 -0.001729 -0.002270
-0.003105 -0.009181 0.010409
-0.005170 -0.001802 0.002277
-0.001570 -0.005902 0.009359
-0.005501 0.000110 -0.000701
0.003990 0.002017 -0.005218
0.001364 0.000481 -0.000546
0.014785 -0.004055 -0.003830
-0.005396 -0.001627 0.001529
0.010333 0.004289 -0.000032
0.002954 0.001522 -0.003368
0.008539 0.002035 -0.003110
-0.001125 -0.003303 -0.000701
-0.004577 -0.001060 -0.004864
-0.005228 0.005851 0.001411
-0.009494 0.000850 -0.007981
0.006873 -0.002475 -0.001342
-0.003385 -0.001818 0.003880
-0.009989 -0.008696 0.006695
-0.000883 -0.005949 0.009489
-0.005830 0.000066 -0.001861
0.003886 0.001747 -0.005642
0.001986 -0.001382 0.001004
0.008416 0.004725 0.002374
-0.005613 -0.002163 0.001210
0.011485 0.004037 0.000727
0.002273 0.000627 -0.002931
0.008540 0.003299 -0.002796
-0.001945 -0.002426 -0.001548
-0.004395 -0.002799 -0.004891
-0.004998 0.006042 0.001840
-0.009002 0.000609 -0.007887
0.005149 -0.001616 -0.002867
-0.003262 -0.002400 0.003529
-0.003995 0.000187 0.001267
-0.016751 -0.020702 0.008907
-0.010024 -0.009689 0.003748
0.003773 0.002565 -0.006280
0.002843 -0.001750 0.000880
0.009906 0.002908 0.001028
-0.005600 -0.017409 -0.012765
0.010828 0.003250 0.000070
0.002909 0.000889 -0.003523
0.008327 0.000889 -0.003169
-0.000575 -0.003295 -0.000250
-0.005172 -0.001914 -0.003440
-0.004879 0.005809 0.000622
-0.008647 0.001712 -0.008096
0.005204 -0.001453 -0.002401
-0.003358 -0.002331 0.004170
-0.006244 -0.001363 0.002702
-0.001633 -0.005190 0.009159
-0.005660 -0.000427 -0.000711
0.005278 0.000863 -0.004201
0.006356 -0.007078 -0.003129
0.014046 -0.003036 0.004717
-0.005376 -0.000479 0.001330
0.008835 0.004580 -0.000975
0.003212 0.001396 -0.003479
0.008541 0.002082 -0.002763
-0.001995 -0.002829 -0.001853
-0.004883 -0.002848 -0.004853
-0.004912 0.005942 0.000727
-0.008311 0.000423 -0.007758
0.005368 0.000188 -0.002534
-0.003471 -0.002394 0.003032
-0.009634 -0.008061 -0.001102
0.019172 -0.025791 0.010015
-0.002140 -0.008427 -0.003919
0.007386 -0.027945 -0.044064
0.005470 -0.005108 0.000396
-0.015947 -0.009836 0.006751
0.003033 -0.000859 0.002821
-0.002334 0.000864 0.002816
-0.003426 0.005575 0.001463
-0.007648 0.000904 0.002636
0.005894 0.000946 -0.000322
0.004578 -0.004668 -0.004226
0.003089 0.003753 0.000412
-0.012642 -0.017170 0.001926
0.000894 -0.004005 -0.005445
0.002403 0.003129 0.005696
-0.022229 -0.004050 -0.005448
0.004196 0.005632 0.011313
-0.000716 -0.007289 -0.009249
0.017832 0.000200 0.000179
-0.006134 -0.000540 0.008184
-0.012689 -0.002082 0.002676
0.003464 -0.001689 0.001443
-0.002808 0.000308 0.002278
-0.003236 0.004206 0.002418
-0.004673 0.007436 -0.002559
0.005176 -0.000445 -0.001087
0.004077 -0.001956 -0.004605
0.002856 0.000535 -0.000651
0.009916 0.004993 0.002284
0.000442 -0.003839 -0.004566
0.001827 0.003035 0.005132
-0.022112 -0.000667 -0.005537
0.002136 0.004857 0.011505
-0.001440 -0.007104 -0.010091
0.012527 -0.008362 -0.003819
-0.005733 0.004155 0.007810
-0.008701 -0.011137 -0.001370
0.001845 -0.007678 -0.003108
-0.003495 0.001033 0.002289
-0.008781 -0.002004 -0.001687
-0.005255 0.008189 -0.001597
0.023796 -0.013896 -0.001277
0.013244 0.493457 -0.005475
0.032962 -0.014137 0.000324
0.032373 -0.017451 0.002162
0.003249 -0.011016 -0.010770
0.001092 -0.000686 0.007209
-0.021463 -0.003739 -0.005141
0.006140 0.000631 0.015670
-0.000708 -0.004447 -0.009104
0.018204 0.001895 0.000010
-0.005136 -0.000127 0.007481
-0.012252 -0.000705 0.004216
0.004738 -0.002814 0.001259
-0.003026 0.001032 0.002511
-0.003177 0.006061 0.003901
-0.003017 0.007377 -0.002665
0.005079 -0.001576 -0.000844
0.004433 0.010735 -0.004453
0.002055 -0.000335 -0.000578
0.009351 0.003848 0.001277
-0.000805 -0.005605 -0.005741
0.001995 0.002270 0.005380
-0.022647 -0.003971 -0.004621
0.003054 0.004161 0.011003
-0.000598 -0.006077 -0.009601
0.017855 0.000141 0.000167
-0.005931 -0.000144 0.007688
-0.013170 -0.001883 0.002522
0.000805 -0.006877 -0.002148
-0.002558 0.002277 0.002170
-0.003200 0.004260 0.002315
-0.007712 0.000384 0.002752
0.005557 -0.000812 -0.000796
0.004837 -0.002032 -0.004316
0.002193 0.001123 -0.000499
0.009816 0.004885 0.001859
0.003450 -0.010779 -0.007915
0.002293 0.003023 0.005364
-0.042014 -0.010656 -0.005418
0.001835 0.005756 0.010643
-0.000246 -0.006772 -0.009807
0.021918 -0.006763 0.003740
-0.006297 0.006385 0.007338
-0.012586 -0.002119 0.002888
0.005059 -0.002774 0.001149
-0.002823 0.001992 0.002484
-0.010245 -0.001932 0.003308
-0.003402 0.006330 -0.002077
0.005049 -0.000443 -0.000641
0.004755 -0.001955 -0.003877
0.002900 0.000677 -0.000572
0.009771 0.004002 0.001563
-0.001309 -0.005754 -0.006169
0.003356 0.002925 0.005065
-0.021300 -0.004575 -0.005341
0.003925 0.007278 0.010264
-0.002395 -0.007271 -0.008117
0.018470 0.001405 -0.001664
-0.005664 0.004888 0.007598
-0.012704 -0.000869 0.001159
0.004966 -0.001941 0.002447
-0.002482 0.001110 0.001642
-0.008685 -0.001741 0.006700
-0.003338 0.006824 -0.002034
0.005458 -0.000464 -0.000979
0.004339 -0.003137 -0.004601
0.002322 0.000849 -0.000858
0.010079 0.004000 0.002347
-0.000845 -0.004970 -0.005524
0.002194 0.003767 0.005501
-0.021511 -0.003336 -0.004660
0.002239 0.005949 0.010678
-0.000273 -0.008455 -0.009684
0.018029 -0.000244 -0.000097
-0.005727 0.000124 0.007222
-0.012702 -0.000334 0.002960
0.005158 -0.001374 0.002288
-0.001365 -0.001738 0.001291
-0.006025 0.003303 0.002727
-0.003263 0.006904 -0.003059
0.005976 -0.000839 -0.001252
0.004338 -0.001989 -0.004858
0.002610 0.000634 -0.000951
0.009604 0.004917 0.002191
-0.001320 -0.005102 -0.005465
0.001611 0.003265 0.005535
-0.021583 -0.003911 -0.005128
0.005396 0.000595 0.014541
0.001347 -0.006473 -0.010588
0.017472 0.001318 0.001258
-0.006234 0.006918 0.008081
