2176.0000 0.05 1
1.11111
4.44444
11.1111
2.22222
11.1111
4.44444
13.3333
11.1111
20
11.1111
6.66667
11.1111
24.4444
23.3333
17.7778
23.3333
26.6667
18.8889
13.3333
32.2222
18.8889
8.88889
4.44444
10
14.4444
16.6667
34.4444
37.7778
25.5556
40
11.1111
26.6667
17.7778
31.1111
24.4444
32.2222
31.1111
23.3333
40
24.4444
32.2222
46.6667
36.6667
47.7778
70
55.5556
56.6667
41.1111
80
108.889
93.3333
126.667
127.778
138.889
148.889
146.667
161.111
190
187.778
204.444
216.667
267.778
192.222
230
232.222
288.889
237.778
278.889
253.333
261.111
290
300
320
337.778
318.889
350
284.444
347.778
305.556
307.778
294.444
302.222
291.111
280
312.222
271.111
251.111
281.111
296.667
297.778
314.444
314.444
323.333
305.556
337.778
314.444
320
296.667
290
298.889
306.667
286.667
334.444
357.778
316.667
355.556
378.889
363.333
351.111
350
336.667
297.778
248.889
217.778
175.556
162.222
191.111
238.889
264.444
331.111
351.111
395.556
420
397.778
428.889
412.222
452.222
400
382.222
356.667
342.222
375.556
343.333
396.667
383.333
371.111
391.111
427.778
406.667
456.667
407.778
406.667
408.889
356.667
360
378.889
366.667
372.222
435.556
415.556
412.222
436.667
403.333
341.111
354.444
322.222
348.889
313.333
332.222
255.556
284.444
255.556
274.444
262.222
242.222
222.222
274.444
208.889
246.667
216.667
232.222
258.889
218.889
248.889
232.222
214.444
208.889
225.556
176.667
208.889
173.333
197.778
175.556
174.444
257.778
236.667
230
212.222
216.667
168.889
175.556
197.778
262.222
238.889
220
274.444
242.222
221.111
260
352.222
340
320
301.111
332.222
307.778
333.333
382.222
407.778
432.222
430
445.556
432.222
508.889
471.111
502.222
467.778
430
345.556
320
230
118.889
18.8889
3.33333
2.22222
0
0
0
0
0
0
0
0
0
0
0
0
0
0
0
0
0
0
0
0
0
2.22222
2.22222
0
0
0
2.22222
6.66667
2.22222
0
5.55556
0
0
4.44444
2.22222
4.44444
2.22222
4.44444
2.22222
2.22222
3.33333
0
2.22222
0
0
2.22222
0
2.22222
0
