-0.001000 0.008660 0.012396
-0.008980 0.000865 -0.001448
-0.001833 0.024410 0.005707
0.015175 0.009383 -0.002212
-0.001850 0.015301 -0.006498
-0.008434 -0.000345 -0.001879
-0.000215 0.003627 0.004105
0.003371 -0.011342 -0.002292
-0.002821 -0.012535 -0.001503
-0.008137 -0.004845 -0.001938
0.016601 0.062691 0.075483
-0.009100 -0.006583 -0.004311
0.004446 -0.007788 0.003972
0.002576 -0.021390 -0.000313
-0.005618 0.003342 0.002467
0.013066 -0.012109 0.002737
-0.000823 0.011390 0.013763
-0.009098 0.001318 -0.000176
-0.001423 0.019334 -0.001124
0.011475 0.009243 0.001163
-0.001503 0.016663 -0.005337
-0.010108 -0.000234 -0.003225
-0.000455 0.003573 0.004074
-0.000015 -0.016157 -0.001687
-0.003724 -0.011132 -0.000798
-0.011298 -0.006225 -0.001964
0.010713 -0.006496 0.000401
-0.009349 -0.007806 -0.003996
0.002434 -0.012292 0.003908
0.003749 -0.019852 -0.000806
-0.002963 0.000040 0.001527
0.011904 -0.008919 0.009498
-0.001606 0.011355 0.014523
-0.008378 0.001769 0.000319
-0.001157 0.019454 0.000942
0.012233 0.007832 0.002863
-0.000520 0.015561 -0.006203
-0.009049 0.001423 -0.001933
-0.000314 0.003626 0.004134
-0.001526 -0.015885 -0.002325
-0.002743 -0.012262 -0.001217
-0.010829 -0.004274 -0.000786
0.011659 -0.006016 -0.000015
-0.009617 -0.004388 -0.002943
0.004475 -0.009587 -0.000680
0.003584 -0.019438 -0.000926
-0.003963 0.000764 0.001718
0.030927 -0.019916 0.006551
-0.000575 0.011698 0.012380
-0.008499 0.001877 -0.000876
-0.000773 0.018403 -0.000145
0.012154 0.007471 -0.002666
-0.000600 0.019307 -0.000966
-0.009522 0.001004 -0.002837
0.000355 0.003610 0.001668
0.001115 -0.014311 -0.002900
-0.003538 -0.011734 -0.001176
-0.011843 -0.005322 -0.000743
0.010850 -0.006635 0.001083
-0.008279 -0.006235 -0.002041
0.006532 -0.008884 -0.001904
0.003751 -0.020661 -0.001540
0.001529 0.000391 0.002665
0.017974 -0.010117 0.003004
-0.000448 0.013674 0.011865
-0.009012 0.001847 -0.001284
-0.000647 0.012734 0.006889
0.008332 0.006070 -0.003701
-0.001348 0.015932 -0.005442
-0.009466 0.000651 0.003809
0.000041 0.003263 0.004953
-0.000078 -0.013544 -0.006863
-0.003800 -0.011459 -0.001066
0.055704 0.037605 0.081882
0.010759 -0.004322 0.000320
-0.010170 -0.007344 -0.002871
0.005362 -0.006536 0.004370
0.000641 -0.091400 0.073341
-0.003819 0.000496 0.002807
0.014096 -0.011113 0.003485
0.000252 0.011334 0.013885
-0.006808 0.000011 0.004002
-0.001191 0.018770 -0.000115
0.012494 0.007745 -0.003048
-0.000414 0.016530 -0.005427
-0.006974 -0.001328 -0.003310
0.006421 0.005252 0.007562
-0.003032 -0.011915 -0.002236
-0.069266 0.029078 0.075270
-0.011622 -0.004539 -0.001520
0.010219 -0.006079 0.000147
-0.007938 0.012805 -0.001153
0.003554 -0.007653 0.003553
0.003683 -0.019498 -0.001383
-0.008614 -0.002195 0.007445
0.014486 -0.011200 0.003117
-0.000411 0.011423 0.012149
-0.008698 0.001976 0.006109
-0.001859 0.019089 0.001047
0.011946 0.007448 -0.002282
-0.003245 0.015492 -0.006179
-0.011980 0.002842 -0.002297
-0.003750 0.002341 0.009068
-0.001328 -0.016139 -0.007817
-0.005486 -0.010646 -0.000463
-0.011090 -0.004947 -0.002069
0.012821 -0.007291 0.000349
-0.008438 -0.009351 0.004286
0.004369 -0.007265 0.004102
0.001706 -0.019116 -0.000303
0.012771 0.011992 0.005110
0.013745 -0.012399 0.002846
0.000138 0.008561 0.011747
-0.009360 0.000641 -0.000780
-0.002373 0.020343 0.000049
0.012049 0.007277 -0.002935
-0.000701 0.016232 -0.000339
-0.008828 0.000546 -0.002283
-0.000715 0.002727 0.004298
-0.000238 -0.016623 -0.002383
-0.002584 -0.011255 0.000510
-0.011237 -0.005019 -0.002330
0.011531 -0.006622 0.000330
-0.009988 -0.005976 -0.003554
0.005502 -0.011515 0.002955
0.003185 -0.019282 0.000398
-0.003333 0.002258 -0.002464
0.017001 -0.012528 -0.002516
0.000726 0.002513 -0.000139
0.008211 0.007482 -0.002382
-0.011238 0.015170 0.006873
0.007842 0.023364 -0.001607
-0.002861 -0.005023 0.003421
0.001226 0.004588 -0.010268
-0.008542 -0.000911 0.000361
0.002081 0.004903 0.022971
-0.000584 0.007525 -0.002266
0.013756 -0.008742 0.002866
-0.024214 0.021335 0.006480
-0.005753 -0.005346 -0.000357
0.012092 -0.004702 0.000012
-0.058947 -0.041604 0.061995
0.010636 -0.009544 0.001311
-0.015951 -0.013181 0.002436
-0.000203 0.004045 -0.006282
0.007350 0.008107 -0.002326
-0.010322 0.010884 0.002253
0.007317 0.022928 -0.002800
0.000129 -0.002394 0.001037
0.000889 0.004120 -0.009249
-0.008939 -0.002166 0.000400
0.003286 0.005565 -0.000241
-0.000623 0.007781 -0.002042
0.018845 -0.011637 -0.000828
-0.007894 0.011217 0.002215
-0.002300 -0.004023 -0.001031
0.010894 -0.005129 0.000224
-0.003107 -0.003732 0.004394
0.010810 -0.009323 0.002600
-0.017052 -0.012150 0.002284
-0.000300 0.003416 -0.006520
0.007329 0.008705 -0.002361
-0.010150 0.010804 0.001053
0.006307 0.023385 -0.001612
-0.000280 -0.002935 0.000164
0.001110 0.004741 -0.012586
-0.008115 -0.001624 0.000574
0.003057 0.005310 -0.000511
-0.000185 0.007315 -0.002272
0.018486 -0.007806 0.002801
-0.008641 0.010826 0.002390
-0.004573 -0.003276 -0.004423
0.011389 -0.005179 0.000188
-0.003767 -0.005423 0.005039
0.009670 -0.010263 0.001689
-0.016996 -0.011574 0.000701
-0.000050 0.003127 -0.005605
0.008109 0.009143 -0.002379
-0.009971 0.010096 0.001838
0.005363 0.022758 -0.001136
-0.000324 -0.001964 -0.000330
0.002334 0.003964 -0.011259
-0.008849 -0.002452 0.002398
0.002721 0.005244 0.000012
-0.000848 0.007495 -0.002668
0.017880 -0.011337 0.002647
-0.008189 0.011510 0.002114
-0.005462 -0.001288 0.000288
0.010845 -0.006616 -0.000453
-0.003130 -0.005503 0.005533
0.009731 -0.028310 0.006410
-0.021391 -0.010797 0.001743
-0.000894 0.002977 0.000553
0.007212 0.008863 -0.002352
-0.010731 0.005644 0.006951
0.005431 0.024313 -0.001343
0.006079 0.000712 0.005606
0.000818 0.003816 -0.010484
-0.008359 -0.002959 0.000539
0.003092 0.006105 0.017614
-0.000622 0.007475 -0.004308
0.018164 -0.009424 -0.002295
-0.006591 0.007932 0.008205
-0.007383 -0.001763 -0.005017
0.011509 -0.005485 0.000432
-0.004729 -0.005884 0.004028
0.009617 -0.010516 0.003314
-0.015776 -0.012972 0.001691
0.000025 0.003290 -0.006406
0.006918 0.008327 -0.005841
-0.010374 0.010588 0.002150
0.004942 0.026568 0.004673
0.000447 -0.003532 0.001070
0.001210 0.004110 -0.009823
-0.012927 0.002222 0.005168
0.003421 0.005822 -0.000238
-0.006008 0.009730 0.003108
0.020003 -0.012293 0.003023
-0.012118 0.008370 0.001587
-0.004746 -0.000339 -0.000196
0.013335 -0.007258 0.001378
-0.002179 -0.005980 0.003742
0.010765 -0.010047 0.002219
-0.032202 -0.021554 0.004605
-0.000419 0.003261 -0.006652
-0.000061 -0.010511 -0.573644
-0.010666 0.011233 -0.000047
0.006821 0.022480 0.004280
-0.000324 -0.002514 0.001214
0.001099 0.004487 -0.012461
-0.005774 -0.005557 0.005918
0.002702 0.004939 0.000313
0.002188 0.005581 0.003219
0.017903 -0.011889 0.003706
-0.009710 0.011335 -0.003074
-0.006043 0.000134 0.000344
0.067328 -0.037171 0.054833
-0.003225 -0.005209 0.004857
0.010107 -0.009164 0.003439
-0.013637 -0.010592 0.007295
-0.001156 0.003615 -0.005704
0.006605 0.007328 -0.002739
-0.010072 0.011560 0.002287
0.008444 0.023934 -0.001183
0.000470 -0.003192 -0.000065
0.000378 0.004514 -0.010571
-0.008499 -0.002274 0.000946
0.002982 0.005885 0.000395
-0.000407 0.007972 -0.003485
0.018113 -0.012216 0.003159
-0.010055 0.009744 0.002648
-0.005366 -0.000885 -0.000244
0.011537 -0.005679 0.001672
-0.002657 -0.005334 0.003962
0.009434 -0.005322 0.007917
-0.019146 -0.013321 -0.002032
