0.010749 0.003814 0.008072
-0.005362 -0.001369 0.000736
0.010476 0.003833 -0.000421
0.002153 0.000540 -0.002560
0.008424 0.002528 -0.003807
0.000071 -0.003474 0.000424
-0.004541 -0.001534 -0.003891
-0.005758 0.005946 0.000943
-0.008612 -0.000450 -0.006844
0.005255 -0.000223 -0.002263
-0.002753 -0.002547 0.005333
-0.005917 -0.002319 0.001535
-0.001401 -0.003682 0.009720
-0.005641 0.001417 -0.000150
0.004322 0.001091 -0.004954
0.001912 -0.002309 0.000879
0.010919 0.002433 0.000787
-0.005746 -0.001296 0.002566
0.005165 -0.001176 -0.011976
0.002563 -0.016235 -0.020855
0.007849 0.003452 -0.002368
-0.003312 -0.008562 -0.006477
-0.005159 -0.000856 -0.004111
-0.006384 0.006771 0.001893
-0.004865 0.002889 -0.012537
0.005369 -0.002257 -0.002161
-0.003675 -0.002891 0.006664
-0.006160 -0.003007 0.001668
-0.002053 -0.005590 0.008481
-0.005975 -0.000507 -0.001007
0.004675 0.000810 -0.005112
0.002531 -0.001599 0.004366
0.010789 0.003364 0.007588
-0.006607 -0.001792 0.001772
0.010473 0.003971 0.000970
0.002104 0.000120 -0.003381
0.008455 0.002436 -0.001779
-0.001090 -0.003611 -0.000250
0.000563 -0.004815 -0.011013
-0.004335 0.005861 -0.000260
-0.003367 0.003934 -0.013198
0.004690 0.047708 -0.046929
-0.002800 -0.002254 0.005149
-0.013730 -0.022701 0.578828
-0.006298 0.000155 -0.002421
-0.008474 0.058590 -0.051041
0.057220 -0.001784 -0.049168
0.001527 -0.001142 0.000988
0.010758 0.003162 0.004823
-0.005560 -0.001628 0.000718
0.010482 0.003709 -0.000730
0.002162 0.000477 -0.004221
0.008456 0.002148 -0.003492
0.000043 -0.003576 0.000512
-0.004612 -0.001785 -0.004659
-0.006109 0.005660 0.001370
-0.008771 0.000403 -0.007622
0.004715 0.004928 -0.009798
-0.003217 -0.002152 0.004457
-0.006224 -0.003050 0.012165
-0.002393 -0.007394 0.009827
-0.004772 0.005725 -0.007090
0.003098 0.001609 -0.005823
0.003133 -0.000977 0.000685
0.010174 0.002011 0.000394
-0.006018 -0.004012 0.002630
0.010906 0.002307 0.000851
0.002449 0.012016 -0.014460
0.013431 0.006794 -0.012465
-0.004372 0.000985 -0.006430
-0.001401 -0.003986 -0.009574
-0.007269 0.004707 0.002390
-0.009419 -0.000670 -0.006730
0.005330 -0.001720 -0.002619
-0.002472 -0.002263 0.004185
-0.005814 -0.002125 0.001533
-0.001375 -0.005273 0.008822
-0.005666 -0.000396 0.000134
0.004046 0.001835 -0.005750
0.002542 -0.001709 0.001245
0.010610 0.002355 0.000844
-0.005221 -0.001467 0.000291
0.015302 0.008068 -0.010331
0.001852 0.013310 -0.015530
0.009178 0.001227 -0.001918
-0.000028 -0.004078 0.001211
-0.004600 -0.001817 -0.004903
-0.001826 0.010065 -0.005396
-0.007171 -0.000316 -0.005934
0.005217 -0.001877 -0.001651
-0.037622 -0.003558 -0.024345
-0.006086 -0.002329 0.001510
-0.001279 -0.005534 0.010632
-0.005817 -0.000082 -0.000990
0.003162 0.000888 -0.004381
0.002712 -0.001700 0.009054
0.011200 0.003403 0.004221
-0.004141 -0.001375 0.001992
0.010811 0.003878 -0.001192
0.001974 0.000675 0.005682
0.008948 0.002549 -0.003780
-0.001443 -0.003011 -0.001754
-0.003308 -0.001519 -0.003034
-0.004660 0.005290 -0.000444
-0.007084 -0.000103 -0.005735
0.005196 -0.000585 0.000342
-0.002679 -0.002213 0.004491
-0.007214 -0.001836 -0.000498
0.001782 -0.008795 0.000204
-0.004990 0.000929 0.001779
0.005800 0.001044 -0.002644
0.003292 -0.002324 0.000876
0.011118 0.002298 0.000113
-0.005378 -0.001188 0.001158
0.009144 0.006013 0.000348
0.002026 -0.015687 -0.019804
0.004827 -0.001579 -0.011521
-0.000724 -0.001389 0.001260
-0.002915 -0.000806 -0.002851
-0.003337 0.002263 -0.004555
-0.008702 0.000539 -0.007862
0.005483 -0.002092 -0.002797
-0.002559 -0.002163 0.004490
-0.006373 -0.002867 0.001515
-0.001699 -0.005332 0.008794
-0.005644 -0.000673 -0.000121
0.003048 0.001602 -0.004762
0.002490 -0.001934 0.000349
-0.013133 -0.002016 0.003763
0.003807 -0.002707 0.001723
-0.002858 0.000874 0.002670
-0.004671 0.003899 0.001513
-0.005976 0.002235 -0.006136
0.006090 -0.001117 -0.001453
0.004252 -0.000866 -0.005479
0.002900 -0.000141 -0.000709
0.009689 0.005625 0.002846
-0.001702 -0.005776 -0.005733
0.001400 0.003283 0.006251
-0.022569 -0.004290 -0.005934
0.003859 0.004187 0.011684
-0.000558 -0.008020 -0.008558
0.017704 0.000015 0.000595
-0.005938 -0.000102 0.009101
-0.012372 -0.001662 0.002773
0.007432 -0.006571 -0.003701
-0.002666 0.002086 0.002911
-0.004254 0.003667 0.001798
-0.002498 0.006311 -0.001021
0.003420 -0.002037 -0.032760
0.008871 -0.004538 -0.012996
0.003186 -0.000058 0.000128
0.009858 0.005193 0.001805
-0.001972 -0.005207 -0.005359
0.001246 0.003997 0.006379
-0.022235 -0.003566 -0.005636
0.002930 0.004621 0.011562
-0.001807 -0.007642 -0.009016
0.018233 0.001481 0.000044
-0.005996 0.000429 0.007241
-0.018923 0.002173 -0.003260
0.005190 -0.002372 0.001299
-0.001178 -0.044665 -0.035018
-0.023349 0.004102 -0.017341
-0.007213 0.010743 -0.006594
0.006061 -0.000911 -0.001341
0.004907 -0.000735 -0.003168
0.002476 0.000334 0.004104
0.013068 0.007017 -0.000454
0.040170 -0.006783 -0.039689
-0.002521 -0.000260 -0.000154
-0.036393 -0.003913 -0.020184
-0.045555 0.004126 -0.025150
-0.000826 -0.008492 -0.011644
0.018602 -0.030886 -0.025882
-0.008775 0.002194 0.007466
-0.012434 -0.001632 0.002829
0.003921 -0.003188 0.001676
-0.001895 -0.001687 -0.001842
-0.004187 0.003588 0.000987
-0.002295 0.004772 0.000918
0.005877 -0.001226 0.000100
0.004255 -0.000814 -0.005411
0.002956 0.000454 0.000304
0.009870 0.005667 0.001099
-0.001956 -0.005606 -0.006794
0.001880 0.003267 0.005891
-0.021712 -0.003955 -0.006387
0.004287 0.004242 0.010714
-0.000781 -0.007685 -0.010115
0.017056 -0.002400 -0.003820
-0.006010 0.000067 0.006931
-0.014618 -0.002698 0.005314
0.008663 0.000322 -0.003743
-0.002850 0.002516 0.002116
-0.004304 0.003737 0.001264
-0.003487 0.006394 -0.001019
0.006462 -0.002247 -0.002261
0.003878 -0.001887 -0.003907
0.003955 0.001301 -0.000349
0.008507 0.005099 0.002212
-0.002068 -0.006886 -0.005254
0.002289 0.003172 0.005506
-0.022701 -0.003938 -0.005508
0.002304 0.005583 0.011752
-0.000151 -0.007470 -0.009957
0.017938 0.002020 0.000481
-0.004910 0.000349 0.008283
-0.012054 -0.003276 0.003877
0.003396 -0.004139 0.003364
-0.002741 0.002408 0.002663
-0.004676 0.004253 0.001787
-0.002836 0.006254 -0.001140
0.007469 -0.002288 -0.029783
0.000143 0.003289 -0.013169
0.002600 0.000455 0.000036
0.009302 0.005531 0.001771
-0.000853 -0.005524 -0.006689
-0.001359 0.001055 0.001394
-0.022406 -0.004148 -0.005700
0.003137 0.004147 0.012756
0.000305 -0.007854 -0.008909
0.017944 0.001853 -0.000036
-0.005887 0.000310 0.007129
-0.014062 -0.001902 0.005316
0.008008 -0.002629 -0.002020
-0.002412 -0.000228 0.004748
0.015785 0.004851 -0.019001
-0.003018 0.007580 0.000994
0.006060 -0.001199 0.000155
0.004200 -0.000897 -0.005006
0.002833 0.000377 0.000045
0.009654 0.005761 0.001331
0.000485 -0.005481 -0.002741
0.001219 0.003837 0.007009
-0.008119 -0.003746 -0.020674
0.001259 0.004608 0.015198
-0.000340 -0.007770 -0.009792
0.017243 -0.000933 0.002209
-0.005970 0.000280 0.007569
-0.016691 0.000926 -0.001686
0.003924 -0.001505 0.003075
-0.002984 0.002361 0.002614
-0.003885 0.004729 0.002438
-0.005826 0.006290 -0.004529
0.005753 -0.002102 -0.002280
0.004583 -0.000241 -0.003930
0.002305 -0.000297 0.000225
0.011003 0.005742 0.002500
-0.001388 -0.006161 -0.006231
0.002342 0.003947 0.006500
-0.022396 -0.004451 -0.005774
0.003740 0.005103 0.012495
0.000017 -0.007205 -0.010260
0.017770 0.001764 0.000603
-0.006900 0.000171 0.008119
