2176.0000 0.05 1
1.11111
4.44444
11.1111
2.22222
11.1111
4.44444
13.3333
11.1111
20
11.1111
6.66667
11.1111
24.4444
23.3333
17.7778
23.3333
26.6667
18.8889
13.3333
32.2222
18.8889
11.1111
2.22222
10
14.4444
14.4444
36.6667
37.7778
25.5556
40
11.1111
26.6667
17.7778
31.1111
24.4444
32.2222
26.6667
27.7778
40
24.4444
32.2222
46.6667
36.6667
47.7778
70
55.5556
56.6667
41.1111
80
106.667
95.5556
126.667
127.778
136.667
151.111
144.444
163.333
190
192.222
200
216.667
267.778
191.111
231.111
230
291.111
237.778
276.667
255.556
261.111
291.111
298.889
320
335.556
320
353.333
284.444
344.444
305.556
308.889
294.444
297.778
295.556
277.778
314.444
271.111
251.111
281.111
296.667
295.556
316.667
316.667
322.222
308.889
333.333
318.889
315.556
294.444
292.222
301.111
303.333
290
330
357.778
320
356.667
374.444
358.889
353.333
354.444
336.667
295.556
251.111
220
175.556
162.222
188.889
238.889
264.444
333.333
350
396.667
417.778
397.778
428.889
414.444
445.556
404.444
380
356.667
344.444
373.333
345.556
396.667
382.222
376.667
384.444
427.778
406.667
456.667
410
408.889
406.667
354.444
360
376.667
373.333
370
437.778
413.333
410
441.111
403.333
338.889
354.444
318.889
352.222
313.333
330
257.778
286.667
257.778
267.778
262.222
242.222
224.444
276.667
208.889
245.556
215.556
232.222
261.111
223.333
240
234.444
214.444
206.667
225.556
181.111
205.556
174.444
197.778
175.556
175.556
253.333
235.556
234.444
212.222
216.667
168.889
176.667
196.667
262.222
236.667
224.444
270
241.111
226.667
262.222
347.778
340
320
303.333
332.222
305.556
333.333
380
412.222
432.222
427.778
443.333
434.444
507.778
472.222
501.111
470
428.889
352.222
315.556
230
118.889
16.6667
1.11111
0
0
0
0
0
0
0
0
0
0
0
0
0
0
0
0
0
0
0
2.22222
0
0
2.22222
2.22222
2.22222
0
0
2.22222
2.22222
4.44444
2.22222
3.33333
0
4.44444
4.44444
0
6.66667
2.22222
2.22222
2.22222
2.22222
2.22222
1.11111
2.22222
0
0
2.22222
0
2.22222
0
