0.000122 0.011053 0.013332
-0.009557 0.002319 0.000383
-0.001217 0.020290 0.001539
0.016136 0.008076 -0.002023
-0.001798 0.016326 -0.006585
-0.008493 0.000204 -0.002810
-0.000312 0.003475 0.003579
0.000113 -0.016346 -0.003097
-0.003571 -0.011347 0.000745
-0.011034 -0.004836 -0.001089
0.011198 -0.007461 0.000305
-0.009847 -0.006563 -0.003969
0.004587 -0.007360 0.003783
0.002951 -0.019104 -0.001915
-0.002813 -0.001034 0.001604
0.013674 -0.011330 0.002127
-0.000132 0.010556 0.012425
-0.009503 0.002121 0.001064
-0.004912 0.016619 0.000788
0.011659 0.008689 -0.002954
-0.000464 0.015551 -0.006008
-0.009003 -0.000168 -0.003874
0.000884 0.004059 0.004321
-0.000111 -0.015475 -0.002868
-0.003700 -0.011673 -0.001232
-0.011217 -0.005403 -0.002948
0.011573 -0.006856 0.000674
-0.010826 -0.006147 -0.003194
0.003780 -0.006589 0.003067
0.006377 -0.019719 -0.000298
-0.003871 0.000652 0.000666
0.013839 -0.011568 0.002181
-0.000642 0.010887 0.013064
-0.009004 0.001322 0.000653
-0.004043 0.020028 -0.003667
0.011108 0.007472 -0.002552
-0.001521 0.016757 -0.006463
-0.009990 0.001790 -0.001512
-0.000611 0.003493 0.004301
0.000441 -0.016166 -0.001678
-0.003330 -0.011254 -0.001507
-0.011412 -0.004562 -0.003038
0.010938 -0.006301 -0.001272
-0.008918 -0.006094 -0.003655
0.005000 -0.008606 0.003816
0.000766 -0.018499 -0.001059
-0.003909 0.000412 0.001568
0.013544 -0.011538 0.003151
-0.082452 -0.035332 0.108074
0.076543 -0.043083 0.101752
-0.017037 0.028695 0.003065
0.011647 0.007029 -0.002601
-0.001662 0.010873 -0.003829
-0.009117 -0.001800 -0.002158
-0.000507 0.004156 0.004919
-0.001268 -0.016096 0.018415
0.003303 -0.013921 0.003599
-0.011274 -0.005812 -0.001927
0.013763 -0.002070 0.007584
-0.010546 -0.007642 -0.003246
0.004862 -0.006385 0.003038
0.005203 -0.020491 0.002577
-0.002394 0.000771 0.007436
0.017222 -0.009426 0.002628
-0.000303 0.011499 0.012119
-0.008617 0.000243 0.000794
-0.002032 0.018950 0.001232
0.012398 0.007935 -0.007245
-0.002615 0.015020 -0.006412
-0.008706 0.001003 -0.000632
-0.000992 0.002631 0.004641
0.000143 -0.015486 -0.001859
-0.003814 -0.012256 -0.001313
-0.011520 -0.005116 -0.004298
0.010919 -0.005972 -0.000059
-0.009235 -0.005593 -0.002898
0.004448 -0.007897 0.003108
0.003393 -0.019683 -0.000792
-0.005263 0.000838 0.001273
0.013851 -0.011063 0.002693
0.000070 0.012744 0.011854
-0.009115 0.001374 0.001892
-0.000867 0.019088 0.000443
0.008828 0.010513 0.000566
-0.003505 0.016680 -0.006799
-0.009203 0.000542 -0.003200
-0.000343 0.006781 0.009359
-0.000482 -0.015895 -0.002517
-0.003097 -0.011708 -0.000590
-0.010894 -0.004928 -0.003270
0.011601 -0.006699 0.000106
-0.010597 -0.005662 0.001827
0.004206 -0.007052 -0.001512
0.003206 -0.019816 -0.000830
-0.002242 0.000977 0.002499
0.011352 -0.012213 0.001661
-0.000624 0.010363 0.012744
-0.009422 0.001071 0.000226
-0.001761 0.019088 0.001444
0.026346 -0.004295 -0.000301
-0.001798 0.014841 -0.005915
-0.009528 0.000439 -0.002244
-0.001649 -0.014641 0.006126
-0.000269 -0.015894 -0.002772
-0.004072 -0.011452 -0.000735
-0.011090 -0.005119 -0.002658
0.011192 -0.006705 -0.000866
-0.009447 -0.007801 0.001494
0.002146 0.018731 -0.628275
0.003578 -0.019790 -0.000705
-0.005053 0.000524 0.001801
0.013912 -0.011326 0.009398
-0.002310 0.010569 0.012099
-0.006984 -0.000293 0.000479
0.002015 0.016980 0.002648
0.012251 0.007460 -0.001668
-0.000128 0.035363 -0.002951
-0.003672 -0.078297 0.086546
0.001335 0.002994 0.004063
0.000660 -0.015206 0.019398
-0.007369 -0.008545 0.004703
-0.011093 -0.005146 -0.003890
0.009270 -0.011259 0.005673
-0.007901 -0.005361 -0.003723
0.003264 -0.008739 0.003543
0.003130 -0.019128 0.006110
-0.004501 -0.001715 0.002476
0.010613 -0.012527 0.003052
-0.000881 0.004557 -0.004880
0.007590 0.006735 -0.006799
-0.011469 0.011538 0.003039
0.006319 0.024738 -0.001442
0.000309 -0.002983 -0.000148
0.000079 0.005962 -0.009549
-0.007482 -0.002658 0.000312
0.003844 0.005197 0.000139
-0.000352 0.007948 -0.001032
0.018354 -0.011025 0.003161
-0.007674 0.009434 0.000975
-0.005565 -0.000635 -0.001885
0.011441 -0.005614 -0.001222
-0.003331 -0.004028 0.004103
0.009979 -0.009811 0.001727
-0.016695 -0.011264 0.001297
-0.001255 0.003984 -0.004696
0.007772 0.009355 -0.001695
-0.010872 0.010704 0.001981
0.008227 0.023053 -0.001308
-0.000391 -0.002305 -0.000118
0.000590 0.004044 -0.008428
-0.008802 -0.001824 0.001018
0.002892 0.009468 -0.000617
-0.000682 0.007703 -0.001002
0.018277 -0.011442 0.003392
-0.007932 0.010111 0.001048
-0.004828 -0.000915 -0.000552
0.011485 -0.005502 -0.000826
-0.003487 -0.005349 0.006875
0.010249 -0.009740 0.001604
-0.017076 -0.012221 0.001034
-0.000706 0.003231 -0.004675
0.009103 0.008486 -0.001994
-0.008759 0.009982 0.002722
0.006635 0.023741 -0.000860
0.000184 -0.002643 0.000312
0.000939 0.004161 -0.010384
-0.007618 -0.003049 0.000298
0.000352 0.006544 -0.005521
-0.001139 0.008410 -0.002401
0.017831 -0.011191 0.002901
-0.008733 0.010208 0.001900
-0.005025 -0.001319 -0.000723
0.010972 -0.005568 -0.000267
-0.003217 -0.005190 0.005537
0.009866 -0.009684 0.001456
-0.016332 -0.011665 0.000593
-0.000571 0.002156 -0.009662
0.009234 0.007858 -0.007873
-0.014252 0.091280 0.080590
0.025075 0.030776 0.002404
-0.002895 0.000282 -0.000239
0.000408 0.003167 -0.010189
-0.009073 -0.000721 0.000639
0.005809 0.007843 -0.000963
0.001292 0.009650 0.004349
0.014440 -0.015851 0.008290
-0.009577 0.014198 0.007715
-0.005106 -0.001415 -0.000801
0.011204 -0.005378 0.006211
-0.002955 -0.008553 0.004184
0.003069 -0.010515 0.008778
-0.010511 -0.013229 0.008577
0.000932 0.002824 -0.005255
0.004338 0.005830 -0.002661
-0.009559 0.011171 0.002700
0.006961 0.023000 -0.000561
0.000181 -0.003010 0.000260
0.000845 0.003969 -0.009606
-0.008263 -0.001593 0.001046
0.002622 0.005595 0.000936
-0.000386 0.006669 -0.001397
0.017683 -0.012155 0.002957
-0.009074 0.010540 0.000892
-0.005121 -0.001535 -0.001722
0.011677 -0.005485 -0.001532
-0.003425 -0.006267 0.004226
0.010267 -0.009636 0.002607
-0.016453 -0.011847 -0.000702
-0.001727 0.002363 -0.009637
0.006002 0.007066 -0.002423
-0.010766 0.010889 0.002401
0.009434 0.024130 -0.005810
0.001630 -0.001537 -0.005944
0.002714 0.005380 -0.009458
-0.007706 -0.002570 0.002010
0.002854 0.004398 0.000790
-0.001466 0.006624 -0.005870
0.018117 -0.012075 0.005482
-0.008455 0.010395 0.000079
-0.004419 -0.001057 0.006714
0.011188 -0.005617 -0.001023
-0.003342 -0.005603 0.005974
0.010580 -0.009052 0.002170
-0.016957 -0.012155 0.000303
-0.002853 -0.001040 -0.005283
0.007733 0.008560 -0.001923
-0.009855 0.010645 0.002105
0.009574 0.020608 -0.001734
0.001464 0.000726 -0.000441
0.065340 0.041885 0.054489
-0.007800 -0.001396 0.000135
0.002565 0.005331 0.000600
-0.004562 0.009164 -0.001996
0.018332 -0.011793 0.004502
-0.007859 0.009580 0.002330
-0.002517 -0.000161 0.000981
0.012248 -0.005154 -0.000631
-0.002961 -0.005255 0.006533
0.009901 -0.009770 0.000390
-0.016514 -0.011688 0.000916
0.003167 0.000461 -0.005063
0.008433 0.003838 -0.002578
-0.009744 0.012400 0.002806
0.004752 0.022694 0.003961
0.000011 -0.001368 -0.005262
0.001523 0.004412 -0.009257
-0.073850 0.034698 0.068179
0.003672 0.008671 -0.003690
-0.017693 -0.002304 0.001708
0.019797 -0.007957 0.008788
-0.008279 0.004725 0.005998
-0.005032 -0.000833 -0.001009
0.009710 -0.004855 0.003077
-0.003270 -0.002935 0.004356
0.014743 -0.008915 0.008320
-0.020888 -0.010423 0.007976
