160.0000 0.05 1
0.0925926
0.555556
0.185185
0.740741
0.555556
0.555556
0.555556
1.11111
0.925926
0.925926
0.740741
1.11111
1.11111
0.740741
1.01852
1.57407
1.66667
1.11111
2.03704
1.2963
1.66667
0.740741
1.85185
1.48148
1.85185
2.40741
2.5
1.66667
2.5
2.03704
2.87037
3.51852
5.55556
5.92593
5.46296
7.31481
9.07407
12.2222
13.1481
15.9259
21.0185
23.5185
22.5926
22.1296
26.5741
25
27.1296
30.7407
30.9259
33.9815
34.7222
34.537
38.3333
41.7593
32.6852
33.3333
34.4444
33.8889
31.0185
30.463
29.7222
27.2222
27.4074
25.8333
26.8519
24.6296
25.7407
19.7222
21.9444
20.2778
20.8333
21.3889
20.1852
22.5926
24.2593
26.1111
20.7407
26.7593
25.6481
22.5
24.8148
22.2222
25.6481
22.5926
22.5
22.5
21.1111
20.9259
23.4259
21.2037
21.2963
24.2593
26.3889
23.0556
25.0926
24.537
24.537
26.0185
23.7037
26.3889
27.5
29.2593
27.2222
30.5556
30
33.7963
33.9815
33.9815
36.8519
38.6111
42.3148
38.9815
46.7593
40.2778
39.4444
34.4444
30.2778
25.6481
27.4074
25.8333
24.1667
23.7963
27.037
23.1481
22.963
27.7778
21.3889
21.4815
23.1481
20.9259
23.5185
20.6481
20.2778
22.5926
19.537
19.7222
26.2037
24.7222
25.1852
23.3333
24.8148
26.9444
26.1111
26.2037
25.9259
26.9444
27.963
29.537
24.2593
24.3519
23.1481
22.4074
21.6667
23.0556
23.9815
22.2222
22.5926
19.9074
24.2593
19.0741
21.7593
20.7407
21.1111
20.2778
19.3519
20.6481
20.7407
20.9259
19.537
23.0556
20.0926
19.0741
23.0556
18.0556
24.4444
21.4815
22.7778
22.5926
24.2593
25.7407
27.963
25.3704
31.8519
30.6481
34.1667
35.5556
28.0556
24.7222
17.963
7.59259
5.27778
1.11111
0.185185
0
