-0.533178 -0.022018 -0.328056
0.085343 0.465133 0.662103
0.079719 -0.119232 -1.526441
0.344740 0.346700 -0.156804
0.021433 -2.006760 0.309880
0.501592 0.419267 0.047669
0.339668 -1.140603 0.824497
0.117689 0.665369 0.088878
0.558732 -0.719011 0.110353
0.147444 0.467947 0.008422
0.518814 0.365517 0.163243
0.066003 0.120903 0.027804
0.572956 0.522198 -0.360144
-0.191907 0.642447 0.360421
-1.299258 -0.728143 0.054297
0.048167 0.151504 -0.152851
0.001687 0.295469 0.029797
0.068243 0.033342 0.103701
-0.970217 0.024181 -0.356017
-0.477669 0.215790 0.089248
