2176.0000 0.05 1
1.875
3.75
6.25
6.25
7.5
16.25
8.75
7.5
16.25
16.25
14.375
16.25
25
16.25
6.25
31.25
23.125
18.125
30
8.75
10
13.125
10
10
16.25
20
25
30
37.5
19.375
23.75
27.5
13.75
26.875
20.625
29.375
21.25
42.5
43.125
30.625
37.5
55
48.125
46.25
41.875
66.25
56.875
46.875
86.875
91.25
98.75
123.125
138.75
133.75
139.375
153.75
181.25
152.5
157.5
198.75
178.75
174.375
234.375
251.25
268.125
238.125
233.75
278.125
295
309.375
298.125
319.375
304.375
309.375
323.125
341.875
338.125
364.375
314.375
356.25
368.75
367.5
329.375
361.25
331.875
381.25
313.125
295
303.75
286.875
273.125
253.125
233.75
249.375
252.5
300
203.75
250
311.875
295
315
309.375
310
301.25
248.125
296.25
306.25
298.75
326.25
273.125
283.125
298.75
275.625
318.75
294.375
313.75
247.5
299.375
352.5
321.875
314.375
313.75
325
363.75
345
378.125
398.75
381.25
388.75
393.75
398.125
430.625
449.375
473.125
449.375
443.125
450.625
438.125
448.75
416.25
405.625
431.25
381.25
356.875
320
351.25
330
308.125
317.5
331.25
303.125
278.125
213.75
256.875
248.125
303.125
278.75
248.75
269.375
225.625
321.25
286.875
326.25
302.5
303.75
293.125
283.125
298.75
346.875
293.75
320.625
355
370.625
357.5
259.375
289.375
213.125
289.375
343.75
268.125
261.875
268.125
258.75
238.125
244.375
248.75
260.625
328.125
240
227.5
238.75
224.375
181.875
248.75
253.75
281.25
254.375
306.875
253.75
266.25
255.625
206.25
203.75
269.375
255
323.75
345.625
345
353.125
274.375
368.75
293.75
511.875
534.375
511.25
426.25
365.625
262.5
231.25
201.25
169.375
119.375
61.875
31.25
11.25
4.375
1.25
3.75
1.25
0
0
0
0
0
0
0
0
0
0
2.5
0
