0.010954 0.001215 0.001334
-0.005269 -0.001956 0.000994
0.011960 0.001936 -0.000501
-0.002388 0.011118 0.000869
0.007706 0.061856 0.066952
-0.000756 0.009390 0.011666
-0.007863 0.003217 0.000387
-0.006372 0.039650 -0.000122
-0.009909 -0.001712 -0.009038
0.004619 -0.001821 -0.002765
-0.003167 0.001192 0.004451
-0.007394 -0.003037 0.002527
-0.003048 -0.007259 0.010407
-0.004908 0.001811 -0.000467
0.005037 0.001802 -0.004867
0.002428 -0.001473 0.000861
0.006404 0.012012 -0.002931
-0.005445 -0.001245 0.002410
0.011697 0.003013 -0.000547
0.002220 0.001416 -0.003426
0.008779 0.002741 -0.004051
-0.002342 -0.012214 -0.000366
-0.005858 0.000181 -0.005426
-0.004943 0.004679 0.000312
-0.005053 0.004617 -0.007277
0.005504 -0.003816 -0.002685
-0.003670 -0.001791 0.004841
-0.005915 -0.002131 0.002065
-0.001620 -0.005268 0.009431
-0.007084 -0.002376 -0.001975
0.005331 -0.003366 -0.004790
0.002579 -0.001461 0.000838
0.010995 0.003268 0.001277
-0.005764 0.002773 -0.002227
0.015213 0.009154 0.002972
0.006764 0.010588 -0.007174
0.008226 0.000421 -0.002313
-0.000527 0.015000 -0.017947
-0.003321 -0.003446 -0.004046
-0.004854 0.034674 0.000528
-0.005833 0.005446 -0.013143
0.005044 -0.000905 -0.002438
-0.015184 -0.562495 -0.000694
-0.006532 -0.002686 0.002683
-0.005963 -0.000939 0.007605
-0.004805 0.000371 -0.000463
0.004645 0.001734 -0.005187
0.001457 -0.001256 0.002131
0.010970 0.003161 0.000700
-0.004482 0.048469 -0.056921
0.010842 0.004152 -0.000449
0.002687 -0.000180 -0.001889
0.008709 0.002159 -0.002696
-0.000966 0.008778 -0.011578
-0.007498 0.002592 -0.008352
-0.004956 0.007271 0.000385
-0.010165 -0.001307 -0.006494
0.003946 -0.002002 -0.001600
-0.003590 -0.013990 0.004429
-0.005903 -0.001888 0.002055
-0.001350 -0.005159 0.009541
-0.006365 -0.000544 -0.000267
0.004166 0.001826 -0.005446
0.002412 -0.000929 0.001167
0.015401 0.011693 0.005059
-0.005543 -0.001088 0.001950
0.015345 0.009085 0.002405
0.002309 -0.000559 -0.003485
0.008269 0.002655 -0.003507
-0.000610 -0.002892 -0.000416
-0.004738 -0.002266 -0.004577
-0.005092 0.006322 0.000677
-0.008698 0.000804 -0.008089
0.052464 0.038035 -0.002002
-0.003222 -0.001973 0.004121
-0.004496 -0.002628 0.005264
-0.001341 -0.006269 0.010531
-0.001736 0.006665 -0.004842
0.004052 -0.005054 -0.006601
0.002408 -0.001286 0.001156
0.011381 0.001731 -0.000584
-0.005636 -0.002162 0.001684
0.010456 0.004088 -0.000564
0.002346 0.001214 -0.003091
0.008469 0.001824 -0.003174
-0.001930 -0.002382 -0.000975
-0.003707 -0.003092 -0.004932
-0.004961 0.004975 0.000251
-0.009347 0.000210 -0.007937
0.004486 -0.000716 -0.002731
-0.003364 -0.001922 0.003985
-0.005994 -0.001488 0.002066
-0.003324 -0.007216 0.010240
-0.006672 -0.002302 0.000615
0.004197 -0.001629 -0.005471
0.001283 -0.002577 0.001215
0.010850 0.002956 0.001037
-0.005663 -0.003198 0.000929
0.010696 0.003277 0.000101
0.001597 0.000106 -0.004466
0.008183 0.007518 0.000788
-0.000166 0.014954 0.016561
-0.003157 -0.003338 -0.005868
-0.005214 0.007658 0.000094
-0.006140 0.004952 -0.003908
0.005082 -0.001108 -0.002252
-0.003443 -0.001516 0.004510
-0.007174 -0.001547 0.002770
-0.001332 -0.006319 0.010362
-0.006377 -0.000131 -0.000654
0.005331 0.001152 -0.005015
0.002864 -0.002747 0.000944
0.009956 0.002285 0.002437
-0.005244 -0.001822 0.002348
0.008666 0.003711 -0.001861
0.002605 0.001141 -0.002858
0.008821 0.002359 -0.004108
-0.002041 -0.003379 -0.000909
-0.003825 -0.002699 -0.004882
-0.005091 0.006348 -0.000172
-0.009578 0.000251 -0.007641
0.004832 -0.001252 -0.002556
-0.003644 -0.001831 0.004926
-0.006255 -0.003989 0.002699
-0.005823 -0.000242 0.007743
-0.002327 0.006213 0.003752
0.004283 -0.005014 -0.003900
0.003974 -0.002465 0.000524
0.024915 0.021053 0.002486
0.003668 -0.003022 0.002010
-0.003377 0.001553 0.002508
-0.000420 0.014027 -0.002152
-0.003355 0.006626 -0.001297
0.006160 -0.001079 -0.000540
0.004358 -0.003071 -0.005588
0.007196 0.010819 0.004781
0.014037 0.010938 -0.001940
-0.000474 -0.006221 -0.006030
0.002485 0.000215 0.005628
-0.022387 -0.003885 -0.005188
0.023091 0.025892 0.011401
-0.002141 -0.008955 -0.009746
0.017989 0.000739 -0.000014
-0.005514 0.000419 0.007108
-0.012985 -0.001336 0.002670
0.004963 -0.003770 0.001138
-0.001368 -0.001473 0.003807
-0.004377 0.004173 0.002650
-0.021971 0.026696 -0.000843
0.006365 -0.001204 -0.000936
0.004760 -0.000796 -0.003195
0.002701 0.000892 -0.000490
0.010944 0.003696 0.002680
-0.000436 -0.008953 -0.006197
0.002924 0.003023 0.005515
-0.022544 -0.003865 -0.005286
0.002212 0.005747 0.012068
-0.002329 -0.009102 -0.010412
0.017201 -0.001406 0.000273
-0.006023 -0.001482 0.008713
-0.013073 -0.003910 0.002766
0.005401 -0.002774 0.000118
-0.002738 0.001889 0.002405
-0.007548 0.012072 0.006833
-0.003515 0.006640 -0.001359
0.007968 0.001799 -0.003468
0.004685 0.027451 -0.039730
-0.000199 0.008632 -0.004789
0.010847 0.004958 0.001834
-0.000982 -0.005959 -0.006386
-0.031839 0.028031 0.006597
-0.022602 -0.003934 -0.005159
-0.016370 0.023999 0.011379
-0.004885 -0.002250 -0.006548
0.017981 0.000274 -0.000037
-0.005357 0.000341 0.006388
-0.014002 -0.001690 0.002789
0.003570 -0.003169 0.000940
-0.001342 0.000398 0.002529
-0.005165 0.003026 0.000854
-0.003602 0.006169 -0.001402
0.005821 0.000239 -0.000702
0.004458 0.006052 -0.010121
0.002294 -0.000727 0.000966
0.009156 0.004476 0.002991
-0.000142 -0.005836 -0.006488
0.003095 0.003435 0.005538
-0.021589 -0.004046 -0.005227
0.003888 0.005657 0.011211
-0.000340 -0.007223 -0.009493
0.018002 0.000655 -0.000075
-0.006171 0.000214 0.006664
-0.013663 -0.002314 0.002325
0.004583 -0.006303 0.001475
-0.005741 0.006809 0.006521
-0.004196 0.004603 0.002172
0.010110 0.021551 -0.002051
0.004663 -0.001155 -0.001053
0.004713 -0.000937 -0.003815
0.002568 -0.000901 -0.000467
0.013570 0.010435 -0.001875
-0.000181 -0.012215 -0.006221
0.002892 0.002535 0.005721
-0.023446 -0.002488 -0.006721
0.002909 0.005018 0.012179
-0.004025 -0.002774 -0.007000
-0.021026 0.025615 -0.000022
-0.008031 0.020403 0.034410
-0.012554 -0.001519 0.003087
0.004714 -0.003505 0.001382
-0.001568 -0.001192 0.000878
-0.004685 0.004815 0.002631
-0.004325 0.007237 -0.001688
0.005622 -0.001000 -0.000787
0.004213 -0.001440 -0.003639
0.003110 0.000901 -0.000503
0.009962 0.005312 0.002499
-0.001006 -0.007041 -0.006135
0.002367 0.002798 0.005122
-0.022717 -0.003003 -0.005564
0.002088 0.005961 0.011535
-0.000541 -0.007714 -0.009510
0.018919 0.000902 0.000486
-0.005975 0.005838 0.013261
-0.013287 -0.000626 0.002917
0.005628 -0.002981 0.001628
-0.001917 0.000808 0.001825
-0.003813 0.003231 0.004048
-0.003652 0.006908 -0.001460
0.006084 -0.002377 -0.001499
0.004304 -0.000786 -0.005692
0.003490 -0.000503 -0.001766
0.009631 0.005489 0.002455
-0.001496 -0.005859 -0.005915
0.002772 0.002605 0.005402
-0.023299 -0.004208 -0.005188
0.001731 0.005925 0.011842
-0.000471 -0.008645 -0.010022
0.018743 0.000232 -0.000429
-0.005903 -0.000237 0.006967
-0.014080 -0.002308 0.003844
0.005069 -0.002025 0.001337
-0.005929 0.006498 -0.001340
-0.005099 0.003020 0.002649
-0.002951 0.007460 -0.001370
0.006567 -0.000822 -0.000702
0.003995 -0.000820 -0.002939
0.002755 0.000756 0.000027
0.010194 0.005021 0.001944
-0.000945 -0.005145 -0.006117
0.003160 0.002280 0.004724
-0.022188 -0.005018 -0.005144
0.003814 0.004917 0.010960
0.000781 -0.007911 -0.011234
0.018956 0.000773 0.000270
-0.005869 0.000222 0.008963
