0 0.273335 -3.52129e-12
100 0.253231 -3.52129e-12
200 0.131578 -3.52129e-12
300 -0.08014 -3.52129e-12
400 -0.357108 -3.52129e-12
500 -0.684267 -3.52129e-12
600 -1.05203 -3.52129e-12
700 -1.45381 -3.52129e-12
800 -1.88487 -3.52129e-12
900 -2.3416 -3.52129e-12
1000 -2.82118 -3.52129e-12
1100 -3.32134 -3.52129e-12
1200 -3.84024 -3.52129e-12
1300 -4.37631 -3.52129e-12
1400 -4.92826 -3.52129e-12
1500 -5.49494 -3.52129e-12
1600 -6.07538 -3.52129e-12
1700 -6.66873 -3.52129e-12
1800 -7.27422 -3.52129e-12
1900 -7.89118 -3.52129e-12
2000 -8.51902 -3.52129e-12
