2176.0000 0.05 1
1.11111
4.44444
11.1111
2.22222
11.1111
4.44444
13.3333
11.1111
20
11.1111
6.66667
11.1111
24.4444
23.3333
17.7778
23.3333
26.6667
18.8889
13.3333
34.4444
16.6667
11.1111
2.22222
10
14.4444
16.6667
34.4444
40
23.3333
40
11.1111
26.6667
17.7778
31.1111
24.4444
32.2222
26.6667
27.7778
40
24.4444
32.2222
46.6667
36.6667
47.7778
70
57.7778
54.4444
41.1111
80
108.889
93.3333
126.667
127.778
136.667
151.111
146.667
161.111
190
190
202.222
216.667
267.778
192.222
230
230
291.111
233.333
281.111
255.556
261.111
292.222
302.222
315.556
337.778
318.889
347.778
286.667
347.778
305.556
307.778
292.222
306.667
291.111
277.778
312.222
273.333
246.667
287.778
292.222
297.778
314.444
317.778
320
312.222
335.556
312.222
318.889
295.556
293.333
302.222
298.889
287.778
334.444
362.222
311.111
361.111
374.444
363.333
348.889
354.444
338.889
293.333
251.111
215.556
180
157.778
191.111
238.889
266.667
331.111
350
398.889
420
404.444
418.889
413.333
450
400
380
358.889
344.444
371.111
345.556
395.556
384.444
377.778
386.667
427.778
406.667
454.444
407.778
404.444
408.889
361.111
357.778
376.667
368.889
376.667
435.556
415.556
414.444
432.222
405.556
336.667
354.444
322.222
351.111
311.111
332.222
255.556
284.444
260
274.444
255.556
244.444
222.222
278.889
211.111
241.111
217.778
232.222
257.778
224.444
240
234.444
214.444
208.889
225.556
176.667
205.556
176.667
200
175.556
173.333
256.667
232.222
236.667
211.111
215.556
168.889
175.556
197.778
262.222
238.889
222.222
271.111
242.222
226.667
264.444
341.111
344.444
320
303.333
327.778
307.778
333.333
382.222
410
430
432.222
443.333
434.444
507.778
478.889
502.222
474.444
434.444
345.556
314.444
222.222
115.556
13.3333
1.11111
0
0
2.22222
0
0
0
0
0
0
0
0
0
0
0
0
0
0
0
0
0
0
0
4.44444
2.22222
0
0
2.22222
2.22222
4.44444
4.44444
0
5.55556
0
0
6.66667
0
4.44444
4.44444
2.22222
2.22222
4.44444
1.11111
0
2.22222
0
0
2.22222
0
2.22222
0
