-0.005649 0.016877 0.011770
-0.009807 0.000621 0.000764
-0.034986 0.033325 0.041741
0.012028 0.007382 -0.002378
-0.000425 0.015683 -0.005655
-0.009946 0.001899 -0.006117
-0.001066 0.002211 0.004758
-0.000758 -0.005996 -0.002942
-0.002254 -0.011290 -0.001020
-0.011978 -0.004853 -0.000154
0.028024 -0.009236 0.000503
-0.010212 -0.005850 -0.003796
0.004869 -0.007341 0.003387
0.001555 -0.018180 -0.003599
-0.003612 0.001446 0.000769
0.012911 0.001149 0.002372
0.000279 0.010808 0.013483
-0.008382 0.003507 0.000189
-0.003865 0.018490 0.002310
-0.020407 0.018820 -0.037016
-0.001976 0.016682 -0.005369
-0.010171 0.000132 -0.002880
-0.000152 0.003576 0.004524
0.000660 -0.016562 -0.002281
-0.010293 -0.000867 -0.001526
0.038508 0.051160 -0.001634
0.011106 -0.007802 0.001215
-0.008920 -0.009616 -0.003028
0.005014 -0.007562 0.003828
0.007104 -0.011576 -0.000315
-0.004754 -0.000111 0.001134
0.014629 -0.011278 0.002721
-0.001257 0.012168 0.011534
-0.008639 0.001832 0.000756
-0.000932 0.019180 0.000480
0.011503 0.008472 -0.005429
-0.002267 0.015230 -0.005974
-0.009053 -0.001349 -0.001951
0.001646 0.003717 0.004256
0.000722 -0.014907 -0.002566
-0.004001 -0.011632 -0.000826
-0.011676 -0.004285 -0.001751
0.011516 -0.008366 0.000056
-0.009606 -0.008883 -0.004204
0.005311 -0.007752 0.001993
0.003400 -0.018508 -0.000522
-0.004026 0.001412 0.001863
0.014855 -0.011660 0.002370
-0.000383 0.007976 0.012391
-0.008920 0.002090 0.000441
-0.002041 0.020178 0.000667
0.011881 0.007448 -0.003388
-0.001985 0.017060 -0.007623
-0.008910 0.001425 -0.001133
0.000120 0.002577 0.002650
0.003041 -0.010811 -0.002745
-0.003854 -0.012367 -0.001288
-0.012280 -0.005117 -0.001634
0.010865 -0.007285 0.000480
-0.008582 -0.003559 -0.002864
0.004932 -0.007403 0.003969
0.002918 -0.019282 0.000236
-0.002637 -0.000230 0.003422
0.013431 0.000588 0.003047
-0.000031 0.010210 0.012651
-0.009222 0.000664 0.000472
-0.000844 0.018821 0.002901
0.009222 0.008443 -0.005213
-0.001484 0.015843 -0.006513
-0.007337 0.000495 -0.003022
-0.000541 0.003359 0.004020
-0.000111 -0.017124 -0.002943
-0.003283 -0.009915 -0.001168
-0.012935 -0.004658 -0.003496
0.011232 -0.003887 0.000794
-0.010674 -0.008210 -0.003579
0.005735 -0.009789 0.003758
0.002625 -0.019913 0.003103
-0.003754 0.000041 0.002733
0.013324 -0.010663 0.003141
-0.011360 0.010056 0.023152
-0.009653 0.070867 0.085072
-0.001405 0.018793 0.000267
0.011988 0.008802 -0.002461
-0.001722 0.015093 -0.005176
-0.009249 -0.002041 -0.004561
-0.000027 0.003120 0.004056
-0.003925 -0.009177 -0.001613
0.001819 -0.005719 0.001550
-0.011387 -0.007319 -0.001652
0.014009 -0.009227 -0.000124
-0.012083 -0.007872 -0.004601
0.004104 -0.007437 0.004003
-0.003398 -0.010426 -0.001791
-0.003767 -0.000157 0.001720
0.013164 -0.011152 0.002326
-0.002918 0.008643 0.009286
-0.009283 0.001805 0.003247
-0.000697 0.018682 0.001407
0.012332 0.007992 -0.001581
0.031383 0.026339 0.033378
-0.012215 0.008024 -0.007340
-0.000161 0.005048 0.005997
-0.004174 -0.010395 -0.003536
0.001934 -0.008288 -0.003759
-0.010370 -0.004448 -0.002000
0.013642 -0.008523 0.000802
-0.010582 -0.006436 -0.002320
0.004409 -0.007742 0.003607
0.001028 -0.018538 -0.001091
0.002763 -0.582236 -0.013093
0.013141 -0.011028 0.003359
-0.000100 0.011039 0.012612
-0.007820 0.000891 0.001000
-0.000732 0.019532 -0.000390
0.012211 0.008069 -0.001718
-0.000318 0.016294 -0.004991
-0.011037 0.000516 -0.002362
0.029878 0.009927 -0.027954
-0.002020 -0.016560 -0.002612
-0.003075 -0.002012 -0.001271
-0.011494 -0.004733 -0.002179
0.011795 -0.006068 0.000161
-0.025734 -0.010229 -0.004030
-0.014438 0.062310 -0.000429
0.003191 -0.020089 -0.001657
-0.003462 -0.000116 0.000049
0.013696 -0.010871 0.002652
-0.001376 0.001700 -0.005337
0.006909 0.009097 -0.002333
-0.011754 0.011380 0.007172
0.008991 0.023039 -0.002084
-0.001310 -0.003940 -0.000530
0.000844 0.004572 -0.009604
-0.008807 -0.002959 0.000562
0.013260 0.001122 -0.010723
0.001954 0.007681 -0.001209
-0.027027 0.024623 0.001611
-0.007581 0.007929 0.002150
-0.006646 -0.002102 -0.000046
0.011107 -0.005136 -0.000391
-0.002398 0.004143 0.004314
0.001492 0.009686 0.002688
-0.015880 -0.012541 0.000734
-0.000019 0.004449 -0.010234
0.007831 0.009470 -0.002533
-0.010396 0.008540 0.001982
0.006173 0.022741 -0.001479
0.000535 0.013173 -0.021063
-0.002610 0.010053 -0.008621
-0.007751 -0.000927 0.000149
0.006894 0.011250 -0.000171
0.000002 0.008061 -0.000630
0.018626 -0.011494 0.002693
-0.007949 0.007108 0.005972
-0.006751 0.004333 -0.004168
0.011634 -0.005640 0.000576
-0.000266 -0.002248 -0.000030
0.009810 -0.009280 0.002075
-0.015846 -0.011886 0.001851
0.001400 0.018164 0.015686
0.006260 0.004582 0.000234
-0.010142 0.009956 0.002097
0.007145 0.023702 -0.002215
0.000209 -0.002304 0.005263
0.002155 0.002702 -0.011125
-0.008206 -0.000958 0.000632
0.001963 0.004284 -0.001709
-0.001801 0.008007 -0.002877
0.018639 -0.011682 0.003336
-0.009048 0.007682 -0.001324
-0.006334 0.003437 0.003641
0.012395 -0.008052 -0.000004
-0.000948 -0.001461 0.008254
0.010047 -0.009934 0.002631
-0.016722 -0.011442 0.001074
-0.000489 0.004128 -0.005956
0.010826 0.013989 -0.002596
-0.009628 0.010948 0.001475
0.006271 0.023633 -0.001539
-0.000368 -0.001920 -0.000103
-0.001273 0.001612 -0.006554
-0.007456 -0.001227 0.000775
0.002431 0.006253 -0.000156
-0.001118 0.007602 -0.002114
0.018310 -0.014486 0.003410
-0.009283 0.006140 0.001891
-0.004787 -0.000926 -0.000209
0.010236 -0.005691 -0.000535
-0.003502 -0.004609 0.004643
0.022134 0.008687 0.001842
-0.016682 -0.013492 0.001182
0.000591 0.002920 -0.006255
0.007053 0.008188 -0.002864
-0.009159 0.011187 0.002886
0.006711 0.023550 -0.001460
0.000207 -0.002717 0.001262
0.002131 0.004240 -0.011042
-0.009034 -0.002043 0.001676
0.005789 0.001835 0.002800
-0.001542 0.008564 -0.002422
0.018405 -0.010862 0.003047
-0.009778 0.005035 0.001864
0.000062 0.009819 0.000178
0.011273 -0.005281 0.000417
-0.004232 -0.006848 0.004272
0.010720 -0.008566 0.001884
-0.016391 -0.011025 0.001985
-0.000442 0.004232 -0.003539
0.009250 0.005371 -0.005150
-0.012339 0.018425 0.006950
0.010719 0.031042 0.001807
0.000170 -0.001991 0.000028
0.001055 0.000939 -0.010449
-0.008685 -0.002643 -0.003033
0.002262 0.002273 -0.001464
-0.001000 0.005466 -0.005428
0.019199 -0.011806 0.002153
-0.008882 0.008206 0.000343
-0.004617 -0.000940 0.000681
0.010483 -0.006437 0.000649
-0.004076 -0.005277 0.005281
0.010909 -0.010992 0.006151
-0.016738 -0.009381 0.000575
-0.000099 0.003673 -0.006336
0.017301 0.004860 0.009146
-0.009463 0.007729 0.004086
0.005894 0.021025 0.000016
-0.000326 -0.002383 -0.001107
0.001420 0.004338 -0.009787
-0.008638 0.071639 -0.075919
0.002375 0.006255 -0.000763
0.003266 0.014826 -0.004955
0.018524 -0.012095 0.004324
-0.008085 0.005550 0.003609
-0.005090 -0.001465 -0.001030
0.018228 0.049199 -0.002961
-0.005305 -0.000002 0.003599
0.010768 -0.009683 -0.000449
-0.015975 -0.009456 0.002321
0.000204 0.002642 -0.005042
0.006781 0.006880 -0.000827
-0.012372 0.010112 0.002239
0.008890 0.022816 0.002154
0.001102 -0.003019 -0.000332
-0.008119 0.002619 -0.019780
-0.007513 -0.002128 0.000280
0.002593 0.005594 0.000156
0.000896 0.008162 -0.005660
0.017962 -0.011423 0.002613
-0.009329 0.008422 0.002380
-0.006418 0.008886 -0.000158
0.010521 -0.005236 0.000730
-0.001730 -0.006470 0.004175
0.012613 -0.008304 0.002233
-0.017256 -0.011684 0.001336
