2176.0000 0.05 1
1.11111
4.44444
11.1111
2.22222
11.1111
4.44444
13.3333
11.1111
20
11.1111
6.66667
11.1111
24.4444
23.3333
17.7778
23.3333
26.6667
18.8889
13.3333
34.4444
16.6667
8.88889
4.44444
10
14.4444
16.6667
34.4444
40
23.3333
40
11.1111
26.6667
17.7778
31.1111
24.4444
32.2222
26.6667
27.7778
40
24.4444
32.2222
46.6667
36.6667
47.7778
70
55.5556
56.6667
41.1111
80
106.667
95.5556
126.667
127.778
136.667
151.111
146.667
158.889
192.222
190
204.444
214.444
267.778
192.222
230
230
291.111
237.778
278.889
253.333
261.111
291.111
301.111
317.778
340
316.667
350
284.444
347.778
304.444
308.889
296.667
300
291.111
277.778
316.667
271.111
248.889
287.778
290
297.778
314.444
316.667
323.333
310
333.333
318.889
313.333
296.667
293.333
297.778
303.333
290
332.222
357.778
320
357.778
375.556
358.889
351.111
356.667
336.667
295.556
248.889
217.778
175.556
160
191.111
238.889
264.444
333.333
347.778
398.889
420
400
426.667
412.222
450
400
382.222
356.667
344.444
371.111
347.778
397.778
380
378.889
381.111
427.778
408.889
456.667
407.778
406.667
411.111
356.667
362.222
372.222
368.889
375.556
441.111
413.333
407.778
436.667
407.778
332.222
356.667
322.222
353.333
310
331.111
255.556
283.333
263.333
268.889
258.889
242.222
224.444
276.667
211.111
241.111
217.778
230
261.111
225.556
240
236.667
212.222
208.889
225.556
176.667
207.778
174.444
197.778
175.556
174.444
256.667
235.556
234.444
210
216.667
170
173.333
198.889
262.222
238.889
224.444
272.222
236.667
226.667
262.222
350
337.778
320
305.556
330
307.778
333.333
377.778
412.222
434.444
425.556
445.556
432.222
513.333
476.667
501.111
474.444
432.222
350
312.222
225.556
112.222
15.5556
3.33333
0
0
0
0
0
0
0
0
0
0
0
0
0
0
0
0
0
0
0
0
0
0
2.22222
2.22222
0
0
2.22222
2.22222
2.22222
6.66667
0
5.55556
0
0
6.66667
0
6.66667
4.44444
0
2.22222
2.22222
3.33333
0
2.22222
0
0
2.22222
0
2.22222
0
