-0.000865 0.011145 0.013047
-0.009333 0.000649 0.001362
-0.001252 0.019168 0.000001
0.012429 0.007986 -0.002521
-0.002517 0.014562 -0.005958
-0.008938 0.001014 -0.002240
0.003223 0.000790 0.010097
-0.000181 -0.015830 -0.003464
-0.003174 -0.011173 0.000450
-0.011630 -0.004875 -0.002697
0.011344 -0.006765 0.000310
-0.009759 -0.006559 -0.005883
0.004015 -0.008292 0.003281
0.003625 -0.019443 -0.001609
-0.003738 0.000946 0.001929
0.013575 -0.011537 0.002729
-0.000807 0.010709 0.012330
-0.005115 0.005719 0.000211
-0.000927 0.017500 0.000038
0.012485 0.007613 -0.002632
-0.004132 0.018629 0.000472
-0.009628 0.000216 -0.001499
-0.000181 0.003658 0.005204
-0.000310 -0.016529 -0.004346
-0.003696 -0.014888 -0.001209
-0.011781 -0.005162 -0.003736
0.011245 -0.006396 0.000470
-0.009356 -0.006247 -0.003548
0.004779 -0.006911 0.003387
0.004155 -0.020049 -0.001267
-0.004457 0.000462 0.006686
0.013373 -0.011405 0.002827
-0.000905 0.011804 0.012742
-0.008920 0.003598 -0.003562
-0.001549 0.018961 0.001579
0.010038 0.008857 -0.003985
0.014125 0.005812 -0.002579
-0.009594 0.002872 -0.001674
0.000155 0.004417 0.004655
0.000168 -0.015509 -0.004677
-0.002259 -0.008905 -0.001280
-0.011223 -0.005295 -0.003098
0.011590 -0.006751 0.000331
-0.009837 -0.006103 -0.004021
0.004121 -0.007951 0.003700
0.002627 -0.018146 -0.001531
-0.001672 -0.002815 0.004945
0.014282 -0.011551 0.002697
-0.000029 0.011059 0.013611
-0.009402 0.000965 0.000684
-0.000902 0.018849 0.000176
0.012299 0.010492 -0.002126
-0.001826 0.015006 -0.005808
-0.004792 -0.000060 -0.001503
-0.005128 0.002644 0.004793
-0.000465 -0.016421 -0.003715
-0.004692 -0.013519 -0.001427
-0.011805 -0.005460 0.002353
0.007882 -0.009086 0.000410
-0.012154 -0.000896 -0.000355
-0.000765 -0.003391 0.008180
0.003092 -0.019210 -0.002536
-0.004217 0.000804 0.000960
0.011676 -0.011301 0.002983
0.000173 0.009736 0.011914
-0.009673 0.001214 0.000908
-0.002818 0.019676 0.001037
0.010616 0.008612 -0.002720
-0.001536 0.016247 -0.005449
-0.007555 0.000511 -0.001661
-0.016940 0.015078 0.007100
0.000702 -0.015618 -0.003152
-0.003847 -0.011414 0.000381
-0.011070 -0.005402 -0.002014
0.011244 -0.006334 0.000237
-0.009218 -0.006421 -0.003715
0.003342 -0.006365 0.003831
0.003198 -0.019032 -0.000039
-0.003860 0.000224 0.001356
0.014307 -0.011358 0.003843
-0.002945 0.011985 0.013152
-0.009958 0.001226 -0.004326
-0.001725 0.017420 0.000869
0.011950 0.007768 -0.002472
0.001046 0.014534 -0.009645
-0.014536 -0.002672 0.000823
0.000383 0.004687 0.004931
0.000330 -0.014951 0.003667
-0.003419 -0.011453 -0.001964
-0.011503 -0.005470 -0.003357
0.012738 -0.007165 0.007760
-0.009932 -0.006408 -0.004534
0.004742 -0.007649 0.005920
0.003741 -0.013207 0.005061
-0.001856 -0.000419 0.001709
0.013399 -0.011511 0.007104
-0.059323 0.044288 0.085264
-0.010791 0.004845 0.000642
-0.004195 -0.042557 0.058649
0.011195 0.007911 -0.002735
0.003336 0.015941 -0.005590
0.008898 0.011584 0.001697
-0.001662 0.002908 0.004600
-0.002650 -0.017389 0.000379
-0.003646 -0.011316 0.000983
-0.011166 -0.005043 -0.003034
0.009443 -0.008834 0.002505
-0.008738 -0.005666 -0.004463
0.004458 -0.007790 0.004954
0.005223 -0.024069 0.004031
-0.005848 0.001852 0.001612
0.015322 -0.008199 0.007287
-0.000597 0.011297 0.011817
-0.007653 0.002351 0.000710
-0.001188 0.019233 0.000693
0.014469 0.084349 0.085775
-0.000012 0.016360 -0.005188
-0.008189 0.002845 -0.006330
-0.001496 0.005106 0.000335
0.000414 -0.015540 -0.003574
-0.002678 -0.010424 -0.001226
-0.009636 -0.005116 0.004068
0.014827 -0.004077 0.000929
-0.008028 -0.011617 0.001441
0.008205 -0.010184 0.009716
0.003724 -0.019378 -0.001051
-0.003852 -0.000007 0.001132
0.015509 -0.010112 0.003728
0.000170 0.002959 -0.005658
0.007280 0.012909 -0.003425
-0.010183 0.010341 0.003075
0.008006 0.023678 -0.001385
0.000278 -0.002466 -0.000305
0.001671 0.004219 -0.009564
-0.008096 -0.000982 0.001398
0.003550 0.005803 -0.000063
-0.001661 0.006830 -0.001283
0.018051 -0.011421 0.003204
-0.008326 0.009976 0.002309
-0.004989 -0.000757 0.000524
0.011160 -0.005689 -0.000651
-0.003232 -0.005961 0.004556
0.010383 -0.009875 0.001257
-0.016532 -0.011530 0.000854
-0.000385 0.003074 -0.005400
0.007180 0.010229 -0.007863
-0.009098 0.008921 0.003533
0.007506 0.023474 -0.002453
0.000297 -0.002759 0.000319
0.001475 0.004251 -0.009951
-0.008346 -0.004011 -0.004015
0.002615 0.006620 0.000113
-0.000882 0.009978 -0.001463
0.017869 -0.011157 0.003342
-0.008244 0.010091 0.001657
-0.004704 -0.001693 0.000646
0.011668 -0.005135 -0.002317
-0.003855 -0.005698 0.004327
0.010867 -0.009536 0.001832
-0.016122 -0.006008 0.006546
-0.000768 0.003353 -0.004802
0.003782 0.012324 -0.002278
-0.009725 0.009775 0.002753
0.006756 0.021851 -0.001043
0.001516 -0.003336 -0.000563
0.000811 0.004280 -0.009546
-0.010968 -0.005144 0.000534
0.004851 0.004659 -0.000326
-0.000624 0.007084 -0.002756
0.018587 -0.012178 0.003203
-0.008611 0.010242 0.001447
-0.004620 -0.001161 -0.000349
0.011492 -0.006214 0.001361
-0.003686 -0.005971 0.005453
0.009223 -0.009852 0.002259
-0.018050 -0.016700 0.006465
0.049016 0.032190 0.039384
0.007166 0.009285 -0.002946
-0.011661 0.009101 -0.001302
0.006663 0.026473 0.006497
-0.001498 -0.002991 -0.001050
0.003302 0.003431 -0.009114
-0.009377 -0.002818 0.000375
0.000682 0.004959 -0.004377
-0.002780 0.026692 0.001541
0.018775 -0.010924 0.003056
-0.003807 0.011064 0.007184
-0.004450 -0.000849 0.020393
0.011908 -0.005772 0.000475
0.000197 -0.000474 0.010196
0.011624 -0.009244 0.002554
-0.016627 -0.011211 0.001499
-0.000974 0.003073 -0.003904
0.008949 0.008777 -0.006371
-0.010375 0.011204 0.002128
0.006201 0.022397 -0.001879
0.000202 -0.002708 0.000526
0.001407 0.004990 -0.009742
-0.007986 -0.001961 0.000729
0.002870 0.004754 0.000585
-0.000563 0.008147 -0.002386
0.018054 -0.011895 0.003353
-0.008585 0.010070 0.001226
-0.004809 -0.001863 -0.000189
0.011909 -0.005165 -0.000707
-0.003574 -0.005391 0.004300
0.010047 -0.009784 0.002271
-0.017175 -0.011923 0.000513
0.000174 0.003876 -0.004898
0.008839 0.007695 -0.002584
-0.007231 0.012300 0.007939
0.006889 0.023297 -0.000279
-0.000861 -0.002692 0.000165
0.001031 0.004329 -0.010634
-0.006065 -0.003174 -0.004741
0.003351 0.003353 -0.005151
-0.000464 0.007357 -0.001652
0.018246 -0.011156 0.000015
-0.008338 0.010477 -0.000312
-0.005282 -0.000909 -0.000948
0.012345 -0.005729 -0.001146
-0.003450 -0.005419 0.005163
0.010333 -0.010412 0.004772
-0.016759 -0.011449 -0.001486
-0.000709 0.001995 -0.005506
0.007030 0.008721 -0.001855
-0.026414 0.002039 0.006191
0.007858 0.022777 -0.002117
-0.000041 -0.001011 -0.000555
0.001132 0.004418 -0.008290
-0.007107 -0.006073 0.000380
0.005145 0.002555 -0.000662
-0.001333 0.008053 -0.002006
0.023800 -0.022801 -0.555080
-0.008699 0.010196 0.001947
-0.004984 -0.001049 -0.000144
0.011060 -0.005094 -0.000968
-0.004009 -0.006036 0.006290
0.008635 -0.004728 0.008839
-0.016607 -0.012000 0.001425
0.001030 0.003983 -0.005275
0.007202 0.007913 -0.002415
-0.015187 0.012325 0.003327
0.006774 0.003603 0.002969
-0.059755 -0.037835 0.061129
0.065895 -0.030083 0.065802
-0.008517 -0.001973 0.001466
0.002512 0.000547 -0.000266
0.000121 0.005358 0.006830
0.017361 -0.012551 0.002937
-0.011328 0.008908 0.007210
-0.005625 -0.001016 0.022406
0.011693 -0.005468 -0.001263
-0.007232 -0.010253 0.009838
0.008356 -0.009992 0.002275
-0.016467 -0.012589 0.001140
