2176.0000 0.05 1
1.875
3.75
6.25
6.25
7.5
16.25
8.75
7.5
17.5
15
14.375
16.25
25
16.25
6.25
31.25
23.125
18.125
28.75
10
10
13.125
10
10
16.25
20
25
30
37.5
19.375
22.5
28.75
13.75
26.875
20.625
29.375
21.25
42.5
43.125
30.625
37.5
55
48.75
45.625
41.875
67.5
54.375
48.125
85.625
92.5
98.75
123.125
138.75
135
138.125
154.375
181.25
151.875
157.5
201.25
176.25
174.375
234.375
251.875
267.5
237.5
234.375
280.625
293.125
310.625
297.5
319.375
302.5
311.875
325
338.125
341.25
362.5
317.5
355
370.625
366.875
326.875
361.875
334.375
376.25
315.625
291.875
304.375
286.875
271.875
255.625
233.75
248.75
253.75
296.875
207.5
250
311.25
294.375
321.25
307.5
306.875
303.125
246.875
296.25
307.5
299.375
325.625
274.375
277.5
303.125
271.875
321.875
290
316.875
248.75
297.5
351.875
320.625
314.375
315
328.125
365
340.625
380.625
402.5
376.25
391.875
395
392.5
429.375
452.5
471.25
453.75
441.25
453.125
436.875
447.5
416.25
406.25
428.125
383.125
359.375
316.25
352.5
329.375
308.75
316.875
330.625
303.75
275.625
216.25
255
250
302.5
279.375
248.75
270
225.625
321.25
288.125
328.125
301.875
301.25
290
286.875
295
354.375
287.5
326.25
352.5
370.625
353.125
264.375
285
213.75
289.375
344.375
267.5
262.5
267.5
258.75
237.5
246.875
247.5
265.625
325.625
238.75
227.5
238.125
226.25
178.75
247.5
255
281.25
256.875
304.375
256.25
262.5
255.625
205.625
206.875
269.375
252.5
326.25
345.625
343.75
353.75
275
366.875
294.375
515.625
534.375
507.5
425
367.5
258.125
234.375
204.375
165
120
61.25
31.875
11.875
3.75
1.25
3.75
1.25
0
0
0
0
0
0
0
0
0
0
2.5
0
