0.010875 0.002409 0.002203
-0.005051 -0.001269 -0.000079
0.010609 0.003829 -0.000714
0.002284 0.000777 -0.003643
0.008126 0.002521 -0.002986
-0.001070 -0.004756 0.000478
-0.005123 -0.002252 -0.004440
-0.005412 0.005774 0.000924
-0.011134 0.004568 -0.011302
0.005817 -0.001356 -0.002131
-0.008154 0.001539 -0.001693
-0.005975 -0.002487 0.003164
-0.002076 -0.024732 -0.011044
-0.008236 -0.004112 -0.005450
0.004923 0.001593 -0.004027
-0.002671 -0.007244 -0.010273
0.010449 0.002143 0.000896
-0.004972 -0.002211 0.001721
0.010506 0.003744 -0.029446
0.006361 -0.004822 -0.013402
0.008884 0.001930 -0.002652
0.003539 -0.000454 -0.005739
-0.005739 -0.001826 -0.004015
-0.006221 0.006184 0.001823
-0.009478 0.000694 -0.008302
0.006328 -0.001061 -0.001835
-0.003899 -0.002402 0.005486
-0.004400 -0.002127 0.002813
0.000407 -0.005236 0.020617
-0.008732 0.000109 -0.003442
0.006521 0.002023 -0.002925
0.002580 -0.001936 -0.000210
0.008452 0.004023 -0.001306
0.008525 -0.001338 -0.012837
0.010638 0.003979 -0.000619
0.002576 0.000589 -0.002334
0.009598 0.002655 0.002653
0.003151 -0.000560 -0.005680
0.035315 -0.001958 -0.039002
-0.010820 0.002826 -0.005615
-0.011287 -0.004134 -0.012075
-0.023254 -0.001115 -0.023944
-0.003789 -0.002307 0.005312
-0.009467 -0.004215 0.000595
-0.001825 0.013554 -0.010852
-0.008528 0.005878 -0.006158
0.010311 -0.001582 -0.010396
0.002617 -0.003170 0.001082
0.011040 0.001813 0.000376
-0.005149 -0.001488 0.000262
0.010611 0.004034 0.001182
0.002045 0.000811 -0.003923
0.008589 0.002404 -0.001723
-0.001246 -0.003464 -0.000656
-0.006040 -0.002029 -0.005576
-0.004991 0.006261 0.000340
-0.007629 0.002191 -0.005494
0.006020 -0.001130 -0.002898
-0.004455 -0.003412 0.006527
-0.005759 -0.002124 0.001455
-0.002131 0.013538 -0.010557
-0.005148 -0.001468 0.001594
0.003687 0.001548 -0.005808
0.006489 0.001273 -0.007893
0.012187 0.002144 0.001747
-0.005135 -0.000695 0.001734
0.010805 0.003817 0.000398
0.001983 -0.000546 -0.003015
0.008375 0.002387 -0.002705
-0.001075 -0.004221 0.000494
-0.005689 -0.002720 -0.003898
-0.004989 0.006522 0.000295
-0.008357 0.000732 -0.007467
0.006279 -0.001587 -0.001586
-0.003239 -0.003029 0.004374
-0.006170 -0.002101 0.002106
-0.001529 -0.005307 0.008541
-0.004758 0.000486 -0.000010
0.003929 0.001487 -0.005565
0.002710 -0.001916 0.000535
0.010940 0.002210 0.001168
-0.005458 -0.001140 0.000271
0.009828 0.004367 -0.027533
-0.000918 0.004053 -0.011817
0.007889 0.003713 -0.002558
-0.000080 -0.003866 0.001020
-0.004848 -0.001872 -0.004961
-0.007825 0.001305 -0.003750
-0.012070 0.000861 -0.011272
0.005300 -0.001147 -0.002364
-0.006847 0.001390 0.000173
-0.007857 -0.003694 0.002643
-0.002091 -0.005321 0.008049
-0.005384 0.000272 -0.000151
0.007826 -0.002247 -0.010542
0.002089 -0.001924 0.001853
0.010761 0.002132 0.001145
-0.025971 -0.001160 -0.019779
0.010599 0.003934 0.001328
0.001954 0.000824 -0.004187
0.008696 0.002608 -0.000605
-0.000061 -0.004504 0.001234
-0.003981 -0.002086 -0.002665
-0.005617 0.006932 0.001933
-0.007735 -0.000378 -0.006179
0.004638 -0.001147 0.000286
-0.003361 -0.002874 0.004669
-0.007132 -0.001841 0.002329
-0.002092 -0.024164 -0.010702
-0.005419 0.001890 0.001334
0.006670 0.001481 -0.003637
0.002106 -0.000053 0.001203
0.009044 0.003462 0.001712
-0.005384 -0.001922 0.000766
0.009618 0.004933 0.000207
0.002824 0.001484 -0.002855
0.008301 0.002355 -0.002570
-0.002231 -0.003086 -0.000967
-0.004964 -0.002444 -0.005053
-0.004846 0.006699 0.001155
-0.007661 0.000469 -0.007197
0.005491 -0.001280 -0.002527
-0.003057 -0.003248 0.005507
-0.006018 -0.002730 0.002178
-0.001983 -0.005263 0.009851
-0.004683 0.000311 -0.000057
0.004082 0.002705 -0.004520
0.001997 -0.001619 0.000496
-0.012722 -0.001361 0.003617
0.004548 -0.001646 0.001964
-0.003431 0.001365 0.002870
-0.004779 0.005123 0.002928
-0.003359 0.007040 -0.002223
0.006530 -0.001188 0.000120
0.004345 -0.001121 -0.005043
0.003307 0.000573 -0.000034
0.010367 0.005539 0.001127
-0.000745 -0.006384 -0.007410
0.004893 -0.000873 0.001414
-0.022761 -0.004530 -0.005164
0.002975 0.004763 0.009734
-0.000454 -0.008109 -0.006013
0.020294 0.004529 -0.004245
-0.005980 0.000403 0.006862
-0.012585 -0.001973 0.002938
0.006017 -0.032732 -0.018346
-0.003024 0.000910 0.002414
-0.004287 0.004091 0.001600
-0.003627 0.005249 -0.000895
0.010653 0.004040 -0.009891
0.025679 -0.000601 -0.027813
0.001783 0.000248 -0.000278
0.009291 0.005019 -0.000048
-0.001138 -0.005834 -0.005611
0.001738 0.002714 0.005721
-0.022705 -0.003870 -0.008150
0.001511 0.004286 0.011383
-0.000277 -0.007080 -0.010651
0.018929 0.000969 -0.000770
-0.006549 -0.000447 0.007788
-0.044997 -0.002445 -0.020436
0.004013 -0.002050 0.002145
0.016993 0.000529 -0.005543
-0.009910 0.009044 -0.008301
-0.003849 0.021181 -0.006776
0.006282 -0.001411 -0.001137
0.004542 -0.000702 -0.005196
0.003071 0.000122 -0.003573
0.016431 0.006965 0.442257
-0.001209 -0.018767 -0.008045
0.005305 0.007548 0.000996
-0.020846 -0.004015 -0.004224
0.003141 0.033666 -0.003697
-0.000354 -0.007042 -0.006935
0.020546 -0.003708 -0.004912
-0.005349 0.000289 0.013032
-0.011590 -0.001401 0.001860
0.004627 -0.001696 0.002048
-0.003973 0.001201 0.002103
-0.004470 0.002036 0.003325
-0.003612 0.009716 -0.004399
0.005832 -0.001246 -0.001764
0.004343 -0.001416 -0.005620
0.003511 0.000023 -0.000790
0.009621 0.005450 0.012610
-0.001009 -0.008961 -0.009558
0.001357 0.001622 0.007909
-0.021912 -0.004245 -0.005815
0.003530 0.007561 0.007781
-0.000942 -0.007693 -0.009129
0.017377 0.002331 0.001447
-0.005816 0.000258 0.009075
-0.012739 -0.000903 0.002797
0.004715 -0.003646 0.000003
-0.002919 0.001290 0.002473
-0.004267 0.004201 0.002049
-0.003619 0.006345 -0.000868
0.006090 -0.000004 -0.000490
0.004659 -0.001018 -0.005878
0.003489 0.000727 -0.001149
0.009431 0.005866 -0.000146
-0.001075 -0.005054 -0.005918
0.001063 0.002923 0.006122
-0.022098 -0.004699 -0.005001
0.002159 0.003703 0.012361
-0.000794 -0.007478 -0.010022
0.017050 0.000915 0.000245
-0.005944 0.000278 0.007864
-0.010827 -0.001723 0.003854
0.005785 -0.002938 0.004334
-0.004128 0.001082 0.002960
-0.004940 0.003886 0.003704
-0.003453 0.004807 -0.000668
0.002029 -0.004055 -0.008324
-0.013451 -0.000981 -0.023087
0.004911 -0.000008 0.000174
0.009922 0.006077 0.000050
-0.001301 -0.004895 -0.006197
0.002396 0.002907 0.004513
-0.022475 -0.003999 -0.004985
0.001499 0.004119 0.013033
-0.000544 -0.007880 -0.010480
0.024262 0.000910 -0.006734
-0.005248 0.001553 0.007861
-0.013971 -0.001399 0.005033
0.004151 -0.002270 0.000598
-0.001489 0.001029 0.004684
0.000232 0.001102 -0.005795
-0.003273 0.006666 0.001746
0.006049 -0.001205 -0.001646
0.004267 -0.000163 -0.005056
0.003260 0.000243 -0.000502
0.009290 0.005658 -0.001779
-0.000654 -0.005932 -0.002147
0.001730 0.003822 0.007230
-0.023667 -0.004098 -0.005031
0.003235 0.004831 0.015843
-0.000797 -0.007515 -0.010089
0.017509 -0.000447 0.000635
-0.006377 0.000363 0.009552
-0.010813 -0.000628 0.003846
0.005158 -0.006254 -0.001497
-0.003999 0.001896 0.003020
-0.005080 0.003950 0.002378
-0.003813 0.005443 -0.001618
0.006334 -0.002059 -0.000030
0.004256 -0.000669 -0.005883
0.002934 0.000319 -0.000559
0.009828 0.005158 0.000134
-0.000958 -0.004261 -0.005290
0.001576 0.002997 0.006029
-0.021853 -0.004000 -0.005448
0.002906 0.003506 0.011937
0.000007 -0.007299 -0.010141
0.016600 0.000688 0.000311
-0.005755 0.000095 0.007994
