2176.0000 0.05 1
1.875
3.75
6.25
6.25
7.5
16.25
8.75
7.5
16.25
16.25
14.375
16.25
25
16.25
6.25
31.25
23.125
18.125
30
8.75
10
13.125
10
10
16.25
20
25
30
37.5
19.375
23.75
27.5
13.75
26.875
21.875
28.125
21.25
42.5
43.125
30.625
37.5
56.25
46.875
46.25
43.125
66.25
55.625
48.125
84.375
92.5
97.5
125.625
137.5
133.75
138.75
154.375
181.875
151.875
157.5
200
176.875
176.25
233.125
251.875
268.75
236.25
233.125
280.625
294.375
310.625
296.25
320.625
302.5
311.875
320.625
341.25
341.25
363.75
313.125
354.375
373.125
365
331.25
359.375
333.125
380.625
311.25
295.625
303.125
287.5
271.25
255.625
231.875
250
253.75
296.875
206.25
249.375
314.375
293.75
313.75
311.25
310.625
298.125
251.25
295.625
306.875
296.25
326.25
276.875
280.625
298.75
275.625
318.75
293.75
313.125
248.125
301.875
350.625
317.5
316.875
315
326.875
363.125
344.375
377.5
401.875
378.75
389.375
395
395
430.625
451.25
470.625
450.625
443.125
451.875
438.75
446.875
418.125
405
430
381.875
358.125
316.875
354.375
327.5
311.25
313.75
331.875
301.875
279.375
215
256.875
248.125
303.75
276.875
249.375
271.875
225
321.25
284.375
330
301.25
303.75
291.875
283.75
298.125
346.875
295
322.5
351.875
371.25
357.5
260
288.75
212.5
290.625
345
263.125
266.875
265.625
260
235
246.25
248.75
263.75
327.5
238.125
228.125
238.125
224.375
180
248.75
255.625
280.625
253.75
307.5
253.75
266.25
255
204.375
205
270.625
255
325
345.625
341.875
356.875
272.5
368.75
291.875
511.25
535.625
513.75
425
364.375
261.25
233.125
202.5
171.25
113.125
63.125
33.75
11.25
4.375
1.25
3.75
1.25
0
0
0
0
0
0
0
0
0
0
2.5
0
