0.010038 0.034725 0.002200
-0.005752 -0.001348 0.001430
0.010011 0.004998 -0.000201
0.002769 -0.007999 -0.003249
0.007361 0.004164 -0.002682
-0.000697 -0.002836 -0.000075
-0.003388 -0.003215 -0.005330
-0.005320 0.006448 0.000051
-0.009679 -0.001357 -0.007516
0.005182 -0.002992 -0.002617
-0.004503 -0.002807 0.004541
-0.006371 0.000419 0.002072
-0.002313 -0.007024 0.008389
-0.005112 -0.001615 -0.000661
0.005194 0.001384 -0.005096
0.002856 -0.001736 0.000937
0.010725 0.001463 0.001377
-0.005683 -0.003584 0.001201
0.008230 0.008665 0.005223
0.002249 0.017825 0.012609
0.009661 0.000275 -0.004097
-0.004912 0.005144 0.002952
-0.003379 -0.003482 -0.005854
-0.004967 0.005969 -0.000744
-0.012940 0.004577 -0.009831
0.005126 -0.000839 -0.001469
-0.003078 -0.003948 0.004597
-0.006218 -0.001800 0.002765
-0.002427 -0.005639 0.009300
-0.005802 0.000353 0.000354
0.005586 0.001438 -0.004969
0.002600 -0.001122 0.001007
0.009883 0.032023 0.002228
-0.006293 -0.002362 0.001771
0.010204 0.003424 0.000163
0.002278 0.000601 -0.002874
0.008072 0.002757 -0.002747
-0.001412 -0.004703 -0.000214
0.000931 0.003665 -0.002986
-0.005222 0.004654 0.000311
-0.013589 0.005812 -0.010031
0.005437 0.040102 -0.050183
-0.002395 -0.003059 0.004919
-0.010595 -0.559473 0.023702
0.002196 0.000038 0.004671
-0.007210 0.049580 -0.060948
0.005469 0.001269 -0.005151
0.001930 -0.001788 0.000720
0.011068 0.003263 0.001819
-0.005463 -0.001114 0.001033
0.011306 0.003800 -0.000123
0.002076 0.001462 -0.003246
0.009300 0.001601 -0.002809
-0.001179 -0.003050 -0.000241
-0.004842 -0.002137 -0.005051
-0.005107 0.006462 0.000459
-0.008311 0.000907 -0.007817
0.004967 0.005719 -0.008525
-0.003141 -0.001629 0.004445
-0.006205 -0.012158 0.002709
-0.002858 -0.007492 0.010798
-0.005171 0.006414 -0.006299
0.004106 0.002422 -0.005376
0.003298 -0.001373 0.000292
0.010789 0.002784 0.001230
0.047168 0.039714 0.003593
0.011645 0.001909 0.001269
0.002328 0.011978 -0.013921
0.005119 0.008627 -0.006830
0.003720 0.006384 -0.004148
-0.001396 0.002442 -0.001834
-0.006040 0.005582 0.001774
-0.010193 -0.001535 -0.006235
0.005161 -0.000921 -0.001880
-0.003596 -0.001337 0.004653
-0.006011 -0.001615 0.002025
-0.002376 -0.005656 0.009778
-0.005579 -0.000298 -0.000008
0.003939 0.001938 -0.005323
0.002638 -0.002643 0.000865
0.010617 0.001292 0.001293
-0.006140 -0.001247 0.000857
0.007534 0.008605 -0.004289
0.002081 0.012923 -0.015044
0.010378 -0.000013 -0.001616
-0.001433 -0.003423 0.000546
-0.004496 -0.002320 -0.005352
-0.009554 0.014861 -0.003637
-0.008246 -0.000189 -0.007026
0.005283 -0.001935 -0.001919
-0.006515 -0.002547 0.005122
-0.005881 -0.001601 0.001887
-0.000645 -0.005716 0.009301
-0.005544 0.000859 -0.000257
0.002865 0.001012 -0.004920
0.003889 -0.009063 0.000861
0.010597 0.003724 0.002119
-0.005962 -0.002175 0.001229
0.011714 0.003653 -0.000119
0.002047 0.000168 -0.003349
0.009313 0.001944 -0.003041
-0.000757 -0.002631 -0.000268
-0.004831 -0.002973 -0.005459
-0.005120 0.006706 0.000365
-0.007770 -0.000407 -0.006686
0.005222 -0.000885 -0.002877
-0.003166 -0.001840 0.004310
-0.007147 -0.000870 0.002721
0.001064 -0.000832 0.013509
-0.005847 0.000604 -0.000491
0.005189 -0.000432 -0.004807
0.002094 -0.001605 0.001351
0.010754 0.002872 0.000925
-0.006023 -0.001245 0.001056
0.010021 0.002722 -0.001436
0.002721 0.017732 0.012220
0.005693 0.008757 0.001619
-0.002705 -0.003392 -0.001992
-0.004912 -0.002787 -0.005931
-0.000335 0.015283 0.004018
-0.008310 0.000688 -0.007478
0.005276 -0.001254 -0.001445
-0.003393 -0.001937 0.004564
-0.006448 -0.001778 0.002713
0.003165 -0.000828 0.009533
-0.005696 0.000334 0.000722
0.005552 0.000847 -0.005785
0.002700 -0.005622 0.000971
-0.011341 -0.003089 0.003240
0.004403 -0.001789 0.001564
-0.003100 -0.001046 0.003712
-0.004603 0.004105 0.002727
-0.007525 0.016984 0.002861
0.006187 -0.000490 -0.000660
0.004339 -0.000428 -0.004261
0.002900 -0.000571 -0.000318
0.009991 0.002457 0.001812
-0.001017 -0.005523 -0.005997
0.001086 0.002254 0.005134
-0.022599 -0.003014 -0.005145
0.003066 0.004928 0.011416
-0.000793 -0.010102 -0.009300
0.018235 -0.001300 0.001387
-0.006618 -0.001565 0.007894
-0.012626 -0.001615 0.003018
0.008226 0.007232 0.005525
-0.002463 0.000534 0.001759
-0.004544 0.004362 0.002504
-0.003455 0.007465 -0.001270
0.006075 -0.006756 -0.002240
0.006632 0.004848 -0.000564
0.002530 -0.000400 0.000107
0.009450 0.005622 0.002131
0.000357 -0.006523 -0.006337
0.002023 0.002153 0.005230
-0.003222 0.015670 -0.005463
0.002333 0.004907 0.011725
0.000718 -0.008408 -0.010227
0.017820 0.001043 -0.000639
-0.005477 0.000198 0.007400
-0.007216 0.004325 -0.000458
0.005132 -0.003541 0.001522
-0.005112 0.026772 0.037263
-0.004902 0.004038 0.002358
0.000097 0.016858 -0.006331
0.005641 -0.000629 -0.000590
0.005022 0.000004 -0.004755
0.003710 -0.003716 -0.000481
0.045483 0.030143 0.002333
0.001086 -0.003225 -0.007899
-0.001721 0.008366 0.008538
-0.022776 -0.003688 -0.005601
0.001168 0.007082 0.013118
-0.046499 0.024388 -0.008447
0.016710 0.033291 0.044832
-0.035541 0.022167 0.007994
-0.013067 -0.001532 0.002874
0.004946 -0.002200 0.001010
-0.002986 0.005353 0.005880
-0.004342 0.004436 0.002747
-0.002968 0.005509 0.000431
0.005988 -0.001009 -0.001062
0.003186 -0.001575 -0.004029
0.002930 -0.000211 -0.000609
0.008754 0.006357 0.001463
-0.000721 -0.005394 -0.006381
0.002239 0.002571 0.005202
-0.022514 -0.002641 -0.004804
0.002997 0.004837 0.011572
0.000207 -0.006943 -0.009572
0.018209 0.004530 0.003200
-0.004944 0.000634 0.007826
-0.013396 -0.002183 0.004260
0.000400 0.008189 -0.003748
-0.002511 0.001322 0.001072
-0.003632 0.004601 0.002447
-0.003510 0.005662 -0.001505
0.005568 -0.004270 -0.001792
0.002792 -0.003624 -0.003272
0.004345 0.000003 -0.001738
0.008390 0.004695 0.002978
-0.002142 -0.006259 -0.005491
0.002188 0.002733 0.005013
-0.042181 0.016040 -0.005557
0.002521 0.005061 0.011382
-0.000532 -0.007541 -0.009955
0.018144 0.000719 -0.001271
-0.005348 -0.000451 0.007666
-0.011024 -0.003264 0.003673
0.004147 -0.003156 0.003020
-0.002643 0.001102 0.001315
-0.022929 0.024655 0.002450
-0.003536 0.006644 -0.001213
0.006161 -0.006928 -0.002428
0.008081 0.005348 -0.009146
0.002328 -0.000508 -0.000703
0.009765 0.005754 0.001489
-0.001249 -0.005835 -0.006031
-0.000784 0.007206 0.008401
-0.022083 -0.002688 -0.004963
0.002822 0.004428 0.011924
-0.000051 -0.008443 -0.009137
0.017903 0.000628 -0.000830
-0.006058 -0.000004 0.007340
-0.012959 -0.002347 0.003823
0.004786 -0.002284 0.000911
-0.002687 0.001228 0.002610
-0.004232 0.004141 0.001827
-0.004101 0.005757 -0.003033
0.006008 -0.000908 -0.000939
0.003189 -0.001524 -0.004594
0.003197 0.000697 -0.000146
0.009266 0.005157 0.001723
-0.001222 -0.006864 -0.006501
0.002411 0.001925 0.004653
-0.022227 -0.003966 -0.005617
0.001960 0.003960 0.012237
0.000371 -0.008047 -0.009505
0.017709 0.000657 -0.000532
-0.005544 -0.000167 0.007457
-0.009450 0.003538 -0.001542
0.005031 -0.003126 -0.000198
-0.003113 0.001472 0.001681
0.008210 0.018946 0.002029
-0.003388 0.006607 -0.001084
0.006037 -0.004460 -0.001956
0.003350 -0.003586 -0.005563
0.004013 -0.000307 0.000090
0.008984 0.004975 0.001517
-0.000665 -0.005645 -0.005986
0.000656 0.001379 0.004303
-0.023023 -0.002904 -0.005066
0.001697 0.004126 0.011372
0.000992 -0.006997 -0.009881
0.017686 0.000160 -0.000814
-0.004853 -0.000264 0.007571
