0.013143 -0.031192 0.026164
-0.004109 -0.001825 0.000261
0.009239 0.003955 -0.000365
0.001962 -0.000565 -0.003574
0.007860 0.002384 -0.003635
-0.000886 -0.003646 0.000763
-0.005203 -0.001868 -0.004820
-0.005069 0.005931 0.000400
-0.008295 0.000400 -0.007003
0.005045 -0.001113 -0.009895
-0.003221 -0.002491 0.004543
-0.005819 -0.001252 0.001822
-0.000508 -0.005062 0.009487
-0.005824 -0.000048 0.001126
0.005493 0.002158 -0.005460
0.002517 -0.001659 0.000866
0.010931 0.003327 0.000579
-0.004686 -0.001284 0.001255
0.009746 0.002604 -0.001084
0.002120 0.003488 -0.000252
0.007411 0.002580 -0.002838
-0.000366 -0.004833 -0.000612
-0.005182 -0.002054 -0.004089
-0.005137 0.005689 0.001384
-0.009761 0.001829 -0.007802
0.005569 -0.001100 -0.002110
-0.003345 -0.002239 0.004062
-0.005903 -0.003377 0.001774
-0.001238 -0.005523 0.009415
-0.005678 0.000427 -0.001217
0.005286 0.000450 -0.004270
0.000863 0.000020 -0.001290
0.010833 0.001447 0.000860
-0.004505 -0.001240 0.000485
0.010314 0.004071 0.000248
0.002557 0.000038 -0.003018
0.007624 0.002335 -0.003636
-0.000983 -0.003897 -0.001843
-0.005022 -0.002054 -0.005143
-0.005916 0.005802 -0.000318
-0.009630 0.000542 -0.013434
0.004904 -0.000161 -0.008463
-0.004577 -0.002483 0.004341
-0.004874 0.032051 0.028613
-0.001491 -0.005105 0.007348
-0.006215 0.000569 0.027836
0.001143 0.004158 0.003946
0.001844 -0.001587 -0.000424
0.010546 0.002098 -0.000242
-0.005567 -0.001606 0.001133
0.009983 0.004026 -0.000203
0.001893 -0.000385 -0.003932
0.008551 0.002479 -0.003126
-0.000933 -0.003283 0.000528
-0.004554 -0.002205 -0.004885
-0.005241 0.005904 0.000490
-0.008744 0.001010 -0.008350
0.005465 -0.000571 -0.005974
-0.003613 -0.002459 0.004436
-0.006484 0.000807 0.006071
-0.000761 -0.005192 0.009415
-0.005226 -0.000339 0.000712
0.003937 0.000022 -0.006043
0.002976 -0.000727 0.000022
0.010753 0.003371 0.001334
-0.037108 -0.001498 0.023052
0.009877 0.005570 -0.001068
0.001768 0.000761 -0.004819
0.009244 0.002518 -0.003955
-0.004885 -0.007186 0.008401
-0.017497 -0.001867 0.009339
-0.004761 0.005663 -0.000594
-0.009700 -0.000355 -0.007987
0.006202 -0.001267 -0.001777
-0.003304 -0.002096 0.005489
-0.005886 -0.003517 0.002409
-0.001222 -0.005236 0.009573
-0.005572 0.000310 -0.001089
0.004357 0.001645 -0.004274
0.002475 -0.001333 0.000919
0.010792 0.003568 0.000783
-0.003990 -0.001322 0.001429
0.014128 -0.000884 0.005519
0.002403 0.001798 -0.003411
0.007751 0.002546 -0.002870
-0.001900 -0.002126 -0.000987
-0.004325 -0.002129 -0.004473
-0.005076 0.005657 -0.001256
-0.007874 0.000030 -0.008135
0.005085 -0.001094 -0.002147
-0.006036 -0.000843 0.006144
-0.005971 -0.003969 0.001949
-0.000195 -0.006297 0.008473
-0.005588 0.000668 0.000079
0.004211 0.001477 -0.004508
-0.001366 -0.004999 0.006006
0.010419 0.002407 0.001890
-0.005385 -0.001234 0.001563
0.016660 0.004354 0.007216
0.002004 -0.000516 -0.003224
0.008327 0.002831 -0.003075
-0.000730 -0.003784 0.000857
-0.004445 -0.002060 -0.005157
-0.003942 0.005911 -0.000171
-0.008711 0.000386 -0.008866
0.005392 -0.000523 -0.005454
-0.002082 -0.002811 0.004125
-0.007366 -0.002596 0.000737
-0.053400 -0.006000 0.048941
-0.003842 -0.000723 0.030127
0.010046 -0.003323 0.005184
-0.001481 -0.006029 0.007295
0.010544 0.003311 0.000942
-0.006347 -0.001082 -0.000150
0.013200 0.008304 0.004996
0.001659 0.042314 0.026437
0.049701 0.001426 0.027919
0.002557 0.001629 0.008568
0.009362 -0.002495 0.009497
-0.005813 0.004406 0.001428
-0.007478 0.001305 -0.007771
0.004943 -0.001368 -0.001736
-0.003333 -0.002243 0.003178
-0.006128 -0.003185 0.002263
-0.001016 -0.004932 0.008451
-0.005798 0.000415 0.000183
0.004209 0.001631 -0.006864
0.003140 -0.000649 0.000096
-0.012760 -0.001874 0.002940
0.004586 -0.002955 0.001901
-0.002852 -0.015590 0.020199
-0.004198 0.003615 0.002537
-0.002200 0.004560 0.002953
0.005707 0.000186 -0.001272
0.005267 -0.000770 -0.005077
0.003035 0.001196 -0.001383
0.006297 0.001590 0.006366
-0.000901 -0.006350 -0.007276
0.002318 0.003124 0.007132
-0.022830 -0.004778 -0.006045
0.003267 0.005311 0.010755
-0.001616 -0.007450 -0.009762
0.017752 0.000756 0.001578
-0.002593 -0.004076 0.013343
-0.012662 -0.001223 0.001418
0.004938 -0.003628 0.000639
-0.002973 0.001029 0.002776
-0.004309 0.003342 0.002739
-0.004116 0.006146 -0.001292
0.005730 -0.001494 -0.003234
0.005993 -0.002170 -0.006016
0.003276 0.000805 -0.000727
0.010513 0.005309 0.001638
-0.001302 -0.005527 -0.005958
0.002271 0.002960 0.006410
-0.022289 -0.004277 -0.006142
0.002225 0.004943 0.012527
-0.001075 -0.007380 -0.009883
0.018034 0.001403 0.001166
-0.007049 0.000392 0.006846
-0.012612 -0.001386 0.003076
0.004706 -0.002696 -0.000102
-0.003158 0.018721 0.020700
-0.005091 0.004288 0.001546
-0.003473 0.006677 -0.002841
0.006676 -0.000650 -0.001167
0.002813 -0.000756 -0.003728
0.008111 -0.002280 0.004230
0.005686 0.009459 0.006766
0.001169 -0.004640 -0.002004
0.024348 0.002925 0.027006
-0.018453 -0.000288 -0.000166
0.005146 0.009173 0.020062
0.019306 -0.007862 0.002082
0.030284 -0.009688 -0.494569
-0.002590 0.004553 0.013294
-0.012824 -0.001000 0.003603
0.004695 -0.002829 0.001823
-0.001920 0.017905 0.020694
-0.003902 0.002414 0.001458
-0.003645 0.006119 -0.002351
0.005611 0.000059 -0.001632
0.005379 -0.000927 -0.004962
0.002728 0.000417 -0.000559
0.010578 0.004231 0.000568
-0.000929 -0.006379 -0.004778
0.001731 0.003172 0.007462
-0.022531 -0.004834 -0.005013
0.003412 0.002921 0.010449
-0.001895 -0.007320 -0.009119
0.018092 -0.000391 -0.009821
-0.007386 -0.001141 0.005551
-0.012452 -0.001497 -0.001521
0.007614 -0.007504 0.009986
-0.002098 0.001205 -0.007001
-0.005761 0.002007 0.000330
-0.001841 0.005672 -0.002106
0.006176 -0.003594 0.001690
0.005787 0.000634 -0.006254
0.004716 0.001895 -0.003311
0.003562 0.005504 0.008618
0.000489 -0.005906 -0.006458
0.002082 0.002926 0.006551
-0.017270 -0.001838 -0.000754
0.001974 0.004782 0.012938
-0.001050 -0.007476 -0.009918
0.018173 0.000331 0.001335
-0.007588 0.000416 0.006925
-0.012724 -0.001558 0.003882
0.005001 -0.001474 0.000510
-0.002585 0.001104 0.001182
-0.004081 0.002943 0.001734
-0.003344 0.006251 -0.001204
0.007082 -0.028096 0.013475
0.001041 -0.004669 0.001698
0.003134 0.000668 -0.001213
0.011038 0.005558 0.001815
-0.000762 -0.005668 -0.006115
0.002611 0.003219 0.004826
-0.022862 -0.003967 -0.005097
0.002051 0.004955 0.012381
-0.001607 -0.007466 -0.010200
0.017823 0.000352 0.001307
-0.007377 0.000274 0.007007
-0.012211 -0.001708 0.003119
0.004626 -0.002526 0.002584
-0.002338 -0.020482 0.025838
-0.007845 0.008820 0.008390
-0.003600 0.006905 -0.000423
0.005893 -0.000107 -0.000903
0.001817 -0.000744 -0.002090
0.004587 0.000815 -0.001819
0.009946 0.006693 0.001286
-0.001044 -0.005801 -0.006909
-0.015439 0.003103 0.022943
-0.020750 -0.005621 -0.008188
-0.002295 0.000522 0.020841
-0.000338 -0.007865 -0.011288
0.018177 0.000522 0.003590
-0.006836 0.001557 0.005633
-0.013032 -0.001688 -0.004320
0.001028 0.002189 0.010303
-0.002695 0.001135 0.003409
-0.008472 0.008271 0.007660
-0.004759 0.006424 -0.002015
0.006242 -0.001689 -0.001207
0.000500 0.002908 0.001943
0.006298 -0.004105 0.004979
0.009239 0.005708 0.002715
-0.002029 -0.006155 -0.006601
0.002494 0.003197 0.004662
-0.021393 -0.004814 -0.007027
0.002835 0.004199 0.010227
-0.000509 -0.007141 -0.010842
0.017654 0.001225 0.001146
-0.005090 0.000354 0.007960
