2176.0000 0.05 1
1.11111
4.44444
11.1111
2.22222
11.1111
4.44444
13.3333
11.1111
20
11.1111
6.66667
11.1111
24.4444
23.3333
17.7778
23.3333
26.6667
18.8889
13.3333
32.2222
18.8889
8.88889
4.44444
10
14.4444
14.4444
36.6667
37.7778
25.5556
40
11.1111
26.6667
17.7778
31.1111
24.4444
32.2222
26.6667
27.7778
40
24.4444
32.2222
46.6667
36.6667
47.7778
70
55.5556
56.6667
41.1111
80
108.889
93.3333
126.667
127.778
136.667
148.889
146.667
161.111
192.222
187.778
204.444
214.444
270
190
232.222
230
291.111
234.444
280
255.556
261.111
291.111
301.111
317.778
335.556
321.111
350
282.222
350
303.333
310
294.444
302.222
291.111
277.778
314.444
268.889
253.333
285.556
292.222
295.556
315.556
317.778
318.889
310
337.778
316.667
318.889
293.333
290
301.111
305.556
290
327.778
357.778
316.667
363.333
375.556
358.889
348.889
354.444
341.111
291.111
253.333
215.556
177.778
160
188.889
241.111
264.444
333.333
350
396.667
417.778
397.778
431.111
410
447.778
404.444
380
356.667
342.222
373.333
347.778
396.667
384.444
373.333
383.333
432.222
406.667
454.444
407.778
406.667
411.111
352.222
360
381.111
368.889
374.444
433.333
417.778
412.222
436.667
398.889
338.889
358.889
321.111
350
311.111
334.444
255.556
283.333
261.111
270
260
242.222
224.444
274.444
208.889
245.556
217.778
232.222
258.889
221.111
244.444
234.444
214.444
206.667
227.778
178.889
202.222
177.778
197.778
175.556
174.444
256.667
233.333
235.556
210
217.778
168.889
175.556
195.556
262.222
238.889
222.222
267.778
248.889
225.556
257.778
350
340
320
301.111
332.222
307.778
331.111
384.444
405.556
434.444
430
441.111
436.667
510
483.333
534.444
502.222
487.778
403.333
304.444
156.667
34.4444
0
0
0
0
0
0
0
0
0
0
0
0
0
0
2.22222
0
0
0
0
0
0
0
0
0
4.44444
4.44444
0
5.55556
0
2.22222
2.22222
2.22222
0
2.22222
2.22222
4.44444
2.22222
0
2.22222
4.44444
2.22222
0
0
4.44444
0
1.11111
2.22222
0
0
2.22222
0
0
2.22222
0
