2176.0000 0.05 1
1.875
3.75
6.25
6.25
7.5
16.25
8.75
7.5
16.25
16.25
14.375
16.25
23.75
17.5
6.25
31.25
23.125
18.125
28.75
10
10
13.125
10
10
16.25
20
25
30
37.5
19.375
22.5
28.75
13.75
26.875
21.875
28.125
21.25
41.25
44.375
30.625
37.5
55
48.125
45
43.125
67.5
55.625
46.875
85.625
91.25
98.75
123.125
140
133.75
138.75
155.625
180
153.75
156.875
199.375
176.875
175.625
232.5
253.125
268.75
238.75
233.125
280.625
292.5
310.625
296.875
321.25
301.25
315
321.25
339.375
340
362.5
317.5
356.25
372.5
363.125
330
359.375
336.875
377.5
311.875
293.125
304.375
286.875
274.375
253.125
232.5
250.625
250.625
301.25
206.875
248.75
312.5
293.125
316.875
310.625
308.75
301.25
251.875
290
311.875
298.125
325
272.5
277.5
305
272.5
321.25
289.375
316.875
246.875
300
351.875
318.75
315
316.25
328.125
365.625
338.75
380
401.875
376.25
393.125
394.375
393.125
430.625
451.25
472.5
450.625
445.625
448.125
436.875
448.75
418.125
406.875
426.875
382.5
358.75
318.125
350
330.625
311.25
316.25
329.375
303.75
275.625
216.25
255
250
304.375
278.75
246.875
271.875
225
319.375
288.125
327.5
305
301.25
289.375
288.125
294.375
351.25
290.625
325
352.5
370
356.25
260.625
286.25
212.5
291.25
345
267.5
263.125
267.5
256.875
236.25
248.125
247.5
264.375
327.5
237.5
229.375
236.875
225
181.25
246.25
253.75
282.5
258.125
308.125
251.25
262.5
259.375
205.625
204.375
266.875
255
325
345.625
343.75
354.375
274.375
368.75
292.5
513.125
536.875
509.375
424.375
368.75
261.25
231.875
202.5
165.625
116.875
63.75
30
11.25
3.75
1.25
5
1.25
0
0
0
0
0
0
0
0
0
0
2.5
0
