0.016191 0.000279 -0.004530
-0.008616 -0.005529 -0.004180
0.009511 0.004048 0.000342
0.002733 -0.000501 -0.002294
0.010596 0.007134 -0.007788
-0.000705 -0.003821 0.000708
-0.004630 -0.002422 0.002311
-0.004861 0.004589 0.000943
-0.008406 0.000727 -0.007786
0.005422 -0.001013 -0.003510
-0.003016 -0.001044 0.004849
-0.005958 -0.002771 0.003201
-0.000951 -0.005581 0.008911
-0.005985 0.000361 -0.001339
0.005175 0.001293 -0.005252
0.002672 -0.003031 -0.000813
0.010171 0.002643 0.000928
-0.004438 -0.001456 0.001596
0.009794 0.004941 0.001307
0.002453 0.000584 -0.003264
0.007907 0.002563 -0.002295
-0.000750 -0.003807 -0.000742
-0.004503 -0.002230 -0.005261
-0.004918 0.006022 -0.000069
-0.008555 0.000091 -0.008819
0.004793 -0.001161 -0.002765
-0.003215 -0.002518 0.003916
-0.006480 -0.002855 0.002264
-0.001505 -0.005268 0.009250
-0.005559 0.000600 -0.001756
0.005321 0.000956 -0.006188
0.002660 -0.000875 0.000394
0.010952 0.002368 0.002175
-0.008406 0.002802 -0.003779
0.011194 0.004352 0.000225
-0.002737 0.002483 -0.008693
0.010795 -0.001883 -0.007994
0.001623 -0.001119 -0.001392
-0.004980 -0.002461 0.000735
-0.010805 0.000333 -0.011477
-0.004774 0.006746 0.528724
0.005275 -0.001259 -0.003541
-0.009092 0.003344 -0.006651
-0.001980 0.000062 -0.002852
-0.002470 -0.005596 0.012344
0.011601 0.000557 -0.019154
0.004081 0.001468 -0.004580
0.002977 -0.002371 0.003827
0.011676 0.003535 0.003876
-0.004497 -0.002988 0.003318
0.009780 0.004067 0.001007
0.002216 0.000217 -0.003311
0.007313 0.004062 -0.000568
-0.000916 -0.003730 -0.001532
-0.004434 -0.002758 -0.002843
-0.005757 0.007517 0.001282
-0.008664 0.002364 0.002101
0.005265 -0.001099 -0.003097
-0.003690 -0.003588 0.004772
-0.006269 -0.002533 0.002436
-0.000702 -0.005337 0.009189
-0.006042 0.000286 -0.001843
0.004242 0.001016 -0.006060
0.002466 -0.002878 0.000827
0.012486 0.003060 0.003488
-0.005924 -0.001346 0.001173
0.009905 0.003125 0.001378
0.001417 -0.000471 -0.001687
0.011553 0.002417 -0.006206
-0.002345 -0.003886 -0.000080
-0.004676 -0.002116 -0.005813
-0.004773 0.005919 -0.000621
-0.008289 0.001064 -0.008815
-0.011386 -0.001110 -0.020721
-0.003288 -0.002300 0.004022
-0.004348 -0.003322 0.004291
-0.001432 -0.005623 0.009333
-0.005712 0.000365 -0.001842
0.004048 0.001488 -0.006001
0.002459 -0.001100 0.001655
0.009463 0.003918 0.002224
-0.004669 -0.001373 0.002051
0.013322 0.008626 -0.004169
0.002553 -0.000811 -0.002038
0.007506 0.002453 -0.002491
-0.001903 -0.002652 -0.001480
-0.004616 -0.002313 -0.005271
-0.005269 0.006203 -0.000257
-0.008708 0.001107 -0.008879
0.006160 -0.001217 -0.003345
-0.003595 -0.002145 0.005617
-0.006984 -0.004150 0.003302
-0.000945 -0.004832 0.010311
-0.006126 -0.000892 -0.000714
0.004287 0.001573 -0.004333
0.002400 -0.001211 0.001008
0.010357 0.002201 0.001244
-0.004320 0.000011 0.003274
0.014496 0.003774 -0.004972
0.000474 -0.000054 -0.001668
0.007904 0.000972 -0.000910
-0.001177 -0.003459 -0.001068
-0.004413 -0.002391 -0.003376
-0.001071 0.008958 -0.009110
-0.008352 0.000610 -0.010713
0.005247 -0.000966 -0.002901
0.000305 -0.006077 -0.004493
-0.005977 -0.003235 0.004974
-0.041419 -0.003540 -0.022285
-0.016945 0.000460 -0.012675
0.006759 -0.000008 -0.004956
0.004438 -0.041740 -0.035194
0.014513 0.000696 -0.002854
-0.011224 -0.001416 -0.005567
0.012334 0.001096 -0.004214
-0.002085 0.002896 -0.008679
0.008531 0.002478 -0.002457
-0.000480 -0.001840 -0.000729
-0.004414 -0.001972 -0.005627
-0.005265 0.005751 0.001252
-0.008798 0.000228 -0.008804
0.022121 -0.000967 -0.020767
-0.003820 -0.002873 0.003972
-0.002588 -0.000421 -0.002090
-0.001398 -0.005534 0.010253
-0.006266 0.001109 -0.000452
0.008598 -0.000635 -0.005450
0.002657 -0.001361 0.001091
-0.012718 0.018773 -0.018395
0.004884 -0.002973 0.001042
-0.003234 0.001380 0.002318
-0.004086 0.004438 0.001605
-0.006513 0.003530 -0.002537
0.006490 -0.000391 0.000095
0.004424 -0.000849 -0.004533
0.003187 -0.001349 -0.000852
0.007735 0.009988 -0.002172
-0.001193 -0.006396 -0.005320
0.002278 0.003449 0.005624
-0.022494 -0.004785 -0.004620
0.003316 0.003501 0.011692
-0.000870 -0.007592 -0.009344
0.018023 0.000995 -0.000637
-0.006681 0.000055 0.008652
-0.012707 -0.001296 0.001896
0.004691 -0.001205 0.001535
-0.002717 0.001064 0.003305
-0.004530 0.002778 0.003469
-0.003971 0.006611 -0.001924
0.005246 -0.000551 0.000467
0.004595 -0.000776 -0.004843
0.003182 0.001152 0.000353
0.010724 0.005724 0.002497
-0.001191 -0.006323 -0.006585
0.002056 0.002881 0.006843
-0.022242 -0.002730 -0.005753
0.002372 0.004565 0.011227
-0.000675 -0.007631 -0.009550
0.017199 0.000204 0.000215
-0.006376 0.000571 0.007193
-0.012727 -0.022692 -0.019022
0.005372 -0.002203 0.002435
-0.003389 0.001301 0.002097
-0.003853 0.004563 0.005987
-0.003665 0.006865 -0.000510
0.000435 -0.003539 -0.006561
-0.031537 -0.001156 -0.036153
0.000770 -0.039272 -0.037007
0.007035 0.000823 -0.002928
-0.001784 -0.003127 -0.008099
0.002458 0.002810 -0.023491
-0.022307 -0.005051 -0.004425
0.006994 -0.000459 0.001354
0.041125 -0.007464 -0.042412
0.017090 0.000745 0.005485
-0.006654 0.000730 0.008783
-0.011841 -0.016041 -0.011799
0.004846 -0.002494 0.000664
-0.002813 0.000675 0.002038
-0.004532 0.003960 0.002383
-0.003256 0.006320 -0.001002
0.006124 -0.000912 -0.001096
0.004868 -0.000942 -0.005234
0.002794 -0.003450 -0.004722
0.010221 0.007138 0.004173
-0.001061 -0.006041 -0.007140
0.001802 0.003791 0.005603
-0.022419 -0.005184 -0.004201
0.003584 0.005722 0.012028
-0.001100 -0.007641 -0.010168
0.017681 0.000651 0.000723
-0.006125 0.000374 0.007582
-0.013549 -0.001248 0.013834
0.009535 0.002980 -0.009302
-0.002602 0.001454 0.004735
-0.004342 0.002996 0.002382
-0.002348 0.006367 -0.000991
0.006500 -0.001079 -0.001106
0.004486 -0.000724 -0.004547
0.003259 0.000949 -0.001110
0.006689 0.005601 -0.001729
0.000085 -0.005453 -0.005807
0.002197 0.003082 0.006894
-0.024124 0.033948 -0.039161
0.002280 0.004772 0.010651
-0.000733 -0.007416 -0.009765
0.017264 0.001356 0.000449
-0.004893 0.000273 0.010926
-0.012337 -0.001251 0.003403
0.004938 -0.003747 0.001615
-0.002683 0.001348 0.001476
-0.004276 0.003299 0.002876
-0.003282 0.006101 -0.002153
0.001850 -0.004520 -0.005957
0.005538 -0.001210 -0.003406
0.003019 0.000789 0.000242
0.010888 0.005538 0.002201
-0.000804 -0.005678 -0.006752
0.002240 0.002384 0.004511
-0.022669 -0.004380 -0.005411
0.002338 0.004887 0.011544
-0.001604 -0.007889 -0.008775
0.018427 0.001225 0.000205
-0.007089 0.000371 0.007706
-0.012419 0.018965 -0.017894
0.004843 -0.002468 -0.000120
-0.002478 0.001516 0.002240
-0.001464 0.033332 -0.022218
-0.003538 0.006545 -0.002291
0.004502 -0.000367 0.001201
0.003354 -0.001044 -0.000613
0.002584 -0.000233 0.002949
0.009846 0.004192 0.003586
-0.000641 -0.006050 -0.005976
0.003020 0.004269 -0.022757
-0.022717 -0.004718 -0.005602
-0.002075 0.008453 0.002163
0.001260 -0.007562 -0.006853
0.017145 0.000872 0.001119
-0.006157 0.000070 0.007370
-0.012452 -0.001287 0.001365
0.001266 -0.006902 -0.008022
-0.004634 0.001461 0.006896
-0.004293 0.003472 0.003168
-0.004591 0.006417 -0.000876
0.006556 0.000017 0.000346
0.005828 0.000102 -0.003166
0.003162 0.001055 0.000078
0.009462 0.005322 0.001348
-0.001852 -0.005824 -0.005723
0.002126 0.003394 0.004680
-0.023086 -0.002530 -0.002436
0.003509 0.004180 0.012447
-0.000469 -0.006620 -0.009126
0.018756 0.000438 -0.000003
0.020228 0.000676 -0.014162
