0.000530 0.011278 0.012284
-0.010928 0.001737 0.000640
-0.001428 0.020723 0.004476
0.010744 0.007098 -0.001970
-0.001205 0.015601 -0.005968
0.010352 -0.045041 -0.005346
-0.002439 0.005446 0.005033
0.001331 -0.017539 0.001255
-0.004325 -0.011510 -0.000457
-0.011057 -0.005136 0.000239
0.011150 -0.008329 -0.001192
-0.009737 -0.005027 -0.002881
0.001816 -0.009373 0.005227
0.003277 -0.018949 -0.000103
-0.001701 -0.000566 0.000739
0.014707 -0.011451 0.002199
0.000787 0.008453 0.012026
-0.009515 0.001261 0.000614
-0.002676 0.018681 0.000621
0.020269 0.055474 -0.003812
-0.001780 0.017122 -0.005342
-0.009089 0.000592 -0.004618
0.000549 0.000464 0.005145
-0.001388 -0.015146 -0.002551
-0.003062 -0.011845 -0.001360
-0.011858 -0.005469 -0.002441
0.012051 -0.006949 -0.000272
-0.009919 -0.006665 -0.003654
0.006077 -0.009470 0.000359
0.003574 -0.019338 -0.000045
-0.002866 0.000259 0.002232
0.013152 -0.013583 -0.000446
0.028355 0.008969 0.012190
0.001981 0.000371 -0.000069
0.010582 0.018949 0.001120
0.011249 0.008731 -0.003998
-0.001600 0.015461 -0.006051
-0.008206 0.001158 -0.000715
-0.000237 0.002837 0.004215
-0.002404 -0.017399 -0.004010
-0.003498 -0.009957 -0.000735
-0.010195 -0.005335 -0.001347
0.011434 -0.006516 0.000142
-0.009586 -0.007024 -0.003540
0.003967 -0.007271 0.003756
0.003095 -0.019909 -0.001014
-0.003531 0.000227 0.001562
0.022358 -0.022716 0.021688
-0.001722 0.012357 0.011930
-0.009677 -0.000700 0.000669
0.001191 0.016106 0.000520
0.010997 0.007305 -0.003206
0.018598 0.026880 -0.010080
-0.010027 0.000737 -0.001492
-0.000937 0.003160 0.004354
0.001699 -0.015286 -0.001919
-0.005790 -0.012859 -0.000577
-0.011397 -0.005908 -0.002815
0.011085 -0.005823 -0.000390
-0.008951 -0.004674 -0.002425
0.002806 -0.007249 0.005485
0.002401 -0.018846 -0.000543
0.000268 0.003845 0.006712
0.015779 -0.015664 0.006885
-0.001022 0.013628 0.011536
-0.010522 0.002094 0.000382
-0.001313 0.021353 -0.003732
0.009319 0.007423 -0.004926
-0.000390 0.015743 -0.006242
-0.006903 0.001677 -0.001652
-0.000330 0.004086 0.003911
-0.000720 -0.015332 -0.002781
-0.001733 -0.011339 -0.001158
0.036211 0.024166 0.064327
0.010840 -0.006789 -0.000023
-0.010852 -0.006659 -0.003701
0.003393 -0.007323 0.003956
0.001779 -0.019570 0.004119
-0.004398 0.001136 0.001277
0.014228 -0.010656 0.003297
0.013971 0.012563 0.012487
0.046179 -0.024610 0.001557
-0.004277 0.020697 0.000207
0.011549 0.007696 -0.002899
-0.002862 0.014593 -0.003461
-0.009657 0.001657 -0.001578
0.001344 0.008941 0.003134
0.008086 -0.016603 -0.003331
0.043495 -0.041527 -0.057189
-0.012817 -0.003302 -0.002125
0.011889 -0.008060 0.000321
-0.018043 -0.006626 -0.004779
0.005002 -0.007226 0.002505
0.003186 -0.020078 -0.000526
-0.003672 0.002161 -0.001293
0.014333 -0.012178 0.003549
0.000022 0.010102 0.011991
-0.008805 0.001209 0.000031
-0.001104 0.019798 0.000618
0.013814 0.007937 -0.001784
-0.002427 0.015107 -0.007891
-0.010192 0.001963 -0.003626
0.000327 0.007972 0.004702
-0.001342 -0.015729 -0.003647
-0.004142 -0.011574 -0.002246
-0.010572 -0.004903 -0.002159
0.011324 -0.007192 0.001572
-0.012813 -0.005920 -0.002862
0.005510 -0.008179 0.004128
0.004448 -0.020299 -0.002134
0.006688 0.009332 0.016430
0.014656 -0.010668 0.002589
0.001204 0.011412 0.012898
-0.009000 -0.001487 0.000105
-0.002075 0.019230 0.000472
0.011905 0.007457 -0.001485
0.000959 0.015790 -0.004481
-0.010091 0.001157 -0.002942
0.010540 0.004709 0.003983
0.000606 -0.016167 -0.002979
-0.002748 -0.010839 -0.000414
-0.011962 -0.005852 -0.001814
0.010391 -0.005889 0.001035
-0.011267 -0.007164 -0.003665
0.013047 -0.008551 0.004392
0.003115 -0.018902 -0.000830
-0.004667 -0.000312 0.002634
0.012115 -0.010598 0.005394
0.043497 0.028307 -0.009434
0.008086 0.008432 -0.002678
-0.008927 0.009713 -0.000480
0.006742 0.023220 0.001327
0.004170 -0.004176 -0.002028
-0.000483 0.004924 -0.009724
-0.004865 -0.012157 0.001696
0.005955 0.005240 0.000583
0.011187 0.007359 -0.001288
0.019529 -0.007621 -0.000442
-0.000895 -0.000529 -0.014714
0.002833 0.000091 -0.001741
0.009830 -0.005301 -0.000541
0.055141 0.021808 -0.054937
0.009737 -0.009814 0.003014
-0.015656 -0.012481 0.001729
-0.000980 0.002121 -0.005117
0.002297 0.008938 -0.002636
-0.007376 0.013722 0.002314
0.005880 0.023770 -0.001841
0.004739 0.003811 -0.000118
0.011434 0.001818 -0.009713
-0.007170 -0.002501 0.001000
0.001318 0.004243 -0.000008
-0.000663 0.007774 -0.001770
0.017141 -0.010999 0.004859
-0.007724 0.010102 0.002534
-0.003021 0.001156 0.003552
0.012396 -0.004310 -0.000550
-0.004960 -0.005277 0.004351
0.009366 -0.010298 0.003069
-0.015960 -0.012343 0.001246
0.000019 0.002426 -0.005177
0.008175 0.008613 -0.001785
-0.012094 0.009447 0.002231
0.006763 0.023226 -0.000785
-0.000103 -0.002803 -0.000089
0.001693 0.003624 -0.010533
-0.007424 -0.002384 0.000730
0.001811 0.004733 -0.000333
-0.001112 0.008788 -0.001997
0.026870 -0.010895 0.003189
-0.007873 0.010450 0.001676
-0.004957 -0.002223 -0.000059
0.011720 -0.005327 -0.000109
-0.002383 -0.005710 0.004130
0.009665 -0.008756 0.001291
-0.015734 -0.011603 0.001187
-0.001192 0.002905 -0.005256
0.005810 0.008890 -0.001558
-0.011122 0.010960 0.002234
0.007623 0.023082 -0.001715
0.001190 -0.002874 -0.000673
-0.001461 0.003921 -0.009723
-0.005107 0.009494 -0.000136
0.000945 0.006649 -0.000190
0.002268 0.012594 -0.001832
0.018739 -0.013046 0.002669
-0.008061 0.010429 0.002089
-0.005551 -0.001499 -0.000740
0.008505 -0.006121 -0.000002
-0.003261 -0.005896 0.004285
0.000352 -0.008284 0.002779
-0.013722 -0.006783 -0.004262
-0.000808 0.004126 -0.004835
0.002307 0.007602 -0.002421
-0.009302 0.008353 0.006567
0.005625 0.023972 -0.003909
0.006182 -0.004244 0.004431
-0.000665 0.004735 -0.010417
-0.009654 -0.001516 0.000374
0.005875 0.005321 -0.000763
-0.001170 0.007690 -0.002086
0.017603 -0.012386 0.002899
-0.008660 0.007751 0.004685
-0.005697 -0.001367 -0.002491
0.012434 -0.005481 0.000111
-0.004316 -0.005216 0.001624
0.011220 -0.010611 0.002609
-0.016556 -0.012529 0.001631
-0.002560 0.004946 -0.005259
0.007434 0.008278 -0.002629
0.001291 0.008807 0.002451
0.020860 0.032092 0.001747
0.005488 -0.018679 0.000333
0.012421 0.004985 -0.010162
-0.001883 -0.000794 -0.003568
0.001748 0.006776 -0.000106
-0.000461 0.003572 -0.000311
0.015648 -0.009501 0.004490
-0.007485 0.008029 -0.001851
-0.004740 -0.002046 0.000880
0.010821 -0.005079 0.001709
-0.004689 -0.003959 0.004337
0.009614 -0.011058 0.002705
-0.009546 -0.003048 -0.013578
-0.002028 0.005934 -0.005325
-0.542658 -0.002707 -0.009792
-0.010731 0.010729 0.002691
0.008237 0.024632 -0.002069
-0.001761 -0.004598 -0.000098
0.002183 0.004209 -0.009889
-0.004324 -0.001118 0.003316
0.003471 0.005087 0.000332
-0.001096 0.004116 -0.001716
0.017944 -0.011518 0.002587
-0.008837 0.011122 0.000111
-0.006535 -0.000217 -0.000678
0.065074 -0.032779 0.055509
-0.003381 -0.005283 0.004645
0.010406 -0.009408 0.002200
-0.016837 -0.010659 0.004008
0.013727 0.003952 -0.004557
0.008157 0.009764 -0.003160
-0.010319 0.010617 0.002597
0.007319 0.023355 -0.001358
0.001016 -0.002324 -0.000121
-0.001155 0.004258 -0.009608
-0.008962 0.000499 0.001000
0.003703 0.005719 0.000308
-0.002571 0.005894 -0.002140
0.017645 -0.010908 0.002727
-0.007995 0.009405 0.000764
-0.007235 0.001683 -0.001177
0.012011 -0.005389 0.000081
-0.003538 -0.007001 0.004637
0.006618 -0.009833 0.002431
-0.017757 -0.012968 -0.000616
