2176.0000 0.05 1
1.11111
4.44444
11.1111
2.22222
11.1111
4.44444
13.3333
11.1111
20
11.1111
6.66667
11.1111
24.4444
23.3333
17.7778
23.3333
26.6667
18.8889
13.3333
32.2222
18.8889
8.88889
4.44444
10
14.4444
16.6667
34.4444
37.7778
25.5556
40
11.1111
26.6667
17.7778
31.1111
24.4444
32.2222
26.6667
27.7778
40
24.4444
32.2222
46.6667
36.6667
47.7778
70
55.5556
56.6667
41.1111
80
106.667
95.5556
126.667
127.778
136.667
151.111
146.667
158.889
192.222
192.222
202.222
214.444
267.778
192.222
230
234.444
286.667
240
276.667
253.333
263.333
292.222
297.778
317.778
340
316.667
352.222
284.444
350
300
308.889
300
294.444
295.556
277.778
316.667
268.889
248.889
287.778
290
297.778
314.444
322.222
320
307.778
335.556
316.667
316.667
293.333
294.444
301.111
300
291.111
332.222
357.778
317.778
357.778
377.778
363.333
348.889
352.222
341.111
288.889
253.333
215.556
180
157.778
186.667
243.333
262.222
333.333
351.111
400
422.222
393.333
426.667
414.444
447.778
400
384.444
356.667
340
375.556
348.889
392.222
382.222
382.222
384.444
425.556
404.444
458.889
405.556
411.111
411.111
352.222
360
381.111
368.889
372.222
431.111
424.444
407.778
436.667
403.333
341.111
347.778
322.222
353.333
316.667
324.444
255.556
286.667
262.222
267.778
257.778
246.667
222.222
276.667
208.889
244.444
214.444
232.222
263.333
221.111
244.444
232.222
212.222
208.889
227.778
178.889
203.333
174.444
200
173.333
177.778
258.889
232.222
230
213.333
215.556
170
175.556
196.667
262.222
238.889
224.444
272.222
242.222
225.556
262.222
345.556
342.222
317.778
305.556
325.556
312.222
333.333
375.556
418.889
430
423.333
445.556
434.444
511.111
477.778
505.556
468.889
431.111
353.333
305.556
231.111
116.667
12.2222
1.11111
0
0
0
0
0
0
0
0
0
0
0
0
0
0
0
0
0
0
0
0
0
0
4.44444
2.22222
0
0
2.22222
4.44444
2.22222
2.22222
0
5.55556
0
0
4.44444
2.22222
4.44444
6.66667
0
2.22222
4.44444
1.11111
0
2.22222
0
0
2.22222
0
2.22222
0
