0.000135 0.010966 0.013962
-0.008860 0.000219 0.000042
-0.001420 0.019302 0.000593
0.012605 0.007684 -0.001560
0.000162 0.010544 -0.008462
-0.009418 0.001401 -0.002233
-0.000060 0.003582 0.004765
0.000654 -0.017075 -0.002579
-0.004906 -0.012189 -0.001257
-0.011120 -0.005272 -0.001350
0.012043 -0.009100 0.000561
-0.010157 -0.008074 -0.003969
0.004628 -0.007065 0.003120
0.002621 -0.018590 -0.001349
-0.001692 -0.020093 -0.000415
0.013650 -0.011597 0.004018
-0.000626 0.010769 0.012446
-0.009268 0.001117 -0.001248
-0.000742 0.018652 0.000904
0.011556 0.008681 -0.002933
0.000679 0.016900 -0.005621
-0.009730 -0.000169 -0.003158
0.006497 0.001049 0.000661
-0.001606 -0.015217 -0.002231
-0.002894 -0.015316 -0.000569
-0.011068 -0.005254 -0.002553
0.009690 -0.006138 0.000675
-0.005046 -0.004483 -0.002941
0.003167 -0.007457 0.003766
0.003833 -0.019183 -0.001240
-0.004246 0.001715 0.001154
0.013385 -0.009506 0.003462
-0.000391 0.011188 0.012632
-0.009195 0.001325 -0.000298
-0.002309 0.019224 0.000924
0.011474 0.008538 -0.002472
-0.002416 0.015100 -0.006381
-0.008776 0.001219 -0.001972
-0.004055 0.005028 -0.001182
0.000425 -0.015800 -0.003239
-0.002423 -0.011155 0.003939
-0.011681 -0.003825 -0.001600
0.011357 -0.007339 0.000072
-0.009082 -0.007667 0.001071
0.005671 -0.009245 0.003419
0.003565 -0.019957 -0.000435
-0.002830 0.000843 0.001584
0.013882 -0.011683 0.001698
-0.003549 0.010916 0.007043
-0.008144 0.001119 -0.000910
-0.003428 0.016083 -0.004587
0.012131 0.007893 -0.000093
-0.000517 0.015423 -0.006187
-0.006257 0.002878 -0.002057
-0.000304 0.003133 0.004538
-0.000273 -0.019359 -0.001995
-0.002684 -0.011003 -0.001310
-0.011443 -0.005919 -0.001452
0.007382 -0.004639 0.000617
-0.008439 -0.005881 -0.003581
0.005194 -0.006225 0.008187
0.008726 -0.020700 -0.001274
-0.002843 0.001242 0.001627
0.015441 0.054268 -0.054907
-0.000962 0.011911 0.013341
-0.007865 0.004202 0.000361
-0.001409 0.018777 0.000527
0.010892 0.008718 -0.003309
-0.002051 0.015955 -0.011742
-0.009011 0.000424 -0.002861
-0.000124 0.003591 0.006193
-0.000186 -0.015035 -0.002792
-0.002740 -0.010895 -0.001159
-0.011075 -0.005829 -0.002380
0.011250 -0.007062 -0.000591
-0.008239 -0.005724 -0.003761
0.004559 -0.007742 0.003296
0.002850 -0.018101 -0.000889
-0.004058 0.005484 -0.004299
0.015287 -0.011763 0.002800
-0.000906 0.010578 0.012889
-0.008738 -0.001693 0.000783
-0.002661 0.018378 0.000425
0.006565 0.005629 -0.008724
-0.001387 0.015593 -0.006385
-0.011879 0.000617 -0.008716
0.000269 0.003023 0.005586
0.000329 -0.017142 0.002327
-0.003670 -0.014578 0.003835
0.039861 -0.039603 -0.066713
0.015541 -0.004348 -0.004197
-0.013553 -0.004554 -0.010440
0.006329 -0.007260 0.008058
0.020053 -0.010115 -0.004081
-0.003937 -0.001035 0.001396
0.013691 -0.010999 0.003307
-0.000349 0.011587 0.013508
-0.009489 0.005193 0.000594
-0.001087 0.018961 0.000689
0.016076 0.011635 -0.009318
-0.001925 0.015605 -0.004880
-0.005241 0.004572 -0.005714
-0.000789 0.003771 0.004700
0.003815 -0.019323 -0.003816
-0.007179 -0.014773 -0.001097
-0.008691 -0.005717 -0.002911
-0.006360 -0.016679 -0.003157
0.010283 -0.015467 -0.006668
0.004446 -0.003123 0.003664
0.001179 -0.021332 -0.007503
-0.003910 0.001643 0.002704
0.012639 -0.011011 0.002558
-0.000453 0.009992 0.007853
-0.008615 0.001056 0.000012
-0.001720 0.019453 -0.005533
0.011537 0.007589 -0.002537
-0.001754 0.016975 -0.005220
-0.012410 -0.001126 -0.002934
0.000028 0.003377 0.005068
-0.001293 -0.015264 0.001718
-0.002758 -0.010975 -0.002085
-0.011745 -0.005546 -0.004061
0.009261 -0.008118 0.006357
-0.010835 -0.008119 -0.003612
0.002098 -0.004839 0.003466
0.005616 -0.017762 0.004075
-0.005012 0.000535 0.001577
0.012996 -0.009876 0.003532
-0.000823 0.004014 -0.005372
0.007457 0.009086 -0.001039
-0.011152 0.011469 0.002855
0.006669 0.024091 -0.001106
0.000237 -0.002838 -0.000241
0.001384 0.003540 -0.010332
-0.008543 -0.001854 0.000590
0.003855 0.005270 -0.001451
0.000009 0.007519 -0.001097
0.018237 -0.011749 0.002776
-0.008077 0.010017 0.001525
-0.004859 -0.001034 -0.001438
0.012191 -0.005544 -0.000213
-0.003329 -0.006808 0.004406
0.005552 -0.010384 0.002092
-0.016478 0.009125 -0.002711
0.000120 0.003465 -0.005460
0.007063 0.008186 -0.007988
-0.010455 0.010862 0.003166
0.007336 0.023374 -0.001696
0.000060 -0.003139 -0.000339
0.000737 0.004775 -0.010864
-0.008828 -0.001675 0.001731
0.003111 0.005395 -0.000275
-0.003060 0.009649 -0.001408
0.019040 -0.011726 0.001853
-0.007820 0.009661 0.002108
-0.006007 -0.000453 0.000260
0.009579 -0.004787 0.005702
-0.002855 -0.005861 0.004754
0.009084 -0.009727 0.002093
-0.017440 -0.011615 0.001345
-0.000116 0.002989 -0.005287
0.013499 0.010023 -0.007429
-0.009579 0.010512 0.001647
0.007518 0.022672 0.000307
-0.000145 -0.002650 -0.000570
0.001669 0.004128 -0.010642
-0.008346 -0.002941 0.001383
0.002975 0.005092 -0.000248
0.002404 0.005837 -0.003112
0.017804 -0.011258 0.003583
-0.009511 0.010749 0.002870
-0.004608 -0.001590 -0.000818
0.011029 -0.001156 0.000151
-0.003267 -0.005504 0.003721
0.010255 -0.009125 0.002142
-0.016537 -0.011937 0.000068
-0.000791 0.003604 -0.004693
0.007566 0.008492 -0.001928
-0.011153 0.010374 0.002373
0.006844 0.023279 -0.000300
0.000123 -0.002437 0.000466
0.000750 0.004601 -0.010480
-0.008035 -0.001597 0.001519
0.002493 0.005635 -0.001948
-0.000500 0.007672 -0.002570
-0.027342 -0.041773 -0.041346
-0.008916 0.009980 0.002668
-0.004255 -0.000603 -0.001100
0.011036 -0.006529 -0.000354
-0.003166 -0.005276 0.005128
-0.006844 -0.000704 -0.002032
-0.014920 -0.011763 0.001380
0.000467 0.002487 -0.005467
0.007238 0.008311 -0.001302
-0.009656 0.009218 0.002954
0.006563 0.022312 -0.001627
0.000234 -0.002945 -0.000377
0.001138 0.004552 -0.010220
-0.008028 -0.002043 0.002855
0.003429 0.006455 -0.001201
-0.001021 0.008422 -0.002184
0.018373 -0.011559 0.003361
-0.008926 0.009922 0.002134
-0.005719 -0.001838 0.000129
0.011137 -0.006088 -0.000471
-0.003381 -0.005967 0.003814
0.008420 -0.008550 0.007049
-0.017868 -0.017349 -0.004459
-0.000741 0.003583 -0.003779
0.007648 0.008738 -0.001114
-0.012761 0.015982 -0.000380
0.006317 0.029169 -0.006194
0.000939 -0.003036 -0.020038
-0.003047 0.002481 -0.015252
-0.008508 -0.002203 0.003352
0.007058 0.000988 -0.005133
0.001225 0.008180 -0.006023
0.017256 -0.012221 0.002823
-0.008207 0.008202 0.001965
-0.003882 0.000967 -0.000502
0.010940 -0.004709 0.005180
-0.005200 -0.004531 0.003390
0.009727 -0.009608 0.001619
-0.016075 -0.010919 0.000417
-0.016354 0.001933 0.533535
0.007679 0.007401 -0.000894
-0.011073 0.006378 -0.003959
0.007284 0.019392 -0.008009
-0.001223 -0.002155 -0.024747
0.005473 0.005051 -0.015789
-0.007692 -0.001331 0.000189
0.000544 0.007542 -0.004005
-0.001640 0.009018 -0.008673
0.018796 -0.009888 0.003467
-0.007684 -0.062375 -0.067049
0.056378 0.035155 -0.073133
0.014085 -0.002072 0.000664
-0.065133 0.031493 -0.067618
0.010742 -0.008870 0.002463
-0.016669 -0.011995 0.002059
-0.000099 0.004169 -0.005165
0.006959 0.007933 -0.001932
-0.010443 0.010450 0.005002
0.006948 0.023082 -0.001243
-0.000408 -0.002437 0.000325
0.001023 0.004856 -0.010837
-0.008591 -0.002491 0.001518
0.002623 0.005352 -0.000240
-0.000604 0.008619 -0.001969
0.016458 -0.012443 0.003159
-0.007850 0.009878 0.001896
-0.004915 -0.001942 0.000098
0.011301 -0.005701 -0.000058
-0.003508 -0.005403 0.002092
0.011932 -0.010419 -0.005405
-0.017398 -0.011809 0.001170
