-0.001874 0.014007 0.014919
-0.011515 -0.002404 -0.002288
-0.003278 0.019843 0.001196
0.011598 0.007672 -0.002326
-0.001799 0.018031 -0.004320
-0.008283 0.000955 -0.002315
-0.000469 0.003305 0.003779
-0.009633 -0.014300 -0.002833
-0.010088 -0.021965 -0.001272
-0.009215 -0.005818 -0.001829
0.011203 -0.006537 0.000338
-0.012421 -0.010230 -0.003348
0.003199 -0.005164 0.003471
0.001045 -0.014711 -0.000644
-0.005517 -0.001857 -0.004138
0.002872 -0.010832 0.003120
0.002653 0.012568 0.011650
-0.016928 0.001680 0.002565
-0.002194 0.018774 -0.000137
0.010589 0.008226 -0.003721
-0.001504 0.015988 -0.004561
-0.009540 0.000556 -0.003605
0.000767 0.003786 0.004006
0.001767 -0.016726 -0.002845
-0.009315 -0.010066 0.002944
-0.010270 -0.006813 -0.001952
0.011635 -0.007136 0.000773
-0.011669 -0.005260 0.001479
0.003351 -0.006948 0.003658
0.005940 -0.019791 -0.001522
-0.002945 0.001408 0.001439
0.014808 -0.011703 0.001955
0.000333 0.011466 0.011581
-0.007257 0.001845 0.003344
-0.001745 0.019073 0.000913
0.010744 0.009230 -0.003395
-0.001583 0.015631 -0.006089
-0.008407 -0.000267 -0.001659
-0.000947 0.005569 0.001810
0.001432 -0.016595 -0.002448
-0.008964 -0.010541 -0.005383
-0.012106 -0.005815 -0.001971
0.011203 -0.006253 0.000398
-0.011331 -0.004315 -0.009352
0.005139 -0.008949 0.003546
0.003320 -0.019745 -0.000010
-0.016291 -0.000502 0.001457
0.014052 -0.011870 0.003059
-0.007098 0.010614 0.010981
-0.006804 -0.000290 0.001294
-0.009269 0.010278 -0.014727
0.013080 0.008450 -0.000734
-0.002219 0.016325 -0.007212
-0.008842 0.000334 -0.001998
0.000158 0.003480 0.004639
0.002352 -0.014958 -0.002513
-0.004100 -0.012034 -0.001521
-0.009891 -0.004396 -0.001850
0.012641 -0.005933 0.003249
-0.008319 -0.005679 -0.003038
0.003440 -0.007918 0.003476
-0.006588 -0.019983 -0.001028
-0.003800 0.000373 0.001776
0.013354 -0.007987 0.005127
-0.000477 0.010354 0.012732
-0.008556 0.002275 -0.000280
-0.001043 0.019008 0.000648
0.010235 0.008122 -0.002764
-0.000844 0.016224 -0.005229
-0.009508 0.001156 -0.001552
-0.000333 0.003351 0.004499
-0.000814 -0.014987 -0.002460
-0.003172 -0.012152 -0.001340
-0.012304 -0.004986 -0.001872
0.009013 -0.006490 0.000398
-0.006903 -0.004957 -0.003311
-0.022478 -0.006717 0.003572
0.004081 -0.019486 -0.000369
-0.004773 -0.002542 0.007980
0.014182 -0.010248 0.002728
-0.001429 0.011330 0.012037
-0.008156 0.000664 0.000910
-0.000707 0.019413 -0.000220
0.012433 0.005914 -0.005902
-0.000470 0.015818 -0.006693
-0.005797 0.000287 -0.002563
-0.000608 0.003992 0.004496
-0.000468 -0.015356 -0.002454
-0.001894 -0.009706 -0.001227
-0.013593 -0.004877 -0.001410
0.009056 -0.006049 0.000359
-0.008472 -0.004847 -0.003326
0.004013 -0.007294 0.003792
0.004568 -0.024193 -0.002694
-0.002893 0.000993 0.001964
0.016524 -0.010988 0.002797
-0.001520 0.009921 0.012931
-0.009979 0.002045 -0.000014
-0.003781 0.015503 -0.003801
0.003587 -0.001662 0.013573
-0.001311 0.015731 -0.005723
0.000742 0.000482 -0.002173
-0.000652 0.004401 0.004237
-0.010137 -0.016180 -0.002612
-0.008767 0.001996 -0.001338
-0.013651 -0.004657 -0.002338
-0.009375 -0.013814 -0.000694
-0.019754 -0.005682 -0.002833
-0.022398 -0.009622 0.003584
0.002244 -0.022705 -0.001029
-0.004689 0.002360 0.001850
0.010648 -0.016789 0.002482
0.000896 0.010674 0.010172
-0.008144 0.001543 0.000677
-0.000052 0.017643 0.003327
0.009299 0.003380 0.001819
-0.001546 0.017094 -0.004603
-0.008463 0.001696 -0.003739
0.000725 0.003274 0.004933
0.002212 -0.015191 -0.002586
-0.004038 -0.011690 -0.000847
-0.009476 -0.004018 -0.001980
0.012024 -0.005952 -0.002808
-0.009013 -0.006427 -0.003217
0.005547 -0.008990 0.003696
0.003722 -0.018176 -0.000617
-0.001176 -0.001239 0.001414
0.012430 -0.008794 0.002122
-0.000246 0.003107 -0.005176
0.006490 0.008697 -0.001823
-0.009868 0.010813 0.002060
0.005634 0.023767 -0.002247
-0.000475 -0.002882 -0.000203
0.003137 0.004759 -0.009924
-0.009842 -0.005634 0.003425
0.004056 0.004546 0.000188
-0.001002 0.008170 -0.001659
0.012727 -0.000675 0.003224
-0.007627 0.010727 0.002517
-0.004751 -0.000707 -0.000189
0.012568 -0.005031 0.000310
-0.004006 -0.005460 0.003920
-0.005079 0.030167 0.003207
-0.026683 -0.049334 0.001125
-0.001452 0.003025 -0.005117
0.008368 0.007746 -0.000787
-0.010480 0.009577 0.001954
0.000344 0.031890 0.015915
0.001058 -0.002406 -0.001004
-0.000280 0.006635 -0.012364
-0.007198 -0.001804 -0.001568
0.002672 0.006253 0.000620
-0.000135 0.009737 0.001297
0.016689 -0.010834 0.003409
-0.008051 0.010107 -0.001935
-0.005239 -0.001351 -0.000358
0.011464 -0.007031 0.000474
0.001918 -0.004060 0.004466
0.008753 -0.010398 0.003873
-0.015601 -0.010409 -0.000107
0.001382 0.003441 -0.005146
-0.050985 -0.019975 0.061123
-0.008842 0.010977 0.003028
0.006703 0.025353 -0.004207
-0.000972 -0.003205 0.000056
0.001795 0.003513 -0.009908
-0.014991 -0.001725 -0.000873
0.002884 0.006051 -0.000011
-0.008510 0.017504 -0.019353
0.017408 -0.011004 0.002893
-0.007607 0.009836 0.005534
-0.003922 -0.001330 0.000360
-0.040450 -0.029091 0.001011
-0.003967 -0.005349 0.004279
0.009140 -0.009723 0.001448
-0.015735 -0.011037 0.002298
0.001849 0.004205 -0.004643
0.007195 0.009064 -0.002516
-0.009609 0.011604 0.003800
0.005608 0.023736 -0.000588
-0.000070 -0.003422 -0.000576
0.001325 0.004213 -0.009649
-0.007131 -0.001774 0.000713
0.003740 0.006313 0.000497
-0.001384 0.007096 -0.001717
0.013071 -0.012330 -0.001089
-0.009611 0.009803 0.001662
-0.003859 0.001077 -0.000022
0.012282 -0.005044 0.000003
-0.003219 -0.006796 0.003471
0.010908 -0.010368 0.003006
-0.016575 -0.011544 -0.000264
-0.000717 0.002074 -0.004646
0.009175 0.008669 -0.002760
-0.010330 0.010975 0.002193
0.006344 0.023085 -0.001273
-0.000180 -0.004187 -0.000747
0.002867 0.005400 -0.009949
-0.008804 -0.001312 0.000956
0.003446 0.005190 0.000783
-0.001171 0.008272 -0.002439
0.019466 -0.011540 0.003556
-0.007965 0.010107 0.001812
-0.013975 0.000480 -0.000104
0.011738 -0.004696 -0.000336
0.002088 -0.005364 0.004718
0.008262 -0.010110 0.001669
-0.017656 -0.011872 0.001838
0.000344 0.003603 -0.006577
0.008647 0.007780 -0.003431
-0.006120 0.010773 0.001881
0.007818 0.022672 -0.000058
0.001068 -0.002430 0.001161
0.001521 0.003377 -0.008309
-0.008935 -0.002403 0.000522
0.003260 0.005578 -0.002094
0.001077 0.007264 -0.004175
0.018183 -0.013671 0.003033
-0.009884 0.008555 0.001762
-0.005297 -0.000939 -0.000384
0.012120 -0.007749 0.000317
-0.003399 -0.005441 0.004391
0.010750 -0.010532 0.002448
-0.018558 -0.012692 0.000904
-0.054457 0.030757 -0.058292
0.007401 0.008069 -0.002414
-0.000307 0.009819 0.002469
0.006298 0.025807 0.001219
-0.052752 0.026063 0.052292
-0.003866 0.004572 -0.009459
-0.007994 -0.001977 0.001121
-0.052884 -0.024927 -0.062000
-0.002275 0.010750 -0.004896
0.013812 -0.022936 0.003467
-0.023163 0.001034 0.003023
-0.047177 0.025013 -0.001164
0.012836 -0.008223 -0.000110
0.554167 0.007877 0.003776
0.011447 -0.009979 0.002165
-0.016968 -0.011857 0.001326
-0.000357 0.003490 -0.005082
0.007453 0.009723 -0.003182
-0.010550 0.009903 0.002542
0.006856 0.022778 -0.001842
0.002636 -0.001482 -0.000368
-0.000926 0.003653 -0.011576
-0.006963 -0.002848 0.000376
0.002626 0.005246 -0.000460
-0.001508 0.008635 -0.002983
0.012977 -0.012070 0.006769
-0.009097 0.009325 0.002225
-0.005111 0.001433 -0.000363
0.002985 -0.006007 0.000239
-0.002606 -0.006768 0.005421
0.009925 -0.009881 0.002184
-0.016587 -0.012039 0.002309
