2176.0000 0.05 1
1.875
3.75
6.25
6.25
7.5
16.25
8.75
7.5
17.5
15
14.375
16.25
25
16.25
6.25
31.25
23.125
18.125
28.75
10
10
13.125
10
10
16.25
20
25
30
37.5
19.375
23.75
27.5
13.75
26.875
20.625
29.375
21.25
41.25
44.375
30.625
37.5
56.25
46.875
46.25
42.5
66.875
54.375
49.375
85.625
91.25
97.5
125.625
136.875
135.625
138.75
154.375
180.625
153.125
156.875
199.375
177.5
175
231.875
253.75
267.5
237.5
236.25
280
291.875
311.25
298.125
318.75
303.125
313.125
320.625
341.25
340
365
312.5
355
372.5
364.375
330.625
360
332.5
377.5
315.625
294.375
301.25
288.75
273.75
254.375
231.875
248.125
255
295
208.75
249.375
311.875
295
311.875
312.5
312.5
298.125
250.625
294.375
306.25
297.5
326.25
275
280
304.375
273.125
322.5
288.125
313.75
251.875
296.25
354.375
317.5
318.75
313.125
327.5
364.375
341.25
378.125
400
381.25
389.375
395
396.25
429.375
450
471.25
453.75
442.5
450.625
439.375
445.625
418.125
404.375
430
381.875
358.125
316.875
352.5
330
309.375
315
332.5
304.375
276.875
215
254.375
250.625
302.5
279.375
249.375
271.25
223.125
317.5
291.25
327.5
302.5
301.875
290.625
285.625
298.125
350
290
322.5
354.375
370.625
356.25
260.625
286.875
214.375
290.625
343.75
266.875
265.625
263.75
260.625
235.625
245.625
248.75
261.875
328.125
240.625
226.875
238.75
223.125
181.875
246.25
256.25
281.25
254.375
306.875
253.75
266.25
257.5
205.625
202.5
268.75
255.625
326.25
344.375
342.5
355
275
367.5
293.125
515
531.875
511.25
426.25
365
261.875
233.125
202.5
168.75
117.5
62.5
31.25
10
5.625
1.25
3.75
1.25
0
0
0
0
0
0
0
0
0
0
2.5
0
