0.013776 0.002181 0.001747
-0.004084 -0.001501 0.001296
0.011467 0.002754 -0.000163
-0.003360 0.005181 -0.006155
0.008467 0.000086 -0.006988
-0.001073 -0.003965 -0.000269
-0.010330 0.000756 -0.009835
0.000129 0.005544 0.000081
-0.007400 0.001311 -0.007379
0.006728 -0.000613 -0.001153
-0.004756 -0.002460 0.004639
-0.004835 -0.001359 0.002942
-0.000990 -0.004702 0.009451
-0.006700 -0.000219 -0.000582
0.007323 0.000338 -0.004896
0.002371 -0.001962 0.000593
0.005833 0.007045 0.003405
-0.006925 -0.001399 0.001416
0.011241 0.003596 -0.000069
0.002103 0.000446 -0.002721
0.007109 0.002544 -0.002939
0.008964 -0.002070 -0.000256
-0.006829 -0.000762 -0.005030
-0.004247 0.005793 0.000146
-0.013338 -0.003174 -0.008170
0.005342 -0.002068 -0.002668
-0.004101 -0.002108 0.004145
-0.005522 -0.002568 0.003133
-0.001986 -0.005476 0.009000
-0.004587 0.002307 -0.000060
0.004234 0.001113 -0.004917
0.002575 -0.001654 0.000690
0.010140 0.002106 0.000185
-0.005987 -0.001875 0.001459
-0.000409 -0.001130 0.005003
-0.003895 -0.004462 -0.007540
0.009539 0.002569 -0.002684
-0.001195 -0.003548 0.000017
-0.003735 -0.002959 -0.004635
0.001085 0.005080 0.000201
-0.014099 -0.003028 -0.012970
0.005283 -0.000957 -0.002520
0.535210 0.013587 -0.004885
-0.006145 -0.002949 0.003515
-0.009989 -0.001512 0.014056
-0.003052 0.000143 -0.000291
0.007993 0.000668 -0.004913
-0.035900 -0.001989 0.044361
0.006645 0.002446 0.004632
-0.003320 -0.002346 0.003814
0.010174 0.004320 -0.000081
0.003165 -0.000192 -0.001674
0.009591 0.002316 -0.003363
-0.000736 -0.004105 0.000471
-0.009801 0.000682 -0.000898
-0.005515 0.005571 0.000430
-0.007801 0.001212 -0.008114
0.007405 0.000079 -0.003697
-0.002048 -0.002206 0.004261
-0.006239 -0.002781 0.002382
-0.002254 -0.005669 0.009088
-0.004803 0.001161 -0.000528
0.004945 0.001571 -0.005597
0.002748 -0.001772 -0.000007
0.005177 -0.002388 0.005040
-0.005218 -0.001119 0.001463
0.001490 0.001195 0.005093
0.003791 0.000350 -0.005278
0.009193 0.002654 -0.002793
-0.003781 -0.003784 -0.000239
-0.002368 -0.000667 -0.005246
-0.002925 0.005690 -0.000426
-0.005767 -0.000452 -0.008138
-0.043230 -0.061250 -0.001507
-0.004179 -0.002450 0.004562
-0.043964 -0.001188 -0.043254
-0.000624 -0.005779 0.010909
-0.011676 -0.002787 -0.005330
0.011408 0.001627 -0.005638
0.002798 -0.001778 0.000402
0.011597 0.001383 -0.000292
-0.005911 -0.001307 0.001311
0.010157 0.004161 -0.000104
0.003013 0.000688 -0.002635
0.008062 0.002693 -0.002889
-0.002858 -0.002995 -0.001078
-0.004202 -0.003062 -0.004811
-0.004047 0.005819 0.000310
-0.007978 0.001521 -0.007755
0.005241 -0.000245 -0.002117
-0.004114 -0.002508 0.004658
-0.005726 -0.002354 0.003213
-0.000404 -0.003544 0.009110
-0.004397 0.002649 -0.001160
0.003665 0.001580 -0.005308
0.004633 0.000302 -0.000356
0.011264 0.002494 0.000312
-0.004242 -0.001612 0.001165
0.011786 0.004470 0.001338
0.003193 0.000923 -0.002601
0.007651 0.002126 -0.003001
-0.001214 -0.003716 -0.000363
-0.004093 -0.002991 -0.004936
-0.005861 0.005982 0.000265
-0.013575 -0.003106 -0.003922
0.005342 -0.000854 -0.002351
-0.004373 -0.002315 0.004370
-0.007186 -0.002312 0.003547
-0.000888 -0.005431 0.010647
-0.005754 0.001467 -0.000423
0.006139 0.000745 -0.005131
0.002676 -0.001635 0.001937
0.011736 0.002487 0.000815
-0.006564 -0.000935 0.000837
0.010107 0.004708 0.000300
0.000877 0.000548 -0.003953
0.007346 0.002673 -0.002570
0.007293 -0.002855 -0.000366
-0.004844 -0.003418 -0.004929
-0.003420 0.005639 0.000522
-0.008729 0.001306 -0.007667
0.005309 -0.000708 -0.002166
-0.004194 -0.002092 0.004288
-0.005673 -0.002773 0.001940
-0.011734 -0.001287 0.013799
-0.011673 -0.002774 0.004481
0.009753 0.001548 -0.004460
0.004492 -0.003704 0.000396
-0.031391 -0.021172 0.001290
0.005115 -0.002400 0.002106
0.000177 0.002027 0.002547
-0.010092 -0.000903 -0.000253
-0.024043 0.006019 -0.021698
0.006335 -0.001229 -0.001611
0.005301 -0.000580 -0.004283
-0.001053 -0.004743 0.001993
0.000055 0.000995 -0.002323
-0.000389 -0.006172 -0.005742
0.001960 0.004301 0.005216
-0.022244 -0.004025 -0.004593
-0.018435 -0.017821 0.011742
0.000197 -0.006540 -0.009825
0.017925 0.000434 0.000085
-0.006273 0.000278 0.008025
-0.012697 -0.001226 0.002608
0.003479 -0.002323 0.001337
-0.002039 -0.000113 0.002668
-0.003445 0.003861 0.003368
-0.023976 0.026884 -0.000796
0.007176 -0.002463 -0.001974
0.003630 -0.000780 -0.004475
0.003057 -0.000086 -0.001564
0.009983 0.004956 0.002194
-0.001953 -0.005528 -0.006423
0.002424 0.002419 0.005254
-0.022210 -0.004162 -0.004910
0.000718 0.004650 0.011445
0.000017 -0.006001 -0.009196
0.018096 0.001043 -0.000001
-0.004854 0.000940 0.007526
-0.012963 -0.002469 0.002819
0.005153 -0.002759 0.002106
-0.003269 0.001262 0.002341
-0.009342 0.008689 0.000096
-0.004570 0.006658 -0.000725
-0.032192 0.000618 0.041881
0.003050 0.000514 -0.006187
-0.000401 0.004904 0.001373
0.010429 0.005056 0.001617
-0.000314 -0.005668 -0.005900
-0.022427 0.032268 0.004062
-0.022343 -0.004073 -0.004904
-0.018429 0.024571 0.012157
-0.009756 -0.002652 -0.013326
0.018515 0.000351 0.001310
-0.006517 0.000466 0.007838
-0.012497 -0.000465 0.002779
0.005084 -0.002584 0.001201
-0.002285 0.000023 0.002579
-0.003713 0.004383 0.003681
-0.018287 0.005867 0.013861
0.006432 -0.001136 -0.002012
0.003474 -0.000493 -0.005003
0.004153 0.000977 -0.002108
0.010312 0.005911 0.000808
-0.000595 -0.006528 -0.006311
0.002451 0.001616 0.005349
-0.021299 -0.005222 -0.004786
0.001929 0.004116 0.011327
-0.000799 -0.008085 -0.009390
0.018049 0.000408 0.000214
-0.006931 0.000021 0.008023
-0.010749 -0.000306 0.004187
-0.022270 -0.002852 0.000254
-0.008163 0.005086 -0.001478
-0.008327 0.003976 -0.000773
-0.019374 -0.009820 -0.000726
0.007578 0.000416 -0.001879
0.004498 -0.000853 -0.004353
0.005811 0.000865 0.000578
0.000322 0.000614 -0.002125
-0.032119 -0.004790 -0.004459
0.003844 0.001816 0.006422
-0.049607 -0.005571 -0.033937
-0.012273 0.004689 -0.003148
-0.008930 -0.003905 -0.013382
-0.010387 0.036246 0.001092
-0.006353 0.001044 0.009141
-0.012747 -0.001374 0.003118
0.004162 -0.002662 0.001177
-0.001953 -0.000346 0.002122
-0.004372 0.003652 0.003867
-0.004077 0.006912 -0.001870
0.006148 -0.001414 -0.001666
0.003630 -0.000809 -0.004428
0.003857 0.000370 -0.001524
0.009391 0.005465 0.002073
-0.001088 -0.006037 -0.006360
0.002312 0.002529 0.005426
-0.022091 -0.003933 -0.003856
0.000761 0.004578 0.012468
-0.000917 -0.007368 -0.008877
0.018168 -0.000241 0.000011
-0.006358 0.000557 0.007782
-0.012417 -0.000548 0.002797
0.004970 -0.002584 0.000958
-0.001974 0.000249 0.002246
-0.003568 0.004297 0.003585
-0.004421 0.006550 -0.001148
0.006031 -0.001554 -0.000501
0.005400 -0.000660 -0.004695
0.004564 0.000644 -0.002135
0.009739 0.005990 0.001870
-0.000402 -0.005297 -0.006531
0.002738 0.001858 0.005388
-0.020645 -0.002842 -0.003774
0.000701 0.005004 0.011780
0.000198 -0.007966 -0.011024
0.019187 -0.000359 -0.001278
-0.006537 0.000344 0.007465
-0.010842 -0.000825 0.001049
0.003726 -0.002717 0.001223
-0.008487 0.004687 0.006030
-0.001376 0.004597 0.001748
-0.004512 0.006058 -0.001922
0.006045 -0.001575 -0.000672
0.003299 -0.000888 -0.004784
0.003086 0.000396 -0.001042
0.009854 0.005571 0.001215
-0.001541 -0.006044 -0.005780
0.003983 0.002330 0.003912
-0.022307 -0.004060 -0.005871
-0.017844 0.004019 0.032523
0.000242 -0.007169 -0.011191
0.017649 0.000054 0.000097
-0.004910 0.000607 0.007320
