2176.0000 0.05 1
1.11111
4.44444
11.1111
2.22222
11.1111
4.44444
13.3333
11.1111
20
11.1111
6.66667
11.1111
24.4444
23.3333
17.7778
23.3333
26.6667
18.8889
13.3333
32.2222
18.8889
8.88889
4.44444
10
14.4444
16.6667
34.4444
37.7778
25.5556
40
11.1111
26.6667
17.7778
31.1111
24.4444
32.2222
26.6667
27.7778
40
24.4444
32.2222
46.6667
36.6667
47.7778
70
55.5556
56.6667
41.1111
80
108.889
93.3333
126.667
127.778
136.667
151.111
146.667
161.111
190
192.222
202.222
214.444
267.778
192.222
230
232.222
288.889
235.556
281.111
253.333
263.333
292.222
297.778
317.778
337.778
318.889
350
286.667
345.556
301.111
312.222
298.889
300
291.111
277.778
314.444
273.333
248.889
285.556
290
297.778
314.444
317.778
324.444
307.778
333.333
321.111
313.333
294.444
292.222
301.111
302.222
291.111
332.222
357.778
317.778
357.778
377.778
361.111
346.667
354.444
341.111
293.333
251.111
213.333
177.778
162.222
188.889
241.111
264.444
331.111
350
397.778
418.889
400
427.778
411.111
450
400
384.444
354.444
342.222
375.556
345.556
394.444
382.222
380
383.333
434.444
400
458.889
406.667
410
406.667
356.667
360
376.667
368.889
374.444
437.778
415.556
406.667
440
405.556
341.111
347.778
324.444
346.667
316.667
328.889
255.556
286.667
260
270
257.778
244.444
224.444
278.889
206.667
244.444
214.444
232.222
261.111
223.333
242.222
234.444
212.222
208.889
230
172.222
205.556
176.667
197.778
175.556
175.556
257.778
233.333
234.444
211.111
215.556
170
175.556
196.667
262.222
238.889
222.222
275.556
238.889
227.778
260
345.556
342.222
318.889
308.889
325.556
305.556
335.556
377.778
421.111
423.333
425.556
447.778
434.444
510
480
498.889
474.444
434.444
347.778
315.556
225.556
117.778
8.88889
1.11111
0
0
0
0
0
0
0
0
0
0
0
0
0
0
0
0
0
0
0
0
0
0
4.44444
2.22222
0
0
0
2.22222
2.22222
6.66667
1.11111
4.44444
0
2.22222
4.44444
2.22222
4.44444
4.44444
0
2.22222
2.22222
2.22222
1.11111
2.22222
0
0
2.22222
0
2.22222
0
