-0.000497 0.010976 0.011254
-0.009035 0.001036 0.001368
0.001858 0.014401 0.000720
0.011848 0.007099 -0.001730
-0.002128 0.015775 -0.005885
-0.008993 0.001174 -0.001254
-0.000397 0.003815 0.005479
-0.000134 -0.016032 -0.002534
-0.003517 -0.011540 -0.001015
-0.011217 -0.005337 -0.003593
0.010470 -0.005928 -0.000651
-0.009486 -0.005741 -0.003338
0.003842 -0.006388 0.002699
0.003805 -0.019432 0.000198
-0.003553 0.000994 0.001269
0.013329 -0.011298 0.001369
-0.000387 0.010145 0.011499
-0.008140 0.000084 0.001585
-0.001463 0.019786 0.001590
0.009701 0.009415 -0.008252
-0.000902 0.016033 -0.005040
-0.009685 -0.000419 -0.002247
0.000500 0.002232 0.004428
-0.000093 -0.014975 -0.002385
-0.003696 -0.011667 -0.001613
-0.007267 -0.008311 0.002981
0.010763 -0.007152 -0.000909
-0.009518 -0.006389 -0.003048
0.004061 -0.007520 0.003842
0.003875 -0.018003 -0.000382
-0.004443 0.000017 0.001878
0.013951 -0.011042 0.002306
-0.000851 0.011189 0.013145
-0.008619 0.000619 0.000694
-0.002205 0.018027 0.000934
0.009256 0.012231 -0.003834
-0.001326 0.016984 -0.005741
-0.009149 0.001609 -0.002090
-0.000369 0.003878 0.005162
0.000024 -0.016247 -0.002793
-0.003472 -0.011487 -0.001720
-0.015811 -0.001322 0.002345
0.011380 -0.006401 0.000310
-0.009913 -0.006005 -0.003194
0.004819 -0.007819 0.003054
0.002256 -0.021148 -0.000384
-0.004488 0.000956 0.001759
0.013821 -0.011512 0.002442
0.000265 0.010976 0.011920
-0.011942 -0.000847 -0.004490
-0.000781 0.020105 0.001918
0.011864 0.010329 -0.006723
-0.002119 0.015894 -0.006633
-0.009379 0.005267 -0.002147
-0.061489 0.038834 0.079489
-0.002922 -0.017879 -0.002819
0.001456 -0.009613 0.005408
-0.011098 -0.005043 -0.003207
0.010637 -0.006703 0.000273
-0.008833 -0.005760 0.017112
0.005370 -0.013839 0.009567
0.003276 -0.019077 0.000306
-0.003226 0.000154 0.004829
0.012686 -0.011977 0.001451
-0.001969 0.012025 0.012604
-0.009278 0.001874 0.000538
0.000255 0.018236 -0.003303
0.012036 0.008951 -0.003194
-0.002406 0.016146 -0.005738
-0.007436 0.000418 -0.002127
0.000160 0.002395 0.004097
0.000009 -0.015626 -0.002791
-0.003617 -0.011444 -0.001583
-0.010867 -0.005058 -0.002459
0.012178 -0.006906 -0.000829
-0.009876 -0.006805 -0.003495
0.004988 -0.009036 0.003039
0.003744 -0.019203 -0.001472
-0.004087 0.000497 0.001670
0.014481 -0.011255 0.002105
-0.000549 0.009099 0.012305
-0.005150 0.003490 0.004155
-0.001154 0.017890 -0.004319
0.011171 0.007512 -0.002315
0.000949 0.015439 -0.005050
-0.010125 0.002528 -0.008142
-0.000131 0.003430 0.004052
0.000450 -0.015806 0.004326
-0.003486 -0.011501 -0.003981
-0.011189 -0.005262 -0.001834
0.011359 -0.006524 -0.001231
-0.009785 -0.006036 -0.003892
0.004795 -0.007622 0.003492
0.002791 -0.022563 -0.000281
-0.007348 0.004050 0.007306
0.013260 -0.010757 0.006220
-0.003391 -0.058012 0.081027
-0.025737 -0.008192 0.004127
-0.004765 0.015073 -0.000123
0.011631 0.007317 -0.001419
0.077052 -0.029179 0.097466
-0.012012 0.004513 -0.002472
0.000020 0.003715 0.006676
-0.003470 -0.019614 -0.001364
-0.003219 -0.011156 -0.000441
-0.011645 -0.004991 -0.002374
0.011004 -0.007016 0.001500
-0.008534 -0.005929 -0.003366
0.004486 -0.007318 0.001759
0.003687 -0.016777 -0.000391
0.001583 -0.002103 0.008677
0.017714 -0.011384 0.007082
-0.000450 0.010899 0.011425
-0.013848 0.001808 0.001047
-0.000872 0.019332 0.000676
0.015611 0.010948 -0.002890
-0.000982 0.016375 -0.003464
-0.007486 0.001065 -0.006534
-0.002515 0.004138 0.005267
0.003624 -0.013284 -0.002516
-0.008821 -0.013726 0.006586
-0.011305 -0.004698 -0.001380
0.011532 -0.006106 -0.000173
-0.009015 -0.006266 0.019430
0.003891 -0.002475 0.010438
0.003522 -0.019080 -0.000219
-0.004089 0.000448 0.002286
0.014174 -0.010653 0.001701
-0.000388 0.002229 -0.004978
0.006298 0.007849 -0.003008
-0.010676 0.011374 0.002574
0.007000 0.023951 -0.000830
-0.000468 -0.003757 -0.000119
0.002007 0.004715 -0.010142
-0.008388 -0.001737 0.000999
0.001237 0.005716 -0.000315
-0.000477 0.007372 -0.002337
0.016233 -0.009927 0.003054
-0.008318 0.009522 0.001980
-0.004949 -0.000261 -0.000243
0.011992 -0.005174 -0.000194
-0.002488 -0.004875 0.004356
0.010138 -0.009813 0.002307
-0.016942 -0.012022 0.000222
0.001672 0.002272 -0.009812
0.007674 0.007494 -0.001615
-0.010675 0.011983 0.002861
0.007282 0.023679 -0.001126
-0.001085 -0.001789 -0.005371
0.002739 0.002893 -0.010015
-0.008674 -0.002152 0.001496
0.003826 0.002195 0.004571
-0.000642 0.007044 -0.001971
0.018520 -0.012270 0.002997
-0.008524 0.009940 0.002307
-0.005197 -0.001126 -0.002033
0.011929 -0.005225 0.000654
-0.002737 -0.005648 0.010550
0.009470 -0.009367 0.002030
-0.016565 -0.012196 0.000327
0.004703 0.003589 -0.004850
0.008042 0.008629 -0.003424
-0.008922 0.008988 0.002276
0.007675 0.023401 -0.002137
-0.003475 -0.004069 -0.000679
0.000693 0.004461 -0.010269
-0.009143 0.000624 0.000773
0.001892 0.023999 0.003594
-0.000694 0.007958 -0.001786
0.017605 -0.010998 0.001996
-0.007957 0.009621 0.003505
-0.005386 -0.001311 -0.000409
0.011796 -0.005725 -0.000079
-0.004928 -0.003645 0.007925
0.010479 -0.010597 0.002302
-0.016714 -0.011011 -0.000125
0.014388 -0.006275 -0.000962
0.008136 -0.010561 0.001707
-0.011785 0.010403 -0.001488
0.004903 0.022330 -0.001910
0.001894 -0.004469 0.006406
0.001814 0.006274 -0.008690
-0.004048 -0.003213 0.000441
0.002200 0.004798 -0.000132
0.052280 0.040663 0.047559
0.018110 -0.010844 0.003286
-0.004388 0.013079 0.007416
-0.004759 -0.006170 0.004814
0.011926 -0.004082 0.007581
-0.004421 -0.005483 0.004329
0.010981 -0.009374 0.001751
-0.016917 -0.012281 0.000251
0.000797 0.003487 -0.005069
0.008112 0.008372 -0.002096
-0.010107 0.010023 0.003029
0.006832 0.023152 -0.000935
0.000592 -0.001318 0.000339
0.001057 0.004488 -0.009476
-0.007831 -0.002225 0.000882
0.003190 0.004531 0.000714
-0.001663 0.007344 -0.000789
0.020267 -0.013287 0.002725
-0.008603 0.010744 0.001968
-0.004458 -0.002175 -0.000405
0.011138 -0.005362 -0.000468
-0.004905 -0.006595 0.004340
0.010169 -0.009983 0.002215
-0.017059 -0.011470 0.000824
-0.000329 0.003598 -0.004480
0.007989 0.008008 -0.002498
-0.010455 0.008637 -0.002707
0.006736 0.022919 -0.000914
0.000222 -0.002620 0.000621
0.000682 0.004402 -0.010945
-0.012247 -0.004010 0.002357
0.002815 0.007139 0.000136
-0.000143 0.008448 -0.001473
0.017516 -0.011934 0.005585
-0.007970 0.010307 0.002267
-0.004892 -0.000991 -0.001263
0.013239 -0.004724 0.000231
-0.003735 -0.005279 0.003842
0.010113 -0.008976 -0.001416
-0.016792 -0.011774 0.007976
-0.000951 0.002862 -0.005295
0.007459 0.008676 -0.001284
-0.007589 0.008197 0.001024
0.007092 0.024619 -0.002036
0.000200 -0.001913 -0.000300
0.000378 0.004346 -0.009931
0.008215 0.006185 0.004794
0.003067 0.004557 -0.000561
-0.001794 0.005622 -0.002270
0.021133 -0.013740 0.009576
-0.008341 0.010740 0.003399
-0.005449 -0.000850 -0.000945
0.011305 -0.006493 0.000833
-0.003333 -0.005278 0.003931
0.007941 0.009613 -0.609518
-0.020846 -0.012142 0.006291
-0.002021 0.005028 0.002396
0.007585 0.011644 0.003210
-0.009674 0.005900 0.003172
-0.060869 -0.019488 0.073052
-0.016492 0.006225 0.004642
0.003842 0.079482 0.063434
-0.006037 -0.000490 -0.004330
0.004736 0.006417 -0.000637
0.000471 0.008559 -0.003433
0.017991 -0.012238 0.003234
-0.013649 0.008978 0.008953
-0.006492 0.003215 0.007155
0.011693 -0.006022 0.007013
-0.003650 -0.005581 0.003684
0.009155 -0.010032 0.002169
-0.016282 -0.011500 0.000461
