2176.0000 0.05 1
1.11111
4.44444
11.1111
2.22222
11.1111
4.44444
13.3333
11.1111
20
11.1111
6.66667
11.1111
24.4444
23.3333
17.7778
23.3333
26.6667
18.8889
13.3333
32.2222
18.8889
8.88889
4.44444
10
14.4444
16.6667
34.4444
37.7778
25.5556
40
11.1111
26.6667
17.7778
31.1111
24.4444
32.2222
26.6667
27.7778
40
24.4444
32.2222
46.6667
36.6667
47.7778
70
55.5556
56.6667
41.1111
80
108.889
93.3333
126.667
127.778
138.889
148.889
146.667
161.111
190
190
202.222
216.667
267.778
192.222
230
236.667
284.444
237.778
278.889
253.333
263.333
286.667
303.333
317.778
340
316.667
352.222
282.222
347.778
305.556
307.778
296.667
302.222
291.111
277.778
314.444
268.889
251.111
285.556
292.222
297.778
314.444
316.667
323.333
305.556
337.778
318.889
313.333
296.667
292.222
298.889
303.333
292.222
330
357.778
317.778
360
377.778
356.667
348.889
354.444
338.889
295.556
253.333
215.556
175.556
160
191.111
238.889
266.667
331.111
353.333
395.556
415.556
400
427.778
411.111
452.222
400
380
358.889
342.222
373.333
347.778
393.333
384.444
377.778
384.444
427.778
404.444
458.889
407.778
406.667
413.333
352.222
360
381.111
362.222
381.111
435.556
413.333
407.778
441.111
401.111
341.111
352.222
320
348.889
318.889
328.889
255.556
284.444
264.444
271.111
253.333
247.778
220
274.444
213.333
244.444
214.444
234.444
256.667
223.333
244.444
232.222
214.444
208.889
227.778
176.667
203.333
176.667
197.778
175.556
177.778
256.667
230
234.444
213.333
215.556
170
174.444
197.778
260
241.111
222.222
274.444
237.778
227.778
262.222
347.778
337.778
321.111
304.444
330
305.556
335.556
377.778
414.444
430
425.556
445.556
436.667
503.333
476.667
500
468.889
433.333
347.778
313.333
223.333
123.333
18.8889
1.11111
0
0
0
0
0
0
0
0
0
0
0
0
0
0
0
0
0
0
0
0
0
0
6.66667
0
0
0
0
0
8.88889
2.22222
2.22222
5.55556
2.22222
0
6.66667
0
6.66667
4.44444
0
2.22222
2.22222
2.22222
1.11111
2.22222
0
0
2.22222
0
2.22222
0
