0.009219 0.002465 -0.000004
-0.005972 -0.002259 0.000461
0.010482 0.003646 0.000372
0.003130 0.000675 -0.003560
0.009023 0.004007 -0.003555
-0.001056 -0.003619 0.000569
-0.004852 -0.002652 -0.004300
-0.005582 0.006235 0.001323
-0.008814 0.001044 -0.007556
0.005796 -0.001656 -0.001952
-0.004021 -0.001650 0.004370
-0.004923 -0.002377 0.002001
-0.001781 -0.006698 0.008553
-0.005352 0.000911 -0.000017
0.005621 0.000455 -0.003583
0.002816 -0.001494 0.001029
0.009536 0.002151 0.001829
-0.005735 -0.002871 0.000187
0.010741 0.005009 0.000858
0.002450 0.000504 -0.003472
0.008578 0.002995 -0.003074
0.000043 -0.002602 -0.000313
-0.004941 -0.003609 -0.005301
-0.004745 0.005816 0.001105
-0.004573 0.004270 0.001435
0.005428 -0.002405 -0.002736
-0.003177 -0.002365 0.002383
-0.005285 -0.003995 0.000610
-0.001867 -0.005421 0.006045
-0.005565 0.000501 -0.000369
0.004688 0.001161 -0.004688
0.003959 -0.002239 -0.001821
0.009379 0.002219 0.000075
-0.000819 0.001727 0.006812
0.010701 -0.027353 0.022411
-0.025227 0.000357 0.019104
0.004831 -0.000135 0.001504
0.000427 -0.003822 -0.007837
-0.005551 -0.002023 -0.005960
-0.020274 0.006367 0.015895
-0.009073 0.000510 -0.009128
0.005745 -0.001225 -0.003496
-0.004050 -0.003481 0.004127
-0.006916 -0.001769 0.002811
-0.001312 -0.006300 0.009984
-0.008219 0.001646 -0.001013
0.020128 -0.000318 0.009812
0.002375 -0.001900 0.001146
0.010907 0.002831 0.000937
-0.005641 -0.001750 0.001398
0.010341 0.003541 0.000684
0.003374 0.000865 -0.002911
0.009035 0.002905 -0.002535
-0.000787 -0.003494 -0.001061
-0.004765 -0.001720 -0.004318
-0.005049 0.005477 0.000809
-0.008699 0.000257 -0.007163
0.005037 -0.001138 -0.001738
-0.003478 -0.002593 0.004423
-0.005144 -0.002705 0.001818
-0.001717 -0.006217 0.008922
-0.005734 0.000071 -0.000293
0.004390 0.001743 -0.004880
0.001382 -0.001487 -0.000363
0.011995 0.002109 -0.000784
-0.001330 0.002544 0.006471
0.010742 0.005501 -0.000816
0.001927 0.000575 -0.003486
0.007375 0.003805 -0.005813
0.000068 -0.005002 -0.000226
-0.000981 -0.005706 0.004546
-0.004721 0.005897 0.000446
-0.008826 0.002352 -0.008156
0.001345 -0.004709 0.006123
-0.003335 -0.002255 0.003424
-0.005033 -0.000742 0.000112
-0.001932 -0.005137 0.009848
-0.005633 0.000175 -0.000287
0.003919 0.001346 -0.004247
0.001096 -0.002087 0.001634
0.010580 0.002248 0.001151
-0.005571 -0.001938 0.001268
0.010825 0.004367 -0.000255
0.002388 0.000260 -0.004261
0.008582 0.002569 -0.003509
-0.001950 -0.002972 -0.000954
-0.005136 -0.001115 -0.005653
-0.005295 0.006013 0.000477
-0.014473 -0.004157 0.002713
0.005277 -0.000568 -0.002593
-0.002493 -0.002219 -0.001602
-0.008094 -0.007185 0.007177
-0.002498 0.020191 0.026637
-0.008743 0.002254 0.000455
0.005287 0.000402 -0.005545
0.039975 -0.001694 0.031406
0.010326 0.002265 0.001041
-0.004308 -0.003013 -0.001366
0.010799 0.003841 -0.002715
0.000881 0.000935 -0.005322
0.007677 0.004272 -0.005181
-0.000665 -0.003466 -0.003669
-0.004922 -0.002001 -0.003247
0.010332 0.005196 0.015314
-0.008808 0.000430 -0.006520
0.005394 -0.001296 -0.001435
-0.003249 -0.001850 0.004212
-0.009773 -0.002278 0.006060
-0.001578 -0.005699 0.009236
-0.004431 0.000368 -0.001369
-0.014763 0.001436 0.014296
0.002193 -0.001689 -0.000153
0.051783 0.002083 0.040065
-0.004381 -0.002574 -0.000639
0.009559 0.005666 -0.001150
0.003238 0.000633 -0.004393
0.003783 -0.000914 0.003134
-0.002350 -0.002342 -0.000798
-0.009865 0.003381 0.006299
-0.005328 0.005790 0.000638
-0.009327 -0.000536 -0.008120
0.010982 0.004505 0.008036
-0.003643 -0.002394 0.005001
-0.008626 0.002143 0.006913
-0.001646 -0.005198 0.010047
-0.005697 -0.000043 -0.001437
0.004933 0.002281 -0.005239
0.001519 -0.001777 0.000594
-0.012911 -0.001743 0.003221
0.004777 -0.002750 0.002121
-0.002862 0.000823 0.002429
-0.003523 0.003730 0.001869
-0.003618 0.006559 -0.000382
0.009140 0.003038 0.004169
0.004735 -0.002304 -0.005705
0.002134 0.000026 -0.000757
0.009910 0.004624 0.001265
-0.001300 -0.006082 -0.006734
0.002374 0.003414 0.005936
-0.022587 -0.004166 -0.005414
0.002846 0.004507 0.011683
-0.000399 -0.006453 -0.010057
0.018438 0.001645 0.000760
-0.006319 0.002131 0.006399
-0.012585 -0.001281 0.003194
0.004217 -0.001984 0.003008
-0.002822 0.001466 0.002894
-0.003719 0.004765 0.001506
-0.003736 0.006179 -0.001655
0.011518 -0.000739 0.005540
0.003098 -0.001916 -0.007479
0.002501 -0.001594 -0.002734
0.009824 0.008491 0.004817
-0.001542 0.011036 0.011114
0.002133 0.003044 0.005141
-0.020547 -0.004535 -0.006559
0.001839 0.005360 0.011486
-0.000046 -0.008326 -0.012999
0.013916 0.004125 0.007937
-0.005984 0.000454 0.007456
-0.010499 -0.002245 0.002332
-0.008751 -0.003013 -0.482930
-0.004726 0.000323 0.002220
-0.009484 0.003577 0.008398
-0.003379 0.006263 -0.000496
0.009209 -0.005800 0.004245
0.001959 0.003392 -0.000556
0.003599 0.000206 -0.000175
0.009670 0.004746 0.000951
-0.001117 -0.005800 -0.005290
0.004089 0.003406 0.004995
-0.055668 -0.003696 0.024048
0.002160 0.005092 0.012710
-0.000936 -0.006850 -0.010316
0.018491 0.000685 -0.001314
-0.002298 -0.004184 0.012477
-0.012154 -0.000965 0.003047
0.004656 -0.002614 -0.007741
-0.002549 0.001218 0.002504
-0.003547 0.004086 0.002432
-0.003589 0.006340 -0.002086
0.005616 -0.000379 -0.001689
0.004515 -0.000915 -0.004377
0.002061 0.000438 -0.000583
0.009746 0.004018 0.001091
-0.000854 -0.005939 -0.005232
0.002286 0.002536 0.005597
-0.021332 -0.003876 -0.004269
0.003172 0.004279 0.011752
-0.000349 -0.005929 -0.010163
0.017795 0.000657 0.000660
-0.006094 0.000538 0.007881
-0.012739 -0.001418 0.002554
0.004966 -0.003375 0.003053
-0.002793 0.001230 0.001724
-0.003861 0.002840 0.001351
-0.003132 0.006302 0.026954
0.004850 -0.001160 -0.001493
0.004357 -0.000898 -0.004457
0.002671 0.002098 -0.002584
0.010009 0.006941 -0.001170
-0.000899 -0.022820 0.011367
0.002476 0.002754 0.005670
-0.021314 -0.004487 -0.006341
0.002050 0.004205 0.011670
-0.000288 -0.010496 -0.006622
0.017808 0.001756 -0.000559
-0.004375 0.001626 0.004833
-0.012626 -0.001145 0.002355
0.004991 -0.002677 0.003008
-0.002928 0.001793 0.001417
-0.007930 0.008200 0.007440
-0.003103 0.006355 -0.001954
0.007660 -0.001418 -0.000322
0.000310 0.002952 0.001379
0.005801 -0.004381 0.004724
0.009873 0.006493 0.003056
-0.000439 -0.027875 0.016943
0.002903 0.002895 0.008381
-0.022479 -0.004447 -0.005415
0.002446 0.005825 0.006457
0.000770 -0.030667 0.004308
0.023534 -0.004454 0.010079
-0.006197 0.001001 0.006866
-0.014089 -0.001056 0.002324
0.004383 -0.002586 0.004202
-0.001837 0.000840 0.001646
-0.005809 0.004043 0.002397
-0.003529 0.006417 -0.002199
0.004989 -0.002431 -0.002136
0.002850 -0.002197 -0.006838
0.009276 0.000683 0.005697
0.009575 0.004997 0.002451
-0.000738 -0.005833 -0.018486
0.000939 0.002792 0.004759
-0.024503 -0.003997 -0.007436
0.002083 0.004484 0.012818
-0.000760 -0.007137 -0.009099
0.017716 0.000654 0.001368
-0.004720 0.001377 0.005843
-0.012061 -0.001156 0.006460
0.004391 -0.002345 0.003061
-0.004599 0.001168 0.004781
-0.007697 -0.000032 0.007240
-0.005784 0.006345 0.025693
0.005356 -0.001636 -0.001011
0.004174 -0.000910 -0.005124
0.005653 0.004179 0.004461
0.009504 0.033913 0.021395
-0.000998 0.016266 0.017320
0.002511 0.002579 0.004906
-0.021989 -0.004130 -0.005367
0.002937 0.003092 0.005584
0.000424 -0.007558 -0.008689
0.017835 0.000106 -0.000531
-0.002700 -0.003916 0.013603
