2176.0000 0.05 1
1.11111
4.44444
11.1111
2.22222
11.1111
4.44444
13.3333
11.1111
20
11.1111
6.66667
11.1111
24.4444
23.3333
17.7778
23.3333
26.6667
18.8889
13.3333
34.4444
16.6667
11.1111
2.22222
10
14.4444
16.6667
34.4444
37.7778
25.5556
40
11.1111
26.6667
17.7778
31.1111
24.4444
32.2222
28.8889
25.5556
40
24.4444
32.2222
46.6667
36.6667
47.7778
70
57.7778
54.4444
41.1111
80
106.667
95.5556
126.667
127.778
136.667
148.889
148.889
161.111
190
192.222
203.333
213.333
270
190
230
232.222
288.889
237.778
278.889
253.333
261.111
293.333
298.889
320
335.556
318.889
352.222
282.222
347.778
303.333
310
290
302.222
295.556
277.778
316.667
268.889
251.111
283.333
294.444
295.556
316.667
314.444
318.889
310
337.778
318.889
315.556
294.444
292.222
298.889
306.667
286.667
332.222
353.333
326.667
354.444
374.444
358.889
355.556
352.222
334.444
297.778
253.333
217.778
173.333
164.444
186.667
241.111
264.444
331.111
350
395.556
418.889
400
427.778
413.333
447.778
404.444
380
358.889
342.222
373.333
345.556
395.556
382.222
376.667
383.333
427.778
406.667
458.889
408.889
407.778
408.889
354.444
360
376.667
368.889
372.222
437.778
415.556
412.222
438.889
401.111
338.889
356.667
320
348.889
316.667
328.889
257.778
285.556
258.889
270
260
244.444
222.222
274.444
211.111
244.444
216.667
231.111
260
218.889
248.889
232.222
214.444
206.667
230
174.444
207.778
174.444
197.778
173.333
176.667
256.667
235.556
231.111
211.111
218.889
168.889
175.556
196.667
263.333
236.667
220
274.444
241.111
224.444
264.444
347.778
342.222
317.778
303.333
332.222
305.556
331.111
382.222
412.222
430
425.556
447.778
434.444
507.778
472.222
501.111
471.111
425.556
350
317.778
225.556
124.444
15.5556
1.11111
0
0
0
0
0
0
0
0
0
0
0
0
0
2.22222
0
0
0
0
0
0
0
2.22222
4.44444
0
0
2.22222
0
0
2.22222
6.66667
0
5.55556
2.22222
0
4.44444
2.22222
4.44444
4.44444
2.22222
2.22222
2.22222
2.22222
1.11111
2.22222
0
0
2.22222
0
2.22222
0
