-0.003088 0.020845 0.012013
-0.066367 0.067416 0.000181
-0.000324 0.018346 0.000346
0.011881 0.007926 -0.002353
-0.003370 0.015907 -0.006587
-0.008598 -0.001492 -0.002180
-0.000501 0.001417 0.003878
-0.003835 -0.010390 -0.002204
-0.004170 0.005611 0.020234
-0.012369 -0.009224 0.000213
0.013822 -0.005955 -0.000039
-0.009409 -0.007187 -0.004185
0.004506 -0.007649 0.002721
0.005458 -0.018417 -0.000030
-0.003529 0.000719 0.000034
0.015167 -0.011267 0.002283
-0.000180 0.010379 0.012300
-0.009494 0.001832 0.000388
-0.000211 0.017631 0.000961
0.011141 0.007855 -0.002442
0.008881 0.033274 -0.004986
-0.009570 -0.000705 -0.002991
0.000236 0.006162 0.003073
0.000352 -0.015413 -0.001368
-0.002715 -0.011689 -0.002130
-0.011194 -0.005510 -0.002470
0.010815 -0.006249 0.000366
-0.009319 -0.005730 -0.004263
0.005139 -0.008833 0.003160
0.002421 -0.018975 -0.000487
-0.005286 0.000574 0.000684
0.014356 -0.012141 0.002645
0.000244 0.011414 0.012509
-0.008943 0.002114 0.001143
-0.001424 0.019577 0.000334
0.010787 0.008589 -0.004243
-0.001378 0.016579 -0.005830
-0.009430 0.000848 -0.002400
0.019460 0.001779 0.006303
-0.000631 -0.014992 -0.003272
-0.004360 -0.012567 -0.001039
-0.011369 -0.005000 -0.001575
0.010269 -0.007568 0.000933
-0.009847 -0.005049 -0.007400
0.000820 -0.002245 0.004076
0.003020 -0.019992 -0.000891
-0.003725 0.000301 0.001668
0.014145 -0.011119 0.002280
-0.004561 0.015933 0.012718
-0.008466 0.000440 0.001157
-0.001332 0.020654 0.000702
0.013138 0.006707 -0.000995
-0.004044 0.017231 -0.006447
-0.008169 0.003044 -0.002405
-0.000571 0.002664 0.004730
-0.003168 -0.017978 -0.005062
-0.003618 -0.009980 -0.001376
-0.006717 0.001543 -0.003751
0.011394 -0.007464 -0.000598
-0.009088 -0.004870 -0.002255
0.003734 -0.011095 0.003233
0.038503 -0.002905 0.044826
-0.003294 0.000251 0.001241
0.013113 -0.012784 0.004162
-0.000295 0.010451 0.012617
-0.008785 0.001776 0.000467
-0.001306 0.019130 0.000812
0.010198 0.007871 -0.003524
-0.002804 0.015580 -0.003591
-0.008329 -0.000763 -0.001421
-0.000923 0.001976 0.005216
0.000746 -0.016639 -0.001677
-0.003577 -0.010370 -0.005615
-0.011146 -0.004737 -0.001975
0.011063 -0.006646 0.000361
-0.009990 -0.006267 -0.003308
0.004176 -0.007660 0.003942
0.003536 -0.018986 -0.000961
-0.040283 0.011774 -0.039615
0.013866 -0.010823 0.003162
-0.001332 0.010191 0.012299
-0.008835 0.001296 0.000229
-0.003283 0.017743 0.000559
0.011249 0.007539 -0.002450
-0.001505 0.015118 -0.006905
-0.012426 -0.001868 -0.003315
0.002410 0.001503 0.004204
0.000020 -0.015886 -0.002036
-0.003434 -0.011200 0.000683
-0.008923 -0.007541 -0.003990
0.011244 -0.006361 0.000316
-0.009378 -0.008133 -0.005818
0.001820 -0.010808 0.006480
0.003568 -0.019247 -0.000646
-0.003768 0.001600 0.001980
0.014638 -0.011639 0.007589
0.002313 0.015385 0.012012
-0.008783 -0.001076 0.000961
-0.001941 0.017445 0.000448
0.011354 -0.580673 -0.001617
-0.002102 0.015909 -0.005299
-0.011089 -0.000102 -0.001871
0.002588 0.001635 0.005283
-0.000462 -0.018336 -0.002121
-0.003553 -0.011561 -0.001774
0.000145 -0.007138 0.008575
0.010922 -0.004499 0.002379
-0.012592 0.000780 -0.007400
-0.006613 -0.008857 -0.008364
0.002464 -0.018941 -0.002858
-0.003242 0.000793 0.002708
0.013372 -0.010943 0.002866
-0.005155 0.016631 0.013985
-0.008364 0.000521 -0.000756
-0.001588 0.020832 0.000868
0.012413 0.006700 -0.003035
-0.013663 0.032400 -0.006142
-0.026135 -0.000467 -0.003502
0.000105 0.003783 0.004662
-0.010346 -0.017467 0.008608
-0.002153 -0.012027 -0.001260
-0.012238 -0.006361 -0.000438
0.048462 0.005853 -0.040902
-0.011804 -0.006129 -0.003492
0.004187 -0.007942 0.003497
0.002814 -0.020575 0.000998
-0.003406 0.000714 0.002706
0.016211 -0.004587 0.007243
-0.000586 0.002801 -0.005284
0.007729 0.008055 -0.002932
-0.017730 0.021585 0.003236
0.007094 0.034620 -0.001913
-0.000698 -0.004972 -0.000479
0.001466 0.001778 -0.010014
-0.009644 0.001355 0.004332
-0.000449 0.014483 -0.001444
-0.000909 0.005723 -0.004371
0.017399 -0.012145 0.003651
-0.008773 0.009451 0.001385
-0.005042 -0.000845 -0.000051
0.011192 -0.004432 0.003749
-0.004217 -0.004714 0.003484
0.009567 -0.009498 0.006329
-0.050067 0.006522 0.039920
0.000358 0.004755 -0.005336
0.006398 0.008181 -0.004631
-0.010361 0.010774 0.002291
0.007883 0.023371 -0.000984
-0.000065 -0.002408 0.000090
0.002075 0.003807 -0.011245
-0.005842 0.004820 0.000768
0.004448 0.005219 -0.000232
-0.003002 0.002782 -0.002409
0.018328 -0.009915 0.003393
-0.009015 0.010948 0.001427
-0.005999 -0.001118 0.000646
0.012171 -0.005688 0.000862
-0.002985 -0.005558 0.004851
0.010236 -0.011243 0.002731
-0.017968 -0.012864 0.001671
0.001449 0.003326 -0.005090
0.006749 0.007682 -0.000579
-0.010585 0.010369 0.002944
0.007995 0.023555 -0.002042
-0.000552 -0.002711 -0.000499
0.002026 0.003723 -0.009107
-0.009707 -0.002812 0.000561
0.003499 0.006720 0.000176
-0.000306 0.006161 -0.001646
0.018122 -0.011260 0.003534
-0.005868 0.009920 0.002616
-0.006082 -0.001670 -0.000066
0.010317 -0.006022 -0.000299
-0.003404 -0.004842 0.003816
0.009707 -0.009922 0.001782
-0.016260 -0.012176 0.001018
-0.000370 0.003289 -0.005269
0.006967 0.008951 -0.002551
-0.008898 0.009517 -0.001175
0.006353 0.023327 -0.001152
-0.001546 -0.002750 -0.000500
0.001504 0.005160 -0.009456
-0.007374 -0.002180 0.000876
0.005149 0.009585 0.005446
-0.001669 0.002446 -0.002004
0.018065 -0.012147 0.005766
-0.009358 0.009514 0.001968
-0.004303 0.000296 0.000216
0.011419 -0.004796 0.000201
-0.003784 -0.006188 0.002486
0.010982 -0.011862 0.004780
-0.016359 -0.012458 0.002064
-0.004993 0.010027 -0.005336
0.059997 0.057739 -0.003220
-0.009639 0.012152 0.001500
0.006556 0.023834 -0.001538
-0.000392 -0.003058 0.000194
0.001430 0.004368 -0.009914
-0.010570 0.003772 -0.005407
0.002564 0.005356 0.000462
0.001567 0.003220 0.001480
0.017585 -0.012148 0.002372
-0.007897 0.010338 0.003108
-0.004636 0.000107 -0.000324
0.010725 0.010456 -0.019465
-0.003222 -0.007044 0.003198
0.010971 -0.008999 0.003463
-0.016634 -0.012088 0.003261
0.004829 0.006467 -0.002892
0.007201 0.005781 -0.002271
-0.007411 0.011555 0.002570
0.006627 0.023578 -0.001969
-0.000770 -0.003381 -0.000318
0.002173 0.003899 -0.010283
-0.007893 -0.001735 0.001626
0.002902 0.004785 0.000160
-0.000281 0.005896 -0.003612
0.018808 -0.012162 0.003211
-0.009019 0.008460 0.000136
-0.004265 -0.001598 -0.003415
0.011624 -0.004798 -0.000432
-0.001359 -0.008190 0.006970
0.008141 -0.009693 0.001948
-0.016026 -0.011395 0.000018
0.004196 0.006344 -0.008805
0.007479 0.008764 -0.002516
0.003867 0.030003 0.002186
0.006753 0.034340 -0.001444
-0.001738 0.035609 -0.002149
0.002185 0.053107 -0.010048
-0.007931 -0.003386 -0.000485
0.004549 0.014384 -0.000506
0.001032 0.002485 -0.000561
0.018081 -0.010533 0.003342
-0.004318 0.016217 -0.000985
-0.007300 0.074753 -0.069483
0.011492 -0.005488 -0.000590
0.006340 -0.009623 -0.005961
0.010312 -0.009088 0.001819
-0.017148 -0.011220 0.001631
-0.000206 0.014732 -0.005091
0.007031 0.008908 -0.002657
-0.010224 0.010234 0.006990
0.006422 0.022990 -0.001906
-0.000623 -0.002057 -0.000724
0.002089 0.004637 -0.009917
-0.009486 0.007898 0.000312
0.005391 0.009831 -0.005435
-0.000652 0.005610 -0.001625
0.019697 0.057750 0.068964
-0.008068 0.010106 -0.002386
-0.004799 -0.001309 -0.000303
0.012885 -0.005948 -0.000296
0.001113 0.001120 0.005603
0.006930 -0.003639 0.004956
-0.016385 -0.011205 0.000208
