svsl Ru Ru 2.66090 3.26017 0.00325
0.66667 0.33333 0.50000 0.33333 -0.33333 -0.50000

4
1.13639
1.00000 -0.34641 0.00000 
-0.34641 0.60000 0.00000 
0.00000 0.00000 0.00000 

-0.20268
-0.57735 1.00000 0.00000 
1.00000 0.57735 0.00000 
0.00000 0.00000 0.00000 

-1.59975
0.00000 0.00000 1.00000 
0.00000 0.00000 -0.57735 
1.00000 -0.57735 0.00000 

1.44843
0.00000 0.00000 0.00000 
0.00000 0.00000 0.00000 
0.00000 0.00000 1.00000 

1.25341 -0.59634 -1.59975 
-0.59634 0.56482 0.92362 
-1.59975 0.92362 1.44843 

---------------

svsl Ru Ru 2.71874 1.76586 0.09690
0.66667 0.33333 0.50000 -1.00000 -1.00000 0.00000

4
1.17510
1.00000 -0.34641 0.00000 
-0.34641 0.60000 0.00000 
0.00000 0.00000 0.00000 

0.95898
-0.24744 1.00000 0.00000 
-0.14286 0.24744 0.00000 
0.00000 0.00000 0.00000 

1.65953
-0.24744 -0.14286 0.00000 
1.00000 0.24744 0.00000 
0.00000 0.00000 0.00000 

0.07951
0.00000 0.00000 0.00000 
0.00000 0.00000 0.00000 
0.00000 0.00000 1.00000 

0.52719 0.31484 0.00000 
1.11546 1.35297 0.00000 
0.00000 0.00000 0.07951 

---------------

svsl Ru Ru 3.80420 0.31096 -0.13534
1.00000 1.00000 1.00000 0.66667 1.33333 0.50000

4
-0.35042
1.00000 0.00000 0.00000 
0.00000 0.00000 0.00000 
0.00000 0.00000 0.00000 

0.13849
0.00000 0.00000 0.00000 
0.00000 1.00000 0.00000 
0.00000 0.00000 0.00000 

0.14610
0.00000 0.00000 0.00000 
0.00000 0.00000 1.00000 
0.00000 1.00000 0.00000 

0.25221
0.00000 0.00000 0.00000 
0.00000 0.00000 0.00000 
0.00000 0.00000 1.00000 

-0.35042 0.00000 0.00000 
0.00000 0.13849 0.14610 
0.00000 0.14610 0.25221 

---------------

svsl Ru Ru 4.29722 1.01148 0.12581
0.66667 0.33333 0.50000 0.00000 0.00000 -1.00000

2
0.12581
1.00000 0.00000 0.00000 
0.00000 1.00000 0.00000 
0.00000 0.00000 0.00000 

1.01148
0.00000 0.00000 0.00000 
0.00000 0.00000 0.00000 
0.00000 0.00000 1.00000 

0.12581 0.00000 0.00000 
0.00000 0.12581 0.00000 
0.00000 0.00000 1.01148 

---------------

svsl Ru Ru 4.67584 0.40046 0.03189
0.66667 0.33333 0.50000 0.33333 -1.33333 -0.50000

6
0.12508
1.00000 0.00000 0.00000 
0.00000 0.00000 0.00000 
0.00000 0.00000 0.00000 

-0.14090
0.00000 1.00000 0.00000 
1.00000 0.00000 0.00000 
0.00000 0.00000 0.00000 

-0.28455
0.00000 0.00000 1.00000 
0.00000 0.00000 0.00000 
1.00000 0.00000 0.00000 

0.25004
0.00000 0.00000 0.00000 
0.00000 1.00000 0.00000 
0.00000 0.00000 0.00000 

-0.05739
0.00000 0.00000 0.00000 
0.00000 0.00000 1.00000 
0.00000 1.00000 0.00000 

0.08912
0.00000 0.00000 0.00000 
0.00000 0.00000 0.00000 
0.00000 0.00000 1.00000 

0.12508 -0.14090 -0.28455 
-0.14090 0.25004 -0.05739 
-0.28455 -0.05739 0.08912 

---------------

svsl Ru Ru 4.70900 0.09065 0.11416
1.00000 1.00000 1.00000 1.00000 2.00000 0.00000

3
0.20153
1.00000 0.00000 0.00000 
0.00000 0.00000 0.00000 
0.00000 0.00000 0.00000 

0.09065
0.00000 0.00000 0.00000 
0.00000 1.00000 0.00000 
0.00000 0.00000 0.00000 

0.02680
0.00000 0.00000 0.00000 
0.00000 0.00000 0.00000 
0.00000 0.00000 1.00000 

0.20153 0.00000 0.00000 
0.00000 0.09065 0.00000 
0.00000 0.00000 0.02680 

---------------

svsl Ru Ru 5.08504 -0.01412 -0.07278
0.66667 0.33333 0.50000 -1.00000 -1.00000 -1.00000

6
-0.05883
1.00000 -0.34641 0.00000 
-0.34641 0.60000 0.00000 
0.00000 0.00000 0.00000 

0.04057
-0.24744 1.00000 0.00000 
-0.14286 0.24744 0.00000 
0.00000 0.00000 0.00000 

0.08433
0.00000 0.00000 1.00000 
0.00000 0.00000 0.00000 
-0.50000 0.86603 0.00000 

0.01622
-0.24744 -0.14286 0.00000 
1.00000 0.24744 0.00000 
0.00000 0.00000 0.00000 

-0.00858
0.00000 0.00000 0.00000 
0.00000 0.00000 1.00000 
0.86602 0.50000 0.00000 

-0.06555
0.00000 0.00000 0.00000 
0.00000 0.00000 0.00000 
0.00000 0.00000 1.00000 

-0.07288 0.05863 0.08433 
0.03080 -0.02125 -0.00858 
-0.04960 0.06874 -0.06555 

---------------

svsl Ru Ru 5.43748 0.77348 -0.01121
1.00000 1.00000 1.00000 0.00000 2.00000 0.00000

4
0.42534
1.00000 0.34641 0.00000 
0.34641 0.60000 0.00000 
0.00000 0.00000 0.00000 

-0.66009
0.24744 1.00000 0.00000 
-0.14286 -0.24744 0.00000 
0.00000 0.00000 0.00000 

-0.55911
0.24744 -0.14286 0.00000 
1.00000 -0.24744 0.00000 
0.00000 0.00000 0.00000 

0.07051
0.00000 0.00000 0.00000 
0.00000 0.00000 0.00000 
0.00000 0.00000 1.00000 

0.12367 -0.43287 0.00000 
-0.31747 0.55688 0.00000 
0.00000 0.00000 0.07051 

---------------

