p-0.04_10.875_0 dE= 0.01136
p+0.04_10.875_0 dE= 0.01132
p_uns_0.2_1000_998 dE= 0.46542
actual force   predicted force   difference
-0.02597 -0.03153 0.00555
-0.02681 -0.03825 0.01144
-0.00169 -0.00225 0.00056
0.02752 0.02838 -0.00087
0.00675 0.01015 -0.00340
-0.01720 -0.01486 -0.00234
-0.00090 0.00136 -0.00226
-0.00430 -0.00492 0.00061
0.00010 -0.00076 0.00086
0.00000 0.00216 -0.00216
0.00197 0.00681 -0.00484
0.00095 0.00526 -0.00431
0.00090 -0.00135 0.00226
-0.00430 -0.00491 0.00061
0.00010 -0.00076 0.00086
-0.00000 -0.00215 0.00214
0.00197 0.00681 -0.00484
0.00095 0.00526 -0.00432
0.02597 0.03156 -0.00558
-0.02681 -0.03827 0.01146
-0.00169 -0.00225 0.00056
-0.02752 -0.02832 0.00080
0.00675 0.01012 -0.00337
-0.01720 -0.01478 -0.00242
-0.02011 -0.02121 0.00110
-0.03583 -0.03147 -0.00435
-0.00380 -0.00399 0.00019
-0.00076 0.00406 -0.00482
-0.00370 -0.00869 0.00499
-0.00067 -0.00415 0.00348
-0.00000 0.00001 -0.00001
-0.00632 -0.00256 -0.00376
-0.00052 -0.00076 0.00023
-0.00000 0.00000 -0.00000
0.00064 0.00000 0.00064
-0.00148 0.00000 -0.00148
0.02011 0.02122 -0.00111
-0.03583 -0.03151 -0.00431
-0.00380 -0.00399 0.00019
0.00076 -0.00405 0.00482
-0.00370 -0.00870 0.00499
-0.00067 -0.00413 0.00347
-0.00000 0.00001 -0.00001
-0.00546 -0.00256 -0.00290
-0.00058 -0.00076 0.00018
-0.00000 -0.00001 0.00001
0.00434 0.00021 0.00413
0.00607 -0.00300 0.00907
-0.00335 -0.00889 0.00554
-0.03220 -0.03823 0.00603
-0.00100 -0.00225 0.00125
-0.00091 0.00191 -0.00282
-0.00585 -0.01402 0.00817
-0.00290 -0.00868 0.00578
0.00335 0.00892 -0.00557
-0.03220 -0.03829 0.00609
-0.00100 -0.00225 0.00125
0.00091 -0.00190 0.00281
-0.00585 -0.01403 0.00818
-0.00290 -0.00867 0.00577
0.00076 -0.00135 0.00212
-0.00457 -0.00491 0.00035
0.00009 -0.00076 0.00085
0.00141 0.00000 0.00141
-0.00282 0.00000 -0.00282
0.00135 0.00000 0.00135
-0.00076 0.00136 -0.00213
-0.00457 -0.00492 0.00035
0.00009 -0.00076 0.00085
-0.00141 0.00000 -0.00141
-0.00282 0.00000 -0.00282
0.00135 0.00000 0.00135
-0.00000 -0.00041 0.00041
0.41876 0.43307 -0.01432
0.38490 0.38354 0.00136
-0.00000 0.00001 -0.00001
-0.10319 -0.09739 -0.00581
-0.10024 -0.09317 -0.00706
0.01055 0.01137 -0.00082
-0.00311 -0.00322 0.00012
-0.00215 -0.00225 0.00010
0.01660 0.00956 0.00703
-0.00206 0.00438 -0.00645
-0.01123 -0.00920 -0.00203
-0.00000 0.00004 -0.00004
-0.00101 0.00526 -0.00626
-0.00375 -0.00399 0.00024
-0.00000 0.00000 -0.00000
0.00219 0.00000 0.00219
0.00351 0.00000 0.00351
-0.01055 -0.01127 0.00073
-0.00311 -0.00324 0.00014
-0.00215 -0.00225 0.00010
-0.01660 -0.00956 -0.00703
-0.00206 0.00439 -0.00646
-0.01123 -0.00919 -0.00204
-0.00056 0.00053 -0.00109
-0.00213 -0.00134 -0.00079
0.00204 0.00210 -0.00006
-0.05386 -0.06204 0.00819
-0.03930 -0.04206 0.00276
-0.05557 -0.06701 0.01144
0.00064 0.00000 0.00064
0.00063 0.00000 0.00063
-0.00215 0.00000 -0.00215
-0.00082 -0.00307 0.00224
-0.00156 -0.00875 0.00719
-0.00288 -0.01030 0.00742
-0.00064 0.00000 -0.00064
0.00063 0.00000 0.00063
-0.00215 0.00000 -0.00215
0.00082 0.00309 -0.00226
-0.00156 -0.00875 0.00719
-0.00288 -0.01030 0.00742
0.00056 -0.00053 0.00109
-0.00213 -0.00134 -0.00079
0.00204 0.00209 -0.00005
0.05386 0.06211 -0.00825
-0.03930 -0.04209 0.00279
-0.05557 -0.06710 0.01152
-0.00031 0.00000 -0.00031
-0.00005 0.00000 -0.00005
-0.00013 0.00000 -0.00013
-0.00393 -0.01202 0.00809
-0.00256 -0.00544 0.00289
-0.00067 -0.00089 0.00022
-0.00000 0.00000 -0.00000
-0.00148 0.00000 -0.00148
0.00120 0.00000 0.00120
-0.00000 0.00000 -0.00000
0.00049 0.00000 0.00049
-0.00228 0.00000 -0.00228
0.00031 0.00000 0.00031
-0.00005 0.00000 -0.00005
-0.00013 0.00000 -0.00013
0.00393 0.01203 -0.00810
-0.00256 -0.00545 0.00290
-0.00067 -0.00090 0.00023
-0.00000 0.00000 -0.00000
-0.00216 0.00000 -0.00216
0.00049 0.00000 0.00049
-0.00000 -0.00001 0.00001
-0.01746 -0.00805 -0.00941
-0.01625 -0.01126 -0.00500
0.00101 0.00072 0.00029
0.00098 0.00036 0.00062
0.00536 0.00380 0.00156
-0.00324 -0.00895 0.00570
-0.00213 -0.00171 -0.00042
-0.00017 0.00364 -0.00381
-0.00101 -0.00073 -0.00028
0.00098 0.00036 0.00062
0.00536 0.00380 0.00156
0.00324 0.00895 -0.00571
-0.00213 -0.00172 -0.00041
-0.00017 0.00363 -0.00380
-0.00129 0.00000 -0.00129
0.00094 0.00000 0.00094
-0.00172 0.00000 -0.00172
0.00299 0.00000 0.00299
-0.00186 0.00000 -0.00186
0.00189 0.00000 0.00189
0.00129 0.00000 0.00129
0.00094 0.00000 0.00094
-0.00172 0.00000 -0.00172
-0.00299 0.00000 -0.00299
-0.00186 0.00000 -0.00186
0.00189 0.00000 0.00189
-0.00000 0.00000 -0.00000
-0.00000 -0.00356 0.00355
-0.02647 -0.02859 0.00212
-0.00000 0.00001 -0.00001
0.00477 0.00703 -0.00226
0.00895 0.01130 -0.00235
-0.00158 -0.00137 -0.00020
0.00142 0.00498 -0.00356
0.00317 -0.00033 0.00350
-0.00333 0.00241 -0.00574
0.00912 0.00851 0.00061
-0.00003 -0.00506 0.00503
-0.00000 0.00000 -0.00000
-0.00030 0.00000 -0.00030
0.00047 0.00000 0.00047
-0.00000 0.00000 -0.00000
0.00041 0.00000 0.00041
0.00034 0.00000 0.00034
0.00158 0.00138 0.00020
0.00142 0.00498 -0.00356
0.00317 -0.00033 0.00351
0.00333 -0.00241 0.00574
0.00912 0.00852 0.00060
-0.00003 -0.00507 0.00503
-0.00061 -0.00227 0.00166
0.00177 0.00255 -0.00077
0.00393 0.00161 0.00232
-0.00007 0.00000 -0.00007
-0.00036 0.00000 -0.00036
0.00061 0.00000 0.00061
-0.00134 0.00000 -0.00134
-0.00061 0.00000 -0.00061
-0.00074 0.00000 -0.00074
-0.00068 0.00000 -0.00068
0.00007 0.00000 0.00007
-0.00071 0.00000 -0.00071
0.00134 0.00000 0.00134
-0.00061 0.00000 -0.00061
-0.00074 0.00000 -0.00074
0.00068 0.00000 0.00068
0.00007 0.00000 0.00007
-0.00071 0.00000 -0.00071
0.00061 0.00227 -0.00166
0.00177 0.00254 -0.00077
0.00393 0.00161 0.00232
0.00007 0.00000 0.00007
-0.00036 0.00000 -0.00036
0.00061 0.00000 0.00061
0.00042 0.00000 0.00042
0.00005 0.00000 0.00005
-0.00086 0.00000 -0.00086
-0.00010 0.00000 -0.00010
0.00131 0.00000 0.00131
-0.00119 0.00000 -0.00119
-0.00000 0.00000 -0.00000
0.00094 0.00000 0.00094
-0.00307 0.00000 -0.00307
-0.00000 0.00000 -0.00000
-0.00095 0.00000 -0.00095
0.00130 0.00000 0.00130
-0.00042 0.00000 -0.00042
0.00005 0.00000 0.00005
-0.00086 0.00000 -0.00086
0.00010 0.00000 0.00010
0.00131 0.00000 0.00131
-0.00119 0.00000 -0.00119
-0.00000 0.00000 -0.00000
0.00136 0.00000 0.00136
-0.00257 0.00000 -0.00257
-0.00000 0.00000 -0.00000
-0.00070 0.00000 -0.00070
-0.01567 0.00000 -0.01567
-0.00231 -0.00404 0.00173
-0.00124 0.00084 -0.00209
0.00110 -0.00009 0.00119
0.00034 0.00000 0.00034
0.00017 0.00000 0.00017
-0.00041 0.00000 -0.00041
0.00231 0.00404 -0.00173
-0.00124 0.00084 -0.00209
0.00110 -0.00009 0.00119
-0.00034 0.00000 -0.00034
0.00017 0.00000 0.00017
-0.00041 0.00000 -0.00041
0.00172 0.00000 0.00172
-0.00083 0.00000 -0.00083
-0.00106 0.00000 -0.00106
0.00040 0.00000 0.00040
-0.00044 0.00000 -0.00044
-0.00126 0.00000 -0.00126
-0.00172 0.00000 -0.00172
-0.00083 0.00000 -0.00083
-0.00106 0.00000 -0.00106
-0.00040 0.00000 -0.00040
-0.00044 0.00000 -0.00044
-0.00126 0.00000 -0.00126
-0.00000 0.00000 -0.00000
0.00013 -0.00356 0.00369
-0.02736 -0.02859 0.00123
-0.00000 0.00000 -0.00000
-0.00016 0.00000 -0.00016
-0.00045 0.00000 -0.00045
0.00139 0.00059 0.00080
-0.00012 0.00061 -0.00072
0.00431 0.00404 0.00027
0.00088 0.00000 0.00088
0.00151 0.00000 0.00151
-0.01634 0.00000 -0.01634
-0.00000 0.00000 -0.00000
0.00044 0.00000 0.00044
-0.00138 0.00000 -0.00138
-0.00000 0.00000 -0.00000
0.00021 0.00000 0.00021
-0.00191 0.00000 -0.00191
-0.00139 -0.00059 -0.00080
-0.00012 0.00061 -0.00072
0.00431 0.00404 0.00027
-0.00088 0.00000 -0.00088
0.00151 0.00000 0.00151
-0.01634 0.00000 -0.01634
0.03001 0.03157 -0.00156
0.03158 0.03828 -0.00670
0.00037 0.00225 -0.00188
-0.02551 -0.02833 0.00282
-0.00616 -0.01012 0.00396
0.01278 0.01477 -0.00199
0.00074 -0.00135 0.00209
0.00458 0.00491 -0.00034
-0.00081 0.00076 -0.00156
-0.00032 -0.00214 0.00182
-0.00211 -0.00681 0.00470
-0.00005 -0.00526 0.00522
-0.00074 0.00136 -0.00210
0.00458 0.00492 -0.00034
-0.00081 0.00076 -0.00156
0.00032 0.00217 -0.00186
-0.00211 -0.00681 0.00470
-0.00005 -0.00525 0.00521
-0.03001 -0.03151 0.00151
0.03158 0.03824 -0.00666
0.00037 0.00225 -0.00188
0.02551 0.02846 -0.00295
-0.00616 -0.01019 0.00403
0.01278 0.01494 -0.00216
0.01997 0.02123 -0.00126
0.03556 0.03153 0.00402
0.00178 0.00399 -0.00221
0.00034 -0.00406 0.00440
0.00364 0.00870 -0.00506
0.00284 0.00413 -0.00129
0.00000 0.00001 -0.00001
0.00538 0.00256 0.00281
-0.00141 0.00076 -0.00217
0.00000 0.00000 0.00000
-0.00066 0.00000 -0.00066
0.00318 0.00000 0.00318
-0.01997 -0.02120 0.00124
0.03556 0.03145 0.00410
0.00178 0.00399 -0.00221
-0.00034 0.00407 -0.00442
0.00364 0.00869 -0.00505
0.00284 0.00416 -0.00132
0.00000 0.00001 -0.00001
0.00626 0.00256 0.00370
-0.00144 0.00076 -0.00220
0.00000 -0.00002 0.00002
-0.00395 -0.00022 -0.00374
-0.00456 0.00300 -0.00756
0.00108 0.00893 -0.00785
0.02634 0.03832 -0.01197
0.00108 0.00225 -0.00117
0.00048 -0.00190 0.00238
0.00466 0.01404 -0.00937
0.00250 0.00867 -0.00617
-0.00108 -0.00887 0.00779
0.02634 0.03820 -0.01186
0.00108 0.00225 -0.00117
-0.00048 0.00191 -0.00239
0.00466 0.01402 -0.00936
0.00250 0.00869 -0.00619
-0.00092 0.00136 -0.00228
0.00420 0.00492 -0.00072
-0.00079 0.00076 -0.00155
-0.00127 0.00000 -0.00127
0.00280 0.00000 0.00280
-0.00059 0.00000 -0.00059
0.00092 -0.00135 0.00227
0.00420 0.00491 -0.00072
-0.00079 0.00076 -0.00155
0.00127 0.00000 0.00127
0.00280 0.00000 0.00280
-0.00059 0.00000 -0.00059
-0.00000 -0.00082 0.00082
-0.41585 -0.43307 0.01722
-0.38494 -0.38390 -0.00104
0.00000 0.00001 -0.00001
0.08720 0.09744 -0.01024
0.07839 0.09321 -0.01482
-0.01507 -0.01123 -0.00385
0.00322 0.00325 -0.00003
-0.00001 0.00225 -0.00225
-0.01516 -0.00956 -0.00559
0.00204 -0.00440 0.00643
0.01187 0.00919 0.00268
0.00000 0.00008 -0.00008
0.00100 -0.00526 0.00625
0.00181 0.00399 -0.00218
0.00000 0.00000 0.00000
-0.00204 0.00000 -0.00204
-0.00137 0.00000 -0.00137
0.01507 0.01141 0.00366
0.00322 0.00321 0.00001
-0.00001 0.00225 -0.00225
0.01516 0.00957 0.00559
0.00204 -0.00437 0.00641
0.01187 0.00921 0.00267
0.00042 -0.00054 0.00095
0.00181 0.00135 0.00046
-0.00225 -0.00209 -0.00016
0.06341 0.06219 0.00123
0.04598 0.04213 0.00384
0.07308 0.06718 0.00590
-0.00079 0.00000 -0.00079
-0.00076 0.00000 -0.00076
0.00261 0.00000 0.00261
0.00099 0.00310 -0.00211
0.00161 0.00875 -0.00714
0.00335 0.01031 -0.00696
0.00079 0.00000 0.00079
-0.00076 0.00000 -0.00076
0.00261 0.00000 0.00261
-0.00099 -0.00306 0.00207
0.00161 0.00875 -0.00714
0.00335 0.01030 -0.00695
-0.00042 0.00053 -0.00095
0.00181 0.00134 0.00047
-0.00225 -0.00210 -0.00015
-0.06341 -0.06205 -0.00136
0.04598 0.04207 0.00391
0.07308 0.06701 0.00607
0.00019 0.00000 0.00019
-0.00059 0.00000 -0.00059
0.00213 0.00000 0.00213
0.00452 0.01204 -0.00752
0.00305 0.00545 -0.00241
0.00112 0.00091 0.00020
0.00000 0.00000 0.00000
0.00151 0.00000 0.00151
0.00092 0.00000 0.00092
0.00000 0.00000 0.00000
-0.00078 0.00000 -0.00078
0.00241 0.00000 0.00241
-0.00019 0.00000 -0.00019
-0.00059 0.00000 -0.00059
0.00213 0.00000 0.00213
-0.00452 -0.01203 0.00751
0.00305 0.00544 -0.00239
0.00112 0.00088 0.00023
0.00000 0.00000 0.00000
0.00182 0.00000 0.00182
0.00141 0.00000 0.00141
0.00000 -0.00002 0.00002
0.01923 0.00805 0.01118
0.01812 0.01127 0.00685
-0.00115 -0.00073 -0.00042
-0.00071 -0.00036 -0.00036
-0.00447 -0.00380 -0.00068
0.00335 0.00896 -0.00561
0.00287 0.00172 0.00116
-0.00026 -0.00363 0.00337
0.00115 0.00072 0.00042
-0.00071 -0.00036 -0.00035
-0.00447 -0.00380 -0.00067
-0.00335 -0.00895 0.00560
0.00287 0.00170 0.00117
-0.00026 -0.00365 0.00339
0.00118 0.00000 0.00118
-0.00092 0.00000 -0.00092
0.00243 0.00000 0.00243
-0.00274 0.00000 -0.00274
0.00200 0.00000 0.00200
-0.00200 0.00000 -0.00200
-0.00118 0.00000 -0.00118
-0.00092 0.00000 -0.00092
0.00243 0.00000 0.00243
0.00274 0.00000 0.00274
0.00200 0.00000 0.00200
-0.00200 0.00000 -0.00200
0.00000 0.00001 -0.00001
-0.00034 0.00356 -0.00389
0.02834 0.02861 -0.00028
0.00000 0.00001 -0.00001
-0.00199 -0.00708 0.00509
-0.00987 -0.01126 0.00139
0.00171 0.00138 0.00033
-0.00205 -0.00498 0.00293
-0.00103 0.00033 -0.00136
0.00378 -0.00241 0.00619
-0.00930 -0.00853 -0.00077
0.00057 0.00508 -0.00450
0.00000 0.00000 0.00000
0.00020 0.00000 0.00020
0.00174 0.00000 0.00174
0.00000 0.00000 0.00000
-0.00035 0.00000 -0.00035
-0.00062 0.00000 -0.00062
-0.00171 -0.00138 -0.00033
-0.00205 -0.00498 0.00293
-0.00103 0.00033 -0.00136
-0.00378 0.00241 -0.00619
-0.00930 -0.00851 -0.00079
0.00057 0.00506 -0.00449
0.00036 0.00227 -0.00191
-0.00178 -0.00254 0.00076
-0.00402 -0.00162 -0.00241
0.00002 0.00000 0.00002
0.00013 0.00000 0.00013
-0.00112 0.00000 -0.00112
0.00125 0.00000 0.00125
0.00029 0.00000 0.00029
0.00066 0.00000 0.00066
0.00065 0.00000 0.00065
-0.00034 0.00000 -0.00034
-0.00028 0.00000 -0.00028
-0.00125 0.00000 -0.00125
0.00029 0.00000 0.00029
0.00066 0.00000 0.00066
-0.00065 0.00000 -0.00065
-0.00034 0.00000 -0.00034
-0.00028 0.00000 -0.00028
-0.00036 -0.00228 0.00191
-0.00178 -0.00255 0.00077
-0.00402 -0.00161 -0.00242
-0.00002 0.00000 -0.00002
0.00013 0.00000 0.00013
-0.00112 0.00000 -0.00112
-0.00016 0.00000 -0.00016
0.00014 0.00000 0.00014
0.00072 0.00000 0.00072
-0.00006 0.00000 -0.00006
-0.00093 0.00000 -0.00093
-0.00075 0.00000 -0.00075
0.00000 0.00000 0.00000
-0.00065 0.00000 -0.00065
0.00334 0.00000 0.00334
-0.00000 0.00000 -0.00000
0.00109 0.00000 0.00109
-0.00319 0.00000 -0.00319
0.00016 0.00000 0.00016
0.00014 0.00000 0.00014
0.00072 0.00000 0.00072
0.00006 0.00000 0.00006
-0.00093 0.00000 -0.00093
-0.00075 0.00000 -0.00075
0.00000 0.00000 0.00000
-0.00142 0.00000 -0.00142
0.00268 0.00000 0.00268
0.00000 0.00000 0.00000
0.00049 0.00000 0.00049
0.01463 0.00000 0.01463
0.00205 0.00404 -0.00199
0.00076 -0.00084 0.00161
-0.00133 0.00009 -0.00142
-0.00055 0.00000 -0.00055
-0.00006 0.00000 -0.00006
0.00002 0.00000 0.00002
-0.00205 -0.00405 0.00200
0.00076 -0.00085 0.00161
-0.00133 0.00009 -0.00142
0.00055 0.00000 0.00055
-0.00006 0.00000 -0.00006
0.00002 0.00000 0.00002
-0.00164 0.00000 -0.00164
0.00070 0.00000 0.00070
0.00096 0.00000 0.00096
-0.00034 0.00000 -0.00034
0.00048 0.00000 0.00048
0.00060 0.00000 0.00060
0.00164 0.00000 0.00164
0.00070 0.00000 0.00070
0.00096 0.00000 0.00096
0.00034 0.00000 0.00034
0.00048 0.00000 0.00048
0.00060 0.00000 0.00060
0.00000 0.00001 -0.00001
-0.00011 0.00356 -0.00367
0.02743 0.02861 -0.00118
0.00000 0.00000 0.00000
0.00052 0.00000 0.00052
-0.00213 0.00000 -0.00213
-0.00181 -0.00059 -0.00122
0.00016 -0.00060 0.00077
-0.00364 -0.00404 0.00040
-0.00123 0.00000 -0.00123
-0.00093 0.00000 -0.00093
0.01392 0.00000 0.01392
0.00000 0.00000 0.00000
-0.00030 0.00000 -0.00030
0.00122 0.00000 0.00122
0.00000 0.00000 0.00000
-0.00011 0.00000 -0.00011
-0.00004 0.00000 -0.00004
0.00181 0.00059 0.00122
0.00016 -0.00060 0.00077
-0.00364 -0.00404 0.00040
0.00123 0.00000 0.00123
-0.00093 0.00000 -0.00093
0.01392 0.00000 0.01392
1.39901 1.35841 0.04060
-2.77230 -2.77159 -0.00071
0.12567 0.22190 -0.09624
-0.07029 -0.04467 -0.02561
-1.76129 -1.78430 0.02301
0.38732 0.30714 0.08018
0.08671 0.06265 0.02406
0.49654 0.41810 0.07843
0.00754 0.03138 -0.02384
-0.00049 -0.05588 0.05539
0.47915 0.37915 0.10000
-0.12809 -0.05624 -0.07185
0.05230 0.04406 0.00824
0.06408 0.05169 0.01239
-0.00091 0.00922 -0.01012
0.07349 0.08315 -0.00966
0.08825 0.10149 -0.01324
-0.01528 -0.00272 -0.01257
0.02474 0.00182 0.02293
-0.02872 -0.01518 -0.01354
-0.01107 0.01912 -0.03019
-0.28943 -0.28481 -0.00462
0.13870 0.12227 0.01643
0.33884 0.29998 0.03886
0.02072 0.00153 0.01919
0.00738 0.01778 -0.01040
-0.00590 0.00052 -0.00641
-0.01243 0.00503 -0.01747
0.05072 0.03363 0.01709
0.13119 0.07904 0.05215
-0.67821 -0.49479 -0.18342
0.61076 0.29294 0.31782
0.06340 0.04114 0.02225
-0.32443 -0.26043 -0.06400
0.45532 0.34725 0.10807
-0.37398 -0.29820 -0.07578
0.00088 -0.02061 0.02149
0.08983 0.04892 0.04091
-0.02512 -0.01825 -0.00688
0.01183 0.01808 -0.00625
0.13830 0.11202 0.02629
-0.14260 -0.13544 -0.00716
-0.03255 -0.00762 -0.02493
0.01323 0.03003 -0.01680
-0.00607 -0.00123 -0.00484
-0.06037 -0.05316 -0.00721
0.30896 0.34560 -0.03664
-0.20700 -0.30617 0.09917
-0.00411 0.01216 -0.01628
0.01883 0.00947 0.00937
-0.02015 -0.00922 -0.01093
-0.01808 -0.02199 0.00391
0.12580 0.12236 0.00344
0.11855 0.06819 0.05037
0.01106 0.00316 0.00790
-0.17088 -0.15565 -0.01523
0.00138 -0.00088 0.00226
0.01157 0.01690 -0.00533
0.02123 0.05445 -0.03322
0.00204 -0.02043 0.02247
0.05202 0.05275 -0.00073
-0.00204 0.03845 -0.04050
-0.01244 -0.00801 -0.00443
-0.00350 0.00595 -0.00946
-0.00871 0.00940 -0.01811
0.00299 -0.00573 0.00872
0.11893 0.10936 0.00957
0.13039 0.11361 0.01678
0.12651 0.14093 -0.01442
0.01124 0.01992 -0.00868
-0.00048 -0.00826 0.00779
0.00975 0.01171 -0.00196
-0.02515 -0.01092 -0.01423
0.28866 0.25405 0.03461
-0.27355 -0.22067 -0.05288
-0.03325 -0.00743 -0.02582
0.01486 0.02270 -0.00785
0.03102 0.00985 0.02117
0.01930 -0.00419 0.02349
0.07770 0.11141 -0.03371
-0.05144 -0.08092 0.02948
0.02424 0.00759 0.01665
0.03867 0.03595 0.00273
-0.02619 -0.00626 -0.01993
0.00318 -0.00088 0.00406
0.04134 0.02418 0.01715
-0.01742 -0.00000 -0.01742
-0.01154 -0.00737 -0.00417
0.03063 0.00478 0.02586
-0.01955 -0.01081 -0.00874
-0.15278 -0.15459 0.00180
0.01884 0.02792 -0.00908
0.07328 0.05876 0.01452
0.00494 0.00731 -0.00238
0.00694 0.00453 0.00241
0.00072 -0.00568 0.00640
-0.08213 -0.10722 0.02509
0.01780 0.02424 -0.00644
0.07363 0.11034 -0.03671
0.01497 0.01179 0.00318
-0.00373 0.00477 -0.00850
-0.02408 -0.02037 -0.00370
0.10343 0.11143 -0.00800
0.09857 0.11215 -0.01357
-0.02685 -0.05226 0.02541
0.04013 0.04184 -0.00171
0.10041 0.07267 0.02775
-0.00115 0.00395 -0.00511
-0.11290 -0.09784 -0.01506
0.32862 0.40164 -0.07302
-0.07697 -0.12320 0.04623
0.07833 0.15222 -0.07389
0.18576 0.29514 -0.10938
-0.00145 0.04469 -0.04614
-0.13053 -0.30127 0.17074
0.18090 0.47613 -0.29523
-0.04289 -0.11868 0.07579
-0.12085 -0.19144 0.07060
0.08098 0.21412 -0.13314
0.01632 0.04352 -0.02720
end
Phonon frequencies:
1726939876235.10938
1610569950853.13940
2923460336370.26270
6024174980464.01367
5914206574078.26074
7276441700174.64551
6221507099642.19434
6453671610639.30664
3072790352237.39697
2870232581044.59717
5140918788707.36621
7085163088091.82812
6488715264882.32129
6610305297205.76855
6263437932768.96094
7030139278991.65918
3894583424917.93604
3764598499528.11328
6939520088251.67578
7009216795230.05273
6501226828694.61035
5859485156135.54004
4451092490910.72266
3841297827562.50391
6918839837609.27148
6840055670129.91797
6481137460676.89355
5531475510836.46191
4712780233529.38379
3670637742714.43604
6977984242429.68945
6877542970449.81445
6487728501578.23438
5656668052677.16016
4619021515592.58496
3745137955787.51367
6503880610114.57617
6897584589057.86035
7010687879583.45020
6088708336568.06836
3877597173033.87939
4209806368113.43945
6519502388512.06543
6361016740383.27637
5957611674157.35840
7028885419155.33691
3547241219150.64355
3400543469356.48242
6060252426697.29395
6249936302604.12988
2441653554824.86572
2252187356213.80615
4086522000036.36182
7188647641045.39160
1147117118252.59253
1109484930579.31445
5830312661054.87695
1963061693288.77588
5875966144316.42578
7323711061643.73242
3072789013895.93311
2870232287311.37256
6221503317000.45020
6453674998451.58203
5140921225815.75879
7085163682908.99512
6727784234324.31445
6346151895860.51855
6906697298722.74023
6042780793121.51367
4329861895589.61133
3705027271371.73047
6481445638362.44434
6668607669981.50391
5963684697017.46094
7134901645715.76465
4948593726365.47852
4343251304223.46729
6689594578326.65625
6410386882014.14453
5598751205177.06055
4949582602903.79004
4675440163206.64355
7224253776318.62500
4707960130507.83203
4960181537914.11523
5491310073824.71191
6395377416582.29590
6670694995689.10547
7217399303085.07227
6463858336326.45703
6676801495770.45508
5766868964022.79688
7209532481670.56934
4974375679115.48633
4551779586638.55176
6160044671271.44434
6325995277650.64355
6774217700223.71191
6976923733849.92676
4753513970547.59082
4059571250189.40039
6495613919302.49316
6410616079754.78320
5660216625920.18164
7002729124452.36426
3722960311158.99756
3295581783327.63477
2590697112518.49805
6091007787655.76172
2496896328357.68799
6358614342278.47559
4549746723421.61523
7151313184492.19141
2441649422229.69287
2252181551481.96338
4086519238112.17822
6060248760526.80469
6249944599843.23145
7188649681640.35645
6488714068411.85645
6610307468845.21875
6263437729841.20410
7030142993049.34473
3764596398135.21436
3894582798659.10498
6668607888869.93750
6481447383265.19531
5963684615306.30469
7134903316397.85059
4948591412172.42676
4343250915650.37158
6257326432143.06738
6411206245805.34375
5841243121050.49609
5614311309044.84082
4772652248845.17969
7414093421178.50000
6427108369089.34863
6276051623897.23730
5861743225792.89844
5403388686497.76855
5046271037158.36523
7498566838384.17285
6264809526710.26270
6384197395722.84668
5896985862990.86816
5498733674519.36035
4934789103250.28320
7476284778946.11523
5453537911017.97168
5812134807009.35254
6363154159966.50586
6523270737487.79395
4574934446000.70996
7296638395562.18945
6532857290200.52344
6735905111113.12012
7011840849819.84473
6125554329012.10938
4368499527957.24951
4079635138758.57422
6359735462198.66016
3502989683937.51025
6275111691845.95605
6510400063646.02246
3616950930215.42920
7049441125419.00391
6410623522523.46191
6495609133925.25293
5660217316647.96973
7002731671267.22070
3722955628192.93896
3295578373684.24756
6361014552380.27344
6519509093848.83789
5957610490355.80371
7028890715176.24023
3547237521428.99023
3400535643209.57812
7009220760688.87695
6939524764953.50586
6501222697582.20410
5859485782521.87988
4451092077706.92285
3841295192247.39111
6410385791818.34570
6689599193756.21680
5598751554785.25781
4949580486314.43457
4675438770789.35156
7224254588041.85254
6276052273455.75781
6427111976370.43945
5861739520823.67676
5403388938698.40527
5046270829475.19043
7498566502338.34082
6230979927383.15527
6337949749508.67969
6132278869201.24023
5311305786287.18750
5176256610847.21680
7560742199780.64160
5434948117024.09668
5505265688287.20117
6338894362121.63867
6540098360232.43945
4886348598044.50098
7380060182786.00098
6843656179348.22559
6477406676886.83105
7074446791509.29883
5719342133731.73926
4631409969037.31152
4262653206005.64648
6481893105982.08496
7002714266543.66699
6975545187398.62891
3688804670225.27393
5997167535223.89941
4308780361515.52393
6532857786482.81738
6735908983226.18945
7011837615822.01465
6125558390419.75684
4368494275746.47412
4079633519911.21582
6325995516893.78711
6160048968731.97363
6774220989180.27051
6976924101382.95410
4753510068538.65723
4059565889633.47510
7010694063490.46387
6897585804288.74219
6503877159720.71387
6088713874371.25977
3877594177237.89844
4209799860139.34766
6481133895094.76172
6840060361488.08594
6918843010591.81445
5531475926700.86914
4712780161819.38086
3670635270274.25928
6395377579454.39453
6670698813261.18945
5491310246381.92090
4960180355925.01172
4707958388246.73340
7217399193932.34375
6384202033540.09766
6264809952945.17480
5896981908728.63086
5498733813877.64551
4934789149173.68945
7476283562508.63086
5505266766990.84375
5434947146582.94141
6338895543445.97168
6540097835420.61426
4886348438491.39160
7380059326371.95508
6447838023577.08008
6766984865948.34082
7040933420845.64062
5499305851301.32324
4798919421755.27832
4160583455444.55420
6492788542548.00781
3501615811328.60010
6840188267499.54297
6939444745759.85840
5588195415307.83789
4651477110195.45605
4631406456840.56543
6477411605806.83105
6843655693121.50195
7074444472238.89258
5719344522390.13477
4262650337774.25098
6523275693621.96777
6363155679560.09668
5812138417516.94238
5453532567424.25781
7296636138178.34082
4574930652913.27246
4974374202256.71777
6463857852440.90723
6676804228923.71875
5766873338334.73047
7209532542000.18848
4551774767795.26074
6877547439365.13770
6977986437732.30957
6487725270700.18164
5656672295539.74902
4619017071052.68164
3745136550459.36475
6487725849089.49707
6877545689084.15430
6977988253617.75879
5656667936893.76465
4619022266305.19531
3745135555150.02002
4974372568564.42090
4551779964260.32129
5766869252849.34668
6463858199648.69824
6676805795147.99414
7209531894556.78125
6523273607749.70020
6363154457446.96582
5812135969531.29395
5453535292152.05664
4574934522036.82031
7296636556297.92188
6477408955388.96582
6843654532023.75195
7074446063953.19238
5719342871324.91406
4631409330619.46973
4262652680651.20361
6492788799702.45020
3501615334514.24561
6840188121264.96777
6939444879781.63867
5588195816870.34277
4651476642859.27539
7040932244702.51270
6766985610122.38477
6447841389536.86914
5499307977003.00684
4798916396344.83496
4160579698991.62305
5505268425682.48242
5434943220790.92578
6338898667736.22656
6540099516026.28027
4886344942075.73730
7380059122273.41504
5896984206429.17188
6264806471920.14746
6384203506778.32227
5498736384390.93066
4934785939696.93359
7476283636946.11523
6670697864971.64258
6395376397169.38477
5491310646622.40820
4960181798058.56250
4707959080814.90332
7217399370622.19141
6481132707442.17383
6840059458743.38672
6918844337185.61230
5531473167799.68066
4712783486670.13672
3670636437691.33594
6897589170432.80273
7010691051747.69824
6503876645290.67188
6088708530961.31934
4209807270858.91895
3877594842270.12695
6325997877327.16309
6160045338133.23438
6774219092843.30664
6976923320422.87207
4753510301453.06152
4059571954392.55273
6532856275829.08789
6735908746273.52051
7011838339054.52734
6125555879594.12207
4368497780533.08008
4079635104206.81982
6481893762380.31836
3688803516813.65869
6975544991421.24316
7002714404018.59082
5997167945206.79883
4308779884726.59180
6843656914498.64648
7074445663901.00195
6477410133963.15625
5719344643862.32520
4631406185301.62793
4262649387001.56787
5505267898834.23438
5434943683346.41699
6338897965586.72070
6540099717730.22461
4886344523054.28125
7380060198883.51270
6132273302898.74609
6230983063425.63574
6337951969269.16016
5311311056809.24707
5176251136434.38965
7560742314627.90527
6276050796161.80859
6427111028818.59082
5861742397896.78027
5403384085205.54199
5046276160912.82227
7498566211395.05566
4949584955481.05762
4675444388118.12305
5598745380931.80762
6410382921727.34277
6689600088719.35840
7224254393321.61621
6939522945872.23047
7009223220237.71582
6501221250327.68262
5859479031254.82812
4451100736115.29688
3841296705402.64746
6519503431025.85449
6361014134036.84766
5957614726585.43164
7028887756450.50488
3547238974047.62939
3400544461177.90137
6410619477794.11621
6495610279000.45117
5660219342254.82129
7002729769291.60156
3722957440544.39453
3295582499697.24121
6359736302571.14746
3502988158306.53955
6275112479063.31152
6510399718012.31641
7049440705263.14258
3616951005395.24756
6532859911569.70215
6735905257786.67480
6125557544101.97949
7011839954706.55566
4368494380724.16748
4079632921608.07275
6523272363268.28125
6363155943890.50391
5812137459599.65430
5453534320266.70605
7296638448023.61328
4574930473371.81055
5896988391580.41113
6264805109906.43750
6384199070129.37402
5498736468686.95020
4934785835033.57812
7476285157902.94531
6427106723944.06445
6276050806753.38477
5861745909734.50391
5403384531932.07129
5046275635617.12598
7498566733434.39258
6257329001740.59863
6411201647965.47559
5841244523717.60059
5614305996186.93848
4772660204273.90918
7414093025317.86035
6668605630686.32715
6481447607160.25488
5963677694262.49023
7134903080586.19336
4948594750624.96484
4343260135582.94922
6488711658362.02441
6610311345934.81934
6263431930636.53906
7030139585897.59277
3894591703327.43359
3764600543345.02197
6060247868492.20312
6249941109422.15527
2441651380376.58643
2252188627561.14111
4086524677840.50635
7188647493964.07910
2590695288903.51221
6091008563320.77441
2496896927421.99609
6358613797065.43945
4549747499777.01270
7151312966158.50391
6410620954835.21191
6495612418846.60059
5660215372277.17773
7002730498490.85742
3722956799783.19971
3295578457866.57959
6774219245367.52246
6325992788959.16797
6160047223783.33984
6976925260677.53125
4753513764806.00879
4059566293542.16064
4974377771673.25391
4551775668403.86328
5766872277152.56055
6463856910577.47852
6676799916206.90820
7209533602636.52832
5491310551579.86230
4960182813265.12598
4707961097312.53418
6395376097284.18750
6670693556778.95996
7217399931397.85938
6689595131899.76465
6410384309540.56152
5598746179146.27734
4949586349935.67676
4675444567066.99023
7224254024178.81445
5963678503807.53223
6668604176534.46582
6481447408779.06250
7134901692781.09473
4948596311295.61914
4343259507359.30908
6727783860275.13184
6906692867394.48145
6346144888248.81445
6042785037416.20020
4329865316164.02344
3705037294422.57324
6221501106080.02734
6453669546522.64941
5140927388279.58398
7085160097603.53516
3072793845826.30225
2870241977940.75830
1147115412242.35815
5830312996770.04102
1109485603425.53906
1963062435271.97412
5875965890546.04102
7323710964390.00391
6060252975363.15918
6249940384656.32422
2441652020856.73877
2252181489415.97705
4086515892410.07666
7188649460557.12500
6361016262814.55371
6519508492971.89062
5957605977407.66113
7028888624279.30469
3400536410012.83936
3547240840235.18408
6897580628508.84180
7010691706886.39844
6503880111121.89844
6088712383745.46582
4209800735820.12988
3877597895214.66699
6877545606952.78320
6977981714718.32422
6487727294446.80762
5656671220685.90234
4619017830205.99805
3745139675268.63428
6840054264752.75488
6918841977214.21387
6481136103355.34277
5531473536110.90723
4712782594041.67969
3670638670297.83301
7009220458664.36914
6939517274014.51367
6501225870941.13770
5859479849519.64551
4451099121515.11914
3841298259390.20850
6488713889050.93359
6610309446435.75195
6263433374402.28125
7030135222304.95898
3894590970586.60156
3764600938705.83691
6453665408195.93262
6221505653684.63574
7085159617404.73535
5140926156316.02930
3072793761674.24268
2870241382453.86377
1726943965239.73877
1610575455389.82129
2923470722581.48828
6024171057457.69824
5914205426906.14062
7276439518726.28418
2603928526484.25000
2513336893030.31299
5542725446795.96094
5499242043000.41699
4171341850299.54736
7085534562634.05859
5882041206642.93359
6007900377801.66504
5663751840025.76855
3665027536659.58936
3338797909351.56055
7276785099971.13281
5694647174173.07617
6275313834011.94141
7032323344711.84082
7479655199498.66797
4396630464100.07129
4014745427607.42627
7441309706332.63867
7396951494177.96484
6383543293365.57617
4609502424771.61426
4313498225973.62207
5434600212099.68359
7364428250267.30566
7321560321821.08301
6380055137858.19238
5256055877705.34082
4627624035285.04980
4314209060490.86377
7367784253931.51172
7395762876427.46094
6385146315404.64746
5320692822455.25781
4329539184617.93018
4623978926966.20801
5570970960198.80762
4552665110328.28125
4214571644384.97363
6354585858786.33789
7300766336562.47461
7489041399862.11230
6128118186413.04785
5762456846583.69629
6562112095656.90723
4101147737332.84326
3717262081435.36523
7400164395354.29785
5684043959581.86035
5734801940783.25781
4971879818510.28223
3131974368360.89502
2915441394720.59180
7160532249064.01270
2257791865397.49707
5386891991757.82324
2240741126656.89697
5413519791150.26953
3632316168214.79639
7052403379962.73438
6007903217398.65332
5882037845581.15332
5663753389889.99609
3665026454891.88232
3338797767203.92627
7276786208966.27832
6508263194624.94043
6608194238663.98047
5773087869932.29199
4715436845536.15137
7334035965620.00000
3887657316161.78418
6811890444341.38867
7043375083140.28125
7294275965053.15820
5604526410966.65332
5282091284156.83691
4352914217524.26660
5470990844436.99805
5298207791241.91113
7153313918776.03906
7303960001423.45996
6726437961946.05859
4607372976083.41406
5436283731194.38086
5271026752921.06445
4660572910964.85156
6690277787666.04590
7150714300613.01367
7292380320651.14258
5525050027124.36328
5327544590209.42578
7128108814361.36426
7306203280545.93555
6784993285128.52637
4505745876868.01367
6722343150227.13477
6874552455690.23828
5698746575999.34277
5086626661341.11035
7306540076329.79590
4144545361229.23682
6202174913298.12207
6284269976473.70215
5794846085383.02344
4206003816856.60938
3606209668654.47021
7327742835315.73730
5733806633072.81445
3260443564314.26270
5841241703833.17383
5276221121351.62988
3108322267324.14307
7207850130086.62598
5684040745889.96094
5734810300580.19824
4971875377545.46582
3131971985391.46240
2915444377454.42236
7160532334426.33984
7032326730317.43359
6275310908491.86914
5694647782607.44043
7479657929192.62891
4396628920573.22021
4014744789428.69141
6811888019490.27832
7043376940230.90918
7294279352679.43262
5604524969612.07227
5282091045900.89551
4352913861001.02246
6783231772986.08301
6931008479173.35840
7322420103565.63281
6195707318220.50586
5320441478919.49609
4747430543134.81152
6851750100229.17871
6736894260688.63281
6283816144035.14453
7437747702221.47559
5296926952731.16895
5006755387115.70703
6851318813669.61816
6757500178854.43945
6288805700961.89160
7403647188215.35449
5307893416577.07227
4906475602959.56055
6866121973271.17090
7025157845758.12402
7224159634290.69043
5922192890160.06836
5339670462444.84863
4556791648541.91309
6550599975074.00000
5596147928812.73633
4872548055916.77051
7086640202727.55273
7413351166787.54688
4160238870453.92334
6102183359860.20703
4075646181047.07568
5771208542505.46680
3910620881186.57959
6849124779522.83984
7470198828062.87988
6202172446539.41211
6284268897192.67383
5794851606332.12207
4205999150097.22607
3606211416267.41650
7327744532770.09277
6128116584420.22754
5762464351399.30859
6562109878863.66016
4101145602973.79639
3717259879711.56445
7400166719411.28613
7396955323159.42969
7441313169303.95508
6383539376158.52246
5434601222609.40137
4609501526516.27148
4313496576877.67334
5470988252389.71289
5298208512616.85742
6726434579031.08496
7153317342996.44043
7303963302016.43652
4607372515413.29199
6283812962893.58203
6736894093748.12793
6851752974938.11816
7437747963595.93555
5296927352224.64355
5006755390624.21094
6727553437365.87402
6699281792630.85742
6528338524317.27246
7498481150930.15332
5266700795131.58008
5157040363049.85547
6772322846300.91797
6994845277318.46875
7346254463005.63379
5920185195065.43359
5295686314589.88867
4812553076926.40625
7301078337015.75195
7355744862734.36816
6567193336959.74414
5000539564329.61328
5344989449310.60254
4425953845670.46777
4323895749367.63574
6284259994928.64551
4366781714197.13184
5531478958539.13477
7406485537135.83984
7496007060327.92871
6550596757127.12988
5596151785980.97070
4872542433772.55078
7086641859031.34375
7413352492256.58984
4160240462716.74463
6722339375705.30762
6874553085287.06738
5698751774388.51367
7306543353255.29004
5086623878915.26562
4144543622901.81348
4552664426043.26270
4214567558397.61230
5570977273455.41113
6354583043674.68457
7300765741837.35449
7489045354868.41504
7321563799528.22461
7364431910430.01758
6380050991567.13574
5256056903355.43359
4314206793233.50781
4627624046640.99023
5271027507149.35840
5436281017446.25586
4660572993867.47949
6690274717122.81445
7150717806320.48633
7292382609550.42773
6757500265603.52246
6851322031769.58984
6288802072403.74121
7403646453796.62500
5307894092209.47656
4906475969405.83496
6994845404103.99609
6772323276655.62695
7346253382273.36914
5920184892113.72559
5295686764316.03516
4812553232966.87109
7274815204929.35254
7290621103698.05273
6534125648281.10352
4955748809556.42480
5250926053335.20020
4486202045397.63379
4241808710109.69141
6314870745753.30371
5286792865220.58984
4517985739433.86328
7353672074516.95508
7410142829708.77734
5344992158129.58887
5000532906272.32227
6567192516642.30176
4425955180075.51367
7301079942886.96484
7355745340325.28711
7025161277816.64551
6866121714188.97363
7224158886134.72559
5922188678845.03125
5339673084964.01172
4556790097198.94043
7128109720400.11621
7306205051162.29883
6784990968999.13477
5525052451142.63867
5327545130267.85840
4505743607706.39355
7367787317051.91211
7395764837338.25488
6385142694758.28613
5320696275991.06543
4623980144049.03906
4329535292882.49951
7367787496366.56055
7395766603787.46680
6385142153523.72949
5320693693218.39062
4623978437361.43848
4329537765271.07471
5525048233746.67676
5327544022349.94629
6784989485225.15918
7128112909710.66992
7306205528169.02148
4505746504525.69824
7025161308944.72656
6866121114183.40430
7224157427251.69238
5922191642340.91602
5339670767983.29492
4556792129717.77734
7301078331315.49219
7355743778190.39746
6567193745178.37012
5344990654097.71582
5000538493094.79590
4425954116073.34961
4241808421970.64600
6314870939301.53027
4517985641852.24023
5286793169150.13379
7353672115661.02930
7410142631534.23535
7290622813161.28516
7274816607626.88770
6534125270064.66211
4955742423649.98828
5250927651439.63965
4486202727331.96094
6772324418312.67480
6994847729348.76660
5920179480171.84961
7346254635263.47070
5295688810780.72363
4812550739707.26562
6757497094227.50391
6851323994318.44727
6288803924559.12695
7403646223377.96289
5307895372319.40234
4906474185624.70312
5271027253318.32422
5436284295133.12207
6690275057137.19141
7150716371929.58105
7292381634235.50195
4660572696483.67383
7321562910291.13379
7364432328655.88965
6380051159049.09668
5256055149795.46680
4627627277812.11328
4314206011218.35742
4552662651218.18262
4214572062713.73584
5570972127081.73047
6354581514542.16797
7489044602079.46582
7300770278539.90039
6722338749111.09863
6874556421170.29785
7306542905252.17969
5698747700223.15723
5086623323986.25098
4144546178836.14893
6550598939219.80859
7086641114016.08496
7413350880129.73535
5596150131743.84082
4872545813262.19434
4160239435746.19971
6284260490547.55371
4323895029123.23096
4366781746038.44873
5531479495430.20508
7406485386313.29492
7496006794570.75098
5344991801205.59766
5000533609774.64258
4425954259530.52637
6567192846642.63281
7355746314925.89062
7301079420614.97754
6772324258292.38574
6994847240704.04004
7346255784420.22461
5920179668195.15039
5295688777365.20605
4812550308021.03711
6699284235753.08789
6727555288513.27344
6528334108785.75586
7498481388114.21973
5266704077511.69824
5157036667008.63086
6736893384714.11523
6851751549444.90723
6283815508038.65527
7437747498752.04297
5296924597140.46484
5006758706435.75684
5470990729465.72852
5298204879500.55469
4607375771118.65723
6726433646410.50684
7153318378176.77832
7303961873330.08789
7441311305465.95410
7396958523322.17480
6383539384455.20215
5434595481422.15723
4609505702687.72754
4313497062780.82861
6128114050858.97461
5762458677197.98535
6562115692044.32129
4101144740617.91895
3717263058287.54688
7400166962327.93652
6202173720270.24707
6284270302223.19531
5794848661684.47852
4206000920205.81104
3606210605381.29541
7327743961441.72070
6102184000952.21484
4075645221078.76758
5771208915282.87695
3910621310306.59180
6849124650675.84473
7470198433617.76367
5596150266934.83594
4872544055288.87207
6550598828791.08203
4160239733072.60449
7086640659422.06836
7413352123503.79785
7025157848283.97070
6866122538206.39453
7224161017030.42578
5922189600714.44922
5339673225307.91016
4556789638827.37598
6851320724660.26367
6757496591828.82617
6288807398995.64160
7403647220925.95312
5307895089668.97168
4906473838991.12012
6736893916504.45801
6851748086497.53125
6283818655703.05859
5006758319504.96582
5296924715123.21875
7437747366654.44141
6931004700736.52930
6783234360208.11816
7322419766860.95801
6195709136037.48145
5320437251599.65527
4747435247291.61914
7043380207912.82715
6811887395910.92480
7294277460696.36035
5604522613851.99512
5282089472004.19922
4352917662880.43066
4396632306161.71582
4014745882748.38818
5694639806254.64355
6275310568833.59668
7032331707984.94043
7479657030056.58301
5734804267864.05566
5684041018270.51953
4971882321829.00098
3131971784970.62939
2915442332604.76221
7160533048264.50879
5733807236378.57031
3260442503494.36377
5841241211274.86719
5276221644038.24219
3108322874751.48340
7207849884627.24902
6202174318795.01855
6284268405453.69727
5794849322889.58887
4206001249126.38330
3606211018319.90771
7327742935178.61719
6722343625606.96777
6874549185649.89453
7306540628658.74316
5698750177836.47168
5086627042092.26367
4144543620646.10254
6784993996496.40625
7128105677701.81836
7306203312336.72266
5525053752431.17383
5327545629791.50391
4505743919059.74609
5436286692929.64648
5271026775502.17188
7150712613178.23340
7292379716296.49805
6690277850512.45312
4660572875180.24707
5470993140763.75586
5298204938430.86426
4607375566994.41211
6726437475570.79395
7153314370651.65918
7303958721770.15430
5282089988860.68848
5604524240851.71973
6811890621566.76074
7043377924643.50488
7294273745562.84863
4352917427531.50049
6508262634210.11621
6608200361870.91504
5773080628753.42871
4715438087665.18359
3887659194459.91504
7334034851436.68164
5882036703197.89062
6007903546561.06738
5663752665080.03516
3665029552448.25684
3338795557404.32080
7276786878568.21289
2257791230276.90771
5386892257936.15137
2240741336532.25342
5413519558716.38867
3632316488928.53564
7052403326530.05566
5684042949428.05078
5734808775605.48926
4971872828967.95605
3131974610039.10449
2915443501129.52002
7160531466786.78027
6128120246742.62109
5762461523326.75098
6562106590043.40039
3717259602853.78906
4101148963860.04053
7400164494854.22559
5570974995885.35547
6354586799180.63379
4552667049300.47168
4214568439010.05420
7300761806525.01855
7489042641142.55664
7367784109904.90820
7395761330204.13477
6385146473343.43164
5320694726092.56445
4623980546948.68652
4329537768475.60449
4627626624014.76562
4314208410085.19727
5256054619152.06934
6380055378121.04297
7321559588812.72656
7364428423425.95801
7441307368261.36621
7396954722692.38770
6383543833926.16406
5434595614850.56641
4609505884385.90918
4313498018147.36768
4396633307101.72656
4014745855353.46143
5694640085924.47656
6275314263845.01367
7032328179062.11230
7479653789548.92676
5882040152016.88965
6007900257615.73047
5663752210202.12891
3665030087640.48242
3338795615811.87793
7276785531078.50293
2603930461408.72217
2513326568375.01709
4171354840040.38721
5542719099625.26758
5499241227543.39160
7085535464632.65039
4718354867151.49512
4704106875945.25391
3700511212311.37158
3636431446310.75000
5552816152923.92578
6546040931768.57715
5328182960172.49512
5039615839032.81348
4459861432044.60156
4107883362327.85547
6643787008859.56250
7158756750783.01172
5820466109946.43164
5229166058830.77930
4982002387707.46777
4468900949248.69141
7510347271754.45117
7687655562879.12598
5332997367044.02246
4995785169826.21875
4609847195056.72461
5985943799326.07617
7810120997992.01465
7779474744766.33496
5303921843649.90723
4916866376363.01562
4613219746414.96484
5988063297263.86426
7730274211990.38281
7762165345667.89062
5322733741691.06543
4947911861686.57324
4617762681520.96875
5993256070609.29785
7762220786008.59082
7786140046063.41895
5027396494190.07715
5302468507289.80859
5937923649054.39160
4566141020708.72754
7711823027431.77148
7794639373761.38379
5147096720908.80762
4787454794205.70410
5615501029684.52148
4313104943530.79590
7148637205953.06055
7468492682189.98242
5000796438217.51660
4885767069084.65430
4066837239419.19873
3872533393228.79590
6068955145048.26074
6822835364953.33887
4565069671618.81445
4567775783278.69238
3476229902269.38135
3465984111979.41162
5244348946836.15234
6394165764610.23535
5328181356237.31445
5039615961977.80469
4459860502364.18750
4107883655651.82910
6643788623203.89844
7158758066936.70215
4843305905789.92090
4328345101873.63721
5626659315461.66406
6113498263947.81250
7194755724242.09375
7467460859935.68848
6063741715849.45801
6554932652011.93262
7474157711245.20703
7573363052959.89355
4965112968313.44141
4587098994382.52734
7571152022138.71777
7545305984597.01465
6574020940225.20410
6090080206143.40234
5011624994892.60059
4750974937878.02539
7553422286849.58105
7545061515490.62402
6551037410455.35352
6064135261712.98926
5024858011616.81348
4787959161289.34570
7582867777349.60840
7530205297842.94141
6592451404273.78125
6107204336516.24414
4992231867850.61719
4683124643320.65918
5908859439488.05176
6403124315013.71973
4464742620961.31055
4919595147329.46875
7364666521845.72754
7538310496887.99512
5724122639824.83789
5283776432276.50293
4709625901392.05762
4202958668993.69189
6953493289423.83301
7341229572815.82129
5066783602959.87793
4186845830637.62842
4930952231842.22852
4006540518842.20508
6311360827210.56055
6959805606728.87305
5000794216029.52832
4885775893738.69531
4066835184008.42334
3872540808508.74512
6068950619680.16113
6822833038145.39941
4982002827236.68652
5229164026881.01074
4468901254555.24414
5820463305098.63574
7510350185131.86328
7687658216824.12598
4587098982303.47949
4965113238737.43359
6063739776877.70215
6554930467551.63770
7474159995010.58301
7573365353896.87500
7269012603955.37207
7306461059411.51758
7061565130260.79883
6673514687321.03125
5079107759571.90820
4871838097445.97852
7250190955681.11914
7344481240380.50879
7031757537933.75488
6756990590933.40430
5202385575843.41504
5089874168244.48242
7241637432547.77734
7303152031508.23145
7076647179188.10938
6758678177031.49609
5154269907361.70605
5006351111160.02930
7360964859157.87012
7433900455335.02441
6865018884026.31055
6432712969132.04395
5007974107997.23828
4721971044475.24023
6183704977372.46973
4962629610409.46094
5629000505314.20801
4496330239335.40137
7539301611422.98047
7670319105798.29004
4869720051762.26074
5591397127877.74121
5104106248439.36523
4447420215587.48145
7370178674708.84570
7611707967107.57715
4709627153344.93262
5283776758709.44922
5724118621181.43652
4202963630863.27295
6953493095655.35059
7341230147713.67578
4787453515491.24512
5147103657363.36426
5615499607912.29004
4313108689300.39795
7148634882724.80176
7468492267195.96191
5332994407034.00391
4995786275541.73730
5985940287983.81836
4609847681297.01855
7779478054751.63867
7810124178157.62598
7571155312227.43555
7545309079255.17969
6574017503564.02637
6090077322676.47363
4750975167086.54980
5011625556253.32324
7031754393088.11719
7250193706514.06348
7344484167519.08203
6756987508934.50879
5202385981766.62109
5089874436731.75000
7092895026550.34277
7131998920665.99707
6950644195031.08301
7326940636704.04102
5250993310514.28223
5208546470066.40625
7434986509091.05957
7392675499990.13574
6849052038416.93066
6463240137071.01660
5105444755285.69434
4919801969762.79199
7709389201115.87988
7684394537326.64844
6262532223693.01074
5687229292193.11426
4969009834934.13672
4636533838294.93750
5154705085145.10840
5846605307909.40430
5048757357415.81836
4626057039444.12793
7795989814363.36719
7844024958669.82812
6183700612476.47070
5628995525121.64160
4962633274021.46875
4496333537170.12500
7670320662825.31934
7539303029848.90820
5908858296872.47754
6403122020493.23926
4919598100039.98926
4464744355995.47754
7364666432631.49609
7538311775128.27637
5027399806941.88184
5302468652045.82910
4566142485218.30664
5937921547059.36328
7794640832750.93164
7711822696477.26855
5303918687564.21484
4916867513864.46191
4613220575789.79785
5988059490676.57324
7730277368077.84570
7762168585510.90527
7545064767757.08008
7553425194351.09961
6551033597032.48828
6064131884750.23145
5024858934708.43457
4787959865633.22559
7241640577952.22266
7303155129832.24414
7076642983019.09473
6758674533750.53516
5154270724598.60156
5006351783389.56152
7392675496264.17090
7434985857564.78418
6849051984853.08887
6463239751039.67480
4919802347886.23828
5105445275338.16016
7652990695517.89453
7672857716567.25195
6238525294415.59570
5645884572360.88379
4950055081183.31738
4668402486979.29883
5162998771222.91016
5887859940396.76074
4927033959416.06738
4617949586915.89355
7803661908414.55078
7771207752278.32910
7684396496747.25195
7709390750460.59668
6262529034350.28613
5687224400896.27539
4969011875565.14648
4636535385128.21094
7360967220711.87891
7433903232997.42578
6865015023390.96973
6432708674572.80176
5007976327956.60156
4721971638088.22266
6592449981134.27441
6107203805637.69238
7530205152710.90918
7582868986025.86523
4992233959925.15527
4683125082715.39258
5322732259379.52930
4947914535744.87891
4617763332845.59180
5993253262702.06641
7762222246993.34473
7786142107495.16309
4947913018516.38965
5322730334843.87109
4617763685302.06543
5993252134495.17676
7786143332565.42188
7762223966397.44824
7582870729080.58301
7530208557681.46484
6592447462045.42480
6107200805453.52246
4992232773631.66211
4683125508597.65430
4721971849735.23633
5007975015300.69043
6432711119069.52832
6865017051888.92773
7360966077758.31250
7433901126054.36719
7684394274689.97266
7709388641926.67578
6262532007283.72070
5687228765033.82129
4969010675314.95215
4636534491531.51562
5162998684575.53613
5887860016377.25488
4927034233115.12207
4617949744446.31543
7803661747861.69336
7771207646362.47168
5645880329411.98633
6238522818421.30664
4950055857906.75488
4668402849748.16797
7672859740966.03223
7652993090717.03516
7392678809038.66699
7434989820955.30664
6849048832538.60742
6463235377461.46680
5105445645266.12695
4919801130592.46680
7241640128553.62793
7303152884868.32227
7076644439392.16309
6758676125605.99902
5154271050946.14746
5006351164685.30078
7545062263863.46680
7553424107066.52148
6551035374428.47949
6064134472124.38379
4787959883017.59082
5024858872529.37891
5303920251710.41309
4916866356799.03125
4613219828931.07812
5988060254684.18066
7762168429150.77832
7730277041728.01367
5027396901314.12695
5302465714537.66699
5937919687378.98828
4566141978402.87402
7794642622354.64062
7711826533610.02246
5908856797278.66113
6403120846412.66895
4919595489232.83008
4464743454214.46777
7364669496878.68652
7538313192135.51270
4496331170696.11621
4962630063815.61914
5629000021258.15039
6183703964569.54004
7539301914314.71973
7670319221527.49219
5154704864003.98145
5846605502893.31250
5048757956952.18457
4626057487473.11328
7795989490439.60059
7844024630484.74609
5687224921296.07422
7684396224207.42090
7709390863306.80469
6262529651169.36816
4969011783949.41699
4636535026030.74707
7434990285828.35742
7392678452489.95898
6849049128368.11133
6463235846755.94922
5105445429624.82910
4919800813358.79785
7092894578152.09082
7132001641451.35254
6950640632992.83984
7326942176971.99512
5250994236885.72070
5208545007936.62012
6756989460958.79297
7031755518080.16602
7250192215482.94336
7344482368387.17969
5202385271784.22461
5089875736780.47949
7545309579832.15332
7571153955666.39844
6574018130084.54980
6090078895923.87012
5011623693743.60156
4750975614987.88477
4995781882255.84375
5332995964007.31250
4609845661040.63184
5985940976563.30469
7779480185045.97949
7810124467944.61426
4787451948001.96973
5147097559445.17871
5615497218066.90430
4313105919596.22461
7148640451151.54395
7468495541004.38281
4709624370455.83887
5283777069220.34863
5724120371750.82324
4202959687972.51562
6953494870688.59863
7341230920658.08594
4869719757647.76367
5591397383955.27246
5104106749565.19238
4447420799573.61328
7370178371454.74121
7611707583544.43359
6183702199715.60156
5628996018961.98047
4962633597845.75000
4496333135528.36426
7539302120251.83691
7670319859774.66699
7360965547152.01562
7433902101815.50000
6865017247581.89551
6432710559538.19336
5007975906704.94922
4721971133947.52734
7241636823551.58984
7303149961070.33984
7076648394729.70410
6758679611603.81934
5154270570351.08008
5006350674884.21289
6756992618988.27051
7031758825926.08008
7250189124657.68262
7344479369934.03418
5202385148627.21289
5089875440352.03516
7269012659484.54785
7306459344251.28027
7061566139869.89355
6673515867921.99414
4871839362363.06836
5079105979230.60547
7474162416715.54785
7573365544538.29688
6554930781799.04590
6063740941166.67969
4965108668599.90723
4587097680263.23145
5229163646460.44824
4981997143829.37891
5820463957428.48828
4468896319962.74023
7687660287702.35742
7510354531018.86426
5000793056825.68262
4885769372817.49414
4066834202683.82129
3872534748519.01270
6068957114550.42871
6822836804619.89258
5066783852663.99707
4186845528181.23340
4930952329928.25781
4006540874110.88916
6311360731285.96680
6959805419870.22461
5724121207263.63867
5283776088829.26367
4709628780972.21582
4202963027075.80811
6953491330791.92578
7341228449786.86914
5908860627059.41699
6403125367834.44727
4919597775819.24316
4464743871045.81152
7538309133846.45117
7364663535162.51562
7530202083396.97266
7582866296667.13379
6592453515890.29688
6107206954262.37012
4992233027015.54297
4683124587500.04102
7553421201842.93066
7545058997180.85840
6551039020197.67090
6064137629666.76172
5024858219511.29590
4787959421649.39258
7571150349137.37305
7545306088757.69629
6574021873051.14551
6090081875373.56836
5011623654065.36328
4750975422447.92383
6554933370096.12402
6063743055038.61719
7474159748431.64355
7573362822499.07324
4965108841888.88574
4587097725556.95801
5626659371134.86035
6113498662572.42090
4843299055269.59082
4328340087831.71973
7194760646420.99512
7467463098648.29590
5039607567017.79492
5328181571432.82031
4459859713935.07812
4107874334155.16455
6643796173237.92773
7158762649817.27930
4565069790020.77637
4567775635930.46094
3476229750324.59863
3465984088469.07520
5244349063444.78027
6394165785048.48730
5000797518230.96777
4885773207556.62598
4066838223666.40967
3872539105297.68164
6068949038822.30859
6822831780421.25000
5615503095445.14355
5147102122985.59473
4787456317638.93164
4313107411380.72266
7148632115442.91699
7468489876726.47070
5027398682138.60840
5302471259193.50684
4566141423135.89160
5937925167198.46484
7711819614756.88867
7794638074689.15234
5993256981740.32617
5322735531073.19434
4947912960348.77148
4617762435158.26074
7762219238929.11523
7786139111747.16113
5303923229527.67188
4916865602607.25293
4613219226637.70312
5988064072901.19336
7730273827560.43359
7762164982224.80371
5332998753109.65332
4995781737868.45605
4609845518189.25586
5985944736874.62207
7810120765132.09473
7779476504535.92969
4981997481500.44336
5229165712791.40723
5820467147503.75391
4468896482715.36621
7510351096494.99512
7687657052084.70312
4107874464318.08203
4459860708495.62891
5039607752656.23535
5328183498955.00195
6643794163795.34570
7158760958837.39355
4718354552170.51953
4704097971884.09961
3700511512556.71680
3636420155989.22363
5552825379965.68066
6546045832599.80762
4718354867151.49512
4704106875945.25195
3700511212311.37207
3636431446310.75244
5552816152923.92578
6546040931768.58301
5328182960172.49512
5039615839032.81152
4459861432044.60352
4107883362327.85742
6643787008859.56055
7158756750783.00684
5229166058830.77930
4982002387707.46777
4468900949248.69141
5820466109946.43262
7510347271754.45215
7687655562879.12793
4995785169826.21680
5332997367044.02246
4609847195056.72559
5985943799326.07715
7779474744766.32910
7810120997992.01660
5303921843649.90625
4916866376363.01465
4613219746414.96484
5988063297263.86719
7762165345667.89062
7730274211990.38184
5993256070609.29688
5322733741691.06445
4947911861686.57324
4617762681520.96875
7786140046063.41699
7762220786008.59082
5027396494190.07812
5302468507289.80859
5937923649054.38965
4566141020708.72656
7711823027431.77148
7794639373761.38477
4787454794205.70312
5147096720908.80664
4313104943530.79541
5615501029684.52051
7148637205953.06348
7468492682189.97949
5000796438217.51562
4885767069084.65527
4066837239419.20264
3872533393228.79492
6068955145048.26172
6822835364953.33691
4565069671618.81641
4567775783278.69043
3476229902269.38281
3465984111979.41162
5244348946836.15234
6394165764610.23828
5039615961977.80469
5328181356237.31543
4459860502364.18945
4107883655651.82812
6643788623203.90039
7158758066936.70215
5626659315461.66309
6113498263947.80859
4843305905789.91699
4328345101873.64014
7194755724242.09766
7467460859935.68750
7474157711245.20801
7573363052959.89062
6554932652011.92969
6063741715849.45801
4965112968313.43652
4587098994382.52734
7545305984597.01465
7571152022138.72070
6574020940225.20605
6090080206143.40234
5011624994892.59961
4750974937878.02344
7553422286849.58105
7545061515490.62500
6551037410455.35156
6064135261712.99121
5024858011616.81445
4787959161289.34766
7530205297842.94043
7582867777349.60645
6592451404273.78418
6107204336516.24414
4992231867850.61426
4683124643320.66211
5908859439488.05371
6403124315013.71680
7364666521845.72559
7538310496887.99219
4919595147329.46680
4464742620961.31250
5724122639824.83398
5283776432276.50098
4709625901392.05762
4202958668993.69141
6953493289423.83594
7341229572815.82422
5066783602959.87598
4186845830637.62842
4930952231842.22852
4006540518842.20312
6311360827210.55957
6959805606728.87402
5000794216029.52637
4885775893738.69629
4066835184008.42383
3872540808508.75049
6068950619680.16504
6822833038145.40234
5820463305098.63574
4982002827236.68652
5229164026881.01270
4468901254555.24414
7510350185131.85840
7687658216824.12305
7573365353896.87793
7474159995010.58398
6554930467551.63477
6063739776877.69824
4965113238737.43555
4587098982303.47754
7269012603955.37207
7306461059411.52148
7061565130260.80078
6673514687321.03223
5079107759571.90820
4871838097445.97754
7031757537933.75488
7250190955681.11816
7344481240380.50977
6756990590933.40723
5202385575843.41992
5089874168244.48438
7241637432547.77734
7303152031508.23145
7076647179188.11328
6758678177031.49609
5006351111160.03320
5154269907361.70312
7360964859157.87207
7433900455335.02344
6865018884026.30566
6432712969132.04004
4721971044475.23926
5007974107997.23633
5629000505314.20898
4962629610409.46094
4496330239335.39941
6183704977372.46875
7539301611422.98340
7670319105798.28906
4869720051762.26172
5591397127877.74414
5104106248439.36328
4447420215587.48047
7370178674708.84766
7611707967107.58105
5283776758709.44727
5724118621181.43555
4709627153344.93066
4202963630863.27393
6953493095655.35352
7341230147713.67480
4787453515491.24512
5147103657363.36523
4313108689300.39844
5615499607912.29004
7148634882724.80176
7468492267195.95703
4995786275541.73340
5332994407034.00391
4609847681297.02051
5985940287983.81543
7810124178157.62402
7779478054751.63574
7545309079255.17676
7571155312227.43652
6574017503564.02734
6090077322676.47754
5011625556253.32324
4750975167086.55078
7031754393088.11719
7344484167519.08496
7250193706514.06348
6756987508934.50586
5202385981766.62109
5089874436731.74609
7092895026550.34082
7131998920665.99707
6950644195031.08398
7326940636704.03906
5250993310514.28125
5208546470066.40430
7434986509091.05859
7392675499990.13867
6849052038416.93359
6463240137071.02246
5105444755285.69434
4919801969762.79199
5687229292193.11816
4969009834934.13281
4636533838294.93945
6262532223693.00781
7709389201115.87988
7684394537326.65039
5154705085145.11035
5846605307909.40234
5048757357415.81641
4626057039444.12988
7795989814363.36719
7844024958669.82910
4962633274021.47070
5628995525121.64551
4496333537170.12305
6183700612476.47070
7539303029848.91016
7670320662825.31934
6403122020493.23926
5908858296872.47852
4919598100039.98535
4464744355995.47852
7364666432631.49707
7538311775128.27734
5302468652045.83203
5027399806941.87988
5937921547059.36230
4566142485218.30664
7794640832750.93457
7711822696477.26758
4916867513864.46387
5303918687564.21680
4613220575789.79980
5988059490676.57227
7730277368077.84570
7762168585510.90625
7545064767757.08105
7553425194351.10254
6551033597032.49121
6064131884750.23242
5024858934708.43457
4787959865633.22754
7303155129832.24512
7241640577952.22461
7076642983019.09863
6758674533750.53906
5154270724598.60254
5006351783389.56543
7392675496264.17090
7434985857564.78613
6849051984853.08984
6463239751039.67383
5105445275338.16113
4919802347886.23828
7652990695517.89551
7672857716567.25195
6238525294415.59570
5645884572360.88184
4950055081183.31641
4668402486979.29980
5162998771222.91113
5887859940396.76074
4927033959416.06543
4617949586915.89844
7803661908414.55176
7771207752278.32812
7684396496747.25195
7709390750460.59668
6262529034350.28516
5687224400896.27832
4969011875565.14551
4636535385128.21289
6432708674572.80078
6865015023390.96875
7360967220711.88086
7433903232997.42578
5007976327956.60254
4721971638088.22168
7582868986025.86426
7530205152710.91504
6107203805637.69238
6592449981134.27441
4992233959925.15137
4683125082715.39258
5322732259379.52734
4947914535744.87793
5993253262702.06543
4617763332845.58887
7786142107495.16309
7762222246993.34668
7786143332565.42188
7762223966397.45312
5322730334843.87207
4947913018516.38672
4617763685302.06348
5993252134495.17578
6107200805453.52246
6592447462045.42285
7530208557681.46582
7582870729080.58301
4992232773631.66602
4683125508597.65625
7433901126054.36816
7360966077758.31055
6865017051888.92773
6432711119069.52734
5007975015300.69336
4721971849735.23730
7709388641926.67871
7684394274689.97363
6262532007283.72070
5687228765033.82227
4969010675314.95508
4636534491531.51660
5162998684575.53711
5887860016377.24609
4927034233115.12207
4617949744446.31445
7803661747861.69727
7771207646362.47070
6238522818421.30566
4950055857906.75586
5645880329411.98438
4668402849748.16797
7672859740966.03223
7652993090717.03613
7392678809038.66797
7434989820955.30664
6849048832538.60645
6463235377461.46582
5105445645266.12500
4919801130592.46680
7076644439392.16504
7303152884868.32520
7241640128553.62891
6758676125605.99707
5154271050946.14844
5006351164685.30176
7553424107066.52148
7545062263863.46484
6551035374428.47949
6064134472124.38477
5024858872529.37891
4787959883017.58887
5303920251710.41406
4916866356799.02930
4613219828931.08008
5988060254684.17969
7730277041728.01660
7762168429150.78223
5302465714537.66699
5027396901314.12402
5937919687378.98633
4566141978402.87207
7794642622354.63770
7711826533610.02246
5908856797278.66309
6403120846412.66992
4919595489232.83105
7538313192135.51562
7364669496878.68945
4464743454214.46875
5629000021258.15039
6183703964569.54297
4962630063815.61523
4496331170696.11914
7539301914314.71777
7670319221527.49121
5154704864003.98145
5846605502893.31250
5048757956952.18457
4626057487473.10938
7795989490439.59766
7844024630484.74219
7684396224207.42285
7709390863306.80664
6262529651169.37012
5687224921296.07520
4969011783949.41699
4636535026030.74805
7392678452489.95801
7434990285828.35742
6849049128368.11035
6463235846755.94922
5105445429624.82715
4919800813358.79785
7092894578152.08984
7132001641451.35254
6950640632992.83594
7326942176971.99121
5250994236885.72070
5208545007936.62012
7344482368387.17773
7250192215482.94043
7031755518080.16406
6756989460958.79297
5202385271784.22559
5089875736780.47754
7545309579832.15527
7571153955666.39844
6574018130084.54980
6090078895923.87012
5011623693743.60547
4750975614987.88770
5332995964007.31348
4995781882255.84180
4609845661040.63379
5985940976563.30469
7779480185045.98145
7810124467944.61523
4787451948001.96973
5147097559445.17871
4313105919596.22363
5615497218066.90430
7468495541004.37988
7148640451151.54395
5283777069220.34863
5724120371750.82324
4709624370455.83887
4202959687972.51514
6953494870688.60059
7341230920658.08594
4869719757647.76465
5591397383955.27051
5104106749565.18750
4447420799573.61133
7370178371454.74316
7611707583544.43164
5628996018961.98145
6183702199715.60059
4962633597845.75098
4496333135528.36621
7539302120251.83789
7670319859774.66797
6865017247581.89648
6432710559538.19824
7360965547152.01758
7433902101815.49902
5007975906704.94922
4721971133947.52734
7076648394729.70117
7241636823551.58594
7303149961070.33984
6758679611603.81543
5006350674884.21387
5154270570351.07812
7250189124657.68555
7344479369934.03418
7031758825926.08008
6756992618988.27344
5089875440352.03516
5202385148627.21289
7306459344251.28320
7269012659484.54785
7061566139869.88770
6673515867921.99316
5079105979230.60449
4871839362363.06836
6554930781799.04688
6063740941166.68066
7474162416715.55176
7573365544538.29883
4965108668599.90820
4587097680263.22754
5229163646460.44824
4981997143829.37891
4468896319962.73926
5820463957428.48438
7687660287702.35742
7510354531018.86328
5000793056825.68164
4885769372817.49219
4066834202683.82275
3872534748519.01416
6068957114550.42871
6822836804619.89258
5066783852663.99707
4186845528181.23242
4006540874110.88916
4930952329928.25684
6311360731285.97168
6959805419870.22852
5283776088829.26367
5724121207263.63867
4709628780972.21289
4202963027075.80713
6953491330791.92773
7341228449786.87012
4919597775819.23730
4464743871045.81055
5908860627059.41992
6403125367834.44434
7364663535162.51562
7538309133846.45020
7582866296667.13672
7530202083396.97266
6592453515890.29590
6107206954262.37305
4992233027015.54199
4683124587500.04004
7553421201842.93066
7545058997180.85742
6551039020197.67188
6064137629666.76270
5024858219511.29297
4787959421649.38965
7571150349137.37305
7545306088757.69531
6574021873051.14648
6090081875373.56836
4750975422447.92188
5011623654065.36230
6554933370096.12402
6063743055038.61523
7474159748431.64355
7573362822499.07227
4965108841888.88672
4587097725556.96191
6113498662572.41992
5626659371134.86230
4843299055269.59180
4328340087831.72217
7194760646420.99512
7467463098648.29590
5328181571432.82031
5039607567017.79590
4459859713935.08203
4107874334155.16846
6643796173237.92773
7158762649817.28320
4565069790020.77539
4567775635930.45898
3476229750324.59912
3465984088469.07666
5244349063444.77930
6394165785048.48047
5000797518230.96777
4885773207556.62500
4066838223666.41357
3872539105297.68262
6068949038822.30957
6822831780421.24707
5147102122985.59473
4787456317638.92969
5615503095445.14551
4313107411380.72607
7148632115442.92285
7468489876726.47070
5027398682138.60645
5302471259193.50391
5937925167198.46191
4566141423135.89160
7794638074689.15234
7711819614756.88965
5322735531073.19434
4947912960348.77148
4617762435158.26074
5993256981740.32812
7786139111747.16406
7762219238929.11719
4916865602607.25195
5303923229527.67383
4613219226637.70410
5988064072901.19141
7762164982224.80469
7730273827560.43555
5332998753109.65527
4995781737868.45117
4609845518189.25684
5985944736874.62109
7779476504535.92969
7810120765132.09277
4981997481500.44141
5229165712791.40430
4468896482715.36621
5820467147503.75000
7510351096494.99707
7687657052084.70215
5328183498955.00000
5039607752656.23438
4459860708495.62891
4107874464318.08252
6643794163795.34570
7158760958837.39551
4704097971884.09668
4718354552170.51758
3700511512556.71533
3636420155989.22363
5552825379965.67773
6546045832599.80859
5542725446795.95801
5499242043000.41699
2603928526484.24951
2513336893030.31787
4171341850299.54932
7085534562634.05762
5882041206642.93262
6007900377801.66309
5663751840025.76758
3665027536659.58838
3338797909351.56250
7276785099971.13574
4396630464100.07324
4014745427607.42578
5694647174173.07617
6275313834011.94141
7032323344711.84277
7479655199498.67090
7396951494177.96387
7441309706332.63965
6383543293365.57617
4313498225973.62451
4609502424771.61230
5434600212099.68359
7364428250267.30664
7321560321821.08496
6380055137858.18750
5256055877705.33984
4627624035285.04785
4314209060490.86523
7367784253931.51465
7395762876427.46387
6385146315404.64746
4623978926966.20898
4329539184617.93213
5320692822455.25488
4552665110328.28027
4214571644384.97510
5570970960198.80566
6354585858786.33789
7300766336562.47461
7489041399862.11328
6128118186413.04688
6562112095656.90918
5762456846583.69629
7400164395354.29590
4101147737332.84668
3717262081435.36768
5684043959581.85938
5734801940783.25684
4971879818510.28320
2915441394720.59180
3131974368360.89648
7160532249064.01367
2257791865397.50537
2240741126656.90576
5386891991757.81934
5413519791150.26562
3632316168214.79639
7052403379962.73340
5882037845581.15723
6007903217398.65527
5663753389889.99609
3665026454891.88525
3338797767203.92773
7276786208966.27734
6508263194624.94043
6608194238663.97852
5773087869932.29199
4715436845536.15430
7334035965620.00293
3887657316161.78613
6811890444341.38574
7043375083140.28516
7294275965053.15820
5604526410966.65820
5282091284156.83789
4352914217524.26855
5470990844436.99805
5298207791241.90625
6726437961946.05859
7153313918776.03906
7303960001423.46094
4607372976083.41309
7292380320651.14551
7150714300613.01758
6690277787666.04395
5436283731194.38086
5271026752921.06250
4660572910964.84961
5525050027124.36426
5327544590209.42480
6784993285128.52539
7128108814361.36719
7306203280545.93848
4505745876868.01172
6722343150227.13770
6874552455690.23926
5698746575999.34570
5086626661341.11133
7306540076329.79883
4144545361229.23975
6202174913298.12109
6284269976473.69824
5794846085383.02148
4206003816856.60938
3606209668654.47021
7327742835315.73535
5733806633072.81152
3260443564314.26465
5841241703833.16992
5276221121351.62988
3108322267324.14844
7207850130086.62109
5684040745889.95801
5734810300580.19922
3131971985391.46387
2915444377454.42285
4971875377545.46484
7160532334426.33887
6275310908491.86914
5694647782607.43848
7032326730317.43164
4396628920573.22266
4014744789428.69580
7479657929192.62891
7043376940230.90918
6811888019490.27832
7294279352679.43164
5604524969612.07422
5282091045900.89551
4352913861001.02393
6931008479173.36035
6783231772986.08496
7322420103565.63477
6195707318220.50391
5320441478919.49902
4747430543134.80664
6283816144035.14453
6851750100229.17969
6736894260688.63086
7437747702221.47461
5296926952731.16602
5006755387115.70508
6757500178854.43945
6851318813669.61621
6288805700961.89062
5307893416577.07031
7403647188215.35449
4906475602959.56055
6866121973271.17090
7025157845758.12500
7224159634290.69238
5922192890160.06543
5339670462444.84961
4556791648541.91309
6550599975074.00098
7086640202727.55078
7413351166787.54785
5596147928812.73633
4872548055916.77344
4160238870453.92334
6102183359860.20703
4075646181047.07471
3910620881186.57568
5771208542505.46680
6849124779522.83984
7470198828062.87988
6284268897192.67578
6202172446539.41016
5794851606332.12402
4205999150097.22998
3606211416267.42041
7327744532770.09473
6128116584420.23047
5762464351399.30762
6562109878863.66309
4101145602973.79785
3717259879711.56885
7400166719411.28320
7441313169303.95508
7396955323159.42871
6383539376158.52148
5434601222609.39941
4609501526516.27539
4313496576877.67139
5298208512616.85254
5470988252389.71387
4607372515413.29395
6726434579031.08398
7153317342996.43750
7303963302016.43555
6851752974938.11816
6736894093748.12598
6283812962893.58203
7437747963595.93652
5296927352224.64062
5006755390624.20801
6528338524317.27246
6699281792630.85742
6727553437365.87793
5157040363049.84863
5266700795131.57617
7498481150930.14941
5920185195065.43555
5295686314589.88965
6772322846300.91797
6994845277318.47168
7346254463005.63379
4812553076926.40918
5344989449310.60254
5000539564329.61426
4425953845670.46973
6567193336959.74609
7301078337015.75195
7355744862734.37207
4323895749367.63379
6284259994928.64258
4366781714197.13184
5531478958539.13281
7406485537135.84082
7496007060327.92871
5596151785980.97070
4872542433772.54980
4160240462716.74561
6550596757127.12891
7086641859031.34375
7413352492256.58984
6874553085287.07031
6722339375705.30957
7306543353255.29004
5698751774388.51562
5086623878915.26758
4144543622901.80859
4552664426043.26660
4214567558397.61230
5570977273455.40918
6354583043674.68457
7300765741837.35352
7489045354868.41699
7321563799528.22949
7364431910430.01953
6380050991567.13477
5256056903355.43457
4627624046640.99219
4314206793233.51074
5436281017446.25586
5271027507149.35840
4660572993867.47949
6690274717122.81445
7150717806320.48438
7292382609550.42969
6851322031769.59180
6757500265603.52441
6288802072403.74219
7403646453796.62402
5307894092209.47559
4906475969405.83789
6994845404103.99609
6772323276655.62500
7346253382273.36523
5920184892113.72461
5295686764316.03125
4812553232966.87109
7274815204929.35156
7290621103698.05176
5250926053335.19824
4955748809556.42285
4486202045397.62891
6534125648281.10254
4241808710109.68994
6314870745753.30469
4517985739433.86133
5286792865220.59180
7353672074516.95215
7410142829708.77930
7301079942886.96289
7355745340325.28516
6567192516642.30176
5000532906272.32422
5344992158129.58301
4425955180075.51465
6866121714188.97754
7025161277816.64941
7224158886134.72852
5922188678845.03320
5339673084964.01074
4556790097198.94141
5525052451142.63867
5327545130267.85645
6784990968999.13574
7128109720400.11719
7306205051162.29980
4505743607706.39551
7395764837338.25684
7367787317051.91406
6385142694758.28613
4623980144049.03711
4329535292882.49902
5320696275991.06445
7367787496366.56348
7395766603787.46875
6385142153523.72852
5320693693218.38867
4623978437361.43945
4329537765271.07520
6784989485225.15527
7128112909710.67285
7306205528169.02051
5525048233746.67676
5327544022349.94336
4505746504525.69531
6866121114183.40625
7025161308944.72559
7224157427251.69043
5922191642340.91895
5339670767983.29102
4556792129717.77832
5000538493094.79590
5344990654097.71680
4425954116073.34863
6567193745178.36719
7301078331315.48926
7355743778190.39648
4241808421970.64600
6314870939301.52734
5286793169150.13379
4517985641852.24121
7353672115661.03320
7410142631534.23730
7274816607626.88770
7290622813161.28418
6534125270064.66113
4955742423649.98730
5250927651439.63867
4486202727331.96094
6772324418312.67480
6994847729348.76855
7346254635263.47168
5920179480171.84766
5295688810780.72656
4812550739707.27344
6288803924559.12793
6757497094227.50488
6851323994318.44727
7403646223377.95898
4906474185624.70508
5307895372319.39844
5271027253318.32422
5436284295133.12500
6690275057137.19141
7150716371929.58398
7292381634235.50195
4660572696483.67480
7321562910291.13672
7364432328655.89062
6380051159049.09277
5256055149795.46582
4627627277812.11816
4314206011218.35840
4214572062713.73779
4552662651218.18262
5570972127081.72852
6354581514542.16797
7300770278539.90039
7489044602079.46582
6722338749111.09863
6874556421170.29492
7306542905252.17969
5698747700223.15527
5086623323986.24902
4144546178836.14844
4872545813262.19629
5596150131743.83984
6550598939219.81152
7086641114016.08594
7413350880129.73535
4160239435746.19971
4323895029123.23145
6284260490547.55664
4366781746038.44678
5531479495430.20215
7406485386313.29590
7496006794570.75000
7355746314925.88867
7301079420614.97754
6567192846642.63281
5344991801205.59473
5000533609774.64062
4425954259530.52734
6772324258292.38867
6994847240704.03809
7346255784420.22461
5920179668195.15137
5295688777365.20410
4812550308021.03906
6699284235753.08789
6727555288513.27246
6528334108785.75488
5157036667008.62891
5266704077511.69629
7498481388114.21973
6851751549444.90918
6736893384714.11523
6283815508038.65723
7437747498752.04395
5296924597140.46387
5006758706435.75879
7153318378176.77930
7303961873330.08984
6726433646410.50684
5298204879500.55371
5470990729465.72949
4607375771118.65527
5434595481422.15527
6383539384455.20117
7396958523322.17090
7441311305465.95312
4609505702687.72949
4313497062780.82959
6128114050858.97461
6562115692044.32422
5762458677197.98438
3717263058287.55225
4101144740617.92041
7400166962327.93652
6202173720270.24707
6284270302223.19629
5794848661684.47559
4206000920205.81494
3606210605381.29541
7327743961441.71973
6102184000952.21582
4075645221078.77051
3910621310306.59180
5771208915282.87695
6849124650675.84570
7470198433617.76367
6550598828791.08008
7086640659422.06641
7413352123503.79785
5596150266934.83203
4872544055288.86719
4160239733072.60059
6866122538206.39941
7025157848283.97070
7224161017030.42188
5922189600714.44727
5339673225307.90723
4556789638827.37207
6757496591828.82422
6851320724660.26270
6288807398995.64551
7403647220925.95410
5307895089668.97363
4906473838991.11914
6851748086497.53027
6736893916504.45703
6283818655703.05859
5296924715123.21484
7437747366654.44238
5006758319504.96582
6931004700736.52832
6783234360208.11816
7322419766860.95801
6195709136037.48145
5320437251599.65234
4747435247291.62207
7043380207912.83008
6811887395910.92480
7294277460696.36133
5282089472004.19629
5604522613851.99121
4352917662880.42627
4396632306161.71729
4014745882748.38916
5694639806254.64453
6275310568833.59668
7032331707984.94238
7479657030056.58398
5684041018270.52051
5734804267864.05566
4971882321829.00195
3131971784970.62793
2915442332604.75830
7160533048264.51367
5733807236378.57031
3260442503494.36768
5841241211274.86523
5276221644038.24414
3108322874751.48535
7207849884627.24902
6202174318795.01855
6284268405453.69824
5794849322889.58594
4206001249126.38330
3606211018319.90820
7327742935178.62012
6722343625606.96777
6874549185649.89941
7306540628658.74316
5698750177836.47363
5086627042092.26367
4144543620646.10449
6784993996496.40527
7128105677701.81738
7306203312336.72168
5525053752431.17285
5327545629791.50195
4505743919059.74121
7150712613178.23340
7292379716296.49609
6690277850512.45117
5436286692929.64355
5271026775502.16992
4660572875180.24316
5470993140763.75684
5298204938430.86426
4607375566994.41602
6726437475570.79395
7153314370651.66211
7303958721770.15234
7294273745562.84863
7043377924643.50488
6811890621566.76074
5604524240851.72168
5282089988860.68945
4352917427531.50146
6508262634210.11914
6608200361870.91602
5773080628753.43066
4715438087665.18457
3887659194459.91895
7334034851436.68652
5882036703197.88672
6007903546561.06738
5663752665080.03418
3665029552448.26074
3338795557404.32178
7276786878568.21387
5386892257936.14844
2257791230276.90918
2240741336532.25342
5413519558716.38867
3632316488928.53760
7052403326530.05762
5734808775605.48730
5684042949428.05176
4971872828967.95898
3131974610039.10352
2915443501129.52197
7160531466786.78027
6128120246742.62012
5762461523326.75195
6562106590043.40234
4101148963860.04004
3717259602853.79248
7400164494854.22559
7300761806525.01953
7489042641142.55469
6354586799180.63672
5570974995885.35254
4552667049300.47461
4214568439010.05615
7367784109904.90625
7395761330204.13477
6385146473343.43359
5320694726092.56152
4623980546948.68359
4329537768475.60498
7364428423425.95996
7321559588812.72949
6380055378121.04102
5256054619152.06934
4627626624014.76758
4314208410085.19678
7396954722692.38867
7441307368261.36621
6383543833926.16699
5434595614850.56348
4609505884385.91113
4313498018147.37158
5694640085924.47070
6275314263845.00977
4396633307101.72754
4014745855353.45996
7032328179062.11328
7479653789548.92578
5882040152016.89062
6007900257615.73145
5663752210202.12988
3665030087640.48535
3338795615811.87793
7276785531078.50293
5542719099625.26270
5499241227543.39062
2603930461408.72119
2513326568375.01709
4171354840040.39111
7085535464632.65039
1726939876235.11182
1610569950853.14136
2923460336370.26416
6024174980464.01074
5914206574078.25195
7276441700174.64160
6453671610639.30762
6221507099642.19238
5140918788707.36719
2870232581044.60156
3072790352237.39648
7085163088091.83105
6610305297205.76953
6488715264882.32324
6263437932768.95996
7030139278991.66309
3894583424917.93311
3764598499528.11328
6939520088251.67676
7009216795230.05078
6501226828694.61035
5859485156135.54199
4451092490910.72070
3841297827562.50293
6918839837609.26953
6840055670129.91406
6481137460676.89160
5531475510836.46484
4712780233529.38574
3670637742714.43701
6877542970449.81445
6977984242429.68945
6487728501578.23438
5656668052677.15820
4619021515592.58691
3745137955787.51416
6897584589057.86328
7010687879583.45020
6503880610114.57617
6088708336568.06836
4209806368113.43994
3877597173033.88037
5957611674157.35840
6519502388512.06641
6361016740383.27539
7028885419155.33984
3547241219150.64062
3400543469356.48291
2441653554824.86670
2252187356213.80469
4086522000036.36377
6060252426697.29102
6249936302604.12988
7188647641045.39160
1147117118252.59302
5830312661054.87305
1109484930579.30518
5875966144316.43164
1963061693288.77319
7323711061643.72949
6453674998451.58203
6221503317000.45020
7085163682908.99805
5140921225815.75879
3072789013895.93555
2870232287311.37012
6727784234324.31445
6346151895860.51855
6906697298722.73828
6042780793121.51660
4329861895589.61328
3705027271371.73145
6668607669981.50195
6481445638362.44336
5963684697017.45801
7134901645715.76172
4948593726365.47949
4343251304223.46484
6689594578326.65332
6410386882014.14453
5598751205177.06055
4949582602903.79004
4675440163206.64551
7224253776318.62695
6395377416582.29492
6670694995689.10449
5491310073824.71094
4960181537914.11621
4707960130507.83301
7217399303085.07129
6463858336326.45801
6676801495770.45508
7209532481670.56934
5766868964022.79785
4974375679115.48340
4551779586638.55566
6774217700223.71191
6325995277650.64453
6160044671271.44141
6976923733849.92578
4753513970547.58984
4059571250189.40137
6410616079754.78125
6495613919302.49414
5660216625920.18262
7002729124452.36328
3722960311158.99756
3295581783327.63623
6091007787655.76660
2590697112518.50146
2496896328357.68506
6358614342278.47461
4549746723421.61426
7151313184492.19434
2441649422229.69482
2252181551481.96777
6060248760526.81152
6249944599843.23047
4086519238112.18164
7188649681640.35645
6610307468845.21875
6488714068411.85645
6263437729841.20410
7030142993049.34473
3894582798659.10400
3764596398135.21484
6481447383265.19531
6668607888869.93555
5963684615306.30371
7134903316397.85352
4948591412172.42871
4343250915650.36914
6257326432143.06836
6411206245805.34277
5841243121050.49316
5614311309044.83691
4772652248845.18066
7414093421178.50000
6276051623897.23926
6427108369089.34863
5861743225792.89746
5403388686497.76758
5046271037158.36523
7498566838384.17090
6264809526710.26367
6384197395722.84668
5896985862990.86621
5498733674519.36230
4934789103250.28711
7476284778946.11621
6363154159966.50684
6523270737487.79492
5812134807009.35254
5453537911017.97266
7296638395562.18750
4574934446000.70898
6532857290200.52148
6735905111113.12012
6125554329012.10547
7011840849819.84473
4079635138758.57422
4368499527957.24951
6359735462198.66016
3502989683937.51123
6275111691845.95703
6510400063646.01758
7049441125419.00586
3616950930215.42529
6495609133925.25586
6410623522523.46387
5660217316647.96973
7002731671267.22363
3722955628192.93799
3295578373684.25244
6361014552380.27246
6519509093848.83594
5957610490355.80566
7028890715176.24316
3547237521428.99756
3400535643209.57568
6501222697582.20215
6939524764953.50977
7009220760688.88086
5859485782521.88086
4451092077706.92578
3841295192247.39014
4949580486314.43457
4675438770789.35352
5598751554785.25781
6689599193756.21973
6410385791818.34277
7224254588041.85156
6276052273455.75977
6427111976370.44141
5861739520823.67969
5403388938698.40527
5046270829475.18750
7498566502338.33691
6337949749508.67969
6230979927383.15527
6132278869201.24219
5311305786287.18555
5176256610847.21582
7560742199780.64160
6540098360232.44043
6338894362121.64062
5434948117024.09863
5505265688287.20215
4886348598044.50293
7380060182786.00391
6843656179348.22656
6477406676886.83789
7074446791509.29980
5719342133731.74121
4262653206005.65088
4631409969037.31250
6481893105982.08496
7002714266543.66992
6975545187398.63086
3688804670225.27295
5997167535223.89648
4308780361515.52246
6532857786482.81738
6735908983226.18848
7011837615822.01367
6125558390419.75488
4368494275746.47510
4079633519911.21631
6325995516893.78711
6160048968731.97363
6976924101382.95312
6774220989180.27148
4753510068538.65723
4059565889633.47461
7010694063490.46484
6897585804288.74414
6503877159720.71191
6088713874371.25879
3877594177237.89844
4209799860139.34277
6840060361488.08691
6918843010591.81445
6481133895094.76270
5531475926700.86719
4712780161819.38379
3670635270274.26172
4707958388246.73438
4960180355925.00781
5491310246381.91992
6395377579454.39355
6670698813261.19043
7217399193932.34375
6264809952945.17578
6384202033540.09766
5896981908728.62891
5498733813877.64453
4934789149173.68750
7476283562508.63086
5505266766990.84277
5434947146582.94238
6540097835420.61328
6338895543445.97070
4886348438491.38770
7380059326371.95410
6766984865948.34082
6447838023577.08008
7040933420845.64160
5499305851301.32031
4798919421755.27734
4160583455444.55225
6492788542548.00781
3501615811328.60205
6840188267499.54492
6939444745759.86133
5588195415307.83984
4651477110195.45801
5719344522390.13672
6477411605806.83301
6843655693121.50293
7074444472238.89453
4631406456840.56641
4262650337774.25342
6363155679560.09766
6523275693621.96680
5812138417516.93945
5453532567424.25488
7296636138178.34082
4574930652913.26758
6463857852440.90918
6676804228923.71875
5766873338334.72754
4974374202256.71680
4551774767795.25879
7209532542000.18848
6877547439365.13867
6977986437732.31250
6487725270700.18164
5656672295539.74805
4619017071052.68262
3745136550459.36523
6877545689084.15039
6977988253617.76172
6487725849089.49707
5656667936893.76367
4619022266305.19238
3745135555150.02197
6463858199648.70215
6676805795147.99512
5766869252849.34668
4974372568564.42383
4551779964260.31934
7209531894556.77734
6523273607749.69922
6363154457446.96582
5812135969531.29590
5453535292152.05566
7296636556297.92383
4574934522036.82031
6843654532023.75195
7074446063953.19238
6477408955388.96582
5719342871324.91309
4631409330619.47168
4262652680651.20557
6492788799702.45117
3501615334514.24707
6840188121264.96973
6939444879781.63965
5588195816870.34375
4651476642859.27539
5499307977003.00586
6447841389536.87012
6766985610122.38477
7040932244702.51074
4798916396344.83594
4160579698991.62354
5434943220790.92676
5505268425682.48242
6338898667736.23340
6540099516026.28418
4886344942075.73926
7380059122273.41309
6264806471920.14746
6384203506778.32324
5896984206429.17090
5498736384390.93164
4934785939696.93359
7476283636946.11523
6395376397169.38574
6670697864971.64551
5491310646622.40820
4960181798058.56250
4707959080814.90332
7217399370622.19141
6840059458743.38867
6918844337185.61230
6481132707442.17383
5531473167799.67871
4712783486670.13574
3670636437691.33301
7010691051747.69824
6897589170432.80273
6503876645290.67285
6088708530961.31934
3877594842270.12793
4209807270858.91553
6160045338133.23535
6325997877327.16406
6774219092843.30566
6976923320422.87207
4753510301453.06152
4059571954392.55078
6735908746273.52539
6532856275829.09180
7011838339054.52734
6125555879594.12207
4368497780533.08447
4079635104206.81738
6481893762380.32031
3688803516813.66309
7002714404018.58887
6975544991421.24512
5997167945206.79785
4308779884726.58838
6843656914498.64746
7074445663901.00195
6477410133963.15527
5719344643862.32227
4631406185301.62695
4262649387001.56592
5505267898834.23438
5434943683346.42188
6338897965586.72461
6540099717730.22949
4886344523054.28027
7380060198883.51367
6132273302898.74414
6230983063425.63379
6337951969269.15820
5176251136434.38672
5311311056809.24512
7560742314627.90625
5403384085205.54199
5046276160912.82324
5861742397896.78223
6276050796161.80859
6427111028818.59180
7498566211395.05957
4949584955481.05957
6410382921727.34570
6689600088719.36426
5598745380931.81055
4675444388118.12598
7224254393321.61426
6939522945872.23242
7009223220237.71582
6501221250327.68359
5859479031254.82910
4451100736115.29395
3841296705402.64844
6361014134036.84766
6519503431025.85547
5957614726585.43164
7028887756450.50684
3547238974047.63086
3400544461177.90479
6495610279000.45215
6410619477794.11914
5660219342254.82129
7002729769291.60254
3722957440544.39795
3295582499697.24756
6359736302571.14746
3502988158306.54639
6275112479063.30859
6510399718012.31543
7049440705263.14160
3616951005395.24951
6532859911569.70215
6735905257786.67480
6125557544101.97754
7011839954706.55762
4368494380724.16846
4079632921608.07227
6363155943890.50293
6523272363268.28125
5812137459599.65430
5453534320266.70410
7296638448023.60840
4574930473371.81152
6264805109906.43750
6384199070129.37891
5896988391580.40918
5498736468686.95020
4934785835033.58008
7476285157902.94434
6427106723944.06641
6276050806753.38770
5861745909734.50586
5403384531932.07031
5046275635617.12207
7498566733434.38867
6257329001740.59961
6411201647965.47461
5841244523717.60352
5614305996186.93848
4772660204273.91113
7414093025317.85742
6668605630686.32715
6481447607160.25977
5963677694262.49023
7134903080586.19238
4948594750624.96484
4343260135582.95068
6488711658362.02246
6610311345934.81934
6263431930636.53711
7030139585897.59180
3894591703327.43359
3764600543345.02100
2441651380376.58301
2252188627561.14600
6060247868492.20410
6249941109422.15430
4086524677840.50586
7188647493964.08496
6091008563320.77344
2590695288903.51221
2496896927421.99463
6358613797065.44043
4549747499777.01172
7151312966158.50000
6495612418846.60156
6410620954835.20996
5660215372277.17969
7002730498490.85254
3722956799783.20166
3295578457866.57959
6325992788959.16797
6160047223783.33789
6774219245367.51953
6976925260677.53320
4753513764806.01367
4059566293542.15723
4974377771673.25684
5766872277152.55762
4551775668403.86133
6463856910577.48145
6676799916206.91113
7209533602636.52734
4960182813265.12695
5491310551579.86133
4707961097312.53516
6395376097284.19043
6670693556778.96289
7217399931397.86035
6689595131899.76465
6410384309540.56348
5598746179146.27832
4949586349935.68066
4675444567066.99316
7224254024178.81641
4948596311295.62305
6668604176534.46582
6481447408779.06445
5963678503807.53125
7134901692781.09473
4343259507359.30957
6727783860275.12891
6346144888248.81055
6906692867394.48047
6042785037416.20020
4329865316164.01660
3705037294422.57324
6221501106080.02734
6453669546522.64844
7085160097603.53320
5140927388279.58594
3072793845826.30029
2870241977940.75488
1147115412242.35645
5830312996770.04102
1109485603425.53198
5875965890546.04102
1963062435271.97778
7323710964390.00195
2441652020856.73779
2252181489415.98535
4086515892410.07520
6060252975363.16016
6249940384656.32422
7188649460557.12109
6361016262814.55371
6519508492971.88867
5957605977407.66113
7028888624279.30176
3547240840235.18457
3400536410012.84326
6897580628508.84180
7010691706886.39941
6503880111121.89844
6088712383745.46484
3877597895214.66455
4209800735820.12988
6977981714718.32617
6877545606952.78418
6487727294446.80566
5656671220685.89941
4619017830205.99707
3745139675268.63525
6918841977214.21680
6840054264752.75488
6481136103355.34375
5531473536110.90625
4712782594041.68066
3670638670297.83398
6939517274014.51660
7009220458664.36914
6501225870941.14258
5859479849519.64355
4451099121515.12207
3841298259390.21094
6263433374402.27832
6610309446435.74805
6488713889050.93262
7030135222304.95898
3764600938705.84082
3894590970586.59814
6453665408195.93262
6221505653684.63574
3072793761674.24072
2870241382453.86279
5140926156316.03320
7085159617404.73730
1726943965239.74438
1610575455389.81812
2923470722581.49072
5914205426906.14062
6024171057457.69531
7276439518726.28125
end

