864.0000 0.05 1
0.4
3.2
0
4.8
0
2.8
0.4
12
4.8
0
0
4.8
4.8
5.6
9.6
4.8
2.4
4.8
14.4
0
4.8
4.8
8
4.8
14.4
9.6
2.4
9.6
14.4
9.6
0
0
9.6
5.6
28.8
9.6
9.6
14.4
9.6
1.6
15.2
7.2
2.4
20
16.8
24
14.4
4.8
9.6
28.8
4.8
19.2
15.2
26.4
9.6
28.8
4.8
15.2
28.8
13.2
76
43.2
62.4
69.6
60
45.6
92.8
99.2
67.2
72
69.6
116.4
84
107.6
85.6
91.2
62.4
81.6
134.4
163.2
99.2
80.8
63.2
112
113.2
135.6
173.2
92.8
118
94.8
75.2
82.4
106.4
92
116.8
70.4
31.2
90.4
72
146.8
178
127.2
132.8
88.8
126
82.8
107.2
122.4
83.2
77.6
158.4
50.8
134
119.2
140.8
141.6
126.4
172.8
177.6
119.2
112.8
68
165.6
57.6
57.6
72
43.2
67.2
57.6
68.8
122.8
99.6
156.8
212.8
136
155.2
211.2
188.8
110.8
124.8
137.6
179.2
173.6
159.6
130.4
91.2
177.6
110.4
155.6
173.6
102
162.4
226
154
112
154.4
145.6
168
180
143.6
175.2
165.6
144
129.6
133.6
100
105.6
139.2
113.6
97.6
75.2
115.2
66.4
94.4
73.6
100.4
121.2
112.8
87.2
61.6
53.6
54
100.4
71.2
112.8
73.6
128.8
73.6
48
85.6
66.4
28
68.8
81.6
56.8
92
56.8
132.8
93.6
104
62.4
47.2
48.4
64.8
28.8
110.4
62.8
65.2
132.8
151.2
100.8
52
120.8
158.4
116.8
129.6
43.2
115.2
119.2
115.2
114.4
188.8
160.4
154
157.6
166.4
160
146.8
256.4
214.8
133.2
190
167.2
86.4
154.8
146.4
93.6
46.8
38.4
24
19.2
54.4
24.8
19.2
9.6
4.8
19.2
9.6
86.4
35.2
27.2
31.2
38.4
2.4
48
14.4
38.4
19.2
24
21.6
19.2
14.4
33.6
18.4
8
14.4
64.8
28.8
67.2
24
26.4
13.6
22.4
25.2
19.2
14.4
14.4
28.8
36.8
18.4
9.6
33.6
45.6
26.4
19.2
19.2
19.2
28.8
14.4
38.4
19.2
12
12.8
18
40.8
7.6
33.6
21.2
22.4
35.2
28.8
36
1.2
14.4
31.2
44
20.8
14.4
16.8
38.4
14.4
38.4
64.8
16.8
14.4
21.6
24
9.6
9.6
0
19.2
33.6
62.4
34.4
40.8
4
4.8
0
0.8
8.8
28.8
15.2
4.8
21.6
27.2
22.4
8.8
17.6
17.6
7.2
16
2.4
11.2
0
20.8
12
7.2
8
11.2
15.6
18.4
6.4
4.8
4.8
6.4
9.6
0.4
5.2
2
6
2.4
3.2
4
2.8
5.2
4.8
4
5.6
3.2
2.4
2.8
1.6
0
3.2
1.6
1.6
0
0
0.4
0
0
1.6
0.8
0.8
0
