-0.000806 0.000465 0.002285
-0.001672 0.000965 -0.003455
0.003974 -0.002881 0.001313
0.000846 -0.000489 0.004141
0.004482 -0.002001 0.001313
-0.001837 0.000923 0.002136
-0.001718 0.001129 0.002136
-0.001698 0.000980 0.000097
0.001894 0.000705 -0.000261
-0.007758 0.000278 -0.004997
0.003888 -0.003452 0.001386
-0.000348 0.004001 0.002835
0.000982 -0.006433 0.001361
-0.001010 0.000000 0.002231
-0.002297 0.001886 0.000157
-0.001245 0.000399 0.002094
0.000336 -0.001993 -0.000261
-0.004120 0.006580 -0.004997
0.006062 0.002366 0.001361
-0.003639 -0.001699 0.002835
0.004934 -0.001641 0.001386
-0.002782 0.001046 0.000157
-0.000505 0.000874 0.002231
-0.000968 0.000879 0.002094
0.000209 -0.000120 0.020102
-0.000287 0.000166 -0.005328
0.004653 -0.001743 0.002336
0.000598 -0.000345 0.004030
0.003836 -0.003158 0.002336
-0.001459 0.003715 -0.000923
-0.003947 -0.000594 -0.000923
-0.006142 0.003546 -0.000870
0.001989 -0.001149 -0.004269
-0.001214 0.000701 0.000600
0.004074 0.000537 0.001456
0.003879 -0.002240 -0.001650
0.001572 -0.003797 0.001456
-0.003852 -0.001491 -0.000504
-0.000635 0.004082 -0.000504
-0.002811 0.001623 -0.002926
-0.001055 -0.000913 -0.001831
-0.003964 -0.015144 0.005622
0.003815 0.000857 0.001150
0.000174 0.001871 -0.001104
0.000478 -0.008214 0.000633
0.005179 -0.007115 0.004854
-0.004135 0.006091 -0.001669
-0.001805 0.000732 -0.003110
0.000264 0.001370 -0.001831
0.011133 0.011005 0.005622
0.007353 0.003693 0.000633
-0.001533 -0.001086 -0.001104
0.001165 -0.003733 0.001150
-0.007343 0.000535 -0.001669
0.008751 -0.000928 0.004854
-0.001536 0.001197 -0.003110
0.000696 -0.000402 0.016497
-0.001309 0.000756 -0.010543
0.003866 -0.000622 -0.000579
0.004092 -0.002363 -0.001078
0.002472 -0.003037 -0.000579
-0.006415 0.032594 0.029191
-0.031435 -0.010741 0.029191
0.070885 -0.040925 0.096024
0.003526 -0.002036 -0.004021
-0.001182 0.000682 0.001710
0.001134 -0.006018 -0.001211
0.010919 -0.006304 -0.001358
0.005779 0.002027 -0.001211
0.002086 0.005593 0.004053
-0.003801 -0.004603 0.004053
-0.001719 0.000992 0.001224
0.003954 -0.002890 -0.004035
-0.004093 0.005416 -0.004374
0.000797 -0.006080 -0.001327
-0.008832 -0.010067 0.000939
0.032029 -0.039511 0.000636
-0.000960 -0.000238 -0.001322
-0.005503 0.005479 -0.000054
0.001168 -0.008743 0.007008
0.004480 -0.001979 -0.004035
-0.006737 0.000837 -0.004374
0.050232 -0.007983 0.000636
0.004302 0.012682 0.000939
0.005664 0.002350 -0.001327
-0.007497 0.002026 -0.000054
-0.000274 0.000951 -0.001322
0.008156 0.003360 0.007008
-0.319635 0.184541 -0.402543
0.018374 -0.010608 0.011791
0.069520 0.011115 -0.000143
0.010955 -0.006325 -0.001159
0.025135 -0.065763 -0.000143
-0.007258 -0.079419 0.094255
0.065150 0.045996 0.094255
-0.011120 0.006420 0.004291
