5.50204 -9.52956 0
-11.0039 0.00012 0
0 0 -13.3692
1 0 0
0 1 0
0 0 1
0.1666549999580269 0.3333449999335727 0.5833333333333357	Ir
0.3333450000419731 0.1666549999755489 0.4166666666666643	Ir
0.1666549999580269 0.0833449999335727 0.5833333333333357	Ir
0.4166549999580269 0.0833450000244511 0.5833333333333357	Ir
0.4166549999580269 0.3333449999335727 0.5833333333333357	Ir
0.3333450000419731 0.4166549999755489 0.4166666666666643	Ir
0.0833450000419731 0.1666549999755489 0.4166666666666643	Ir
0.0833450000419731 0.4166549999755489 0.4166666666666643	Ir
0.1666549999580269 0.8333449999335727 0.5833333333333357	Ir
0.3333450000419731 0.6666549999755489 0.4166666666666643	Ir
0.1666549999580269 0.5833450000244511 0.5833333333333357	Ir
0.4166549999580269 0.5833450000244511 0.5833333333333357	Ir
0.4166549999580269 0.8333449999335727 0.5833333333333357	Ir
0.3333450000419731 0.9166549999755489 0.4166666666666643	Ir
0.0833450000419731 0.6666549999755489 0.4166666666666643	Ir
0.0833450000419731 0.9166549999755489 0.4166666666666643	Ir
0.6666549999580269 0.3333449999335727 0.5833333333333357	Ir
0.8333450000419731 0.1666549999755489 0.4166666666666643	Ir
0.6666549999580269 0.0833449999335727 0.5833333333333357	Ir
0.9166549999580269 0.0833450000244511 0.5833333333333357	Ir
0.9166549999580269 0.3333449999335727 0.5833333333333357	Ir
0.8333450000419731 0.4166549999755489 0.4166666666666643	Ir
0.5833450000419731 0.1666549999755489 0.4166666666666643	Ir
0.5833450000419731 0.4166549999755489 0.4166666666666643	Ir
0.6666549999580269 0.8333449999335727 0.5833333333333357	Ir
0.8333450000419731 0.6666549999755489 0.4166666666666643	Ir
0.6666549999580269 0.5833450000244511 0.5833333333333357	Ir
0.9166549999580269 0.5833450000244511 0.5833333333333357	Ir
0.9166549999580269 0.8333449999335727 0.5833333333333357	Ir
0.8333450000419731 0.9166549999755489 0.4166666666666643	Ir
0.5833450000419731 0.6666549999755489 0.4166666666666643	Ir
0.5833450000419731 0.9166549999755489 0.4166666666666643	Ir
0.1666549999580269 0.3333449999335727 0.2500000000000000	Ir
0.3333450000419731 0.1666549999755489 0.0833333333333357	Ir
0.1666549999580269 0.0833449999335727 0.2500000000000000	Ir
0.4166549999580269 0.0833450000244511 0.2500000000000000	Ir
0.4166549999580269 0.3333449999335727 0.2500000000000000	Ir
0.3333450000419731 0.4166549999755489 0.0833333333333357	Ir
0.0833450000419731 0.1666549999755489 0.0833333333333357	Ir
0.0833450000419731 0.4166549999755489 0.0833333333333357	Ir
0.1666549999580269 0.8333449999335727 0.2500000000000000	Ir
0.3333450000419731 0.6666549999755489 0.0833333333333357	Ir
0.1666549999580269 0.5833450000244511 0.2500000000000000	Ir
0.4166549999580269 0.5833450000244511 0.2500000000000000	Ir
0.4166549999580269 0.8333449999335727 0.2500000000000000	Ir
0.3333450000419731 0.9166549999755489 0.0833333333333357	Ir
0.0833450000419731 0.6666549999755489 0.0833333333333357	Ir
0.0833450000419731 0.9166549999755489 0.0833333333333357	Ir
0.6666549999580269 0.3333449999335727 0.2500000000000000	Ir
0.8333450000419731 0.1666549999755489 0.0833333333333357	Ir
0.6666549999580269 0.0833449999335727 0.2500000000000000	Ir
0.9166549999580269 0.0833450000244511 0.2500000000000000	Ir
0.9166549999580269 0.3333449999335727 0.2500000000000000	Ir
0.8333450000419731 0.4166549999755489 0.0833333333333357	Ir
0.5833450000419731 0.1666549999755489 0.0833333333333357	Ir
0.5833450000419731 0.4166549999755489 0.0833333333333357	Ir
0.6666549999580269 0.8333449999335727 0.2500000000000000	Ir
0.8333450000419731 0.6666549999755489 0.0833333333333357	Ir
0.6666549999580269 0.5833450000244511 0.2500000000000000	Ir
0.9166549999580269 0.5833450000244511 0.2500000000000000	Ir
0.9166549999580269 0.8333449999335727 0.2500000000000000	Ir
0.8333450000419731 0.9166549999755489 0.0833333333333357	Ir
0.5833450000419731 0.6666549999755489 0.0833333333333357	Ir
0.5833450000419731 0.9166549999755489 0.0833333333333357	Ir
0.1666549999580269 0.3333449999335727 0.9166666666666643	Ir
0.3333450000419731 0.1666549999755489 0.7500000000000000	Ir
0.1666549999580269 0.0833449999335727 0.9166666666666643	Ir
0.4166549999580269 0.0833450000244511 0.9166666666666643	Ir
0.4166549999580269 0.3333449999335727 0.9166666666666643	Ir
0.3333450000419731 0.4166549999755489 0.7500000000000000	Ir
0.0833450000419731 0.1666549999755489 0.7500000000000000	Ir
0.0833450000419731 0.4166549999755489 0.7500000000000000	Ir
0.1666549999580269 0.8333449999335727 0.9166666666666643	Ir
0.3333450000419731 0.6666549999755489 0.7500000000000000	Ir
0.1666549999580269 0.5833450000244511 0.9166666666666643	Ir
0.4166549999580269 0.5833450000244511 0.9166666666666643	Ir
0.4166549999580269 0.8333449999335727 0.9166666666666643	Ir
0.3333450000419731 0.9166549999755489 0.7500000000000000	Ir
0.0833450000419731 0.6666549999755489 0.7500000000000000	Ir
0.0833450000419731 0.9166549999755489 0.7500000000000000	Ir
0.6666549999580269 0.3333449999335727 0.9166666666666643	Ir
0.8333450000419731 0.1666549999755489 0.7500000000000000	Ir
0.6666549999580269 0.0833449999335727 0.9166666666666643	Ir
0.9166549999580269 0.0833450000244511 0.9166666666666643	Ir
0.9166549999580269 0.3333449999335727 0.9166666666666643	Ir
0.8333450000419731 0.4166549999755489 0.7500000000000000	Ir
0.5833450000419731 0.1666549999755489 0.7500000000000000	Ir
0.5833450000419731 0.4166549999755489 0.7500000000000000	Ir
0.6681399999790116 0.8318599999895042 0.9145500000374014	Ir
0.8333450000419731 0.6666549999755489 0.7500000000000000	Ir
0.6666549999580269 0.5833450000244511 0.9166666666666643	Ir
0.9166549999580269 0.5833450000244511 0.9166666666666643	Ir
0.9166549999580269 0.8333449999335727 0.9166666666666643	Ir
0.8333450000419731 0.9166549999755489 0.7500000000000000	Ir
0.5833450000419731 0.6666549999755489 0.7500000000000000	Ir
0.5833450000419731 0.9166549999755489 0.7500000000000000	Ir
