2176.0000 0.05 1
1.11111
4.44444
11.1111
2.22222
11.1111
4.44444
13.3333
11.1111
20
11.1111
6.66667
11.1111
24.4444
23.3333
17.7778
23.3333
28.8889
16.6667
13.3333
34.4444
16.6667
11.1111
2.22222
10
14.4444
14.4444
36.6667
37.7778
25.5556
40
11.1111
26.6667
17.7778
31.1111
24.4444
32.2222
26.6667
27.7778
40
24.4444
32.2222
46.6667
36.6667
47.7778
70
57.7778
54.4444
41.1111
80
108.889
93.3333
128.889
125.556
136.667
151.111
144.444
163.333
192.222
190
200
218.889
267.778
192.222
227.778
234.444
286.667
236.667
277.778
255.556
261.111
291.111
298.889
320
335.556
318.889
354.444
282.222
350
302.222
308.889
300
296.667
291.111
280
312.222
271.111
253.333
285.556
290
297.778
313.333
320
318.889
311.111
335.556
317.778
314.444
295.556
290
303.333
301.111
290
330
362.222
315.556
360
375.556
354.444
353.333
356.667
341.111
291.111
253.333
213.333
175.556
162.222
191.111
238.889
264.444
333.333
347.778
401.111
417.778
402.222
424.444
412.222
447.778
402.222
380
356.667
344.444
375.556
343.333
396.667
387.778
372.222
385.556
427.778
406.667
456.667
407.778
406.667
411.111
356.667
357.778
378.889
366.667
378.889
433.333
415.556
412.222
434.444
407.778
336.667
352.222
322.222
351.111
311.111
332.222
255.556
286.667
260
265.556
262.222
244.444
222.222
276.667
211.111
244.444
214.444
232.222
258.889
223.333
242.222
234.444
214.444
206.667
230
174.444
207.778
174.444
197.778
177.778
173.333
253.333
237.778
231.111
213.333
216.667
168.889
176.667
196.667
260
241.111
222.222
274.444
240
223.333
262.222
350
340
320
303.333
330
305.556
335.556
380
414.444
430
425.556
446.667
433.333
505.556
482.222
494.444
466.667
428.889
352.222
311.111
232.222
116.667
21.1111
1.11111
0
0
2.22222
0
0
0
0
0
0
0
0
0
0
0
0
0
0
0
0
0
0
0
2.22222
2.22222
2.22222
0
0
0
2.22222
6.66667
2.22222
3.33333
2.22222
0
4.44444
2.22222
4.44444
4.44444
2.22222
0
4.44444
3.33333
0
2.22222
0
0
2.22222
0
2.22222
0
