2176.0000 0.05 1
1.875
3.75
6.25
6.25
7.5
16.25
8.75
7.5
16.25
16.25
14.375
16.25
25
16.25
6.25
31.25
23.125
18.125
28.75
10
10
13.125
10
10
16.25
20
25
30
37.5
19.375
22.5
28.75
13.75
26.875
20.625
29.375
21.25
41.25
45
30
37.5
55
48.125
46.25
41.875
67.5
54.375
49.375
83.125
93.75
98.75
125.625
135.625
135.625
138.125
155.625
180.625
152.5
156.875
199.375
177.5
174.375
234.375
252.5
268.125
236.25
236.875
279.375
292.5
308.75
298.75
321.25
302.5
313.75
321.25
339.375
339.375
366.875
316.25
352.5
371.25
364.375
332.5
358.125
336.25
376.875
311.875
294.375
304.375
286.875
271.875
255.625
233.75
250.625
249.375
300
207.5
249.375
310
294.375
320
307.5
310.625
299.375
251.875
291.25
310
296.875
325.625
274.375
278.75
301.25
273.75
321.875
290.625
315
251.25
295
354.375
321.25
313.75
313.75
329.375
362.5
341.875
380
401.25
380.625
389.375
393.75
395
428.125
452.5
472.5
450.625
443.125
452.5
438.75
446.875
415.625
407.5
428.125
381.25
360
317.5
351.25
326.875
313.125
316.25
330
303.125
275.625
216.25
254.375
250.625
303.125
278.75
246.875
273.125
226.25
318.125
288.125
331.875
299.375
302.5
290.625
286.25
294.375
350.625
291.875
324.375
352.5
371.25
356.25
260
287.5
213.75
286.875
345
268.125
264.375
266.875
258.75
235.625
244.375
250.625
266.25
327.5
238.125
225.625
238.125
225.625
179.375
247.5
257.5
277.5
259.375
309.375
250.625
261.875
256.875
206.875
204.375
266.875
255
326.25
344.375
348.75
348.75
279.375
364.375
295
514.375
533.125
511.875
423.125
366.25
261.25
231.875
205.625
163.75
120.625
58.125
33.75
11.25
2.5
3.125
3.75
1.25
0
0
0
0
0
0
0
0
0
0
2.5
0
