2176.0000 0.05 1
1.11111
4.44444
11.1111
2.22222
11.1111
4.44444
13.3333
11.1111
20
11.1111
6.66667
11.1111
24.4444
23.3333
17.7778
23.3333
26.6667
18.8889
13.3333
32.2222
18.8889
8.88889
4.44444
10
14.4444
16.6667
34.4444
40
23.3333
40
11.1111
26.6667
17.7778
31.1111
24.4444
32.2222
26.6667
27.7778
40
24.4444
32.2222
46.6667
36.6667
47.7778
70
55.5556
56.6667
41.1111
77.7778
107.778
96.6667
126.667
127.778
134.444
153.333
144.444
161.111
192.222
192.222
202.222
214.444
267.778
192.222
230
234.444
286.667
235.556
281.111
253.333
261.111
288.889
303.333
317.778
337.778
318.889
350
284.444
347.778
301.111
314.444
292.222
300
295.556
277.778
312.222
275.556
248.889
281.111
294.444
295.556
316.667
314.444
323.333
305.556
340
318.889
314.444
295.556
294.444
296.667
301.111
294.444
330
357.778
317.778
354.444
383.333
352.222
357.778
350
341.111
291.111
253.333
215.556
180
160
188.889
238.889
264.444
331.111
352.222
398.889
417.778
397.778
428.889
410
450
402.222
380
358.889
342.222
373.333
345.556
396.667
382.222
375.556
387.778
425.556
408.889
456.667
407.778
406.667
411.111
356.667
360
374.444
368.889
376.667
435.556
417.778
402.222
444.444
398.889
338.889
356.667
320
351.111
312.222
331.111
257.778
285.556
258.889
272.222
257.778
242.222
224.444
274.444
211.111
244.444
216.667
232.222
258.889
218.889
248.889
232.222
214.444
206.667
227.778
178.889
206.667
173.333
197.778
175.556
175.556
255.556
235.556
232.222
212.222
216.667
168.889
175.556
197.778
262.222
241.111
220
274.444
238.889
226.667
260
350
340
315.556
305.556
330
307.778
333.333
382.222
407.778
436.667
425.556
443.333
434.444
507.778
476.667
508.889
470
431.111
348.889
316.667
230
114.444
11.1111
1.11111
0
0
0
0
0
0
0
0
0
0
0
0
0
0
0
0
0
0
0
0
0
0
2.22222
4.44444
0
2.22222
0
2.22222
2.22222
2.22222
2.22222
5.55556
0
0
6.66667
2.22222
2.22222
4.44444
2.22222
2.22222
4.44444
1.11111
0
2.22222
0
0
2.22222
0
2.22222
0
