2176.0000 0.05 1
1.875
3.75
6.25
6.25
7.5
16.25
8.75
6.25
17.5
16.25
14.375
16.25
23.75
17.5
6.25
31.25
23.125
18.125
28.75
10
10
13.125
10
10
16.25
20
25
30
37.5
19.375
22.5
28.75
13.75
26.875
21.875
28.125
21.25
42.5
43.125
30.625
37.5
56.25
47.5
45.625
43.125
66.25
55.625
46.875
84.375
93.75
97.5
126.875
136.25
133.75
139.375
155.625
179.375
152.5
158.75
198.75
177.5
175.625
233.75
251.875
267.5
239.375
233.125
281.875
291.875
310.625
296.25
319.375
306.25
311.875
321.25
340.625
340.625
364.375
315.625
355
371.875
365.625
325.625
361.875
333.75
382.5
311.25
291.25
304.375
286.875
275.625
255.625
230
251.25
248.75
301.875
206.875
249.375
310.625
293.75
319.375
309.375
306.875
302.5
248.75
293.75
310.625
295
331.25
270
277.5
307.5
268.125
323.75
288.125
317.5
248.75
298.75
346.875
323.125
315
316.25
330
361.875
338.75
384.375
401.875
375.625
389.375
395.625
393.125
433.125
453.125
468.125
454.375
439.375
455
436.875
446.875
415
408.75
425.625
385.625
359.375
313.125
353.75
329.375
311.25
311.875
332.5
306.25
273.125
217.5
253.75
254.375
303.75
276.25
247.5
270
226.875
320
288.125
328.125
299.375
302.5
290.625
286.25
296.25
351.25
289.375
326.875
350
374.375
353.75
261.875
286.875
210.625
289.375
345
268.125
263.125
269.375
253.75
239.375
247.5
247.5
266.875
328.75
238.125
225
238.125
223.75
180
247.5
256.25
280
256.25
309.375
253.75
260.625
259.375
205.625
201.875
271.25
253.125
326.25
343.125
345
355
276.25
366.25
293.75
515.625
533.125
511.875
421.875
368.125
260.625
238.75
195
166.25
119.375
58.75
34.375
11.25
3.75
1.25
4.375
1.25
0
0
0
0
0
0
0
0
0
0
2.5
0
