0.010449 0.002294 0.000122
-0.005261 -0.001295 -0.000396
0.010604 0.003327 -0.000093
0.002281 0.000812 -0.001934
0.008340 0.002416 -0.003851
-0.000984 -0.003427 0.000279
-0.003802 -0.002170 -0.004895
-0.005061 0.006032 0.000230
-0.005413 0.005114 -0.012466
0.003994 -0.001082 -0.001890
-0.005643 -0.072396 -0.049351
-0.006264 -0.002587 0.001103
-0.000952 -0.005917 0.009366
-0.006050 0.000697 0.000532
0.005205 -0.000317 -0.004737
0.007605 -0.007269 -0.010792
0.011118 0.003794 0.002272
-0.005501 -0.001580 0.000862
0.028354 0.003749 -0.018579
0.000754 0.000933 -0.003030
0.008855 0.002168 -0.003228
-0.001043 -0.003356 -0.000631
-0.004225 -0.001785 -0.004189
-0.004814 0.004710 -0.000051
-0.007609 0.000700 -0.007428
0.009025 -0.005412 -0.008570
-0.002937 -0.001169 0.004023
-0.010483 -0.007345 -0.007509
-0.001396 -0.005234 0.012541
-0.006479 0.000200 0.001246
0.005097 0.001234 -0.003804
0.002595 -0.001968 -0.000658
0.010450 0.002427 0.002139
-0.005628 -0.001481 -0.027428
0.010419 0.004750 0.000231
0.005934 -0.003576 -0.003300
0.000953 0.004584 0.587769
-0.001567 -0.047347 -0.033087
-0.053478 -0.002844 -0.042596
-0.002710 0.068892 -0.049313
-0.004964 -0.003984 -0.012720
0.005135 -0.001152 -0.002279
-0.003317 -0.002917 0.004535
-0.007489 -0.002081 0.003869
-0.001054 -0.005157 0.009450
-0.006243 0.000326 0.000383
0.005303 0.000496 -0.005245
0.002578 -0.003307 0.001566
0.010637 0.002431 0.000666
-0.005541 -0.001354 -0.000721
0.010621 0.004319 -0.000693
0.001829 0.001073 -0.004306
0.008453 0.002741 0.007294
-0.000655 -0.006889 -0.003868
-0.003467 -0.002070 -0.005026
-0.005629 0.009253 -0.004110
-0.010374 0.002039 -0.005443
0.004704 -0.001180 -0.001844
-0.003897 -0.002440 0.005184
-0.006055 -0.002580 0.001546
-0.002737 -0.003946 0.009125
-0.005580 0.000437 -0.000607
0.003969 0.000671 -0.004792
-0.001519 0.001932 -0.008592
0.005749 0.007204 -0.008675
-0.005457 -0.001278 0.000926
0.010719 0.004104 -0.000414
0.002168 0.000619 -0.003820
0.008611 0.002892 -0.003271
-0.001105 -0.002314 -0.000193
-0.004209 -0.002534 -0.003934
-0.005251 0.005392 0.000887
-0.009664 0.000594 -0.007471
0.008855 0.003516 -0.008785
-0.003540 -0.002014 0.005201
-0.005677 -0.003659 0.003091
-0.001818 -0.005352 0.010242
-0.006242 0.000215 -0.000868
0.004228 0.004981 -0.009388
0.002396 -0.001960 0.000645
0.010214 0.001142 0.001829
-0.005345 -0.001420 0.001696
-0.000225 0.004642 -0.011434
0.003896 -0.000415 -0.002737
0.008425 0.002886 -0.003191
-0.001452 -0.001733 -0.000809
-0.004512 -0.002122 -0.005194
-0.004694 0.005228 0.000277
-0.005214 0.000853 -0.011082
0.003990 -0.002672 0.000106
-0.003188 -0.001824 0.004514
-0.002359 0.001050 -0.006337
-0.001838 -0.005413 0.016432
0.040023 0.000322 -0.037179
0.006744 0.052526 -0.043066
0.002982 -0.002135 0.001690
0.010888 0.002372 -0.000053
-0.004849 -0.001123 -0.031470
0.010688 0.003849 -0.000820
0.002097 0.000909 -0.003247
0.008981 0.002616 -0.005136
-0.000566 -0.003708 0.001108
-0.004573 -0.001806 -0.003020
-0.005887 0.005817 0.001226
-0.009956 -0.000609 -0.005776
0.008578 -0.000968 -0.005825
-0.003380 -0.006102 -0.000323
-0.007103 -0.001907 0.001960
-0.002665 -0.006155 0.009190
-0.005868 0.000624 -0.000744
0.005502 -0.000619 -0.005044
0.003156 0.000019 0.001629
0.015028 -0.001323 -0.007549
-0.005371 -0.001520 0.001911
0.008982 0.004656 -0.001444
0.002411 0.000438 -0.003640
0.008370 0.002129 -0.003312
-0.002269 -0.002234 -0.000263
-0.004495 -0.002490 -0.004865
-0.005122 0.004759 0.000575
-0.009149 0.000772 -0.007188
0.004077 0.000850 0.000361
-0.003451 -0.001282 0.004768
-0.006605 -0.001182 0.002689
-0.001710 -0.005315 0.008617
-0.006313 0.000259 -0.000388
0.004155 0.001484 -0.004943
0.002589 -0.001658 0.000331
-0.013144 -0.001618 0.003108
0.003901 -0.003854 0.002169
-0.001862 0.001224 0.002747
-0.004468 0.005324 0.002930
-0.002967 0.007630 -0.000668
0.008958 0.001513 -0.003803
0.004085 -0.001253 0.002785
0.002771 0.000613 0.000726
0.010395 0.005423 0.001552
-0.000205 -0.007743 -0.005159
-0.001828 -0.001323 -0.000463
-0.022379 -0.004186 -0.005433
0.002869 0.004313 0.012200
-0.000205 -0.008027 -0.009585
0.018765 0.000557 0.001159
-0.005645 0.000250 0.008738
-0.012523 -0.001598 0.002686
0.009305 0.000766 -0.005047
-0.001418 0.002772 0.004011
-0.004163 0.004080 0.001428
-0.002863 0.007688 -0.000507
0.004771 -0.000900 -0.001113
0.003679 -0.000569 -0.005274
0.004094 0.000037 -0.000290
0.008655 0.005008 0.002104
-0.003873 -0.002498 -0.010771
0.002126 0.002658 0.005011
-0.024837 -0.000922 -0.007067
0.003690 0.005494 0.013905
-0.019090 -0.007539 -0.030429
-0.024803 0.001044 -0.030366
-0.005624 -0.014281 -0.009054
0.033595 -0.001092 -0.030160
0.008044 0.000919 -0.003159
-0.003358 0.001378 0.001569
0.000332 0.009269 -0.008393
-0.007177 0.003001 -0.006458
0.006265 -0.001224 0.000500
0.004052 -0.000274 0.002419
0.000621 -0.002564 -0.001774
0.008475 0.005933 0.007247
-0.004295 -0.002620 -0.010706
-0.001538 0.007104 -0.000286
-0.023804 -0.004021 -0.004703
0.006633 0.001927 0.006807
-0.000204 -0.007177 -0.009717
0.018720 0.000856 0.000871
-0.005499 0.000461 0.007634
-0.013750 -0.001589 0.002316
0.004677 -0.003175 0.000961
-0.001759 0.001076 0.002548
-0.003827 0.001899 0.003106
-0.003007 0.006259 -0.001788
0.005971 -0.001672 -0.000890
0.004546 -0.000597 -0.000132
0.002771 0.000056 -0.001051
0.009630 0.005294 0.003010
-0.000565 -0.005941 -0.006403
0.003393 0.001350 0.007756
-0.022914 -0.004167 -0.005431
0.003144 0.004877 0.011577
-0.000526 -0.008000 -0.010296
0.017852 0.000671 0.000366
-0.006227 0.000399 0.007070
-0.012769 -0.000985 0.003066
0.004600 -0.002909 0.001970
-0.001339 -0.000505 0.004126
-0.004365 0.004085 0.002129
-0.007391 0.003524 -0.006509
0.006130 -0.001372 -0.001459
0.004418 -0.000812 -0.004913
0.002764 0.000311 -0.000843
0.008845 0.005952 0.002033
-0.000393 -0.007185 -0.005104
0.003206 0.002745 0.005852
-0.022524 -0.004832 -0.004120
0.002261 0.005334 0.011645
-0.001262 -0.007417 -0.010054
0.018322 0.000728 0.000234
-0.005378 0.014462 -0.008150
-0.013620 -0.001702 0.003911
0.006655 -0.003834 0.004197
-0.006554 0.004839 -0.003165
-0.003816 0.004032 0.003721
-0.003175 0.006343 -0.001820
0.007255 -0.000421 -0.000991
0.004670 -0.001084 -0.005449
0.001792 0.000308 0.000056
0.010756 0.006389 0.002176
-0.002944 -0.006995 -0.004350
0.001331 0.002956 0.005661
-0.022470 -0.003704 -0.004769
0.004407 0.000582 0.008248
0.014257 -0.007767 -0.025986
0.018044 0.001074 0.001159
-0.005469 0.013586 -0.007779
-0.012214 -0.001608 0.004051
0.006227 -0.003623 0.003464
-0.008818 0.000845 -0.004175
-0.007903 0.000325 -0.006360
-0.005169 0.007870 0.001364
0.005668 -0.001776 -0.002046
0.004733 -0.001096 -0.000072
0.003302 0.000200 -0.000579
0.009561 0.005624 0.004150
-0.001871 -0.007208 -0.004191
0.003586 0.004143 0.007781
-0.021606 -0.004090 -0.005221
0.003582 0.006260 0.014420
-0.000516 -0.007258 -0.009780
0.017944 0.000529 0.000208
-0.007804 0.000461 0.016609
-0.013966 -0.000575 0.004019
0.004846 -0.003226 0.001576
-0.006270 -0.002768 -0.003597
-0.004254 0.003883 0.001903
-0.005523 0.007561 0.000718
0.006056 -0.001306 -0.001066
0.004661 -0.000894 -0.004724
0.002992 0.000281 -0.000850
0.010611 0.004964 0.002245
-0.000802 -0.005849 -0.006302
0.003530 0.003221 0.006069
-0.022512 -0.004090 -0.006030
0.002331 0.005618 0.012331
0.000716 -0.007316 -0.010830
0.019030 0.000810 0.000016
-0.005648 -0.013149 -0.007751
