2176.0000 0.05 1
1.875
3.75
6.25
6.25
7.5
16.25
8.75
7.5
16.25
16.25
14.375
16.25
25
16.25
6.25
31.25
23.125
18.125
28.75
10
10
13.125
10
10
16.25
20
25
30
37.5
19.375
25
26.25
13.75
26.875
21.875
28.125
21.25
41.25
44.375
30.625
37.5
55
48.75
45.625
41.875
67.5
54.375
49.375
84.375
92.5
98.75
124.375
137.5
135
138.125
155
180
153.75
156.875
200.625
176.25
175
233.75
251.875
267.5
237.5
234.375
281.875
291.25
311.875
296.875
320
302.5
311.25
323.125
340
337.5
363.75
318.75
353.125
369.375
366.875
329.375
361.25
333.75
378.75
314.375
293.75
303.125
287.5
272.5
255.625
231.25
246.25
256.875
296.875
206.875
250
311.875
296.25
313.125
311.25
310.625
297.5
251.875
293.75
309.375
295
327.5
276.25
280
301.25
273.125
321.25
290
316.875
248.125
298.125
355.625
315.625
316.25
312.5
326.875
364.375
344.375
378.75
401.875
378.125
392.5
393.125
394.375
430.625
451.875
470.625
450
444.375
451.25
436.875
447.5
420
403.75
430.625
380
356.25
320
353.125
328.75
310
313.125
332.5
305.625
275.625
215
257.5
248.75
301.875
278.75
250
271.25
223.75
318.75
288.75
329.375
300
304.375
289.375
285
299.375
349.375
290.625
325
350
373.125
356.875
260.625
286.875
213.125
289.375
345.625
266.25
263.125
265
260.625
238.125
245.625
250.625
261.25
325
241.875
226.875
238.125
224.375
180.625
247.5
255
281.25
254.375
306.875
254.375
265.625
256.875
203.75
205
269.375
255
326.25
343.125
344.375
354.375
273.75
370
292.5
516.875
529.375
512.5
425
366.25
261.875
231.25
203.75
166.875
118.125
63.125
31.25
11.25
3.75
1.25
4.375
1.25
0
0
0
0
0
0
0
0
0
0
2.5
0
