0.014345 0.003283 0.001731
-0.005544 -0.001900 0.000597
0.009699 0.004266 0.000187
0.002244 -0.000760 -0.003363
0.013477 0.002755 -0.002816
0.000354 -0.002982 -0.000100
-0.008319 -0.006534 -0.002763
-0.004037 0.005661 0.000348
-0.008631 0.000322 -0.007612
0.006705 -0.000086 -0.001590
-0.002310 -0.002369 0.004522
-0.005604 -0.002532 0.002233
-0.003347 -0.005429 0.009128
-0.006605 0.000553 0.000186
0.004553 0.001411 -0.004999
0.003632 -0.002881 0.000690
0.011787 0.001507 0.001440
0.004203 -0.001230 0.001258
0.011291 0.003792 -0.000584
0.002223 0.001293 -0.003471
0.009414 0.002597 -0.002570
-0.001359 -0.004103 -0.000101
-0.004517 -0.001958 -0.006414
-0.005699 0.005621 0.000210
-0.006213 0.002306 -0.006336
0.005661 -0.001155 -0.001753
-0.004389 -0.002036 0.004056
-0.004843 -0.001566 0.002493
-0.002676 -0.006069 0.009278
-0.004326 0.001083 0.001263
0.004473 0.000673 -0.005407
0.002435 -0.002860 0.000554
0.011538 0.002003 0.001126
-0.005324 -0.000863 0.000790
-0.020486 0.004869 -0.000180
-0.033107 -0.040697 -0.002048
0.014689 0.000725 -0.003137
-0.002113 0.000803 -0.001206
-0.008237 0.002935 -0.002889
-0.006451 0.007790 0.000925
-0.033550 0.000315 -0.032204
0.006842 -0.002168 -0.001395
-0.004797 -0.004468 0.006994
-0.003752 -0.002658 0.003317
-0.021684 -0.005379 0.027569
-0.002406 0.000818 -0.001052
0.005841 0.000830 -0.005172
-0.002596 0.000583 0.006240
0.011082 0.001227 0.001081
-0.005430 -0.001265 0.001141
0.010526 0.003973 -0.000069
0.002293 0.001711 -0.003240
0.008005 0.002412 -0.002563
-0.001489 -0.003322 -0.000965
-0.003696 -0.001652 -0.005979
-0.005593 0.005919 0.000476
-0.008468 0.000807 -0.007192
0.005064 -0.001322 -0.002210
-0.004146 -0.002550 0.004662
-0.005402 -0.001489 0.002254
-0.002736 -0.005395 0.009337
-0.004936 0.000418 0.000373
0.003215 0.001354 -0.005384
0.003552 -0.003252 0.001402
0.004673 0.006524 -0.002797
-0.008117 -0.001466 0.001017
0.011048 0.004102 -0.000264
0.003436 0.001840 -0.004306
0.010731 0.002595 -0.002493
-0.000834 -0.003720 -0.000635
-0.002775 -0.001876 -0.004225
-0.006270 0.005432 0.000090
-0.006864 -0.000626 -0.006642
-0.025349 -0.000129 -0.042847
-0.004129 -0.002292 0.004606
-0.012684 -0.006548 -0.002328
-0.002749 -0.005004 0.009362
-0.004194 -0.000595 0.001380
0.005127 0.001717 -0.005808
0.003233 -0.002598 0.000920
0.011850 0.000797 0.000924
-0.006293 -0.001401 0.001504
0.010846 0.004133 0.000186
0.002229 0.000349 -0.003337
0.009584 0.002504 -0.002731
-0.002746 -0.003065 -0.000913
-0.003635 -0.002203 -0.005899
-0.005600 0.006224 0.000187
-0.008521 0.000885 -0.007664
0.005455 -0.001060 -0.001917
-0.003122 -0.002836 0.004141
-0.004686 -0.001081 0.001807
-0.016500 -0.019611 0.009441
-0.011791 -0.003953 -0.004283
0.005298 0.000738 -0.005195
0.004258 -0.000359 0.001497
0.011471 0.001298 0.001167
-0.005495 -0.001324 0.001150
0.009769 0.003745 0.000749
0.002350 0.001385 -0.003342
0.007769 0.002782 -0.002601
0.000235 -0.003652 -0.000515
-0.003590 -0.002158 -0.005643
-0.004070 0.006168 0.000409
-0.008812 0.000674 -0.008800
0.005098 -0.001025 -0.002070
-0.002271 -0.002401 0.004867
-0.006941 -0.001004 0.002705
-0.017149 -0.005511 -0.005243
-0.011520 0.000617 -0.006747
0.004308 0.000754 -0.004846
-0.002789 0.001263 -0.003405
0.005272 0.004713 0.005097
0.003926 -0.001625 0.002256
0.009363 0.004159 -0.000472
0.004038 0.002244 -0.002294
0.010227 0.002558 -0.003664
-0.002930 -0.002858 -0.000777
-0.004652 -0.002051 -0.005235
-0.005145 0.005919 0.000014
-0.008753 0.000687 -0.007446
0.005245 -0.001096 -0.002964
-0.004106 -0.002890 0.004878
-0.012125 -0.005035 0.006399
-0.023224 0.013683 0.009319
-0.011878 0.005288 -0.004202
0.002032 -0.003434 -0.008298
-0.000908 0.001403 0.001304
-0.017030 -0.006444 0.000416
0.004750 -0.003699 0.001014
-0.002881 0.001817 0.002061
-0.003504 0.004121 0.002573
-0.013207 0.002178 -0.006245
0.006236 -0.000404 -0.000844
0.003515 -0.000563 -0.004162
0.002727 0.001711 -0.000214
-0.014432 -0.017333 0.001971
-0.000768 -0.005374 -0.005886
0.003019 0.003017 0.005231
-0.022253 -0.003546 -0.005355
0.003348 0.005211 0.011453
-0.001419 -0.007342 -0.009490
0.017541 0.000960 -0.000737
-0.004818 0.000560 0.007562
-0.012099 -0.001548 0.003704
0.005091 -0.003413 0.001366
-0.002336 0.001124 0.001277
-0.003769 0.004587 0.002548
-0.003501 0.005773 -0.001112
0.006486 -0.002126 -0.001641
0.003773 -0.000709 -0.004372
0.003013 0.000026 -0.000795
0.007808 0.005322 0.001843
-0.000822 -0.005165 -0.005423
0.002271 0.002973 0.004985
-0.023050 -0.006226 -0.005071
0.002018 0.004445 0.011255
-0.000175 -0.007765 -0.010092
0.012879 -0.002103 0.004122
-0.006688 0.000667 0.007432
-0.016657 0.004233 0.000478
-0.003317 -0.007747 0.004131
-0.002639 0.000495 0.001741
-0.010059 0.001359 0.008338
-0.003085 0.005821 -0.001287
-0.011349 0.026914 0.000214
0.451890 0.007103 0.018337
-0.004161 0.014207 -0.001399
-0.014409 0.028355 0.002056
-0.009632 -0.002023 -0.010815
-0.009348 0.002195 0.022382
-0.021340 -0.003475 -0.005775
-0.006094 0.008854 0.015405
-0.026554 -0.008014 -0.008380
0.021069 0.001119 0.001599
-0.004440 0.000568 0.007572
-0.011376 -0.000939 0.003999
0.004465 -0.002318 0.000898
-0.002707 0.000960 0.001837
-0.003543 0.004654 0.002966
-0.003348 0.006147 -0.002210
0.006412 -0.002443 -0.001127
0.005586 -0.000743 -0.004143
0.003339 -0.000665 -0.000390
0.008364 0.005519 0.001789
-0.001238 -0.005980 -0.006036
0.002524 0.003020 0.004246
-0.022537 -0.004151 -0.005337
0.002878 0.003691 0.011079
-0.001155 -0.007387 -0.009488
0.018531 0.000773 -0.001085
-0.004583 0.000498 0.007768
-0.014350 -0.001190 0.001122
-0.003915 -0.006927 0.005060
-0.002775 0.001425 0.001506
-0.004894 0.004876 0.002288
-0.013735 0.001322 -0.005519
0.006178 -0.001897 -0.000939
0.003690 -0.000615 -0.004259
0.004945 -0.000582 0.001142
-0.009549 0.005864 -0.016007
-0.010678 -0.002011 -0.011166
0.002103 0.003033 0.004893
-0.030071 -0.014525 -0.005982
0.002955 0.004757 0.013556
-0.000032 -0.007245 -0.009433
0.012673 0.004594 0.003592
0.000537 0.000049 0.007123
-0.012759 -0.001365 0.003849
0.004675 -0.002056 0.001156
-0.002522 0.001128 0.001601
-0.010380 -0.002384 0.003128
-0.003972 0.006194 -0.001459
0.006732 -0.002695 -0.000506
0.003779 -0.000166 -0.004072
0.003213 -0.000596 -0.000489
0.007943 0.005272 0.002221
-0.001290 -0.005753 -0.005899
0.003844 0.003940 0.004087
-0.022228 -0.003418 -0.005119
0.002621 0.006294 0.011155
-0.000311 -0.007050 -0.008930
0.018877 0.001223 -0.001368
-0.006650 0.000435 0.007722
-0.011310 -0.001676 0.003527
0.004995 -0.002302 0.002616
-0.002740 0.001150 0.001640
-0.010549 0.000788 -0.002367
-0.003954 0.006437 -0.001240
0.006508 -0.002022 -0.000855
0.002376 -0.000811 -0.004491
0.004179 0.000018 -0.000569
0.007992 0.005243 0.001702
-0.000837 -0.005773 -0.007065
0.001865 0.002986 0.005828
-0.020432 -0.003048 -0.003503
0.002453 0.004278 0.012848
-0.001571 -0.007664 -0.008620
0.015523 0.000770 0.002322
-0.004927 0.000327 0.007579
-0.009420 -0.001107 0.003236
0.005051 -0.002192 0.002411
-0.014293 0.001839 0.028774
-0.001199 0.003634 0.003414
-0.003635 0.006641 -0.002505
0.006209 -0.001168 -0.001067
0.003928 -0.001200 -0.004398
0.003732 -0.000216 -0.001146
-0.014184 0.005689 0.023054
-0.000677 -0.005922 -0.007449
0.003036 0.002239 0.004501
-0.021979 -0.003725 -0.005482
-0.003929 0.008413 0.014621
0.000860 -0.007676 -0.009921
0.018873 0.000231 -0.001661
0.000208 0.000174 0.005857
