360.0000 0.05 1
0.555556
0.37037
1.11111
0.37037
0.555556
2.03704
0.740741
1.85185
1.85185
3.7037
1.48148
1.48148
1.11111
1.85185
0.740741
2.40741
4.25926
2.03704
1.85185
0.925926
3.33333
4.25926
2.03704
2.96296
1.85185
3.33333
4.44444
7.40741
2.77778
3.88889
0.37037
4.07407
4.44444
4.44444
3.88889
0.925926
5.18519
3.33333
5.37037
3.88889
4.07407
5.55556
4.44444
9.07407
3.88889
6.66667
5.92593
7.03704
4.07407
8.88889
5.92593
5.18519
8.88889
9.07407
5.55556
8.7037
8.88889
7.03704
6.66667
14.2593
16.4815
15.5556
25.7407
31.4815
33.5185
35
34.4444
36.8519
29.6296
36.1111
27.037
32.963
37.037
30.5556
38.3333
39.6296
47.037
46.2963
43.1481
52.2222
39.6296
41.4815
45.5556
39.8148
47.7778
43.3333
54.8148
48.8889
45.3704
50.9259
37.963
36.6667
37.7778
32.963
32.7778
36.6667
27.4074
35.7407
47.5926
54.6296
54.0741
57.7778
52.4074
44.2593
40.7407
42.037
48.1481
41.2963
47.037
43.1481
42.5926
50
48.1481
49.2593
52.4074
53.8889
55.9259
57.5926
60.5556
54.2593
47.963
49.8148
39.4444
40.7407
34.0741
27.7778
21.8519
24.8148
30
36.2963
44.8148
52.2222
61.2963
61.6667
65.1852
67.963
75.5556
69.8148
67.963
60.1852
61.4815
57.963
60.7407
63.5185
54.8148
56.4815
62.4074
56.4815
61.6667
62.963
57.7778
59.4444
67.963
65.3704
65.3704
63.7037
66.1111
71.4815
61.8519
68.3333
65.3704
65
59.6296
50.9259
50.7407
51.6667
51.1111
47.037
46.6667
44.8148
41.8519
35.5556
33.7037
36.8519
37.7778
40.1852
39.6296
40.7407
32.5926
40.1852
33.8889
37.5926
31.8519
32.4074
28.3333
33.8889
30.7407
36.8519
31.2963
32.037
36.4815
30.7407
30.7407
31.1111
28.8889
30
31.1111
30.9259
26.4815
24.8148
32.4074
37.7778
30.7407
31.8519
34.6296
32.4074
35.3704
32.963
34.0741
43.7037
48.5185
40.5556
47.963
47.4074
39.0741
44.4444
44.8148
53.5185
53.5185
42.2222
53.7037
57.037
64.2593
66.2963
69.6296
66.6667
74.6296
79.6296
72.4074
73.7037
81.4815
67.4074
60.1852
63.5185
48.5185
46.2963
41.1111
33.5185
28.5185
15.3704
13.3333
12.7778
9.62963
9.07407
8.88889
10
9.25926
11.6667
8.51852
8.33333
4.81481
6.85185
7.77778
7.40741
7.77778
8.88889
4.62963
4.44444
5.55556
5.37037
6.2963
6.48148
6.11111
3.7037
3.7037
4.44444
1.85185
3.51852
2.22222
5
3.51852
4.07407
4.81481
2.77778
4.62963
2.96296
1.48148
4.25926
2.59259
3.33333
0.37037
3.51852
2.22222
1.2963
1.48148
1.48148
2.22222
2.22222
1.11111
0.740741
0.740741
2.22222
0.925926
1.48148
1.85185
1.2963
1.85185
1.11111
3.88889
1.11111
0.37037
2.03704
1.66667
0.740741
0.37037
1.2963
1.48148
0.37037
2.40741
0.740741
0.555556
1.48148
1.11111
0.37037
0.925926
0
0.37037
0
0.37037
0.740741
0.37037
0.37037
0
0
0.37037
0
0.37037
0
