-2.866186 -0.447520 1.519386
-2.003702 0.388575 -2.696240
0.953938 -0.007367 0.075580
0.727584 -0.373618 -0.198411
0.183284 0.114920 0.032365
0.051249 0.078631 -0.041881
0.014563 -0.092765 0.181798
0.178342 -0.043448 0.015115
0.824993 -0.426627 1.098653
0.032127 0.003890 0.053929
0.004132 0.436402 0.421572
-0.018151 0.013544 0.071478
0.132953 -0.149345 0.048435
0.001428 0.037064 0.016820
-0.058886 0.068454 0.007795
-0.023815 -0.007858 0.068962
0.001692 0.042605 -0.011538
-0.000449 0.044020 0.019907
-0.030789 0.002718 0.031556
0.006390 0.002940 -0.025013
-0.034282 -0.013181 -0.014517
-0.008169 -0.016116 0.018349
-0.008210 -0.006908 -0.003134
0.015030 0.015021 -0.022233
-0.001784 -0.000712 0.023751
-0.007569 -0.010436 -0.035441
-0.011507 -0.024986 -0.033361
-0.043694 0.021903 0.033563
0.004587 0.025608 -0.036500
0.065297 -0.019615 0.053638
-0.044612 0.007464 -0.068212
-0.064474 -0.181036 -0.088251
0.040879 -0.021777 -0.031941
0.208399 -0.095875 0.065103
0.165066 0.104875 0.018980
0.615813 0.303852 -0.878813
0.298389 0.355010 0.254856
0.163759 0.101945 -0.111874
0.176505 -0.247171 0.262706
0.359881 0.016921 -0.096939
