-4.12095 2.37965 -0.00472
1.37602 7.13087 -4.47112
-5.48649 -4.77314 -13.3978
1 0 0
0 1 0
0 0 1
0.3058449999155641 0.4673250000049975 0.8513550000282208	Ir
0.3383820001371376 0.1704539999691548 0.7635319999803869	Ir
0.8003519999652582 0.5996439999865544 0.7999420000044992	Ir
0.8086499999843255 0.3246400000223346 0.7249399999627002	Ir
0.2503519999652539 0.7496439999865601 0.7499420000044950	Ir
0.2586499999843213 0.4746400000223332 0.6749399999626959	Ir
0.7003519999652568 0.8996439999865586 0.6999420000044978	Ir
0.7086499999843241 0.6246400000223318 0.6249399999626988	Ir
0.1503519999652596 0.0496439999865572 0.6499420000045006	Ir
0.1586499999843198 0.7746400000223304 0.5749399999626945	Ir
0.6003519999652553 0.1996439999865558 0.5999420000044964	Ir
0.6086510000471819 0.9246370000493087 0.5249410000133850	Ir
0.0516645000653710 0.3513314999592296 0.5493795000135790	Ir
0.0586499999843255 0.0746400000223346 0.4749399999627002	Ir
0.5003519999652539 0.4996439999865601 0.4999420000044950	Ir
0.5086499999843213 0.2246400000223332 0.4249399999626959	Ir
0.9503519999652568 0.6496439999865586 0.4499420000044978	Ir
0.9586499999843241 0.3746400000223318 0.3749399999626988	Ir
0.4003519999652596 0.7996439999865572 0.3999420000045006	Ir
0.4086499999843198 0.5246400000223304 0.3249399999626945	Ir
0.8503519999652553 0.9496439999865558 0.3499420000044964	Ir
0.8586499999843227 0.6746400000223360 0.2749399999626974	Ir
0.3003519999652582 0.0996439999865544 0.2999420000044992	Ir
0.3086499999843255 0.8246400000223346 0.2249399999627002	Ir
0.7503519999652539 0.2496439999865601 0.2499420000044950	Ir
0.7586499999843213 0.9746400000223332 0.1749399999626959	Ir
0.2003519999652568 0.3996439999865586 0.1999420000044978	Ir
0.2086499999843241 0.1246400000223318 0.1249399999626988	Ir
0.6503519999652596 0.5496439999865572 0.1499420000045006	Ir
0.6586499999843198 0.2746400000223304 0.0749399999626945	Ir
0.1003519999652553 0.6996439999865558 0.0999420000044964	Ir
0.1086499999843227 0.4246400000223360 0.0249399999626974	Ir
0.5503519999652582 0.8496439999865544 0.0499420000044992	Ir
0.5586499999843255 0.5746400000223346 0.9749399999626931	Ir
0.0003519999652539 0.9996439999865601 0.9999420000044950	Ir
0.0086499999843213 0.7246400000223332 0.9249399999626959	Ir
0.4503519999652568 0.1496439999865586 0.9499420000044978	Ir
0.4586499999843241 0.8746400000223318 0.8749399999626988	Ir
0.9003519999652596 0.2996439999865572 0.8999420000045006	Ir
0.9086499999843198 0.0246400000223304 0.8249399999626945	Ir
