0.016023 0.005595 0.003906
-0.005708 -0.000145 0.001845
0.011635 0.003916 0.000314
0.002586 0.000574 -0.002345
0.008189 0.004178 -0.003241
-0.000206 -0.003413 -0.000269
-0.004159 -0.001682 -0.004453
-0.003835 0.005754 0.000540
-0.008772 0.000439 -0.007379
0.005076 -0.001068 -0.002562
-0.003910 -0.001949 0.005250
-0.006206 -0.002654 0.003094
-0.000599 -0.005483 0.009240
-0.006871 0.001502 -0.000441
0.006151 0.000804 -0.005754
0.001495 -0.001584 -0.000292
0.010027 0.002343 0.000415
-0.005995 0.000585 0.001982
0.009587 0.004116 -0.000028
0.001331 0.001009 -0.002785
0.008881 0.002635 -0.002997
-0.000614 -0.004179 -0.001181
-0.004813 -0.002383 -0.004869
-0.003664 0.005660 0.000083
-0.010897 0.002664 -0.006726
0.005566 -0.000865 -0.002249
-0.002571 -0.002562 0.005019
-0.005931 -0.002425 0.002818
-0.000597 -0.005285 0.009580
-0.005188 0.001503 -0.000464
0.006212 0.001314 -0.004851
0.005915 -0.001890 0.004424
0.016465 -0.001308 0.005383
0.002948 0.002479 -0.001195
0.010089 0.004204 -0.000192
0.000099 0.000992 -0.002791
0.016640 0.006606 0.000491
0.026017 -0.003305 -0.001254
0.023952 0.036496 -0.005242
0.015616 0.005848 0.019289
0.018251 -0.033121 -0.008842
0.037591 -0.046667 -0.001540
-0.004003 -0.002516 0.005053
0.030838 -0.001592 -0.050449
-0.002689 -0.005413 0.009407
0.000365 -0.003762 -0.004929
0.020752 0.001613 -0.019457
0.001804 -0.001562 -0.000028
0.010016 0.002094 0.000237
-0.004972 -0.001345 0.001254
0.010961 0.004060 0.000134
0.001490 0.000755 -0.002446
0.008912 0.002471 -0.003237
-0.000239 -0.003626 -0.000348
-0.005174 -0.003219 -0.004741
-0.004350 0.005755 -0.000468
-0.009464 0.001872 -0.007675
0.004792 -0.000333 -0.002374
-0.003809 -0.001523 0.003457
-0.006283 -0.002298 0.003224
-0.002757 -0.005528 0.009534
-0.006456 0.001756 -0.001432
0.004882 0.001333 -0.004463
0.007560 0.001494 0.003616
0.014409 0.002421 0.004010
0.005126 0.003470 -0.003522
0.011469 0.004014 -0.000335
0.001109 0.000138 -0.002020
0.007681 0.002151 -0.000922
-0.000714 -0.002385 -0.001251
-0.007220 -0.003716 -0.003224
-0.004025 0.006698 0.000044
-0.008716 0.000558 -0.007903
0.003607 0.000310 -0.003061
-0.003122 -0.002593 0.004604
-0.005833 -0.002977 0.002212
-0.001066 -0.005370 0.009476
-0.006303 0.000927 -0.000677
0.005578 0.001424 -0.005461
0.001977 -0.001770 0.000026
0.010528 0.002332 0.000340
-0.005169 -0.001551 0.001478
0.012539 0.006883 -0.002063
0.009268 -0.004154 -0.006793
0.007881 0.004393 -0.003283
-0.002172 -0.003449 -0.000191
-0.004495 -0.002328 -0.004765
0.010000 -0.007361 0.000352
-0.010569 0.002002 -0.008779
0.005403 -0.001152 -0.002749
0.027874 -0.001323 0.005610
-0.008394 -0.003803 0.003515
-0.002739 -0.005199 0.009032
-0.006328 0.000189 -0.000566
0.018266 0.014757 -0.005472
0.000765 -0.001835 0.001662
0.010175 0.002591 0.000621
-0.005554 -0.001651 0.000438
0.011826 0.004230 -0.000063
0.005728 0.000626 -0.007063
0.008242 0.002166 -0.002002
-0.000006 -0.003335 -0.000228
-0.004568 -0.002342 -0.004996
0.015554 0.005951 -0.020106
-0.008563 0.000808 -0.008055
0.004796 -0.000599 -0.002551
-0.003859 -0.003025 0.003793
-0.006293 -0.002464 0.001573
0.001128 -0.009407 0.005942
-0.000136 -0.002771 0.004110
0.026626 0.001073 0.015283
0.008356 -0.005892 0.004190
0.008599 0.002595 0.001223
-0.005949 -0.001722 -0.000186
0.008087 0.004755 -0.000387
0.008836 0.004472 -0.005521
0.018200 0.006948 0.000532
-0.002323 -0.002120 -0.000323
-0.006842 -0.003248 -0.006194
0.014703 0.023541 0.000363
-0.008376 0.000539 -0.007445
0.003120 0.000110 -0.001453
-0.002243 -0.002001 0.004394
-0.008237 -0.001298 0.003406
-0.000548 -0.005293 0.009609
0.000139 -0.005396 -0.000138
0.019770 -0.013290 -0.005404
0.002928 -0.001840 -0.000271
-0.013409 -0.001176 0.003486
-0.006234 -0.001207 0.001000
-0.003591 0.000753 0.002057
-0.005130 0.003903 0.003050
-0.009082 0.005908 -0.001594
0.004214 -0.002394 -0.002097
0.004169 -0.002418 -0.004772
0.002439 0.000175 -0.001330
0.008883 0.005362 0.002096
-0.000126 -0.006148 -0.005996
0.001095 0.002681 0.005990
-0.021781 -0.004291 -0.004351
0.003756 0.004362 0.011719
-0.001386 -0.007396 -0.009340
0.017731 0.000884 0.000159
-0.006185 -0.001005 0.007955
-0.013392 -0.000570 0.002741
0.004922 -0.002928 0.001049
-0.003285 0.000115 0.002103
-0.003873 0.003508 0.002568
-0.004312 0.006505 -0.001543
0.006329 -0.001575 -0.001061
0.004139 -0.000379 -0.003251
0.003242 -0.000120 -0.000636
0.010073 0.005508 0.001788
-0.000484 -0.006314 -0.006053
0.002948 0.001663 0.005324
-0.017543 -0.001042 -0.008780
0.001133 0.004907 0.011572
-0.000360 -0.007252 -0.009906
0.016385 -0.000469 -0.000989
-0.005637 0.000564 0.007471
-0.008267 -0.004456 0.007177
0.008260 -0.002714 0.001120
0.001852 0.005376 -0.000721
-0.003371 0.003832 0.001640
-0.009999 0.005845 -0.001590
0.004395 -0.000186 -0.002030
0.013028 -0.004437 -0.000733
0.010147 -0.000561 0.020213
0.014041 0.006803 0.003549
-0.482891 0.004565 0.008958
0.005920 0.005349 0.009346
-0.025429 -0.004043 -0.005681
-0.002276 0.004339 0.009231
0.003679 -0.009354 -0.007763
0.040093 0.035122 0.000964
0.004932 -0.004247 0.002404
-0.013197 -0.000237 0.003328
0.005253 -0.002620 0.001198
-0.003324 0.000465 0.001965
-0.004006 0.003728 0.003688
-0.002980 0.006589 -0.001348
0.005786 -0.000594 -0.001536
0.004520 -0.000780 -0.004574
0.002601 0.000286 -0.001753
0.010582 0.005365 0.001899
-0.001471 -0.006095 -0.006317
0.001302 0.002059 0.005951
-0.022931 -0.003961 -0.004293
0.003687 0.004343 0.011152
0.000364 -0.007903 -0.009567
0.017445 -0.000002 -0.000043
-0.005549 0.000552 0.007589
-0.011790 -0.000667 0.002777
0.004757 -0.002786 0.001793
-0.002187 -0.000311 0.002350
-0.004053 0.004061 0.002974
-0.006727 0.006138 -0.001213
0.005461 -0.001203 -0.001876
0.004767 -0.000638 -0.004313
0.003119 0.000385 -0.001053
0.010086 0.005702 0.002068
-0.000437 -0.005702 -0.005849
0.001562 0.001650 0.005354
-0.017080 -0.007989 -0.009087
0.001010 0.004840 0.011549
0.000001 -0.007526 -0.009658
0.017841 0.000401 0.000292
-0.006186 0.000249 0.007042
-0.006799 -0.007651 0.003047
0.004563 -0.002773 0.001469
0.002888 0.006586 0.002579
-0.006952 0.005285 0.003861
-0.004283 0.006379 -0.001484
0.020017 -0.000640 0.027410
0.014302 -0.005631 -0.000567
0.000867 0.001581 -0.001423
0.010647 0.005547 0.001956
-0.000448 -0.005986 -0.006344
-0.000322 0.002990 0.006133
-0.023372 -0.003681 -0.004816
0.000192 0.004090 0.011980
-0.000929 -0.007548 -0.009243
0.016024 -0.000340 0.001525
-0.005765 -0.001202 0.008290
-0.007978 -0.003467 -0.001399
-0.006776 -0.002442 0.001224
0.002080 0.004031 0.006194
-0.000697 0.002786 -0.007853
-0.002643 0.006167 -0.001194
0.006013 -0.001801 -0.000885
0.004257 -0.000687 -0.003618
0.003914 0.000135 0.000562
0.008709 0.005857 0.001660
-0.000312 -0.005544 -0.006237
0.005837 0.004311 0.001672
-0.016186 -0.004218 -0.011750
-0.001395 0.004525 0.012650
-0.001503 -0.007830 -0.009403
0.018034 0.000116 -0.000260
-0.005998 0.000704 0.006619
-0.015519 -0.001638 0.003687
0.004607 -0.002674 0.000895
-0.005177 0.001414 0.002471
-0.006208 0.002760 0.003204
-0.005646 0.005951 -0.001450
0.005794 -0.001279 -0.001708
0.004296 -0.002376 -0.004529
0.001267 -0.000618 -0.000775
0.010165 0.005947 0.002025
-0.000430 -0.005958 -0.006391
0.004703 0.005624 0.005912
-0.023083 -0.004210 -0.004685
0.001599 0.004023 0.011370
0.001117 -0.007155 -0.009851
0.017781 0.000683 -0.000293
0.002849 -0.003435 0.004743
