2176.0000 0.05 1
1.875
3.75
6.25
6.25
7.5
16.25
8.75
6.25
17.5
16.25
14.375
16.25
25
16.25
6.25
31.25
23.125
18.125
28.75
10
10
13.125
10
10
16.25
20
25
28.75
38.75
19.375
23.75
27.5
13.75
26.875
21.875
28.125
21.25
41.25
45
30
38.75
55
47.5
45.625
45
64.375
53.75
48.75
84.375
93.75
98.75
123.125
139.375
135.625
138.125
154.375
179.375
153.75
155.625
201.875
176.25
176.25
232.5
252.5
266.875
237.5
238.125
278.125
293.125
309.375
297.5
320.625
303.125
313.75
320.625
340
338.125
366.875
314.375
356.875
371.875
361.875
331.875
360.625
333.125
380
310.625
293.75
305
286.25
272.5
255.625
231.25
250.625
251.25
300
206.25
250
310.625
296.25
320.625
306.25
308.75
298.125
251.875
293.75
310
296.875
323.75
274.375
280.625
302.5
271.875
321.25
291.25
318.125
246.25
297.5
353.125
320.625
315
313.75
328.75
362.5
344.375
378.75
400.625
377.5
391.875
395.625
393.125
431.25
455
467.5
453.125
441.875
451.25
435.625
449.375
417.5
404.375
430.625
380.625
356.875
319.375
352.5
327.5
310.625
317.5
328.125
305
276.875
217.5
253.75
250
302.5
278.125
248.125
274.375
225
318.75
287.5
331.25
300
301.25
290
286.875
294.375
351.25
293.75
320
355.625
368.75
355
262.5
288.125
213.125
288.125
345
266.875
265.625
267.5
256.875
235.625
246.875
250.625
263.75
328.75
236.25
228.75
236.875
225
180
246.875
256.875
280
256.25
308.75
251.875
263.125
257.5
206.25
203.125
269.375
253.75
326.25
344.375
342.5
356.875
274.375
366.25
295.625
510
540.625
505.625
426.875
366.875
262.5
231.25
202.5
164.375
118.125
61.875
33.75
10.625
5
1.25
3.75
1.25
0
0
0
0
0
0
0
0
0
0
2.5
0
