0.004758 0.006287 -0.002827
-0.005882 -0.001152 0.001180
0.010848 0.003922 -0.000091
0.002390 0.001258 -0.003144
0.008453 0.002790 -0.001885
-0.001380 -0.003810 -0.000202
-0.003702 -0.002212 -0.005353
-0.004408 0.004297 -0.000382
-0.007928 0.000574 -0.007101
0.006085 -0.000550 -0.001044
-0.002588 -0.000999 0.004307
-0.005249 -0.001883 0.002608
-0.001664 -0.005224 0.009648
-0.006172 0.000450 0.000307
0.005992 0.002166 -0.004529
0.002110 -0.000554 0.000985
0.002708 0.009476 0.001326
-0.006156 -0.001429 0.000669
0.015347 0.003746 -0.000386
0.002121 -0.000392 -0.003422
0.007331 0.002719 -0.002794
-0.000360 -0.004449 -0.000421
-0.005253 -0.002366 -0.005861
-0.004273 0.004616 0.000362
-0.006393 -0.001050 -0.007525
0.004757 -0.001129 -0.001497
-0.011933 0.001285 0.007655
-0.011422 -0.007394 0.002318
-0.002444 -0.005391 0.009662
-0.002789 0.002070 0.000468
0.005690 0.002025 -0.004405
0.004662 -0.002562 -0.000228
0.011444 0.001959 0.001265
-0.006057 -0.001643 0.001221
0.013769 0.004128 0.000060
0.004090 0.000927 -0.004751
0.008831 0.002124 -0.002104
0.000131 -0.003749 -0.001705
-0.003721 -0.002016 -0.005636
-0.015950 0.000822 0.004992
-0.008950 0.000484 -0.008590
0.005982 -0.001793 -0.000915
-0.012793 0.002316 0.008887
-0.012987 -0.005758 -0.001288
0.569151 -0.007047 0.030474
-0.050257 0.002393 -0.053056
-0.005628 0.005540 -0.009712
-0.045516 0.056367 0.002929
0.005208 0.004923 0.004902
-0.016482 0.010185 0.000730
0.010996 0.003847 0.000220
0.002032 0.000630 -0.003706
0.008208 0.003192 -0.003895
-0.000203 -0.004876 0.000691
-0.009448 0.001607 -0.001703
-0.005458 0.005778 0.000172
-0.009088 0.000695 -0.006811
-0.000012 -0.005583 -0.005288
-0.003987 -0.002595 0.004473
-0.005044 -0.001321 0.001522
-0.000386 -0.005346 0.009418
-0.005273 0.000481 0.000313
0.003792 0.001485 -0.005406
0.003042 -0.003184 0.000732
0.013408 0.002806 0.001583
-0.016629 -0.001159 -0.010056
0.017258 0.004314 -0.000446
-0.029462 -0.042797 -0.001268
-0.020618 0.004148 -0.002781
-0.010548 -0.007983 -0.004753
-0.004095 -0.002342 -0.004068
-0.012775 0.002146 0.003514
-0.006166 0.002248 -0.007127
0.007483 -0.000842 -0.002402
-0.002085 -0.000802 0.004324
-0.004270 -0.003498 0.002608
-0.002340 -0.005104 0.009729
-0.002742 -0.001104 0.001056
-0.005590 0.006636 -0.009514
0.002768 -0.002263 0.000966
0.010912 0.001683 0.001480
-0.006050 -0.001474 0.001965
0.010247 0.004202 0.000275
0.002501 0.001301 -0.003119
0.008111 0.002623 -0.003028
-0.002230 -0.002923 -0.001129
-0.003992 -0.002211 -0.005442
-0.005478 0.006123 0.000214
-0.008935 0.000961 -0.007634
0.005982 -0.001114 -0.001767
-0.002328 -0.002749 0.006286
-0.005500 -0.001711 0.002485
-0.002380 -0.005054 0.009467
-0.005453 0.000086 -0.000478
0.003647 0.001654 -0.005617
0.005415 -0.002815 0.002854
0.011428 0.001294 0.000605
-0.022752 -0.018755 0.000897
0.013272 0.003980 -0.000214
0.004009 0.001761 -0.001820
0.008459 0.001658 -0.003878
-0.012511 -0.008853 -0.004836
-0.009832 -0.006403 -0.001975
-0.003984 0.005897 0.002122
-0.050997 -0.001415 -0.060115
-0.000123 0.003813 -0.005386
-0.002586 -0.002735 0.006023
-0.012412 -0.004670 0.006651
-0.002620 -0.005313 0.009548
-0.005940 0.000504 -0.001002
0.006185 0.000315 -0.006388
0.002418 -0.002203 0.000575
0.009940 0.001368 0.000811
-0.021957 -0.001260 0.016940
0.008492 0.004418 0.000061
0.002547 0.001458 -0.003477
0.007697 0.002303 -0.002632
-0.001527 -0.002206 -0.001775
-0.009509 -0.002469 -0.001143
-0.004573 0.006392 0.001765
-0.008853 0.000228 -0.007554
0.000879 -0.000981 -0.006465
-0.003828 -0.002434 0.004536
-0.006473 -0.001629 0.001853
-0.002439 -0.005809 0.009517
-0.005679 0.000567 -0.000380
0.004785 0.001456 -0.006470
0.002371 -0.001650 0.000745
-0.017805 0.002494 -0.000871
0.004458 -0.002787 0.001276
-0.006949 -0.001612 0.005756
-0.004677 0.002946 0.002722
-0.002086 0.006114 -0.001295
0.006564 -0.001606 -0.000764
0.002896 -0.000674 -0.004496
0.004439 -0.000354 0.000037
0.008907 0.005517 0.001641
-0.001965 -0.005849 -0.006708
0.002765 0.003024 0.004641
-0.021946 -0.003523 -0.004987
0.003865 0.004888 0.011412
-0.001339 -0.007491 -0.009086
0.018349 0.000733 -0.001077
-0.005880 -0.000589 0.006941
-0.013766 -0.001635 0.003318
0.005812 -0.003169 0.001313
-0.002491 0.001148 0.001257
-0.004013 0.004110 0.002623
-0.004241 0.005677 -0.001196
-0.020110 0.031598 0.000708
-0.016849 0.020206 -0.004695
0.003613 -0.000507 -0.000201
0.019573 0.006704 0.001782
-0.002101 -0.005378 -0.005668
0.004040 0.001447 0.005093
-0.021616 -0.003966 -0.004476
0.001238 0.004735 0.011812
0.001333 -0.007370 -0.009672
0.019726 0.002446 -0.000623
-0.006236 0.000307 0.007539
-0.018135 -0.006144 -0.000815
0.003571 -0.002486 0.000765
-0.007294 0.004565 0.005260
-0.044672 -0.040522 0.002843
-0.004576 0.006343 -0.001954
0.007791 -0.001856 -0.002146
-0.016043 -0.000910 0.015771
-0.001262 0.002797 0.004560
0.008966 0.006178 0.001835
0.000185 -0.005903 -0.006282
-0.024524 0.001976 0.044612
-0.022869 -0.002892 -0.005224
0.000006 0.006113 0.011330
0.005116 -0.007747 -0.010921
0.017865 0.000683 -0.000102
-0.005730 0.001464 0.007122
-0.011618 -0.001673 0.003510
0.004177 -0.002759 0.001391
-0.001822 0.001235 0.001289
-0.003760 0.005460 0.002286
-0.005020 0.006721 -0.000762
0.006181 -0.000864 -0.001376
0.003235 -0.000760 -0.004998
0.003883 -0.000815 -0.000149
0.009597 0.006626 0.001273
0.000158 -0.006344 -0.005967
0.002399 0.002992 0.004321
-0.026395 -0.006772 -0.004726
0.002316 0.004120 0.011459
-0.001258 -0.007414 -0.009818
0.017582 0.000735 -0.000734
-0.006002 -0.000072 0.008640
-0.010273 -0.001554 0.002799
0.003202 -0.004295 0.000386
-0.000239 0.001678 0.003177
-0.002203 0.004985 0.001829
-0.003100 0.006161 -0.002073
0.006095 -0.000365 -0.000987
-0.010053 -0.015463 -0.004693
0.004654 0.001042 -0.000004
0.005867 0.005461 0.001451
0.000120 -0.005650 -0.006752
0.004192 0.004040 0.004404
-0.027155 -0.006796 -0.000523
0.002718 0.004653 0.011796
0.002118 -0.007946 -0.009629
0.019424 -0.000376 -0.001440
-0.035724 -0.001298 0.008577
-0.012279 -0.001472 0.003570
0.003930 -0.002541 0.001350
-0.001806 0.001057 0.001238
-0.004362 0.003412 0.002413
-0.003831 0.006328 -0.001413
0.006136 -0.002336 -0.001352
0.003071 -0.000134 -0.004187
0.003679 -0.000571 -0.000403
0.009165 0.005300 0.002099
-0.001478 -0.006078 -0.006126
0.001975 0.003031 0.005112
-0.021934 -0.003420 -0.005270
0.001778 0.004988 0.011631
0.000227 -0.007498 -0.009464
0.017994 0.000513 -0.000320
-0.006448 0.000159 0.007623
-0.011629 -0.001068 0.003655
0.004491 -0.002395 0.001177
-0.002044 0.001198 0.001016
-0.004303 0.004440 0.002135
-0.002116 0.006583 -0.001181
0.007646 -0.002614 0.000587
-0.011307 -0.000870 -0.020655
-0.001544 0.003436 -0.005196
0.009400 0.004908 0.001314
-0.003801 -0.007329 -0.006512
0.001920 0.002832 0.005577
-0.019799 -0.004041 -0.004558
0.002983 0.004622 0.011919
0.004768 -0.007587 -0.011227
-0.010846 0.002071 0.040103
-0.005593 0.000804 0.008384
-0.020222 -0.001657 -0.004039
0.005878 -0.002497 0.001314
-0.002977 0.001348 0.002374
-0.001459 0.005447 0.004399
-0.004540 0.006561 -0.000904
0.006619 -0.002153 -0.000916
0.003258 -0.001593 -0.004324
0.003073 -0.000543 -0.000480
0.020221 0.005617 0.004167
-0.001947 -0.006038 -0.005751
0.002099 0.002626 0.005007
-0.027694 -0.007478 -0.009859
0.001683 0.004371 0.010871
0.001131 -0.007238 -0.009949
0.017932 0.001173 -0.000385
-0.006934 0.000672 0.008633
