2176.0000 0.05 1
1.875
3.75
6.25
6.25
7.5
16.25
8.75
7.5
17.5
15
14.375
16.25
25
16.25
6.25
31.25
23.125
18.125
28.75
10
10
13.125
10
10
16.25
20
25
30
37.5
19.375
23.75
27.5
13.75
26.875
20.625
29.375
21.25
41.25
44.375
30.625
37.5
55
48.125
46.25
41.875
67.5
54.375
48.125
85
93.125
98.75
124.375
137.5
135
137.5
155
181.25
150.625
158.75
201.25
175.625
176.875
232.5
251.875
268.75
237.5
233.125
281.875
292.5
310
296.25
321.25
303.125
308.75
325.625
339.375
341.25
361.25
314.375
357.5
371.25
366.25
330
359.375
336.25
378.125
311.25
295
304.375
285
272.5
255.625
231.25
253.75
249.375
298.125
208.125
250
310
295.625
314.375
311.25
308.75
301.875
248.125
296.25
308.125
297.5
324.375
275
281.25
300
273.75
320
292.5
315
250.625
298.75
349.375
321.25
315
315.625
327.5
362.5
341.875
380.625
401.875
378.125
390.625
393.125
395.625
429.375
451.25
472.5
451.25
441.875
453.75
436.875
447.5
415
406.875
428.75
383.125
359.375
314.375
355
328.75
310.625
313.75
332.5
304.375
275.625
216.25
254.375
248.125
304.375
280
246.875
272.5
221.875
321.25
287.5
328.125
302.5
303.125
291.875
283.125
298.125
350.625
290
326.25
350.625
371.875
355
259.375
291.25
211.25
289.375
345.625
266.25
265.625
265.625
258.75
237.5
245.625
246.875
262.5
331.25
236.875
226.875
238.125
226.875
177.5
250
254.375
280.625
254.375
308.125
252.5
266.25
256.875
205
203.125
270
255
326.25
344.375
343.75
355.625
273.75
367.5
293.75
512.5
534.375
513.125
423.125
366.875
261.25
231.875
202.5
169.375
115
63.125
32.5
11.875
3.75
1.25
3.75
1.25
0
0
0
0
0
0
0
0
0
0
2.5
0
