0.010748 0.002655 0.002723
-0.005630 -0.001503 0.001204
0.011211 0.003369 -0.000832
0.002079 0.000455 -0.004076
0.008248 0.002546 -0.001623
-0.000680 -0.002678 0.000081
-0.003459 -0.001969 -0.004230
-0.005002 0.004507 0.000588
-0.009348 0.000354 -0.006636
0.004524 -0.001104 -0.002133
-0.003049 -0.001778 0.004417
-0.006130 -0.002787 0.003686
-0.002377 -0.005774 0.009867
-0.002102 -0.004023 -0.007157
0.005401 0.001012 -0.004167
0.003482 -0.001412 0.001214
0.011075 0.002156 0.000908
-0.004880 -0.001237 0.008368
-0.009754 0.003694 -0.020246
-0.002791 -0.003922 -0.013575
0.008523 -0.012313 -0.018464
-0.000133 -0.048785 -0.038849
-0.008864 -0.006129 -0.011083
-0.004846 0.007376 0.002627
0.032100 0.000294 -0.037703
0.004095 -0.001130 -0.001664
-0.003672 -0.003674 0.007441
-0.007114 -0.002419 0.002702
-0.000839 -0.005334 0.010847
-0.003115 0.000248 -0.003526
0.005523 -0.000374 -0.005001
0.002696 -0.001903 0.000858
0.012032 0.004219 -0.000062
-0.006116 -0.001459 0.000252
0.011264 0.004525 -0.000397
0.002071 0.000956 -0.002032
0.008689 0.002655 -0.002795
-0.000992 -0.002906 -0.000532
-0.004876 -0.002283 -0.004902
-0.004755 0.005220 0.000245
-0.009371 0.000676 -0.006607
0.036695 -0.001952 -0.025166
-0.003277 -0.001173 0.004705
-0.005512 -0.004168 0.002621
-0.002210 -0.005458 0.009843
-0.001769 0.004872 -0.007305
0.002717 0.041035 -0.040719
0.002668 -0.001973 0.000459
0.010949 0.002386 0.000049
-0.005256 -0.001372 0.000956
0.010369 0.003982 -0.000287
0.002088 0.000370 -0.004142
0.008689 0.002444 -0.003444
-0.000694 -0.003155 0.000251
-0.003951 -0.001992 -0.004136
-0.005257 0.005147 0.000925
-0.008983 0.000451 -0.007984
0.004493 -0.001199 -0.003070
-0.003052 -0.001273 0.004328
-0.005884 -0.002669 0.001475
-0.000793 -0.004278 0.009699
-0.007861 -0.000893 0.001879
0.004093 0.006614 -0.011461
0.000806 -0.002308 0.001277
0.009827 0.002202 0.001248
-0.004923 -0.001440 0.008078
0.010017 0.004081 -0.000814
0.002595 -0.000910 -0.002937
0.008348 0.017946 -0.018568
-0.000817 -0.003853 0.000464
-0.008553 0.002091 -0.011088
-0.004902 0.011227 -0.006173
-0.009966 0.000662 -0.007752
0.003930 -0.001696 -0.001198
-0.003371 -0.008005 -0.001807
-0.005747 -0.002179 0.001690
-0.001748 -0.005529 0.010161
-0.006590 0.000233 0.000556
0.004372 0.000858 -0.004798
0.002721 -0.002049 -0.000119
0.010620 0.001744 0.001057
-0.005590 -0.001548 0.005275
0.025359 0.004558 -0.015172
0.006809 0.004885 -0.013172
0.008894 0.017833 -0.018509
-0.002119 -0.004640 0.001278
-0.002672 -0.003205 -0.003652
-0.009119 0.037412 -0.026590
-0.008737 0.000963 -0.004642
0.005136 -0.000923 -0.002918
-0.003882 -0.028937 -0.019299
-0.005368 -0.002503 0.002840
-0.000537 -0.005333 0.015079
-0.003751 0.000353 -0.000788
0.003868 0.000719 -0.005601
0.000183 -0.002561 -0.001115
0.010900 0.002201 0.001295
-0.005718 -0.001230 0.000134
0.010281 0.004115 -0.000333
0.002056 0.000956 -0.004152
0.007298 0.002584 0.006120
-0.000528 -0.002108 -0.000418
-0.007949 -0.001790 -0.009240
-0.004671 0.004848 0.000092
-0.008865 0.000797 -0.008117
0.005965 -0.000794 0.001908
-0.003396 -0.001735 0.005078
-0.007119 -0.001913 0.002911
-0.000898 -0.005978 0.009639
-0.007933 0.001493 0.001862
0.005575 0.002395 -0.002381
0.002949 -0.001915 0.000405
0.011414 0.002571 0.001358
-0.005477 -0.001299 0.005320
0.009943 0.004678 -0.001680
0.001645 0.002063 -0.002767
0.009152 -0.013744 -0.019321
-0.002297 -0.008090 -0.006880
-0.002864 -0.001370 -0.003404
-0.005274 0.007185 0.001056
-0.009151 0.000564 -0.008226
0.005138 -0.001410 -0.002620
-0.003493 -0.003519 0.005297
-0.006175 -0.002250 0.001893
-0.001935 -0.005417 0.008425
-0.006585 0.000367 0.000150
0.004230 0.000446 -0.005067
0.002712 -0.001720 0.002227
-0.013988 -0.001662 0.003153
0.004515 -0.003873 0.002533
-0.001545 0.001134 0.002417
-0.004510 0.003964 0.002095
-0.003754 0.007249 -0.000707
0.006100 -0.001572 0.000763
0.004154 -0.000509 -0.005307
0.003306 0.000226 -0.001099
0.009545 0.005490 0.001183
-0.001098 -0.007140 -0.005213
0.002261 0.002611 0.006079
-0.022204 -0.005722 -0.004591
0.003767 0.005679 0.012260
-0.000421 -0.007221 -0.009429
0.014826 0.005033 -0.005517
-0.005848 0.000311 0.006087
-0.014264 -0.000349 0.004851
0.000685 0.000178 -0.004903
-0.002610 0.001050 0.002168
-0.004265 0.003927 0.003390
-0.004154 0.007745 -0.000301
0.001285 0.003286 -0.010703
0.002108 -0.000674 -0.035962
0.007251 -0.004852 -0.010154
0.010062 0.004874 0.002028
0.002410 -0.001020 -0.011998
0.001679 0.002695 0.008504
-0.022856 -0.004092 -0.003818
0.000846 0.005954 0.013316
0.018906 -0.007489 -0.028189
0.016622 0.000929 -0.000199
-0.006192 -0.000006 0.006872
-0.011645 -0.001142 0.001557
-0.000413 -0.000893 -0.003640
-0.025198 0.001286 -0.012469
-0.003778 0.003977 0.002557
0.001531 0.002240 -0.007454
0.005986 -0.000980 -0.001612
0.004250 -0.001057 -0.005346
0.002953 0.000542 0.000819
0.011478 0.005756 0.007284
0.004115 -0.002082 -0.011775
0.002694 0.003481 0.006163
-0.025994 -0.008356 -0.012611
-0.001822 0.002624 0.006686
-0.000630 -0.007961 -0.009606
0.014501 -0.003409 -0.005624
-0.028618 0.001992 0.505999
-0.013778 -0.001500 0.003772
0.004773 -0.002625 0.001144
-0.001745 0.000914 0.002093
-0.003915 0.003802 0.002188
-0.003172 0.006970 -0.001462
0.005952 -0.001515 -0.001524
0.004424 -0.000796 -0.003535
0.002834 0.000264 -0.001179
0.009650 0.005330 0.003205
-0.000837 -0.006850 -0.006204
0.002806 0.003029 0.005651
-0.023364 -0.003073 -0.004430
0.003509 0.004391 0.011474
-0.000715 -0.007409 -0.011071
0.019961 0.001983 0.002379
-0.006348 0.000305 0.020066
-0.014149 -0.002449 0.005067
0.005058 -0.004013 0.001983
-0.002513 0.001486 0.002400
-0.004199 0.004280 0.001527
0.000809 0.002309 -0.007655
0.006337 0.000419 -0.000429
0.004373 -0.000831 -0.006568
0.002131 -0.000899 -0.000058
0.009949 0.005943 0.001805
-0.001529 -0.007258 -0.005027
0.003369 0.002904 0.005105
-0.021982 -0.004350 -0.006013
0.002115 0.004686 0.011765
-0.000182 -0.007473 -0.011686
0.019231 0.000776 0.000776
-0.005847 0.000542 0.006975
-0.008821 0.002942 -0.002468
0.002920 -0.004036 0.004165
-0.002195 0.001438 0.003159
-0.005957 0.004649 -0.000024
-0.003623 0.006525 -0.001271
0.010338 -0.005339 -0.010638
0.004083 -0.000982 -0.033223
-0.000143 0.004691 -0.008595
0.009496 0.005630 0.002271
-0.000394 -0.006372 -0.005888
-0.014456 0.002675 -0.006418
-0.022581 -0.004230 -0.006315
-0.002267 0.002419 0.007428
-0.023071 -0.007443 -0.030808
0.019797 0.001031 0.000869
-0.006128 0.000649 0.007027
-0.007474 -0.001636 -0.003128
0.003188 -0.003836 0.002942
-0.003885 0.000745 0.005539
-0.005672 0.004204 0.002701
-0.001907 0.007724 0.000874
0.005930 -0.000836 -0.001800
0.004437 -0.000919 -0.003344
0.003232 0.000792 -0.001156
0.010263 0.005616 0.003906
0.000076 -0.007110 -0.005040
0.003094 0.003040 0.005662
-0.017817 0.001044 -0.014767
0.000931 0.006330 0.014028
-0.000748 -0.007946 -0.010295
0.019721 0.000230 0.002043
-0.006039 0.000293 0.003880
-0.009023 -0.006341 -0.002770
0.004979 -0.002616 0.001618
-0.001947 0.001751 0.003343
-0.004227 0.004027 0.003753
-0.002672 0.006967 -0.000748
0.005256 -0.002830 -0.000277
0.004232 -0.000853 -0.006809
0.003409 0.002028 -0.000044
0.009514 0.005624 0.002360
-0.000894 -0.006129 -0.005794
0.003187 0.003020 0.005966
-0.022622 -0.004304 -0.006085
0.002761 0.005587 0.012686
0.000209 -0.007264 -0.011506
0.018666 0.000887 0.000831
-0.006341 0.000099 0.007026
