2176.0000 0.05 1
1.875
3.75
6.25
6.25
7.5
16.25
8.75
7.5
17.5
15
14.375
16.25
25
16.25
6.25
31.25
23.125
18.125
28.75
10
10
13.125
10
10
16.25
20
25
30
37.5
19.375
22.5
28.75
13.75
26.875
20.625
29.375
21.25
42.5
43.125
30.625
37.5
55
48.125
46.25
41.875
67.5
55.625
48.125
84.375
92.5
97.5
123.125
140
135
138.125
153.75
180.625
151.875
159.375
199.375
176.875
176.25
230
255
267.5
240
230.625
281.875
293.75
311.875
294.375
321.25
303.75
311.25
323.75
339.375
340.625
361.875
316.25
355
370.625
368.125
330
358.75
334.375
377.5
312.5
295
301.875
288.125
274.375
253.125
233.75
248.125
252.5
301.875
204.375
248.75
312.5
294.375
320.625
307.5
310
298.125
249.375
295
310
295.625
330
271.25
278.75
303.75
270.625
320
293.125
317.5
248.75
296.25
353.125
320.625
313.125
316.25
325.625
364.375
342.5
381.875
401.25
377.5
390.625
391.875
394.375
431.875
453.125
470.625
453.125
440
451.25
439.375
448.125
414.375
408.75
426.875
382.5
358.125
316.25
353.75
328.125
311.875
315.625
328.75
306.875
274.375
217.5
253.75
251.25
300
280.625
248.125
271.25
227.5
316.875
287.5
331.875
300.625
301.25
290
286.875
296.25
351.25
288.125
326.875
351.25
372.5
356.875
258.125
288.125
211.875
290
346.25
265
264.375
267.5
258.125
236.875
247.5
247.5
263.75
328.75
237.5
228.75
236.875
226.25
178.75
247.5
255
281.25
256.875
307.5
253.75
261.875
257.5
205
205.625
268.125
253.75
326.25
344.375
345.625
353.125
275
367.5
296.25
510.625
536.875
508.125
425.625
367.5
257.5
232.5
205.625
165.625
120
61.25
31.25
11.25
4.375
1.875
3.125
1.25
0
0
0
0
0
0
0
0
0
0
2.5
0
