0.010869 0.002532 0.000387
-0.006604 -0.001482 0.001393
0.011348 0.004042 -0.000963
0.002267 0.001028 -0.004111
0.008499 0.002544 -0.002848
-0.000830 -0.002634 -0.000567
-0.004829 -0.002575 -0.004324
-0.005040 0.005845 -0.000864
-0.008233 -0.018803 0.013499
0.005036 -0.001139 -0.001479
-0.000042 -0.001136 0.006921
-0.006065 -0.002267 0.001456
0.001873 -0.002143 0.013532
-0.005760 0.000569 0.000246
0.004808 0.001382 -0.004359
0.001887 0.030685 0.022182
0.010394 0.001093 0.000217
-0.006267 -0.001505 0.000155
-0.024420 0.003550 0.023865
-0.002113 -0.003355 0.002322
0.009929 0.002215 -0.003963
-0.000854 -0.003634 -0.001555
-0.004892 -0.002378 -0.003941
-0.002904 0.004678 -0.000081
-0.008786 0.000605 -0.006329
0.004659 -0.001991 -0.002297
-0.001296 -0.001415 0.004251
-0.003110 -0.006674 0.006809
0.005145 -0.004896 0.016636
0.008552 0.000014 0.014892
0.009024 0.004508 0.002652
0.002511 -0.002781 0.001108
0.015576 0.006030 0.007146
-0.004394 -0.001275 -0.000179
0.012099 0.003445 -0.001028
-0.001883 -0.003254 0.002382
-0.033498 0.002549 0.030052
-0.006559 0.001214 0.010045
-0.004715 -0.001785 0.024005
-0.004340 0.004844 0.003039
-0.008052 0.020468 0.014043
0.025421 -0.000997 0.018181
-0.003294 -0.002572 0.003277
-0.002365 -0.005670 0.009037
0.001875 -0.009815 0.013529
-0.005979 0.000120 0.000115
0.005214 0.000939 -0.006448
0.002562 -0.001410 0.001513
0.010448 0.002293 0.001557
-0.006314 -0.001398 0.001006
0.010559 0.004395 0.000019
0.002019 0.000936 -0.003270
0.009892 0.002551 -0.002200
-0.001728 -0.005124 -0.000736
-0.004531 -0.002712 -0.004902
-0.004988 0.005953 0.001216
-0.008335 0.013968 0.006773
0.004561 -0.001078 -0.000960
-0.003357 -0.002380 0.004387
-0.006178 -0.002530 0.002270
-0.002439 -0.004084 0.007969
-0.005489 0.000274 -0.000249
0.004145 0.001205 -0.004746
0.002631 -0.002207 -0.001447
0.014222 0.006150 0.005783
-0.006472 -0.001567 0.000236
0.011574 0.004241 -0.000155
0.002247 0.001726 -0.004360
0.009605 0.002530 -0.003836
-0.001232 -0.003845 0.000163
-0.004765 -0.001632 -0.003947
-0.005214 0.005673 0.000611
-0.008329 0.000578 -0.008282
0.004646 -0.000042 -0.002473
-0.003450 -0.002308 0.004969
-0.006135 -0.001798 0.001373
-0.002361 -0.005378 0.009106
-0.004903 0.000399 -0.000039
0.003815 0.002691 -0.005505
0.002409 -0.002934 0.000127
0.010412 0.001947 0.001620
-0.005350 -0.001213 0.001172
0.010397 0.004351 -0.001889
0.001368 0.001260 -0.005047
0.008443 0.002297 -0.003003
-0.001585 -0.002962 0.000067
-0.004619 -0.002331 -0.005601
-0.006742 0.006175 0.000038
-0.008091 0.000551 -0.018783
0.005124 -0.001081 -0.000971
-0.004775 -0.002949 0.003908
-0.004425 -0.001038 -0.000166
-0.001566 -0.005479 0.009405
-0.019372 0.000323 0.015531
-0.001504 -0.003615 0.004495
0.002596 -0.002230 0.000695
0.011859 0.001441 -0.001784
0.027127 -0.002069 0.024833
0.010728 0.003724 0.000046
0.000729 0.002381 -0.005369
0.007620 0.002929 -0.003904
0.002862 -0.006506 0.007651
-0.003394 -0.003298 0.023479
-0.005189 0.005867 0.000632
-0.008326 -0.018336 0.012816
-0.010481 -0.000986 0.013046
-0.003286 -0.002418 0.005508
-0.005813 -0.001180 0.000519
-0.002592 -0.006606 0.007930
-0.005757 0.000543 -0.000495
0.005475 0.000823 -0.004103
0.003008 0.001735 0.003908
0.012394 0.000930 -0.001386
-0.005471 -0.001475 0.001264
0.010829 0.004834 0.000392
0.002713 0.000465 -0.002928
0.008461 0.002802 -0.002741
-0.001845 -0.003051 -0.000484
-0.004681 -0.002093 -0.005556
-0.004805 0.006069 0.000586
-0.008702 0.000412 -0.006726
0.005449 -0.001305 -0.001027
-0.003266 -0.002606 0.004856
-0.006075 -0.002282 0.002309
-0.002185 -0.005630 0.009418
-0.005969 0.000516 -0.000129
0.004574 0.000440 -0.005253
0.002385 -0.002544 0.000296
-0.012546 -0.001705 0.003617
0.004028 -0.002986 0.001669
-0.002636 0.000949 0.002785
-0.004654 0.004022 0.002953
-0.003252 0.004659 -0.001893
0.001477 0.003672 0.005218
0.007145 -0.005109 0.000683
0.003291 0.001353 0.000897
0.009623 0.005481 0.001174
-0.000228 -0.004916 -0.006540
0.001946 0.004145 0.000605
-0.022265 -0.002831 -0.006195
0.002862 0.004287 0.011022
-0.003034 -0.012061 -0.005522
0.017731 0.000336 0.000325
-0.005610 0.000281 0.007374
-0.012750 -0.000765 0.004331
0.004035 -0.002720 0.004544
-0.001691 0.001979 0.001852
-0.004226 0.004850 0.002863
-0.003331 0.006699 -0.001466
0.002190 0.003828 0.004244
0.004166 -0.000697 -0.003339
0.002945 -0.000001 -0.001462
0.007898 0.004952 0.000900
-0.000301 -0.005717 -0.007136
0.002293 0.002899 0.006080
-0.023125 -0.029504 0.008415
0.000312 0.003942 0.011179
-0.000523 -0.007230 -0.009036
0.016488 0.000798 -0.007124
-0.009946 0.004514 0.013272
-0.006132 -0.008904 -0.464046
0.006451 -0.003379 0.000727
-0.003899 0.001080 -0.001888
-0.002792 -0.016412 0.011459
0.001324 0.000534 0.008703
0.005882 -0.001383 -0.001756
0.007214 0.003234 0.000764
0.001930 0.026220 0.011614
0.045845 0.005318 0.024899
0.004051 -0.000218 0.003474
0.002137 0.002957 0.002861
-0.022712 -0.003810 -0.004811
0.003392 0.005860 0.015625
-0.003589 -0.002984 -0.005089
0.017504 0.000783 0.000276
-0.006631 0.000438 0.008926
-0.012637 -0.002670 -0.007218
0.004996 -0.002721 0.001419
-0.002612 0.001466 0.001135
-0.003755 0.000779 0.005313
-0.003143 0.007785 -0.001967
0.004808 -0.002781 -0.003553
0.003073 -0.002480 -0.007153
0.002595 0.006479 0.005636
0.008423 0.005582 0.002949
-0.000434 -0.007828 -0.006764
0.002378 0.003874 0.004031
-0.022529 -0.003273 -0.005683
0.002935 0.004170 0.011753
0.000074 -0.009165 -0.012137
0.017549 0.001543 0.000740
-0.004756 0.000144 0.006918
-0.012759 -0.001867 0.004447
0.004532 -0.003112 0.000809
-0.002150 0.000417 0.001620
-0.004576 0.005296 0.001723
-0.002666 0.006096 -0.002682
0.006237 -0.002692 -0.002134
0.003503 -0.000814 -0.005014
0.003038 -0.000798 -0.001062
0.007777 0.006274 0.000886
-0.001016 -0.006365 -0.006147
0.002210 0.002923 0.005643
-0.022017 -0.005084 -0.004143
0.002425 0.004790 0.011831
0.000043 -0.007737 -0.010025
0.018308 0.000782 0.001088
-0.009591 -0.003776 0.013113
-0.012506 -0.001844 0.004551
0.005038 -0.002596 0.000851
-0.003328 0.000361 0.001979
-0.004022 0.004152 0.001855
-0.003504 0.006175 -0.001316
0.004998 -0.001378 -0.002877
0.006117 -0.000597 -0.003002
0.003162 -0.000226 -0.000067
0.009621 0.005367 0.002034
-0.000943 -0.005788 -0.005294
0.002271 0.003035 0.006463
-0.023185 -0.004602 -0.007573
0.003731 0.004963 0.011552
-0.007257 -0.007608 -0.003561
0.017951 0.000495 -0.004285
-0.004998 0.001648 0.005631
-0.012291 -0.001364 0.006230
0.002792 -0.001887 0.000575
-0.003308 0.000921 0.001031
-0.003982 0.004211 -0.000992
-0.007071 0.010777 0.007342
0.006034 -0.001486 -0.000617
0.003745 0.000771 -0.006764
0.002702 -0.000095 -0.003893
0.010921 0.005704 -0.000255
-0.004838 -0.009687 0.002558
0.002553 0.003212 0.005098
-0.022773 -0.003596 -0.006388
0.002346 0.004915 0.011879
-0.000374 -0.006176 -0.011326
0.017898 0.000101 0.000174
-0.011888 0.000341 0.013647
-0.012814 -0.000725 0.004435
0.004585 -0.002841 0.001625
-0.003293 0.002320 0.002035
-0.004704 0.004981 0.001919
-0.003306 0.006208 -0.000433
0.006546 -0.001432 -0.000475
0.003384 -0.000858 -0.005025
0.003149 -0.000813 -0.001182
0.009501 0.005885 0.001939
-0.000975 -0.005802 -0.005916
0.002235 0.003075 0.005998
-0.022789 -0.007023 -0.002886
0.002510 0.004811 0.011782
0.001229 -0.007423 -0.010043
0.017781 0.000939 -0.001355
-0.004868 -0.000887 0.005846
