2176.0000 0.05 1
1.11111
4.44444
11.1111
2.22222
11.1111
4.44444
13.3333
11.1111
20
11.1111
6.66667
11.1111
24.4444
23.3333
17.7778
23.3333
26.6667
18.8889
13.3333
34.4444
16.6667
11.1111
2.22222
10
14.4444
14.4444
36.6667
37.7778
25.5556
40
11.1111
26.6667
17.7778
31.1111
24.4444
32.2222
26.6667
27.7778
40
24.4444
32.2222
46.6667
36.6667
47.7778
70
55.5556
56.6667
41.1111
80
106.667
95.5556
126.667
127.778
134.444
151.111
146.667
163.333
190
187.778
206.667
214.444
267.778
190
232.222
227.778
293.333
233.333
283.333
253.333
258.889
292.222
300
322.222
335.556
316.667
350
284.444
350
303.333
310
292.222
302.222
293.333
275.556
316.667
271.111
253.333
278.889
296.667
295.556
313.333
320
321.111
301.111
338.889
322.222
315.556
294.444
292.222
301.111
302.222
291.111
332.222
351.111
323.333
360
374.444
354.444
357.778
352.222
334.444
293.333
255.556
217.778
177.778
160
188.889
241.111
264.444
328.889
350
398.889
422.222
395.556
431.111
410
450
402.222
382.222
356.667
342.222
373.333
345.556
397.778
381.111
375.556
383.333
430
406.667
458.889
406.667
405.556
411.111
356.667
360
374.444
368.889
376.667
437.778
405.556
417.778
434.444
405.556
336.667
358.889
320
351.111
313.333
330
257.778
283.333
256.667
270
264.444
242.222
224.444
274.444
211.111
243.333
217.778
230
261.111
221.111
244.444
234.444
214.444
208.889
225.556
176.667
204.444
178.889
196.667
173.333
177.778
255.556
233.333
235.556
208.889
218.889
168.889
176.667
196.667
260
238.889
222.222
272.222
241.111
226.667
260
352.222
342.222
315.556
301.111
334.444
305.556
331.111
382.222
412.222
430
427.778
450
430
506.667
472.222
502.222
466.667
432.222
350
318.889
226.667
123.333
14.4444
1.11111
0
0
0
0
0
0
0
0
0
0
0
0
0
0
0
0
0
0
0
0
0
0
0
6.66667
0
0
2.22222
0
4.44444
4.44444
2.22222
3.33333
2.22222
0
4.44444
2.22222
6.66667
4.44444
0
2.22222
2.22222
2.22222
1.11111
2.22222
0
2.22222
0
0
2.22222
0
