-0.000088 0.011114 0.011677
-0.009866 0.001244 0.000291
0.001515 0.017095 0.001217
0.012481 0.008626 -0.003067
-0.002701 0.012715 -0.002827
-0.008776 0.000822 -0.002279
0.001045 0.003884 0.006537
0.001151 -0.015536 -0.002179
-0.005276 -0.013120 -0.001058
-0.009733 -0.006727 -0.001726
0.009931 -0.005858 -0.000258
-0.009689 -0.004098 -0.003297
0.004872 -0.007556 0.003887
0.004912 -0.019916 -0.000629
-0.003495 0.000329 0.001929
0.008110 -0.003030 0.002801
0.000295 0.010412 0.011586
-0.020309 0.011001 0.015599
-0.002073 0.019923 0.001832
0.010509 0.008476 -0.003144
0.000714 0.017108 -0.006855
-0.011065 0.000437 -0.002976
0.001025 0.004478 0.003998
0.000199 -0.015732 -0.003778
-0.005004 -0.009317 0.004728
-0.013077 -0.001703 -0.001907
0.014260 -0.006027 0.000804
-0.011650 -0.005565 -0.003368
0.004764 -0.008512 0.003910
0.005001 -0.020776 -0.000551
-0.004097 0.000505 0.001512
0.012017 -0.010940 0.003135
-0.000040 0.011148 0.013062
-0.008324 0.003220 -0.003324
-0.000865 0.019307 0.000893
0.013732 0.005672 -0.003727
-0.011639 0.015390 -0.008034
-0.007172 0.000856 -0.001849
-0.002114 0.000311 0.001884
0.000893 -0.016400 -0.000590
-0.004754 -0.009099 -0.005573
-0.011178 -0.005083 -0.001554
0.009925 -0.006047 0.000190
-0.009488 -0.008062 -0.003591
0.005354 -0.008195 0.003651
0.001933 -0.019580 -0.000831
-0.107664 -0.020102 0.000030
0.013346 -0.011139 0.002554
-0.000148 0.011278 0.012649
-0.009979 0.001847 0.001339
-0.000235 0.019909 0.001092
0.012275 0.007490 -0.000831
-0.001515 0.015806 -0.006341
-0.006197 0.002554 -0.001481
-0.000935 0.003839 0.003523
-0.000809 -0.015690 -0.002475
-0.002888 -0.011403 -0.000984
-0.010825 -0.004141 -0.001913
0.012719 -0.007695 -0.000188
-0.010443 -0.005842 -0.002940
0.003857 -0.003102 0.000627
0.004552 -0.018736 -0.000683
-0.002295 0.000986 0.002131
0.006420 -0.012234 -0.003982
-0.000340 0.011066 0.011840
-0.009354 0.001058 0.000787
-0.002556 0.018862 0.000478
0.011137 0.008954 -0.003786
-0.001280 0.017378 -0.005932
-0.009307 0.000612 -0.001546
-0.008861 0.002268 0.005830
0.001922 -0.015829 -0.002963
-0.001537 -0.009966 -0.001115
-0.011417 -0.005706 -0.002109
0.014252 -0.006013 0.001321
-0.021685 -0.005802 -0.003497
-0.006754 -0.005041 0.003337
0.001823 -0.019196 -0.000766
-0.002954 0.000895 0.000972
0.015232 -0.011141 0.002836
0.003433 0.011544 0.012599
-0.007387 0.000572 0.002505
-0.001617 0.018743 -0.000744
0.010354 0.007861 -0.002274
-0.002022 0.015451 -0.006331
-0.009727 0.000013 -0.004907
0.000005 0.003956 0.004494
-0.002307 -0.016819 -0.002272
-0.002092 -0.010584 -0.000920
-0.011679 -0.007266 -0.006254
0.010857 -0.005935 0.000732
-0.011427 -0.006099 -0.003683
0.001172 -0.012579 0.003415
0.000087 -0.019071 -0.001917
-0.000556 -0.002067 0.001764
0.014463 -0.014042 0.002526
0.007548 0.010995 0.011686
-0.011393 0.005027 0.005085
-0.060870 -0.023458 -0.083283
0.013132 0.007874 -0.003038
-0.002196 0.016136 -0.005939
-0.067042 0.036068 -0.074082
0.001583 0.001660 0.006225
-0.015325 -0.005775 -0.001960
-0.013359 -0.011702 -0.000598
-0.012285 -0.008363 0.002429
0.638300 -0.003941 0.010079
-0.029862 -0.006291 -0.002513
0.006755 -0.006263 0.003661
0.000988 -0.019318 0.000205
-0.002734 -0.001820 0.002426
0.008679 -0.023504 0.002627
-0.000377 0.010152 0.011736
-0.009371 0.000498 0.000155
-0.002872 0.019100 0.000566
-0.042286 -0.029260 0.076385
0.000944 0.015138 -0.007197
-0.009034 0.000721 -0.002176
0.000127 0.002538 0.005354
-0.000866 -0.015773 -0.002552
-0.002547 -0.012065 -0.001179
-0.023009 -0.006267 -0.001753
0.011772 -0.007019 0.001363
-0.009620 -0.006427 -0.003531
0.002057 -0.004538 0.005706
0.006064 -0.018204 -0.000811
-0.015454 -0.000046 0.000930
0.008794 -0.012141 0.008952
-0.000517 0.003659 -0.005012
0.007208 0.007414 -0.002874
-0.010957 0.010631 0.002534
0.008372 0.023604 -0.001438
-0.000709 -0.002077 -0.000234
0.001290 0.003918 -0.010771
-0.009295 -0.001930 0.000666
0.002433 0.005714 -0.000514
0.000206 0.007851 -0.001950
0.018336 -0.012563 0.002896
-0.007590 0.010146 0.002030
-0.005472 -0.001503 0.000195
0.010272 -0.005964 -0.001589
-0.003563 -0.005129 0.003478
-0.000234 -0.010315 0.002227
-0.022894 -0.022285 0.001752
0.000398 0.003692 -0.005143
0.007870 0.008449 -0.001670
-0.008766 0.011277 0.002264
0.004765 0.027723 -0.004527
-0.000345 -0.003245 -0.000818
0.002246 0.004143 -0.009867
-0.008017 -0.001053 0.003956
0.004103 0.005501 -0.000341
-0.000476 0.007063 -0.001429
0.019061 -0.011761 0.003168
-0.005210 0.010029 0.001401
-0.004503 -0.000983 0.000120
0.010121 -0.005710 -0.000812
-0.005427 -0.005327 0.004102
0.013157 -0.011055 0.001268
-0.021449 -0.011087 0.007249
-0.001301 0.003126 -0.004357
0.007476 0.005986 -0.005616
-0.011416 0.010098 0.002265
0.008117 0.022395 -0.001685
-0.000501 -0.001814 -0.000103
0.000667 0.004139 -0.009490
-0.018388 0.008325 -0.014000
0.003336 0.005588 0.000214
-0.001776 0.011536 0.000186
0.018101 -0.011272 0.003132
-0.007502 0.009988 0.002556
-0.007447 0.004481 -0.000377
-0.004266 0.050837 -0.000256
-0.003375 -0.005436 0.004418
0.012827 -0.010934 0.003159
-0.021762 -0.011196 -0.004618
-0.002840 -0.000748 -0.009418
0.007553 0.008476 -0.002019
-0.010670 0.010192 0.002028
0.007321 0.024391 -0.001559
0.000808 -0.001849 0.002247
0.004941 0.004170 -0.009847
-0.008955 -0.002801 0.000674
0.002665 0.004907 -0.000943
-0.000558 0.007284 -0.001508
0.020153 -0.010305 0.006731
-0.008817 0.012091 0.001984
-0.006196 -0.003779 0.001482
0.012244 -0.005963 -0.000033
-0.002013 -0.003930 0.004772
0.011906 -0.008816 0.002952
-0.017011 -0.011977 0.000879
-0.001012 0.003083 -0.006864
0.006728 0.007783 -0.001686
-0.009440 0.010043 0.001324
0.009615 0.026188 -0.000075
-0.000947 -0.003336 0.000884
0.001815 0.002970 -0.009096
-0.008407 -0.002577 0.000492
0.002400 0.005920 0.000913
0.002320 0.010538 -0.003238
0.016145 -0.011011 0.003327
-0.024300 0.010208 0.001644
-0.001698 -0.002680 -0.000327
0.010390 -0.006170 0.001296
-0.003122 -0.005042 0.004834
0.008993 -0.009533 0.003042
-0.016364 -0.012661 0.001057
0.001137 0.001022 -0.000841
0.006721 0.008401 -0.001324
-0.009516 0.010175 0.004030
0.008873 0.022582 0.001421
0.001099 -0.005411 -0.004958
0.001130 0.003390 -0.009655
-0.006391 -0.002850 -0.000673
0.004072 0.005182 -0.000013
0.000978 0.006935 -0.004125
0.017273 -0.010645 0.001971
-0.008076 0.010029 0.001501
-0.004244 -0.000180 -0.000299
0.012232 -0.005565 -0.001431
-0.005592 -0.005106 0.003865
0.009808 -0.009902 0.002334
-0.015394 -0.010163 0.001868
-0.007908 -0.007126 -0.022237
0.007240 0.008572 -0.003913
-0.072015 0.045211 0.071729
-0.000644 0.023280 -0.000638
-0.007856 -0.011844 0.015751
0.001133 0.005441 -0.010817
-0.010606 0.002201 -0.003936
0.001120 0.006557 -0.002520
-0.008583 0.008026 -0.003726
0.006388 -0.009239 0.004034
-0.052803 0.030214 0.004425
-0.016234 -0.001314 -0.000385
0.012845 -0.005823 0.000948
-0.022627 -0.061758 0.005091
0.000226 -0.008509 0.002549
-0.019350 -0.003661 0.001933
0.000776 0.003827 -0.007352
0.008210 0.008264 -0.002700
-0.007618 0.012817 0.001800
0.006243 0.022516 -0.002014
-0.002498 -0.006916 0.003553
0.009807 0.004587 -0.010524
-0.009066 -0.001596 0.000215
0.002881 0.004293 0.000123
-0.000903 0.008285 -0.002270
0.019236 -0.010917 -0.000307
-0.008089 0.012223 0.001834
-0.005423 -0.005576 -0.000435
0.012264 -0.005419 -0.000040
-0.002582 -0.004131 0.003329
0.011777 -0.009220 0.001872
-0.017817 -0.011528 0.001611
