2176.0000 0.05 1
1.875
3.75
6.25
6.25
7.5
16.25
8.75
7.5
17.5
15
14.375
16.25
25
16.25
6.25
31.25
23.125
18.125
30
8.75
10
13.125
10
10
16.25
20
25
30
37.5
19.375
23.75
27.5
13.75
26.875
20.625
29.375
21.25
42.5
43.125
30.625
37.5
55
48.75
45.625
41.875
67.5
54.375
48.125
85.625
92.5
97.5
124.375
139.375
134.375
138.125
155.625
180
153.125
156.25
201.25
176.25
174.375
234.375
251.25
269.375
236.25
235.625
278.125
294.375
311.25
296.875
320
301.875
311.875
323.125
340
341.25
360
318.75
356.25
373.125
363.125
328.75
361.25
332.5
378.75
313.125
294.375
302.5
287.5
275
255.625
231.25
248.75
252.5
296.25
207.5
251.875
311.25
294.375
320
307.5
307.5
301.875
248.75
295
310
293.125
328.75
276.25
276.25
305
271.875
320
291.25
315.625
250.625
298.125
351.875
316.25
316.875
316.25
326.875
363.75
342.5
380
401.25
378.125
388.125
396.25
395
431.25
450
470
453.75
441.25
453.75
435.625
448.125
416.875
406.875
428.75
380.625
358.125
316.875
354.375
328.125
313.125
315
330.625
303.75
274.375
216.25
256.25
248.75
303.75
279.375
246.875
272.5
225.625
319.375
286.875
327.5
303.125
302.5
290.625
286.25
295.625
348.75
293.125
323.125
354.375
370.625
357.5
257.5
288.125
211.875
290.625
345.625
267.5
263.125
266.875
258.75
236.875
246.875
246.25
264.375
330
237.5
226.25
237.5
226.875
177.5
248.75
256.25
281.25
255.625
308.125
252.5
263.75
255.625
206.25
206.25
266.25
255.625
326.25
344.375
343.125
354.375
276.875
366.25
295
512.5
536.875
509.375
424.375
365
259.375
235.625
203.125
164.375
119.375
58.75
33.75
10
5
1.875
4.375
1.25
0
0
0
0
0
0
0
0
0
0
3.75
0
