0.009046 0.007431 0.005590
-0.005805 -0.000872 0.000907
0.010555 0.003402 -0.000800
0.001179 0.000986 -0.003546
0.008564 0.002247 -0.003609
-0.000720 -0.003993 0.000518
-0.004850 -0.003263 -0.005167
-0.005195 0.005879 0.000765
-0.009085 0.001995 -0.008218
0.005186 -0.002248 -0.002639
-0.003775 -0.002283 0.005044
-0.006170 -0.002517 0.001988
-0.001650 -0.005252 0.009928
-0.005846 0.000488 -0.001323
0.004783 0.000908 -0.004073
-0.001123 0.002336 0.005423
0.012029 0.002238 0.000973
-0.005976 -0.000312 0.000383
0.010498 0.041879 0.031507
0.005580 0.005321 0.001542
0.009410 0.000877 -0.003872
-0.000358 -0.003627 -0.000115
-0.004786 -0.001873 -0.004475
-0.005456 0.006322 -0.000268
-0.008994 0.000930 -0.008942
0.005668 -0.000697 -0.002010
-0.024160 -0.002834 0.025827
-0.007043 -0.002669 0.001282
-0.001244 -0.004310 0.010138
-0.007409 -0.000165 -0.000890
0.006060 0.001773 -0.004909
-0.000019 -0.001412 0.004570
0.008510 -0.002407 0.005378
-0.004205 -0.000688 -0.000508
0.010807 0.003360 -0.000528
0.003515 0.000999 -0.002940
0.004095 0.005512 0.002168
-0.020727 -0.004157 0.019263
-0.009709 -0.006762 0.006150
-0.004929 0.005550 -0.004268
-0.014020 0.004469 0.002616
0.010785 -0.005734 0.007962
-0.003875 -0.002624 0.004840
0.032334 -0.002261 0.039670
-0.002678 -0.036995 0.035343
-0.008406 -0.000804 0.000417
0.007598 0.001063 -0.011092
-0.001175 -0.006400 0.005880
0.011301 0.003463 -0.000351
-0.005897 0.000194 0.000056
0.010671 0.003039 -0.000741
0.001237 0.000642 -0.004257
0.008640 0.002024 -0.002991
-0.000351 -0.003118 0.001120
-0.004828 -0.000316 -0.005585
-0.005106 0.005721 -0.000619
-0.008650 -0.000930 -0.008459
0.005098 0.000272 -0.003014
-0.003369 -0.002373 0.005016
-0.006983 -0.002324 0.002895
-0.001923 -0.006169 0.010341
-0.005470 0.000367 -0.000037
0.004145 0.001480 -0.006027
0.002938 -0.000857 -0.000761
0.009747 0.001994 0.001419
-0.001274 -0.004268 0.006028
0.010446 0.004355 0.000699
0.005581 -0.003535 0.001691
0.004372 0.003830 0.000636
-0.000275 -0.002812 -0.000182
-0.005145 -0.002245 -0.005761
-0.005392 0.005827 0.000087
-0.008849 0.000346 -0.007641
0.005430 -0.001215 -0.003492
-0.003900 -0.002641 0.005652
-0.006658 -0.002422 0.001326
-0.001576 -0.004404 0.008861
-0.005268 -0.000164 -0.000083
0.004702 0.001145 -0.005329
0.003116 -0.001674 0.000127
0.011781 0.002372 0.000909
-0.005628 -0.001040 0.001415
0.010842 0.004668 -0.002979
0.001326 0.001757 -0.005065
0.009149 0.002128 -0.002649
-0.002041 -0.002910 0.000503
-0.004561 -0.002367 -0.004226
-0.004697 0.005085 -0.000096
-0.008953 0.000790 -0.006658
0.005144 -0.000940 -0.001800
0.011430 -0.001833 0.019817
-0.006130 -0.002854 0.002243
-0.001643 -0.004737 0.008879
-0.004190 0.000653 -0.001100
0.003778 0.000697 -0.005528
0.001540 -0.001835 0.000524
0.011579 0.000688 -0.000976
-0.001098 -0.004423 0.005990
0.010586 0.002899 0.000866
0.005310 0.000292 0.000926
0.007361 0.001541 -0.005382
0.019682 -0.002611 0.020844
-0.001190 0.001913 0.004936
-0.005217 0.005870 -0.000948
-0.004803 -0.003309 0.001746
0.002044 0.002794 0.006407
-0.003352 -0.002376 0.005807
-0.006553 -0.001684 -0.000429
-0.001984 -0.005617 0.005916
-0.005561 0.000400 -0.000244
0.005786 0.000621 -0.007462
0.003148 -0.002509 -0.000798
0.008080 0.002546 0.004844
-0.004585 -0.000285 -0.000372
0.009210 0.005726 0.000698
0.002093 -0.000353 -0.004325
0.007428 0.001321 -0.005056
-0.002331 -0.003074 -0.000352
-0.004896 -0.002289 -0.003460
-0.005056 0.006354 -0.000022
-0.008592 0.000775 -0.007095
0.005525 -0.001163 -0.001578
-0.003290 -0.002063 0.005427
-0.006773 -0.002464 0.002358
-0.001618 -0.004934 0.008783
-0.005865 0.000531 -0.000165
0.003937 0.001496 -0.005693
0.003281 -0.001987 0.000769
-0.012448 -0.001525 0.002538
0.004802 -0.002638 0.001518
-0.003078 0.001021 0.001623
-0.005230 0.003805 0.002481
-0.003392 0.028915 0.022035
0.006958 -0.001549 -0.001762
0.004305 -0.000635 -0.005315
0.003017 0.000398 -0.000915
0.009822 0.004626 0.003344
-0.000541 -0.006166 -0.006797
0.002502 0.003029 0.005136
-0.023684 -0.004269 -0.005127
0.002949 0.004269 0.012214
-0.000514 -0.007160 -0.007654
0.017481 0.001703 -0.000486
-0.006454 -0.000529 0.006560
-0.012864 -0.001168 0.003231
0.004816 -0.001262 -0.004567
-0.002883 0.001555 0.002540
-0.004626 0.003993 0.002787
-0.003870 0.006306 -0.002204
-0.002197 -0.000999 0.002024
0.001611 -0.003946 -0.001099
0.003462 0.000389 -0.001484
0.009844 0.006048 0.001367
-0.001085 -0.006408 -0.005121
0.003175 0.002744 0.005040
-0.020063 -0.008193 -0.000951
0.002397 0.005180 0.013882
-0.000894 -0.007905 -0.010536
0.018300 0.001164 -0.001076
-0.006475 -0.001464 0.006363
-0.011803 -0.000548 0.006766
0.004317 -0.002242 0.002027
-0.004496 0.000900 0.004721
0.012024 0.004432 0.011173
-0.003923 -0.016326 0.022099
0.006256 -0.000587 -0.001510
0.000487 -0.004339 0.000526
-0.030945 -0.000080 0.030603
0.009496 -0.017680 0.017519
-0.003190 -0.005944 0.020848
0.003196 0.002547 0.008326
-0.016393 -0.004402 0.001401
-0.006759 0.003797 -0.448379
0.000575 0.011301 0.001056
0.023514 0.004885 0.009621
-0.002964 0.004674 0.012663
-0.012722 -0.001305 0.003273
0.004535 -0.002801 0.001705
-0.002698 0.001228 0.003197
-0.005218 0.003980 0.003376
-0.004093 -0.010970 0.015838
0.005969 -0.001048 -0.001080
0.004462 -0.000737 -0.004363
0.003931 -0.000124 0.000290
0.010061 0.003140 0.005595
-0.001103 -0.005877 -0.006429
0.002197 0.002913 0.005848
-0.023472 -0.003981 -0.005425
0.003068 0.004264 0.001108
-0.000240 -0.004869 -0.005983
0.017674 -0.000565 -0.000777
-0.005967 0.000213 0.007768
-0.011392 -0.001153 0.002500
0.004939 -0.003670 -0.004016
-0.003769 0.001616 0.002438
-0.004238 0.003684 0.002747
-0.003865 0.006338 -0.000295
0.006792 -0.001307 -0.001121
0.005111 0.000867 -0.005694
0.004465 0.000928 -0.001722
0.009439 0.005973 0.000685
-0.000850 -0.005429 -0.005202
0.002418 0.002532 0.005864
-0.019744 0.000372 -0.000685
0.001899 0.004606 0.013988
-0.000460 -0.008248 -0.009920
0.018219 0.000320 0.000669
-0.001984 0.004092 0.012122
-0.012255 -0.001919 0.002925
0.004653 -0.001799 0.001064
-0.002764 0.001180 0.002354
-0.004677 0.003523 0.001681
-0.003334 0.006413 -0.000567
0.004437 -0.001500 -0.003841
0.002520 0.000183 -0.006452
0.003727 0.000282 -0.000521
0.009877 0.006998 0.001333
-0.001016 -0.006039 -0.007691
0.001130 0.003213 0.004954
-0.022640 -0.005645 -0.007185
0.001914 0.004308 0.013926
-0.000956 -0.008409 -0.009361
0.017954 0.000919 0.001210
-0.006295 -0.000021 0.007698
-0.012703 -0.001175 0.002945
0.004690 -0.002722 0.002294
-0.002709 0.001223 0.001810
-0.002806 0.004176 -0.001326
-0.003506 0.023200 0.015890
0.006559 -0.001007 -0.001070
0.003117 0.000119 -0.007002
0.002158 0.000021 -0.004026
0.009903 0.003736 -0.002043
-0.000367 -0.005935 0.021573
0.002028 0.002792 0.005389
-0.020756 -0.003839 -0.004393
0.002136 0.004693 0.015192
-0.000266 -0.006154 -0.013905
0.014544 -0.002875 0.007700
-0.004483 -0.000576 0.005474
-0.014074 -0.002014 0.002394
0.004588 -0.003637 0.000931
-0.002060 0.001250 0.001814
-0.005629 0.003615 0.001347
-0.003470 0.006261 -0.013813
0.006821 -0.001431 -0.000401
0.004657 -0.000656 -0.004390
0.003215 0.000571 -0.000355
0.009695 0.006457 0.002254
-0.000881 -0.005851 -0.007801
0.002305 0.003360 0.005660
-0.022607 -0.002702 -0.007372
0.003202 0.004782 0.013425
0.000531 -0.008831 -0.010672
0.017732 0.000629 0.000834
-0.004500 -0.000157 0.006120
