2176.0000 0.05 1
1.11111
4.44444
11.1111
2.22222
11.1111
4.44444
13.3333
11.1111
20
11.1111
6.66667
11.1111
24.4444
23.3333
17.7778
23.3333
28.8889
16.6667
13.3333
34.4444
16.6667
8.88889
4.44444
10
14.4444
16.6667
34.4444
40
23.3333
40
11.1111
26.6667
17.7778
31.1111
24.4444
32.2222
28.8889
25.5556
40
24.4444
32.2222
46.6667
36.6667
47.7778
70
57.7778
54.4444
41.1111
80
108.889
93.3333
126.667
127.778
138.889
148.889
144.444
161.111
192.222
187.778
206.667
214.444
267.778
192.222
230
232.222
288.889
235.556
281.111
253.333
263.333
287.778
304.444
315.556
337.778
318.889
350
284.444
347.778
300
313.333
296.667
300
293.333
275.556
314.444
271.111
251.111
287.778
292.222
295.556
314.444
315.556
322.222
303.333
338.889
322.222
314.444
295.556
290
301.111
304.444
288.889
332.222
360
313.333
360
375.556
361.111
351.111
352.222
336.667
297.778
253.333
213.333
175.556
162.222
191.111
238.889
264.444
333.333
347.778
401.111
422.222
391.111
430
411.111
452.222
400
380
356.667
344.444
373.333
345.556
396.667
383.333
375.556
386.667
430
404.444
454.444
408.889
407.778
411.111
354.444
357.778
378.889
368.889
373.333
438.889
415.556
410
436.667
403.333
338.889
354.444
320
351.111
313.333
330
257.778
284.444
257.778
274.444
257.778
244.444
222.222
274.444
208.889
247.778
215.556
232.222
258.889
218.889
248.889
232.222
214.444
208.889
225.556
174.444
206.667
177.778
197.778
175.556
175.556
255.556
235.556
234.444
210
216.667
168.889
176.667
196.667
257.778
243.333
222.222
272.222
240
223.333
257.778
354.444
340
320
301.111
332.222
307.778
333.333
382.222
410
430
427.778
446.667
435.556
505.556
475.556
503.333
474.444
433.333
355.556
303.333
233.333
115.556
11.1111
1.11111
0
0
0
0
0
0
0
0
0
0
0
0
0
0
0
0
0
0
0
0
0
0
8.88889
0
0
2.22222
0
2.22222
2.22222
0
4.44444
5.55556
0
0
4.44444
2.22222
4.44444
6.66667
0
2.22222
2.22222
2.22222
1.11111
2.22222
0
0
2.22222
0
2.22222
0
