-0.000599 0.010573 0.012274
-0.008417 0.000723 -0.000191
-0.002626 0.039865 -0.003031
0.012800 0.007417 -0.002479
-0.002046 0.016084 -0.006662
-0.007177 -0.000360 0.002813
-0.000160 0.002841 0.004185
0.000307 -0.015903 -0.001492
-0.003608 -0.011731 -0.001181
-0.012594 -0.005031 -0.004423
0.006898 -0.006307 -0.005968
-0.009582 -0.005952 -0.003286
0.004272 -0.007084 0.003935
0.003825 -0.019330 -0.002065
-0.003624 0.000396 0.002490
0.013509 -0.010689 0.003226
-0.001737 0.010969 0.012149
-0.007656 0.001444 -0.000938
-0.002279 0.019431 0.000596
0.011290 0.013065 -0.006892
-0.000381 0.016908 -0.005900
-0.008535 0.000670 -0.003620
-0.000204 0.003249 0.003648
0.000073 -0.015832 -0.002069
-0.002933 -0.012110 -0.001043
-0.011258 -0.004989 -0.000756
0.011447 -0.006583 0.001617
-0.009719 -0.006363 -0.004391
0.004413 -0.008121 0.003767
0.004210 -0.019200 -0.000695
-0.004401 0.000555 0.001221
0.013802 -0.011538 0.002178
-0.001167 0.011220 0.011410
-0.008637 0.001310 0.000960
-0.000761 0.018091 0.000206
0.010833 -0.012833 -0.005883
-0.001226 0.015441 -0.005956
-0.009070 -0.000154 -0.002531
0.000245 0.001673 0.004375
0.000222 -0.015638 -0.002026
-0.004140 -0.010547 -0.001203
-0.011415 -0.005339 -0.001012
0.011226 -0.006842 0.000953
-0.009702 -0.006148 -0.002828
0.004217 -0.006996 0.001841
0.002333 -0.019023 -0.001097
-0.003808 0.000587 0.002749
0.013598 -0.011579 0.003790
0.002980 0.008350 0.011642
-0.008779 0.002319 0.000436
-0.001553 0.018990 0.001173
0.012974 0.008046 -0.002502
-0.005125 0.013999 -0.011927
-0.008695 0.000416 -0.003371
-0.005329 0.003437 0.003797
0.000496 -0.014877 -0.001773
-0.003847 -0.011909 -0.000842
-0.011417 -0.004945 -0.001679
0.011385 -0.006518 0.000751
-0.006732 -0.004396 -0.002514
-0.000597 -0.010172 -0.001077
0.002796 -0.019273 0.000103
-0.003714 0.000578 0.003934
0.013707 -0.017056 -0.004472
-0.000713 0.011630 0.012038
-0.009080 0.001761 0.000408
-0.001654 0.014208 -0.001593
0.010351 0.009323 -0.003893
-0.001890 0.016887 -0.006699
-0.005342 0.001950 -0.001506
-0.001483 0.003921 0.004716
-0.000675 -0.015395 -0.001484
-0.003065 -0.011340 -0.000999
-0.011164 -0.004747 -0.005716
0.017222 -0.007378 -0.006751
-0.009768 -0.006281 -0.003643
0.004477 -0.008353 0.003745
0.003310 -0.019119 -0.007546
-0.004031 0.001021 0.002944
0.013899 -0.012471 0.003177
-0.001627 0.011576 0.016670
-0.010823 -0.000372 0.000048
-0.002532 0.019012 0.000607
0.011475 0.005797 -0.002766
0.000813 0.016541 -0.001643
-0.014538 0.002737 -0.006828
0.003283 0.005086 -0.002199
0.000376 -0.016128 -0.008087
-0.003534 -0.011303 0.001936
-0.011410 -0.004661 -0.000472
0.011695 -0.006852 0.002221
-0.009659 -0.006371 -0.007105
0.004308 -0.007497 0.003101
0.001581 -0.019186 -0.000947
-0.008060 -0.002461 -0.003252
0.013806 -0.011464 0.002869
-0.003078 0.006692 0.011857
-0.086217 -0.043946 -0.108417
0.000500 0.019290 0.000767
0.011730 0.008427 -0.001713
0.002895 0.015542 -0.005456
0.010025 -0.009631 -0.006306
-0.017447 -0.008181 0.001428
-0.000863 -0.014280 -0.003436
0.005715 -0.002002 0.608380
-0.011217 -0.005358 -0.000705
0.011648 -0.006130 0.000422
-0.009651 -0.006211 -0.006155
0.003756 -0.008293 0.003301
0.004702 -0.020562 -0.000860
-0.000514 0.002793 -0.003974
0.013533 -0.011228 0.004229
-0.001075 0.009783 0.017379
-0.009089 0.000668 -0.000588
-0.000665 0.019875 0.000396
0.010674 0.007863 -0.002431
0.017135 0.027670 -0.008700
-0.009946 0.000408 -0.002402
-0.001955 0.002826 0.009484
-0.000185 -0.016253 -0.001870
-0.003198 -0.010976 -0.000315
-0.011511 -0.005448 -0.001352
0.011192 -0.006457 0.000816
-0.012011 -0.007936 -0.004253
0.007500 -0.005990 -0.002115
0.003748 -0.019414 -0.000965
-0.003504 0.000679 0.001513
0.015669 -0.006209 -0.003676
0.001617 0.002598 -0.000006
0.006840 0.009592 -0.002430
-0.013947 0.009821 0.003224
0.006949 0.022767 -0.000679
-0.000366 0.001719 0.000458
0.001503 0.003811 -0.010287
-0.008021 -0.001646 0.000060
-0.050917 0.042099 -0.061248
-0.001745 0.008156 -0.001899
0.018520 -0.012487 0.003371
-0.006099 0.008625 0.001307
-0.004634 -0.001674 0.000270
0.011606 -0.005381 -0.000835
-0.007475 -0.003053 -0.002524
0.010325 -0.009323 0.002922
-0.016982 -0.011596 0.001854
0.000247 0.003261 -0.005145
0.007505 0.008159 -0.002519
-0.011027 0.010379 0.002008
0.006744 0.024443 -0.000688
0.000034 -0.003546 -0.000741
0.002410 0.003036 -0.010458
-0.008734 -0.002405 0.000541
0.003450 0.005234 -0.002012
-0.000752 0.007443 -0.002048
0.017118 -0.011247 0.001640
-0.008772 0.010431 0.002021
-0.004142 -0.001443 0.001756
0.011685 -0.005576 -0.000537
-0.003461 -0.005576 0.004683
0.009346 -0.009409 0.002737
-0.015691 -0.011916 0.001545
-0.000682 0.003228 -0.005301
0.006868 0.009113 -0.002067
-0.009902 0.011320 0.001984
0.007001 0.022724 -0.002750
0.001317 -0.002529 -0.000126
0.001123 0.005033 -0.009504
-0.008620 -0.001541 -0.000652
0.004257 0.006367 0.000509
0.000168 0.007545 -0.002617
0.018175 -0.011664 0.001461
-0.008165 0.009762 0.002745
-0.004838 -0.001492 -0.000856
0.011593 -0.005232 -0.000081
-0.003205 -0.005219 0.003150
0.010652 -0.009939 0.002209
-0.018020 -0.011649 0.001600
0.000896 0.003952 -0.005279
0.007041 0.007426 -0.002258
-0.009367 0.011638 0.002618
0.006067 0.023644 -0.001950
-0.001382 -0.003164 -0.001246
0.002764 0.005150 -0.005137
-0.008047 -0.001895 -0.000643
0.003319 0.005842 -0.000182
-0.001139 0.007639 -0.001387
0.017412 -0.008158 0.003135
-0.008544 0.009878 0.001752
-0.005318 -0.000518 0.000709
0.011238 -0.005565 0.000675
-0.004068 -0.005720 0.004370
0.010638 -0.015461 -0.004278
-0.015984 -0.011917 0.002257
-0.000182 -0.001692 -0.005153
0.007504 0.007766 -0.002850
-0.011410 0.011600 0.006626
0.007819 0.022863 -0.001630
-0.002414 -0.002759 0.005490
0.002093 0.004086 -0.010459
-0.009148 -0.001787 0.000620
0.002002 0.006729 -0.000326
-0.000190 0.007539 -0.001667
0.017594 -0.010163 0.003063
-0.011060 0.012227 0.001136
-0.005411 -0.000808 0.001408
0.011492 -0.005260 0.000579
0.001215 -0.008739 -0.003259
0.010379 -0.010333 0.002886
-0.016773 -0.011806 0.001526
-0.000310 0.000162 -0.000005
0.071777 -0.034873 -0.078542
-0.006508 0.009735 -0.002845
0.006326 0.023881 -0.001506
-0.000257 0.000534 0.005795
0.001053 0.006743 -0.005936
-0.006782 -0.000249 -0.000083
0.003033 0.006119 -0.000502
0.000047 0.006077 -0.001849
0.018120 -0.011320 0.003858
-0.007592 0.010314 -0.004710
-0.005508 -0.001087 0.001776
0.012548 -0.004924 -0.020771
-0.003595 -0.005124 0.002969
0.010212 -0.009979 0.005036
-0.016735 -0.011593 -0.004889
-0.003494 0.000867 -0.004662
0.008822 0.007538 -0.003026
-0.028322 0.019473 -0.001000
0.002757 0.105398 -0.075587
0.002132 0.001580 -0.000677
-0.002328 0.005920 -0.010235
0.054173 0.033079 -0.074790
0.003684 0.004720 0.000316
0.001944 -0.061843 -0.068331
0.018012 -0.011774 0.000950
-0.008852 0.009536 -0.002643
-0.004820 -0.000686 -0.000564
0.011316 -0.006323 -0.021504
-0.003540 -0.005642 0.002432
0.010221 -0.009511 0.001614
-0.015680 -0.013531 -0.001885
-0.000009 0.003500 -0.005952
0.006644 0.008105 -0.004079
-0.010767 0.010515 0.001479
0.007176 0.023733 -0.000774
-0.000054 -0.002815 -0.000734
0.002510 0.008701 -0.008861
-0.008566 -0.003464 0.000828
0.002790 0.005245 -0.000388
-0.000185 0.007865 -0.002541
0.019410 -0.015086 0.003300
-0.008739 0.010403 0.002160
-0.004944 -0.001172 0.001414
0.011311 -0.005404 0.000591
-0.003318 -0.005714 0.004096
0.009912 -0.004126 -0.005623
-0.017370 -0.012222 0.001611
