2176.0000 0.05 1
1.11111
4.44444
11.1111
2.22222
11.1111
4.44444
13.3333
11.1111
20
11.1111
6.66667
11.1111
24.4444
23.3333
17.7778
23.3333
26.6667
18.8889
13.3333
32.2222
18.8889
8.88889
4.44444
10
14.4444
16.6667
34.4444
40
23.3333
40
11.1111
26.6667
17.7778
31.1111
24.4444
32.2222
26.6667
27.7778
40
24.4444
32.2222
46.6667
36.6667
47.7778
70
55.5556
56.6667
41.1111
80
106.667
95.5556
126.667
127.778
136.667
151.111
144.444
163.333
190
190
200
218.889
267.778
192.222
230
232.222
288.889
237.778
278.889
253.333
263.333
287.778
302.222
317.778
337.778
318.889
352.222
282.222
350
303.333
307.778
297.778
298.889
293.333
275.556
316.667
271.111
248.889
285.556
292.222
297.778
314.444
314.444
325.556
303.333
340
316.667
315.556
296.667
292.222
298.889
303.333
292.222
330
362.222
312.222
360
374.444
363.333
348.889
352.222
343.333
291.111
248.889
217.778
177.778
160
191.111
238.889
264.444
333.333
351.111
397.778
417.778
397.778
431.111
407.778
452.222
400
382.222
358.889
342.222
373.333
343.333
398.889
381.111
381.111
378.889
430
406.667
458.889
403.333
408.889
406.667
361.111
360
372.222
368.889
380
436.667
415.556
405.556
441.111
405.556
334.444
354.444
322.222
351.111
312.222
331.111
255.556
284.444
260
272.222
257.778
244.444
222.222
276.667
208.889
244.444
216.667
234.444
258.889
221.111
244.444
232.222
214.444
208.889
225.556
176.667
210
172.222
200
173.333
177.778
251.111
237.778
233.333
212.222
215.556
168.889
176.667
196.667
262.222
238.889
222.222
274.444
240
225.556
264.444
345.556
337.778
320
305.556
327.778
310
328.889
382.222
412.222
432.222
428.889
445.556
433.333
504.444
480
503.333
475.556
431.111
351.111
312.222
220
126.667
8.88889
1.11111
0
0
0
0
0
0
0
0
0
0
0
0
0
0
0
0
0
0
0
0
0
0
6.66667
0
2.22222
0
0
2.22222
2.22222
2.22222
2.22222
5.55556
0
2.22222
4.44444
0
2.22222
8.88889
0
0
4.44444
3.33333
0
2.22222
0
0
2.22222
0
2.22222
0
