2176.0000 0.05 1
1.875
3.75
6.25
6.25
7.5
16.25
8.75
7.5
17.5
15
14.375
16.25
25
16.25
6.25
31.25
23.125
18.125
28.75
10
10
13.125
10
10
16.25
20
25
30
37.5
19.375
23.75
27.5
13.75
26.875
21.875
28.125
21.25
41.25
44.375
30.625
37.5
56.25
47.5
45.625
42.5
65.625
55.625
48.125
86.25
91.875
98.75
124.375
138.125
134.375
138.75
153.75
181.25
151.875
158.125
200.625
176.25
174.375
233.125
252.5
268.125
238.75
235.625
279.375
291.875
311.875
296.25
320
303.75
311.25
322.5
340.625
339.375
366.875
309.375
361.25
368.75
364.375
328.125
363.125
335.625
376.25
313.125
294.375
304.375
285.625
274.375
254.375
232.5
250
250.625
300
206.25
250
313.125
292.5
319.375
307.5
311.25
298.75
251.25
292.5
311.875
295
322.5
276.25
280.625
306.25
267.5
321.25
291.25
318.125
246.25
298.75
350.625
319.375
316.875
316.25
326.875
361.875
343.75
379.375
402.5
376.25
393.125
391.875
394.375
431.875
451.875
470.625
452.5
439.375
456.25
436.875
447.5
416.25
406.875
427.5
381.25
360
316.875
353.75
326.25
311.25
318.125
327.5
304.375
276.875
215
256.25
250
303.75
279.375
246.25
271.875
225.625
322.5
285
327.5
305
299.375
290.625
286.25
296.875
350.625
288.75
325.625
351.25
373.75
355.625
259.375
288.75
213.75
288.125
344.375
267.5
265.625
264.375
260
235.625
244.375
248.75
266.25
326.25
239.375
226.875
238.125
225
180.625
247.5
257.5
278.75
257.5
308.125
252.5
261.875
257.5
205.625
203.75
271.25
251.875
326.25
344.375
345.625
353.75
276.25
365
295.625
514.375
535.625
508.75
423.75
368.75
258.125
234.375
202.5
165
120.625
60.625
31.25
11.25
3.75
1.25
4.375
1.25
0
0
0
0
0
0
0
0
0
0
2.5
0
