0.011014 0.002288 0.001116
-0.005231 0.001073 0.001134
0.011367 0.003957 0.000663
0.000780 -0.001201 -0.004688
0.008801 -0.002045 -0.002640
-0.001346 -0.004930 -0.000690
-0.004610 -0.002597 -0.004620
-0.005692 0.010236 0.003595
-0.012855 0.009966 -0.003772
0.005349 0.000097 -0.002551
-0.003327 -0.002898 0.003878
-0.006402 -0.002503 0.002279
-0.001902 -0.004453 0.009352
-0.005986 0.001074 -0.000136
0.005137 0.000358 -0.005472
0.003128 -0.001669 0.000751
0.011915 0.002480 0.001327
-0.005434 -0.001348 0.001682
0.010950 0.004910 0.000003
0.000831 0.000092 -0.003353
0.008386 0.002768 -0.002742
-0.000840 -0.003939 0.000770
-0.004729 -0.001470 -0.005027
-0.004795 0.005533 -0.001084
-0.008582 0.001625 -0.007804
0.005100 -0.002110 -0.003629
-0.003745 -0.002803 0.005862
-0.006739 -0.002291 0.002127
-0.001909 -0.005266 0.009975
-0.005661 -0.000928 -0.000856
0.005347 0.000088 -0.004139
0.003364 -0.002962 0.000057
0.011814 0.001363 0.000511
0.000208 -0.593638 -0.001328
0.009738 0.004441 -0.000295
0.005972 0.006535 -0.007332
0.008226 -0.005386 -0.002945
0.000071 0.044644 -0.055373
-0.007147 -0.003406 -0.001508
-0.004864 0.005257 0.000861
-0.003296 0.010987 -0.012573
0.005266 -0.002018 -0.002314
-0.002893 0.001898 0.001400
-0.007470 -0.003035 0.003238
-0.001410 -0.004834 0.009457
-0.005720 0.001130 -0.000675
0.005221 0.000684 -0.006319
0.003559 -0.001685 0.000806
0.010665 0.002583 0.001128
-0.005362 -0.011600 0.001060
0.011173 0.003942 -0.001065
0.000877 -0.001457 -0.001550
0.008715 -0.000989 -0.002908
-0.001173 -0.000096 -0.003523
-0.004724 -0.000934 -0.004864
-0.005610 0.004281 0.000862
-0.008178 0.000337 -0.006239
0.005308 -0.000575 -0.002367
-0.004697 0.037485 -0.044192
-0.006034 -0.002290 0.002453
-0.012904 0.006153 0.008910
-0.003978 -0.000211 -0.000116
0.004002 0.001562 -0.006569
-0.046203 0.039427 0.000074
0.011667 0.002877 0.001324
-0.005228 -0.001356 0.000924
0.010481 0.003401 0.000130
0.001716 -0.000066 -0.003126
0.008681 0.002905 -0.002951
-0.001141 -0.004191 0.000193
-0.005079 -0.001462 -0.004875
-0.005008 0.005121 -0.000367
-0.008632 0.000917 -0.007889
0.005639 -0.002335 -0.001180
-0.003558 -0.003113 0.005243
-0.006790 -0.002341 0.002221
-0.001624 -0.004324 0.009293
-0.005698 0.001231 -0.000727
0.004282 0.004812 -0.002378
0.002680 -0.001762 0.000634
0.010196 0.000179 0.001521
-0.005449 -0.001450 0.000849
0.009624 -0.002388 0.000079
0.002670 -0.000069 -0.003171
0.008889 0.003525 -0.002800
-0.002002 -0.002622 -0.000341
-0.006073 -0.003366 -0.004481
-0.004785 0.006117 -0.000461
-0.008219 -0.000518 -0.007946
0.009330 0.008419 -0.006704
-0.003478 -0.002221 0.005154
0.035377 0.029972 0.003021
-0.002100 -0.005507 0.008645
-0.002420 -0.001967 0.001993
0.006116 0.034023 0.033922
0.003432 -0.002909 0.001349
0.011791 0.001546 0.001328
-0.005404 -0.000733 0.001124
0.010045 0.004215 0.000862
0.005247 0.006826 0.001645
0.008126 -0.005152 -0.002859
-0.000731 -0.004415 -0.001002
-0.004718 -0.003211 -0.004959
0.000224 0.061401 0.065790
-0.008653 0.000202 -0.009342
0.005071 -0.000341 -0.002487
-0.003104 -0.004332 0.003754
-0.007616 -0.002886 0.002927
0.015764 0.012235 0.009938
-0.006893 -0.000077 -0.000745
0.005399 0.001386 -0.005497
0.002490 -0.004004 0.000961
-0.044073 0.044589 0.000454
-0.005014 -0.001368 0.001792
0.009434 0.001828 -0.000408
0.005248 0.003999 -0.003319
0.008609 0.003876 -0.002820
-0.001896 -0.002880 0.000247
-0.003035 -0.003254 -0.005320
-0.005097 0.006190 -0.000809
-0.008449 0.002017 -0.007743
0.000103 0.009689 0.002795
-0.003469 -0.002230 0.005758
-0.005503 -0.004746 0.002060
-0.001652 -0.005484 0.009667
-0.005750 0.000549 -0.000535
0.004007 -0.000515 -0.004733
0.002387 -0.001420 0.001095
-0.012703 -0.000502 0.002898
0.003237 -0.004630 0.000526
-0.002732 0.001818 0.002405
-0.005360 0.003878 0.002637
-0.004555 0.003864 0.000515
0.002219 0.004707 0.003282
0.004913 0.014531 0.010075
0.005027 -0.002068 -0.001947
0.009628 0.006284 0.001949
0.000563 -0.008733 -0.007935
0.002712 0.002388 0.004144
-0.019930 -0.000887 -0.004789
0.003038 0.004159 0.011913
-0.001470 -0.007609 -0.008248
0.019092 0.000487 -0.000195
-0.005871 -0.000209 0.007869
-0.012755 -0.000833 0.002606
0.005193 -0.003516 -0.000008
-0.003242 0.000600 0.003692
-0.005195 0.002643 0.003060
-0.003396 0.006238 -0.001461
0.007281 -0.001640 -0.001152
0.004504 -0.001672 -0.004361
0.003987 -0.000051 -0.000615
0.010090 0.006526 0.002458
-0.001308 -0.006791 -0.007094
0.002157 0.003969 0.005290
-0.019536 0.000800 -0.001220
0.001584 0.003910 0.012787
-0.000686 -0.006437 -0.009639
0.017722 -0.000549 0.000542
-0.005925 0.002355 0.007473
-0.012691 -0.002325 0.003025
0.000486 0.002889 0.004567
-0.003118 0.002265 0.002584
-0.005029 0.004088 0.002677
-0.007604 0.012225 -0.004658
0.007359 -0.003127 0.000640
0.003817 0.014764 -0.019400
-0.000103 0.006313 -0.004364
0.010041 0.005936 0.001823
0.003401 0.000075 -0.003460
0.002205 0.002203 0.006760
-0.022041 -0.004023 -0.005153
0.001878 0.003792 0.012505
0.000259 -0.007677 -0.009674
0.016992 0.000354 0.000196
-0.005890 0.001140 0.007781
-0.012533 -0.001796 0.002845
0.004939 -0.003066 0.000650
-0.002527 0.002378 0.002402
-0.003597 0.002426 0.002419
-0.003331 0.006251 -0.001274
0.002455 0.004674 -0.005705
0.004200 0.015201 -0.020060
0.004899 -0.001605 0.000446
0.009701 0.005451 0.001832
-0.000800 -0.006001 -0.006491
-0.002187 0.011977 0.001317
-0.023366 -0.005280 -0.005288
0.004317 0.002011 0.012764
-0.001163 -0.007567 -0.010465
0.017859 0.000912 -0.000161
-0.005877 -0.000051 0.007549
-0.013216 -0.000587 0.003049
0.004770 -0.002756 0.000846
-0.002080 0.000341 0.000573
-0.004433 0.003892 0.002658
-0.002947 0.005344 0.000040
0.006750 -0.001801 -0.001398
0.004170 -0.000230 -0.004526
0.003743 -0.000794 -0.000515
0.009105 0.006566 0.001541
-0.001048 -0.005784 -0.005958
0.002181 0.003624 0.005399
-0.024074 -0.006400 -0.003570
0.002108 0.004559 0.012054
-0.000761 -0.008180 -0.009510
0.017708 0.002231 0.000392
-0.005948 0.002342 0.007782
-0.014021 -0.002098 0.002825
0.000823 0.003142 0.004996
0.000792 0.009798 0.006546
-0.005683 0.002620 0.002560
-0.005616 0.003886 -0.000853
0.004678 -0.000958 -0.001213
0.004565 -0.000505 -0.004508
0.002909 0.000856 -0.000468
0.024149 0.020537 0.001512
0.003412 -0.000483 -0.003763
0.002412 0.001449 0.005664
-0.019104 0.001098 -0.009487
0.005982 0.009364 0.009236
-0.001777 -0.014754 -0.009573
0.020532 0.002661 -0.001756
-0.005476 0.028510 0.008223
-0.014700 -0.000520 0.000432
0.005643 -0.003543 -0.000556
-0.002763 -0.000269 0.002158
0.040743 0.042617 0.002415
-0.003077 0.005553 0.000028
0.007441 -0.003427 -0.002778
0.004213 0.015365 0.011230
-0.000845 0.006837 0.003970
0.009918 0.006568 0.001720
-0.001035 -0.006857 -0.007355
0.007192 0.013103 0.010367
-0.023778 -0.004456 -0.004868
0.006653 0.010585 0.008413
0.000002 -0.007697 -0.009461
0.017689 0.001006 0.000107
-0.005858 0.000962 0.007424
-0.011297 -0.001615 0.003019
0.004118 -0.004221 -0.000170
-0.007211 0.011504 -0.002591
-0.004544 0.004059 0.002655
-0.008088 0.012791 -0.004619
0.001091 0.004673 -0.000582
0.004283 -0.010294 -0.004351
-0.000183 0.004361 -0.000861
-0.004631 0.020270 0.002424
0.000955 -0.008723 -0.007364
0.002177 0.003894 0.005682
-0.024141 -0.005958 -0.006130
0.004014 0.002151 0.012699
0.000184 -0.010029 -0.009981
0.017615 0.000163 0.000128
-0.004843 0.031102 0.007121
