2176.0000 0.05 1
1.875
3.75
6.25
6.25
7.5
16.25
8.75
7.5
16.25
16.25
14.375
16.25
25
16.25
6.25
31.25
23.125
18.125
30
8.75
10
13.125
10
10
16.25
20
25
30
37.5
19.375
25
26.25
13.75
26.875
21.875
28.125
21.25
41.25
44.375
30.625
37.5
55
48.75
44.375
44.375
66.25
54.375
48.125
85
93.125
97.5
126.875
136.875
133.125
138.75
155
181.875
151.25
157.5
201.25
176.25
174.375
233.75
252.5
268.75
236.25
236.875
276.875
293.75
310
297.5
320.625
301.25
311.25
323.75
341.25
335.625
365.625
315.625
354.375
371.875
368.125
327.5
362.5
331.25
378.75
314.375
296.25
300.625
288.75
272.5
253.125
233.125
247.5
256.25
296.875
207.5
249.375
311.875
295
315.625
308.75
311.25
299.375
250.625
293.125
307.5
300
323.125
275
283.125
299.375
275
318.75
292.5
315.625
245.625
302.5
351.25
319.375
314.375
315.625
328.75
361.875
343.75
381.875
395.625
381.875
389.375
391.25
400
428.125
448.75
474.375
453.125
441.25
449.375
440.625
446.875
419.375
401.25
433.125
380
355.625
320
353.75
328.75
308.75
314.375
331.875
303.75
277.5
216.875
255
250
302.5
278.125
249.375
269.375
225
319.375
289.375
328.125
300.625
304.375
291.875
282.5
301.25
345
293.75
321.25
354.375
371.25
356.25
261.25
286.875
214.375
290.625
343.75
266.875
264.375
265
260.625
236.25
245
249.375
262.5
326.875
239.375
228.125
237.5
225
180
248.75
255
281.25
253.75
306.25
255
265
257.5
204.375
204.375
269.375
255.625
325
344.375
342.5
355.625
274.375
368.75
291.25
513.125
536.875
511.875
424.375
366.25
259.375
234.375
203.125
163.75
120
62.5
33.75
10
3.75
1.25
5
1.25
0
0
0
0
0
0
0
0
0
0
2.5
0
