2176.0000 0.05 1
1.11111
4.44444
11.1111
2.22222
11.1111
4.44444
13.3333
11.1111
20
11.1111
6.66667
11.1111
24.4444
23.3333
17.7778
23.3333
26.6667
18.8889
13.3333
32.2222
18.8889
11.1111
2.22222
10
14.4444
16.6667
34.4444
37.7778
25.5556
40
11.1111
26.6667
17.7778
31.1111
24.4444
32.2222
26.6667
27.7778
40
24.4444
32.2222
46.6667
36.6667
47.7778
70
55.5556
56.6667
41.1111
80
108.889
93.3333
126.667
127.778
136.667
151.111
146.667
158.889
192.222
192.222
202.222
212.222
270
192.222
230
232.222
288.889
237.778
278.889
253.333
261.111
293.333
298.889
317.778
340
316.667
352.222
282.222
350
301.111
312.222
292.222
302.222
293.333
273.333
318.889
271.111
251.111
281.111
294.444
297.778
314.444
314.444
325.556
307.778
335.556
318.889
313.333
296.667
292.222
296.667
306.667
291.111
332.222
357.778
317.778
357.778
377.778
356.667
353.333
350
343.333
291.111
251.111
215.556
180
157.778
188.889
243.333
262.222
328.889
356.667
395.556
414.444
400
431.111
412.222
450
400
382.222
356.667
342.222
373.333
345.556
398.889
380
378.889
382.222
427.778
408.889
456.667
410
404.444
411.111
354.444
360
374.444
373.333
377.778
432.222
417.778
410
438.889
398.889
341.111
352.222
322.222
351.111
312.222
328.889
257.778
286.667
260
272.222
255.556
244.444
222.222
276.667
211.111
241.111
217.778
232.222
261.111
223.333
242.222
232.222
214.444
208.889
227.778
178.889
205.556
173.333
198.889
173.333
176.667
254.444
237.778
228.889
214.444
215.556
170
175.556
196.667
262.222
238.889
224.444
273.333
238.889
225.556
260
350
342.222
315.556
303.333
330
307.778
335.556
380
416.667
425.556
427.778
446.667
433.333
505.556
473.333
501.111
476.667
418.889
352.222
315.556
227.778
126.667
13.3333
1.11111
0
0
0
0
0
0
0
0
0
0
0
0
0
0
0
0
0
0
0
0
0
0
2.22222
2.22222
2.22222
2.22222
0
4.44444
2.22222
2.22222
2.22222
5.55556
0
0
4.44444
4.44444
2.22222
6.66667
0
2.22222
2.22222
2.22222
1.11111
2.22222
0
0
2.22222
0
2.22222
0
