2176.0000 0.05 1
1.875
3.75
6.25
6.25
7.5
16.25
8.75
7.5
17.5
15
14.375
16.25
25
16.25
6.25
31.25
22.5
18.75
28.75
10
10
13.125
10
10
17.5
18.75
25
30
37.5
19.375
25
26.25
13.75
26.875
20.625
29.375
21.875
41.875
43.125
30.625
38.75
55.625
46.25
46.25
44.375
65
55.625
48.125
84.375
92.5
98.75
123.125
138.75
135
138.75
154.375
180
153.75
156.875
199.375
178.125
174.375
231.25
254.375
267.5
237.5
235.625
279.375
295
308.125
297.5
320.625
303.75
312.5
322.5
339.375
340.625
363.125
316.25
352.5
374.375
361.875
332.5
358.75
336.25
375.625
315
293.75
301.875
287.5
273.75
255.625
232.5
250
251.25
299.375
207.5
250
310
293.75
318.75
310.625
310
298.125
248.75
292.5
308.125
298.75
326.875
275
280
303.125
271.25
321.875
290
317.5
247.5
300
352.5
315
316.875
316.25
328.75
363.125
340
381.25
400
380.625
388.125
394.375
395.625
430.625
451.875
468.75
451.875
443.75
455.625
435.625
445.625
418.125
406.875
427.5
384.375
354.375
318.75
350.625
330
308.125
320
326.875
305
278.125
215
256.25
248.75
304.375
277.5
248.125
272.5
226.875
316.25
290
330.625
297.5
306.25
286.875
285.625
298.125
348.125
291.875
324.375
351.875
373.125
355
262.5
286.875
211.875
289.375
345.625
266.25
266.875
262.5
259.375
237.5
246.25
248.75
264.375
325.625
239.375
228.75
236.875
226.25
178.75
247.5
255
282.5
254.375
308.125
252.5
265
255.625
207.5
203.125
268.75
255
326.25
343.125
346.25
354.375
276.25
365
293.75
513.75
535.625
511.25
423.75
365.625
260
235
201.25
163.75
120
61.875
33.75
11.25
4.375
1.25
3.75
1.25
0
0
0
0
0
0
0
0
0
0
2.5
0
