0.010118 0.002110 0.001773
-0.005439 -0.000817 0.001805
0.010807 0.004549 0.000937
0.002744 0.000728 -0.003302
0.008497 0.001480 -0.002141
-0.001187 -0.003626 -0.001221
-0.004824 -0.001774 -0.003423
-0.005111 0.005905 -0.001411
-0.008614 0.000214 -0.006791
0.005566 -0.001183 -0.002996
-0.003443 -0.014317 -0.008258
-0.005552 -0.002789 0.003043
-0.001531 -0.005816 0.009505
-0.005548 0.000330 -0.001252
0.005157 0.000841 -0.004995
0.000821 -0.000248 0.003031
0.010022 0.002385 0.001100
-0.005579 -0.002562 0.001459
0.009464 0.004648 0.001617
0.002424 0.000497 -0.003427
0.008316 0.003142 -0.002225
-0.001112 -0.003954 -0.000488
-0.004743 -0.002150 -0.005324
-0.005136 0.005824 0.001233
-0.007187 0.001238 -0.007646
0.005913 0.000564 -0.001940
-0.002825 -0.002309 0.012823
-0.004504 -0.001472 0.004563
-0.002620 -0.006607 0.011136
-0.005607 0.000451 -0.000720
0.005080 0.001118 -0.000802
0.006457 -0.001701 -0.003833
0.010230 0.002791 0.002154
-0.007244 0.041250 -0.034780
0.006143 0.001657 -0.005554
-0.058067 0.002715 -0.050995
0.010518 -0.048437 -0.044827
0.007788 -0.005280 0.557730
-0.005901 -0.000531 -0.004752
-0.004765 0.006899 -0.031439
-0.009605 -0.000679 -0.008826
0.004962 -0.000943 -0.001238
-0.002989 0.015098 -0.014725
-0.008363 -0.002282 0.002955
-0.002951 -0.005591 0.010809
-0.007073 0.000626 -0.000046
0.006017 0.000915 -0.005855
0.001237 -0.002862 0.002902
0.010728 0.002357 0.001026
-0.005153 0.001972 -0.002323
0.010349 0.004143 -0.000116
0.003167 0.000547 -0.003458
0.008236 -0.000699 -0.006235
-0.000932 -0.003290 0.010454
-0.004808 -0.001865 -0.005951
-0.004887 0.005920 -0.001388
-0.008599 0.000617 -0.008975
0.005013 -0.001519 -0.002812
-0.002440 0.008734 -0.007193
-0.005389 -0.002696 0.003097
-0.000655 -0.006736 0.010581
-0.005725 0.000617 -0.001484
0.004056 0.001466 -0.005920
0.004883 0.002302 -0.004130
0.010989 0.002526 0.002833
-0.005049 -0.001955 0.000922
0.010843 0.004251 -0.000298
0.002173 0.000580 -0.003647
0.008571 0.003567 -0.002731
-0.000793 -0.002778 -0.000439
-0.003212 -0.002726 -0.004084
-0.005151 0.005871 0.001082
-0.008792 0.000590 -0.008299
0.000357 0.003011 -0.013344
-0.003549 -0.002355 0.003808
-0.004539 -0.003988 0.004463
-0.001782 -0.005788 0.009608
-0.005580 0.000089 -0.001646
0.004024 0.001431 -0.002458
0.002074 -0.001770 0.001736
0.009477 0.002164 0.000998
-0.005378 -0.002044 0.001848
0.006570 0.000807 -0.005577
0.003138 -0.000245 -0.002311
0.008519 0.003751 -0.002632
-0.001578 -0.002809 -0.001074
-0.004543 -0.002343 -0.005425
-0.005063 0.005397 -0.000309
-0.009781 0.000298 -0.007570
0.004482 -0.002647 -0.002060
-0.003182 -0.002403 0.003928
-0.009777 0.000802 -0.003435
-0.006360 -0.002519 0.003712
-0.004029 0.002850 0.000888
0.004068 0.000806 0.002212
0.002072 -0.002063 0.001128
0.010546 0.002438 0.001235
-0.005290 -0.000676 0.002462
0.008712 0.004889 0.001917
0.001549 0.000524 -0.001124
0.008185 0.001850 -0.001468
-0.000729 -0.003455 -0.003462
-0.004725 -0.002000 -0.004907
-0.004637 0.004905 -0.029691
-0.008423 0.000382 -0.008577
0.005171 -0.000869 -0.003197
-0.003339 -0.019254 -0.014666
-0.008263 -0.002154 0.001658
-0.005595 -0.002212 0.003696
-0.004891 0.000503 -0.000105
0.005077 0.000745 -0.006215
0.005866 -0.006408 -0.004563
0.052314 -0.000032 -0.030223
-0.005352 -0.002535 0.001546
0.010059 0.005698 0.000564
0.003540 0.001237 -0.002678
0.008220 0.003077 -0.003140
-0.001975 -0.003447 -0.001051
-0.006012 -0.001628 -0.004024
-0.005257 0.006214 -0.000250
-0.008440 0.000810 -0.008170
0.009502 -0.005113 -0.012484
-0.003305 -0.002371 0.005101
-0.009467 -0.006023 -0.003440
-0.001767 -0.005415 0.010223
-0.005447 -0.000001 0.001249
0.003875 0.002112 -0.000162
0.001668 -0.001694 0.001331
-0.013014 -0.002789 0.003162
0.004790 -0.002609 0.000508
-0.002724 0.000947 0.001937
-0.003669 0.003530 0.002189
-0.003650 0.006308 -0.001324
0.009817 -0.005674 -0.006876
0.004466 -0.000104 -0.003779
0.002395 0.000470 -0.000170
0.009965 0.005227 0.002642
-0.000798 -0.005885 -0.006751
0.001580 0.004736 0.006250
-0.021431 -0.004261 -0.004912
0.003129 0.004461 0.010470
-0.000717 -0.006838 -0.008431
0.018251 0.000599 -0.000897
-0.006384 0.001904 0.007998
-0.012661 -0.001578 0.002498
0.005127 -0.002690 0.001124
-0.002687 0.001421 0.000720
-0.004198 0.004093 0.002210
-0.004278 0.005922 -0.002380
0.005621 -0.001187 -0.001709
0.004370 -0.001767 -0.004530
0.002920 -0.000049 -0.000415
0.009886 0.005690 0.001812
-0.001385 -0.006563 -0.005979
0.001969 0.003112 0.004690
-0.025089 -0.008237 -0.010146
0.002323 0.004642 0.011313
0.000497 -0.006615 -0.007587
0.013019 -0.003774 -0.009104
-0.005597 -0.005287 0.001368
-0.008477 -0.007529 -0.007413
0.004610 -0.002760 0.008653
-0.003922 0.001061 0.002406
-0.004110 0.003893 0.004759
-0.003871 0.006273 -0.001216
0.009614 0.003346 -0.007018
0.005255 0.046354 -0.041891
0.042625 0.001054 -0.026621
0.015382 0.008507 -0.003963
0.000448 -0.005796 -0.002564
0.006745 0.008410 -0.005404
-0.022753 -0.003979 -0.005430
0.020348 0.005016 -0.007881
0.004993 -0.011182 -0.015382
0.017657 0.000667 0.001469
-0.005578 0.000775 0.007453
-0.012060 -0.000436 0.003298
0.004855 -0.002830 0.001977
-0.002617 0.001082 0.002117
-0.003294 0.003796 0.002497
-0.003579 0.006375 -0.001616
0.004924 -0.002692 0.001867
0.003667 0.004269 -0.010682
0.002151 0.000480 -0.000854
0.009685 0.005520 0.001573
-0.000970 -0.006059 -0.005231
0.003013 0.001465 0.006470
-0.021617 -0.004006 -0.004455
0.002347 0.004236 0.009899
-0.000670 -0.007108 -0.009552
0.017596 0.001076 -0.000723
-0.005923 0.000842 0.008324
-0.012786 -0.001378 0.001869
0.004894 -0.002364 0.001236
-0.002573 0.001464 0.002409
-0.004116 0.003922 0.002471
-0.017726 0.006216 -0.016489
0.005182 -0.001058 -0.000351
0.004238 -0.001399 -0.003763
0.002721 0.000423 -0.000370
0.011632 0.004733 0.003969
-0.001604 -0.004551 -0.005992
0.002303 0.002984 0.004676
-0.025564 0.000630 -0.010653
0.002217 0.004845 0.010352
-0.000543 -0.007418 -0.009284
0.018660 -0.000437 0.000221
-0.006142 -0.000103 0.009992
-0.012785 -0.001433 0.002473
0.004504 -0.002729 0.001136
-0.002571 0.001613 0.003741
-0.003068 0.004836 0.003813
-0.002803 0.006670 -0.002276
0.006916 -0.000964 -0.001197
0.004023 -0.001321 -0.004425
0.002260 -0.000354 0.000412
0.009448 0.004448 0.002650
-0.000047 -0.005909 -0.006036
0.002258 0.002997 0.006708
-0.020942 -0.005375 -0.003736
0.002262 0.004456 0.011600
0.003754 -0.010238 -0.014925
0.021662 0.005361 -0.008745
-0.006224 -0.000057 0.008521
-0.016257 0.002338 -0.005220
0.005115 -0.002583 0.004531
-0.002115 0.001196 0.002298
-0.037848 0.004052 -0.019753
-0.003541 0.006356 -0.001972
0.005103 0.000524 0.001691
0.004150 -0.000673 -0.001927
0.002816 0.000508 0.002093
0.010783 0.004512 0.003456
-0.000989 -0.005713 -0.004415
-0.000968 -0.000420 -0.002262
-0.025656 -0.004171 -0.008689
-0.017594 0.004747 -0.009359
0.000436 -0.006998 -0.008513
0.017942 0.000504 -0.001162
-0.005769 0.001551 0.007577
-0.012831 -0.001483 0.004079
0.004827 -0.002695 0.001311
-0.001118 -0.001047 -0.000251
-0.003125 0.002984 0.003415
0.010100 0.006395 -0.015258
0.005082 -0.000951 -0.000115
0.004619 -0.002201 -0.004129
0.002079 0.000999 0.000197
0.013499 0.008243 -0.003035
-0.000040 -0.006508 -0.006018
0.002035 0.002967 0.004974
-0.021024 -0.003223 -0.003947
0.003042 0.004755 0.011169
0.000228 -0.006384 -0.009274
0.016857 0.002075 0.000277
-0.006787 -0.037815 -0.022271
