-0.001486 0.011022 0.011867
-0.008379 0.001868 0.000738
0.004333 0.028472 0.000832
0.100326 0.025903 0.001248
-0.003614 0.016337 -0.006469
-0.009370 0.001596 -0.002066
0.000370 0.003300 0.004769
-0.000954 -0.015979 -0.002049
-0.002232 -0.011669 -0.001611
-0.019339 -0.006432 -0.002061
0.013182 -0.002847 0.003259
-0.010878 -0.006475 -0.004477
0.003800 -0.005993 0.003267
0.005254 -0.016309 -0.004267
-0.006417 0.002612 0.002640
0.012681 -0.011437 0.002086
-0.001957 0.011918 0.014802
-0.009050 0.000980 0.000631
0.004689 0.017125 -0.004242
0.010012 0.007716 -0.002921
-0.002822 0.018563 -0.005509
0.000803 0.000116 -0.002291
-0.003443 0.003200 0.003691
-0.001091 -0.014776 -0.002126
-0.002708 -0.011216 0.000129
-0.010972 -0.004683 -0.002793
0.019939 -0.005650 -0.001716
-0.009557 -0.005786 -0.003407
0.004966 -0.007584 0.002894
0.001805 -0.020311 0.000598
-0.003987 0.000317 0.001995
0.015738 -0.013999 0.006107
-0.001763 0.011449 0.010288
-0.009089 0.000872 0.000666
0.003472 0.018063 0.004187
0.010344 0.008189 -0.003567
-0.000734 0.015919 -0.005935
-0.008405 -0.000937 -0.001857
0.000366 0.003168 0.005275
-0.000904 -0.015719 -0.003843
-0.002901 -0.011467 -0.001251
-0.010911 -0.005126 -0.001582
0.009918 -0.007254 -0.001224
-0.010046 -0.006353 -0.003905
0.003115 -0.007300 0.003579
0.013902 -0.019065 0.002113
-0.004427 -0.000212 0.001945
0.013072 -0.010256 0.002473
0.014622 0.002122 0.009683
0.005723 0.012690 0.002829
0.000324 0.011906 -0.000016
0.010912 0.007505 -0.002724
-0.000365 0.014938 -0.005963
-0.007654 0.000781 -0.002079
-0.001885 0.004405 0.005079
-0.008683 -0.016075 -0.002037
-0.000760 -0.007249 0.003910
-0.010773 -0.004826 -0.002496
0.011846 -0.006514 0.001306
-0.012167 -0.006887 -0.003829
0.004028 -0.007643 0.003594
0.002614 -0.019299 -0.000850
-0.003928 0.000865 0.000732
0.022702 -0.010991 0.001750
-0.001476 0.010881 0.012368
-0.007111 0.000719 0.000514
-0.001865 0.019639 0.000932
0.010947 0.009027 -0.003528
-0.000721 0.015675 -0.005796
-0.006810 0.000143 -0.002308
-0.003294 0.003529 0.004325
-0.000237 -0.015594 -0.002475
-0.003822 -0.010829 -0.001189
-0.011277 -0.005388 -0.001937
0.009913 -0.008024 0.000513
-0.007823 -0.006645 -0.003473
0.004029 -0.007640 0.004847
0.003226 -0.021059 -0.000302
-0.003455 0.000765 0.001751
0.011100 -0.014696 0.001211
0.000192 0.011613 0.012154
-0.009541 0.000467 0.003749
-0.000204 0.018594 0.000105
0.008424 0.010459 -0.002526
-0.003739 0.014269 -0.005543
-0.008878 -0.000700 -0.003268
0.001029 0.002484 0.004812
-0.000287 -0.014676 -0.002076
-0.004729 -0.009120 -0.004785
-0.010447 -0.005864 -0.002695
0.011102 -0.006708 0.000525
-0.009423 -0.006028 -0.001205
0.000509 -0.007855 0.003746
0.000903 -0.017212 0.001086
-0.001825 0.000544 0.001468
0.013192 -0.011358 0.003392
0.000864 0.011152 0.011964
-0.011070 -0.000207 -0.002510
-0.001288 0.019245 0.001549
0.010481 0.010804 -0.002813
-0.003373 0.014697 -0.006296
0.014419 0.001489 -0.002427
-0.595705 0.001039 0.002630
-0.001248 -0.016522 -0.003912
0.007947 -0.000593 0.016077
-0.011169 -0.006120 -0.000572
0.009278 -0.004357 -0.000775
0.037639 -0.035044 0.059429
-0.003695 -0.008038 0.002397
0.003192 -0.019273 -0.000358
-0.004732 0.000535 0.002507
0.012829 -0.011931 0.001973
0.000889 0.012205 0.012248
-0.007341 0.000700 0.000694
-0.002643 0.017141 0.000612
0.023603 0.008126 -0.002552
0.003600 0.016163 -0.006001
-0.008948 0.002150 -0.002604
0.000309 0.004078 0.003958
-0.004400 -0.015575 -0.002096
-0.004480 -0.012385 0.000547
-0.011925 -0.005056 -0.001570
0.010848 -0.005819 -0.000199
-0.009650 -0.006112 -0.003933
0.004087 -0.008901 0.005202
0.003942 -0.019373 -0.000667
0.044675 0.031837 -0.071758
0.012416 -0.009943 0.000258
0.000598 0.001384 -0.001560
0.007417 0.008599 -0.002558
0.001429 0.010331 0.002553
0.013027 0.013579 -0.001140
0.016291 -0.061554 -0.000811
0.013021 0.001580 -0.010511
-0.004927 -0.008830 0.001633
0.021814 0.060774 -0.001136
-0.002127 0.008551 -0.002283
0.019506 -0.011730 0.003630
-0.007623 0.006340 -0.000270
0.005027 -0.010766 0.016708
0.012495 -0.006182 -0.000206
-0.002601 -0.007014 0.006122
0.010294 -0.009933 0.002308
-0.019328 -0.009933 0.000675
-0.002132 0.002562 -0.005332
0.007325 0.008769 -0.002088
-0.012281 0.012149 0.003678
0.008661 0.022923 -0.002181
0.001167 -0.002423 -0.001015
0.000746 0.004792 -0.009999
-0.011133 -0.000645 0.001369
0.002234 0.004491 0.001625
0.014800 0.007554 -0.002070
0.028882 -0.020317 -0.013558
-0.011130 0.007372 0.002771
-0.004700 -0.000954 -0.000006
0.012154 -0.005007 -0.000808
-0.003194 -0.004537 0.004565
0.009108 -0.010204 0.002630
-0.016914 -0.012411 0.000237
0.002825 0.006695 -0.005243
0.005236 0.010357 -0.002358
-0.011917 0.011767 0.001691
0.007545 0.022961 -0.001134
0.001537 -0.002134 0.001092
0.001261 0.004945 -0.010317
-0.007311 -0.001455 0.000248
0.001337 0.003967 -0.002076
-0.001346 0.007057 -0.001856
0.017523 -0.013470 0.006420
-0.009102 0.009701 0.002161
-0.003581 -0.000960 -0.000646
0.012187 -0.005508 -0.000124
-0.003035 -0.005167 0.005096
0.011355 -0.009613 0.002153
-0.017109 -0.012308 0.001168
-0.000678 0.003437 -0.005117
0.006957 0.007307 -0.001641
-0.000003 0.010169 0.002093
0.009562 0.031905 -0.000476
-0.001243 -0.002527 -0.000013
0.003931 0.009387 -0.010144
-0.007981 0.002379 0.000588
0.003437 0.005800 -0.000238
-0.000289 0.005885 -0.001994
0.019416 -0.015534 -0.001936
-0.008724 0.010855 0.000725
-0.004083 -0.000187 -0.000211
0.011026 -0.006513 -0.001244
-0.004003 -0.005450 0.004046
0.070625 -0.042964 -0.061719
0.045233 0.023062 0.076089
0.001496 0.001138 -0.012239
0.008330 0.007058 -0.002553
-0.008689 0.010335 0.002060
0.005030 0.023510 -0.001579
0.001388 -0.002563 0.000115
0.000614 0.003798 -0.010431
-0.008535 -0.002234 0.000522
0.004262 0.004980 -0.000734
-0.004218 0.007965 -0.001637
0.018457 -0.010925 0.003186
-0.008697 0.011062 0.002015
-0.005390 -0.002462 -0.003536
0.012284 -0.005700 0.000253
-0.004392 -0.006160 0.004352
0.009494 -0.008960 0.003196
-0.015940 -0.011438 0.001374
-0.000864 0.003036 -0.005606
0.008986 0.010888 0.003973
-0.012480 0.010342 0.002839
0.011875 0.024101 -0.006749
-0.001333 -0.002781 0.000789
0.002089 0.000823 -0.008161
-0.008544 -0.002514 0.000529
0.002725 0.005214 -0.001272
-0.000746 0.008002 -0.001885
0.018992 -0.010729 0.003637
-0.009728 0.010832 0.004013
-0.006361 -0.000293 0.000576
0.010585 -0.003393 0.004610
-0.003081 -0.006136 0.003668
0.007911 -0.011583 0.002310
-0.015359 -0.011840 0.001360
0.010552 0.002963 -0.004653
0.008258 0.011098 -0.005874
-0.012349 0.010094 0.001592
0.012610 0.024812 0.004187
-0.001296 -0.003093 -0.001489
0.003248 -0.000310 -0.011392
0.003361 -0.001100 0.001411
0.002610 0.005672 0.000338
0.047090 -0.014039 -0.006644
0.019112 -0.012336 0.001717
-0.000815 0.009840 0.002263
-0.002460 -0.003967 0.004038
0.019829 0.003807 -0.015890
-0.003179 -0.006130 0.004508
0.010791 -0.009040 0.002662
-0.017610 -0.012441 0.000768
-0.000903 0.003268 -0.005277
0.018868 0.010022 -0.002739
-0.010135 0.010506 0.002101
0.006690 0.026470 -0.000589
-0.000042 -0.002383 -0.000352
-0.001658 0.002917 -0.010454
-0.008138 0.003482 0.000781
0.004551 0.005858 0.000082
-0.001798 0.005374 -0.001656
0.017020 -0.011157 0.001713
-0.008579 0.009782 0.002427
-0.004157 -0.001537 0.001108
0.014248 -0.002567 -0.004336
-0.004522 -0.005523 0.004260
0.008985 -0.009673 -0.000096
-0.017002 -0.012325 0.003239
