2176.0000 0.05 1
1.875
3.75
6.25
6.25
7.5
16.25
8.75
6.25
17.5
16.25
14.375
16.25
25
16.25
6.25
31.25
23.125
18.125
28.75
10
10
13.125
10
10
16.25
20
25
30.625
36.875
19.375
25
26.25
13.75
26.875
20.625
29.375
21.25
41.25
44.375
30.625
37.5
55
48.75
45.625
41.875
67.5
54.375
49.375
84.375
92.5
98.75
125.625
136.25
135
138.75
153.75
180.625
153.75
155.625
201.25
176.875
174.375
235
251.25
268.75
236.25
236.875
278.125
291.875
311.875
296.25
321.25
301.875
311.875
323.75
340.625
338.75
363.75
316.25
352.5
370.625
367.5
329.375
357.5
337.5
379.375
311.875
294.375
304.375
286.25
271.25
255.625
232.5
248.125
255
296.875
206.875
250
310.625
296.25
314.375
307.5
313.125
300
249.375
295
306.25
299.375
324.375
277.5
280.625
297.5
275.625
321.25
292.5
312.5
248.75
300
355
316.25
315.625
315
326.25
363.125
345
378.125
400.625
380.625
388.125
393.75
397.5
430.625
450.625
471.25
448.125
445.625
453.75
436.875
446.875
418.125
404.375
428.75
381.25
358.125
318.75
352.5
328.75
308.75
315.625
331.875
306.25
272.5
218.125
256.875
249.375
301.25
279.375
246.875
271.875
226.25
318.75
288.75
326.25
302.5
304.375
290.625
285
296.875
347.5
294.375
321.875
355
370
356.25
257.5
291.875
213.125
288.125
346.875
265
264.375
265
261.875
236.25
246.25
249.375
260
329.375
238.125
226.875
238.75
223.75
181.25
247.5
256.25
281.25
254.375
306.875
253.75
266.25
255.625
205
205
268.75
255.625
326.25
343.125
343.75
355.625
274.375
368.125
293.75
510
535.625
512.5
425
365.625
262.5
231.875
201.875
170.625
113.125
65
32.5
11.25
3.75
1.25
3.75
1.25
0
0
0
0
0
0
0
0
0
0
2.5
0
