0.010643 0.002415 0.001264
-0.004948 0.000508 0.000238
0.010980 0.003719 -0.000000
0.001784 0.000925 -0.004374
0.008175 0.001681 -0.003515
-0.000858 -0.003548 -0.000447
-0.004592 -0.002404 -0.005713
-0.005645 0.005784 0.000042
-0.007217 0.002379 -0.006679
0.005384 -0.001653 -0.003614
0.016807 -0.002219 0.024105
-0.003561 0.001370 0.007033
-0.001962 -0.005839 0.006311
-0.010748 0.005289 0.010210
0.004894 0.001820 -0.004966
0.001674 -0.001671 -0.001409
0.010980 0.002300 0.001658
-0.009962 -0.004242 0.007327
0.010755 0.004154 -0.003405
0.003569 0.000425 -0.005358
0.009959 0.001127 -0.005002
-0.016280 -0.002959 0.013604
-0.003199 -0.002999 -0.006019
-0.005337 0.005820 -0.003097
-0.007511 0.001086 -0.008348
0.004400 -0.001134 -0.003091
-0.003005 -0.002367 0.004698
-0.003129 -0.002174 0.005525
-0.002090 -0.004168 0.009884
-0.005667 0.000266 0.001001
0.005077 0.000784 -0.007629
0.002487 -0.001663 0.001215
-0.023613 0.002193 0.035070
-0.010190 -0.004960 0.007048
0.010676 0.003187 -0.000343
0.001341 0.001090 -0.004327
0.013697 0.005234 0.002385
-0.000511 -0.003720 -0.000591
-0.003191 -0.003755 -0.003489
-0.005440 0.006015 0.000306
-0.008518 0.001129 -0.008832
0.005113 -0.002727 -0.000879
-0.003923 -0.002397 0.005353
-0.004341 -0.007276 0.008194
-0.001347 -0.006004 0.009835
-0.005722 0.001386 -0.000931
0.005394 0.000905 -0.005024
0.003790 -0.001684 0.001670
0.012100 0.002484 0.001858
-0.005079 -0.001136 0.001428
0.010821 0.002975 0.000299
0.001998 0.001027 -0.003144
0.008078 0.002255 -0.002570
-0.001112 -0.003523 -0.000243
-0.004837 -0.002164 -0.004094
-0.005288 0.004777 0.000403
-0.008533 0.000597 -0.008267
0.005213 -0.001171 -0.001850
-0.018865 -0.002141 0.019752
-0.006760 -0.000657 -0.000174
-0.000500 -0.044577 0.038385
-0.001019 -0.004230 0.010474
0.005422 0.000121 -0.005411
-0.032912 -0.002510 0.027684
0.011059 0.002212 0.001071
-0.005038 -0.000536 0.000496
0.010679 0.004627 0.000235
0.001014 0.000255 -0.002904
0.008300 0.002562 -0.002633
-0.001014 -0.003559 0.000297
-0.004940 -0.002494 -0.004394
-0.005173 0.005839 -0.000671
-0.008912 0.000970 -0.007234
0.005327 -0.001373 -0.001933
-0.003105 -0.002564 0.005759
-0.006555 -0.002234 0.001792
-0.001624 -0.004209 0.008555
-0.005467 0.000391 -0.000330
0.004214 0.001507 -0.006533
0.002659 -0.002082 0.001061
0.011562 0.002189 0.000233
-0.006822 -0.000067 -0.001277
0.010302 0.035169 0.022057
0.043730 0.001584 0.029654
0.012741 0.005177 0.002366
0.013611 -0.003812 0.014166
-0.006909 -0.001025 -0.005949
-0.005451 0.006052 -0.007044
-0.010444 -0.000084 -0.008235
0.007434 -0.000222 -0.002837
-0.003816 -0.002976 0.004270
-0.005724 -0.002733 0.001833
-0.001024 -0.005107 0.009321
-0.005986 0.000325 -0.001717
0.003213 0.001131 -0.010832
0.003271 -0.001656 -0.000275
0.009369 0.002541 -0.001129
-0.006150 0.000056 -0.000008
0.010577 0.002793 -0.000765
0.001896 0.000831 -0.003201
0.009617 0.000788 -0.005707
-0.000983 -0.003586 0.000231
-0.004795 -0.001862 -0.005449
-0.005462 0.006737 0.000462
-0.008588 0.000542 -0.006973
0.005020 -0.001158 -0.002383
-0.003677 -0.002494 0.005907
-0.007936 -0.003750 0.000607
-0.001855 -0.005776 0.009771
-0.005829 -0.001078 -0.000972
0.006291 0.001560 -0.004991
0.003577 -0.001678 0.000715
0.012303 0.001646 0.000095
-0.005355 -0.001520 0.001440
0.009404 0.004739 -0.000018
0.001513 0.000373 -0.003585
0.008126 0.001175 -0.003813
-0.001555 -0.002780 0.000143
-0.004573 -0.002041 -0.004339
-0.004900 0.005778 0.000934
-0.008505 0.000378 -0.007258
0.005257 -0.000574 -0.001764
-0.003939 -0.001745 0.004522
-0.007169 -0.002270 0.001833
-0.001981 -0.004533 0.008856
-0.006145 -0.000225 0.000005
0.004132 0.001427 -0.004749
0.003562 -0.002342 -0.000009
-0.012221 -0.002363 0.002560
0.004937 -0.002466 0.002408
-0.002904 0.000218 0.002232
-0.005157 0.003145 0.001719
-0.003586 0.006171 -0.000360
0.003344 -0.001061 -0.000490
0.009417 -0.004844 0.001658
0.000862 0.006150 0.004984
0.009388 0.004839 0.002688
-0.001287 -0.008137 -0.011963
0.006025 0.008058 0.013741
-0.023994 -0.003793 -0.006237
0.002805 0.027245 0.034620
-0.002728 0.007899 0.000954
0.016527 0.003339 0.004515
-0.005597 -0.000148 0.006915
-0.012428 -0.001645 0.003924
0.005960 -0.002592 0.025980
-0.002809 0.001114 0.003732
0.001895 0.004021 0.009502
-0.003383 0.006789 -0.000313
0.006432 -0.000232 -0.002470
0.005183 0.000611 -0.005996
-0.003054 0.000029 0.006089
0.009798 0.006171 0.002181
-0.000583 -0.006029 -0.004869
0.002533 0.002979 0.006631
-0.005675 -0.005084 0.007557
0.002231 0.004810 -0.000686
0.000032 -0.008088 -0.009106
0.017143 0.000933 -0.000483
-0.006460 -0.000710 0.006943
-0.008634 -0.005812 0.011415
0.004880 -0.002701 0.002082
-0.008601 -0.003205 0.011643
-0.004888 0.005003 0.001882
0.003686 0.009145 -0.470673
0.006753 -0.001189 -0.001124
0.004393 -0.000513 -0.005552
0.001204 -0.004129 0.004130
0.010546 -0.004661 0.006794
-0.001346 -0.004186 -0.011738
0.002875 0.003510 0.005441
-0.023655 -0.004149 -0.006324
0.001480 -0.017573 0.035086
-0.000770 -0.006474 -0.008757
0.017667 0.001238 -0.001491
-0.010609 0.003847 0.013771
-0.012420 -0.000267 0.002448
0.004726 -0.002693 0.000560
-0.002714 0.002637 0.002122
-0.000720 -0.001437 0.008277
-0.003552 0.006266 -0.011553
0.000061 -0.001469 0.005765
0.005067 0.000347 -0.006877
0.003775 0.002152 -0.002036
0.009447 0.001791 0.004790
-0.000942 -0.006401 -0.005803
-0.002210 -0.001541 0.014726
-0.022638 -0.003925 -0.005483
0.003035 -0.013042 0.029049
-0.001223 -0.006044 -0.012591
0.017763 0.000779 -0.000806
-0.005780 -0.000001 0.007672
-0.012445 -0.001615 0.003023
0.004376 -0.002848 0.000992
-0.002739 0.001207 0.003226
-0.005062 0.004172 0.001571
-0.003528 0.006248 -0.000175
0.006513 -0.002469 -0.002673
0.004277 -0.000484 -0.004590
0.004241 0.000265 -0.001226
0.009756 0.006947 0.001070
-0.000784 -0.005931 -0.005872
0.002335 0.003057 0.006313
-0.022297 -0.004489 -0.005614
0.002177 0.004814 0.012590
-0.000421 -0.008898 -0.010460
0.018067 0.000793 0.000309
-0.005683 -0.000287 0.007460
-0.011798 -0.001703 0.001714
0.004972 -0.002772 0.031811
-0.003351 0.001009 0.001164
-0.003200 0.003515 0.002436
-0.003301 0.005564 -0.000257
0.001281 0.003797 0.005153
0.008264 -0.004896 0.001030
0.003115 0.000511 -0.000425
0.009868 0.006196 0.001283
-0.000586 -0.005665 -0.005477
0.003011 0.002997 0.004370
-0.021049 -0.004277 -0.007364
0.002605 0.004688 0.012903
-0.000634 -0.008444 -0.010025
0.020118 -0.000341 -0.000514
-0.010104 0.005911 0.014007
-0.016970 0.002949 0.012852
0.004862 -0.002526 0.000325
0.002387 0.005147 0.011714
-0.001373 0.008324 0.007506
-0.003403 0.006374 0.001081
0.006986 -0.001464 -0.001666
0.004096 -0.000148 -0.004732
0.003809 -0.001420 -0.002055
0.009193 0.004686 -0.001270
-0.000773 -0.005443 -0.006151
0.002635 0.001788 0.005239
-0.022625 -0.004117 -0.005010
0.002847 0.022289 0.029536
-0.001261 -0.004049 -0.006756
0.017608 0.001098 0.000984
-0.006925 -0.000791 0.005341
-0.012293 -0.000887 0.002859
0.004370 -0.002834 0.001064
-0.003200 0.002160 0.002929
-0.005383 0.004141 0.002484
-0.003197 0.006931 -0.000258
0.002278 -0.005025 0.004589
0.004157 0.000337 -0.005274
0.004542 0.000255 -0.000403
0.009457 0.006605 0.001398
-0.000807 -0.005809 -0.005894
0.002599 0.002325 0.005765
-0.023353 -0.004453 -0.004477
0.003299 0.004573 0.010686
0.000799 -0.008235 -0.010629
0.017584 0.000484 0.000303
-0.005397 -0.001237 0.006564
