2176.0000 0.05 1
1.11111
4.44444
11.1111
2.22222
11.1111
4.44444
13.3333
11.1111
20
11.1111
6.66667
11.1111
24.4444
23.3333
17.7778
23.3333
26.6667
18.8889
13.3333
32.2222
18.8889
8.88889
4.44444
10
14.4444
16.6667
34.4444
40
25.5556
37.7778
11.1111
26.6667
17.7778
33.3333
22.2222
32.2222
26.6667
27.7778
40
24.4444
32.2222
46.6667
36.6667
47.7778
70
55.5556
56.6667
41.1111
80
106.667
95.5556
128.889
125.556
136.667
148.889
148.889
161.111
190
190
204.444
214.444
267.778
192.222
230
230
291.111
237.778
278.889
253.333
263.333
291.111
296.667
322.222
335.556
318.889
350
286.667
345.556
303.333
310
295.556
298.889
295.556
277.778
312.222
273.333
248.889
283.333
294.444
297.778
314.444
317.778
320
305.556
337.778
321.111
314.444
295.556
290
301.111
303.333
292.222
330
355.556
318.889
360
376.667
358.889
351.111
352.222
338.889
293.333
253.333
215.556
175.556
162.222
188.889
241.111
266.667
328.889
350
398.889
420
393.333
433.333
410
452.222
400
382.222
354.444
344.444
373.333
345.556
396.667
381.111
378.889
387.778
425.556
402.222
461.111
407.778
406.667
411.111
356.667
360
372.222
371.111
378.889
431.111
417.778
407.778
438.889
405.556
336.667
354.444
322.222
351.111
312.222
331.111
255.556
284.444
260
270
260
242.222
224.444
274.444
208.889
247.778
215.556
234.444
258.889
218.889
244.444
234.444
214.444
208.889
225.556
176.667
205.556
176.667
200
173.333
175.556
257.778
228.889
238.889
210
216.667
170
174.444
197.778
262.222
236.667
222.222
276.667
240
223.333
262.222
347.778
340
321.111
306.667
325.556
307.778
333.333
382.222
410
428.889
433.333
443.333
434.444
507.778
476.667
494.444
470
431.111
350
312.222
228.889
121.111
16.6667
1.11111
0
0
0
2.22222
0
0
0
0
0
0
0
0
0
0
0
0
0
0
0
0
0
2.22222
2.22222
2.22222
0
0
2.22222
0
2.22222
4.44444
4.44444
3.33333
0
2.22222
4.44444
4.44444
2.22222
4.44444
2.22222
2.22222
2.22222
3.33333
0
2.22222
0
0
2.22222
0
2.22222
0
