864.0000 0.05 1
0.4
3.2
0
4.8
0
2.8
0.4
12
0.8
4
0
4.8
4.8
5.6
14.4
0
2.4
4.8
14.4
0
4.8
4.8
3.2
9.6
14.4
9.6
2.4
7.2
16.8
9.6
0
0
2.4
12.8
33.6
4.8
9.6
14.4
9.6
4.8
12
7.2
2.4
20
14.4
21.6
19.2
4.8
12
26.4
4.8
21.6
12.8
26.4
9.6
28.8
4.8
10.4
24
22
76.8
43.2
55.2
67.2
79.2
36
91.2
100.8
67.2
64.8
69.6
126
68.8
122.8
74.4
100
62.4
81.6
125.6
164.8
96
94.4
56.8
115.2
106.8
115.2
193.6
89.6
120
96
79.2
80
96.8
106.4
88.8
93.6
36
66.4
92
128.8
178.4
145.2
126
84
148.8
74.4
106.4
128.8
72
93.6
134.4
65.2
126.8
131.2
123.2
158.4
102.4
204.8
159.2
108
114.4
80
152.4
73.6
54
76.8
43.2
54.4
61.6
67.2
128.8
109.6
138.8
191.6
168
140.8
220.8
169.6
141.2
96
157.6
151.6
197.6
142.4
153.6
81.6
173.6
115.2
150.8
156
112.8
158.8
189.6
203.2
108.8
133.6
169.6
164
159.2
181.2
152
153.6
127.2
165.6
124.8
110.4
107.2
116.8
137.6
92
71.2
99.2
92
87.2
70.4
108
106.4
125.6
98.4
67.2
43.2
65.6
92
59.2
108
72.8
144
73.6
32.8
81.6
98.4
21.6
73.6
50.4
60
104.8
76
101.6
85.6
113.6
63.2
38.4
79.6
64.8
9.6
112.8
76.8
46.4
137.6
153.6
106.4
56.8
100.8
185.2
95.6
136.8
44.8
112.8
124.8
106.4
136.8
154.4
168
149.6
169.6
178.4
122.4
153.6
250.4
229.6
134.8
150.4
164.8
104
144.4
135.2
96.8
42.4
43.2
28.8
17.6
17.6
28
6.4
13.2
12
8.8
12
7.2
12.8
13.6
17.6
12.8
8.8
10.4
3.2
5.6
4.4
6
4
4.4
6
6.4
6.8
7.6
7.2
4.4
4.8
7.2
6.4
2.8
5.6
5.2
8
6
3.2
4.4
6.4
1.6
3.6
2.4
4
3.6
1.6
2
5.6
5.6
4
8.4
4
1.6
3.2
1.2
2
2.4
2
0.8
0.8
3.2
3.2
1.6
0
1.6
1.6
2.4
4.8
0.8
2.4
0.8
0.8
0.8
0.8
1.6
0
0.8
1.6
0
0.8
0
