0.000855 0.000431 -0.562088
-0.000425 -0.080202 0.088685
0.001160 -0.001350 -0.001713
-0.070285 0.040637 0.089772
-0.000904 -0.001861 -0.000884
0.069050 0.040854 0.088002
0.000641 -0.000421 -0.003319
-0.005216 0.006112 0.002409
0.000388 -0.000145 -0.002317
-0.000395 0.016548 -0.000452
0.000385 -0.000288 -0.003355
0.004638 0.006155 0.002474
-0.000106 0.000858 -0.001753
0.001962 -0.006989 0.004256
0.000184 -0.001032 -0.001600
-0.001216 -0.000027 -0.001832
0.000252 -0.000386 -0.002474
0.000247 -0.000232 0.000023
0.000402 0.000391 -0.000906
-0.002883 -0.006663 0.002494
-0.000766 -0.000402 -0.001594
0.013704 -0.007632 -0.000403
0.000628 -0.000502 -0.003318
-0.000271 0.001465 -0.001771
0.001646 -0.000372 -0.001573
-0.014316 -0.007544 -0.000446
0.000280 -0.000320 -0.002464
0.006910 0.001741 0.004297
0.000224 -0.000917 -0.001628
-0.007770 0.001982 0.002459
0.000457 -0.000139 -0.002347
-0.000263 0.000415 -0.000007
0.000506 -0.000269 0.026628
-0.000251 0.000596 -0.002677
0.000628 0.001277 0.003299
-0.000871 -0.000140 -0.001892
0.000062 0.001038 0.002065
-0.000553 0.000126 -0.002692
0.002496 0.000632 -0.001524
0.000088 0.000228 0.001757
0.000493 -0.003333 0.003211
-0.000709 0.000341 -0.007822
-0.001332 0.000745 -0.001581
-0.000485 0.000263 0.001709
0.001764 -0.000712 0.003333
-0.000880 0.000117 0.002454
-0.002226 0.001037 0.001873
-0.000439 0.000049 -0.001389
0.003042 0.001334 0.003029
-0.000952 -0.000184 -0.000618
-0.001090 -0.000971 0.002102
-0.000378 0.000502 0.001705
0.001635 -0.001082 0.003471
-0.000601 0.000364 -0.007858
0.000661 -0.002537 -0.001584
-0.000186 0.000506 -0.001423
-0.000632 -0.001131 0.003454
-0.000558 0.000473 -0.007866
0.002207 0.000904 0.003026
-0.001162 -0.000301 0.002462
-0.001442 0.000607 0.001857
-0.000067 0.000041 0.001750
0.000487 -0.002424 0.003276
-0.000523 0.000420 -0.004846
0.000603 -0.000092 0.025658
-0.000442 0.066742 0.072069
0.000145 -0.001458 0.002256
0.057053 -0.032967 0.071357
0.000667 -0.001608 0.004117
-0.058318 -0.032744 0.072592
-0.001215 -0.001432 -0.002262
0.003950 -0.005099 0.002771
0.000589 0.002760 0.002474
-0.000381 -0.015846 0.001060
0.002583 -0.001329 -0.002216
-0.004592 -0.005051 0.002757
-0.000720 0.000041 0.002245
-0.003076 0.006523 0.001501
0.002990 -0.001979 0.004268
0.000326 0.000779 -0.000870
-0.001975 -0.001718 0.002473
-0.001302 0.000652 -0.002097
0.001560 -0.000122 0.004092
0.002068 0.006806 0.002719
-0.000322 0.000912 0.002267
-0.014249 0.008358 0.001040
0.000767 0.002069 -0.002212
-0.000291 -0.000463 -0.000880
0.001466 0.000928 0.002314
0.013689 0.008479 0.001075
-0.001029 -0.001141 0.002485
-0.007303 -0.000703 0.001460
0.002056 -0.001385 0.004287
0.006426 -0.000503 0.002699
0.000590 0.001634 0.002461
-0.000245 0.000274 0.000724
