2176.0000 0.05 1
1.11111
4.44444
11.1111
2.22222
11.1111
4.44444
13.3333
11.1111
20
11.1111
6.66667
11.1111
24.4444
23.3333
17.7778
23.3333
26.6667
18.8889
13.3333
32.2222
18.8889
8.88889
4.44444
10
14.4444
16.6667
34.4444
37.7778
25.5556
40
11.1111
26.6667
17.7778
31.1111
24.4444
32.2222
26.6667
27.7778
40
24.4444
32.2222
46.6667
36.6667
47.7778
70
55.5556
56.6667
41.1111
80
108.889
93.3333
126.667
127.778
138.889
148.889
148.889
158.889
190
190
202.222
216.667
270
190
230
234.444
286.667
238.889
277.778
253.333
263.333
292.222
300
313.333
344.444
314.444
352.222
282.222
350
304.444
308.889
296.667
300
291.111
277.778
316.667
268.889
253.333
281.111
296.667
297.778
310
318.889
323.333
307.778
335.556
318.889
315.556
292.222
296.667
296.667
304.444
291.111
330
360
315.556
357.778
375.556
361.111
351.111
352.222
345.556
286.667
253.333
215.556
177.778
160
188.889
241.111
262.222
333.333
351.111
402.222
415.556
400
430
408.889
447.778
400
384.444
358.889
342.222
371.111
348.889
393.333
383.333
380
380
432.222
402.222
458.889
408.889
407.778
411.111
353.333
358.889
376.667
368.889
380
438.889
411.111
407.778
438.889
403.333
343.333
345.556
325.556
350
318.889
322.222
257.778
282.222
264.444
272.222
257.778
240
224.444
276.667
208.889
245.556
213.333
234.444
258.889
223.333
244.444
232.222
212.222
208.889
227.778
178.889
204.444
174.444
196.667
175.556
177.778
258.889
234.444
230
211.111
215.556
168.889
176.667
196.667
262.222
241.111
222.222
273.333
240
226.667
257.778
350
342.222
316.667
308.889
325.556
307.778
335.556
377.778
414.444
430
427.778
450
427.778
511.111
477.778
494.444
471.111
425.556
354.444
314.444
228.889
116.667
16.6667
1.11111
0
0
0
0
0
0
0
0
0
0
0
0
0
0
0
0
0
0
0
0
0
0
2.22222
4.44444
0
0
0
4.44444
2.22222
4.44444
2.22222
3.33333
2.22222
2.22222
4.44444
0
4.44444
4.44444
2.22222
2.22222
2.22222
3.33333
0
2.22222
0
0
2.22222
0
2.22222
0
