-0.001880 0.011822 0.011873
-0.007922 0.000935 0.000549
-0.001326 0.017398 0.003637
0.013594 0.007703 -0.001122
-0.002362 0.015380 -0.006477
-0.009574 0.001140 -0.002431
-0.000475 0.003288 0.005374
0.001064 -0.015256 -0.003044
-0.004086 -0.012095 -0.001334
-0.000993 -0.003412 -0.002032
0.010565 -0.009147 0.004185
-0.009305 -0.006346 -0.003502
0.004749 -0.007718 0.003564
0.013261 -0.032271 0.016573
-0.003791 0.000799 0.001933
0.014742 -0.012258 0.002307
0.005612 0.010988 0.012421
-0.013383 0.001640 0.000352
-0.003889 0.018080 0.000416
0.012739 0.008451 -0.002186
-0.000514 0.017024 -0.005256
-0.010702 0.001056 -0.002738
0.001413 0.003540 0.004674
0.000237 -0.014873 -0.002069
-0.002301 -0.011800 -0.000937
-0.011523 -0.006351 -0.001829
0.011806 -0.005944 0.000647
-0.010467 -0.005915 -0.003333
0.005246 -0.007236 0.003845
0.003628 -0.018605 -0.000247
-0.003986 0.000184 0.002665
0.013739 -0.010481 0.000715
-0.001829 0.010778 0.011980
-0.007930 0.000578 0.000988
0.001854 0.021825 0.000426
0.028464 -0.044473 -0.004217
-0.003651 0.016978 -0.006335
-0.009434 0.000945 -0.002080
0.000121 0.003287 0.004617
0.000894 -0.016298 -0.002687
-0.006466 -0.008893 -0.001542
-0.010209 -0.002315 -0.004822
0.012129 -0.006120 0.001362
-0.007995 -0.006334 -0.004490
0.002535 -0.007331 0.003103
0.004494 -0.018558 -0.001897
-0.003048 -0.000278 0.000663
0.013175 -0.011318 0.003427
-0.001192 0.008933 0.011600
-0.010378 0.002048 0.001397
-0.001878 0.018376 0.000600
0.010907 0.007972 -0.003048
-0.002282 0.014741 -0.006301
-0.011007 -0.000614 -0.002122
0.012997 0.055777 0.001916
0.000410 -0.015635 -0.002347
-0.004524 -0.012459 -0.001417
-0.011353 -0.005100 -0.001634
0.012367 -0.007121 -0.000342
0.002607 0.005923 0.013652
0.056552 -0.044772 0.078193
0.004056 -0.018865 -0.000887
-0.002773 0.000690 0.001269
0.010905 -0.011385 0.003047
-0.002778 0.011395 0.012741
-0.013280 0.000673 0.000468
0.000088 0.018135 -0.003837
0.012114 0.007830 -0.004169
0.000948 0.011694 -0.006364
0.002394 0.000283 -0.001686
-0.000454 0.002656 0.003354
-0.001420 -0.015970 -0.002527
-0.002964 -0.012419 -0.002279
-0.012908 -0.005434 -0.000077
0.022490 -0.017809 -0.015790
-0.008633 -0.006538 -0.002526
0.005225 -0.007436 0.003172
0.002826 -0.021626 -0.004241
-0.004243 0.001080 0.001165
0.013137 -0.011014 0.003105
-0.000199 0.011403 0.011848
-0.008746 0.000805 -0.000145
-0.002693 0.018973 0.000456
0.010606 0.007478 -0.002840
-0.001390 0.018419 -0.002519
-0.007787 -0.004087 -0.003804
-0.000945 0.002624 0.004531
-0.000820 -0.015221 -0.004554
-0.003260 -0.011577 0.000922
-0.011451 -0.004624 -0.001612
0.009980 -0.005975 -0.001991
-0.009529 -0.006277 -0.001662
0.004474 -0.007560 0.003292
0.000847 -0.018168 0.001571
-0.011296 -0.001764 0.001218
0.013956 -0.010894 0.002126
0.067568 -0.011820 0.008908
-0.616995 0.007361 -0.014097
0.008994 0.016826 0.001326
0.011001 0.007647 -0.002201
-0.001384 0.018081 -0.009622
-0.006733 -0.002633 -0.002253
-0.002452 0.001522 0.002967
0.052455 -0.051907 -0.071557
0.049041 0.023356 0.073124
-0.011313 -0.005852 -0.002073
0.013671 -0.010966 -0.003982
-0.004630 -0.000009 0.002416
0.000970 -0.009916 0.002994
0.006687 -0.024164 0.002649
-0.003482 0.000060 0.002292
0.014424 -0.012260 0.003686
-0.001469 0.008928 0.012061
-0.009274 0.002379 0.000162
-0.002590 0.019427 0.000361
0.011825 0.007919 -0.001609
0.010899 0.016453 -0.005460
-0.006971 0.004433 -0.002136
0.001258 0.003408 0.003832
-0.001950 -0.017521 -0.002370
-0.002062 -0.011885 -0.000938
-0.013661 -0.003147 -0.000424
0.011910 -0.006230 0.000933
-0.009943 -0.004162 -0.007247
0.004134 -0.006945 0.005209
0.004012 -0.020331 -0.000116
-0.003693 0.001563 0.001165
0.005615 -0.009766 0.003147
0.000451 0.000698 -0.004702
0.018124 0.009296 -0.001879
-0.011507 0.011684 0.000577
0.007012 0.023114 -0.001533
-0.003152 -0.001177 -0.000977
0.001523 0.004276 -0.009982
-0.007403 -0.001571 0.001095
0.011235 0.004934 0.005876
-0.000439 0.008342 -0.002544
0.017461 -0.010935 0.003107
-0.009519 0.009902 0.001876
-0.006403 -0.001051 0.000516
0.011569 -0.006583 0.000242
-0.005149 -0.005370 0.001955
0.010208 -0.009746 0.002553
-0.016971 -0.011890 0.001493
0.001567 0.002880 -0.006107
0.005805 0.011002 -0.002440
-0.011116 0.010996 0.002570
0.008628 0.023736 -0.001950
0.000162 -0.002822 -0.000863
-0.000222 0.004794 -0.010051
-0.007214 -0.002474 0.000749
0.002449 0.005621 -0.000060
-0.000536 0.007760 -0.002283
0.016026 -0.013134 0.002253
-0.008439 0.010247 0.002454
-0.005141 -0.000609 -0.000165
0.011811 -0.005533 0.000005
-0.003770 -0.006326 0.004622
0.010736 -0.009500 0.001672
-0.015697 -0.012418 -0.000062
-0.000845 0.006337 -0.005095
0.005465 0.009731 -0.002432
-0.011411 0.011110 0.001971
0.007745 0.023197 -0.001530
0.009410 -0.002895 -0.000213
0.004019 -0.003087 -0.009692
-0.010231 -0.000220 0.000365
0.006107 0.011878 0.000270
0.000802 0.003761 -0.001242
0.016635 -0.011278 0.002724
-0.008892 0.010179 0.002357
-0.004766 -0.004002 -0.002675
0.008718 -0.002728 0.000420
-0.000944 -0.002739 0.007310
0.010835 -0.010020 0.002202
-0.016708 -0.012372 0.001661
0.015787 0.005992 -0.005957
0.006534 0.007416 -0.002032
-0.009421 0.010850 0.002481
0.005598 0.022516 -0.003943
-0.002729 -0.003357 -0.000478
0.006689 0.005568 -0.006005
-0.010324 -0.003061 0.000195
0.004169 0.005680 0.000092
0.009375 0.008733 -0.001910
0.018161 -0.012053 0.002849
-0.009754 0.009269 0.001230
0.003249 -0.002061 0.001770
0.009885 -0.005934 0.000374
-0.005248 -0.003806 0.003437
0.009611 -0.010455 -0.000586
-0.016493 -0.011559 0.002409
0.028718 -0.000306 -0.004652
0.006717 0.008013 -0.002512
-0.010625 0.010624 0.004600
0.006048 0.023657 -0.001367
-0.002493 -0.001314 -0.000160
0.001756 0.004133 -0.009859
-0.010082 -0.000413 0.000440
0.008156 0.003471 -0.003852
-0.003382 0.009246 -0.001674
0.019453 -0.013410 0.006750
-0.008908 0.011820 0.003717
-0.007256 -0.001868 0.000529
0.012034 -0.006001 0.000114
0.004470 -0.003956 0.003142
0.010976 -0.009485 0.003035
-0.017721 -0.011384 0.001480
-0.000255 0.004368 -0.005287
0.089919 0.035817 -0.002807
-0.008672 0.010908 0.003448
0.007572 0.022450 -0.001138
0.001161 -0.002184 0.000061
0.000390 0.006747 -0.009653
-0.004628 -0.002358 0.001772
0.001601 0.003658 -0.000040
-0.002758 0.011987 -0.000064
0.017539 -0.011158 0.002092
-0.011877 0.009579 0.001306
-0.003931 -0.001711 -0.000019
0.065749 0.026892 -0.064720
-0.003750 -0.004317 0.003471
0.010060 -0.007892 0.006279
-0.017312 -0.012055 0.001621
0.001487 0.003486 -0.004532
0.007281 0.008797 -0.002126
0.007526 0.003196 0.002916
0.025549 0.027934 -0.003445
0.009536 -0.002972 -0.000134
0.006781 0.019562 -0.010403
-0.006316 -0.002532 -0.000866
0.007213 -0.007885 0.000286
-0.000551 0.011610 -0.002126
0.026520 -0.011944 0.001214
-0.017165 0.010152 0.002313
-0.003530 0.000236 -0.001673
0.011038 -0.004927 -0.001959
-0.002112 -0.006966 0.005253
0.017827 0.000742 -0.014522
-0.017605 -0.014076 0.008222
0.000625 0.001682 -0.005366
0.007158 0.008185 -0.002920
-0.009229 0.010409 0.002129
0.005797 0.022695 0.001217
-0.002096 -0.003497 0.000107
0.007585 0.005199 -0.014669
-0.010235 -0.003356 0.000470
0.004705 0.005457 -0.000063
-0.001509 0.007569 -0.001951
0.018961 -0.011270 0.004345
-0.008328 0.011127 0.002602
-0.006867 -0.000819 0.001958
0.012911 -0.005685 -0.000711
-0.003699 -0.006094 0.004076
0.013221 -0.005850 -0.002884
-0.016848 -0.012068 0.001087
