2176.0000 0.05 1
1.875
3.75
6.25
6.25
7.5
16.25
8.75
6.25
17.5
16.25
14.375
16.25
25
16.25
6.25
31.25
23.125
18.125
30
8.75
10
13.125
10
10
16.25
20
25
30.625
36.875
19.375
25
26.25
13.75
26.875
21.875
28.125
21.25
41.25
45
30
40
53.75
47.5
45.625
42.5
66.875
54.375
49.375
84.375
91.25
101.25
123.125
137.5
135
138.125
155.625
179.375
152.5
156.25
200
178.75
176.875
231.875
251.875
270
236.25
235.625
279.375
292.5
310
296.25
321.875
301.875
311.25
322.5
340.625
338.75
364.375
318.125
353.75
366.875
368.125
328.125
364.375
334.375
378.75
312.5
293.75
304.375
285
273.75
255
231.875
250.625
251.25
299.375
206.875
250
310
296.25
316.25
310
308.75
298.125
252.5
293.125
308.125
300.625
321.875
275.625
281.25
301.25
272.5
323.125
289.375
316.875
246.875
299.375
351.875
319.375
315.625
314.375
330
360.625
341.25
382.5
401.875
376.25
391.875
390
398.75
430.625
451.875
468.75
451.875
441.25
453.75
437.5
448.125
418.125
406.25
428.125
380
359.375
317.5
354.375
326.875
310.625
317.5
327.5
306.875
275.625
217.5
253.75
248.75
302.5
279.375
247.5
273.125
225
318.75
286.875
326.875
305.625
302.5
289.375
285
296.25
350
291.875
325.625
351.25
373.75
354.375
261.875
286.875
211.875
289.375
345
268.125
263.125
269.375
255
237.5
245
250.625
262.5
326.875
240
228.125
236.875
225.625
180.625
247.5
256.25
278.75
257.5
307.5
251.875
264.375
256.875
206.25
205
268.125
253.75
326.25
344.375
343.125
355
276.25
366.25
295.625
509.375
538.125
510
423.75
363.75
265.625
233.125
201.25
165.625
117.5
62.5
32.5
11.25
3.75
1.25
5
1.25
0
0
0
0
0
0
0
0
0
0
2.5
0
