0.016480 -0.002169 0.004443
-0.005104 -0.001348 0.000957
0.010024 0.005289 -0.000284
0.001792 0.000513 -0.002361
0.010035 0.002249 -0.002658
-0.001472 -0.003617 -0.000326
-0.004677 -0.002206 -0.004633
-0.014930 0.007396 0.000406
-0.008644 0.000664 -0.007735
0.003992 0.000036 -0.001647
-0.005493 -0.002437 0.004611
-0.006063 -0.002514 0.003138
-0.002531 -0.006725 0.009243
-0.006091 -0.000054 -0.000751
0.005855 0.000788 -0.004805
0.000959 -0.003306 0.000495
0.011308 0.001974 -0.000146
-0.006968 -0.001516 0.001385
0.021908 0.008750 0.004960
0.007981 0.005094 -0.006258
0.007338 0.002333 -0.002873
-0.007649 -0.004275 -0.000133
-0.005237 -0.001824 -0.004989
-0.004821 0.005799 0.000024
0.041219 -0.055043 -0.010231
0.009887 -0.004356 -0.002300
-0.008906 -0.002160 0.005250
-0.007384 -0.001127 0.003403
-0.002339 -0.005305 0.010261
-0.007498 0.001122 0.001139
0.005883 0.001436 -0.004940
0.002419 -0.002047 0.001672
0.016237 0.006656 0.003721
-0.004672 -0.001515 0.001241
0.018818 0.008075 0.004396
0.001036 0.001366 -0.004722
0.008464 0.002604 -0.002718
-0.003913 -0.003623 -0.001134
-0.006129 -0.003045 -0.003895
-0.002294 0.005641 0.000317
-0.010530 0.001283 -0.006677
0.010666 -0.004414 -0.006945
-0.006070 -0.003090 0.004528
0.026212 0.000144 -0.036927
0.009450 -0.010356 0.014080
0.032090 -0.040477 0.000660
-0.557852 0.015752 -0.012520
0.000111 0.000161 0.000283
0.010191 0.002995 0.000531
-0.004060 -0.001491 0.001220
0.011159 0.003814 -0.000485
0.001241 0.000831 -0.002741
0.009060 0.002493 -0.002689
-0.001568 -0.003447 -0.000255
-0.004753 -0.002137 -0.005016
-0.004264 0.005846 0.000191
-0.008745 0.000608 -0.007911
0.004019 0.000423 -0.003171
-0.004255 -0.002237 0.004239
-0.006440 -0.002559 0.003238
-0.001317 -0.004954 0.009636
-0.005694 0.001071 -0.000516
0.002927 0.001668 -0.005527
0.002466 -0.002079 0.000484
0.008430 0.002890 0.001288
-0.009278 -0.001409 0.001160
0.009353 0.006019 -0.000350
0.008042 -0.003869 -0.007097
0.006594 0.003687 -0.003520
-0.008507 -0.003764 -0.000323
0.033344 0.041184 -0.007646
-0.004985 0.005358 0.000788
-0.008919 -0.000033 -0.007917
0.003830 -0.002221 -0.002247
-0.002928 -0.002380 0.004344
-0.008011 -0.003895 0.003228
-0.001075 -0.005243 0.009219
-0.005652 0.000549 -0.000816
0.004860 0.001292 -0.005306
0.002334 -0.001831 -0.000147
0.010004 0.002508 0.000369
-0.004955 -0.001409 0.000946
0.009172 0.003593 0.001685
0.001090 -0.000000 -0.001935
0.009198 0.002523 -0.002782
-0.001596 -0.003260 -0.000820
-0.004770 -0.003321 -0.004819
-0.004945 0.005380 0.000867
-0.008730 0.001507 -0.007781
0.004185 -0.000425 -0.002317
-0.010468 -0.002523 0.004623
-0.005842 -0.002812 0.002382
0.007957 -0.009700 0.014879
-0.007859 0.001675 -0.002227
0.004842 0.001523 -0.005409
0.041924 -0.002215 0.051119
0.009970 0.002008 0.000002
-0.005074 -0.001381 0.001614
0.010223 0.003994 0.000849
0.004435 0.000533 -0.004450
0.009581 0.002820 -0.003008
-0.003265 -0.003745 -0.000068
-0.006315 -0.002674 -0.006475
-0.014273 0.005942 0.000817
-0.010140 0.000840 -0.009297
0.010607 -0.004435 0.002228
-0.004180 -0.002380 0.004198
-0.007375 -0.002154 0.002325
-0.002436 -0.004928 0.010424
-0.005413 0.001200 -0.000433
0.006192 0.001039 -0.005117
0.002570 -0.002031 0.001019
0.015420 0.002474 0.004726
-0.006820 -0.001309 0.000660
0.009765 0.004453 -0.000681
0.001657 0.001286 -0.002409
0.007289 0.002554 -0.002736
-0.001319 -0.002851 -0.000730
-0.004631 -0.003176 -0.004926
-0.005089 0.005545 0.000251
-0.008965 0.002043 -0.007827
0.005317 -0.000078 -0.002173
-0.002391 -0.002310 0.004791
-0.006251 -0.002084 0.002757
-0.002199 -0.006463 0.009128
-0.005834 0.000412 -0.000194
0.004783 0.001543 -0.005667
0.002795 -0.001972 -0.000065
-0.009050 -0.004535 0.002609
0.005490 -0.002464 0.001865
-0.003079 0.001462 0.002276
-0.003985 0.003642 0.003523
-0.003373 0.006322 -0.001852
0.004573 0.000478 -0.002022
0.004970 -0.000626 -0.004353
0.003533 -0.000144 -0.001078
0.009026 0.006888 0.002200
0.000164 -0.006229 -0.006502
0.002767 0.002482 0.005343
-0.022730 -0.004217 -0.003901
0.003861 0.004697 0.010980
-0.000769 -0.008362 -0.009329
0.017134 0.000002 0.000460
-0.007524 0.000765 0.007466
-0.013869 -0.000261 0.003209
0.024619 0.016424 0.001918
-0.003030 0.000814 0.002235
-0.004851 0.003584 0.003293
-0.002986 0.006623 -0.001400
0.038610 -0.000458 0.035628
0.006532 -0.002455 -0.006571
0.008131 -0.004609 0.003213
0.009270 0.007018 0.001948
0.015130 -0.022530 -0.005852
0.007027 0.006290 0.000675
-0.023361 -0.004721 -0.004949
0.002051 0.004406 0.011456
0.010693 -0.013136 -0.013948
0.015593 0.001743 0.000323
-0.005202 0.000605 0.007570
-0.016296 -0.002357 0.002782
0.019529 -0.003303 0.016286
0.031740 0.040271 0.002918
-0.007696 0.003827 0.000901
-0.003178 0.006815 -0.001416
0.003753 -0.003030 -0.002088
0.003886 -0.000900 -0.004340
0.000385 0.000243 0.000994
0.018971 0.009750 -0.002527
0.014146 -0.005748 -0.021179
0.000065 0.004836 0.005189
-0.022589 -0.004464 -0.005576
0.030564 0.005652 0.013675
0.008914 -0.012161 -0.013811
0.023540 0.003733 -0.004556
-0.005079 0.000390 0.008412
-0.013062 -0.000337 0.002777
0.005896 -0.002585 0.001487
-0.002885 -0.000163 0.002569
-0.004985 0.003799 0.003250
-0.003665 0.006053 -0.000223
0.005751 -0.001421 -0.000998
0.005153 -0.000727 -0.004659
0.002311 0.000217 -0.001425
0.010164 0.005662 0.002327
-0.000103 -0.006037 -0.005458
0.001540 0.002128 0.005472
-0.022807 -0.004246 -0.004119
0.003399 0.004108 0.011340
-0.000174 -0.007494 -0.009563
0.017194 -0.000372 -0.000075
-0.005320 0.000069 0.007737
-0.007123 -0.004356 -0.002483
0.019626 -0.017670 0.002281
-0.003848 0.000824 0.003757
-0.004869 0.003751 0.003645
0.025159 0.006819 -0.001923
0.006215 -0.001209 -0.001614
0.003164 -0.000375 -0.004289
0.007889 0.004384 0.002393
0.019492 0.010764 -0.002204
0.013531 0.009082 -0.005676
0.001055 0.001902 0.005481
-0.024284 -0.002925 -0.004485
0.002028 0.004807 0.011301
-0.001283 -0.009075 -0.009396
0.022247 0.003935 0.000225
-0.005827 0.000260 0.008027
-0.013423 -0.000420 0.002698
0.005754 -0.002310 0.000994
-0.003367 0.000921 0.002547
0.002377 -0.000726 -0.001875
-0.002862 0.006103 -0.001608
0.005802 -0.001123 -0.000534
0.003451 -0.000676 -0.004684
0.001983 0.000283 -0.001928
0.009915 0.004945 0.002092
0.000482 -0.005617 -0.006476
0.006760 0.006335 0.008947
-0.022453 -0.004305 -0.005011
0.001965 0.003876 0.012492
-0.001307 -0.007239 -0.010622
0.017851 -0.000925 0.000181
-0.005361 0.000195 0.007505
-0.012031 -0.000728 0.002854
0.025109 -0.002827 -0.019170
-0.002376 0.000495 0.002276
-0.000600 0.003938 -0.000661
-0.003778 0.007164 -0.000507
0.005395 -0.000916 -0.001355
0.005382 -0.000678 -0.004070
0.002548 0.000430 -0.001350
0.009405 0.005637 0.000605
0.020177 -0.006042 0.014792
0.002093 0.002334 0.005216
0.006953 -0.004254 -0.039035
0.003328 0.004673 0.012210
-0.000434 -0.007629 -0.009898
0.023485 0.003647 0.004361
-0.007171 0.000439 0.007275
-0.007481 -0.004397 0.007131
0.005591 -0.002976 0.000745
-0.004414 -0.000105 0.001211
0.001579 0.007966 -0.000905
-0.002860 0.006365 -0.001774
0.005815 -0.001065 -0.001944
0.005251 -0.001073 -0.004623
0.002009 0.000095 -0.001931
0.009354 0.005377 0.000546
0.000076 -0.005670 -0.006231
0.001435 0.002038 0.005366
-0.022305 -0.004592 -0.005329
0.002561 0.004913 0.012318
0.000500 -0.006722 -0.010035
0.016994 -0.000156 0.000051
-0.004891 0.000858 0.007361
