0.011035 0.002370 0.000238
-0.005208 -0.000807 0.001203
0.010726 0.003925 0.000308
0.002048 0.000533 -0.004477
0.008531 0.003114 -0.002495
-0.001255 -0.004634 -0.001162
-0.005223 -0.002511 -0.005701
-0.004837 0.006873 -0.000572
-0.007524 0.000592 -0.008059
0.005969 -0.001714 -0.003282
-0.003069 -0.002932 0.003445
-0.005926 -0.002807 0.002784
-0.001601 -0.005330 0.009733
-0.004701 0.000428 -0.000898
0.004770 0.002612 -0.005584
0.002477 -0.001526 0.001496
0.011236 0.003429 0.000461
-0.005762 -0.001475 0.002030
0.010792 0.004493 0.001153
0.002257 0.001026 -0.002881
0.008924 0.002643 -0.001788
-0.001307 -0.004900 -0.001293
-0.005350 -0.002128 -0.004970
-0.004856 0.006372 0.000162
-0.010535 0.005119 -0.003947
0.005906 -0.001253 -0.002369
-0.004018 -0.003885 0.002617
-0.005803 -0.003526 0.001634
-0.002139 -0.005544 0.007965
-0.005334 -0.001522 -0.002665
0.004952 0.001073 -0.004870
0.002595 -0.001740 0.000717
0.010946 0.002758 0.001619
-0.004904 -0.001819 0.001233
0.015387 0.000729 -0.535544
-0.001797 0.004925 -0.002827
0.008966 0.001586 -0.002921
0.004373 -0.001697 0.005223
-0.005518 -0.001341 -0.005816
-0.009361 0.003065 0.004680
-0.008665 0.000425 -0.008007
0.006102 -0.000383 -0.003294
-0.007775 0.000475 0.009087
-0.006804 -0.001968 0.001993
-0.001679 -0.005403 0.010024
-0.005810 0.000655 -0.001533
0.009229 -0.001305 -0.000003
0.004267 -0.001537 -0.000294
0.010541 0.002529 0.002672
-0.006056 -0.002409 0.001228
0.010559 0.003947 -0.008409
0.002284 0.000227 -0.002311
0.008528 0.002103 -0.002141
-0.001228 -0.003751 -0.000204
-0.004971 -0.002150 -0.004818
-0.004920 0.006348 0.000283
-0.007607 0.000476 -0.008778
0.005508 -0.000963 -0.002152
-0.003318 -0.002796 0.004489
-0.006098 -0.002674 0.002947
-0.001803 -0.005372 0.009756
-0.005251 0.000477 -0.001006
0.003605 0.001593 -0.005255
0.002925 -0.001978 0.001752
0.006974 0.005930 0.011006
-0.004887 -0.001282 -0.004889
0.010685 0.003614 0.001310
0.000466 0.001422 -0.004029
0.019258 0.002086 0.008653
0.003183 -0.001023 0.005161
0.035797 -0.002495 0.033157
-0.005896 0.006948 -0.001541
-0.010391 -0.004509 -0.003639
-0.035710 -0.001393 0.035397
-0.003279 -0.002981 0.004397
-0.010417 -0.006571 0.012618
-0.001926 -0.005235 0.009132
-0.005364 0.002286 -0.002470
0.005899 0.001812 -0.007268
0.002895 -0.001592 0.001627
0.010423 0.000851 0.000496
-0.005165 -0.001413 0.000532
0.010522 0.003762 0.001165
0.002116 0.000107 -0.002779
0.008845 0.002359 -0.002328
-0.002307 -0.003187 -0.000565
-0.005442 -0.002315 -0.004460
-0.005068 0.006126 -0.000684
-0.007741 0.001898 -0.009133
0.005785 -0.001223 -0.002085
-0.008772 -0.000115 0.010155
-0.006037 -0.001350 0.001460
-0.001110 -0.006066 0.003582
-0.008182 -0.004309 0.004807
0.003746 0.002148 -0.006517
0.005105 0.001661 0.000424
0.010793 0.002421 0.001520
-0.006389 -0.000567 0.001221
0.010221 0.003942 0.002668
0.002260 0.000583 -0.003043
0.008359 0.002816 -0.002025
0.000803 -0.004290 -0.002216
-0.004976 -0.001984 -0.004753
-0.006110 0.006196 -0.001549
-0.012429 0.000878 -0.002796
0.005406 -0.001201 -0.002173
-0.004606 -0.002320 0.002528
-0.007371 -0.002247 0.004166
-0.001308 -0.005215 0.010355
-0.008864 0.000289 0.003010
0.006121 0.002179 -0.006856
0.001273 -0.001844 -0.000120
0.015988 -0.002830 0.012423
-0.005029 -0.001376 -0.001176
0.009366 0.005156 0.000736
0.004037 0.000205 -0.004150
-0.009171 0.002939 0.015449
-0.001186 -0.003933 -0.002530
-0.003743 -0.002281 -0.007356
-0.011075 0.003312 0.006526
-0.007764 -0.000537 -0.009075
0.003790 -0.001255 -0.005438
-0.003463 -0.002855 0.003735
-0.000433 0.003225 0.014102
-0.001260 -0.004899 0.003500
-0.008545 0.005462 0.005223
0.009583 -0.000682 0.000626
0.002620 -0.002136 0.000284
-0.011012 -0.001224 0.001994
0.004314 -0.004014 0.001658
-0.003899 0.001623 0.001720
-0.004401 0.003711 0.002872
-0.003827 0.005965 -0.001531
0.006111 -0.000874 -0.002018
0.004274 -0.000953 -0.003383
0.002733 -0.000060 0.000166
0.009849 0.005481 0.002701
-0.000635 -0.005087 -0.006641
0.001098 0.003035 0.005111
-0.022361 -0.005095 -0.005456
0.002930 0.003225 0.010621
-0.000788 -0.007432 -0.009543
0.016750 0.000700 -0.000264
-0.005993 0.000675 0.008526
-0.012207 -0.001404 0.003609
0.004494 -0.001688 0.000524
-0.003934 0.001161 0.002831
-0.003976 0.003572 0.003416
-0.003578 0.007293 -0.001054
0.004449 -0.001801 -0.001350
0.004350 -0.000194 -0.004483
0.002806 -0.000925 -0.000854
0.010168 0.005409 0.001407
-0.000895 -0.006842 -0.005687
0.001449 0.001732 0.004294
-0.022756 -0.003793 -0.004689
0.002447 0.005130 0.012574
-0.001328 0.012633 0.010259
0.020643 0.004480 0.005125
-0.006402 0.000471 0.008993
-0.010760 -0.001980 0.001909
0.004929 -0.037528 0.031637
-0.004224 0.000373 0.001608
-0.003002 0.003653 0.001788
-0.003107 0.005504 -0.001815
0.002506 -0.003653 0.002667
0.005199 -0.000772 -0.010863
0.003165 0.000650 -0.001600
0.009842 0.005761 0.002596
-0.001142 -0.005397 -0.006854
0.002156 0.003046 0.005886
-0.027505 -0.009337 0.005206
0.002014 0.003750 0.011338
-0.001125 -0.007679 -0.007942
0.019100 0.000624 0.000238
-0.006316 -0.000452 0.008117
-0.012665 -0.001453 0.002777
0.005002 -0.003545 0.001712
-0.002748 0.001054 0.002392
-0.004022 0.003971 0.003057
-0.003656 0.005435 -0.001121
0.006305 -0.000658 0.000190
0.004260 -0.000791 -0.005340
0.003008 0.000263 0.000162
0.009834 0.005357 0.000690
-0.000760 -0.004548 -0.006870
0.001086 0.003119 0.004322
-0.022894 -0.002892 -0.005552
0.003207 0.003238 0.010401
-0.000361 -0.007489 -0.008365
0.017014 0.000558 -0.000107
-0.005907 0.000461 0.008027
-0.014497 -0.001449 0.000985
0.004568 -0.001716 0.001134
-0.000695 0.001393 -0.000732
-0.004335 0.004005 0.002119
-0.003653 0.026468 0.013571
0.005894 -0.001533 -0.000951
0.004104 -0.001540 -0.004522
0.007230 -0.003193 0.008032
0.008412 0.005793 0.029451
-0.001473 -0.034084 0.017190
0.001636 0.004000 0.004483
-0.022454 -0.004518 -0.006338
0.003017 0.005470 0.008809
-0.001264 -0.027887 0.010324
0.020819 -0.003330 0.005231
-0.020097 0.000006 0.022814
-0.012329 -0.001379 0.002713
0.005085 -0.001702 0.000193
-0.003250 0.001261 0.002532
-0.004265 0.004251 0.001806
-0.003696 0.006800 -0.001296
0.007133 -0.000951 -0.001637
0.004624 -0.000800 -0.004626
0.002958 0.000991 -0.000905
0.009563 0.005443 0.001497
-0.001263 -0.005958 -0.005393
0.004026 -0.001529 0.009726
-0.022588 -0.004106 -0.004704
0.001992 0.005990 0.012430
-0.001011 -0.027999 0.011072
0.017643 0.002389 -0.001237
-0.005472 0.000078 0.008494
-0.012580 -0.001459 0.002763
0.005424 -0.002734 -0.001550
-0.003014 0.001186 0.002251
-0.005257 0.003912 0.002092
-0.003391 0.005098 -0.002185
0.006139 -0.000971 -0.000793
0.003530 -0.000855 -0.006338
0.003314 0.000517 0.000285
0.009833 0.005655 0.000620
-0.000913 -0.004891 -0.005809
0.002876 0.002657 0.006564
-0.018503 -0.000783 0.002898
0.001776 0.004189 0.012510
0.001685 -0.007656 -0.020664
0.023535 0.001014 0.006991
-0.005776 0.000245 0.007968
-0.050028 -0.001709 0.035888
0.004537 -0.002181 0.002078
0.035857 0.000970 0.033567
-0.002524 0.001687 0.003748
-0.003410 0.006940 -0.004999
0.005963 -0.000634 -0.000653
0.004848 -0.000862 -0.004690
-0.002147 0.006012 0.010753
0.009798 0.005563 0.031272
-0.000805 -0.006694 -0.009618
0.004351 0.007992 0.009909
-0.022334 -0.004231 -0.004251
0.003683 0.050061 0.052043
-0.000029 0.013509 0.010643
0.017480 -0.000927 -0.001172
0.012080 0.000925 0.027758
