2176.0000 0.05 1
1.11111
4.44444
11.1111
2.22222
11.1111
4.44444
13.3333
11.1111
20
11.1111
6.66667
11.1111
24.4444
23.3333
17.7778
23.3333
26.6667
18.8889
13.3333
32.2222
18.8889
8.88889
4.44444
10
14.4444
16.6667
34.4444
37.7778
25.5556
40
11.1111
26.6667
17.7778
31.1111
24.4444
32.2222
28.8889
25.5556
40
24.4444
32.2222
46.6667
36.6667
47.7778
70
55.5556
56.6667
41.1111
80
108.889
93.3333
126.667
127.778
141.111
146.667
146.667
161.111
190
187.778
204.444
216.667
267.778
192.222
230
232.222
288.889
237.778
276.667
255.556
261.111
290
302.222
317.778
337.778
318.889
352.222
282.222
347.778
305.556
307.778
296.667
300
291.111
277.778
314.444
273.333
248.889
287.778
290
297.778
314.444
314.444
323.333
305.556
335.556
321.111
315.556
294.444
292.222
301.111
301.111
292.222
332.222
357.778
315.556
358.889
378.889
361.111
348.889
352.222
336.667
297.778
251.111
213.333
177.778
162.222
191.111
238.889
264.444
331.111
353.333
392.222
418.889
400
431.111
410
452.222
400
380
354.444
346.667
373.333
345.556
398.889
378.889
375.556
388.889
427.778
404.444
456.667
408.889
407.778
408.889
358.889
357.778
374.444
371.111
376.667
433.333
413.333
412.222
438.889
403.333
336.667
356.667
322.222
351.111
311.111
330
257.778
284.444
255.556
274.444
262.222
240
224.444
274.444
208.889
248.889
214.444
233.333
257.778
221.111
244.444
234.444
214.444
206.667
227.778
176.667
204.444
177.778
197.778
175.556
175.556
253.333
235.556
233.333
213.333
216.667
168.889
175.556
197.778
257.778
241.111
224.444
268.889
245.556
221.111
257.778
354.444
342.222
317.778
303.333
330
308.889
332.222
378.889
413.333
432.222
427.778
445.556
430
507.778
480
503.333
474.444
432.222
352.222
310
226.667
120
8.88889
1.11111
0
0
0
0
0
0
0
0
0
0
0
0
0
0
0
0
0
0
0
0
0
0
6.66667
0
2.22222
2.22222
0
0
6.66667
2.22222
1.11111
2.22222
2.22222
2.22222
2.22222
2.22222
4.44444
8.88889
0
4.44444
0
2.22222
1.11111
0
0
0
2.22222
0
2.22222
0
