-0.001242 0.011303 0.010404
-0.008866 0.002695 0.000914
-0.001304 0.018542 0.000716
0.011546 0.007736 -0.003471
-0.002323 0.017578 -0.003426
-0.008274 0.000395 -0.002148
-0.000457 0.003258 0.004310
-0.000744 -0.014659 -0.002697
-0.001857 -0.010794 -0.000860
-0.011254 -0.005129 -0.002332
0.010545 -0.004035 0.000361
-0.009164 -0.004438 -0.003144
0.004036 -0.008154 0.004048
0.004151 -0.019975 0.000104
-0.005825 0.022043 0.003664
0.013805 -0.011196 0.001409
-0.000682 0.011450 0.011900
-0.008196 0.001427 0.002344
-0.002146 0.019142 0.000435
0.010561 0.008262 -0.003682
-0.002558 0.016002 -0.005205
-0.009898 0.000432 -0.002750
-0.007382 0.006259 0.008983
0.001685 -0.015923 -0.002530
-0.004098 -0.007262 -0.001208
-0.011444 -0.004850 -0.001194
0.013037 -0.007256 0.000515
-0.014716 -0.007840 -0.003718
0.005405 -0.007678 0.003474
0.003012 -0.019513 -0.000114
-0.003668 -0.000415 0.001666
0.014154 -0.013207 0.001957
-0.000744 0.010923 0.011624
-0.008507 0.001381 0.001438
-0.000418 0.018633 0.000372
0.010703 0.008307 -0.004153
-0.001009 0.016293 -0.005747
-0.008930 0.000505 -0.002438
0.003455 0.002267 0.009653
-0.000431 -0.015768 -0.002162
-0.004549 -0.011665 -0.006354
-0.010637 -0.006425 -0.002062
0.011144 -0.005923 0.000948
-0.010475 -0.004820 -0.008143
0.002975 -0.005901 0.003904
0.002819 -0.018885 -0.001156
-0.004891 0.000521 0.001693
0.013628 -0.011071 0.003796
-0.002468 0.011257 0.016779
-0.009727 0.001316 0.001998
-0.000863 0.019221 0.006066
0.012068 0.007662 -0.005021
-0.002870 0.015862 -0.005725
-0.012090 -0.001158 -0.002269
-0.000203 0.003849 0.004139
0.000303 -0.011783 -0.002908
-0.004404 -0.012110 -0.001057
-0.011165 -0.004463 -0.002292
0.015537 -0.008307 0.000697
-0.009008 -0.005242 -0.001970
0.003555 -0.009372 -0.000778
-0.002105 -0.018090 -0.000836
-0.004382 -0.000263 0.002066
0.012137 -0.089967 0.077306
-0.000095 0.010249 0.010857
-0.009829 -0.001242 0.000963
-0.001335 0.019259 0.000821
0.011299 0.008172 -0.003276
-0.001335 0.015756 -0.000287
-0.008673 0.001389 -0.001493
-0.000454 0.003335 0.002943
-0.000017 -0.016562 -0.002585
-0.003985 -0.012144 -0.001126
-0.011448 -0.004344 -0.001343
0.011268 -0.006217 0.001527
-0.011033 -0.006799 -0.003285
0.004333 -0.007365 0.003935
0.004029 -0.020611 -0.000507
-0.003494 -0.004318 0.007467
0.012442 -0.010699 0.003091
-0.000431 0.011676 0.011347
-0.008915 0.004771 0.000322
-0.000292 0.019748 0.001067
0.017551 0.010248 0.004105
-0.001917 0.015772 -0.005831
-0.008069 -0.000153 0.002967
-0.000684 0.003832 0.003328
-0.000262 -0.013875 -0.007408
-0.003156 -0.008465 -0.006368
-0.073409 0.035791 0.080116
0.007336 -0.008637 0.005721
-0.005648 -0.007934 0.003746
0.002457 -0.007755 -0.000897
-0.014135 -0.028991 0.002375
-0.003596 0.002022 0.002284
0.013518 -0.011624 0.002178
-0.000856 0.010362 0.010376
-0.008362 -0.002445 0.000607
-0.001810 0.019151 0.000366
0.007916 0.004103 0.003622
-0.001475 0.015632 -0.007196
-0.010804 0.000493 0.001737
0.000298 0.003009 0.004131
-0.003862 -0.012327 -0.002123
0.000177 -0.008661 -0.001780
-0.013972 -0.004596 -0.000705
0.028596 0.003609 0.004571
-0.027301 0.004059 0.001138
0.004434 -0.012078 0.003024
0.005364 -0.017179 0.006090
-0.003338 -0.000691 0.001039
0.014608 -0.011481 0.002930
-0.000673 0.011984 0.016356
-0.009049 0.001372 0.001205
-0.001101 0.019077 0.006867
0.012144 0.007822 -0.002500
0.000118 0.015635 -0.005692
-0.005902 0.002802 -0.001464
-0.000263 0.003397 0.004028
0.001401 -0.015952 -0.007185
-0.004111 -0.012085 -0.000393
-0.010864 -0.004703 0.000308
0.013503 -0.004749 -0.005405
-0.008286 -0.004238 -0.003405
0.006842 -0.010745 0.004288
0.001009 -0.020856 -0.005938
-0.003184 0.000504 0.001274
0.014624 -0.012505 0.002457
0.000524 0.002449 -0.005042
0.007177 0.008054 -0.003898
-0.008904 0.009595 0.001948
0.006990 0.022479 -0.001938
-0.000238 -0.003094 -0.000276
0.001520 0.005021 -0.009659
-0.007934 -0.001832 0.000636
0.002475 0.005934 0.001238
-0.001254 0.007955 -0.002896
0.018237 -0.011526 0.003396
-0.008894 0.010170 0.002397
-0.005006 -0.001290 0.001095
0.011145 -0.005278 0.000209
-0.003396 -0.004511 0.004402
0.014733 -0.009226 0.002211
-0.017144 -0.032347 0.005631
-0.000302 0.003085 -0.004761
0.007622 0.008765 0.003145
-0.009728 0.010229 0.001676
0.006945 0.022771 -0.001385
0.000044 -0.002479 -0.000197
0.002467 0.003250 -0.009185
-0.007778 -0.002539 -0.000486
0.003106 0.005392 -0.000060
0.002297 0.005598 -0.002542
0.017127 -0.011604 0.004394
-0.009077 0.010493 0.001709
-0.003648 -0.002454 -0.000212
0.013879 -0.006014 -0.005752
-0.003715 -0.005300 0.004139
0.011023 -0.009829 0.002286
-0.016397 -0.012036 0.001396
-0.000054 0.003427 -0.004941
0.005363 0.007632 0.002650
-0.010495 0.010567 0.003104
0.006743 0.023699 -0.003419
0.000338 -0.003210 0.000008
0.001332 0.004016 -0.009290
-0.008080 -0.001125 -0.000009
0.003368 0.005656 0.000022
-0.003373 0.009688 -0.000984
0.018509 -0.012060 0.002548
-0.007235 0.009290 0.001083
-0.004939 -0.001123 0.000833
0.012199 -0.009458 -0.000723
-0.003502 -0.005570 0.005169
0.009988 -0.010693 0.002592
-0.016967 -0.011392 0.002509
0.000067 0.003308 -0.005619
0.007405 0.008202 -0.002845
-0.009549 0.010770 0.002301
0.006795 0.023243 -0.003101
-0.000405 -0.002636 -0.001179
0.001459 0.004517 -0.009494
-0.008709 -0.002632 -0.000404
0.002697 0.005028 0.001846
-0.000865 0.008364 -0.001506
0.071897 0.023765 0.061725
-0.008623 0.010475 0.001230
-0.005851 -0.001336 0.000850
0.011879 -0.004752 0.000684
-0.004059 -0.005525 0.003708
0.027533 -0.019111 0.006432
-0.018300 -0.012125 0.001022
-0.000779 0.003999 -0.004776
0.007422 0.008690 -0.003631
-0.010443 0.011844 0.001786
0.007330 0.024047 -0.001536
-0.000109 -0.002885 -0.000184
0.001678 0.003644 -0.009714
-0.008374 -0.002069 -0.001504
0.003054 0.004378 0.000949
-0.000339 0.007067 -0.001853
0.018091 -0.011794 0.002922
-0.007963 0.010178 0.001854
-0.004186 -0.000856 0.000089
0.012163 -0.004761 0.000511
-0.003396 -0.005601 0.004694
0.012037 -0.011258 -0.002405
-0.015762 -0.006428 0.007249
0.000101 0.003459 -0.006483
0.007447 0.007537 -0.003589
-0.007974 0.005053 0.005609
0.007639 0.016846 0.003808
-0.001492 -0.002304 0.019771
0.005711 0.006318 -0.004192
-0.008141 -0.001814 -0.001992
-0.001712 0.010060 0.005386
-0.002108 0.007948 0.001922
0.018851 -0.010714 0.003341
-0.009187 0.012464 0.001718
-0.006452 -0.002819 0.000160
0.012124 -0.006659 -0.005152
-0.001906 -0.006248 0.005472
0.010504 -0.009715 0.002902
-0.017109 -0.012748 0.002091
0.019060 0.005446 -0.543376
0.007404 0.009216 -0.003926
-0.009702 0.014713 0.007917
0.006461 0.026841 0.004192
0.000712 -0.003013 0.023388
-0.002817 0.003622 -0.004729
-0.008773 -0.002533 0.001075
0.005124 0.003464 0.003565
-0.001647 0.009700 0.004947
0.017282 -0.013215 0.002670
-0.009741 0.071366 0.054773
-0.056597 -0.031049 0.055803
0.008998 -0.009375 0.000071
0.047618 -0.036640 0.059084
0.009589 -0.010365 0.002227
-0.016452 -0.011913 0.000370
-0.000796 0.002867 -0.005200
0.008050 0.008837 -0.002923
-0.010160 0.010879 -0.000338
0.007038 0.023487 -0.001675
0.000178 -0.002855 -0.000920
0.001198 0.004418 -0.009083
-0.008249 -0.001723 -0.000083
0.002866 0.005796 0.000116
-0.000615 0.007271 -0.002167
0.019558 -0.010569 0.003213
-0.009480 0.010639 0.002104
-0.005243 0.000027 -0.000281
0.011530 -0.005442 0.000311
-0.003724 -0.005697 0.006493
0.007919 -0.008733 0.009779
-0.015909 -0.012090 0.001445
