2176.0000 0.05 1
1.11111
4.44444
11.1111
2.22222
11.1111
4.44444
13.3333
11.1111
20
11.1111
6.66667
11.1111
24.4444
23.3333
17.7778
23.3333
28.8889
16.6667
13.3333
34.4444
16.6667
11.1111
2.22222
10
14.4444
16.6667
34.4444
40
23.3333
40
11.1111
26.6667
17.7778
33.3333
22.2222
32.2222
28.8889
25.5556
40
24.4444
32.2222
46.6667
36.6667
47.7778
70
55.5556
56.6667
41.1111
80
106.667
95.5556
126.667
127.778
136.667
151.111
144.444
161.111
192.222
192.222
200
216.667
267.778
192.222
230
230
291.111
240
274.444
255.556
261.111
291.111
301.111
317.778
335.556
318.889
352.222
284.444
345.556
301.111
313.333
293.333
302.222
291.111
280
314.444
268.889
251.111
285.556
294.444
295.556
316.667
314.444
323.333
312.222
328.889
321.111
315.556
296.667
290
303.333
300
291.111
330
355.556
321.111
355.556
378.889
356.667
353.333
354.444
336.667
295.556
253.333
213.333
180
162.222
188.889
238.889
264.444
328.889
352.222
395.556
420
398.889
425.556
417.778
445.556
404.444
380
354.444
344.444
371.111
347.778
398.889
380
374.444
388.889
425.556
408.889
454.444
410
406.667
408.889
358.889
357.778
378.889
366.667
375.556
434.444
413.333
408.889
444.444
401.111
334.444
361.111
320
348.889
313.333
327.778
262.222
281.111
261.111
270
262.222
242.222
224.444
274.444
211.111
245.556
215.556
230
256.667
225.556
242.222
236.667
214.444
204.444
227.778
178.889
207.778
174.444
197.778
173.333
176.667
254.444
233.333
235.556
213.333
216.667
168.889
174.444
197.778
263.333
236.667
220
272.222
241.111
228.889
255.556
352.222
340
322.222
298.889
334.444
307.778
331.111
382.222
407.778
433.333
426.667
447.778
434.444
506.667
472.222
498.889
467.778
434.444
352.222
314.444
231.111
116.667
18.8889
1.11111
0
0
0
0
0
0
0
0
0
0
0
0
0
0
0
0
0
0
0
0
0
0
4.44444
2.22222
0
2.22222
0
0
6.66667
0
5.55556
2.22222
2.22222
0
4.44444
2.22222
6.66667
2.22222
2.22222
2.22222
2.22222
3.33333
0
2.22222
0
0
2.22222
0
2.22222
0
