0.000160 0.010702 0.012346
-0.010158 0.001653 0.000540
-0.002523 0.020028 -0.001020
0.011495 0.008517 -0.003002
-0.002190 0.015691 -0.005918
-0.008192 0.000874 -0.002643
-0.001663 0.003565 0.004055
-0.000716 -0.016154 -0.002666
-0.003105 -0.011547 -0.000520
-0.014303 -0.008124 -0.002887
0.010587 -0.006826 -0.000345
-0.009658 -0.006464 -0.002519
0.004594 -0.007314 0.003658
0.003177 -0.018015 -0.001835
-0.002751 0.000016 0.001128
0.014299 -0.011526 0.002893
-0.005311 0.011529 0.011536
-0.011036 0.003398 0.000605
-0.002413 0.018728 0.001056
0.010303 0.008681 -0.003332
-0.002036 0.016279 -0.005660
-0.010300 0.000014 -0.003529
-0.001231 0.004219 0.004415
0.001157 -0.015053 -0.002128
-0.003295 -0.011500 -0.000923
-0.011398 -0.004267 -0.002020
0.011092 -0.006905 0.000439
-0.010217 -0.005969 -0.003048
0.004638 -0.008375 0.003958
0.003602 -0.019514 -0.001211
-0.004700 0.000933 -0.001025
0.013943 -0.010525 0.002150
0.000109 0.010499 0.012933
-0.010195 0.003915 0.000644
-0.002186 0.019912 0.000426
0.020924 0.006077 -0.003024
0.008336 0.014762 -0.006338
-0.006142 -0.004172 -0.001569
-0.001220 0.003588 0.005146
-0.002232 -0.014306 -0.003155
-0.003474 -0.011186 -0.001072
-0.009472 -0.008020 0.000731
0.010616 -0.006931 0.000669
-0.009738 -0.006282 -0.003720
0.004780 -0.008375 0.004477
0.002356 -0.019641 -0.000700
-0.000471 -0.004302 -0.003397
0.014199 -0.011667 0.002792
-0.002304 0.011304 0.012740
-0.009609 0.001563 0.000315
-0.000744 0.019104 0.000731
0.013319 0.003673 -0.004435
0.000175 0.017626 -0.005997
0.002687 0.001183 -0.001689
0.016912 -0.060069 0.005479
-0.001288 -0.016482 -0.002911
-0.002196 -0.009752 -0.004803
-0.012679 -0.004992 -0.004318
0.010754 -0.007809 -0.000549
-0.016189 -0.004413 -0.002277
0.054756 0.028320 -0.074945
0.003588 -0.019011 -0.000672
-0.002900 0.000773 0.002546
0.012805 -0.012095 0.000679
-0.005151 0.010591 0.012143
-0.002488 0.002205 0.000976
-0.002041 0.019475 0.002070
0.010405 0.008843 -0.002982
-0.002695 0.016447 -0.006249
-0.010900 0.002384 -0.001925
-0.001810 0.004320 0.007321
0.000725 -0.016611 -0.003643
-0.005351 -0.010100 -0.000122
-0.012451 -0.004865 -0.002328
0.010230 -0.005501 0.001363
-0.008991 -0.007494 -0.004136
0.001982 -0.004949 0.004190
0.002726 -0.019828 0.000333
-0.002818 0.001468 0.001676
0.015104 -0.011743 0.003286
0.000053 0.010297 0.012230
-0.008413 0.001482 0.000891
-0.000199 0.019752 0.000557
0.009678 0.006831 -0.002829
0.000714 0.013440 -0.012494
-0.008473 0.005188 -0.003200
0.000518 0.003303 0.003964
0.000494 -0.015393 0.000144
-0.005194 -0.012117 -0.000143
-0.011346 -0.005946 -0.002392
0.007363 -0.006914 0.000433
-0.009446 -0.006495 -0.004694
0.003038 -0.007640 0.004418
0.000170 -0.019758 -0.001519
0.008528 -0.010310 -0.012528
0.012736 -0.009734 0.006279
-0.606536 0.012207 0.017356
0.088085 0.029153 0.002703
0.018711 0.006551 0.001159
0.013697 0.010496 -0.002663
-0.000418 0.013808 -0.001864
-0.008603 0.005099 -0.001929
0.000945 0.004064 0.006144
0.053564 0.020923 0.075750
0.007165 -0.011524 0.001397
-0.011273 -0.004234 -0.000789
0.003129 -0.007707 0.000486
-0.008591 -0.004684 -0.002716
0.005548 -0.007941 0.003506
-0.004533 -0.021456 -0.000351
-0.004432 -0.001843 0.004769
0.022970 0.000290 -0.015039
-0.000436 0.012142 0.011882
-0.009692 0.000766 0.000684
-0.000259 0.018990 0.000610
0.013236 0.003208 -0.000729
-0.003650 0.015972 -0.005727
-0.009108 0.000383 -0.001897
0.001273 0.003916 0.005756
0.001102 -0.015884 -0.002338
-0.003642 -0.013308 -0.000681
-0.002287 -0.006042 -0.002875
0.011087 -0.005909 0.000327
-0.010141 -0.005728 -0.004086
0.003828 -0.007446 0.001818
0.003259 -0.020645 0.000332
-0.003678 0.001093 0.001304
0.016756 -0.007450 -0.001413
-0.001334 0.003254 -0.005229
0.034687 0.011671 -0.003171
-0.010133 0.009777 0.002292
0.007191 0.023741 -0.001387
0.000390 -0.002856 -0.000200
0.001912 0.004194 -0.009629
-0.007868 -0.001924 0.000912
-0.000226 0.007033 -0.001404
-0.000394 0.007768 -0.001487
0.019166 -0.011020 0.002849
-0.008254 0.010105 0.001876
-0.004946 -0.000850 -0.000124
0.010645 -0.005170 -0.000932
-0.004357 -0.005212 0.004737
0.009827 -0.009475 0.002095
-0.015929 -0.011323 0.001406
-0.002411 0.004521 -0.004653
0.006972 0.009174 -0.002141
-0.008925 0.010637 0.002076
0.006852 0.023540 -0.001539
-0.001407 -0.002676 -0.000332
0.002051 0.004324 -0.009672
-0.009534 -0.004050 0.000450
0.004019 0.005130 -0.000488
0.001901 0.007985 -0.001979
0.017686 -0.010762 0.003925
-0.008968 0.010255 0.001843
-0.004056 -0.000664 0.000037
0.010499 -0.004614 -0.000922
-0.003385 -0.003860 0.004515
0.011154 -0.010178 0.000784
-0.018658 -0.011664 0.003317
-0.001149 0.004002 -0.005761
0.008530 0.008062 -0.002747
-0.010367 0.011535 0.002262
0.009115 0.019917 -0.001109
0.003685 -0.008908 -0.000615
-0.000947 0.005928 -0.009771
-0.005994 -0.011757 -0.000145
0.012357 0.005192 0.000460
-0.000482 0.008182 -0.002516
0.018596 -0.011670 0.002896
-0.007177 0.009871 0.001527
-0.007060 -0.000984 -0.000486
0.012072 -0.005939 0.001459
-0.002211 -0.007825 0.002083
0.010206 -0.010148 0.002418
-0.014108 -0.015252 0.005874
0.053389 -0.018265 -0.004684
0.006228 0.010435 -0.002338
-0.011882 0.009870 -0.001271
0.008235 0.025011 0.002531
0.006122 -0.000500 0.006105
0.004896 0.004195 -0.009378
-0.002417 0.008814 0.000137
0.001142 0.005051 -0.000472
0.017054 0.056886 -0.001249
0.018713 -0.011040 0.003811
0.001128 0.020917 0.016842
0.044469 -0.031935 0.056138
0.013482 -0.002963 0.002924
0.003429 -0.006428 0.005278
0.010903 -0.009611 0.003401
-0.015998 -0.011375 0.000289
0.011391 0.003267 -0.005190
0.008764 0.007618 -0.002514
-0.010257 0.010033 0.002394
0.005129 0.024740 -0.001351
0.000665 -0.002996 -0.000753
-0.000413 0.005073 -0.010164
-0.006541 -0.002382 -0.000158
0.000483 0.006959 0.000669
-0.001610 0.006895 -0.003003
0.016773 -0.011530 0.002895
-0.007537 0.010230 0.002884
-0.004162 -0.000637 -0.000538
0.011023 -0.006197 -0.000202
-0.006636 -0.007327 0.004383
0.008984 -0.008958 0.002584
-0.015579 -0.012392 0.001986
-0.001012 0.000752 -0.004908
0.023739 0.006159 -0.001555
-0.009565 0.010170 0.001970
0.006465 0.023151 -0.001411
-0.000604 0.000095 -0.000670
-0.000190 0.002575 -0.010149
-0.003166 -0.004227 -0.004610
0.003903 0.005485 0.000298
-0.000671 0.006594 -0.001511
0.016890 -0.011179 0.000988
-0.009541 0.009238 0.004658
-0.004685 -0.000847 -0.000728
0.020307 -0.004055 -0.001565
-0.002258 -0.006051 0.004574
0.009232 -0.009806 0.002512
-0.017058 -0.013341 -0.002419
0.000039 0.001720 -0.005345
0.007906 0.006176 -0.002185
0.003302 0.011545 0.001780
0.018839 0.024037 -0.003014
0.005836 0.012449 -0.000665
-0.000742 0.002743 -0.009870
-0.002214 -0.002838 0.005589
0.013014 0.004175 -0.000200
-0.001254 0.006292 -0.002773
0.070870 -0.040154 -0.057945
-0.006281 0.013683 0.006908
-0.007389 -0.002075 -0.000895
0.010574 -0.006145 -0.001842
-0.002162 -0.004792 0.003178
0.009646 -0.011880 0.001516
-0.007188 -0.022121 0.015930
-0.000404 0.003683 -0.005234
0.009182 0.008760 -0.001707
-0.011705 0.009693 0.005631
0.007118 0.025455 -0.004176
0.006058 -0.001299 -0.005916
0.003344 0.005076 -0.010782
-0.009649 -0.001557 0.000868
0.001252 0.004611 -0.000003
0.000987 0.007628 -0.002306
0.016277 -0.013966 0.003224
-0.009502 0.012165 -0.001685
-0.005002 -0.001105 0.001673
0.010949 -0.006561 0.000026
-0.004636 -0.005617 0.005790
0.010140 -0.009134 0.002355
-0.016496 -0.011268 0.001700
