2176.0000 0.05 1
1.11111
4.44444
11.1111
2.22222
11.1111
4.44444
13.3333
11.1111
20
11.1111
6.66667
11.1111
24.4444
23.3333
17.7778
23.3333
28.8889
16.6667
13.3333
34.4444
16.6667
11.1111
2.22222
10
14.4444
16.6667
34.4444
40
23.3333
40
11.1111
26.6667
17.7778
28.8889
26.6667
32.2222
28.8889
25.5556
40
22.2222
34.4444
46.6667
36.6667
47.7778
70
55.5556
56.6667
41.1111
80
106.667
95.5556
126.667
127.778
132.222
155.556
144.444
161.111
192.222
187.778
206.667
214.444
270
192.222
227.778
234.444
286.667
235.556
280
254.444
258.889
290
306.667
313.333
337.778
321.111
350
284.444
347.778
300
313.333
294.444
297.778
295.556
275.556
316.667
271.111
248.889
283.333
296.667
295.556
314.444
316.667
321.111
307.778
337.778
314.444
320
296.667
290
301.111
303.333
287.778
332.222
355.556
321.111
361.111
368.889
361.111
353.333
354.444
336.667
295.556
251.111
217.778
175.556
162.222
188.889
241.111
264.444
331.111
352.222
393.333
421.111
400
431.111
407.778
447.778
404.444
380
356.667
346.667
368.889
347.778
396.667
380
376.667
382.222
430
408.889
454.444
411.111
407.778
406.667
356.667
360
374.444
371.111
373.333
434.444
415.556
412.222
441.111
398.889
338.889
358.889
322.222
348.889
314.444
328.889
257.778
283.333
256.667
270
264.444
242.222
224.444
276.667
206.667
245.556
217.778
228.889
262.222
225.556
240
234.444
214.444
208.889
227.778
176.667
203.333
176.667
200
173.333
174.444
258.889
231.111
233.333
213.333
216.667
168.889
176.667
195.556
258.889
241.111
224.444
272.222
240
227.778
257.778
350
340
320
303.333
330
307.778
331.111
382.222
412.222
430
430
445.556
432.222
507.778
471.111
498.889
466.667
431.111
352.222
320
225.556
125.556
14.4444
1.11111
0
0
0
0
0
0
0
0
0
0
0
0
0
0
0
0
0
0
0
0
0
2.22222
4.44444
0
2.22222
0
0
0
4.44444
4.44444
3.33333
2.22222
2.22222
0
4.44444
2.22222
4.44444
4.44444
2.22222
2.22222
2.22222
2.22222
1.11111
2.22222
0
0
2.22222
2.22222
0
