-0.005524 0.010729 0.012958
-0.009861 0.001517 0.000175
-0.077078 0.057618 0.090810
0.011638 0.007737 -0.001121
-0.002816 0.016854 -0.005552
-0.006421 -0.003048 -0.002793
0.000047 0.003882 0.004721
0.000421 -0.015993 -0.002510
-0.002966 -0.011776 -0.002288
-0.009348 -0.003678 -0.001640
0.010957 -0.006942 -0.001709
-0.010142 -0.006386 -0.003906
0.004806 -0.008605 0.003603
-0.000446 -0.016841 0.004706
-0.003671 0.000858 0.001305
0.014045 -0.011960 0.003205
-0.000606 0.012292 0.012738
-0.009330 0.001425 0.001034
-0.000650 0.019913 0.000933
0.095825 -0.035306 0.098151
-0.001630 0.016196 -0.004116
-0.009286 0.000141 -0.001798
-0.000199 0.003205 0.005456
0.000622 -0.015902 -0.002678
-0.002858 -0.012230 -0.002524
-0.009804 -0.004350 -0.002535
0.012066 -0.006218 -0.000371
-0.009972 -0.006142 -0.004877
0.002148 -0.007533 0.003322
0.003582 -0.018510 -0.000136
-0.004625 0.001578 0.001131
0.014071 -0.011809 0.001040
-0.001151 0.011022 0.012665
-0.008564 0.001793 0.000899
-0.000861 0.019205 0.002269
0.012179 0.006888 -0.003620
-0.002055 0.015814 -0.006430
-0.009675 0.000131 -0.002648
0.000633 0.002085 0.004825
-0.000165 -0.014961 -0.003005
-0.004051 -0.010793 -0.001954
-0.011532 -0.005179 0.003408
0.010937 -0.006911 -0.000414
-0.009431 -0.006510 -0.005137
0.005950 -0.008079 0.003670
0.003682 -0.019457 -0.000326
-0.003259 -0.000305 0.001257
0.013429 -0.010911 0.002016
0.000019 0.011234 0.012511
-0.009410 0.001036 0.000634
-0.001634 0.019042 0.001131
0.012468 0.006947 -0.002315
-0.002209 0.014716 -0.006691
-0.008188 0.001833 -0.001076
-0.001344 0.002595 0.003917
-0.000050 -0.015829 -0.003460
-0.003633 -0.011190 -0.003191
-0.012166 -0.004997 -0.001572
0.010994 -0.006606 -0.000211
-0.009035 -0.005926 0.002978
0.004290 -0.007676 0.009244
0.002856 -0.019738 -0.001134
-0.002739 0.002083 0.001502
0.013710 -0.011467 0.003507
-0.002918 0.012170 0.007472
-0.007574 0.000685 0.001218
-0.003255 0.019972 0.000659
0.010302 0.007811 -0.003348
-0.002273 0.015612 -0.005840
-0.007079 0.000414 -0.006254
0.000305 0.003342 0.005622
-0.000206 -0.015386 -0.004813
-0.003981 -0.011342 -0.001017
-0.013899 -0.006479 -0.001960
0.011095 -0.007179 0.006239
-0.009332 -0.006331 -0.003905
0.003469 -0.006772 0.002975
0.007423 -0.023860 0.003678
-0.003877 0.000324 0.001390
0.013538 -0.010899 0.001110
-0.015157 0.021531 0.014011
-0.007889 0.095490 0.102646
-0.001590 0.018355 0.000084
0.012014 0.007616 -0.002347
0.000131 0.016595 -0.006587
-0.010411 -0.002009 -0.007308
-0.000608 0.002933 0.005154
0.000796 -0.009403 0.004386
-0.003322 -0.004869 0.003862
-0.011851 -0.005334 -0.002178
0.011477 -0.007097 -0.001179
-0.009651 -0.006762 -0.004479
0.004320 -0.007669 0.004167
0.003607 -0.019343 0.000461
-0.003706 0.000404 -0.005433
0.013982 -0.011311 0.001586
0.002453 0.009566 0.016741
-0.008283 0.003133 0.000768
-0.001505 0.019280 0.001115
0.011478 0.008393 -0.002312
0.064677 0.052609 0.069742
-0.011237 -0.002047 -0.002558
0.000104 0.005306 0.003791
-0.001261 -0.021309 0.003777
-0.003358 -0.016217 0.004760
-0.010787 -0.004809 -0.001288
0.010675 -0.005759 -0.001117
-0.008649 -0.004955 -0.003885
0.004122 -0.008069 0.003540
0.003740 -0.020364 -0.001590
-0.001733 -0.013647 -0.645034
0.013521 -0.011187 0.001878
-0.000659 0.011565 0.012983
-0.009033 0.001213 0.000171
-0.000822 0.018234 0.000462
0.011172 0.008994 -0.002772
-0.001033 0.017001 -0.004783
-0.007189 0.000634 -0.001599
-0.076751 -0.038530 0.092223
-0.000526 -0.015885 -0.003831
-0.003462 -0.012046 -0.001218
-0.010403 -0.005512 -0.002358
0.011769 -0.006953 0.000078
-0.009669 -0.006098 -0.006083
0.001937 -0.005962 0.004579
0.003427 -0.019326 -0.001248
-0.005262 -0.000766 0.001182
0.014212 -0.010818 0.001390
-0.001180 0.003939 -0.005048
0.007402 0.008653 -0.002362
-0.011550 0.014057 0.002516
0.008020 0.023490 -0.001314
0.002084 -0.003134 -0.000728
0.001445 0.004552 -0.009650
-0.007785 -0.002319 -0.000490
-0.014419 -0.002785 0.003572
-0.002157 0.008019 -0.001884
0.016542 -0.010621 0.006430
-0.008292 0.010645 0.003803
-0.005513 -0.000844 -0.001628
0.011454 -0.005436 -0.000315
-0.003120 -0.005230 0.004414
0.009749 -0.008939 0.002543
-0.016533 -0.011770 0.001154
0.000505 0.001002 0.000852
0.007131 0.008129 -0.001216
-0.009132 0.011507 0.002410
0.006845 0.023103 -0.001561
-0.001718 -0.019701 0.001697
0.006099 0.004784 -0.008912
-0.008507 -0.002545 -0.000221
-0.001311 0.006682 0.000312
-0.001051 0.008656 -0.001358
0.016344 -0.011691 0.002872
-0.008379 0.011574 0.002193
0.000103 -0.003206 0.005102
0.011194 -0.005319 0.000455
-0.009754 -0.006613 0.009660
0.009924 -0.009303 0.002205
-0.017011 -0.012162 0.001155
0.000828 0.020781 -0.002859
0.006571 0.009838 -0.001621
-0.010494 0.010765 0.002872
0.006877 0.023112 -0.000921
-0.000260 -0.000307 0.005224
0.003470 0.003295 -0.014832
-0.008238 -0.002192 0.002019
0.001579 0.004144 -0.004148
0.000217 0.007763 -0.001971
0.019775 -0.011287 0.003495
-0.008965 0.008796 0.001418
-0.010133 0.000646 0.005442
0.012065 -0.005548 -0.000368
0.002247 -0.005442 0.009027
0.010111 -0.010309 0.002028
-0.016566 -0.011412 0.002169
-0.000999 0.002685 -0.004879
0.011798 0.007545 -0.002121
-0.010661 0.010112 0.003226
0.008434 0.024223 -0.006108
0.000651 -0.002182 -0.000601
-0.002043 0.005875 -0.006137
-0.008016 -0.001882 0.000497
0.003044 0.005109 0.001234
-0.002778 0.006600 -0.006587
0.018507 -0.011173 0.002307
-0.008249 0.010063 0.002735
-0.005108 -0.001234 -0.002718
0.009318 -0.007432 0.000008
-0.003129 -0.005677 0.004448
0.009896 -0.010313 0.005348
-0.016719 -0.011908 0.001536
-0.000146 0.002575 -0.004885
0.008309 0.007951 -0.002178
-0.011753 0.011640 -0.001704
0.007204 0.023719 -0.000528
-0.000347 -0.002038 -0.000309
0.001227 0.003307 -0.009279
-0.009037 -0.001116 0.001173
0.006813 0.007382 0.004315
-0.001073 0.007206 -0.001305
0.018642 -0.011891 0.008524
-0.008587 0.009965 0.001067
-0.004872 -0.000877 -0.000435
0.011441 -0.005377 -0.000398
-0.003459 -0.005903 0.001623
0.010049 -0.009366 0.002866
-0.016353 -0.012342 0.001768
0.000303 0.005265 -0.004671
0.004086 0.007455 0.002884
-0.006829 0.013285 0.001778
0.003815 0.027185 -0.001725
0.000106 -0.002541 -0.001393
0.000503 0.002931 -0.009963
-0.008816 -0.003666 0.001591
0.004445 0.004755 0.001361
-0.000177 0.004819 -0.006798
0.019831 -0.012098 0.003107
-0.008493 0.007900 0.002093
-0.004794 -0.000898 -0.000724
0.011618 -0.005665 0.006217
-0.003257 -0.005387 0.003520
0.007545 -0.015831 0.008259
-0.017458 -0.011529 0.018720
0.000446 0.002537 -0.005944
0.022198 0.017578 0.000580
-0.010197 0.012681 -0.001347
0.007005 0.024695 -0.007645
-0.000561 -0.003357 -0.000168
0.001758 0.004367 -0.009200
-0.007877 -0.076349 0.076002
0.003425 0.004684 0.000463
0.001704 0.005108 -0.002671
0.017310 -0.010984 0.002857
-0.008242 0.012908 0.002506
-0.005249 -0.001247 -0.000577
0.012922 -0.004833 0.001192
-0.003150 -0.005818 0.003695
0.013221 -0.005299 0.008386
-0.016273 -0.012397 0.021935
-0.000298 0.004095 -0.005315
0.008422 0.009818 -0.006373
-0.011278 0.010402 0.002872
0.008786 0.027852 -0.001537
-0.001168 -0.003645 -0.000801
0.015814 -0.004977 -0.007099
-0.008195 -0.002076 0.000342
0.002979 0.005599 -0.000625
-0.002324 0.002988 -0.002541
0.017772 -0.011828 0.002944
-0.008226 0.010669 0.003328
-0.004730 -0.001175 0.000099
0.014591 -0.003536 0.000561
-0.003220 -0.005622 0.003810
0.009950 -0.009575 0.003114
-0.016796 -0.011786 0.001206
