2176.0000 0.05 1
1.875
3.75
6.25
6.25
7.5
16.25
8.75
6.25
18.75
15
14.375
16.25
25
16.25
6.25
31.25
23.125
18.125
30
8.75
10
13.125
10
10
16.25
20
25
30
37.5
19.375
22.5
28.75
13.75
26.875
20.625
29.375
21.25
41.25
44.375
30.625
38.75
55
47.5
45.625
41.875
67.5
54.375
49.375
84.375
92.5
98.75
125.625
136.875
133.125
139.375
153.75
181.875
150.625
158.75
200
177.5
175
234.375
251.25
268.75
236.875
235
281.875
290.625
310.625
296.25
321.25
302.5
311.25
323.125
341.25
341.25
361.25
318.125
355.625
373.75
361.875
331.25
359.375
331.25
380.625
313.125
293.125
304.375
285
275
254.375
232.5
250
251.875
299.375
206.25
249.375
310.625
295
316.25
310.625
309.375
300
250.625
293.75
308.125
297.5
327.5
273.75
278.75
303.125
271.875
321.875
292.5
315
246.875
298.75
351.875
318.75
316.25
315.625
327.5
367.5
336.875
381.875
400.625
378.125
391.25
394.375
393.75
431.875
452.5
468.75
453.75
440.625
452.5
436.875
447.5
418.125
405
430
380
360
315
355
328.125
310
317.5
330.625
303.125
274.375
217.5
255
250
301.875
281.25
246.25
271.25
226.25
321.875
285.625
328.125
303.75
300
290.625
288.125
294.375
351.25
290
323.75
351.25
374.375
353.75
263.75
284.375
215.625
287.5
345
267.5
264.375
267.5
256.875
236.25
245
251.25
263.125
328.75
240
226.25
235.625
226.25
181.25
246.25
255
281.25
255.625
309.375
250.625
264.375
256.25
207.5
205.625
267.5
254.375
325
344.375
343.75
355.625
274.375
367.5
291.875
515
538.125
508.125
423.75
366.25
263.75
226.875
207.5
165
120.625
58.75
32.5
11.25
4.375
1.25
4.375
1.25
0
0
0
0
0
0
0
0
0
0
2.5
0
