2176.0000 0.05 1
1.875
3.75
6.25
6.25
7.5
16.25
8.75
7.5
17.5
15
14.375
16.25
25
16.25
6.25
31.25
23.125
18.125
30
8.75
10
13.125
10
10
16.25
20
25
30
37.5
19.375
23.75
27.5
13.75
26.875
20.625
29.375
21.25
42.5
43.125
30.625
37.5
56.25
47.5
45.625
41.875
67.5
54.375
49.375
85
91.875
98.75
124.375
137.5
135
138.125
153.75
181.875
151.875
158.125
200.625
176.25
176.25
232.5
251.875
270
235
235.625
280.625
290.625
312.5
295.625
322.5
301.25
310
325.625
340
340
362.5
316.25
354.375
371.25
365
331.875
356.875
335.625
378.125
313.125
295.625
303.125
286.25
273.75
255.625
232.5
248.75
252.5
297.5
207.5
249.375
311.25
295.625
317.5
308.75
312.5
296.25
250.625
292.5
310
296.875
326.25
276.25
278.75
301.25
273.125
320.625
291.875
318.125
248.125
297.5
353.75
314.375
316.875
315.625
326.25
364.375
342.5
382.5
399.375
378.75
386.875
396.875
395.625
430.625
451.25
470.625
453.125
440
451.875
436.875
451.25
416.25
404.375
428.75
383.75
357.5
318.125
351.25
328.75
308.75
318.75
329.375
303.125
278.125
215
256.25
248.75
303.125
280
246.25
271.875
225.625
318.75
287.5
328.75
303.75
300.625
291.25
284.375
296.875
348.75
293.125
322.5
355
369.375
357.5
256.25
291.875
214.375
289.375
343.75
265.625
266.875
265.625
257.5
237.5
245
250
261.875
328.125
238.75
228.125
238.125
223.75
180
248.75
255
281.25
255.625
307.5
253.125
265
255
206.875
203.75
270
254.375
326.25
344.375
343.75
355
275
367.5
294.375
510
536.875
511.25
423.75
366.875
261.25
234.375
201.25
163.75
125
57.5
31.25
11.25
5
1.25
3.125
1.25
0
0
0
0
0
0
0
0
0
0
3.75
0
