2176.0000 0.05 1
1.11111
4.44444
11.1111
2.22222
11.1111
4.44444
13.3333
11.1111
20
11.1111
6.66667
11.1111
24.4444
23.3333
17.7778
23.3333
26.6667
18.8889
13.3333
32.2222
18.8889
8.88889
4.44444
10
14.4444
16.6667
34.4444
37.7778
25.5556
40
11.1111
26.6667
17.7778
31.1111
24.4444
32.2222
26.6667
27.7778
40
24.4444
32.2222
46.6667
36.6667
47.7778
70
55.5556
56.6667
41.1111
80
106.667
95.5556
126.667
127.778
141.111
146.667
146.667
161.111
190
187.778
204.444
216.667
267.778
192.222
230
234.444
286.667
237.778
278.889
253.333
263.333
291.111
298.889
317.778
337.778
318.889
352.222
284.444
347.778
303.333
307.778
297.778
298.889
293.333
275.556
314.444
273.333
248.889
283.333
294.444
297.778
314.444
316.667
323.333
305.556
337.778
314.444
317.778
296.667
292.222
301.111
302.222
291.111
330
357.778
317.778
358.889
376.667
361.111
351.111
350
343.333
291.111
251.111
215.556
177.778
160
188.889
241.111
266.667
331.111
350
396.667
420
397.778
428.889
410
450
402.222
382.222
356.667
340
373.333
347.778
400
380
382.222
377.778
427.778
408.889
456.667
407.778
408.889
408.889
356.667
360
376.667
366.667
374.444
440
413.333
411.111
437.778
403.333
336.667
354.444
320
355.556
306.667
334.444
257.778
284.444
257.778
272.222
260
240
224.444
276.667
208.889
243.333
217.778
232.222
261.111
223.333
244.444
232.222
212.222
206.667
227.778
178.889
206.667
174.444
196.667
175.556
174.444
256.667
235.556
232.222
213.333
215.556
168.889
175.556
197.778
262.222
238.889
222.222
272.222
241.111
226.667
260
350
340
321.111
300
330
308.889
336.667
380
412.222
425.556
430
443.333
436.667
508.889
472.222
505.556
474.444
428.889
351.111
314.444
232.222
104.444
16.6667
1.11111
0
0
0
0
0
0
0
0
0
0
0
0
0
0
0
0
0
0
0
0
0
0
4.44444
0
2.22222
0
2.22222
4.44444
2.22222
6.66667
0
3.33333
2.22222
0
4.44444
0
6.66667
6.66667
0
2.22222
4.44444
0
1.11111
2.22222
0
0
2.22222
0
2.22222
0
