0.001999 0.005853 0.015001
-0.011181 -0.003966 0.002163
-0.001695 0.021249 -0.000685
0.012837 0.007284 -0.002382
-0.001389 -0.068735 -0.091267
-0.008837 0.001323 -0.002499
-0.000649 0.002563 0.004164
-0.000341 -0.026503 -0.002195
-0.018363 -0.031618 -0.000897
-0.013355 -0.003769 -0.001723
0.011130 -0.004433 0.000780
-0.014848 -0.015391 -0.003316
0.005375 -0.002850 0.003579
0.007267 -0.026348 -0.000309
-0.006930 -0.003389 0.001670
0.014516 -0.020656 0.002590
0.001244 0.011498 0.012181
-0.010285 0.001738 0.004390
-0.001059 0.019043 0.000842
0.010496 0.010013 -0.002870
-0.001399 0.015738 -0.005266
-0.009863 -0.000889 -0.003008
0.000046 0.004481 0.006060
0.000679 -0.015355 -0.001755
-0.003738 -0.010530 -0.004182
-0.011559 -0.003285 -0.002082
0.011823 -0.006677 0.000376
-0.006585 -0.009730 -0.006208
0.004952 -0.006709 0.004328
0.002184 -0.018200 -0.000467
-0.003434 0.001698 0.001821
0.013609 -0.010893 0.003200
-0.000614 0.009909 0.011119
-0.008756 0.001860 0.002188
-0.001074 0.018766 0.000369
0.011479 0.007831 -0.002356
-0.002340 0.016434 -0.006455
-0.009875 0.000585 -0.002165
0.000476 -0.081765 0.093440
0.000680 -0.015751 -0.003112
-0.003723 -0.009827 0.001403
-0.011181 -0.005398 -0.001602
0.011482 -0.006202 0.000663
-0.006266 -0.010624 0.000163
0.003455 -0.004002 0.002353
0.003329 -0.020160 -0.001175
-0.004551 -0.009366 0.001662
0.013371 -0.012227 0.002124
0.000430 0.010166 0.015958
-0.010683 0.001938 0.000565
-0.011582 0.023026 -0.007619
0.013145 0.008418 -0.001680
-0.001017 0.016143 -0.005537
-0.009294 0.001048 -0.002913
-0.000104 0.003705 0.004180
-0.001523 -0.015656 -0.002379
-0.003354 -0.011177 -0.001546
-0.010274 -0.005138 -0.001936
0.012878 -0.006335 0.002354
-0.009603 -0.006223 -0.002890
0.004292 -0.006847 0.006516
0.003519 -0.030279 -0.000758
-0.004046 -0.000317 0.002047
0.016173 -0.014420 0.008261
-0.001965 0.012891 0.015406
-0.007844 0.003071 0.003091
-0.001519 0.018467 0.000454
0.010707 0.008793 -0.003541
-0.001818 0.015779 -0.007031
-0.008672 0.000728 -0.001265
-0.001148 0.004095 0.005132
0.000043 -0.015633 -0.002582
-0.005744 -0.011938 -0.001144
-0.011528 -0.005106 -0.002201
0.011110 -0.007283 0.000410
-0.007896 -0.004881 -0.003618
0.002010 -0.006916 0.003862
0.003784 -0.019213 -0.001093
-0.008471 -0.002498 0.002627
0.014686 -0.010135 0.002759
-0.000131 0.011374 0.011525
-0.009910 0.000539 -0.000685
-0.000535 0.019777 -0.000045
0.009723 0.010466 -0.003431
-0.001693 0.015945 -0.006001
-0.009916 0.000512 -0.005203
0.000689 0.003360 0.004070
0.000636 -0.015550 -0.002807
-0.003686 -0.012976 -0.000967
-0.010972 -0.008579 -0.003652
0.011740 -0.006197 0.000591
-0.008898 -0.004784 -0.003256
0.006687 -0.003057 0.003933
0.000526 -0.021238 0.004679
-0.004047 0.000444 0.001833
0.013630 -0.009700 0.002764
-0.001194 0.012359 0.012546
-0.007459 0.002147 0.001437
-0.004645 0.012940 0.001049
0.002009 0.011898 0.005358
-0.001623 0.014505 -0.006275
-0.009294 -0.015000 0.016863
0.000521 0.004459 0.004568
0.000869 -0.027170 -0.002467
0.006756 -0.030186 -0.001084
-0.010458 -0.008901 -0.000124
-0.051986 -0.064658 -0.002326
-0.009449 -0.016445 -0.002699
0.006509 -0.006735 0.003549
0.001231 -0.023169 -0.005791
0.000262 -0.004779 0.002155
0.009046 -0.018868 0.002617
-0.000670 0.010860 0.012174
-0.008477 0.000766 0.000673
-0.003113 0.021639 0.001956
0.008329 0.000899 -0.003178
-0.000047 0.016861 -0.005396
-0.007773 0.001272 -0.001977
-0.000202 0.002749 0.004974
-0.001667 -0.015779 -0.002833
-0.003094 -0.011675 -0.001365
-0.009807 -0.004554 -0.001816
0.012946 -0.007048 -0.002096
-0.009763 -0.005801 -0.003373
0.001555 -0.003404 0.000742
0.005127 -0.018046 -0.001271
-0.005695 0.001431 0.001317
0.016298 -0.014412 -0.002525
-0.000240 0.002158 -0.005194
0.007562 0.008714 -0.002351
-0.009412 0.010989 0.003541
0.006912 0.026869 -0.002455
-0.000026 -0.003890 -0.000973
0.000983 0.003217 -0.009312
-0.011030 -0.007442 -0.002340
0.001589 0.004899 -0.001056
-0.000802 0.011571 -0.000929
0.033609 -0.033328 0.003518
-0.008689 0.012640 0.001538
-0.004556 -0.000616 0.000054
0.013672 -0.003377 0.000387
-0.003347 -0.006214 0.005130
-0.002932 -0.027445 0.002520
-0.001390 -0.031083 0.001352
-0.000358 0.004347 -0.005241
0.006867 0.009776 -0.001941
-0.011432 0.010847 0.001937
0.015876 0.025397 -0.009263
-0.000173 -0.004761 0.000865
0.004171 -0.000533 -0.013619
-0.008340 -0.002110 -0.001226
0.003680 0.005256 0.000359
0.001429 0.009532 -0.003674
0.018353 -0.011760 0.002716
-0.009469 0.010652 0.003980
-0.006363 0.000884 0.000291
0.012386 -0.008207 -0.000008
-0.003265 -0.004731 0.004583
0.009867 -0.010533 0.003040
-0.015627 -0.012199 0.000623
0.000121 0.001153 -0.006268
-0.020905 -0.013994 0.039391
-0.009981 0.009664 0.002885
0.008592 0.024352 0.000731
-0.000540 -0.002137 -0.000060
0.000560 0.006745 -0.013115
-0.008181 -0.001137 -0.003017
0.003656 0.005436 -0.000122
0.007127 0.009851 0.005343
0.017764 -0.011367 0.003372
-0.008575 0.010666 -0.000256
-0.006576 0.000640 -0.000307
0.042522 -0.010966 0.000307
-0.003291 -0.006150 0.004372
0.010246 -0.010571 0.001555
-0.015592 -0.011572 0.002317
0.000883 0.003930 -0.004969
0.007857 0.008271 -0.002291
-0.009003 0.011255 0.001793
0.007148 0.022278 -0.001552
-0.000267 -0.002284 -0.000337
0.001299 0.004410 -0.010102
-0.008074 -0.002194 0.000753
0.003606 0.003821 0.001647
-0.001637 0.007305 -0.000734
0.018620 -0.008677 -0.001856
-0.009498 0.009858 0.001483
-0.004933 0.001160 0.000536
0.011918 -0.005188 0.000337
-0.004688 -0.006149 0.003854
0.009849 -0.009126 0.002500
-0.016850 -0.011686 0.001204
-0.001460 0.002553 -0.005361
0.007253 0.007266 -0.004047
-0.009868 0.010157 0.000777
0.006422 0.023046 -0.001427
-0.001127 -0.003193 0.000313
0.002372 0.004280 -0.009819
-0.007076 0.000015 -0.001136
0.003305 0.005181 0.000396
-0.000946 0.007561 -0.002348
0.020293 -0.012624 0.003192
-0.009154 0.009511 0.002616
-0.005699 -0.000926 -0.000121
0.014627 -0.004271 0.000088
-0.001965 -0.004881 0.003427
0.008605 -0.010405 0.002313
-0.015065 -0.012362 0.001326
0.000264 0.003812 -0.004257
0.006174 0.008175 -0.001831
-0.010234 0.010282 0.004912
0.006070 0.024408 -0.002354
0.000584 -0.002324 -0.000834
0.001093 0.003987 -0.010083
-0.009199 -0.002250 0.001109
0.002323 0.006544 -0.000218
-0.001825 0.009279 -0.001030
0.017839 -0.012082 0.003137
-0.009159 0.010174 0.001130
-0.006818 -0.003528 -0.000221
0.011039 -0.003356 0.000578
-0.003471 -0.006970 0.003987
0.009919 -0.009468 0.002269
-0.016586 -0.012802 0.000974
0.025957 -0.021456 0.031981
0.007416 0.007477 -0.002657
-0.010976 -0.001872 -0.015351
0.010083 0.018169 0.000505
0.027964 -0.027162 -0.036289
0.001789 0.004275 -0.013844
-0.007419 -0.001418 0.000363
-0.027904 -0.016721 -0.040115
0.002498 0.002372 -0.004337
0.008881 -0.027682 0.003520
0.046661 -0.034094 -0.000256
-0.036014 -0.005828 -0.000061
0.011116 -0.003189 -0.000161
0.008674 0.590910 -0.002397
0.010821 -0.007267 0.002363
-0.017102 -0.009544 0.001673
-0.000156 0.003501 -0.005078
0.008727 0.008828 -0.002824
-0.011222 0.010969 0.003375
0.005934 0.023248 -0.002865
0.001986 -0.002304 -0.000701
0.000282 0.006787 -0.009810
-0.009055 -0.001833 0.000400
0.002899 0.005804 -0.000070
-0.000145 0.007896 -0.002076
0.018379 -0.009877 0.008021
-0.009520 0.009879 0.002512
-0.004536 0.000477 -0.000925
0.012149 -0.005183 -0.000085
-0.004468 -0.005714 0.004640
0.009914 -0.008945 0.002299
-0.016941 -0.011787 0.001268
