-0.001250 0.011437 0.012373
-0.009249 0.000033 0.000545
-0.001160 0.018559 0.001654
0.012197 0.008096 -0.001894
-0.001078 0.016148 -0.006261
-0.008131 0.002416 -0.001774
0.000133 0.002767 0.005163
-0.000643 -0.016349 -0.002337
-0.003439 -0.011533 -0.001243
-0.014066 -0.006122 -0.002363
0.011082 -0.005774 -0.000060
-0.010522 -0.006228 -0.004104
0.004160 -0.007181 0.003439
0.004797 -0.019992 -0.000880
-0.004189 0.001691 0.001509
0.013225 -0.011440 0.001685
-0.001194 0.010519 0.013135
-0.008687 -0.001574 -0.000180
-0.000907 0.019335 -0.000080
0.010947 0.007543 -0.003495
-0.000997 0.016475 -0.005155
-0.010006 0.000196 -0.002036
-0.000500 0.003647 0.004847
0.000064 -0.015669 -0.002244
-0.003112 -0.011235 -0.001680
-0.010828 -0.007171 -0.000163
0.011476 -0.006144 0.002690
-0.009772 -0.006086 -0.003283
0.003306 -0.008971 0.004025
0.002885 -0.019586 -0.000830
-0.003062 -0.000388 0.002409
0.014689 -0.012064 0.002787
-0.001043 0.011438 0.011104
-0.008201 -0.000902 0.000871
-0.001556 0.017026 0.000978
0.009446 0.017733 -0.003501
-0.005054 0.025285 -0.005861
-0.013019 0.009029 -0.003325
-0.000238 0.000756 0.004508
0.002003 -0.014875 -0.001857
-0.003043 -0.013190 -0.000592
-0.013851 0.002293 0.001682
0.011253 -0.007350 -0.000596
-0.008913 -0.004233 -0.003329
0.003772 -0.007417 0.003669
0.003446 -0.018819 -0.000963
-0.008889 0.006540 0.001434
0.013419 -0.010693 0.002409
-0.000325 0.010896 0.012497
-0.010941 -0.001037 0.000313
-0.001387 0.019422 0.001257
0.009901 0.012368 -0.007630
0.001333 0.021093 -0.006064
-0.008317 0.010659 -0.002360
-0.006166 0.056849 0.000372
-0.000361 -0.013398 -0.003892
-0.000453 -0.004241 0.001563
-0.010987 -0.004750 -0.001102
0.010930 -0.007737 0.000692
-0.010151 0.061259 0.076819
0.037624 0.006776 -0.041010
0.003963 -0.019217 0.000179
-0.003863 -0.002263 0.002125
0.012559 -0.011681 0.001310
-0.000184 0.010531 0.012172
-0.009128 0.001557 0.000856
-0.000867 0.018440 0.000033
0.011525 0.007702 -0.003780
-0.001286 0.015301 -0.006129
-0.007726 0.001231 -0.002474
0.000569 0.002522 0.003091
-0.000826 -0.015858 -0.003121
-0.001382 -0.011736 -0.001082
-0.011303 -0.004917 -0.002349
0.011831 -0.007781 0.001196
-0.010410 -0.006413 -0.003281
0.006736 -0.006839 0.003012
0.003453 -0.018414 -0.000810
-0.003684 0.000251 0.002786
0.013744 -0.014897 0.002570
-0.001373 0.012795 0.012023
-0.008365 0.003231 0.000492
-0.000876 0.019047 0.000859
0.010993 0.006690 -0.002397
-0.005674 0.021034 -0.005394
-0.006813 0.003302 -0.009420
0.000294 0.004155 0.004162
-0.000009 -0.016605 -0.001607
-0.004149 -0.011242 -0.001715
-0.011844 -0.005692 -0.002349
0.010914 -0.005356 -0.003385
-0.009035 -0.005360 -0.004079
0.003513 -0.006620 0.005190
0.003136 -0.018373 0.003230
-0.014022 -0.000214 0.012363
0.016013 -0.013930 0.004574
0.006201 -0.599016 -0.001115
-0.035610 -0.003233 0.000875
-0.071126 0.093942 -0.000919
0.013771 0.012010 -0.002781
-0.005909 0.019435 -0.007136
-0.006966 0.004184 0.003024
-0.000203 0.004201 0.004519
0.037819 0.001280 0.046929
-0.002636 -0.011803 0.003045
-0.010283 -0.006452 -0.001400
0.011031 0.011379 0.020510
-0.009076 -0.005695 -0.002799
0.003926 -0.007729 0.002968
0.002430 -0.001242 -0.020351
-0.005965 -0.001642 0.000500
0.025640 -0.013710 -0.006980
0.000400 0.010934 0.011443
-0.010965 -0.000198 0.000564
-0.001216 0.019457 -0.000183
0.010214 0.012887 0.002283
-0.002421 0.015294 -0.005644
-0.009388 0.000516 -0.001850
0.000801 0.003312 0.004877
-0.000295 -0.015756 -0.001951
-0.005002 -0.013455 0.000203
-0.011869 -0.004468 0.002065
0.012221 -0.006699 -0.000132
-0.009737 -0.006285 -0.001117
0.004971 -0.008833 0.002880
0.002816 -0.020465 -0.001550
-0.003598 0.000574 0.001848
0.018411 -0.005651 0.004676
-0.000358 0.002725 -0.005212
0.005567 0.007640 -0.002044
-0.010122 0.011253 0.002342
0.007712 0.024357 -0.001447
0.000145 -0.002876 -0.000918
0.001589 0.004692 -0.009702
-0.008483 -0.003011 0.000343
0.002541 0.005116 0.000041
-0.000620 0.007787 -0.002330
0.018353 -0.011856 0.003904
-0.008674 0.010177 0.002412
-0.004857 -0.000296 -0.000035
0.012430 -0.006070 0.000598
-0.003743 -0.004120 0.005062
0.010598 -0.009304 0.002467
-0.016152 -0.011405 0.000619
0.002812 0.000298 -0.005952
0.009952 0.003939 -0.000121
-0.010519 0.011068 0.002861
0.006792 0.023344 -0.001246
-0.001974 -0.000880 0.000042
0.001042 0.004383 -0.010487
-0.008012 -0.000931 -0.000209
0.002676 0.005777 -0.000431
-0.001471 0.008513 -0.001760
0.018997 -0.010760 0.001809
-0.007953 0.010999 0.001970
-0.004945 -0.001370 -0.000841
0.012522 -0.005107 0.001261
-0.002395 -0.007208 0.002750
0.008800 -0.009947 0.003173
-0.015877 -0.012949 0.000355
0.002080 0.002079 -0.004906
0.007619 0.006923 -0.004875
-0.010489 0.008243 0.002282
0.001395 0.031312 -0.001236
-0.009344 0.007940 0.000253
0.002151 0.002945 -0.009489
-0.015819 0.010912 0.001686
0.003697 0.018161 0.000566
-0.000687 0.004996 -0.002149
0.017553 -0.010431 0.003280
-0.009244 0.007669 0.003788
-0.004439 -0.000657 0.000938
0.011218 -0.006700 -0.001517
-0.006221 -0.000144 0.000108
0.009612 -0.010512 0.002282
-0.020994 -0.006346 0.001688
0.026648 0.006121 -0.005019
0.008596 0.005357 -0.001856
-0.011701 0.010201 -0.000528
0.012080 0.029230 0.004498
-0.000724 -0.004479 -0.000161
0.001031 0.008258 -0.009858
0.006499 0.016617 0.000447
0.003910 0.005261 -0.000489
0.003585 0.048705 -0.004021
0.018771 -0.012184 0.003272
0.000654 0.005808 0.011518
-0.035926 0.015572 -0.033396
0.014098 -0.000007 -0.003196
-0.003138 -0.004651 0.000015
0.010494 -0.009128 0.002411
-0.017190 -0.015575 0.000868
0.000252 0.003466 -0.004800
0.004778 0.003339 -0.001918
-0.011332 0.010751 0.002290
0.009476 0.022675 -0.001754
0.000041 -0.002190 0.000054
0.002891 0.002599 -0.010361
-0.008865 -0.002133 0.000493
0.002704 0.005786 0.000069
0.000174 0.007704 -0.001807
0.017660 -0.011231 0.002780
-0.008140 0.009711 0.001678
-0.004241 -0.000479 0.000355
0.011094 -0.004889 -0.000311
-0.004683 -0.005811 0.004401
0.011264 -0.008522 0.001451
-0.017773 -0.011528 0.001417
-0.001031 0.001742 -0.004632
0.008536 0.007365 -0.002034
-0.010120 0.010110 0.002051
0.007029 0.023849 -0.001406
0.000607 -0.002017 -0.000433
0.000020 0.002534 -0.010038
-0.007287 -0.003256 0.004768
0.002711 0.005223 -0.000479
-0.001440 0.007675 -0.001329
0.018152 -0.012386 0.004162
-0.009092 0.009748 0.003737
-0.004964 -0.001283 -0.000199
0.011118 -0.004613 -0.005093
-0.003387 -0.005621 0.005042
0.010156 -0.010635 0.000494
-0.019272 -0.014153 0.003659
-0.000409 0.001298 -0.005750
0.006582 0.003441 -0.001887
0.042756 0.054504 0.002174
0.006271 0.033971 -0.001457
0.010081 0.017984 -0.000052
-0.000018 0.003444 -0.009732
-0.007248 -0.002826 -0.002571
0.002199 0.018054 -0.000229
-0.001053 0.007965 -0.001358
-0.014207 0.008038 0.042321
-0.004707 0.016901 0.000362
-0.005210 -0.001761 -0.000225
0.011026 -0.005518 0.000385
-0.002158 -0.006750 0.003455
0.010859 0.064504 -0.069700
-0.027287 -0.012894 -0.008502
0.000874 0.005743 -0.004182
0.007541 0.006724 -0.005120
-0.011226 0.010583 0.004560
0.011670 0.025865 -0.005017
-0.001982 -0.004054 -0.001549
0.001772 0.006574 -0.010249
-0.005824 -0.000993 0.000669
0.004058 0.005020 0.000069
-0.001277 0.007365 -0.001787
0.017285 -0.012195 0.003327
-0.006284 0.007804 0.000290
-0.005681 -0.001026 -0.001341
0.010411 -0.007303 -0.002746
-0.002840 -0.005382 0.003231
0.010161 -0.009968 0.001984
-0.016527 -0.011703 0.001409
