2176.0000 0.05 1
1.11111
4.44444
11.1111
2.22222
11.1111
4.44444
13.3333
11.1111
20
11.1111
6.66667
11.1111
24.4444
23.3333
17.7778
23.3333
26.6667
18.8889
13.3333
32.2222
18.8889
8.88889
4.44444
10
14.4444
16.6667
34.4444
37.7778
25.5556
40
11.1111
26.6667
17.7778
31.1111
24.4444
32.2222
28.8889
25.5556
40
24.4444
32.2222
46.6667
36.6667
47.7778
70
55.5556
56.6667
41.1111
80
106.667
95.5556
126.667
127.778
138.889
148.889
146.667
161.111
190
187.778
206.667
214.444
267.778
192.222
230
234.444
286.667
237.778
278.889
253.333
263.333
291.111
301.111
315.556
340
316.667
352.222
282.222
350
301.111
310
298.889
300
291.111
280
312.222
271.111
248.889
283.333
294.444
297.778
314.444
316.667
321.111
310
335.556
318.889
313.333
296.667
290
301.111
305.556
287.778
332.222
360
320
352.222
374.444
363.333
348.889
354.444
338.889
295.556
253.333
215.556
175.556
160
191.111
238.889
266.667
331.111
348.889
401.111
418.889
395.556
428.889
410
452.222
400
382.222
354.444
344.444
373.333
347.778
395.556
384.444
376.667
381.111
430
402.222
461.111
404.444
412.222
406.667
360
361.111
374.444
364.444
377.778
441.111
406.667
416.667
436.667
401.111
334.444
358.889
324.444
348.889
313.333
327.778
257.778
286.667
260
272.222
255.556
244.444
222.222
276.667
208.889
246.667
214.444
231.111
262.222
223.333
242.222
232.222
214.444
208.889
227.778
176.667
205.556
175.556
198.889
171.111
176.667
256.667
237.778
231.111
212.222
215.556
168.889
175.556
197.778
262.222
238.889
222.222
273.333
237.778
228.889
257.778
350
342.222
318.889
304.444
330
307.778
333.333
377.778
410
434.444
427.778
447.778
432.222
506.667
480
502.222
474.444
431.111
354.444
306.667
231.111
115.556
11.1111
1.11111
0
0
0
0
0
0
0
0
0
0
0
0
0
0
0
0
0
0
0
0
0
2.22222
4.44444
0
0
2.22222
0
0
4.44444
2.22222
2.22222
5.55556
0
0
4.44444
2.22222
6.66667
4.44444
0
2.22222
4.44444
0
1.11111
2.22222
0
0
2.22222
0
2.22222
0
