-0.005648 0.019026 0.011912
-0.008890 0.001012 0.000541
-0.012638 0.035109 0.000407
0.012908 0.007687 -0.002789
-0.001553 0.028422 -0.007030
-0.009078 0.001778 -0.001703
-0.002016 -0.002064 0.004111
0.000149 -0.014391 -0.002951
-0.002770 -0.011275 -0.000062
-0.010745 -0.005399 -0.002351
0.011372 -0.005396 0.001474
-0.009768 -0.006043 -0.003761
0.003750 -0.007816 0.004537
0.003323 -0.019055 -0.001280
-0.003635 -0.001698 0.000797
0.014568 -0.011269 0.003283
0.000769 0.011427 0.012150
-0.009693 0.010683 0.000495
-0.001593 0.018964 0.001579
0.013289 0.006857 -0.002962
0.000328 0.016408 -0.005255
-0.010190 -0.000549 -0.002424
-0.001006 0.001635 0.002522
-0.000576 -0.016855 -0.001782
-0.007117 -0.006522 -0.002189
-0.011847 -0.004997 -0.002833
0.011661 -0.006324 0.001386
-0.010683 -0.007547 -0.004216
0.004381 -0.006394 0.003825
0.003079 -0.018296 -0.000251
-0.003318 0.000191 0.000945
0.012845 -0.011248 0.002887
-0.000624 0.012653 0.011953
-0.008644 0.000749 0.000314
-0.001541 0.018476 0.000227
0.013074 0.006138 -0.003735
-0.000407 0.015104 -0.006515
-0.008996 0.001743 -0.003003
0.000435 0.000674 0.007737
-0.000013 -0.016698 -0.002767
-0.003098 -0.012568 0.000140
-0.011598 -0.005106 -0.000442
0.011329 -0.005400 0.000427
-0.008623 -0.006196 -0.002746
0.004605 -0.005910 0.003123
0.004180 -0.018846 -0.001820
-0.004912 0.001577 -0.002205
0.013034 -0.011879 0.002708
-0.000352 0.021192 0.012092
-0.010362 0.000226 0.000722
0.007736 0.037580 0.000698
0.012985 0.009846 -0.003089
-0.002268 0.015615 -0.005328
-0.007903 0.000559 -0.001065
-0.000449 0.002179 0.003529
0.000643 -0.016496 -0.002326
-0.003183 -0.011380 -0.000667
-0.010572 -0.004945 -0.002598
0.009713 -0.006988 -0.000606
-0.009748 -0.007989 -0.005475
0.004273 -0.008454 0.001081
0.001745 -0.020416 -0.000002
-0.003714 0.001045 0.002765
0.045750 -0.000689 0.041669
-0.000739 0.011046 0.012212
-0.008040 0.002039 0.000609
-0.002900 0.020185 0.000387
0.011040 0.007571 -0.003441
-0.002096 0.016038 -0.005939
-0.009635 0.000205 -0.002657
-0.000216 0.001816 0.004880
0.000209 -0.015200 -0.002151
-0.004140 -0.010499 -0.001706
-0.011537 -0.003664 -0.002440
0.011068 -0.007389 -0.000510
-0.006738 -0.006936 -0.003335
0.003973 -0.008646 0.003355
0.004205 -0.019964 0.000029
-0.004479 0.000564 0.001512
0.014302 -0.011094 0.002681
0.004141 0.014417 0.010997
-0.013044 0.006953 -0.000495
-0.002509 0.019892 -0.003001
0.012318 0.005773 -0.003155
-0.001701 0.015408 -0.006709
-0.010309 0.000569 -0.003498
-0.000979 -0.001229 0.003816
-0.000160 -0.015887 -0.000804
-0.005305 -0.013679 -0.003745
-0.011555 0.013333 0.019376
0.011405 -0.006435 -0.000802
-0.009569 -0.006815 -0.004277
0.004994 -0.006745 0.004096
-0.030966 -0.006470 0.044788
-0.002802 -0.001597 -0.000334
0.013861 -0.011400 0.003367
0.003350 0.014453 0.013596
-0.012389 0.006581 0.000293
-0.001314 0.019050 0.004216
0.011571 0.006794 -0.001652
-0.001982 0.026314 -0.005834
-0.008923 -0.583446 -0.011655
0.000108 0.002417 0.004365
-0.000898 0.068254 0.087906
-0.013066 -0.013446 0.009451
-0.011355 -0.004288 -0.006682
-0.025444 0.005589 -0.042156
-0.007307 -0.005719 -0.006794
0.005027 -0.008008 0.003203
0.003016 -0.019470 0.000618
-0.007539 0.006644 -0.001064
0.012779 -0.009654 0.001100
-0.001067 0.010925 0.011958
-0.005202 0.006467 0.000419
-0.001391 0.020035 0.000760
0.038988 0.006834 -0.003451
-0.002158 0.016164 -0.006179
-0.008431 0.000781 -0.003559
0.001041 -0.001862 0.006487
-0.000163 -0.015325 -0.002764
-0.003413 -0.015174 -0.000880
-0.012313 -0.006368 -0.002321
0.011449 -0.007081 0.000557
-0.005708 0.000934 -0.006031
0.004496 0.067241 -0.078990
0.003597 -0.019643 -0.001032
-0.006374 0.000208 0.001248
0.014146 -0.011756 0.004022
-0.000202 0.002977 -0.005519
0.007704 0.009120 -0.001890
-0.009159 0.009601 0.002749
0.006514 0.023540 -0.001455
0.001517 -0.004054 -0.000360
0.000778 0.005010 -0.009420
-0.007699 -0.005207 0.000648
0.001751 0.015063 -0.000556
-0.001008 0.007578 -0.001910
0.017625 -0.014831 0.005058
-0.008921 0.010038 0.001719
-0.005341 -0.000828 -0.000040
0.012181 -0.005149 -0.001126
-0.002360 -0.005208 0.004470
0.009218 -0.010089 0.003015
-0.015954 -0.013434 0.002430
-0.000243 0.004794 -0.004640
0.008264 0.009095 -0.002597
-0.009160 0.009722 0.001408
-0.003246 0.045263 -0.000588
-0.002008 0.001755 -0.000260
0.001554 0.001412 -0.010154
-0.007524 -0.002038 -0.000584
0.003182 0.005536 -0.000392
-0.000156 0.005037 -0.002699
0.017954 -0.011639 0.002680
-0.006858 0.010957 0.001916
-0.005357 -0.000723 -0.000725
0.011802 -0.005935 -0.000604
-0.003876 -0.005216 0.002891
0.012476 -0.009959 0.001676
-0.018910 -0.011176 0.005954
-0.000154 0.001092 -0.005665
-0.042616 0.057390 -0.005529
-0.009894 0.010150 0.003125
0.007736 0.024124 -0.002350
-0.000682 -0.002267 0.000102
0.001422 0.004280 -0.009109
-0.007755 -0.002202 0.000136
0.003464 0.006312 0.000458
0.000029 0.005735 -0.001279
0.017676 -0.011306 0.003229
-0.008305 0.010551 0.002153
-0.005160 -0.004093 -0.001004
0.008328 0.000357 0.000837
-0.003610 -0.005845 0.004851
0.010077 -0.009213 0.002638
-0.016433 -0.010774 0.001734
-0.001647 0.003090 -0.007129
0.007259 0.005520 -0.002261
-0.011360 0.009672 0.002324
0.009566 0.023878 -0.001641
-0.000718 -0.003145 -0.000200
0.000529 0.004034 -0.010235
-0.008043 -0.001271 0.001438
0.006336 0.013052 -0.000057
-0.002564 0.006139 -0.002824
0.022070 -0.005156 0.002147
-0.008645 0.009818 0.001495
-0.002372 -0.003529 0.002741
0.011190 -0.008638 -0.000383
-0.002984 -0.005602 0.005047
0.011922 -0.009961 0.006830
-0.018764 -0.012170 0.001003
-0.001370 0.003452 -0.004819
0.007805 0.008525 -0.002812
-0.010624 0.011222 0.002181
0.006533 0.023202 -0.000705
0.000252 -0.001747 -0.000054
0.000296 0.004402 -0.010025
-0.007722 -0.001895 0.000608
0.003185 0.004284 0.000068
-0.001410 0.008308 -0.002418
0.018409 -0.010676 0.003139
-0.009589 0.009062 0.002314
-0.005268 -0.000492 -0.000067
0.010873 -0.005301 0.000023
-0.003907 -0.004587 0.004337
0.010397 -0.009713 0.001803
-0.017140 -0.012089 0.001123
-0.000794 0.003765 -0.005522
0.008894 0.007993 -0.003885
-0.010395 0.015437 0.002396
0.007150 0.022351 -0.005234
0.002220 0.002014 0.004597
0.000128 0.004534 -0.010871
-0.007189 -0.001479 0.000790
0.001679 0.009333 0.004992
-0.000934 0.009724 -0.002484
0.020365 -0.013707 0.000129
-0.008243 0.009158 0.000772
-0.005871 -0.002146 -0.001722
0.009603 -0.008219 0.002409
-0.003592 -0.005848 0.009632
0.009446 -0.011946 0.004564
-0.016108 -0.014340 0.004558
0.061183 0.068275 -0.007181
0.008474 0.006769 -0.000394
-0.010179 0.013237 0.002866
0.007336 0.020743 0.002501
0.002503 0.000029 -0.004554
0.000666 0.004519 -0.010268
-0.006994 0.031443 0.000735
0.001382 0.011097 -0.004544
-0.027287 0.011018 -0.004258
0.027100 -0.013588 0.013551
0.022729 0.025674 -0.032840
-0.001090 0.005412 0.000576
0.002679 -0.007874 -0.009240
-0.003484 0.010033 -0.015373
0.013172 -0.003930 0.005519
-0.019093 -0.004945 0.004609
-0.001742 0.002240 -0.003220
0.007787 0.009131 -0.002765
-0.010512 0.009812 0.002536
0.019566 0.041678 -0.001989
0.001059 0.005628 -0.000597
-0.004630 0.029754 -0.010146
-0.007802 -0.001570 0.000539
0.001647 0.004311 -0.000024
-0.002600 0.006493 -0.001552
0.017657 -0.013242 0.005097
-0.008360 0.011909 0.004218
0.003761 -0.003449 -0.011125
0.011111 -0.005505 0.000389
-0.004335 -0.006130 0.003945
0.009947 -0.009498 0.002448
-0.016550 -0.011154 0.000934
