2176.0000 0.05 1
1.11111
4.44444
11.1111
2.22222
11.1111
4.44444
13.3333
11.1111
20
11.1111
6.66667
11.1111
24.4444
23.3333
17.7778
23.3333
26.6667
18.8889
13.3333
32.2222
18.8889
8.88889
4.44444
10
14.4444
16.6667
34.4444
40
23.3333
40
11.1111
26.6667
17.7778
33.3333
22.2222
32.2222
26.6667
27.7778
40
24.4444
32.2222
46.6667
36.6667
47.7778
70
55.5556
56.6667
41.1111
77.7778
108.889
95.5556
126.667
127.778
136.667
148.889
148.889
158.889
192.222
187.778
204.444
216.667
267.778
192.222
230
232.222
288.889
235.556
281.111
253.333
263.333
288.889
301.111
317.778
335.556
321.111
350
284.444
347.778
301.111
312.222
296.667
295.556
297.778
277.778
312.222
275.556
246.667
283.333
293.333
298.889
314.444
314.444
323.333
305.556
340
318.889
314.444
295.556
290
303.333
298.889
294.444
330
355.556
322.222
355.556
380
352.222
357.778
350
338.889
293.333
255.556
213.333
180
160
186.667
241.111
266.667
331.111
350
394.444
420
400
427.778
411.111
450
402.222
382.222
354.444
344.444
371.111
350
394.444
381.111
381.111
385.556
425.556
404.444
456.667
410
406.667
408.889
358.889
360
374.444
366.667
376.667
437.778
413.333
408.889
442.222
401.111
334.444
358.889
320
351.111
316.667
326.667
257.778
284.444
260
267.778
262.222
244.444
222.222
278.889
208.889
244.444
214.444
230
261.111
221.111
246.667
232.222
214.444
208.889
225.556
178.889
206.667
173.333
197.778
175.556
174.444
254.444
237.778
231.111
213.333
216.667
168.889
176.667
196.667
262.222
236.667
224.444
268.889
242.222
228.889
257.778
350
342.222
317.778
307.778
325.556
310
331.111
382.222
412.222
432.222
423.333
445.556
434.444
506.667
480
502.222
476.667
430
352.222
310
232.222
112.222
13.3333
1.11111
0
0
0
0
0
0
0
0
0
0
0
0
0
0
0
0
0
0
0
0
0
0
6.66667
0
0
2.22222
0
0
2.22222
6.66667
0
5.55556
0
0
6.66667
0
4.44444
4.44444
2.22222
2.22222
2.22222
3.33333
0
2.22222
0
0
2.22222
0
2.22222
0
