-0.001999 0.011826 0.012529
-0.008516 0.002003 0.000186
-0.000932 0.018539 0.000595
0.013957 0.005013 -0.000964
-0.003402 0.017603 -0.009160
-0.009020 0.000663 -0.002135
0.000513 0.003638 0.004476
0.000076 -0.016593 -0.003206
-0.002277 -0.011350 -0.000889
-0.020725 -0.004544 -0.001944
0.012295 -0.008768 0.000456
-0.009024 -0.005387 -0.003694
0.003817 -0.008157 0.003855
0.000880 -0.010122 -0.000650
-0.005431 0.001200 0.002069
0.015117 -0.013607 0.002781
-0.001637 0.010645 0.011072
-0.008450 0.000816 0.000567
0.000858 0.016704 -0.001381
0.011473 0.007946 -0.002843
0.000281 0.016561 -0.004914
-0.009028 0.001139 -0.003617
-0.000026 0.002601 0.005076
0.000926 -0.015848 -0.002761
-0.002671 -0.012049 -0.003491
-0.011247 -0.005011 -0.001805
-0.004216 -0.006840 0.000395
-0.006151 -0.006443 -0.003733
0.004924 -0.007080 0.004260
0.002481 -0.018843 -0.000102
-0.004741 0.001826 0.001536
0.015640 -0.012165 0.002566
-0.000871 0.011239 0.012311
-0.007918 0.001400 0.001549
-0.001278 0.019111 0.000528
0.010470 0.008757 -0.004127
0.001155 0.018301 -0.004931
-0.008952 0.001195 -0.002538
-0.001123 0.006525 0.007125
-0.000307 -0.015369 -0.002460
-0.002447 -0.011736 0.001280
-0.011462 -0.005371 -0.002161
0.012202 -0.006140 0.000486
-0.008173 -0.007215 -0.003309
0.001024 -0.000797 0.002870
0.002736 -0.019207 -0.001250
-0.020191 -0.000337 0.001068
0.012694 -0.011491 0.002317
-0.010209 0.002096 -0.003150
-0.007620 0.001550 0.000794
-0.002502 0.014691 0.004299
0.013414 0.008588 -0.000618
-0.000638 0.015381 -0.004612
-0.010237 0.001029 -0.002001
-0.000353 0.003224 0.005335
0.000856 -0.015213 -0.000430
-0.004409 -0.011465 -0.000907
-0.014045 -0.010104 -0.001852
0.011005 -0.006418 0.000609
-0.008996 -0.003015 -0.002530
0.003926 -0.012701 0.004585
-0.003379 -0.028327 -0.000512
-0.003941 0.001053 0.001595
0.010186 -0.011223 0.003717
-0.000096 0.010491 0.012266
-0.008980 0.001871 0.000260
-0.001919 0.019204 0.001236
0.011190 0.009100 -0.002937
-0.000914 0.014636 -0.006352
-0.007308 -0.000966 -0.002571
0.002493 0.006539 0.003559
-0.001549 -0.015279 -0.002676
-0.001981 -0.011432 -0.001580
-0.010778 -0.004450 -0.002021
0.014453 -0.009114 0.000718
-0.024195 -0.005716 -0.003197
0.006788 -0.008954 0.003180
0.005012 -0.017313 -0.000776
-0.003595 0.000115 0.001474
0.012505 -0.011639 0.002944
0.000679 0.012094 0.010015
-0.005227 0.001018 0.000257
0.000290 0.019536 -0.001023
0.013134 0.008539 -0.002212
-0.001314 0.016248 -0.005640
-0.008925 -0.000001 -0.001663
0.000929 0.003040 0.003110
-0.001947 -0.014626 -0.002942
-0.004440 -0.013015 -0.000040
-0.011158 -0.003644 0.002013
0.011783 -0.008626 0.000903
-0.009779 -0.006008 -0.003519
0.004391 -0.007012 0.003770
-0.002945 -0.018050 0.004266
-0.005433 0.000831 0.002089
0.015543 -0.010133 0.002770
-0.002735 0.007077 0.007002
-0.000334 0.001990 0.000400
-0.010868 0.018838 -0.001945
0.010079 0.003271 -0.005629
-0.003179 0.014906 -0.006899
-0.065329 -0.029909 0.075670
-0.008174 0.003971 0.003660
-0.013795 -0.016196 -0.002822
-0.019502 -0.008207 -0.002194
-0.011583 -0.003195 -0.005610
-0.058033 -0.028721 -0.002764
-0.071535 0.015790 -0.001574
-0.007536 -0.008647 0.003117
-0.000520 -0.019039 -0.004882
-0.003369 -0.000072 0.001544
0.015663 -0.010161 0.002339
0.000484 0.009069 0.013897
-0.008803 0.000632 0.000634
-0.001033 0.020007 0.000429
0.003772 0.007093 -0.000083
-0.009651 0.016966 -0.004352
-0.007694 0.000633 -0.002299
-0.000264 0.003674 0.004212
0.000029 -0.015448 -0.005600
-0.004354 -0.011591 -0.001122
-0.009310 -0.003979 -0.001860
0.011685 -0.005953 -0.000055
-0.009188 -0.004089 -0.004038
0.002953 -0.012424 0.003931
0.003171 -0.020091 -0.001155
-0.020396 0.001334 0.001546
0.011552 -0.011381 0.002649
-0.000640 0.004037 -0.006295
0.007041 0.007938 -0.002237
-0.008373 0.009475 0.002979
0.006842 0.022918 -0.001080
-0.001001 -0.001117 -0.000683
0.000736 0.005040 -0.009821
-0.007679 -0.001800 0.000419
0.001310 0.008627 -0.003067
-0.000155 0.007787 -0.001930
0.017941 -0.010116 0.003277
-0.009306 0.009755 0.001412
-0.004421 -0.000532 -0.001055
0.011679 -0.006136 0.000711
-0.002534 -0.005619 0.005979
0.004741 0.000526 0.001814
-0.028152 -0.011356 0.001233
0.000793 0.003082 -0.005586
0.007711 0.010368 -0.004168
-0.010023 0.011390 0.003667
0.007542 0.023576 -0.002253
0.000463 -0.003254 -0.000208
0.000899 0.003871 -0.009953
-0.008005 -0.001947 -0.000510
0.002044 0.006402 -0.001451
-0.002274 0.008010 -0.002139
0.019985 -0.013549 0.003193
-0.005277 0.010895 0.002358
-0.007034 -0.001932 -0.000329
0.012457 -0.004498 0.000183
-0.003167 -0.006017 0.004424
0.008208 -0.009088 0.002320
-0.013881 -0.013338 0.000047
-0.000431 0.003346 -0.004627
-0.000078 0.017110 0.013794
-0.009919 0.011042 0.002344
0.005681 0.022594 -0.001369
0.000305 -0.002657 -0.000289
0.000777 0.005068 -0.010108
-0.008097 -0.003545 0.001010
0.002137 0.004523 -0.000017
0.000551 0.007595 -0.001507
0.018093 -0.011472 0.002886
-0.009267 0.010402 0.001753
-0.005466 -0.000962 0.000405
0.000582 -0.003752 0.000071
-0.002604 -0.005594 0.004547
0.009434 -0.009702 0.002143
-0.014427 -0.012865 0.002052
-0.000516 0.003144 -0.005404
0.006701 0.007788 -0.002793
-0.009239 0.011155 0.002752
0.005772 0.022437 -0.002491
-0.000363 -0.003124 -0.001237
0.002163 0.005576 -0.008310
-0.008707 -0.002296 0.000552
0.002974 0.005846 0.000333
0.001546 0.008867 -0.001777
0.018542 -0.013807 -0.002229
-0.006388 0.009220 0.001109
-0.003783 0.000181 0.001255
0.009485 -0.009588 -0.000127
-0.004386 -0.006369 0.003444
0.005962 -0.010025 -0.002395
-0.015038 -0.011729 0.001885
-0.001570 0.004773 -0.004519
0.006934 0.008749 -0.002991
-0.011079 0.010170 0.002433
0.008098 0.021899 -0.002585
-0.001104 -0.001591 0.000700
0.000789 0.003450 -0.009400
-0.009106 -0.001373 0.001326
0.003854 0.005293 -0.001703
0.000048 0.006728 -0.001612
0.017952 -0.011556 0.002898
-0.005177 0.010489 0.002657
-0.003974 -0.000383 0.001182
0.012431 -0.006101 -0.000160
-0.002865 -0.006557 0.003396
0.012252 -0.010076 0.002443
-0.017416 -0.011450 0.001600
0.001267 0.003937 -0.004626
0.006160 0.011573 0.000961
-0.009410 0.010798 0.000607
0.007800 0.023445 -0.000994
0.001264 -0.002736 -0.000135
0.001803 0.002477 -0.011248
-0.004825 -0.001885 0.000477
0.003694 0.007024 0.002005
-0.000419 0.007807 -0.003515
0.018674 -0.010257 0.002798
-0.010034 0.010298 0.001962
-0.005738 -0.000620 -0.000054
0.010862 -0.002794 -0.002903
-0.004943 -0.006150 0.004179
0.010570 -0.012785 0.001680
-0.017131 -0.011149 0.001391
-0.006955 0.007896 -0.001411
0.007458 0.008351 -0.001377
-0.067375 -0.018276 -0.066105
-0.044391 0.050787 0.054610
-0.008451 0.000474 -0.001105
-0.005911 -0.005120 0.004720
0.000770 -0.000843 0.002705
-0.005271 0.014087 -0.015262
-0.048644 0.030548 -0.055355
0.006483 -0.011697 0.003117
0.582583 0.011283 -0.009031
-0.017427 -0.047959 0.000005
0.010944 -0.002186 0.001200
-0.019108 0.045675 0.004092
0.005042 -0.021659 0.001993
-0.028713 -0.011792 0.001191
-0.000772 0.002748 -0.004338
0.006734 0.009347 -0.000815
-0.011086 0.010462 0.002315
0.009337 0.025040 -0.001450
-0.000317 -0.003585 -0.000017
-0.000390 -0.000062 -0.005830
-0.007716 -0.000853 0.000033
0.002694 0.005205 -0.000216
-0.001160 0.007431 -0.001323
0.019264 -0.014633 0.006031
-0.008535 0.009520 0.002468
-0.003866 0.000269 -0.001536
0.014357 -0.003519 0.000361
-0.003960 -0.006742 0.005350
0.005380 -0.009348 0.007194
-0.014404 -0.011459 0.000595
