svsl Ru Ir 2.71129 3.37231 -0.02516
0.33332 0.66668 0.25000 -0.16618 0.16618 -0.50000

5
0.92368
1.00000 -0.34641 0.00000 
-0.34641 0.60000 0.00000 
0.00000 0.00000 0.00000 

-0.32536
-0.57735 1.00000 0.00000 
1.00000 0.57735 0.00000 
0.00000 0.00000 0.00000 

1.60028
0.00000 0.00000 1.00000 
0.00000 0.00000 -0.57735 
0.00000 0.00000 0.00000 

1.41696
0.00000 0.00000 0.00000 
0.00000 0.00000 0.00000 
1.00000 -0.57735 0.00000 

1.84411
0.00000 0.00000 0.00000 
0.00000 0.00000 0.00000 
0.00000 0.00000 1.00000 

1.11152 -0.64533 1.60028 
-0.64533 0.36636 -0.92392 
1.41696 -0.81808 1.84411 

---------------

svsl Ir Ir 2.71649 3.86084 -0.13033
0.33426 0.16714 0.25000 -0.16711 0.16711 -0.50000

6
0.94408
1.00000 -0.34641 0.00000 
-0.34641 0.60000 0.00000 
0.00000 0.00000 0.00000 

-0.51157
-0.24744 1.00000 0.00000 
-0.14286 0.24744 0.00000 
0.00000 0.00000 0.00000 

1.71909
0.00000 0.00000 1.00000 
0.00000 0.00000 0.00000 
0.50000 -0.86603 0.00000 

-0.55774
-0.24744 -0.14286 0.00000 
1.00000 0.24744 0.00000 
0.00000 0.00000 0.00000 

-1.06292
0.00000 0.00000 0.00000 
0.00000 0.00000 1.00000 
-0.86603 -0.50000 0.00000 

2.08967
0.00000 0.00000 0.00000 
0.00000 0.00000 0.00000 
0.00000 0.00000 1.00000 

1.20866 -0.75893 1.71909 
-0.81169 0.30186 -1.06292 
1.78006 -0.95731 2.08967 

---------------

svsl Ir Ir 2.73961 1.90259 -0.00341
0.16714 0.33426 0.75000 0.49860 0.49860 0.00000

4
1.18956
1.00000 -0.34641 0.00000 
-0.34641 0.60000 0.00000 
0.00000 0.00000 0.00000 

1.87007
-0.24744 1.00000 0.00000 
-0.14286 0.24744 0.00000 
0.00000 0.00000 0.00000 

1.01305
-0.24744 -0.14286 0.00000 
1.00000 0.24744 0.00000 
0.00000 0.00000 0.00000 

-0.00752
0.00000 0.00000 0.00000 
0.00000 0.00000 0.00000 
0.00000 0.00000 1.00000 

0.47617 1.31327 0.00000 
0.33382 1.42712 0.00000 
0.00000 0.00000 -0.00752 

---------------

svsl Ir Ru 2.74730 1.48956 -0.04730
0.83285 0.16715 0.25000 -0.49953 -0.50047 0.00000

5
0.38300
1.00000 0.00000 0.00000 
0.00000 0.00000 0.00000 
0.00000 0.00000 0.00000 

1.19183
0.00000 1.00000 0.00000 
0.00000 0.00000 0.00000 
0.00000 0.00000 0.00000 

0.12120
0.00000 0.00000 0.00000 
1.00000 0.00000 0.00000 
0.00000 0.00000 0.00000 

1.10041
0.00000 0.00000 0.00000 
0.00000 1.00000 0.00000 
0.00000 0.00000 0.00000 

-0.08845
0.00000 0.00000 0.00000 
0.00000 0.00000 0.00000 
0.00000 0.00000 1.00000 

0.38300 1.19183 0.00000 
0.12120 1.10041 0.00000 
0.00000 0.00000 -0.08845 

---------------

svsl Ir Ir 2.75498 1.72720 -0.04064
0.83286 0.66575 0.25000 0.50140 0.50140 0.00000

4
1.02186
1.00000 -0.34641 0.00000 
-0.34641 0.60000 0.00000 
0.00000 0.00000 0.00000 

0.88165
-0.24744 1.00000 0.00000 
-0.14286 0.24744 0.00000 
0.00000 0.00000 0.00000 

1.78259
-0.24744 -0.14286 0.00000 
1.00000 0.24744 0.00000 
0.00000 0.00000 0.00000 

0.01096
0.00000 0.00000 0.00000 
0.00000 0.00000 0.00000 
0.00000 0.00000 1.00000 

0.36263 0.27301 0.00000 
1.30266 1.27234 0.00000 
0.00000 0.00000 0.01096 

---------------

svsl Ir Ir 3.85806 0.68672 -0.29119
0.83285 0.16715 0.25000 0.33429 0.66571 -0.50000

6
-0.30054
1.00000 0.00000 0.00000 
0.00000 0.00000 0.00000 
0.00000 0.00000 0.00000 

-0.01507
0.00000 1.00000 0.00000 
1.00000 0.00000 0.00000 
0.00000 0.00000 0.00000 

0.03976
0.00000 0.00000 1.00000 
0.00000 0.00000 0.00000 
1.00000 0.00000 0.00000 

0.35727
0.00000 0.00000 0.00000 
0.00000 1.00000 0.00000 
0.00000 0.00000 0.00000 

-0.45926
0.00000 0.00000 0.00000 
0.00000 0.00000 1.00000 
0.00000 1.00000 0.00000 

0.04760
0.00000 0.00000 0.00000 
0.00000 0.00000 0.00000 
0.00000 0.00000 1.00000 

-0.30054 -0.01507 0.03976 
-0.01507 0.35727 -0.45926 
0.03976 -0.45926 0.04760 

---------------

svsl Ru Ru 3.86171 0.57842 -0.24610
0.33332 0.66668 0.25000 0.33336 0.66664 -0.50000

4
-0.24353
1.00000 -0.00001 0.00000 
-0.00001 0.00000 0.00000 
0.00000 0.00000 0.00000 

0.24861
0.00000 -0.00001 0.00000 
-0.00001 1.00000 0.00000 
0.00000 0.00000 0.00000 

-0.41015
0.00000 0.00000 -0.00001 
0.00000 0.00000 1.00000 
-0.00001 1.00000 0.00000 

0.08114
0.00000 0.00000 0.00000 
0.00000 0.00000 0.00000 
0.00000 0.00000 1.00000 

-0.24353 0.00000 0.00000 
0.00000 0.24861 -0.41015 
0.00000 -0.41015 0.08114 

---------------

svsl Ir Ir 3.86901 0.67757 -0.20353
0.83286 0.66575 0.25000 0.33429 0.66851 -0.50000

4
-0.15362
1.00000 -0.00001 0.00000 
-0.00001 0.00000 0.00000 
0.00000 0.00000 0.00000 

0.39916
0.00000 -0.00001 0.00000 
-0.00001 1.00000 0.00000 
0.00000 0.00000 0.00000 

-0.42697
0.00000 0.00000 -0.00001 
0.00000 0.00000 1.00000 
-0.00001 1.00000 0.00000 

0.02498
0.00000 0.00000 0.00000 
0.00000 0.00000 0.00000 
0.00000 0.00000 1.00000 

-0.15362 -0.00000 0.00000 
-0.00000 0.39916 -0.42697 
0.00000 -0.42697 0.02498 

---------------

svsl Ru Ru 4.40450 0.40820 -0.11756
0.66668 0.33332 0.75000 0.00000 0.00000 -1.00000

2
-0.11756
1.00000 -0.00002 0.00000 
-0.00002 0.99998 0.00000 
0.00000 0.00000 0.00000 

0.40820
0.00000 0.00000 0.00000 
0.00000 0.00000 0.00000 
0.00000 0.00000 1.00000 

-0.11756 0.00000 0.00000 
0.00000 -0.11756 0.00000 
0.00000 0.00000 0.40820 

---------------

svsl Ir Ir 4.40450 0.52273 -0.03189
0.16715 0.83285 0.75000 0.00000 0.00000 -1.00000

4
-0.03986
1.00000 -0.34641 0.00000 
-0.34641 0.60000 0.00000 
0.00000 0.00000 0.00000 

-0.08315
-0.57735 1.00000 0.00000 
1.00000 0.57735 0.00000 
0.00000 0.00000 0.00000 

0.00872
0.00000 0.00000 1.00000 
0.00000 0.00000 -0.57735 
-1.00000 0.57735 0.00000 

0.52273
0.00000 0.00000 0.00000 
0.00000 0.00000 0.00000 
0.00000 0.00000 1.00000 

0.00815 -0.06935 0.00872 
-0.06935 -0.07192 -0.00503 
-0.00872 0.00503 0.52273 

---------------

svsl Ir Ir 4.73621 0.19119 -0.01103
0.33426 0.16714 0.25000 -0.16711 0.66571 -0.50000

9
0.07067
1.00000 0.00000 0.00000 
0.00000 0.00000 0.00000 
0.00000 0.00000 0.00000 

-0.13668
0.00000 1.00000 0.00000 
0.00000 0.00000 0.00000 
0.00000 0.00000 0.00000 

0.08296
0.00000 0.00000 1.00000 
0.00000 0.00000 0.00000 
0.00000 0.00000 0.00000 

-0.07119
0.00000 0.00000 0.00000 
1.00000 0.00000 0.00000 
0.00000 0.00000 0.00000 

0.07620
0.00000 0.00000 0.00000 
0.00000 1.00000 0.00000 
0.00000 0.00000 0.00000 

-0.00390
0.00000 0.00000 0.00000 
0.00000 0.00000 1.00000 
0.00000 0.00000 0.00000 

0.12280
0.00000 0.00000 0.00000 
0.00000 0.00000 0.00000 
1.00000 0.00000 0.00000 

0.02840
0.00000 0.00000 0.00000 
0.00000 0.00000 0.00000 
0.00000 1.00000 0.00000 

0.02226
0.00000 0.00000 0.00000 
0.00000 0.00000 0.00000 
0.00000 0.00000 1.00000 

0.07067 -0.13668 0.08296 
-0.07119 0.07620 -0.00390 
0.12280 0.02840 0.02226 

---------------

svsl Ru Ir 4.74216 0.23049 0.00671
0.33332 0.66668 0.25000 -0.16618 0.66758 -0.50000

9
0.09449
1.00000 0.00000 0.00000 
0.00000 0.00000 0.00000 
0.00000 0.00000 0.00000 

-0.12759
0.00000 1.00000 0.00000 
0.00000 0.00000 0.00000 
0.00000 0.00000 0.00000 

0.08776
0.00000 0.00000 1.00000 
0.00000 0.00000 0.00000 
0.00000 0.00000 0.00000 

-0.10772
0.00000 0.00000 0.00000 
1.00000 0.00000 0.00000 
0.00000 0.00000 0.00000 

0.10085
0.00000 0.00000 0.00000 
0.00000 1.00000 0.00000 
0.00000 0.00000 0.00000 

0.00754
0.00000 0.00000 0.00000 
0.00000 0.00000 1.00000 
0.00000 0.00000 0.00000 

0.11574
0.00000 0.00000 0.00000 
0.00000 0.00000 0.00000 
1.00000 0.00000 0.00000 

0.00214
0.00000 0.00000 0.00000 
0.00000 0.00000 0.00000 
0.00000 1.00000 0.00000 

0.04857
0.00000 0.00000 0.00000 
0.00000 0.00000 0.00000 
0.00000 0.00000 1.00000 

0.09449 -0.12759 0.08776 
-0.10772 0.10085 0.00754 
0.11574 0.00214 0.04857 

---------------

svsl Ir Ru 4.75404 0.29579 0.09287
0.83286 0.66575 0.25000 -0.49953 -0.99907 0.00000

3
0.17161
1.00000 -0.00001 0.00000 
-0.00001 0.00000 0.00000 
0.00000 0.00000 0.00000 

0.29579
0.00000 -0.00001 0.00000 
-0.00001 1.00000 0.00000 
0.00000 0.00000 0.00000 

0.01413
0.00000 0.00000 0.00000 
0.00000 0.00000 0.00000 
0.00000 0.00000 1.00000 

0.17161 -0.00000 0.00000 
-0.00000 0.29579 0.00000 
0.00000 0.00000 0.01413 

---------------

svsl Ir Ir 4.75847 0.27983 0.06987
0.16715 0.83285 0.75000 -0.50140 -1.00000 0.00000

5
0.14821
1.00000 0.00000 0.00000 
0.00000 0.00000 0.00000 
0.00000 0.00000 0.00000 

-0.00236
0.00000 1.00000 0.00000 
0.00000 0.00000 0.00000 
0.00000 0.00000 0.00000 

0.03793
0.00000 0.00000 0.00000 
1.00000 0.00000 0.00000 
0.00000 0.00000 0.00000 

0.27977
0.00000 0.00000 0.00000 
0.00000 1.00000 0.00000 
0.00000 0.00000 0.00000 

-0.00841
0.00000 0.00000 0.00000 
0.00000 0.00000 0.00000 
0.00000 0.00000 1.00000 

0.14821 -0.00236 0.00000 
0.03793 0.27977 0.00000 
0.00000 0.00000 -0.00841 

---------------

svsl Ru Ir 4.76292 0.29689 0.07184
0.33332 0.66668 0.25000 -0.50047 -1.00093 0.00000

3
0.14343
1.00000 -0.00001 0.00000 
-0.00001 0.00000 0.00000 
0.00000 0.00000 0.00000 

0.29689
0.00000 -0.00001 0.00000 
-0.00001 1.00000 0.00000 
0.00000 0.00000 0.00000 

0.00024
0.00000 0.00000 0.00000 
0.00000 0.00000 0.00000 
0.00000 0.00000 1.00000 

0.14343 -0.00000 0.00000 
-0.00000 0.29689 0.00000 
0.00000 0.00000 0.00024 

---------------

svsl Ir Ir 5.18701 0.25941 0.10240
0.66575 0.83286 0.75000 -0.49860 -0.49860 -1.00000

6
0.16236
1.00000 -0.34641 0.00000 
-0.34641 0.60000 0.00000 
0.00000 0.00000 0.00000 

0.35315
-0.24744 1.00000 0.00000 
-0.14286 0.24744 0.00000 
0.00000 0.00000 0.00000 

0.01643
0.00000 0.00000 1.00000 
0.00000 0.00000 0.00000 
-0.50000 0.86603 0.00000 

0.13434
-0.24744 -0.14286 0.00000 
1.00000 0.24744 0.00000 
0.00000 0.00000 0.00000 

0.02474
0.00000 0.00000 0.00000 
0.00000 0.00000 1.00000 
0.86603 0.50000 0.00000 

0.20444
0.00000 0.00000 0.00000 
0.00000 0.00000 0.00000 
0.00000 0.00000 1.00000 

0.04174 0.27771 0.01643 
0.02764 0.21804 0.02474 
0.01322 0.02660 0.20444 

---------------

svsl Ru Ir 5.19108 0.34529 0.02488
0.66668 0.33332 0.75000 -0.49953 -0.50047 -1.00000

9
0.01873
1.00000 0.00000 0.00000 
0.00000 0.00000 0.00000 
0.00000 0.00000 0.00000 

0.25287
0.00000 1.00000 0.00000 
0.00000 0.00000 0.00000 
0.00000 0.00000 0.00000 

0.08311
0.00000 0.00000 1.00000 
0.00000 0.00000 0.00000 
0.00000 0.00000 0.00000 

0.06239
0.00000 0.00000 0.00000 
1.00000 0.00000 0.00000 
0.00000 0.00000 0.00000 

0.20322
0.00000 0.00000 0.00000 
0.00000 1.00000 0.00000 
0.00000 0.00000 0.00000 

0.14266
0.00000 0.00000 0.00000 
0.00000 0.00000 1.00000 
0.00000 0.00000 0.00000 

0.07861
0.00000 0.00000 0.00000 
0.00000 0.00000 0.00000 
1.00000 0.00000 0.00000 

0.11997
0.00000 0.00000 0.00000 
0.00000 0.00000 0.00000 
0.00000 1.00000 0.00000 

0.17310
0.00000 0.00000 0.00000 
0.00000 0.00000 0.00000 
0.00000 0.00000 1.00000 

0.01873 0.25287 0.08311 
0.06239 0.20322 0.14266 
0.07861 0.11997 0.17310 

---------------

svsl Ir Ir 5.19515 0.22005 0.10522
0.16714 0.33426 0.75000 -0.50140 -0.50140 -1.00000

6
0.14246
1.00000 -0.34641 0.00000 
-0.34641 0.60000 0.00000 
0.00000 0.00000 0.00000 

0.27510
-0.24744 1.00000 0.00000 
-0.14286 0.24744 0.00000 
0.00000 0.00000 0.00000 

-0.02805
0.00000 0.00000 1.00000 
0.00000 0.00000 0.00000 
-0.50000 0.86603 0.00000 

0.17661
-0.24744 -0.14286 0.00000 
1.00000 0.24744 0.00000 
0.00000 0.00000 0.00000 

0.01051
0.00000 0.00000 0.00000 
0.00000 0.00000 1.00000 
0.86603 0.50000 0.00000 

0.20254
0.00000 0.00000 0.00000 
0.00000 0.00000 0.00000 
0.00000 0.00000 1.00000 

0.03069 0.20052 -0.02805 
0.08796 0.19725 0.01051 
0.02312 -0.01903 0.20254 

---------------

svsl Ru Ru 5.49459 0.33893 -0.07204
0.66668 0.33332 0.75000 1.00000 1.00000 0.00000

4
0.20037
1.00000 -0.34641 0.00000 
-0.34641 0.60000 0.00000 
0.00000 0.00000 0.00000 

0.22325
-0.24744 1.00000 0.00000 
-0.14286 0.24744 0.00000 
0.00000 0.00000 0.00000 

0.29968
-0.24744 -0.14286 0.00000 
1.00000 0.24744 0.00000 
0.00000 0.00000 0.00000 

-0.12574
0.00000 0.00000 0.00000 
0.00000 0.00000 0.00000 
0.00000 0.00000 1.00000 

0.07098 0.11103 0.00000 
0.19838 0.24961 0.00000 
0.00000 0.00000 -0.12574 

---------------

svsl Ir Ir 5.49459 0.45036 -0.05868
0.16715 0.83285 0.75000 -1.00000 -1.00000 0.00000

4
0.28161
1.00000 -0.34641 0.00000 
-0.34641 0.60000 0.00000 
0.00000 0.00000 0.00000 

0.39477
-0.24744 1.00000 0.00000 
-0.14286 0.24744 0.00000 
0.00000 0.00000 0.00000 

0.28766
-0.24744 -0.14286 0.00000 
1.00000 0.24744 0.00000 
0.00000 0.00000 0.00000 

-0.11759
0.00000 0.00000 0.00000 
0.00000 0.00000 0.00000 
0.00000 0.00000 1.00000 

0.11275 0.25612 0.00000 
0.13371 0.33782 0.00000 
0.00000 0.00000 -0.11759 

---------------

svsl Ir Ir 5.49459 0.13683 -0.07319
0.66575 0.83286 0.75000 -1.00000 -1.00000 0.00000

5
0.03610
1.00000 0.00000 0.00000 
0.00000 0.00000 0.00000 
0.00000 0.00000 0.00000 

0.12289
0.00000 1.00000 0.00000 
0.00000 0.00000 0.00000 
0.00000 0.00000 0.00000 

0.02253
0.00000 0.00000 0.00000 
1.00000 0.00000 0.00000 
0.00000 0.00000 0.00000 

0.08645
0.00000 0.00000 0.00000 
0.00000 1.00000 0.00000 
0.00000 0.00000 0.00000 

-0.13211
0.00000 0.00000 0.00000 
0.00000 0.00000 0.00000 
0.00000 0.00000 1.00000 

0.03610 0.12289 0.00000 
0.02253 0.08645 0.00000 
0.00000 0.00000 -0.13211 

---------------

