2176.0000 0.05 1
1.875
3.75
6.25
6.25
7.5
16.25
8.75
7.5
17.5
15
14.375
16.25
25
16.25
6.25
31.25
23.125
18.125
28.75
10
10
13.125
10
10
16.25
20
25
30
37.5
19.375
23.75
27.5
13.75
26.875
21.875
28.125
21.25
42.5
43.125
30.625
37.5
56.25
47.5
45.625
41.875
67.5
55.625
48.125
84.375
92.5
98.75
123.75
138.75
134.375
138.125
155.625
178.75
154.375
157.5
201.25
174.375
175.625
233.125
252.5
267.5
240
234.375
279.375
293.125
311.25
295.625
320
303.75
310
323.75
339.375
340
366.25
314.375
352.5
372.5
365.625
331.875
359.375
331.875
380
313.125
294.375
301.875
287.5
273.75
254.375
231.25
250.625
253.125
298.75
205.625
250
313.75
293.125
320.625
304.375
311.875
298.125
253.125
292.5
308.75
295.625
328.75
273.125
279.375
302.5
272.5
320.625
291.25
318.125
246.875
298.75
352.5
318.125
317.5
313.75
328.75
357.5
345.625
381.25
400.625
377.5
391.875
391.25
397.5
430.625
451.25
467.5
453.75
442.5
454.375
433.125
453.125
414.375
408.125
427.5
382.5
357.5
316.25
353.75
328.125
312.5
313.75
330
306.25
275.625
215
256.25
248.75
301.875
280
249.375
271.25
226.25
316.875
287.5
330
303.125
301.875
290
287.5
295
350.625
293.125
321.25
355.625
367.5
358.125
259.375
288.125
214.375
286.875
345
266.875
264.375
265.625
260
236.875
247.5
245.625
263.75
328.125
238.75
227.5
237.5
226.875
178.75
248.75
253.75
281.25
256.875
304.375
257.5
262.5
255
206.875
203.75
269.375
255
326.25
344.375
344.375
354.375
275
366.875
295
510
538.125
510.625
424.375
368.75
258.125
231.875
208.125
161.25
118.75
62.5
31.25
11.875
4.375
1.875
3.125
1.25
0
0
0
0
0
0
0
0
0
0
2.5
0
