0.010966 0.002008 0.002536
-0.005467 -0.015727 -0.014097
0.010777 0.003901 -0.000919
0.002329 0.000498 -0.001934
0.007847 0.003239 0.004621
-0.001089 -0.003443 0.000415
-0.001338 -0.005843 -0.009614
-0.005026 0.005025 0.000778
-0.007315 0.000512 -0.007861
0.006265 -0.001074 -0.001382
-0.003270 -0.001222 0.005125
-0.006120 -0.002698 0.001255
-0.001695 -0.005351 0.008200
-0.004928 0.000429 0.000049
0.005160 0.001937 -0.004680
0.002282 -0.000093 0.001258
0.011500 0.001361 0.001821
-0.005112 -0.001432 0.002269
0.011108 0.003806 0.000237
0.002232 0.001021 -0.003728
0.008548 0.002458 -0.003194
-0.000964 -0.004552 -0.000052
-0.005915 -0.001990 -0.004199
-0.005093 0.006809 0.000876
-0.007244 0.001279 -0.006619
0.006111 -0.001277 -0.002074
-0.003668 -0.003792 0.004193
-0.005424 -0.001358 0.002814
-0.001543 -0.005470 0.008369
-0.003753 0.001979 0.001975
0.005498 -0.004747 -0.011630
0.002601 -0.001528 -0.000346
0.010824 0.002448 0.000172
-0.005554 0.013536 -0.014175
0.008252 0.004122 0.006538
0.003787 0.001745 -0.005514
0.008073 0.001595 0.004277
-0.000600 0.030646 -0.029278
-0.001182 0.001455 -0.010127
-0.001608 -0.035006 -0.033335
-0.041204 0.001121 -0.030280
0.006301 -0.001120 -0.001406
-0.003378 0.044004 -0.033007
-0.006923 -0.001849 0.004272
0.018504 -0.005130 -0.010762
-0.006276 0.000340 -0.001289
0.005208 0.001925 -0.005011
0.007431 0.003175 -0.009611
0.011042 0.002243 0.000267
-0.006019 0.014218 -0.014933
0.010877 0.003937 0.000854
0.002132 0.000493 -0.004306
0.008613 0.002448 0.001452
-0.000394 0.001830 -0.006782
-0.006730 -0.003261 -0.002894
-0.005677 0.000264 -0.006293
-0.007838 0.000619 -0.008582
0.005540 -0.000758 -0.002416
-0.003769 0.003046 -0.002285
-0.005928 -0.002957 0.001302
-0.002204 -0.005456 0.007878
-0.004694 0.000344 0.000447
0.004252 0.001874 -0.004800
0.003309 -0.003125 0.001628
0.005496 -0.002672 -0.008808
-0.005493 -0.001264 0.001100
0.011340 0.004816 0.000243
0.000851 0.000143 -0.003147
0.008873 0.002429 -0.003867
-0.001129 -0.004461 -0.000390
-0.004124 -0.002010 -0.004797
-0.005579 0.007162 -0.000044
-0.007461 0.000551 -0.006867
-0.037830 -0.001246 -0.035347
-0.003442 -0.003217 0.005108
-0.010887 0.002676 -0.007774
-0.001345 -0.005237 0.008549
-0.003542 -0.000955 0.001684
0.004426 0.000124 -0.003365
0.002739 -0.001830 0.000361
0.010334 0.003687 0.002245
-0.005345 -0.001401 0.000567
0.009868 0.004391 0.000114
0.001988 0.000929 -0.003880
0.008590 0.002593 -0.003248
-0.001823 -0.003688 -0.000231
-0.005516 -0.002265 -0.004134
-0.004905 0.007123 0.000597
-0.008464 0.001163 -0.007940
0.006082 -0.001189 -0.003117
-0.003225 -0.003033 0.004851
-0.006334 -0.003803 0.002868
-0.002111 -0.006070 0.009265
-0.009309 0.004281 -0.007253
0.004028 0.001027 -0.004703
0.002977 -0.001922 0.001966
0.010924 0.002665 0.000209
-0.005644 -0.017062 -0.014787
0.010159 0.004156 0.001917
0.002030 0.000740 -0.003551
0.008710 0.002727 0.001476
-0.000137 -0.002340 0.002227
-0.006577 -0.001340 -0.003228
-0.005641 0.004794 0.003032
-0.008968 0.000297 -0.004006
0.005596 -0.001324 -0.002582
-0.003487 -0.001243 0.006830
-0.006973 -0.001941 0.002379
-0.017748 -0.005805 -0.005613
-0.011669 0.000754 -0.006772
0.004897 0.002316 -0.005336
-0.001567 -0.006005 -0.008621
0.014716 0.005787 -0.005734
-0.005125 -0.001448 0.010195
0.008639 0.003796 -0.000262
0.003906 0.001248 -0.003093
0.009550 0.002641 -0.003745
-0.002217 -0.004360 -0.000886
-0.005036 -0.002334 -0.005221
-0.004943 0.006423 0.000649
-0.008612 0.000318 -0.008165
0.005247 -0.001427 0.001314
-0.003388 -0.003550 0.004856
-0.002528 -0.005900 -0.004859
-0.002114 -0.004729 0.008917
-0.009490 -0.003420 -0.007032
0.008000 -0.037051 -0.036629
0.002155 -0.001841 0.000377
-0.016298 0.002807 -0.002405
0.004096 -0.001013 0.002622
-0.002916 0.001849 0.003222
-0.004528 0.002307 0.002852
-0.007513 0.010721 -0.007563
0.006354 -0.000994 0.000487
0.004486 -0.000750 -0.006243
0.002702 0.000577 0.000459
0.009216 0.005075 0.001343
-0.000406 -0.004532 -0.005052
0.001181 0.003014 0.005986
-0.022161 -0.003798 -0.005153
0.003237 0.003864 0.012163
-0.000398 -0.007588 -0.009868
0.016568 0.000738 0.000733
-0.005898 0.000972 0.006709
-0.011446 -0.001278 0.003476
0.005093 -0.001935 0.001893
-0.004031 0.001173 0.002263
-0.004080 0.003760 0.001872
-0.003405 0.005307 -0.000668
0.005142 -0.001019 -0.001267
0.004425 -0.001170 -0.005607
0.002654 -0.000084 -0.000743
0.009474 0.005352 0.000296
-0.000741 -0.005017 -0.005292
0.001778 0.002605 0.005579
-0.022881 -0.004251 -0.004281
0.002077 0.004870 0.011768
-0.001428 -0.008403 -0.009058
0.021406 -0.003337 -0.006270
-0.005956 0.000375 0.005343
-0.016285 -0.005720 -0.002585
0.008145 -0.004425 -0.002748
-0.003271 0.000496 0.003073
0.000317 -0.001212 -0.007544
-0.003078 0.005024 -0.000439
0.007205 -0.001905 -0.003767
0.025444 -0.002795 0.507000
0.001925 0.001711 -0.001751
0.009245 0.006222 0.001154
-0.004805 -0.010089 -0.011671
0.029433 0.003024 -0.013766
-0.022712 -0.003842 -0.005051
0.006673 0.007293 0.006769
-0.001436 -0.007488 -0.004676
0.018042 0.000907 -0.000745
-0.005927 -0.000208 0.006757
-0.010697 -0.000047 0.005505
0.004321 -0.002888 0.001202
-0.003129 0.001149 0.002800
-0.003571 0.005332 0.003240
-0.005225 0.005432 0.000857
0.006009 -0.001227 -0.002196
0.004769 -0.000616 0.007532
0.002920 -0.000025 -0.000805
0.010017 0.005276 0.000789
-0.000875 -0.005206 -0.006125
0.000889 0.002962 0.004785
-0.023045 -0.004029 -0.005236
0.002844 0.004192 0.011324
-0.000645 -0.007474 -0.008184
0.016780 0.000667 0.000641
-0.005851 0.000469 0.008752
-0.013779 -0.001140 0.001413
0.009325 -0.005694 -0.004634
-0.002320 0.001641 0.005183
-0.004285 0.003894 0.001850
-0.007903 0.010556 -0.006878
0.006092 -0.001604 -0.001158
0.004803 -0.000184 -0.005565
0.004288 0.000558 -0.000426
-0.009125 0.005616 -0.017447
-0.004281 -0.010657 -0.011400
0.002037 0.003072 0.005242
-0.023897 -0.005911 -0.007403
0.004074 0.003950 0.013863
-0.001668 -0.006430 -0.009095
0.021709 0.004078 -0.005978
-0.004201 0.000361 -0.023471
-0.011529 -0.001579 0.003527
0.004560 -0.002620 0.001343
-0.004243 0.001182 0.002731
-0.004770 0.003810 0.002006
-0.003502 0.005520 -0.001433
0.007073 -0.001557 -0.001270
0.004442 -0.000886 -0.005448
0.003342 0.000025 -0.000670
0.010381 0.005494 0.000573
-0.001128 -0.005316 -0.006092
0.001389 0.002679 0.006137
-0.022481 -0.003800 -0.005785
0.001697 0.003153 0.013082
0.000002 -0.007749 -0.008710
0.016259 -0.000497 0.001825
-0.005906 0.000260 0.005536
-0.010839 -0.002364 0.005197
0.006675 -0.001549 0.003599
-0.003376 0.000859 0.002601
-0.008186 0.007990 -0.006565
-0.003580 0.005780 -0.001163
0.005989 -0.001224 -0.000520
0.004394 -0.000698 -0.008514
0.003224 0.000341 -0.000372
0.010034 0.005907 0.001404
-0.001864 -0.005108 -0.004922
0.003503 0.003255 0.008817
-0.021304 -0.004118 -0.005369
0.003446 0.003041 0.014411
-0.001366 -0.007677 -0.008623
0.019598 0.000438 -0.002319
-0.005898 0.000201 0.008763
-0.014466 -0.001400 0.001727
0.006671 -0.000955 0.004407
0.014722 0.001629 -0.011930
-0.004129 0.004196 0.003969
-0.004777 0.005323 0.000106
0.005591 -0.001507 -0.001205
0.004354 -0.001007 -0.005505
0.002818 -0.000155 0.000071
0.032799 0.005645 -0.020735
-0.002052 -0.005090 -0.004702
0.001651 0.002697 0.005874
-0.022426 -0.004223 -0.004986
0.005304 0.007180 0.008047
0.001014 -0.007236 -0.009091
0.015946 0.002013 0.001586
-0.004972 0.000634 -0.021319
