2176.0000 0.05 1
1.11111
4.44444
11.1111
2.22222
11.1111
4.44444
13.3333
11.1111
20
11.1111
6.66667
11.1111
24.4444
23.3333
17.7778
23.3333
26.6667
18.8889
13.3333
32.2222
18.8889
8.88889
4.44444
10
14.4444
16.6667
34.4444
37.7778
25.5556
40
11.1111
26.6667
17.7778
31.1111
24.4444
32.2222
28.8889
25.5556
40
24.4444
32.2222
46.6667
36.6667
47.7778
70
55.5556
56.6667
41.1111
80
108.889
93.3333
126.667
127.778
138.889
148.889
146.667
161.111
190
192.222
200
216.667
267.778
192.222
230
234.444
286.667
237.778
278.889
253.333
263.333
291.111
298.889
317.778
340
316.667
350
288.889
343.333
305.556
307.778
296.667
300
291.111
282.222
310
275.556
246.667
287.778
290
297.778
314.444
316.667
323.333
305.556
335.556
318.889
315.556
296.667
292.222
298.889
303.333
287.778
334.444
355.556
320
360
373.333
361.111
348.889
354.444
338.889
293.333
253.333
215.556
177.778
160
191.111
238.889
264.444
333.333
350
396.667
420
395.556
430
411.111
450
402.222
377.778
358.889
346.667
368.889
350
394.444
383.333
376.667
385.556
427.778
406.667
456.667
410
408.889
406.667
356.667
357.778
376.667
366.667
376.667
437.778
413.333
412.222
436.667
405.556
334.444
356.667
322.222
351.111
312.222
331.111
255.556
284.444
262.222
270
257.778
246.667
220
274.444
213.333
244.444
214.444
232.222
261.111
223.333
240
234.444
214.444
206.667
230
176.667
203.333
176.667
197.778
175.556
175.556
256.667
234.444
234.444
210
216.667
168.889
175.556
197.778
260
241.111
222.222
272.222
242.222
223.333
262.222
350
337.778
321.111
302.222
332.222
307.778
333.333
377.778
412.222
432.222
423.333
447.778
436.667
503.333
476.667
500
468.889
433.333
345.556
315.556
227.778
118.889
16.6667
1.11111
2.22222
0
0
0
0
0
0
0
2.22222
0
0
0
0
0
0
0
0
0
0
2.22222
0
0
2.22222
2.22222
2.22222
0
2.22222
0
2.22222
2.22222
5.55556
4.44444
0
0
4.44444
2.22222
4.44444
4.44444
2.22222
2.22222
2.22222
2.22222
1.11111
2.22222
0
0
2.22222
0
2.22222
0
