-0.000163 0.010732 0.011234
-0.008971 0.001067 -0.000264
-0.002492 0.019039 0.001589
0.011447 0.007796 -0.002368
0.003022 0.014250 -0.012535
-0.008338 0.000476 -0.000987
-0.001625 0.003129 0.004108
-0.001357 -0.014120 -0.002933
-0.001811 -0.010475 -0.000964
-0.011248 -0.005749 -0.001651
0.011331 -0.005537 0.000284
-0.009516 -0.004538 -0.004215
0.003799 -0.007555 0.003028
0.004506 -0.020573 -0.001109
-0.002701 -0.004816 -0.003919
0.014590 -0.011454 0.003440
-0.000195 0.010693 0.012046
-0.009132 0.001883 0.001657
-0.002200 0.019168 0.001501
0.010931 0.007811 -0.004202
-0.001255 0.016572 -0.005002
-0.009232 -0.000027 -0.003132
-0.000648 0.003457 -0.001763
-0.000059 -0.015406 -0.002873
-0.004918 -0.011799 0.004651
-0.011247 -0.005360 -0.001944
0.012511 -0.006963 0.000930
-0.011219 -0.005216 0.001643
0.003684 -0.006914 0.003032
0.002741 -0.018729 -0.000739
-0.003348 -0.000948 0.001367
0.014770 -0.012474 0.002071
-0.000721 0.011728 0.012357
-0.008306 0.001429 0.000840
-0.001212 0.019035 0.000776
0.010847 0.008411 -0.002936
-0.001644 0.015726 -0.004520
-0.009508 0.000960 -0.001632
0.000883 0.004361 0.000352
0.001706 -0.016591 -0.002744
-0.005277 -0.006956 -0.000915
-0.010648 -0.005566 -0.002293
0.011260 -0.005991 -0.000482
-0.014221 -0.007478 -0.003094
0.004829 -0.007081 0.003556
0.002931 -0.019476 -0.000892
-0.004803 0.000848 0.001953
0.013085 -0.011824 0.003076
-0.006727 0.010618 0.005407
-0.008717 0.001524 0.001346
-0.006212 0.016120 -0.006692
0.013100 0.007660 -0.002509
-0.002302 0.016067 -0.004814
-0.008753 0.000742 0.000740
-0.000692 0.003593 0.005144
0.002548 -0.015560 0.002375
-0.004501 -0.012475 -0.001919
-0.010834 -0.004557 -0.001320
0.013858 -0.005050 0.006170
-0.008276 -0.003351 -0.002858
0.006390 -0.011710 0.003618
-0.001532 -0.017924 -0.000701
-0.004339 0.000387 0.002163
0.015051 -0.012919 0.003327
-0.000537 0.010877 0.012072
-0.008325 0.002065 0.002880
-0.001368 0.018618 0.001410
0.011824 0.007928 -0.003331
-0.009724 0.018103 -0.012760
-0.008577 0.000773 -0.001397
0.000441 0.003789 0.004695
0.000539 -0.017362 -0.003494
-0.003662 -0.012355 -0.001585
-0.011678 -0.004175 -0.002270
0.010668 -0.004978 -0.000341
-0.010695 -0.006583 -0.003849
0.004249 -0.007872 0.003471
0.003502 -0.019296 -0.001550
-0.005648 0.022016 -0.000618
0.011965 -0.010103 0.002539
-0.000317 0.011248 0.012276
-0.009120 0.001213 0.002629
-0.001847 0.018965 0.003408
0.012276 0.007782 -0.008273
-0.001707 0.015593 -0.006139
-0.007201 -0.004983 -0.007338
-0.001307 0.003573 0.004401
-0.000934 -0.012795 0.001695
-0.003254 -0.009221 0.005006
-0.014028 -0.004379 -0.002728
0.006954 -0.009477 -0.003058
-0.005716 -0.008001 -0.010251
0.001871 -0.008916 0.009273
0.006141 -0.017855 -0.006917
-0.003609 0.000232 0.002980
0.013716 -0.011515 0.003683
-0.000258 0.010866 0.010369
-0.009003 0.000993 0.000245
-0.001190 0.018865 0.000595
0.012565 0.007497 -0.005787
-0.001730 0.016213 -0.005625
-0.010002 0.005099 -0.008468
0.000895 0.002744 0.004664
-0.003190 -0.013317 -0.001696
-0.000351 -0.008782 -0.001091
-0.073517 0.034695 -0.082739
0.027545 0.004675 -0.004111
-0.027241 0.002790 -0.007468
0.003963 -0.011448 0.003724
-0.013349 -0.030729 -0.003502
-0.003541 0.001349 0.001733
0.014786 -0.011219 0.002024
0.005072 0.012528 0.005146
-0.009158 0.000790 0.001806
0.004778 0.020704 -0.007583
0.011883 0.007940 -0.002622
-0.000493 0.016319 -0.005520
-0.008918 0.001010 -0.002270
-0.000231 0.003113 0.004727
0.001076 -0.011852 -0.001711
-0.004321 -0.011717 -0.001570
-0.011081 -0.005213 -0.003820
0.015230 -0.008830 0.001128
-0.009867 -0.006812 -0.004122
0.003718 -0.009203 0.008547
0.001239 -0.020174 0.004608
-0.003023 0.000530 0.001808
0.008972 -0.093753 -0.079027
-0.000295 0.002835 -0.005447
0.007128 0.008518 -0.002802
-0.010099 0.010923 0.002657
0.007368 0.023078 -0.000840
-0.000862 -0.001979 -0.000462
0.001129 0.004418 -0.009007
-0.008290 -0.001849 0.000540
0.002977 0.005278 0.000712
-0.000425 0.007136 -0.002007
0.018142 -0.012167 0.003454
-0.008451 0.009991 0.001046
-0.005074 -0.001150 0.000005
0.012161 -0.005227 -0.000490
-0.003037 -0.005165 0.003296
0.014549 -0.008195 0.002869
-0.017279 -0.032661 -0.003271
-0.000305 0.003642 -0.005213
0.002271 0.012517 -0.008283
-0.009926 0.010698 0.002637
0.003561 0.025087 -0.001962
-0.000166 -0.002137 -0.000180
0.000682 0.004341 -0.008918
-0.008175 -0.002277 -0.001367
0.003396 0.005680 0.000410
-0.000815 0.007829 -0.000136
0.018025 -0.011341 0.002386
-0.007439 0.009892 0.002263
-0.004734 -0.000846 -0.000101
0.014263 -0.006527 0.006962
-0.003689 -0.004686 0.003990
0.009564 -0.011111 0.001634
-0.017073 -0.011065 0.000510
-0.000138 0.003546 -0.005097
0.009170 0.006538 -0.006090
-0.010486 0.010560 0.002672
0.009929 0.021599 -0.001479
-0.000130 -0.002715 -0.000443
0.001807 0.003705 -0.008472
-0.007822 -0.002032 -0.001415
0.003189 0.005591 0.000721
-0.001041 0.007740 -0.002041
0.017870 -0.011885 0.003153
-0.008863 0.010512 0.002821
-0.004311 -0.002281 -0.000403
0.013189 -0.009078 0.000059
-0.003172 -0.005957 0.003866
0.011336 -0.009245 0.002173
-0.016369 -0.012539 0.001342
0.000114 0.003183 -0.004348
0.007710 0.008324 -0.002438
-0.006577 0.012163 0.002166
0.006386 0.022669 -0.001951
-0.001025 -0.003419 -0.000018
0.001329 0.004999 -0.008651
-0.008628 -0.001982 -0.000507
0.003353 0.005801 0.001106
-0.000504 0.007818 -0.001050
0.018728 -0.010571 0.003874
-0.009315 0.010444 0.001859
-0.005061 0.000077 -0.000349
0.012058 -0.004845 -0.001050
-0.003407 -0.005494 0.002328
0.008310 -0.008575 -0.004648
-0.016085 -0.011735 0.001129
-0.000518 0.003733 -0.005207
0.007096 0.007795 -0.003786
-0.009725 0.010661 0.001326
0.006252 0.023645 -0.001753
0.000921 -0.003471 -0.000186
0.000840 0.004376 -0.009831
-0.008802 -0.003281 0.000070
0.002877 0.006127 0.001112
-0.000542 0.008868 -0.001383
0.017882 -0.011440 0.002600
-0.008334 0.010661 0.002713
-0.004475 -0.001014 -0.001638
0.010580 -0.004717 -0.000380
-0.004160 -0.004378 0.004620
0.012224 -0.010666 0.007524
-0.016608 -0.006203 -0.003655
-0.000517 0.003644 -0.025072
0.006558 0.007793 -0.003775
-0.008623 0.010405 -0.003396
0.005692 0.023071 -0.007123
0.000242 -0.002959 0.002524
0.001487 0.005469 -0.016025
-0.008369 0.000830 0.000792
0.003285 0.006249 -0.007427
0.000504 0.002264 -0.007839
0.018717 -0.011092 0.002719
-0.008260 0.012579 0.001875
-0.006212 -0.002912 -0.000566
0.009119 -0.008976 0.000498
-0.001473 -0.005849 0.003913
0.010538 -0.009805 0.001401
-0.016716 -0.013536 0.001070
0.000880 0.003211 -0.028998
0.007276 0.008954 -0.003871
-0.010905 0.010783 -0.005507
0.006140 0.025806 -0.005662
0.017624 0.001097 0.554558
-0.001430 0.004327 -0.014804
-0.007846 -0.005535 0.000585
0.000652 0.004728 -0.001807
-0.000574 0.011030 -0.007323
0.017507 -0.013717 0.003365
-0.006542 0.074099 -0.058198
-0.057429 -0.031201 -0.056032
0.012384 -0.007334 0.004922
0.047342 -0.035384 -0.048267
0.009884 -0.009854 0.002272
-0.016723 -0.011184 0.002084
-0.000211 0.003403 -0.004541
0.007118 0.008593 -0.002668
-0.014018 0.009173 0.001801
0.007376 0.023926 -0.001896
0.000717 -0.002629 0.000579
0.001241 0.003751 -0.009463
-0.008436 -0.002565 -0.001613
0.002538 0.004749 0.000789
-0.000158 0.007730 -0.000415
0.074563 0.021945 -0.057952
-0.008291 0.010420 0.002796
-0.005666 -0.001390 -0.001263
0.011212 -0.005362 -0.000207
-0.003331 -0.006169 0.004553
0.027990 -0.017829 -0.002948
-0.018047 -0.012540 0.001939
