2176.0000 0.05 1
1.11111
4.44444
11.1111
2.22222
11.1111
4.44444
13.3333
11.1111
20
11.1111
6.66667
11.1111
24.4444
23.3333
17.7778
23.3333
26.6667
18.8889
13.3333
34.4444
16.6667
11.1111
2.22222
10
14.4444
16.6667
34.4444
37.7778
25.5556
40
11.1111
26.6667
17.7778
31.1111
24.4444
32.2222
31.1111
23.3333
40
24.4444
32.2222
46.6667
36.6667
47.7778
70
55.5556
56.6667
41.1111
80
108.889
93.3333
126.667
127.778
138.889
148.889
146.667
158.889
192.222
187.778
204.444
216.667
270
190
230
232.222
288.889
237.778
278.889
253.333
263.333
288.889
301.111
317.778
335.556
321.111
350
284.444
348.889
305.556
308.889
294.444
297.778
295.556
280
314.444
268.889
251.111
285.556
290
297.778
314.444
321.111
316.667
307.778
340
314.444
316.667
295.556
291.111
304.444
300
291.111
330
357.778
316.667
361.111
373.333
361.111
353.333
352.222
338.889
293.333
251.111
217.778
177.778
160
188.889
238.889
266.667
328.889
351.111
397.778
420
397.778
428.889
412.222
450
400
380
361.111
344.444
368.889
345.556
398.889
381.111
377.778
386.667
427.778
402.222
461.111
405.556
406.667
411.111
356.667
362.222
372.222
366.667
375.556
441.111
413.333
410
436.667
405.556
338.889
352.222
322.222
351.111
312.222
331.111
255.556
284.444
260
272.222
257.778
244.444
222.222
276.667
211.111
241.111
217.778
232.222
261.111
221.111
242.222
236.667
212.222
208.889
227.778
176.667
203.333
176.667
200
175.556
173.333
255.556
233.333
235.556
212.222
215.556
170
175.556
196.667
262.222
238.889
220
275.556
237.778
226.667
260
350
340
323.333
302.222
330
305.556
335.556
380
412.222
430
427.778
445.556
432.222
513.333
471.111
500
471.111
428.889
347.778
313.333
230
121.111
14.4444
3.33333
0
0
0
2.22222
0
0
0
0
0
0
0
0
0
0
0
0
0
0
0
0
0
2.22222
4.44444
0
2.22222
0
0
0
4.44444
2.22222
2.22222
5.55556
0
0
4.44444
2.22222
4.44444
6.66667
0
2.22222
4.44444
1.11111
0
2.22222
0
0
2.22222
0
2.22222
0
