-0.000047 0.010834 0.012041
-0.008593 0.002750 0.000614
-0.001566 0.019373 -0.000284
0.012048 0.007319 -0.003212
-0.002532 0.015252 -0.006145
-0.009553 -0.000663 -0.002635
-0.000768 0.003896 0.004085
0.000433 -0.015323 -0.002926
-0.003371 -0.011553 -0.000907
-0.008325 -0.004374 -0.001533
0.011281 -0.007260 0.001089
-0.008893 -0.006195 -0.002991
0.004462 -0.008069 0.003866
0.001762 -0.018699 -0.000278
-0.003311 -0.000457 0.001728
0.014547 -0.011133 0.003670
-0.000070 0.011632 0.011372
-0.009183 0.004398 0.001305
-0.002048 0.018796 0.001387
0.011434 0.008878 -0.003081
-0.000867 0.016296 -0.005663
-0.009625 0.000280 -0.003861
-0.000115 0.003196 0.004440
-0.000241 -0.015394 -0.002488
-0.003774 -0.011702 -0.000565
-0.011696 -0.003118 -0.003757
0.011295 -0.007177 -0.001594
-0.009679 -0.006315 -0.003606
0.005420 -0.006230 0.003307
0.003668 -0.019182 -0.000240
-0.004965 0.001322 0.000296
0.012750 -0.010527 0.002553
-0.000214 0.010758 0.013207
-0.009667 0.003635 0.000257
-0.001393 0.021232 0.000256
0.012647 -0.001391 -0.003051
0.001413 0.006552 -0.006501
-0.004738 -0.007100 -0.001013
-0.000232 0.005781 0.004791
-0.002086 -0.016582 -0.003356
-0.003909 -0.009820 -0.001698
-0.008346 -0.013630 -0.005886
0.011237 -0.005590 0.001610
-0.010689 -0.008141 -0.003673
0.004865 -0.007792 0.003711
0.002907 -0.020028 -0.000508
0.001231 -0.005136 0.001889
0.014257 -0.011871 0.003052
-0.000949 0.011089 0.011488
-0.006964 0.003762 0.000645
-0.001424 0.018543 0.000030
0.014600 0.002206 0.002799
-0.004943 0.010551 -0.006317
-0.009358 -0.009482 -0.002026
0.015039 -0.069912 0.009200
0.000085 -0.018429 -0.001254
-0.006908 -0.020063 -0.004064
-0.011569 -0.005502 -0.002720
0.011553 -0.005386 0.000084
-0.007468 -0.073305 -0.090868
-0.026989 -0.021323 0.043448
0.002414 -0.019752 -0.001839
-0.003295 0.003487 0.001475
0.015281 -0.010968 0.004065
-0.001104 0.011718 0.012220
-0.008920 0.001217 0.000358
-0.001885 0.019589 0.001274
0.010838 0.008976 -0.002751
-0.002226 0.016033 -0.006069
-0.010195 0.000625 -0.001827
-0.001165 0.004101 0.006166
0.000760 -0.015766 -0.002227
-0.005499 -0.011414 -0.001237
-0.011204 -0.005408 -0.001507
0.010560 -0.005252 -0.000355
-0.008918 -0.006067 -0.003653
0.001903 -0.008252 0.004212
0.003130 -0.020292 -0.000498
-0.003905 0.000910 0.000496
0.014187 -0.007383 0.003342
0.000097 0.009366 0.012407
-0.009228 -0.000852 0.000674
-0.001987 0.018795 0.000465
0.013299 0.008510 -0.002593
0.002280 0.010513 -0.007274
-0.012868 -0.003405 0.003562
-0.000752 0.002717 0.005102
0.000053 -0.014718 -0.002875
-0.002770 -0.011683 -0.000661
-0.010541 -0.004562 -0.001433
0.011865 -0.008306 0.005097
-0.010401 -0.006929 -0.002947
0.004960 -0.008665 0.001913
0.003310 -0.020831 -0.005148
0.006931 0.001629 -0.008611
0.011653 -0.008593 0.000771
-0.004369 0.627873 0.025784
0.011602 0.004747 0.000221
0.054760 -0.036313 0.001986
0.010284 0.003070 -0.002217
0.002364 0.012135 -0.004977
-0.011128 -0.002890 -0.007500
-0.000638 0.002861 0.004514
-0.035635 -0.032103 -0.047224
-0.004696 -0.011446 -0.005095
-0.012188 -0.003775 -0.002406
0.011474 -0.023611 -0.019229
-0.008783 -0.005286 -0.002856
0.004656 -0.007777 0.004180
0.004004 -0.036867 0.018485
-0.001168 0.002898 0.003172
0.001475 -0.008590 0.012554
-0.001617 0.011365 0.012966
-0.006647 0.002774 0.000582
-0.001604 0.018472 0.001386
0.014039 0.001751 -0.007498
0.000491 0.017817 -0.005393
-0.008601 0.000923 -0.002507
-0.001287 0.003542 0.004503
0.000160 -0.015985 -0.003216
-0.001874 -0.009524 -0.002643
-0.010521 -0.005883 -0.005696
0.010317 -0.006511 0.001045
-0.009808 -0.006224 -0.006114
0.003811 -0.006299 0.004015
0.003539 -0.018487 0.000119
-0.004624 0.000631 0.000937
0.009551 -0.016829 0.001078
-0.000161 0.004078 -0.004947
0.009533 0.009463 -0.002793
-0.010430 0.009918 0.002389
0.006177 0.022514 -0.001467
-0.000545 -0.002336 0.000295
0.000805 0.004080 -0.010200
-0.008060 -0.001306 0.000768
0.003450 0.005943 -0.000193
-0.000694 0.007685 -0.001653
0.017662 -0.011358 0.002494
-0.008372 0.010141 0.001558
-0.005221 -0.001527 -0.000231
0.010629 -0.004998 -0.000619
-0.003089 -0.006471 0.003743
0.009729 -0.009908 0.002184
-0.017266 -0.012425 0.002029
-0.002908 0.006845 -0.004303
0.004848 0.013326 -0.004889
-0.009838 0.010405 0.001923
0.007365 0.023607 -0.001835
0.001800 -0.004200 -0.000595
0.001223 0.004098 -0.009421
-0.008693 -0.003426 0.001235
0.003566 0.005186 0.000171
0.000192 0.007336 -0.002400
0.017175 -0.012239 0.004503
-0.008995 0.009645 0.001751
-0.005212 -0.000702 0.000726
0.010438 -0.005748 -0.001152
-0.004174 -0.003188 0.005928
0.011241 -0.009219 0.001152
-0.017616 -0.010883 0.002203
-0.002544 0.004825 -0.005243
0.007273 0.010274 0.000282
-0.009893 0.013266 0.002439
0.012801 0.015612 -0.001551
0.009923 -0.014516 -0.000797
0.000023 0.005574 -0.010477
-0.001469 -0.014271 -0.000491
0.002393 -0.007895 -0.000637
-0.000727 0.010553 -0.001872
0.018507 -0.012763 0.003049
-0.007861 0.013020 0.000112
-0.005692 -0.001644 -0.001084
0.011683 -0.004169 0.001574
-0.000296 -0.011668 0.009124
0.010655 -0.008922 0.002432
-0.012419 -0.017282 0.000925
-0.021346 -0.000619 -0.005417
0.006064 0.011515 -0.003179
-0.008549 0.010977 0.005266
0.001397 0.017185 -0.008096
0.000585 -0.001468 -0.000593
0.001449 0.000202 -0.008823
-0.024138 -0.022441 0.000831
0.002327 0.005581 0.000233
-0.013123 -0.049875 0.000149
0.017535 -0.011167 0.003038
-0.018164 0.014730 -0.007901
0.024466 -0.016495 0.028228
0.008968 -0.011924 0.003567
-0.003288 -0.006320 0.008661
0.009937 -0.010113 0.002323
-0.016500 -0.007930 0.001838
-0.000437 0.003383 -0.005510
0.009986 0.012969 -0.002829
-0.009129 0.010597 0.002407
0.004606 0.024092 -0.001340
-0.000288 -0.003088 -0.000720
-0.000644 0.006026 -0.009616
-0.007750 -0.002103 0.000676
0.003397 0.005293 -0.000190
-0.001425 0.007937 -0.002354
0.018439 -0.012014 0.003692
-0.008968 0.010815 0.002165
-0.005788 -0.001636 -0.000376
0.011902 -0.006272 0.000302
-0.001974 -0.005097 0.003840
0.009097 -0.010618 0.003236
-0.015346 -0.012298 0.001069
0.001207 0.005076 -0.005679
0.005644 0.009312 -0.002936
-0.010141 0.011061 0.002644
0.007140 0.022987 -0.001685
-0.000526 -0.003467 -0.000071
0.002478 0.006070 -0.009971
-0.009073 -0.001264 -0.004014
0.003762 0.005684 0.000096
0.000199 0.007682 -0.002648
0.017845 -0.010908 0.002380
-0.007279 0.010544 0.000103
-0.004813 -0.000700 -0.000223
0.011906 -0.006487 0.004758
-0.002840 -0.005141 0.003589
0.010434 -0.009043 0.004496
-0.014243 -0.009531 -0.001194
0.000318 0.005414 -0.004522
0.008123 0.013416 -0.002974
-0.054311 -0.020245 0.002628
0.007453 0.013253 -0.002086
-0.009439 -0.022447 -0.000466
0.002521 0.005130 -0.010198
-0.009308 -0.001890 0.004250
0.004126 -0.006429 -0.000007
-0.000370 0.007369 -0.002505
0.048681 -0.029879 -0.031136
-0.012165 0.003491 0.003629
-0.004656 -0.000139 -0.000256
0.012053 -0.005393 -0.000330
-0.004141 -0.004057 0.005304
0.009642 -0.085090 0.081033
-0.005593 -0.010687 0.011050
-0.001112 0.000585 -0.006191
0.007075 0.010298 0.000211
-0.008926 0.010567 0.000211
0.002150 0.020799 0.002217
0.001949 -0.002057 0.001282
0.000629 0.001688 -0.010712
-0.011017 -0.003389 0.000540
0.002444 0.005687 -0.000401
-0.000237 0.008050 -0.002278
0.019176 -0.011024 0.003083
-0.010450 0.012668 0.003639
-0.004368 -0.001099 0.000703
0.012683 -0.003385 0.002748
-0.003612 -0.005952 0.005059
0.010044 -0.009286 0.002371
-0.017143 -0.012015 0.001179
