0.010225 0.003168 0.001474
-0.005687 -0.001779 0.000481
0.010806 0.005285 0.000314
0.002089 0.000351 -0.004010
0.008712 0.002697 -0.002822
0.000035 -0.003446 0.000126
-0.004628 -0.001162 -0.004025
-0.006032 0.005770 0.000468
-0.008580 -0.000389 -0.007123
0.005695 -0.001898 -0.001488
-0.002836 -0.002258 0.004896
-0.006436 -0.002576 0.001566
-0.001510 -0.005437 0.009007
-0.006016 0.000381 -0.000726
0.003897 0.001005 -0.005109
0.002515 -0.001806 0.001611
0.010958 0.002015 0.002244
-0.005324 -0.000524 0.001517
0.011288 0.003931 -0.001026
0.002547 0.000663 -0.004056
0.008608 0.002392 -0.003724
-0.000328 -0.002840 0.000948
-0.003877 -0.002701 -0.005485
-0.005575 0.004182 0.002270
-0.008508 0.000583 -0.005093
0.005513 -0.001391 -0.002372
-0.003848 -0.002454 0.005901
-0.006590 -0.002584 0.001783
-0.005859 -0.001767 0.000081
-0.004386 -0.000345 0.002150
0.005350 0.001015 -0.004586
0.001886 -0.002177 -0.027316
0.010487 0.002042 0.001279
-0.005895 -0.001353 0.002204
0.015381 0.008889 -0.010398
0.021139 0.000849 -0.022903
0.007090 0.002892 -0.002286
-0.002269 -0.003359 -0.000675
-0.004897 -0.001538 -0.004745
-0.002061 0.006419 -0.002549
-0.008427 0.000112 -0.007091
0.001631 0.001732 -0.007059
-0.003182 -0.002380 0.004750
-0.021652 -0.001455 -0.012575
-0.001770 -0.005604 0.008007
-0.003593 -0.001125 0.002071
0.005755 0.000113 -0.003599
0.002571 -0.001876 0.001746
0.012100 0.001286 0.001074
-0.005376 -0.001258 0.000763
0.010610 0.002229 0.000386
0.001649 0.000443 -0.004526
0.008527 0.002334 -0.003076
-0.000054 -0.003466 0.000360
-0.004684 -0.001006 -0.004099
-0.006380 0.005848 0.000732
-0.008713 -0.000539 -0.006859
0.005344 -0.001337 -0.002487
-0.002941 -0.002321 0.005358
-0.005057 -0.002962 0.001103
-0.001155 -0.004832 0.009305
-0.006481 -0.001527 0.000295
0.003027 0.001663 -0.005377
0.002697 -0.002086 0.000237
0.010756 0.002802 0.002769
-0.010627 0.003411 -0.008813
0.010464 0.004167 -0.000401
0.002056 0.000594 -0.004559
0.008616 0.002571 -0.002605
-0.000247 -0.004833 0.001132
-0.004416 -0.001721 -0.002598
-0.005914 0.007420 0.002384
-0.008112 0.000698 -0.008327
0.003856 -0.002263 -0.000408
-0.001961 -0.001985 0.003977
-0.006117 -0.002755 0.001687
-0.001706 -0.004017 0.009982
-0.005683 0.000334 -0.000667
0.003996 0.001776 -0.005198
0.002799 -0.001635 0.000479
0.010536 0.002257 0.000975
-0.005838 -0.003009 0.001898
0.010992 0.004165 0.001136
0.001928 0.000594 -0.003812
0.008518 0.002450 -0.001558
-0.005933 0.001529 -0.005822
-0.004612 -0.002656 -0.005123
-0.002404 0.001680 -0.004542
-0.007871 0.037519 -0.033232
0.005597 -0.002621 -0.001188
-0.043381 -0.002423 -0.028096
-0.006000 -0.002164 0.002042
0.003343 -0.009647 -0.000112
-0.000922 0.004467 -0.006691
0.003438 0.001631 -0.004416
0.004067 -0.001445 -0.027922
0.011562 0.002977 0.001515
-0.005814 -0.001620 -0.000121
0.007685 0.000576 -0.007822
-0.018207 0.001784 -0.024821
0.009966 0.002022 -0.002959
-0.003564 -0.004167 -0.003761
-0.004997 -0.000833 -0.005072
-0.004144 0.005738 0.000003
-0.008793 -0.000538 -0.008340
0.003789 -0.002268 0.000009
-0.001923 -0.002346 0.005170
0.006975 -0.001696 -0.012182
-0.000979 -0.005616 0.010439
-0.002172 0.003139 -0.005011
0.029759 0.001238 -0.021237
0.002692 -0.001553 0.000267
0.011189 0.002672 0.005055
-0.002299 -0.004988 -0.006871
0.009706 0.004276 -0.000833
0.001287 0.001626 -0.003200
0.011528 0.001325 -0.004727
-0.005254 -0.007012 -0.005304
-0.007131 -0.036588 -0.029077
-0.002505 0.010599 -0.004290
-0.008572 0.000472 -0.008193
0.001827 0.003050 -0.006765
-0.003237 -0.002307 0.004762
-0.005597 -0.002164 0.001784
-0.000968 -0.006627 0.009882
-0.005764 -0.000170 0.000342
0.003906 0.002065 -0.004790
0.002028 -0.001552 0.000629
-0.012791 -0.003229 0.003924
0.004804 -0.003004 0.001551
-0.003208 0.001409 0.002024
-0.004466 0.003936 0.001387
-0.002754 0.006202 -0.000359
0.006251 -0.001535 -0.001001
0.004166 -0.000994 -0.004443
0.002858 0.000032 -0.000802
0.009317 0.005461 0.001886
-0.001569 -0.006095 -0.006147
0.001958 0.004571 0.006058
-0.022416 -0.003985 -0.005951
0.004015 0.004125 0.011335
-0.000663 -0.007821 -0.009587
0.018190 0.001315 0.001120
-0.006294 -0.000644 0.008192
-0.013486 0.001199 0.000433
0.004493 -0.002583 0.001312
-0.002822 0.001597 0.002374
-0.003724 0.020716 -0.015333
-0.002366 0.006675 -0.002170
0.005951 -0.000860 0.002279
0.004101 -0.000510 -0.004232
0.002941 0.000595 0.000205
0.009586 0.005627 0.001615
-0.001543 -0.005359 -0.004549
0.002211 0.002799 0.008392
-0.022530 -0.004369 -0.007003
0.002694 0.003088 0.013894
-0.000304 -0.007122 -0.009576
0.016788 0.001448 0.001929
-0.005966 0.000323 0.006672
-0.012434 -0.001884 0.002589
0.043563 -0.003074 -0.027869
-0.001877 0.002122 0.003594
-0.004009 0.004107 0.014510
-0.002094 0.006839 -0.000092
0.006245 -0.000696 -0.000720
0.003773 -0.000652 -0.004535
0.003531 0.000169 -0.001419
0.011393 0.005983 0.002629
-0.000312 -0.005804 -0.006878
0.002661 0.004063 0.005645
-0.018383 -0.008451 0.462747
-0.004353 0.004595 0.005302
0.000480 -0.007991 -0.008814
0.014229 -0.002537 -0.004921
-0.010983 -0.004074 -0.001265
-0.012627 -0.002464 0.003301
0.003566 -0.002743 0.000300
-0.003028 0.002384 0.003404
-0.004185 0.003544 0.003517
-0.003452 0.005842 -0.001179
0.005594 -0.000580 -0.000958
0.004075 -0.000414 -0.004429
0.003050 0.000198 -0.000835
0.009939 0.005237 0.001345
-0.001917 -0.005722 -0.005691
0.002093 0.004014 0.005793
-0.022546 -0.004409 0.004041
0.004148 0.004373 0.011548
-0.000193 -0.007269 -0.009650
0.018156 0.001134 -0.000190
-0.006178 0.001558 0.008618
-0.013168 -0.000640 0.005265
0.004804 -0.002258 0.001524
-0.001938 0.002025 0.004834
-0.003612 -0.011625 -0.014403
-0.004119 0.006258 0.000758
0.005960 -0.001509 0.000067
0.004475 -0.001017 -0.005099
0.003090 -0.000454 0.001385
0.009970 0.005673 0.001928
-0.001347 -0.006783 -0.004629
0.001968 0.000300 0.001693
-0.022446 -0.004228 -0.007469
0.002612 0.005924 0.013826
-0.000604 -0.007932 -0.009923
0.018154 0.001175 0.000108
-0.005866 0.000024 0.006510
-0.012576 -0.000925 0.001870
0.003598 -0.002913 0.002356
-0.002475 0.000852 0.002879
-0.004930 -0.017645 -0.021096
-0.002597 0.006450 -0.001208
0.005084 -0.000710 0.005888
0.005112 0.000191 -0.006634
0.002988 0.001767 0.004459
0.009537 0.005585 0.002119
0.003051 -0.001392 -0.011279
0.000777 -0.025081 -0.009297
-0.022549 -0.003536 -0.007424
-0.000407 0.000847 0.007292
-0.000849 -0.007352 -0.013831
0.014424 -0.003311 -0.004327
-0.006437 0.000717 0.006965
-0.012428 -0.001756 0.004038
0.005077 -0.003099 0.003481
0.000006 -0.002053 -0.001058
-0.004231 0.004063 0.001088
-0.003930 0.006668 -0.001562
0.005026 -0.001923 -0.001230
0.005905 -0.000343 -0.004580
0.002704 0.000641 -0.001344
0.008508 0.005346 0.002157
0.005388 -0.005855 -0.013046
0.002446 0.003575 0.006316
-0.022489 -0.003735 -0.008920
0.002626 0.005040 0.010960
-0.002787 -0.006802 -0.008789
0.015970 0.002087 0.002951
-0.002235 0.003998 -0.000738
-0.013092 0.024908 -0.010738
0.002810 -0.001957 0.002679
0.000217 -0.003552 -0.002697
-0.004386 0.025897 -0.021518
-0.027006 0.005719 -0.014652
0.006311 -0.001053 -0.001645
0.004454 -0.001522 -0.003485
0.002999 -0.001185 0.004911
0.008492 0.006097 -0.001229
0.002806 -0.009055 -0.010362
0.002152 0.002216 0.004263
-0.022203 -0.005120 -0.007093
-0.000147 0.008178 0.007182
0.000240 -0.007454 -0.009468
0.017700 0.001542 0.001023
-0.006660 0.000471 0.009037
