svsl Ru Ir 2.70601 1.70380 -0.09833
1.00000 0.50000 0.50000 0.00000 -0.50000 -0.50000

3
-0.03149
1.00000 0.00000 0.00000 
0.00000 0.00000 0.00000 
0.00000 0.00000 0.00000 

0.76932
0.00000 0.00000 0.00000 
0.00000 1.00000 0.00000 
0.00000 0.00000 1.00000 

0.93448
0.00000 0.00000 0.00000 
0.00000 0.00000 1.00000 
0.00000 1.00000 0.00000 

-0.03149 0.00000 0.00000 
0.00000 0.76932 0.93448 
0.00000 0.93448 0.76932 

---------------

svsl Ru Ru 2.70601 0.73846 -0.05589
1.00000 0.50000 0.50000 0.50000 0.00000 -0.50000

4
0.27808
1.00000 0.00000 0.00000 
0.00000 0.00000 0.00000 
0.00000 0.00000 1.00000 

-0.45030
0.00000 0.00000 1.00000 
0.00000 0.00000 0.00000 
0.00000 0.00000 0.00000 

0.07053
0.00000 0.00000 0.00000 
0.00000 1.00000 0.00000 
0.00000 0.00000 0.00000 

-0.47047
0.00000 0.00000 0.00000 
0.00000 0.00000 0.00000 
1.00000 0.00000 0.00000 

0.27808 0.00000 -0.45030 
0.00000 0.07053 0.00000 
-0.47047 0.00000 0.27808 

---------------

svsl Ir Ir 3.82688 0.75243 -0.02881
1.00000 1.00000 1.00000 0.00000 0.00000 -1.00000

2
-0.02881
1.00000 0.00000 0.00000 
0.00000 1.00000 0.00000 
0.00000 0.00000 0.00000 

0.75243
0.00000 0.00000 0.00000 
0.00000 0.00000 0.00000 
0.00000 0.00000 1.00000 

-0.02881 0.00000 0.00000 
0.00000 -0.02881 0.00000 
0.00000 0.00000 0.75243 

---------------

svsl Ru Ru 3.82688 0.69870 0.06605
0.50000 0.50000 1.00000 0.00000 0.00000 -1.00000

2
0.06605
1.00000 0.00000 0.00000 
0.00000 1.00000 0.00000 
0.00000 0.00000 0.00000 

0.69870
0.00000 0.00000 0.00000 
0.00000 0.00000 0.00000 
0.00000 0.00000 1.00000 

0.06605 0.00000 0.00000 
0.00000 0.06605 0.00000 
0.00000 0.00000 0.69870 

---------------

svsl Ru Ru 3.82688 0.75040 0.00156
0.50000 1.00000 0.50000 0.00000 0.00000 -1.00000

3
-0.05622
1.00000 0.00000 0.00000 
0.00000 0.00000 0.00000 
0.00000 0.00000 0.00000 

0.05934
0.00000 0.00000 0.00000 
0.00000 1.00000 0.00000 
0.00000 0.00000 0.00000 

0.75040
0.00000 0.00000 0.00000 
0.00000 0.00000 0.00000 
0.00000 0.00000 1.00000 

-0.05622 0.00000 0.00000 
0.00000 0.05934 0.00000 
0.00000 0.00000 0.75040 

---------------

svsl Ru Ir 4.68695 0.17695 -0.02321
0.50000 0.50000 1.00000 -0.50000 -0.50000 -1.00000

5
0.00422
1.00000 0.00000 0.00000 
0.00000 1.00000 0.00000 
0.00000 0.00000 0.00000 

-0.02890
0.00000 1.00000 0.00000 
1.00000 0.00000 0.00000 
0.00000 0.00000 0.00000 

0.07307
0.00000 0.00000 1.00000 
0.00000 0.00000 1.00000 
0.00000 0.00000 0.00000 

0.08261
0.00000 0.00000 0.00000 
0.00000 0.00000 0.00000 
1.00000 1.00000 0.00000 

0.12210
0.00000 0.00000 0.00000 
0.00000 0.00000 0.00000 
0.00000 0.00000 1.00000 

0.00422 -0.02890 0.07307 
-0.02890 0.00422 0.07307 
0.08261 0.08261 0.12210 

---------------

svsl Ru Ru 4.68695 0.26158 -0.00925
1.00000 0.50000 0.50000 0.50000 -1.00000 -0.50000

6
0.03385
1.00000 0.00000 0.00000 
0.00000 0.00000 0.00000 
0.00000 0.00000 1.00000 

-0.11583
0.00000 1.00000 0.00000 
0.00000 0.00000 -1.00000 
0.00000 0.00000 0.00000 

0.04100
0.00000 0.00000 1.00000 
0.00000 0.00000 0.00000 
0.00000 0.00000 0.00000 

-0.10346
0.00000 0.00000 0.00000 
1.00000 0.00000 0.00000 
0.00000 -1.00000 0.00000 

0.17538
0.00000 0.00000 0.00000 
0.00000 1.00000 0.00000 
0.00000 0.00000 0.00000 

0.03591
0.00000 0.00000 0.00000 
0.00000 0.00000 0.00000 
1.00000 0.00000 0.00000 

0.03385 -0.11583 0.04100 
-0.10346 0.17538 0.11583 
0.03591 0.10346 0.03385 

---------------

svsl Ir Ir 5.41203 0.98315 0.07937
1.00000 1.00000 1.00000 0.00000 -1.00000 -1.00000

3
0.09131
1.00000 0.00000 0.00000 
0.00000 0.00000 0.00000 
0.00000 0.00000 0.00000 

0.52529
0.00000 0.00000 0.00000 
0.00000 1.00000 0.00000 
0.00000 0.00000 1.00000 

0.45785
0.00000 0.00000 0.00000 
0.00000 0.00000 1.00000 
0.00000 1.00000 0.00000 

0.09131 0.00000 0.00000 
0.00000 0.52529 0.45785 
0.00000 0.45785 0.52529 

---------------

svsl Ru Ru 5.41203 1.11958 0.03726
0.50000 0.50000 1.00000 0.00000 -1.00000 -1.00000

4
0.05307
1.00000 0.00000 0.00000 
0.00000 0.00000 0.00000 
0.00000 0.00000 0.00000 

0.57373
0.00000 0.00000 0.00000 
0.00000 1.00000 0.00000 
0.00000 0.00000 0.00000 

0.54907
0.00000 0.00000 0.00000 
0.00000 0.00000 1.00000 
0.00000 1.00000 0.00000 

0.56729
0.00000 0.00000 0.00000 
0.00000 0.00000 0.00000 
0.00000 0.00000 1.00000 

0.05307 0.00000 0.00000 
0.00000 0.57373 0.54907 
0.00000 0.54907 0.56729 

---------------

svsl Ru Ru 5.41203 0.94032 0.00561
1.00000 0.50000 0.50000 0.00000 -1.00000 -1.00000

3
0.03352
1.00000 0.00000 0.00000 
0.00000 0.00000 0.00000 
0.00000 0.00000 0.00000 

0.45901
0.00000 0.00000 0.00000 
0.00000 1.00000 0.00000 
0.00000 0.00000 1.00000 

0.48131
0.00000 0.00000 0.00000 
0.00000 0.00000 1.00000 
0.00000 1.00000 0.00000 

0.03352 0.00000 0.00000 
0.00000 0.45901 0.48131 
0.00000 0.48131 0.45901 

---------------

