0	3.07605e-34
1.27866e+10	8.25631e-34
2.55733e+10	2.19324e-33
3.83599e+10	5.76628e-33
5.11465e+10	1.50042e-32
6.39331e+10	3.86401e-32
7.67198e+10	9.84855e-32
8.95064e+10	2.48436e-31
1.02293e+11	6.20249e-31
1.1508e+11	1.53259e-30
1.27866e+11	3.74794e-30
1.40653e+11	9.07128e-30
1.5344e+11	2.17297e-29
1.66226e+11	5.15164e-29
1.79013e+11	1.20878e-28
1.91799e+11	2.80709e-28
2.04586e+11	6.4517e-28
2.17373e+11	1.46758e-27
2.30159e+11	3.30397e-27
2.42946e+11	7.36171e-27
2.55733e+11	1.62342e-26
2.68519e+11	3.54315e-26
2.81306e+11	7.65347e-26
2.94092e+11	1.63619e-25
3.06879e+11	3.46194e-25
3.19666e+11	7.24959e-25
3.32452e+11	1.5025e-24
3.45239e+11	3.08195e-24
3.58026e+11	6.25668e-24
3.70812e+11	1.2571e-23
3.83599e+11	2.49981e-23
3.96385e+11	4.91983e-23
4.09172e+11	9.58302e-23
4.21959e+11	1.84741e-22
4.34745e+11	3.52478e-22
4.47532e+11	6.65593e-22
4.60319e+11	1.24393e-21
4.73105e+11	2.30085e-21
4.85892e+11	4.21203e-21
4.98678e+11	7.63136e-21
5.11465e+11	1.36843e-20
5.24252e+11	2.42856e-20
5.37038e+11	4.26565e-20
5.49825e+11	7.41531e-20
5.62612e+11	1.2758e-19
5.75398e+11	2.17242e-19
5.88185e+11	3.66111e-19
6.00972e+11	6.10648e-19
6.13758e+11	1.00804e-18
6.26545e+11	1.64692e-18
6.39331e+11	2.66302e-18
6.52118e+11	4.26174e-18
6.64905e+11	6.75004e-18
6.77691e+11	1.05812e-17
6.90478e+11	1.64162e-17
7.03265e+11	2.52067e-17
7.16051e+11	3.83063e-17
7.28838e+11	5.76145e-17
7.41624e+11	8.57634e-17
7.54411e+11	1.26352e-16
7.67198e+11	1.84233e-16
7.79984e+11	2.65866e-16
7.92771e+11	3.79723e-16
8.05558e+11	5.36759e-16
8.18344e+11	7.5093e-16
8.31131e+11	1.03975e-15
8.43917e+11	1.42484e-15
8.56704e+11	1.93246e-15
8.69491e+11	2.59397e-15
8.82277e+11	3.4461e-15
8.95064e+11	4.53105e-15
9.07851e+11	5.89628e-15
9.20637e+11	7.59392e-15
9.33424e+11	9.6797e-15
9.4621e+11	1.22114e-14
9.58997e+11	1.52468e-14
9.71784e+11	1.88409e-14
9.8457e+11	2.30425e-14
9.97357e+11	2.78913e-14
1.01014e+12	3.34129e-14
1.02293e+12	3.96159e-14
1.03572e+12	4.64871e-14
1.0485e+12	5.39888e-14
1.06129e+12	6.2056e-14
1.07408e+12	7.05947e-14
1.08686e+12	7.9482e-14
1.09965e+12	8.85674e-14
1.11244e+12	9.76759e-14
1.12522e+12	1.06613e-13
1.13801e+12	1.1517e-13
1.1508e+12	1.23134e-13
1.16358e+12	1.30294e-13
1.17637e+12	1.36452e-13
1.18916e+12	1.41431e-13
1.20194e+12	1.45083e-13
1.21473e+12	1.47298e-13
1.22752e+12	1.48008e-13
1.2403e+12	1.47192e-13
1.25309e+12	1.44874e-13
1.26588e+12	1.41125e-13
1.27866e+12	1.36059e-13
1.29145e+12	1.29825e-13
1.30424e+12	1.22602e-13
1.31702e+12	1.14589e-13
1.32981e+12	1.05999e-13
1.3426e+12	9.7043e-14
1.35538e+12	8.793e-14
1.36817e+12	7.8853e-14
1.38096e+12	6.99855e-14
1.39374e+12	6.14761e-14
1.40653e+12	5.34457e-14
1.41932e+12	4.59862e-14
1.4321e+12	3.91607e-14
1.44489e+12	3.30052e-14
1.45768e+12	2.7531e-14
1.47046e+12	2.27285e-14
1.48325e+12	1.85706e-14
1.49604e+12	1.50173e-14
1.50882e+12	1.20189e-14
1.52161e+12	9.52023e-15
1.5344e+12	7.46342e-15
1.54718e+12	5.79078e-15
1.55997e+12	4.44677e-15
1.57276e+12	3.37957e-15
1.58554e+12	2.54207e-15
1.59833e+12	1.89246e-15
1.61112e+12	1.39438e-15
1.6239e+12	1.01687e-15
1.63669e+12	7.34012e-16
1.64947e+12	5.24516e-16
1.66226e+12	3.71175e-16
1.67505e+12	2.60319e-16
1.68783e+12	1.81278e-16
1.70062e+12	1.25878e-16
1.71341e+12	8.80026e-17
1.72619e+12	6.3223e-17
1.73898e+12	4.84999e-17
1.75177e+12	4.19674e-17
1.76455e+12	4.27952e-17
1.77734e+12	5.11321e-17
1.79013e+12	6.81324e-17
1.80291e+12	9.60698e-17
1.8157e+12	1.38545e-16
1.82849e+12	2.00797e-16
1.84127e+12	2.9012e-16
1.85406e+12	4.16417e-16
1.86685e+12	5.92872e-16
1.87963e+12	8.36774e-16
1.89242e+12	1.17049e-15
1.90521e+12	1.62257e-15
1.91799e+12	2.22898e-15
1.93078e+12	3.03447e-15
1.94357e+12	4.09392e-15
1.95635e+12	5.47376e-15
1.96914e+12	7.25319e-15
1.98193e+12	9.5253e-15
1.99471e+12	1.23976e-14
2.0075e+12	1.59925e-14
2.02029e+12	2.04462e-14
2.03307e+12	2.59078e-14
2.04586e+12	3.25365e-14
2.05865e+12	4.04976e-14
2.07143e+12	4.9958e-14
2.08422e+12	6.10791e-14
2.09701e+12	7.40093e-14
2.10979e+12	8.88748e-14
2.12258e+12	1.0577e-13
2.13537e+12	1.24746e-13
2.14815e+12	1.45801e-13
2.16094e+12	1.68871e-13
2.17373e+12	1.93821e-13
2.18651e+12	2.20436e-13
2.1993e+12	2.48424e-13
2.21209e+12	2.77409e-13
2.22487e+12	3.06941e-13
2.23766e+12	3.36506e-13
2.25045e+12	3.65533e-13
2.26323e+12	3.93421e-13
2.27602e+12	4.19553e-13
2.28881e+12	4.43329e-13
2.30159e+12	4.64184e-13
2.31438e+12	4.81623e-13
2.32717e+12	4.95239e-13
2.33995e+12	5.04738e-13
2.35274e+12	5.09959e-13
2.36553e+12	5.10879e-13
2.37831e+12	5.07624e-13
2.3911e+12	5.0046e-13
2.40389e+12	4.89785e-13
2.41667e+12	4.76113e-13
2.42946e+12	4.60044e-13
2.44225e+12	4.42242e-13
2.45503e+12	4.23399e-13
2.46782e+12	4.04203e-13
2.48061e+12	3.85305e-13
2.49339e+12	3.67294e-13
2.50618e+12	3.50669e-13
2.51897e+12	3.3582e-13
2.53175e+12	3.23019e-13
2.54454e+12	3.12415e-13
2.55733e+12	3.0404e-13
2.57011e+12	2.97814e-13
2.5829e+12	2.93569e-13
2.59569e+12	2.91066e-13
2.60847e+12	2.90021e-13
2.62126e+12	2.90134e-13
2.63405e+12	2.91112e-13
2.64683e+12	2.92697e-13
2.65962e+12	2.94685e-13
2.67241e+12	2.96942e-13
2.68519e+12	2.99416e-13
2.69798e+12	3.02139e-13
2.71077e+12	3.05228e-13
2.72355e+12	3.08871e-13
2.73634e+12	3.13317e-13
2.74912e+12	3.18857e-13
2.76191e+12	3.25798e-13
2.7747e+12	3.34444e-13
2.78748e+12	3.45068e-13
2.80027e+12	3.57892e-13
2.81306e+12	3.73068e-13
2.82584e+12	3.9066e-13
2.83863e+12	4.10638e-13
2.85142e+12	4.32873e-13
2.8642e+12	4.57137e-13
2.87699e+12	4.83119e-13
2.88978e+12	5.10434e-13
2.90256e+12	5.38646e-13
2.91535e+12	5.67293e-13
2.92814e+12	5.95911e-13
2.94092e+12	6.24062e-13
2.95371e+12	6.51362e-13
2.9665e+12	6.77506e-13
2.97928e+12	7.02285e-13
2.99207e+12	7.25606e-13
3.00486e+12	7.47501e-13
3.01764e+12	7.6813e-13
3.03043e+12	7.87782e-13
3.04322e+12	8.06866e-13
3.056e+12	8.25895e-13
3.06879e+12	8.4547e-13
3.08158e+12	8.66257e-13
3.09436e+12	8.8896e-13
3.10715e+12	9.14295e-13
3.11994e+12	9.4296e-13
3.13272e+12	9.75607e-13
3.14551e+12	1.01281e-12
3.1583e+12	1.05506e-12
3.17108e+12	1.10268e-12
3.18387e+12	1.1559e-12
3.19666e+12	1.21474e-12
3.20944e+12	1.27907e-12
3.22223e+12	1.34856e-12
3.23502e+12	1.4227e-12
3.2478e+12	1.50076e-12
3.26059e+12	1.58189e-12
3.27338e+12	1.66505e-12
3.28616e+12	1.74906e-12
3.29895e+12	1.83267e-12
3.31174e+12	1.91457e-12
3.32452e+12	1.99344e-12
3.33731e+12	2.06801e-12
3.3501e+12	2.1371e-12
3.36288e+12	2.19969e-12
3.37567e+12	2.25495e-12
3.38846e+12	2.30229e-12
3.40124e+12	2.34139e-12
3.41403e+12	2.37219e-12
3.42682e+12	2.39493e-12
3.4396e+12	2.4101e-12
3.45239e+12	2.41844e-12
3.46518e+12	2.42085e-12
3.47796e+12	2.41839e-12
3.49075e+12	2.41219e-12
3.50354e+12	2.40338e-12
3.51632e+12	2.39304e-12
3.52911e+12	2.38212e-12
3.5419e+12	2.37144e-12
3.55468e+12	2.36159e-12
3.56747e+12	2.35298e-12
3.58026e+12	2.34578e-12
3.59304e+12	2.33997e-12
3.60583e+12	2.33535e-12
3.61862e+12	2.33159e-12
3.6314e+12	2.32825e-12
3.64419e+12	2.32488e-12
3.65698e+12	2.32101e-12
3.66976e+12	2.31623e-12
3.68255e+12	2.31022e-12
3.69534e+12	2.30278e-12
3.70812e+12	2.29383e-12
3.72091e+12	2.28345e-12
3.7337e+12	2.27186e-12
3.74648e+12	2.2594e-12
3.75927e+12	2.24651e-12
3.77206e+12	2.23372e-12
3.78484e+12	2.22162e-12
3.79763e+12	2.21082e-12
3.81042e+12	2.20194e-12
3.8232e+12	2.19557e-12
3.83599e+12	2.19227e-12
3.84877e+12	2.19253e-12
3.86156e+12	2.19676e-12
3.87435e+12	2.20532e-12
3.88713e+12	2.21845e-12
3.89992e+12	2.23634e-12
3.91271e+12	2.25907e-12
3.92549e+12	2.28664e-12
3.93828e+12	2.31898e-12
3.95107e+12	2.35595e-12
3.96385e+12	2.39734e-12
3.97664e+12	2.44288e-12
3.98943e+12	2.49229e-12
4.00221e+12	2.54521e-12
4.015e+12	2.60129e-12
4.02779e+12	2.66018e-12
4.04057e+12	2.72152e-12
4.05336e+12	2.78496e-12
4.06615e+12	2.85018e-12
4.07893e+12	2.9169e-12
4.09172e+12	2.98485e-12
4.10451e+12	3.05379e-12
4.11729e+12	3.12353e-12
4.13008e+12	3.19387e-12
4.14287e+12	3.26459e-12
4.15565e+12	3.3355e-12
4.16844e+12	3.40633e-12
4.18123e+12	3.4768e-12
4.19401e+12	3.54654e-12
4.2068e+12	3.61512e-12
4.21959e+12	3.68201e-12
4.23237e+12	3.74662e-12
4.24516e+12	3.8083e-12
4.25795e+12	3.86633e-12
4.27073e+12	3.91996e-12
4.28352e+12	3.96846e-12
4.29631e+12	4.01111e-12
4.30909e+12	4.04729e-12
4.32188e+12	4.07645e-12
4.33467e+12	4.09821e-12
4.34745e+12	4.11233e-12
4.36024e+12	4.11876e-12
4.37303e+12	4.11764e-12
4.38581e+12	4.10933e-12
4.3986e+12	4.09436e-12
4.41139e+12	4.07342e-12
4.42417e+12	4.04738e-12
4.43696e+12	4.0172e-12
4.44975e+12	3.98391e-12
4.46253e+12	3.94861e-12
4.47532e+12	3.91234e-12
4.48811e+12	3.87612e-12
4.50089e+12	3.84086e-12
4.51368e+12	3.80732e-12
4.52647e+12	3.77613e-12
4.53925e+12	3.74768e-12
4.55204e+12	3.72219e-12
4.56483e+12	3.69962e-12
4.57761e+12	3.67975e-12
4.5904e+12	3.66215e-12
4.60319e+12	3.64624e-12
4.61597e+12	3.6313e-12
4.62876e+12	3.61653e-12
4.64155e+12	3.60111e-12
4.65433e+12	3.58427e-12
4.66712e+12	3.56533e-12
4.67991e+12	3.54378e-12
4.69269e+12	3.51931e-12
4.70548e+12	3.49186e-12
4.71827e+12	3.46163e-12
4.73105e+12	3.42914e-12
4.74384e+12	3.39515e-12
4.75663e+12	3.36068e-12
4.76941e+12	3.32694e-12
4.7822e+12	3.29531e-12
4.79499e+12	3.26723e-12
4.80777e+12	3.24415e-12
4.82056e+12	3.22741e-12
4.83335e+12	3.21825e-12
4.84613e+12	3.21763e-12
4.85892e+12	3.22628e-12
4.87171e+12	3.24457e-12
4.88449e+12	3.27254e-12
4.89728e+12	3.30986e-12
4.91007e+12	3.35588e-12
4.92285e+12	3.40964e-12
4.93564e+12	3.46992e-12
4.94842e+12	3.53531e-12
4.96121e+12	3.6043e-12
4.974e+12	3.67533e-12
4.98678e+12	3.74691e-12
4.99957e+12	3.81769e-12
5.01236e+12	3.88651e-12
5.02514e+12	3.95249e-12
5.03793e+12	4.01504e-12
5.05072e+12	4.07393e-12
5.0635e+12	4.12925e-12
5.07629e+12	4.18141e-12
5.08908e+12	4.2311e-12
5.10186e+12	4.27924e-12
5.11465e+12	4.32691e-12
5.12744e+12	4.37524e-12
5.14022e+12	4.4254e-12
5.15301e+12	4.47842e-12
5.1658e+12	4.53519e-12
5.17858e+12	4.59636e-12
5.19137e+12	4.66225e-12
5.20416e+12	4.73286e-12
5.21694e+12	4.80786e-12
5.22973e+12	4.8865e-12
5.24252e+12	4.96774e-12
5.2553e+12	5.0502e-12
5.26809e+12	5.13226e-12
5.28088e+12	5.21211e-12
5.29366e+12	5.28784e-12
5.30645e+12	5.3575e-12
5.31924e+12	5.41921e-12
5.33202e+12	5.47121e-12
5.34481e+12	5.51201e-12
5.3576e+12	5.54037e-12
5.37038e+12	5.55543e-12
5.38317e+12	5.55671e-12
5.39596e+12	5.54415e-12
5.40874e+12	5.51813e-12
5.42153e+12	5.47945e-12
5.43432e+12	5.42929e-12
5.4471e+12	5.36917e-12
5.45989e+12	5.30091e-12
5.47268e+12	5.22651e-12
5.48546e+12	5.14811e-12
5.49825e+12	5.06788e-12
5.51104e+12	4.98794e-12
5.52382e+12	4.91029e-12
5.53661e+12	4.83672e-12
5.5494e+12	4.76877e-12
5.56218e+12	4.70769e-12
5.57497e+12	4.65439e-12
5.58776e+12	4.60947e-12
5.60054e+12	4.57322e-12
5.61333e+12	4.54565e-12
5.62612e+12	4.52652e-12
5.6389e+12	4.51541e-12
5.65169e+12	4.51177e-12
5.66448e+12	4.51495e-12
5.67726e+12	4.52427e-12
5.69005e+12	4.53905e-12
5.70284e+12	4.55863e-12
5.71562e+12	4.58237e-12
5.72841e+12	4.60967e-12
5.7412e+12	4.63993e-12
5.75398e+12	4.67253e-12
5.76677e+12	4.70678e-12
5.77956e+12	4.74192e-12
5.79234e+12	4.77704e-12
5.80513e+12	4.81109e-12
5.81792e+12	4.84284e-12
5.8307e+12	4.87094e-12
5.84349e+12	4.89386e-12
5.85628e+12	4.91001e-12
5.86906e+12	4.91776e-12
5.88185e+12	4.91552e-12
5.89464e+12	4.90183e-12
5.90742e+12	4.87545e-12
5.92021e+12	4.83543e-12
5.933e+12	4.78118e-12
5.94578e+12	4.71257e-12
5.95857e+12	4.62989e-12
5.97136e+12	4.53393e-12
5.98414e+12	4.4259e-12
5.99693e+12	4.30745e-12
6.00972e+12	4.18054e-12
6.0225e+12	4.04739e-12
6.03529e+12	3.91035e-12
6.04807e+12	3.7718e-12
6.06086e+12	3.63404e-12
6.07365e+12	3.49919e-12
6.08643e+12	3.36907e-12
6.09922e+12	3.24515e-12
6.11201e+12	3.12852e-12
6.12479e+12	3.01981e-12
6.13758e+12	2.91924e-12
6.15037e+12	2.82664e-12
6.16315e+12	2.74148e-12
6.17594e+12	2.66295e-12
6.18873e+12	2.59004e-12
6.20151e+12	2.52161e-12
6.2143e+12	2.4565e-12
6.22709e+12	2.39356e-12
6.23987e+12	2.33178e-12
6.25266e+12	2.27029e-12
6.26545e+12	2.2084e-12
6.27823e+12	2.14566e-12
6.29102e+12	2.0818e-12
6.30381e+12	2.01673e-12
6.31659e+12	1.95056e-12
6.32938e+12	1.88348e-12
6.34217e+12	1.81578e-12
6.35495e+12	1.74778e-12
6.36774e+12	1.67979e-12
6.38053e+12	1.61209e-12
6.39331e+12	1.54491e-12
6.4061e+12	1.4784e-12
6.41889e+12	1.41263e-12
6.43167e+12	1.34763e-12
6.44446e+12	1.28335e-12
6.45725e+12	1.21974e-12
6.47003e+12	1.15672e-12
6.48282e+12	1.09423e-12
6.49561e+12	1.03224e-12
6.50839e+12	9.70764e-13
6.52118e+12	9.09878e-13
6.53397e+12	8.4971e-13
6.54675e+12	7.9044e-13
6.55954e+12	7.32295e-13
6.57233e+12	6.75532e-13
6.58511e+12	6.20423e-13
6.5979e+12	5.67242e-13
6.61069e+12	5.16247e-13
6.62347e+12	4.67671e-13
6.63626e+12	4.21704e-13
6.64905e+12	3.78494e-13
6.66183e+12	3.38141e-13
6.67462e+12	3.00693e-13
6.68741e+12	2.66154e-13
6.70019e+12	2.34485e-13
6.71298e+12	2.05613e-13
6.72577e+12	1.79433e-13
6.73855e+12	1.55822e-13
6.75134e+12	1.34637e-13
6.76413e+12	1.15728e-13
6.77691e+12	9.89369e-14
6.7897e+12	8.41064e-14
6.80249e+12	7.10791e-14
6.81527e+12	5.9701e-14
6.82806e+12	4.98229e-14
6.84085e+12	4.13012e-14
6.85363e+12	3.39985e-14
6.86642e+12	2.77845e-14
6.87921e+12	2.25358e-14
6.89199e+12	1.81368e-14
6.90478e+12	1.44796e-14
6.91757e+12	1.14648e-14
6.93035e+12	9.00115e-15
6.94314e+12	7.00588e-15
6.95593e+12	5.40486e-15
6.96871e+12	4.13229e-15
6.9815e+12	3.13054e-15
6.99429e+12	2.34969e-15
7.00707e+12	1.74707e-15
7.01986e+12	1.2867e-15

