2176.0000 0.05 1
1.11111
4.44444
11.1111
2.22222
11.1111
4.44444
13.3333
11.1111
20
11.1111
6.66667
11.1111
24.4444
23.3333
17.7778
23.3333
26.6667
18.8889
13.3333
32.2222
18.8889
8.88889
4.44444
10
14.4444
16.6667
34.4444
37.7778
27.7778
37.7778
11.1111
26.6667
17.7778
33.3333
22.2222
32.2222
26.6667
27.7778
40
24.4444
32.2222
46.6667
36.6667
47.7778
70
55.5556
56.6667
41.1111
80
106.667
95.5556
126.667
127.778
134.444
151.111
148.889
158.889
192.222
187.778
206.667
214.444
267.778
192.222
230
236.667
284.444
240
274.444
255.556
263.333
288.889
303.333
315.556
340
316.667
350
286.667
345.556
305.556
310
297.778
294.444
295.556
277.778
314.444
275.556
244.444
287.778
290
297.778
314.444
317.778
322.222
307.778
337.778
316.667
313.333
296.667
294.444
298.889
302.222
291.111
330
360
320
355.556
375.556
363.333
348.889
350
343.333
293.333
251.111
213.333
182.222
157.778
186.667
241.111
266.667
328.889
350
398.889
420
397.778
428.889
412.222
450
400
380
361.111
342.222
375.556
345.556
395.556
380
377.778
384.444
432.222
402.222
454.444
410
408.889
408.889
358.889
362.222
376.667
360
382.222
434.444
417.778
407.778
436.667
398.889
345.556
350
324.444
348.889
316.667
326.667
255.556
283.333
263.333
272.222
260
242.222
220
281.111
206.667
242.222
216.667
232.222
258.889
225.556
242.222
232.222
214.444
208.889
225.556
178.889
205.556
174.444
197.778
175.556
177.778
258.889
232.222
232.222
211.111
215.556
168.889
176.667
196.667
262.222
236.667
226.667
272.222
238.889
228.889
257.778
350
342.222
317.778
301.111
332.222
306.667
334.444
382.222
407.778
434.444
425.556
445.556
434.444
510
472.222
507.778
471.111
434.444
350
314.444
220
115.556
13.3333
1.11111
0
0
0
0
0
0
0
0
0
0
0
0
0
0
0
0
0
0
0
0
0
0
2.22222
4.44444
0
0
2.22222
2.22222
4.44444
2.22222
4.44444
3.33333
2.22222
0
4.44444
2.22222
4.44444
2.22222
4.44444
2.22222
2.22222
2.22222
1.11111
2.22222
0
2.22222
0
0
2.22222
0
