-0.000733 0.010989 0.011697
-0.009239 0.001961 -0.000559
-0.000725 0.019183 -0.001156
0.012671 0.008198 -0.002846
-0.002022 0.015014 -0.005800
-0.008530 0.001626 -0.001535
-0.001007 0.004180 0.003394
0.000123 -0.015563 -0.001195
-0.003444 -0.012241 -0.000665
-0.011418 -0.005131 -0.002257
0.011383 -0.006174 0.001124
-0.009613 -0.006187 -0.002687
0.005584 -0.008330 0.003801
0.002869 -0.018533 -0.001035
-0.004090 0.000369 0.002058
0.014359 -0.011774 0.002389
-0.000584 0.011035 0.012084
-0.006449 -0.000090 0.000165
-0.001609 0.019159 0.000186
0.011106 0.007624 -0.003009
-0.001373 0.016246 -0.005638
-0.009470 -0.000047 -0.001784
-0.000447 0.003014 0.002136
-0.001422 -0.014780 -0.001829
-0.001494 -0.012527 -0.005379
-0.012062 -0.005399 -0.000978
0.012400 -0.008151 0.000506
-0.009946 -0.006979 -0.002821
0.005035 -0.007243 0.003922
0.002789 -0.019126 -0.000109
-0.005959 0.001110 -0.002458
0.014214 -0.011439 0.003693
-0.000647 0.011037 0.011788
-0.010623 0.002737 0.000221
-0.001728 0.019100 -0.000061
0.010680 0.009303 -0.002816
-0.002177 0.015230 -0.005626
-0.008988 0.001278 -0.002422
-0.000283 0.003970 0.004793
0.000178 -0.016350 -0.003553
0.000712 -0.010765 -0.001891
-0.011027 -0.004725 -0.002362
0.011161 -0.006149 0.001029
-0.009073 -0.007620 -0.003638
0.003373 -0.007043 0.004304
0.003182 -0.019389 -0.001122
-0.005711 0.005552 0.002179
0.014096 -0.011052 0.002874
-0.004319 0.007981 0.011036
-0.008898 0.001879 0.000536
-0.002120 0.018778 -0.000096
0.017593 0.004044 0.003603
-0.001112 0.015193 -0.004979
-0.009429 0.000867 -0.002128
-0.000392 0.003240 0.004858
0.000490 -0.015491 -0.002955
-0.004407 -0.013048 -0.001465
-0.010978 -0.004223 -0.001308
0.011615 -0.006692 0.002044
-0.011720 -0.001993 -0.003374
0.003643 0.053420 0.065518
0.002701 -0.019259 -0.001217
-0.004209 -0.000444 0.002701
0.012161 -0.011780 0.002278
-0.000817 0.011547 0.012209
-0.008625 0.001018 0.000295
-0.001157 0.017982 -0.000480
0.010905 0.008319 -0.003258
-0.001587 0.017604 -0.006537
-0.008683 -0.000123 -0.002275
0.001012 0.003424 0.003776
0.000283 -0.016178 -0.003398
-0.002164 -0.011434 -0.000756
-0.009970 -0.004583 -0.002140
0.011347 -0.007664 0.000116
-0.007849 -0.006500 -0.003505
0.003760 -0.007022 0.003271
0.003683 -0.019927 -0.000466
-0.003358 0.000356 0.001724
0.013915 -0.010904 0.003499
-0.001147 0.010811 0.018460
-0.007614 0.002128 0.007305
-0.001608 0.019410 0.006408
0.011935 0.008080 -0.000800
-0.001417 0.012183 -0.006427
-0.010796 0.000704 0.014536
0.000357 0.003655 0.003522
-0.000121 -0.017564 -0.002292
-0.007024 -0.009283 0.003904
-0.011797 -0.002720 0.004325
0.009473 -0.005600 0.000735
-0.007194 -0.003884 -0.007496
0.004039 -0.007621 0.003630
0.005307 -0.020260 -0.000675
-0.000783 0.004567 0.000783
0.013731 -0.011775 0.003735
-0.000039 0.012421 0.013400
-0.009803 0.003267 0.004931
0.001788 0.020570 0.006210
0.011618 0.007475 -0.001327
-0.001558 0.018344 -0.006135
-0.008376 0.000869 0.018439
-0.001027 0.003338 0.004114
0.003135 -0.097082 0.079568
0.011556 -0.022117 0.002168
-0.011979 -0.021594 0.000638
-0.068155 0.036689 0.095613
-0.007641 -0.001234 -0.001839
0.004434 -0.007549 0.003392
0.065897 -0.054218 0.068139
-0.004114 0.002020 -0.001916
0.013854 -0.010331 0.002124
0.002416 0.013199 0.011534
-0.009004 0.000840 0.000485
-0.001029 0.019592 0.000242
0.006325 0.012472 0.002113
-0.001421 0.015649 -0.004641
-0.008814 0.001054 -0.002115
-0.000454 0.003111 0.002204
-0.000073 -0.015968 -0.002917
-0.003066 -0.011166 -0.000317
-0.009864 -0.005839 -0.002248
0.011815 -0.005902 0.000132
-0.009259 -0.005027 -0.008616
0.004774 -0.004902 0.004020
0.003238 -0.019214 0.000296
-0.005962 0.000279 0.001938
-0.054343 -0.052018 0.072641
-0.000254 0.003093 -0.004482
0.007203 0.008572 -0.003783
-0.009753 0.010136 0.002467
0.007159 0.023161 -0.002126
0.000654 -0.003085 -0.000658
0.000567 0.004448 -0.009695
-0.008484 -0.001237 0.000319
0.002578 0.005413 -0.000112
-0.000992 0.007098 -0.001961
0.018520 -0.012544 0.003440
-0.008417 0.009538 0.001569
-0.005441 -0.000809 -0.000051
0.011262 -0.006147 0.000217
-0.003977 -0.006128 0.004754
0.011437 -0.010942 0.002144
-0.017758 -0.013296 0.001049
-0.000056 0.003452 -0.005689
0.011734 0.007241 0.001754
-0.009927 0.010481 0.002145
0.007188 0.023087 -0.002960
0.000363 -0.002340 0.000732
0.001096 0.004944 -0.011031
-0.007972 -0.001871 -0.001458
0.002788 0.005336 -0.000535
-0.001012 0.007910 -0.001533
0.017684 -0.011171 0.002880
-0.008515 0.009392 0.002001
-0.005112 -0.001598 0.000829
0.009842 -0.004589 -0.004027
-0.003277 -0.003883 0.005025
0.010066 -0.010166 0.002846
-0.015391 -0.012375 -0.002830
-0.000017 0.003509 -0.005625
0.004263 0.012498 0.002845
-0.009963 0.010594 0.002448
0.006744 0.023206 -0.002799
0.000309 -0.003486 -0.000551
0.001638 0.003132 -0.010489
-0.008524 -0.002456 0.000727
0.003469 0.005295 -0.001020
-0.000638 0.007426 -0.000930
0.018201 -0.012200 0.003719
-0.008952 0.011094 0.002862
-0.005587 0.000704 0.000570
0.007628 -0.006186 0.000027
-0.003106 -0.006763 0.003869
0.009591 -0.008782 0.002511
-0.015938 -0.015992 0.000958
-0.000643 0.003903 -0.005203
0.007465 0.008263 -0.002892
-0.009484 0.011796 0.001840
0.005966 0.022271 -0.002646
-0.001700 -0.003734 -0.000233
-0.000347 0.011147 -0.005184
-0.008525 -0.002133 0.000397
0.004117 0.005811 -0.000113
-0.000591 0.008710 -0.000372
0.016902 -0.013008 -0.000588
-0.009124 0.008284 0.001757
0.011485 0.007145 0.003353
0.012073 -0.005304 0.000149
-0.005124 -0.004698 0.004323
0.008980 -0.009754 -0.001540
-0.016147 -0.011248 0.002162
-0.000541 0.003247 -0.005907
0.007188 0.008468 -0.002579
-0.010643 0.011167 0.002107
0.007050 0.023331 -0.002266
-0.001159 -0.002757 -0.000455
0.002121 0.003885 -0.010905
-0.008065 -0.002758 0.000078
0.003986 0.005087 -0.000083
-0.000914 0.008794 -0.002347
0.019019 -0.013113 0.004236
-0.009803 0.009667 0.003777
-0.004394 -0.001495 0.000200
0.012083 -0.004339 0.000755
-0.002880 -0.005267 0.003938
0.009948 -0.008281 0.002883
-0.016758 -0.011289 0.002171
-0.005818 0.002699 -0.002437
0.007815 0.008720 -0.002626
-0.009886 0.011392 -0.002337
0.006765 0.022392 0.004030
-0.000836 -0.002180 0.005261
0.000860 0.004381 -0.011645
-0.006164 0.004119 0.004639
0.003676 0.005408 0.005749
-0.004590 0.002966 0.002116
0.021010 -0.009876 0.008550
-0.007046 0.010925 0.002717
-0.002951 0.000392 -0.004262
-0.001777 0.002435 0.003879
-0.002987 -0.008233 0.009726
0.010251 -0.012237 -0.002739
-0.016809 -0.014081 -0.003902
0.003723 0.006246 0.001145
0.007829 0.008310 -0.004832
0.002062 0.021265 -0.605830
0.004179 0.024594 0.006123
-0.001956 -0.005927 0.007215
0.000946 0.003988 -0.010097
-0.008671 -0.006001 0.005704
0.005761 0.001146 0.005096
0.002850 0.011007 0.002464
0.001099 -0.020100 0.006715
0.062574 0.050481 0.077766
-0.001203 -0.002423 0.001117
0.012347 -0.007098 0.006592
-0.003917 0.012089 0.008034
0.013536 -0.013221 0.001290
-0.020706 -0.015364 0.001508
-0.000610 0.003739 -0.007809
0.007756 0.008491 -0.002488
-0.011008 0.009711 0.002192
0.006986 0.023509 -0.002516
0.000533 -0.001299 0.000343
0.002582 -0.000354 -0.003658
-0.008416 -0.002018 -0.000419
0.001663 0.004962 -0.000020
-0.000431 0.008017 -0.001057
0.013981 -0.010109 0.003637
-0.008633 0.010198 0.002654
-0.007329 -0.003384 0.005490
0.011566 -0.005587 0.000961
-0.003753 -0.006446 0.004911
0.008092 -0.013801 0.002472
-0.014951 -0.011706 0.001241
