2176.0000 0.05 1
1.875
3.75
6.25
6.25
7.5
16.25
8.75
7.5
17.5
15
14.375
16.25
25
16.25
6.25
31.25
23.125
18.125
28.75
10
10
13.125
10
10
16.25
20
25
30
37.5
19.375
23.75
27.5
13.75
26.875
21.875
28.125
21.25
41.25
44.375
30.625
37.5
55
48.75
45.625
41.875
67.5
54.375
48.125
85.625
92.5
98.75
123.125
138.75
135
138.125
154.375
180.625
152.5
158.125
199.375
177.5
174.375
234.375
251.25
268.125
237.5
234.375
280.625
293.75
310
296.25
320
303.75
310
326.25
339.375
338.75
363.75
312.5
355.625
372.5
366.875
329.375
360.625
333.75
379.375
312.5
294.375
305
285
273.75
255.625
230
251.25
251.875
298.125
207.5
248.125
313.125
295
318.75
309.375
309.375
298.75
250
293.125
311.25
298.125
321.875
275
280
300
275
321.25
291.25
315.625
248.75
297.5
354.375
318.75
315
314.375
328.75
360.625
343.75
382.5
398.125
379.375
390
393.75
395
431.875
452.5
470
451.875
441.875
455
435
448.125
418.75
402.5
428.75
382.5
360
314.375
355
328.75
310.625
316.25
327.5
306.875
275.625
215
256.25
248.75
303.75
280.625
245
271.875
227.5
318.125
288.75
325.625
305.625
299.375
292.5
285.625
295.625
348.75
293.125
321.875
353.75
371.25
355.625
263.125
285.625
213.125
290.625
343.75
266.875
265
266.25
258.75
236.875
244.375
248.75
263.75
327.5
240
227.5
237.5
223.125
181.875
247.5
257.5
278.75
256.875
306.25
254.375
263.75
258.125
203.75
205
268.125
255
325
345.625
341.875
355.625
276.25
366.875
293.75
511.25
539.375
509.375
424.375
364.375
261.25
233.125
203.75
166.25
120.625
59.375
33.125
11.25
3.75
1.25
3.75
1.25
0
0
0
0
0
0
0
0
0
0
2.5
0
