0.046814 0.033292 0.002218
-0.005820 -0.001387 0.001836
0.010477 -0.007346 0.000155
-0.001959 0.005051 -0.003416
-0.011607 0.022820 -0.002299
0.000377 -0.005554 -0.001058
-0.009233 0.008765 0.000571
-0.004026 0.004235 0.000895
-0.008450 0.000722 -0.007650
0.010171 0.008925 0.002207
-0.004507 -0.003593 0.004002
-0.007417 -0.005225 0.002717
-0.001685 -0.005248 0.009298
-0.005731 0.000703 -0.000540
0.004401 -0.000310 -0.003982
0.001666 -0.002957 -0.000440
0.010283 0.002268 0.001117
-0.005258 -0.004203 0.001241
0.010766 0.024425 0.020227
0.002705 -0.000733 -0.004731
0.008358 0.002971 -0.002660
0.000229 -0.005151 -0.000943
-0.004990 -0.000764 -0.004858
-0.005155 0.005835 0.000030
-0.007165 0.000165 -0.008189
0.005509 -0.000574 -0.002585
-0.003215 -0.003330 0.003574
-0.005458 -0.002408 0.002441
-0.001728 -0.005067 0.009584
-0.005374 0.001024 -0.000430
0.005538 0.000785 -0.004592
0.001728 -0.002370 0.000574
0.012073 -0.000349 0.000779
-0.005116 -0.001431 0.000443
0.010395 0.005447 0.000047
0.001873 0.001227 -0.003085
0.028210 0.022757 -0.002879
0.004595 0.002647 0.002998
-0.000579 0.007545 -0.009179
0.000817 0.011083 -0.002312
-0.006887 0.002640 -0.009401
0.000861 0.008142 -0.006368
-0.008780 0.003423 0.007397
-0.033609 0.022016 0.002105
-0.001434 -0.009339 0.009036
-0.007522 0.002930 0.001100
0.000527 0.006025 -0.007702
0.005610 0.003378 -0.003649
0.010259 0.002440 0.001133
-0.005302 -0.001387 0.001241
0.010610 0.005026 -0.000004
0.003056 -0.000225 -0.003546
0.008261 0.003857 -0.002357
-0.000898 -0.003682 -0.000822
-0.004395 -0.002729 -0.003203
-0.005299 0.005990 0.000500
-0.008506 0.001348 -0.007738
0.004667 -0.001530 -0.001380
-0.002871 -0.002051 0.004377
-0.004943 -0.002021 0.002372
-0.001705 -0.006149 0.009483
-0.005726 0.001399 -0.000572
0.004180 0.001205 -0.005159
0.001718 -0.003512 0.002453
0.009997 0.001548 0.001046
-0.005110 -0.008693 0.001327
0.010874 0.024738 -0.020488
-0.001277 0.006490 -0.008558
0.008793 0.002998 -0.002933
0.003707 0.002020 0.002491
-0.004676 -0.002848 -0.004993
-0.005219 0.005101 0.001104
-0.010164 0.000120 -0.007507
0.005373 -0.002659 -0.002519
-0.003448 -0.002638 0.004442
-0.005346 -0.003433 0.002450
-0.001695 -0.005108 0.009425
-0.005821 0.000988 -0.000916
0.004511 0.000694 -0.004551
0.001878 -0.002514 0.000706
0.010385 0.002246 0.001401
-0.005250 -0.001967 0.001352
0.011058 0.023842 -0.020253
0.003257 -0.001131 -0.001549
0.008439 0.004002 -0.002978
-0.002244 -0.003049 -0.001051
-0.004555 -0.001579 -0.004797
-0.003501 0.004265 0.001308
-0.008914 0.000986 -0.007949
0.005126 -0.000530 -0.002226
-0.006533 0.001850 0.007555
-0.005773 -0.002521 0.002235
-0.001478 -0.004247 0.009779
-0.006932 -0.000047 -0.000239
0.002563 -0.000414 -0.004938
0.003084 -0.002043 0.000930
0.010025 0.002607 0.001064
-0.005432 -0.001511 0.001167
0.010604 0.003813 -0.000030
0.002851 0.000178 -0.003123
0.008509 0.003839 -0.003383
-0.000795 -0.004422 -0.001033
-0.004911 -0.002576 -0.006532
-0.005101 0.004960 0.000807
-0.008715 -0.000111 -0.007995
0.005536 -0.001336 -0.003505
-0.003011 -0.003416 0.003548
-0.006837 -0.002514 0.003080
-0.001632 -0.010048 0.009872
-0.005565 -0.000616 -0.000546
0.005337 0.000090 -0.004363
0.005384 0.002965 0.005249
0.009903 0.001481 0.001072
-0.005247 -0.000461 0.001275
0.009278 0.024669 0.020013
-0.000781 0.005583 0.000385
0.008772 0.002969 -0.002700
-0.002280 -0.003666 -0.001705
-0.004803 -0.001910 -0.004879
-0.001866 0.010369 -0.003149
-0.008270 0.000927 -0.007664
0.005274 -0.000721 -0.002408
-0.004767 -0.004110 0.003603
-0.005251 -0.003369 0.002435
-0.001819 -0.004544 0.009281
-0.004576 -0.000033 -0.000711
-0.001111 0.008227 -0.008868
0.005667 0.001955 0.001389
-0.017847 0.009226 -0.001983
0.004541 -0.002419 0.002559
0.002733 0.010138 -0.002211
-0.003993 0.002613 0.003164
-0.001840 0.025284 0.022847
0.008484 0.001346 -0.000706
0.004072 -0.001060 -0.004278
0.004581 -0.003699 -0.000507
0.008186 0.034215 0.002058
-0.000606 -0.009999 -0.006890
0.002231 0.002516 0.005326
-0.021811 -0.004232 -0.004749
0.002557 -0.000346 0.011885
-0.000541 -0.003858 -0.009266
0.017934 0.000004 0.000372
0.012301 0.018594 0.007210
-0.012751 -0.000735 0.002404
0.005585 -0.007276 0.000571
-0.002966 0.001974 0.001934
-0.003254 0.003373 0.002830
-0.003818 0.006763 -0.002544
0.007782 0.003317 0.004541
0.004887 -0.001482 -0.004383
0.002780 0.000695 -0.000359
0.009620 0.003599 0.002042
-0.001117 -0.005417 -0.005468
0.001934 0.003110 0.005664
-0.023688 -0.007989 -0.004640
0.001884 0.003933 0.009928
-0.001337 -0.005654 -0.009058
0.016671 0.000325 0.000057
-0.005772 0.001329 0.007677
-0.008272 0.008025 0.006864
0.004305 -0.003304 0.002177
-0.007711 0.009330 0.005853
-0.006197 0.007637 0.006970
-0.003455 0.002409 -0.000111
0.006624 0.000226 -0.000751
0.004305 -0.004069 -0.004458
0.022050 0.014188 -0.001594
0.011490 0.031536 0.001999
-0.001027 0.003784 -0.017885
0.003909 0.004824 0.007387
-0.020952 -0.005034 -0.004754
0.003301 0.011407 0.022612
-0.002202 -0.449978 -0.009690
0.016239 0.002968 -0.001469
-0.023852 0.018539 0.008355
-0.012261 -0.002331 0.001197
0.004670 -0.003661 0.002658
-0.002820 0.000397 0.001523
-0.003557 0.001821 0.001201
-0.003137 0.007244 -0.000170
0.004660 -0.001857 -0.000968
0.004237 -0.002211 -0.004637
0.002576 0.001628 -0.000737
0.010129 0.004685 0.001888
-0.001354 -0.002559 -0.009490
0.002482 0.003698 0.005380
-0.022335 -0.004110 -0.005526
0.002534 0.008307 0.014177
-0.000652 -0.018940 -0.009648
0.017785 0.001948 0.000042
-0.005869 0.001705 0.007509
-0.012963 -0.001222 0.002688
0.005048 0.012800 -0.021521
-0.002766 0.001750 0.002285
-0.003277 0.003711 0.002794
-0.003633 0.005795 -0.002246
0.005802 -0.002794 -0.000097
0.003939 -0.001080 -0.004506
0.001443 -0.000634 0.000281
0.009637 0.006739 0.002205
-0.001166 -0.006708 -0.005844
0.002269 0.003047 0.004779
-0.049854 0.014832 -0.004057
0.002103 0.004590 0.010611
-0.000333 -0.005648 -0.010124
0.018846 0.000586 0.000086
-0.006504 0.000928 0.007326
-0.012908 -0.000624 0.003013
0.005467 0.000869 -0.001634
-0.002621 0.002193 0.002573
-0.006100 0.005836 0.002235
-0.003677 0.005315 -0.002801
0.007688 0.002449 -0.004667
0.004086 -0.001618 -0.005337
0.002424 0.000608 -0.000683
0.009546 0.003594 0.001936
-0.001072 -0.006687 -0.004891
0.003254 0.002366 0.005818
-0.021889 -0.003246 -0.004977
0.002020 0.005099 0.011199
-0.000474 -0.005697 -0.010068
0.017983 0.001145 0.000190
-0.005729 0.000812 0.007676
-0.012477 -0.002239 0.004378
0.004577 -0.003201 0.001500
-0.002649 0.000366 0.002563
-0.005700 0.007661 -0.002110
-0.003101 0.009201 0.001848
0.004939 -0.001626 -0.001265
0.004384 -0.000062 -0.004562
0.002837 -0.000252 -0.000340
0.009497 0.005117 0.001729
-0.000848 -0.004970 -0.008570
0.002165 0.002617 0.005623
-0.021044 -0.005414 -0.006168
0.002297 0.006281 0.013322
-0.000414 -0.007863 -0.009568
0.017985 -0.000136 -0.000293
-0.005629 0.001725 0.007837
-0.012709 -0.002784 0.003206
0.005058 -0.001318 0.000475
-0.002810 0.000032 0.002686
-0.005812 0.004385 0.002733
-0.003697 0.005497 -0.002077
0.005470 -0.003316 -0.002274
0.004666 -0.001204 -0.003365
0.001567 -0.000307 -0.000748
0.009497 0.006774 0.001692
-0.000871 -0.006570 -0.005170
0.000925 0.002601 0.005239
-0.021620 -0.004442 -0.005617
0.002939 0.003625 0.011186
0.000058 -0.005215 -0.009302
0.017365 0.001345 0.000111
-0.006365 0.000519 0.007961
