2176.0000 0.05 1
1.11111
4.44444
11.1111
2.22222
11.1111
4.44444
13.3333
11.1111
20
11.1111
6.66667
11.1111
24.4444
23.3333
17.7778
23.3333
26.6667
18.8889
13.3333
34.4444
16.6667
11.1111
2.22222
10
14.4444
14.4444
36.6667
40
23.3333
40
11.1111
26.6667
17.7778
31.1111
24.4444
32.2222
26.6667
27.7778
40
24.4444
32.2222
46.6667
36.6667
47.7778
70
55.5556
56.6667
41.1111
80
106.667
95.5556
126.667
127.778
136.667
148.889
148.889
161.111
190
192.222
202.222
214.444
267.778
190
232.222
232.222
288.889
237.778
278.889
253.333
261.111
291.111
301.111
317.778
337.778
318.889
350
284.444
347.778
301.111
312.222
294.444
302.222
291.111
277.778
312.222
273.333
251.111
283.333
294.444
297.778
314.444
314.444
323.333
310
330
320
321.111
291.111
295.556
297.778
304.444
288.889
332.222
355.556
318.889
361.111
373.333
361.111
351.111
354.444
338.889
293.333
253.333
213.333
180
160
188.889
238.889
264.444
333.333
350
396.667
422.222
395.556
428.889
412.222
450
400
382.222
356.667
342.222
371.111
347.778
397.778
382.222
374.444
387.778
427.778
406.667
456.667
406.667
407.778
411.111
356.667
357.778
378.889
366.667
376.667
433.333
415.556
412.222
438.889
401.111
338.889
354.444
322.222
353.333
314.444
324.444
257.778
283.333
261.111
270
260
244.444
222.222
276.667
211.111
244.444
214.444
234.444
256.667
221.111
246.667
230
216.667
206.667
227.778
176.667
206.667
175.556
197.778
175.556
175.556
255.556
237.778
234.444
207.778
216.667
168.889
176.667
196.667
260
242.222
221.111
272.222
240
225.556
260
350
344.444
315.556
301.111
334.444
306.667
330
384.444
414.444
425.556
430
447.778
430
510
473.333
497.778
473.333
427.778
347.778
316.667
228.889
121.111
16.6667
3.33333
0
0
0
0
0
0
0
0
0
0
0
0
0
0
0
0
0
0
0
0
0
0
6.66667
0
0
0
2.22222
0
2.22222
4.44444
3.33333
2.22222
2.22222
0
6.66667
0
4.44444
4.44444
2.22222
2.22222
4.44444
1.11111
0
2.22222
0
0
2.22222
0
2.22222
0
