-0.001269 0.012363 0.013388
-0.009175 0.000495 -0.000120
-0.001656 0.021564 0.006260
0.012229 0.007737 -0.003631
-0.001878 0.015402 -0.006374
-0.009700 0.000397 -0.001773
-0.000673 0.003547 0.004770
-0.000612 -0.014811 -0.002651
-0.002900 -0.011453 0.000216
-0.013820 -0.009525 -0.001902
0.025812 -0.018563 0.003980
-0.010248 -0.005666 -0.004075
0.004939 -0.008497 0.003371
-0.012397 -0.009982 0.002279
-0.003778 0.000630 0.003077
0.014429 -0.012091 0.002419
-0.001415 0.010983 0.012527
-0.009045 0.001708 0.000090
-0.001471 0.018199 0.000216
0.011722 0.002044 0.002673
-0.001422 0.016441 -0.005736
-0.010069 0.000169 -0.003286
-0.000499 0.003767 0.004239
-0.001011 -0.014937 -0.001727
-0.002728 -0.012421 -0.001110
-0.008348 -0.008873 -0.002261
0.011465 -0.006501 0.001646
-0.008972 -0.007085 -0.003344
0.003962 -0.006996 0.004101
0.004646 -0.018324 -0.000478
-0.005409 0.001432 0.002148
0.013920 -0.010506 0.002178
-0.000260 0.010870 0.011937
-0.008504 0.000931 0.001752
-0.000831 0.019188 0.000435
0.012325 0.012031 0.003345
-0.001517 0.015809 -0.006440
-0.008658 0.000937 -0.002867
0.000710 0.002347 0.003825
0.000184 -0.015464 -0.002742
-0.003384 -0.011421 -0.000600
-0.011199 -0.006463 -0.006362
0.011174 -0.006574 0.000696
-0.009894 -0.006335 -0.002107
0.004641 -0.008210 0.003408
0.003115 -0.019529 0.000354
-0.003502 0.000523 0.000524
0.012591 -0.012170 0.002627
-0.001304 0.010783 0.012631
-0.009263 0.001497 0.000300
-0.001713 0.019354 -0.000651
0.012028 0.007821 -0.004707
-0.006013 0.013603 -0.006465
-0.007618 0.001650 -0.001925
-0.000747 0.007353 0.012423
-0.000196 -0.016247 -0.003044
-0.003761 -0.012483 0.000103
-0.011693 -0.005420 -0.001273
0.011221 -0.007625 0.001096
-0.005637 -0.002993 0.000789
0.001914 -0.005584 0.003661
0.003642 -0.018601 -0.000003
-0.003170 0.000809 0.001836
0.012990 0.008183 0.006152
-0.000656 0.010419 0.012455
-0.008623 0.001832 0.001382
-0.001182 0.019474 0.007992
0.011451 0.008638 -0.003818
-0.001822 0.016023 -0.006073
-0.008208 -0.000390 -0.002114
0.000326 0.003101 0.003765
0.000058 -0.016838 -0.002324
-0.003042 -0.011239 -0.001040
-0.012955 -0.005777 -0.006465
0.007507 -0.004069 0.004308
-0.009768 -0.006740 -0.002557
0.004240 -0.007300 0.004106
0.006890 -0.021371 0.003746
-0.003048 0.000157 0.000901
0.013915 -0.009898 0.003033
-0.006165 0.015405 0.020016
-0.008248 0.001198 0.020373
0.002174 0.018323 0.000786
0.011786 0.008605 -0.003417
-0.002033 0.015525 0.001599
-0.008341 0.000312 0.003453
-0.000326 0.003791 0.002608
0.001879 -0.016121 -0.002209
-0.005528 -0.012776 -0.000467
-0.009992 -0.005776 -0.002060
0.012614 -0.007629 -0.003716
-0.010455 -0.007442 -0.007828
0.004509 -0.007956 0.004947
-0.002292 -0.020839 -0.000788
-0.003521 -0.003090 0.002715
0.013743 -0.012381 0.003201
0.004187 0.007345 0.017438
-0.009820 0.001100 0.021653
-0.003910 0.019635 0.000918
0.012077 0.006406 -0.002828
-0.002572 0.016340 -0.005218
-0.008552 -0.001418 0.000812
0.000196 0.003400 0.004444
0.065126 -0.048019 0.069420
-0.072170 -0.051010 0.074425
-0.012271 -0.003463 -0.001759
0.015751 -0.006617 0.000335
-0.013082 -0.004415 -0.002134
0.005061 -0.006373 0.003025
0.001162 -0.018768 -0.004495
-0.002568 -0.080095 0.096182
0.012031 -0.010506 0.002207
-0.000452 0.011235 0.013350
-0.008874 0.001229 0.000023
-0.001018 0.018232 0.000150
0.012439 0.007203 -0.002136
0.003137 0.018751 -0.005972
-0.010524 0.000602 -0.002782
0.000015 -0.003529 0.011713
-0.000229 -0.015578 -0.001322
-0.003757 -0.010496 -0.001303
-0.012276 -0.004626 -0.001761
0.011720 -0.006515 0.000726
-0.026461 -0.016133 -0.000769
-0.066569 0.030723 0.088679
0.002503 -0.019743 -0.000149
-0.004623 0.000167 0.001068
0.015061 -0.015748 0.007326
-0.000612 0.003557 -0.005889
0.007538 0.007765 -0.002430
-0.009520 0.011336 0.002469
0.006708 0.023398 -0.001885
-0.000707 -0.002378 0.001735
0.000994 0.004415 -0.010020
-0.007784 -0.002849 0.000361
0.002386 0.006460 0.003883
0.000451 0.007813 -0.002599
0.014181 -0.014637 0.003542
-0.008930 0.009898 0.001600
-0.005342 -0.000989 0.000048
0.011635 -0.005631 -0.000312
-0.001944 -0.001573 0.003923
0.009813 -0.008164 0.002445
-0.017514 -0.010916 0.002149
0.000030 0.003634 -0.007257
0.007183 0.008941 -0.002501
-0.010577 0.010458 0.001785
0.006940 0.023333 -0.001918
-0.000115 0.001012 0.000154
0.001442 0.004881 -0.011523
-0.008360 -0.002593 0.000205
0.003673 0.006222 -0.001376
-0.000108 0.008680 -0.001568
0.019873 -0.011528 0.003264
-0.009128 0.009404 0.002573
-0.004989 0.001778 -0.004284
0.011093 -0.005814 0.000327
-0.003522 -0.003451 -0.000044
0.010982 -0.009730 0.002391
-0.017378 -0.011790 0.000644
-0.000219 0.003544 -0.005105
0.008688 0.007733 -0.002591
-0.010214 0.011039 0.002057
0.006637 0.023266 -0.002315
0.000157 -0.005265 -0.000219
0.001089 0.004069 -0.011247
-0.007978 -0.001668 0.000357
0.002815 0.005212 -0.000964
-0.001253 0.007343 -0.002202
0.018001 -0.010992 0.003889
-0.008358 0.009992 0.001044
-0.001286 0.000838 -0.001158
0.010939 -0.004722 0.000162
-0.006276 -0.002266 0.003302
0.009815 -0.009565 0.002767
-0.015341 -0.012804 0.001503
-0.000542 0.003489 -0.006141
0.006604 0.008116 -0.000650
-0.010020 0.010738 0.002200
0.006451 0.023134 -0.004669
0.000153 -0.002644 0.000761
0.000463 0.004177 -0.001108
-0.007525 -0.000889 -0.000745
0.003105 0.005063 -0.001022
-0.001736 0.006826 -0.001880
0.017648 -0.012025 0.002768
-0.008312 0.011215 0.003227
-0.007330 -0.000508 -0.006695
0.011229 -0.006935 -0.000499
-0.003295 -0.005781 0.005255
0.013408 -0.012053 0.002622
-0.016605 -0.011539 0.000452
0.000491 0.003416 -0.006215
0.007777 0.009171 -0.002581
-0.010708 0.010807 0.000208
0.006787 0.023159 -0.001539
-0.000171 -0.002860 0.001597
0.000994 0.004071 -0.010796
-0.009137 -0.001177 0.000256
0.003578 0.005534 0.006547
-0.001613 0.008069 -0.002116
0.018055 -0.012547 -0.001516
-0.007380 0.010791 0.001804
-0.005756 -0.002151 0.000886
0.010518 -0.005727 0.001819
-0.001278 -0.003549 -0.001477
0.010001 -0.009526 0.003199
-0.016102 -0.011232 0.001365
-0.000180 0.003280 -0.007754
0.003285 0.003961 0.001498
-0.014338 0.012648 0.006993
0.011505 0.024280 0.003796
-0.000639 -0.003118 -0.000302
0.000928 0.004096 -0.010407
-0.007738 -0.001917 -0.003596
0.003255 0.005198 -0.002138
-0.001122 0.008077 0.003483
0.020202 -0.012807 -0.002319
-0.008289 0.012014 0.008710
-0.005113 -0.000983 0.000897
0.013233 -0.004143 0.000255
-0.003145 -0.005802 0.005281
0.007044 -0.011231 0.004273
-0.016000 -0.010617 0.001842
0.000331 0.003815 -0.004748
0.010091 0.011890 0.003342
-0.004959 0.009722 0.006825
-0.000644 0.022110 0.003630
-0.000267 -0.002034 -0.000405
0.001641 0.004640 -0.010167
0.008383 0.021815 -0.599372
0.002892 0.005968 -0.001771
-0.000524 0.004845 0.006898
0.020144 -0.015885 0.002443
-0.010298 -0.006995 0.005547
-0.003195 -0.000601 -0.000013
0.076441 0.032417 0.064973
-0.003563 -0.005234 0.004433
0.026682 -0.001779 0.006619
-0.019146 0.047962 0.054530
0.000290 0.002903 -0.005982
0.007590 0.008336 -0.002169
-0.010488 0.010411 0.001234
0.007898 0.023967 -0.001580
0.001014 -0.002756 0.001983
-0.001580 0.004462 -0.005333
-0.009767 -0.003180 0.001047
0.003412 0.005650 -0.000862
0.001550 0.008721 -0.001678
0.018619 -0.011840 0.004065
-0.007740 0.009280 0.001599
-0.005642 0.002797 -0.000747
0.012154 -0.005438 0.000573
-0.002890 -0.005392 0.003901
0.013187 -0.008647 -0.002773
-0.017792 -0.011898 0.001365
