2176.0000 0.05 1
1.875
3.75
6.25
6.25
7.5
16.25
8.75
6.25
17.5
16.25
14.375
16.25
25
16.25
6.25
31.25
23.125
18.125
28.75
10
10
13.125
10
10
16.25
20
25
28.75
38.75
19.375
22.5
28.75
13.75
26.875
20.625
29.375
21.875
40.625
45
30
37.5
56.25
46.875
46.25
43.125
67.5
52.5
48.75
84.375
93.75
98.75
123.125
139.375
133.125
141.25
151.875
181.25
151.25
158.75
201.25
176.25
174.375
232.5
253.75
268.75
235.625
237.5
278.125
293.125
312.5
295
321.875
300.625
311.875
325
338.125
340
365
316.875
353.75
372.5
363.75
329.375
361.25
335.625
378.75
311.25
293.75
304.375
285.625
274.375
254.375
231.25
252.5
250
301.875
204.375
249.375
311.25
295.625
318.75
308.75
308.125
300
250
293.125
310
297.5
326.25
273.75
278.75
305
271.25
320.625
291.25
316.875
248.75
296.25
353.125
318.125
316.25
315
328.75
362.5
340.625
382.5
399.375
381.25
389.375
391.875
395.625
431.875
451.875
468.75
453.125
444.375
450.625
436.25
448.125
416.875
406.25
428.125
381.25
361.25
314.375
353.125
328.125
311.25
315.625
329.375
306.25
274.375
218.75
252.5
250
305.625
278.75
245
273.125
224.375
322.5
285.625
328.75
301.875
302.5
292.5
284.375
296.25
350.625
290
325
350.625
373.125
356.25
259.375
288.75
212.5
289.375
345.625
266.25
264.375
265.625
260
235
245
250
264.375
328.125
241.875
223.75
236.875
224.375
180.625
248.75
254.375
281.875
254.375
310
251.875
264.375
256.875
207.5
200.625
272.5
251.875
326.25
343.125
346.25
353.125
276.25
366.25
296.25
513.75
535.625
509.375
423.125
365.625
260
233.125
204.375
165.625
119.375
61.25
31.25
11.25
3.75
1.875
4.375
1.25
0
0
0
0
0
0
0
0
0
0
2.5
0
