0.012871 -0.035876 -0.044313
-0.005358 -0.002057 0.001130
0.010547 0.002574 0.000056
0.002416 0.000424 -0.004359
0.007191 0.002963 -0.002354
-0.000878 -0.004093 -0.000382
-0.004276 -0.002041 -0.004996
-0.004446 0.004530 0.000221
-0.008351 0.000322 -0.007901
0.004993 -0.013497 -0.014087
-0.004165 -0.003704 0.004519
-0.005732 -0.000484 0.003303
-0.001696 -0.006050 0.009454
-0.005697 -0.002023 -0.000640
0.005535 0.003032 -0.004368
0.004041 0.000406 0.001695
0.010915 0.002196 0.002148
-0.005312 -0.001706 0.001220
0.005922 -0.007825 -0.005665
0.002301 0.003015 -0.002808
0.008400 0.002263 -0.002897
-0.001366 -0.001349 -0.000664
-0.004856 0.001808 -0.004821
-0.007117 0.008244 0.000879
0.003321 -0.011574 -0.007150
0.005033 0.008026 -0.002264
-0.006367 -0.008281 -0.000426
-0.006282 -0.002572 0.001258
-0.001375 -0.005700 0.009325
-0.005911 0.000298 -0.000994
0.005125 0.000773 -0.005303
0.002134 -0.000983 0.001848
0.010508 0.004814 -0.000156
-0.005522 -0.002050 0.001173
0.010302 0.004864 -0.000173
0.002292 0.000047 -0.003564
0.009895 0.003280 -0.002916
-0.000327 -0.002409 -0.000244
-0.005029 -0.002076 -0.004730
-0.004019 0.005810 0.000365
-0.008578 -0.000239 -0.007805
0.005558 -0.012935 0.009488
-0.003792 -0.002444 0.004306
-0.010378 -0.051354 0.061190
0.001960 -0.006846 0.011521
-0.011370 0.571432 -0.009703
0.059027 -0.046962 -0.008029
0.008045 -0.007850 -0.002083
0.010833 0.002509 0.001476
-0.006794 -0.000863 0.000591
0.010653 0.003782 -0.000174
0.002278 0.001442 -0.003944
0.008521 0.001613 -0.002667
-0.000770 -0.003655 -0.000083
-0.003908 -0.002611 -0.003901
-0.005980 0.007106 -0.000045
-0.008688 -0.000071 -0.007823
0.004592 -0.012683 0.008383
-0.002556 -0.001449 0.004756
-0.005279 -0.008591 0.007638
-0.001448 -0.006176 0.009524
-0.005747 0.008996 0.000492
0.003379 0.001005 -0.005362
0.002478 -0.001461 0.001059
0.011035 0.002164 0.001654
-0.007306 0.000978 -0.001426
0.013867 -0.006001 0.004237
0.002338 -0.038314 0.040466
0.004843 0.004798 -0.000951
-0.037082 -0.032590 0.000464
-0.004606 0.005642 -0.004740
-0.001900 0.000280 0.004293
-0.020216 -0.011417 -0.008888
0.005160 -0.001099 -0.002663
-0.001057 0.000201 0.003737
-0.006238 -0.003091 0.001866
-0.001871 -0.005862 0.009475
-0.005478 0.000207 -0.000127
0.002803 0.002660 -0.006036
0.002541 -0.001917 0.001145
0.010803 0.002969 0.001943
-0.005241 -0.002406 0.001235
0.011396 0.004607 -0.002013
0.001847 -0.005431 0.002458
0.008427 0.001841 -0.002890
-0.001144 -0.003415 -0.001151
-0.004495 -0.001748 -0.004834
-0.007237 0.008469 -0.000140
-0.007907 0.000246 -0.007777
0.005216 -0.002136 -0.002400
-0.006430 -0.008698 0.009090
-0.006085 -0.001895 0.001549
-0.003146 -0.004856 0.008500
-0.005214 0.000247 -0.000060
0.003956 0.001316 -0.005235
0.006673 -0.007612 -0.001230
0.010080 -0.001838 -0.002660
-0.004378 -0.000766 0.001509
0.010488 0.003626 0.000252
0.002048 0.000854 -0.004295
0.008538 0.001931 -0.002753
-0.000016 -0.002566 -0.000412
-0.005213 -0.002216 -0.005554
-0.005775 0.006461 0.000435
-0.008711 0.000313 -0.007993
0.005632 -0.019078 -0.018904
-0.002420 -0.001744 0.004491
-0.007046 -0.002174 0.003305
-0.001619 -0.004220 0.009479
-0.005615 -0.000513 -0.000741
0.004665 0.000867 -0.004958
0.002233 -0.000585 0.002294
0.010917 0.002544 0.002149
-0.005619 0.000015 0.001661
0.008855 0.005067 0.001572
0.002543 0.001113 -0.003130
0.008331 0.003888 -0.003139
-0.001010 -0.003004 -0.000871
-0.004597 -0.002747 -0.004983
-0.002237 0.000387 -0.003984
-0.009150 0.000199 -0.007677
0.005102 -0.000316 -0.002319
-0.001563 0.000386 0.005600
-0.006075 -0.002351 0.001334
-0.000128 -0.004922 0.010234
-0.006012 0.000085 -0.000782
0.003418 0.002647 -0.005569
0.003719 0.000440 0.002771
0.007710 -0.022924 0.002746
0.004636 -0.002988 0.000946
-0.001452 -0.028112 0.002650
-0.005870 0.006247 0.001662
-0.006999 0.000752 -0.006751
0.005911 -0.001437 0.000146
0.004477 -0.001188 -0.004471
0.002157 0.001717 0.000225
0.013523 -0.004280 -0.002194
-0.001865 -0.004141 -0.004733
0.001884 0.003810 0.005235
-0.022527 -0.004075 -0.005235
0.002496 0.007383 0.011311
-0.000713 -0.007829 -0.009669
0.017964 0.003675 0.000624
-0.010500 -0.008889 0.003578
-0.012640 -0.002414 0.002606
0.005270 0.000887 0.001518
-0.002891 0.001856 0.002185
-0.004093 0.003663 0.002468
-0.008721 0.000310 -0.000908
0.007468 -0.032583 -0.041292
0.009696 -0.010688 -0.008683
0.001825 0.002150 0.001387
0.009661 0.004350 0.001820
0.005083 -0.011906 -0.006559
0.002653 0.003421 0.004974
-0.021243 -0.002546 -0.005732
0.002688 0.004501 0.011386
-0.001628 -0.007065 -0.009243
0.017107 0.000034 0.000008
-0.005722 -0.000446 0.007652
-0.031518 -0.021277 0.003277
0.003667 -0.001517 0.000157
-0.005062 -0.029795 0.001014
-0.009909 -0.002340 0.006310
-0.002168 0.008620 -0.002360
0.006154 -0.001299 -0.000226
0.004864 0.000116 -0.004744
-0.002202 -0.005951 -0.004454
0.004864 -0.005330 0.007607
0.003409 -0.011914 -0.002302
0.001868 0.007507 0.005584
-0.023194 -0.003045 -0.006656
-0.045885 -0.030579 0.011402
0.000414 -0.010152 -0.011096
0.017754 0.007663 0.000121
-0.000188 -0.009734 0.012283
-0.012372 -0.002925 0.002921
0.004536 -0.003043 0.001376
-0.002758 -0.000363 0.001792
-0.004295 0.003814 0.002521
-0.007106 0.000798 0.002783
0.005822 -0.000460 -0.000512
0.004286 -0.001002 -0.004506
0.002994 0.000443 -0.000339
0.008932 0.005968 0.000148
-0.002362 -0.003568 -0.007893
0.002095 0.003610 0.005567
-0.021104 -0.002275 -0.007087
0.004102 0.003807 0.011326
-0.000776 -0.008564 -0.009492
0.018114 0.004158 0.000831
-0.005184 0.000495 0.006581
-0.012408 -0.002061 0.002650
0.040547 -0.028098 0.001416
-0.002755 0.000772 0.002292
-0.003798 0.004834 0.001068
-0.003652 0.006921 -0.001481
0.005949 0.000750 -0.002369
0.000356 -0.009887 -0.000683
0.000190 -0.003773 -0.002840
0.009793 0.006751 0.001771
-0.000756 -0.005470 -0.006078
0.001161 0.003243 0.005973
-0.017145 -0.009828 -0.001509
0.003247 0.005609 0.011368
0.000670 -0.007224 -0.010245
0.018434 -0.000370 -0.000234
-0.005628 0.001428 0.007772
-0.012936 -0.002668 0.002907
0.004033 -0.003080 0.001354
-0.002921 0.001977 0.002395
-0.005735 0.006135 0.000680
-0.003019 0.006998 -0.001636
0.006003 -0.000881 -0.001146
0.003450 -0.001112 -0.005737
0.003186 0.000524 -0.000309
0.009680 0.004784 0.002144
-0.001512 -0.005333 -0.006421
0.002630 0.003049 0.006212
-0.022835 -0.004027 -0.005111
0.002207 0.004904 0.012464
-0.000622 -0.008152 -0.008979
0.017851 0.000525 0.000136
-0.005988 -0.000180 0.007690
-0.012740 -0.002314 0.002792
0.004013 -0.001672 0.001224
-0.002260 -0.000288 0.001726
-0.004338 0.004979 0.001771
-0.002638 0.008961 0.000214
0.006206 -0.000980 -0.000024
0.004424 -0.001714 -0.004262
0.002879 0.001530 -0.000011
0.010122 0.006012 0.003401
0.002343 -0.011922 -0.010913
0.002284 0.002558 0.005333
-0.019439 -0.009332 -0.002430
0.002824 0.005135 0.011914
-0.000427 -0.006541 -0.009299
0.017894 0.006991 0.000883
-0.006239 0.000454 0.008550
-0.012375 -0.001881 0.003417
0.003882 -0.002346 0.001253
-0.002903 0.000767 0.002646
-0.008778 -0.001232 0.004828
-0.002462 0.006503 -0.001286
0.006800 -0.006709 -0.006350
0.004988 -0.001023 -0.002895
0.003676 0.001297 0.001359
0.009559 0.005129 0.001649
-0.001913 -0.005671 -0.006193
0.001539 0.003451 0.005066
-0.022545 -0.003193 -0.006062
0.003570 0.005613 0.012142
0.000099 -0.007716 -0.010319
0.017610 0.000576 0.000129
-0.005809 -0.000548 0.007503
