2176.0000 0.05 1
1.11111
4.44444
11.1111
2.22222
11.1111
4.44444
13.3333
11.1111
20
11.1111
6.66667
11.1111
24.4444
23.3333
17.7778
23.3333
26.6667
18.8889
13.3333
32.2222
18.8889
8.88889
4.44444
10
14.4444
16.6667
34.4444
37.7778
25.5556
40
11.1111
26.6667
17.7778
31.1111
24.4444
32.2222
26.6667
27.7778
40
24.4444
32.2222
46.6667
36.6667
47.7778
70
55.5556
56.6667
41.1111
80
108.889
93.3333
126.667
127.778
138.889
146.667
148.889
161.111
190
190
202.222
216.667
267.778
192.222
230
234.444
286.667
237.778
278.889
253.333
261.111
293.333
296.667
320
337.778
318.889
350
286.667
345.556
302.222
311.111
294.444
302.222
293.333
275.556
316.667
268.889
251.111
285.556
291.111
298.889
314.444
320
317.778
307.778
337.778
318.889
314.444
295.556
293.333
297.778
304.444
291.111
330
357.778
316.667
361.111
373.333
361.111
353.333
350
341.111
291.111
253.333
215.556
177.778
162.222
186.667
241.111
264.444
333.333
350
401.111
417.778
393.333
428.889
412.222
452.222
400
382.222
354.444
344.444
371.111
347.778
396.667
383.333
376.667
383.333
432.222
404.444
454.444
410
406.667
411.111
356.667
362.222
370
371.111
376.667
437.778
413.333
412.222
434.444
403.333
341.111
352.222
324.444
346.667
316.667
326.667
257.778
285.556
261.111
267.778
260
244.444
222.222
276.667
208.889
246.667
214.444
232.222
261.111
221.111
244.444
232.222
214.444
208.889
225.556
181.111
203.333
174.444
197.778
175.556
175.556
253.333
235.556
234.444
212.222
216.667
168.889
175.556
197.778
262.222
241.111
217.778
270
246.667
225.556
260
350
340
317.778
303.333
330
307.778
333.333
382.222
407.778
434.444
425.556
447.778
432.222
511.111
476.667
503.333
472.222
433.333
348.889
312.222
225.556
116.667
11.1111
1.11111
0
0
0
0
0
0
0
0
0
0
0
0
0
0
0
0
0
0
0
0
0
2.22222
2.22222
0
2.22222
0
2.22222
2.22222
4.44444
2.22222
2.22222
5.55556
2.22222
0
4.44444
2.22222
4.44444
6.66667
0
0
6.66667
0
1.11111
2.22222
0
0
2.22222
0
2.22222
0
