-0.000084 0.009780 0.012552
-0.006080 -0.003348 0.002564
-0.001001 0.016507 0.000325
0.013194 0.007589 -0.003025
-0.061223 0.066609 -0.009135
-0.008624 -0.001450 -0.002556
0.003263 0.011193 0.004505
-0.001162 -0.016313 -0.001990
-0.002300 -0.012418 -0.001206
-0.011525 -0.003903 -0.003421
0.011663 -0.008720 0.001854
-0.008920 -0.006827 -0.001825
0.003941 -0.007103 0.003326
0.003877 -0.021919 -0.000782
-0.003123 0.016382 0.019274
0.013253 -0.011651 0.002856
-0.000971 0.011173 0.012497
-0.012575 0.001012 0.000517
-0.002433 0.019074 0.000973
0.007235 0.015227 -0.003780
-0.000088 0.016686 -0.006128
-0.008831 0.000306 -0.002774
-0.002527 0.007754 0.011416
0.002078 -0.015559 -0.002302
-0.003657 -0.010816 0.003594
-0.011317 -0.003928 -0.001476
0.011597 -0.007393 0.000138
-0.013555 -0.000867 -0.006522
0.002986 -0.008855 0.003140
0.002790 -0.019137 -0.001165
-0.003357 0.000189 0.000593
0.014448 -0.010026 0.001869
-0.000722 0.010491 0.011829
-0.011646 -0.002558 0.000648
-0.001609 0.019116 0.000666
0.010837 0.007831 -0.002745
-0.001385 0.016662 -0.005635
-0.008900 0.000567 -0.002137
-0.002034 0.005777 0.001882
0.000023 -0.015412 -0.002800
-0.002884 -0.010479 -0.000711
-0.010101 -0.004533 -0.002986
0.010920 -0.006432 0.000786
-0.008678 -0.007264 -0.002291
0.005721 -0.007183 0.004738
0.003505 -0.019823 -0.000317
-0.004988 -0.000907 0.002087
0.013807 -0.010893 0.003148
-0.026363 0.013807 0.011928
-0.006216 0.000120 0.000010
0.057148 0.072681 -0.002122
0.011196 0.007496 -0.002431
-0.001328 0.014786 -0.004405
-0.009977 0.000767 -0.003506
-0.000359 0.004098 0.005262
0.000815 -0.016180 0.001442
-0.005810 -0.012479 -0.001654
-0.012880 -0.005186 -0.001720
0.015305 -0.000491 -0.001566
-0.008085 -0.005493 -0.002652
0.002633 -0.009165 0.002546
0.008190 -0.012704 0.001106
-0.003626 0.001345 0.001328
0.013200 0.053624 -0.065197
0.000274 0.007894 0.011489
-0.009726 -0.000726 -0.001930
-0.001449 0.019957 0.001396
0.011599 0.009666 -0.003211
-0.001376 0.015526 -0.006242
-0.009465 0.002379 -0.001594
-0.000938 0.002523 0.004343
0.000391 -0.015727 -0.003697
-0.003701 -0.011610 -0.001116
-0.010692 -0.005723 -0.001725
0.011074 -0.006033 0.000565
-0.010326 -0.005322 -0.004126
0.005660 -0.008421 0.004144
0.003031 -0.019625 -0.001932
-0.004794 0.001462 -0.000732
0.012113 -0.010693 0.003731
-0.003247 0.009400 0.012141
-0.007609 -0.001723 0.001360
-0.002971 0.018990 0.002648
0.014109 0.010530 0.002275
-0.000751 0.016089 -0.006892
-0.010239 0.000628 -0.003591
-0.000569 0.002709 0.004415
-0.001307 -0.017000 -0.000505
-0.002604 -0.012985 0.002172
-0.038784 0.012524 0.040083
0.013807 -0.009072 -0.000742
-0.011747 -0.008130 -0.004935
0.004161 -0.007291 0.002669
0.014498 -0.021249 -0.010101
-0.004139 0.001129 0.003718
0.013956 -0.011713 0.002176
-0.002168 0.008795 0.011939
-0.008648 -0.000641 -0.000590
-0.002107 0.019589 -0.000998
0.013959 0.010521 -0.006486
-0.001598 0.013264 -0.005474
-0.007214 0.047453 0.000893
-0.001066 0.013145 0.003792
0.002733 -0.008703 0.000492
-0.005659 -0.005660 0.001432
-0.011483 -0.005585 -0.001411
0.021712 -0.009226 0.009444
-0.018209 -0.007792 0.006066
0.004497 -0.007715 -0.000570
0.005152 -0.021898 -0.000332
-0.004265 0.000863 0.001171
0.013704 -0.010751 0.002798
-0.000152 0.013498 0.011215
-0.010365 -0.004562 0.000429
-0.001054 0.017930 0.000437
0.012543 0.018568 -0.003206
-0.000769 0.016282 -0.006469
-0.009685 -0.000227 -0.001205
-0.000399 0.003130 0.003761
-0.000437 -0.015681 -0.002130
-0.003416 -0.011175 -0.001168
-0.010709 -0.005860 -0.001243
0.010893 -0.007612 0.001345
-0.009855 -0.010778 -0.003027
0.006421 -0.000357 0.000659
0.002624 -0.019769 -0.001716
-0.003169 -0.000133 0.002122
0.013738 -0.011676 0.001342
-0.000939 0.004281 -0.005021
0.006632 0.005916 -0.002455
-0.013511 0.014456 0.002747
0.006769 0.023441 -0.001278
0.000274 -0.005186 -0.000252
0.000623 0.005131 -0.009704
-0.008629 0.010601 0.000479
-0.013400 0.028436 0.000672
-0.001293 0.004857 -0.002117
0.019957 -0.011008 0.003287
-0.008732 0.011315 0.001851
-0.005438 -0.000766 -0.000397
0.012365 -0.006808 -0.000400
-0.003414 -0.003417 0.006395
0.006200 -0.003299 0.002800
-0.017010 0.000803 -0.015716
-0.001661 0.002162 -0.004337
0.008335 0.010443 -0.002714
-0.007979 0.009212 0.002446
0.005422 0.033483 -0.001066
0.001732 -0.005027 -0.000603
-0.006715 0.019672 -0.009298
-0.007218 -0.002064 0.000737
0.003665 0.005847 -0.000028
-0.000146 0.007167 -0.003048
0.017447 -0.011080 0.003015
-0.009926 0.010347 0.001821
-0.002806 -0.000456 -0.000093
0.012217 -0.005633 -0.000511
-0.002084 -0.004710 0.004766
0.008821 -0.009541 0.002497
-0.017135 -0.012944 0.000464
-0.000777 0.004261 -0.005952
0.034732 0.012908 -0.003459
-0.009247 0.011670 0.002233
0.005975 0.022201 -0.001349
0.000290 -0.002919 0.000228
0.000984 0.005654 -0.010647
-0.007251 -0.001855 0.000795
0.003407 0.004910 -0.000401
-0.000815 0.006864 -0.002266
0.017128 -0.011791 0.002828
-0.009358 0.010226 0.001306
-0.005248 -0.000227 0.000314
0.011742 -0.005672 -0.004075
-0.003049 -0.004363 0.004390
0.010722 -0.009252 0.001301
-0.015820 -0.012428 0.001930
0.000639 0.003596 -0.005274
0.006985 0.008045 -0.002583
-0.008612 0.021008 0.002931
0.004601 0.022092 -0.001917
-0.000895 -0.003749 -0.000289
0.004217 0.004666 -0.010116
-0.008636 -0.002725 0.000859
0.012099 0.021073 -0.000198
-0.000380 0.008666 -0.001303
0.042616 0.006804 0.036940
-0.008406 0.009766 0.002253
-0.005262 -0.001227 -0.000452
0.011266 -0.004743 0.000291
-0.004352 -0.005968 0.004180
0.000380 -0.012957 -0.007390
-0.015499 -0.011856 0.001231
-0.000228 0.002142 -0.005302
0.006214 0.007459 -0.001812
-0.010396 0.011261 0.002481
0.007771 0.024238 -0.001903
-0.000201 -0.002898 -0.000429
0.000719 0.004043 -0.010091
-0.008519 -0.002126 0.000750
0.001422 0.007026 0.000199
-0.000924 0.008414 -0.001907
0.018200 -0.011481 0.002952
-0.008447 0.009956 0.002327
-0.006618 -0.001629 0.000682
0.010801 -0.005479 0.000845
-0.003022 -0.006748 0.003514
0.011204 -0.010261 0.001350
-0.016708 -0.011443 0.003312
-0.000889 0.004213 -0.005172
0.008957 0.005695 -0.002622
-0.004985 0.012724 0.001391
0.003381 0.027603 -0.004563
-0.000786 0.001562 -0.001108
0.003081 0.001715 -0.010228
-0.008066 -0.001847 0.000578
0.000581 0.004174 -0.003655
0.001087 0.007488 -0.002680
0.017724 -0.011488 0.003510
-0.008963 0.008922 0.004104
-0.004050 -0.002533 -0.000307
0.012777 -0.006475 -0.001221
-0.003941 -0.005901 0.004021
0.009980 -0.009726 0.002390
-0.017397 -0.011441 0.000145
-0.008602 -0.576885 -0.003852
0.009879 0.006506 -0.002578
-0.005473 0.013918 0.004902
0.003801 0.025497 0.000001
-0.001129 0.000178 0.000489
0.002397 0.003241 -0.007963
-0.008545 0.010953 0.001017
0.001794 0.003595 0.001517
0.013268 0.033296 -0.001242
0.017335 -0.010588 0.001593
-0.012127 0.077106 0.065508
0.024024 0.022463 -0.035719
0.008408 -0.000249 -0.002453
-0.031777 0.019238 -0.032982
0.010386 -0.013894 0.001791
-0.017189 -0.011645 0.000995
0.001175 0.003300 -0.005830
0.008144 0.008219 -0.002196
-0.010435 0.010355 0.002627
0.012108 0.030918 -0.001609
-0.000916 -0.003609 -0.000319
0.013453 0.019678 -0.009877
-0.009005 -0.002223 0.000378
0.003198 0.006566 -0.000291
-0.000291 0.008990 -0.002476
0.018170 -0.012764 0.003741
-0.007874 0.010879 0.001774
-0.004755 -0.000737 0.002240
0.009983 -0.006112 0.000607
-0.003642 -0.005670 0.004308
0.008316 -0.011846 0.003570
-0.016911 -0.010972 0.001491
