2176.0000 0.05 1
1.11111
4.44444
11.1111
2.22222
11.1111
4.44444
13.3333
11.1111
20
11.1111
6.66667
11.1111
24.4444
23.3333
17.7778
23.3333
26.6667
18.8889
13.3333
32.2222
18.8889
8.88889
4.44444
10
14.4444
16.6667
34.4444
40
23.3333
40
11.1111
26.6667
17.7778
31.1111
24.4444
32.2222
31.1111
23.3333
40
24.4444
32.2222
46.6667
36.6667
47.7778
70
55.5556
56.6667
41.1111
80
106.667
95.5556
126.667
127.778
136.667
148.889
146.667
163.333
187.778
190
204.444
216.667
267.778
192.222
230
230
291.111
235.556
281.111
253.333
261.111
293.333
298.889
317.778
333.333
318.889
354.444
282.222
348.889
301.111
313.333
290
302.222
293.333
275.556
316.667
273.333
248.889
283.333
296.667
297.778
311.111
317.778
323.333
303.333
337.778
321.111
315.556
292.222
294.444
301.111
298.889
294.444
330
353.333
320
356.667
378.889
358.889
353.333
352.222
336.667
291.111
257.778
217.778
175.556
162.222
188.889
241.111
264.444
326.667
357.778
390
421.111
397.778
427.778
413.333
450
404.444
375.556
358.889
344.444
371.111
347.778
397.778
381.111
374.444
384.444
430
406.667
456.667
412.222
404.444
411.111
352.222
362.222
376.667
368.889
371.111
436.667
413.333
411.111
444.444
398.889
338.889
358.889
320
348.889
313.333
323.333
266.667
282.222
257.778
267.778
265.556
241.111
222.222
278.889
208.889
247.778
215.556
230
261.111
214.444
248.889
234.444
216.667
206.667
225.556
174.444
208.889
177.778
195.556
175.556
176.667
254.444
233.333
231.111
213.333
221.111
168.889
175.556
197.778
260
236.667
222.222
272.222
238.889
226.667
257.778
354.444
340
320
301.111
332.222
307.778
333.333
381.111
406.667
435.556
424.444
443.333
435.556
505.556
478.889
507.778
476.667
428.889
351.111
312.222
224.444
121.111
12.2222
1.11111
0
0
0
0
0
0
0
0
0
0
0
0
0
0
2.22222
0
0
0
0
0
0
0
4.44444
0
0
0
0
4.44444
6.66667
2.22222
0
3.33333
2.22222
0
6.66667
0
4.44444
6.66667
0
2.22222
4.44444
0
1.11111
2.22222
0
0
2.22222
0
2.22222
0
