-0.000962 0.011452 0.012439
-0.008246 0.001764 -0.000344
0.000778 0.017498 0.001603
0.012196 0.007405 -0.002600
-0.000947 0.015830 -0.006802
-0.008434 0.001532 -0.002081
0.000445 0.002882 0.004752
-0.000390 -0.016264 -0.002395
-0.002580 -0.011322 -0.001240
-0.010979 -0.006282 -0.001426
0.010681 -0.006824 0.000064
-0.008366 -0.006986 -0.003481
0.002800 -0.007460 0.003930
-0.003130 -0.019752 -0.000762
-0.001245 -0.000436 0.002002
0.013488 -0.011199 0.001929
-0.001824 0.011384 0.011284
-0.008089 0.002057 0.000410
-0.000439 0.017988 0.001750
0.011098 0.008520 -0.003520
-0.000796 0.014983 -0.005688
-0.010953 -0.000280 -0.002925
0.002432 0.006128 0.005115
0.000648 -0.015772 -0.001741
-0.003496 -0.012295 -0.001150
-0.009726 -0.005658 -0.000207
0.012679 -0.004093 0.000534
-0.010369 -0.005859 -0.003471
0.004582 -0.007332 0.003794
0.005240 -0.022987 -0.000810
-0.004853 0.001117 0.001751
0.017900 -0.010646 0.002791
-0.001073 0.011787 0.011728
-0.009787 0.001637 0.001259
-0.002447 0.019397 -0.000386
0.012847 0.007023 -0.003863
-0.003920 0.018423 -0.003722
-0.006473 -0.000002 -0.001600
0.000798 0.003342 0.005149
-0.001860 -0.011230 -0.003143
-0.003268 -0.011884 -0.001423
-0.010003 -0.005771 -0.003919
0.005572 0.007122 0.000523
-0.010718 -0.006405 -0.003408
0.003824 -0.007527 0.003802
0.006378 -0.021139 -0.001191
-0.013342 0.001484 0.001392
0.013384 -0.010915 0.002774
0.000396 0.012359 0.014141
-0.006058 0.001423 0.002124
-0.000346 0.019664 0.001902
0.012321 0.008674 -0.002690
-0.001392 0.015070 -0.005844
-0.056838 -0.030637 -0.081980
-0.009361 0.005257 0.005164
-0.001449 -0.020653 -0.004771
-0.004705 -0.007102 -0.001164
-0.012989 -0.005328 -0.002626
0.004018 -0.005631 -0.004572
-0.015478 -0.007069 0.001778
0.006193 -0.006354 0.000368
0.003540 -0.020241 -0.000740
-0.013570 0.000672 0.001996
0.014469 -0.011592 0.002087
-0.000731 0.010081 0.012938
-0.008812 0.000414 0.000603
-0.000830 0.019455 0.001081
0.011235 0.007847 -0.003457
0.001543 0.017820 -0.007170
-0.008826 0.001736 -0.001252
-0.002290 0.006011 0.002676
0.001935 -0.017071 -0.003134
-0.012977 -0.010409 -0.001032
-0.011308 -0.005545 -0.002418
0.009388 -0.006744 0.001299
-0.010152 -0.003170 -0.003167
0.003762 -0.007394 0.003667
0.004555 -0.018782 -0.000693
-0.001398 -0.000230 0.001300
0.018230 -0.011896 0.003558
0.000437 0.008914 0.008715
-0.008909 0.000566 0.000653
-0.000051 0.020102 0.000575
0.001484 0.006750 -0.004254
-0.000062 0.015251 -0.008015
-0.011225 0.000119 -0.003182
0.000304 0.003223 0.004198
0.000774 -0.015333 -0.002526
-0.007671 -0.017736 -0.001017
-0.012062 -0.005762 -0.003330
0.012085 -0.006743 0.000335
-0.011413 -0.012274 -0.002929
-0.015998 -0.025649 0.005314
0.004243 -0.019064 -0.000301
-0.000808 0.000962 0.001676
0.012418 -0.011177 0.002395
-0.009647 -0.000623 0.030218
-0.009435 0.002028 -0.000954
-0.003084 0.016399 -0.002698
0.013293 0.008252 -0.003470
-0.011685 0.016283 -0.007870
-0.008361 0.001789 -0.001722
0.000404 0.004296 0.004656
-0.010688 -0.016317 -0.002802
-0.000977 -0.010417 -0.001130
-0.012029 -0.005721 -0.000711
0.006102 -0.016586 0.000578
-0.008766 -0.008075 -0.002163
0.003203 -0.007168 0.003729
0.003895 -0.018925 -0.001039
-0.001138 0.000887 0.002205
0.642945 -0.005485 0.009450
-0.003433 0.006526 0.016547
-0.000645 0.001102 -0.001035
-0.012112 0.018865 0.002525
0.011153 0.005320 0.000733
-0.000873 0.017082 -0.005471
-0.009436 0.000583 -0.004013
0.001161 0.002799 0.006587
0.000186 -0.021602 -0.001897
-0.004569 -0.006807 0.000999
-0.035286 0.066898 -0.001692
0.006230 -0.004701 0.004567
-0.016136 -0.008134 -0.008763
0.005905 -0.006464 0.007232
-0.093190 -0.044216 0.002829
-0.004858 0.000423 0.001177
0.013610 -0.012154 0.003556
-0.000187 0.003047 -0.005039
-0.001098 0.018069 -0.019716
-0.009725 0.011532 0.001978
0.005075 0.022821 -0.001497
0.000488 -0.003298 -0.001048
0.001479 0.004489 -0.009604
-0.006842 -0.001923 0.001770
0.002094 0.006154 0.000707
-0.001953 0.007402 -0.001409
0.017965 -0.011301 0.002551
-0.009460 0.010106 0.001585
-0.004282 -0.001064 0.000127
0.012953 -0.006708 0.002789
-0.003107 -0.005969 0.004654
0.010749 -0.009424 0.002263
-0.017319 -0.009290 0.001205
-0.001534 0.004997 -0.003780
0.007091 0.008305 -0.002625
-0.010268 0.010506 0.002429
0.007482 0.023131 -0.000981
-0.000489 -0.001744 -0.002237
0.001065 0.004242 -0.009820
-0.008584 -0.001552 0.000674
0.003681 0.004882 0.002378
0.000570 0.006790 -0.002931
0.016741 -0.011969 0.002714
-0.009715 0.009879 0.001829
-0.004843 -0.001499 0.000143
0.012218 -0.005316 -0.000503
-0.003054 -0.004633 0.004829
0.012483 -0.010027 0.001591
-0.018739 -0.012169 0.000867
-0.000430 0.003638 -0.005172
0.006549 0.007892 -0.001695
-0.008658 0.009390 0.001862
0.007344 0.022532 -0.000782
-0.000481 -0.001801 0.000524
0.001216 0.003768 -0.010944
-0.007990 -0.001134 -0.000074
0.001465 0.009131 0.003310
-0.000480 0.008018 -0.001948
0.017980 -0.011138 0.003265
-0.007160 0.009622 0.002217
-0.002106 -0.002087 -0.000102
0.012268 -0.006006 0.000637
-0.013424 -0.004992 0.004515
0.011452 -0.010699 0.002787
-0.016308 -0.013664 0.001490
0.002208 0.004976 -0.005977
0.005396 0.012768 -0.006447
-0.009206 0.010408 0.004046
0.007401 0.023197 -0.003541
0.000684 -0.002325 0.000851
0.002556 0.002630 -0.007402
0.000492 -0.001967 0.001230
0.002920 0.007228 -0.001897
-0.052843 0.034434 0.061345
0.019010 -0.010003 0.005168
-0.012265 0.010847 0.001234
-0.005688 -0.003216 0.005784
-0.002805 -0.009599 0.000584
-0.003779 -0.003115 -0.002408
0.010479 -0.008150 0.003299
-0.018441 -0.011743 0.000618
0.000484 0.002408 -0.005580
0.007946 0.009561 -0.000797
-0.010816 0.011195 0.001909
0.008634 0.023284 -0.002065
0.000132 -0.002940 0.000704
-0.000692 0.004915 -0.009271
-0.008522 -0.003167 0.000469
0.002233 0.004336 -0.000663
-0.000183 0.008175 -0.001866
0.018909 -0.010996 0.003417
-0.006290 0.008389 0.001706
-0.008459 0.004541 -0.000271
0.011888 -0.005662 -0.003238
-0.002381 -0.005792 0.004547
-0.001852 -0.008998 0.002254
-0.032202 -0.010474 0.001684
-0.000279 0.003195 -0.005096
0.006802 0.009270 -0.003131
-0.011892 0.011169 0.002321
0.009980 0.024315 -0.000248
-0.000489 -0.003168 -0.000375
-0.001662 0.000615 -0.014668
-0.008769 -0.002599 0.000735
0.002377 0.004877 -0.000239
0.002648 0.009845 -0.002777
0.016620 -0.011319 0.003349
-0.006605 0.011310 0.001999
-0.015733 -0.001713 -0.000338
0.010410 -0.005809 0.000204
-0.000802 -0.005363 0.004790
0.010499 -0.009429 0.002557
-0.018164 -0.012279 0.001292
-0.000770 0.003389 -0.006230
0.006460 0.007748 -0.002252
-0.008980 0.010772 0.002040
0.005968 0.023083 -0.001427
-0.000436 -0.002708 0.000734
0.001944 0.005377 -0.011652
-0.008762 -0.000651 0.002413
0.001906 0.005304 -0.000519
-0.001393 0.007104 -0.002660
-0.001515 -0.061808 0.002179
-0.006910 0.011897 0.002061
-0.004440 -0.000492 0.000232
0.010854 -0.005414 -0.000289
-0.006582 -0.009880 0.004120
-0.051056 0.015772 0.000684
-0.043837 -0.014762 0.001381
0.000376 0.003706 -0.005991
0.009193 0.008018 -0.005514
-0.065732 -0.020927 0.079076
-0.049910 0.055616 -0.069967
0.001500 -0.004077 -0.002956
-0.006696 -0.006783 -0.026423
-0.004866 -0.001386 -0.000307
-0.005759 0.014841 0.016518
-0.000062 0.007690 0.000621
0.019039 -0.010283 0.001388
-0.010914 0.010344 0.001696
-0.006388 -0.002711 -0.004392
0.010643 -0.007415 -0.000617
-0.004911 -0.003361 0.010932
0.010584 -0.007043 0.001768
-0.017027 -0.013306 0.001861
