2176.0000 0.05 1
1.875
3.75
6.25
6.25
7.5
16.25
8.75
7.5
16.25
16.25
14.375
16.25
25
16.25
6.25
31.25
23.125
18.125
28.75
10
10
13.125
10
10
16.25
20
25
30
37.5
19.375
23.75
27.5
13.75
26.875
20.625
29.375
21.25
41.25
44.375
30.625
37.5
55
48.75
45.625
41.875
67.5
55.625
48.125
85
91.875
98.75
124.375
137.5
135
139.375
152.5
181.25
153.75
155
201.25
177.5
174.375
234.375
251.25
268.125
237.5
234.375
280.625
293.125
310
296.875
321.25
301.875
310.625
324.375
340
339.375
363.125
316.25
353.125
373.75
363.75
330
360.625
333.125
380
313.75
293.75
303.125
287.5
273.75
254.375
231.25
248.75
254.375
298.125
206.25
253.125
307.5
296.875
316.875
306.25
309.375
301.25
250.625
293.75
306.875
300
325
273.75
282.5
300.625
273.75
320
291.25
315.625
246.25
301.25
350.625
320
315
315.625
326.25
363.125
343.75
380.625
400.625
376.875
388.125
395.625
396.875
431.875
448.75
470
457.5
440
451.875
435.625
450
418.125
405.625
428.125
381.25
356.25
321.25
351.875
327.5
310.625
310
335.625
303.75
276.875
215
258.125
248.125
302.5
280.625
247.5
271.25
223.75
320
288.75
329.375
300.625
301.875
291.25
281.875
300.625
348.75
293.125
323.75
350.625
373.75
356.25
257.5
288.125
215.625
289.375
345
261.875
270.625
262.5
260.625
237.5
245
250
261.25
328.75
238.75
228.125
236.25
223.75
181.875
247.5
256.25
281.25
255
307.5
252.5
266.25
255.625
205
203.125
271.25
255
325
345.625
345
354.375
273.125
369.375
287.5
515
538.125
509.375
426.875
367.5
256.875
236.25
201.25
164.375
123.125
60
31.25
11.25
3.75
2.5
3.75
1.25
0
0
0
0
0
0
0
0
0
0
2.5
0
