2176.0000 0.05 1
1.875
3.75
6.25
6.25
7.5
16.25
8.75
7.5
16.25
16.25
14.375
16.25
25
16.25
6.25
31.25
23.125
18.125
30
8.75
10
13.125
10
10
16.25
20
25
30
37.5
19.375
23.75
27.5
13.75
26.875
21.875
28.125
21.25
42.5
43.125
30.625
37.5
55
48.75
45.625
41.875
66.25
56.875
48.125
85.625
91.25
97.5
125.625
137.5
135
139.375
152.5
181.875
151.875
156.25
202.5
175.625
176.875
231.25
253.125
268.75
236.25
233.125
279.375
294.375
311.875
295
320.625
303.75
311.875
322.5
338.125
341.875
363.125
313.125
355
370
368.75
329.375
360
332.5
381.875
311.875
296.875
301.875
287.5
272.5
253.125
233.125
248.75
255
296.875
206.25
250.625
313.75
293.125
317.5
305.625
311.25
299.375
253.125
292.5
310.625
295
325
275.625
280.625
300
275.625
320
292.5
313.125
250.625
296.875
353.125
320
315.625
315
326.25
361.25
345.625
378.125
402.5
376.875
390
395
396.25
429.375
451.25
471.25
451.25
443.125
450.625
436.25
450
418.75
403.125
431.25
382.5
355.625
320
353.125
326.875
310
315.625
331.25
304.375
276.875
216.25
255.625
248.125
303.75
278.125
248.75
271.25
226.25
320.625
284.375
328.125
303.75
304.375
290
280.625
298.75
349.375
293.75
320.625
356.875
371.25
353.75
261.875
289.375
213.125
288.125
345
265.625
264.375
265
261.875
236.25
245
248.75
261.25
330
238.125
228.125
238.125
223.75
181.875
246.25
257.5
280
255.625
305.625
253.75
266.25
255.625
202.5
207.5
268.125
256.25
326.25
343.125
344.375
354.375
274.375
367.5
295
512.5
533.125
511.25
426.25
364.375
263.125
233.75
199.375
167.5
118.75
60
33.75
11.875
4.375
1.875
3.125
1.25
0
0
0
0
0
0
0
0
0
0
3.75
0
