0.010569 -0.000859 0.001173
-0.005584 -0.001323 0.001277
0.010812 0.004372 0.000063
0.001466 -0.000109 -0.003087
0.007537 0.000922 -0.002740
0.000375 -0.003053 -0.000587
-0.003363 -0.000996 -0.004935
-0.004234 0.006366 0.000524
-0.013383 -0.004314 -0.009923
0.005347 0.001046 -0.002544
-0.003556 -0.001217 0.004489
-0.006217 -0.034950 0.003414
0.002452 -0.010848 0.004929
-0.007432 -0.047930 -0.058894
0.010055 -0.009344 -0.008737
0.001939 -0.001825 0.000612
0.010858 0.001523 0.000879
0.047123 -0.043769 0.003694
0.008259 -0.000255 0.004707
0.002404 0.007293 -0.004151
0.004994 -0.002969 -0.006921
-0.000935 -0.003689 -0.000585
-0.001121 -0.006951 -0.002244
-0.004681 0.007372 0.000297
-0.013338 -0.003679 -0.009441
0.005051 -0.001017 -0.001730
-0.003243 -0.002319 0.003662
-0.006016 -0.003034 0.002219
-0.002594 -0.005143 0.009275
-0.005726 0.000652 0.000230
0.005153 0.000031 -0.005008
0.002051 -0.002166 0.000724
0.004626 0.555438 0.021917
-0.006385 -0.000368 0.001962
0.007409 0.000018 -0.000303
0.002448 -0.000377 -0.003182
0.007913 0.002634 -0.002718
-0.002126 -0.003229 0.000072
0.000550 -0.007390 -0.002976
-0.006136 0.006095 0.000502
-0.009644 0.002793 -0.007835
0.005618 -0.041953 -0.048223
-0.003603 -0.003310 0.004527
-0.008632 -0.031739 0.004220
-0.002017 -0.004112 0.008248
-0.005363 0.002787 -0.000481
0.001342 -0.007983 -0.001580
0.002530 -0.001912 0.001168
0.010660 0.012042 0.003895
-0.005344 -0.001625 0.001049
0.012053 0.004395 -0.000166
0.002011 0.000367 -0.003451
0.009432 0.003330 -0.002773
-0.001166 -0.003900 -0.000382
-0.004850 -0.002005 -0.005076
-0.004883 0.005465 0.000226
-0.007859 0.001830 -0.006622
0.005004 -0.005990 -0.006478
-0.003276 -0.003145 0.004434
-0.005854 -0.003480 0.003033
0.001085 -0.009889 0.012973
-0.005672 0.000469 -0.001483
0.003517 0.001913 -0.006649
0.002767 -0.002029 0.000187
0.010680 0.001602 0.001828
-0.005312 0.000706 0.001037
0.011238 0.005949 0.001454
0.001894 0.003820 -0.004208
0.009529 0.004596 -0.004002
-0.000877 -0.003486 -0.000462
-0.003275 -0.000429 -0.006145
-0.005166 0.004618 0.000361
-0.010056 0.003530 -0.006112
0.005174 -0.001554 -0.001494
-0.004247 -0.001907 0.006166
-0.006198 -0.001586 0.002387
-0.002128 -0.005244 0.009766
-0.005739 0.001037 0.000025
0.003929 0.001063 -0.005269
0.003357 -0.002331 0.000814
0.010392 0.001583 0.001918
-0.006109 -0.001983 0.000983
0.007418 -0.000371 -0.003876
0.002455 0.007345 -0.004029
0.005874 -0.003115 0.001734
-0.002079 -0.001887 -0.000793
-0.005160 -0.001490 -0.006021
-0.008649 0.006230 0.000440
-0.008122 0.001702 -0.007143
0.005191 -0.000874 -0.001521
-0.007740 -0.011761 0.000594
-0.006137 -0.002989 0.001963
-0.001251 -0.005604 0.009282
-0.005386 0.000063 -0.000069
0.003621 0.002710 -0.005292
-0.013186 -0.019525 0.000755
0.010768 0.001742 0.001063
-0.006111 -0.000545 0.001088
0.011060 0.004395 -0.000066
0.002231 0.000362 -0.003465
0.009533 0.003081 -0.002871
-0.000542 -0.003960 -0.000256
-0.005082 -0.001031 -0.005716
-0.004784 0.005347 0.000130
-0.007988 0.000303 -0.007987
0.005145 -0.001085 -0.003995
-0.003230 -0.002988 0.004546
-0.007233 -0.003481 0.003990
-0.002676 -0.003688 0.010999
-0.005226 -0.003540 -0.004368
0.005622 0.001485 -0.003446
0.002780 -0.002033 0.001079
0.010996 0.001478 0.000643
-0.006223 -0.001575 0.000821
0.009592 0.006150 -0.001511
0.002222 0.003669 -0.004054
0.010296 0.005135 -0.001449
-0.002095 -0.004130 -0.000899
-0.004508 -0.002128 -0.005375
-0.005134 0.005793 0.000136
-0.008300 0.000471 -0.007505
0.005454 -0.000329 -0.001853
0.001659 -0.012017 0.008176
-0.006257 -0.001523 0.002291
0.005473 -0.012982 0.009663
-0.005891 0.000176 0.000446
0.004525 0.000442 -0.005120
0.011667 -0.012918 0.000157
-0.011274 0.000150 0.002776
0.003446 -0.002437 0.001314
-0.002836 0.003472 0.003498
-0.004612 0.003546 0.002715
-0.003637 0.006219 -0.001547
0.006022 -0.002223 -0.000376
0.005248 -0.001334 -0.004752
-0.016136 -0.019898 -0.000598
0.009551 0.008580 0.001954
-0.004524 -0.015665 -0.001149
-0.001662 -0.002072 0.008242
-0.021444 -0.003926 -0.004315
-0.000979 -0.005655 0.005983
-0.045578 -0.038340 -0.008504
0.016687 -0.032840 0.044232
-0.007209 0.002167 0.007982
-0.013453 -0.000583 0.004243
0.004156 -0.005694 0.003006
-0.002566 0.001410 0.001195
-0.004181 0.002786 0.002902
-0.004739 0.006680 -0.000756
0.005886 -0.021436 0.017917
0.006381 -0.005790 -0.000598
0.003358 0.000107 -0.000970
0.008532 0.006324 0.002979
-0.001074 -0.005263 -0.006255
0.002013 0.003584 0.005155
-0.022133 -0.000605 -0.004917
0.002587 0.004245 0.011472
0.000560 -0.006682 -0.010002
0.018237 0.000976 -0.000824
-0.005508 0.001160 0.007808
-0.007409 -0.006669 -0.000566
0.005421 -0.002281 0.001372
-0.004781 -0.025274 0.035819
-0.004642 0.003791 0.002677
-0.001259 0.002939 -0.002851
0.007122 0.007836 -0.000772
0.003965 -0.001112 -0.004375
0.022184 -0.019768 -0.000701
0.044377 -0.017195 0.002057
0.002370 -0.015823 -0.011881
0.001199 0.003859 0.005567
-0.023235 -0.003728 -0.005437
0.005547 -0.004023 0.016244
-0.000369 -0.004861 -0.009296
0.018053 0.002820 0.000915
-0.032914 -0.019389 0.007977
-0.013091 -0.001483 0.002907
0.005021 -0.003046 0.000710
-0.003059 0.000289 0.002401
-0.004293 0.003523 0.002866
-0.003361 0.005113 -0.001688
0.005709 -0.000553 -0.000828
0.003123 -0.000184 -0.004624
0.002401 -0.000994 -0.000375
0.008726 0.004962 0.001252
-0.000802 -0.004859 -0.004396
0.002463 0.003810 0.004475
-0.021181 -0.004262 -0.006274
0.003106 0.004892 0.010137
0.000187 -0.007609 -0.009608
0.017650 0.000916 0.000264
-0.005027 0.000269 0.007737
-0.012823 -0.001415 0.003089
0.004878 -0.002940 0.001318
-0.002411 0.002074 0.001619
-0.004157 0.005119 0.002435
-0.002128 0.006877 -0.001306
0.006161 -0.016603 -0.015590
0.002792 0.001754 -0.003070
0.002935 -0.000977 -0.000225
0.009435 0.005763 0.001863
-0.000927 -0.007052 -0.005800
0.002134 0.003173 0.005044
-0.022592 -0.004120 -0.005188
0.002559 0.004224 0.011591
-0.000423 -0.007512 -0.009729
0.017971 0.000995 -0.001137
-0.005423 0.000465 0.007205
-0.009024 -0.006810 -0.001033
0.004642 -0.001512 0.001466
-0.003363 0.001354 0.001485
-0.002452 0.010192 0.002785
-0.003226 0.006011 -0.001363
0.005646 -0.017578 -0.016541
0.008207 -0.006840 -0.008977
0.003027 -0.000023 -0.001161
0.009108 0.006112 0.001641
-0.000814 -0.006436 -0.006023
-0.001103 -0.001579 0.007767
-0.022645 -0.005021 -0.004785
0.002653 0.005639 0.012144
-0.000089 -0.006786 -0.009119
0.017865 0.001024 -0.000880
-0.005023 0.000894 0.007486
-0.013137 -0.000404 0.003820
0.004854 -0.002818 0.001176
-0.002770 0.001073 0.003217
-0.004113 0.003383 0.002105
-0.003863 0.007652 -0.001618
0.005849 -0.001686 -0.000685
0.003275 -0.000191 -0.004127
0.003679 -0.000973 -0.000445
0.009203 0.005646 0.001747
-0.001140 -0.005161 -0.007548
0.002424 0.003183 0.005358
-0.023073 -0.003649 -0.004511
0.001808 0.005635 0.013406
0.000056 -0.007804 -0.009628
0.017981 0.000153 -0.000287
-0.005451 0.000552 0.007459
-0.011085 0.000883 0.004109
0.004795 -0.003827 0.001534
-0.002638 0.001467 0.001369
-0.004139 0.008138 0.002777
-0.003689 0.006003 -0.001397
0.006179 -0.021961 0.018053
0.003430 0.001503 -0.005336
0.002842 -0.000903 -0.000523
0.009674 0.005481 0.001741
-0.000751 -0.006245 -0.005826
0.000588 0.005112 0.004019
-0.022488 -0.003593 -0.005547
0.002789 0.003484 0.011584
0.001036 -0.007001 -0.010167
0.017544 0.001553 -0.000964
-0.006232 0.000526 0.007559
