2176.0000 0.05 1
1.11111
4.44444
11.1111
2.22222
11.1111
4.44444
13.3333
11.1111
20
11.1111
6.66667
11.1111
24.4444
23.3333
17.7778
23.3333
26.6667
18.8889
13.3333
34.4444
16.6667
11.1111
2.22222
10
14.4444
16.6667
34.4444
37.7778
25.5556
40
11.1111
26.6667
17.7778
31.1111
24.4444
32.2222
28.8889
25.5556
40
24.4444
32.2222
46.6667
36.6667
47.7778
70
57.7778
54.4444
41.1111
80
106.667
95.5556
126.667
127.778
132.222
155.556
144.444
161.111
192.222
187.778
204.444
214.444
272.222
190
230
232.222
288.889
235.556
281.111
253.333
261.111
287.778
297.778
324.444
335.556
321.111
345.556
288.889
344.444
302.222
314.444
290
302.222
293.333
273.333
318.889
271.111
253.333
276.667
300
296.667
315.556
315.556
323.333
305.556
335.556
318.889
318.889
293.333
292.222
301.111
302.222
288.889
332.222
353.333
322.222
358.889
370
365.556
353.333
352.222
336.667
295.556
251.111
217.778
175.556
162.222
188.889
241.111
264.444
331.111
350
396.667
417.778
397.778
428.889
414.444
447.778
404.444
380
356.667
342.222
371.111
350
395.556
381.111
376.667
386.667
423.333
408.889
456.667
410
406.667
408.889
356.667
360
374.444
371.111
371.111
438.889
413.333
412.222
441.111
398.889
338.889
358.889
322.222
346.667
315.556
327.778
260
281.111
258.889
270
264.444
240
226.667
274.444
208.889
245.556
217.778
228.889
262.222
216.667
248.889
232.222
216.667
206.667
225.556
176.667
207.778
176.667
195.556
177.778
174.444
252.222
235.556
230
216.667
218.889
170
173.333
198.889
257.778
241.111
220
270
243.333
224.444
264.444
350
340
320
301.111
332.222
307.778
331.111
382.222
410
432.222
422.222
448.889
434.444
508.889
477.778
502.222
476.667
430
350
310
233.333
112.222
14.4444
1.11111
0
0
0
0
0
0
0
0
0
0
0
0
0
0
0
0
0
0
0
0
0
0
2.22222
4.44444
0
2.22222
0
2.22222
2.22222
4.44444
2.22222
3.33333
0
2.22222
4.44444
2.22222
6.66667
4.44444
0
2.22222
2.22222
2.22222
1.11111
2.22222
0
0
2.22222
0
2.22222
0
