-0.003121 0.013370 0.011998
-0.008035 0.000588 0.000443
0.003896 0.014399 0.003554
0.011785 0.006905 -0.002685
-0.001643 0.015979 -0.005936
-0.008394 0.001535 -0.002304
0.000201 0.002712 0.004879
-0.000725 -0.015227 -0.003243
-0.003304 -0.010862 -0.001177
-0.012180 -0.004972 -0.005635
0.013164 -0.004117 0.001985
-0.009190 -0.006910 -0.003789
0.004118 -0.008635 0.003596
0.014498 -0.018476 0.008389
-0.003568 0.000240 0.001157
0.013958 -0.011686 0.003468
-0.001302 0.010855 0.011851
-0.008035 0.001892 0.000094
0.000473 0.020050 0.000819
0.010637 0.008037 -0.003481
-0.001412 0.015189 -0.005273
-0.009653 -0.000492 -0.003890
0.000348 0.004034 0.004223
-0.000876 -0.015894 -0.001455
-0.003898 -0.012126 -0.000831
-0.010602 -0.002904 -0.002914
0.011069 -0.006692 0.000454
-0.009979 -0.006462 -0.003886
0.003699 -0.007100 0.004754
0.003109 -0.019727 -0.000894
-0.003082 0.001330 0.001995
0.012827 -0.011096 0.002853
-0.000877 0.012355 0.012029
-0.008409 0.000550 0.001276
-0.006035 0.010897 0.000537
0.029449 -0.058330 -0.000050
-0.003177 0.015682 -0.006005
-0.008920 0.001295 -0.001329
-0.000853 0.006143 0.004832
0.000352 -0.017063 -0.002985
-0.005621 -0.012571 -0.001865
-0.013807 -0.013945 -0.005346
0.011107 -0.003284 -0.000436
-0.008840 -0.002794 -0.005550
0.003658 -0.006642 0.002681
0.002653 -0.014836 0.000524
-0.004242 0.001439 0.001411
0.014129 -0.012471 0.002568
-0.000847 0.013403 0.012809
-0.009656 0.001389 -0.000517
-0.002090 0.018899 0.000385
0.011394 0.008542 -0.002982
-0.001332 0.016068 -0.005780
-0.007292 0.002092 -0.002038
-0.014690 -0.052683 0.010596
-0.000840 -0.015654 -0.002803
-0.002681 -0.011894 -0.000159
-0.010930 -0.005255 -0.002106
0.011825 -0.007233 0.000533
-0.018569 -0.003718 -0.013596
0.036573 -0.021568 0.042262
0.002517 -0.019438 0.000096
-0.003666 -0.000377 0.002125
0.013673 -0.012193 -0.002398
-0.002586 0.014082 0.012855
-0.009158 0.001889 0.000560
0.003708 0.012229 -0.002736
0.011194 0.007914 -0.003399
0.003145 0.008577 -0.005744
-0.006198 -0.008502 -0.002188
0.000215 0.003087 0.004419
0.000058 -0.016134 -0.002273
-0.002762 -0.011677 -0.001168
-0.011602 -0.005580 -0.002343
0.020619 -0.004505 -0.009925
-0.009071 -0.006084 -0.003274
0.004152 -0.007984 0.002896
0.005349 -0.016591 -0.002319
-0.004120 -0.001411 0.001530
0.014563 -0.012158 0.003114
-0.000902 0.008946 0.011971
-0.008405 0.000702 0.000462
-0.001371 0.018621 0.000594
0.011871 0.007763 -0.002319
-0.006691 0.010804 -0.007522
-0.008125 -0.005563 0.002300
0.000666 0.003315 0.004203
-0.000228 -0.015322 -0.003258
-0.003228 -0.010373 -0.002802
-0.011690 -0.005284 -0.001640
0.010573 -0.005665 -0.000284
-0.008827 -0.004749 -0.004887
0.004003 -0.007252 0.003653
0.002070 -0.017878 0.000010
-0.004761 -0.068817 -0.088199
0.012856 -0.010914 0.002066
-0.024418 0.014666 0.011234
-0.019742 0.592557 0.018179
0.000064 0.009853 0.000041
0.011821 0.009942 -0.002764
-0.006097 0.012019 -0.003266
-0.008200 -0.004557 -0.006262
0.001089 0.003141 0.005246
0.036926 -0.030176 -0.047393
-0.037003 -0.025465 -0.039286
-0.011048 -0.003702 -0.002101
0.015345 -0.012229 0.001166
-0.013272 -0.012331 -0.001738
0.005310 -0.007727 0.003855
0.007593 -0.024229 -0.001959
-0.003545 -0.000142 -0.000145
0.014304 -0.010139 0.002976
-0.000119 0.012602 0.011857
-0.009994 0.001383 0.001604
-0.001786 0.019932 0.000472
0.011688 0.008435 -0.002111
-0.002848 0.006152 -0.005863
-0.010503 -0.004369 -0.002679
0.000436 0.004067 0.004082
0.001347 -0.014859 -0.003081
-0.003522 -0.011835 -0.001812
-0.013753 -0.004424 -0.001513
0.010435 -0.006338 -0.000592
-0.011616 -0.003946 -0.001771
0.004560 -0.007124 0.005134
0.004254 -0.019606 -0.000987
-0.004681 0.000794 0.001445
0.013799 -0.029335 0.023965
0.000263 0.007092 -0.005228
0.008228 0.008601 -0.002885
-0.010597 0.011500 0.001055
0.006760 0.023449 -0.000841
0.000493 -0.003170 -0.000125
0.001093 0.004864 -0.009241
-0.008076 -0.002231 0.001005
0.001995 0.006095 0.003698
-0.001359 0.006889 -0.002352
0.017329 -0.008847 0.000961
-0.008412 0.008674 0.001746
-0.004326 -0.001595 -0.000921
0.012673 -0.004833 -0.000105
-0.002883 -0.005045 0.005042
0.011033 -0.010598 0.003176
-0.017033 -0.012549 0.001305
-0.000247 0.005552 -0.002399
0.006712 0.010775 -0.002921
-0.009912 0.010420 0.002814
0.006415 0.022484 -0.001871
0.000178 -0.002855 0.000428
0.003584 0.002348 -0.010036
-0.008520 -0.002262 0.000216
0.000831 0.004440 -0.000597
-0.000675 0.007509 -0.002862
0.020561 -0.010804 0.003308
-0.007909 0.009237 -0.000185
-0.005382 0.000865 0.001735
0.011526 -0.005679 0.000017
-0.002642 -0.003654 0.006308
0.009454 -0.009483 0.001745
-0.015998 -0.011219 0.000921
-0.001218 0.008023 -0.006311
0.007138 0.011466 -0.001969
-0.010184 0.013434 0.001764
0.007659 0.024897 -0.001041
0.000083 -0.013367 -0.000754
0.011269 -0.007608 -0.009671
-0.008891 -0.001349 0.001478
-0.005746 -0.007750 -0.000382
0.001610 0.002829 -0.001102
0.018130 -0.011850 0.003857
-0.007705 0.010224 0.002908
-0.002519 -0.007620 0.004703
0.010858 -0.006157 0.000071
-0.007195 -0.011963 0.007444
0.010748 -0.010062 0.002697
-0.016327 -0.010818 0.001589
0.000774 0.004877 -0.005306
0.009601 0.009679 -0.002794
-0.010629 0.009788 0.001808
0.008316 0.023392 -0.000280
-0.001577 -0.002380 -0.000113
0.002671 0.006440 -0.014317
-0.007157 -0.001424 0.000414
0.003618 0.006064 -0.000159
-0.001889 -0.001058 -0.001754
0.018517 -0.011150 0.003467
-0.008654 0.011448 0.001415
-0.005149 -0.002350 0.004670
0.011889 -0.006459 -0.001176
-0.005214 -0.004837 0.003605
0.011301 -0.008219 0.004366
-0.017263 -0.012945 0.000993
-0.002102 0.003862 -0.005295
0.007490 0.009063 -0.002418
-0.011272 0.010997 0.003792
0.007793 0.023173 -0.001610
0.000383 -0.003085 0.000295
0.001298 0.003961 -0.010517
-0.009475 -0.000974 0.000393
0.002409 0.007204 -0.003695
-0.003158 0.008563 -0.001765
0.021173 -0.019470 -0.001211
-0.009007 0.010724 0.001685
-0.004153 -0.000897 -0.000040
0.012247 -0.006179 0.000238
-0.002923 -0.005508 0.008340
0.009999 -0.006661 0.003678
-0.017260 -0.013046 0.001918
-0.000853 0.006748 -0.008518
0.032148 0.009147 -0.000791
-0.011193 0.010050 0.001554
0.007025 0.023225 -0.001718
0.000244 -0.003357 -0.000354
0.000617 0.003399 -0.010393
-0.008533 -0.006314 0.001324
0.003073 0.004672 0.000624
-0.002553 0.005423 0.003253
0.017485 -0.012395 0.003192
-0.009013 0.009234 0.006748
-0.004788 -0.000905 -0.000426
-0.017961 -0.022346 0.031097
-0.004192 -0.006159 0.003064
0.008080 -0.007347 0.000137
-0.016494 -0.011069 0.003703
0.000154 0.005532 -0.001246
0.007549 0.006405 -0.003277
0.030716 -0.029710 0.002266
-0.038396 -0.015472 -0.002652
0.001045 -0.015477 -0.000527
-0.009865 -0.015803 -0.009407
-0.008017 -0.004839 0.000375
0.013647 -0.014659 -0.000417
-0.002622 0.002110 -0.007974
0.019130 -0.012281 -0.000722
-0.007633 -0.004346 -0.018458
-0.005736 0.000058 0.001037
0.010856 -0.004259 0.001467
-0.002646 -0.004457 0.005634
0.000655 -0.007161 0.011985
-0.015038 -0.085182 0.076474
0.002152 0.009239 -0.005294
0.010220 0.011035 -0.001778
-0.009925 0.009956 0.002804
0.007525 0.023307 -0.003389
-0.001481 -0.002227 -0.000768
0.002382 0.004014 -0.006204
-0.007377 -0.001588 0.000727
0.003366 0.005462 0.000464
-0.000446 0.008897 -0.001993
0.017667 -0.010119 0.002061
-0.009390 0.010563 0.002862
-0.005230 -0.001691 -0.000211
0.011765 -0.006129 0.000642
-0.003311 -0.006088 0.004757
0.005496 -0.015421 0.001654
-0.016641 -0.011604 0.001668
