2176.0000 0.05 1
1.11111
4.44444
11.1111
2.22222
11.1111
4.44444
13.3333
11.1111
20
11.1111
6.66667
11.1111
24.4444
23.3333
17.7778
23.3333
26.6667
18.8889
13.3333
32.2222
18.8889
8.88889
4.44444
10
14.4444
16.6667
34.4444
40
23.3333
40
11.1111
26.6667
17.7778
33.3333
22.2222
32.2222
28.8889
25.5556
40
24.4444
32.2222
46.6667
36.6667
47.7778
70
55.5556
56.6667
41.1111
75.5556
110
96.6667
126.667
125.556
143.333
146.667
148.889
158.889
190
187.778
206.667
214.444
267.778
192.222
230
236.667
284.444
240
276.667
253.333
265.556
290
300
315.556
340
316.667
350
288.889
343.333
304.444
308.889
294.444
302.222
293.333
280
310
275.556
248.889
285.556
290
297.778
314.444
316.667
323.333
305.556
340
316.667
315.556
294.444
292.222
301.111
300
293.333
330
357.778
320
355.556
375.556
365.556
348.889
350
343.333
291.111
251.111
215.556
180
160
186.667
243.333
264.444
331.111
352.222
394.444
424.444
395.556
428.889
410
450
400
384.444
358.889
337.778
373.333
348.889
393.333
381.111
378.889
381.111
436.667
400
463.333
403.333
408.889
408.889
356.667
362.222
374.444
364.444
378.889
435.556
415.556
407.778
443.333
401.111
338.889
352.222
322.222
348.889
318.889
326.667
255.556
284.444
257.778
276.667
255.556
246.667
220
278.889
206.667
246.667
214.444
234.444
258.889
223.333
244.444
230
214.444
208.889
230
176.667
204.444
174.444
198.889
173.333
176.667
257.778
236.667
228.889
211.111
216.667
170
175.556
196.667
262.222
237.778
223.333
273.333
241.111
225.556
262.222
347.778
342.222
315.556
307.778
327.778
310
331.111
382.222
412.222
427.778
427.778
445.556
432.222
513.333
470
501.111
468.889
426.667
354.444
311.111
227.778
123.333
14.4444
1.11111
0
0
0
0
0
0
0
0
0
0
0
0
0
0
0
0
0
0
0
0
0
0
6.66667
0
2.22222
0
0
2.22222
4.44444
6.66667
1.11111
2.22222
2.22222
0
4.44444
2.22222
4.44444
6.66667
0
2.22222
2.22222
2.22222
1.11111
2.22222
0
0
2.22222
0
2.22222
0
