0.008599 0.009521 0.012367
0.007204 -0.011794 -0.000277
-0.003188 0.020488 0.000696
0.013542 0.007409 -0.002244
0.003972 0.016131 -0.011385
-0.012318 0.002867 -0.002787
-0.001064 0.000933 0.004431
0.002206 -0.018979 -0.006550
-0.011671 -0.012492 -0.000966
-0.009369 -0.005623 -0.002895
0.008570 -0.003249 0.000477
-0.009582 -0.005711 -0.003783
0.005219 -0.006850 0.003637
0.000038 -0.016878 -0.001058
-0.004033 0.001000 0.002636
0.012072 -0.009482 0.004114
-0.001379 0.011395 0.012017
-0.007936 0.001270 0.000266
-0.003323 0.020712 0.000338
0.008207 0.007410 -0.003769
0.004894 0.030026 -0.004910
-0.011134 0.000089 -0.003025
-0.000346 0.003767 0.004632
0.000529 -0.015171 -0.002083
-0.003224 -0.010663 -0.000446
-0.010630 -0.005209 -0.000608
0.011375 -0.007162 0.001074
-0.011555 -0.005158 -0.001792
0.002946 -0.006537 0.004840
0.003589 -0.020050 -0.001819
-0.008067 -0.001350 0.000464
0.013634 -0.011461 0.002737
-0.001256 0.011117 0.012083
-0.007465 0.001647 0.000687
0.000121 0.019358 0.000668
0.012457 0.008070 -0.002785
-0.002722 0.018745 -0.005652
0.002416 0.001657 -0.001848
0.059360 -0.012492 -0.001472
0.000594 -0.016146 -0.003470
-0.004856 -0.011976 -0.001747
-0.010804 -0.005168 -0.002099
0.010854 -0.007908 0.001119
-0.001357 -0.007403 -0.001552
0.007567 -0.012081 0.007221
0.002756 -0.020071 -0.001222
-0.003106 0.000520 0.001114
0.013723 -0.011254 0.002897
0.000401 0.008893 0.016806
-0.010032 0.002138 -0.001591
0.000830 0.019425 -0.000333
0.010819 0.008481 -0.001608
-0.003552 0.015860 -0.006183
-0.008601 0.001801 -0.002580
-0.001523 0.003178 0.004615
-0.000850 -0.018088 0.000593
-0.004447 -0.011710 -0.001983
-0.007478 -0.000169 0.002545
0.011115 -0.006146 -0.002067
-0.009451 -0.005426 -0.002136
0.005204 -0.007799 0.003254
0.061289 0.020795 0.085134
-0.002136 0.000309 0.002094
0.013657 -0.013203 0.003272
-0.001542 0.010897 0.011911
-0.007220 0.001902 0.000306
-0.000152 0.018889 0.000625
0.008407 0.008410 -0.003434
0.004888 0.016273 -0.000859
-0.010327 0.003095 -0.002084
-0.001357 0.001467 0.004718
-0.001423 -0.014622 -0.004513
-0.006765 -0.012031 -0.001389
-0.011838 -0.004840 -0.002044
0.011831 -0.006703 0.000082
-0.009331 -0.006558 -0.003138
0.004680 -0.008143 0.004206
0.004495 -0.019320 -0.000334
0.049234 -0.031066 0.075884
0.013931 -0.011076 0.003576
-0.003101 0.009835 0.012095
-0.010303 0.001402 0.000988
-0.003957 0.017419 0.000800
0.013402 0.006781 -0.003242
-0.001424 0.015634 -0.005902
-0.009800 0.000497 -0.003387
-0.003827 0.003856 0.005213
0.000297 -0.015519 -0.002399
-0.003614 -0.011488 -0.000578
-0.011801 -0.002684 -0.005164
0.013088 -0.006762 -0.000171
-0.009813 -0.005241 -0.003735
0.003700 -0.009867 0.000585
0.004682 -0.019652 -0.000591
-0.003805 0.000533 0.001798
0.024248 -0.010308 0.004997
0.000904 0.012544 0.011750
-0.009930 0.001385 0.000081
-0.002958 0.017470 0.000335
-0.613412 0.004954 -0.019492
-0.000218 0.015360 -0.006395
-0.009524 0.000450 -0.001275
-0.001868 0.004006 0.003839
0.000296 -0.016116 -0.002334
-0.004106 -0.012031 -0.000840
0.000132 0.005141 0.014251
0.010171 -0.006867 0.000890
-0.007976 -0.009258 -0.004677
0.016836 -0.019764 0.018216
0.002292 -0.019892 -0.001470
-0.003205 0.000939 0.001343
0.012592 -0.011906 0.004718
0.000458 0.009440 0.006660
-0.008858 0.001572 0.001847
0.002415 0.018927 0.002066
0.012002 0.007896 -0.003150
0.003561 0.008124 -0.005133
0.086723 0.025862 -0.004011
0.011441 0.003554 0.004647
0.012029 -0.026917 -0.017429
-0.004142 -0.010528 0.000136
-0.012096 -0.006039 0.000517
0.065592 0.029258 -0.075328
-0.012633 -0.008487 -0.002375
0.004431 -0.006983 0.003759
0.002672 -0.019258 0.000510
-0.005582 0.000780 0.000560
0.014713 -0.007576 0.000185
-0.000168 0.003103 -0.005478
0.007673 0.007612 -0.001051
-0.008446 0.002235 0.001934
0.016832 0.022671 -0.001619
0.000568 -0.002748 -0.000093
0.000014 0.004479 -0.010016
-0.008157 -0.006158 0.001910
0.005358 -0.000558 0.000828
0.001732 0.007616 -0.001621
0.019135 -0.011842 0.002142
-0.007952 0.009271 0.002875
-0.005486 -0.000977 -0.000302
0.008274 -0.005636 0.000284
-0.003170 -0.005846 0.004783
0.017932 -0.009415 0.000548
0.041982 -0.046284 -0.063041
0.000542 0.004034 -0.004911
0.005604 0.006984 -0.005019
-0.009227 0.010295 0.002166
0.005049 0.023023 -0.000839
0.000328 -0.003142 -0.000962
0.000032 0.004403 -0.009234
-0.005172 0.002781 0.000865
-0.000227 0.006945 0.000353
0.000307 0.006551 -0.001676
0.017594 -0.011133 0.002627
-0.008541 0.009719 0.001505
-0.004227 -0.001861 -0.000794
0.011830 -0.005506 -0.000465
-0.002405 -0.004844 0.003454
0.011187 -0.009204 0.003059
-0.019709 -0.013994 0.001837
-0.001848 0.004518 -0.005605
0.006080 0.007948 0.000834
-0.009911 0.010705 0.002953
0.004344 0.022941 -0.002026
0.000268 -0.002868 0.000357
-0.001140 0.004549 -0.012406
-0.010749 -0.003512 0.000638
0.003280 0.006210 -0.000211
0.014347 0.009079 -0.002008
0.017795 -0.010968 0.003485
-0.010366 0.012897 0.001067
-0.004274 -0.001841 0.000375
0.011251 -0.006737 0.000976
-0.002846 -0.006025 0.004359
0.010157 -0.010552 0.002192
-0.015931 -0.011813 0.001566
-0.000313 0.002542 -0.005186
0.006236 0.008430 -0.002328
-0.005005 0.010171 0.008066
0.003612 0.024352 -0.002908
-0.001910 -0.004003 -0.001318
0.002484 0.004466 -0.008590
-0.008719 -0.001817 0.000464
0.004147 0.009810 -0.000006
-0.000390 0.005682 -0.001870
0.017287 -0.011971 0.003211
-0.009830 0.009588 0.000381
-0.004905 -0.000719 0.001111
0.011586 -0.005103 0.000877
-0.004261 -0.006682 0.001899
0.009082 -0.008449 0.002205
-0.015521 -0.010969 0.001179
0.002244 -0.000437 -0.005648
0.018224 0.004298 -0.003098
-0.011334 0.009064 0.002259
0.007850 0.023461 -0.001618
0.001600 -0.002488 -0.000164
0.000721 0.003815 -0.010023
-0.006372 -0.006841 0.000820
0.002637 0.005339 -0.000234
-0.001422 0.009304 -0.001658
0.017628 -0.012070 0.004571
-0.008894 0.010680 0.000957
-0.005402 -0.000927 -0.000030
0.003208 -0.005045 -0.000237
-0.002964 -0.004987 0.004443
0.008807 -0.008824 0.000957
-0.016958 -0.011730 0.000204
-0.001263 0.005760 0.000204
0.006807 0.008517 -0.001967
-0.010430 0.011306 0.002424
0.007646 0.023035 -0.002221
0.001227 -0.002778 -0.000620
0.002340 0.004846 -0.009479
-0.009080 -0.001418 0.000379
0.002300 0.005069 -0.000524
0.001662 0.007126 -0.002656
0.018624 -0.011307 0.003175
-0.009418 0.008962 0.001650
-0.006010 -0.000582 -0.000047
0.010355 -0.005695 -0.000057
-0.003536 -0.003136 0.007998
0.007767 -0.011743 0.001321
-0.017102 -0.011085 0.002133
0.000367 0.005653 -0.009231
0.009157 0.008072 -0.002416
-0.004486 0.020517 0.002256
0.016903 0.023354 -0.001583
0.017141 0.055878 -0.001723
0.020976 -0.054791 -0.010489
-0.009265 -0.001690 0.000707
0.015244 0.005822 -0.000036
-0.001258 0.011071 -0.002807
0.019009 -0.011376 0.002326
-0.006622 0.012680 0.005082
-0.003228 -0.002110 0.004452
0.012321 -0.006257 -0.000036
0.005335 0.004663 -0.010860
0.009112 -0.009336 0.001969
-0.016123 -0.011766 0.001075
0.011980 0.003834 -0.004861
0.007188 0.008070 -0.002404
-0.005614 0.009737 -0.002964
0.003890 0.024765 0.000001
-0.000552 -0.003111 -0.000253
0.001808 0.004403 -0.011282
0.003446 -0.004254 0.000857
0.004148 0.009105 -0.000594
0.017964 0.006524 -0.001696
0.017850 -0.011864 0.003315
-0.000279 0.010937 0.000030
-0.004361 -0.000570 -0.000489
0.010434 -0.004150 -0.001726
-0.000472 -0.002038 -0.000504
0.012178 -0.012488 0.005773
-0.018320 -0.012409 0.001793
