2176.0000 0.05 1
1.11111
4.44444
11.1111
2.22222
11.1111
4.44444
13.3333
11.1111
20
11.1111
6.66667
11.1111
24.4444
23.3333
17.7778
23.3333
26.6667
18.8889
13.3333
32.2222
18.8889
8.88889
4.44444
10
14.4444
16.6667
34.4444
40
23.3333
40
11.1111
26.6667
17.7778
31.1111
24.4444
32.2222
26.6667
27.7778
40
24.4444
32.2222
46.6667
36.6667
47.7778
70
55.5556
56.6667
41.1111
80
106.667
100
122.222
127.778
138.889
146.667
148.889
158.889
192.222
190
202.222
216.667
267.778
192.222
230
234.444
286.667
240
276.667
253.333
263.333
291.111
298.889
317.778
337.778
318.889
350
288.889
345.556
304.444
306.667
296.667
300
293.333
277.778
314.444
271.111
248.889
283.333
294.444
297.778
314.444
317.778
320
307.778
340
318.889
312.222
295.556
292.222
303.333
300
291.111
330
362.222
315.556
357.778
375.556
365.556
348.889
350
336.667
295.556
251.111
215.556
177.778
160
191.111
238.889
264.444
333.333
353.333
395.556
420
395.556
428.889
414.444
447.778
400
384.444
354.444
344.444
373.333
345.556
395.556
384.444
378.889
381.111
427.778
404.444
458.889
410
406.667
408.889
357.778
361.111
374.444
366.667
381.111
435.556
408.889
416.667
434.444
405.556
341.111
347.778
322.222
351.111
314.444
324.444
260
286.667
255.556
276.667
255.556
246.667
220
278.889
211.111
241.111
215.556
232.222
260
224.444
242.222
234.444
214.444
206.667
227.778
174.444
210
172.222
200
173.333
175.556
258.889
230
236.667
210
216.667
168.889
176.667
196.667
262.222
236.667
224.444
272.222
242.222
227.778
257.778
347.778
342.222
321.111
304.444
327.778
307.778
328.889
386.667
414.444
426.667
428.889
443.333
432.222
508.889
476.667
497.778
472.222
424.444
350
318.889
224.444
121.111
16.6667
1.11111
0
0
0
0
0
0
0
0
0
0
0
0
0
0
0
0
0
0
0
0
0
0
2.22222
2.22222
2.22222
2.22222
0
2.22222
2.22222
6.66667
2.22222
3.33333
2.22222
0
4.44444
2.22222
4.44444
6.66667
0
2.22222
2.22222
3.33333
0
2.22222
0
0
2.22222
0
2.22222
0
