-0.001470 0.013144 0.011993
-0.011706 -0.006447 0.000674
-0.000949 0.018747 0.000685
0.011860 0.007130 -0.003052
-0.001835 0.017819 -0.005539
-0.008377 0.001485 -0.002065
0.000547 0.003734 0.002762
-0.000715 -0.016244 -0.001573
-0.003890 -0.011322 -0.001805
-0.012011 -0.004869 -0.002312
0.011428 -0.006092 0.000091
-0.010375 -0.007063 -0.004089
0.003519 -0.006964 0.002731
0.003801 -0.019965 0.000149
-0.004146 0.000384 0.001465
0.014181 -0.010137 0.003703
-0.001015 0.011584 0.012596
-0.007618 -0.005428 -0.005374
-0.000975 0.020269 -0.000253
0.011299 0.008317 -0.003043
-0.001109 0.013827 -0.006649
-0.009796 -0.000775 -0.002401
-0.000901 0.002891 0.005162
-0.000928 -0.014655 -0.001487
-0.003649 -0.012462 -0.006087
-0.010528 -0.005046 -0.000672
0.011087 -0.006597 0.001006
-0.009486 -0.005809 -0.003491
0.004753 -0.008532 0.003838
0.001221 -0.020258 -0.000346
-0.004882 0.000650 0.000671
0.014201 -0.011747 0.002957
-0.001638 0.011467 0.011267
-0.007018 -0.003447 0.003997
-0.000803 0.018730 0.001301
0.009557 0.009212 -0.003406
-0.021729 0.015058 -0.004347
0.001377 -0.015463 -0.002681
-0.009515 -0.013590 0.004951
0.004143 -0.021531 -0.003058
-0.002586 -0.027935 0.019552
-0.010925 -0.001260 -0.000709
0.009265 -0.006775 -0.000485
-0.009274 -0.004799 -0.003978
0.004068 -0.006970 0.002543
0.003262 -0.019679 -0.000837
0.033520 -0.013702 -0.038959
0.012282 -0.010940 0.001880
-0.000726 0.010520 0.012136
-0.008301 0.001209 -0.000582
-0.001771 0.019146 0.000132
0.011820 0.005825 -0.001376
-0.001955 0.016448 -0.005982
-0.022039 -0.017788 -0.002138
0.007536 -0.006503 0.004140
-0.000132 -0.012379 -0.001490
-0.003672 -0.012286 -0.001291
-0.012946 -0.002900 -0.003857
0.012092 -0.008372 0.001902
-0.006152 -0.013662 -0.007712
0.016544 -0.006839 -0.005892
0.003468 -0.019505 -0.000442
-0.003421 -0.000492 0.001759
0.014394 -0.011362 0.003781
-0.000283 0.010915 0.012251
-0.007939 0.002557 0.000479
-0.001778 0.020385 0.000707
0.009426 0.009851 -0.002825
-0.001105 0.017139 -0.006846
-0.008570 0.000956 -0.002074
0.001442 0.002749 0.009154
0.000973 -0.016139 -0.002839
-0.002242 -0.010156 -0.000526
-0.010871 -0.005439 -0.001618
0.012075 -0.006956 0.000565
-0.009312 -0.006888 -0.007494
0.008116 -0.012830 0.006014
0.003964 -0.018790 -0.001010
-0.002051 0.001041 0.000904
0.012895 -0.010929 0.001912
-0.001419 0.010978 0.012052
-0.008810 0.000765 0.000418
-0.000876 0.018126 0.000322
0.013542 0.008876 -0.002604
-0.004459 0.018140 -0.005693
-0.010592 -0.001089 -0.007053
0.000218 0.003034 0.003891
0.002129 -0.013263 -0.004110
-0.003658 -0.012657 -0.001191
-0.009984 -0.004825 -0.000549
0.011427 -0.005710 -0.000920
-0.009448 -0.006257 -0.002989
0.004510 -0.003881 0.003312
0.003231 -0.018210 0.000817
-0.003578 0.000862 0.002587
0.014732 -0.010379 0.005273
0.019080 -0.064722 0.011820
-0.006864 -0.008403 0.000526
-0.008779 0.620248 0.002863
0.013481 0.009095 -0.002547
-0.004345 0.017246 -0.006854
-0.008649 0.000621 0.002920
-0.000580 0.003881 0.005453
0.011879 -0.015187 0.006551
-0.004551 -0.011158 -0.000852
-0.015713 -0.010847 -0.003481
-0.029341 -0.020578 -0.040486
-0.007052 -0.005251 -0.002730
0.003819 -0.007668 0.003425
-0.034698 -0.036783 0.043876
-0.004307 0.000996 0.001564
0.011166 -0.018524 0.005316
-0.000533 0.010605 0.012491
-0.009250 0.002073 0.001250
-0.002554 0.019897 0.001747
0.012189 0.005659 -0.003146
-0.001173 0.016510 -0.005570
-0.011316 -0.000171 -0.002306
0.001852 0.001908 0.004360
-0.000485 -0.015661 -0.002598
-0.003131 -0.011604 -0.000219
-0.022911 -0.003261 0.008717
0.011352 -0.006908 0.000192
-0.010483 -0.003903 -0.005564
0.006488 -0.005499 0.005642
0.003506 -0.019497 -0.002384
-0.004875 0.000183 0.002181
0.013774 -0.010818 0.007787
0.000005 0.003238 -0.004820
0.007595 -0.001212 -0.002896
-0.009797 0.011612 0.002192
0.009144 0.028212 -0.001738
-0.000442 -0.003796 -0.000343
0.001275 0.004252 -0.009754
-0.007763 -0.002399 0.000450
0.002785 0.005024 0.000024
-0.001545 0.007837 -0.001889
0.017489 -0.012357 0.003174
-0.008481 0.010044 0.001802
-0.004359 -0.000398 0.000625
0.013049 -0.004951 -0.000384
-0.003369 -0.005522 0.003841
0.010184 -0.007917 0.003287
-0.015701 -0.011471 0.001545
0.000485 0.002702 -0.005369
0.005077 0.005538 0.003799
-0.010306 0.012820 0.003386
0.007544 0.025708 0.002473
-0.000376 -0.002346 -0.000795
0.000635 0.003828 -0.009989
-0.009033 -0.002365 0.000166
0.003218 0.005120 -0.000156
-0.000460 0.008087 -0.002346
0.018401 -0.011194 0.002427
-0.008437 0.010463 0.002266
-0.005337 -0.001244 -0.000455
0.011626 -0.007128 0.005579
-0.003306 -0.005850 0.004349
0.009272 -0.010008 0.002866
-0.017416 -0.011798 0.002609
0.000239 0.006030 -0.004706
0.005708 0.004195 -0.008013
-0.011253 0.012863 0.002182
0.004575 0.027865 -0.004653
0.007374 -0.012842 -0.000282
0.000706 0.005516 -0.009541
0.033974 -0.041335 -0.000264
0.003420 0.008207 0.000465
0.000635 -0.003088 -0.001722
0.018182 -0.010273 0.002969
-0.009071 0.011126 0.001642
-0.005459 -0.002703 -0.000798
0.011582 -0.019592 -0.019702
-0.002725 -0.002900 0.002511
0.010291 -0.009669 0.006834
0.018057 -0.032809 0.039377
-0.007764 -0.051224 -0.006979
0.010254 0.000656 -0.001842
-0.008371 0.012450 0.002697
0.007074 0.025044 -0.000541
-0.004062 -0.005523 -0.003446
0.005179 0.000190 -0.011132
-0.007965 0.001090 0.000167
0.003049 0.005965 0.001367
-0.001109 -0.004556 -0.001477
0.017952 -0.012496 0.003391
-0.012929 0.002914 -0.000919
-0.004712 -0.075845 -0.075391
0.011843 -0.005433 0.000406
-0.013074 -0.001355 -0.006049
0.010415 -0.010551 0.001417
-0.017080 -0.012714 0.001595
-0.000414 0.003288 -0.005391
0.007593 0.008875 -0.002700
-0.010022 0.010911 0.002121
0.008344 0.024715 -0.001667
-0.000346 -0.002248 -0.000160
0.002820 -0.006122 -0.010416
-0.008059 -0.002633 0.001339
0.003133 0.005230 -0.000327
-0.001824 0.007819 -0.002235
0.017447 -0.013042 0.004537
-0.010937 0.009985 0.002279
-0.004402 -0.000533 -0.000172
0.010542 -0.004976 0.001109
-0.003636 -0.005347 0.004543
0.010846 -0.009292 0.001431
-0.016875 -0.011648 0.000976
0.001263 0.003280 -0.005859
0.005444 0.008711 -0.002319
-0.010196 0.008675 0.001981
0.008493 0.028589 -0.001742
0.000435 -0.002114 -0.000291
-0.003536 -0.003036 -0.009923
-0.008072 -0.001347 0.001147
0.002841 0.005332 -0.000723
-0.000007 0.007469 -0.001436
0.018209 -0.011016 0.005049
-0.007713 0.010431 0.001033
-0.005442 -0.002663 0.000140
0.010613 -0.004313 -0.001044
-0.002642 -0.004618 0.002914
0.009054 -0.008306 0.003727
-0.016846 -0.011465 0.002145
0.000617 0.002596 -0.005193
0.006574 0.007249 -0.002563
0.010803 0.009572 0.001277
0.004382 0.024077 -0.001512
-0.000772 -0.013793 -0.000272
0.001657 0.005435 -0.009715
-0.008025 -0.001561 -0.000163
-0.037313 -0.025405 -0.001788
-0.000312 0.008129 -0.002461
0.014855 -0.081007 0.073937
-0.008586 0.011511 -0.001831
-0.005043 -0.000487 0.000170
0.011408 -0.005820 0.000394
-0.006439 -0.011395 0.005414
0.012708 -0.016795 0.006753
-0.017831 -0.011370 0.000464
0.000473 0.004411 -0.005041
0.007245 0.008292 -0.003787
-0.007051 0.011885 0.001991
0.005451 0.028788 -0.002721
-0.004495 -0.005729 0.001208
0.006409 -0.000448 -0.006996
-0.007776 -0.002698 0.001421
0.003547 0.005287 -0.002329
-0.000686 0.007752 -0.002199
0.017963 -0.011543 0.003094
-0.007484 0.011262 0.000564
-0.005220 -0.001020 -0.001962
0.011590 -0.006073 -0.001442
-0.004579 -0.002936 0.006147
0.011489 -0.009609 0.002075
-0.017214 -0.012340 0.000885
