2176.0000 0.05 1
1.11111
4.44444
11.1111
2.22222
11.1111
4.44444
13.3333
11.1111
20
11.1111
6.66667
11.1111
24.4444
23.3333
17.7778
23.3333
26.6667
18.8889
13.3333
34.4444
16.6667
8.88889
4.44444
10
14.4444
14.4444
36.6667
40
23.3333
40
11.1111
26.6667
17.7778
31.1111
24.4444
32.2222
28.8889
25.5556
40
24.4444
32.2222
46.6667
36.6667
47.7778
70
55.5556
56.6667
41.1111
80
106.667
95.5556
126.667
127.778
141.111
146.667
148.889
158.889
190
192.222
202.222
214.444
267.778
192.222
230
230
291.111
237.778
278.889
253.333
263.333
288.889
303.333
315.556
337.778
318.889
350
284.444
347.778
306.667
306.667
291.111
305.556
291.111
280
312.222
273.333
248.889
285.556
292.222
300
312.222
314.444
323.333
312.222
332.222
317.778
316.667
295.556
290
301.111
306.667
286.667
334.444
353.333
318.889
361.111
377.778
356.667
351.111
352.222
338.889
295.556
251.111
215.556
177.778
160
191.111
238.889
264.444
331.111
353.333
395.556
417.778
402.222
428.889
407.778
450
402.222
380
356.667
344.444
373.333
345.556
396.667
383.333
376.667
387.778
423.333
408.889
456.667
407.778
408.889
408.889
354.444
360
376.667
368.889
378.889
433.333
413.333
412.222
436.667
407.778
332.222
356.667
322.222
346.667
316.667
324.444
262.222
284.444
260
268.889
260
243.333
224.444
276.667
208.889
245.556
215.556
230
263.333
221.111
244.444
234.444
212.222
206.667
227.778
178.889
203.333
176.667
200
173.333
175.556
253.333
235.556
236.667
210
216.667
168.889
176.667
195.556
261.111
241.111
222.222
270
244.444
221.111
264.444
347.778
342.222
318.889
302.222
332.222
307.778
328.889
382.222
412.222
434.444
421.111
447.778
432.222
507.778
476.667
502.222
468.889
426.667
347.778
318.889
228.889
124.444
13.3333
1.11111
0
0
0
0
0
0
0
0
0
0
0
0
0
0
0
0
0
0
0
0
0
0
6.66667
0
0
2.22222
0
0
6.66667
2.22222
2.22222
3.33333
2.22222
2.22222
0
4.44444
6.66667
4.44444
0
2.22222
2.22222
3.33333
0
2.22222
0
0
2.22222
0
2.22222
0
