-0.000542 0.011179 0.012669
-0.008505 0.000749 0.001690
-0.001989 0.018869 0.002425
0.011556 0.007101 -0.002188
-0.001469 0.016609 -0.006173
-0.009045 0.000100 -0.002836
0.000441 0.002602 0.005814
-0.000273 -0.015963 -0.004092
-0.003417 -0.010750 -0.001462
-0.010965 -0.005179 -0.001562
0.011045 -0.006996 -0.000205
-0.009658 -0.006309 -0.004339
0.003051 -0.006824 0.003274
0.003717 -0.020220 -0.000271
-0.003372 0.000815 0.001162
0.013275 -0.010933 0.002974
-0.000733 0.011131 0.012325
-0.011220 0.002739 0.000879
-0.001334 0.018830 0.001178
0.011267 0.009218 -0.003632
-0.000558 0.016594 -0.005214
-0.010240 0.000403 -0.004135
-0.000055 0.003744 0.006959
0.001384 -0.016231 -0.002832
-0.005524 -0.010436 0.003054
-0.010447 -0.004764 -0.002640
0.010399 -0.005158 0.000717
-0.009644 -0.005491 -0.004168
0.003618 -0.007855 0.003320
0.004006 -0.019533 -0.001225
-0.002053 -0.000027 0.005451
0.013369 -0.011202 0.001798
-0.000559 0.011094 0.012479
-0.006974 -0.000112 0.001032
-0.001097 0.018942 0.001357
0.011617 0.007625 -0.003708
-0.001242 0.015920 -0.006632
-0.008719 0.000569 -0.001977
-0.000375 0.003145 0.004450
-0.000322 -0.015125 -0.001791
-0.008084 -0.012002 -0.000778
-0.011506 -0.005563 -0.001405
0.011360 -0.006871 -0.000078
-0.010441 -0.004830 -0.003379
0.005266 -0.008056 0.002963
0.003162 -0.019365 -0.000320
-0.002280 -0.004082 0.001484
0.013356 -0.011733 0.002541
0.002857 0.013786 0.012844
-0.009004 0.000814 0.000533
-0.000708 0.019322 0.001306
0.006008 0.011273 -0.009516
-0.002354 0.016008 -0.007256
-0.008456 0.000884 -0.002258
-0.000158 0.003927 0.004045
-0.000664 -0.015974 -0.002348
-0.002413 -0.009875 -0.000836
-0.011549 -0.005859 -0.002495
0.010986 -0.006409 -0.001136
-0.005992 -0.009683 -0.002782
0.004842 -0.081643 -0.074985
0.003740 -0.019695 -0.000394
-0.003096 0.001397 0.000993
0.015438 -0.010904 0.003001
-0.000331 0.010703 0.012160
-0.009118 0.001788 0.000817
-0.001545 0.020118 0.001917
0.011347 0.008485 -0.003424
-0.001949 0.014103 -0.005952
-0.009021 0.001847 -0.002099
-0.001632 0.003331 0.005281
-0.000374 -0.015183 -0.001937
-0.004592 -0.011577 -0.001551
-0.012478 -0.005561 -0.001640
0.011005 -0.005525 0.000865
-0.011257 -0.005997 -0.003440
0.004992 -0.008059 0.004071
0.003010 -0.018780 -0.000815
-0.004162 0.001026 0.001568
0.013970 -0.011480 0.002327
-0.000365 0.011338 0.005815
-0.009774 0.000532 -0.006110
-0.001393 0.018431 -0.005103
0.011912 0.007472 -0.004286
-0.002004 0.019547 -0.005780
-0.008876 -0.000487 -0.020931
-0.000656 0.003029 0.005619
0.000065 -0.013640 -0.002464
0.000071 -0.013635 -0.006548
-0.010788 -0.007772 -0.008216
0.013234 -0.007668 0.000414
-0.012001 -0.008346 0.000699
0.004713 -0.007487 0.003546
0.001114 -0.018495 -0.001028
-0.006711 -0.004032 0.002445
0.013674 -0.010968 0.001739
0.001232 0.012938 0.010443
-0.010651 0.002875 -0.003965
-0.000716 0.018103 -0.004795
0.011915 0.007676 -0.003762
-0.001989 0.013545 -0.006197
-0.009790 0.000812 -0.022165
0.000314 0.003555 0.004678
-0.003378 0.051968 -0.067260
-0.018243 -0.001291 -0.004638
-0.010698 0.011790 -0.004446
0.078099 -0.042154 -0.075281
-0.009673 -0.009524 -0.003273
0.004267 -0.007881 0.003855
-0.070998 0.022191 -0.087041
-0.003129 -0.001191 0.005599
0.013716 -0.012373 0.003333
-0.003948 0.008803 0.012813
-0.008543 0.001746 0.000644
-0.001795 0.018719 0.001082
0.017172 0.002715 -0.006505
-0.000817 0.016864 -0.006230
-0.009044 0.000709 -0.002172
0.000028 0.003707 0.006953
0.000033 -0.015495 -0.002324
-0.003826 -0.011871 -0.002044
-0.012717 -0.004362 -0.001626
0.010742 -0.007296 0.000694
-0.010108 -0.007565 0.001654
0.003894 -0.010331 0.003140
0.003301 -0.019568 -0.001963
-0.002368 0.000731 0.000839
0.094237 0.036744 -0.084944
-0.000245 0.003534 -0.005829
0.007616 0.008412 -0.001083
-0.010562 0.011317 0.002281
0.006616 0.023567 -0.000967
-0.000991 -0.002610 -0.000002
0.001917 0.004238 -0.010228
-0.008048 -0.002819 0.000857
0.003724 0.005315 0.000132
-0.000311 0.008520 -0.002113
0.017752 -0.010649 0.002844
-0.008665 0.010699 0.002306
-0.004587 -0.001216 -0.000313
0.011977 -0.004752 -0.000214
-0.002781 -0.004710 0.003984
0.008825 -0.008533 0.002466
-0.015669 -0.010398 0.001499
-0.000181 0.003428 -0.004586
0.003018 0.010307 -0.006860
-0.010347 0.010758 0.002697
0.006919 0.023529 -0.000118
-0.000506 -0.003106 -0.001322
0.001563 0.003410 -0.008987
-0.008767 -0.002390 0.002679
0.003429 0.005522 0.000209
-0.000103 0.007916 -0.002537
0.018375 -0.012030 0.003402
-0.008382 0.010920 0.001812
-0.004757 -0.000735 -0.000824
0.013133 -0.006398 0.004181
-0.003498 -0.006860 0.003617
0.009950 -0.009281 0.001504
-0.018361 -0.011285 0.005515
-0.000499 0.003223 -0.004634
0.010429 0.004770 -0.007076
-0.010320 0.010782 0.002298
0.007441 0.023540 -0.000027
-0.000410 -0.002064 0.000099
0.000998 0.005225 -0.009415
-0.007728 -0.001730 0.000453
0.002722 0.005542 0.000939
-0.000367 0.008132 -0.003155
0.018010 -0.011062 0.002520
-0.007838 0.009208 0.001127
-0.004445 -0.002864 -0.000562
0.015145 -0.004462 0.000476
-0.003788 -0.003993 0.004984
0.010945 -0.010749 0.002170
-0.017936 -0.007512 0.001271
-0.000012 0.002575 -0.005114
0.007459 0.008528 -0.001925
-0.010965 0.009521 0.002933
0.007674 0.024264 -0.000641
0.001395 -0.001791 -0.000603
0.002466 -0.002603 -0.015376
-0.008001 -0.002017 0.000810
0.001859 0.005026 -0.000101
-0.000724 0.007439 -0.003554
0.019566 -0.010140 0.006829
-0.008136 0.012007 0.002234
-0.021806 -0.009473 -0.003508
0.011208 -0.005541 -0.000002
-0.001737 -0.006075 0.004622
0.011535 -0.009534 0.006169
-0.017461 -0.012674 0.000377
-0.000003 0.003419 -0.004442
0.007531 0.008175 -0.002309
-0.009585 0.010179 0.002660
0.006964 0.023276 -0.000733
0.001018 -0.002824 -0.000060
0.000290 0.004449 -0.009094
-0.008540 -0.001325 0.001209
0.002436 0.005655 -0.000332
-0.000407 0.006854 -0.001696
0.017065 -0.009804 0.002064
-0.007277 0.010594 0.000148
-0.005534 -0.000989 -0.000110
0.010904 -0.006692 -0.000799
-0.003903 -0.005966 0.004538
0.010419 -0.011255 0.001886
-0.016619 -0.012361 0.000471
0.005792 0.004586 -0.008398
0.007266 0.007519 -0.002293
-0.010367 0.009822 0.006950
0.007387 0.023875 -0.007109
0.000524 -0.002998 -0.006113
0.001597 0.004319 -0.008341
-0.010069 -0.008549 -0.003867
0.002731 0.005743 -0.006165
0.003937 0.012743 -0.006810
0.015258 -0.013331 -0.002483
-0.009859 0.009428 0.001314
-0.006736 -0.002356 0.004032
0.025274 -0.014014 -0.003557
-0.003787 -0.002693 -0.000982
0.010128 -0.007384 0.007380
-0.016548 -0.009880 0.006388
-0.003939 0.000797 -0.010721
0.006897 0.008487 0.000008
-0.020993 -0.002551 0.610477
0.006113 0.022382 -0.009593
0.000592 -0.002560 -0.008115
0.001380 0.004510 -0.009843
-0.007410 0.001513 -0.003748
0.002204 0.005873 -0.005492
-0.003925 0.004281 -0.005877
0.034998 -0.003318 -0.000758
-0.069624 -0.024261 -0.057229
-0.008547 0.000549 -0.000973
0.010614 -0.003860 -0.006600
-0.002952 -0.022527 0.000436
0.006901 -0.006616 0.003846
-0.012769 -0.009041 0.001472
0.000027 0.003002 -0.002509
0.007124 0.008384 -0.002408
-0.009257 0.011717 0.002442
0.007114 0.023112 -0.000637
-0.000904 -0.004264 -0.000762
-0.000407 0.008720 -0.015797
-0.008251 -0.002105 0.001731
0.004466 0.005942 -0.000200
-0.000919 0.007550 -0.003042
0.022695 -0.013027 0.002257
-0.008418 0.010062 0.001160
-0.002383 0.001231 -0.005627
0.011430 -0.005438 -0.000854
-0.002998 -0.004626 0.003476
0.012364 -0.005145 0.001403
-0.018561 -0.012194 0.001375
