5.4832 -14.2541 4.35211
-10.9716 -9.50382 8.707
-10.9727 -9.5077 -8.71242
1 0 0
0 1 0
0 0 1
0.2496150000045603 0.2511600000126677 0.8747474999805007	Ir
0.3746250000294609 0.1247099999863295 0.8118375000010545	Ir
0.0626399999873613 0.3119849999633573 0.8445000000029808	Ir
0.0634499999796532 0.0628649999930744 0.5934150000058693	Ir
0.4371499999705364 0.4362650000136696 0.6584249999989495	Ir
0.1877399999789517 0.4360799999999969 0.5313699999894865	Ir
0.4377850000385806 0.1900000000001754 0.4050874999735399	Ir
0.2710200000007035 0.3132750000275237 0.6973799999819477	Ir
0.3957149999985958 0.1877949999908850 0.6347324999901858	Ir
0.0215600000045626 0.0621150000241499 0.8230549999690240	Ir
0.0828500000066725 0.3742600000378218 0.6668499999837394	Ir
0.3324449999940313 0.1249899999897011 0.5424924999982039	Ir
0.2703749999901817 0.0621300000045579 0.4485624999996460	Ir
0.0831750000136751 0.1255499999691025 0.9159475000103825	Ir
0.4583699999947370 0.4994600000057403 0.4796399999916332	Ir
0.2088649999940344 0.4999200000011825 0.8530124999867255	Ir
0.2496150000045603 0.7511600000126677 0.8747474999805007	Ir
0.3746250000294609 0.6247099999863295 0.8118375000010545	Ir
0.0626399999873613 0.8119849999633573 0.8445000000029808	Ir
0.0634549999880747 0.5628650000023612 0.5934124999734465	Ir
0.4371500000150803 0.9362650000011854 0.6584299999972387	Ir
0.1877399999870235 0.9360800000124883 0.5313650000174803	Ir
0.4377850000385806 0.6900000000001754 0.4050874999735399	Ir
0.2710200000007035 0.8132750000275237 0.6973799999819477	Ir
0.3957149999985958 0.6877949999908850 0.6347324999901858	Ir
0.0215600000045626 0.5621150000241499 0.8230549999690240	Ir
0.0828500000066725 0.8742600000378218 0.6668499999837394	Ir
0.3324449999940313 0.6249899999897011 0.5424924999982039	Ir
0.2703749999901817 0.5621300000045579 0.4485624999996460	Ir
0.0831750000136751 0.6255499999691025 0.9159475000103825	Ir
0.4583699999947370 0.9994600000057403 0.4796399999916332	Ir
0.2088649999940344 0.9999200000011825 0.8530124999867255	Ir
0.2496150000045603 0.2511600000126677 0.3747474999805007	Ir
0.3746250000294609 0.1247099999863295 0.3118375000010545	Ir
0.0626400000399840 0.3119849999633644 0.3445000000292708	Ir
0.0634549999880747 0.0628650000023612 0.0934124999734465	Ir
0.4371499999705364 0.4362650000136696 0.1584249999989495	Ir
0.1877399999789517 0.4360799999999969 0.0313699999894865	Ir
0.4377850000385806 0.1900000000001754 0.9050874999735328	Ir
0.2710200000007035 0.3132750000275237 0.1973799999819477	Ir
0.3957149999985958 0.1877949999908850 0.1347324999901858	Ir
0.0215600000045555 0.0621149999667381 0.3230550000264216	Ir
0.0828500000066725 0.3742600000378218 0.1668499999837394	Ir
0.3324449999940313 0.1249899999897011 0.0424924999982039	Ir
0.2703749999901817 0.0621300000045579 0.9485624999996460	Ir
0.0831750000136751 0.1255499999691025 0.4159475000103825	Ir
0.4583699999947370 0.4994600000057403 0.9796399999916332	Ir
0.2088649999940344 0.4999200000011825 0.3530124999867255	Ir
0.7496150000045603 0.2511600000126677 0.6247474999805007	Ir
0.8746250000294609 0.1247099999863295 0.5618375000010545	Ir
0.5626399999873613 0.3119849999633573 0.5945000000029808	Ir
0.5634499999796532 0.0628649999930744 0.3434150000058693	Ir
0.9371499999705364 0.4362650000136696 0.4084249999989495	Ir
0.6877399999789517 0.4360799999999969 0.2813699999894865	Ir
0.9377849999929992 0.1900000000457567 0.1550874999963199	Ir
0.7710200000007035 0.3132750000275237 0.4473799999819477	Ir
0.8957149999985958 0.1877949999908850 0.3847324999901858	Ir
0.5215600000045626 0.0621150000241499 0.5730549999690240	Ir
0.5828500000066725 0.3742600000378218 0.4168499999837394	Ir
0.8324450000385752 0.1249899999772097 0.2924974999964931	Ir
0.7703749999901817 0.0621300000045579 0.1985624999996460	Ir
0.5831750000136751 0.1255499999691025 0.6659475000103825	Ir
0.9583699999947370 0.4994600000057403 0.2296399999916332	Ir
0.7088649999940344 0.4999200000011825 0.6030124999867255	Ir
0.2496150000045603 0.7511600000126677 0.3747474999805007	Ir
0.3746250000294609 0.6247099999863295 0.3118375000010545	Ir
0.0626399999873613 0.8119849999633573 0.3445000000029808	Ir
0.0634549999880747 0.5628650000023612 0.0934124999734465	Ir
0.4371499999705364 0.9362650000136696 0.1584249999989495	Ir
0.1877399999789517 0.9360799999999969 0.0313699999894865	Ir
0.4377850000385806 0.6900000000001754 0.9050874999735399	Ir
0.2710200000007035 0.8132750000275237 0.1973799999819477	Ir
0.3957149999985958 0.6877949999908850 0.1347324999901858	Ir
0.0215600000045626 0.5621150000241499 0.3230549999690240	Ir
0.0828500000066725 0.8742600000378218 0.1668499999837394	Ir
0.3324449999940313 0.6249899999897011 0.0424924999982039	Ir
0.2703749999901817 0.5621300000045579 0.9485624999996460	Ir
0.0831750000136751 0.6255499999691025 0.4159475000103825	Ir
0.4583699999947370 0.9994600000057403 0.9796399999916332	Ir
0.2088649999940344 0.9999200000011825 0.3530124999867255	Ir
0.7496150000045603 0.7511600000126677 0.6247474999805007	Ir
0.8746250000294609 0.6247099999863295 0.5618375000010545	Ir
0.5626399999873613 0.8119849999633573 0.5945000000029808	Ir
0.5634499999796532 0.5628649999930744 0.3434150000058693	Ir
0.9371499999705364 0.9362650000136696 0.4084249999989495	Ir
0.6877399999870235 0.9360800000124883 0.2813650000174803	Ir
0.9377850000385806 0.6900000000001754 0.1550874999735328	Ir
0.7710200000007035 0.8132750000275237 0.4473799999819477	Ir
0.8957149999985958 0.6877949999908850 0.3847324999901858	Ir
0.5215600000045626 0.5621150000241499 0.5730549999690240	Ir
0.5828500000066725 0.8742600000378218 0.4168499999837394	Ir
0.8324449999940313 0.6249899999897011 0.2924924999982039	Ir
0.7703749999901817 0.5621300000045579 0.1985624999996460	Ir
0.5831750000136751 0.6255499999691025 0.6659475000103825	Ir
0.9583699999947370 0.9994600000057403 0.2296399999916332	Ir
0.7088649999940344 0.9999200000011825 0.6030124999867255	Ir
0.7496150000045603 0.2511600000126677 0.1247474999805007	Ir
0.8746250000294609 0.1247099999863295 0.0618375000010545	Ir
0.5626399999873613 0.3119849999633573 0.0945000000029808	Ir
0.5634499999796532 0.0628649999930744 0.8434150000058693	Ir
0.9371499999705364 0.4362650000136696 0.9084249999989495	Ir
0.6877399999789517 0.4360799999999969 0.7813699999894865	Ir
0.9377849999929992 0.1900000000457567 0.6550874999963199	Ir
0.7710200000007035 0.3132750000275237 0.9473799999819477	Ir
0.8957149999985958 0.1877949999908850 0.8847324999901858	Ir
0.5215600000045626 0.0621150000241499 0.0730549999690240	Ir
0.5828500000066725 0.3742600000378218 0.9168499999837394	Ir
0.8324450000385752 0.1249899999772097 0.7924974999964931	Ir
0.7703749999901817 0.0621300000045579 0.6985624999996460	Ir
0.5831750000136751 0.1255499999691025 0.1659475000103825	Ir
0.9583699999947370 0.4994600000057403 0.7296399999916332	Ir
0.7088649999940344 0.4999200000011825 0.1030124999867255	Ir
0.7496150000045603 0.7511600000126677 0.1247474999805007	Ir
0.8746250000294609 0.6247099999863295 0.0618375000010545	Ir
0.5626399999873613 0.8119849999633573 0.0945000000029808	Ir
0.5634499999796532 0.5628649999930744 0.8434150000058693	Ir
0.9371500000150803 0.9362650000011854 0.9084299999972387	Ir
0.6877399999789517 0.9360799999999969 0.7813699999894865	Ir
0.9377849999929992 0.6900000000457567 0.6550874999963199	Ir
0.7710200000007035 0.8132750000275237 0.9473799999819477	Ir
0.8957149999985958 0.6877949999908850 0.8847324999901858	Ir
0.5215600000045626 0.5621150000241499 0.0730549999690240	Ir
0.5828500000066725 0.8742600000378218 0.9168499999837394	Ir
0.8324449999940313 0.6249899999897011 0.7924924999982039	Ir
0.7703749999901817 0.5621300000045579 0.6985624999996460	Ir
0.5831750000136751 0.6255499999691025 0.1659475000103825	Ir
0.9583699999947370 0.9994600000057403 0.7296399999916332	Ir
0.7088649999940344 0.9999200000011825 0.1030124999867255	Ir
0.1255200000070076 0.3737450000001701 0.4387799999577666	Ru
0.4995550000333182 0.4985600000059165 0.2509774999651668	Ru
0.1875300000024467 0.1875599999875064 0.7799199999772597	Ru
0.3123400000031538 0.0617949999805845 0.7192649999936478	Ru
0.1252349999985967 0.1262250000023641 0.6866524999787060	Ru
0.2496500000241966 0.0001649999805835 0.6263200000041635	Ru
0.3754400000017526 0.3742050000059152 0.5623449999493957	Ru
0.9998899999751032 0.2508500000263396 0.7483099999794476	Ru
0.3122999999975491 0.3134600000010082 0.4682850000342214	Ru
0.1461249999817724 0.4383250000411962 0.7605074999861543	Ru
0.2083000000028079 0.2487800000067537 0.6042900000311064	Ru
0.1457449999856237 0.1877850000263379 0.5114124999847078	Ru
0.3957250000084116 0.4367299999633616 0.3853175000134996	Ru
0.0214149999751001 0.3122750000263395 0.5728474999794528	Ru
0.3328900000189421 0.3762549999978120 0.7915549999843137	Ru
0.4582849999750991 0.2507050000378186 0.7288424999679677	Ru
0.1255199999614263 0.8737450000457514 0.4387799999805466	Ru
0.4995550000333182 0.9985600000059165 0.2509774999651668	Ru
0.1875300000024467 0.6875599999875064 0.7799199999772597	Ru
0.3123400000031538 0.5617949999805845 0.7192649999936478	Ru
0.1252349999985967 0.6262250000023641 0.6866524999787060	Ru
0.2496500000241966 0.5001649999805835 0.6263200000041635	Ru
0.3754400000017526 0.8742050000059152 0.5623449999493957	Ru
0.9998899999751032 0.7508500000263396 0.7483099999794476	Ru
0.3122999999975491 0.8134600000010082 0.4682850000342214	Ru
0.1461249999817724 0.9383250000411962 0.7605074999861543	Ru
0.2083000000028079 0.7487800000067537 0.6042900000311064	Ru
0.1457449999856237 0.6877850000263379 0.5114124999847078	Ru
0.3957250000084116 0.9367299999633616 0.3853175000134996	Ru
0.0214149999751001 0.8122750000263395 0.5728474999794528	Ru
0.3328900000189421 0.8762549999978120 0.7915549999843137	Ru
0.4582849999750991 0.7507050000378186 0.7288424999679677	Ru
0.1255199999614263 0.3737450000457514 0.9387799999805466	Ru
0.4995550000333182 0.4985600000059165 0.7509774999651668	Ru
0.1875300000024467 0.1875599999875064 0.2799199999772597	Ru
0.3123400000031538 0.0617949999805845 0.2192649999936478	Ru
0.1252349999985967 0.1262250000023641 0.1866524999787060	Ru
0.2496500000241966 0.0001649999805835 0.1263200000041635	Ru
0.3754400000017526 0.3742050000059152 0.0623449999493957	Ru
0.9998899999751032 0.2508500000263396 0.2483099999794476	Ru
0.3122999999975491 0.3134600000010082 0.9682850000342214	Ru
0.1461249999817724 0.4383250000411962 0.2605074999861543	Ru
0.2083000000028079 0.2487800000067537 0.1042900000311064	Ru
0.1457449999856237 0.1877850000263379 0.0114124999847078	Ru
0.3957250000084116 0.4367299999633616 0.8853175000134996	Ru
0.0214149999751001 0.3122750000263395 0.0728474999794528	Ru
0.3328900000189421 0.3762549999978120 0.2915549999843137	Ru
0.4582849999750991 0.2507050000378186 0.2288424999679677	Ru
0.6255200000070076 0.3737450000001701 0.1887799999577666	Ru
0.9995550000333182 0.4985600000059165 0.0009774999651668	Ru
0.6875300000024467 0.1875599999875064 0.5299199999772597	Ru
0.8123400000031538 0.0617949999805845 0.4692649999936478	Ru
0.6252349999985967 0.1262250000023641 0.4366524999787060	Ru
0.7496500000241966 0.0001649999805835 0.3763200000041635	Ru
0.8754400000017384 0.3742049999485033 0.3123450000067933	Ru
0.4998899999751032 0.2508500000263396 0.4983099999794476	Ru
0.8122999999975491 0.3134600000010082 0.2182850000342214	Ru
0.6461249999817724 0.4383250000411962 0.5105074999861543	Ru
0.7083000000028079 0.2487800000067537 0.3542900000311064	Ru
0.6457449999856237 0.1877850000263379 0.2614124999847078	Ru
0.8957250000084116 0.4367299999633616 0.1353175000134996	Ru
0.5214149999751001 0.3122750000263395 0.3228474999794528	Ru
0.8328900000189421 0.3762549999978120 0.5415549999843137	Ru
0.9582849999750991 0.2507050000378186 0.4788424999679677	Ru
0.1255200000070076 0.8737450000001701 0.9387799999577666	Ru
0.4995550000333182 0.9985600000059165 0.7509774999651668	Ru
0.1875300000024467 0.6875599999875064 0.2799199999772597	Ru
0.3123400000031538 0.5617949999805845 0.2192649999936478	Ru
0.1252349999985967 0.6262250000023641 0.1866524999787060	Ru
0.2496500000241966 0.5001649999805835 0.1263200000041635	Ru
0.3754399999561642 0.8742050000514965 0.0623449999721757	Ru
0.9998899999751032 0.7508500000263396 0.2483099999794476	Ru
0.3122999999975491 0.8134600000010082 0.9682850000342214	Ru
0.1461249999817724 0.9383250000411962 0.2605074999861543	Ru
0.2083000000028079 0.7487800000067537 0.1042900000311064	Ru
0.1457449999856237 0.6877850000263379 0.0114124999847078	Ru
0.3957250000084116 0.9367299999633616 0.8853175000134996	Ru
0.0214149999751001 0.8122750000263395 0.0728474999794528	Ru
0.3328900000189421 0.8762549999978120 0.2915549999843137	Ru
0.4582849999750991 0.7507050000378186 0.2288424999679677	Ru
0.6255200000070076 0.8737450000001701 0.1887799999577666	Ru
0.9995550000333111 0.9985599999485046 0.0009775000225645	Ru
0.6875300000024467 0.6875599999875064 0.5299199999772597	Ru
0.8123400000031538 0.5617949999805845 0.4692649999936478	Ru
0.6252349999985967 0.6262250000023641 0.4366524999787060	Ru
0.7496500000241966 0.5001649999805835 0.3763200000041635	Ru
0.8754400000017526 0.8742050000059152 0.3123449999493957	Ru
0.4998899999751032 0.7508500000263396 0.4983099999794476	Ru
0.8122999999975491 0.8134600000010082 0.2182850000342214	Ru
0.6461249999817724 0.9383250000411962 0.5105074999861543	Ru
0.7083000000028079 0.7487800000067537 0.3542900000311064	Ru
0.6457449999856237 0.6877850000263379 0.2614124999847078	Ru
0.8957250000084116 0.9367299999633616 0.1353175000134996	Ru
0.5214149999751001 0.8122750000263395 0.3228474999794528	Ru
0.8328900000189421 0.8762549999978120 0.5415549999843137	Ru
0.9582849999750991 0.7507050000378186 0.4788424999679677	Ru
0.6255199999614263 0.3737450000457514 0.6887799999805466	Ru
0.9995549999877369 0.4985600000514978 0.5009774999879468	Ru
0.6875300000105256 0.1852599999999995 0.0322150000052588	Ru
0.8123400000031538 0.0617949999805845 0.9692649999936478	Ru
0.6252349999985967 0.1262250000023641 0.9366524999787060	Ru
0.7496500000241966 0.0001649999805835 0.8763200000041635	Ru
0.8754400000017384 0.3742049999485033 0.8123450000067933	Ru
0.4998899999751032 0.2508500000263396 0.9983099999794476	Ru
0.8122999999975491 0.3134600000010082 0.7182850000342214	Ru
0.6461249999817724 0.4383250000411962 0.0105074999861543	Ru
0.7083000000028079 0.2487800000067537 0.8542900000311064	Ru
0.6457449999856237 0.1877850000263379 0.7614124999847078	Ru
0.8957250000084116 0.4367299999633616 0.6353175000134996	Ru
0.5214149999751001 0.3122750000263395 0.8228474999794528	Ru
0.8328900000189421 0.3762549999978120 0.0415549999843137	Ru
0.9582849999750991 0.2507050000378186 0.9788424999679677	Ru
0.6255199999614263 0.8737450000457514 0.6887799999805466	Ru
0.9995549999877298 0.9985599999940860 0.5009775000453445	Ru
0.6875300000024467 0.6875599999875064 0.0299199999772597	Ru
0.8123400000031538 0.5617949999805845 0.9692649999936478	Ru
0.6252349999985967 0.6262250000023641 0.9366524999787060	Ru
0.7496500000241966 0.5001649999805835 0.8763200000041635	Ru
0.8754400000017526 0.8742050000059152 0.8123449999493957	Ru
0.4998899999751032 0.7508500000263396 0.9983099999794476	Ru
0.8122999999975491 0.8134600000010082 0.7182850000342214	Ru
0.6461249999817724 0.9383250000411962 0.0105074999861543	Ru
0.7083000000028079 0.7487800000067537 0.8542900000311064	Ru
0.6457449999856237 0.6877850000263379 0.7614124999847078	Ru
0.8957250000084116 0.9367299999633616 0.6353175000134996	Ru
0.5214149999751001 0.8122750000263395 0.8228474999794528	Ru
0.8328900000189421 0.8762549999978120 0.0415549999843137	Ru
0.9582849999750991 0.7507050000378186 0.9788424999679677	Ru
