70.0000 0.05 1
0.0333333
0.266667
0
0.4
0
0.266667
0.4
0.6
0.4
0
0
0.4
0.4
1.26667
0.4
0.2
0
0.4
1.2
0.4
0.2
0.4
0.866667
1.2
0.8
0
0.6
2
0.4
0
0
0.8
1.26667
2.4
0.8
0.9
0.6
1.6
0.6
0.2
0.8
1.86667
1.6
1.4
0.5
1
0.4
1.06667
1.2
3.6
1.66667
1.2
2.06667
2.06667
1.7
2.06667
6.2
8.93333
5.73333
6
4.8
6.33333
4.33333
6.8
5.56667
6.26667
6.8
9.4
6.4
7.53333
6
13.4
10
7.03333
8.4
8.2
9.43333
12.5667
10.4333
11.6667
10.3
4.5
10.4667
10.6
7.43333
8.6
7.6
8.4
9.3
6.8
6.2
6.4
11.6
10.5333
9.13333
15.1333
10.9
9.7
10.6
10.4
5.26667
10.9333
7.4
8.3
8.3
10.4
6.4
14.5
11.2
6.8
16.8
9.73333
12.9
12.1667
7.4
5.2
8.86667
4.53333
6.53333
8.36667
3.4
5
4.7
7.73333
12.3333
13
12.3333
18.3333
9.53333
13.4667
13.6
13.4667
10.6
10.0667
13.4667
10.7333
15.5
10
9.9
12.5333
11.8
14.7667
8.8
17.7333
10.7333
14.7667
15.8
13.2
12.7333
10.6333
9.46667
15.7667
12.9
9.06667
16.8333
10.8
7.2
11.3
8.93333
11.0333
11
12.9333
10.6667
9.2
8.8
7.86667
6.4
6.6
11.8
5.7
8.33333
9.5
5.6
3.86667
8.03333
7.13333
11.0333
4.8
5.66667
8.46667
7.06667
4.23333
7.6
7.1
7.53333
3.2
4.8
2.2
5.7
5.73333
8.06667
8.76667
8.33333
6.73333
5.8
6.86667
2.4
7.26667
6.53333
7.6
4.53333
7.83333
10.8667
8.4
7.8
12.5333
12.0667
9.26667
9.6
8.4
9.93333
8.8
9.13333
11.8667
16.2
13.7333
12.8667
14.4667
13.4667
13.5
14.8333
18.4
16.6333
17.0667
13.4
11.2
11.7667
12.1
7.4
4.33333
3.33333
3.66667
1.4
0.2
1.66667
2.53333
2
2.8
1.6
1.6
2
4
3.2
2.8
3
3.6
0.4
2.2
1.2
2.26667
0.8
2.93333
1.2
2
1.8
3.2
3
2.5
1.6
2.3
2.2
1.8
3.2
2.53333
2.33333
3.73333
0.7
1.6
1.8
0.8
0.6
2.33333
2.46667
1
3.4
4.4
2.6
1.6
1.8
0.2
3.2
2
0.2
0.4
2.8
2.93333
0.0666667
1.4
2.6
1.8
3.66667
2.66667
0.6
2.6
2.4
2.06667
0.4
1.6
0.466667
3.63333
2.2
1.6
2.4
3
2.8
1.4
1.6
3.2
1.6
1.8
2
2
1.6
0.6
1.2
2.6
2.6
1.4
2.4
3
1.6
0.4
1.2
0
1.2
2.4
0.9
1.6
3.2
2
1.9
0.2
1
1.6
1
2.2
0
0.6
0.8
0.8
0.4
2.2
1.3
1.3
1.6
1.6
2.2
0.8
0.6
0
0.4
0.6
0.8
0.6
0.433333
2.7
2.8
2.66667
1.33333
2
2.2
3.4
3.33333
4.96667
2.13333
1.73333
5.66667
2.33333
2.4
3.53333
4.13333
1.2
1.7
4
3.06667
3.13333
2.46667
5.6
4
2
5.2
3.2
2.8
3.33333
1.26667
2.8
3.6
1.86667
1.2
3.66667
2.6
4.36667
3
1.6
4.46667
5.2
2.6
0.6
2.66667
3.53333
2.2
1
5.8
3.6
5.3
2.86667
1.6
2.6
3.6
1.86667
4
0.866667
5.26667
4.4
2
1.8
1.6
1.6
4.4
4.6
3.26667
1.4
2.9
4
4.3
1.93333
2.86667
2
3.8
3.4
4.2
3.6
4.5
1.66667
1.2
2.6
5.2
2.2
0.433333
4
4.06667
1.8
3.86667
2.8
4.46667
2.66667
2
1.6
2.53333
5
3
0.8
4
4.93333
2.8
4.13333
1.6
2.4
2
3.2
2.5
6
1.8
2.8
3
2.2
1
1.1
2.6
3.2
3.73333
2.6
0
2.63333
2.6
4.4
2
3.4
3.06667
5.86667
2.93333
3.06667
3.3
3.96667
2.76667
3.2
3.2
1.93333
5
5.26667
3.53333
4.26667
5.66667
4.06667
6.66667
6
4.4
3.73333
5.86667
6.06667
6.33333
1.13333
4.2
6.4
8.8
9
6.4
5.73333
8.93333
8.66667
7.8
3.1
4.73333
2.26667
3.26667
6
5.96667
3.6
6.63333
3.6
4.46667
4.93333
3.73333
2.8
3.93333
2.53333
3.6
4.13333
3.06667
4.46667
2.33333
3.16667
2.9
3.5
3.83333
1.93333
1.6
1.66667
0.6
0.866667
1.46667
0.933333
0.933333
0.733333
0.266667
0.133333
0.466667
0.3
0.8
0.0666667
0.266667
0.333333
0.266667
0.866667
0.333333
0.0666667
0.466667
0.533333
0.266667
0.133333
0
0.266667
0.133333
0.4
0.133333
0
0
0.133333
0
0
0
0.133333
0.133333
0
