2176.0000 0.05 1
1.11111
4.44444
11.1111
2.22222
11.1111
4.44444
13.3333
11.1111
20
11.1111
6.66667
11.1111
24.4444
23.3333
17.7778
23.3333
26.6667
18.8889
13.3333
32.2222
18.8889
8.88889
4.44444
10
14.4444
14.4444
36.6667
37.7778
24.4444
41.1111
11.1111
26.6667
17.7778
31.1111
24.4444
32.2222
28.8889
25.5556
40
24.4444
32.2222
46.6667
36.6667
47.7778
70
55.5556
56.6667
41.1111
80
108.889
93.3333
126.667
127.778
138.889
148.889
146.667
161.111
190
192.222
200
214.444
270
192.222
230
234.444
286.667
236.667
282.222
251.111
263.333
291.111
303.333
317.778
340
312.222
352.222
284.444
347.778
304.444
308.889
297.778
298.889
291.111
277.778
312.222
280
244.444
285.556
290
297.778
313.333
320
321.111
312.222
333.333
318.889
313.333
294.444
295.556
300
302.222
288.889
330
362.222
317.778
355.556
380
361.111
346.667
352.222
343.333
288.889
253.333
215.556
180
157.778
188.889
243.333
262.222
331.111
351.111
398.889
421.111
395.556
433.333
407.778
447.778
400
384.444
361.111
342.222
371.111
343.333
397.778
382.222
378.889
385.556
427.778
405.556
455.556
406.667
407.778
411.111
355.556
361.111
374.444
371.111
378.889
433.333
417.778
407.778
434.444
405.556
338.889
352.222
322.222
348.889
316.667
326.667
257.778
284.444
264.444
271.111
256.667
242.222
222.222
276.667
211.111
242.222
214.444
238.889
254.444
223.333
244.444
232.222
212.222
208.889
230
176.667
204.444
176.667
198.889
171.111
175.556
257.778
237.778
232.222
211.111
213.333
170
175.556
198.889
262.222
240
221.111
275.556
237.778
226.667
262.222
345.556
346.667
314.444
304.444
330
306.667
335.556
378.889
414.444
430
426.667
451.111
425.556
513.333
473.333
500
470
430
350
311.111
227.778
121.111
14.4444
1.11111
0
0
0
0
0
0
0
0
0
0
0
0
0
0
0
0
0
0
0
0
0
0
4.44444
2.22222
0
2.22222
0
2.22222
4.44444
2.22222
2.22222
3.33333
2.22222
0
2.22222
4.44444
4.44444
6.66667
0
2.22222
2.22222
3.33333
2.22222
0
0
0
2.22222
0
2.22222
0
