0.002091 0.006895 0.012259
-0.009452 0.001453 0.000566
0.003382 0.008234 0.000894
0.023481 0.007035 -0.003036
0.007642 0.015826 -0.006381
-0.007818 0.000739 -0.002063
0.000101 0.002319 0.005239
-0.000670 -0.015336 -0.003381
-0.002963 -0.011291 -0.000814
-0.011541 -0.004360 -0.000893
0.009600 -0.005965 -0.000432
-0.010261 -0.006656 -0.003668
0.004563 -0.008244 0.002501
0.002247 -0.019673 -0.000059
-0.003908 0.000452 0.000746
0.011535 -0.009350 0.002404
-0.002590 0.012336 0.011793
0.001638 -0.001204 0.000053
0.000047 0.018682 0.000427
0.009707 0.008773 -0.003779
-0.003340 0.016245 -0.005227
-0.013027 -0.000557 -0.003300
0.001647 0.003970 0.005340
0.000640 -0.015605 -0.003198
-0.001174 -0.014865 -0.004303
-0.011703 -0.005369 -0.001783
0.011792 -0.006058 0.000256
-0.010553 -0.007134 -0.002280
0.004340 -0.007357 0.003768
0.003831 -0.019578 -0.000645
-0.005516 0.001925 0.003065
0.013770 -0.012251 0.001893
0.000070 0.011869 0.012353
-0.009701 0.001104 0.000876
-0.001503 0.018607 0.000748
0.007559 0.008514 -0.003183
-0.004327 0.015109 -0.006181
-0.007779 0.000668 -0.001654
-0.000955 0.004358 0.004255
-0.000140 -0.016497 -0.001356
-0.004092 -0.010252 -0.002645
-0.011092 -0.005493 -0.001535
0.011187 -0.006595 0.000479
-0.010737 -0.005285 -0.004390
0.003587 -0.006986 0.003999
0.003219 -0.018347 -0.000110
0.005113 -0.000359 0.003621
0.013445 -0.012008 0.002448
0.011721 0.011580 0.012255
-0.011022 -0.000425 0.000791
0.004269 0.031920 0.000367
0.012449 0.008217 -0.002029
-0.004202 0.016300 -0.006839
-0.010406 0.001964 -0.001212
0.001041 0.002912 0.004450
0.000245 -0.015380 -0.002237
-0.003210 -0.011226 -0.001519
-0.011611 -0.004911 -0.001500
0.008521 -0.007272 0.000030
-0.009523 -0.005902 -0.002006
0.004494 -0.008212 0.003618
0.000235 -0.021060 0.000041
-0.004325 0.000718 0.002565
0.061893 0.026481 0.069285
-0.001097 0.010892 0.012098
-0.009739 0.001189 0.000661
-0.003030 0.018977 0.000603
0.009866 0.008614 -0.003047
-0.001017 0.015980 -0.006033
-0.012055 0.000557 -0.002345
0.008349 0.004009 0.005126
-0.000493 -0.015847 -0.002435
-0.002869 -0.011861 -0.002450
-0.012289 -0.005303 -0.002190
0.012427 -0.006704 0.000627
-0.012040 -0.002956 -0.005061
0.004526 -0.008008 0.004419
0.004877 -0.018789 -0.000548
-0.002939 0.000222 0.002175
0.015115 -0.010809 0.003033
0.000525 0.014180 0.007006
-0.006978 -0.000138 0.004762
0.005063 0.019908 -0.002983
0.011979 0.004965 -0.002674
-0.001138 0.015495 -0.006629
-0.009525 -0.000371 -0.002954
0.000703 0.000341 0.004221
0.000158 -0.015817 -0.002831
-0.004159 -0.013687 0.003433
-0.020112 -0.004549 -0.001824
0.011257 -0.006018 0.001874
-0.011579 -0.006442 -0.006637
0.004575 -0.007379 0.004221
0.052072 -0.055417 -0.068936
-0.004163 0.001060 0.001213
0.015078 -0.011649 0.003294
-0.000365 0.013084 0.015968
-0.006750 0.000638 -0.004208
0.004631 0.018701 0.003120
0.011457 0.005404 -0.002323
0.006791 0.014884 -0.005893
-0.615037 0.000039 -0.009890
0.024730 0.002349 0.003901
-0.006084 -0.015081 -0.004403
0.008316 -0.022908 -0.020582
-0.015598 -0.005752 -0.002260
0.069305 -0.042026 0.074095
-0.000427 -0.003874 -0.003521
0.004615 -0.007413 0.002980
0.002907 -0.019076 -0.001741
-0.002105 -0.002315 -0.000501
0.013121 -0.012100 0.001796
-0.000770 0.010714 0.011810
-0.006993 0.002599 0.000545
-0.001801 0.021389 0.000885
0.077892 -0.006125 -0.003145
-0.004082 0.016970 -0.005116
-0.009179 0.001368 -0.003523
-0.000150 0.005755 0.004749
0.000730 -0.015353 -0.003103
-0.002461 -0.011105 -0.000372
-0.012671 -0.005549 -0.002153
0.011384 -0.006747 0.000560
-0.007598 -0.002905 -0.001403
-0.001938 -0.011771 0.010307
0.003471 -0.019027 -0.000459
-0.007055 -0.001406 0.003129
0.014337 -0.011061 0.004270
-0.000672 0.003372 -0.005216
0.007973 0.008064 -0.002666
-0.011760 0.011418 0.002259
0.007793 0.023356 -0.001866
-0.002727 -0.000370 0.000375
0.002079 0.003971 -0.010737
-0.009682 -0.001985 0.000753
0.014275 0.004801 0.000860
-0.000907 0.007182 -0.002228
0.019780 -0.012007 0.002387
-0.008448 0.009877 0.002102
-0.004248 -0.000979 -0.000930
0.012427 -0.004711 -0.000217
-0.003705 -0.004239 0.002784
0.010446 -0.010931 0.002072
-0.015080 -0.011768 0.002253
0.002244 0.002869 -0.004953
0.009350 0.009427 -0.003049
-0.011795 0.012308 0.002549
0.011010 0.010910 -0.001446
0.001417 -0.006741 -0.000440
0.001500 0.003694 -0.010043
-0.008785 -0.001920 0.001114
0.002164 0.005246 0.000021
-0.004207 0.010521 -0.002172
0.018736 -0.012057 0.004388
-0.009998 0.012593 0.001677
-0.004827 -0.001936 0.000097
0.009782 -0.004393 0.001564
-0.002561 -0.005703 0.003981
0.006963 -0.007525 0.003604
-0.007717 -0.012238 -0.000080
0.000260 0.003589 -0.004564
0.026001 0.002281 -0.000906
-0.009073 0.010351 0.002616
0.005818 0.021410 -0.001827
-0.000568 -0.003055 -0.000756
0.002914 0.004203 -0.009503
-0.009554 -0.001209 -0.000362
0.002533 0.006192 0.000005
-0.001875 0.009811 -0.002160
0.018390 -0.011988 0.003050
-0.008308 0.010144 0.001633
-0.004237 -0.000728 -0.000047
0.014018 -0.009880 0.003759
-0.003811 -0.005419 0.004424
0.009690 -0.009709 0.002203
-0.018498 -0.011343 -0.000747
-0.001639 0.002324 -0.008097
0.006442 0.008266 -0.003016
-0.013099 0.009479 0.001982
0.006983 0.023501 -0.001647
-0.000856 -0.002761 -0.000435
0.002139 0.004631 -0.009691
-0.007128 -0.002062 0.001835
0.005837 0.010312 0.000178
-0.000124 0.007261 -0.002340
0.021329 -0.007858 0.007754
-0.007323 0.009384 0.001390
-0.004970 0.001409 0.004803
0.012083 -0.005381 -0.000222
-0.003559 -0.005161 0.003519
0.019914 -0.008529 0.002237
-0.019396 -0.013466 -0.000101
-0.002160 0.004424 -0.005207
0.007994 0.007796 -0.002682
-0.008706 0.011029 0.002706
0.008108 0.023664 -0.001250
-0.000784 -0.001696 -0.000848
0.001941 0.003780 -0.008715
-0.009179 -0.002228 0.000273
0.003028 0.005628 0.000041
0.014231 0.008420 -0.001564
0.017209 -0.011220 0.003343
-0.009279 0.008612 0.002478
-0.004256 -0.001686 0.000088
0.012051 -0.005870 0.000621
-0.003548 -0.005481 0.004912
0.009950 -0.009080 0.002347
-0.016741 -0.012508 0.001215
0.000474 0.003212 -0.003207
0.007672 0.008134 0.000129
-0.007793 0.010599 0.000998
0.014370 0.022372 0.004082
0.001930 0.000924 -0.002815
-0.000399 0.003344 -0.010438
-0.006383 -0.001229 0.001953
0.004648 0.000823 0.001397
-0.000280 0.007582 -0.002093
0.017966 -0.009884 -0.001588
-0.009176 0.010391 -0.000360
-0.005831 -0.001761 -0.002373
0.010413 -0.008134 -0.004266
-0.007324 -0.005302 0.004338
0.009951 -0.011290 0.002084
-0.017799 -0.011482 0.001654
0.020475 0.010834 -0.007971
0.006330 0.008449 -0.005397
-0.007077 0.010231 0.003686
0.012157 0.021804 -0.004818
-0.000905 0.002536 0.000372
-0.000041 0.003198 -0.009390
0.007220 -0.043081 -0.000077
0.004977 0.002577 0.000493
0.087084 0.029244 -0.002460
0.027801 -0.002959 0.020678
0.047553 0.040769 -0.062376
-0.002046 0.004498 -0.004725
0.021955 -0.017990 0.018349
-0.013168 -0.005029 0.004400
0.011072 -0.006691 -0.000617
-0.014757 -0.014957 0.004564
-0.001610 0.002713 -0.001872
0.006276 0.008752 -0.002296
-0.011684 0.009546 0.002491
0.013786 0.032884 -0.001750
0.010062 -0.001409 -0.000447
0.012005 0.050077 -0.009430
-0.007096 -0.001624 -0.000941
0.000834 0.003478 -0.000518
-0.001139 0.006639 -0.001279
0.018171 -0.012152 0.004225
-0.009709 0.009807 0.002491
0.003823 0.007857 -0.018602
0.011675 -0.004879 0.000150
-0.003833 -0.006809 0.004691
0.008568 -0.009111 0.003953
-0.018140 -0.012277 0.000956
