2176.0000 0.05 1
1.875
3.75
6.25
6.25
7.5
16.25
8.75
7.5
17.5
15
14.375
16.25
25
16.25
6.25
31.25
23.125
18.125
30
8.75
10
13.125
10
10
16.25
20
25
30
37.5
19.375
25
26.25
13.75
26.875
21.875
28.125
21.25
41.25
45
30
37.5
55
48.75
45.625
41.875
67.5
54.375
49.375
84.375
92.5
97.5
125.625
138.75
133.75
138.125
153.75
181.25
152.5
157.5
201.25
176.25
176.25
232.5
251.875
270
235
238.125
276.875
293.125
312.5
295.625
320
303.75
308.75
326.25
338.125
338.75
363.75
316.875
353.125
370.625
368.125
329.375
359.375
334.375
378.75
313.125
295.625
303.125
286.25
275
254.375
233.75
248.125
251.25
299.375
205.625
251.25
311.25
294.375
318.75
306.875
311.25
298.75
248.75
295
310
294.375
327.5
273.75
281.25
301.875
272.5
322.5
288.75
316.875
251.25
297.5
351.875
317.5
315.625
316.875
325.625
362.5
343.125
380.625
402.5
376.25
391.875
391.25
396.25
431.875
450.625
471.875
450
442.5
453.75
439.375
446.25
415.625
408.125
427.5
381.25
358.75
316.875
352.5
327.5
311.875
315.625
328.75
306.25
276.875
215
255
251.25
301.25
280.625
246.25
272.5
223.125
322.5
285.625
328.75
302.5
302.5
290.625
286.25
295
349.375
293.75
323.75
353.75
369.375
355
262.5
288.125
211.875
289.375
345.625
267.5
264.375
266.875
256.25
238.125
244.375
249.375
263.125
326.25
240
229.375
236.875
226.25
177.5
247.5
256.25
282.5
255
308.125
251.875
265
255.625
207.5
203.75
268.125
255
326.25
344.375
344.375
353.125
275
368.125
295
510
538.125
507.5
426.25
366.875
262.5
233.125
200.625
166.875
119.375
61.25
31.25
11.25
4.375
1.25
4.375
1.25
0
0
0
0
0
0
0
0
0
0
2.5
0
