0.010794 0.002446 0.001671
-0.006211 -0.003642 0.003027
0.010685 0.003988 -0.000267
0.000401 -0.000121 -0.004090
0.007336 0.000683 -0.004025
0.015398 0.011666 -0.000173
-0.005997 -0.004215 -0.004359
-0.005088 0.005715 0.000697
0.018334 0.021972 -0.006785
0.005994 -0.003956 -0.002470
-0.003210 -0.001982 0.004939
-0.010320 0.006755 0.006003
-0.001646 -0.004887 0.008854
-0.002567 0.006022 0.005045
0.005157 0.000742 -0.004414
0.002563 -0.003070 0.000687
0.010845 0.002651 0.001573
-0.009602 0.004571 -0.001378
0.010576 0.004671 0.000480
0.002113 -0.000486 -0.003561
0.009230 0.001768 -0.004141
-0.000755 -0.003933 -0.000450
-0.003767 -0.003029 -0.005126
-0.005134 0.006449 0.000073
-0.009632 -0.000359 -0.007886
0.004120 -0.002130 -0.002432
-0.003013 -0.001280 0.004374
-0.006013 -0.002278 0.002385
-0.001783 -0.005840 0.010100
-0.006733 0.000267 -0.000623
0.005254 0.001591 -0.004879
0.002662 -0.001160 0.000985
0.009890 0.005788 0.001967
-0.009784 0.004964 -0.002261
0.011076 0.004278 -0.000677
0.003931 0.000003 -0.002151
0.004661 0.008239 0.000857
-0.016004 0.011007 -0.000480
-0.047475 0.033911 -0.006225
-0.004935 0.005785 -0.000539
-0.007045 -0.001478 -0.008387
0.044566 0.032866 -0.002771
-0.003573 -0.002250 0.004822
-0.001450 0.009670 -0.001888
-0.001793 -0.004942 0.008387
-0.006244 -0.001656 0.001403
0.005865 0.000743 -0.006009
0.002353 -0.001154 0.001492
0.010678 0.003539 0.001638
-0.005221 -0.001362 0.001131
0.010682 0.003698 -0.000852
0.002137 0.001200 -0.003882
0.008684 0.002379 -0.002944
-0.001264 -0.002378 -0.000501
-0.003278 -0.001746 -0.004810
-0.004796 0.006118 -0.000037
-0.009352 0.000751 -0.007830
0.004285 -0.000611 -0.002631
-0.003048 -0.002459 0.003841
-0.005929 -0.003296 0.003678
-0.003909 0.013780 -0.014964
-0.002239 0.005910 -0.005275
0.003806 0.001562 -0.005463
0.003541 -0.000803 -0.000661
0.010704 0.002662 0.001033
-0.007267 -0.003804 0.002518
0.010266 0.004089 0.000457
0.001966 0.001510 -0.003819
0.009047 0.002769 -0.002901
-0.000959 -0.002824 -0.000669
-0.004444 -0.001816 -0.004960
-0.005220 0.004621 0.000289
-0.008902 0.000754 -0.007515
0.004990 -0.000841 -0.002233
-0.004074 -0.001372 0.004389
-0.006016 -0.002142 0.002266
-0.001629 -0.006269 0.010439
-0.006142 -0.000403 -0.000534
0.003955 0.000570 -0.005466
0.002378 -0.001040 0.000485
0.008885 0.001792 0.001955
-0.004631 -0.002543 0.002865
0.011927 0.024369 0.029085
0.000708 0.001433 -0.004514
0.004313 0.007862 -0.000203
-0.001740 -0.003527 -0.000621
-0.003823 -0.003122 -0.004517
-0.003611 0.000015 0.000279
-0.009466 -0.000381 -0.007915
0.004374 -0.002614 -0.002073
0.012783 0.013071 0.003935
-0.006594 -0.003327 0.002228
-0.001446 -0.005662 0.010197
-0.005238 -0.000229 -0.000319
0.004229 -0.005501 -0.005342
0.000584 -0.002916 0.001543
0.010696 0.001028 0.001361
-0.005124 -0.002231 0.002243
0.010642 0.002995 -0.001342
0.002093 0.001438 -0.002905
0.008927 0.001475 -0.004354
-0.000910 -0.002128 -0.000317
-0.004042 -0.002364 -0.004862
-0.005183 0.006135 0.000793
-0.009734 0.001124 -0.008055
0.004646 -0.001464 -0.002499
-0.003410 -0.001960 0.004119
-0.007359 -0.002775 0.001739
-0.001993 -0.008075 0.008565
-0.006652 -0.001973 -0.002275
0.006216 0.000831 -0.004434
0.002500 -0.002635 0.001110
0.012659 0.002011 0.000013
-0.004926 -0.001394 0.001303
0.009017 0.001655 0.000609
0.002423 -0.000042 -0.003499
0.007402 0.000404 -0.004414
-0.002023 -0.002571 -0.000533
-0.004378 -0.001993 -0.004738
-0.004747 0.002565 0.000159
-0.008657 0.000677 -0.008071
0.005188 -0.001006 -0.002290
-0.024102 0.017891 0.004989
-0.006417 -0.001289 0.002179
-0.001131 -0.004939 0.010079
-0.000080 0.006308 -0.000349
0.004514 -0.001621 -0.005291
0.003669 -0.002742 0.000295
-0.012949 -0.003005 0.001496
0.004371 -0.001411 0.001546
-0.002340 -0.000138 0.000881
-0.004309 0.003852 0.002040
-0.003478 0.009003 -0.001542
0.005722 -0.002706 -0.000728
0.008729 0.004512 -0.008750
0.007573 0.010762 0.004382
0.009525 0.001278 0.001440
-0.001707 0.021033 -0.004342
-0.000983 0.008132 0.009371
-0.021650 -0.004366 -0.005178
0.003107 0.027747 0.034146
-0.001733 0.004784 0.010032
-0.000833 0.015300 -0.000169
-0.004661 -0.001435 0.006850
-0.013731 -0.001669 0.002685
0.004106 -0.006432 0.000934
-0.001708 0.000887 0.002167
-0.003868 0.004267 0.002663
-0.003230 0.007450 -0.000704
0.005741 -0.001399 -0.000103
0.004088 -0.001526 -0.003490
0.003477 0.000603 -0.000443
0.009874 0.004927 0.002906
-0.001052 -0.004608 -0.006164
0.003421 0.002777 0.005528
-0.020909 -0.001942 -0.003044
0.002252 0.004032 0.011580
-0.000565 -0.008258 -0.010178
0.019413 -0.000247 0.000372
-0.005787 -0.000261 0.006997
-0.009392 0.004231 -0.002408
0.004956 -0.001736 0.001178
-0.005592 0.006883 -0.002099
-0.004456 0.003997 0.003744
-0.011487 -0.463072 -0.000151
0.005883 -0.000115 -0.000723
0.005019 -0.002612 -0.003043
-0.001516 0.010399 -0.004205
0.009715 0.018781 -0.020804
-0.001389 0.023473 -0.007767
0.002709 0.002245 0.006825
-0.023975 -0.004758 -0.005494
0.002184 0.028392 -0.010795
-0.001553 -0.011598 -0.008748
0.016117 -0.001775 0.000247
-0.001318 0.006658 0.012215
-0.013337 -0.003957 0.004321
0.005016 -0.002343 0.001164
-0.001751 0.000086 0.003368
-0.000342 0.013470 -0.002743
-0.003588 -0.003733 -0.001506
0.005925 -0.000504 -0.001025
0.004462 -0.001898 -0.003685
0.002905 -0.000120 0.000188
0.009812 0.008567 -0.001447
-0.000855 -0.006189 -0.005510
-0.000984 0.007510 0.001585
-0.022703 -0.003658 -0.004673
0.002826 0.021999 -0.006124
-0.000545 -0.006611 -0.009228
0.018453 0.000642 -0.000068
-0.005994 0.000385 0.006934
-0.013975 -0.002220 0.002686
0.004579 -0.001725 0.001414
-0.001757 0.000808 0.002021
-0.004364 0.004514 0.002283
-0.003375 0.007622 -0.001925
0.006018 -0.001133 -0.002057
0.004387 -0.000898 -0.003617
0.003028 0.000954 -0.000289
0.009963 0.004621 0.003490
-0.000616 -0.006678 -0.006002
0.003500 0.002015 0.005306
-0.022401 -0.005063 -0.005325
0.002290 0.005627 0.011757
-0.000495 -0.008540 -0.010724
0.018237 0.001039 0.000205
-0.005876 0.000077 0.007424
-0.011074 -0.001286 0.002628
0.004274 -0.009487 0.001488
-0.004272 0.001377 0.002354
-0.004322 0.002308 0.002752
-0.002848 0.007536 -0.001690
0.010789 0.009299 0.004163
0.009161 0.005060 -0.008664
0.003155 -0.000751 -0.000575
0.009846 0.004961 0.001938
-0.000985 -0.004784 -0.006208
0.001437 0.003291 0.005901
-0.022505 -0.005040 -0.005124
0.002668 0.005955 0.011807
-0.000162 -0.008068 -0.010204
0.019093 -0.000445 -0.000714
-0.000414 0.006496 0.011487
-0.009463 0.003619 0.007563
0.004986 -0.002340 0.001023
-0.005784 0.006261 0.005948
-0.008926 0.012913 0.006928
-0.004013 0.007436 -0.001487
0.005973 -0.000711 -0.000909
0.004290 -0.001157 -0.004021
0.003216 -0.000030 -0.001572
0.009619 0.006566 0.001453
-0.001384 -0.006383 -0.007276
0.003333 0.001400 0.004223
-0.022314 -0.003719 -0.005246
0.003019 0.022860 0.028847
-0.001232 -0.004596 -0.005826
0.018965 0.001010 0.000307
-0.006351 -0.000595 0.006184
-0.006857 0.004865 0.003389
0.004612 -0.003651 0.001015
-0.008628 0.007780 0.002191
-0.004448 0.005990 0.002673
-0.003706 0.007485 -0.001013
0.002541 0.006941 -0.005086
0.004767 -0.002032 -0.003409
0.003275 0.001192 -0.000483
0.010040 0.006070 0.002796
-0.000474 -0.006862 -0.006198
-0.000178 0.005911 0.005022
-0.022681 -0.003449 -0.005797
0.001703 -0.007422 0.011466
0.001080 -0.006730 -0.010818
0.017799 0.000754 -0.000144
-0.005313 -0.001967 0.006070
