0.005807 -0.006347 -0.000860
-0.005294 -0.001306 0.000794
0.010288 0.003395 0.001182
0.002309 -0.000304 -0.003157
0.007447 0.003914 -0.002402
-0.000756 -0.004037 -0.000198
-0.004632 -0.001058 -0.003865
-0.005313 0.006701 0.000077
-0.008437 0.001660 -0.008645
0.005963 0.000754 -0.000991
-0.025369 -0.023865 0.004271
-0.006142 -0.003108 0.002267
-0.001297 -0.002396 0.010593
-0.006968 0.003658 -0.000734
0.004779 0.003671 -0.004820
-0.001954 -0.012603 -0.004846
0.010685 0.001291 0.001091
-0.006737 0.000839 0.000183
0.011732 -0.033242 -0.045632
0.006591 -0.009508 -0.008683
0.007652 0.004702 -0.001868
0.018621 -0.023959 -0.000182
-0.001659 -0.006280 -0.005273
-0.004216 0.006203 -0.000244
-0.010404 0.000566 -0.008048
0.002449 -0.004692 -0.002270
-0.003445 -0.002909 0.004219
-0.004652 -0.002178 0.002717
-0.001880 -0.004860 0.008703
-0.004988 0.001602 -0.000610
0.004846 0.000870 -0.005540
0.002328 -0.002397 0.000887
0.016215 -0.007755 0.005153
-0.004951 -0.000301 0.000428
0.010784 0.004598 0.001145
0.002194 0.002084 -0.003218
0.004113 -0.002089 -0.005769
-0.001437 -0.004148 0.000075
-0.001395 -0.007516 -0.000279
-0.005405 0.009686 0.000344
-0.011250 -0.003634 -0.012370
0.001857 -0.006457 0.002615
0.016139 -0.021521 0.004725
-0.008923 -0.004462 0.000309
-0.001654 -0.027435 0.038400
-0.037174 -0.027031 -0.000869
0.005003 0.007122 -0.005089
0.006123 -0.011268 0.005563
0.011060 0.003010 0.000266
-0.006591 0.000780 0.000644
0.010543 0.004866 0.000966
0.002032 -0.000276 -0.003889
0.008841 0.002595 -0.002198
-0.000732 -0.004566 -0.000291
-0.005373 -0.000102 -0.006400
-0.005033 0.006577 0.000278
-0.007769 0.002908 -0.006400
0.006406 0.001119 -0.003736
-0.003474 -0.003712 0.004245
-0.005878 -0.003157 0.002309
-0.001843 -0.006275 0.009457
-0.004837 -0.000093 -0.000752
0.004288 0.002190 -0.005436
0.002654 -0.001482 -0.000194
0.010893 0.003396 0.000912
-0.009024 -0.005830 0.004527
0.010650 0.006858 -0.001381
-0.001767 -0.008078 -0.000021
0.005651 -0.001416 -0.007056
-0.015557 -0.018912 -0.000394
-0.004395 -0.001692 -0.004737
-0.005786 0.006386 0.001432
-0.015119 -0.006151 -0.007458
0.003788 -0.001653 -0.002347
-0.003552 -0.003731 0.004594
-0.007338 -0.002310 0.001827
-0.001477 -0.004715 0.008242
-0.005516 0.000440 -0.000279
0.004838 0.001569 -0.004637
0.002631 -0.002293 0.001055
0.010517 0.001640 0.001784
-0.005191 -0.001327 0.000674
0.010699 0.003131 -0.000617
0.002737 0.000866 -0.004366
0.008532 0.002680 -0.002307
-0.001678 -0.003605 -0.000886
-0.005229 -0.001908 -0.004898
-0.004761 0.006134 0.000311
-0.007504 0.000857 -0.007952
0.006025 -0.000221 -0.002467
-0.003141 -0.002674 0.004941
-0.006376 -0.002825 0.002966
-0.001889 -0.004684 0.008846
-0.004312 0.001189 -0.000698
0.004258 0.001738 -0.005574
0.002338 -0.000928 0.000755
0.011060 0.003240 0.002678
-0.009858 -0.007144 0.004889
0.010291 0.004719 0.000557
0.002285 -0.000215 -0.003345
0.009377 0.003650 -0.001518
-0.001408 -0.003660 -0.000425
-0.001354 -0.006918 -0.009234
-0.005093 0.005171 0.000138
-0.011059 -0.003343 -0.003810
0.001746 -0.006076 -0.006378
-0.003226 -0.003552 0.004362
-0.007067 -0.001341 0.002628
-0.001706 -0.006291 0.010270
-0.005452 0.000781 -0.000787
0.005505 0.000042 -0.004978
0.002931 -0.001393 0.002606
0.010921 0.001959 0.001359
-0.004695 -0.000421 -0.000123
0.009497 0.003795 -0.000774
0.002432 0.000529 -0.002375
0.008884 0.003568 -0.002139
-0.002204 -0.004115 -0.000946
-0.005777 -0.002054 -0.004877
-0.005318 0.006540 -0.000467
-0.007675 0.001101 -0.007848
0.006301 -0.000864 -0.002319
-0.003458 -0.003529 0.004303
-0.005923 -0.002674 0.002213
-0.001892 -0.005873 0.008418
-0.005492 0.000055 -0.000173
0.004247 0.001679 -0.005271
0.002356 -0.003135 0.001022
-0.013859 0.002152 0.002668
0.004602 -0.001041 0.001232
-0.001147 0.004031 0.002594
-0.004590 0.004308 0.002344
-0.003395 -0.016984 -0.024164
0.007048 -0.000869 -0.000718
0.005362 0.000494 -0.004879
0.003082 0.000194 -0.000059
0.010333 0.010186 0.002675
-0.000749 -0.006260 -0.005982
0.002911 0.006606 0.005782
-0.022441 -0.004879 -0.005305
0.002837 0.000842 0.011469
-0.000290 -0.002809 -0.009755
0.017287 0.002304 -0.000865
-0.004058 0.002678 0.009208
-0.012693 -0.001549 0.002485
0.004995 -0.031146 0.002961
-0.002969 0.001670 0.002043
-0.004196 0.003705 0.002426
-0.002235 0.018016 -0.001440
0.003917 -0.003736 0.000262
0.008038 -0.005028 -0.001630
0.001902 0.000498 -0.000315
0.009351 0.005141 0.000818
-0.000880 -0.007008 -0.005665
0.001899 0.003764 0.005013
-0.027545 -0.014282 -0.000836
0.002281 0.002705 0.011239
-0.000902 -0.006622 -0.009517
0.019488 0.000166 0.000267
-0.004647 0.002752 0.008613
-0.039496 -0.022598 0.000995
0.004462 -0.003677 0.000992
0.015382 -0.010688 0.002800
-0.003406 0.000742 0.003214
-0.004015 -0.017029 0.021013
0.005354 -0.000765 -0.000743
0.008659 -0.004536 -0.002079
0.004290 -0.001931 -0.001080
0.010109 -0.011937 0.030933
-0.000200 -0.002455 -0.005793
0.019441 -0.010588 0.005793
-0.022752 -0.004498 -0.005377
0.023210 0.460580 0.016950
0.000416 -0.014253 -0.024142
0.020366 -0.004596 -0.004543
-0.001745 -0.004356 0.005613
-0.012057 -0.002450 0.002774
0.004719 -0.001180 0.001148
-0.003693 0.000942 0.002570
-0.003884 0.003457 0.002455
-0.003568 -0.011314 0.015456
0.005602 -0.001558 -0.001438
0.003708 -0.001038 -0.004680
0.003524 0.000101 -0.000591
0.010169 0.001877 0.005234
-0.000871 -0.004719 -0.006309
0.000921 0.002321 0.005615
-0.022698 -0.005082 -0.005057
0.003505 0.014534 0.011258
-0.001099 -0.011426 -0.012553
0.016998 0.002827 0.001270
-0.006496 0.000299 0.007848
-0.011631 -0.000232 0.002578
0.005366 -0.029538 -0.000234
-0.003044 0.001936 0.002822
-0.004597 0.003868 0.002996
-0.003905 0.005144 -0.001336
0.006040 -0.000501 -0.001090
0.005870 0.001549 -0.005905
0.004382 0.000637 -0.001092
0.009779 0.006512 0.001276
-0.000220 -0.006873 -0.006559
0.001772 0.002924 0.005390
-0.018360 -0.012758 -0.008433
0.002378 0.002732 0.012073
-0.001067 -0.007787 -0.008435
0.019578 -0.002272 0.000006
-0.001482 -0.004251 0.005275
-0.012335 -0.001438 0.003063
0.005160 -0.001657 0.001677
-0.003440 0.001412 0.002388
-0.005273 0.004369 0.002394
-0.003480 0.005471 -0.001565
0.006045 -0.000490 -0.000813
0.004349 0.000109 -0.005191
0.003308 0.000371 -0.000191
0.009559 0.006246 0.000728
-0.001285 -0.006369 -0.006218
0.001564 0.003763 0.005601
-0.022324 -0.003110 -0.003987
0.002292 0.002642 0.012133
-0.000885 -0.007256 -0.008807
0.016357 0.001057 -0.000084
-0.006384 0.000136 0.007608
-0.012207 -0.001220 0.002881
0.004689 -0.003942 0.001231
-0.003298 0.001180 0.002281
-0.004224 0.004739 0.001967
-0.003594 -0.011591 -0.018877
0.006300 -0.001327 -0.001079
0.003908 0.000491 -0.006353
0.003238 0.000483 -0.000096
0.009778 0.004332 0.001743
-0.000499 0.001907 -0.006899
0.001949 0.003273 0.005203
-0.022910 -0.003353 -0.004905
0.002423 0.003721 0.011740
-0.000367 -0.009272 -0.009527
0.020781 -0.003870 0.003751
-0.006232 0.001258 0.008912
-0.011018 -0.000394 0.003899
0.004850 -0.002281 0.000614
-0.003850 0.001799 0.002041
-0.003068 0.004707 0.003448
-0.003707 0.007012 -0.001627
0.006271 -0.002072 -0.001167
0.004078 -0.000875 -0.004209
0.002848 0.000173 -0.001142
0.009154 0.006113 0.001513
-0.001195 -0.006352 -0.006552
0.001448 0.003092 0.005549
-0.021994 -0.003227 -0.006997
0.002823 0.002422 0.011063
0.000461 -0.006264 -0.008401
0.016554 0.001375 -0.000196
-0.006079 0.001419 0.009013
