2176.0000 0.05 1
1.11111
4.44444
11.1111
2.22222
11.1111
4.44444
13.3333
11.1111
20
11.1111
6.66667
11.1111
24.4444
23.3333
17.7778
23.3333
26.6667
18.8889
13.3333
32.2222
18.8889
8.88889
4.44444
10
14.4444
16.6667
34.4444
40
23.3333
40
11.1111
26.6667
17.7778
31.1111
24.4444
32.2222
28.8889
25.5556
40
24.4444
32.2222
46.6667
36.6667
47.7778
70
55.5556
56.6667
41.1111
80
106.667
95.5556
126.667
127.778
136.667
151.111
144.444
161.111
192.222
192.222
200
216.667
267.778
192.222
230
234.444
286.667
235.556
281.111
253.333
263.333
291.111
298.889
317.778
337.778
318.889
350
284.444
347.778
305.556
307.778
294.444
300
295.556
280
310
273.333
251.111
281.111
294.444
297.778
314.444
316.667
321.111
305.556
342.222
316.667
313.333
294.444
292.222
301.111
304.444
288.889
334.444
355.556
317.778
357.778
377.778
356.667
353.333
352.222
338.889
295.556
253.333
213.333
177.778
162.222
186.667
243.333
262.222
333.333
350
396.667
422.222
395.556
428.889
410
450
402.222
377.778
361.111
342.222
373.333
345.556
396.667
383.333
376.667
385.556
430
402.222
458.889
410
406.667
406.667
357.778
358.889
376.667
368.889
371.111
438.889
422.222
403.333
441.111
398.889
341.111
354.444
322.222
348.889
313.333
330
260
281.111
261.111
270
260
244.444
222.222
274.444
213.333
241.111
217.778
231.111
260
221.111
248.889
230
214.444
206.667
230
178.889
203.333
174.444
200
173.333
176.667
254.444
235.556
231.111
214.444
215.556
168.889
176.667
194.444
262.222
241.111
220
272.222
244.444
221.111
264.444
350
340
317.778
303.333
332.222
305.556
331.111
381.111
413.333
430
430
443.333
434.444
507.778
478.889
504.444
474.444
432.222
350
310
224.444
118.889
12.2222
1.11111
0
0
0
0
0
0
0
0
0
0
0
0
0
0
0
0
0
0
0
2.22222
0
0
4.44444
0
2.22222
0
2.22222
2.22222
4.44444
2.22222
0
5.55556
0
0
6.66667
0
4.44444
6.66667
0
2.22222
2.22222
2.22222
1.11111
2.22222
0
0
2.22222
0
2.22222
0
