-0.000292 0.008388 0.012213
-0.012957 0.006210 0.000607
-0.001233 0.029874 0.000759
0.013203 0.006005 -0.002271
-0.010983 0.034266 -0.005622
-0.006789 -0.001179 -0.001811
-0.000975 0.002741 0.004460
0.000303 -0.018004 -0.001788
-0.003214 -0.010154 -0.000911
-0.021296 -0.006372 0.008438
0.007642 -0.001035 -0.002469
-0.010096 -0.006482 -0.003787
0.004269 -0.007740 0.004177
0.001253 -0.013334 0.002378
-0.005743 0.000700 0.001605
0.013421 -0.010365 0.002989
-0.001511 0.010975 0.012464
-0.007645 0.000706 0.000873
-0.002168 0.019037 -0.000138
0.012621 0.003862 -0.002620
-0.001278 0.016588 -0.005150
-0.009161 0.000519 -0.002856
-0.000060 0.001312 0.003753
-0.000208 -0.015660 -0.002986
-0.004450 -0.011700 -0.000985
-0.010816 -0.009236 -0.001271
0.008679 -0.006688 0.000686
-0.006981 -0.005173 -0.003563
0.003880 -0.007624 0.002577
0.003545 -0.018776 -0.001279
-0.004726 0.001164 0.000724
0.013287 -0.010271 0.000574
-0.000558 0.011132 0.012085
-0.008414 0.002165 0.000327
-0.001842 0.018961 0.001411
0.010948 0.006261 -0.004048
-0.002034 0.015305 -0.005743
-0.009407 0.000540 -0.002383
0.000658 0.002097 0.004599
-0.000157 -0.015451 -0.002514
-0.003402 -0.011375 -0.001634
-0.011156 -0.004732 -0.001512
0.011066 -0.005449 0.001202
-0.009616 -0.005867 -0.003279
0.004896 -0.010431 0.003989
0.001316 -0.019931 -0.001078
-0.001546 0.000319 0.001885
0.014065 -0.011599 0.003217
0.054012 0.067773 0.012724
-0.007832 0.010509 0.000159
-0.002289 0.031359 -0.000076
0.010037 0.002356 -0.002718
-0.000266 0.014876 -0.007513
-0.009432 -0.000894 -0.002289
-0.002454 0.001340 0.003889
0.003627 -0.009317 -0.002428
-0.003029 -0.011774 -0.000775
-0.010730 -0.005761 -0.000400
0.011781 -0.007743 0.000000
-0.009052 -0.006198 -0.003088
0.007127 -0.010411 0.005513
0.003920 -0.020697 -0.001445
-0.003942 0.000346 0.000876
-0.013856 0.007877 0.044190
-0.000560 0.011674 0.012361
-0.009007 0.001603 0.001119
-0.001039 0.018974 0.000427
0.009735 0.003412 -0.003305
-0.001060 0.017364 -0.006495
-0.006165 -0.001918 -0.002401
-0.000545 0.003746 0.004501
0.000366 -0.014912 -0.002712
-0.003002 -0.011356 -0.000924
-0.013696 -0.006709 -0.003558
0.012163 -0.007890 -0.002169
-0.010643 -0.007418 -0.002830
0.004001 -0.006944 0.003560
0.004125 -0.020760 0.001622
-0.002601 0.000857 0.002277
0.014849 -0.010917 0.001701
-0.001741 0.010953 0.014311
-0.004528 0.003602 0.001447
-0.000035 0.019104 0.001099
0.011380 0.006019 -0.005290
0.000670 0.016496 -0.006694
-0.010034 0.001993 -0.002435
-0.000099 0.005986 0.003569
0.002020 -0.017895 -0.004575
-0.003187 -0.011809 0.000545
-0.015877 0.001275 -0.003962
0.012171 -0.006839 0.000691
-0.009358 -0.007086 -0.004430
0.003965 -0.008015 0.002561
0.001459 -0.018932 0.004033
-0.004127 -0.001730 -0.000997
0.011912 -0.011778 0.002793
-0.002017 0.011070 0.010022
-0.005244 0.006738 0.000507
-0.000019 0.018590 0.000207
0.015247 0.002657 0.000995
0.011731 0.034777 -0.006498
0.014659 0.004001 -0.004315
-0.026334 0.008034 0.004749
0.009303 -0.019282 0.008773
-0.002791 0.057162 0.071681
-0.011195 -0.006255 -0.000782
0.010880 -0.006236 -0.003685
0.019255 0.005780 -0.038990
0.007847 -0.001274 0.005020
0.003103 -0.018315 -0.000994
-0.000365 0.006403 -0.000689
0.014570 -0.011741 0.003022
-0.000766 0.010740 0.012357
-0.008895 0.000243 0.000670
-0.001755 0.018889 0.000594
0.010931 0.005580 -0.002130
0.000076 0.016120 -0.002096
-0.009951 -0.000468 -0.001294
-0.002826 0.002034 0.004845
0.000092 -0.016732 -0.001747
-0.003565 -0.010317 -0.001096
-0.012217 -0.004035 -0.002431
0.010799 -0.006873 0.000737
-0.010391 -0.005455 -0.001091
0.014533 -0.011028 -0.006363
0.002938 -0.019825 -0.000531
-0.003193 0.000991 -0.003098
0.013907 -0.011111 0.003825
-0.000800 0.002162 -0.003294
0.008509 0.008955 -0.002970
-0.025293 0.034445 0.002114
0.007245 0.021167 -0.001265
-0.000547 0.006417 -0.000187
0.002351 0.003628 -0.009957
-0.008175 -0.004421 0.000029
0.016259 0.023343 -0.004323
-0.000539 0.008857 -0.001915
0.017330 -0.011461 0.002507
-0.008416 0.012401 0.004010
-0.004205 -0.000762 -0.000284
0.011403 -0.005598 0.000124
-0.011835 -0.007521 -0.004751
0.011198 -0.009470 0.002482
-0.017629 -0.012275 0.001669
0.000452 0.003864 -0.005803
0.007419 0.007428 -0.002728
-0.010269 0.010829 0.003349
0.008399 0.021295 -0.001990
-0.000217 -0.002026 -0.001352
-0.001983 0.011276 -0.010523
-0.008055 -0.001937 0.000977
0.003082 0.006179 -0.000776
-0.001200 0.007110 -0.000817
0.018537 -0.012514 0.003450
-0.007509 0.010465 0.002763
-0.005735 -0.000943 -0.000799
0.010832 -0.005278 0.001202
-0.003919 -0.005066 0.004689
0.009029 -0.008997 0.001747
-0.013842 -0.012289 0.000990
-0.000389 0.000410 -0.004884
0.007238 0.019088 -0.002552
-0.010214 0.010417 0.001637
0.007198 0.023138 -0.001053
0.000410 -0.001852 0.000251
0.000514 0.004498 -0.009533
-0.008461 -0.002192 0.000683
0.003153 0.005501 0.000553
-0.000860 0.008878 -0.002407
0.018148 -0.010740 0.002152
-0.008514 0.010818 0.002332
-0.005139 -0.000624 0.000112
0.011085 -0.006302 0.000107
-0.003702 -0.009151 0.003872
0.009370 -0.009868 0.001887
-0.016493 -0.011955 0.001366
0.000246 0.003985 -0.004808
0.011966 0.016194 -0.002625
-0.002748 0.025019 0.002859
0.006369 0.023000 -0.001956
0.004230 0.005464 -0.000386
-0.000312 0.003659 -0.009696
-0.009534 -0.002460 -0.000198
0.002799 0.002479 -0.000005
0.000307 0.008754 -0.001585
0.020166 0.001713 0.022533
-0.009427 0.008892 0.001907
-0.004430 -0.001149 0.000487
0.012063 -0.004372 0.000059
-0.002573 -0.004868 0.003158
0.037217 0.008302 0.040112
-0.016089 -0.013275 0.005133
0.000640 0.002596 -0.007140
0.007433 0.008017 -0.002394
-0.012448 0.011632 0.002400
0.006814 0.023340 -0.001638
-0.000412 -0.002867 -0.000239
0.001659 0.005107 -0.009685
-0.009063 -0.001031 0.001386
0.004097 0.005960 0.000211
-0.001189 0.007198 -0.002521
0.017441 -0.010856 0.005275
-0.008855 0.009336 0.001511
-0.005009 0.000234 0.000297
0.011654 -0.004631 -0.000756
-0.005331 -0.007291 0.006849
0.010189 -0.009560 0.001583
-0.015958 -0.011977 0.000651
0.000500 0.002970 -0.005297
0.002838 0.012173 -0.000749
-0.012123 0.009623 -0.002538
0.006992 0.026286 -0.002426
-0.001450 0.001600 0.004709
0.002761 0.006680 -0.007536
-0.009198 -0.002414 0.000945
0.003963 0.004369 -0.000518
-0.000699 0.008555 -0.001720
0.019196 -0.012166 0.002612
-0.008506 0.010293 0.001601
-0.004752 -0.001191 0.002436
0.011451 -0.006510 -0.002992
-0.002847 -0.006847 0.002989
0.010426 -0.009921 0.002811
-0.017731 -0.013338 0.002764
-0.047758 0.043064 -0.004885
0.003416 0.011891 -0.004645
-0.011170 0.006949 0.005659
0.006175 0.026351 -0.000952
-0.001686 0.000630 -0.003423
0.003460 0.008340 -0.016272
-0.024521 0.022775 -0.000501
0.003381 0.004671 -0.000616
-0.005935 -0.528738 -0.021929
0.017331 -0.012715 0.003135
-0.032050 0.027421 -0.027947
-0.004871 0.013050 -0.018974
0.013428 0.063916 -0.061647
-0.006688 0.000020 0.005997
0.009395 -0.008259 -0.000040
-0.013121 -0.005509 0.003750
0.000562 0.004351 -0.005840
0.005333 0.007430 -0.002272
-0.010094 0.011209 0.002469
0.005801 0.022391 -0.001381
-0.000433 -0.004080 -0.000268
0.001549 0.015377 -0.010000
-0.009607 -0.002303 0.001773
0.003306 0.005578 0.000044
0.000467 0.007814 -0.002600
0.017594 -0.010752 0.000638
-0.008080 0.009853 0.001764
-0.005858 -0.001643 -0.000765
0.012455 -0.005798 -0.000385
-0.004283 -0.005762 0.004725
0.010197 -0.010717 0.003040
-0.017472 -0.011985 0.002660
