2176.0000 0.05 1
1.875
3.75
6.25
6.25
7.5
16.25
8.75
7.5
17.5
15
14.375
16.25
25
16.25
6.25
31.25
23.125
18.125
28.75
10
10
13.125
10
10
16.25
20
25
30
37.5
19.375
22.5
28.75
13.75
26.875
20.625
29.375
21.875
41.875
43.75
30
37.5
55
48.75
45.625
41.875
67.5
54.375
49.375
84.375
92.5
98.75
125.625
136.25
135
138.75
153.75
181.25
153.125
156.875
200.625
176.25
175
233.75
251.875
267.5
240
231.875
281.875
292.5
310
297.5
320
301.875
314.375
322.5
339.375
341.25
363.75
314.375
355
371.875
365
330.625
360
332.5
380
311.25
295
305.625
283.75
273.75
255.625
232.5
247.5
253.125
301.25
206.25
248.75
310.625
296.25
318.75
308.75
309.375
299.375
249.375
294.375
308.75
298.125
323.125
275
280
303.75
271.25
323.75
288.75
316.25
247.5
297.5
354.375
316.875
319.375
314.375
327.5
361.875
342.5
380.625
401.875
378.75
388.125
393.125
397.5
429.375
451.875
470.625
453.75
440
454.375
436.25
446.875
418.75
405
428.125
382.5
358.75
316.25
353.75
326.875
312.5
314.375
332.5
301.875
275.625
218.75
253.75
250
303.75
279.375
245.625
273.125
225
318.75
287.5
329.375
303.75
300
292.5
285.625
295.625
350.625
292.5
321.25
355
370.625
356.875
259.375
287.5
211.25
289.375
348.75
264.375
264.375
266.875
258.75
235
245
251.875
262.5
330.625
236.875
226.25
238.125
225
181.25
246.25
256.25
280
256.25
308.75
252.5
262.5
256.875
206.25
202.5
271.25
253.125
326.25
344.375
343.75
354.375
276.875
366.875
294.375
514.375
534.375
509.375
421.875
370.625
257.5
235.625
200.625
164.375
124.375
56.875
33.75
11.25
3.75
1.875
3.75
1.25
0
0
0
0
0
0
0
0
0
0
2.5
0
