0.007009 -0.002053 -0.002760
-0.001820 -0.010770 -0.003362
0.010636 0.003051 0.000022
0.000344 0.003175 -0.004159
0.013393 -0.007502 0.001746
-0.002055 -0.002718 -0.000622
-0.005064 -0.030783 -0.004173
-0.005369 0.008259 -0.001574
-0.008557 -0.002518 -0.007642
-0.011433 -0.020724 -0.002168
-0.002587 -0.000082 0.006001
-0.005172 -0.000599 0.001323
-0.001718 -0.005935 0.009339
-0.005938 0.000196 -0.000457
0.005030 0.000867 -0.005135
0.002936 -0.002856 -0.000620
0.011070 0.002152 0.001304
-0.005576 -0.002846 0.001246
0.010576 0.004174 0.001183
0.002506 0.000517 -0.003618
0.008560 0.002212 -0.002765
-0.000791 -0.003611 -0.000223
-0.004729 -0.001287 -0.004788
-0.005826 0.006062 0.000237
-0.008916 -0.000411 -0.008255
0.005377 -0.001981 -0.002322
-0.002590 -0.002036 0.004652
-0.006125 -0.002559 0.002206
-0.002042 -0.005697 0.009489
-0.006337 0.000059 -0.000586
0.003905 0.000621 -0.004866
0.002421 -0.001402 0.001705
0.009811 0.004746 0.001880
-0.010371 -0.011812 0.006219
0.010842 0.004990 0.000220
-0.001489 -0.004631 -0.001024
0.002580 -0.007988 -0.007760
-0.063065 -0.056763 -0.000025
-0.003319 -0.033277 -0.004538
-0.001345 0.000077 -0.004408
-0.000175 0.549826 0.000603
0.021027 -0.019645 -0.002420
-0.006873 -0.007383 0.008857
-0.002824 -0.007327 0.006482
-0.001733 -0.004535 0.009442
-0.005475 -0.000324 -0.000724
0.004631 0.001846 -0.004635
0.002491 -0.002187 0.000151
0.011246 0.003476 0.002078
-0.005577 -0.001036 -0.000102
0.010605 0.003813 0.000250
0.002272 0.000535 -0.003412
0.008026 0.003455 -0.001421
0.000376 -0.004027 -0.000418
-0.004696 -0.002404 -0.004094
-0.005917 0.008363 0.002166
-0.008532 0.009072 -0.006138
0.004756 -0.001954 -0.002519
-0.002971 -0.000339 0.002929
-0.006362 -0.002706 0.001985
-0.001594 -0.005273 0.009428
-0.005584 -0.000417 -0.000565
0.004208 0.001641 -0.005434
0.002640 0.000110 0.001288
0.011230 0.003332 0.001686
-0.005904 -0.000109 0.001439
0.010597 0.004347 -0.001020
0.002273 0.001661 -0.004225
0.008467 0.001827 -0.002768
-0.000114 -0.002594 -0.000782
-0.004703 -0.002685 -0.005107
-0.005895 0.006419 0.000192
-0.008425 -0.000484 -0.007422
0.004898 -0.002129 -0.002506
-0.002657 -0.001872 0.004634
-0.006284 -0.001625 0.001161
-0.001406 -0.005837 0.009283
-0.004887 -0.000181 -0.000747
0.003392 0.001446 -0.005394
0.002573 -0.000835 0.001613
0.009413 0.004944 0.002500
-0.005497 -0.001707 0.001334
0.015343 -0.006445 0.005724
0.001109 0.003235 -0.004420
0.008329 0.001168 -0.002855
-0.001850 -0.002925 -0.001044
-0.004589 -0.001396 -0.004917
-0.001164 0.002193 0.000417
-0.008617 -0.000403 -0.007549
0.005187 -0.002286 -0.002560
-0.004249 -0.002540 0.004729
-0.004482 -0.000295 0.000898
-0.000045 -0.004360 0.010465
-0.017275 -0.012059 -0.000838
0.004909 0.002359 -0.005363
0.002894 -0.001848 0.001241
0.011516 0.002075 0.001576
-0.005065 -0.001011 0.002584
0.010797 0.003660 -0.000226
0.002679 0.001599 -0.004014
0.008668 0.003323 -0.004063
-0.000541 -0.003642 -0.000570
-0.004689 -0.002228 -0.004405
-0.002208 0.001201 0.003753
-0.008505 0.000120 -0.007778
0.005149 -0.001407 -0.002536
-0.006994 -0.006840 0.001296
-0.007151 -0.001143 0.002315
-0.005725 -0.005866 0.007170
-0.005462 0.000259 -0.000210
0.005150 0.001920 -0.004891
0.002610 -0.034514 -0.041988
0.007182 -0.002436 -0.001337
-0.005518 -0.002335 0.001159
0.006022 -0.004277 -0.004547
-0.001569 -0.005097 0.001009
0.008272 0.003190 -0.002916
-0.000975 -0.001819 -0.000273
-0.004556 -0.002816 -0.004793
-0.004585 0.005758 0.000181
-0.008360 -0.000530 -0.008331
0.004721 -0.002133 -0.002119
-0.007140 -0.006272 0.004388
-0.002637 -0.006324 0.004242
-0.003385 -0.004546 0.008825
0.005423 -0.011682 0.000202
0.046655 -0.033776 -0.003691
0.002116 -0.002310 0.001660
-0.012454 -0.022263 0.022055
0.011381 -0.009740 0.000865
-0.002535 0.001254 0.002593
-0.004889 0.003938 0.002505
-0.036665 -0.015326 -0.001987
0.007933 0.001470 0.000113
0.004134 -0.001147 -0.004523
0.002611 0.003079 0.000120
0.006127 -0.003156 0.005561
-0.000703 -0.004318 -0.006041
0.002054 0.003639 0.005037
-0.022331 -0.004655 -0.006064
0.003082 0.005250 0.009957
-0.000579 -0.007733 -0.009304
0.017945 0.002980 0.000340
-0.004508 0.000601 0.007437
-0.012791 -0.002467 0.002962
0.004243 -0.000998 0.002288
-0.002810 0.001913 0.002062
-0.004153 0.005084 0.001423
-0.003743 0.006341 -0.001189
0.006032 -0.000182 -0.000969
0.004335 -0.000984 -0.004849
0.003047 0.001074 0.000678
0.009747 0.005143 0.001669
-0.000809 -0.005787 -0.006534
0.002252 0.002268 0.005068
-0.021893 -0.000870 -0.005325
0.003257 0.005264 0.011522
-0.000770 -0.007779 -0.009973
0.017352 0.000794 -0.000568
-0.005994 -0.000305 0.007608
-0.012627 -0.022947 -0.017015
0.004303 -0.002604 0.001380
-0.003111 0.001067 0.002200
-0.004239 0.003353 0.003249
-0.003893 0.008375 -0.001973
0.009846 -0.005675 -0.003195
0.005935 -0.004620 -0.002422
0.003999 -0.031669 -0.047291
0.014119 -0.004701 -0.003451
0.044103 -0.037645 -0.005978
0.002388 0.006890 0.005499
-0.022144 -0.003417 -0.005553
-0.000983 0.000300 0.008301
-0.002058 -0.009787 -0.007734
0.018416 0.004714 0.000034
-0.007436 0.000675 0.007793
-0.011670 -0.016126 -0.010508
0.003840 -0.001908 0.001546
-0.002835 0.000568 0.001750
-0.004660 0.005581 0.003068
-0.002661 0.006143 -0.001331
0.005483 -0.001482 -0.000933
0.004326 -0.001116 -0.004584
0.002205 -0.004050 -0.003818
0.010010 0.006340 0.003473
-0.002055 -0.006476 -0.006328
0.002113 0.005552 0.004887
-0.022585 -0.003225 -0.006481
0.004111 0.006391 0.013011
-0.000579 -0.008013 -0.009391
0.017879 0.001959 -0.000209
-0.006264 -0.000364 0.007556
-0.012852 -0.000665 0.002942
0.007333 -0.007169 0.005658
-0.002737 0.000194 0.002558
-0.004227 0.004281 0.001615
-0.002139 0.007458 -0.000553
0.005414 -0.001537 -0.000744
0.004370 -0.001014 -0.004022
0.002937 0.000726 0.000309
0.010064 0.005343 0.001967
-0.002169 -0.004836 -0.006507
0.002118 0.002309 0.005362
-0.022341 -0.029322 0.031423
0.003421 0.004869 0.011647
-0.000462 -0.007839 -0.009355
0.018905 0.000891 0.000843
-0.005731 0.001312 0.007984
-0.012506 0.010399 0.003118
0.004251 -0.000682 -0.000406
-0.002746 0.005106 0.002665
-0.003937 0.003582 0.001887
-0.003867 0.006328 -0.001770
0.010412 -0.007410 -0.006089
0.003079 -0.000691 -0.004524
0.003447 -0.000102 0.000610
0.009484 0.004953 0.001978
-0.000792 -0.005595 -0.006147
0.002444 0.002103 0.005308
-0.021775 -0.004945 -0.005103
-0.005000 -0.002204 0.012283
0.000912 -0.006982 -0.009830
0.016719 0.000901 0.001147
-0.006089 0.000796 0.007704
-0.012866 -0.022383 0.022056
0.003590 -0.002632 0.001225
-0.002718 0.000957 0.002911
-0.005982 -0.023455 0.042164
-0.002576 0.005890 -0.001437
0.005769 -0.000141 0.000287
0.004466 0.000227 -0.004752
0.003410 -0.000658 -0.001053
0.010077 0.006416 0.000970
-0.001198 -0.005857 -0.006577
0.002209 0.009039 0.004391
-0.022805 -0.003444 -0.006351
0.000132 0.000434 0.016192
-0.000555 -0.007092 -0.009269
0.017652 0.000085 0.000203
-0.005600 -0.000037 0.007789
-0.012747 -0.002958 0.003082
0.007564 -0.006947 -0.002568
-0.003163 0.009006 0.002566
-0.004764 0.004516 0.002139
-0.002110 0.007233 -0.001946
0.007393 0.001936 0.000105
0.005940 -0.000770 -0.003798
0.002983 0.000877 0.000170
0.009689 0.006302 0.001888
-0.002846 -0.005000 -0.005651
0.002232 0.002252 0.005861
-0.022579 -0.004781 -0.005265
0.003295 0.004233 0.011233
-0.001509 -0.006555 -0.009100
0.019612 0.000723 -0.001065
-0.002308 -0.001751 0.005382
