768.0000 0.05 1
0.4
3.2
0
4.8
0
2.4
5.6
7.2
4.8
0
0
4.8
9.6
10.4
4.8
2.4
4.8
9.6
4.8
4.8
7.2
10.4
9.6
4.8
9.6
7.2
24
0
4.8
4.8
9.6
20
19.2
12
43.2
41.6
37.6
65.6
70.4
97.6
93.6
147.2
105.6
155.6
121.2
145.6
104.8
115.2
202.4
170.8
144.8
170
131.2
210.8
115.6
120
175.2
91.2
115.2
106.4
102.4
112.8
123.2
84.8
113.6
127.2
41.6
152
130.4
169.6
124.8
164
96
155.2
124.8
111.2
109.6
104.8
126.4
133.6
118.8
138.8
148
128
100.8
140
188
156.8
84
96
108
48
84
33.6
47.2
56
160.8
120.8
169.2
190.4
172.4
170.8
229.6
146.4
202.4
116
147.2
104.8
147.2
92.4
150.4
152
154.8
166.8
228
196.4
146.4
132
127.2
159.2
117.6
129.6
146.8
152
140.8
205.6
132
178
144
167.2
167.2
95.2
108.8
132
158.4
79.2
106.4
76.8
125.6
102.4
80.8
105.6
55.6
78
94.8
58
101.6
65.2
165.2
105.6
120
74.4
49.6
84
96
24
40.8
62.4
91.2
134.4
136.8
88
68
77.6
24.4
94.8
81.6
76
63.2
104.8
95.2
164
104.8
115.6
146
140.8
150.4
82.4
111.2
108.8
188.8
163.6
133.6
87.2
79.2
68.8
50.8
26.4
12.8
4
4
0
