-0.025974 -0.026806 -0.001690
0.027516 0.006745 -0.017196
-0.000903 -0.004302 0.000098
0.000003 0.001967 0.000948
0.000903 -0.004302 0.000098
-0.000003 0.001967 0.000948
0.025974 -0.026806 -0.001690
-0.027516 0.006745 -0.017196
-0.020111 -0.035829 -0.003800
-0.000762 -0.003703 -0.000667
-0.000000 -0.006323 -0.000524
-0.000000 0.000638 -0.001485
0.020111 -0.035829 -0.003800
0.000762 -0.003703 -0.000667
-0.000000 -0.005464 -0.000581
-0.000000 0.004338 0.006072
-0.003349 -0.032203 -0.001001
-0.000912 -0.005852 -0.002897
0.003349 -0.032203 -0.001001
0.000912 -0.005852 -0.002897
0.000765 -0.004567 0.000094
0.001409 -0.002819 0.001352
-0.000765 -0.004567 0.000094
-0.001409 -0.002819 0.001352
-0.000000 0.418757 0.384903
-0.000000 -0.103194 -0.100235
0.010546 -0.003105 -0.002147
0.016596 -0.002064 -0.011232
-0.000000 -0.001005 -0.003750
-0.000000 0.002191 0.003507
-0.010546 -0.003105 -0.002147
-0.016596 -0.002064 -0.011232
-0.000558 -0.002131 0.002041
-0.053856 -0.039303 -0.055573
0.000639 0.000627 -0.002148
-0.000825 -0.001556 -0.002877
-0.000639 0.000627 -0.002148
0.000825 -0.001556 -0.002877
0.000558 -0.002131 0.002041
0.053856 -0.039303 -0.055573
-0.000312 -0.000046 -0.000128
-0.003930 -0.002557 -0.000669
-0.000000 -0.001484 0.001204
-0.000000 0.000495 -0.002284
0.000312 -0.000046 -0.000128
0.003930 -0.002557 -0.000669
-0.000000 -0.002156 0.000490
-0.000000 -0.017456 -0.016255
0.001010 0.000981 0.005356
-0.003242 -0.002133 -0.000169
-0.001010 0.000981 0.005356
0.003242 -0.002133 -0.000169
-0.001294 0.000939 -0.001718
0.002987 -0.001855 0.001888
0.001294 0.000939 -0.001718
-0.002987 -0.001855 0.001888
-0.000000 -0.000003 -0.026470
-0.000000 0.004771 0.008948
-0.001578 0.001416 0.003172
-0.003332 0.009118 -0.000033
-0.000000 -0.000300 0.000472
-0.000000 0.000414 0.000343
0.001578 0.001416 0.003172
0.003332 0.009118 -0.000033
-0.000614 0.001771 0.003930
-0.000075 -0.000360 0.000609
-0.001336 -0.000607 -0.000742
-0.000683 0.000070 -0.000710
0.001336 -0.000607 -0.000742
0.000683 0.000070 -0.000710
0.000614 0.001771 0.003930
0.000075 -0.000360 0.000609
0.000419 0.000051 -0.000865
-0.000099 0.001307 -0.001187
-0.000000 0.000944 -0.003066
-0.000000 -0.000953 0.001300
-0.000419 0.000051 -0.000865
0.000099 0.001307 -0.001187
-0.000000 0.001360 -0.002566
-0.000000 -0.000697 -0.015670
-0.002311 -0.001243 0.001099
0.000343 0.000173 -0.000409
0.002311 -0.001243 0.001099
-0.000343 0.000173 -0.000409
0.001717 -0.000831 -0.001063
0.000397 -0.000435 -0.001263
-0.001717 -0.000831 -0.001063
-0.000397 -0.000435 -0.001263
-0.000000 0.000129 -0.027358
-0.000000 -0.000163 -0.000452
0.001386 -0.000118 0.004309
0.000877 0.001511 -0.016339
-0.000000 0.000443 -0.001385
-0.000000 0.000212 -0.001905
-0.001386 -0.000118 0.004309
-0.000877 0.001511 -0.016339
