-5.43748 -9.418 0
10.875 0 0
0 0 12.8917
1 0 0
0 1 0
0 0 1
0.5000000000000000 0.0000000000000000 0.3333333333333357	Ru
0.6666675000000026 0.0833350000275885 0.1666666666666643	Ru
0.5000000000000000 0.2500000000000000 0.3333333333333357	Ru
0.6666675000000026 0.3333350000275885 0.1666666666666643	Ru
0.5000000000000000 0.5000000000000000 0.3333333333333357	Ru
0.6666675000000026 0.5833350000275885 0.1666666666666643	Ru
0.5000000000000000 0.7500000000000000 0.3333333333333357	Ru
0.6666675000000026 0.8333350000275885 0.1666666666666643	Ru
0.2500000000000000 0.0000000000000000 0.3333333333333357	Ru
0.4166675000000026 0.0833350000275885 0.1666666666666643	Ru
0.2500000000000000 0.2500000000000000 0.3333333333333357	Ru
0.4166675000000026 0.3333350000275885 0.1666666666666643	Ru
0.2500000000000000 0.5000000000000000 0.3333333333333357	Ru
0.4166675000000026 0.5833350000275885 0.1666666666666643	Ru
0.2500000000000000 0.7500000000000000 0.3333333333333357	Ru
0.4166675000000026 0.8333350000275885 0.1666666666666643	Ru
0.0000000000000000 0.0000000000000000 0.3333333333333357	Ru
0.1666675000000026 0.0833350000275885 0.1666666666666643	Ru
0.0000000000000000 0.2500000000000000 0.3333333333333357	Ru
0.1666675000000026 0.3333350000275885 0.1666666666666643	Ru
0.0000000000000000 0.5000000000000000 0.3333333333333357	Ru
0.1666675000000026 0.5833350000275885 0.1666666666666643	Ru
0.0000000000000000 0.7500000000000000 0.3333333333333357	Ru
0.1666675000000026 0.8333350000275885 0.1666666666666643	Ru
0.7530025000000009 0.0014999999724168 0.3311399999689755	Ru
0.9166675000000026 0.0833350000275885 0.1666666666666643	Ru
0.7500000000000000 0.2500000000000000 0.3333333333333357	Ru
0.9166675000000026 0.3333350000275885 0.1666666666666643	Ru
0.7500000000000000 0.5000000000000000 0.3333333333333357	Ru
0.9166675000000026 0.5833350000275885 0.1666666666666643	Ru
0.7500000000000000 0.7500000000000000 0.3333333333333357	Ru
0.9166675000000026 0.8333350000275885 0.1666666666666643	Ru
0.5000000000000000 0.0000000000000000 0.6666666666666643	Ru
0.6666675000000026 0.0833350000275885 0.5000000000000000	Ru
0.5000000000000000 0.2500000000000000 0.6666666666666643	Ru
0.6666675000000026 0.3333350000275885 0.5000000000000000	Ru
0.5000000000000000 0.5000000000000000 0.6666666666666643	Ru
0.6666675000000026 0.5833350000275885 0.5000000000000000	Ru
0.5000000000000000 0.7500000000000000 0.6666666666666643	Ru
0.6666675000000026 0.8333350000275885 0.5000000000000000	Ru
0.2500000000000000 0.0000000000000000 0.6666666666666643	Ru
0.4166675000000026 0.0833350000275885 0.5000000000000000	Ru
0.2500000000000000 0.2500000000000000 0.6666666666666643	Ru
0.4166675000000026 0.3333350000275885 0.5000000000000000	Ru
0.2500000000000000 0.5000000000000000 0.6666666666666643	Ru
0.4166675000000026 0.5833350000275885 0.5000000000000000	Ru
0.2500000000000000 0.7500000000000000 0.6666666666666643	Ru
0.4166675000000026 0.8333350000275885 0.5000000000000000	Ru
0.0000000000000000 0.0000000000000000 0.6666666666666643	Ru
0.1666675000000026 0.0833350000275885 0.5000000000000000	Ru
0.0000000000000000 0.2500000000000000 0.6666666666666643	Ru
0.1666675000000026 0.3333350000275885 0.5000000000000000	Ru
0.0000000000000000 0.5000000000000000 0.6666666666666643	Ru
0.1666675000000026 0.5833350000275885 0.5000000000000000	Ru
0.0000000000000000 0.7500000000000000 0.6666666666666643	Ru
0.1666675000000026 0.8333350000275885 0.5000000000000000	Ru
0.7500000000000000 0.0000000000000000 0.6666666666666643	Ru
0.9166675000000026 0.0833350000275885 0.5000000000000000	Ru
0.7500000000000000 0.2500000000000000 0.6666666666666643	Ru
0.9166675000000026 0.3333350000275885 0.5000000000000000	Ru
0.7500000000000000 0.5000000000000000 0.6666666666666643	Ru
0.9166675000000026 0.5833350000275885 0.5000000000000000	Ru
0.7500000000000000 0.7500000000000000 0.6666666666666643	Ru
0.9166675000000026 0.8333350000275885 0.5000000000000000	Ru
0.5000000000000000 0.0000000000000000 0.0000000000000000	Ru
0.6666675000000026 0.0833350000275885 0.8333333333333357	Ru
0.5000000000000000 0.2500000000000000 0.0000000000000000	Ru
0.6666675000000026 0.3333350000275885 0.8333333333333357	Ru
0.5000000000000000 0.5000000000000000 0.0000000000000000	Ru
0.6666675000000026 0.5833350000275885 0.8333333333333357	Ru
0.5000000000000000 0.7500000000000000 0.0000000000000000	Ru
0.6666675000000026 0.8333350000275885 0.8333333333333357	Ru
0.2500000000000000 0.0000000000000000 0.0000000000000000	Ru
0.4166675000000026 0.0833350000275885 0.8333333333333357	Ru
0.2500000000000000 0.2500000000000000 0.0000000000000000	Ru
0.4166675000000026 0.3333350000275885 0.8333333333333357	Ru
0.2500000000000000 0.5000000000000000 0.0000000000000000	Ru
0.4166675000000026 0.5833350000275885 0.8333333333333357	Ru
0.2500000000000000 0.7500000000000000 0.0000000000000000	Ru
0.4166675000000026 0.8333350000275885 0.8333333333333357	Ru
0.0000000000000000 0.0000000000000000 0.0000000000000000	Ru
0.1666675000000026 0.0833350000275885 0.8333333333333357	Ru
0.0000000000000000 0.2500000000000000 0.0000000000000000	Ru
0.1666675000000026 0.3333350000275885 0.8333333333333357	Ru
0.0000000000000000 0.5000000000000000 0.0000000000000000	Ru
0.1666675000000026 0.5833350000275885 0.8333333333333357	Ru
0.0000000000000000 0.7500000000000000 0.0000000000000000	Ru
0.1666675000000026 0.8333350000275885 0.8333333333333357	Ru
0.7500000000000000 0.0000000000000000 0.0000000000000000	Ru
0.9166675000000026 0.0833350000275885 0.8333333333333357	Ru
0.7500000000000000 0.2500000000000000 0.0000000000000000	Ru
0.9166675000000026 0.3333350000275885 0.8333333333333357	Ru
0.7500000000000000 0.5000000000000000 0.0000000000000000	Ru
0.9166675000000026 0.5833350000275885 0.8333333333333357	Ru
0.7500000000000000 0.7500000000000000 0.0000000000000000	Ru
0.9166675000000026 0.8333350000275885 0.8333333333333357	Ru
