2176.0000 0.05 1
1.875
3.75
6.25
6.25
7.5
16.25
8.75
6.25
17.5
16.25
14.375
16.25
25
16.25
6.25
31.25
23.125
18.125
30
8.75
10
13.125
10
10
16.25
20
25
30
37.5
19.375
23.75
27.5
13.75
26.875
20.625
29.375
21.25
42.5
43.125
30.625
38.75
53.75
48.125
46.25
43.125
65
55.625
48.125
85.625
92.5
98.75
124.375
138.125
134.375
139.375
153.125
180.625
152.5
157.5
200
177.5
175
235
251.25
266.875
238.125
236.25
276.875
295.625
308.125
298.75
320
301.875
311.25
325.625
338.125
338.75
367.5
313.75
356.875
369.375
366.875
326.25
363.125
335.625
377.5
310
296.25
304.375
285
275
256.875
230
250
250.625
301.25
204.375
251.875
311.875
294.375
321.875
305.625
307.5
301.25
251.25
291.25
308.75
298.125
324.375
275
279.375
302.5
273.125
319.375
291.875
317.5
246.25
299.375
351.875
318.75
314.375
318.75
326.25
361.875
342.5
382.5
398.125
380
390.625
392.5
395
432.5
449.375
472.5
450.625
441.875
451.875
436.875
451.25
416.875
405.625
428.125
381.875
357.5
318.125
353.125
328.75
311.25
315.625
329.375
303.75
275.625
218.75
253.75
250
305.625
277.5
246.25
273.125
226.25
317.5
286.875
326.875
306.25
299.375
292.5
283.125
297.5
352.5
289.375
323.75
353.125
371.875
356.25
261.875
285.625
211.875
289.375
345.625
267.5
265.625
265.625
257.5
236.25
246.25
249.375
265.625
328.125
236.25
226.25
239.375
225
180
247.5
257.5
278.75
256.25
310
248.75
265
256.875
205
206.25
270
253.125
325
345.625
342.5
355.625
276.25
367.5
293.75
511.25
538.125
508.75
423.75
364.375
260.625
234.375
203.125
166.875
117.5
58.75
35
10
3.75
1.25
5
1.25
0
0
0
0
0
0
0
0
0
0
3.75
0
