0.007613 0.002512 0.000596
-0.006843 -0.001365 0.001127
0.009695 0.005121 0.000366
0.007169 -0.003812 -0.000643
0.008742 0.000089 -0.002684
-0.000865 -0.003070 -0.000086
0.001486 -0.005088 0.000526
-0.010464 0.006907 0.000374
-0.009699 -0.000121 -0.008117
0.003721 -0.001696 -0.003679
-0.001933 -0.002127 0.004187
-0.007420 -0.003771 0.001642
-0.002444 -0.006069 0.009345
-0.004610 0.001290 -0.000490
0.003099 0.001445 -0.004860
0.002487 -0.001577 0.001044
0.015412 -0.002292 -0.000725
-0.003937 -0.001521 0.001098
0.009853 0.004639 0.000003
0.002316 0.000751 -0.003965
0.009877 0.002633 -0.002726
-0.010750 -0.005042 -0.000413
-0.002798 -0.003319 -0.004591
-0.005876 0.005944 0.000327
-0.004101 0.004513 -0.007337
0.005185 -0.000197 -0.002139
-0.002488 -0.002585 0.004893
-0.006473 -0.002514 0.001531
-0.001287 -0.005175 0.009834
-0.006763 -0.001405 -0.001170
0.006213 0.000768 -0.004918
0.002587 -0.001974 0.000825
0.011424 0.002643 0.002261
-0.004919 -0.000936 0.001085
0.020482 0.008691 -0.004097
0.007783 0.005628 0.000725
0.007573 0.002462 -0.002833
-0.000626 -0.003393 -0.000724
-0.005628 -0.001161 -0.005099
-0.011054 0.005968 0.000356
-0.002318 0.004312 -0.002583
0.005142 -0.001295 -0.002197
-0.542157 -0.012268 0.013974
-0.008260 -0.001143 0.002237
0.007596 -0.009857 0.004072
-0.008573 0.000910 -0.000786
0.002700 0.001140 -0.005145
0.051324 -0.001885 -0.055285
0.015089 0.002274 -0.002458
-0.007537 -0.004995 0.003105
0.011091 0.003671 0.000055
0.001107 0.001389 -0.005082
0.007355 0.002579 -0.002292
-0.001161 -0.002813 -0.001360
0.000734 -0.004990 -0.008953
-0.004721 0.005982 0.000098
-0.009609 0.000341 -0.007458
0.002943 -0.002428 -0.001172
-0.004741 -0.002634 0.004587
-0.005708 -0.002329 0.002075
-0.001016 -0.005141 0.009797
-0.006289 -0.000494 -0.000695
0.003267 0.001207 -0.005309
0.002321 -0.001782 0.001946
0.016054 0.007082 -0.002410
-0.005592 -0.001572 0.001156
0.020736 0.007737 -0.005723
0.000364 0.000847 -0.001327
0.007899 0.002464 -0.002997
0.001915 -0.003110 -0.000423
-0.006919 -0.003400 -0.004464
-0.007229 0.005970 0.000898
-0.011448 0.001711 -0.007432
0.043202 0.045688 -0.003407
-0.002552 -0.002520 0.004453
0.022850 -0.004081 0.036587
-0.002544 -0.005017 0.008028
0.000080 0.003276 0.003905
-0.003021 0.001281 -0.005954
0.002387 -0.001872 0.001393
0.009719 0.003151 0.002811
-0.004945 -0.001647 0.001167
0.011099 0.003889 0.000078
0.001666 0.000452 -0.003846
0.008992 0.002448 -0.002592
-0.000998 -0.003169 -0.000754
-0.004845 -0.001393 -0.005009
-0.006011 0.005864 0.000217
-0.009193 0.000022 -0.007905
0.005060 -0.001920 -0.002763
-0.002479 -0.002279 0.004287
-0.006352 -0.002767 0.001420
-0.002913 -0.007086 0.009831
-0.006752 -0.002029 0.000068
0.004578 0.001411 -0.005524
0.000546 -0.003864 0.002041
0.010470 0.002227 0.002002
-0.006602 -0.001112 0.001382
0.009517 0.003586 -0.001143
0.001107 0.000396 -0.004152
0.009394 0.003048 -0.002846
-0.000467 -0.003341 -0.000355
-0.005298 -0.001268 -0.004846
-0.004272 0.005725 0.000221
-0.002897 0.004373 -0.011979
0.005072 -0.001358 -0.002543
-0.002418 -0.002455 0.004527
-0.006962 -0.001891 0.002283
-0.002458 -0.005370 0.008083
-0.005601 -0.000440 -0.000733
0.004555 0.000989 -0.004975
0.002613 -0.001879 0.000063
0.009793 0.002258 0.001732
-0.004234 -0.001884 0.001880
0.008839 0.004572 -0.001137
0.004064 0.000423 -0.002291
0.009741 0.002341 -0.003294
-0.011244 -0.003032 -0.001292
-0.004364 -0.000997 -0.004779
-0.006854 0.006082 -0.000098
-0.008275 -0.000037 -0.007756
0.005110 -0.001596 -0.002629
-0.002593 -0.002814 0.004694
-0.006588 -0.002174 0.002647
0.007129 -0.008662 0.005942
-0.000284 0.003197 -0.005274
-0.001494 0.001315 -0.005704
0.000529 0.000060 0.001379
0.014356 0.028418 0.004421
0.004239 -0.003034 0.000715
-0.005948 0.000186 0.002212
0.001580 0.008653 0.005604
0.017276 0.006495 0.018602
0.005883 -0.001142 0.000071
0.003307 -0.001018 -0.004535
0.007676 0.005235 -0.002877
0.020748 0.010783 0.007068
-0.001295 -0.005972 -0.006356
0.002322 0.001883 0.005637
-0.022451 -0.004364 -0.005758
0.024525 0.026318 0.011081
-0.001446 -0.008661 -0.008945
0.017767 0.001130 0.000289
-0.005664 0.000522 0.007339
-0.012666 -0.001713 0.002958
0.005696 -0.002688 0.001075
-0.003527 0.002499 0.001817
-0.005078 0.003881 0.001808
0.016738 -0.014244 -0.002064
0.004452 0.000236 -0.000078
0.004952 -0.000632 -0.004393
0.002960 0.000684 0.000571
0.009595 0.005972 0.001621
0.000366 -0.006347 -0.005833
0.002003 0.003543 0.005423
-0.022654 -0.003863 -0.005379
0.003898 0.004849 0.011943
-0.001147 -0.008796 -0.009847
0.017643 0.000651 0.000272
-0.007119 -0.000215 0.007829
-0.012278 -0.000256 0.002988
0.004263 -0.002339 0.000580
-0.002392 0.001071 0.002285
0.001149 -0.000652 0.005405
-0.002379 0.006154 -0.002092
0.034797 -0.003255 -0.031928
0.005896 0.001746 -0.006523
0.007377 -0.004207 -0.002647
0.008976 0.006473 0.002165
-0.001403 -0.006053 -0.006935
0.035423 -0.037196 0.006799
-0.022324 -0.004110 -0.005344
0.023050 -0.015199 0.011572
0.009811 -0.013382 -0.004855
0.016931 0.001154 -0.001274
-0.005290 0.000291 0.007500
-0.012824 -0.002633 0.002881
0.004384 -0.002890 0.001120
-0.002897 0.002204 0.002243
-0.005008 0.003211 0.001457
0.011474 0.006595 -0.017108
0.005466 -0.001190 -0.000228
0.005068 -0.001004 -0.004137
0.001819 -0.000547 0.001238
0.009219 0.004985 0.003006
-0.001285 -0.005457 -0.006196
0.001804 0.004454 0.005397
-0.023662 -0.003203 -0.005569
0.004250 0.004354 0.011269
-0.000430 -0.007007 -0.009637
0.017606 0.001161 -0.000057
-0.004975 0.000517 0.007478
-0.014516 -0.002374 0.001423
0.034118 -0.002610 0.002516
0.002127 -0.002180 0.005935
-0.000339 0.003977 0.005752
0.011952 0.022204 -0.002077
0.004315 -0.002865 0.000007
0.004136 -0.000834 -0.004514
0.000510 -0.000272 -0.001571
0.018380 0.009987 0.005202
0.027676 -0.007014 -0.007668
0.000837 0.003931 0.004294
0.014251 -0.003165 0.035089
0.016523 0.004876 0.026214
0.006626 -0.010605 -0.006393
0.038469 -0.025170 -0.000902
-0.005520 0.003233 0.010286
-0.012514 -0.001650 0.002815
0.005440 -0.002519 0.001240
-0.003765 0.002765 0.002781
-0.004395 0.004111 0.001468
-0.002786 0.005609 -0.001303
0.005675 -0.000872 -0.000547
0.005102 -0.000842 -0.004335
0.002541 0.000153 0.000512
0.010149 0.005387 0.001786
-0.000685 -0.005760 -0.006322
0.002137 0.003368 0.005557
-0.023044 -0.004122 -0.006542
0.003791 0.004891 0.011265
-0.000225 -0.007633 -0.010041
0.017449 0.001783 0.000099
-0.005667 -0.000028 0.007747
-0.012946 -0.002188 0.002878
0.004439 -0.002455 0.001277
-0.003447 0.001992 0.002245
-0.005082 0.003715 0.001600
-0.002674 0.006299 -0.001732
0.005929 -0.000841 -0.001380
0.003270 -0.000739 -0.004299
0.001784 0.000157 0.001073
0.009755 0.005350 0.001994
-0.001283 -0.006432 -0.006149
0.001799 0.003925 0.005581
-0.024286 -0.005233 -0.006555
0.003604 0.004656 0.011786
-0.001300 -0.007307 -0.007762
0.016265 0.001834 0.001250
-0.005231 0.000382 0.007652
-0.014419 -0.001954 0.004891
0.005637 -0.002600 0.001432
0.002263 -0.001730 -0.001188
-0.007329 0.003387 0.003440
-0.002354 0.006612 -0.001176
0.006262 -0.000885 -0.000967
0.005442 -0.000860 -0.004003
0.002979 0.000211 0.000416
0.009662 0.005616 0.002494
-0.000013 -0.005764 -0.006672
0.000637 0.003609 0.007123
-0.022363 -0.004453 -0.004663
0.023712 0.004881 -0.009740
0.000462 -0.007078 -0.008656
0.017791 0.001430 -0.000025
-0.007012 0.000273 0.008084
