-0.000512 0.010033 0.011409
-0.008108 0.002145 0.001020
-0.002277 0.020141 0.001282
0.012763 0.008107 -0.002716
-0.004775 0.019716 -0.005472
-0.008818 0.000762 -0.001425
-0.002004 0.001906 0.000599
0.000021 -0.015593 -0.003274
-0.003329 -0.011471 -0.001542
-0.010876 -0.005623 -0.002533
0.011553 -0.006411 -0.000055
-0.009880 -0.006021 -0.004059
0.004296 -0.007543 0.001893
0.003379 -0.019196 -0.000566
-0.003885 0.000168 0.000676
0.013812 -0.011202 0.004397
0.000090 0.011818 0.012404
-0.025215 0.011891 0.003699
-0.002541 0.018944 0.002267
0.010690 0.008200 -0.002654
-0.000003 0.017089 -0.009539
-0.009600 -0.000813 -0.002614
-0.000316 0.000290 0.000516
0.001578 -0.016221 -0.002040
-0.003519 -0.005348 0.006138
-0.010481 -0.006334 -0.002913
0.010553 -0.005264 0.000312
-0.010023 -0.008595 -0.003997
0.004465 -0.007309 0.003117
0.003359 -0.019519 -0.001158
-0.003754 0.000912 0.007160
0.012952 -0.011283 0.002810
-0.001506 0.010490 0.011856
-0.005113 -0.000257 0.003780
-0.001304 0.019447 -0.000012
0.011016 0.007927 -0.002685
0.000833 0.019758 -0.007378
-0.009702 0.002010 -0.002288
0.002535 0.000137 0.005173
-0.001004 -0.015293 -0.002642
-0.003496 -0.016934 0.005310
-0.011530 -0.004440 -0.002595
0.011969 -0.007890 -0.000027
-0.009907 -0.003183 -0.003215
0.004294 -0.007789 0.003458
0.003235 -0.019032 0.000249
-0.002257 0.000407 -0.000662
0.014207 -0.011393 0.002513
-0.001724 0.011254 0.011731
-0.009710 0.001327 0.001094
-0.001713 0.017604 0.000247
0.009650 0.006712 -0.002840
-0.001628 0.016002 -0.005414
-0.009287 -0.000075 -0.002559
0.000508 0.002612 0.004551
0.001395 -0.015652 -0.002292
-0.003729 -0.010506 -0.001411
-0.011225 -0.004955 -0.003966
0.011890 -0.005592 -0.000331
-0.009099 -0.007462 -0.002607
-0.000647 -0.005526 0.010197
0.003240 -0.019738 -0.001024
-0.003543 0.000610 0.001192
0.019208 -0.014583 0.008647
-0.000806 0.013241 0.012628
-0.008794 0.001500 0.001821
-0.001082 0.018720 0.000688
0.011574 0.008110 -0.001933
-0.001794 0.017905 -0.011081
-0.009246 0.001674 -0.002100
-0.002743 -0.001015 0.003179
-0.000608 -0.015553 -0.003029
-0.003231 -0.011655 -0.002194
-0.011621 -0.005175 -0.001728
0.011001 -0.006670 0.000216
-0.009460 -0.005449 -0.002550
0.004074 -0.007971 0.003712
0.003642 -0.019794 0.000241
-0.003343 0.001213 0.000688
0.013975 -0.011709 0.003542
-0.000819 0.006801 0.014610
-0.011242 0.002189 -0.003407
0.000965 0.020644 0.000434
0.011334 0.007321 -0.002111
-0.001825 0.015158 -0.005567
-0.008379 -0.001163 -0.003123
-0.000324 0.003042 0.005185
0.001037 -0.015263 0.004861
-0.003391 -0.011431 -0.002770
-0.010403 0.000551 0.005001
0.011316 -0.006682 -0.005078
-0.009912 -0.006321 -0.002975
0.004442 -0.007630 0.003121
0.002612 -0.019503 0.019234
-0.003537 -0.000204 0.000130
0.014110 -0.011196 0.003717
-0.000527 0.030534 0.015513
-0.013256 0.000532 0.000024
0.064275 0.058382 0.080573
0.012330 0.009525 -0.003030
-0.002367 0.016557 -0.005977
0.076336 -0.043751 0.101885
-0.001852 0.003669 0.004464
-0.002158 -0.016902 -0.002592
-0.002775 -0.012054 -0.001045
-0.013056 -0.010114 0.004122
0.003033 -0.002450 -0.670775
-0.009269 -0.005292 -0.000661
0.004203 -0.007777 0.002285
0.003416 -0.019992 0.020370
-0.003972 0.000837 0.000253
0.013937 -0.011058 0.004427
-0.000754 0.010418 0.013163
-0.008266 0.002403 0.000843
-0.000854 0.019316 0.001493
-0.067281 -0.035475 0.092957
-0.000814 0.016849 -0.005596
-0.008842 0.000930 -0.000675
-0.000934 0.004622 0.005028
-0.001637 -0.016289 -0.003049
-0.003160 -0.012452 -0.001476
-0.010937 -0.005742 -0.002032
0.010402 -0.007341 -0.000167
-0.009281 -0.004203 -0.003104
0.009671 -0.010239 0.009623
0.003064 -0.019473 -0.000882
-0.004006 0.000217 0.001034
0.010014 -0.008858 0.010722
-0.000538 0.003652 -0.004694
0.007012 0.008912 -0.002928
-0.010481 0.010656 0.002931
0.006753 0.023210 -0.000373
-0.000385 -0.003276 0.000691
0.001845 0.004572 -0.009968
-0.009070 -0.003192 0.000786
0.002989 0.005505 -0.001312
-0.000241 0.008419 -0.001126
0.017583 -0.011675 0.003032
-0.008527 0.010072 0.000904
-0.004958 -0.001125 -0.000176
0.011727 -0.005186 0.000190
-0.003267 -0.005446 0.004284
0.010371 -0.009798 0.002250
-0.016599 -0.012266 0.002296
-0.000393 0.003608 -0.004034
0.006962 0.009915 -0.002464
-0.009520 0.010136 0.001972
0.010732 0.025032 -0.001549
0.000420 -0.002641 0.000544
0.001371 0.004486 -0.011197
-0.011752 -0.001332 0.004464
0.003366 0.004998 -0.000594
-0.000749 0.005161 -0.007660
0.017143 -0.011100 0.002920
-0.008706 0.010012 0.000746
-0.005151 -0.001341 -0.000601
0.010908 -0.005423 0.006846
-0.003117 -0.005206 0.004737
0.010581 -0.009548 0.000772
-0.019352 -0.017100 0.006906
-0.000598 0.004867 -0.005184
0.007559 0.100828 0.091362
-0.010356 0.011282 0.003080
0.007378 0.026773 -0.006637
0.000089 -0.003605 -0.000075
0.000797 0.003187 -0.009571
0.006693 -0.011301 0.004215
0.002900 0.005633 0.001323
-0.003430 0.004814 -0.001948
0.018778 -0.011849 0.003010
-0.008519 0.010642 0.000973
-0.004946 -0.001361 -0.000903
0.012574 -0.005472 0.005167
-0.003173 -0.005543 0.004239
0.009949 -0.010049 0.001277
-0.014090 -0.008026 0.007821
0.003965 0.001139 -0.005375
0.006520 0.008826 -0.001857
-0.009666 0.010549 0.003953
0.006347 0.023284 -0.001024
-0.002078 -0.003964 -0.006039
0.001618 0.006812 -0.005560
-0.008380 -0.003221 0.001276
0.003465 0.005908 -0.000226
-0.001508 0.007285 -0.002407
0.016951 -0.012891 0.003194
-0.008635 0.010337 0.001359
0.000898 -0.000131 0.005565
0.011017 -0.004356 -0.000866
-0.005919 -0.007256 0.004322
0.009837 -0.008963 0.002086
-0.016839 -0.012492 0.000978
0.000809 0.002825 -0.005244
0.006590 0.008052 -0.002548
-0.009905 0.009747 0.002224
0.006040 0.023049 -0.001339
-0.000390 -0.002171 -0.000622
-0.000807 0.003787 -0.009876
-0.008074 -0.002402 0.001551
0.002488 0.006017 0.000090
0.000783 0.007791 -0.001553
0.018292 -0.011275 0.003054
-0.008309 0.010305 0.001684
-0.005011 -0.001085 -0.000876
0.011462 -0.005944 -0.000655
-0.003505 -0.005208 0.003686
0.010560 -0.009121 0.000823
-0.016639 -0.012118 0.001589
-0.002300 0.002021 -0.000188
0.006961 0.008482 -0.002876
-0.011976 0.011169 0.002443
0.005183 0.024153 -0.006753
0.002747 -0.000386 0.003327
0.001231 0.005161 -0.009136
-0.006894 -0.002986 -0.003626
0.003566 0.004248 0.000086
0.001539 0.007766 -0.007502
0.017562 -0.011793 0.010353
-0.008579 0.009677 0.008056
-0.004946 -0.001289 -0.002439
0.013963 -0.007038 0.000381
-0.002809 -0.005345 0.009964
0.009646 -0.009373 0.000444
-0.016679 -0.011454 0.001127
0.015569 0.012526 -0.001155
0.008403 0.007928 -0.002431
-0.076666 0.047714 0.078326
0.007233 0.026781 -0.002387
-0.015712 -0.012079 0.004298
0.003091 0.004055 -0.010260
-0.003178 -0.002367 0.000999
0.002408 -0.077405 0.083313
0.000369 0.003364 -0.002414
0.018340 -0.011405 0.005151
-0.007203 0.010210 0.004785
-0.004809 -0.000679 0.000058
0.009448 -0.004320 0.000114
-0.003347 -0.004313 0.007388
0.010313 -0.009880 0.003369
-0.016890 -0.011604 0.001967
0.002438 0.004178 -0.011143
0.007904 0.009080 -0.002497
-0.010054 0.011653 0.002045
0.008071 0.023515 -0.001588
-0.004467 -0.001440 -0.000963
0.002827 -0.014396 -0.007021
-0.008488 -0.002044 0.000954
0.003107 0.004764 -0.000593
-0.000234 0.007986 -0.001547
0.019366 -0.011012 0.003493
-0.007909 0.009908 0.001611
-0.012288 -0.002398 0.006968
0.012196 -0.006417 -0.000378
0.000136 -0.003130 0.004610
0.010418 -0.010309 0.001538
-0.016795 -0.011495 0.001347
