2176.0000 0.05 1
1.11111
4.44444
11.1111
2.22222
11.1111
4.44444
13.3333
11.1111
20
11.1111
6.66667
11.1111
24.4444
23.3333
17.7778
23.3333
26.6667
18.8889
13.3333
32.2222
18.8889
8.88889
4.44444
10
14.4444
14.4444
36.6667
37.7778
27.7778
37.7778
11.1111
26.6667
17.7778
31.1111
24.4444
32.2222
28.8889
25.5556
40
24.4444
32.2222
46.6667
36.6667
47.7778
70
55.5556
56.6667
41.1111
80
108.889
93.3333
126.667
127.778
138.889
148.889
146.667
161.111
190
190
202.222
216.667
267.778
192.222
230
234.444
286.667
235.556
278.889
255.556
263.333
294.444
295.556
317.778
340
316.667
352.222
286.667
343.333
305.556
307.778
296.667
297.778
295.556
280
310
275.556
246.667
285.556
292.222
300
312.222
317.778
320
307.778
340
314.444
315.556
296.667
290
303.333
302.222
291.111
330
357.778
317.778
360
373.333
365.556
348.889
350
338.889
295.556
251.111
215.556
177.778
162.222
186.667
241.111
264.444
333.333
351.111
395.556
417.778
402.222
426.667
412.222
450
400
380
361.111
337.778
377.778
345.556
394.444
383.333
375.556
386.667
430
402.222
458.889
406.667
410
408.889
356.667
357.778
378.889
368.889
374.444
435.556
413.333
411.111
440
398.889
345.556
350
324.444
348.889
314.444
326.667
257.778
286.667
255.556
274.444
260
244.444
220
276.667
208.889
246.667
214.444
236.667
256.667
221.111
242.222
234.444
214.444
208.889
225.556
181.111
203.333
174.444
200
173.333
177.778
255.556
233.333
236.667
207.778
216.667
170
175.556
195.556
263.333
236.667
224.444
270
244.444
225.556
262.222
345.556
344.444
315.556
303.333
330
307.778
331.111
385.556
413.333
427.778
427.778
443.333
436.667
505.556
473.333
503.333
472.222
423.333
354.444
313.333
227.778
121.111
16.6667
1.11111
0
0
0
0
0
0
0
0
0
0
0
0
0
0
0
0
0
0
0
0
0
2.22222
2.22222
2.22222
0
0
0
4.44444
4.44444
2.22222
2.22222
3.33333
2.22222
2.22222
2.22222
2.22222
4.44444
4.44444
2.22222
4.44444
0
3.33333
0
2.22222
0
0
2.22222
0
2.22222
0
