-0.000404 0.010972 0.011327
-0.008414 0.002202 -0.000226
-0.001466 0.018863 0.001372
0.011779 0.007241 -0.002505
-0.001190 0.016776 -0.006269
-0.008694 0.000712 -0.002179
-0.003764 0.005973 -0.001106
0.000091 -0.015773 -0.001849
-0.003690 -0.011605 -0.002697
-0.010725 -0.005489 -0.001061
0.011158 -0.006275 0.000632
-0.009468 -0.005948 -0.001199
0.004356 -0.006928 0.003869
0.003140 -0.019324 0.000322
-0.003831 0.000274 0.001314
0.014105 -0.011022 0.002662
-0.000465 0.011616 0.012080
-0.012530 -0.002453 0.001476
-0.001953 0.020370 0.001394
0.009720 0.009120 -0.003854
0.002303 0.014226 -0.011205
-0.009980 0.000158 -0.004373
-0.000432 0.003178 0.004017
0.000224 -0.014661 -0.000455
-0.003169 -0.008456 -0.001075
-0.010790 -0.005195 0.000020
0.011510 -0.006921 0.000739
-0.010006 -0.006094 -0.003416
0.003925 -0.008289 0.003897
0.002515 -0.018580 -0.000037
-0.003696 0.000483 -0.004027
0.014169 -0.011205 0.002615
-0.000242 0.010452 0.011497
-0.008756 -0.000684 0.004760
-0.001224 0.019043 -0.000338
0.012124 0.007788 -0.002575
-0.018063 0.025836 -0.009341
-0.007925 -0.001292 -0.002715
-0.000846 0.002271 0.004512
-0.000270 -0.016088 -0.000638
-0.004624 -0.014426 -0.000970
-0.011322 -0.004999 -0.000588
0.010954 -0.006288 0.000666
-0.009648 -0.006300 -0.002991
0.004610 -0.007188 0.003616
0.003798 -0.020742 0.000068
-0.003094 0.000242 -0.001750
0.013269 -0.011037 0.002761
-0.001331 0.010847 0.010258
-0.008640 0.001741 0.000352
-0.001855 0.019186 0.001027
0.011920 0.004799 -0.002837
-0.001688 0.016558 -0.006461
-0.013551 0.001796 -0.003288
0.005056 0.004070 0.003784
0.000367 -0.015193 -0.001607
-0.002402 -0.009808 -0.001094
-0.010891 -0.004667 -0.006170
0.014888 -0.003812 0.000583
-0.005277 -0.010579 -0.005881
0.010121 -0.012121 -0.001585
0.003402 -0.019718 0.000852
-0.002985 0.000239 0.002717
0.016071 -0.011251 0.002692
-0.001424 0.012485 0.012452
-0.008019 0.001555 0.000209
0.000090 0.018317 0.000215
0.011678 0.008132 -0.003890
-0.001885 0.015286 -0.006736
-0.010026 0.001247 -0.002608
0.016020 -0.008080 0.001703
-0.000519 -0.015967 -0.002121
-0.002589 -0.011326 -0.002623
-0.011369 -0.004832 -0.001765
0.011252 -0.006845 0.000724
-0.010385 -0.005881 -0.003280
0.005047 -0.009003 0.003447
0.003509 -0.019685 -0.001249
-0.003758 0.001071 0.001875
0.013559 -0.011088 0.001973
0.001742 0.010157 0.011080
-0.007537 0.001338 0.005451
-0.001189 0.020649 0.000304
0.012113 0.007507 -0.002572
-0.004252 0.016990 -0.002459
-0.005116 0.003151 -0.006953
-0.000668 0.002166 0.004219
-0.000370 -0.016016 -0.008621
-0.003325 -0.011423 -0.000392
-0.010964 -0.004898 -0.000537
0.010299 -0.006142 -0.006579
-0.009419 -0.005923 -0.002404
0.004377 -0.007343 0.001346
0.002986 -0.025296 -0.006005
-0.005942 0.001703 0.002169
0.014102 -0.011402 -0.001636
0.070087 -0.029630 -0.080145
-0.006676 -0.002764 0.000082
0.001431 0.093733 -0.074414
0.012758 0.007369 -0.002281
-0.006455 0.015388 -0.006288
-0.026636 -0.009709 -0.006300
0.000833 0.004054 0.004296
-0.001167 -0.014808 -0.005954
-0.003781 -0.011693 -0.003166
-0.011372 -0.005180 -0.000607
0.011089 -0.007174 -0.001626
-0.008853 -0.005400 -0.001221
0.004340 -0.007856 0.002259
0.001402 -0.014326 -0.006063
-0.001525 -0.000704 0.001974
0.013902 -0.011113 -0.001886
-0.000575 0.011070 0.012559
-0.009998 0.000277 0.000332
-0.001588 0.018979 0.000577
0.009769 -0.054892 -0.072079
-0.001861 0.016523 -0.005651
-0.010011 -0.001184 0.002029
0.001320 0.001694 0.008839
-0.000381 -0.016060 -0.001707
-0.004175 -0.012850 -0.000889
-0.008907 -0.005590 -0.007826
0.007979 -0.008857 -0.000021
-0.011302 -0.001178 -0.007742
0.000878 -0.004967 -0.001967
0.002937 -0.019405 -0.000611
-0.004405 0.001076 0.001641
0.012395 -0.012283 0.001853
-0.000700 0.003629 -0.004583
0.007402 0.003762 -0.002111
-0.010176 0.010895 0.001797
0.005819 0.022960 -0.001677
-0.000394 -0.003086 -0.000292
0.000880 0.004464 -0.010411
-0.008412 -0.003042 -0.000191
0.002474 0.005046 -0.000069
0.000340 0.008635 -0.002681
0.018184 -0.011877 0.003054
-0.008720 0.010301 0.001628
-0.005049 -0.001324 -0.000824
0.011950 -0.005084 0.000734
-0.003604 -0.005020 0.004293
0.009925 -0.009437 0.003470
-0.016949 -0.012088 0.001800
0.000221 0.003746 -0.004951
0.007543 0.006963 0.003180
-0.011014 0.012075 0.001223
0.006612 0.023155 -0.000645
-0.000393 -0.002705 -0.000859
0.001165 0.003943 -0.010061
-0.008201 -0.000110 0.005226
0.003773 0.004405 -0.000562
-0.000245 0.005575 -0.002492
0.018380 -0.012106 0.002883
-0.008643 0.010189 0.002121
-0.005083 -0.000641 -0.000692
0.011606 -0.005873 0.002431
-0.002941 -0.005240 0.004322
0.009090 -0.009738 0.002656
-0.017741 -0.017406 -0.003337
0.000255 0.003372 -0.005396
0.011065 0.005129 -0.002239
-0.010565 0.011466 0.002085
0.007439 0.024655 -0.002015
-0.001587 -0.002039 0.000083
0.001629 0.004040 -0.010382
-0.005388 0.001616 0.000189
0.001328 0.006379 0.000297
-0.000600 0.008450 -0.001191
0.017536 -0.011122 0.003054
-0.008222 0.009960 0.002553
-0.005276 -0.001286 0.000448
0.011653 -0.004796 -0.001297
-0.003376 -0.004801 0.003475
0.010992 -0.009612 0.002365
-0.015744 -0.006525 -0.004296
-0.058122 -0.030606 -0.063711
0.007698 0.007697 -0.001951
-0.008966 0.012142 0.006040
0.006950 0.020205 -0.009943
0.001176 -0.002367 0.000619
-0.000825 0.005474 -0.010653
-0.007321 -0.001390 0.000996
0.005036 0.005806 0.004280
0.001375 -0.011629 -0.005554
0.017388 -0.012374 0.003112
-0.013657 0.008908 -0.003796
-0.005504 -0.001103 -0.021362
0.011270 -0.005583 -0.000333
-0.007471 -0.010297 -0.001711
0.008555 -0.010114 0.002126
-0.016864 -0.012604 0.001130
0.000738 0.003584 -0.006397
0.005568 0.007713 0.001628
-0.009718 0.009987 0.002547
0.007763 0.024121 -0.001121
-0.000218 -0.002845 -0.001101
0.001136 0.003397 -0.010178
-0.008469 -0.002184 0.000502
0.003434 0.006259 -0.000901
-0.000763 0.007331 -0.001773
0.018132 -0.011349 0.002912
-0.008277 0.010161 0.002656
-0.004954 -0.000501 0.000221
0.011143 -0.005746 0.000612
-0.003111 -0.005932 0.004033
0.010423 -0.009612 0.002512
-0.016389 -0.011935 0.002106
-0.000391 0.003057 -0.005403
0.005827 0.008696 -0.002212
-0.013143 0.009034 -0.003244
0.007050 0.023108 -0.002797
0.000716 -0.002704 -0.000799
0.001367 0.004469 -0.009418
-0.010398 -0.001079 0.006221
0.002810 0.007747 0.004854
-0.000750 0.008276 -0.002501
0.017953 -0.011959 0.006208
-0.008522 0.009972 0.004098
-0.004853 -0.001048 0.000587
0.010750 -0.005316 0.001276
-0.003097 -0.005375 0.003560
0.009820 -0.009172 -0.000310
-0.016573 -0.012365 0.003947
0.000176 0.004839 -0.004684
0.007759 0.008063 -0.002978
0.006333 0.019565 -0.001378
0.005653 0.023698 -0.001309
-0.000347 -0.004348 -0.000018
0.001314 0.004188 -0.011631
-0.009220 0.001701 0.001354
0.000735 0.008908 0.000243
-0.000017 0.007455 -0.001926
0.005251 -0.002954 0.558863
-0.008326 0.010332 0.002018
-0.005235 -0.000864 -0.000098
0.012170 -0.005828 0.001072
-0.002929 -0.005302 0.002611
0.009949 -0.010946 -0.004386
-0.016991 -0.011802 0.001123
-0.001628 0.002738 -0.005371
0.007874 0.008897 -0.002361
-0.005439 0.008976 0.001845
0.007259 0.042612 -0.006203
0.050318 0.026780 -0.046154
-0.053299 0.032664 -0.068288
-0.008283 -0.002274 -0.000267
0.003557 0.010003 0.000665
-0.001409 0.010398 -0.011131
0.018820 -0.010642 0.003286
-0.005799 0.011256 -0.002658
-0.004321 -0.000952 -0.022015
0.011330 -0.005474 0.001362
0.000162 -0.000794 -0.001002
0.011783 -0.009164 0.002008
-0.016905 -0.011291 0.001429
