2176.0000 0.05 1
1.11111
4.44444
11.1111
2.22222
11.1111
4.44444
13.3333
11.1111
20
11.1111
6.66667
11.1111
24.4444
23.3333
17.7778
23.3333
26.6667
18.8889
13.3333
32.2222
18.8889
8.88889
4.44444
10
14.4444
16.6667
34.4444
37.7778
25.5556
40
11.1111
26.6667
17.7778
31.1111
24.4444
32.2222
26.6667
27.7778
40
24.4444
32.2222
46.6667
36.6667
47.7778
70
55.5556
56.6667
41.1111
80
106.667
95.5556
126.667
127.778
138.889
148.889
146.667
158.889
192.222
187.778
206.667
214.444
267.778
192.222
230
234.444
286.667
237.778
278.889
253.333
263.333
288.889
301.111
317.778
340
316.667
352.222
286.667
345.556
304.444
308.889
297.778
298.889
291.111
277.778
312.222
277.778
246.667
285.556
290
297.778
314.444
318.889
321.111
307.778
335.556
321.111
313.333
294.444
291.111
302.222
302.222
293.333
327.778
360
317.778
357.778
377.778
363.333
346.667
352.222
341.111
293.333
251.111
215.556
180
157.778
188.889
241.111
264.444
331.111
351.111
400
422.222
393.333
426.667
410
452.222
400
384.444
356.667
342.222
375.556
345.556
395.556
380
378.889
390
424.444
403.333
458.889
405.556
411.111
408.889
354.444
360
378.889
364.444
378.889
440
413.333
407.778
436.667
407.778
338.889
347.778
324.444
348.889
313.333
327.778
260
284.444
264.444
273.333
250
244.444
222.222
276.667
213.333
242.222
214.444
234.444
258.889
223.333
244.444
230
214.444
208.889
230
174.444
207.778
173.333
198.889
173.333
174.444
262.222
232.222
231.111
211.111
216.667
170
175.556
196.667
262.222
238.889
222.222
275.556
238.889
230
260
345.556
344.444
313.333
307.778
327.778
307.778
335.556
377.778
418.889
425.556
425.556
445.556
434.444
513.333
475.556
500
472.222
433.333
352.222
308.889
222.222
115.556
13.3333
1.11111
0
0
0
2.22222
0
0
0
0
0
0
0
0
0
0
0
0
0
0
0
0
0
0
2.22222
4.44444
2.22222
0
2.22222
0
6.66667
4.44444
0
3.33333
2.22222
2.22222
4.44444
0
6.66667
2.22222
2.22222
2.22222
2.22222
3.33333
0
2.22222
0
0
2.22222
0
2.22222
0
