0.000079 0.010845 0.012626
-0.011798 0.002227 0.001761
-0.009727 0.018396 -0.000685
0.011763 0.006482 -0.000178
-0.000160 0.016111 -0.006987
-0.005976 -0.002531 0.002378
0.000196 0.003147 0.004337
0.004621 -0.027478 -0.002976
-0.005130 -0.010875 -0.000935
-0.005400 -0.004593 -0.005800
0.027453 -0.003828 0.000443
-0.011770 -0.004727 -0.003437
0.008436 -0.007157 0.003088
0.003655 -0.023725 0.000922
-0.003672 0.001337 0.002148
0.013301 -0.010923 0.002783
-0.001018 0.010676 0.011672
-0.008387 0.000704 0.001041
-0.000595 0.019808 0.000523
0.002742 0.007234 -0.003069
-0.000930 0.016759 -0.004161
-0.009250 -0.000531 -0.002909
0.000359 0.003887 0.005414
0.000687 -0.015616 -0.002801
-0.005011 -0.010353 -0.000928
-0.008816 0.004175 -0.001615
0.012425 -0.005841 0.000608
-0.006591 -0.011085 -0.003242
0.002967 -0.004516 0.003777
0.008019 -0.012339 -0.000681
-0.003609 0.000335 0.001300
0.013225 -0.011480 0.003496
-0.001485 0.011963 0.011591
-0.008930 0.000343 0.001173
-0.001228 0.017500 -0.001188
0.007654 0.008019 -0.003627
-0.001198 0.015785 -0.006010
-0.007889 0.001521 -0.002132
0.000567 0.002831 0.004749
-0.000115 -0.015556 -0.002329
-0.002059 -0.011205 -0.001094
-0.012011 -0.002859 -0.001559
0.012489 -0.006272 0.000618
-0.010176 -0.006763 -0.003498
0.003532 -0.005106 0.003588
0.000516 -0.019563 -0.001112
-0.003477 0.000203 0.001549
0.012270 -0.011646 0.001583
0.001233 0.013372 0.014613
-0.010750 0.000923 0.000614
-0.001782 0.018832 0.001032
0.012053 0.007449 -0.001780
0.006760 0.026589 0.009989
-0.008319 0.000511 -0.003050
-0.000670 0.002627 0.002905
0.005255 -0.005241 -0.002468
-0.004867 -0.013074 -0.000958
-0.009939 -0.005643 -0.002174
0.010629 -0.006516 -0.000099
-0.009363 -0.006697 -0.002626
0.003940 -0.006321 0.003265
0.002354 -0.018869 -0.000588
-0.005573 -0.000932 -0.000495
0.028588 -0.069516 0.001678
-0.001712 0.012097 0.010997
-0.008483 0.001608 0.000345
-0.004655 0.018856 0.001454
0.011377 0.009056 -0.003477
-0.001735 0.015712 -0.006294
-0.010654 0.001141 0.000270
0.000310 0.003847 0.003519
-0.001081 -0.017708 -0.002248
-0.001894 -0.011567 -0.001196
-0.005825 -0.003860 0.003054
0.012570 -0.005059 -0.000031
-0.009272 -0.006108 -0.003442
0.003186 -0.008031 0.003584
0.004240 -0.025211 -0.002352
-0.002186 0.000649 0.001297
0.013458 -0.011002 0.002699
0.007302 0.010528 0.010778
0.043956 0.030967 -0.067258
-0.001584 0.019859 0.001628
0.010828 0.007807 -0.002230
-0.002486 0.015241 -0.004264
-0.010842 -0.001724 -0.004969
-0.001167 0.005463 0.006820
0.007326 -0.016603 -0.007968
-0.001493 -0.011698 -0.002909
-0.008743 -0.010666 -0.001914
0.010479 -0.005688 0.003279
-0.009619 -0.004731 0.001073
0.003316 -0.007346 0.003300
0.013624 -0.020262 -0.001651
-0.002890 -0.000765 0.001823
0.014700 -0.010824 0.001232
-0.001488 0.010479 0.011038
-0.009465 0.002028 -0.000019
-0.002372 0.019101 0.000016
0.012759 0.007644 -0.003404
0.000277 0.018475 -0.002343
0.000875 -0.007713 0.011584
0.008545 0.015596 -0.012083
0.003894 -0.015908 0.000910
-0.000482 -0.011808 -0.000107
-0.012602 -0.004815 -0.001951
0.009799 -0.005816 -0.001511
-0.010132 -0.003865 -0.006834
0.004059 -0.008064 0.004327
0.002646 -0.019544 -0.000632
0.009393 0.002657 0.004185
0.014368 -0.011350 0.003704
-0.001207 0.010117 0.012128
-0.007511 0.001072 0.000057
-0.001248 0.019111 0.000492
0.010905 0.009047 -0.003702
-0.002736 0.018882 -0.007694
-0.008870 0.000320 -0.001805
0.002232 0.007062 0.000495
-0.000638 -0.014920 -0.002505
-0.005287 -0.012997 -0.001135
-0.010949 -0.005413 -0.001852
0.010580 -0.006419 0.001160
0.000583 -0.005483 -0.003370
0.053332 0.016574 0.003579
0.003124 -0.018716 -0.001072
-0.005477 -0.000574 0.004232
0.014577 -0.010543 0.002657
0.007897 0.003174 -0.004401
0.007400 0.008600 -0.002669
-0.007992 0.006546 -0.001656
0.007355 0.022835 -0.002606
0.007274 -0.003641 -0.002169
0.001336 0.005032 -0.009467
-0.010931 -0.000286 -0.000096
0.058709 -0.021806 -0.063510
-0.000618 0.007172 -0.001819
0.029706 -0.012996 0.003033
0.002349 0.010162 0.002281
0.026563 0.001112 -0.000223
0.012576 -0.005991 0.000673
0.049073 -0.034873 0.006278
0.010156 -0.009767 0.002490
-0.014403 -0.018366 0.001686
0.000406 0.002733 -0.004690
0.008228 0.009283 -0.002397
-0.009234 0.011498 0.002931
0.006913 0.023412 -0.002042
0.001475 -0.001906 0.000805
0.000689 0.004189 -0.010374
-0.007933 -0.002523 -0.000293
-0.000032 0.002729 0.000398
-0.001337 0.008051 -0.002147
0.015734 -0.012200 0.003499
-0.009190 0.010843 0.002065
-0.005148 -0.000288 -0.000616
0.007367 -0.006279 0.000028
-0.003412 -0.008455 0.004415
0.009654 -0.009693 0.001786
-0.019780 -0.011149 0.002195
0.000333 0.004144 -0.005689
0.005732 0.008552 -0.002057
-0.009251 0.009944 0.002013
0.006204 0.023425 -0.000786
-0.000187 -0.003384 -0.000772
0.001775 0.004361 -0.009539
-0.008183 -0.002817 0.000704
0.003144 0.005872 0.000192
-0.000848 0.007648 -0.002300
0.015884 -0.012062 0.002647
-0.008388 0.010521 0.001730
-0.003406 -0.001398 0.000243
0.012571 -0.005521 0.000080
-0.004332 -0.007521 0.004439
0.009811 -0.010041 0.002744
-0.016187 -0.011562 0.000401
-0.001141 0.003002 -0.004730
0.004556 0.006591 -0.003109
-0.008960 0.010522 0.002858
0.007054 0.023352 -0.002545
-0.001987 -0.002882 -0.000803
-0.000104 0.004005 -0.008894
-0.009264 -0.002913 0.000171
0.003702 0.005240 -0.000367
-0.000447 0.008264 -0.001833
0.029913 -0.012611 0.003413
-0.006539 0.014138 0.001938
-0.004798 -0.003191 -0.000227
0.011556 -0.004550 0.000607
-0.003925 -0.005943 0.004306
0.026610 0.038699 0.002096
-0.004589 -0.011143 0.001795
-0.000821 0.003995 -0.002885
0.008241 0.008997 -0.003060
-0.011722 0.010830 0.000510
0.007322 0.022351 0.000122
0.000165 -0.001791 -0.003187
0.000422 0.003963 -0.009785
-0.008780 -0.001886 0.000247
0.002048 0.004761 -0.001700
0.000395 0.007017 -0.002625
0.018679 -0.011833 0.003047
-0.009297 0.009736 0.001635
-0.004363 -0.001813 0.000174
0.007436 -0.005152 -0.001101
-0.003273 -0.006411 0.004261
0.011888 -0.009741 0.002580
-0.017655 -0.011737 0.000983
-0.000306 0.004772 -0.004515
0.006859 0.008132 -0.000396
-0.003251 0.002851 -0.010849
0.012162 0.024652 0.004363
0.001441 -0.005600 0.001992
0.002626 0.007290 -0.013571
-0.008126 -0.002205 0.002141
0.001658 0.005633 0.000045
-0.001809 0.008024 -0.001365
0.015446 -0.009838 0.003994
-0.007718 0.008104 -0.003991
-0.004233 -0.000841 -0.000042
0.012971 -0.006220 0.000202
-0.003912 -0.004863 0.004862
0.008974 -0.011138 0.003927
-0.016800 -0.007299 0.002426
0.000877 0.000075 -0.007743
0.061970 -0.017566 0.060818
-0.010138 0.008895 0.003455
0.005528 0.023592 -0.002708
-0.000739 -0.001798 -0.001044
0.001500 0.003445 -0.010135
0.041841 0.024478 0.057884
0.003823 0.006131 -0.000437
0.007744 0.011434 -0.010340
0.015818 -0.010039 0.002514
-0.007916 0.007583 0.009260
-0.006408 0.001550 0.000141
-0.555547 -0.005147 0.009752
-0.004501 -0.004881 0.003949
0.009482 -0.010129 0.001917
-0.016545 -0.007877 0.001069
-0.002868 0.001694 -0.005069
0.007911 0.008479 -0.002411
-0.009719 0.010931 0.002440
0.007429 0.023850 -0.001494
-0.001992 -0.004458 -0.000064
0.007814 0.004009 -0.009159
-0.007893 -0.001897 0.001282
0.003123 0.006458 0.001020
0.000237 0.008788 -0.001788
0.018689 -0.012279 0.003367
-0.011459 0.009778 0.001701
0.015312 -0.001838 0.000389
0.011571 -0.004774 -0.000684
0.005454 -0.006211 0.004215
0.011263 -0.009460 0.002300
-0.017415 -0.012853 0.001491
