-0.001064 0.010148 0.011116
-0.008491 -0.002018 0.000893
0.000642 0.019283 0.001559
0.010744 0.006575 -0.002101
0.001365 0.023240 -0.002528
-0.008839 0.001974 -0.002452
-0.000923 0.002900 0.004116
0.000067 -0.018533 -0.002180
-0.000339 -0.007128 -0.000947
-0.009563 -0.005995 -0.001941
0.010783 -0.006014 -0.000839
-0.010796 -0.010627 -0.003797
0.004579 -0.008435 0.003783
0.005551 -0.020991 -0.000801
-0.005820 -0.001099 0.001219
-0.000485 0.007162 0.002376
0.000403 0.009840 0.012428
-0.020286 -0.000910 0.012477
-0.002563 0.019414 0.000940
0.011046 0.008234 -0.003350
-0.001420 0.016524 -0.005210
-0.009850 -0.000711 -0.003480
-0.001563 0.000632 0.001431
0.000664 -0.015706 -0.003906
-0.008486 -0.006825 -0.000450
-0.015812 0.001951 -0.001889
0.010941 -0.007291 0.000561
-0.009826 -0.007639 -0.005612
0.004917 -0.006723 0.004195
0.004476 -0.020469 -0.000305
-0.003772 0.003162 0.000601
0.013896 -0.011293 0.003154
-0.000928 0.011807 0.011948
-0.011517 -0.001131 -0.001438
-0.001827 0.018563 0.000596
0.014401 0.008755 -0.004219
-0.000242 0.015665 -0.002130
-0.008160 0.002089 -0.000940
0.003440 0.011926 0.000464
0.000605 -0.016424 -0.001378
-0.007311 -0.007285 -0.001731
-0.011430 -0.005516 -0.001849
0.010519 -0.006062 0.000621
-0.008387 -0.010299 -0.001354
0.004564 -0.008147 0.002688
0.003160 -0.019241 -0.000986
-0.017388 -0.001689 0.001161
0.014097 -0.012011 0.002149
-0.001896 0.009806 0.011981
-0.009558 0.002147 0.000111
-0.002089 0.020856 -0.000843
0.012328 0.006575 -0.003392
-0.001832 0.016232 -0.006367
-0.009696 0.000337 -0.003333
-0.000375 0.002077 0.003439
0.000164 -0.014943 -0.002320
-0.002961 -0.010702 -0.001015
-0.011826 -0.005809 -0.001711
0.012419 -0.006946 0.001473
-0.009484 -0.007488 -0.004540
0.002423 -0.002860 0.007861
0.002482 -0.020528 -0.000778
-0.003531 -0.000327 0.001827
0.012948 -0.011605 0.005117
-0.000950 0.011691 0.014453
-0.008234 0.001323 0.000949
-0.001019 0.019120 0.000299
0.010530 0.008661 -0.003345
-0.003316 0.013388 -0.003290
-0.008332 0.001158 -0.001457
0.000798 0.003851 0.001025
0.000356 -0.015671 -0.003012
-0.005431 -0.012481 -0.001299
-0.010646 -0.004007 -0.002118
0.010649 -0.007196 0.001816
-0.009897 -0.007579 -0.002771
0.003319 0.002061 0.003262
0.003367 -0.019036 -0.000360
-0.006111 -0.000538 0.001937
0.011296 -0.009227 0.002890
-0.000842 0.012648 0.006701
-0.008036 0.000390 0.000960
-0.001770 0.017966 0.001421
0.011967 0.007927 -0.002658
-0.001431 0.015898 -0.006856
-0.009105 0.000325 -0.003286
-0.000389 0.004046 0.004509
0.000876 -0.015107 -0.002496
-0.004244 -0.012729 -0.000901
-0.005804 -0.001631 0.001840
0.010720 -0.005471 0.000600
-0.011856 -0.010031 -0.003597
0.007606 0.000088 0.003621
0.003045 -0.016794 -0.001413
-0.003410 -0.002075 0.001509
0.013926 -0.010541 0.002811
-0.001743 0.027939 0.031346
-0.013288 0.006819 0.001717
0.032306 0.032961 0.037776
0.011761 0.009720 -0.000929
-0.001414 0.014492 -0.005711
-0.044039 0.012236 -0.039756
0.001672 0.003405 0.004954
-0.052249 0.034304 -0.003143
-0.005606 -0.001960 -0.001225
-0.005731 -0.002616 -0.005042
0.008746 -0.616038 0.004273
-0.010151 -0.007262 -0.002303
0.003055 -0.008703 0.003592
0.002579 -0.017629 0.000538
-0.002997 -0.001516 0.002648
0.023634 0.004711 0.003219
0.000124 0.011020 0.011041
-0.008387 0.001131 0.001686
-0.001148 0.019276 0.000827
0.046241 0.019069 -0.038875
0.000448 0.016996 -0.005553
-0.009075 0.000283 -0.002144
0.000414 0.003237 0.006276
0.000156 -0.015308 -0.002657
-0.003429 -0.012512 -0.001200
-0.012052 0.006109 -0.001720
0.011648 -0.007252 -0.000254
-0.009084 -0.009639 -0.000754
0.001998 -0.000872 -0.001188
0.001496 -0.019888 -0.000695
-0.003950 0.000946 0.001059
0.012170 -0.011452 0.001843
-0.000621 0.003437 -0.004393
0.007577 0.008034 -0.002052
-0.010399 0.011747 0.002869
0.006948 0.023975 -0.001566
-0.000369 -0.002480 -0.000826
0.000713 0.004848 -0.010126
-0.008566 -0.005580 0.000400
0.002019 0.004568 -0.000534
-0.000505 0.008684 -0.001449
0.017892 -0.014067 0.003068
-0.008781 0.009416 0.001879
-0.004277 0.000114 0.000139
0.011929 -0.005013 0.000298
-0.003571 -0.005714 0.004409
0.010303 0.002990 0.002805
-0.001905 0.009906 0.001039
0.000071 0.003979 -0.004702
0.007389 0.007540 -0.000016
-0.010050 0.011475 0.001255
0.004737 0.030208 0.002003
-0.000520 -0.004266 -0.001905
0.000943 0.004292 -0.009958
-0.010622 -0.005232 0.003054
0.003727 0.006726 -0.000524
0.000136 0.006264 -0.004576
0.017763 -0.011234 0.003441
-0.005860 0.007798 0.001889
-0.005247 -0.001352 0.000249
0.013204 -0.005931 -0.000161
-0.003309 -0.004643 0.004556
0.009205 -0.009764 0.001863
-0.016594 -0.011770 0.007221
-0.001444 0.000953 -0.002489
0.007114 0.084760 0.077370
-0.009894 0.010002 0.002814
0.007458 0.021531 0.001816
-0.000753 -0.002785 -0.001289
0.000750 0.004362 -0.011066
-0.019107 -0.005115 -0.011361
0.003314 0.005552 0.000164
-0.004019 0.014431 -0.005805
0.018109 -0.011397 0.002999
-0.006201 0.008522 0.002256
-0.008424 0.007006 -0.000691
0.011534 0.052177 -0.000859
-0.003268 -0.007449 0.004443
0.009711 -0.009976 0.003035
-0.016381 -0.011777 -0.001857
0.003026 0.009360 -0.007038
0.007984 0.009841 -0.002446
-0.010013 0.010085 0.002114
0.006337 0.023111 -0.002164
-0.001260 -0.003554 -0.001734
0.000781 0.005236 -0.004789
-0.007702 -0.001667 -0.000423
0.002979 0.006013 -0.000076
-0.000831 0.006741 -0.002466
0.016918 -0.011576 0.000438
-0.008730 0.007908 0.001132
-0.002989 0.003709 0.005612
0.011339 -0.008054 -0.000100
-0.003951 -0.005450 0.004185
0.010923 -0.009604 0.002061
-0.016978 -0.012254 0.001679
0.000593 0.002522 -0.005751
0.006998 0.008918 -0.002256
-0.009301 0.011305 0.000885
0.004133 0.023164 -0.001635
-0.000023 -0.003025 0.000118
0.002833 0.003786 -0.010410
-0.008225 -0.002045 0.000669
0.001860 0.005094 0.000817
-0.003524 0.007728 -0.002285
0.018292 -0.010965 0.003444
-0.008254 0.010421 0.001826
-0.003261 -0.001808 -0.000409
0.012299 -0.005103 0.000077
-0.002772 -0.005449 0.004274
0.009866 -0.009014 0.001870
-0.013612 -0.011185 0.001048
0.002080 0.000834 -0.007342
0.005724 0.007389 -0.001959
-0.009819 0.009949 0.003067
0.007868 0.023775 -0.000036
0.001870 -0.005648 0.002553
0.001646 0.003843 -0.009123
-0.007347 -0.003153 -0.000181
0.003104 0.004569 -0.002487
0.000100 0.007548 -0.003013
0.018269 -0.011979 0.002662
-0.006446 0.012979 0.000663
-0.005935 -0.001832 0.000200
0.012385 -0.005351 -0.001342
-0.003877 -0.005808 0.003756
0.009902 -0.009537 0.002357
-0.016287 -0.010771 0.000843
0.011241 0.000460 0.005283
0.006505 0.007415 -0.003034
-0.042424 0.030065 0.039250
0.006159 0.022891 0.001953
0.010700 -0.006688 -0.011969
-0.000041 0.003817 -0.010744
-0.012079 0.004258 0.000552
0.003230 0.088415 -0.084187
-0.001436 0.008224 -0.005963
0.062055 0.021685 0.002267
0.009640 0.014881 0.002636
-0.004675 0.009032 -0.000324
0.012163 -0.005551 0.000370
0.007466 0.053593 0.003461
0.010506 0.000435 0.001944
-0.023733 -0.000451 0.002019
-0.001209 0.002299 -0.003517
0.007959 0.008625 -0.002544
-0.010958 0.009662 0.002946
0.007575 0.022302 -0.000850
0.003151 0.003310 0.001886
0.000759 0.018953 -0.028283
-0.008961 -0.002016 0.000786
0.003475 0.004967 -0.000532
-0.000992 0.007438 -0.001819
0.016972 -0.011945 0.005569
-0.009062 0.008771 0.002768
-0.001438 0.002617 -0.007118
0.011563 -0.005229 0.000111
-0.003878 -0.004959 0.003740
0.010831 -0.009269 0.002525
-0.016925 -0.011645 0.001235
