2176.0000 0.05 1
1.875
3.75
6.25
6.25
7.5
16.25
8.75
7.5
17.5
15
14.375
16.25
23.75
17.5
6.25
31.25
23.125
18.125
28.75
10
10
13.125
10
10
16.25
20
25
30
37.5
19.375
22.5
28.75
13.75
26.875
21.875
28.125
21.25
41.25
44.375
30.625
37.5
55
48.75
45.625
41.875
67.5
55.625
46.875
85.625
92.5
98.75
123.125
139.375
134.375
137.5
155
180.625
152.5
157.5
200
177.5
175
233.75
251.875
267.5
240
231.875
280.625
293.75
310
298.75
318.75
303.125
310.625
323.125
341.25
340
362.5
316.25
357.5
371.25
362.5
331.25
361.25
335
375.625
313.125
294.375
304.375
285.625
274.375
254.375
232.5
251.25
250
298.75
207.5
248.125
312.5
295.625
318.75
308.75
310
301.25
245.625
296.25
310.625
295
325.625
275.625
276.875
306.25
268.75
323.75
290.625
315.625
249.375
297.5
351.875
316.875
317.5
315
328.75
361.875
341.25
382.5
400
378.125
390.625
392.5
395
433.125
451.25
471.25
453.125
441.875
451.875
437.5
448.125
416.875
408.125
426.875
380
360
315.625
352.5
327.5
315
315.625
327.5
304.375
276.875
215
254.375
251.875
305.625
275
248.75
271.25
226.875
317.5
288.125
329.375
301.875
301.875
290
287.5
295
351.25
291.875
321.875
353.75
373.125
353.75
261.875
286.25
212.5
289.375
343.75
269.375
262.5
268.75
255
237.5
246.25
248.125
270
321.875
240
226.875
240.625
223.75
180
246.25
256.25
280
256.875
310
251.25
261.875
258.75
205.625
203.75
268.125
253.75
326.25
344.375
343.75
354.375
276.25
366.25
295.625
513.125
535.625
510
422.5
366.875
263.125
228.75
205
166.875
121.25
56.875
33.75
12.5
2.5
1.25
4.375
1.25
0
0
0
0
0
0
0
0
0
0
2.5
0
