0.010881 0.002290 0.001080
-0.005991 -0.003362 0.002210
0.010228 0.004173 0.000080
0.002389 0.000315 -0.002306
0.008807 0.003244 -0.001838
-0.001292 -0.003760 -0.000197
-0.004562 -0.001694 -0.003752
-0.004568 0.005938 0.000346
-0.006658 0.001380 -0.008964
0.005131 -0.000665 -0.001325
-0.023503 -0.002437 -0.015422
-0.008803 -0.006480 -0.002766
-0.001538 -0.004769 0.012609
0.000097 -0.005230 -0.012525
0.005541 0.000006 -0.004854
0.003426 -0.001924 0.003231
0.010600 0.002429 0.000857
-0.000791 0.001561 -0.005250
0.010309 0.003858 0.003486
0.000671 0.000802 -0.001232
0.007156 0.004139 -0.000640
0.014575 -0.004162 -0.014333
-0.006323 -0.001268 -0.003678
-0.004880 0.005940 0.003491
-0.009831 0.000343 -0.007232
0.006242 -0.001105 -0.001736
-0.003654 -0.002579 0.004286
-0.009229 -0.002919 -0.001012
-0.001299 -0.006456 0.008914
-0.005726 0.000693 -0.002130
0.005462 0.001010 -0.002152
0.002712 -0.001914 0.000414
0.057330 0.002637 -0.042467
-0.000834 0.002023 -0.004042
0.010490 0.005071 0.000457
0.002967 0.000209 -0.002354
0.003292 -0.000339 -0.008426
-0.001687 -0.003032 -0.000180
-0.002155 -0.004087 -0.006321
-0.004539 0.005701 0.000125
-0.008327 -0.000039 -0.006949
0.002259 -0.002738 -0.004103
-0.002784 -0.002512 0.003709
-0.010219 0.003152 -0.002782
-0.002116 -0.004597 0.008926
-0.005773 -0.000505 -0.000164
0.005339 0.000948 -0.005071
0.001393 -0.002020 0.000282
0.009594 0.002170 0.000641
-0.005811 -0.001664 0.001015
0.010389 0.005023 -0.000344
0.002209 0.000246 -0.003651
0.008850 0.002669 -0.003059
-0.000604 -0.003387 -0.000379
-0.004584 -0.001983 -0.005620
-0.005016 0.006740 0.000152
-0.008879 0.000817 -0.007326
0.005213 -0.001104 -0.002982
0.012067 -0.002505 -0.010849
-0.005161 -0.004442 0.004654
-0.002727 0.023609 -0.011568
-0.009383 0.004361 -0.010576
0.002873 0.002755 -0.005372
0.028714 -0.001259 -0.018198
0.010547 0.002626 0.001362
-0.005740 -0.002097 0.002001
0.010359 0.003411 -0.000192
0.003248 0.000901 -0.003849
0.008881 0.002556 -0.003187
-0.000825 -0.003333 -0.000959
-0.004456 -0.001667 -0.005358
-0.004929 0.005875 0.001127
-0.008333 0.000453 -0.008393
0.005112 -0.000947 -0.002914
-0.003670 -0.002226 0.003202
-0.005477 -0.002879 0.002720
-0.001618 -0.006508 0.010363
-0.005793 0.000182 -0.000833
0.004111 0.001393 -0.004371
0.002593 -0.001632 0.000809
0.009713 0.002319 0.002299
-0.003995 -0.002851 0.003768
0.011089 -0.017868 -0.014874
-0.029245 -0.000371 -0.028493
0.004472 0.000137 -0.007388
-0.017237 -0.002425 -0.015658
-0.002198 -0.003437 -0.003847
-0.003867 0.005620 0.007521
-0.006735 0.001609 -0.007396
0.003005 -0.002129 -0.002085
-0.002555 -0.001691 0.004600
-0.006294 -0.002417 0.002757
-0.002244 -0.005578 0.009483
-0.005042 0.000278 0.000552
0.004337 0.001831 -0.000148
0.001824 -0.001892 0.001881
0.012297 0.002160 0.003332
-0.004591 -0.002795 0.002717
0.010608 0.005205 0.000867
0.002352 0.000564 -0.003497
0.007451 0.004339 -0.000179
-0.000538 -0.003472 -0.000884
-0.004550 -0.002286 -0.004320
-0.004710 0.005026 0.000091
-0.008323 0.000567 -0.008719
0.005445 -0.001025 -0.002497
-0.003027 -0.002298 0.002925
-0.006217 -0.000443 0.005269
-0.001497 -0.005019 0.009033
-0.005462 0.002106 -0.000190
0.004472 0.000220 -0.005017
0.001608 -0.001891 0.001117
0.009307 0.003084 0.002380
-0.005384 -0.001267 0.001267
0.009444 0.004533 -0.000799
0.003395 0.000565 -0.002919
0.008949 0.003964 -0.001945
-0.002502 -0.003165 -0.001839
-0.004567 -0.002355 -0.005399
-0.005259 0.005967 -0.000514
-0.008529 0.000910 -0.008160
0.005196 -0.001730 -0.002998
-0.002788 -0.002970 0.004423
-0.005098 -0.002646 0.002704
-0.001325 -0.006200 0.010049
-0.005280 0.000879 -0.000901
0.004016 0.001506 -0.006064
0.001366 -0.001222 0.001687
-0.013150 -0.000570 0.003281
0.004599 -0.002964 0.000191
-0.002842 0.002268 0.002451
-0.003731 0.004854 0.003552
-0.003505 0.006389 -0.002620
0.008799 -0.001383 -0.001249
-0.000846 0.003505 -0.011169
0.005514 -0.005595 -0.006086
0.009806 0.005984 0.001022
-0.000599 -0.004667 -0.000417
-0.002687 -0.002822 -0.004334
-0.020674 -0.004532 -0.004039
0.002835 -0.018460 -0.012216
0.001451 -0.032314 -0.027117
0.015890 0.001416 -0.004421
-0.006336 0.000862 0.008250
-0.012828 -0.001299 0.001890
0.003060 -0.002569 -0.026036
-0.002740 0.001178 0.000915
-0.010007 0.003693 -0.003921
-0.003633 0.005710 -0.002708
0.005228 -0.002045 0.000468
0.003514 -0.002114 -0.002872
0.009487 0.000569 -0.007301
0.009742 0.004902 0.001617
-0.001082 -0.005770 -0.007461
0.002057 0.002961 0.004321
-0.047854 -0.003148 -0.024718
0.002341 0.004704 0.024106
-0.001205 -0.006868 -0.009966
0.018753 0.000676 0.000617
-0.005383 0.001508 0.008448
-0.017470 0.004152 -0.007161
0.004724 -0.002463 0.000293
0.003559 0.006409 -0.008291
-0.003694 0.002918 0.003536
-0.015592 0.006092 0.469765
0.005372 -0.001235 -0.000620
0.004479 -0.000978 -0.003584
0.005431 0.004934 -0.005602
0.008892 0.024769 -0.009954
-0.000521 -0.006800 -0.001342
0.001763 0.002142 0.005495
-0.021027 -0.004032 -0.003832
0.002445 0.027137 -0.011783
-0.000569 -0.008709 -0.010511
0.017782 0.000146 0.001380
-0.001239 -0.003418 0.000995
-0.013043 -0.002749 0.003231
0.004788 -0.002799 0.001880
-0.002377 -0.000337 0.002769
-0.007641 0.009084 -0.002941
-0.003536 0.006196 0.008544
0.011527 -0.000937 -0.007470
0.003467 -0.001887 -0.002027
0.002180 -0.001515 0.001290
0.009932 0.009104 -0.000743
-0.001181 -0.005376 -0.006583
0.005629 0.006947 -0.002775
-0.022241 -0.004536 -0.004967
0.002965 0.021299 -0.005904
-0.000084 -0.008971 -0.006397
0.017852 0.000752 0.000992
-0.005920 0.000555 0.007969
-0.012677 -0.000951 0.002728
0.004737 -0.002612 0.001699
-0.002811 0.001464 0.001444
-0.003356 0.003771 0.003892
-0.003476 0.006479 -0.002807
0.005347 0.000021 0.000878
0.004523 -0.001228 -0.004365
0.002114 0.000376 0.000008
0.009815 0.004311 0.002591
-0.000989 -0.005870 -0.006690
0.002378 0.002648 0.004548
-0.022349 -0.004178 -0.005012
0.002421 0.004728 0.010956
-0.000819 -0.006322 -0.008734
0.017562 0.000740 -0.000169
-0.006115 0.000826 0.007927
-0.013522 -0.001279 0.004073
0.004415 -0.002555 -0.027140
-0.002248 0.001357 0.003537
-0.005437 0.004208 0.002667
-0.003525 0.006941 -0.002701
0.010160 -0.006040 -0.006863
0.000520 0.002839 -0.009296
0.003200 0.000019 -0.000539
0.009727 0.004681 0.002574
-0.001069 -0.006128 -0.007155
0.001428 0.002826 0.006451
-0.023968 -0.003868 -0.002926
0.002034 0.004789 0.010599
-0.000475 -0.006655 -0.008921
0.015615 0.001944 0.000691
-0.001979 -0.005141 0.002007
-0.009185 -0.004982 -0.005889
0.004603 -0.002535 0.002017
-0.007138 -0.002413 -0.006124
-0.007020 -0.000380 -0.002150
-0.003864 0.006450 -0.003868
0.005058 -0.000975 -0.000014
0.004484 -0.001319 -0.004080
0.002500 0.002106 0.001084
0.010209 0.006627 0.005172
-0.001159 -0.006427 -0.006486
0.001812 0.004005 0.005833
-0.022231 -0.004011 -0.005427
0.001334 -0.012305 -0.005383
0.000049 -0.011174 -0.011912
0.017906 0.000284 -0.000908
-0.004783 0.001504 0.009953
-0.013134 -0.001935 0.002852
0.005050 -0.002578 0.001486
-0.002461 0.000613 0.001726
-0.003397 0.003874 0.002564
-0.003631 0.005687 -0.002573
0.009715 0.002646 -0.005865
0.004645 -0.002209 -0.003470
0.001752 0.000406 -0.000311
0.010084 0.004705 0.002596
-0.000789 -0.005993 -0.006343
0.001967 0.003603 0.005149
-0.021595 -0.004164 -0.005783
0.002813 0.004337 0.012049
0.000026 -0.006099 -0.009108
0.017839 0.001014 -0.000150
-0.006518 0.002170 0.008923
