0.010701 0.002165 0.001694
-0.006088 -0.002810 0.000835
0.010371 0.003798 -0.001113
0.002312 0.000456 -0.002165
0.008290 0.002318 -0.004022
-0.001639 -0.003732 -0.000273
-0.005051 -0.002753 -0.005424
-0.004349 0.005511 0.000197
-0.009296 0.001426 -0.008786
0.005424 0.000027 -0.002500
-0.000678 0.001420 0.009765
-0.006198 -0.002494 0.001581
-0.001864 -0.005434 0.010081
-0.005841 0.001484 -0.000652
0.006054 0.000901 -0.005541
0.001240 -0.000752 0.000505
0.010745 0.003166 0.002560
-0.005531 -0.001573 0.001961
0.012139 0.003463 -0.000911
0.001857 0.001028 -0.002881
0.008477 0.002750 -0.002424
-0.002162 -0.004028 -0.000838
-0.004878 -0.002857 -0.005586
-0.004574 0.005639 0.000378
-0.004285 -0.003509 -0.002351
0.005366 -0.001488 -0.002195
-0.002550 -0.002051 0.005230
-0.006878 0.012769 0.018920
-0.001423 -0.005273 0.009549
-0.004966 0.000437 -0.001843
0.005987 -0.000781 -0.007592
0.002432 -0.001757 -0.001545
0.010682 0.002228 0.001707
-0.000899 -0.005782 0.011712
0.014177 0.002904 0.000539
-0.007326 0.017551 -0.562122
0.008498 0.004892 -0.002740
0.059237 -0.000383 0.047319
-0.000300 0.000194 0.000606
-0.045681 0.006934 0.030845
-0.003809 -0.001728 -0.002508
0.004644 -0.000835 -0.002015
0.000658 -0.006591 0.010344
-0.007285 -0.001629 0.002963
-0.000293 -0.004759 0.008474
-0.005541 0.000726 0.000165
0.003862 0.000941 -0.005675
0.001435 -0.002451 0.000867
0.010796 0.002400 0.000335
-0.004689 0.000431 0.000715
0.010658 0.003841 0.001034
0.002018 0.000698 -0.012064
0.008661 0.002521 -0.001878
-0.001922 -0.003656 -0.000224
-0.004689 -0.002365 -0.005043
-0.004268 0.005572 0.000354
-0.008730 0.000795 -0.007832
0.005228 -0.000579 -0.003147
-0.005116 -0.000922 0.002004
-0.005968 -0.002433 0.003080
-0.001261 -0.005400 0.010072
-0.005455 0.000924 -0.001409
0.004697 0.001577 -0.005954
0.003751 -0.002861 0.001023
0.010300 0.003428 0.030486
-0.005414 -0.001330 0.000228
0.010330 0.004319 0.000590
0.002067 0.000271 -0.002810
0.007506 0.003021 -0.003340
-0.002175 -0.002428 -0.001263
-0.000210 0.001458 0.001321
-0.005239 0.005850 0.000384
-0.009021 0.001936 -0.009011
0.005554 -0.049880 0.037913
-0.003916 -0.002301 0.003891
-0.006802 -0.014349 0.014546
-0.001735 -0.005217 0.010483
-0.004908 -0.005143 0.004825
0.005416 0.002796 -0.008060
0.002600 -0.001994 0.000156
0.010602 0.003144 0.002615
-0.005577 -0.001254 0.001555
0.009135 0.004857 -0.000731
0.002475 0.000235 -0.002770
0.008259 0.002624 -0.002299
-0.001891 -0.003203 -0.000652
-0.004544 -0.002559 -0.004912
-0.004316 0.005980 -0.000300
-0.007649 0.001595 -0.009502
0.004892 -0.006857 0.003776
-0.001421 -0.002627 0.004230
-0.005467 -0.013155 0.013413
-0.002060 -0.003877 0.010441
-0.009663 -0.056259 0.044876
0.000164 -0.003098 0.000913
0.001604 -0.001733 -0.004230
0.010778 0.002494 0.000318
-0.008977 0.003308 0.011338
0.010532 0.003879 0.000342
0.002066 0.000495 -0.000576
0.008569 0.002464 -0.002936
-0.000147 -0.003758 -0.002536
-0.002810 -0.003055 -0.006662
-0.005530 0.006310 -0.001744
-0.007035 0.001292 -0.009533
0.005256 -0.000120 -0.002391
-0.004167 -0.003525 0.002232
-0.007256 -0.002097 -0.006088
-0.003124 -0.005893 0.008496
-0.005964 0.001450 -0.000534
0.004206 0.000389 -0.003704
0.003278 -0.001198 0.000791
0.010267 0.002937 0.033244
-0.005194 -0.001437 0.002716
0.009633 0.004670 0.000028
0.002329 0.001009 -0.002857
0.009703 0.002592 -0.003258
-0.002397 -0.003226 -0.000760
-0.003666 -0.003118 -0.006408
-0.004395 0.005829 -0.000495
-0.008845 0.000914 -0.007822
0.005151 -0.001153 -0.004405
-0.004104 -0.002480 0.003860
-0.005605 0.013577 0.019751
-0.001544 -0.004981 0.008502
-0.005854 -0.000099 -0.000797
0.001009 0.006532 0.000844
0.002429 -0.001475 0.001396
-0.012241 -0.000458 0.002186
0.005326 -0.002670 0.001107
-0.002867 -0.000130 0.002342
-0.005053 0.004174 0.003529
-0.004769 0.005464 -0.002533
0.006339 -0.002677 -0.007079
0.004354 -0.000332 -0.005759
0.003162 0.000549 0.000204
0.009721 0.005558 0.002283
0.000182 -0.006095 -0.006363
0.002252 0.002473 0.004616
-0.022473 -0.004261 -0.004451
0.002059 0.004160 0.011298
-0.000609 -0.007719 -0.008821
0.018247 -0.000562 -0.000094
-0.006114 0.000443 0.008398
-0.012303 -0.001427 0.003160
0.005795 -0.003065 0.000162
-0.002146 0.004261 0.006042
-0.004224 0.004268 0.002869
-0.004246 0.005980 -0.001815
0.006099 -0.001106 -0.000287
0.003354 -0.000554 -0.004539
0.003160 0.000252 -0.000661
0.009516 0.004518 0.001520
-0.003022 -0.001303 -0.001343
0.001730 0.001660 0.004549
-0.022105 -0.004295 -0.005141
0.001220 0.003812 0.010755
0.002282 -0.004291 -0.002297
0.019886 0.033172 0.022190
-0.005649 -0.000926 0.007218
-0.017068 -0.003654 0.008278
-0.037072 -0.002197 0.031132
-0.002473 0.000568 0.002429
-0.017758 0.003720 0.016682
-0.004740 0.007532 -0.002386
0.006155 -0.001857 -0.006464
0.001608 -0.002681 -0.002335
0.003479 0.000145 -0.008461
0.009433 0.005729 0.000934
-0.000338 -0.006003 -0.006330
-0.001998 0.005191 0.010333
-0.040597 -0.004084 0.014561
0.001926 0.004744 0.012322
-0.000131 -0.007449 -0.010650
0.017438 0.000304 0.000343
-0.005700 0.000518 0.006398
-0.012649 -0.001453 0.002817
0.005516 -0.002846 0.001661
-0.002431 0.000418 0.001777
-0.003397 0.003722 0.003637
-0.003227 0.005811 -0.001214
0.006087 -0.002107 -0.004519
0.004068 -0.000527 -0.003537
0.002938 0.000148 -0.000925
0.009831 0.005762 0.002425
0.000013 -0.006161 -0.007185
0.002143 0.002730 0.005343
-0.022197 -0.004228 -0.004090
0.002148 0.004713 0.010291
-0.000407 -0.007648 -0.009016
0.017786 0.000299 -0.000487
-0.005812 0.000311 0.008491
-0.013574 -0.000360 0.001108
0.005618 -0.002378 0.000377
-0.002541 0.002394 0.000230
-0.003958 0.004286 0.002953
0.031326 0.006940 0.023315
0.006151 -0.001325 -0.000659
0.004468 -0.001174 -0.003828
0.003283 0.000124 -0.000340
0.013704 0.001601 0.010558
-0.004230 -0.010753 -0.000484
0.002252 0.002643 0.004941
-0.022679 -0.004884 -0.004611
0.000774 0.005882 0.010038
-0.001520 -0.005878 -0.009691
0.018011 0.000915 -0.000053
-0.009893 -0.004219 0.017729
-0.012654 -0.000672 0.001980
0.004824 -0.003210 0.001008
-0.003008 0.000909 0.002267
-0.004789 0.003486 0.002570
-0.004251 0.005787 -0.001073
0.005299 -0.000636 -0.000403
0.005301 -0.000813 -0.004652
0.002496 0.000055 -0.000501
0.010154 0.006924 0.001536
0.000498 -0.004742 -0.008463
-0.001868 0.007000 0.010955
-0.022532 -0.003786 -0.003989
0.005773 0.000909 0.017297
-0.004664 -0.013052 0.000884
0.017400 0.002053 -0.001521
-0.006883 0.001751 0.007230
-0.014424 -0.000354 0.000617
0.005302 -0.002274 -0.000746
-0.002844 -0.000110 0.002146
0.009542 0.004002 0.016761
-0.003831 0.006877 -0.001279
0.006177 -0.002263 -0.003501
0.004315 -0.000593 -0.004267
0.003113 0.000170 -0.003685
0.010120 0.005810 0.002705
-0.004578 -0.005909 -0.002070
0.001127 0.002256 0.004428
-0.002701 -0.004454 0.016255
0.006454 0.004714 0.016143
-0.000849 -0.007402 -0.008839
0.017768 -0.000312 0.000109
-0.006185 0.000519 0.008379
-0.018449 -0.005716 0.009077
0.005203 -0.002545 0.001072
-0.001692 0.047172 0.035446
-0.004053 0.003475 0.002798
-0.003444 0.006093 -0.003620
0.006119 -0.001183 -0.000638
0.004439 -0.000728 -0.004046
0.003090 0.000363 -0.000415
0.004901 0.010509 0.011795
-0.000210 -0.006689 -0.008021
0.001920 0.002396 0.004609
-0.022504 -0.004177 -0.004528
0.005463 0.009447 0.016714
0.000803 -0.008421 -0.009867
0.016938 0.004067 0.003247
-0.001163 0.004141 0.017740
