2176.0000 0.05 1
1.11111
4.44444
11.1111
2.22222
11.1111
4.44444
13.3333
11.1111
20
11.1111
6.66667
11.1111
24.4444
23.3333
17.7778
23.3333
26.6667
18.8889
13.3333
34.4444
16.6667
11.1111
2.22222
10
14.4444
14.4444
36.6667
40
23.3333
40
11.1111
26.6667
17.7778
31.1111
24.4444
32.2222
26.6667
27.7778
40
24.4444
32.2222
46.6667
36.6667
47.7778
70
55.5556
56.6667
41.1111
80
108.889
93.3333
126.667
127.778
141.111
146.667
148.889
158.889
190
192.222
200
216.667
267.778
192.222
230
232.222
288.889
235.556
281.111
253.333
261.111
292.222
300
317.778
337.778
318.889
352.222
282.222
347.778
300
313.333
294.444
300
293.333
277.778
314.444
268.889
253.333
285.556
292.222
295.556
316.667
314.444
323.333
307.778
337.778
312.222
323.333
291.111
294.444
296.667
304.444
291.111
332.222
355.556
320
356.667
376.667
358.889
351.111
354.444
336.667
297.778
251.111
215.556
177.778
160
191.111
238.889
264.444
333.333
350
396.667
420
400
426.667
410
450
402.222
380
358.889
342.222
371.111
347.778
396.667
383.333
374.444
385.556
430
404.444
458.889
407.778
404.444
413.333
355.556
358.889
372.222
371.111
375.556
436.667
413.333
412.222
438.889
403.333
334.444
358.889
320
351.111
311.111
334.444
255.556
282.222
260
272.222
260
242.222
224.444
276.667
208.889
245.556
215.556
230
261.111
221.111
244.444
234.444
214.444
206.667
227.778
176.667
206.667
175.556
197.778
175.556
175.556
253.333
237.778
231.111
214.444
215.556
168.889
175.556
197.778
260
238.889
224.444
270
243.333
224.444
257.778
352.222
342.222
317.778
303.333
330
307.778
333.333
380
410
432.222
425.556
447.778
434.444
503.333
477.778
501.111
466.667
428.889
350
320
230
118.889
14.4444
1.11111
0
0
0
0
0
0
0
0
0
0
0
0
0
0
0
0
2.22222
0
0
0
0
2.22222
4.44444
0
0
2.22222
0
0
4.44444
4.44444
2.22222
3.33333
2.22222
0
4.44444
2.22222
4.44444
4.44444
2.22222
2.22222
2.22222
2.22222
1.11111
2.22222
0
0
2.22222
0
2.22222
0
