-0.001253 0.011304 0.011656
-0.006135 0.000496 -0.000584
0.006863 0.018710 0.001715
0.012458 0.008776 -0.004813
-0.003432 0.015513 -0.005304
-0.011182 0.003835 -0.006372
-0.000828 0.003629 0.004959
-0.004492 -0.004573 -0.002293
-0.001878 -0.012083 -0.001214
-0.017176 -0.005850 0.002398
-0.002250 -0.012105 0.000475
-0.007589 -0.007521 -0.003662
0.000162 -0.008137 0.004046
0.003025 -0.015359 -0.002761
-0.004023 0.000097 0.001076
0.014329 -0.011755 0.002592
-0.000101 0.011421 0.012775
-0.009470 0.002071 -0.000001
-0.002341 0.017958 0.000794
0.019280 0.008741 -0.003211
-0.001017 0.016179 -0.006702
-0.010379 0.000826 -0.003019
-0.001039 0.002931 0.003759
-0.000799 -0.015629 -0.001903
-0.001599 -0.012604 -0.001277
-0.013988 -0.014907 -0.002157
0.010278 -0.007508 0.000629
-0.013010 -0.001158 -0.003683
0.005828 -0.010727 0.003416
-0.001307 -0.026808 -0.000577
-0.004274 0.000797 0.001383
0.014365 -0.011253 0.001958
0.000337 0.010167 0.012648
-0.008870 0.002439 -0.000157
-0.001543 0.020394 0.002452
0.014369 0.008671 -0.003270
-0.002315 0.015782 -0.006300
-0.009657 0.000413 -0.002245
-0.001212 0.004115 0.004549
-0.000136 -0.016113 -0.002975
-0.004866 -0.011744 -0.001132
-0.010370 -0.007526 -0.002105
0.009999 -0.006979 0.000273
-0.009379 -0.005679 -0.003497
0.005040 -0.010119 0.003710
0.005870 -0.019475 -0.000416
-0.004018 0.001158 0.001697
0.015416 -0.011138 0.003894
-0.002628 0.008247 0.009264
-0.007281 0.001785 0.000236
-0.001029 0.019337 0.000144
0.012097 0.007859 -0.003247
-0.009500 0.005983 -0.021331
-0.009564 0.001418 -0.001225
0.000199 0.004320 0.006096
-0.005532 -0.025855 -0.002874
-0.002346 -0.010098 -0.001326
-0.012585 -0.004680 -0.001573
0.011923 -0.006411 0.001040
-0.008334 -0.004392 -0.002934
0.004753 -0.009161 0.004109
0.003996 -0.019923 -0.001105
-0.001357 0.001839 0.004310
-0.002562 0.049458 0.003731
0.000406 0.009987 0.013405
-0.009099 0.001224 0.000714
0.001930 0.019074 0.000296
0.010872 0.007589 -0.003117
-0.001853 0.015740 -0.005952
-0.007038 0.000648 -0.004552
-0.000858 0.002997 0.005640
0.000926 -0.014038 -0.002994
-0.004914 -0.011482 -0.001112
-0.016658 -0.006539 -0.007247
0.009910 -0.008326 0.000938
-0.010186 -0.006344 -0.003527
0.005592 -0.007101 0.003663
0.002482 -0.013870 0.001604
-0.005467 0.000692 0.001937
0.014397 -0.011528 0.003154
-0.009405 0.011321 0.013904
-0.063396 -0.029215 0.074745
-0.001442 0.018147 -0.000394
0.013142 0.007578 -0.002770
-0.000810 0.016254 -0.008086
-0.008656 0.002259 -0.001096
0.000746 0.001447 0.001967
-0.007441 -0.014554 0.002986
-0.005338 -0.011286 -0.000848
-0.013596 0.000439 -0.001930
0.011935 -0.007386 -0.001923
-0.010133 -0.008231 -0.008477
0.005366 -0.007834 0.003925
-0.008075 -0.018481 0.000035
-0.004490 0.001551 0.001881
0.012665 -0.011704 0.004214
0.000329 0.011490 0.012961
-0.008464 0.000303 0.001444
-0.000470 0.018937 0.001098
0.011184 0.007692 -0.001567
-0.004065 0.012584 -0.010091
-0.019394 0.010649 -0.016662
-0.008454 -0.007300 0.019999
-0.003884 -0.015705 -0.006124
-0.006548 -0.011475 -0.000930
-0.009891 -0.005499 -0.001805
0.012347 -0.007105 0.002340
-0.007777 -0.007678 0.001645
0.004547 -0.007464 0.002937
0.003456 -0.019247 -0.000885
-0.017633 -0.002551 -0.000447
0.013072 -0.011129 0.001678
-0.000088 0.012418 0.012297
-0.010208 0.001575 0.001189
-0.001450 0.019157 0.000737
0.013131 0.006330 -0.001203
0.000839 0.014083 -0.002867
-0.009212 0.001362 -0.002488
-0.002920 -0.000528 0.008868
0.000579 -0.016625 -0.002692
-0.001294 -0.009957 -0.001264
-0.011560 -0.004905 -0.001981
0.012061 -0.006635 -0.000226
-0.020744 -0.007036 -0.003560
-0.070177 -0.034130 0.003833
0.003324 -0.020027 -0.000580
-0.002460 0.001539 -0.001600
0.012931 -0.011817 0.003128
-0.007163 0.002837 -0.005632
0.007403 0.008470 -0.002373
-0.011708 0.014106 0.006070
0.006670 0.023928 -0.000495
-0.006329 -0.002465 0.001288
0.001268 0.003522 -0.010300
-0.005543 -0.003818 0.001241
-0.051401 0.032276 0.057774
-0.000580 0.008179 -0.002049
0.006548 -0.010252 0.003307
-0.018378 0.009914 0.001674
-0.034612 -0.003163 -0.000177
0.010789 -0.004939 -0.000830
-0.033841 0.021113 0.002790
0.010205 -0.009688 0.002202
-0.019199 -0.005393 0.000959
-0.000409 0.003956 -0.005566
0.006449 0.007877 -0.002398
-0.010872 0.009948 0.001757
0.007331 0.023145 -0.000977
-0.001217 -0.003612 -0.001223
0.001948 0.003909 -0.009548
-0.008774 -0.001689 0.001550
0.006586 0.008088 -0.000788
0.000252 0.007401 -0.001928
0.020607 -0.011009 0.002876
-0.007573 0.009431 0.001673
-0.004807 -0.002219 0.000375
0.015727 -0.004720 0.000013
-0.003070 -0.002604 0.004262
0.010460 -0.009610 0.002589
-0.013741 -0.012700 0.000517
-0.000493 0.002269 -0.004633
0.009220 0.008500 -0.002960
-0.010849 0.011346 0.002848
0.007838 0.023201 -0.002175
0.000121 -0.002373 0.000182
0.000655 0.003716 -0.010366
-0.008289 -0.001247 0.000496
0.003255 0.005000 -0.000422
-0.000504 0.007761 -0.001702
0.020465 -0.011245 0.003588
-0.008431 0.009601 0.002237
-0.006486 -0.001333 -0.000101
0.010688 -0.005257 -0.000124
-0.002173 -0.003637 0.004373
0.010584 -0.009536 0.002009
-0.017367 -0.012222 0.002270
0.000529 0.003881 -0.005568
0.010486 0.010076 -0.001607
-0.011367 0.011112 0.001882
0.006324 0.023242 -0.000663
0.001508 -0.002328 0.000159
0.002240 0.005011 -0.011275
-0.007436 -0.001271 0.001044
0.002340 0.005858 0.000233
-0.001083 0.007407 -0.002416
0.006054 -0.010387 0.002792
-0.010600 0.006685 0.001925
-0.005593 0.001336 -0.000188
0.011587 -0.006476 -0.000547
-0.002846 -0.004817 0.004373
-0.005459 -0.057107 0.002491
-0.027741 -0.012886 0.000847
0.000659 0.002502 -0.007240
0.006570 0.007774 -0.001779
-0.008504 0.010369 0.004008
0.006983 0.024220 -0.003234
-0.000021 -0.003818 0.002400
0.002288 0.004093 -0.010340
-0.007724 -0.002338 0.001026
0.004387 0.005884 0.000852
-0.001493 0.008406 -0.001518
0.017523 -0.011747 0.003272
-0.007469 0.010352 0.002184
-0.005217 -0.000627 -0.000173
0.015786 -0.005802 0.001120
-0.003293 -0.004909 0.004005
0.008561 -0.009714 0.002156
-0.015962 -0.011967 0.001504
-0.000027 0.002438 -0.005740
0.007919 0.008020 -0.003984
-0.017650 0.019361 0.016313
0.001228 0.024632 -0.000872
-0.001695 0.000358 -0.002664
-0.000444 0.001404 -0.006532
-0.008639 -0.002162 -0.001458
0.004481 0.005318 -0.000191
0.000665 0.008151 -0.002862
0.020533 -0.013204 0.002414
-0.009038 0.012098 0.007067
-0.005873 -0.000989 -0.000282
0.009807 -0.004783 0.000005
-0.002841 -0.005801 0.003906
0.011275 -0.008172 0.000697
-0.016177 -0.017096 0.000453
-0.001475 0.006855 -0.002609
-0.046369 0.033890 -0.060396
-0.010227 0.012645 0.001743
0.007850 0.023340 -0.000423
0.000299 -0.003154 0.000452
0.000632 0.005615 -0.009872
-0.059548 -0.028949 -0.061557
0.002228 0.005023 0.000336
-0.009894 0.007276 0.000356
0.020235 -0.013049 0.003653
-0.009106 0.012525 -0.004873
-0.003922 -0.003349 -0.000517
0.582574 -0.001882 -0.010160
-0.002237 -0.005690 0.004823
0.010685 -0.009224 0.002706
-0.016611 -0.016371 0.001070
0.002234 0.005249 -0.005338
0.007004 0.008396 -0.002386
-0.010730 0.010399 0.002198
0.006692 0.022917 -0.001569
0.001747 -0.000813 -0.000568
-0.006476 0.004570 -0.011063
-0.008962 -0.002166 -0.000125
0.003038 0.004516 -0.001204
-0.001500 0.006999 -0.002243
0.017268 -0.010956 0.002997
-0.005792 0.010923 0.002221
-0.027541 0.000044 -0.000770
0.011463 -0.006171 0.000898
-0.012023 -0.004894 0.004265
0.008951 -0.009583 0.001999
-0.015844 -0.011019 0.001105
