svsl Ru Ru 2.69372 0.70369 -0.18187
1.00000 0.50000 0.50000 0.00000 -0.50000 -0.50000

3
-0.05920
1.00000 0.00000 0.00000 
0.00000 0.00000 0.00000 
0.00000 0.00000 0.00000 

0.19957
0.00000 0.00000 0.00000 
0.00000 1.00000 0.00000 
0.00000 0.00000 1.00000 

0.50412
0.00000 0.00000 0.00000 
0.00000 0.00000 1.00000 
0.00000 1.00000 0.00000 

-0.05920 0.00000 0.00000 
0.00000 0.19957 0.50412 
0.00000 0.50412 0.19957 

---------------

svsl Ru Ru 3.80949 0.71344 0.08602
0.50000 0.50000 1.00000 1.00000 0.00000 0.00000

2
0.71344
1.00000 0.00000 0.00000 
0.00000 0.00000 0.00000 
0.00000 0.00000 0.00000 

0.08602
0.00000 0.00000 0.00000 
0.00000 1.00000 0.00000 
0.00000 0.00000 1.00000 

0.71344 0.00000 0.00000 
0.00000 0.08602 0.00000 
0.00000 0.00000 0.08602 

---------------

svsl Ru Ru 4.66565 0.29410 0.05124
0.50000 0.50000 1.00000 1.00000 -0.50000 0.50000

4
0.23351
1.00000 0.00000 0.00000 
0.00000 0.00000 0.00000 
0.00000 0.00000 0.00000 

-0.10746
0.00000 1.00000 -1.00000 
1.00000 0.00000 0.00000 
-1.00000 0.00000 0.00000 

0.08154
0.00000 0.00000 0.00000 
0.00000 1.00000 0.00000 
0.00000 0.00000 1.00000 

0.09610
0.00000 0.00000 0.00000 
0.00000 0.00000 1.00000 
0.00000 1.00000 0.00000 

0.23351 -0.10746 0.10746 
-0.10746 0.08154 0.09610 
0.10746 0.09610 0.08154 

---------------

svsl Ru Ru 5.38743 1.00593 -0.08153
1.00000 1.00000 1.00000 0.00000 -1.00000 -1.00000

3
-0.04295
1.00000 0.00000 0.00000 
0.00000 0.00000 0.00000 
0.00000 0.00000 0.00000 

0.44292
0.00000 0.00000 0.00000 
0.00000 1.00000 0.00000 
0.00000 0.00000 1.00000 

0.56302
0.00000 0.00000 0.00000 
0.00000 0.00000 1.00000 
0.00000 1.00000 0.00000 

-0.04295 0.00000 0.00000 
0.00000 0.44292 0.56302 
0.00000 0.56302 0.44292 

---------------

