272.0000 0.05 1
0.116618
1.16618
0.466472
0.699708
1.39942
0.466472
2.33236
1.39942
0.932945
2.5656
0.932945
1.39942
2.79883
3.73178
2.5656
1.63265
3.26531
2.79883
2.33236
1.63265
1.39942
1.86589
1.39942
0.932945
3.03207
1.63265
3.73178
3.49854
3.26531
3.26531
4.19825
2.5656
1.86589
1.86589
3.49854
3.49854
4.66472
4.89796
3.73178
3.96501
5.8309
7.23032
3.73178
7.69679
5.94752
5.8309
6.76385
8.51312
10.379
12.2449
9.79592
15.1603
19.0087
16.793
17.2595
19.0087
21.691
21.4577
17.9592
24.9563
21.9242
23.6735
29.2711
30.5539
32.6531
29.8542
30.9038
35.6851
39.8834
32.07
42.2157
36.3848
40.4665
39.4169
38.7172
43.7318
40.8163
43.8484
42.6822
47.8134
43.2653
44.6647
38.8338
47.2303
44.0816
40.1166
45.481
37.551
38.2507
33.2362
34.7522
31.4869
29.621
30.6706
29.0379
36.6181
28.2216
34.6356
39.1837
34.8688
42.9155
34.8688
32.4198
38.2507
40.9329
33.9359
36.5015
37.2012
40.9329
33.9359
37.7843
30.7872
39.6501
36.5015
42.449
32.8863
39.5335
35.6851
40.8163
37.551
39.6501
38.0175
47.4636
41.6327
45.9475
46.0641
48.9796
43.8484
49.3294
54.2274
55.3936
53.8776
48.6297
55.6268
57.2595
55.9767
54.344
59.9417
55.7434
52.7114
54.8105
50.6122
48.9796
42.449
44.0816
41.516
38.2507
36.9679
40.4665
39.8834
33.8192
32.4198
30.5539
34.9854
34.1691
38.0175
39.3003
35.2187
27.7551
27.5219
30.5539
40.6997
42.3324
36.3848
36.2682
34.4023
35.9184
37.551
39.7668
43.8484
46.1808
43.965
43.0321
42.5656
42.7988
34.8688
27.9883
24.4898
27.2886
41.8659
41.6327
32.8863
34.0525
29.621
34.519
32.6531
26.8222
31.2536
27.7551
36.3848
38.484
27.2886
31.2536
27.7551
27.7551
29.1545
27.7551
30.5539
27.2886
38.0175
41.9825
31.9534
36.8513
31.8367
32.7697
27.7551
34.2857
39.4169
35.9184
46.1808
51.0787
66.7055
58.0758
44.0816
56.6764
53.6443
41.8659
59.1254
56.793
33.586
38.9504
23.0904
33.1195
23.5569
34.2857
11.1953
13.7609
12.4781
10.0292
6.99708
3.26531
11.1953
10.7289
10.0292
10.7289
8.86297
6.29738
8.3965
8.86297
8.16327
7.46356
10.0292
2.79883
2.5656
8.74636
5.1312
13.9942
16.793
11.1953
2.09913
8.16327
6.06414
6.06414
7.46356
6.06414
5.36443
4.43149
9.56268
8.86297
11.5452
6.53061
11.1953
6.29738
6.76385
6.76385
13.9942
3.96501
3.49854
3.49854
3.73178
6.99708
5.59767
4.89796
2.79883
2.09913
1.86589
4.89796
3.49854
2.33236
4.43149
6.06414
3.73178
4.19825
4.19825
1.16618
1.63265
1.63265
0.699708
1.63265
0.699708
0.699708
0.699708
0.699708
0.699708
0.699708
1.16618
0.699708
1.16618
0.932945
0.466472
0.932945
0.699708
1.16618
0.466472
0.932945
0.233236
0.58309
0.233236
0.233236
0.233236
0.58309
0.466472
0.466472
0
0.233236
0
0
0.233236
0.233236
0.466472
0
0.233236
0
0
0.233236
0
0
0
0
0
0
0
0
0
0
0.233236
0
