2176.0000 0.05 1
1.11111
4.44444
11.1111
2.22222
11.1111
4.44444
13.3333
11.1111
20
11.1111
6.66667
11.1111
24.4444
23.3333
17.7778
23.3333
26.6667
18.8889
13.3333
32.2222
18.8889
8.88889
4.44444
10
14.4444
14.4444
36.6667
37.7778
25.5556
40
11.1111
26.6667
17.7778
31.1111
24.4444
32.2222
26.6667
27.7778
40
24.4444
32.2222
46.6667
36.6667
47.7778
70
57.7778
54.4444
41.1111
80
107.778
94.4444
126.667
127.778
136.667
151.111
144.444
163.333
190
192.222
200
214.444
270
192.222
230
232.222
288.889
237.778
276.667
255.556
263.333
291.111
298.889
317.778
344.444
314.444
350
286.667
345.556
302.222
311.111
295.556
301.111
291.111
275.556
316.667
273.333
248.889
285.556
292.222
297.778
312.222
320
317.778
314.444
333.333
318.889
316.667
291.111
292.222
301.111
302.222
293.333
327.778
357.778
316.667
361.111
380
358.889
348.889
352.222
341.111
293.333
251.111
215.556
175.556
162.222
186.667
241.111
266.667
331.111
353.333
397.778
420
397.778
430
406.667
450
400
382.222
356.667
344.444
375.556
341.111
400
382.222
376.667
385.556
427.778
404.444
458.889
405.556
408.889
411.111
354.444
360
376.667
368.889
378.889
435.556
415.556
407.778
438.889
405.556
341.111
345.556
322.222
351.111
320
323.333
255.556
284.444
264.444
268.889
256.667
244.444
222.222
276.667
211.111
244.444
214.444
234.444
261.111
221.111
244.444
230
214.444
208.889
227.778
176.667
205.556
174.444
200
173.333
175.556
257.778
235.556
236.667
206.667
215.556
170
175.556
196.667
262.222
238.889
224.444
270
244.444
223.333
260
347.778
342.222
318.889
308.889
325.556
310
331.111
380
418.889
423.333
428.889
448.889
427.778
512.222
471.111
503.333
470
427.778
350
314.444
231.111
116.667
16.6667
1.11111
0
0
0
0
0
0
0
0
0
0
0
0
0
0
0
0
0
0
0
0
0
0
4.44444
2.22222
0
2.22222
0
2.22222
2.22222
4.44444
2.22222
3.33333
2.22222
0
4.44444
2.22222
4.44444
2.22222
4.44444
2.22222
2.22222
2.22222
1.11111
2.22222
0
2.22222
0
0
2.22222
0
