-0.000617 0.010877 0.011622
-0.010214 -0.000073 0.000901
-0.001765 0.019161 0.001508
0.011680 0.007520 -0.002809
-0.002058 0.013913 -0.010010
-0.008211 -0.000132 -0.002164
0.002103 0.007220 0.004038
0.000178 -0.015642 -0.002938
-0.003464 -0.011125 -0.000807
-0.011317 -0.005279 -0.002051
0.011295 -0.006789 0.001455
-0.009838 -0.006542 -0.004308
0.002903 -0.005888 0.003271
0.003357 -0.019280 -0.000178
-0.003472 0.000838 0.002041
0.014193 -0.011626 0.001678
0.000307 0.010914 0.011827
-0.012643 0.003096 0.004604
-0.000730 0.019478 0.000299
0.011436 0.007994 -0.003223
-0.001986 0.015496 -0.008643
-0.009747 0.000864 -0.002608
-0.000001 0.005466 0.000303
0.000331 -0.015734 -0.004356
-0.003369 -0.010790 0.005694
-0.011579 -0.004981 -0.001254
0.011455 -0.006304 0.001507
-0.009875 -0.006360 -0.005094
0.004208 -0.007539 0.003459
0.002637 -0.018436 -0.000717
-0.001243 0.003950 0.004989
0.013868 -0.011208 0.002373
-0.001865 0.010787 0.012155
0.007876 -0.007595 0.003483
-0.000453 0.018276 0.001630
0.010554 0.008995 -0.002596
-0.004869 0.010974 -0.005970
-0.008108 0.000275 -0.002788
-0.003931 0.006221 0.005623
-0.000192 -0.015421 -0.002574
-0.001945 -0.014773 0.000370
-0.011262 -0.005213 -0.002559
0.011245 -0.006655 0.000520
-0.009982 -0.006668 -0.003528
0.004543 -0.007658 0.002375
0.003547 -0.020354 -0.000295
-0.007986 -0.002053 0.007747
0.013884 -0.011055 0.002137
-0.000535 0.011873 0.012424
-0.009041 0.000448 0.000965
-0.001428 0.018666 0.001777
0.087232 0.046798 0.085424
-0.002687 0.015653 -0.005560
-0.008096 0.001772 -0.002256
-0.000344 0.004183 0.004437
-0.000289 -0.015991 -0.002798
-0.003958 -0.011306 -0.002047
-0.013736 -0.006783 -0.002450
0.011157 -0.006593 0.000217
-0.008242 -0.005460 -0.001806
0.003382 -0.002791 0.007066
0.003806 -0.018880 -0.001404
-0.003611 0.001612 0.001531
0.013796 -0.010595 0.006507
-0.001216 0.010763 0.012423
-0.008510 0.001635 0.001640
-0.000477 0.018881 0.000381
0.010016 0.008564 -0.001686
0.001323 0.013443 -0.007060
-0.008906 0.001277 -0.001705
0.000889 0.004408 0.001141
-0.000336 -0.016144 -0.002892
-0.003736 -0.011983 -0.001112
-0.010907 -0.005161 -0.001876
0.011205 -0.006239 0.000004
-0.009494 -0.005781 -0.005009
0.005016 -0.008974 0.004028
0.003138 -0.019773 -0.000735
-0.003748 0.000870 0.002091
0.014057 -0.011006 0.001808
-0.001398 0.015220 0.013825
-0.006443 0.000415 -0.002599
-0.002312 0.017172 0.001042
0.012218 0.007736 -0.001724
-0.000664 0.014436 -0.006311
-0.074955 0.040060 0.074381
0.001638 0.003319 0.004845
-0.005031 -0.014689 0.003926
-0.001776 -0.012452 -0.000943
-0.011033 -0.005460 0.001700
0.011982 -0.006878 0.020042
-0.009114 -0.006883 -0.003956
0.002983 -0.007508 0.003504
0.003529 -0.019093 -0.005621
-0.003900 -0.000256 0.003128
0.013283 -0.011424 0.002090
-0.000260 -0.008626 0.014713
-0.005101 0.002184 0.000363
-0.095274 -0.032786 0.115717
0.011322 0.005361 -0.002824
-0.002379 0.017369 -0.005497
-0.010056 0.002134 -0.002262
-0.000069 0.003446 0.005151
0.004844 -0.018091 0.005393
-0.006041 -0.010108 -0.001181
-0.013235 -0.008692 0.002596
0.010887 -0.005836 0.022232
-0.009424 -0.004645 -0.003678
0.005496 -0.007645 0.003621
0.014417 -0.017150 -0.647622
-0.003783 0.000200 0.000964
0.014131 -0.011331 0.002082
0.000552 0.010228 0.012138
-0.008118 0.001407 0.000924
-0.001097 0.020612 0.000265
0.013272 0.009217 -0.001910
-0.002012 0.016998 -0.004882
-0.008561 0.000664 -0.000824
-0.000038 0.002906 0.005271
-0.000278 -0.015988 -0.003485
-0.003001 -0.011967 -0.001036
-0.008410 -0.003889 -0.002124
0.011252 -0.006503 0.000326
-0.010217 -0.006519 -0.005476
0.004127 -0.008381 0.010474
0.002714 -0.020610 -0.001034
-0.004204 -0.000216 0.000914
0.008571 -0.011698 0.003495
-0.000249 0.003844 -0.005461
0.007207 0.007740 -0.002621
-0.010586 0.010635 0.001949
0.007805 0.024224 -0.000742
-0.000454 -0.002279 -0.000176
0.000626 0.004124 -0.009985
-0.008600 -0.002189 0.001630
0.004270 0.004992 0.000499
-0.002203 0.007480 -0.001629
0.017654 -0.011482 0.002455
-0.008083 0.010365 0.001979
-0.003872 -0.001065 -0.000493
0.011239 -0.005396 -0.001589
-0.004133 -0.004910 0.004137
0.011210 -0.013155 0.002781
-0.017413 -0.012719 0.000411
-0.000043 0.002375 -0.004954
0.009978 -0.059312 0.056123
-0.010352 0.009941 0.002523
0.006962 0.021537 -0.007138
-0.000288 -0.002411 0.000654
0.001412 0.005401 -0.009896
-0.005537 -0.003150 0.004736
0.003701 0.005648 0.000172
-0.000976 0.010396 -0.007444
0.018180 -0.011562 0.003767
-0.008419 0.009858 0.003522
-0.005046 -0.000909 0.000211
0.009376 -0.009584 0.006294
-0.003601 -0.004840 0.003307
0.010092 -0.009397 0.001368
-0.016804 -0.012251 0.006215
-0.000018 0.003225 -0.004370
0.007906 0.006984 -0.002198
-0.010849 0.011328 0.002027
0.003435 0.021664 -0.001752
-0.000504 -0.001351 0.000193
0.001280 0.003178 -0.010462
-0.024385 0.005203 0.003289
0.002186 0.005656 0.000462
0.002711 0.011197 -0.001909
0.017704 -0.011772 0.002207
-0.008387 0.010560 0.003783
-0.004632 -0.001171 -0.000443
0.013277 -0.001373 0.005706
-0.003406 -0.005663 0.003745
0.009982 -0.009798 0.003199
-0.014476 -0.012157 0.005926
-0.004787 0.005268 -0.004724
0.007625 0.007385 -0.003129
-0.011030 0.010228 0.001972
0.006472 0.022904 -0.001464
0.003816 -0.003764 -0.000293
-0.001072 0.021771 -0.006740
-0.007565 -0.000637 0.001363
0.003788 0.005721 -0.000818
0.000112 0.006995 -0.001639
0.018493 -0.011624 0.001468
-0.008468 0.010702 0.002895
-0.002896 0.002068 0.001626
0.011896 -0.006377 -0.000760
-0.002896 -0.005519 0.004577
0.010358 -0.009758 0.003456
-0.016875 -0.011734 0.000369
-0.000459 0.002962 -0.004600
0.007928 0.008487 -0.002581
-0.010706 0.011039 0.002919
0.008433 0.023833 -0.001239
0.000421 -0.002944 -0.000191
0.002763 0.004715 -0.009996
-0.007348 -0.001463 0.000623
0.002393 0.005247 -0.000673
-0.001206 0.007302 -0.001034
0.018456 -0.011116 0.002523
-0.009063 0.010323 0.002026
-0.005876 -0.000539 -0.000232
0.011404 -0.005567 -0.000542
-0.002478 -0.005693 0.003408
0.009607 -0.006459 0.002643
-0.016211 -0.011043 0.000479
-0.015900 -0.005976 -0.001770
0.007627 0.008278 -0.003037
-0.009144 0.009729 0.002540
0.009393 0.022789 -0.006715
-0.001756 -0.004629 0.005464
0.000859 0.003071 -0.009646
-0.011968 -0.003291 0.000167
0.002672 0.006597 -0.000097
-0.001320 0.012216 -0.001863
0.023544 -0.010176 0.008477
-0.013337 0.013267 0.005579
-0.004478 0.000427 -0.000561
0.010571 -0.005609 -0.000042
-0.000976 -0.011103 0.011020
0.010200 -0.011218 0.002770
-0.016264 -0.011897 -0.000133
0.001742 0.003872 0.001713
0.005896 0.008730 -0.002064
0.064631 -0.036105 0.088527
0.006955 0.018194 -0.001184
0.016409 0.008399 0.002037
-0.000678 0.004527 -0.010209
-0.009210 -0.001360 -0.003206
0.003069 0.089074 0.081251
-0.002455 0.007507 -0.007142
0.013724 -0.013331 0.008484
-0.004034 0.009145 0.009026
-0.005134 -0.001448 -0.000813
0.011626 -0.005042 -0.001964
-0.002916 0.000064 0.011975
0.009725 -0.008604 0.002792
-0.017242 -0.011471 -0.000380
-0.002074 0.002380 -0.010072
0.007356 0.008850 -0.001309
-0.010221 0.010733 0.003508
0.007204 0.023599 -0.001153
0.001003 -0.002067 -0.005733
0.001789 0.000823 -0.006241
-0.009002 -0.002611 0.001311
0.002572 0.004970 0.000429
-0.000950 0.007922 -0.002100
0.018390 -0.011272 0.003023
-0.008012 0.009647 0.003221
-0.004449 -0.001266 0.005817
0.011307 -0.004431 -0.000513
-0.003440 -0.005272 0.001612
0.010089 -0.009336 0.002860
-0.016927 -0.011956 0.000905
