2176.0000 0.05 1
1.875
2.5
7.5
6.25
7.5
16.25
8.75
6.25
17.5
16.25
14.375
16.25
25
16.25
6.25
31.25
23.125
18.125
28.75
10
10
13.125
10
10
17.5
18.75
25
30
37.5
19.375
25
26.25
13.75
26.875
21.875
28.125
21.875
40.625
44.375
30.625
37.5
55
48.125
46.25
41.875
67.5
54.375
49.375
84.375
91.25
100
125.625
136.25
135
138.125
153.125
181.875
152.5
158.125
199.375
177.5
176.25
231.25
253.125
268.75
235.625
236.875
280
291.875
312.5
295.625
318.75
303.75
315
321.875
337.5
341.875
365.625
313.75
354.375
372.5
365.625
329.375
358.125
336.875
378.75
310
295
303.125
286.25
273.75
254.375
232.5
252.5
249.375
299.375
206.25
250.625
311.25
294.375
323.75
306.25
308.125
298.125
253.125
288.75
311.875
295
327.5
274.375
279.375
305
270
323.125
288.75
316.875
248.75
300
349.375
319.375
318.75
311.25
328.75
362.5
341.875
381.875
399.375
379.375
390.625
396.875
390.625
430.625
453.75
469.375
451.875
441.875
456.875
433.75
449.375
415.625
406.875
428.75
381.25
358.75
316.875
351.875
328.125
313.75
311.875
329.375
306.25
275.625
220
252.5
250.625
303.75
276.25
248.125
272.5
225.625
322.5
285
329.375
303.75
299.375
291.25
286.25
295
351.25
291.25
321.875
352.5
371.875
357.5
259.375
288.125
213.125
289.375
346.25
264.375
265.625
266.875
258.75
235.625
245.625
250.625
264.375
326.875
236.875
228.75
237.5
225
180
247.5
255
280
257.5
308.125
253.75
261.875
256.875
206.25
205
268.75
253.125
326.25
344.375
348.125
351.875
275.625
365.625
295
509.375
540.625
508.125
424.375
365.625
261.875
233.125
202.5
164.375
120.625
60
32.5
11.25
3.75
1.25
5
1.25
0
0
0
0
0
0
0
0
0
0
2.5
0
