2176.0000 0.05 1
1.11111
4.44444
11.1111
2.22222
11.1111
4.44444
13.3333
11.1111
20
11.1111
6.66667
11.1111
24.4444
23.3333
17.7778
23.3333
26.6667
18.8889
13.3333
32.2222
18.8889
8.88889
4.44444
10
14.4444
16.6667
34.4444
40
23.3333
40
11.1111
26.6667
17.7778
31.1111
24.4444
32.2222
26.6667
27.7778
40
24.4444
32.2222
46.6667
36.6667
47.7778
70
55.5556
56.6667
41.1111
80
106.667
95.5556
126.667
127.778
138.889
148.889
146.667
161.111
190
187.778
204.444
216.667
267.778
192.222
230
234.444
286.667
235.556
281.111
253.333
263.333
292.222
300
317.778
342.222
312.222
350
284.444
350
301.111
310
298.889
297.778
291.111
280
314.444
271.111
248.889
285.556
292.222
295.556
316.667
314.444
323.333
307.778
337.778
316.667
316.667
295.556
292.222
298.889
304.444
288.889
332.222
360
314.444
361.111
375.556
361.111
348.889
352.222
338.889
295.556
248.889
217.778
177.778
160
188.889
243.333
262.222
333.333
350
396.667
420
395.556
431.111
410
450
402.222
382.222
356.667
344.444
371.111
345.556
400
377.778
376.667
385.556
430
405.556
460
405.556
406.667
408.889
358.889
360
374.444
366.667
381.111
433.333
413.333
407.778
443.333
398.889
343.333
352.222
322.222
351.111
312.222
328.889
257.778
284.444
257.778
274.444
257.778
244.444
222.222
276.667
211.111
241.111
217.778
232.222
261.111
221.111
244.444
232.222
214.444
208.889
227.778
176.667
207.778
172.222
200
173.333
175.556
253.333
235.556
235.556
211.111
216.667
170
175.556
196.667
262.222
238.889
220
276.667
240
223.333
264.444
347.778
337.778
320
303.333
332.222
305.556
333.333
380
414.444
430
427.778
446.667
433.333
504.444
477.778
506.667
472.222
434.444
347.778
316.667
225.556
118.889
8.88889
1.11111
0
0
0
0
0
0
0
0
0
0
0
0
0
0
0
0
0
0
0
0
0
2.22222
0
2.22222
2.22222
2.22222
0
2.22222
2.22222
4.44444
2.22222
3.33333
0
2.22222
2.22222
2.22222
4.44444
4.44444
2.22222
2.22222
4.44444
1.11111
0
2.22222
0
0
2.22222
0
2.22222
0
