-0.000787 0.011094 0.011506
-0.010342 0.003481 0.000095
-0.011293 0.020123 0.000426
-0.003246 0.007362 -0.002716
-0.007987 0.030335 -0.005680
-0.007671 0.000188 -0.002163
0.000536 0.003875 0.004635
-0.001176 -0.014957 -0.002317
-0.003537 -0.011681 -0.000419
-0.021442 0.003664 0.016087
0.010130 -0.003297 0.003225
-0.009440 -0.005815 -0.003922
0.003851 -0.007464 0.004170
0.001273 -0.016210 -0.003963
-0.004081 0.001816 0.000782
0.013739 -0.011323 0.003011
0.000357 0.010318 0.012087
-0.006182 -0.001027 0.000732
0.001595 0.017743 -0.000043
0.011878 0.006245 -0.003694
-0.001987 0.016345 -0.005031
-0.024912 0.000753 -0.002835
0.003263 0.001321 0.004219
-0.001038 -0.015448 -0.003348
-0.005091 -0.010756 -0.000642
-0.012756 -0.005050 -0.002685
0.014329 -0.003747 -0.000637
-0.006859 -0.008681 -0.003767
0.004077 -0.006685 0.003382
0.004518 -0.019018 -0.000044
-0.003606 0.001285 0.001780
0.014079 -0.010657 0.001675
-0.000893 0.011094 0.012012
-0.009023 0.000768 0.000298
0.000811 0.018087 0.000915
0.008709 0.008738 -0.003859
-0.002408 0.015646 -0.006143
-0.008579 0.001272 -0.002394
0.001110 0.001330 0.004459
-0.000404 -0.015433 -0.002507
-0.003488 -0.010399 -0.002211
-0.011587 -0.005781 -0.001284
0.012209 -0.006638 0.000057
-0.009733 -0.006494 -0.003517
0.003389 -0.007653 0.003531
0.006109 -0.016944 0.000822
-0.001813 -0.002003 0.003079
0.012388 -0.011987 0.002957
-0.018893 0.003294 0.010758
-0.018945 0.000131 0.001390
-0.011826 0.018637 0.000499
0.011653 0.008737 -0.002816
-0.007281 0.015473 -0.008782
-0.009574 0.002846 -0.002342
-0.000648 0.003962 0.004479
-0.001973 -0.018983 -0.006936
-0.003849 -0.011456 -0.001588
-0.012306 -0.005825 -0.002391
0.011450 -0.006385 0.001219
-0.010003 -0.004982 -0.002692
0.004981 -0.010086 0.001743
0.002233 -0.020278 -0.001692
-0.002736 0.000972 0.003804
-0.039630 0.022542 0.077102
-0.003125 0.011924 0.012129
-0.008939 0.001268 0.000588
-0.002101 0.019229 0.000671
0.010250 0.010775 -0.003336
-0.000246 0.018038 -0.005828
-0.005222 0.000417 -0.002220
-0.015458 0.003698 0.004238
0.000759 -0.016095 -0.002588
-0.002882 -0.011207 -0.001328
-0.011107 -0.002998 -0.003951
0.011265 -0.007385 0.000579
-0.008504 -0.005541 -0.004114
0.003523 -0.006744 0.003723
0.003842 -0.019869 -0.000289
-0.002835 -0.000035 0.002021
0.014913 -0.012653 0.001904
-0.000625 0.011882 0.009849
-0.006594 -0.000252 0.003359
0.001940 0.019599 0.000515
0.009684 0.007560 -0.002641
-0.001762 0.015603 -0.006112
-0.010106 0.000595 -0.002833
-0.000021 0.002253 0.005061
0.000671 -0.017623 -0.000112
-0.002674 -0.011809 -0.000474
-0.014056 -0.000223 0.002254
0.012970 -0.007235 -0.001497
-0.008355 -0.006132 -0.003180
0.004225 -0.006292 0.004408
-0.007003 -0.018137 0.000281
-0.002679 0.000825 0.001437
0.016741 -0.009465 0.002811
-0.000143 0.011271 0.014158
-0.008945 -0.000287 -0.005317
0.001326 0.019427 0.001156
0.012561 0.006146 -0.001855
-0.007723 0.006241 -0.005830
-0.096882 0.025704 -0.005679
-0.048245 -0.012219 -0.002250
-0.011160 -0.025201 -0.018500
-0.003822 -0.012092 -0.000726
-0.011395 -0.005851 -0.000132
0.002652 -0.005816 -0.000611
-0.058153 -0.032632 0.064400
0.001400 -0.012516 0.007183
0.004118 -0.019745 0.001075
-0.004970 -0.003169 -0.000586
0.012898 -0.012355 0.002289
-0.002503 0.011750 0.012648
-0.007991 0.001535 0.000078
-0.002090 0.019175 0.000688
-0.006409 0.007712 -0.002730
-0.007399 0.016509 -0.002730
-0.008473 0.002857 -0.002663
0.000952 0.004508 0.004149
0.000800 -0.014064 -0.003837
-0.003307 -0.011785 -0.000712
-0.012110 -0.004189 -0.000762
0.011081 -0.006223 0.000036
-0.008645 -0.006022 -0.004565
-0.005727 -0.020141 0.020975
0.003828 -0.019152 -0.000532
-0.011989 -0.000711 0.002758
0.014277 -0.011071 0.003725
0.000459 0.003390 -0.002238
0.007973 0.008538 -0.002891
-0.015018 0.021125 0.002563
0.008022 0.021543 -0.001542
-0.010748 -0.002268 -0.000847
0.003630 0.002467 -0.010775
-0.008299 -0.002139 0.001267
-0.011378 0.047325 -0.001843
-0.001101 0.008195 -0.002430
0.017952 -0.011416 0.003141
-0.007627 0.010147 0.002975
-0.004864 -0.002259 0.000748
0.011790 -0.005753 -0.000026
-0.010848 0.002096 -0.011828
0.010896 -0.011019 0.002392
-0.016330 -0.011298 0.001586
0.001067 0.003571 -0.005442
0.008076 0.008969 -0.002491
-0.011788 0.011349 0.002603
0.008875 0.022204 -0.001747
0.000539 -0.002810 -0.000101
-0.000709 0.009329 -0.010391
-0.008237 -0.001975 0.001585
0.001881 0.004322 0.001203
0.003003 0.008421 -0.000885
0.019948 -0.011957 0.002943
-0.008064 0.008951 0.002010
-0.006303 -0.000802 0.000504
0.010667 -0.004264 0.001344
-0.003918 -0.005724 0.004409
0.010234 -0.008674 0.003167
-0.014130 -0.014097 -0.000085
0.000998 0.003972 -0.004526
-0.004507 0.009572 -0.002312
-0.010879 0.010901 0.002716
0.006123 0.023357 -0.001676
0.000359 -0.003858 -0.000033
0.001975 0.004336 -0.009269
-0.007913 -0.001983 -0.000511
0.001663 0.004758 -0.001249
-0.001110 0.007788 -0.002504
0.018729 -0.011523 0.004117
-0.008188 0.010041 0.001977
-0.004238 -0.001119 -0.000121
0.011585 -0.004421 -0.000275
-0.003900 -0.005807 0.004457
0.010680 -0.009069 0.002156
-0.016530 -0.011709 0.001072
-0.000929 0.003222 -0.004936
0.004481 0.004006 -0.002197
-0.014383 0.000015 0.002322
0.009260 0.024525 -0.001830
-0.002614 -0.007707 -0.000160
0.001193 0.004662 -0.009952
-0.006570 -0.001102 0.001596
0.003938 0.005270 -0.000217
0.002021 0.007032 -0.002828
0.027385 -0.012551 0.005303
-0.006513 0.011068 0.002186
-0.005344 -0.001075 0.000059
0.011385 -0.005525 -0.000123
-0.004331 -0.006372 0.004535
-0.042692 -0.037367 -0.052762
-0.025067 -0.011547 -0.000193
0.000595 0.002761 -0.008009
0.007506 0.008567 -0.002414
-0.007859 0.010512 0.002874
0.005652 0.022993 -0.001394
0.000778 -0.002715 -0.000457
0.001247 0.003797 -0.009772
-0.010354 -0.002229 0.000092
0.001860 0.004965 -0.001343
0.002844 0.008531 -0.001680
0.017905 -0.011275 0.003416
-0.010316 0.010512 0.001759
-0.004706 -0.001197 -0.000937
0.012246 -0.006008 -0.000345
-0.003107 -0.003844 0.007002
0.009150 -0.010362 0.002450
-0.016903 -0.011955 0.001888
-0.001322 0.001847 -0.003478
0.007403 0.010285 0.002858
-0.016693 0.011060 0.006471
0.004301 0.023090 -0.003227
-0.002598 0.000794 0.001029
0.001198 0.001016 -0.010451
-0.008390 -0.001869 0.001139
0.004409 0.004776 -0.001100
-0.002102 0.007781 -0.002800
0.018325 -0.012056 0.002954
-0.008391 0.010730 -0.000073
-0.001536 -0.000481 0.001085
0.012853 -0.005623 -0.000027
-0.001967 -0.006800 0.001613
0.009003 -0.009653 0.001934
-0.016179 -0.010915 0.001293
-0.015002 -0.007050 -0.005175
0.007811 0.010153 -0.005577
-0.013904 0.009874 -0.000860
0.002121 0.023522 0.000010
-0.000001 0.000967 -0.000668
0.000266 0.000039 -0.010373
-0.020038 -0.042157 -0.000001
0.003968 0.005621 0.000110
0.589628 0.010956 -0.030457
0.019547 -0.010906 0.003702
-0.057494 0.035412 -0.053744
0.004245 0.000680 -0.000163
0.003150 -0.007948 0.007511
-0.005791 -0.002195 0.000753
0.010709 -0.008901 0.003349
-0.017365 -0.015366 0.005411
-0.000634 0.003184 -0.005236
0.009547 0.009411 -0.002708
-0.009958 0.008067 0.002102
0.009709 0.024380 -0.001503
0.002825 -0.000632 0.000157
-0.010724 0.004014 -0.010584
-0.006451 -0.000133 -0.001624
0.003339 0.004810 0.000107
-0.001308 0.006761 -0.000888
0.021902 -0.011755 0.002043
-0.009032 0.010109 0.002182
-0.003748 -0.000743 -0.001277
0.010729 -0.005486 0.000059
-0.004365 -0.004993 0.003394
0.010622 -0.009946 0.001212
-0.014822 -0.011948 0.000182
