2176.0000 0.05 1
1.875
3.75
6.25
6.25
7.5
16.25
8.75
6.25
17.5
16.25
14.375
16.25
25
16.25
6.25
31.25
23.125
18.125
30
8.75
10
13.125
10
10
16.25
20
25
28.75
38.75
19.375
22.5
28.75
13.75
26.875
20.625
29.375
21.25
41.25
45
30
38.75
55
46.875
46.25
43.125
65
55.625
49.375
84.375
92.5
98.75
124.375
137.5
135
139.375
153.125
180.625
152.5
157.5
200
177.5
175.625
232.5
252.5
267.5
236.875
236.25
280.625
290
313.75
296.25
321.25
301.875
310.625
321.875
341.25
339.375
366.25
315.625
353.75
370.625
365.625
326.25
363.75
331.25
382.5
313.125
293.75
303.125
286.875
273.125
255.625
231.25
252.5
249.375
297.5
208.75
247.5
313.75
295.625
312.5
313.75
307.5
301.25
250
294.375
311.25
290.625
331.25
270.625
282.5
301.875
271.875
320.625
291.875
315.625
248.125
300.625
350.625
318.75
317.5
314.375
326.25
365
340.625
381.25
403.125
376.25
389.375
392.5
396.25
430.625
453.75
468.125
450.625
444.375
452.5
436.875
447.5
416.25
406.25
430.625
382.5
358.75
315
353.75
329.375
310.625
314.375
330
305
276.875
213.75
256.875
249.375
302.5
279.375
246.875
273.125
226.875
318.125
286.25
330
301.25
303.125
291.25
286.25
294.375
351.875
290.625
323.75
351.25
373.75
353.125
262.5
288.75
212.5
288.125
345
266.875
265.625
265
259.375
238.125
243.125
250.625
262.5
326.875
240
226.875
238.125
223.125
183.125
246.25
256.25
281.25
252.5
308.75
256.875
261.875
257.5
206.875
202.5
268.125
255
326.25
343.75
342.5
357.5
273.125
367.5
294.375
513.75
534.375
509.375
424.375
367.5
260.625
232.5
206.875
167.5
115.625
61.875
31.25
11.25
4.375
1.25
3.75
1.25
0
0
0
0
0
0
0
0
0
0
2.5
0
