0.012615 0.002543 0.001140
-0.005407 -0.002175 0.000059
0.010675 0.003997 -0.000082
0.002073 0.001708 -0.003085
-0.008892 -0.015331 -0.002454
0.000092 -0.002132 -0.000056
-0.002243 -0.000364 -0.004215
-0.004647 0.006881 -0.000116
-0.009386 0.000608 -0.008825
0.007550 -0.002845 -0.002588
-0.002503 -0.003669 0.003633
-0.007493 -0.001730 0.002184
-0.001427 -0.005286 0.009366
-0.005746 0.000426 -0.001405
0.005726 -0.000149 -0.004834
0.002367 -0.001681 0.001061
0.011558 0.002586 0.001140
-0.006143 -0.001381 0.000973
0.009989 0.004094 0.000117
0.002266 0.000398 -0.003529
0.008058 0.002494 -0.003381
-0.000087 -0.002164 0.000229
-0.005193 -0.002166 -0.003935
-0.005440 0.005844 0.000178
-0.013575 -0.003212 -0.004705
0.005138 -0.001228 -0.002953
-0.002629 -0.001590 0.005456
-0.005126 -0.003156 0.001984
-0.002697 -0.005396 0.009600
-0.004721 -0.000184 -0.002188
0.004964 0.001006 -0.004990
0.002510 -0.001041 0.000738
0.005736 -0.001081 0.000952
-0.005646 -0.000613 0.000086
0.582213 0.004013 -0.004875
-0.037166 0.047435 -0.005507
-0.002050 0.013725 -0.002773
-0.010731 0.000739 -0.004346
-0.002485 -0.003404 -0.003837
-0.013800 0.009967 0.003922
-0.005632 0.000831 -0.007258
0.007613 0.000432 -0.003280
-0.013222 -0.006731 0.008315
-0.006022 -0.001652 0.002773
0.001557 -0.005529 0.010281
-0.005255 0.000211 -0.000327
-0.002915 -0.003809 -0.009336
0.004471 -0.000813 -0.000372
0.010696 0.003758 0.001456
-0.005425 -0.001965 0.002212
0.011954 0.004088 0.000038
0.002223 -0.000440 -0.003429
0.007635 0.001834 -0.002861
-0.001371 -0.003940 -0.000578
-0.004774 -0.002016 -0.004614
-0.005666 0.005892 0.000068
-0.008017 0.000737 -0.008621
0.005037 -0.000635 -0.002730
-0.003858 -0.002568 0.004111
-0.005330 -0.003270 0.002103
-0.001208 -0.005399 0.009272
-0.004528 0.000349 -0.001175
0.003565 0.001607 -0.005458
0.002709 -0.001572 0.001059
0.005712 -0.000789 0.006116
-0.036144 0.000049 0.002502
0.009970 0.003999 0.000229
0.004687 -0.000585 -0.001854
-0.002229 0.002848 -0.014094
-0.011013 0.001559 -0.004915
-0.049277 -0.000002 -0.060862
-0.004278 0.005283 0.001514
-0.013931 0.005060 -0.004843
-0.026371 -0.003092 0.044029
-0.003835 -0.002235 0.004583
-0.010957 0.000500 0.007192
-0.002030 -0.005303 0.009585
-0.004583 0.001058 -0.002411
0.005644 0.001576 -0.007731
0.003025 -0.000698 0.001011
0.011437 0.002980 0.001388
-0.006142 -0.001390 0.001427
0.010025 0.004070 -0.000163
0.002276 0.000443 -0.002998
0.007578 0.002551 -0.002645
-0.002355 -0.003082 -0.000664
-0.004143 -0.002246 -0.003789
-0.004137 0.007325 -0.000084
-0.007952 0.000757 -0.008426
0.005326 -0.001274 -0.003019
-0.013537 -0.007616 0.008698
-0.004974 -0.003677 0.002612
0.005027 -0.004495 0.009398
-0.010074 0.003881 0.002494
0.005330 -0.000186 -0.004853
-0.038814 -0.057238 0.003057
0.011504 0.002760 0.001068
-0.005543 -0.000900 0.002217
0.009847 0.004143 0.000432
0.002119 -0.000027 -0.003277
0.007951 0.003296 -0.002844
0.000163 -0.003912 -0.002224
-0.004792 -0.001931 -0.004556
-0.004481 0.005714 0.001512
-0.012707 0.000801 -0.003910
0.004983 -0.001710 -0.002725
-0.002235 -0.002461 0.006192
-0.006884 -0.003144 0.003152
0.001049 -0.005516 0.009741
-0.009902 0.000385 0.003040
0.005697 0.000981 -0.005760
0.004422 -0.001712 0.002515
0.005457 0.000066 -0.003592
-0.006144 -0.001726 0.001399
0.008881 0.004749 -0.000620
0.004839 -0.000345 -0.004835
-0.009858 0.002547 0.014710
-0.001373 -0.002910 -0.001972
-0.004881 -0.002105 -0.005622
-0.016912 0.011092 0.004672
-0.008015 0.000715 -0.008431
0.004754 -0.001163 -0.002162
-0.002746 -0.003582 0.004729
-0.011339 -0.000141 -0.002686
0.003089 -0.006238 0.009208
-0.010474 -0.003916 0.002480
-0.007075 -0.002875 -0.009470
0.002383 -0.002763 0.001169
-0.010420 0.000143 0.002082
0.005839 -0.002648 0.001383
-0.001086 -0.000458 0.003075
-0.004308 0.004009 0.002870
-0.003612 0.006321 -0.001786
0.006074 -0.002063 -0.000611
0.003324 -0.001010 -0.004213
-0.000680 -0.003251 -0.000094
0.011689 0.004727 0.001992
-0.001895 -0.005807 -0.006193
0.002011 0.003243 0.006150
-0.021940 -0.004506 -0.004908
0.001643 0.004062 0.011417
0.010168 -0.007614 -0.009767
0.017190 0.000582 0.001505
-0.026952 0.021316 0.008211
-0.012116 -0.001493 0.001474
0.003782 -0.002538 0.001151
-0.002582 0.001190 0.003258
-0.003544 0.002340 0.002630
-0.001989 0.006619 -0.001483
0.008072 0.000529 0.000367
0.004152 -0.001470 -0.005286
0.004023 0.001484 -0.000396
0.008567 0.005551 0.001963
0.000417 -0.006193 -0.006062
0.003217 0.002945 0.006115
-0.029680 0.002579 -0.004885
0.001404 0.004625 0.011990
-0.000990 -0.007496 -0.009521
0.012626 0.004669 -0.003330
-0.007263 0.000465 0.008069
-0.010415 -0.002777 0.001328
0.002529 -0.001838 -0.000600
-0.000883 0.002390 0.003679
-0.002148 0.002598 0.001489
-0.004107 0.005915 -0.001522
-0.027140 -0.035823 -0.002349
-0.024110 -0.002561 -0.006292
0.005422 -0.001215 -0.000148
0.012510 0.006262 0.001990
-0.000320 -0.005849 -0.006543
0.004843 0.003213 0.004498
-0.028616 -0.000379 -0.000736
0.003177 0.005015 0.011601
-0.004406 -0.007470 -0.009480
0.019966 0.000524 0.000184
-0.020601 -0.014964 0.008272
-0.012679 -0.001690 0.002827
0.003926 -0.002591 0.001471
-0.002602 0.001544 0.002587
-0.004109 0.003734 0.002638
-0.004667 0.006275 -0.001645
0.006205 -0.000058 -0.001043
0.004206 -0.000780 -0.004196
0.003657 0.001366 -0.000627
0.010693 0.005431 0.002010
-0.001328 -0.006008 -0.006293
0.002770 0.002893 0.006355
-0.021872 -0.005095 -0.005216
0.002546 0.004298 0.011200
-0.001160 -0.007642 -0.009258
0.018284 0.000815 0.000694
-0.006848 0.000708 0.007625
-0.012707 -0.001409 0.003030
0.005167 -0.002895 0.001122
-0.003164 0.001268 0.002049
-0.004126 0.003056 0.002545
-0.004220 0.006735 0.000732
0.006493 -0.001193 -0.001044
0.004479 0.000063 -0.005228
-0.002050 -0.002538 -0.003765
0.015815 0.005521 0.000677
-0.002863 -0.006071 -0.004046
0.003184 0.003004 0.006217
-0.018911 -0.003399 -0.004862
0.002996 0.004860 0.011525
-0.001023 -0.007772 -0.009566
0.012219 -0.003467 -0.003054
-0.020821 0.000279 0.022243
-0.012588 -0.001603 0.001958
0.004298 -0.002665 0.001039
-0.003198 0.001196 0.003192
-0.004322 0.004800 0.002718
-0.004429 0.006557 -0.001734
0.008129 -0.000007 -0.002817
0.004788 -0.001241 -0.003635
0.003964 0.000957 -0.000572
0.009390 0.005498 0.002114
-0.001812 -0.005950 -0.006369
-0.002557 -0.000495 0.001941
-0.022403 -0.005025 -0.005222
0.003206 0.004602 0.011891
-0.000831 -0.007955 -0.009155
0.018462 0.000539 0.000834
-0.007091 0.000196 0.007112
-0.012574 -0.001045 0.002688
0.005659 -0.002603 0.000967
-0.002538 0.000632 0.002453
-0.002622 0.003568 0.003842
-0.003670 0.006349 -0.001377
0.006126 -0.000419 -0.000786
0.003385 -0.000454 -0.004937
0.002723 0.000936 0.000272
0.010727 0.005773 0.002045
-0.002079 -0.005877 -0.006529
0.001967 0.003172 0.005316
-0.028008 -0.000946 -0.008418
0.000774 0.004530 0.011760
0.009865 -0.007715 -0.011323
0.010613 0.000518 -0.006097
-0.006712 -0.000051 0.007392
-0.048794 -0.000345 0.049553
0.003418 -0.002456 0.001085
-0.030662 0.000408 -0.030923
-0.039639 0.047956 0.003225
-0.002155 0.006280 -0.001761
0.006222 -0.001387 -0.000564
0.005006 -0.000199 -0.003804
-0.002515 -0.003314 0.004518
0.014038 0.005532 0.002322
0.000162 -0.005918 -0.006490
-0.002895 0.007337 0.002060
-0.023532 -0.005035 -0.004445
0.000148 0.003836 0.009868
-0.000137 -0.007026 -0.009614
0.018441 0.001091 0.000927
-0.025658 0.000245 -0.012583
