2176.0000 0.05 1
1.11111
4.44444
11.1111
2.22222
11.1111
4.44444
13.3333
11.1111
20
11.1111
6.66667
11.1111
24.4444
23.3333
17.7778
23.3333
26.6667
18.8889
13.3333
32.2222
18.8889
8.88889
4.44444
10
14.4444
16.6667
34.4444
37.7778
25.5556
40
11.1111
26.6667
17.7778
31.1111
24.4444
32.2222
26.6667
27.7778
40
24.4444
32.2222
46.6667
36.6667
47.7778
70
55.5556
56.6667
41.1111
80
108.889
93.3333
126.667
127.778
138.889
148.889
144.444
163.333
190
192.222
202.222
214.444
267.778
192.222
230
230
291.111
237.778
278.889
253.333
261.111
291.111
301.111
317.778
337.778
318.889
352.222
284.444
345.556
303.333
312.222
295.556
301.111
291.111
280
312.222
273.333
246.667
287.778
290
297.778
314.444
321.111
316.667
310
337.778
316.667
315.556
294.444
293.333
297.778
303.333
292.222
332.222
362.222
313.333
357.778
373.333
367.778
346.667
352.222
341.111
293.333
253.333
213.333
180
157.778
188.889
241.111
262.222
333.333
351.111
397.778
422.222
393.333
432.222
406.667
452.222
400
382.222
358.889
342.222
373.333
345.556
396.667
381.111
377.778
388.889
427.778
404.444
456.667
406.667
407.778
413.333
352.222
360
378.889
366.667
378.889
437.778
413.333
407.778
438.889
401.111
343.333
347.778
324.444
351.111
320
323.333
253.333
283.333
263.333
272.222
257.778
242.222
222.222
278.889
206.667
246.667
214.444
236.667
258.889
221.111
242.222
232.222
214.444
208.889
227.778
174.444
210
172.222
197.778
175.556
177.778
256.667
234.444
232.222
210
218.889
166.667
176.667
196.667
262.222
241.111
222.222
272.222
240
227.778
257.778
350
342.222
315.556
307.778
327.778
308.889
330
384.444
414.444
423.333
430
447.778
430
511.111
475.556
498.889
468.889
430
347.778
315.556
225.556
118.889
18.8889
1.11111
0
0
0
0
0
0
0
0
0
0
0
0
0
0
2.22222
0
0
0
0
0
2.22222
0
6.66667
0
0
0
2.22222
0
2.22222
4.44444
2.22222
5.55556
0
0
4.44444
2.22222
4.44444
6.66667
0
2.22222
2.22222
3.33333
0
2.22222
0
0
2.22222
0
2.22222
0
