2176.0000 0.05 1
1.11111
4.44444
11.1111
2.22222
11.1111
4.44444
13.3333
11.1111
20
11.1111
6.66667
11.1111
24.4444
23.3333
17.7778
23.3333
26.6667
18.8889
13.3333
32.2222
18.8889
8.88889
4.44444
10
14.4444
16.6667
34.4444
40
23.3333
40
11.1111
26.6667
17.7778
31.1111
24.4444
32.2222
26.6667
27.7778
40
24.4444
32.2222
46.6667
36.6667
47.7778
70
55.5556
56.6667
41.1111
80
106.667
95.5556
126.667
130
136.667
148.889
146.667
158.889
192.222
190
202.222
216.667
267.778
192.222
230
234.444
286.667
237.778
278.889
253.333
263.333
291.111
298.889
317.778
335.556
323.333
347.778
286.667
347.778
302.222
308.889
296.667
300
293.333
277.778
312.222
273.333
248.889
285.556
292.222
295.556
316.667
314.444
323.333
306.667
338.889
318.889
313.333
294.444
292.222
303.333
298.889
294.444
327.778
360
320
356.667
376.667
358.889
351.111
354.444
334.444
297.778
251.111
215.556
177.778
162.222
188.889
238.889
264.444
331.111
352.222
394.444
422.222
395.556
428.889
412.222
452.222
400
380
356.667
344.444
373.333
345.556
395.556
384.444
377.778
384.444
430
402.222
461.111
405.556
408.889
406.667
358.889
360
372.222
371.111
376.667
435.556
413.333
412.222
436.667
403.333
341.111
352.222
322.222
348.889
313.333
332.222
255.556
282.222
260
272.222
260
244.444
222.222
276.667
208.889
244.444
216.667
230
265.556
218.889
244.444
232.222
214.444
208.889
225.556
178.889
203.333
176.667
197.778
175.556
176.667
254.444
235.556
234.444
211.111
215.556
170
174.444
197.778
260
238.889
224.444
270
244.444
223.333
260
352.222
337.778
320
305.556
330
307.778
331.111
380
410
432.222
430
446.667
431.111
507.778
483.333
498.889
475.556
431.111
345.556
317.778
221.111
116.667
15.5556
1.11111
0
0
0
0
0
0
0
0
0
0
0
0
0
0
0
0
0
0
0
0
0
0
0
6.66667
0
0
2.22222
2.22222
2.22222
6.66667
2.22222
1.11111
2.22222
0
4.44444
2.22222
4.44444
4.44444
2.22222
2.22222
4.44444
1.11111
0
2.22222
0
0
0
2.22222
2.22222
0
