-0.000331 -0.001473 0.011965
-0.014932 -0.010395 0.000041
-0.002400 0.021547 0.000941
0.011417 0.006558 -0.002317
-0.003403 0.011263 -0.010009
-0.009582 -0.000012 -0.002218
0.001178 0.003341 0.006100
-0.000581 -0.013888 -0.002028
-0.001803 -0.010626 -0.000157
-0.010622 -0.005377 -0.001481
0.011367 -0.006660 0.000389
-0.009812 -0.006272 -0.004717
0.003767 -0.008175 0.002574
0.003469 -0.021390 -0.000828
-0.002757 0.001699 0.003009
0.017600 -0.016006 0.003710
-0.002040 0.010807 0.012012
-0.006672 0.003177 0.004340
-0.001324 0.018742 0.000337
0.011216 0.008558 -0.003369
-0.000018 0.016497 -0.005716
-0.009942 0.001323 -0.002883
0.000170 0.003253 0.004541
-0.000527 -0.016044 -0.002285
-0.003067 -0.011600 0.000127
-0.012786 -0.005313 -0.001562
0.011870 -0.006251 0.000028
-0.009007 -0.006531 -0.006313
0.004719 -0.007209 0.003650
0.004394 -0.019141 -0.000464
-0.005777 0.004146 -0.000516
0.012516 -0.010485 0.000899
-0.002127 0.011482 0.012375
-0.008106 0.002007 -0.003535
-0.000832 0.018508 0.000525
0.017231 -0.000500 -0.003263
-0.003222 0.005587 -0.006418
-0.008258 -0.008664 -0.002039
-0.051211 -0.048455 -0.000133
0.001034 -0.016610 0.001392
0.025006 -0.029127 0.035867
-0.011678 -0.006113 -0.002051
0.011582 -0.005663 0.000514
-0.010436 -0.022252 0.016275
0.003836 -0.005211 0.003972
0.003710 -0.018836 -0.000302
-0.014573 0.004703 0.010075
0.014567 -0.012532 0.002980
-0.000327 0.011115 0.011422
-0.009237 0.001938 0.001259
-0.000399 0.019580 0.000582
0.007724 0.003283 -0.004487
-0.002384 0.014823 -0.006453
-0.014006 -0.006875 -0.002148
-0.000512 0.006357 0.004494
-0.000191 -0.016806 -0.003852
-0.003368 -0.012128 -0.000786
-0.011225 -0.004900 -0.001471
0.010820 -0.007153 0.000003
-0.009062 -0.005773 -0.003087
0.007562 -0.013998 0.001284
0.002708 -0.019125 -0.001202
-0.002808 -0.000256 0.002182
0.015335 -0.009635 0.004500
-0.000180 0.010734 0.011983
-0.008964 0.000374 0.000380
-0.000943 0.018668 0.000797
0.009769 0.008807 -0.003387
-0.004985 0.011140 0.000115
-0.008811 0.000764 -0.002072
0.000767 0.002860 0.003147
0.000372 -0.015654 -0.003133
-0.003138 -0.011476 -0.001326
-0.009942 -0.004148 -0.002336
0.011160 -0.007897 0.000993
-0.008863 -0.005461 -0.002929
0.004632 -0.008095 -0.000341
0.003415 -0.019403 -0.000878
-0.008248 -0.005285 0.000364
0.013265 -0.010078 0.001886
-0.000578 0.011385 0.011673
-0.007017 0.000579 0.000489
-0.000465 0.018945 0.000997
0.012319 0.008204 -0.002365
-0.001272 0.015541 -0.006646
-0.004861 -0.003891 -0.003721
0.000150 0.003569 0.004238
-0.000968 -0.013180 0.000189
-0.003923 -0.010941 -0.000586
-0.011106 -0.003635 -0.001084
0.011030 -0.005664 0.002058
-0.009758 -0.007751 -0.003918
0.004168 -0.008018 0.004685
0.003180 -0.019434 -0.002184
-0.004108 0.003712 0.002551
0.013090 -0.011263 0.002572
0.000600 -0.001746 0.012143
0.004996 -0.020004 0.000549
-0.001536 -0.025570 -0.001338
0.011565 -0.001211 -0.002411
0.000516 0.010997 -0.005270
-0.005664 -0.005001 0.001372
-0.000444 0.003914 0.004456
0.003106 -0.022080 -0.000131
-0.003660 -0.012475 -0.002004
-0.038537 -0.018943 0.034560
0.011082 -0.089409 0.094950
-0.010048 -0.005975 -0.002890
0.005670 -0.007217 0.003682
0.005125 -0.090029 -0.080540
-0.003184 -0.000212 0.002567
0.013286 -0.007773 0.001952
0.000051 0.011415 0.012548
-0.008889 0.001144 -0.000040
0.000143 0.018865 -0.001094
0.008256 0.003056 -0.001443
-0.002027 0.017898 -0.005067
-0.007000 0.002035 -0.002020
-0.000616 0.002690 0.004689
0.001698 -0.015387 -0.002586
-0.004193 -0.011841 -0.001506
-0.010978 -0.005336 -0.003010
0.010131 -0.006084 0.001015
-0.008819 -0.006688 -0.002862
0.003514 -0.004402 0.000355
0.002304 -0.021040 -0.000495
-0.004071 0.000446 0.001119
0.022984 -0.009342 -0.007651
0.000111 0.003709 -0.005550
0.008192 0.009091 -0.002284
-0.010405 0.013416 0.002436
0.000865 0.012274 -0.000887
0.000855 -0.002198 -0.000186
0.003660 0.009870 -0.009959
-0.008000 -0.000261 0.000982
0.002965 0.004455 0.000029
-0.001349 0.007658 -0.002472
0.020309 -0.011208 0.003915
-0.009486 0.009247 0.003211
-0.004868 -0.000814 0.000123
0.011225 -0.005401 0.000586
-0.002815 -0.005455 0.004478
0.009293 -0.021313 -0.016221
-0.021338 -0.018961 0.002075
-0.000570 0.001687 -0.004101
0.007498 0.003372 -0.002512
-0.010307 0.011266 0.002713
0.008690 0.021030 -0.005329
-0.000209 -0.000712 0.000378
0.001438 0.004774 -0.007017
-0.009066 -0.004596 0.000387
0.004451 0.006154 -0.001009
-0.001008 0.007281 -0.002403
0.018705 -0.012425 0.003916
-0.008786 0.011032 0.003014
-0.005403 -0.001542 0.000220
0.012083 -0.005200 -0.001432
-0.003669 -0.005744 0.004692
0.009213 -0.008986 0.003052
-0.018694 -0.009375 0.003061
0.010076 -0.019643 -0.005410
0.007812 0.005143 -0.002569
-0.010562 0.010992 0.002180
0.010063 0.018698 0.004467
-0.000747 -0.000232 -0.000532
-0.001487 0.009323 -0.013300
-0.033409 -0.005440 -0.000099
0.003037 0.004342 0.000033
0.037916 -0.010748 -0.006395
0.016194 -0.011101 0.002550
-0.005254 0.005021 0.000581
-0.003857 -0.000301 -0.000182
0.038029 -0.031227 -0.029618
-0.004261 -0.006033 0.004334
0.011318 -0.008758 0.001826
-0.026371 -0.008293 -0.006736
-0.011735 -0.012524 -0.004893
0.006239 0.009988 -0.002177
-0.010185 0.010313 0.002028
0.006205 0.022671 -0.002254
0.001947 -0.000835 -0.000033
0.001437 0.005679 -0.008974
-0.008307 -0.001512 0.000824
0.001877 0.005367 -0.001102
-0.001003 0.010764 -0.002794
0.017808 -0.011937 0.003570
-0.008393 0.013898 0.002825
-0.008522 -0.007431 -0.003539
0.011642 -0.006443 -0.000115
-0.002579 -0.007123 0.005875
0.010559 -0.010283 0.003026
-0.016538 -0.012187 0.000932
0.000223 0.002872 -0.005026
0.008676 0.008963 -0.002489
-0.010753 0.010295 0.002283
0.008208 0.024400 -0.001533
0.000669 -0.002463 -0.000247
0.002706 0.004840 -0.010233
-0.007585 -0.000372 -0.000082
0.003166 0.006154 -0.000222
-0.001709 0.007175 -0.001169
0.016740 -0.011850 0.001867
-0.007590 0.010072 0.001763
-0.006277 -0.000652 0.000294
0.014317 -0.005661 -0.000845
-0.002692 -0.005804 0.004274
0.011119 -0.010453 0.005705
-0.015979 -0.010846 0.000437
-0.001096 0.004481 -0.009820
0.006033 0.009435 -0.002749
-0.011048 0.010392 0.002596
0.007178 0.023922 -0.001395
0.000466 -0.005017 0.000644
0.002236 0.009517 -0.010469
-0.010688 0.000824 0.000904
0.002790 0.004395 -0.000504
-0.001385 0.008852 -0.000037
0.018734 -0.009822 0.005461
-0.006998 0.012552 -0.000338
-0.004928 -0.000854 -0.001440
0.011315 -0.005807 0.000972
-0.002952 -0.004309 0.003755
0.010350 -0.010106 0.000652
-0.017039 -0.012680 0.001394
-0.000696 0.005141 -0.003226
0.007822 0.008538 -0.001959
-0.014877 -0.021185 0.004995
0.006861 0.012824 -0.001697
0.022794 -0.009239 -0.001188
-0.001734 0.005871 -0.010154
-0.009983 0.000336 0.000156
0.024167 0.581562 -0.020940
-0.000586 0.008600 -0.004000
0.015662 -0.018071 0.006582
-0.000345 0.013628 0.011304
-0.005872 -0.000185 -0.003877
0.011035 -0.005289 -0.000527
-0.032761 -0.026489 -0.025394
0.010461 -0.009431 0.003280
-0.016108 -0.008925 -0.000595
-0.002983 0.002309 -0.005384
0.007206 0.008246 -0.002923
-0.009931 0.009868 0.002917
0.007196 0.023397 -0.000704
0.002572 -0.000907 -0.001087
-0.000709 0.009083 -0.010602
-0.009411 -0.001688 0.000548
0.002103 0.005846 0.000344
-0.001320 0.007730 -0.001167
0.015971 -0.011791 0.007893
-0.008734 0.010193 0.002044
-0.003899 0.002084 -0.001185
0.010494 -0.005793 0.000953
-0.003657 -0.005352 0.004239
0.009170 -0.009138 0.001212
-0.016649 -0.012032 0.001421
