2176.0000 0.05 1
1.11111
4.44444
11.1111
2.22222
11.1111
4.44444
13.3333
11.1111
20
11.1111
6.66667
11.1111
24.4444
23.3333
17.7778
23.3333
26.6667
18.8889
13.3333
32.2222
18.8889
8.88889
4.44444
10
14.4444
16.6667
34.4444
40
23.3333
40
11.1111
26.6667
17.7778
31.1111
24.4444
32.2222
26.6667
27.7778
40
24.4444
32.2222
46.6667
36.6667
47.7778
70
55.5556
56.6667
41.1111
80
106.667
97.7778
124.444
127.778
136.667
151.111
146.667
158.889
192.222
187.778
204.444
214.444
270
192.222
230
236.667
284.444
235.556
278.889
255.556
263.333
291.111
301.111
315.556
342.222
314.444
350
286.667
350
300
311.111
297.778
298.889
291.111
275.556
314.444
277.778
244.444
285.556
294.444
295.556
314.444
315.556
322.222
312.222
335.556
318.889
314.444
293.333
292.222
301.111
302.222
291.111
330
357.778
317.778
360
375.556
363.333
348.889
350
341.111
295.556
251.111
213.333
182.222
155.556
188.889
243.333
264.444
331.111
351.111
396.667
423.333
393.333
430
411.111
450
400
384.444
356.667
340
375.556
347.778
395.556
380
377.778
384.444
430
402.222
461.111
404.444
407.778
411.111
358.889
360
374.444
364.444
381.111
435.556
415.556
412.222
434.444
403.333
343.333
347.778
324.444
351.111
314.444
326.667
255.556
283.333
261.111
272.222
260
242.222
224.444
274.444
211.111
244.444
214.444
234.444
256.667
225.556
240
234.444
214.444
208.889
230
174.444
203.333
176.667
200
173.333
176.667
258.889
233.333
234.444
208.889
215.556
170
174.444
197.778
262.222
238.889
224.444
272.222
240
225.556
260
350
342.222
317.778
305.556
327.778
308.889
330
382.222
416.667
425.556
427.778
445.556
432.222
515.556
475.556
505.556
466.667
436.667
345.556
310
226.667
115.556
11.1111
1.11111
0
0
2.22222
0
0
0
0
0
0
0
0
2.22222
0
0
0
0
0
0
0
0
0
0
4.44444
2.22222
0
0
2.22222
0
4.44444
6.66667
1.11111
4.44444
0
0
4.44444
2.22222
4.44444
6.66667
0
2.22222
4.44444
1.11111
0
2.22222
0
0
2.22222
0
2.22222
0
