-0.001371 0.011064 0.011035
-0.008177 0.000561 0.000793
-0.001572 0.017872 -0.000206
0.008642 0.007242 -0.002498
-0.001770 0.015039 -0.005603
-0.009142 0.001404 -0.001618
-0.000227 0.003348 0.005672
-0.000146 -0.015116 -0.002238
-0.003152 -0.012117 -0.002886
-0.011552 -0.005917 -0.002718
0.011321 -0.005610 0.000646
-0.009419 -0.005693 -0.003128
0.004048 -0.007879 0.003457
0.003662 -0.019543 0.000629
-0.004918 0.002377 0.001770
0.013859 -0.011280 0.003274
-0.001247 0.011770 0.012023
-0.008417 0.000718 0.000076
0.002470 0.021154 -0.000006
0.010490 0.008175 -0.003598
-0.001371 0.017258 -0.004806
-0.010579 0.000492 -0.002043
-0.001481 0.002743 0.004867
0.000188 -0.015766 -0.001883
-0.003126 -0.011353 -0.001069
-0.011292 -0.004802 -0.000714
0.010991 -0.006247 0.000555
-0.008529 -0.006225 -0.003798
0.005012 -0.008630 0.004239
0.000184 -0.018842 -0.000866
-0.004094 0.000567 0.002042
0.013765 -0.011179 0.003280
-0.000608 0.011287 0.011240
-0.008726 0.001350 0.000435
0.001405 0.018106 0.004796
0.011068 0.009344 -0.004061
-0.001929 0.014521 -0.005660
-0.007740 -0.000029 -0.003021
-0.000061 0.003233 0.004931
-0.000457 -0.015366 -0.003656
-0.003501 -0.011733 -0.000757
-0.011005 -0.005593 -0.000798
0.011447 -0.006790 0.002264
-0.010464 -0.006320 -0.003336
0.003711 -0.006629 0.003517
0.005355 -0.020265 -0.000579
-0.003776 0.000859 0.001624
0.014073 -0.011160 0.002302
0.067909 0.049549 -0.065232
-0.080839 0.038486 -0.081252
0.014035 0.009784 -0.002050
0.012432 0.008095 -0.002404
-0.001860 0.020580 -0.008076
-0.008751 0.003701 -0.002210
-0.000189 0.002602 0.004021
0.001292 -0.015658 -0.023137
-0.009749 -0.009111 -0.005200
-0.011198 -0.004800 -0.001831
0.008479 -0.010489 -0.006156
-0.007072 -0.003223 -0.002080
0.003678 -0.009189 0.004301
0.003127 -0.021183 -0.004347
-0.004905 0.000087 -0.003768
0.010627 -0.013112 0.002775
-0.000831 0.010725 0.012165
-0.009002 0.002512 0.000332
-0.000735 0.019262 0.000112
0.009923 0.008957 0.000730
-0.000958 0.016356 -0.005830
-0.008991 0.000776 -0.003763
0.000453 0.003958 0.004400
-0.000223 -0.016049 -0.003407
-0.003162 -0.010811 -0.001007
-0.010984 -0.005008 0.000472
0.011499 -0.007155 0.000979
-0.010008 -0.006774 -0.004024
0.004219 -0.007325 0.004261
0.003284 -0.018951 -0.000461
-0.002485 0.000476 0.001725
0.014008 -0.011340 0.003161
-0.001444 0.009498 0.012473
-0.008515 0.001270 -0.000751
-0.002183 0.018757 0.000808
0.015244 0.004921 -0.005349
0.000146 0.014807 -0.005556
-0.010388 -0.000268 -0.002828
-0.000064 0.000043 -0.000167
0.000196 -0.015249 -0.002295
-0.003604 -0.011449 -0.001761
-0.011700 -0.005301 -0.000634
0.011187 -0.006561 0.001069
-0.008656 -0.006865 -0.008801
0.004543 -0.008147 0.008783
0.003128 -0.019044 -0.000724
-0.005272 0.000167 0.001291
0.014507 -0.013222 0.003692
-0.000580 0.011598 0.011152
-0.008360 0.001561 0.000796
-0.000981 0.018925 -0.000196
-0.002772 0.019845 -0.004522
-0.001794 0.016524 -0.006280
-0.008496 0.001239 -0.002128
0.001014 0.021199 0.002411
-0.000113 -0.015793 -0.002595
-0.002574 -0.011737 -0.001476
-0.011451 -0.005073 -0.000973
0.011345 -0.006549 0.001736
-0.006921 -0.000430 -0.007099
0.005038 -0.034524 0.635057
0.002737 -0.019081 -0.000915
-0.002193 0.000546 0.001874
0.013870 -0.011406 -0.003972
0.000982 0.011735 0.012268
-0.010570 0.002956 0.000617
-0.004693 0.021168 -0.001609
0.011816 0.007856 -0.003401
-0.001677 -0.002746 -0.007297
-0.013915 0.096761 -0.111467
-0.001701 0.003768 0.005209
-0.000645 -0.016181 -0.025416
0.000896 -0.014220 -0.007547
-0.011414 -0.005187 0.000079
0.012954 -0.001193 -0.005547
-0.011263 -0.006942 -0.003574
0.005354 -0.006566 0.003704
0.003151 -0.019720 -0.007795
-0.005241 0.005834 0.000365
0.017373 -0.009787 0.002911
0.000456 0.002181 -0.005429
0.007305 0.010269 0.001777
-0.008803 0.009669 0.001726
0.007661 0.021803 -0.001590
-0.000493 -0.002546 -0.000376
0.002421 0.002812 -0.010382
-0.008958 -0.001300 0.000854
0.002146 0.005568 -0.000378
-0.000714 0.007451 -0.002888
0.017869 -0.012162 0.003000
-0.009271 0.010753 0.002896
-0.004494 -0.001446 0.001495
0.011669 -0.005309 0.001196
-0.003542 -0.006962 0.004926
0.010528 -0.009678 0.002978
-0.017120 -0.012455 0.001308
0.000789 0.002836 -0.005382
0.007144 0.007729 -0.003125
-0.009422 0.010443 0.002765
0.005958 0.023509 -0.001705
0.000268 -0.002953 -0.000584
0.002148 0.004352 -0.011476
-0.007899 -0.002502 0.000272
0.003423 0.001242 -0.000043
-0.000483 0.007905 -0.002996
0.017326 -0.011164 0.002909
-0.008890 0.010176 0.002882
-0.004921 -0.001458 0.000618
0.011799 -0.005546 0.001007
-0.003859 -0.005230 0.001887
0.009836 -0.009714 0.002833
-0.016456 -0.011601 0.001696
0.000326 0.003534 -0.005611
0.006035 0.008372 -0.002814
-0.011545 0.011240 0.002132
0.007550 0.022797 -0.002167
-0.000364 -0.002729 -0.000890
0.001644 0.004148 -0.009516
-0.008878 -0.001039 0.000891
0.005801 0.004364 0.005090
-0.000003 0.007224 -0.001681
0.018263 -0.012158 0.003334
-0.008243 0.010047 0.002005
-0.004876 -0.001036 0.000792
0.012170 -0.005433 0.000285
-0.003655 -0.005520 0.003271
0.010403 -0.009976 0.003207
-0.017095 -0.012124 0.002047
0.000123 0.004661 -0.000679
0.005679 0.008792 0.003095
-0.005798 -0.057704 -0.059805
-0.011261 0.016102 -0.006069
0.002639 -0.005175 0.000135
0.001985 0.005775 -0.009772
-0.007501 -0.003330 0.000613
0.000378 0.003483 0.001237
-0.002793 0.006005 -0.008114
0.021368 -0.007364 -0.001524
-0.007384 0.006478 -0.003295
-0.004871 -0.000643 0.000310
0.011963 -0.005261 -0.006026
-0.003805 -0.002598 0.004450
0.016897 -0.009279 -0.003709
-0.022677 -0.011084 -0.005431
-0.001221 0.003769 -0.004985
0.010768 0.011246 -0.002690
-0.010772 0.009965 0.002084
0.007191 0.023504 -0.002503
-0.000219 -0.002425 -0.000870
0.001738 0.004341 -0.010489
-0.008145 -0.002528 0.000224
0.003373 0.005446 -0.001217
-0.000896 0.008897 -0.002761
0.018486 -0.011031 0.003333
-0.008012 0.009663 0.002988
-0.004753 -0.000976 0.001912
0.011361 -0.005513 0.001575
-0.003498 -0.005149 0.003922
0.010192 -0.009929 0.002103
-0.016934 -0.011986 0.003323
0.001328 0.004337 -0.000721
0.008539 0.009282 -0.002334
-0.009577 0.010314 0.002412
0.004385 0.022519 0.002727
-0.001917 -0.004083 0.005211
-0.000273 0.003274 -0.010516
-0.008848 -0.001512 -0.000661
0.003432 0.006517 -0.001085
0.000064 0.009017 0.001849
0.017897 -0.011922 0.000875
-0.008505 0.009974 0.003767
-0.005576 -0.000782 -0.006962
0.011854 -0.005583 0.001133
-0.003401 -0.005003 0.002888
0.010148 -0.010126 0.002477
-0.016381 -0.011556 0.002218
0.002051 0.007275 -0.004653
0.006998 0.008181 -0.002929
-0.010634 0.010489 0.002627
0.003415 0.025760 -0.002360
-0.001887 -0.006459 -0.000541
-0.074233 -0.040143 -0.091437
-0.008742 -0.002636 0.001215
0.003634 0.005572 -0.000835
0.002651 0.006566 -0.001365
0.017970 -0.011476 0.001738
-0.009108 0.010881 0.001562
-0.004178 -0.001972 -0.001143
0.010922 -0.005899 0.000737
-0.003407 -0.005368 0.002259
0.010430 -0.009720 0.004194
-0.016848 -0.011915 0.001588
-0.003841 0.006823 -0.005836
0.006865 0.012669 -0.001897
-0.010474 0.008913 0.002033
0.009132 0.024025 -0.007143
-0.000208 -0.003965 0.004638
0.000936 0.004312 -0.010672
0.068603 -0.045409 -0.084172
0.002547 0.002329 0.003572
0.016593 0.018194 -0.005505
0.016077 -0.015146 -0.002908
-0.008481 0.016000 -0.002802
-0.004887 -0.001183 0.000821
0.009963 -0.006318 -0.002843
-0.003474 -0.008791 0.004250
0.005178 -0.010776 -0.004533
-0.012448 -0.013883 -0.006091
