2176.0000 0.05 1
1.11111
4.44444
11.1111
2.22222
11.1111
4.44444
13.3333
11.1111
20
11.1111
6.66667
11.1111
24.4444
23.3333
17.7778
23.3333
26.6667
18.8889
13.3333
34.4444
16.6667
11.1111
2.22222
10
14.4444
16.6667
34.4444
40
23.3333
40
11.1111
26.6667
17.7778
31.1111
24.4444
32.2222
26.6667
27.7778
40
24.4444
32.2222
46.6667
36.6667
47.7778
70
55.5556
56.6667
41.1111
77.7778
108.889
95.5556
126.667
127.778
136.667
148.889
148.889
161.111
187.778
194.444
204.444
210
270
192.222
230
230
291.111
237.778
278.889
253.333
261.111
294.444
297.778
320
337.778
316.667
352.222
282.222
347.778
302.222
311.111
294.444
302.222
293.333
277.778
312.222
273.333
248.889
285.556
292.222
295.556
316.667
317.778
322.222
305.556
338.889
315.556
318.889
293.333
294.444
294.444
305.556
290
334.444
355.556
317.778
360
377.778
358.889
346.667
354.444
343.333
291.111
251.111
215.556
177.778
162.222
191.111
238.889
264.444
332.222
348.889
396.667
415.556
402.222
433.333
407.778
450
400
380
356.667
346.667
371.111
345.556
397.778
382.222
375.556
386.667
427.778
404.444
458.889
407.778
411.111
404.444
358.889
360
376.667
366.667
376.667
437.778
413.333
410
436.667
407.778
338.889
350
322.222
351.111
317.778
325.556
257.778
282.222
262.222
272.222
257.778
244.444
222.222
274.444
208.889
247.778
213.333
232.222
261.111
223.333
240
234.444
214.444
208.889
230
174.444
205.556
176.667
195.556
175.556
175.556
255.556
237.778
228.889
214.444
215.556
168.889
176.667
196.667
262.222
240
221.111
272.222
241.111
224.444
262.222
350
340
320
303.333
330
307.778
331.111
382.222
412.222
430
427.778
443.333
436.667
508.889
471.111
497.778
474.444
427.778
350
315.556
234.444
112.222
18.8889
1.11111
0
0
0
0
0
0
0
0
0
0
0
0
0
0
0
0
0
0
0
0
0
0
4.44444
2.22222
0
4.44444
0
0
2.22222
6.66667
0
5.55556
0
0
4.44444
0
6.66667
4.44444
2.22222
2.22222
4.44444
1.11111
0
2.22222
0
0
2.22222
0
2.22222
0
