-0.000417 0.010514 0.011729
-0.009851 0.005816 0.002598
-0.001323 0.018799 0.000683
0.012787 0.008269 -0.002678
-0.000370 0.017354 -0.004794
-0.009993 0.000390 -0.001841
-0.000466 0.004078 0.000313
0.000442 -0.016432 -0.004039
-0.003511 -0.012242 -0.000685
-0.011087 -0.004882 -0.001791
0.011017 -0.006732 0.000096
-0.009246 -0.006343 -0.003842
0.004129 -0.006996 0.002756
0.003897 -0.020261 0.000283
-0.006387 -0.000366 0.001577
0.012064 -0.009364 0.002956
-0.000153 0.010150 0.011861
-0.006659 0.003940 -0.000617
-0.000889 0.019641 0.000534
0.011141 0.007970 -0.003008
-0.000166 0.016672 -0.004454
-0.010457 0.000919 -0.003109
0.001217 0.005246 0.003903
0.000473 -0.015122 -0.002671
-0.004657 -0.011665 -0.000875
-0.011266 -0.005691 -0.002019
0.011571 -0.006893 0.001021
-0.009848 -0.006639 -0.003665
0.005221 -0.007982 0.003999
0.002955 -0.017961 -0.000183
-0.005119 0.001420 0.005531
0.014301 -0.009624 0.002611
-0.001995 0.011748 0.012442
0.003271 0.001917 0.010087
-0.000839 0.018496 0.001215
0.008504 0.007322 -0.004902
-0.002273 0.016075 -0.001229
-0.008597 0.000752 -0.001807
-0.003101 -0.004432 0.001537
0.001928 -0.025823 -0.002819
0.008669 -0.071033 -0.002670
-0.010298 -0.002286 -0.001654
0.010754 -0.004880 0.000286
-0.009902 -0.018714 -0.003116
0.004414 -0.004786 0.003432
0.003671 -0.020310 -0.000881
-0.005303 -0.000110 -0.000512
0.013339 -0.011486 0.002566
-0.001137 0.010659 0.011114
-0.009638 0.001304 0.001273
-0.000969 0.019017 0.000962
-0.028378 -0.008920 -0.049051
-0.001380 0.015516 -0.005755
-0.007378 0.001885 -0.003062
-0.000377 0.005249 0.004914
-0.001705 -0.020940 -0.002794
-0.003773 -0.009274 -0.001030
-0.010337 -0.005711 -0.002008
0.012072 -0.005637 0.000634
-0.008369 -0.019413 -0.002932
0.071056 -0.085693 0.002982
0.002794 -0.019530 -0.001492
-0.003404 0.000537 0.002061
0.012987 -0.013718 0.002169
-0.000459 0.011367 0.012525
-0.009610 0.000952 0.000208
-0.003343 0.018055 0.001925
0.011882 0.008064 -0.003145
-0.003575 0.009288 -0.003453
-0.008716 -0.000046 -0.002228
0.000673 0.003203 0.003034
-0.001027 -0.014859 -0.001753
-0.003504 -0.012047 -0.001039
-0.011507 -0.004905 -0.001885
0.009746 -0.005546 0.000687
-0.009301 -0.006517 -0.002975
0.003877 -0.007233 0.004105
0.003560 -0.017940 -0.001611
-0.009437 -0.007009 0.000741
0.010311 -0.008075 0.002524
-0.000422 0.009908 0.007855
-0.010088 0.002790 0.001130
-0.002060 0.020183 0.002951
0.012224 0.007311 -0.002928
-0.001434 0.017448 -0.005902
0.028060 -0.012813 -0.043828
-0.002335 0.003482 0.004622
0.001444 -0.021420 -0.007839
-0.003705 -0.010965 -0.001080
-0.010730 -0.004635 -0.002375
0.011843 -0.009257 0.000957
-0.010420 -0.006113 -0.003719
0.004419 -0.008181 0.003876
0.004394 -0.020343 -0.001199
0.001713 -0.007935 0.001595
0.014052 -0.009209 0.003692
0.001456 -0.007387 0.032187
-0.004080 -0.003805 0.000666
-0.040118 0.000768 0.047770
0.012442 0.006891 -0.001835
-0.002153 0.015406 -0.007666
-0.009097 0.000968 -0.002551
-0.000501 0.003641 0.004458
0.002215 -0.019868 0.002025
-0.005269 -0.011027 -0.002349
-0.028890 -0.061967 -0.002227
0.011553 -0.008424 0.000495
-0.009390 -0.005819 -0.002596
0.004578 -0.008215 0.003831
-0.002792 0.587902 0.000198
-0.003557 -0.000240 0.002683
0.014279 -0.009910 0.002084
0.000454 0.012064 0.012591
-0.007918 0.000965 0.000438
-0.001017 0.019137 -0.000025
0.011735 0.008666 -0.004538
-0.002683 0.016942 -0.005893
-0.009338 0.001139 -0.002425
-0.000240 0.003261 0.005315
0.001347 -0.014656 -0.002595
-0.003340 -0.011812 -0.001240
-0.010555 -0.005428 -0.002190
0.012566 -0.006346 0.000382
-0.009097 -0.006803 -0.003644
0.003512 -0.007792 0.003172
0.002485 -0.018464 0.000315
-0.003871 0.001368 0.001217
-0.013011 -0.008025 0.003230
-0.000828 0.003836 -0.005611
0.007913 0.008629 -0.002375
-0.010531 0.009652 0.002302
0.007342 0.023067 -0.002580
-0.000280 -0.002922 -0.000352
0.001544 0.003453 -0.009232
-0.008730 -0.002332 0.000700
0.004141 0.006102 0.001229
0.001711 0.008371 -0.001585
0.017836 -0.011873 0.001913
-0.008441 0.010514 0.002426
-0.005259 -0.000817 -0.000092
0.011629 -0.004502 0.000030
-0.003753 -0.005957 0.004311
0.009623 -0.007466 0.003953
-0.014747 -0.009762 0.001362
0.000687 0.003910 -0.003832
0.006359 -0.056024 0.060742
-0.010071 0.011172 0.002964
0.006229 0.024243 -0.000339
-0.000414 -0.002551 -0.000207
0.001253 0.003902 -0.010709
-0.006420 0.000172 0.002536
0.002826 0.005480 -0.000613
-0.001120 0.009469 -0.003761
0.017522 -0.012961 0.002845
-0.006525 0.008589 0.001798
-0.004902 -0.000930 -0.000073
0.017111 -0.009943 0.002611
-0.003561 -0.005117 0.004130
0.010217 -0.004923 0.002088
-0.017083 -0.014037 0.000575
-0.000486 0.006067 -0.004482
0.006789 0.009202 -0.000535
-0.010833 0.011217 0.001624
0.009316 0.017921 0.002310
0.000521 0.000215 -0.001457
0.001621 0.004042 -0.008857
0.003118 -0.000325 -0.009026
0.002661 0.003463 -0.000938
0.002149 0.001976 -0.005556
0.016290 -0.011053 0.003244
0.000434 0.000111 0.002053
-0.004557 0.001471 0.000404
0.015602 -0.008595 -0.002502
0.001198 -0.012163 0.004571
0.007793 -0.009138 0.002558
0.011630 -0.009749 0.001468
-0.005206 -0.003528 -0.006430
0.006836 0.007015 -0.001268
-0.009474 0.011612 0.002258
0.005855 0.024349 -0.001007
-0.004016 -0.008779 0.001309
0.002316 -0.011085 -0.029053
-0.008603 -0.001993 -0.000309
0.003415 0.005742 0.000130
-0.001555 0.008890 -0.002206
0.018472 -0.010772 0.003004
-0.017898 -0.011038 0.002372
-0.060458 -0.042384 -0.000939
0.011071 -0.004848 0.000320
-0.003700 -0.016902 0.004288
0.012829 -0.005666 0.002167
-0.016488 -0.011021 0.001259
-0.000028 0.003326 -0.004995
0.007444 0.006762 -0.001873
-0.010998 0.010249 0.002142
0.008938 0.024069 -0.001957
0.000246 -0.002568 0.000244
-0.000811 0.004710 -0.010361
-0.008637 0.001746 -0.000359
0.003707 0.005739 -0.000769
-0.000332 0.007382 -0.001160
0.023582 -0.023181 0.003872
-0.008194 0.009954 0.001394
-0.004726 -0.001152 -0.000183
0.004321 -0.016823 -0.000024
-0.003859 -0.004251 0.004106
0.008450 -0.005092 0.000904
-0.014144 -0.010958 0.001220
-0.010559 0.005143 0.004193
0.007960 0.009092 -0.002452
-0.010060 0.011097 0.003584
0.006345 0.022270 -0.001100
-0.001969 0.000081 0.001227
0.000442 0.004848 -0.009054
-0.004625 -0.007057 0.002187
0.002618 0.005515 -0.002462
0.000324 0.007154 -0.005978
0.016143 -0.015628 -0.002550
-0.006809 0.010404 0.004974
-0.004470 -0.001463 -0.002179
0.012434 -0.016665 -0.000267
-0.007602 -0.007554 0.007053
0.010527 -0.007765 0.005405
-0.016828 -0.009723 0.002009
-0.002069 0.005793 -0.007046
0.008228 0.008605 -0.002752
0.023868 -0.008952 0.042494
0.007366 0.023355 0.002927
-0.010199 0.000841 -0.011175
0.002479 0.004266 -0.010535
-0.009029 -0.001103 -0.000218
0.001957 -0.064135 -0.065273
-0.001054 0.006534 -0.002144
0.016429 -0.014148 0.008004
-0.007961 0.012420 0.000334
-0.004678 -0.000716 0.001456
0.011682 -0.006312 -0.000035
-0.006204 -0.009444 0.002309
0.008668 -0.006174 -0.000273
-0.017936 -0.009981 0.000757
0.001054 0.003665 -0.003594
0.006919 0.007551 -0.002655
-0.010116 0.011043 0.002243
0.007328 0.024037 -0.002363
0.000328 -0.001860 -0.000979
0.001448 0.002886 -0.005440
-0.007930 -0.002975 0.000902
0.002882 0.003742 -0.000123
-0.000472 0.008018 -0.001925
0.018292 -0.021089 0.003227
-0.009091 0.009397 0.002065
-0.005258 -0.000778 -0.000892
0.010892 -0.005858 -0.000301
-0.001958 -0.004598 0.004294
0.012227 -0.008597 0.002074
-0.016721 -0.011688 0.001025
