2176.0000 0.05 1
1.875
3.75
6.25
6.25
7.5
16.25
8.75
6.25
17.5
16.25
14.375
16.25
23.75
17.5
6.25
31.25
23.125
18.125
30
8.75
10
13.125
10
10
16.25
20
25
30.625
36.875
19.375
22.5
28.75
13.75
26.875
21.875
28.125
21.25
42.5
43.75
30
38.75
55
47.5
45.625
41.875
67.5
54.375
49.375
84.375
92.5
97.5
126.875
137.5
135
138.125
153.125
180.625
152.5
158.125
199.375
178.125
174.375
233.75
251.875
267.5
238.75
236.875
279.375
293.125
310
295.625
320.625
301.875
315
321.25
340.625
336.875
365.625
320.625
352.5
373.125
362.5
330.625
359.375
333.125
378.75
313.125
293.125
304.375
286.25
273.75
254.375
232.5
248.75
252.5
300.625
206.25
248.75
311.25
295.625
320
308.75
308.75
300.625
247.5
293.75
311.875
296.25
323.75
273.75
280.625
303.125
271.25
321.875
291.875
316.875
248.125
298.75
349.375
321.875
314.375
314.375
330
363.125
341.25
379.375
403.125
376.875
391.875
390.625
395.625
430.625
453.75
468.75
454.375
439.375
453.125
435.625
450.625
416.25
406.25
428.75
381.25
361.25
313.75
353.75
328.125
313.75
313.125
330.625
305
274.375
216.25
254.375
250.625
304.375
277.5
248.125
271.875
226.875
318.125
287.5
328.75
304.375
300
290.625
286.875
295.625
349.375
291.875
323.125
353.125
373.75
353.75
261.875
287.5
211.25
289.375
343.75
266.875
266.875
266.875
256.25
236.875
244.375
250.625
264.375
329.375
237.5
227.5
238.125
223.75
181.25
246.25
256.25
280
256.25
308.125
252.5
263.125
257.5
207.5
201.875
269.375
253.75
326.25
345.625
342.5
355.625
276.25
365
296.25
513.75
535.625
508.75
422.5
367.5
265
228.125
203.75
170
118.75
56.875
33.125
10
5
1.25
3.125
1.875
0
0
0
0
0
0
0
0
0
0
2.5
0
