0.020689 0.007690 -0.003393
0.000527 -0.005901 0.004489
0.011439 0.004166 0.001003
0.001385 0.002337 -0.004065
0.013338 -0.001198 -0.005727
-0.001092 -0.003143 -0.000240
-0.010079 -0.002628 -0.004529
-0.006190 0.006972 0.000003
-0.008331 0.000567 -0.007922
0.023287 0.016775 -0.002802
-0.004517 -0.003756 0.004230
-0.006517 -0.003717 0.002362
-0.002231 -0.005417 0.008780
-0.004881 0.000272 -0.000606
0.005049 0.001226 -0.004977
0.003361 -0.001559 0.001384
0.011294 0.002202 0.001541
-0.004691 -0.001388 0.000070
0.010039 0.003878 0.000668
0.002790 0.000341 -0.003673
0.007633 0.002694 -0.002255
-0.000997 -0.003576 -0.000442
-0.005166 -0.002101 -0.004856
-0.005799 0.006228 0.000276
-0.007856 0.000503 -0.007455
0.006296 -0.001077 -0.001840
-0.003070 -0.003445 0.004231
-0.005521 -0.002375 0.002544
-0.001381 -0.005114 0.009115
-0.004928 0.001081 -0.000362
0.004825 0.001830 -0.004940
0.003813 -0.001762 0.000579
0.010117 0.003595 0.001451
0.000628 0.003206 0.004456
0.007767 0.003830 -0.000155
0.012729 0.005512 0.000827
0.013096 0.005920 -0.006143
0.044944 0.049580 -0.000792
-0.010301 -0.000864 -0.004570
0.000635 0.002593 0.004803
-0.566324 -0.003301 -0.011612
0.022909 -0.018183 -0.002444
0.002268 0.000125 0.009465
0.003685 -0.007669 -0.002640
-0.001146 -0.005437 0.010341
0.012914 0.000656 -0.018576
0.003157 0.002197 -0.003827
0.001484 -0.001862 0.001369
0.010278 0.001571 -0.000033
-0.006346 -0.000840 -0.000187
0.009972 0.003949 0.001044
0.002627 0.000497 -0.003421
0.007597 0.003022 -0.001096
-0.001282 -0.004481 -0.000383
-0.004078 -0.001683 -0.005115
-0.005941 0.007125 0.000901
-0.009722 0.000558 -0.007796
0.005820 -0.000844 -0.002175
-0.004297 -0.003872 0.005127
-0.005640 -0.002177 0.002303
-0.001241 -0.005301 0.008777
-0.005027 0.000388 -0.000188
0.004045 0.001182 -0.005153
0.001181 -0.001743 0.000839
0.009935 0.001896 -0.000239
-0.008134 -0.001031 0.001770
0.009959 0.003885 0.000825
0.001737 0.000635 -0.002381
0.012376 0.002332 -0.006432
-0.002948 -0.004568 0.000855
-0.007727 -0.002060 -0.004750
-0.005124 0.006668 0.000017
-0.007933 0.000814 -0.007598
0.022759 -0.001001 0.014745
-0.004000 -0.003194 0.004459
-0.006609 -0.002206 0.000864
-0.001284 -0.005789 0.009207
-0.004737 -0.000289 -0.000576
0.003992 0.002075 -0.005623
0.002745 -0.002047 0.000988
0.009974 0.003744 0.002124
-0.006034 -0.001378 0.000862
0.015930 -0.000687 -0.002059
0.001896 0.001552 -0.003687
0.008562 0.002721 -0.001836
-0.002261 -0.003051 -0.000775
-0.004843 -0.002193 -0.005080
0.000016 0.001931 0.000047
-0.007850 0.000497 -0.008198
0.005917 -0.001300 -0.003318
-0.006115 -0.002409 0.004649
-0.006739 -0.004152 0.002981
-0.004072 -0.006934 0.008204
0.006258 0.011870 -0.000675
0.003812 0.001192 -0.005471
0.002179 -0.001736 0.001205
0.011358 0.001812 0.001429
-0.006341 -0.001654 -0.000194
0.014822 0.003732 -0.003982
0.001137 0.000224 -0.001943
0.007566 0.002331 -0.001278
-0.000810 -0.004115 -0.000342
-0.004106 -0.002568 -0.005168
0.000239 0.003302 -0.004284
-0.007272 0.000666 -0.007955
0.006064 -0.001085 -0.002321
0.001696 -0.000154 0.000017
-0.007774 -0.001411 0.001519
0.040736 -0.006573 0.058660
0.006816 0.000752 0.012541
0.003645 0.002494 -0.005981
0.001320 -0.001564 -0.000689
0.019216 0.006753 -0.002053
0.001255 -0.001293 0.007994
0.014427 0.008827 -0.002480
0.012485 0.005992 0.001659
0.006152 0.002544 -0.003994
-0.004390 -0.004670 -0.002272
-0.007505 -0.002168 -0.005402
-0.007290 0.005482 0.000239
-0.007761 0.000903 -0.007880
0.022320 -0.000842 -0.019147
0.001316 0.001465 0.004992
0.002615 -0.006414 -0.001173
-0.003864 -0.004018 0.008396
0.005979 -0.011363 -0.000420
0.043256 -0.042789 -0.004189
0.003476 -0.001735 0.000722
-0.011170 -0.001001 0.002977
0.011525 -0.009021 0.001051
-0.003643 0.001132 0.001872
-0.003397 0.003740 0.003091
0.029162 0.043607 -0.001667
0.005340 -0.003042 -0.001322
0.004462 -0.000799 -0.005636
0.002129 -0.000083 -0.000283
0.014576 0.009809 0.004762
-0.001080 -0.007315 -0.006279
0.002766 0.003134 0.005527
-0.021061 -0.003997 -0.005254
0.001990 0.004453 0.010761
-0.000742 -0.007521 -0.008818
0.018515 0.000841 0.000442
-0.007685 -0.000936 0.008420
-0.012092 -0.001559 0.002698
0.003884 -0.002536 0.000438
-0.002746 0.001145 0.002202
-0.003927 0.003890 0.002591
-0.003383 0.006200 -0.001485
0.005473 -0.001177 0.000086
0.004496 -0.001160 -0.004339
0.003548 0.000386 -0.000279
0.008919 0.005534 0.001087
-0.000792 -0.006117 -0.006216
0.001024 0.003038 0.005260
-0.023500 -0.003973 -0.005132
0.001802 0.003758 0.011743
-0.000598 -0.007313 -0.009264
0.017575 0.001502 0.001243
-0.006150 0.000473 0.008306
-0.011158 -0.001851 0.003118
0.001914 -0.004479 0.000591
-0.003658 0.001090 0.001851
-0.005401 0.004115 0.002859
-0.003600 0.007492 -0.001528
0.015816 -0.005716 0.003238
0.029667 -0.001152 0.028589
0.005827 0.001264 0.000038
0.014550 0.001202 0.004953
0.034038 -0.045523 -0.006303
-0.001903 0.002923 0.005371
-0.022708 -0.003897 -0.005144
0.007382 0.007718 0.006606
0.035409 -0.007580 -0.056298
0.047439 0.000989 -0.001062
-0.007690 0.001716 0.008580
-0.011912 -0.000317 0.003312
0.004298 -0.001666 0.001162
-0.003027 0.001699 0.002992
-0.005720 0.003560 0.002470
-0.003443 0.005786 -0.001296
0.006395 -0.001202 -0.001036
0.004122 -0.000637 -0.005295
0.003670 -0.000111 -0.000987
0.009024 0.005407 0.000956
-0.001706 -0.004547 -0.006182
0.003189 0.003057 0.005193
-0.022006 -0.004349 -0.005137
0.002224 0.003514 0.011341
-0.001009 -0.007454 -0.008341
0.018474 0.000813 0.000063
-0.005649 0.001239 0.008087
-0.023640 -0.001317 0.003287
0.010594 -0.005640 -0.004293
-0.001631 0.001260 0.002143
-0.003053 0.003939 0.002343
-0.005757 0.005328 -0.003208
0.006426 -0.000791 -0.001195
0.004199 -0.000264 -0.004556
0.004336 0.000579 -0.000176
0.013073 0.005665 0.005430
-0.002779 -0.004947 -0.007226
0.001054 0.002925 0.005269
-0.021540 -0.005778 -0.004243
0.003144 0.003876 0.011415
-0.000621 -0.007803 -0.009204
0.017382 0.000864 0.000882
-0.005654 0.000344 0.007701
-0.024509 -0.001446 0.003290
0.003896 -0.001977 0.001076
-0.002144 0.001131 0.002413
-0.003643 0.003592 0.002807
-0.003337 0.006088 -0.001926
0.015417 -0.006457 0.003964
0.002623 -0.000154 -0.005686
0.003963 -0.000054 -0.000632
0.010100 0.005668 0.001502
-0.000964 -0.005819 -0.006509
0.000282 0.003215 0.005333
-0.021822 -0.003765 -0.005634
0.009025 0.011029 0.011582
-0.002854 -0.009047 -0.008253
0.017403 0.001092 -0.001017
-0.005705 0.000158 0.008956
-0.011395 -0.002215 0.003073
0.005664 -0.001678 0.000825
-0.003100 0.000827 0.002455
-0.003845 0.003171 0.002160
-0.004277 0.005054 -0.001561
0.005362 -0.000787 0.000447
0.004590 -0.000604 -0.003950
0.002467 0.000340 -0.000528
0.008951 0.005604 0.001319
-0.000862 -0.005492 -0.006222
-0.002863 0.003011 0.007026
-0.021302 -0.004395 -0.004765
0.007329 0.007504 0.015929
-0.000043 -0.007864 -0.010158
0.018559 0.000673 -0.000262
-0.005818 -0.000094 0.008073
-0.008783 -0.001246 0.002805
0.010631 -0.005386 0.005724
0.027095 0.001310 0.002980
-0.004819 0.003959 0.002995
-0.005352 0.005220 -0.000365
0.006109 -0.002199 -0.001248
0.001889 -0.002105 -0.005903
0.002765 0.000260 -0.000561
0.006738 0.005400 0.002683
-0.002934 -0.004582 -0.005122
0.000191 0.002447 0.005474
-0.023499 -0.004111 -0.005356
0.000006 0.006237 0.011021
-0.002279 -0.005339 -0.008616
0.017388 0.000722 -0.001098
0.012652 0.000166 -0.022960
