2176.0000 0.05 1
1.11111
4.44444
11.1111
2.22222
11.1111
4.44444
13.3333
11.1111
20
11.1111
6.66667
11.1111
24.4444
23.3333
17.7778
23.3333
26.6667
18.8889
13.3333
32.2222
18.8889
11.1111
2.22222
10
14.4444
16.6667
34.4444
37.7778
25.5556
40
11.1111
26.6667
17.7778
33.3333
22.2222
32.2222
26.6667
27.7778
40
24.4444
32.2222
46.6667
36.6667
47.7778
70
55.5556
56.6667
41.1111
80
106.667
95.5556
128.889
125.556
138.889
146.667
148.889
161.111
190
190
206.667
212.222
267.778
192.222
230
232.222
288.889
235.556
278.889
255.556
261.111
294.444
297.778
317.778
340
316.667
352.222
286.667
345.556
304.444
308.889
296.667
300
291.111
277.778
314.444
273.333
248.889
285.556
290
297.778
314.444
323.333
316.667
310
336.667
315.556
315.556
294.444
290
303.333
302.222
293.333
330
360
314.444
358.889
380
363.333
344.444
352.222
343.333
291.111
251.111
215.556
177.778
160
188.889
241.111
264.444
331.111
351.111
402.222
415.556
400
423.333
411.111
452.222
400
382.222
358.889
340
373.333
351.111
392.222
382.222
378.889
383.333
430
404.444
456.667
407.778
408.889
411.111
354.444
364.444
374.444
364.444
381.111
433.333
413.333
414.444
434.444
405.556
338.889
350
322.222
353.333
314.444
326.667
255.556
284.444
260
276.667
255.556
244.444
220
276.667
211.111
244.444
214.444
234.444
258.889
221.111
246.667
232.222
212.222
208.889
227.778
176.667
204.444
176.667
198.889
173.333
176.667
256.667
233.333
236.667
207.778
216.667
168.889
176.667
196.667
262.222
240
221.111
273.333
241.111
227.778
260
347.778
340
320
305.556
327.778
310
333.333
377.778
414.444
425.556
430
446.667
433.333
513.333
474.444
501.111
474.444
432.222
348.889
313.333
221.111
116.667
11.1111
1.11111
0
0
0
0
0
0
0
0
0
0
0
0
0
0
0
0
0
0
0
0
0
0
2.22222
0
2.22222
0
2.22222
4.44444
6.66667
4.44444
2.22222
3.33333
2.22222
0
6.66667
0
4.44444
6.66667
0
2.22222
0
5.55556
0
2.22222
0
0
2.22222
0
2.22222
0
