-0.000233 0.011789 0.012529
-0.008735 0.001655 0.001485
-0.001374 0.018502 0.000499
0.011921 0.007899 -0.002296
0.002806 0.017921 0.000681
-0.008777 0.001454 -0.002865
-0.002192 0.002154 0.004308
-0.001376 -0.017076 -0.002961
-0.004014 -0.011225 -0.001755
-0.010715 -0.005155 -0.000907
0.011072 -0.006288 0.001788
-0.009860 -0.005361 -0.003334
0.001317 -0.005450 -0.001667
0.002708 -0.018364 -0.000170
-0.005021 -0.000999 -0.002577
0.010075 -0.013215 0.003323
0.000168 0.011190 0.010797
-0.012995 0.004677 0.008111
-0.001708 0.019172 0.000300
0.010996 0.009084 -0.004129
-0.001697 0.016278 -0.008587
-0.009711 0.000280 -0.005311
-0.000840 0.004079 0.009278
0.001975 -0.015955 -0.007811
-0.001912 -0.012745 -0.000968
-0.011075 -0.006140 -0.002121
0.010376 -0.005682 0.000976
-0.009097 -0.002584 0.003173
0.004119 -0.008031 0.004686
0.002419 -0.018632 -0.001279
0.001160 0.003524 0.005489
0.014130 -0.010344 0.003276
-0.001939 0.011184 0.011235
-0.003139 -0.002119 0.006246
-0.001139 0.018853 0.000139
0.011956 0.007012 -0.004431
-0.001636 0.016115 -0.006391
-0.007792 0.000274 -0.001968
-0.002113 -0.002866 0.011091
0.002836 -0.019307 -0.003395
0.054482 -0.042701 0.060189
-0.011120 -0.004741 -0.001431
0.011768 -0.006980 -0.000740
-0.011633 -0.024869 -0.001116
0.005633 -0.007769 0.003944
0.004725 -0.020594 -0.000311
-0.021719 -0.010061 0.004951
0.012949 -0.011920 0.003130
-0.000998 0.010551 0.011569
-0.008767 0.001450 0.000180
-0.005044 0.017611 0.000686
0.011606 0.013031 0.002758
-0.002077 0.015528 -0.005856
-0.008781 0.000947 -0.002663
-0.000423 0.003188 0.004061
-0.000081 -0.015222 -0.001761
-0.003444 -0.011451 -0.001035
-0.011371 -0.006043 -0.000804
0.012029 -0.006441 0.000456
-0.008783 -0.004979 -0.003689
0.005800 -0.004279 0.002386
0.002813 -0.019603 -0.001558
-0.003677 0.000363 0.003131
0.015567 -0.013753 0.007638
-0.000873 0.010728 0.009782
-0.008909 0.001923 0.000628
-0.001607 0.019117 0.000662
0.011537 0.008335 -0.004139
-0.009603 0.014630 -0.000932
-0.008745 0.000629 -0.002314
0.001313 0.003826 0.004875
0.000586 -0.015114 -0.001815
-0.003981 -0.011714 0.000648
-0.011183 -0.004761 -0.001705
0.011475 -0.006916 0.000071
-0.009187 -0.006510 -0.003835
0.002860 -0.004036 0.003530
0.003891 -0.018788 -0.000433
-0.008026 0.000650 0.001515
0.011177 -0.010471 -0.002884
-0.000172 0.010834 0.010149
-0.008586 0.000675 -0.000293
-0.002876 0.019590 0.007684
0.011623 0.008176 -0.004711
-0.001738 0.015938 -0.006958
-0.008332 0.005244 0.002747
-0.001312 0.003450 0.004656
-0.000482 -0.017584 -0.006646
-0.003086 -0.012101 -0.000817
-0.013460 -0.005219 -0.002225
0.011087 -0.008663 0.000870
-0.008598 -0.005359 -0.003787
0.003631 -0.008648 0.004642
0.003918 -0.016938 -0.000832
-0.003217 -0.000740 0.003322
0.013788 -0.011142 0.003779
-0.000626 0.010993 0.012383
-0.008367 0.001720 0.001558
0.000868 0.022701 0.000787
0.011812 0.007294 -0.002694
-0.001367 0.015280 -0.006676
-0.008075 -0.003856 0.004424
0.000037 0.003313 0.004045
-0.002793 -0.020227 -0.002324
-0.004549 -0.010071 -0.001549
-0.067427 -0.040008 0.064369
0.011501 -0.095012 0.104733
-0.009322 -0.005152 -0.003712
0.004193 -0.007799 0.004411
0.003138 0.042861 0.063532
-0.003183 -0.000246 0.002403
0.014092 -0.011439 0.002916
-0.000420 0.011299 0.010978
-0.008707 0.000734 0.000548
0.001613 0.021236 0.000781
0.011451 0.002309 0.002928
-0.000966 0.016242 -0.005574
-0.009332 0.001043 -0.003458
-0.000012 0.003698 0.005021
0.001349 -0.015610 -0.002386
-0.003679 -0.011137 -0.000893
-0.010980 -0.003576 -0.002158
0.011053 -0.006848 0.000012
-0.010238 -0.006847 -0.002881
0.004276 -0.005101 0.000026
0.002545 -0.019297 -0.000344
-0.005269 0.000737 0.000980
-0.002343 -0.001557 0.006658
-0.000012 0.002905 -0.005052
0.007339 0.008411 -0.002996
-0.010326 0.010931 0.001478
0.007084 0.023569 -0.001862
-0.000052 -0.003132 -0.001017
0.001015 0.003815 -0.009627
-0.008721 -0.002587 -0.000332
0.003550 0.005273 -0.000359
0.000610 0.008409 -0.001347
0.019326 -0.012670 0.002739
-0.008539 0.008991 0.002439
-0.004548 -0.001303 0.000918
0.012019 -0.005259 0.001956
-0.003439 -0.005575 0.004471
0.010363 0.009064 0.005912
-0.011937 -0.013099 0.002572
-0.000124 0.003629 -0.004063
0.007310 0.007579 0.015012
-0.006523 0.008707 0.002533
0.002687 0.025018 0.005337
0.000351 -0.002925 -0.001564
0.001030 0.003659 -0.010193
-0.008775 -0.003400 0.007291
0.003038 0.005386 -0.000625
0.000726 0.008164 0.003732
0.017976 -0.011628 0.003821
-0.007038 0.009556 -0.002951
-0.004571 -0.001597 0.000738
0.010507 -0.004252 0.000526
-0.004527 -0.006094 0.004107
0.010554 -0.010489 0.003061
-0.019880 -0.013002 0.006629
0.000064 0.003877 -0.003869
0.007684 0.008977 0.021164
-0.012859 0.011277 0.002356
0.013490 0.022950 0.004615
-0.000051 -0.002625 -0.001082
0.001032 0.005783 -0.010319
-0.007398 -0.000567 0.004587
0.003172 0.005338 -0.000344
0.001891 0.001014 0.001295
0.017196 -0.010569 0.003109
-0.005546 0.011668 0.000519
-0.004793 -0.002991 0.000350
-0.054390 0.031023 0.073192
-0.003737 -0.004678 0.004652
0.009104 -0.009039 0.002221
-0.000105 -0.003549 0.005820
-0.000567 0.003705 -0.003289
0.007287 0.008477 -0.002284
-0.009686 0.011017 0.002340
0.006686 0.023647 -0.001992
-0.000375 -0.003386 -0.001500
0.001019 0.002166 -0.009627
-0.008476 -0.002229 -0.000309
0.004190 0.006575 -0.000730
-0.000585 0.008104 -0.002713
0.017148 -0.011564 -0.001251
-0.009150 0.009613 0.001870
-0.007724 0.001953 -0.001620
0.011259 -0.005139 0.000541
-0.004097 -0.007097 0.004671
0.009580 -0.009929 0.002224
-0.016808 -0.011653 0.001758
-0.000569 0.003376 -0.005039
0.007579 0.008730 -0.002582
-0.009469 0.009818 0.002068
0.006589 0.022940 -0.002905
0.000614 -0.002646 -0.000756
0.001582 0.003671 -0.007652
-0.007496 -0.001083 -0.000519
0.002057 0.006412 -0.000566
-0.001970 0.007152 -0.002113
0.017180 -0.010305 0.003412
-0.007178 0.010330 0.002325
-0.004748 -0.001384 0.000028
0.012108 -0.004242 -0.000370
-0.004142 -0.006300 0.005570
0.009661 -0.015101 0.006996
-0.013807 -0.010921 -0.002668
-0.005174 -0.000149 -0.000152
0.007519 0.007401 -0.002571
-0.009337 0.010944 0.008244
0.006579 0.023440 -0.003479
0.000297 -0.002818 0.006885
0.001481 0.003765 -0.008036
-0.007985 -0.002415 -0.001084
0.003077 0.005815 -0.004822
0.000403 0.007548 -0.002289
0.017857 -0.014063 -0.001884
-0.010990 0.012730 0.006809
-0.002884 0.000531 -0.005724
0.011778 -0.006196 0.000160
-0.001948 -0.005563 0.004392
0.010105 -0.007987 0.002457
-0.016925 -0.011959 0.002615
0.002044 0.004850 -0.001072
0.007859 0.008897 -0.002017
-0.013029 0.014795 0.007630
0.006974 0.023196 -0.002035
-0.004823 -0.001787 0.001221
0.001841 0.004357 -0.007614
-0.008106 -0.001718 -0.001095
0.006879 0.028346 -0.592857
-0.000858 0.007485 -0.001688
0.021741 -0.013930 0.002784
0.006105 -0.001984 0.007136
-0.003130 0.002901 0.001116
0.011156 -0.005681 0.000867
0.061276 0.034978 0.076359
0.010602 -0.010504 0.001761
-0.017700 -0.009619 0.001545
-0.000230 0.003343 -0.004992
0.007850 0.008081 -0.001921
-0.010049 0.010145 0.002399
0.006625 0.023398 -0.002286
0.000086 -0.002384 -0.001299
0.001432 0.007345 -0.009917
-0.008837 -0.002242 -0.000030
0.001714 0.005104 -0.000046
-0.000915 0.008059 -0.001917
0.016675 -0.015838 0.002390
-0.008554 0.010272 0.002724
-0.004655 -0.000236 -0.004952
0.012659 -0.006337 0.000202
-0.003225 -0.005648 0.005194
0.010024 -0.008504 0.001713
-0.015789 -0.012348 0.001627
