-0.000726 0.011381 0.012831
-0.007847 0.002544 0.000350
-0.001132 0.018982 -0.000195
0.012585 0.007797 -0.002199
-0.001530 0.017801 -0.002313
-0.009490 0.001944 -0.002169
-0.003240 -0.000800 0.004849
-0.000362 -0.016046 -0.002318
-0.003395 -0.011930 -0.001397
-0.011158 -0.005111 -0.001781
0.011162 -0.006294 -0.000521
-0.009491 -0.005861 -0.002637
0.005540 -0.009239 0.003804
0.003220 -0.019540 -0.001043
-0.003946 0.000332 0.001192
0.013391 -0.010838 0.003675
-0.001625 0.011204 0.012634
-0.005119 -0.000247 -0.003223
-0.002146 0.018689 0.000983
0.010834 0.008714 -0.003420
-0.000003 0.017246 -0.002009
-0.009841 -0.000484 -0.003263
-0.000627 0.001471 0.009031
-0.000241 -0.015382 -0.000467
-0.003708 -0.012230 -0.008058
-0.010822 -0.005435 -0.002577
0.011189 -0.006823 -0.000253
-0.009564 -0.005997 -0.001839
0.004406 -0.007661 0.003831
0.003936 -0.020338 -0.000557
-0.007241 -0.002990 -0.002924
0.013803 -0.011348 0.003046
0.000436 0.011408 0.012230
-0.026080 0.010566 -0.002096
-0.002370 0.019816 -0.000406
0.011478 0.007824 -0.003979
0.001019 0.020058 -0.005946
-0.009367 0.001598 -0.001591
0.003217 0.001071 0.004271
-0.000294 -0.015988 -0.002694
-0.003273 -0.010961 -0.002439
-0.011159 -0.005134 -0.001206
0.011241 -0.006262 0.000416
-0.009541 -0.005955 -0.003432
0.004029 -0.007461 0.004955
0.002686 -0.018585 -0.001172
-0.000133 0.003195 -0.003920
0.013675 -0.011558 0.003297
-0.000764 0.009849 0.011491
-0.008797 0.002331 -0.000009
-0.001378 0.019415 -0.000635
-0.077166 -0.039941 -0.110542
-0.000972 0.016043 -0.006822
-0.009686 0.000098 -0.002038
-0.000289 0.002704 0.004614
-0.000039 -0.015814 -0.002477
-0.003261 -0.011885 -0.000151
-0.008445 -0.003424 -0.001334
0.011323 -0.006606 0.000638
-0.009770 -0.005738 -0.003807
0.003806 -0.009749 0.000222
0.002556 -0.020241 -0.000178
-0.003571 -0.000542 0.002184
0.014006 -0.011867 -0.001174
-0.000033 0.011337 0.011897
-0.009235 0.001124 -0.000532
-0.002347 0.019518 0.001031
0.012384 0.008272 -0.004875
-0.004927 0.018468 -0.005817
-0.008870 0.000419 -0.002635
-0.001519 0.002158 0.007837
0.000186 -0.015518 -0.002366
-0.003092 -0.011034 -0.001179
-0.011505 -0.005144 -0.001964
0.011344 -0.006906 0.000978
-0.009989 -0.006597 -0.001976
0.003492 -0.006122 0.003530
0.003459 -0.018940 -0.000579
-0.003518 0.000202 0.001076
0.013795 -0.011284 0.004069
0.000089 0.006864 0.010304
-0.011103 0.002221 0.003944
-0.000678 0.020666 0.000216
0.011871 0.007471 -0.003219
-0.002652 0.017225 -0.006099
0.068718 -0.047189 -0.098795
-0.002403 0.003462 0.004405
0.005173 -0.017227 -0.009430
-0.005422 -0.010476 -0.001286
-0.011202 -0.004915 -0.005523
0.010963 -0.006629 -0.019591
-0.010368 -0.005396 -0.002888
0.005564 -0.007612 0.003664
0.002908 -0.019911 0.004016
-0.004030 0.001659 0.000642
0.014417 -0.011330 0.003523
-0.000887 0.030094 0.008804
-0.012233 0.000108 0.001214
0.076942 0.061576 -0.092661
0.012634 0.009725 -0.002245
-0.001220 0.014375 -0.006860
-0.007853 -0.000437 -0.002049
-0.000880 0.003557 0.003895
-0.004961 -0.014175 -0.010132
-0.001370 -0.013093 -0.001069
-0.011513 -0.004745 -0.006189
0.011656 -0.007316 -0.020521
-0.008273 -0.006272 -0.002100
0.002984 -0.007865 0.003506
-0.002555 -0.014925 0.644733
-0.003471 0.000776 0.002697
0.013641 -0.011464 0.003252
-0.001828 0.011933 0.012336
-0.009484 0.001234 0.000142
-0.001755 0.017538 0.001046
0.010783 0.005884 -0.003038
-0.000112 0.016063 -0.006072
-0.009284 0.001045 -0.003525
-0.000396 0.003892 0.004136
0.000071 -0.015777 -0.001658
-0.003934 -0.011039 -0.001261
-0.013808 -0.006300 -0.001705
0.011283 -0.006710 0.000521
-0.009342 -0.005665 -0.001422
0.004288 -0.006986 -0.003382
0.003720 -0.018473 -0.000572
-0.004012 0.001371 0.001844
0.015785 -0.010873 0.002314
-0.000104 0.002877 -0.004764
0.007538 0.009004 -0.002213
-0.009944 0.010575 0.002737
0.006166 0.022768 -0.002271
0.000089 -0.003040 -0.000397
0.001726 0.004591 -0.009919
-0.007950 -0.002095 -0.000574
0.001675 0.005956 -0.000513
0.001084 0.008056 -0.002397
0.018384 -0.011799 0.003993
-0.009057 0.010038 0.001924
-0.006172 -0.000747 0.000174
0.011826 -0.005609 0.001561
-0.002564 -0.005745 0.004580
0.009197 -0.006208 0.001768
-0.015858 -0.011088 0.002180
-0.000235 0.004788 -0.005298
0.004737 0.087885 -0.076112
-0.009947 0.011524 0.002139
0.007129 0.025643 0.004153
0.000065 -0.002672 -0.001233
0.000895 0.002998 -0.010032
-0.011126 -0.001135 -0.003829
0.002553 0.005293 -0.000343
-0.000233 0.005584 0.003417
0.017945 -0.011524 0.002552
-0.008605 0.010839 0.000217
-0.005016 -0.001189 -0.000352
0.013353 -0.001057 -0.006666
-0.003009 -0.005662 0.005294
0.009820 -0.009634 0.003029
-0.016564 -0.011383 -0.003601
-0.000419 0.003627 -0.005848
0.006973 0.009861 -0.002657
-0.009493 0.010218 0.002778
0.010839 0.025745 -0.001552
0.000172 -0.003876 -0.000753
0.001004 0.005269 -0.009465
0.007417 -0.009028 -0.002669
0.003958 0.005323 -0.000483
-0.003966 0.004813 -0.001730
0.018389 -0.011440 0.004092
-0.008343 0.009253 0.000132
-0.005539 -0.000895 0.000406
0.009524 -0.009193 -0.005242
-0.003295 -0.004910 0.005004
0.010669 -0.009298 0.001445
-0.015646 -0.012205 -0.003254
0.004072 0.001162 -0.005107
0.007060 0.009317 -0.001754
-0.009248 0.011210 0.002733
0.007249 0.023683 -0.001949
-0.004498 -0.001755 -0.000634
0.003551 -0.013502 -0.012791
-0.008847 -0.003505 -0.000153
0.002365 0.004982 0.000592
-0.001556 0.008302 -0.002294
0.017924 -0.011634 0.004854
-0.007855 0.010042 0.000973
-0.005800 -0.001180 -0.001956
0.011372 -0.004496 0.000693
-0.003371 -0.005379 0.004104
0.010095 -0.009529 0.001215
-0.016733 -0.011819 0.002259
-0.000053 0.003903 -0.005689
0.006870 0.007907 -0.002288
-0.009914 0.010398 0.001768
0.005839 0.022939 -0.001857
-0.000699 -0.002265 -0.000478
-0.000498 0.003726 -0.010070
-0.009488 -0.003066 0.000427
0.003751 0.005639 0.000501
0.000032 0.008391 -0.003096
0.017504 -0.011867 0.003757
-0.007924 0.010131 0.001853
-0.004003 -0.001523 0.000195
0.011524 -0.005723 0.000538
-0.004221 -0.005285 0.004754
0.010864 -0.013110 0.002275
-0.017020 -0.012742 0.002138
0.016545 0.012904 -0.008262
0.006918 0.008131 -0.001858
-0.011067 0.011421 0.002163
0.004899 0.023802 0.003696
0.001722 -0.000807 -0.006402
0.001519 0.005348 -0.010279
-0.004027 -0.001068 0.000646
0.003775 0.004327 -0.000238
0.000601 0.002741 -0.002672
0.012472 -0.013622 -0.002691
-0.002820 0.007152 -0.002231
-0.005163 -0.002364 0.000007
0.012221 -0.005341 -0.000081
-0.005119 0.000561 -0.002936
0.010283 -0.008413 0.001556
-0.017320 -0.011969 0.002690
-0.001966 0.002710 -0.011841
0.008655 0.007916 -0.002863
-0.073083 0.050617 -0.066581
0.006956 0.028232 -0.001756
-0.016023 -0.013781 -0.003213
0.003081 0.003853 -0.009881
-0.007120 -0.003068 0.004370
0.003392 -0.064893 -0.064312
0.001229 0.007817 0.003267
0.022398 -0.010465 -0.001612
-0.012633 0.011295 -0.004589
-0.004690 -0.000321 0.000585
0.011357 -0.005944 0.002010
-0.003098 -0.010627 -0.002550
0.010634 -0.011009 0.002104
-0.016388 -0.012495 0.002853
0.001663 0.004149 -0.000091
0.007345 0.008172 -0.003630
-0.009890 0.010554 0.001192
0.006888 0.023125 -0.001934
-0.001315 -0.003664 0.005068
0.000610 0.007654 -0.013650
-0.007695 -0.001622 -0.000038
0.003829 0.005749 -0.000627
-0.000403 0.007422 -0.001960
0.018291 -0.011761 0.003329
-0.008637 0.010442 0.000576
-0.005158 -0.001006 -0.006245
0.011785 -0.006411 0.000450
-0.002972 -0.006130 0.006725
0.009816 -0.009553 0.001497
-0.016695 -0.011875 0.001629
