2176.0000 0.05 1
1.11111
4.44444
11.1111
2.22222
11.1111
4.44444
13.3333
11.1111
20
11.1111
6.66667
11.1111
24.4444
23.3333
17.7778
23.3333
26.6667
18.8889
13.3333
32.2222
18.8889
8.88889
4.44444
10
14.4444
16.6667
34.4444
40
23.3333
40
11.1111
26.6667
17.7778
33.3333
22.2222
32.2222
31.1111
23.3333
40
24.4444
32.2222
46.6667
36.6667
47.7778
70
55.5556
56.6667
41.1111
80
108.889
93.3333
126.667
127.778
136.667
148.889
148.889
161.111
190
187.778
204.444
216.667
267.778
192.222
230
234.444
286.667
240
276.667
253.333
263.333
288.889
303.333
315.556
340
316.667
350
284.444
347.778
306.667
306.667
294.444
302.222
291.111
282.222
310
271.111
253.333
283.333
292.222
297.778
314.444
314.444
323.333
310
335.556
318.889
313.333
296.667
290
301.111
303.333
290
332.222
357.778
318.889
358.889
373.333
361.111
351.111
352.222
338.889
293.333
255.556
213.333
180
157.778
191.111
238.889
264.444
331.111
353.333
395.556
420
395.556
430
411.111
452.222
400
380
356.667
346.667
371.111
345.556
396.667
383.333
376.667
385.556
430
402.222
456.667
410
408.889
408.889
356.667
357.778
378.889
366.667
374.444
435.556
420
410
434.444
405.556
338.889
352.222
322.222
351.111
310
333.333
255.556
286.667
255.556
274.444
260
240
224.444
274.444
211.111
244.444
216.667
234.444
256.667
221.111
246.667
232.222
214.444
208.889
225.556
178.889
205.556
174.444
197.778
175.556
175.556
255.556
233.333
236.667
210
216.667
168.889
176.667
196.667
262.222
236.667
222.222
272.222
244.444
225.556
262.222
345.556
340
320
303.333
332.222
305.556
335.556
378.889
408.889
434.444
425.556
445.556
434.444
508.889
473.333
502.222
468.889
428.889
345.556
320
221.111
127.778
14.4444
1.11111
0
0
0
0
0
0
0
0
0
0
0
0
0
0
0
0
0
0
0
0
0
0
2.22222
2.22222
0
2.22222
2.22222
4.44444
0
6.66667
2.22222
5.55556
0
0
4.44444
2.22222
4.44444
6.66667
0
2.22222
4.44444
1.11111
0
2.22222
0
0
2.22222
2.22222
0
