-0.000725 0.011423 0.011488
-0.009653 0.001153 0.000454
-0.000261 0.018184 0.000264
0.012057 0.008173 -0.002977
-0.002821 0.015010 -0.007184
-0.008555 0.000879 -0.001685
0.000020 0.000952 0.009480
-0.000156 -0.015930 -0.002811
-0.003332 -0.011673 -0.000014
-0.012131 -0.004923 -0.002282
0.010993 -0.005986 0.000683
-0.009895 -0.006053 -0.003887
0.004549 -0.007632 0.003172
0.003552 -0.019543 -0.000047
-0.003563 0.000953 0.002273
0.013873 -0.011423 0.002519
-0.000939 0.011460 0.011876
-0.009095 0.001577 0.001154
-0.000734 0.018155 0.000061
0.010438 0.008105 -0.004254
-0.001116 0.018198 -0.000531
-0.009910 0.000518 -0.002823
0.001409 0.003816 0.004248
-0.000167 -0.015763 -0.001728
-0.003708 -0.011609 -0.000886
-0.008723 -0.006552 -0.002057
0.011264 -0.006601 -0.000025
-0.010106 -0.006698 -0.003096
0.003696 -0.007748 0.003876
0.003481 -0.019775 0.000499
-0.004102 0.000256 0.003218
0.014409 -0.011979 0.002782
-0.000859 0.012147 0.011416
-0.008507 0.001960 0.000056
-0.001699 0.020059 0.001145
0.009522 0.008721 -0.003373
0.001268 0.019094 -0.005705
-0.008477 0.000436 -0.003023
0.000308 0.003626 0.003991
-0.000291 -0.015739 -0.001695
-0.003141 -0.011523 -0.000598
-0.013434 -0.003503 -0.001811
0.011037 -0.005974 -0.001232
-0.009548 -0.005901 -0.003210
0.005222 -0.007919 0.004258
0.002335 -0.019213 0.000266
-0.003830 0.000781 0.001109
0.013014 -0.010246 0.002563
0.001384 0.012374 0.016658
-0.009222 -0.003587 -0.001951
0.000936 0.019975 0.004664
0.011599 0.006085 0.003246
-0.000766 0.017012 -0.006402
-0.078612 -0.039480 -0.097677
0.000920 -0.000822 0.003698
-0.004534 -0.019081 -0.009580
0.001532 -0.014907 -0.008741
-0.011139 -0.004883 -0.006215
0.004347 -0.008735 -0.005546
-0.004557 -0.006745 -0.007117
0.003846 -0.008438 0.003625
0.003683 -0.019926 -0.004703
-0.003636 0.000004 0.001041
0.013274 -0.011518 0.002554
-0.000015 0.011005 0.012618
-0.006998 0.001424 0.000993
-0.000845 0.019380 -0.000067
0.011117 0.008435 -0.002907
-0.002688 0.015423 -0.006574
-0.008010 0.000785 -0.003720
-0.003702 0.000639 0.004847
-0.000016 -0.015609 -0.002146
-0.003291 -0.011492 -0.001707
-0.010922 -0.005490 -0.000389
0.011546 -0.006999 0.000402
-0.009742 -0.007020 -0.004114
0.003837 -0.007369 0.004201
0.003316 -0.019444 -0.000306
-0.003984 0.000590 0.003289
0.014080 -0.010981 0.003033
-0.004150 0.009151 0.006256
-0.008218 0.000529 0.000305
-0.001471 0.021406 0.005707
0.009786 0.002659 -0.002455
-0.004237 0.016178 -0.001363
-0.010293 -0.000439 -0.003988
-0.001042 0.003451 0.004291
-0.000050 -0.015651 -0.000634
-0.003847 -0.011775 -0.001036
-0.011133 -0.005730 -0.002415
0.011208 -0.006776 -0.000384
-0.009317 -0.005699 -0.004872
0.004878 -0.009465 0.004638
0.003700 -0.018567 -0.000107
-0.004526 0.001000 0.003038
0.013517 -0.011906 0.006169
0.017791 0.020908 0.007904
-0.009877 0.001400 0.000929
-0.004418 0.021610 0.001092
0.010000 0.007269 0.001331
-0.003829 0.020412 -0.006521
-0.008111 0.002535 -0.001614
0.000260 0.003743 0.004499
0.000306 -0.016132 -0.003187
-0.003371 -0.011525 0.000446
-0.011257 -0.004573 -0.002522
0.011177 -0.007370 -0.001296
-0.008837 -0.004626 -0.002348
0.003414 -0.006913 -0.003182
0.003240 -0.020197 -0.000121
-0.002944 -0.000071 0.002663
0.021357 -0.008838 0.626033
0.003411 0.009228 0.013400
-0.008941 0.022357 -0.002903
-0.000122 0.023830 0.000788
0.014715 0.003244 -0.002388
-0.000888 0.015456 -0.005673
-0.010202 -0.000186 -0.001218
0.002430 0.002744 0.009243
0.004230 -0.013556 -0.010184
-0.007898 -0.009262 -0.007276
-0.011428 -0.004479 -0.004530
0.016926 -0.005539 -0.007281
-0.014465 -0.005023 -0.009090
0.004070 -0.007226 0.003606
0.001051 -0.019309 -0.001454
-0.003574 0.000906 0.002916
0.014613 -0.010936 0.003196
-0.000146 0.002901 -0.006162
-0.011376 0.017611 -0.006244
-0.010528 0.010363 0.002182
0.007432 0.023937 -0.002036
-0.001037 -0.002641 0.000096
0.001406 0.004708 -0.011003
-0.007955 -0.001481 0.000645
0.003440 0.005795 -0.000497
-0.000400 0.007285 -0.002955
0.018052 -0.011110 0.003214
-0.008908 0.010087 0.001753
-0.004800 -0.001573 0.000872
0.012600 -0.007257 -0.000519
-0.003002 -0.005891 0.004302
0.010265 -0.009432 0.002673
-0.016594 -0.011894 0.001866
0.001327 0.002646 -0.005290
0.006994 0.008178 -0.002959
-0.010225 0.011123 0.001800
0.007719 0.023138 -0.001558
-0.001974 -0.001435 -0.000589
0.001577 0.003994 -0.010137
-0.008512 -0.003472 0.000398
0.004812 0.004447 0.005722
-0.001727 0.009187 -0.002227
0.018558 -0.011941 0.002168
-0.008399 0.010501 0.001444
-0.004493 -0.001249 0.000012
0.011708 -0.005647 0.000054
-0.003527 -0.005418 0.005756
0.009145 -0.008797 0.002998
-0.016434 -0.008336 0.001142
-0.000188 0.003238 -0.003765
0.007927 0.009681 -0.002515
-0.011088 0.010602 0.002694
0.007450 0.023360 -0.001862
0.000835 -0.002845 0.000512
0.000597 0.004658 -0.009891
-0.008535 -0.001101 0.000801
0.007239 0.006521 -0.000521
-0.000433 0.007502 -0.002593
0.017458 -0.011243 0.003178
-0.008409 0.010314 0.002055
-0.005896 -0.000847 0.000311
0.011425 -0.005314 0.001404
-0.003072 -0.005374 0.003758
0.010529 -0.010323 0.003691
-0.016679 -0.015490 0.001464
0.001946 0.080551 -0.079363
0.003188 0.007005 -0.002755
-0.008864 0.011529 0.002742
0.006092 0.024517 -0.002126
-0.000040 -0.005003 0.000521
0.003756 0.005440 -0.016475
-0.009354 -0.022421 -0.002873
-0.000131 0.007188 -0.005225
0.076512 -0.034637 -0.092633
0.019998 -0.010267 0.002988
-0.006889 0.010839 -0.019850
-0.006544 0.003447 -0.007127
0.012020 -0.006016 -0.004763
-0.001165 0.000530 -0.003069
0.010622 -0.009860 0.003560
-0.016777 -0.010603 0.000823
-0.000342 0.004257 -0.004403
0.010675 0.007624 -0.009068
-0.010397 0.011241 0.001408
0.007475 0.022290 -0.001251
0.000420 -0.003077 -0.000904
0.002344 0.002152 -0.010105
-0.010631 -0.002363 0.000999
0.002538 0.003744 -0.000620
-0.001616 0.009986 -0.001650
0.017674 -0.011947 0.003075
-0.008654 0.010287 0.001902
-0.005179 -0.000213 0.000611
0.010640 -0.004738 -0.000352
-0.004056 -0.004957 0.004560
0.010048 -0.009804 0.002749
-0.016311 -0.012061 0.000804
-0.000276 0.003857 -0.004553
0.006382 0.008270 -0.002895
-0.009819 0.011062 0.001333
0.007746 0.023530 -0.000845
0.000666 -0.003249 0.000695
-0.003473 0.005436 -0.009517
-0.008441 -0.001484 0.000162
0.003492 0.005284 -0.001221
-0.000452 0.007761 -0.001796
0.018611 -0.011676 -0.001150
-0.008339 0.010057 0.002594
-0.005459 -0.000604 -0.000736
0.012991 -0.005228 -0.000280
-0.003147 -0.005430 0.006098
0.010445 -0.009349 -0.001246
-0.016820 -0.011833 0.000808
-0.000583 0.003187 -0.005357
0.007438 0.009975 -0.002523
-0.010545 0.009333 0.002976
0.006707 0.023345 -0.003641
0.000748 -0.002631 -0.000872
0.000075 0.003461 -0.004760
-0.006255 -0.002486 0.001119
0.002372 0.004660 -0.000277
-0.001165 0.007452 -0.004012
0.017791 -0.011555 -0.001420
-0.008907 0.010274 0.001872
-0.004950 -0.001616 0.003267
0.010438 -0.005578 -0.000151
-0.003389 -0.005528 0.005048
0.008857 -0.010141 -0.002191
-0.017651 -0.011702 -0.000208
0.000294 0.005088 -0.004713
0.004852 0.009283 0.003040
0.046816 0.045020 -0.067081
-0.060365 0.062086 -0.078873
-0.001048 -0.069769 -0.063714
-0.015792 -0.004191 -0.014273
-0.007594 0.001563 -0.003836
0.021982 -0.004801 -0.004265
0.000032 0.006725 -0.002868
0.015519 -0.013688 0.002233
-0.009237 0.009751 -0.019251
-0.003446 -0.005158 -0.005089
0.011693 -0.005133 -0.006553
-0.003964 -0.011392 -0.002729
0.009599 -0.009903 0.003406
-0.016925 -0.013242 0.001137
