2176.0000 0.05 1
1.11111
4.44444
11.1111
2.22222
11.1111
4.44444
13.3333
11.1111
20
11.1111
6.66667
11.1111
24.4444
23.3333
17.7778
23.3333
26.6667
18.8889
13.3333
34.4444
16.6667
11.1111
2.22222
10
14.4444
16.6667
34.4444
40
23.3333
40
11.1111
26.6667
17.7778
31.1111
24.4444
32.2222
26.6667
27.7778
40
24.4444
32.2222
46.6667
36.6667
47.7778
70
55.5556
56.6667
41.1111
80
106.667
95.5556
126.667
127.778
134.444
153.333
144.444
161.111
192.222
190
202.222
214.444
270
192.222
230
232.222
288.889
237.778
276.667
255.556
263.333
285.556
304.444
317.778
335.556
321.111
350
284.444
347.778
303.333
312.222
294.444
295.556
295.556
280
312.222
273.333
251.111
283.333
292.222
297.778
314.444
314.444
323.333
307.778
340
314.444
317.778
294.444
292.222
298.889
303.333
287.778
332.222
355.556
322.222
357.778
375.556
356.667
353.333
354.444
338.889
291.111
253.333
215.556
180
160
188.889
241.111
266.667
328.889
353.333
392.222
421.111
397.778
426.667
414.444
452.222
400
380
356.667
342.222
375.556
343.333
398.889
383.333
371.111
391.111
425.556
406.667
456.667
410
404.444
413.333
354.444
357.778
381.111
364.444
378.889
433.333
415.556
412.222
436.667
398.889
341.111
356.667
320
351.111
313.333
325.556
262.222
283.333
256.667
270
264.444
242.222
224.444
276.667
208.889
245.556
215.556
230
261.111
218.889
246.667
234.444
214.444
206.667
225.556
178.889
205.556
176.667
195.556
177.778
175.556
255.556
231.111
233.333
213.333
218.889
168.889
176.667
196.667
262.222
236.667
224.444
267.778
241.111
224.444
266.667
347.778
337.778
322.222
303.333
330
307.778
331.111
382.222
410
434.444
425.556
445.556
436.667
508.889
482.222
530
494.444
468.889
385.556
298.889
190
54.4444
1.11111
0
0
0
0
0
0
0
0
0
0
0
0
0
0
0
0
0
0
0
0
0
0
0
4.44444
4.44444
0
6.66667
0
0
1.11111
4.44444
0
2.22222
2.22222
6.66667
0
2.22222
0
4.44444
4.44444
0
0
4.44444
0
1.11111
0
2.22222
0
2.22222
0
2.22222
0
