0.002374 0.015086 0.012519
-0.011915 0.004914 0.000869
-0.000461 0.018081 0.001558
0.011976 0.008278 -0.002289
-0.002069 0.014064 -0.006048
-0.008570 0.002223 -0.001484
-0.000061 0.003848 0.004461
0.000226 -0.017932 -0.003134
-0.003452 -0.011938 -0.002074
-0.011422 -0.004596 -0.001519
0.010723 -0.006527 -0.000319
-0.009489 -0.005886 -0.003039
0.003875 -0.007857 0.002656
0.003366 -0.019550 -0.001271
-0.003246 0.000610 0.007027
0.015680 -0.012308 0.002806
-0.000753 0.010660 0.012579
-0.007373 0.001646 -0.004094
-0.001796 0.019015 0.001479
0.011061 0.008651 -0.002283
-0.000389 0.015980 -0.005201
-0.010306 -0.000598 -0.002941
-0.000207 0.005946 0.004892
0.000028 -0.015303 -0.001744
-0.003753 -0.011618 0.002477
-0.011905 -0.003962 -0.002252
0.011446 -0.006695 0.000675
-0.010253 -0.006127 0.000879
0.004492 -0.007423 0.001404
0.002318 -0.019339 -0.000573
-0.006476 -0.001071 0.001332
0.014350 -0.011804 0.001302
-0.001283 0.010647 0.012394
-0.009556 0.005011 0.000355
-0.001996 0.019704 0.000270
0.010204 0.010803 -0.003086
-0.001974 0.015341 -0.006183
-0.008089 0.000311 -0.002866
0.001410 0.086838 0.103711
0.000281 -0.015251 -0.001008
-0.002540 -0.011765 0.001313
-0.010657 -0.006058 -0.001497
0.010946 -0.006495 -0.000178
-0.008534 -0.007190 -0.003410
0.003974 -0.007995 0.004706
0.004197 -0.019531 -0.000863
-0.001518 0.002435 0.002146
0.013346 -0.011255 0.003264
-0.002811 0.011637 0.006777
-0.008869 0.001493 0.000928
0.001623 0.021204 0.005161
0.016265 0.006106 -0.002711
-0.002707 0.016247 -0.005934
-0.008707 -0.000076 -0.001784
-0.000825 0.003545 0.005142
0.000153 -0.015627 -0.001689
-0.003612 -0.011583 -0.001523
-0.010724 -0.004764 -0.001976
0.011115 -0.006214 -0.001760
-0.009107 -0.005269 -0.003633
0.004690 -0.008338 0.003724
0.001961 -0.019291 -0.001186
-0.003615 0.000773 0.002343
0.014335 -0.011325 0.007164
-0.000549 0.012908 0.007814
-0.009028 0.002368 -0.004506
-0.001060 0.018120 0.001365
0.012470 0.008177 -0.003349
-0.003945 -0.055992 0.068131
-0.008909 -0.000231 -0.002679
-0.001142 0.003410 0.004725
-0.000320 -0.013629 -0.002582
-0.003546 -0.011182 -0.002430
-0.011223 -0.005237 -0.002181
0.011093 -0.006439 -0.000652
-0.009613 -0.006458 -0.003421
0.004588 -0.007253 0.002705
0.003543 -0.019198 0.000089
-0.005081 -0.000641 0.001195
0.012096 -0.010231 0.003123
-0.000995 0.010589 0.012232
-0.008614 0.000997 0.000302
-0.003639 0.017909 -0.002955
0.008961 0.005959 0.002402
-0.001576 0.016192 -0.005052
-0.009878 0.020759 -0.000392
-0.000963 0.004020 0.004766
0.000163 -0.017640 -0.002874
-0.002930 -0.011859 -0.002761
-0.011448 -0.004873 -0.004670
0.015472 -0.002975 0.006927
-0.006673 -0.008200 -0.003445
0.005471 -0.008105 0.002522
0.002939 -0.019041 0.002824
-0.003343 0.000771 0.001706
0.015143 -0.011551 0.003384
0.000729 0.011340 0.011986
-0.009185 0.001450 0.000209
-0.006207 0.020995 0.000880
0.028687 0.018617 -0.000588
-0.001926 0.014637 -0.006696
-0.009476 -0.004190 0.003568
0.001042 0.002557 0.003972
-0.000258 -0.013801 -0.002690
-0.004180 -0.011531 -0.002468
-0.010035 -0.008305 -0.606996
0.006567 -0.009767 0.007108
-0.011111 -0.003635 -0.002926
0.003825 -0.007173 0.002988
0.003444 -0.017800 0.003616
-0.003775 0.000347 0.002572
0.012628 -0.011753 0.003575
-0.001419 0.014781 0.011927
-0.007502 0.000826 0.000322
-0.018030 0.009058 0.003118
0.014355 0.009465 -0.006895
-0.000737 0.016346 -0.006284
-0.009317 0.000314 -0.002374
0.000099 0.003410 0.004732
-0.000291 -0.015734 -0.000578
-0.003421 -0.011141 -0.001898
-0.011498 -0.005492 -0.001890
0.011220 -0.006109 0.000180
-0.009281 -0.006445 -0.003508
0.003996 -0.007258 0.001783
0.004266 -0.019071 -0.001046
-0.004288 0.000234 0.001116
0.013034 -0.009818 0.005765
0.000584 0.002131 -0.005287
0.007819 0.009032 -0.001361
-0.010121 0.010739 0.001813
0.006254 0.021266 -0.001570
-0.000718 -0.002387 0.000025
0.002509 0.005075 -0.009365
-0.007993 -0.004152 -0.003784
0.003321 0.005576 0.000253
-0.001256 0.007882 -0.001280
0.018511 -0.011960 0.001767
-0.008105 0.009743 0.002116
-0.004615 -0.000176 -0.000131
0.011916 -0.005710 0.000200
-0.003588 -0.005398 0.005074
0.010457 -0.003711 0.007209
-0.018221 -0.006794 0.004870
0.000071 0.003550 -0.004503
0.065375 0.045244 0.064556
-0.010053 0.010886 0.002085
0.005663 0.024470 0.005735
-0.000677 -0.002367 0.000026
0.001756 0.002141 -0.015204
-0.010147 -0.002744 -0.003718
0.003226 0.006028 -0.000017
0.001349 0.005828 0.005103
0.018051 -0.011295 0.002942
-0.008350 0.009968 0.001170
-0.004788 -0.001638 0.000334
0.016443 -0.004025 0.005797
-0.003787 -0.004736 0.004529
0.010148 -0.009991 0.001529
-0.017045 -0.011532 -0.001346
0.000441 0.001847 -0.005436
0.009230 0.008932 -0.002471
-0.011975 0.010254 0.001863
0.025828 0.013167 0.001934
-0.001013 -0.001199 -0.000701
-0.001234 0.000480 -0.009821
-0.008234 -0.006310 0.001180
0.003017 0.005027 0.000848
-0.018986 0.018387 0.001112
0.018231 -0.011203 0.002122
-0.008665 0.009771 0.001927
-0.005012 -0.000686 0.000494
0.007208 -0.007902 0.005779
-0.004021 -0.005122 0.004852
0.010295 -0.010314 0.000434
-0.016379 -0.011982 0.001095
-0.000068 0.003485 -0.005445
0.006311 0.008314 -0.001286
-0.010339 0.010959 0.002834
0.006802 0.021566 -0.001667
-0.001331 -0.002629 -0.000997
0.000668 0.004064 -0.009757
-0.008437 -0.002192 0.001361
0.002150 0.005164 0.000981
-0.000129 0.009060 -0.001650
0.018083 -0.011439 0.007260
-0.008680 0.009762 0.001909
-0.004579 -0.000438 0.001499
0.011122 -0.004844 0.000263
-0.003877 -0.004990 0.003533
0.010345 -0.009615 0.000882
-0.017018 -0.011910 0.001670
-0.000545 0.003674 -0.004279
0.006974 0.007151 -0.002504
-0.010882 0.010007 0.003006
0.007959 0.022920 -0.000931
-0.000667 -0.002554 -0.000418
0.001516 0.004221 -0.009659
-0.005018 -0.004830 -0.000091
0.003929 0.005114 -0.000448
0.000131 0.008101 -0.001490
0.018088 -0.011193 0.001111
-0.008700 0.009356 0.001617
-0.004643 -0.000857 0.000097
0.011767 -0.006125 0.000982
-0.003839 -0.004964 0.004035
0.010066 -0.014140 0.006340
-0.014614 -0.015236 0.005092
-0.060960 0.039622 0.059933
0.006920 0.008651 -0.002034
-0.010083 0.014216 0.008468
0.008638 0.021781 -0.006156
0.000121 -0.003260 0.000420
0.004038 0.003778 -0.015048
-0.007375 -0.002481 0.000679
0.002012 0.004607 -0.000401
-0.004302 0.005568 -0.001678
0.017617 -0.011814 0.001570
-0.012584 0.011597 0.007699
-0.007695 0.003553 0.004713
0.011202 -0.005952 0.001406
-0.005016 -0.003756 0.024096
0.010482 -0.009150 0.002236
-0.017582 -0.010962 0.000698
-0.001347 0.003819 -0.003983
0.007059 0.007808 -0.002615
-0.010724 -0.008944 0.004505
0.011915 0.024958 -0.000741
0.073108 -0.044164 0.080634
0.003596 0.000347 -0.009955
-0.008825 -0.000839 0.000835
-0.067713 -0.037044 0.083178
-0.002257 0.008712 -0.006788
0.018529 -0.011379 0.001842
-0.004596 0.008147 0.007053
-0.002104 -0.004563 0.005262
0.011339 -0.005706 0.001995
-0.002698 -0.006111 0.026257
0.010163 -0.010613 0.001709
-0.015923 -0.012763 0.000659
0.000411 0.004041 -0.002984
0.007446 0.008074 -0.002804
-0.010146 0.010484 0.001994
0.008295 0.023089 -0.000992
-0.001007 -0.003115 0.001583
0.001545 0.005270 -0.009434
-0.008739 -0.001510 0.000997
0.003434 0.006493 -0.000430
-0.001972 0.007000 -0.001542
0.017261 -0.011664 0.009022
-0.008657 0.009785 0.000249
-0.004487 -0.000698 -0.000113
0.011517 -0.006140 0.000374
-0.003610 -0.005323 0.003998
0.010129 -0.009945 0.002651
-0.016462 -0.011891 0.000743
