0.010783 0.000666 0.000757
-0.005374 -0.001921 0.001249
-0.010283 0.024685 0.000441
-0.000573 0.003493 -0.003285
0.008947 -0.006826 -0.002566
-0.000886 -0.003287 -0.001710
-0.004713 -0.001033 -0.004766
-0.005057 0.005851 0.001594
-0.009928 0.000370 -0.007360
0.005212 -0.000835 -0.002585
-0.003226 -0.002374 0.004243
-0.006397 -0.004367 0.002799
-0.000742 -0.005374 0.010447
-0.002525 0.009556 0.003643
0.005511 0.000255 -0.005099
0.001369 -0.002645 0.000738
0.010958 0.002305 0.001553
-0.006110 0.026883 0.001329
0.010545 0.003795 0.000293
-0.001566 0.006243 0.000028
0.008679 0.018219 0.010763
-0.001162 0.022882 0.038117
-0.008891 0.006239 -0.000761
-0.005048 0.005624 0.000394
-0.010193 0.002795 -0.006458
0.006499 -0.001262 -0.002535
-0.003463 -0.002555 0.004230
-0.005265 -0.003187 0.002631
-0.001862 -0.004736 0.009322
-0.005511 0.001415 -0.000704
0.005680 0.000625 -0.003636
0.001692 -0.002058 0.000889
0.042400 0.022249 0.001338
-0.005384 -0.000628 0.001458
0.025746 0.019370 -0.000572
0.001560 0.000505 -0.003210
0.008516 0.002617 -0.002864
-0.000746 -0.003475 -0.000881
-0.005017 -0.003265 -0.004895
-0.005167 0.005844 0.001179
-0.006890 0.000190 -0.008369
0.005937 0.001301 -0.003696
-0.003401 -0.002472 0.003169
-0.050526 0.026707 0.002862
-0.002986 -0.005400 0.008443
-0.009741 0.010779 -0.005068
0.003641 0.030764 -0.050515
0.002516 -0.001791 0.000675
0.009612 0.002457 0.000994
-0.005297 -0.001721 0.001234
0.010321 0.004765 0.000124
0.002900 0.000142 -0.003429
0.008717 0.003241 -0.002961
-0.000889 -0.004373 -0.000826
-0.004839 -0.001663 -0.004770
-0.005057 0.005241 0.000958
-0.007959 0.001379 -0.007736
0.005449 -0.000530 -0.002442
-0.003104 -0.002511 0.003082
-0.005022 -0.002221 0.002416
-0.001301 -0.005431 0.009249
-0.006049 0.000119 0.000742
0.003735 0.006609 -0.010636
0.001239 -0.003128 0.001395
0.009869 0.001608 0.001058
-0.005956 0.029278 0.001031
0.010539 0.005036 0.000005
0.003712 -0.001804 -0.001802
0.008274 0.018229 -0.016293
-0.000778 -0.003902 -0.000098
0.000208 0.007506 -0.009366
-0.004705 0.011886 -0.005587
-0.008639 0.000211 -0.007878
0.003343 -0.001235 -0.001613
-0.003733 0.003102 0.009660
-0.005955 -0.002788 0.002136
-0.001503 -0.006666 0.009528
-0.005708 0.000783 -0.000717
0.004209 0.000810 -0.004690
0.001515 -0.001303 0.000877
0.010349 0.002241 0.001256
-0.005429 0.000675 0.001047
0.010474 0.003620 -0.000171
-0.001638 0.007231 -0.008086
0.009026 0.018032 -0.016964
-0.002132 -0.003523 -0.000546
-0.004004 -0.002222 -0.003656
-0.008807 0.031218 -0.035651
-0.008590 -0.000347 -0.007787
0.005188 -0.000723 -0.002637
-0.002130 0.025527 0.047666
-0.005533 -0.003319 0.002273
0.000176 -0.011109 0.009334
-0.005682 -0.000876 -0.000635
0.004075 0.001518 -0.005242
0.052917 0.036229 0.001402
0.009829 0.002123 0.001135
-0.005397 -0.000803 0.001098
0.011005 0.005016 -0.000168
0.003300 0.000014 -0.003194
0.008583 0.001614 -0.003007
-0.001152 -0.003722 -0.001594
-0.004785 -0.001250 -0.004836
-0.005150 0.005607 0.001554
-0.008850 0.000944 -0.007617
0.005391 -0.002438 -0.002750
-0.003312 -0.003011 0.003640
-0.006156 -0.002612 0.002971
-0.002222 -0.005549 0.009784
-0.005238 0.000441 -0.002091
0.005452 0.000632 -0.005283
0.002740 -0.001760 0.001335
0.009719 0.001598 0.001015
-0.005382 0.000349 0.001421
0.009338 0.004847 -0.000367
0.003634 -0.001901 -0.004572
0.008133 0.018788 0.011706
-0.001708 0.002678 0.004798
-0.005384 -0.002213 -0.006428
-0.004168 0.004390 0.000172
-0.008403 0.001412 -0.007935
0.005380 -0.000820 -0.002126
-0.004039 -0.004135 0.004586
-0.005712 -0.002744 0.002174
-0.001589 -0.008235 0.009522
-0.005832 0.001156 -0.000662
0.004399 0.001635 -0.004097
0.002204 -0.003504 0.000395
-0.012855 -0.000797 0.002988
0.005451 -0.004223 0.002991
-0.003064 0.000011 0.002768
-0.004407 0.003733 0.002785
-0.001930 0.004263 -0.001990
0.008096 -0.000593 -0.000981
0.004077 0.000216 -0.004790
0.005853 0.002850 0.000393
0.009736 0.003336 0.002014
-0.002369 -0.007950 -0.005234
0.000793 0.002694 0.005445
-0.020394 -0.005748 -0.004338
0.001037 0.002123 0.010513
0.017231 0.010230 -0.009916
0.021945 0.008889 -0.003959
-0.006254 0.003291 0.007799
-0.012607 -0.001536 0.001476
0.007277 0.002327 -0.002784
-0.002859 0.001302 0.002111
-0.003386 0.003364 0.002255
-0.002079 0.004047 -0.003013
0.010123 0.004627 -0.004442
0.004519 -0.007400 -0.004941
0.006931 0.005805 0.003570
0.009054 0.005343 0.002484
-0.004980 -0.000196 -0.010139
0.002110 0.001943 0.005229
-0.022730 -0.003327 -0.005180
0.002497 0.003772 0.011088
-0.000449 -0.007361 -0.009678
0.017864 -0.000497 0.000232
-0.006427 0.001217 0.008105
-0.013041 -0.002825 0.003045
0.008630 0.003088 -0.003574
-0.001694 0.005231 0.004208
-0.003338 0.003111 0.002456
0.000760 0.012148 0.002064
0.011629 0.004205 -0.000593
0.004268 -0.000363 -0.003934
0.003499 0.001365 -0.000604
0.009721 -0.001536 0.002020
-0.005323 -0.000120 -0.010331
0.003764 0.002415 0.005686
-0.026176 0.001707 -0.001101
-0.000861 0.009495 0.016347
-0.019286 0.011078 -0.008922
0.012777 0.009768 0.004559
-0.013312 -0.510117 0.006249
-0.012832 -0.001098 0.002676
0.004758 -0.002537 0.001316
-0.002442 0.002273 0.002598
-0.004395 0.003584 0.002007
-0.004004 0.006288 -0.001773
0.004944 -0.001766 -0.001342
0.004140 -0.000279 -0.004737
0.001983 -0.000512 -0.000485
0.009710 0.004390 0.001921
-0.000899 -0.005775 -0.005926
0.002396 0.003438 0.005315
-0.020496 -0.006217 -0.006351
0.002925 0.004376 0.010989
0.000065 -0.006186 -0.009804
0.017227 -0.000155 -0.001342
-0.006007 -0.009709 0.007641
-0.013175 -0.001512 0.004269
0.006515 -0.004964 0.002189
-0.002339 0.001293 0.002340
-0.003089 0.004356 0.002507
0.000707 0.013088 0.004456
0.004473 -0.003308 -0.002520
0.004027 -0.005516 -0.004372
0.001308 -0.002239 0.000922
0.010924 0.005653 0.000551
-0.002190 -0.008744 -0.004301
0.002297 0.003776 0.005435
-0.024930 -0.001867 -0.005658
0.002725 0.004877 0.011476
-0.000585 -0.006974 -0.009211
0.017707 0.001951 0.000284
-0.005698 0.000924 0.007297
-0.016422 0.006727 -0.000721
0.004176 -0.003715 0.002487
-0.002044 0.001238 0.002414
-0.027140 0.019169 0.002920
-0.003448 0.006060 -0.002188
0.010724 0.005722 0.003799
0.004656 -0.006954 -0.004156
0.007277 0.006220 -0.004789
0.009414 0.005031 0.002029
-0.000833 -0.006665 -0.005836
0.000683 0.005989 0.003734
-0.021973 -0.004657 -0.004968
-0.001568 0.009367 0.015491
-0.000225 -0.007009 -0.008964
0.018044 0.001611 0.000144
-0.005908 0.000870 0.007467
-0.012958 -0.000818 0.002709
0.004899 -0.003454 0.002064
-0.002602 -0.000399 0.002282
-0.003009 0.002694 0.001982
-0.004257 0.005421 -0.002627
0.004970 -0.001567 -0.000999
0.004453 -0.000552 -0.004409
0.002326 -0.000156 -0.000867
0.009564 0.006473 0.001876
-0.000689 -0.006900 -0.005551
0.002026 0.003261 0.005300
-0.026208 0.001515 -0.008929
0.002233 0.003882 0.010807
-0.001264 -0.006221 -0.009311
0.018102 0.000230 0.001177
-0.005844 0.002407 0.007642
-0.007730 0.008666 0.007534
0.004502 -0.002804 0.001233
-0.004246 0.001536 0.001946
-0.004640 0.002809 0.003184
-0.003400 0.005580 -0.002627
0.005056 -0.003264 0.000430
0.004114 -0.004507 -0.004546
0.001399 -0.001912 -0.001391
0.010599 0.005220 0.002677
-0.000602 -0.006158 -0.005786
0.002311 0.002288 0.005453
-0.021516 -0.004884 -0.005205
0.002082 0.002140 0.009612
0.000282 -0.006192 -0.010121
0.017634 0.001667 -0.000078
-0.006165 0.001108 0.007998
