560.0000 0.05 1
0.32
0
4.48
0
0
3.84
0
7.68
2.56
0
0
1.92
0
15.36
0
0
7.68
0
10.24
0
0
3.84
0
23.04
1.92
0
7.68
7.68
7.68
2.56
0
0
15.36
7.68
15.36
7.68
0
15.36
0
9.6
7.68
10.24
0
7.68
11.52
15.36
30.72
7.68
22.72
3.84
7.68
19.2
11.2
16.64
45.44
23.04
28.48
55.04
48
23.68
29.44
27.52
14.72
17.92
56.64
34.88
39.04
68.16
59.52
80
34.56
58.24
113.28
73.6
119.04
98.56
70.4
101.76
92.8
92.16
94.08
52.48
111.36
88.32
106.56
39.04
85.76
60.16
124.8
52.48
52.16
71.36
124.48
35.84
88.32
30.72
42.24
61.44
87.04
47.36
64
26.88
67.2
35.52
106.56
70.4
111.36
53.76
37.44
83.2
57.6
84.48
75.84
69.12
72.96
89.6
87.68
51.2
126.72
75.84
56.96
59.52
63.36
85.44
130.24
84.48
114.56
63.68
56.96
80
49.28
88.96
57.6
92.16
118.72
163.2
69.12
91.52
156.8
90.24
109.44
113.92
110.72
163.84
162.56
86.4
72.96
104.96
52.16
97.92
83.2
58.88
92.48
115.84
42.88
30.72
117.76
47.36
27.84
87.04
73.6
62.72
47.36
59.52
67.84
54.4
84.48
33.28
128.64
72.32
43.52
98.24
88.96
96.32
57.6
99.2
60.8
94.72
38.72
80
50.24
29.44
77.12
24.32
97.28
65.28
97.28
56.96
107.52
92.8
55.04
97.92
25.92
70.4
33.92
33.28
15.36
77.44
53.76
49.92
73.6
32
124.16
87.68
94.72
53.76
56.64
51.2
55.68
40.32
15.36
90.24
75.52
45.44
131.84
80.64
76.8
116.48
111.36
80.64
87.68
120.32
76.16
121.6
76.16
79.04
89.6
90.88
79.04
58.24
23.68
35.84
20.48
9.92
10.56
10.88
1.92
5.12
2.56
2.56
0
2.56
8.96
3.2
15.36
0
1.6
5.76
3.84
0
5.12
1.28
5.12
0
2.56
0
0
0
5.12
2.56
7.68
1.92
2.56
0
6.4
0.96
8.96
2.56
5.76
3.84
2.56
0
0.64
5.76
0
0
0
0
0
8
0
0
2.88
2.88
0.64
0.32
0
2.56
0
5.12
0
2.56
0
