0.001318 0.001388 0.001388
0.026881 0.000000 0.034583
0.026881 0.034583 -0.000000
0.011861 0.004886 -0.004886
0.003502 0.004673 0.000370
0.034718 0.045282 -0.000000
0.011861 -0.004886 0.004886
0.034718 0.000000 0.045282
0.003502 0.000370 0.004673
0.001318 -0.001388 -0.001388
0.003053 -0.004694 -0.000094
0.003053 -0.000094 -0.004694
0.011861 0.004886 0.004886
0.003502 0.004673 -0.000370
0.003502 -0.000370 0.004673
-0.002792 0.000046 0.000046
0.003053 0.004694 -0.000094
0.003053 -0.000094 0.004694
0.010649 0.004200 -0.004200
-0.001310 0.000000 0.001357
0.003502 0.000370 -0.004673
0.001318 0.001388 -0.001388
0.026881 0.000000 -0.034583
0.003053 0.000094 -0.004694
0.010649 -0.004200 0.004200
0.003502 -0.004673 0.000370
-0.001310 0.001357 -0.000000
0.001318 -0.001388 0.001388
0.003053 -0.004694 0.000094
0.026881 -0.034583 -0.000000
0.011861 -0.004886 -0.004886
0.034718 0.000000 -0.045282
0.034718 -0.045282 -0.000000
-0.002792 -0.000046 -0.000046
-0.001811 0.000000 0.001342
-0.001811 0.001342 -0.000000
0.010649 0.004200 0.004200
-0.001310 0.000000 -0.001357
-0.001310 -0.001357 -0.000000
-0.002792 0.000046 -0.000046
0.003053 0.004694 0.000094
-0.001811 -0.001342 -0.000000
-0.002792 -0.000046 0.000046
-0.001811 0.000000 -0.001342
0.003053 0.000094 0.004694
0.010649 -0.004200 -0.004200
0.003502 -0.004673 -0.000370
0.003502 -0.000370 -0.004673
-0.510479 0.000000 -0.000000
0.028498 0.027603 -0.000000
0.028498 0.000000 0.027603
0.000273 0.000000 -0.000000
-0.000116 0.000000 -0.000000
0.000273 0.000000 -0.000000
0.028498 0.000000 -0.027603
-0.012345 0.000000 0.000139
0.028498 -0.027603 -0.000000
-0.012345 0.000139 -0.000000
0.036837 0.000000 -0.000000
0.004458 0.000000 -0.000000
0.033760 0.000000 -0.000000
-0.012345 -0.000139 -0.000000
-0.012345 0.000000 -0.000139
-0.000116 0.000000 -0.000000
