564.0000 0.05 1
0.833333
0.555556
2.5
2.77778
1.11111
0
1.11111
3.33333
3.61111
2.22222
3.88889
1.66667
0
4.44444
3.88889
5.27778
1.66667
6.94444
5
1.38889
5.27778
2.5
3.33333
4.44444
8.88889
3.61111
7.5
2.5
5
8.61111
4.44444
8.33333
3.33333
8.88889
2.5
8.88889
5.55556
8.88889
8.61111
6.38889
6.66667
8.88889
5
11.6667
10
7.22222
9.44444
14.4444
10.5556
12.7778
12.7778
12.5
13.6111
12.7778
8.33333
24.4444
24.7222
29.7222
30.5556
25.8333
38.6111
36.1111
43.6111
35.5556
41.3889
41.1111
52.5
47.2222
50.8333
54.7222
58.8889
60.8333
65.8333
63.0556
70.2778
78.3333
72.2222
75.5556
75.5556
73.0556
81.9444
79.1667
81.3889
79.1667
81.9444
83.8889
72.7778
74.1667
82.7778
86.6667
64.4444
78.0556
81.3889
80.2778
78.3333
65
69.1667
60.8333
64.1667
62.5
60.2778
45.8333
55
61.1111
70.2778
62.5
75.8333
76.9444
69.7222
73.8889
72.7778
81.9444
67.2222
65.8333
65.2778
78.8889
76.9444
81.9444
68.6111
73.8889
74.1667
71.6667
77.7778
76.1111
80.2778
85.8333
79.1667
79.1667
75.2778
93.6111
81.9444
82.7778
92.2222
100
82.7778
90.5556
93.6111
99.7222
107.778
106.111
104.722
111.944
110
113.056
124.444
107.778
111.944
107.222
105.278
104.167
91.3889
84.4444
93.6111
86.9444
73.8889
80.2778
73.8889
71.3889
65
65
80
58.6111
61.3889
55.2778
58.6111
64.4444
66.9444
68.6111
64.7222
56.1111
58.3333
71.1111
73.6111
90.5556
76.9444
85.5556
78.8889
80.2778
82.5
72.7778
74.1667
78.8889
75.8333
75.5556
76.9444
67.2222
59.1667
63.3333
65.8333
60.2778
74.1667
68.3333
65.2778
63.3333
62.7778
65
56.6667
59.7222
48.3333
57.2222
66.1111
61.3889
58.8889
60
55.5556
59.4444
64.7222
60.2778
49.4444
60
63.6111
54.4444
58.3333
63.3333
80
78.0556
80.5556
67.5
79.1667
69.7222
79.4444
95.2778
98.6111
105.556
114.167
91.3889
128.611
110.556
101.111
72.7778
81.1111
71.1111
62.5
40.2778
45
42.7778
27.7778
15
9.16667
3.33333
1.38889
0.833333
0.277778
1.11111
0.277778
0
