0.015284 0.002016 -0.008435
-0.001949 0.001580 -0.003912
-0.006813 -0.002754 0.000700
0.000826 0.000583 0.002899
0.001628 -0.005105 -0.001608
-0.017610 -0.001099 0.006182
0.011442 0.003281 0.006903
0.003132 0.000851 -0.003777
-0.013209 0.004011 0.000788
0.002264 0.002754 -0.006265
0.006303 0.002142 0.003443
0.000398 0.000421 0.005847
-0.009643 -0.004988 -0.001626
0.001894 -0.002839 0.000964
-0.006825 0.003587 0.002634
0.001547 -0.006619 0.006215
-0.014454 -0.006670 -0.000384
0.000740 0.001969 -0.003100
0.008372 -0.003646 -0.006116
0.003494 0.007251 -0.004175
-0.005021 -0.002905 -0.000690
-0.001508 0.004751 -0.001258
0.001150 0.001320 0.004613
0.011247 0.001388 0.002321
-0.003774 -0.002589 0.005080
0.004135 0.001630 0.004871
-0.005393 -0.000185 0.005604
-0.003617 0.000276 -0.002849
0.002224 -0.000276 0.004150
0.005831 0.003858 -0.006569
-0.008528 -0.004962 0.000617
-0.000582 -0.000510 -0.008537
0.006248 -0.001196 -0.005298
0.003086 0.003502 -0.002399
0.005441 0.004948 -0.001813
0.005005 0.003549 0.008500
0.009848 0.002755 0.003783
0.000038 0.000315 -0.002702
-0.006909 0.002175 -0.013299
-0.004868 0.002872 -0.004014
0.011718 0.000279 0.014181
-0.004651 0.000307 0.002302
-0.005530 -0.002156 0.002267
-0.004407 -0.003073 0.011558
0.012703 -0.005225 -0.008859
0.001948 0.000436 -0.001861
-0.013504 -0.000530 0.005068
-0.001279 -0.000532 -0.002722
0.012565 0.005029 -0.009831
-0.001189 -0.003723 0.000054
-0.008091 -0.002765 0.008738
-0.001583 0.001274 0.000924
-0.004187 -0.000744 -0.005610
0.007946 -0.003274 0.000575
-0.000788 -0.002225 0.001092
0.009673 0.005175 0.000492
-0.005996 -0.004043 -0.003898
0.003500 -0.001884 0.001588
0.011758 -0.002017 -0.006370
-0.009468 0.001031 0.001730
-0.007136 -0.001472 -0.004008
0.004548 -0.000194 -0.006748
0.001984 -0.000020 0.004339
-0.011408 0.002903 0.007711
