2176.0000 0.05 1
1.875
3.75
6.25
6.25
7.5
16.25
8.75
7.5
17.5
15
14.375
16.25
25
16.25
6.25
31.25
23.125
18.125
30
8.75
10
13.125
10
10
16.25
20
25
30
37.5
19.375
25
26.25
13.75
26.875
20.625
29.375
21.25
40
45.625
30.625
37.5
55
48.75
45.625
41.875
67.5
54.375
48.125
85.625
92.5
97.5
126.875
136.25
135
139.375
154.375
180
153.125
156.25
198.125
179.375
173.125
233.75
252.5
268.75
237.5
235.625
278.125
294.375
310.625
295
322.5
301.25
310.625
325.625
336.875
340.625
361.875
314.375
353.75
373.125
366.875
326.25
364.375
331.875
378.75
313.75
295.625
303.75
289.375
270.625
253.125
233.125
244.375
259.375
295
208.75
248.75
313.75
295.625
312.5
308.75
311.25
301.25
248.125
295.625
306.875
296.25
329.375
273.125
279.375
299.375
278.75
318.75
294.375
309.375
251.25
300
353.75
317.5
311.875
318.125
326.875
360.625
347.5
373.75
405.625
376.875
387.5
396.25
398.75
430.625
448.75
472.5
452.5
441.25
448.125
440.625
448.125
416.875
405.625
430
381.875
355
320.625
353.125
330
307.5
312.5
335
303.75
276.875
217.5
253.75
250
303.125
277.5
248.125
273.125
224.375
316.875
292.5
325.625
300.625
305.625
289.375
285.625
297.5
345
298.125
321.875
353.75
370
353.75
263.125
288.75
214.375
286.875
347.5
261.875
265.625
267.5
258.125
235
250
247.5
260.625
326.875
241.875
228.125
236.25
225.625
179.375
248.75
255
282.5
253.75
306.25
256.25
265
255.625
205
199.375
274.375
256.875
325
343.125
343.125
355.625
275
368.125
289.375
513.125
528.125
519.375
425.625
365.625
258.75
234.375
206.875
163.125
119.375
61.25
32.5
12.5
3.75
1.25
4.375
1.875
0
0
0
0
0
0
0
0
0
0
3.75
0
