0.004923 0.002718 0.001336
-0.005485 -0.001747 0.001179
0.011971 0.002854 0.000281
-0.006779 0.001009 -0.003359
0.009347 0.001980 -0.002352
-0.000586 -0.003933 -0.000790
-0.005551 -0.001228 -0.004758
-0.004574 0.005506 0.000924
-0.008949 -0.000299 -0.007844
0.004391 -0.000345 -0.002171
-0.004631 -0.003532 0.003919
-0.005209 -0.002808 0.002164
-0.002563 -0.005432 0.009112
-0.006948 0.000133 -0.000723
0.005130 0.001148 -0.003742
0.002435 -0.001725 0.000953
0.010032 0.002455 0.001249
-0.005729 -0.000846 0.001474
0.015881 0.001686 0.005164
0.002128 0.001223 -0.002886
0.007589 0.004394 -0.002385
0.004400 -0.008211 0.003243
-0.005373 -0.000981 -0.004526
-0.006330 0.006560 0.001619
0.001125 -0.003161 -0.011795
0.005985 -0.001212 -0.002719
-0.003761 -0.002580 0.004051
-0.004869 -0.002758 0.002631
-0.001309 -0.006444 0.009203
-0.004483 0.000428 -0.000557
0.005107 0.000965 -0.004566
0.003771 -0.001702 0.000563
0.005521 0.003618 0.001181
-0.007216 -0.001699 0.002573
0.009476 0.003429 0.000468
0.004939 0.000638 -0.003382
0.005714 0.001694 -0.002380
-0.003471 -0.004237 0.000874
0.007055 0.003178 -0.010522
-0.008304 0.005735 -0.000172
0.001122 -0.003375 -0.012572
0.006429 -0.003058 -0.003489
-0.004400 -0.001715 0.003889
-0.546630 -0.008156 0.010707
0.004160 -0.002843 0.014951
-0.005463 0.001555 -0.001317
0.048348 -0.001473 -0.060481
0.002495 -0.001876 0.000875
0.011577 0.002202 0.001119
-0.005197 -0.001473 0.001160
0.009937 0.004638 -0.000100
0.002985 0.000565 -0.003370
0.007951 0.003274 -0.002781
-0.001556 -0.003638 -0.000983
-0.004633 -0.002122 -0.004794
-0.005470 0.005713 0.001276
-0.008327 0.001134 -0.007543
0.005974 -0.000423 -0.002924
-0.003123 -0.002207 0.004561
-0.007470 -0.002791 0.002410
-0.002561 -0.005744 0.009490
-0.004654 -0.000354 -0.000106
0.003627 0.001590 -0.004756
0.002490 -0.001243 0.000251
0.008562 0.002482 0.001563
0.035964 0.051619 0.002810
0.009497 0.004753 0.000030
0.001850 -0.000238 -0.002797
0.014443 -0.001261 -0.006965
0.004611 0.000656 0.003549
0.004224 0.002333 -0.008758
-0.006146 0.005155 0.002132
-0.009337 -0.000969 -0.006927
0.005154 -0.001109 -0.002632
-0.003682 -0.002400 0.003516
-0.005532 -0.002436 0.002333
-0.002073 -0.005884 0.009377
-0.005273 0.000382 -0.000598
0.004390 0.001527 -0.005392
0.002781 -0.002006 0.000909
0.009902 0.002417 0.001095
-0.005557 -0.002323 0.001035
0.015605 0.001591 -0.004645
0.001656 0.001318 -0.003984
0.007427 0.004289 -0.003072
-0.003189 -0.002619 -0.002321
-0.003950 -0.002373 -0.004922
-0.000030 0.001427 -0.003337
-0.009177 0.001059 -0.009612
0.005524 -0.001249 -0.002319
0.034631 -0.002604 0.053665
-0.005538 -0.002466 0.002055
-0.003494 -0.005514 0.009295
-0.005445 0.000597 -0.000644
0.002209 -0.000196 -0.004860
0.034150 -0.002829 0.000729
0.011167 0.002488 0.001086
-0.006683 -0.001900 -0.000033
0.010418 0.004910 -0.000203
-0.007353 0.001016 -0.003422
0.008725 0.003683 -0.002932
0.000742 -0.003819 0.000770
-0.005850 -0.002084 -0.006269
-0.003950 0.005638 -0.000373
-0.009159 0.000591 -0.008954
0.004297 -0.001377 -0.002918
-0.003220 -0.002437 0.003977
-0.005927 -0.002134 0.003031
0.003707 -0.003092 0.004527
-0.006963 0.000415 0.000052
0.005044 0.000563 -0.004909
0.002414 -0.002098 0.000653
0.008671 0.002424 0.001214
-0.005150 -0.002184 0.001249
0.008547 0.005209 -0.000103
0.002268 -0.000410 -0.003980
0.014581 -0.000901 0.001199
-0.002867 -0.003792 -0.002308
-0.005297 -0.002655 -0.006196
-0.000543 0.009402 -0.002495
-0.008045 0.000706 -0.007350
0.006354 -0.001424 -0.002205
-0.003897 -0.002239 0.003423
-0.004968 -0.002709 0.002325
0.003708 -0.000678 0.009525
-0.005072 0.000541 -0.000482
0.002793 0.002699 -0.004575
0.003373 -0.002104 0.000962
-0.013202 -0.000789 0.002905
0.004859 -0.002824 0.002579
-0.003867 0.001599 0.002193
-0.003348 0.003453 0.001886
0.001268 0.001477 0.001065
0.004352 -0.000887 -0.000889
0.003864 -0.000665 -0.004281
0.003884 -0.000085 -0.000106
0.009991 0.007378 0.001936
-0.000952 -0.006127 -0.006043
0.001654 0.002393 0.005647
-0.020637 -0.004219 -0.004720
0.002737 0.004338 0.011288
-0.000245 -0.008884 -0.009114
0.016720 0.000105 0.000436
-0.006215 -0.000003 0.007805
-0.012215 -0.001608 0.002766
0.008999 0.002377 -0.001081
-0.002072 0.001053 0.002424
-0.003092 0.003561 0.003013
-0.003560 0.005951 -0.002471
-0.000702 -0.000846 -0.002366
0.010336 0.003063 -0.008463
0.002636 -0.000184 -0.001112
0.009504 0.005150 0.001834
-0.003270 -0.003853 -0.005633
0.001733 0.003133 0.006769
-0.001896 0.016809 -0.005486
0.002330 0.004632 0.010944
-0.002617 -0.006520 -0.007757
0.017254 0.001293 0.000020
-0.006227 0.000883 0.007639
-0.001508 0.004359 0.007211
0.003220 -0.002386 0.001508
-0.001094 0.001827 0.005053
0.015882 0.003951 0.021618
0.001601 0.011677 0.001483
0.004073 -0.002026 -0.000733
0.001005 0.000137 -0.004635
0.030506 0.001393 -0.000653
0.037868 0.032699 0.002501
0.028012 -0.006679 -0.040146
0.012140 -0.002278 0.010048
-0.007728 -0.004200 0.009363
0.026030 0.004926 0.040228
0.021074 -0.033891 -0.009469
0.019295 0.001798 0.000330
0.024464 -0.042720 0.007826
-0.012581 -0.001758 0.002617
0.003824 -0.002863 0.001966
-0.001709 0.001979 0.003260
-0.003336 0.004133 0.002468
-0.004342 0.006215 -0.002406
0.004866 -0.001241 -0.001232
0.003675 -0.001636 -0.004573
0.003757 0.000107 -0.000545
0.009443 0.004465 0.001539
-0.001208 -0.005865 -0.005419
0.002242 0.002971 0.005299
-0.021095 -0.003856 -0.006151
0.002718 0.004041 0.010329
-0.000915 -0.006421 -0.009492
0.018627 -0.000135 -0.000558
-0.006215 0.001254 0.007602
-0.012819 -0.001673 0.004464
0.009010 -0.007873 -0.000589
-0.001594 0.001332 0.002018
-0.003766 0.004845 0.002532
-0.004225 0.005849 -0.001124
0.006692 -0.001478 -0.000815
0.003021 -0.002967 -0.004146
0.003325 0.001075 -0.001738
0.007226 0.004433 0.003666
-0.003455 -0.008050 -0.005176
0.002714 0.002804 0.005308
-0.001672 -0.024939 -0.005166
0.002374 0.005039 0.011511
-0.000692 -0.007412 -0.009815
0.018496 0.001094 0.000164
-0.006997 0.000776 0.006977
-0.012927 -0.000363 0.002880
0.003943 -0.002444 0.002254
-0.002139 0.000974 0.002725
0.017259 -0.016354 0.002461
-0.004501 0.006213 -0.002074
-0.000343 -0.000929 -0.000196
0.011097 0.003550 0.000120
0.002958 0.000062 -0.000362
0.009758 0.005226 0.002113
-0.000786 -0.005913 -0.005881
0.011186 -0.001653 0.009205
-0.021618 -0.003751 -0.005173
0.000250 0.006258 0.011254
-0.002389 -0.006769 -0.010991
0.018923 0.001104 0.000188
-0.006027 0.000269 0.007509
-0.012999 -0.001377 0.004162
0.007912 -0.002378 -0.001526
-0.003735 0.000915 0.003097
0.016207 0.004421 -0.017790
-0.004353 0.006188 -0.002330
0.005021 -0.001334 -0.001012
0.004237 -0.001584 -0.004616
0.003646 0.000400 -0.000802
0.009491 0.005337 0.001891
-0.000024 -0.005727 -0.007260
0.001949 0.002790 0.006516
-0.008221 -0.003827 -0.019594
0.002666 0.004730 0.012428
-0.001105 -0.007396 -0.009526
0.016592 0.000682 -0.000284
-0.006392 0.001318 0.007577
-0.004129 0.002862 0.006279
0.003962 -0.002255 0.002091
-0.003425 0.001549 0.002148
0.008844 0.017871 0.001691
0.000056 0.006329 0.001597
0.006979 -0.001353 -0.000931
0.003255 -0.002559 -0.004944
0.003247 0.000728 -0.000060
0.007388 0.004582 0.000409
-0.000861 -0.005872 -0.005716
0.001680 0.001669 0.004933
-0.021329 -0.004392 -0.004773
0.000937 0.003080 0.010481
0.000167 -0.006661 -0.009701
0.018265 0.000727 0.000179
-0.007235 0.001051 0.008822
