2176.0000 0.05 1
1.875
3.75
6.25
6.25
7.5
16.25
8.75
7.5
17.5
15
14.375
16.25
25
16.25
6.25
31.25
23.125
18.125
30
8.75
10
13.125
10
10
16.25
20
25
28.75
38.125
20
23.75
27.5
13.75
26.875
21.875
28.125
21.25
41.25
44.375
30.625
37.5
55.625
48.125
45.625
41.875
66.25
55.625
48.125
83.75
94.375
100
124.375
136.25
135
138.125
153.125
181.875
151.25
158.75
201.25
176.25
175.625
232.5
252.5
267.5
240
233.125
281.875
290.625
310.625
298.75
318.75
302.5
311.875
324.375
338.125
340
362.5
313.75
358.125
368.75
368.125
330.625
360.625
333.125
380.625
310.625
295
303.125
288.125
271.875
255.625
230
251.875
251.25
298.125
208.125
248.75
310.625
294.375
320
305
313.125
298.75
250
295
310.625
295.625
323.75
275.625
278.125
306.875
270.625
320.625
291.25
313.75
249.375
300
351.875
318.75
315
316.875
325.625
363.125
343.125
379.375
402.5
378.75
389.375
393.125
396.875
431.875
448.125
473.75
451.875
441.25
451.875
434.375
452.5
416.25
405.625
428.75
381.25
360
317.5
352.5
326.875
311.25
315.625
330
304.375
275.625
217.5
253.75
250
301.25
283.125
246.25
272.5
223.125
320.625
285.625
328.125
303.125
303.125
291.25
284.375
296.25
351.25
290.625
323.125
355
370.625
356.25
259.375
288.75
212.5
290.625
344.375
265
265.625
268.125
257.5
237.5
243.75
250
262.5
329.375
237.5
225.625
240
226.25
177.5
248.75
254.375
283.125
255
305.625
256.25
263.125
255.625
207.5
202.5
270.625
253.75
326.25
344.375
342.5
355.625
274.375
368.75
293.125
511.25
538.125
506.25
427.5
366.875
262.5
231.875
201.25
172.5
114.375
61.25
31.25
11.25
3.75
1.875
4.375
1.25
0
0
0
0
0
0
0
0
0
0
2.5
0
