0.011497 0.002635 0.000674
-0.005472 -0.001784 0.000672
0.010366 0.003357 -0.000782
0.001528 0.000554 -0.003266
0.008485 0.003689 -0.003236
-0.000761 -0.003585 0.000647
-0.004391 -0.002276 -0.006020
-0.005048 0.005817 0.002071
-0.008496 0.000881 -0.008797
0.004970 -0.001065 -0.001786
-0.003222 0.009430 0.016890
-0.006582 -0.002298 0.001539
-0.001866 -0.004887 0.009298
-0.005912 0.000546 0.000200
0.005166 0.001035 -0.004778
0.004074 -0.003246 -0.001242
0.011607 0.002425 0.001298
-0.005292 -0.000335 0.001081
0.011646 0.003469 -0.001580
0.001918 0.000698 -0.003221
0.008667 0.002075 -0.003441
-0.000648 -0.003206 -0.000141
-0.004680 -0.002073 -0.004275
-0.005056 0.005980 -0.000800
-0.010073 0.000147 -0.007905
0.004593 -0.002783 -0.002791
-0.003762 -0.002516 -0.003785
-0.007493 -0.003684 0.000174
-0.000711 -0.004047 0.007601
-0.005771 0.000465 -0.000466
0.005370 0.000881 -0.009061
-0.001491 -0.001851 0.005506
0.011373 0.001912 0.000247
-0.003872 -0.056108 0.046684
0.014893 0.006348 0.005338
0.049544 -0.001425 0.034823
0.006485 0.041524 0.030032
-0.006920 -0.001280 -0.558871
-0.006964 0.000207 -0.005098
-0.005160 0.004939 0.029352
-0.010535 -0.001402 -0.006955
0.005424 -0.001186 -0.003571
-0.003698 -0.020084 0.023724
-0.005856 -0.001858 0.002775
-0.000473 -0.005179 0.008231
-0.004534 0.000311 -0.001038
0.004510 0.000918 -0.004110
0.003925 -0.000840 -0.000848
0.010862 0.002400 0.001349
-0.005698 -0.004533 0.004580
0.010883 0.003947 0.000116
0.001082 0.000777 -0.003275
0.008773 0.005929 0.000766
-0.000909 -0.003714 -0.011170
-0.004699 -0.002229 -0.003742
-0.005321 0.005672 0.001784
-0.008776 0.000769 -0.006588
0.005437 -0.000738 -0.002027
-0.004313 -0.013636 0.016267
-0.006667 -0.002451 0.001364
-0.002644 -0.004062 0.008293
-0.005427 0.000068 0.000230
0.004132 0.001361 -0.005029
0.000069 -0.006093 0.006360
0.010707 0.002223 -0.000342
-0.005813 -0.000756 0.001657
0.010315 0.003990 0.000442
0.002088 0.000677 -0.003058
0.008492 0.001605 -0.002986
-0.001103 -0.004119 -0.000187
-0.006158 -0.001428 -0.005651
-0.004995 0.005784 -0.000613
-0.008519 0.000813 -0.007241
0.009408 -0.004626 0.007513
-0.003227 -0.002451 0.005077
-0.007428 -0.001043 0.000096
-0.001397 -0.004964 0.009242
-0.005521 0.000524 0.000410
0.004292 0.001487 -0.008492
0.003127 -0.001886 0.000058
0.011806 0.002392 0.001465
-0.005485 -0.000959 0.000714
0.014801 0.007504 0.005935
0.001537 0.001367 -0.004146
0.008568 0.001249 -0.002926
-0.002281 -0.003337 -0.000846
-0.004459 -0.002085 -0.004474
-0.005050 0.006210 0.000860
-0.007312 0.001199 -0.008165
0.005844 0.000380 -0.002882
-0.003390 -0.002518 0.005077
-0.002111 -0.006078 0.008424
0.003012 -0.007947 0.014848
-0.003934 0.001229 -0.001880
0.004153 0.001462 -0.013090
0.002924 -0.001481 0.000536
0.011122 0.002224 0.001063
-0.005519 -0.002052 0.000154
0.012535 0.003096 -0.001989
0.002884 0.000763 -0.005683
0.008825 0.003392 -0.004393
-0.000934 -0.003632 0.002766
-0.004560 -0.002176 -0.004852
-0.005462 0.006954 0.032929
-0.008476 0.000769 -0.007142
0.005168 -0.001307 -0.001638
-0.003357 0.014376 0.023653
-0.005785 -0.001984 0.004315
0.002429 -0.008838 0.015609
-0.006565 0.000552 -0.001041
0.005592 0.000956 -0.004038
-0.000833 0.002982 0.006926
-0.042914 0.004727 0.041433
-0.005484 -0.000264 0.001041
0.008918 0.003675 -0.001372
0.001387 -0.000243 -0.003731
0.008803 0.001935 -0.002655
-0.002084 -0.002458 -0.000723
-0.003090 -0.002780 -0.005751
-0.004992 0.005595 0.000755
-0.008600 0.000495 -0.007345
0.000266 0.003530 0.008794
-0.003524 -0.002342 0.004017
-0.002553 0.001259 0.008394
-0.001591 -0.005222 0.008780
-0.005965 0.000591 -0.002085
0.004265 0.001292 -0.010661
0.003191 -0.001886 0.000496
-0.012362 -0.000319 0.002720
0.004551 -0.002732 0.002234
-0.002963 0.001433 0.002833
-0.005235 0.004333 0.002869
-0.003136 0.006436 -0.001601
0.002720 0.003200 0.004733
0.004159 -0.001519 -0.005096
0.003749 0.000093 -0.000500
0.009479 0.005914 0.001267
-0.000903 -0.006130 -0.005407
0.002717 0.001389 0.004699
-0.023344 -0.004095 -0.005486
0.002660 0.004202 0.012312
-0.000537 -0.008323 -0.010407
0.017525 0.000830 0.001248
-0.005582 -0.001003 0.007341
-0.012756 -0.001395 0.003085
0.004165 -0.002380 0.001204
-0.002851 0.000915 0.003826
-0.004320 0.003569 0.002894
-0.002686 0.006585 -0.000402
0.006334 -0.001032 -0.000474
0.004246 0.000272 -0.004362
0.003179 0.000591 -0.000504
0.009708 0.005415 0.002008
-0.000362 -0.005318 -0.006328
0.002420 0.002825 0.006076
-0.019942 -0.000002 -0.000704
0.002387 0.004885 0.012118
-0.001651 -0.008357 -0.011346
0.022216 0.004762 0.008555
-0.006327 0.005781 0.013688
-0.016060 0.004133 0.012194
0.004247 -0.002443 -0.006178
-0.001965 0.001309 0.002250
-0.004593 0.004070 0.000546
-0.002810 0.006208 -0.001580
0.002815 -0.005684 0.004900
0.003420 -0.036453 0.024466
-0.025250 -0.000543 0.017476
0.004081 0.003106 0.007296
-0.001596 -0.005951 -0.010319
-0.001302 -0.001862 0.015020
-0.022089 -0.004246 -0.004772
-0.016148 0.004613 0.031145
-0.006068 -0.004420 -0.004143
0.017962 0.000782 -0.001428
-0.006312 -0.000114 0.007900
-0.013255 -0.002620 0.002395
0.004754 -0.002562 0.000337
-0.002534 0.001255 0.002684
-0.005410 0.003856 0.002522
-0.003499 0.005989 -0.001421
0.007064 0.000251 -0.004081
0.004889 -0.006196 0.001964
0.003817 0.000049 0.000053
0.009842 0.005470 0.002183
-0.001027 -0.005792 -0.007232
0.001261 0.004532 0.004350
-0.023402 -0.004310 -0.005881
0.003834 0.004277 0.012629
-0.000504 -0.007919 -0.009404
0.018013 0.000517 0.000854
-0.005955 -0.000199 0.007118
-0.012633 -0.001381 0.003732
0.004412 -0.003000 0.001292
-0.002916 0.001206 0.002188
-0.004481 0.004111 0.002733
0.010554 0.006505 0.013403
0.006653 -0.001356 -0.001477
0.004342 -0.000305 -0.005123
0.003428 0.000225 -0.000665
0.008010 0.006440 -0.000049
-0.000166 -0.007167 -0.006291
0.002164 0.002817 0.006012
-0.019308 -0.009108 -0.000337
0.002451 0.004658 0.013066
-0.000625 -0.007718 -0.009700
0.017075 0.001965 0.000121
-0.005595 0.000595 0.005529
-0.012483 -0.001651 0.003501
0.005118 -0.002537 0.001349
-0.003090 0.000767 0.001133
-0.005783 0.002847 0.001428
-0.004107 0.005830 -0.000909
0.005072 -0.001324 -0.000948
0.004664 -0.000363 -0.004382
0.004042 0.000737 -0.001400
0.010005 0.006375 0.001114
-0.001750 -0.005965 -0.006560
0.002215 0.002935 0.004249
-0.024146 -0.002701 -0.006684
0.002269 0.004819 0.012059
-0.004927 -0.004546 -0.003670
0.013433 -0.004448 0.009734
-0.005785 0.000416 0.006888
-0.008361 -0.005885 0.012061
0.004499 -0.002538 -0.002288
-0.003374 0.000867 0.002206
0.040616 0.003774 0.033651
-0.003686 0.006481 -0.000874
0.007034 -0.002836 -0.003669
0.004522 -0.000946 -0.007079
0.003424 0.000188 -0.003122
0.008699 0.006788 0.000305
-0.000798 -0.006060 -0.008251
0.006372 0.007107 0.014678
-0.019564 -0.003958 -0.001779
0.021938 0.004840 0.033163
-0.001568 -0.008293 -0.010468
0.017532 0.000865 0.001202
-0.006009 -0.000845 0.007608
-0.012603 -0.001308 0.001798
0.004795 -0.002553 0.001265
-0.000963 0.000179 0.005093
-0.005812 0.005053 0.001824
-0.017258 0.006227 0.012594
0.007347 -0.001457 -0.001594
0.004161 0.000653 -0.004654
0.004028 -0.000283 -0.001043
0.005875 0.002648 0.007315
-0.001649 -0.005179 -0.006436
0.002330 0.003146 0.006091
-0.023790 -0.005290 -0.006595
0.003029 0.004231 0.011713
0.000393 -0.007698 -0.010566
0.018540 -0.000553 -0.000261
-0.005365 0.049927 0.046170
