2176.0000 0.05 1
1.875
2.5
7.5
6.25
7.5
16.25
8.75
6.25
17.5
16.25
14.375
16.25
23.75
16.25
7.5
31.25
23.125
18.125
28.75
10
10
13.125
10
10
16.25
20
25
30.625
36.875
19.375
22.5
28.75
13.75
26.875
20.625
29.375
21.875
41.875
43.75
30
38.75
55
47.5
45.625
41.875
68.75
53.125
49.375
85.625
90
100
125.625
136.25
135
140
152.5
180.625
153.75
156.875
198.125
178.75
175
233.75
255
265.625
239.375
235.625
278.75
292.5
310.625
295.625
320.625
303.125
313.75
321.875
340
342.5
365.625
315
355
373.125
366.875
328.125
358.75
333.125
378.75
311.25
291.25
306.25
288.75
271.875
254.375
233.125
253.125
247.5
301.25
207.5
248.125
312.5
290.625
320.625
311.25
306.875
303.125
251.25
288.125
313.125
296.25
329.375
267.5
278.75
309.375
266.875
326.875
283.75
317.5
250.625
296.25
350.625
322.5
315.625
314.375
326.875
366.875
337.5
380.625
402.5
381.875
386.25
398.125
390.625
433.125
453.125
466.25
455.625
439.375
455
432.5
453.125
413.125
408.125
426.875
382.5
362.5
314.375
351.875
329.375
311.25
315.625
330.625
305
271.875
218.75
251.25
252.5
305.625
277.5
245.625
273.75
223.75
320
291.875
327.5
303.125
298.75
292.5
285.625
292.5
351.875
294.375
320.625
353.125
372.5
355.625
261.25
286.875
211.875
288.125
347.5
264.375
264.375
269.375
256.25
237.5
245.625
247.5
271.25
324.375
235.625
226.875
238.75
226.25
180
245
256.25
278.75
260
307.5
252.5
261.25
259.375
205.625
204.375
269.375
251.25
326.25
346.875
346.875
349.375
279.375
370
291.25
513.75
536.25
511.875
417.5
370
257.5
234.375
201.875
163.75
119.375
60
32.5
11.25
3.75
1.25
4.375
1.875
0
0
0
0
0
0
0
0
0
0
2.5
0
