0.012479 -0.001326 -0.003836
-0.005534 -0.001065 0.001134
0.010565 0.004070 -0.000995
0.001005 0.000768 -0.003200
0.009774 0.001442 -0.003086
-0.001045 -0.003435 -0.000103
-0.004638 -0.001817 -0.004711
-0.005927 0.006565 0.000018
-0.009376 0.000376 -0.008061
0.005026 -0.000110 -0.001602
-0.004450 -0.003204 0.004494
-0.004849 -0.003125 0.002344
-0.002121 -0.005251 0.009733
-0.006195 0.000451 -0.000605
0.005474 0.000934 -0.004694
0.003202 -0.000528 0.001058
0.009889 0.002203 0.001189
-0.005599 -0.001392 0.002130
0.005428 -0.001378 0.002733
0.003404 0.001439 -0.003171
0.008573 0.002614 -0.003426
-0.000472 -0.003340 -0.000080
-0.005647 -0.002110 -0.004645
-0.003989 0.004529 -0.000185
-0.020349 0.011801 -0.008128
0.014572 -0.001084 -0.002490
-0.008703 -0.005581 0.008651
-0.006610 -0.002597 0.002439
-0.001686 -0.005341 0.009409
-0.006271 0.000231 -0.000043
0.005321 0.000950 -0.004878
0.003127 -0.002499 -0.000821
0.011966 0.002693 0.001239
-0.005621 -0.001492 0.001144
0.010978 0.003701 0.000096
0.002198 0.000797 -0.003550
0.009961 0.003716 -0.003306
0.001145 -0.002784 -0.001657
-0.004742 -0.002327 -0.004989
-0.001761 0.006188 0.000514
-0.026981 0.000664 0.009320
0.005245 -0.001873 -0.001877
-0.000599 -0.003388 0.005004
-0.007564 0.001139 -0.001666
-0.057304 -0.006530 -0.050652
0.563451 -0.003086 0.011223
-0.032705 0.048980 -0.003665
-0.010003 0.003706 -0.005386
0.012110 0.002248 0.001862
-0.003088 -0.002976 0.001949
0.011649 0.004053 -0.000321
0.001724 0.000650 -0.003497
0.008344 0.002799 -0.002823
-0.001126 -0.003765 -0.000486
-0.004986 -0.001177 -0.005576
-0.004629 0.004581 0.000356
-0.009220 0.000729 -0.008233
0.005342 0.000085 -0.003290
-0.002612 -0.001537 0.004355
-0.006889 -0.002935 0.002977
-0.001327 -0.005483 0.010343
-0.004207 0.000129 -0.000525
0.004278 0.000553 -0.005578
0.002091 -0.001839 0.001102
0.010986 0.002571 0.000687
-0.041504 -0.002428 -0.042700
0.005700 0.009027 0.002621
0.002746 -0.001906 0.002558
-0.022954 0.003088 0.042782
-0.032520 -0.042412 -0.000490
-0.032970 -0.002251 -0.005968
-0.010219 0.008789 0.004095
-0.020453 -0.010688 -0.008186
0.002993 -0.001105 -0.002505
-0.002189 -0.001286 0.004127
-0.006128 -0.002548 0.001987
-0.001562 -0.005566 0.009528
-0.006496 0.000619 -0.000305
0.006358 0.000028 -0.004310
0.001837 -0.002006 0.001161
0.010508 0.002150 0.001296
-0.005159 -0.001342 0.001884
0.011666 0.003892 -0.000213
0.001448 0.000963 -0.003902
0.008915 0.002588 -0.003429
-0.001826 -0.002272 -0.000968
-0.004640 -0.002182 -0.004958
-0.003975 0.004175 0.000608
-0.009452 0.001403 -0.007969
0.004187 -0.001221 -0.002161
-0.008920 -0.006092 0.000476
-0.006306 -0.002617 0.002165
0.001108 -0.007156 0.010872
-0.006472 0.000449 -0.000744
0.004240 0.001408 -0.005220
-0.007489 0.002459 -0.003293
0.009948 0.002772 0.001962
-0.003702 -0.000261 0.001920
0.006483 0.003910 0.002950
0.001583 0.000591 -0.003047
0.008447 0.002670 -0.002991
0.000871 -0.002210 0.000464
-0.005137 -0.002591 -0.005121
-0.005533 0.004894 0.000201
-0.020905 0.000681 -0.019310
0.004499 -0.001855 -0.002976
-0.003460 -0.001674 0.004404
-0.005861 -0.001880 0.003607
-0.002000 -0.005455 0.007909
-0.005917 0.000574 -0.000144
0.005080 -0.000273 -0.005115
0.003011 -0.001763 0.000013
0.009703 0.002331 0.000964
-0.005060 -0.001344 0.001389
0.010500 0.004418 -0.000683
0.003655 0.000135 -0.003873
0.009157 0.002528 -0.003651
-0.002062 -0.001738 -0.000759
-0.005373 -0.002157 -0.004700
-0.010491 0.008768 -0.003839
-0.009297 0.000018 -0.007646
0.014066 -0.001117 -0.002201
-0.002328 -0.000925 0.005013
-0.007293 -0.002321 0.001925
0.001107 -0.003744 0.010680
-0.006356 0.000028 -0.000511
0.005898 0.000782 -0.006472
0.002636 -0.000634 0.001778
-0.034284 0.018815 0.003001
0.004547 -0.002679 0.001016
0.003526 0.000473 0.002225
-0.004164 0.002672 0.003047
-0.010002 0.003000 0.003999
0.005485 -0.001529 -0.000970
0.003487 -0.000766 -0.003654
0.003454 -0.000881 -0.000333
0.004568 0.010893 -0.000565
0.000326 -0.006263 -0.006282
0.001966 0.003288 0.005464
-0.022864 -0.004218 -0.005522
0.002451 0.003432 0.011429
-0.000433 -0.007526 -0.009725
0.017160 0.000862 0.000254
-0.011449 -0.003048 0.011035
-0.013788 -0.001748 0.003075
0.003864 -0.001712 0.001228
-0.001906 0.001127 0.002293
-0.004755 0.003806 0.002647
-0.009367 0.000515 -0.001056
0.004382 -0.000690 0.002751
-0.001385 0.003135 -0.008183
0.003086 -0.001154 -0.001128
0.009265 0.005635 0.002959
-0.006633 -0.000508 -0.005871
0.002114 0.003656 0.006018
-0.021725 -0.002866 -0.005329
0.002115 0.004819 0.011871
0.001524 -0.008580 -0.010985
0.020355 0.000673 0.000285
-0.006267 0.000420 0.006854
-0.033557 -0.020688 0.003215
0.007790 -0.003412 0.003726
0.003439 0.002299 0.001969
-0.016269 -0.001166 -0.004193
-0.002403 0.006769 -0.001515
0.006080 -0.001052 -0.000947
0.007809 -0.000439 -0.005147
-0.010048 -0.006240 0.005405
0.004379 0.000038 -0.000908
-0.007022 -0.002977 -0.000997
-0.026907 0.003224 0.006490
-0.022295 -0.004841 -0.002959
-0.029875 -0.037386 0.012347
-0.036266 -0.007423 0.031837
0.024801 0.000683 0.000677
-0.011312 0.003865 0.011396
-0.013290 -0.001248 0.002719
0.004555 -0.003020 0.001372
-0.003212 0.001519 0.002657
-0.004662 0.003990 0.002743
-0.009716 0.002806 -0.005658
0.005452 -0.001482 -0.001146
0.004963 -0.000764 -0.003577
0.002955 0.000572 -0.000386
0.010913 0.005295 0.002348
-0.000091 -0.006789 -0.006201
0.001303 0.002999 0.005398
-0.022231 -0.002773 -0.006163
0.003456 0.005150 0.011171
-0.000221 -0.007469 -0.010529
0.016940 0.000871 -0.000261
-0.004553 0.000898 0.005411
-0.027907 -0.000923 0.016551
-0.025003 0.037080 0.002386
-0.000494 0.001370 0.002141
-0.003948 0.004748 0.000979
-0.002837 0.006013 -0.000931
0.007217 -0.002265 -0.000797
-0.001421 -0.004787 -0.008237
-0.004718 -0.003240 0.002921
0.010841 0.005722 0.002015
-0.000090 -0.005484 -0.006149
0.002065 0.002525 0.006168
-0.034447 0.001899 -0.000194
0.004243 0.006140 0.010406
0.001949 -0.006079 -0.011049
0.020214 0.000710 0.000218
-0.003191 0.000366 0.009486
-0.013538 -0.001549 0.002343
0.005068 -0.003267 0.001268
-0.002081 0.001070 0.002471
-0.004353 0.002346 0.003416
-0.002629 0.006813 -0.001784
0.006988 -0.000751 -0.001733
0.005654 -0.001304 -0.002350
0.002587 0.000098 -0.000765
0.010343 0.005364 0.002650
-0.000154 -0.006620 -0.006397
0.002183 0.004247 0.004215
-0.022716 -0.004449 -0.005270
0.002242 0.004527 0.011476
-0.000562 -0.007332 -0.009478
0.018575 0.000880 0.000054
-0.005161 0.000352 0.006635
-0.013469 -0.001280 0.002879
0.006580 -0.003587 -0.000078
-0.003187 0.000586 0.002568
-0.003938 0.004045 0.001351
-0.002488 0.007283 -0.001218
0.005423 -0.001097 -0.000482
-0.001573 -0.000638 -0.010596
0.003562 0.000570 0.000947
0.010993 0.005731 0.002240
-0.006463 -0.002611 -0.010222
0.001483 0.002831 0.006133
-0.030476 -0.000169 -0.001789
0.002280 0.005020 0.011699
-0.000616 -0.007833 -0.009081
0.025135 0.000816 -0.002124
-0.004594 -0.000096 0.005334
-0.027669 -0.000855 -0.011490
0.004700 -0.002902 0.001168
-0.000502 0.001301 0.003031
-0.013649 0.000471 -0.001179
-0.003804 0.007368 -0.001443
0.005211 -0.001719 -0.001638
0.005672 -0.000009 -0.002466
0.003095 0.000946 0.001383
0.006661 0.005889 -0.000846
-0.001321 -0.006860 -0.006158
0.002446 0.002251 0.004781
-0.022087 -0.004694 -0.003865
0.005246 0.005279 0.013173
0.000216 -0.007310 -0.009814
0.018358 0.000806 0.000017
-0.008539 0.000283 0.010326
