-0.000134 -0.000824 0.563574
-0.000304 0.067255 -0.074002
0.001051 -0.001176 0.002050
0.056961 -0.032978 -0.071630
-0.000801 -0.001763 0.002919
-0.057765 -0.032615 -0.073389
0.000663 -0.000438 0.003718
0.003942 -0.004954 -0.003894
0.000395 -0.000141 0.003012
-0.000341 -0.015683 -0.002214
0.000346 -0.000366 0.003735
-0.004564 -0.004957 -0.003874
-0.000060 0.000924 0.002019
-0.003085 0.006534 -0.002109
0.000176 -0.000938 0.003684
0.000333 0.000896 -0.000343
0.000208 -0.000328 0.002855
-0.001303 0.000659 0.001494
0.000423 0.000430 0.002901
0.002171 0.006845 -0.003915
-0.000888 -0.000353 0.002174
-0.014172 0.008591 -0.002217
0.000574 -0.000397 0.003722
-0.000301 -0.000269 -0.000311
0.001727 -0.000302 0.002172
0.013569 0.008617 -0.002196
0.000294 -0.000382 0.002839
-0.007276 -0.000681 -0.002052
0.000164 -0.000953 0.003634
0.006372 -0.000416 -0.003880
0.000455 -0.000195 0.002963
-0.000283 0.000335 -0.001878
0.000585 -0.000319 -0.024384
-0.000210 0.000610 0.000877
-0.000077 -0.001430 -0.001098
-0.000857 -0.000114 0.001644
0.000735 -0.001675 -0.002353
-0.000517 0.000158 0.000856
-0.001340 -0.001624 0.003435
0.000067 0.000189 -0.003472
0.000498 0.002621 -0.001193
-0.000651 0.000318 0.005920
0.002504 -0.001541 0.003411
-0.000467 0.000181 -0.003472
-0.000936 0.000092 -0.001071
-0.000903 0.000083 -0.002718
0.003000 -0.001900 -0.002530
-0.000471 0.000092 -0.000315
-0.002211 -0.001623 -0.001345
-0.000917 -0.000168 0.000451
0.001594 -0.000155 -0.002328
-0.000344 0.000436 -0.003491
-0.000325 0.000811 -0.000917
-0.000559 0.000499 0.005887
0.000636 0.001973 0.003411
-0.000203 0.000583 -0.000351
0.001323 0.000775 -0.000934
-0.000617 0.000554 0.005879
-0.001216 -0.001161 -0.001353
-0.001149 -0.000288 -0.002718
0.001969 -0.001436 -0.002531
-0.000130 0.000064 -0.003478
0.000498 0.001504 -0.001089
-0.000565 0.000336 0.002927
0.000655 -0.000118 -0.025516
-0.000304 -0.079911 -0.088995
0.000742 0.001244 -0.002290
-0.070514 0.040559 -0.090973
0.000145 0.001073 -0.000472
0.069636 0.040789 -0.089782
0.002641 0.000761 0.002610
-0.005309 0.005997 -0.003622
0.000583 -0.003268 -0.002009
-0.000338 0.016405 -0.000731
-0.001273 0.000825 0.002638
0.004698 0.006027 -0.003657
0.001963 -0.000755 -0.002296
0.001900 -0.006995 -0.004819
-0.002175 0.001093 -0.000245
-0.001236 -0.000096 0.000564
0.003140 0.001320 -0.002053
0.000234 -0.000256 -0.000643
-0.001045 -0.000960 -0.000474
-0.002853 -0.006779 -0.003650
0.001786 -0.001043 -0.002270
0.013725 -0.007657 -0.000703
0.000722 -0.002313 0.002638
-0.000311 0.001404 0.000574
-0.000623 -0.001010 -0.002229
-0.014301 -0.007580 -0.000704
0.002452 0.000806 -0.002023
0.006944 0.001721 -0.004870
-0.001457 0.000574 -0.000219
-0.007840 0.001953 -0.003681
0.000593 -0.002420 -0.002061
-0.000271 0.000190 -0.001153
