5.4942 9.51444 -0.00432
-5.4948 9.51652 -0.0116
-0.00786 0.01644 13.3982
1 0 0
0 1 0
0 0 1
0.2497800000469113 0.0000749999740677 0.9971900000298461	Ir
0.1664525000430643 0.9167199999884161 0.1668466666965287	Ir
0.2497774999985936 0.2500724999803907 0.0001766666666470	Ir
0.1664525000430643 0.1667199999884161 0.1668466666965287	Ir
0.4997774999985936 0.0000724999803907 0.0001766666666470	Ir
0.4164525000430643 0.9167199999884161 0.1668466666965287	Ir
0.2497774999985936 0.5000724999803907 0.0001766666666470	Ir
0.1664525000430643 0.4167199999884161 0.1668466666965287	Ir
0.4997774999985936 0.2500724999803907 0.0001766666666470	Ir
0.4164525000430643 0.1667199999884161 0.1668466666965287	Ir
0.7497774999985936 0.0000724999803907 0.0001766666666470	Ir
0.6664525000430643 0.9167199999884161 0.1668466666965287	Ir
0.2497774999985936 0.7500724999803907 0.0001766666666470	Ir
0.1664525000430643 0.6667199999884161 0.1668466666965287	Ir
0.4997774999985936 0.5000724999803907 0.0001766666666470	Ir
0.4164525000430643 0.4167199999884161 0.1668466666965287	Ir
0.7497774999985936 0.2500724999803907 0.0001766666666470	Ir
0.6664525000430643 0.1667199999884161 0.1668466666965287	Ir
0.9997774999985936 0.0000724999803907 0.0001766666666470	Ir
0.9164525000430643 0.9167199999884161 0.1668466666965287	Ir
0.4997774999985936 0.7500724999803907 0.0001766666666470	Ir
0.4164525000430643 0.6667199999884161 0.1668466666965287	Ir
0.7497774999985936 0.5000724999803907 0.0001766666666470	Ir
0.6664525000430643 0.4167199999884161 0.1668466666965287	Ir
0.9997774999985936 0.2500724999803907 0.0001766666666470	Ir
0.9164525000430643 0.1667199999884161 0.1668466666965287	Ir
0.7497774999985936 0.7500724999803907 0.0001766666666470	Ir
0.6664525000430643 0.6667199999884161 0.1668466666965287	Ir
0.9997774999985936 0.5000724999803907 0.0001766666666470	Ir
0.9164525000430643 0.4167199999884161 0.1668466666965287	Ir
0.9997774999985936 0.7500724999803907 0.0001766666666470	Ir
0.9164525000430643 0.6667199999884161 0.1668466666965287	Ir
0.2497774999985936 0.0000724999803907 0.3335099999999827	Ir
0.1664525000430643 0.9167199999884161 0.5001800000298573	Ir
0.2497774999985936 0.2500724999803907 0.3335099999999827	Ir
0.1664525000430643 0.1667199999884161 0.5001800000298573	Ir
0.4997774999985936 0.0000724999803907 0.3335099999999827	Ir
0.4164525000430643 0.9167199999884161 0.5001800000298573	Ir
0.2497774999985936 0.5000724999803907 0.3335099999999827	Ir
0.1664525000430643 0.4167199999884161 0.5001800000298573	Ir
0.4997774999985936 0.2500724999803907 0.3335099999999827	Ir
0.4164525000430643 0.1667199999884161 0.5001800000298573	Ir
0.7497774999985936 0.0000724999803907 0.3335099999999827	Ir
0.6664525000430643 0.9167199999884161 0.5001800000298573	Ir
0.2497774999985936 0.7500724999803907 0.3335099999999827	Ir
0.1664525000430643 0.6667199999884161 0.5001800000298573	Ir
0.4997774999985936 0.5000724999803907 0.3335099999999827	Ir
0.4164525000430643 0.4167199999884161 0.5001800000298573	Ir
0.7497774999985936 0.2500724999803907 0.3335099999999827	Ir
0.6664525000430643 0.1667199999884161 0.5001800000298573	Ir
0.9997774999985936 0.0000724999803907 0.3335099999999827	Ir
0.9164525000430643 0.9167199999884161 0.5001800000298573	Ir
0.4997774999985936 0.7500724999803907 0.3335099999999827	Ir
0.4164525000430643 0.6667199999884161 0.5001800000298573	Ir
0.7497774999985936 0.5000724999803907 0.3335099999999827	Ir
0.6664525000430643 0.4167199999884161 0.5001800000298573	Ir
0.9997774999985936 0.2500724999803907 0.3335099999999827	Ir
0.9164525000430643 0.1667199999884161 0.5001800000298573	Ir
0.7497774999985936 0.7500724999803907 0.3335099999999827	Ir
0.6664525000430643 0.6667199999884161 0.5001800000298573	Ir
0.9997774999985936 0.5000724999803907 0.3335099999999827	Ir
0.9164525000430643 0.4167199999884161 0.5001800000298573	Ir
0.9997774999985936 0.7500724999803907 0.3335099999999827	Ir
0.9164525000430643 0.6667199999884161 0.5001800000298573	Ir
0.2497774999985936 0.0000724999803907 0.6668433333333184	Ir
0.1664525000430643 0.9167199999884161 0.8335133333631930	Ir
0.2497774999985936 0.2500724999803907 0.6668433333333184	Ir
0.1664525000430643 0.1667199999884161 0.8335133333631930	Ir
0.4997774999985936 0.0000724999803907 0.6668433333333184	Ir
0.4164525000430643 0.9167199999884161 0.8335133333631930	Ir
0.2497774999985936 0.5000724999803907 0.6668433333333184	Ir
0.1664525000430643 0.4167199999884161 0.8335133333631930	Ir
0.4997774999985936 0.2500724999803907 0.6668433333333184	Ir
0.4164525000430643 0.1667199999884161 0.8335133333631930	Ir
0.7497774999985936 0.0000724999803907 0.6668433333333184	Ir
0.6664525000430643 0.9167199999884161 0.8335133333631930	Ir
0.2497774999985936 0.7500724999803907 0.6668433333333184	Ir
0.1664525000430643 0.6667199999884161 0.8335133333631930	Ir
0.4997774999985936 0.5000724999803907 0.6668433333333184	Ir
0.4164525000430643 0.4167199999884161 0.8335133333631930	Ir
0.7497774999985936 0.2500724999803907 0.6668433333333184	Ir
0.6664525000430643 0.1667199999884161 0.8335133333631930	Ir
0.9997774999985936 0.0000724999803907 0.6668433333333184	Ir
0.9164525000430643 0.9167199999884161 0.8335133333631930	Ir
0.4997774999985936 0.7500724999803907 0.6668433333333184	Ir
0.4164525000430643 0.6667199999884161 0.8335133333631930	Ir
0.7497774999985936 0.5000724999803907 0.6668433333333184	Ir
0.6664525000430643 0.4167199999884161 0.8335133333631930	Ir
0.9997774999985936 0.2500724999803907 0.6668433333333184	Ir
0.9164525000430643 0.1667199999884161 0.8335133333631930	Ir
0.7497774999985936 0.7500724999803907 0.6668433333333184	Ir
0.6664525000430643 0.6667199999884161 0.8335133333631930	Ir
0.9997774999985936 0.5000724999803907 0.6668433333333184	Ir
0.9164525000430643 0.4167199999884161 0.8335133333631930	Ir
0.9997774999985936 0.7500724999803907 0.6668433333333184	Ir
0.9164525000430643 0.6667199999884161 0.8335133333631930	Ir
