2176.0000 0.05 1
1.875
3.75
6.25
6.25
7.5
16.25
8.75
6.25
17.5
16.25
14.375
16.25
25
16.25
6.25
31.25
23.125
18.125
28.75
10
10
13.125
10
10
16.25
20
25
30
37.5
19.375
25
26.25
13.75
26.875
20.625
29.375
21.25
41.25
44.375
30.625
38.75
53.75
48.75
45.625
41.875
66.25
55.625
49.375
85
91.875
98.75
124.375
137.5
133.75
140
152.5
182.5
151.875
156.25
201.25
176.875
176.25
231.875
253.125
267.5
237.5
235.625
279.375
291.875
308.125
300
318.75
303.75
311.25
323.75
339.375
338.75
362.5
315.625
356.25
368.75
368.75
330
360.625
333.125
379.375
312.5
296.875
303.125
286.25
272.5
253.125
233.75
248.125
253.75
296.875
208.125
250
310.625
296.875
317.5
306.25
310.625
300.625
250.625
293.125
310.625
295
324.375
276.875
281.25
298.75
275.625
318.75
293.75
315.625
246.875
300.625
350.625
318.75
316.25
314.375
325.625
363.75
343.75
379.375
400
380
390.625
393.75
395
430.625
450.625
471.875
451.25
441.875
452.5
435.625
450
417.5
405
430.625
381.25
356.875
318.125
354.375
327.5
309.375
318.125
328.75
302.5
280.625
212.5
258.125
249.375
302.5
279.375
247.5
271.25
226.25
318.75
286.875
330.625
300.625
303.125
290.625
283.75
296.25
349.375
293.75
321.25
355
371.25
356.25
259.375
289.375
213.125
289.375
345.625
264.375
265
266.25
259.375
236.25
246.25
249.375
261.875
327.5
240.625
226.875
238.75
221.875
183.125
245
258.75
281.25
255.625
303.75
256.25
264.375
253.75
206.875
206.25
267.5
254.375
327.5
344.375
342.5
356.25
272.5
368.75
292.5
513.125
533.125
511.25
427.5
364.375
263.75
231.25
203.125
165.625
119.375
62.5
32.5
11.25
3.75
1.875
3.75
1.25
0
0
0
0
0
0
0
0
0
0
2.5
0
