0.008492 0.050543 0.059605
-0.005567 -0.000775 0.001283
0.010569 0.005386 0.000089
0.001919 0.000818 -0.002200
0.009856 0.001987 -0.002931
-0.001059 -0.003246 -0.000209
-0.004913 -0.002072 -0.004424
-0.005900 0.007323 0.000238
-0.008609 0.000805 -0.007768
0.005577 0.011434 0.009507
-0.002665 -0.001041 0.004367
-0.006427 -0.004709 0.001221
-0.001724 -0.004663 0.009352
-0.005749 0.002905 -0.000459
0.004717 -0.001367 -0.005389
0.000925 -0.003784 0.000006
0.010748 0.002491 0.000199
-0.005577 -0.001172 0.001306
0.014447 0.014684 0.004713
0.002045 -0.001663 -0.003759
0.008566 0.002899 -0.002821
-0.000495 -0.005581 -0.000042
-0.004757 -0.006054 -0.004872
-0.003087 0.003620 -0.000466
-0.020367 0.012700 -0.008479
0.005284 -0.010299 -0.002566
-0.000463 0.003041 0.009365
-0.005765 -0.002504 0.003349
-0.001964 -0.004972 0.009554
-0.005460 0.000675 -0.000222
0.005328 0.001123 -0.004570
0.002980 -0.002596 -0.000313
0.011013 0.000070 0.002470
-0.005317 -0.000725 0.001312
0.010810 0.003395 0.000251
0.002185 0.001289 -0.003032
0.007353 0.001786 -0.002623
-0.001612 -0.004678 -0.000540
-0.004243 -0.001989 -0.005092
-0.006056 0.005918 0.000227
-0.008306 0.001308 -0.007904
0.004856 0.010632 -0.014151
-0.003034 -0.002473 0.004781
-0.004282 0.036696 -0.042124
-0.001663 -0.004004 0.011078
-0.001167 -0.569616 0.005683
-0.035743 0.038293 -0.002180
-0.002819 0.004574 0.004353
0.010784 0.002214 0.000842
-0.003985 -0.001942 0.001792
0.010649 0.004257 0.000129
0.001936 -0.000150 -0.002780
0.008461 0.003321 -0.002904
-0.001124 -0.003495 -0.000630
-0.005561 -0.001536 -0.005796
-0.004193 0.004490 0.000571
-0.008548 0.001519 -0.007677
0.005766 0.010412 -0.013262
-0.004193 -0.003235 0.004075
-0.006728 0.003559 -0.003324
-0.001722 -0.004613 0.009394
-0.005423 -0.008338 -0.001759
0.004895 0.001800 -0.005568
0.002557 -0.002093 0.000787
0.010672 0.002625 0.000695
-0.007185 -0.003756 0.000389
0.006635 0.015353 -0.004944
0.002126 0.049751 -0.059987
0.008298 0.000436 -0.000994
0.046301 0.034778 -0.001201
-0.004213 -0.009804 -0.004958
-0.008474 0.011858 -0.003882
0.003166 0.013071 -0.006746
0.005399 -0.001194 -0.002097
-0.005716 -0.005125 0.005135
-0.005759 -0.002043 0.002665
-0.001372 -0.004919 0.009476
-0.005665 0.000418 -0.001110
0.005438 0.000348 -0.004894
0.002662 -0.001813 0.000677
0.010472 0.001570 0.000554
-0.005607 -0.000599 0.001371
0.009947 0.003475 0.001915
0.002800 0.006446 -0.008746
0.008639 0.003210 -0.002670
-0.002695 -0.002726 -0.000715
-0.004599 -0.002670 -0.004976
-0.002873 0.003325 0.000793
-0.009258 0.001249 -0.007902
0.005085 -0.000174 -0.002470
-0.000392 0.003451 0.000024
-0.006031 -0.003229 0.003011
-0.000264 -0.005804 0.010400
-0.005890 0.000442 -0.001003
0.004318 0.001799 -0.005653
-0.001640 0.003627 0.002714
0.011611 0.006353 0.004765
-0.006312 -0.001969 0.000971
0.010797 0.004414 -0.000190
0.002288 0.000431 -0.002424
0.008519 0.003246 -0.002940
-0.001765 -0.004530 -0.000334
-0.004112 -0.001961 -0.004180
-0.004359 0.005261 0.000111
-0.008301 0.000803 -0.007848
0.004756 0.016852 0.014142
-0.004359 -0.003021 0.004450
-0.007181 -0.002013 0.002394
-0.001627 -0.006556 0.009341
-0.005721 0.001546 -0.000425
0.005979 0.000812 -0.005187
0.003035 -0.002913 -0.000339
0.010666 0.002179 0.000338
-0.005263 -0.002848 0.001018
0.010182 0.004206 -0.002404
0.002317 -0.000088 -0.003237
0.008546 0.001146 -0.002646
-0.003088 -0.002896 -0.000842
-0.004547 -0.001640 -0.004781
-0.008225 0.011810 0.004575
-0.007903 0.001046 -0.007837
0.005252 -0.001946 -0.002457
-0.005298 -0.005303 0.003527
-0.006202 -0.002534 0.003210
-0.003322 -0.005866 0.008774
-0.005408 0.000458 -0.000021
0.004698 0.000390 -0.005283
0.001143 -0.004198 -0.001010
-0.032904 0.019901 0.003009
0.004600 -0.002484 0.001870
-0.004325 0.032773 0.002100
-0.003057 0.001419 0.003455
0.000480 0.012252 0.003833
0.006381 -0.000908 -0.001806
0.004292 -0.000407 -0.004407
0.004046 -0.001289 -0.000935
0.005230 0.016284 0.006797
0.000302 -0.008122 -0.007496
0.002408 0.002299 0.005587
-0.022253 -0.004329 -0.005087
0.003529 0.001140 0.011385
-0.000473 -0.007238 -0.009241
0.017798 -0.002121 -0.000402
-0.000745 0.010547 0.012291
-0.012842 -0.000497 0.003085
0.004213 -0.005740 0.000843
-0.002707 0.000475 0.002390
-0.004440 0.004066 0.002716
0.001933 0.012489 -0.002039
0.004480 0.021936 0.028382
-0.000310 0.008095 -0.000862
0.004182 -0.001446 -0.002412
0.009848 0.006674 0.001901
-0.006661 -0.000219 -0.005761
0.001737 0.002449 0.005736
-0.023592 -0.005355 -0.004694
0.001798 0.004914 0.011911
0.000347 -0.007875 -0.009873
0.018858 0.001787 0.000157
-0.006113 0.001277 0.007586
0.006457 0.018495 0.002469
0.005738 -0.003658 0.002365
-0.000899 0.029772 0.003510
0.001437 0.009913 -0.000706
-0.004620 0.004345 -0.000522
0.006051 -0.001098 -0.001378
0.004090 -0.001744 -0.004375
0.008878 0.006278 0.002922
0.013887 0.015660 -0.003149
-0.004750 -0.000250 -0.010567
0.002398 -0.001817 0.005374
-0.021735 -0.005152 -0.003518
0.038321 0.031885 0.012542
0.001901 -0.005316 -0.011292
0.017790 -0.006225 0.000404
-0.011026 0.009568 0.003608
-0.013056 -0.000198 0.002698
0.004911 -0.002375 0.000873
-0.002283 0.002464 0.002984
-0.004491 0.003741 0.002506
0.000513 0.012180 -0.005766
0.006061 -0.001921 -0.001535
0.004202 -0.000556 -0.004454
0.002902 0.000066 -0.000387
0.010699 0.005019 0.003771
0.000511 -0.008461 -0.004515
0.002174 0.002388 0.005301
-0.023983 -0.006233 -0.003337
0.002248 0.004731 0.011259
-0.000306 -0.006437 -0.009433
0.017614 -0.002505 -0.000613
-0.006592 0.000114 0.008960
-0.012866 -0.000621 0.002656
-0.042401 0.030809 0.001387
-0.002765 0.001804 0.002268
-0.004847 0.003098 0.004155
-0.003401 0.005756 -0.001363
0.006057 -0.003295 0.000609
0.008950 0.009079 -0.008780
0.005949 0.004884 0.001978
0.009690 0.004474 0.001988
-0.001116 -0.006263 -0.006260
0.003358 0.002574 0.004717
-0.027370 0.001651 -0.009385
0.001262 0.003979 0.011973
-0.002043 -0.007924 -0.008924
0.017341 0.001817 0.000483
-0.006024 -0.000851 0.007745
-0.012544 -0.000414 0.002982
0.005637 -0.002120 0.001024
-0.002755 0.000301 0.002434
-0.003182 0.001661 0.004539
-0.004003 0.005529 -0.001424
0.005880 -0.001400 -0.001008
0.005250 -0.000542 -0.003079
0.003104 -0.000048 -0.000638
0.009745 0.006072 0.001799
-0.000361 -0.006502 -0.006132
0.001699 0.002718 0.004784
-0.022288 -0.004045 -0.005068
0.002177 0.004549 0.011311
-0.000641 -0.006925 -0.009911
0.017783 0.001018 0.000061
-0.006039 0.000646 0.007837
-0.012705 -0.000403 0.002929
0.005411 -0.003442 0.000955
-0.003103 0.002586 0.002817
-0.004312 0.002890 0.003242
-0.004375 0.004034 -0.002959
0.005803 -0.001337 -0.001910
0.004247 0.000182 -0.004671
0.003433 -0.000868 -0.000962
0.009486 0.005288 0.000643
-0.003805 -0.000352 -0.001743
0.002229 0.003309 0.005603
-0.025651 0.000768 -0.007746
0.001717 0.004460 0.011669
-0.000498 -0.008804 -0.009412
0.017565 -0.005641 -0.001476
-0.005528 0.000262 0.006733
-0.013238 -0.000931 0.002372
0.005824 -0.003028 0.001298
-0.002713 0.001915 0.002134
-0.000207 0.009708 0.000209
-0.004388 0.006138 -0.001655
0.005596 0.004464 0.004871
0.003791 -0.000735 -0.005946
0.002416 -0.000589 -0.002065
0.009926 0.006121 0.002373
0.000211 -0.006076 -0.006205
0.002852 0.002622 0.006050
-0.022280 -0.005317 -0.004344
0.002257 0.003410 0.010803
0.000428 -0.006531 -0.009499
0.017795 0.001011 -0.000031
-0.006079 0.001370 0.007982
