864.0000 0.05 1
0.4
3.2
0
4.8
0
3.2
0
12
0
4.8
0
4.8
3.2
7.2
14.4
0
2.4
4.8
14.4
0
4.8
4
4
9.6
14.4
9.6
0
9.6
16.8
9.6
0
0
4.8
10.4
33.6
4.8
9.6
14.4
9.6
4.8
11.6
7.6
2.4
20
14
20.4
20.8
4.8
11.2
27.2
4.8
21.6
12.8
26.4
9.6
28.8
4.8
10.4
24
22
76.8
43.2
55.2
67.2
79.2
36
91.2
100.8
67.2
64.8
68
127.6
69.6
122
76
97.6
63.2
81.6
124
168
91.2
99.2
51.2
119.2
98.8
119.6
198
88.8
119.6
96.4
77.6
80.8
98.4
105.6
85.6
96.8
36
62.4
93.6
133.2
178.8
142.4
128
83.2
146.8
75.6
104
130.4
72.8
91.6
135.6
66
125.6
134.8
118.4
158.4
104
206.4
160
101.6
117.6
81.6
151.2
74.8
54
76.8
43.2
54.4
62.4
66.4
129.2
105.2
141.6
192
170
139.6
220.8
169.6
139.6
97.6
154.8
154
198
142.4
151.2
84.8
170.4
117.6
152.4
153.6
113.6
156.4
191.2
204
105.6
137.6
166.4
161.6
166.4
178.8
148
157.6
127.2
160.8
129.6
110.4
110.4
115.2
136
91.2
73.6
96
92.8
88.8
66.4
108.4
107.6
123.6
102.8
66.4
42.4
66.8
92.4
58.4
108
73.6
140.8
73.2
32.4
86.4
96.8
21.6
72
50.4
60.8
106.4
73.6
103.2
88.4
109.2
63.2
40
74.8
69.6
9.6
111.2
77.6
46.4
136
154.4
108.8
56
97.2
188
96.4
136
45.6
110.4
122.4
110.4
136.8
151.2
171.2
149.6
172
175.2
123.2
154.4
246.4
230.4
136.4
148.8
164.8
108.8
137.2
138.8
96.4
42
44.4
27.2
17.6
16.8
29.6
7.2
11.2
12.8
4
16
8
12.8
12.8
20.4
10.4
8
8.8
8
5.6
4
2.8
2.4
7.2
3.2
8.4
10
5.2
6
8
4.4
6.4
6.8
6
3.2
6
7.2
5.2
6
5.6
3.2
4
2.8
3.2
1.2
3.2
2.4
2.4
6
4.8
4
10.8
2.8
3.6
0.8
1.2
2.8
1.6
1.2
2.4
0.8
1.6
3.2
2.4
0
0.8
2.4
1.6
4.8
0.8
3.2
0.8
0
1.6
1.6
0.8
0
0.8
1.6
0
0.8
0
