2176.0000 0.05 1
1.875
3.75
6.25
6.25
7.5
16.25
8.75
6.25
17.5
16.25
14.375
16.25
25
16.25
6.25
31.25
23.125
18.125
28.75
10
10
13.125
10
10
16.25
20
25
30
37.5
19.375
22.5
28.75
13.75
26.875
21.875
28.125
21.25
41.25
44.375
30.625
37.5
55
48.75
45.625
41.875
67.5
54.375
48.125
85.625
92.5
98.75
124.375
137.5
135
138.125
155
180.625
151.875
158.125
199.375
177.5
175.625
233.125
251.875
270
238.75
231.875
280.625
293.75
309.375
296.875
320
302.5
312.5
323.125
341.25
339.375
363.125
316.875
355
371.25
365
328.75
360.625
336.875
374.375
313.125
295
304.375
285
275
254.375
231.25
252.5
249.375
299.375
206.25
249.375
312.5
293.75
320
309.375
310
300
249.375
292.5
311.875
296.25
326.25
273.125
278.125
305.625
268.75
323.75
289.375
315
251.25
298.125
352.5
318.125
316.25
312.5
330
361.25
341.875
381.875
401.875
378.125
390.625
393.125
395.625
430.625
453.125
469.375
450
443.75
453.75
436.25
447.5
416.875
405
430
381.875
359.375
315
352.5
329.375
310.625
317.5
330
303.125
275.625
217.5
253.75
251.25
304.375
277.5
246.25
272.5
226.875
318.75
288.125
326.875
304.375
301.25
290.625
285
296.875
350
293.75
321.875
351.875
371.25
356.25
263.125
283.75
216.25
286.875
346.25
266.875
263.125
268.125
257.5
234.375
246.25
250.625
265.625
326.25
238.125
225
241.25
223.75
181.25
246.25
256.25
280
255.625
309.375
251.875
263.125
259.375
205.625
203.125
268.75
253.125
326.25
345.625
343.125
354.375
276.875
365
297.5
510.625
535
513.125
420.625
368.75
260
232.5
203.125
165
118.75
63.125
31.25
10
5
1.875
3.75
1.25
0
0
0
0
0
0
0
0
0
0
2.5
0
