0.010555 0.001501 0.002017
-0.002734 0.001380 0.001570
0.010153 0.003969 0.000097
0.002813 0.000828 -0.003372
0.008693 0.002749 -0.002659
-0.000210 -0.003397 -0.001216
-0.003519 -0.002133 -0.004872
-0.005589 0.005919 0.000851
-0.007253 0.000494 -0.007587
0.004579 0.000728 -0.003296
-0.003424 -0.002347 0.004430
-0.004237 -0.002799 0.002598
-0.002248 -0.006374 0.009304
-0.005156 0.000596 -0.000439
0.004762 0.001003 -0.003804
0.001743 -0.001708 0.000670
0.011652 0.002462 0.001220
-0.006099 -0.003249 0.001348
0.011710 0.005142 0.000055
0.003832 0.000848 -0.003416
0.008117 0.003622 -0.002643
-0.001760 -0.003868 -0.001659
-0.003886 -0.001480 -0.004461
-0.006127 0.005552 0.001264
-0.009757 0.000909 -0.007127
0.005762 -0.001565 -0.002784
-0.003354 -0.002196 0.004908
-0.004997 -0.003075 0.002447
0.003364 -0.002621 0.013600
-0.005985 0.000620 -0.001779
0.005395 0.000908 -0.004905
-0.002547 -0.002009 0.000475
0.010057 0.003207 0.001899
-0.008132 -0.001055 0.001716
0.016737 0.001085 -0.004668
0.022184 0.001044 -0.021371
0.006591 0.003382 -0.001425
-0.003690 -0.002911 -0.000050
-0.005223 -0.002277 -0.004699
-0.001237 0.005980 -0.003190
-0.008693 0.000335 -0.007886
0.013695 0.001614 0.001235
-0.003320 -0.002581 0.004373
0.007113 -0.002542 0.016745
-0.001356 -0.006288 0.009207
-0.005855 0.001233 -0.002050
0.005058 0.000975 -0.005355
0.001881 -0.001846 0.000921
0.010636 0.001132 0.000331
-0.006249 -0.002107 0.001191
0.010005 0.004253 -0.000424
0.002798 0.000433 -0.003158
0.008613 0.002660 -0.002425
-0.001435 -0.003599 -0.001210
-0.004228 -0.002170 -0.005005
-0.004840 0.006108 0.000898
-0.008196 0.000712 -0.007812
0.005647 -0.001322 -0.002736
-0.004571 -0.001490 0.003734
-0.004483 -0.002612 0.001459
0.002259 -0.001881 0.009657
-0.005824 -0.001089 -0.000148
0.003785 0.001010 -0.004704
-0.000012 -0.001208 0.000980
0.011509 0.002459 0.001387
-0.000608 0.002024 0.005607
0.010516 0.004875 -0.000025
0.002956 0.000024 -0.003337
0.009043 0.003323 -0.002958
-0.001765 -0.002890 -0.001902
-0.005990 -0.002130 -0.004470
-0.005929 0.006497 0.001617
-0.008050 0.000015 -0.007543
0.005056 -0.001229 -0.001344
-0.003882 -0.002565 0.003146
-0.005129 -0.002084 0.002087
-0.002239 -0.005815 0.008978
-0.005310 0.000586 -0.000208
0.004303 0.001622 -0.005189
0.003174 -0.001750 0.000973
0.011426 0.002554 0.001364
-0.006123 -0.003321 0.001896
0.007309 0.003877 -0.000180
0.022488 0.019474 -0.003699
0.008918 0.002252 -0.002589
0.003636 0.002349 0.001959
-0.005828 -0.001686 -0.004933
-0.000655 0.010368 -0.003184
-0.007572 0.002200 -0.007515
0.005041 -0.000241 -0.002202
0.024497 -0.002066 0.040276
0.014869 -0.022175 0.002588
0.003020 -0.002579 0.005500
0.006497 -0.005200 -0.006796
0.002094 0.003005 -0.004471
-0.002360 -0.002020 0.001914
0.010063 0.002878 0.001159
-0.005048 -0.002527 0.001258
0.016102 0.001460 0.004471
0.022811 0.000271 0.016334
0.006886 0.003236 -0.003785
0.002631 -0.002884 0.002830
-0.003602 -0.002198 -0.004516
-0.007222 0.006206 -0.000179
-0.007229 0.000830 -0.007633
0.004909 -0.001841 -0.000787
-0.005182 -0.003216 0.003179
0.006884 -0.001870 -0.011190
-0.004211 -0.004125 0.009035
0.002062 -0.002211 -0.003885
0.027410 0.001809 -0.032910
0.000076 -0.001858 0.001057
0.039617 0.001803 0.001591
-0.001007 0.001416 -0.002480
0.016709 -0.002462 -0.000764
0.015184 -0.012412 -0.002919
0.029779 -0.028621 -0.002311
0.003014 -0.007137 0.001552
-0.002645 -0.004865 -0.007491
-0.000147 0.001700 -0.002959
-0.009603 0.000050 -0.008023
0.015129 0.003273 0.002675
-0.003717 -0.002505 0.003812
0.014677 0.016747 0.001893
-0.002373 -0.005776 0.009455
-0.006348 -0.000940 -0.000537
0.003118 0.001233 -0.004484
0.002954 -0.001533 0.000588
-0.012107 -0.001656 0.003164
0.004506 -0.002708 0.001186
-0.002716 0.001263 0.002553
-0.004056 0.003974 0.002373
-0.004856 0.006898 -0.003157
0.005525 -0.001610 -0.000900
0.004224 -0.000933 -0.004521
0.001733 0.000148 -0.000348
0.009873 0.005046 0.002350
-0.000174 -0.005806 -0.004622
0.002912 0.003241 0.005404
-0.020961 -0.004058 -0.005189
0.002527 0.004348 0.010291
-0.000573 -0.006825 -0.009045
0.017003 -0.000517 -0.000160
-0.007188 0.002271 0.007570
-0.011835 -0.000507 0.002279
0.004571 -0.002426 0.001712
-0.002727 0.000774 0.002486
-0.003623 0.003281 0.003396
-0.004215 0.006163 -0.002212
0.006681 -0.001292 -0.000954
0.003879 -0.001575 -0.004312
0.003704 0.000099 -0.000271
0.009565 0.005072 0.001601
-0.001589 -0.006229 -0.005769
0.001136 0.003092 0.004492
-0.021133 -0.003818 -0.005258
0.001373 0.004470 0.011506
-0.000543 -0.006880 -0.009653
0.017724 0.000891 0.001236
-0.006813 0.001433 0.007979
-0.012411 -0.001371 0.002767
0.028181 -0.002690 -0.031996
-0.003477 0.000788 0.000731
-0.016205 0.003689 0.002596
-0.005448 0.004684 -0.002719
0.005528 -0.001177 -0.000161
0.003399 -0.001722 -0.004081
0.002026 0.000233 0.000679
0.007785 0.004318 0.000287
-0.003838 -0.005729 -0.007621
0.002693 0.002995 0.005372
-0.479997 0.004774 -0.006244
0.008535 0.005009 0.017617
-0.002642 -0.006181 -0.010520
0.024755 -0.002436 0.003684
-0.001480 -0.003314 0.011643
-0.011580 -0.001631 0.002822
0.004234 -0.002380 0.002279
-0.003051 0.002867 0.003136
-0.015322 0.003295 0.002512
-0.003629 0.005957 -0.001773
0.005202 -0.001452 -0.001537
0.004287 -0.000748 -0.004003
0.001576 0.000220 -0.000467
0.009919 0.004737 0.001122
-0.001328 -0.005815 -0.004769
0.003276 0.003079 0.005252
-0.023429 -0.004070 -0.005061
0.003616 0.004293 0.010180
-0.000582 -0.007184 -0.010071
0.018144 0.001030 -0.000017
-0.006911 0.002290 0.008506
-0.014010 -0.001451 0.002160
0.004409 -0.002780 0.001332
-0.002939 0.001025 0.001174
-0.004018 0.004772 0.003407
-0.003635 0.006425 0.000055
0.005770 -0.001127 -0.000943
0.004008 -0.001974 -0.004419
0.004175 0.000577 -0.000349
0.009663 0.005161 0.001910
-0.001793 -0.005746 -0.005920
0.002992 0.001966 0.004773
-0.022036 -0.004288 -0.005028
0.001632 0.004668 0.011558
-0.000860 -0.007138 -0.009370
0.018054 0.000915 -0.000139
-0.005680 0.001005 0.007858
-0.013597 -0.000822 0.003098
0.003187 -0.003390 0.002083
-0.003493 0.002221 0.002185
-0.003628 0.003809 0.002439
-0.003592 0.006301 -0.001550
0.035503 -0.000015 -0.001154
0.012436 0.019273 -0.004315
0.000190 -0.001041 -0.000478
0.010691 0.006184 0.001749
0.004701 -0.011162 -0.008731
0.006549 0.003706 0.004585
-0.022229 -0.003797 -0.005144
0.007104 0.000332 0.014396
0.018131 -0.035561 -0.009430
0.028255 -0.004032 0.005509
-0.004239 -0.002373 0.007391
-0.012803 -0.001678 0.002551
0.004809 -0.002544 -0.000909
0.004226 0.003707 -0.001248
-0.000509 0.003873 0.002482
-0.003528 0.006528 -0.001684
0.005401 -0.000778 -0.001284
0.002207 -0.001860 -0.005724
0.001909 0.000411 -0.001639
0.008157 0.004914 0.002823
0.005338 -0.006204 -0.012186
0.001926 0.002588 0.005609
-0.022109 -0.004105 -0.005133
-0.000588 0.004952 0.013292
-0.003596 -0.006095 -0.007700
0.017463 0.001517 0.001612
-0.000839 -0.003090 0.003274
-0.010170 -0.002319 0.003509
0.002451 -0.001212 0.003056
0.006228 0.005173 -0.003165
-0.003555 0.004010 0.002695
0.014315 0.006548 0.023969
0.006800 -0.000601 -0.000790
0.004942 -0.001054 -0.003980
-0.001638 -0.000030 -0.000319
0.025344 0.033961 0.003051
0.004413 -0.001362 -0.008282
0.001738 0.002153 0.005700
-0.021162 -0.004281 -0.005241
0.007804 0.009206 0.013864
0.001245 -0.008376 -0.010092
0.017304 0.000011 0.000105
-0.009430 0.000143 0.008102
