1.399006 -2.772300 0.125666
-0.070286 -1.761291 0.387320
0.086706 0.496535 0.007538
-0.000487 0.479150 -0.128089
0.052302 0.064079 -0.000907
0.073494 0.088252 -0.015285
0.024741 -0.028720 -0.011067
-0.289428 0.138703 0.338836
0.020719 0.007376 -0.005897
-0.012434 0.050718 0.131191
-0.678206 0.610761 0.063396
-0.324430 0.455319 -0.373976
0.000879 0.089832 -0.025123
0.011826 0.138303 -0.142599
-0.032547 0.013230 -0.006066
-0.060370 0.308958 -0.207003
-0.004113 0.018832 -0.020147
-0.018079 0.125800 0.118552
0.011062 -0.170883 0.001383
0.011571 0.021230 0.002040
0.052021 -0.002044 -0.012440
-0.003505 -0.008712 0.002987
0.118935 0.130390 0.126506
0.011245 -0.000477 0.009748
-0.025148 0.288660 -0.273548
-0.033250 0.014855 0.031017
0.019298 0.077704 -0.051441
0.024243 0.038673 -0.026190
0.003183 0.041337 -0.017420
-0.011541 0.030635 -0.019548
-0.152782 0.018842 0.073280
0.004935 0.006939 0.000719
-0.082132 0.017797 0.073628
0.014969 -0.003727 -0.024077
0.103425 0.098573 -0.026846
0.040131 0.100412 -0.001155
-0.112901 0.328618 -0.076965
0.078326 0.185763 -0.001445
-0.130531 0.180900 -0.042889
-0.120847 0.080979 0.016317
