0.012310 0.002304 0.002473
-0.004935 -0.000388 0.001982
0.010535 0.004330 -0.000227
0.001106 0.000541 -0.003074
0.007945 0.001116 -0.001804
-0.000738 -0.003671 -0.001118
-0.004292 -0.001466 -0.005098
-0.004649 0.005430 -0.000863
-0.008201 0.000033 -0.007959
0.004795 -0.000580 -0.002894
-0.002692 -0.002983 0.004371
-0.007280 -0.002799 0.002616
-0.001594 -0.003958 0.010240
-0.006104 -0.000074 -0.001097
0.004823 0.001287 -0.006130
0.002154 -0.002107 0.000616
0.012065 0.002617 0.000637
-0.005059 -0.000100 0.002293
0.010427 0.003007 -0.000943
0.001882 0.000699 -0.003244
0.008449 0.002142 -0.002693
-0.001792 -0.004545 -0.000444
-0.004503 -0.000606 -0.004416
-0.005221 0.006060 -0.000663
-0.013489 -0.003566 -0.018205
0.005100 0.000091 -0.002155
-0.003316 -0.002503 0.006592
-0.006786 -0.001091 0.004182
-0.001608 -0.005185 0.012755
-0.005864 0.000444 -0.000712
0.005685 0.000823 -0.005138
0.001281 -0.001406 0.003370
0.012094 0.002521 0.002340
-0.009957 -0.004403 -0.003965
0.010486 0.046105 -0.030257
0.038578 0.001164 -0.032774
0.012392 0.005350 -0.007520
-0.001462 -0.003342 0.007189
-0.003836 -0.002042 -0.003827
0.010547 0.005213 -0.015716
-0.007798 0.000646 -0.006555
0.004786 -0.001063 -0.001299
-0.002647 -0.001282 0.004756
-0.007255 -0.002402 0.002982
-0.001905 -0.004385 0.008821
-0.003149 -0.000639 -0.000065
-0.009452 0.002142 -0.019982
0.002860 -0.001704 0.000801
0.010721 0.001958 0.001438
-0.005177 -0.000993 0.001067
0.010744 0.004235 -0.000531
0.000863 0.000446 -0.003881
0.008035 0.002091 -0.003125
-0.001095 -0.003655 0.000446
-0.004564 -0.002349 -0.005393
-0.005129 0.006066 -0.000303
-0.008499 0.001062 -0.008411
0.005280 -0.001044 -0.003093
-0.003292 -0.002091 0.004502
-0.006845 -0.002450 0.002772
-0.001521 -0.004671 0.009911
-0.005451 0.000593 -0.000842
0.003845 0.000991 -0.006099
0.003757 -0.002113 0.002192
0.009550 0.002661 0.003345
-0.009625 -0.005381 -0.004546
0.010469 0.002652 0.000966
0.002351 0.000718 -0.003249
0.009709 0.001318 0.000093
-0.001909 -0.001804 -0.000543
-0.009168 0.002265 -0.015489
-0.005174 0.005802 0.000067
-0.008457 -0.000996 -0.007513
0.009918 0.003017 -0.012087
-0.003330 -0.002652 0.005571
-0.007095 -0.004372 0.004538
-0.001459 -0.005396 0.009252
-0.005567 0.000506 -0.000842
0.004326 0.001579 -0.006672
0.004125 -0.001671 0.000291
0.010756 0.002275 0.001408
-0.005297 -0.001048 0.001429
0.010499 0.003591 0.000195
0.002069 0.000853 -0.002277
0.008494 0.002387 -0.002085
-0.001915 -0.003178 -0.000807
-0.003900 -0.003233 -0.004166
-0.005138 0.005349 0.000107
-0.003633 0.004687 -0.016815
0.005089 -0.001740 -0.002270
-0.004959 -0.002643 0.010680
-0.004152 0.002067 -0.002354
-0.000971 -0.040468 -0.014946
-0.006282 0.002320 -0.001552
0.003405 0.002273 -0.005279
-0.045787 -0.002024 -0.038412
0.011352 0.002385 0.001296
-0.006542 0.000259 0.004014
0.010280 0.004130 0.002790
0.003367 0.000352 -0.001428
0.009423 0.000916 -0.000694
-0.001133 -0.003647 0.003046
-0.004404 -0.002188 -0.006554
-0.020472 0.006455 -0.014842
-0.008157 0.000751 -0.009213
0.005116 -0.000928 -0.003401
-0.003412 -0.002849 0.004747
-0.004622 -0.001883 0.000039
-0.001676 -0.004952 0.009590
-0.006790 0.000702 0.000263
0.025471 0.000292 -0.024158
0.003190 -0.001808 0.002083
-0.018926 0.002851 -0.028731
-0.006396 -0.000222 0.003235
0.009400 0.003703 0.000366
0.001497 0.000418 -0.002137
0.013150 0.005796 -0.008490
-0.001687 -0.003501 -0.000769
-0.000238 -0.006807 -0.014379
-0.005126 0.006176 -0.000163
-0.007747 0.001728 -0.007336
0.000430 -0.005989 -0.011530
-0.003239 -0.002420 0.004013
-0.003853 -0.007021 -0.002183
-0.001819 -0.005566 0.008915
-0.005800 0.000701 0.000618
0.003648 0.001004 -0.005492
0.003353 -0.001884 0.001212
-0.012352 -0.001269 0.002568
0.004377 -0.002744 0.000462
-0.002778 0.001627 0.002246
-0.005215 0.004063 0.003105
-0.003291 0.006163 -0.002469
0.002716 -0.005428 -0.006251
0.003945 0.000467 -0.003186
0.004284 0.000502 0.000051
0.009660 0.006582 0.002626
-0.000363 -0.005981 -0.005328
0.002093 0.002563 0.004907
-0.022238 -0.004237 -0.004857
0.003282 0.004118 0.010971
-0.000686 -0.008896 -0.008765
0.017290 -0.000138 -0.000407
-0.005567 -0.001148 0.008785
-0.012714 -0.001667 0.002617
0.005335 -0.003248 -0.000748
-0.002941 0.000796 0.001763
-0.004818 0.003025 0.003727
-0.003567 0.006320 -0.001325
0.000083 -0.001509 -0.007931
0.005621 0.000404 -0.001467
0.003658 0.002216 0.001720
0.009401 0.002356 -0.001196
-0.000579 -0.023327 -0.023973
0.002271 0.002783 0.005808
-0.024273 -0.003673 -0.003665
0.002354 0.004198 0.012091
-0.001441 -0.006674 -0.006066
0.022449 -0.003203 -0.009027
-0.005985 0.000262 0.007751
-0.014852 -0.000523 0.003348
0.019231 -0.005187 0.485451
-0.000779 0.001921 0.002322
0.001256 0.004359 -0.003651
-0.003384 0.006355 -0.002209
0.002359 0.003571 -0.006263
0.006820 -0.005205 -0.008938
0.002829 0.000509 -0.000740
0.010000 0.006510 0.002912
-0.000468 -0.005972 -0.007398
0.000465 0.002555 0.005890
0.001287 -0.004724 -0.027542
0.002358 0.004516 0.010948
-0.000070 -0.008330 -0.008673
0.017290 0.000858 0.001388
-0.009525 0.005111 0.002240
-0.012982 -0.001949 0.002678
0.004466 -0.002926 0.010312
-0.002665 0.001189 0.002448
-0.004933 0.003551 0.002711
-0.003290 0.006254 -0.000916
0.006272 -0.002071 -0.000393
0.004156 -0.000753 -0.004576
0.004166 0.000120 -0.000247
0.009882 0.007103 0.002672
-0.000951 -0.005926 -0.007286
0.002247 0.003312 0.005312
-0.023671 -0.004622 -0.006228
0.003130 0.004285 0.010991
-0.000758 -0.009254 -0.008843
0.017828 0.000742 -0.000531
-0.005706 0.000132 0.007737
-0.012640 -0.001167 0.003285
0.004605 -0.001785 -0.000616
-0.002891 0.001421 0.002974
-0.004797 0.005226 0.003917
-0.004189 0.006485 -0.032103
0.007136 -0.001314 -0.000496
0.004379 -0.000690 -0.004488
0.003495 -0.001279 0.001510
0.009271 0.004328 0.004950
-0.001224 0.011568 -0.024296
0.002084 0.003039 0.005274
-0.023133 -0.003893 -0.003996
0.002169 0.005463 0.011947
-0.001306 -0.004519 -0.012678
0.017747 -0.000169 0.000738
-0.007508 -0.000929 0.010650
-0.012697 -0.001965 0.003542
0.004701 -0.002718 -0.000528
-0.002895 0.000530 0.003514
-0.000447 -0.000517 -0.002642
-0.004057 0.006197 -0.001222
0.004112 -0.000895 -0.001907
0.008382 -0.004477 -0.009744
0.000666 0.004717 -0.005418
0.009416 0.004195 0.000811
-0.001631 0.016183 -0.029346
0.004162 0.005505 0.002513
-0.022480 -0.003880 -0.004873
0.001815 0.002775 0.017257
-0.002195 0.006607 -0.016846
0.012973 0.005046 -0.008468
-0.005711 -0.000766 0.008592
-0.011279 -0.001820 0.003450
0.004742 -0.002597 -0.001785
-0.003348 0.001169 0.002972
-0.002726 0.003860 0.002642
-0.003459 0.006274 -0.000639
0.006971 0.000165 0.000303
0.005892 0.000702 -0.002136
-0.002611 0.000027 -0.006377
0.010036 0.006181 0.001466
-0.000913 -0.005931 0.005910
0.003562 0.003235 0.006226
-0.020388 -0.004229 -0.002914
0.002569 0.005081 0.010765
-0.000136 -0.008084 -0.009758
0.017964 0.000828 -0.001351
-0.006940 -0.000733 0.009398
-0.010650 -0.004115 -0.000617
0.005299 -0.002812 -0.000462
-0.004094 -0.001172 -0.000017
-0.000877 0.008147 -0.002546
-0.001406 0.006336 -0.026154
0.006919 -0.000845 -0.000607
0.004559 -0.000585 -0.003637
0.000562 -0.003364 -0.004986
0.010006 -0.013108 -0.010658
-0.000937 -0.028089 -0.029389
0.001918 0.003496 0.006082
-0.022667 -0.004233 -0.005045
0.002751 0.006919 0.017272
0.000026 -0.006433 -0.011143
0.017557 0.001419 0.000629
-0.009196 0.004655 0.002237
