2176.0000 0.05 1
1.11111
4.44444
11.1111
2.22222
11.1111
4.44444
13.3333
11.1111
20
11.1111
6.66667
11.1111
24.4444
23.3333
17.7778
23.3333
26.6667
18.8889
13.3333
32.2222
18.8889
8.88889
4.44444
10
14.4444
16.6667
34.4444
37.7778
25.5556
40
11.1111
26.6667
17.7778
31.1111
24.4444
32.2222
26.6667
27.7778
40
24.4444
32.2222
46.6667
36.6667
47.7778
70
55.5556
56.6667
41.1111
80
106.667
95.5556
126.667
125.556
136.667
153.333
146.667
158.889
192.222
190
200
218.889
267.778
192.222
230
232.222
288.889
235.556
278.889
255.556
261.111
290
302.222
317.778
335.556
321.111
347.778
284.444
350
304.444
308.889
291.111
301.111
295.556
275.556
316.667
273.333
248.889
285.556
292.222
295.556
314.444
316.667
323.333
307.778
335.556
316.667
317.778
296.667
292.222
298.889
304.444
288.889
330
357.778
318.889
360
374.444
358.889
353.333
352.222
338.889
288.889
255.556
217.778
175.556
162.222
188.889
241.111
264.444
331.111
352.222
394.444
420
400
426.667
412.222
450
402.222
377.778
361.111
344.444
368.889
345.556
398.889
380
376.667
388.889
427.778
402.222
461.111
404.444
412.222
406.667
356.667
355.556
376.667
371.111
376.667
428.889
420
410
441.111
403.333
332.222
361.111
320
353.333
312.222
324.444
262.222
283.333
256.667
270
264.444
242.222
224.444
274.444
213.333
241.111
217.778
232.222
258.889
218.889
246.667
234.444
214.444
206.667
225.556
178.889
205.556
176.667
195.556
175.556
177.778
253.333
233.333
235.556
211.111
218.889
168.889
176.667
193.333
261.111
238.889
224.444
270
242.222
223.333
264.444
352.222
337.778
320
298.889
334.444
307.778
331.111
382.222
407.778
433.333
426.667
443.333
437.778
511.111
483.333
527.778
498.889
464.444
385.556
301.111
190
54.4444
1.11111
0
0
0
0
0
0
0
0
0
0
0
0
0
0
0
0
0
0
0
0
0
0
0
4.44444
4.44444
0
6.66667
0
0
1.11111
4.44444
0
2.22222
2.22222
6.66667
0
2.22222
0
4.44444
4.44444
0
0
4.44444
0
1.11111
0
2.22222
0
2.22222
0
2.22222
0
