-0.009674 0.010277 0.012303
-0.011913 -0.006737 -0.000340
-0.001734 0.019523 0.000770
0.011994 0.007502 -0.002627
-0.003387 0.012921 -0.005545
-0.008329 0.000329 -0.002284
0.001495 0.004906 0.007416
-0.001047 -0.016585 -0.002201
-0.000581 -0.010639 -0.000248
-0.011664 -0.004319 -0.001985
0.011366 -0.006702 0.000497
-0.009437 -0.006487 -0.003778
0.005985 -0.008661 0.006543
0.003424 -0.019738 0.000249
-0.003691 0.001731 0.002997
0.011628 -0.007276 0.007027
0.002248 0.011334 0.012337
-0.014271 0.000738 0.002038
-0.001885 0.019307 0.001593
0.011586 0.009149 -0.003067
0.000010 0.017667 -0.005468
-0.009668 -0.000047 -0.002549
-0.001497 0.003842 0.005457
0.002120 -0.015766 -0.004532
-0.003607 -0.010794 -0.002679
-0.009690 -0.006933 -0.002756
0.010522 -0.005249 0.001122
-0.005797 -0.005762 -0.002475
0.003800 -0.007716 0.004111
0.003049 -0.018678 0.000113
-0.003945 -0.002070 -0.002234
0.012912 -0.011935 0.002304
0.002820 0.011495 0.012452
-0.017431 0.000158 -0.003636
-0.001735 0.019157 0.000116
0.008706 0.011990 -0.003862
-0.012669 0.016059 -0.006923
-0.020420 0.001992 -0.002088
-0.018719 -0.004284 0.001269
-0.008459 -0.015877 -0.003770
-0.054785 0.020308 -0.064181
-0.011226 -0.005084 -0.002074
0.010552 -0.005448 0.000427
-0.001530 -0.005868 -0.004801
0.003525 -0.008160 0.002880
0.002836 -0.018246 -0.002085
-0.012936 -0.009586 0.019702
0.012747 -0.011436 0.003312
0.001564 0.010087 0.011985
-0.010077 0.002008 0.000467
0.000076 0.019403 0.000278
0.011139 0.006068 -0.007712
-0.001097 0.014998 -0.005554
-0.012061 -0.002687 -0.002240
-0.000818 0.004017 0.004294
0.001212 -0.015519 -0.003673
-0.003577 -0.011891 -0.000794
-0.012517 -0.004659 -0.001165
0.010886 -0.006259 -0.000037
-0.008236 -0.005261 -0.003119
0.002020 -0.005366 0.001235
0.003443 -0.019173 -0.001409
-0.004408 0.000896 0.002077
0.013417 -0.009428 -0.000588
-0.001295 0.011613 0.011693
-0.008498 -0.000854 0.000276
-0.003247 0.019337 0.000822
0.014487 0.007340 -0.003578
-0.003447 0.010884 -0.008982
-0.008004 0.000587 -0.002121
0.000498 0.004231 0.002201
-0.001294 -0.015194 -0.002979
-0.003623 -0.011726 -0.000953
-0.011215 -0.003894 -0.002048
0.011993 -0.007070 0.000243
-0.009050 -0.004847 -0.005299
-0.004077 -0.006908 0.004265
0.004220 -0.019617 -0.001152
-0.007673 -0.003049 0.005780
0.014534 -0.012091 0.004716
-0.001066 0.011552 0.012328
-0.007262 0.001254 0.000519
-0.002181 0.019047 0.000145
0.013042 0.008356 -0.002743
-0.000597 0.015430 -0.005938
-0.011579 0.001711 0.002238
0.000179 0.003041 0.004805
0.000052 -0.016236 -0.002207
-0.004828 -0.011875 -0.001392
-0.010645 -0.005287 -0.001251
0.012154 -0.006639 0.000278
-0.009101 -0.006075 -0.004252
0.006591 -0.007643 0.004268
0.003445 -0.020226 -0.000343
-0.005027 0.001089 0.000810
0.013169 -0.012155 0.003220
-0.010242 0.011725 0.011598
-0.013284 0.011822 0.000909
-0.014508 -0.025894 -0.000254
-0.000183 0.006844 -0.002328
-0.002681 0.018756 -0.005956
-0.010934 0.002725 -0.005808
0.000036 0.003271 0.004392
-0.001367 -0.012994 0.000021
-0.001929 -0.011781 -0.000645
-0.059725 -0.034734 0.059944
0.009255 -0.007948 0.003206
-0.008766 -0.007103 -0.000551
0.006055 -0.006871 0.004461
0.004369 -0.022061 -0.002946
-0.003608 0.000934 0.001693
0.012533 -0.010956 0.002146
0.001556 0.010228 0.011366
-0.010446 0.001737 0.000328
0.000403 0.019800 0.000248
0.011016 0.005834 0.002778
0.001840 0.015882 -0.005992
-0.006722 0.002045 -0.002066
-0.001840 0.003761 0.004714
0.002517 -0.015387 -0.002839
-0.004412 -0.012269 -0.001383
-0.010040 -0.004512 -0.002057
0.010799 -0.006729 0.000358
-0.010386 -0.006319 -0.002906
0.004964 -0.008024 0.003410
0.002974 -0.019609 -0.000148
-0.004945 0.000755 0.001841
0.005688 -0.001089 0.021639
-0.001111 0.002916 -0.005348
0.008862 0.009223 -0.002445
-0.009039 0.010740 0.002043
0.002877 0.015465 -0.000824
0.000082 -0.002112 -0.000238
0.001247 0.005361 -0.009975
-0.006869 0.000261 0.000962
0.002941 0.005341 -0.000283
-0.002125 0.007384 -0.002121
0.016887 -0.009463 0.001409
-0.009261 0.009341 0.002209
-0.004267 -0.000601 -0.000546
0.011669 -0.005708 0.000200
-0.003633 -0.004689 0.004251
0.019528 -0.011504 0.003729
-0.019369 -0.015593 -0.002887
0.001043 0.005144 -0.004848
0.004512 0.008701 -0.001886
-0.009754 0.010157 0.001665
0.007376 0.026331 -0.001580
-0.000698 -0.004306 -0.000576
0.001559 0.004348 -0.010357
-0.008492 -0.002386 0.000277
0.008157 0.005523 0.000968
-0.001980 0.006606 -0.002618
0.018980 -0.011199 0.003455
-0.007460 0.008697 0.001452
-0.004464 -0.001081 -0.000246
0.012522 -0.005364 0.002176
-0.003431 -0.004911 0.004762
0.009685 -0.010465 0.002198
-0.015961 -0.013954 0.004919
-0.006971 0.020308 -0.004284
0.004368 0.008364 -0.002070
-0.009296 0.010323 0.002941
0.007737 0.026722 0.000619
0.000753 -0.004902 -0.000516
0.002751 0.002274 -0.009117
-0.067234 0.023269 -0.000422
0.002472 0.005378 -0.000628
-0.015499 -0.003290 0.000928
0.020293 -0.011929 0.002496
-0.010415 0.011960 -0.002209
-0.003473 -0.000458 0.001215
-0.044118 0.022921 0.059445
-0.002924 -0.006611 0.004135
0.009914 -0.008586 0.004091
-0.023170 -0.021351 -0.016097
-0.004756 -0.005638 -0.005212
0.009123 0.007136 -0.002025
-0.011203 0.010537 0.000986
0.007495 0.022342 -0.001647
0.000789 -0.001896 -0.000129
0.000271 0.004821 -0.010322
-0.007323 -0.002114 0.000711
0.002155 0.004448 -0.001338
0.000154 0.008049 -0.001107
0.018564 -0.011694 0.004969
-0.008924 0.009751 0.002558
-0.006338 -0.003696 0.003315
0.010737 -0.005510 0.000046
-0.002885 -0.004467 0.004724
0.011876 -0.009580 0.002784
-0.017281 -0.011695 0.001677
-0.001232 0.002743 -0.004947
0.009284 0.009268 -0.002627
-0.010238 0.010490 0.002529
0.010645 0.022932 -0.001728
-0.004644 -0.003149 -0.000237
-0.027692 0.001143 -0.009078
-0.007786 0.001303 0.000210
0.008383 0.006742 -0.000235
-0.001679 0.007431 -0.001847
0.019685 -0.012467 0.003508
-0.009315 0.009949 0.001681
-0.002534 -0.001956 0.000646
0.014826 -0.004392 0.000105
-0.004175 -0.004632 0.004369
0.014026 -0.009037 0.001366
-0.015836 -0.010937 -0.000452
-0.006387 0.006094 -0.000465
0.008550 0.007131 -0.002712
-0.012134 0.010121 0.001622
0.007923 0.022811 -0.001402
-0.001120 -0.003438 -0.000295
0.001297 0.007743 -0.010148
-0.007980 -0.002541 0.000820
0.002991 0.005102 -0.000364
0.000937 0.006960 -0.004904
0.018552 -0.010607 0.002627
-0.008310 0.011366 0.005430
-0.003476 -0.000692 -0.001712
0.012706 -0.005947 -0.000402
-0.003700 -0.005347 0.003070
0.009995 -0.010042 0.002383
-0.016540 -0.012177 0.001332
-0.004181 0.004880 -0.007571
0.007092 0.008137 -0.001860
-0.024121 0.045551 0.000392
-0.001627 0.024659 -0.000960
-0.036872 -0.024935 -0.005086
-0.029433 0.006036 -0.010200
-0.007188 -0.002572 0.001031
0.557240 0.025071 -0.002719
0.000480 0.007586 0.000885
0.016564 -0.015244 0.000644
-0.016692 0.018880 -0.013892
-0.011620 -0.000533 -0.001922
0.010737 -0.006336 0.000501
-0.058766 -0.034778 -0.048996
0.010003 -0.009885 0.002093
-0.018478 -0.010232 0.001776
0.000306 0.003267 -0.005171
0.006609 0.008000 -0.002171
-0.011514 0.010344 0.003445
0.008288 0.023080 -0.001580
-0.000144 -0.001364 -0.001016
0.002490 0.001874 -0.009889
-0.012126 -0.001256 0.000562
0.003643 0.004475 0.000981
-0.000452 0.007483 -0.002493
0.011049 -0.011310 0.003360
-0.009066 0.009770 0.001836
-0.005384 0.000363 -0.000331
0.011412 -0.006674 -0.000435
-0.004120 -0.005366 0.003635
0.009862 -0.010599 0.000260
-0.017869 -0.011187 0.000904
