0.005789 -0.001670 -0.008932
-0.005174 -0.001389 0.000875
0.010457 0.004020 -0.000206
0.002339 0.000628 -0.003956
0.008471 0.002269 -0.002635
-0.000718 -0.004049 -0.000174
-0.004886 -0.000531 -0.004096
-0.005034 0.006634 0.001441
-0.007914 0.000469 -0.008267
0.006294 0.000580 -0.000361
-0.003338 -0.003351 0.005392
-0.005817 -0.001532 0.002533
-0.001505 -0.005247 0.009161
-0.005454 0.000478 -0.000441
0.005410 0.001358 -0.003985
0.002273 -0.001497 0.001847
0.010665 0.002533 0.000410
-0.005651 -0.001468 0.000607
0.010337 0.004031 0.005990
0.002337 0.000369 -0.002386
0.008639 0.002530 -0.003778
-0.000727 -0.004234 0.000384
-0.006018 -0.002076 -0.004575
-0.005430 0.007007 0.001021
-0.007533 0.000030 -0.007039
0.005725 -0.001225 -0.001975
0.000705 -0.000736 -0.000978
-0.006035 -0.002569 0.001622
-0.001634 -0.005904 0.008280
-0.004528 0.001219 0.000526
0.005578 0.002246 -0.003996
0.001419 -0.001381 0.001774
0.011356 0.001250 0.001530
-0.005187 -0.001373 0.001028
0.011399 0.004152 -0.000477
0.000609 0.000582 -0.002344
0.008185 0.002858 -0.002692
-0.001777 -0.003440 0.000876
-0.004766 -0.003685 -0.004363
0.000180 0.003703 -0.004630
-0.009375 0.000570 -0.004974
0.006275 -0.002712 -0.000475
0.001494 -0.000548 -0.000193
-0.012424 0.002245 -0.007764
0.017716 -0.002520 0.549689
-0.051450 0.000630 -0.044972
0.000494 -0.001797 -0.010744
0.005885 -0.002897 0.001541
0.015818 0.006231 -0.008737
-0.006177 -0.000698 0.001258
0.010417 0.004000 -0.000363
0.001911 0.001126 -0.004043
0.008551 0.003001 -0.003198
-0.000543 -0.004422 0.000840
-0.002258 0.002289 -0.009520
-0.005575 0.005897 0.000198
-0.008022 0.000701 -0.007974
0.002225 0.002933 -0.008007
-0.003835 -0.002395 0.004323
-0.005994 -0.003949 0.002640
-0.001607 -0.005407 0.017499
-0.004676 0.000385 -0.001051
0.003886 0.001876 -0.005357
0.002823 -0.001794 -0.000019
0.010772 0.002228 0.002346
-0.016593 -0.000684 -0.010748
0.010551 0.004134 0.005965
-0.000289 -0.003227 -0.004305
0.007420 0.002567 0.004072
-0.005687 -0.000856 -0.005686
-0.004836 -0.002328 -0.004154
-0.001305 0.004434 -0.004768
-0.007378 0.001678 -0.006951
0.004302 -0.001361 -0.002505
-0.003736 -0.003208 0.005431
-0.005824 -0.002458 0.003450
-0.001590 -0.004991 0.008365
-0.004137 -0.000612 0.000535
-0.000972 -0.001988 -0.011246
0.002696 -0.001758 0.000529
0.010753 0.002631 0.000772
-0.004921 -0.001386 0.000840
0.010810 0.004029 0.000309
0.002417 0.000691 -0.004288
0.008664 0.002420 -0.002019
-0.002056 -0.003594 -0.000747
-0.005177 -0.002320 -0.004397
-0.005484 0.005941 0.000016
-0.008330 0.000548 -0.007973
0.006008 -0.001321 -0.001841
-0.001786 -0.003561 0.006830
-0.005981 -0.002912 0.001642
-0.001562 -0.004887 0.008328
-0.005508 0.000305 -0.000859
0.004310 0.002042 -0.005376
0.004379 -0.002407 0.001849
0.010696 0.003968 0.001605
-0.006017 -0.001969 0.000889
0.010939 0.003890 -0.000924
0.003895 0.001100 -0.002444
0.008918 0.001992 -0.003155
-0.005988 0.000091 -0.006536
-0.002047 -0.007060 -0.009718
-0.003748 0.006407 0.002039
-0.057742 0.000311 -0.049310
0.002194 -0.005730 -0.008285
-0.002106 -0.003349 0.006389
-0.001750 -0.006502 -0.007623
-0.001499 -0.005358 0.006682
-0.007400 0.000591 0.002173
0.004308 0.001642 -0.003224
0.002438 -0.001830 0.000894
0.010979 0.002219 0.000184
0.010836 -0.001908 -0.015779
0.009689 0.004738 0.001073
0.002263 0.000438 -0.003392
0.008382 0.002459 0.000205
-0.002887 -0.004084 0.000971
-0.000850 -0.001894 -0.009582
-0.003689 0.007341 0.002557
-0.008238 0.000755 -0.007919
0.000719 -0.001058 -0.007369
-0.003788 -0.002389 0.004299
-0.005905 -0.002330 0.001291
-0.001578 -0.005866 0.008322
-0.005722 0.000229 -0.000749
0.003298 0.001709 -0.004060
0.002278 -0.002330 0.000292
-0.014395 -0.006533 -0.001249
0.004681 -0.001454 0.002221
-0.001094 -0.002641 -0.001793
-0.004569 0.003523 0.003757
-0.003439 0.006730 0.001602
0.006192 -0.001177 -0.001072
0.004032 -0.000981 -0.005653
0.003383 0.001098 0.000153
0.009505 -0.014447 -0.018129
-0.000647 -0.006627 -0.006916
0.001752 0.003070 0.005552
-0.022320 -0.004296 -0.005555
0.003086 0.005486 0.010816
-0.000383 -0.007525 -0.009066
0.017065 0.000694 0.000051
-0.006725 -0.000597 0.008115
-0.011216 -0.001414 0.002935
0.004785 -0.003920 0.000607
-0.003997 0.001161 0.002805
-0.004207 0.003802 0.002515
-0.003667 0.005702 -0.000850
0.003759 0.002048 -0.003906
0.004123 -0.000239 -0.004966
0.002870 0.000360 -0.000825
0.010081 0.005469 0.002280
-0.001128 -0.005118 -0.005474
0.001568 0.003158 0.006101
-0.022334 -0.004846 -0.004805
0.001972 0.003632 0.012387
-0.000613 -0.007274 -0.010347
0.016838 0.000706 0.001078
-0.005933 0.000398 0.006555
-0.014584 0.004026 -0.001290
0.004191 -0.001993 0.000708
-0.000951 0.005412 -0.002060
-0.001452 0.004692 0.000352
-0.003310 0.007288 -0.001754
0.004873 -0.001068 -0.000203
0.022500 -0.000401 -0.024205
0.007071 0.004921 -0.009755
0.009721 0.025822 -0.018010
-0.000791 -0.006670 -0.003248
0.027911 0.002627 -0.013494
-0.022200 -0.004133 -0.006613
0.002054 0.033694 -0.014178
0.000539 -0.007798 -0.036557
0.019788 0.000735 0.002054
-0.006442 0.001322 0.008117
-0.012755 -0.003192 0.004308
0.004597 -0.001695 0.001681
-0.003462 0.000126 0.004337
-0.004040 0.003843 0.001325
-0.001892 0.040625 -0.030410
0.005775 -0.001666 -0.001340
0.004113 -0.000816 -0.005993
0.003377 -0.000484 0.000256
0.009716 0.026148 -0.018442
-0.000944 -0.006825 -0.006782
0.001171 0.003124 0.004711
-0.022800 -0.004291 -0.005370
0.003143 0.004164 0.010421
-0.000542 -0.007555 -0.008665
0.017246 0.000678 0.000133
-0.005272 0.000508 0.007974
-0.013450 -0.001284 0.002857
0.004928 -0.022841 -0.015828
-0.001901 0.001328 0.002372
-0.005152 0.003738 0.003262
-0.003230 0.005558 -0.001353
0.006200 -0.000939 0.000178
0.004359 -0.001308 -0.004570
0.003191 0.000494 0.000417
0.009681 0.005397 0.000505
-0.000572 -0.004906 -0.005802
0.001347 0.002492 0.005973
-0.018695 -0.008264 -0.013363
0.001828 0.004116 0.012279
-0.000622 -0.007830 -0.010250
0.016440 0.001195 0.001055
-0.007513 0.000416 0.013325
-0.011469 -0.001240 0.003349
0.004802 -0.003122 0.000853
-0.003775 0.001399 0.003133
-0.004523 0.004306 0.002485
-0.003596 0.005222 -0.000664
0.005860 -0.001176 -0.000987
0.004317 -0.000660 -0.005322
0.003229 0.000416 -0.001147
0.009636 0.005426 0.000989
-0.001072 -0.004634 -0.005632
0.001829 0.002848 0.005374
-0.021994 -0.003341 -0.004609
0.002241 0.003553 0.012502
-0.000665 -0.007436 -0.008204
0.017482 0.000913 -0.000041
-0.006202 0.000084 0.008351
-0.012829 0.000241 0.004330
0.004186 -0.002026 0.001333
-0.003511 0.002261 0.004073
-0.004407 0.004175 0.002866
-0.003530 0.007208 -0.001777
0.007476 -0.001558 -0.000650
-0.010215 -0.001057 -0.019663
-0.001693 -0.004928 -0.011554
0.009548 -0.014992 -0.018502
0.001355 -0.050271 -0.045041
0.003917 0.002952 0.008135
-0.022212 -0.004162 -0.004189
0.002362 0.005694 0.015297
0.001254 -0.007580 -0.039188
0.061474 0.000768 -0.039799
-0.005483 0.000009 0.007799
-0.018741 -0.001845 -0.004315
0.004976 -0.003256 0.004739
-0.003160 0.001201 0.001285
-0.002951 0.004509 0.003263
-0.003815 0.005594 -0.002019
0.006350 -0.001480 -0.001849
0.004230 -0.001025 -0.005453
0.003206 0.000389 -0.001528
0.011440 0.005536 0.013073
-0.001145 -0.005029 -0.006727
0.001653 0.002990 0.005302
-0.026774 0.000691 -0.015775
0.002415 0.003749 0.010700
0.000224 -0.007309 -0.008562
0.017428 0.000724 0.000051
-0.006754 0.000449 0.009102
