2176.0000 0.05 1
1.875
3.75
6.25
6.25
7.5
16.25
8.75
6.25
17.5
16.25
14.375
16.25
23.75
17.5
6.25
31.25
23.125
18.125
28.75
10
10
13.125
10
10
17.5
18.75
25
30
37.5
19.375
25
26.25
13.75
26.875
20.625
29.375
21.25
41.25
44.375
30.625
37.5
55
48.75
45.625
41.875
67.5
54.375
48.125
86.25
91.875
98.75
125.625
136.25
135
137.5
156.25
180
153.125
158.125
198.125
177.5
174.375
234.375
251.875
267.5
239.375
238.125
276.25
294.375
310
297.5
317.5
303.75
314.375
321.25
340.625
340.625
363.125
315
358.125
370.625
361.875
330.625
361.25
333.75
378.125
311.25
295
304.375
286.875
273.125
254.375
233.75
248.75
250.625
302.5
203.75
251.25
310
295.625
319.375
306.875
310.625
301.25
247.5
293.75
308.125
298.75
324.375
276.875
277.5
305
269.375
323.125
290
317.5
248.75
297.5
351.875
320.625
313.125
314.375
330
363.125
341.25
380.625
400.625
378.125
390.625
396.875
393.125
430.625
451.875
470
453.125
441.875
451.875
439.375
446.25
416.25
409.375
424.375
381.25
360
316.25
352.5
328.125
315.625
311.25
331.875
303.75
275.625
217.5
253.75
251.25
301.875
278.75
250.625
268.75
227.5
317.5
289.375
327.5
303.75
301.25
289.375
288.125
293.75
351.25
293.75
322.5
349.375
373.75
355.625
261.875
285.625
215.625
285.625
346.875
266.25
264.375
266.875
258.75
234.375
246.875
250.625
263.75
328.125
237.5
226.875
236.875
226.25
181.25
245.625
255.625
281.25
255
311.25
251.875
261.875
257.5
207.5
203.125
268.75
253.125
326.25
344.375
345.625
353.75
276.25
365.625
296.25
513.125
535.625
511.875
420.625
366.875
261.25
231.875
205.625
164.375
120.625
58.75
32.5
10.625
3.75
1.875
3.75
1.25
0
0
0
0
0
0
0
0
0
0
2.5
0
