0.010902 0.005529 0.001318
-0.005324 -0.001452 0.001165
0.010313 0.003550 0.000100
0.002945 0.001442 -0.003489
0.009276 0.004005 -0.002502
-0.002216 -0.004168 -0.000016
-0.005750 -0.002935 -0.004534
-0.005849 0.005364 -0.000032
-0.003761 0.005013 -0.005874
0.005189 -0.003215 -0.002347
-0.003253 -0.003449 0.004456
-0.006001 0.027143 0.001265
-0.005604 -0.000313 0.013690
-0.004191 0.038463 0.044726
0.000887 0.010245 -0.001661
0.002887 -0.001702 0.000918
0.010806 0.003229 0.001538
-0.046212 0.031434 -0.000949
0.013194 0.008743 -0.004897
0.001937 -0.005957 -0.003125
0.011800 0.007716 0.001077
-0.005120 -0.003623 0.004136
-0.008214 0.002257 -0.007200
-0.005598 0.004400 0.000172
-0.003918 0.005491 -0.005947
0.005553 -0.001223 -0.003028
-0.003397 -0.002574 0.005363
-0.005918 -0.002038 0.002331
-0.000692 -0.005530 0.009552
-0.005568 0.000299 -0.001465
0.005355 0.001877 -0.004806
0.003110 -0.001483 0.000797
0.019379 -0.549376 -0.020023
-0.004510 -0.002375 0.000510
0.013944 0.008309 0.000503
0.002006 0.001605 -0.003370
0.009101 0.002410 -0.002726
0.000426 -0.003845 -0.000814
-0.009887 0.003650 -0.006997
-0.003758 0.005540 0.000076
-0.007188 -0.001839 -0.007872
0.004880 0.050492 0.057363
-0.003100 -0.001540 0.004563
-0.005677 0.030330 0.001517
-0.001272 -0.006760 0.010653
-0.006104 -0.001958 -0.000502
0.010063 0.011081 -0.009234
0.002746 -0.001755 0.000877
0.010932 -0.007271 -0.001525
-0.005480 -0.001191 0.001294
0.009254 0.003644 0.000111
0.002280 0.000887 -0.003307
0.007545 0.001631 -0.002857
-0.000694 -0.003230 -0.000323
-0.004605 -0.002128 -0.004656
-0.005330 0.006137 0.000318
-0.009519 -0.000414 -0.008985
0.005352 0.003545 0.001363
-0.003470 -0.001515 0.004430
-0.006179 -0.001514 0.001395
-0.004141 -0.001394 0.006070
-0.005455 0.000175 0.000347
0.004683 0.000901 -0.004409
0.002246 -0.001506 0.001723
0.010995 0.003080 0.000503
-0.005597 -0.003556 0.001574
0.009997 0.002389 -0.001328
0.002376 -0.002627 -0.002408
0.007513 0.000410 -0.001770
-0.001058 -0.003427 -0.000232
-0.006235 -0.003906 -0.003518
-0.005012 0.007116 0.000185
-0.007232 -0.001977 -0.009394
0.005353 -0.000770 -0.003266
-0.002474 -0.002982 0.002845
-0.005776 -0.003475 0.002153
-0.001104 -0.005488 0.009119
-0.005364 -0.000384 -0.001255
0.004333 0.001936 -0.005716
0.001825 -0.001318 0.000969
0.010848 0.003024 0.000602
-0.004715 -0.000978 0.001539
0.014127 0.008854 0.003916
0.002188 -0.006213 -0.001856
0.010923 0.007744 -0.007114
-0.001906 -0.004218 -0.001157
-0.003869 -0.002884 -0.003822
-0.005176 0.005634 -0.003533
-0.008994 -0.000207 -0.008590
0.005094 -0.001420 -0.003333
0.001900 0.007842 0.009192
-0.005991 -0.002097 0.002711
-0.002075 -0.005088 0.009732
-0.005789 0.000569 -0.001001
0.004624 0.000311 -0.005655
0.018360 0.016179 0.000973
0.010920 0.002938 0.001228
-0.004750 -0.002179 0.001372
0.010098 0.003606 0.000094
0.002108 0.000928 -0.003237
0.007478 0.002100 -0.002902
-0.001173 -0.003196 -0.000508
-0.004291 -0.003152 -0.004149
-0.005342 0.006324 0.000351
-0.008960 0.000818 -0.007742
0.005247 -0.001032 -0.001030
-0.003522 -0.001792 0.004381
-0.006990 -0.000903 0.001882
-0.000554 -0.007281 0.007860
-0.006168 0.004585 0.003384
0.005074 0.000142 -0.006809
0.002578 -0.001516 0.000736
0.010492 0.003216 0.001829
-0.004535 -0.001281 0.001731
0.009411 0.003386 0.000675
0.002647 -0.002614 -0.002505
0.006746 -0.000230 -0.004279
-0.001967 -0.001785 -0.000884
-0.004625 -0.002308 -0.004462
-0.005060 0.006011 0.000402
-0.008725 0.000803 -0.008062
0.004918 -0.001955 -0.002982
-0.007720 0.006151 0.001548
-0.006031 -0.003383 0.002130
-0.008643 0.002109 0.009369
-0.005574 0.000451 -0.001240
0.003740 0.002473 -0.005731
-0.006566 0.009079 0.001677
-0.014079 -0.003160 0.003078
0.005732 -0.002970 0.001529
-0.002835 -0.001017 0.001405
-0.004340 0.004253 0.002306
-0.003232 0.006279 -0.001372
0.006285 -0.000155 -0.001201
0.003347 -0.000243 -0.004073
0.022142 0.019914 0.000050
0.009961 0.002472 0.002014
0.002181 0.002326 -0.010147
0.005987 0.007719 0.002984
-0.023313 -0.004515 -0.005985
0.006161 0.013207 0.016067
0.033388 0.015629 -0.010373
0.018913 0.026468 -0.033499
-0.004820 -0.001212 0.007430
-0.012036 -0.002375 0.001241
0.008247 0.000506 0.002193
-0.002913 0.000905 0.003194
-0.004317 0.004955 0.002114
-0.002402 0.005865 -0.002084
0.005847 0.019479 -0.020072
0.002029 0.004705 -0.008342
0.002796 0.000442 -0.000177
0.011031 0.004726 0.000866
-0.000869 -0.006590 -0.005751
0.002374 0.002325 0.005334
-0.023195 -0.007500 -0.005306
0.002017 0.005301 0.011681
-0.001672 -0.008305 -0.009066
0.017647 0.000690 0.001071
-0.006492 -0.000369 0.007430
-0.017903 0.004352 0.006614
0.003782 -0.002958 0.001288
-0.001023 0.035667 -0.041976
-0.003996 0.004201 0.002432
-0.002084 0.009869 -0.003162
0.004994 -0.010280 -0.000725
0.004595 -0.000338 -0.004486
-0.015547 0.020695 -0.000228
-0.036408 0.036773 0.001671
-0.004734 0.005258 -0.000078
0.003457 0.001867 0.005427
-0.021516 -0.004536 -0.004805
-0.002126 0.014781 0.006784
-0.000619 -0.010459 -0.009613
0.017540 -0.001510 -0.000880
0.030936 0.027648 0.007684
-0.012236 -0.001550 0.002712
0.004433 -0.002422 0.001495
-0.002071 0.001816 0.002612
-0.004398 0.004043 0.002173
-0.003514 0.007393 -0.001336
0.006116 -0.001769 -0.001405
0.005378 -0.001385 -0.004441
0.003634 0.001636 -0.000463
0.010886 0.005996 0.002543
-0.001155 -0.006995 -0.008024
0.001833 0.002186 0.006400
-0.023969 -0.004165 -0.004130
0.003156 0.003718 0.012292
-0.001344 -0.007412 -0.009449
0.017941 0.000644 -0.000211
-0.006778 0.000371 0.007684
-0.012660 -0.001289 0.002403
0.004474 -0.002437 0.001278
-0.003034 0.000468 0.002892
-0.004514 0.002858 0.002663
-0.004987 0.005838 -0.001406
0.005755 0.014025 0.013639
0.005829 -0.003345 -0.005939
0.003067 0.001623 -0.000757
0.010079 0.005475 0.001893
-0.000983 -0.004707 -0.006403
0.002320 0.002634 0.005631
-0.021932 -0.004446 -0.005157
0.001950 0.005375 0.011691
-0.000874 -0.007670 -0.009445
0.017800 0.000596 0.001457
-0.006269 0.000158 0.008189
-0.016187 0.003320 0.006792
0.004995 -0.003701 0.000860
-0.002288 0.001017 0.003491
-0.005520 -0.002302 0.002593
-0.003791 0.006544 -0.001791
0.006152 0.015404 0.014326
0.000329 0.005617 0.000303
0.003477 0.000608 0.000404
0.010327 0.004820 0.002222
-0.000994 -0.005308 -0.006630
0.005547 0.007843 0.003083
-0.022433 -0.003116 -0.005558
0.001618 0.003922 0.011537
-0.001084 -0.008296 -0.009770
0.017706 0.000543 0.000984
-0.007021 -0.000484 0.007976
-0.012181 -0.002276 0.001952
0.004561 -0.002333 0.000914
-0.002592 0.001151 0.001295
-0.004538 0.004619 0.002976
-0.003193 0.005127 -0.001230
0.006227 -0.000624 -0.001274
0.005443 -0.001346 -0.004898
0.002716 0.001596 -0.000605
0.010347 0.005658 0.002015
-0.000561 -0.006648 -0.005101
0.002140 0.002618 0.005559
-0.022113 -0.004461 -0.005841
0.002584 0.003940 0.009990
-0.001064 -0.007516 -0.009326
0.017530 0.001419 -0.000020
-0.006277 0.000194 0.007587
-0.014317 -0.003729 0.001897
0.004880 -0.001538 0.000955
-0.003012 0.001198 0.003527
-0.004942 -0.000111 0.002593
-0.003316 0.006546 -0.001702
0.006161 0.019208 -0.019587
0.005341 -0.003079 -0.003418
0.003279 0.001559 -0.000415
0.009629 0.005722 0.002148
-0.001046 -0.005543 -0.006648
0.003841 0.000922 0.007073
-0.022263 -0.004968 -0.004915
0.002978 0.005442 0.011411
-0.000518 -0.007304 -0.009599
0.017857 0.000001 0.000934
-0.005651 0.000229 0.007925
