2176.0000 0.05 1
1.11111
4.44444
11.1111
2.22222
11.1111
4.44444
13.3333
11.1111
20
11.1111
6.66667
11.1111
24.4444
23.3333
17.7778
23.3333
26.6667
18.8889
13.3333
32.2222
18.8889
8.88889
4.44444
10
14.4444
16.6667
34.4444
37.7778
25.5556
40
11.1111
26.6667
17.7778
31.1111
24.4444
32.2222
26.6667
27.7778
40
24.4444
32.2222
46.6667
36.6667
47.7778
70
55.5556
56.6667
41.1111
80
106.667
95.5556
126.667
127.778
136.667
151.111
146.667
161.111
190
187.778
204.444
216.667
270
190
230
236.667
284.444
237.778
275.556
256.667
261.111
291.111
301.111
317.778
342.222
312.222
352.222
286.667
345.556
304.444
308.889
294.444
297.778
295.556
280
312.222
271.111
251.111
285.556
292.222
297.778
312.222
316.667
325.556
303.333
342.222
314.444
317.778
292.222
294.444
298.889
303.333
290
330
360
320
357.778
375.556
354.444
355.556
352.222
338.889
293.333
253.333
215.556
177.778
160
188.889
241.111
264.444
331.111
352.222
395.556
421.111
395.556
431.111
412.222
450
400
382.222
356.667
342.222
368.889
354.444
391.111
381.111
382.222
378.889
432.222
404.444
461.111
405.556
404.444
411.111
356.667
360
374.444
368.889
374.444
433.333
424.444
405.556
436.667
407.778
334.444
356.667
320
353.333
316.667
324.444
257.778
283.333
256.667
275.556
260
241.111
224.444
276.667
211.111
244.444
214.444
232.222
258.889
221.111
244.444
234.444
214.444
208.889
223.333
178.889
205.556
176.667
200
173.333
174.444
258.889
231.111
236.667
208.889
217.778
168.889
175.556
197.778
257.778
243.333
222.222
272.222
242.222
223.333
260
352.222
340
317.778
303.333
332.222
305.556
335.556
377.778
412.222
432.222
425.556
447.778
432.222
507.778
472.222
502.222
468.889
428.889
350
315.556
223.333
127.778
14.4444
1.11111
0
0
2.22222
0
0
0
0
0
0
0
0
0
0
0
2.22222
0
0
0
0
0
0
2.22222
2.22222
2.22222
0
0
2.22222
0
6.66667
2.22222
0
5.55556
0
0
6.66667
0
4.44444
6.66667
0
4.44444
2.22222
0
1.11111
2.22222
0
0
2.22222
0
2.22222
0
