-0.000161 0.011247 0.011842
-0.009669 0.002109 0.001605
-0.000992 0.019480 -0.000374
0.011943 0.007107 -0.003902
-0.001714 0.015514 -0.007271
-0.008660 0.000092 -0.000481
-0.000404 0.003322 0.005231
0.000816 -0.017398 -0.003074
-0.003127 -0.011860 -0.001716
0.006631 -0.013493 -0.005401
0.013475 -0.003160 0.000388
-0.010076 -0.006044 -0.004272
0.004729 -0.008047 0.003968
0.000715 -0.023364 -0.000699
-0.005565 0.001470 0.001528
0.013832 -0.011445 0.002066
0.000273 0.010785 0.012312
-0.009425 0.001627 0.001431
-0.001862 0.018924 0.001258
0.010756 0.004875 -0.003447
-0.000549 0.015941 -0.005576
-0.010316 0.000536 -0.002422
-0.000646 0.003807 0.005715
-0.001153 -0.015235 -0.002585
-0.002971 -0.011697 -0.000891
-0.011869 -0.006209 -0.002412
0.010152 -0.006429 0.000080
-0.010451 -0.005282 -0.003188
0.003637 -0.006409 0.002935
0.004271 -0.018494 -0.001693
-0.003484 0.000840 0.000550
0.013910 -0.011304 0.003199
-0.001139 0.011452 0.012692
-0.008368 0.001071 0.000296
-0.000815 0.019219 0.001977
0.010694 0.011027 -0.003258
-0.002275 0.016277 -0.005753
-0.008586 0.000820 -0.001707
-0.000025 0.003537 0.005855
-0.000032 -0.016164 -0.002781
-0.004487 -0.010900 -0.001090
-0.011308 -0.005567 -0.002572
0.011188 -0.007082 -0.000412
-0.009640 -0.006782 -0.004179
0.002974 -0.006017 0.002708
0.003183 -0.019014 -0.001116
-0.002101 -0.000299 0.001484
0.014490 -0.011180 0.001763
-0.002717 0.010764 0.010595
-0.009029 0.001595 0.000423
-0.002105 0.019549 0.000548
0.011968 0.007576 -0.003158
-0.006895 0.013174 -0.012288
-0.008549 0.001692 -0.000875
-0.000545 0.004407 0.005834
-0.005126 -0.014644 -0.002666
-0.003009 -0.011762 -0.000438
-0.011921 -0.006738 -0.002191
0.011761 -0.006236 0.000862
-0.008260 -0.005111 -0.003766
-0.000159 -0.010062 -0.002626
0.001194 -0.019844 -0.001093
-0.001418 0.000659 0.006437
0.074294 -0.044648 -0.068949
-0.000811 0.010774 0.011622
-0.008668 0.000527 0.001080
-0.001383 0.018808 0.002398
0.010825 0.008681 -0.003441
-0.001540 0.015627 -0.007615
-0.008746 0.001575 -0.000618
-0.000317 0.003355 0.004632
-0.000084 -0.015748 -0.003898
-0.003921 -0.011965 -0.001201
-0.014039 -0.003200 -0.009166
0.011786 -0.004179 0.006050
-0.010179 -0.006614 -0.003078
0.004450 -0.007077 0.002630
0.003589 -0.021315 0.004826
-0.002852 -0.000807 0.000906
0.013079 -0.010429 0.002784
-0.001169 0.010376 0.011754
-0.011066 0.006393 -0.003412
-0.002431 0.019418 0.001824
0.012709 0.009279 -0.001991
-0.001516 0.016082 -0.006201
-0.009770 0.000528 -0.008932
-0.000388 0.004183 -0.001432
0.003800 -0.013791 -0.008414
-0.003253 -0.013980 -0.000987
-0.006057 -0.003117 -0.002140
0.009183 -0.005577 0.006092
-0.008232 -0.004653 -0.002311
0.005234 -0.006247 0.007480
0.004553 -0.023222 -0.000916
-0.004221 0.003903 0.006717
0.013105 -0.012729 0.002926
0.000169 0.010282 0.011805
-0.008689 -0.004976 -0.003845
-0.000203 0.018398 0.001279
0.012869 0.006246 -0.003278
-0.001151 0.016159 -0.007890
-0.006130 0.003322 -0.004785
0.002076 0.003274 0.000503
-0.015762 -0.027762 -0.006788
-0.007120 -0.093715 -0.085903
-0.010101 -0.006259 0.002817
0.009153 -0.002462 0.000948
0.056550 0.024980 -0.082998
0.010326 -0.008990 0.003680
0.004969 -0.019637 0.004462
-0.006146 0.003060 0.002531
0.013252 -0.011361 0.000728
-0.000451 0.011008 0.008200
-0.008802 0.001293 0.003143
-0.000946 0.018774 0.001769
0.011850 0.006967 -0.003268
0.005169 0.022486 -0.011223
-0.009702 0.000463 -0.001335
-0.000687 0.002615 0.005166
-0.002070 -0.017728 0.002251
-0.002717 -0.011092 -0.001713
-0.010323 -0.004748 -0.002422
0.011084 -0.006808 -0.000053
-0.010031 -0.007812 -0.002861
0.021485 0.001846 -0.000000
0.003063 -0.019418 -0.000688
-0.004208 0.004544 0.001986
0.016830 -0.012280 0.002159
0.000310 0.003545 -0.006067
0.007439 0.007217 -0.002252
-0.010044 0.010213 0.001246
0.007580 0.023790 -0.001643
-0.000905 -0.002424 -0.000204
0.001421 0.004340 -0.009405
-0.008942 -0.001941 0.000687
0.004427 0.002650 -0.003579
-0.001083 0.008186 -0.001802
0.017868 -0.010838 0.003979
-0.007999 0.008831 0.002544
-0.003008 -0.000636 0.000486
0.011882 -0.005618 -0.000902
-0.019885 0.002434 -0.000232
0.010033 -0.009449 0.002194
-0.015992 -0.012044 0.001324
0.000226 0.003338 -0.005285
0.007434 0.008107 -0.000083
-0.010416 0.011106 0.002770
0.007260 0.023159 -0.001647
0.000095 -0.002401 0.000359
0.001396 0.004824 -0.009630
-0.008353 -0.002757 0.000676
0.003281 0.006353 -0.000075
-0.000219 0.008314 -0.002384
0.017720 -0.012134 0.003503
-0.007958 0.009457 0.002191
-0.004780 -0.000619 -0.000340
0.012035 -0.006217 0.000111
-0.003698 -0.005674 0.003685
0.010866 -0.009910 0.000955
-0.017991 -0.011706 0.001614
-0.000643 0.003396 -0.004184
0.006909 0.008799 -0.002134
-0.010202 0.010765 0.002294
0.006381 0.023789 -0.001349
0.000018 -0.002813 -0.000241
0.001165 0.004228 -0.008782
-0.008281 -0.002004 0.001049
0.002890 0.005102 -0.000669
-0.001100 0.007758 -0.001884
0.018381 -0.011478 0.002394
-0.008416 0.010152 0.001566
-0.005454 -0.001488 0.001242
0.011343 -0.005626 0.000882
-0.002921 -0.004065 0.004320
0.009772 -0.009203 0.002672
-0.016495 -0.011900 0.000319
-0.000947 0.002498 -0.005649
0.006978 0.008121 -0.001787
-0.010806 0.009804 0.000770
0.007202 0.023231 -0.001509
0.000279 -0.002369 0.000650
0.001572 0.004834 -0.007410
-0.005423 0.000078 0.000370
0.004072 0.004766 0.000594
-0.001574 0.007250 -0.000982
0.021455 -0.032810 -0.000535
-0.008321 0.009530 0.002396
-0.004566 -0.001605 -0.000845
0.011296 -0.005614 0.000031
-0.003032 -0.004236 0.003805
-0.042579 -0.035647 -0.046807
-0.016942 -0.015230 0.001389
-0.002157 0.004364 -0.004691
0.007084 0.009079 -0.002316
-0.010570 0.011168 0.001828
0.006787 0.023100 -0.002026
0.000606 -0.002670 0.001543
0.001048 0.004209 -0.010048
-0.008144 -0.002545 0.000055
0.002585 0.005144 -0.006045
0.000492 0.006621 -0.002441
0.017867 -0.013293 0.002649
-0.008703 0.010299 0.001660
-0.005827 -0.001105 0.000086
0.011555 -0.004341 0.001018
0.000069 -0.007124 -0.000866
0.011252 -0.009412 0.002318
-0.016543 -0.011718 0.000452
-0.000491 0.004187 -0.009107
0.005750 0.002739 -0.007568
-0.006584 0.006012 -0.001794
0.007678 0.023410 -0.024301
0.005225 -0.007029 -0.005506
-0.001465 0.002389 -0.014999
-0.008419 -0.001646 -0.004888
0.000505 0.007395 0.000026
-0.001256 0.007354 0.000294
0.017716 -0.010725 0.002728
-0.009953 0.011256 0.001786
-0.005826 -0.003246 -0.008910
0.010812 -0.003608 -0.000544
-0.005483 -0.004434 0.009725
0.009829 -0.009769 0.001692
-0.016830 -0.013361 0.006321
0.000934 0.000900 -0.011789
0.006830 0.012022 -0.007560
-0.011989 0.015245 -0.002054
0.005982 0.023034 -0.022722
-0.003923 -0.000012 -0.006179
0.005951 0.009239 -0.014343
-0.006921 0.000026 -0.008346
0.006204 0.003313 -0.000384
-0.026523 0.029849 0.555824
0.018505 -0.011547 0.003192
-0.068909 0.038331 -0.056472
-0.002799 0.019935 -0.003720
0.017047 0.057081 -0.055487
-0.006495 -0.007778 0.004854
0.010588 -0.008285 0.002582
-0.013637 -0.015094 0.001000
0.001031 0.003807 -0.005102
0.007546 0.008616 -0.000894
-0.010274 0.010541 0.001287
0.007073 0.023309 -0.001100
0.000741 -0.002889 0.001278
0.000236 0.004363 -0.009821
-0.011549 -0.004320 0.000496
0.002822 0.006215 -0.000309
0.000531 0.008347 -0.001822
0.016872 -0.009444 -0.005877
-0.007704 0.010228 -0.000265
-0.006067 -0.000753 -0.000022
0.011344 -0.005230 0.000214
-0.004110 -0.005701 0.003829
0.008676 -0.009893 0.003493
-0.019188 -0.013765 0.005713
