0.009371 0.001080 0.002149
-0.006914 -0.001741 0.001272
0.009521 0.002386 -0.000240
0.002458 0.000538 -0.003985
0.007266 0.002561 -0.002644
-0.000197 -0.003583 -0.000078
-0.004936 -0.002535 -0.004827
-0.004365 0.005817 -0.000060
-0.008584 0.001621 -0.008008
0.009532 0.002043 -0.002243
-0.003237 -0.002233 0.004397
-0.005637 -0.002313 0.001226
-0.001268 -0.005496 0.009143
-0.005612 0.000352 -0.000638
0.004658 0.000919 -0.004665
0.001600 -0.001440 0.001623
0.010300 0.002371 0.002317
-0.004056 -0.001268 0.001156
0.009885 0.003965 0.000872
0.001658 0.000410 -0.003679
0.008942 0.002378 -0.002628
-0.000138 -0.003315 -0.000313
-0.005052 -0.001909 -0.004791
-0.005864 0.005886 0.000047
-0.011004 -0.000281 -0.009370
0.003995 -0.002407 -0.002754
-0.012593 -0.002406 0.004185
-0.006792 -0.003204 0.000934
-0.002146 -0.005923 0.010224
-0.005635 -0.000540 -0.000705
0.005917 0.001213 -0.004833
0.007426 -0.001964 -0.002945
0.008963 0.003680 0.002118
-0.008256 0.001928 -0.002299
0.020491 0.000339 0.004977
0.042246 -0.001719 0.043989
0.005665 0.004958 -0.000075
-0.568925 -0.017622 -0.008117
0.040874 -0.052293 -0.005323
-0.011822 0.005807 0.001098
0.049125 0.063491 -0.008209
0.003183 0.000594 -0.002426
-0.003079 -0.002114 0.003973
-0.009805 -0.002582 0.003100
-0.002716 -0.005305 0.010348
-0.007839 -0.000183 0.001064
0.002389 0.001107 -0.005233
0.001705 -0.001917 0.001610
0.011070 0.002611 0.001170
-0.004790 -0.001628 0.001173
0.011025 0.004231 -0.000348
0.001905 0.000417 -0.004325
0.008876 0.002328 -0.003053
-0.002054 -0.003774 -0.000359
-0.005034 -0.000944 -0.004873
-0.004370 0.005760 0.000588
-0.009074 -0.000684 -0.007779
0.004424 -0.001976 -0.002241
-0.003618 -0.002516 0.004682
-0.006571 -0.002819 0.001248
-0.002379 -0.004154 0.008993
-0.005322 0.000178 -0.000432
0.003518 0.001562 -0.005470
0.008364 -0.006036 -0.002529
0.010498 0.002459 0.000901
-0.005302 -0.001413 0.001529
0.011019 0.004317 -0.000275
0.001964 0.000775 -0.003295
0.009559 0.002180 -0.003361
-0.000269 -0.003810 -0.000633
-0.006964 -0.000963 -0.006567
-0.005933 0.005815 0.000190
-0.008991 0.000609 -0.007794
0.010464 0.002690 0.002360
-0.002429 -0.002409 0.004390
-0.007214 -0.002030 0.000294
-0.001367 -0.005735 0.009573
-0.005691 -0.000396 -0.000684
0.004466 0.001357 -0.005309
0.001920 -0.001919 0.001355
0.010725 0.002157 0.001957
-0.005010 -0.001718 0.000982
0.020687 -0.000853 0.004570
-0.000236 0.002319 -0.004455
0.009996 0.002755 -0.002620
-0.001266 -0.003161 -0.001156
-0.004755 -0.001951 -0.005071
-0.007662 0.006487 0.000265
-0.010509 -0.000044 -0.006484
0.003892 -0.002612 -0.001538
-0.000446 -0.002107 0.004687
-0.000937 0.001723 0.005508
0.008006 -0.001632 0.014031
0.025903 0.036381 -0.001741
-0.003421 0.001288 -0.005521
0.000832 -0.001507 -0.000998
0.010659 0.002022 0.001584
-0.006687 -0.001214 0.001085
0.009576 0.004606 0.001655
0.002130 0.000588 -0.002638
0.007284 0.002804 -0.003115
-0.000042 -0.003755 -0.000473
-0.004575 -0.001543 -0.004633
-0.011132 0.005742 0.000375
-0.008402 0.000291 -0.007530
0.005538 -0.001973 -0.002134
-0.003002 -0.001743 0.005095
-0.005408 -0.001992 0.003584
0.009868 0.000190 0.014839
-0.007414 -0.000366 -0.002138
0.003025 0.000972 -0.005179
0.009159 0.003390 -0.003260
0.044205 0.000289 -0.038634
-0.004553 -0.001356 0.001467
0.008725 0.003215 -0.000805
0.000456 -0.001093 -0.004493
0.008668 0.002352 -0.002718
-0.001264 -0.002993 -0.000652
-0.006060 -0.001011 -0.003788
-0.007127 0.005950 0.000322
-0.008644 0.000536 -0.007826
0.010545 0.002276 -0.006960
-0.013221 -0.003841 0.004525
-0.001314 -0.006808 0.004471
-0.002204 -0.004449 0.009413
-0.006214 0.000828 -0.000530
-0.002664 0.002343 -0.005247
0.002929 -0.001602 0.002006
-0.013751 -0.002458 0.003043
0.005254 -0.003159 0.001289
-0.003000 0.001410 0.002424
-0.004811 0.003970 0.001612
0.013001 0.022641 -0.001315
0.012120 0.002742 -0.004979
0.003066 -0.000858 -0.004256
0.002730 0.000368 0.000639
0.009181 0.003940 0.002034
-0.000177 -0.006448 -0.006119
0.001061 0.003699 0.005471
-0.021608 -0.003880 -0.006208
0.004199 0.004078 0.011619
-0.001273 -0.006208 -0.009236
0.021916 -0.002385 0.000195
-0.005204 0.000336 0.007436
-0.013367 -0.002611 0.002906
0.004422 -0.002308 0.000861
-0.003169 0.002452 0.002274
-0.004298 0.004258 0.002542
-0.002670 0.006259 -0.000955
0.006554 -0.001097 -0.001298
0.005169 -0.000712 -0.004244
0.003102 0.000774 -0.000538
0.010255 0.005515 0.002160
-0.001267 -0.005203 -0.005214
0.001856 0.004078 0.005546
-0.016906 -0.008095 -0.001688
0.003406 0.004970 0.011400
-0.001003 -0.007740 -0.010535
0.023409 -0.002721 0.004387
-0.005124 0.000664 0.007902
-0.007076 0.001580 -0.002327
0.033082 -0.003055 0.002189
-0.004068 0.001918 0.003490
-0.004105 0.004238 0.003686
0.011571 -0.008723 -0.000860
0.011624 -0.005018 -0.003933
0.005829 -0.002165 -0.002796
0.032767 0.001024 -0.034800
0.020237 0.000231 -0.002630
0.028582 -0.006191 -0.006630
0.007125 -0.000450 0.000870
-0.025119 -0.003965 -0.003727
0.022840 0.005231 -0.007980
0.011387 -0.001592 -0.014623
0.014853 -0.000893 -0.000057
-0.006336 0.000466 0.007750
-0.013516 -0.003127 0.002039
0.005014 -0.002643 0.001314
-0.002693 0.001271 0.002341
-0.004102 0.003824 0.001432
-0.002290 0.005832 -0.001816
0.005208 -0.001921 0.000139
0.004863 -0.000502 -0.004961
0.002566 0.000354 0.000983
0.010039 0.005565 0.002246
-0.000215 -0.005775 -0.006229
0.001279 0.004140 0.004879
-0.023087 -0.004297 -0.006078
0.004086 0.004042 0.011839
-0.000496 -0.007482 -0.009442
0.017445 0.001718 0.000111
-0.005242 0.000312 0.007547
-0.012356 -0.002309 0.003104
0.004511 -0.002574 0.001287
-0.002682 0.002414 0.002073
-0.004267 0.004217 0.002150
0.011648 0.006417 0.013915
0.005127 -0.001526 -0.000067
0.005127 -0.000813 -0.004561
0.003166 0.000492 -0.000171
0.008881 0.005791 0.000037
-0.001245 -0.006965 -0.005795
0.001567 0.003725 0.005455
-0.016146 0.000171 -0.000938
0.003559 0.004607 0.011607
-0.000352 -0.007963 -0.009627
0.017188 0.001449 0.000199
-0.007010 0.000122 0.007878
-0.008612 0.001279 0.002740
0.004660 -0.002564 0.002209
-0.003270 0.001123 0.002439
-0.006722 0.001824 0.001916
-0.002600 0.006214 -0.001699
0.003016 -0.001879 -0.002379
0.004283 -0.000627 -0.004195
0.000985 -0.001137 0.000591
0.008773 0.003687 0.002077
-0.000784 -0.005734 -0.006971
0.000474 0.001634 0.005269
-0.023372 -0.003779 -0.005745
0.016462 0.019493 0.012360
0.007893 -0.003293 -0.012865
0.023397 -0.002169 -0.004302
-0.007418 0.000389 0.007583
-0.007246 0.000998 0.006951
0.005754 -0.002410 0.001312
-0.003638 0.001897 0.001141
0.028322 0.003639 0.040719
-0.002778 0.006328 -0.001663
0.004850 -0.000962 0.000821
0.003306 -0.000997 -0.005157
0.002993 0.000676 -0.001129
0.009533 0.005682 0.001125
-0.000121 -0.005958 -0.006381
0.006829 0.000340 0.009134
-0.019286 -0.003972 -0.002422
0.023023 0.005364 0.032416
-0.001127 -0.007595 -0.010202
0.018200 0.002102 0.000115
-0.004915 0.000084 0.007247
-0.015876 -0.000992 0.002958
0.004719 -0.002243 0.002271
0.026520 -0.032237 0.001841
-0.005611 0.005583 0.002492
0.011381 0.006378 -0.016867
0.005773 -0.001126 0.000013
0.004920 -0.000972 -0.004312
0.002169 0.001269 -0.000017
0.018093 0.001808 -0.001914
-0.000708 -0.006490 -0.006411
0.003240 0.003423 0.005338
-0.023221 -0.004269 -0.005711
0.022570 -0.014868 0.011897
0.000025 -0.006103 -0.009834
0.016870 0.001867 0.000500
-0.004603 -0.001595 0.005096
