-0.000413 0.011150 0.012805
-0.007250 -0.000921 0.000984
0.008566 0.017552 0.000899
0.029023 0.007892 -0.002368
0.004075 0.001633 -0.006545
-0.009952 0.001539 -0.002189
-0.001060 0.002901 0.004463
0.001159 -0.016732 -0.002941
-0.003409 -0.011178 -0.001825
-0.000635 -0.014954 -0.020474
0.012463 -0.009859 -0.002451
-0.009662 -0.006640 -0.003207
0.004805 -0.007663 0.003078
0.005479 -0.022149 0.002731
-0.003637 -0.000543 0.002535
0.013669 -0.011392 0.002461
-0.001544 0.011858 0.012337
-0.011605 0.003769 0.000440
-0.004527 0.020086 0.001341
0.010305 0.010500 -0.002875
0.000226 0.016531 -0.005718
0.005462 -0.000443 -0.003097
-0.003781 0.005585 0.004824
0.000993 -0.015498 -0.001392
-0.001679 -0.012204 -0.001648
-0.009831 -0.005262 -0.001069
0.008460 -0.009622 0.001981
-0.012298 -0.003742 -0.003328
0.004646 -0.008559 0.003778
0.002264 -0.019636 -0.001265
-0.004457 -0.000226 0.000906
0.013225 -0.011987 0.003721
-0.000333 0.011074 0.012144
-0.008680 0.002052 0.000749
-0.003614 0.019719 0.000474
0.013432 0.008099 -0.002772
-0.000968 0.015742 -0.006027
-0.009058 0.000519 -0.001989
-0.001750 0.005582 0.004678
0.000379 -0.016077 -0.002895
-0.003456 -0.012422 -0.000124
-0.010833 -0.004362 -0.002390
0.010408 -0.006521 0.000853
-0.009663 -0.006077 -0.003582
0.005469 -0.007465 0.003828
0.000365 -0.021931 -0.002507
-0.005863 0.003258 0.000256
0.015083 -0.010841 0.002596
0.018378 0.019685 0.013173
0.001840 0.002620 -0.000430
0.009181 0.019564 0.000707
0.012427 0.006545 -0.002241
0.003677 0.015904 -0.003400
-0.008508 -0.001043 -0.002049
0.000084 0.002945 0.004289
0.002550 -0.012130 0.001788
-0.003211 -0.011712 -0.000693
-0.010239 -0.004500 -0.001260
0.011153 -0.006586 -0.000312
-0.007466 -0.006248 -0.002990
0.003933 -0.005484 0.005864
0.004237 -0.018592 -0.000017
-0.004518 -0.000120 -0.000263
0.065620 -0.044522 -0.064906
0.001907 0.010279 0.012239
-0.008798 0.001531 0.000505
-0.000599 0.018837 0.000683
0.011923 0.005946 -0.003308
-0.003229 0.013655 -0.006276
-0.012557 0.001347 -0.002079
0.014748 0.003127 0.004794
-0.000889 -0.015354 -0.002861
-0.003938 -0.011614 -0.000927
-0.011646 -0.007297 -0.000048
0.011102 -0.006061 0.000317
-0.010768 -0.007024 -0.002842
0.005247 -0.008317 0.003549
0.002770 -0.018961 -0.001015
-0.004774 0.001241 0.001138
0.012787 -0.009829 0.003930
-0.000854 0.010243 0.014688
-0.010819 0.003289 -0.002527
-0.004791 0.018431 0.000849
0.014213 0.008078 -0.002429
-0.001623 0.015941 -0.006197
-0.009526 -0.000214 -0.002966
-0.000320 0.004586 0.003900
-0.000637 -0.013507 -0.004994
-0.004096 -0.011450 -0.001850
-0.009095 -0.009706 -0.005711
0.009801 -0.006018 0.002568
-0.010816 -0.006261 -0.004176
0.004568 -0.008957 0.002835
0.012545 -0.020178 -0.001690
-0.004723 -0.000087 0.002235
0.010427 -0.013179 0.002697
-0.001344 0.010617 0.009484
-0.008645 0.003262 0.006429
-0.004060 0.018663 0.000030
0.011407 0.009499 -0.003155
0.004373 0.024866 -0.006326
0.048961 -0.021807 0.001015
0.075454 0.020890 0.011839
0.010538 -0.007379 0.012715
-0.002907 -0.013749 -0.006305
-0.011206 -0.004431 -0.003410
0.019019 -0.006953 0.001307
0.042141 0.021741 -0.076031
0.007771 -0.002614 -0.000043
0.002309 -0.018999 -0.002590
-0.002142 0.004294 0.004233
0.014326 -0.010220 0.003152
0.000999 0.010705 0.011623
-0.009665 0.000931 0.001035
-0.000608 0.019254 0.000596
0.028776 0.007700 -0.002338
0.005572 0.016379 -0.007943
-0.009593 -0.001120 -0.001617
-0.001314 0.002268 0.004968
-0.000775 -0.017471 -0.001430
-0.003293 -0.011053 -0.001754
-0.010465 -0.005961 -0.003022
0.011524 -0.006867 0.000902
-0.010559 -0.006554 -0.002305
0.013888 0.003982 -0.013348
0.002823 -0.019563 -0.001104
0.004475 0.002024 -0.000274
0.013271 -0.011155 0.002355
-0.000755 0.002955 -0.008012
0.006815 0.008606 -0.002050
-0.005242 -0.000335 0.002301
0.005337 0.025082 -0.001513
0.011766 -0.003685 0.000335
-0.001070 0.006253 -0.009194
-0.008268 -0.001815 -0.000002
0.017983 -0.036279 0.001578
-0.000281 0.007447 -0.001659
0.018347 -0.011719 0.003160
-0.009677 0.010147 0.001022
-0.005124 0.000028 -0.001087
0.011437 -0.004930 0.000057
0.004391 -0.014367 0.021500
0.009476 -0.008476 0.002375
-0.017358 -0.012255 0.001003
-0.001427 0.003286 -0.004890
0.006674 0.008051 -0.002326
-0.008496 0.009892 0.002178
0.005234 0.024398 -0.001323
-0.000435 -0.002671 -0.000429
0.003291 -0.000940 -0.009568
-0.008531 -0.002212 -0.000231
0.004414 0.006524 -0.001505
-0.004219 0.007392 -0.003175
0.016272 -0.011240 0.003284
-0.009032 0.011504 0.001731
-0.003680 -0.001696 -0.000517
0.012519 -0.006623 -0.001082
-0.002705 -0.005074 0.004403
0.009841 -0.010756 0.001256
-0.019483 -0.009642 0.002631
-0.001336 0.002582 -0.005710
0.018238 0.007662 -0.002505
-0.009381 0.010231 0.002050
0.007995 0.023164 -0.001280
-0.000281 -0.001790 -0.000554
0.000608 0.003932 -0.010708
-0.008549 -0.001975 0.001698
0.004699 0.006085 0.001099
-0.000231 0.008034 -0.001496
0.017423 -0.011668 0.002094
-0.008822 0.010208 0.002084
-0.005611 -0.001402 0.000214
0.011682 -0.006322 0.000274
-0.002908 -0.005318 0.004546
0.009672 -0.010596 0.002525
-0.017002 -0.011945 0.001594
0.000495 0.003534 -0.005278
0.010461 0.012580 -0.002556
-0.005558 0.021904 0.002400
0.004295 0.022017 -0.001590
0.002574 0.002631 -0.000519
0.001196 0.004191 -0.010124
-0.010098 -0.002954 -0.000485
0.001898 0.005711 0.000080
-0.003267 0.008999 -0.001164
0.008697 -0.009929 0.001095
-0.010989 0.009281 0.001617
-0.004678 -0.000900 -0.000513
0.011974 -0.005439 0.000546
-0.002703 -0.004518 0.004218
0.063763 0.018049 0.061986
-0.007279 -0.011924 0.003073
-0.000743 0.003693 -0.002653
0.007322 0.008195 -0.002408
-0.012435 0.010819 0.001856
0.008269 0.023551 -0.001682
-0.000680 -0.003104 -0.000090
0.001336 0.004475 -0.010242
-0.006246 -0.001810 0.001221
0.004633 0.005918 0.000995
-0.004283 0.007291 -0.002399
0.018356 -0.011898 0.002783
-0.006765 0.009676 0.002066
-0.005177 -0.001300 0.001018
0.010743 -0.004805 0.000445
-0.003971 -0.007839 0.001766
0.011159 -0.009067 0.002331
-0.016696 -0.011600 0.000759
0.000948 0.005100 -0.006810
0.007481 0.006511 -0.007621
-0.003702 0.010281 -0.002012
0.009678 0.023168 -0.000931
0.002352 -0.005673 -0.000890
0.001034 0.008078 -0.009254
-0.008295 -0.002201 0.000112
0.001664 0.006117 0.000891
0.000941 0.007725 -0.001447
0.017913 -0.011118 0.003389
-0.008882 0.009759 0.003587
-0.008500 -0.001763 -0.000847
0.010196 -0.006053 0.000275
-0.005102 -0.004193 0.007081
0.011422 -0.009840 0.002776
-0.017049 -0.013259 0.001333
0.012711 0.014786 -0.005123
0.006943 0.006956 0.000057
-0.006396 0.011461 0.005879
0.011249 0.022816 -0.002171
-0.000261 -0.006062 -0.000380
0.002046 0.009159 -0.009993
0.001875 0.037512 0.001208
0.001957 0.005482 -0.000305
-0.587260 -0.000718 0.024973
0.016627 -0.012279 0.002412
0.039282 -0.015269 0.053453
-0.014026 -0.001961 -0.000473
0.020691 -0.005338 -0.002263
-0.001868 -0.008235 0.007974
0.009800 -0.010477 0.001183
-0.015812 -0.008361 -0.002856
0.000111 0.003620 -0.005184
0.005703 0.007416 -0.002177
-0.010481 0.013303 0.002623
0.004652 0.022144 -0.001462
-0.002950 -0.004616 -0.000778
0.012338 0.005027 -0.009367
-0.010274 -0.003939 0.002965
0.002641 0.006211 -0.000363
0.000121 0.009039 -0.003232
0.014194 -0.011519 0.003666
-0.008132 0.010209 0.001835
-0.006161 -0.001386 0.001095
0.012444 -0.005465 -0.000018
-0.002540 -0.006147 0.005230
0.009638 -0.009312 0.003479
-0.018493 -0.012019 0.002593
