-0.001015 0.012958 0.012280
-0.008423 0.000489 -0.000268
-0.001485 0.019363 0.000410
0.011027 0.008298 -0.002483
0.000308 0.020068 -0.006092
-0.009143 0.001079 -0.001258
-0.000116 0.003675 0.005072
-0.000060 -0.015855 -0.003422
-0.003274 -0.011623 -0.001869
-0.011146 -0.005523 -0.001867
0.010723 -0.006430 -0.000598
-0.009731 -0.006239 -0.003999
0.004246 -0.007631 0.003545
0.003211 -0.019404 0.001173
-0.002413 -0.002725 0.001127
0.013546 -0.011956 0.002593
0.000388 0.010822 0.012008
-0.007032 0.001613 0.000229
-0.000759 0.018511 0.000520
0.010184 0.009679 -0.002983
-0.001047 0.016231 -0.004613
-0.009201 0.000484 -0.003235
-0.000197 0.000446 -0.001278
-0.001155 -0.015263 -0.002792
-0.002125 -0.012631 -0.000208
-0.011421 -0.005935 -0.002160
0.011631 -0.006795 0.000395
-0.009679 -0.006854 -0.004776
0.004026 -0.007215 0.002595
0.003248 -0.018797 -0.000525
-0.003536 0.000497 0.000554
0.014107 -0.011236 0.002742
-0.000674 0.011505 0.012494
-0.009020 0.001584 0.000837
-0.001438 0.019152 0.001681
0.011992 0.007858 -0.003516
-0.001810 0.015312 -0.005948
-0.008650 0.000656 -0.000967
-0.002502 -0.001109 0.005212
0.001179 -0.016264 -0.002993
-0.004481 -0.011147 -0.000606
-0.011250 -0.004183 -0.001846
0.011209 -0.006718 -0.000588
-0.009965 -0.005586 -0.004939
0.004578 -0.007844 0.002678
0.003648 -0.019911 -0.000791
-0.003372 0.000985 0.003387
0.014126 -0.011605 0.002940
0.014844 0.020870 0.015445
-0.009799 0.001704 0.000574
-0.005389 0.021949 0.001099
0.010569 0.007701 -0.006822
-0.003718 0.015551 -0.010843
-0.009606 0.000446 -0.001160
-0.001454 0.002865 0.003989
-0.000418 -0.015574 -0.002918
-0.002656 -0.011245 -0.001023
-0.011341 -0.005159 -0.002106
0.011273 -0.007246 -0.000231
-0.008904 -0.006165 -0.003889
0.008354 -0.003677 0.008934
0.002866 -0.019934 0.000157
-0.003328 0.000491 0.002633
0.015068 -0.011016 0.024549
-0.000566 0.011141 0.013120
-0.008298 0.003391 0.001281
-0.000957 0.018658 0.001305
0.010756 0.007978 -0.002597
-0.002079 0.018395 -0.011345
-0.008960 0.000924 -0.002046
0.000669 0.003611 0.004792
0.000195 -0.015315 -0.002706
-0.003492 -0.011386 -0.001230
-0.011352 -0.004911 -0.002810
0.011652 -0.006644 -0.000577
-0.009876 -0.006161 -0.003865
0.004283 -0.007671 0.002745
0.003305 -0.019273 0.001032
-0.004705 0.004582 0.001815
0.013938 -0.010985 0.003377
0.001990 0.012960 0.006916
-0.009429 -0.003095 0.005520
-0.000178 0.019873 -0.003217
0.011770 0.006009 -0.007199
-0.001855 0.015867 -0.005969
-0.011982 -0.000823 -0.003602
0.002074 0.003206 -0.000208
-0.000993 -0.014726 0.002856
-0.001839 -0.011307 0.005450
-0.011008 0.000763 0.004187
0.011756 -0.007680 0.006834
-0.009892 -0.005709 0.001018
0.004398 -0.007778 0.001860
-0.001886 -0.022655 0.003337
-0.003415 -0.001227 0.002026
0.013503 -0.011241 0.002088
0.004047 0.009245 0.011067
-0.008521 0.021616 0.003954
-0.000309 0.022876 -0.000574
0.015130 0.004702 -0.002994
-0.000056 0.016192 -0.005859
-0.076680 -0.035107 0.088064
0.000166 -0.001220 0.003350
0.001194 -0.015526 0.000033
-0.004162 -0.010882 0.003423
-0.010875 -0.010568 0.002713
0.010767 -0.005920 0.003341
-0.009470 -0.005829 0.001599
0.004737 -0.007681 0.004055
0.007270 -0.017491 0.005765
-0.004183 0.002011 0.002457
0.013489 -0.011263 0.002732
-0.004244 0.009484 0.019198
-0.008185 0.000412 0.001380
-0.001193 0.020478 -0.004431
0.010075 0.003448 -0.003402
-0.001168 0.020915 -0.006370
-0.008594 0.003065 -0.002593
0.000184 0.003950 0.004865
0.000125 -0.015915 -0.002364
-0.003994 -0.011421 -0.001290
-0.011438 -0.005313 -0.003598
0.011400 -0.005672 0.000274
-0.009328 -0.006514 -0.004447
-0.000756 -0.011952 0.008533
0.003301 -0.019508 0.000472
-0.004881 0.000909 0.002793
0.013635 -0.011575 0.024133
0.000568 0.002517 -0.006114
0.006968 0.008934 -0.001979
-0.010194 0.010797 0.003281
0.006558 0.023382 -0.001479
-0.000247 -0.002852 -0.001152
0.001411 0.003595 -0.008964
-0.008014 -0.002018 -0.000265
0.007301 0.006803 -0.001154
-0.000583 0.008063 -0.001627
0.018586 -0.012370 0.002496
-0.008155 0.010421 0.002287
-0.004850 -0.001729 -0.000516
0.011415 -0.005581 -0.000058
-0.007094 -0.003263 0.005145
0.010085 -0.009673 0.003846
-0.017089 -0.011938 0.001846
0.000602 0.003546 -0.005221
0.010329 0.007548 0.003802
-0.010804 0.010707 0.004210
0.008334 0.021768 -0.002132
-0.000203 -0.003232 -0.001051
0.002114 0.003327 -0.009570
-0.007727 -0.002042 0.000536
0.003380 0.005567 0.000132
-0.000265 0.007264 -0.001744
0.018554 -0.011938 0.002368
-0.009052 0.010977 0.001546
-0.004867 -0.001304 0.000904
0.011495 -0.005707 -0.001043
-0.003216 -0.006103 0.004103
0.009798 -0.009741 0.002227
-0.016931 -0.011343 0.000431
-0.000423 0.003076 -0.004772
-0.009237 0.017866 0.002037
-0.009574 0.010320 0.002021
0.006863 0.023423 -0.000967
0.000012 -0.002745 0.000607
0.001855 0.002644 -0.009487
-0.010806 -0.001880 0.000425
0.003026 0.004163 0.000324
-0.001491 0.009830 -0.002563
0.017774 -0.011349 0.003415
-0.007824 0.009295 0.002368
-0.004734 -0.001382 -0.000242
0.011911 -0.005488 0.000317
-0.004085 -0.005151 0.003869
0.010048 -0.010001 0.002364
-0.016745 -0.012239 0.000326
-0.000689 0.003728 -0.005890
0.007755 0.009652 -0.002219
-0.010239 0.008941 0.002086
0.007138 0.023142 0.000224
0.000298 -0.002127 -0.000339
-0.000396 0.002892 -0.014823
-0.008929 -0.001404 0.001866
0.002356 0.004541 -0.000180
-0.000853 0.008162 -0.002463
0.018414 -0.006058 0.008845
-0.008008 0.010988 0.001481
-0.008302 -0.003159 0.000319
0.011513 -0.005902 -0.000468
-0.003369 -0.004963 0.004793
0.012775 -0.013857 0.008192
-0.017348 -0.011306 0.000649
-0.000156 0.003000 -0.005291
0.008028 0.009177 -0.002181
-0.010409 0.010113 0.002396
0.007396 0.022569 -0.001377
0.000068 -0.002385 -0.000654
0.001237 0.004333 -0.010665
-0.008711 -0.002723 0.001358
0.003768 0.004297 -0.005229
-0.000869 0.008606 -0.002254
0.017705 -0.010858 0.002840
-0.008913 0.009582 0.001650
-0.005005 -0.000835 0.000386
0.011796 -0.005517 -0.000141
0.000345 -0.007801 0.004812
0.010145 -0.010861 0.002839
-0.016904 -0.011745 -0.000663
-0.000308 0.006012 -0.005161
0.003741 0.005305 -0.003132
-0.007555 0.011149 0.002880
0.004925 0.024281 -0.002084
-0.000312 -0.005006 -0.000202
0.003596 0.005461 -0.002851
-0.007674 0.000305 0.007557
-0.000192 0.007657 0.004860
0.001261 0.007769 -0.002007
0.017903 -0.011631 0.000822
-0.008687 0.010163 0.000550
-0.004392 -0.001303 0.002433
0.005918 -0.004711 0.006126
-0.003528 -0.004578 0.010650
0.010466 -0.009196 0.002677
-0.016989 -0.011681 -0.000284
-0.002807 0.075023 0.063479
0.005644 0.009456 -0.007349
0.039199 0.038729 0.061412
-0.043995 0.053492 0.046722
0.003059 -0.068279 0.059989
-0.014269 -0.004825 -0.006136
-0.010460 -0.022135 0.004307
0.018815 -0.003387 0.005180
0.057591 -0.021915 0.056212
0.017639 -0.011732 0.003021
0.003812 0.014791 -0.546438
-0.006423 -0.001443 0.006712
0.018741 -0.007126 0.006835
-0.003714 -0.004496 0.010024
0.010174 -0.009468 0.003760
-0.015845 -0.012088 0.002032
-0.001384 0.003222 -0.005010
0.006160 0.008050 -0.001598
-0.009810 0.010993 0.003031
0.007263 0.023808 -0.001760
0.000426 -0.003057 -0.001200
-0.003858 0.006018 -0.010742
-0.006435 -0.002826 0.000451
0.002967 0.005470 0.000619
-0.000810 0.007720 0.000059
0.017824 -0.016848 0.007648
-0.009127 0.009857 0.001658
-0.001991 0.001037 0.000695
0.011124 -0.005384 -0.001221
-0.003843 -0.006093 0.004105
0.007134 -0.006018 0.008512
-0.016021 -0.012592 0.000429
