2176.0000 0.05 1
1.11111
4.44444
11.1111
2.22222
11.1111
4.44444
13.3333
11.1111
20
11.1111
6.66667
11.1111
24.4444
23.3333
17.7778
23.3333
26.6667
18.8889
13.3333
32.2222
18.8889
8.88889
4.44444
10
14.4444
16.6667
34.4444
37.7778
27.7778
37.7778
13.3333
24.4444
17.7778
33.3333
22.2222
32.2222
28.8889
25.5556
40
22.2222
34.4444
46.6667
36.6667
47.7778
70
57.7778
54.4444
41.1111
80
105.556
101.111
122.222
127.778
138.889
148.889
146.667
161.111
192.222
185.556
206.667
214.444
270
190
230
236.667
284.444
242.222
273.333
254.444
263.333
291.111
298.889
320
344.444
310
352.222
284.444
350
298.889
312.222
297.778
294.444
295.556
280
314.444
273.333
246.667
287.778
287.778
297.778
314.444
323.333
318.889
310
333.333
316.667
316.667
293.333
292.222
303.333
300
291.111
334.444
357.778
315.556
357.778
377.778
361.111
351.111
350
345.556
286.667
253.333
215.556
177.778
160
188.889
241.111
264.444
331.111
351.111
404.444
413.333
400
425.556
411.111
450
400
384.444
356.667
342.222
373.333
348.889
394.444
382.222
376.667
385.556
427.778
407.778
455.556
405.556
408.889
413.333
353.333
363.333
374.444
368.889
374.444
440
413.333
412.222
430
407.778
341.111
347.778
324.444
348.889
318.889
324.444
255.556
286.667
262.222
272.222
255.556
244.444
222.222
276.667
211.111
242.222
214.444
232.222
261.111
223.333
244.444
232.222
212.222
208.889
225.556
178.889
207.778
172.222
200
173.333
176.667
256.667
235.556
234.444
207.778
216.667
170
175.556
196.667
262.222
242.222
221.111
272.222
240
227.778
260
347.778
340
317.778
310
325.556
307.778
335.556
375.556
421.111
425.556
425.556
450
430
511.111
472.222
501.111
474.444
423.333
352.222
313.333
227.778
116.667
18.8889
1.11111
0
0
0
0
0
0
0
0
0
0
0
0
0
0
0
0
0
0
0
0
0
0
4.44444
2.22222
0
2.22222
0
0
4.44444
2.22222
4.44444
3.33333
2.22222
0
6.66667
0
4.44444
6.66667
0
2.22222
2.22222
2.22222
1.11111
2.22222
0
0
2.22222
0
2.22222
0
