-0.001198 0.012209 0.013692
-0.009052 0.002217 0.000619
-0.001233 0.018658 -0.000169
0.011752 0.007931 -0.002179
-0.002192 0.016099 -0.006522
-0.009367 0.001695 -0.001626
-0.000721 0.003214 0.005126
0.000205 -0.015766 -0.003437
-0.003843 -0.012686 -0.001395
-0.010867 -0.005348 -0.001212
0.011571 -0.007791 0.000586
-0.009457 -0.005570 -0.004004
0.005089 -0.008008 0.002974
0.002858 -0.018999 -0.000055
-0.003424 0.000427 0.002066
0.014606 -0.012228 0.001835
-0.000893 0.011472 0.013287
-0.009181 0.001360 0.000743
-0.000752 0.019090 0.000929
0.011093 0.007565 -0.002267
-0.001521 0.016699 -0.003922
-0.009562 0.000690 -0.002556
-0.000203 0.005590 0.005784
0.000295 -0.016105 -0.001847
0.000614 -0.010866 -0.000068
-0.011861 -0.003928 -0.001393
0.012011 -0.007332 0.000552
-0.009985 -0.007180 -0.003710
0.004555 -0.007688 0.002089
0.003480 -0.019383 -0.001102
-0.005755 0.001318 0.005443
0.014650 -0.010872 0.001133
-0.000217 0.010678 0.011713
-0.008703 0.001211 0.003328
-0.001447 0.019113 0.000991
0.011712 0.008347 -0.001389
-0.000506 0.015748 -0.005760
-0.008955 0.000484 -0.001675
-0.000449 0.002535 0.004482
-0.001008 -0.015589 -0.003075
-0.001416 -0.012530 0.003968
-0.011095 -0.006438 -0.002581
0.011085 -0.006239 -0.000232
-0.008681 -0.007301 -0.004022
0.004102 -0.007168 0.004288
0.002727 -0.019117 -0.000774
-0.006356 0.004670 0.002142
0.013964 -0.011441 0.003186
-0.001365 0.011061 0.012331
-0.008948 0.001528 0.001599
-0.001304 0.019079 -0.000492
0.012513 0.007676 -0.008694
-0.001591 0.016094 -0.005435
-0.009837 -0.000183 -0.001925
-0.000460 0.004851 0.004395
0.000123 -0.016001 -0.001877
-0.003687 -0.011591 -0.002379
-0.011091 -0.004226 -0.002311
0.011908 -0.005459 0.000816
-0.009189 -0.003330 0.001741
0.005232 -0.005577 0.003520
0.002918 -0.020446 -0.000709
-0.004366 -0.000503 0.000768
-0.056391 -0.052004 -0.073469
-0.000021 0.010231 0.012594
-0.009128 0.000473 0.001215
-0.001467 0.019608 0.001355
0.011219 0.008376 -0.002321
-0.001446 0.015846 -0.004343
-0.008531 0.000382 -0.001769
-0.000757 0.002865 0.003239
-0.000039 -0.016111 -0.002685
-0.002145 -0.011209 -0.001856
-0.010314 -0.004576 -0.001874
0.011059 -0.005978 0.000184
-0.008388 -0.006263 -0.003820
0.004298 -0.007525 0.004580
0.003933 -0.019543 -0.000929
-0.004272 0.000536 0.000479
0.014013 -0.011455 0.003102
-0.000929 0.017298 0.006868
-0.008095 0.006284 -0.003578
0.002552 0.015146 -0.006797
0.012457 0.008010 -0.002321
-0.002053 0.015398 -0.004182
-0.009721 0.000730 0.005091
0.000135 0.003082 0.003847
-0.000423 -0.017419 -0.001964
-0.006916 -0.009236 -0.004830
-0.011997 -0.023560 -0.004161
0.009288 -0.006190 0.000811
-0.006873 -0.003722 0.000844
0.003936 -0.007684 0.003824
0.069422 -0.054757 -0.078064
-0.003471 0.002155 0.006200
0.013656 -0.011641 0.001738
-0.000779 0.005386 0.004441
-0.008406 -0.003123 -0.005480
-0.006428 0.023776 -0.005719
0.011039 0.007231 -0.001957
-0.001741 0.015948 -0.006596
-0.000847 0.012782 0.677029
-0.000498 0.002183 0.002977
0.001934 -0.119283 -0.115862
0.012419 -0.023300 -0.004880
-0.011512 -0.002571 -0.007500
-0.072186 0.037866 -0.104219
-0.007325 -0.001495 -0.003232
0.004124 -0.007652 0.003608
0.005331 -0.019723 -0.000607
-0.002465 0.005157 0.002185
0.014204 -0.010656 0.003318
-0.000878 0.010793 0.014374
-0.008895 0.000708 0.001105
-0.001863 0.018977 -0.000567
0.015802 0.009071 -0.001378
-0.001721 0.016581 -0.004826
-0.007628 0.002234 -0.001646
0.000190 0.001543 0.004727
0.000593 -0.015709 -0.002640
-0.004564 -0.012774 -0.001338
-0.010229 -0.005548 -0.001648
0.011303 -0.006670 -0.001044
-0.011254 -0.002474 -0.002923
0.003569 0.071323 -0.085137
0.002701 -0.019764 -0.002150
-0.005662 0.000714 0.000808
0.012416 -0.011163 0.003967
-0.001624 0.003299 -0.004870
0.005952 0.007802 -0.002688
-0.010058 0.010949 0.002654
0.006704 0.022872 -0.001528
-0.000386 -0.002767 0.000240
0.001410 0.004290 -0.009483
-0.007570 -0.003025 0.001223
0.003231 0.005573 -0.000270
-0.000872 0.007932 -0.001551
0.019191 -0.013713 0.002682
-0.008815 0.010216 0.000766
-0.004711 -0.001145 0.000113
0.011488 -0.004434 -0.000844
-0.002881 -0.005279 0.005088
0.010761 -0.010171 0.002264
-0.017625 -0.012926 0.001489
-0.000623 0.002976 -0.005842
0.007062 0.008458 -0.008177
-0.010277 0.010411 0.002421
0.006821 0.023371 -0.002514
-0.000108 -0.002262 0.000517
0.000613 0.004412 -0.009501
-0.010034 -0.001928 0.000304
0.003186 0.005635 0.000031
-0.000632 0.008207 -0.000680
0.016849 -0.011406 0.002632
-0.008803 0.011494 0.001648
-0.005584 0.000017 -0.000464
0.009066 -0.004710 0.005015
-0.002625 -0.004203 0.003606
0.009326 -0.009451 0.002141
-0.015532 -0.014757 0.001983
0.000561 0.003763 -0.005136
0.011633 0.003302 -0.002701
-0.010383 0.011324 0.001755
0.007059 0.023358 -0.002269
0.000155 -0.002403 0.000878
0.001213 0.004100 -0.010144
-0.006098 -0.002723 0.000338
0.002922 0.005490 0.000641
-0.000629 0.007535 -0.000290
0.018119 -0.011984 0.003230
-0.008441 0.010203 0.001114
-0.005878 -0.000349 -0.001450
0.006972 -0.005328 -0.000468
-0.003549 -0.005735 0.005576
0.010435 -0.009770 0.001393
-0.015237 -0.012962 0.005937
0.001745 0.004583 -0.005166
0.006762 0.008165 -0.001758
-0.009724 0.010855 0.002294
0.006860 0.023416 -0.001379
-0.000436 -0.002461 0.002568
0.000348 0.004298 -0.016795
-0.008486 -0.002315 0.000312
0.002927 0.005387 0.000364
-0.000840 0.007887 -0.000633
0.014422 -0.010851 0.002499
-0.008452 0.010418 0.000977
-0.008085 -0.003538 -0.004128
0.012531 -0.004650 -0.000054
-0.003094 -0.006192 0.003763
0.007683 -0.013094 0.002367
-0.015277 -0.011648 0.000973
0.000604 0.003190 -0.005363
0.009040 0.008621 -0.002061
-0.010474 0.010220 0.001100
0.006649 0.024067 -0.001100
-0.000281 -0.002465 -0.000463
0.000886 0.004123 -0.009742
-0.008944 -0.001197 0.000908
0.003390 0.005603 0.002264
-0.000574 0.007741 -0.001536
0.017983 -0.011463 0.001693
-0.009206 0.009234 0.002110
-0.004940 -0.000581 -0.001154
0.011448 -0.006116 -0.000281
-0.004059 -0.005540 0.003719
0.010489 -0.008990 0.001622
-0.016481 -0.011641 0.000667
0.000185 0.004073 -0.010862
0.006016 0.007852 -0.002229
-0.010689 0.010312 -0.015219
0.004361 0.018514 -0.007529
-0.006020 -0.002169 -0.004167
0.003418 0.005892 -0.009419
-0.007128 -0.001937 -0.005705
0.008449 0.005051 -0.005958
-0.000440 0.007116 -0.007949
0.021797 -0.010150 -0.000521
-0.007218 0.009674 0.002658
-0.002372 0.000147 0.004070
0.013433 -0.007034 -0.005624
-0.002647 -0.007944 -0.000451
0.010344 -0.011815 0.007610
-0.017244 -0.014456 0.005290
-0.002885 -0.001679 -0.008830
0.008834 0.008460 -0.002186
-0.009236 0.010547 -0.018102
0.008845 0.027747 -0.007361
0.004456 -0.000800 -0.007447
-0.002342 0.001579 -0.009695
-0.010290 -0.000222 -0.002432
-0.000642 0.009130 -0.006562
-0.005882 0.010058 -0.004739
0.001485 -0.020709 -0.000706
0.072639 0.053819 -0.087936
-0.001097 -0.001887 -0.001377
-0.002331 0.003948 -0.004018
-0.003432 0.013207 0.001059
0.013163 -0.013803 0.002590
-0.020144 -0.015269 0.001296
-0.002669 0.002335 -0.005761
0.008136 0.008572 -0.002363
-0.010341 0.010847 0.002385
0.007077 0.024019 -0.003197
-0.000260 -0.002578 -0.000411
0.002503 0.005445 -0.010391
-0.008100 -0.001577 0.001246
0.003248 0.005596 0.001185
-0.001159 0.006747 -0.001255
0.016737 -0.012850 0.007374
-0.008482 0.008096 0.002430
0.012285 0.007943 -0.003983
0.011185 -0.005451 -0.001137
-0.004823 -0.005456 0.004593
0.008771 -0.010353 0.006567
-0.016322 -0.011541 0.000240
