2176.0000 0.05 1
1.11111
4.44444
11.1111
2.22222
11.1111
4.44444
13.3333
11.1111
20
11.1111
6.66667
11.1111
24.4444
23.3333
17.7778
23.3333
26.6667
18.8889
13.3333
32.2222
18.8889
8.88889
4.44444
10
14.4444
16.6667
34.4444
40
23.3333
40
11.1111
26.6667
17.7778
31.1111
24.4444
32.2222
26.6667
27.7778
40
24.4444
32.2222
46.6667
36.6667
47.7778
70
55.5556
56.6667
41.1111
80
106.667
95.5556
126.667
130
138.889
146.667
146.667
161.111
190
192.222
200
216.667
267.778
192.222
230
230
291.111
238.889
277.778
253.333
263.333
288.889
301.111
320
335.556
316.667
354.444
282.222
347.778
303.333
310
294.444
297.778
295.556
277.778
314.444
273.333
248.889
283.333
294.444
295.556
316.667
314.444
323.333
305.556
337.778
314.444
321.111
295.556
290
301.111
303.333
292.222
330
360
314.444
360
374.444
358.889
353.333
352.222
341.111
288.889
253.333
215.556
177.778
162.222
191.111
238.889
264.444
333.333
350
398.889
417.778
397.778
428.889
410
450
402.222
380
354.444
346.667
373.333
345.556
400
380
377.778
382.222
430
406.667
454.444
408.889
405.556
411.111
357.778
361.111
374.444
368.889
372.222
440
411.111
413.333
437.778
401.111
343.333
352.222
320
351.111
314.444
331.111
255.556
283.333
261.111
268.889
261.111
244.444
222.222
274.444
208.889
247.778
215.556
230
261.111
223.333
244.444
232.222
214.444
206.667
227.778
176.667
207.778
174.444
197.778
175.556
175.556
255.556
233.333
233.333
213.333
216.667
168.889
175.556
197.778
260
241.111
217.778
276.667
236.667
224.444
266.667
350
337.778
317.778
305.556
332.222
305.556
331.111
382.222
412.222
432.222
423.333
450
434.444
505.556
477.778
505.556
474.444
430
347.778
310
232.222
121.111
6.66667
1.11111
0
0
0
0
0
0
0
0
0
0
0
0
0
0
0
0
0
0
0
0
0
0
6.66667
0
0
0
4.44444
0
4.44444
4.44444
0
5.55556
0
0
6.66667
0
4.44444
6.66667
0
2.22222
2.22222
3.33333
0
2.22222
0
0
2.22222
0
2.22222
0
