0.002430 0.006581 0.016218
-0.008934 0.000966 0.001090
0.062353 -0.016948 0.078940
0.012874 0.008122 -0.002002
-0.001004 0.015565 -0.006078
-0.010591 0.001141 -0.003780
-0.000645 0.002601 0.004863
-0.001411 -0.014811 -0.003773
-0.003166 -0.011822 0.000161
0.000328 -0.003870 -0.001513
0.016463 -0.006308 0.003305
-0.009675 -0.006121 -0.003756
0.004043 -0.007758 0.003899
0.076641 -0.046301 0.000059
-0.002562 0.000740 0.001710
0.013356 -0.010579 0.002699
0.000366 0.009830 0.013195
-0.009908 0.001742 0.000636
-0.000757 0.019190 0.000677
0.010789 0.008558 -0.004513
-0.001042 0.015333 -0.004725
-0.009865 -0.000281 -0.003128
0.000629 0.003692 0.004138
-0.000945 -0.015190 -0.002587
-0.002069 -0.011351 -0.001201
-0.010753 -0.000891 0.000296
0.011150 -0.003797 0.000565
-0.011568 -0.008078 -0.003274
0.003718 -0.007489 0.003767
0.002868 -0.021745 -0.000263
-0.002747 0.001079 0.001599
0.029122 -0.009019 0.002564
0.000137 0.011650 0.012096
-0.009218 0.001503 0.000760
-0.004360 0.017936 0.000015
0.071293 -0.024795 -0.076176
-0.001314 0.015163 -0.006034
-0.007093 0.001598 -0.001287
-0.002707 0.005745 0.003636
-0.001041 -0.015849 -0.002719
-0.002947 -0.011653 -0.001018
-0.010226 -0.001077 -0.003846
0.017273 0.007357 0.000520
-0.005147 -0.019481 -0.003495
0.014943 -0.008979 0.003782
0.002633 -0.021282 -0.001560
-0.005675 0.001595 0.001698
0.014263 -0.012586 0.002595
0.000308 0.010676 0.010598
-0.008830 0.001882 0.001323
-0.001014 0.019404 0.000684
0.013402 0.008254 -0.002930
-0.000342 0.015440 -0.006043
-0.011613 -0.001122 -0.003636
0.060018 0.037763 0.071667
0.000363 -0.015572 -0.001303
-0.004821 -0.012414 -0.001757
-0.010935 -0.004390 -0.002287
0.011470 -0.006574 0.000488
-0.004446 -0.006762 0.000027
0.006180 -0.010896 0.009667
0.002044 -0.019653 -0.000913
-0.005197 0.000360 0.001953
0.015364 -0.011089 0.002674
-0.002530 0.011941 0.014071
-0.007767 0.000501 -0.000639
-0.001446 0.019591 0.001511
0.008162 0.007162 -0.002955
-0.003446 0.017583 -0.004835
0.001088 -0.001467 -0.003712
-0.000420 0.002595 0.003334
-0.000318 -0.014499 -0.001344
-0.003958 -0.012468 -0.002344
-0.012280 -0.005266 -0.002151
0.016090 -0.006578 -0.001975
-0.008206 -0.006129 -0.003509
0.003271 -0.007161 0.003298
0.003704 -0.018943 -0.000742
-0.005642 0.001711 0.001268
0.015811 -0.011900 0.002685
-0.000879 0.008621 0.008357
-0.009357 0.001364 -0.000179
-0.000213 0.019174 0.000606
0.011706 0.008482 -0.001948
-0.002795 0.016047 -0.007191
-0.010828 0.000922 -0.002440
0.001048 0.003516 0.004610
0.001879 -0.014702 -0.002789
-0.002179 -0.010982 -0.000946
-0.011744 -0.005550 -0.002720
0.009978 -0.006154 0.000659
-0.009372 -0.006418 -0.003106
0.001452 -0.009472 0.003470
0.000937 -0.019260 -0.000362
-0.000349 0.000330 0.001478
0.015265 -0.012808 0.002893
0.008522 0.000606 0.029386
-0.009430 0.001449 0.001435
-0.003393 0.020170 0.000254
0.012698 0.007459 -0.002562
0.062205 0.052474 -0.075700
-0.007027 -0.001747 0.001170
-0.001467 0.003277 0.004090
0.016375 -0.064543 -0.004877
0.009627 0.039202 -0.001213
-0.008711 -0.011195 -0.000988
0.014076 -0.013822 0.000519
-0.004556 -0.000564 -0.002897
0.008311 -0.002134 0.003929
0.001098 -0.018241 -0.001212
-0.001545 0.000923 0.001844
0.041091 -0.014214 0.003395
-0.000310 0.011440 0.012762
-0.008838 0.001238 0.000098
-0.000781 0.019554 -0.000310
0.010515 0.008157 -0.001656
-0.002779 0.016479 -0.005774
-0.010463 0.001027 -0.002696
-0.000588 0.003031 0.006551
0.000785 -0.015598 -0.003988
-0.004506 -0.012653 -0.000552
-0.013193 -0.003348 -0.001507
0.012334 -0.006574 0.000475
-0.003443 -0.007554 -0.007228
0.004480 -0.009536 -0.000587
0.013723 -0.019285 -0.000959
-0.006735 -0.000094 0.001452
0.014008 -0.009096 0.003015
0.000473 0.003977 -0.005309
0.008402 0.009134 -0.002789
0.000510 0.009673 0.003592
0.004295 0.025654 -0.002960
0.000056 -0.003932 -0.000709
0.002114 0.003459 -0.011073
-0.007688 -0.002900 0.001940
0.009620 0.015131 0.017056
-0.000789 0.007791 -0.002151
0.018885 -0.015944 0.002145
-0.010508 0.009631 0.002017
-0.003958 -0.001396 0.000089
0.012219 -0.005137 -0.000239
-0.004086 -0.006755 0.001242
0.009119 -0.007961 0.002493
-0.015855 -0.011830 0.001665
-0.003266 0.003363 -0.004235
0.007739 0.008298 -0.001534
-0.009260 0.009931 0.002458
0.005925 0.024852 -0.001661
-0.003314 -0.002991 -0.000168
-0.000086 0.005054 -0.012818
-0.009531 -0.001966 0.001235
0.002014 0.004726 0.002743
-0.000441 0.008531 -0.002223
0.016145 -0.014341 0.002806
-0.007726 0.009428 0.001876
-0.003265 0.000471 0.000532
0.010812 -0.005548 -0.000029
-0.002445 -0.007280 0.004092
0.024819 -0.009307 0.001963
-0.021135 -0.012660 0.001299
-0.009643 0.002465 -0.005151
0.008474 0.008601 -0.001686
-0.008835 0.011481 0.001425
0.008331 0.021585 -0.001021
-0.009100 -0.003212 0.000033
0.003780 0.000258 -0.013580
-0.008553 -0.001866 -0.000146
0.005639 0.009852 0.004452
-0.001056 0.006781 -0.002688
0.020178 -0.007582 0.003399
0.003072 0.010923 0.001765
0.008484 0.006567 0.000066
0.013948 -0.009752 0.000307
0.006556 -0.019035 0.004816
0.009398 -0.010483 0.002288
-0.015964 -0.012566 0.001444
-0.001077 0.004795 -0.006860
0.009714 0.012717 -0.006883
-0.011628 0.010673 0.002871
0.005943 0.022763 -0.003968
-0.001734 -0.002777 -0.001023
0.001172 0.002176 -0.005792
-0.008160 -0.001973 0.000684
0.003575 0.005204 -0.000236
0.007721 0.008704 -0.002024
0.018008 -0.011010 0.003059
-0.010644 0.011303 0.001157
-0.007013 -0.000170 -0.003169
0.022458 -0.006072 0.000349
-0.003642 -0.005223 0.004690
0.009910 -0.009854 0.002005
-0.017433 -0.011164 0.002045
-0.000754 0.002807 -0.004602
0.008269 0.007806 -0.002780
-0.011847 0.010637 0.004051
0.006587 0.022960 -0.001904
0.000772 -0.001817 0.000070
0.001794 0.004717 -0.009889
-0.008155 -0.003043 0.000033
0.002312 0.007471 -0.003214
-0.003353 0.010666 -0.000554
0.018122 -0.015212 0.003839
-0.011178 0.009359 0.001916
-0.003516 -0.001583 -0.000020
0.008620 -0.003955 0.000255
-0.004323 -0.006940 0.008107
0.007899 -0.008479 0.002728
-0.020821 -0.011621 0.000972
0.000417 0.002868 -0.005669
0.015128 0.017362 -0.018218
-0.010349 0.011980 0.002214
0.005765 0.022138 -0.002221
-0.000203 -0.003125 -0.000359
0.001537 0.005171 -0.010444
-0.008878 -0.001812 0.001715
0.002842 0.005767 -0.000338
-0.001092 0.007253 -0.001958
0.016160 -0.012818 0.002938
-0.008286 0.009350 0.001634
-0.005567 -0.000575 0.000434
0.011324 -0.002474 -0.006093
-0.001757 -0.005437 0.004029
0.010437 -0.008477 0.001994
-0.016403 -0.012965 0.001400
-0.001151 0.002954 -0.004985
0.007131 0.010208 0.000582
-0.009028 0.008127 -0.001807
0.008410 0.025696 0.001930
-0.000467 -0.003316 -0.000454
0.002339 0.004395 -0.008940
-0.002242 -0.002584 0.000734
0.004731 0.005171 -0.001152
0.000175 0.011733 -0.005198
0.028768 -0.012548 0.003104
0.003320 0.009624 0.002648
-0.006648 -0.000989 -0.000432
0.011525 -0.003119 0.004602
-0.003251 -0.004790 0.004612
0.029287 0.017739 0.000165
-0.595585 -0.004446 -0.003189
-0.001336 0.003280 -0.004411
0.006357 0.007375 -0.004832
-0.013107 0.009662 0.004052
0.015404 0.023797 -0.002022
0.000567 -0.001163 0.000963
0.006712 -0.005313 -0.026545
-0.007818 -0.001463 -0.000231
0.004032 0.005340 0.000878
-0.002649 0.007263 0.000337
0.017238 -0.011080 0.003240
-0.011200 0.011056 0.002689
-0.005573 -0.000698 0.003232
0.010645 -0.007453 0.000002
-0.003703 -0.005392 0.004166
0.009634 -0.010356 0.002465
-0.016688 -0.010957 0.000771
