2176.0000 0.05 1
1.875
2.5
7.5
6.25
7.5
16.25
8.75
6.25
17.5
16.25
14.375
16.25
25
16.25
6.25
31.25
23.125
18.125
28.75
10
10
13.125
10
10
16.25
20
25
30
37.5
19.375
23.75
27.5
13.75
26.875
20.625
29.375
21.25
41.25
44.375
30.625
37.5
55
48.125
46.25
41.875
67.5
54.375
49.375
84.375
92.5
98.75
124.375
138.125
134.375
138.125
154.375
180.625
151.25
159.375
198.125
178.75
174.375
234.375
251.875
268.75
236.875
235
280.625
293.75
309.375
296.875
318.75
303.75
311.25
325
340.625
339.375
363.125
318.125
354.375
371.875
363.125
329.375
360.625
336.25
376.875
311.875
294.375
303.125
287.5
273.75
254.375
232.5
251.25
249.375
300
206.25
250
311.875
293.75
320.625
307.5
310.625
300.625
250
291.25
311.25
296.875
326.875
272.5
278.75
305
271.875
321.875
287.5
316.875
248.75
300.625
348.75
321.875
314.375
314.375
330
361.875
341.25
380.625
402.5
378.75
390.625
393.125
394.375
429.375
454.375
468.75
453.125
442.5
450.625
439.375
446.875
415.625
408.75
425.625
382.5
360
315
353.75
328.125
308.75
317.5
332.5
301.25
279.375
215
253.75
252.5
304.375
275
250
270.625
225
320.625
287.5
328.75
302.5
300.625
290.625
286.875
295.625
350.625
290.625
325.625
350
371.875
355.625
262.5
287.5
212.5
287.5
345.625
266.875
262.5
268.75
260
234.375
244.375
250.625
264.375
330.625
236.25
227.5
236.875
225
181.25
246.25
256.25
280
256.25
308.125
252.5
263.125
258.125
205
205
266.875
256.25
325
344.375
343.75
355
276.25
365.625
297.5
511.25
534.375
511.875
421.875
370
256.875
235.625
203.75
167.5
120.625
56.875
31.25
11.25
3.75
1.875
3.75
1.25
0
0
0
0
0
0
0
0
0
0
2.5
0
