0.010162 0.000862 0.001465
-0.005924 -0.001440 0.000442
0.008401 0.002906 0.001630
0.001909 -0.000865 -0.002900
0.008376 0.002445 -0.002169
-0.002095 -0.004871 0.000061
-0.004064 -0.002150 -0.004530
-0.004894 0.005876 0.000017
-0.007057 0.000264 -0.007601
0.006326 -0.000964 -0.002738
0.015881 0.025373 0.003163
-0.006484 -0.001162 0.002723
0.003331 -0.010146 0.011424
0.015850 -0.019765 -0.000001
0.008933 -0.002368 -0.005254
0.004366 -0.000887 0.003793
0.010479 0.000762 0.000582
-0.007101 -0.000068 0.000479
0.046799 0.004686 -0.037558
0.013892 -0.004896 -0.009547
0.006249 0.003757 -0.001722
-0.004079 -0.002631 -0.000288
-0.007372 -0.001616 -0.004812
-0.007478 0.007324 0.001640
-0.004753 0.000730 -0.008020
0.020585 0.013497 -0.002125
-0.005073 -0.003690 0.005446
0.001535 0.000383 0.005867
0.005659 -0.005137 0.015409
0.009157 0.000059 0.013097
0.009901 -0.001999 -0.001126
0.003036 -0.001903 0.000872
0.022407 -0.003374 0.007090
-0.005689 -0.001367 0.000776
0.008402 0.005526 0.001869
0.011346 -0.003207 -0.007436
0.038193 0.003500 -0.037990
0.004158 0.000411 -0.004075
-0.010392 -0.001966 -0.005116
0.019783 -0.029588 0.000291
-0.006896 0.000620 -0.007741
0.026843 -0.001272 0.017230
-0.003094 -0.002872 0.004440
0.005406 0.003844 0.009652
0.003696 -0.000489 0.011720
0.015137 0.019445 -0.000253
0.001690 0.000543 -0.005249
0.001496 -0.002213 0.000993
0.011003 0.002769 0.000800
-0.005508 -0.001374 0.000689
0.010667 0.004260 -0.000036
0.002615 0.000763 -0.003357
0.007960 0.002249 -0.001733
-0.001824 -0.004855 -0.000888
-0.003982 -0.002209 -0.004938
-0.005357 0.006406 0.000154
-0.008017 -0.000499 -0.008866
0.006146 -0.001190 -0.002787
-0.003540 -0.003605 0.004489
-0.005879 -0.002894 0.002024
-0.002802 -0.005209 0.009689
-0.004885 0.000029 -0.000779
0.003774 0.002684 -0.005446
0.001367 -0.001592 0.000260
0.018196 -0.000825 0.005124
-0.007279 -0.002744 0.000362
0.010600 0.003907 0.000374
0.001806 -0.000429 -0.003329
0.006859 0.001934 -0.001943
0.003249 -0.000116 -0.000134
-0.007605 -0.002392 -0.004717
-0.005325 0.005948 -0.000017
-0.020577 0.000637 -0.007925
0.020614 -0.015610 -0.001979
-0.003251 -0.002289 0.003963
-0.006222 -0.000984 0.001707
-0.002160 -0.005321 0.008282
-0.004666 0.000534 -0.000054
0.003282 0.002865 -0.005963
0.003059 -0.001606 0.000851
0.011126 0.002385 0.000953
-0.005255 -0.001966 0.001225
0.010616 0.004032 -0.001778
0.002419 0.000358 -0.004154
0.008524 0.002409 -0.002782
-0.001539 -0.003682 -0.000867
-0.005145 -0.002352 -0.004852
-0.006725 0.006455 -0.000837
-0.019458 0.000847 -0.006974
0.006509 -0.000515 -0.002308
-0.005205 -0.003302 0.003294
-0.006181 -0.003224 0.004165
-0.003938 -0.004945 0.010177
0.009607 0.000148 -0.014692
0.009285 -0.001598 -0.009241
0.002383 -0.001933 0.000946
0.010498 0.002797 0.002511
0.018765 -0.001639 0.035648
0.010475 0.003886 0.000141
0.001656 0.001496 -0.005088
0.008536 0.002458 -0.003292
0.004070 -0.000246 0.003474
-0.011638 -0.002233 -0.006361
-0.005002 0.007165 0.000232
-0.007164 0.000985 -0.008330
0.021608 -0.001138 -0.017936
-0.003624 -0.002984 0.004433
-0.007463 -0.002349 0.004300
-0.002795 -0.005336 0.009640
-0.004899 0.000495 -0.000583
0.006085 0.001711 -0.005077
0.003453 -0.002109 0.000139
0.010445 0.003199 0.003326
-0.005361 -0.001360 0.001100
0.008967 0.004655 0.000050
0.002717 0.000582 -0.002878
0.008739 0.002514 -0.003076
-0.002625 -0.003803 -0.000886
-0.005282 -0.002179 -0.004863
-0.005217 0.005968 0.000379
-0.007948 0.000744 -0.007634
0.006744 -0.001792 -0.002552
-0.003352 -0.002699 0.004721
-0.005557 -0.002475 0.001978
-0.000642 -0.005410 0.008084
-0.004615 0.000220 -0.000578
0.002922 0.002974 -0.005126
0.003384 -0.001871 0.001075
-0.011545 -0.001916 0.003004
0.004728 -0.002467 0.001087
-0.002735 0.000796 0.001914
-0.005810 0.004609 0.002400
-0.004053 0.006102 -0.001079
0.014755 0.002275 -0.005053
0.008533 0.002785 -0.001132
0.002231 0.000737 -0.000292
0.009234 0.005366 0.002033
-0.001519 -0.006053 -0.005766
-0.003229 0.004214 0.005289
-0.021707 -0.004014 -0.005151
0.003820 0.005325 0.011522
0.004588 -0.012371 -0.012375
0.017366 0.000554 0.000093
-0.005164 0.000201 0.008924
-0.011878 -0.001648 0.002835
0.021753 -0.027116 0.000287
-0.003336 0.002318 0.003291
-0.003797 0.004079 0.002922
0.002250 0.011662 -0.001037
0.017030 0.004176 -0.007901
0.001188 -0.000627 -0.002834
0.003048 0.000244 -0.000458
0.007227 0.004061 -0.000007
-0.003705 -0.007126 -0.005771
0.000830 0.002945 0.005533
-0.020093 -0.003876 -0.006120
-0.000255 0.003103 0.010359
-0.003210 -0.007325 -0.010927
0.046988 0.000910 -0.000604
-0.000197 0.004867 0.003970
-0.507380 0.001646 0.010260
0.001656 -0.001278 0.003459
0.024749 0.000995 0.003801
-0.001772 0.005553 0.003029
0.002069 0.009800 0.003136
0.005892 0.000172 -0.000636
0.008433 -0.004250 -0.001121
0.007653 0.000454 -0.001009
0.036363 0.005482 0.034358
0.003952 -0.008653 -0.002158
-0.002849 0.001616 0.005282
-0.022156 -0.004017 -0.005381
0.020898 0.032115 0.011255
0.004770 -0.002730 -0.012727
0.017297 0.001031 -0.000038
-0.009772 0.000034 0.006639
-0.013832 -0.001440 0.002791
0.004729 -0.002360 0.001693
-0.001818 0.000934 0.002516
-0.003473 0.004106 0.001674
-0.004236 0.005574 -0.001115
0.005668 -0.001855 -0.002952
0.002909 -0.001110 -0.006497
0.003749 0.000794 0.000449
0.009098 0.005294 0.001046
-0.001492 -0.005202 -0.005919
0.002917 0.003182 0.005676
-0.021533 -0.004138 -0.005213
0.002848 0.003807 0.011192
-0.001498 -0.007211 -0.009680
0.017294 -0.000121 0.000014
-0.006416 0.000190 0.009049
-0.012037 -0.001195 0.003066
0.005388 -0.003435 0.001353
-0.003377 -0.000056 0.003077
-0.003518 0.003818 0.002597
-0.005979 0.007764 -0.000640
0.006042 -0.000203 -0.000795
0.004429 -0.000921 -0.005537
0.003553 0.000370 -0.000440
0.007755 0.006793 0.000052
0.004797 -0.011157 -0.005989
0.000960 0.002840 0.005441
-0.023223 -0.004691 -0.005359
0.002180 0.004384 0.012243
0.000146 -0.007748 -0.008706
0.018870 0.000700 0.000135
-0.000090 -0.003976 0.003993
-0.011908 -0.001346 0.002851
0.004877 -0.002227 0.001162
-0.003400 0.002165 0.002037
-0.004401 0.003880 0.002583
-0.004315 0.005061 -0.001431
0.005842 -0.000810 -0.002106
0.006077 -0.000530 -0.003260
0.003389 0.000166 -0.000874
0.009305 0.005760 0.001906
0.000020 -0.004755 -0.006096
0.000775 0.002921 0.005760
-0.023881 -0.003976 -0.004654
-0.000400 0.003641 0.013206
0.006434 -0.007682 -0.015658
0.018215 0.000831 0.000304
-0.007351 -0.000234 0.009218
-0.012660 -0.001293 0.003291
0.002395 -0.001167 -0.000259
-0.002180 0.001291 0.002473
-0.005446 0.003839 0.001992
0.002365 0.009675 -0.005310
0.006449 -0.001317 -0.000996
0.003017 -0.000693 -0.006374
0.002151 0.000347 -0.000173
0.009632 0.005947 0.003227
0.004146 -0.008944 -0.009590
0.003081 0.002882 0.005718
-0.022733 -0.004372 -0.005407
0.002081 0.004549 0.011765
-0.001716 -0.007756 -0.009801
0.017511 0.001067 0.000525
-0.000224 0.000193 0.002140
-0.011891 -0.001426 0.002818
0.004483 -0.002552 0.001348
-0.003200 -0.000379 0.001504
-0.003981 0.004180 0.002566
-0.002614 0.005168 -0.001343
0.006269 -0.001419 -0.000546
0.003780 -0.001058 -0.005665
0.003759 0.000297 -0.000591
0.009134 0.005216 0.001789
-0.001567 -0.004710 -0.006122
0.000963 0.003076 0.005584
-0.021577 -0.004868 -0.004373
0.003096 0.004333 0.011137
-0.000136 -0.007160 -0.008973
0.017547 0.000786 0.000022
-0.007326 0.000416 0.009315
