0.011170 0.002806 0.001226
-0.005711 -0.005810 -0.002253
0.011663 0.005551 -0.000914
0.002136 0.000231 -0.002960
0.008310 0.004805 -0.002455
-0.000932 -0.000408 -0.000318
-0.003435 -0.000405 -0.004056
-0.004740 0.002376 0.000221
-0.009620 0.003075 -0.009009
0.004915 -0.001510 -0.002493
-0.004000 -0.036109 0.004239
-0.005810 -0.003130 0.002348
-0.003272 -0.003155 0.010176
-0.005084 -0.000987 -0.000736
0.003684 0.009368 -0.004944
0.006641 -0.013422 -0.004289
0.010882 0.002297 0.000792
-0.005265 -0.001710 0.002509
0.015291 -0.001674 0.002595
0.000716 0.001100 -0.003279
0.008859 0.002461 -0.004051
-0.000949 -0.004424 -0.000061
-0.006002 -0.004265 -0.005271
-0.004903 0.005287 -0.000381
-0.008338 0.000588 -0.007904
0.005180 0.001407 -0.002578
-0.003497 -0.002896 0.004937
-0.009865 -0.011962 -0.001710
-0.001179 -0.004512 0.010870
-0.002620 -0.005477 -0.005201
0.005713 -0.011367 -0.015856
0.002687 -0.002459 0.000302
0.009629 0.002676 0.001436
-0.005393 -0.000794 0.000848
0.014984 -0.000195 0.002826
0.003848 0.001652 -0.006413
0.008173 -0.051325 0.059926
-0.000872 0.002337 0.000896
-0.008460 -0.007654 -0.000421
-0.018281 0.567704 0.000702
-0.005163 -0.004786 -0.012820
0.004439 -0.000334 -0.002848
-0.003756 -0.031289 0.004671
-0.007052 -0.000871 0.002867
-0.006214 -0.010597 0.007386
-0.005419 0.000395 -0.000697
0.005493 0.000289 -0.004956
-0.000919 -0.011613 0.005293
0.010704 0.001993 0.000700
-0.005424 0.000070 0.000654
0.010691 0.003823 -0.000577
0.002046 -0.000622 -0.003144
0.008110 -0.002025 0.000618
-0.000918 0.000407 -0.000176
-0.003445 -0.000192 -0.006169
-0.005434 0.017281 0.000429
-0.009979 0.003422 -0.006023
0.005145 -0.001081 -0.002179
-0.003615 -0.003830 0.004624
-0.005935 -0.003247 0.002098
-0.001602 -0.005576 0.009589
-0.006729 0.001617 -0.000459
0.004024 0.000573 -0.005451
0.001659 -0.000933 -0.000961
0.012205 0.002711 0.004159
-0.005032 -0.001605 0.001955
0.012016 0.005494 -0.000262
0.002950 0.001243 -0.003506
0.008715 0.002413 -0.003531
-0.001568 -0.004480 -0.000741
-0.005276 -0.001734 -0.004756
-0.005549 0.005228 0.000796
-0.005024 -0.002917 -0.007448
0.043786 -0.031896 -0.002191
-0.003369 -0.001554 0.004582
-0.002008 -0.011579 0.006234
-0.001361 -0.005570 0.009531
-0.007138 0.002858 -0.001768
0.004591 -0.016556 0.011575
0.002461 -0.002038 0.001009
0.010698 0.001018 0.000995
-0.005469 -0.000757 0.001584
0.010102 0.004964 -0.001093
0.002563 0.000233 -0.003209
0.008623 0.003244 -0.003223
-0.001910 -0.003594 -0.000881
-0.003971 -0.001521 -0.005086
-0.005262 0.005297 0.000609
-0.009400 0.001280 -0.007788
0.004408 -0.001493 -0.002782
-0.003456 -0.002905 0.004136
-0.005360 -0.002288 0.001053
-0.005785 -0.009723 0.008006
-0.002452 -0.005687 0.003722
0.004713 -0.011429 0.006516
0.002122 -0.001002 0.000687
0.011100 0.001880 0.001217
-0.004748 -0.056540 -0.063981
0.010487 0.004719 -0.000301
0.002223 0.001988 -0.003768
0.008575 0.002994 -0.002877
-0.000727 0.003275 -0.001708
-0.007878 -0.006739 -0.008218
-0.005232 0.005111 0.000269
-0.005804 -0.003653 -0.004491
0.004184 -0.000349 -0.001935
-0.003222 -0.004194 0.004388
-0.006891 -0.002951 0.002333
-0.001616 -0.004554 0.009973
-0.006643 0.001083 -0.000526
0.005267 0.001246 -0.005213
0.003215 -0.000984 0.002834
0.010770 0.003875 0.001687
-0.005283 -0.001078 0.002368
0.009459 0.004778 -0.000894
0.002272 0.000215 -0.002972
0.008818 0.002663 -0.004046
-0.002015 -0.003179 -0.000940
-0.003884 -0.001733 -0.004710
-0.005197 0.005221 -0.000156
-0.008878 0.000788 -0.007581
0.004752 -0.001161 -0.002615
-0.003465 -0.001191 0.004439
-0.006736 -0.002527 0.003107
-0.002988 -0.003809 0.010651
-0.006994 0.002553 0.000469
0.004158 -0.017125 -0.022935
0.002167 -0.003096 0.001001
-0.012754 0.001243 0.002870
0.004519 -0.003603 0.000935
-0.002247 0.000812 0.002514
-0.004580 0.003761 0.002564
-0.003856 0.006392 -0.001406
0.002000 -0.009947 0.002930
0.004134 0.001886 -0.005328
0.002811 -0.000275 -0.000486
0.010819 0.005917 0.001946
-0.000806 -0.006285 -0.005985
0.001991 0.006042 0.005536
-0.022457 -0.004947 -0.005197
0.003182 0.005165 0.011290
-0.002005 -0.005987 -0.009794
0.018248 0.000904 0.000059
-0.005442 0.000450 0.006354
-0.012808 -0.001640 0.002663
0.025343 -0.023770 0.001257
-0.001045 0.003391 0.003863
-0.004536 0.003447 0.002841
-0.003153 0.009612 -0.001377
0.006093 0.000093 -0.001294
0.004294 -0.000708 -0.003884
0.004013 0.000523 -0.000571
0.011228 0.007581 0.002640
-0.018818 -0.026627 -0.005803
0.002680 0.003335 0.005567
-0.017839 -0.014885 -0.000184
0.001346 0.005331 0.011196
-0.003496 -0.011985 -0.006171
-0.012766 -0.015479 -0.000206
-0.006237 0.001916 0.008894
0.034093 -0.033587 0.002150
0.005398 -0.002742 0.000801
-0.002962 0.000780 0.002641
-0.005295 0.000339 0.003964
-0.002746 0.006527 -0.001492
0.010726 -0.009955 -0.004074
0.004826 -0.023618 -0.034535
0.002070 -0.001642 -0.002075
0.014808 0.000199 -0.001220
-0.000889 -0.006341 -0.006170
-0.039845 -0.032016 0.006416
-0.022623 -0.004583 -0.004492
0.002110 0.008766 0.012039
-0.005328 -0.013020 -0.007307
0.018188 0.001323 0.000045
-0.005949 0.000387 0.007012
-0.013356 -0.002380 0.002671
0.004675 -0.003713 0.001493
-0.001359 0.001725 0.002156
-0.004554 0.002773 0.002822
-0.004487 0.005899 -0.000471
0.006334 -0.000366 0.000359
0.004357 -0.007059 -0.010256
0.002797 -0.000663 -0.000771
0.009674 0.005578 0.002432
-0.000962 -0.006823 -0.006309
0.003214 0.002665 0.005642
-0.022825 -0.005019 -0.005123
0.003166 0.005079 0.011349
-0.000309 -0.007660 -0.009386
0.017868 0.000960 -0.000065
-0.006140 0.000914 0.007137
-0.013401 -0.000514 0.002505
-0.014362 -0.021750 0.000987
-0.005062 -0.003851 0.006688
-0.004156 0.003785 0.002575
-0.002714 0.012071 -0.001652
0.006055 -0.001874 -0.001005
0.004651 -0.000700 -0.003119
0.002235 0.000609 -0.000442
0.012984 0.000677 -0.002640
0.012192 -0.021444 -0.006430
0.002717 0.002947 0.005382
-0.026444 -0.013029 -0.009071
0.002953 0.005044 0.012428
-0.002699 -0.005891 -0.010607
0.017464 0.002875 0.000363
-0.007552 -0.025110 0.039414
-0.012777 -0.001542 0.003186
0.005694 -0.004212 0.001131
-0.001437 0.002972 0.001381
-0.003239 0.003923 0.002401
-0.003591 0.007496 -0.001505
0.006123 -0.001841 -0.000725
0.003953 -0.000828 -0.003049
0.003278 -0.000272 -0.000166
0.009801 0.005527 0.002567
-0.001725 -0.006755 -0.006424
0.003439 0.003817 0.004470
-0.023205 -0.002975 -0.003468
0.001683 0.005132 0.011869
-0.000147 -0.006773 -0.010990
0.019059 0.000651 0.000298
-0.005964 -0.005863 0.013061
-0.014012 -0.001092 0.002909
0.005143 -0.002515 0.001633
-0.001298 0.001664 0.002306
-0.004132 0.005055 0.002445
-0.002288 0.006226 -0.002248
0.005617 -0.000800 -0.001648
0.004600 -0.000796 -0.005613
0.003384 0.001254 -0.000346
0.009193 0.006669 0.003041
-0.000985 -0.006087 -0.006221
0.002807 0.003269 0.005342
-0.022862 -0.002796 -0.005239
0.002443 0.004121 0.011783
-0.000566 -0.006800 -0.009876
0.018579 0.001171 -0.000044
-0.005951 0.000621 0.006578
-0.014282 -0.000317 0.004089
0.004260 -0.003928 0.001413
-0.005090 -0.003868 -0.002235
-0.005508 0.004300 0.002634
-0.003748 0.005666 -0.001413
0.006273 -0.001996 -0.000714
0.004146 -0.000199 -0.003497
0.002739 -0.000053 -0.000801
0.009872 0.006247 0.002286
-0.000592 -0.006851 -0.006056
0.002605 0.003152 0.005342
-0.022041 -0.003402 -0.006851
0.003165 0.004871 0.010966
0.000338 -0.006983 -0.010047
0.018792 0.000753 0.000300
-0.005704 0.000628 0.009235
