2176.0000 0.05 1
1.875
3.75
6.25
6.25
7.5
16.25
8.75
6.25
17.5
16.25
14.375
16.25
23.75
17.5
6.25
31.25
23.125
18.125
28.75
10
10
13.125
10
10
17.5
18.75
25
30
37.5
19.375
25
26.25
13.75
26.875
20.625
29.375
21.25
41.25
44.375
30.625
37.5
55
48.75
45.625
41.875
67.5
54.375
48.125
85.625
92.5
98.75
125.625
136.875
134.375
139.375
155
178.75
153.75
156.875
200.625
176.25
175
232.5
253.125
266.875
241.875
233.125
279.375
293.75
310.625
296.875
320.625
301.875
312.5
322.5
339.375
341.25
363.75
316.875
355.625
370.625
363.75
330.625
360
334.375
373.75
315
295
303.125
286.25
275
254.375
232.5
249.375
251.875
301.25
205.625
248.75
311.875
295
318.75
308.75
309.375
300.625
246.875
293.75
312.5
295.625
325.625
273.75
279.375
305
271.25
319.375
291.25
318.125
248.75
296.25
353.125
321.875
311.875
315.625
327.5
365.625
340
381.25
399.375
379.375
391.25
391.875
396.875
430
450.625
470
453.75
442.5
451.875
438.125
449.375
414.375
406.25
428.125
382.5
360
316.25
351.875
327.5
310.625
316.25
330.625
305
275.625
216.25
255
250
303.75
279.375
246.25
271.875
226.875
320.625
288.125
327.5
301.875
302.5
289.375
286.25
295
353.125
286.875
326.25
353.125
371.875
355
261.875
286.25
213.75
286.875
345.625
268.75
264.375
266.875
257.5
235
246.25
249.375
264.375
326.25
240
228.125
236.875
226.25
178.75
247.5
255.625
280.625
257.5
308.75
250.625
263.125
256.875
208.125
203.125
270
251.875
326.25
344.375
346.25
351.25
278.125
365.625
295
513.125
536.25
511.25
420.625
367.5
262.5
233.125
204.375
165.625
116.25
59.375
33.75
11.25
4.375
1.25
3.75
1.25
0
0
0
0
0
0
0
0
0
0
2.5
0
