0.011336 -0.027369 0.000280
-0.005174 -0.001423 0.001028
0.011359 0.002883 0.000343
0.001540 0.009301 -0.003337
0.009533 0.000846 -0.002613
-0.001174 -0.004353 -0.000552
-0.005758 -0.001080 -0.004162
-0.004819 0.005284 0.000438
-0.007398 0.002647 -0.008060
0.005350 0.000626 -0.002297
-0.002090 -0.001835 0.004342
-0.005808 -0.005458 0.002516
-0.001099 -0.003512 0.010519
-0.006331 0.002593 -0.000339
0.005127 0.000477 -0.004690
0.002082 -0.001811 0.000705
0.010896 0.003290 0.001034
-0.005248 0.000888 0.001338
0.013110 -0.000968 -0.005372
0.002058 -0.016769 -0.019339
0.007314 0.005071 -0.001590
0.003962 -0.013552 -0.004437
-0.006095 -0.000584 -0.003840
-0.005224 0.005842 0.001254
-0.004287 -0.003595 -0.005570
0.005354 -0.001395 -0.003358
-0.003625 -0.000895 0.004412
-0.005867 -0.003214 0.001854
-0.000824 -0.005074 0.009590
-0.005569 0.000526 -0.001563
0.004868 0.000405 -0.004887
0.002557 -0.002479 0.000576
0.011565 -0.030007 0.000053
-0.004569 -0.000426 0.000691
0.011009 0.004832 -0.000023
0.002149 0.000668 -0.003758
0.009008 0.002250 -0.002803
-0.000383 -0.002371 -0.000639
-0.010326 -0.008084 -0.007058
-0.004784 0.007062 0.000338
-0.003389 -0.004310 -0.005972
0.005141 -0.053215 0.059634
-0.004246 -0.001860 0.004123
0.001328 0.555907 -0.019661
-0.005411 -0.010366 0.014015
-0.004386 -0.038583 0.046740
0.001062 0.000745 -0.000799
0.003242 -0.001900 0.001237
0.010548 0.001299 0.000530
-0.005359 -0.001706 0.001326
0.009903 0.004293 0.000105
0.002189 -0.000189 -0.003483
0.007702 0.003359 -0.002777
-0.000715 -0.004048 -0.000466
-0.004647 -0.001981 -0.004662
-0.005105 0.005114 0.000080
-0.009097 0.000546 -0.007771
0.005407 -0.007895 0.003422
-0.003628 -0.003037 0.004412
-0.005826 0.007012 0.001765
-0.000384 -0.003139 0.008111
-0.005905 -0.005766 0.005321
0.004096 0.000438 -0.005582
0.001750 -0.002242 0.001549
0.010902 0.001969 0.001085
-0.046914 -0.033959 -0.000906
0.009497 0.006128 -0.001113
0.001940 -0.010777 0.007250
0.011691 -0.003120 0.000949
-0.005037 -0.012375 0.002782
-0.008031 -0.006193 -0.007621
-0.004076 0.006137 -0.001232
-0.007074 0.002835 -0.009332
0.005417 -0.001422 -0.002865
-0.003175 -0.003509 0.004322
-0.006019 -0.003529 0.002491
-0.000816 -0.005102 0.009140
-0.005567 0.001000 -0.001204
0.004402 0.001014 -0.005595
0.002547 -0.001005 0.000947
0.010644 0.003218 0.001176
-0.004691 -0.001721 0.001691
0.013936 -0.001022 0.004384
0.002539 -0.011871 0.008640
0.006649 0.005205 -0.003855
-0.002447 -0.002727 -0.002436
-0.004508 -0.002067 -0.004512
0.000221 -0.004235 0.004945
-0.008881 0.001638 -0.008602
0.004985 -0.000332 -0.002956
-0.003609 -0.002444 0.000348
-0.006277 -0.003490 0.002705
-0.002575 -0.005054 0.009626
-0.005593 -0.000206 -0.000866
0.005537 0.001996 -0.006002
0.001735 0.005365 0.000810
0.011091 0.001133 0.000261
-0.004842 -0.000587 0.001268
0.009625 0.004356 0.000217
0.002244 0.001137 -0.003332
0.007709 0.003247 -0.002679
-0.000909 -0.004445 -0.000467
-0.004530 -0.001219 -0.004377
-0.005005 0.004988 0.000204
-0.009120 0.001502 -0.008996
0.005172 -0.001313 -0.002087
-0.003542 -0.002925 0.004598
-0.007011 -0.003276 0.003158
-0.004242 -0.009460 0.005496
-0.005497 0.000412 -0.000577
0.005364 0.002154 -0.005345
0.003134 -0.001860 0.000515
0.010789 0.001861 0.001590
-0.004802 -0.001651 0.001577
0.008943 0.006358 0.000575
0.002181 -0.016534 -0.018543
0.011040 -0.003323 -0.007220
-0.001406 -0.002563 0.000228
-0.004280 -0.001635 -0.003760
-0.009192 -0.002467 -0.002858
-0.008730 0.000595 -0.008051
0.005113 -0.001017 -0.003260
-0.003428 -0.002839 0.004530
-0.005821 -0.003199 0.001784
-0.006343 -0.009741 0.009448
-0.005736 0.000278 -0.001541
0.002737 0.002111 -0.005046
0.002051 0.002029 0.000821
-0.014040 -0.000119 0.002558
0.004938 -0.003542 0.001170
-0.002659 0.003247 0.001135
-0.004290 0.003762 0.002443
-0.000137 -0.003135 -0.005078
0.006127 -0.001785 -0.001019
0.004164 -0.001178 -0.004612
0.003275 0.001125 -0.000421
0.009415 0.008396 0.002027
-0.000688 -0.006500 -0.006209
0.003235 0.004011 0.005731
-0.022138 -0.005292 -0.005204
0.002687 0.003751 0.011312
-0.000449 -0.004860 -0.009599
0.017433 0.003016 -0.001184
-0.005424 0.002247 0.007402
-0.012660 -0.001250 0.002629
0.000202 -0.013375 -0.003791
-0.003111 0.001852 0.002800
-0.003851 0.003347 0.002688
-0.003578 0.005117 -0.001640
0.005636 0.004373 -0.000325
0.001733 -0.006746 -0.008311
0.003602 0.000894 -0.001166
0.010118 0.005464 0.001564
-0.002186 -0.005323 -0.005974
0.002473 0.003691 0.005374
-0.041734 -0.024052 -0.004995
0.002274 0.004518 0.011656
-0.001743 -0.006575 -0.008892
0.018077 0.000569 0.000787
-0.006404 0.000674 0.007795
-0.018006 -0.007248 0.006557
0.004313 -0.001720 0.000892
-0.000743 -0.032176 -0.043563
-0.003700 0.003982 0.002862
-0.007719 -0.005226 0.004218
0.006658 -0.001879 -0.001024
0.003865 -0.001649 -0.004373
0.002373 0.004383 -0.000711
-0.038053 -0.027582 0.001168
0.000011 -0.008609 -0.008163
0.006370 -0.002256 0.002772
-0.021901 -0.004602 -0.004413
0.005445 0.002494 0.013262
0.034076 -0.031748 -0.010801
0.018927 -0.024216 -0.034557
0.033265 -0.028527 0.007491
-0.012394 -0.001484 0.002771
0.004598 -0.003135 0.001301
-0.002115 -0.002842 -0.000692
-0.004393 0.003224 0.002260
-0.004065 0.006936 -0.003339
0.005889 -0.001403 -0.001014
0.005350 0.000037 -0.004831
0.002976 0.000808 -0.000124
0.010817 0.004675 0.002438
-0.001231 -0.006480 -0.006052
0.001902 0.003447 0.005652
-0.022517 -0.005616 -0.005590
0.003254 0.003772 0.011021
-0.001400 -0.008078 -0.009385
0.017442 -0.003053 -0.003354
-0.006851 -0.000014 0.007702
-0.012066 -0.000549 0.001290
0.008088 -0.012546 0.005598
-0.002907 0.001205 0.003472
-0.004943 0.003353 0.002786
-0.003533 0.006992 -0.001242
0.006372 0.001971 0.000045
0.005826 0.001819 -0.005751
0.001804 0.000668 0.000605
0.011291 0.006421 0.000716
0.000348 -0.005523 -0.006877
0.002339 0.003083 0.005758
-0.002708 -0.024159 -0.004922
0.002101 0.004512 0.011998
-0.000657 -0.007537 -0.009254
0.017653 0.000899 0.001493
-0.006410 0.000959 0.007780
-0.014246 0.000327 0.002305
0.005329 -0.002097 -0.000647
-0.003025 0.001260 0.003600
0.014224 -0.017254 0.002747
-0.003349 0.005936 -0.001839
0.005770 0.004679 0.000861
0.000377 -0.007480 0.000470
0.004100 0.000889 -0.000230
0.009731 0.005195 0.002389
-0.000498 -0.005990 -0.006542
0.005202 -0.001823 0.002260
-0.023054 -0.005310 -0.005263
0.001552 0.004997 0.011754
-0.000965 -0.006716 -0.009654
0.017722 0.000878 0.001071
-0.005936 0.000498 0.008131
-0.012455 -0.000470 0.002022
0.004750 -0.002880 0.001283
-0.002651 0.000830 0.002024
-0.004610 0.003720 0.003288
-0.003065 0.007086 0.000298
0.006050 -0.001438 -0.000932
0.005417 -0.000050 -0.004307
0.003052 -0.000052 -0.000714
0.010203 0.006123 0.002211
-0.000586 -0.004918 -0.006066
0.002049 0.003890 0.006421
-0.022734 -0.004182 -0.004886
0.002401 0.005578 0.011364
-0.001402 -0.007329 -0.009262
0.017780 0.000695 0.000563
-0.006220 0.000835 0.007751
-0.016021 -0.005888 0.007092
0.004542 -0.002231 0.002696
-0.002360 0.001181 0.003087
-0.017055 -0.010680 0.003185
-0.003411 0.005922 -0.001847
0.006361 0.001994 0.000137
0.005364 0.001809 -0.003185
0.002140 0.001003 -0.000804
0.010570 0.006219 0.002482
-0.000970 -0.006112 -0.006361
0.003791 0.004615 0.006740
-0.021857 -0.005694 -0.005245
0.004201 0.004819 0.011532
-0.000314 -0.007121 -0.009827
0.017751 0.001457 0.000897
-0.007098 0.001015 0.007874
