2176.0000 0.05 1
1.11111
4.44444
11.1111
2.22222
11.1111
4.44444
13.3333
11.1111
20
11.1111
6.66667
11.1111
24.4444
23.3333
17.7778
23.3333
26.6667
18.8889
13.3333
32.2222
18.8889
8.88889
4.44444
10
14.4444
16.6667
34.4444
37.7778
25.5556
40
11.1111
26.6667
17.7778
31.1111
24.4444
32.2222
26.6667
27.7778
40
24.4444
32.2222
46.6667
36.6667
47.7778
70
57.7778
54.4444
41.1111
80
108.889
93.3333
126.667
130
138.889
146.667
148.889
158.889
190
192.222
204.444
210
270
192.222
230
232.222
288.889
242.222
274.444
253.333
263.333
294.444
302.222
315.556
333.333
318.889
352.222
282.222
350
302.222
311.111
297.778
298.889
291.111
277.778
318.889
268.889
248.889
285.556
292.222
297.778
312.222
320
320
310
336.667
317.778
316.667
291.111
291.111
302.222
304.444
288.889
332.222
360
315.556
357.778
375.556
365.556
346.667
354.444
338.889
295.556
251.111
213.333
180
157.778
188.889
241.111
262.222
333.333
353.333
401.111
412.222
402.222
426.667
410
450
400
384.444
358.889
342.222
371.111
347.778
393.333
384.444
377.778
384.444
432.222
403.333
455.556
410
406.667
406.667
357.778
361.111
376.667
368.889
376.667
437.778
411.111
410
438.889
403.333
341.111
347.778
324.444
351.111
316.667
324.444
255.556
284.444
262.222
274.444
255.556
244.444
220
278.889
211.111
243.333
215.556
234.444
256.667
223.333
244.444
232.222
212.222
208.889
225.556
181.111
204.444
173.333
197.778
175.556
175.556
256.667
236.667
232.222
210
216.667
168.889
176.667
196.667
262.222
238.889
224.444
272.222
240
227.778
262.222
345.556
342.222
316.667
306.667
327.778
313.333
325.556
382.222
418.889
425.556
427.778
450
427.778
513.333
468.889
506.667
464.444
428.889
354.444
312.222
228.889
118.889
16.6667
1.11111
0
0
0
0
0
0
0
0
0
0
0
0
0
0
0
0
0
0
0
0
0
0
2.22222
4.44444
2.22222
0
0
2.22222
2.22222
2.22222
3.33333
4.44444
0
0
4.44444
2.22222
6.66667
4.44444
2.22222
2.22222
4.44444
1.11111
0
0
0
0
2.22222
0
2.22222
0
