-0.000445 0.010885 0.011575
-0.007920 -0.000672 -0.000307
-0.002359 0.018542 0.000402
0.010227 0.011302 -0.001192
-0.002609 0.016615 -0.005487
-0.007944 0.000105 -0.002710
0.000122 0.003222 0.004261
-0.000625 -0.015062 -0.001642
-0.003168 -0.011619 -0.000424
-0.012184 -0.003175 -0.002071
0.011125 -0.008686 0.000359
-0.009692 -0.006784 -0.003627
0.004298 -0.007451 0.003856
0.002808 -0.019183 -0.000583
-0.003460 0.001235 0.003250
0.013940 -0.011699 0.002999
0.000047 0.010855 0.012262
-0.009813 0.001626 0.000511
0.001615 0.014800 0.000291
0.010752 0.008168 -0.004271
-0.000929 0.016102 -0.005859
-0.008315 0.000062 -0.003265
-0.000328 0.003869 0.004496
-0.000520 -0.015352 -0.001462
-0.002420 -0.011610 -0.001330
-0.010115 -0.004668 -0.001890
0.011126 -0.007105 -0.000286
-0.008959 -0.007551 -0.003385
0.004426 -0.007524 0.003092
0.002388 -0.018810 0.000897
-0.003860 0.000547 0.001772
0.013975 -0.011707 0.002070
-0.001688 0.011660 0.011995
-0.008914 0.001123 0.000447
0.000219 0.018509 0.005013
0.011299 0.008990 -0.002562
-0.002465 0.016338 -0.006110
-0.008652 0.001153 -0.002663
0.000654 0.002304 0.005073
0.000444 -0.016181 -0.002850
-0.004636 -0.011150 -0.000862
-0.012765 -0.005537 -0.002353
0.011472 -0.006209 0.001037
-0.010517 -0.005313 -0.003592
0.003810 -0.007657 0.004156
0.003950 -0.019751 0.000061
-0.004119 0.000778 0.002004
0.013906 -0.011517 0.002380
-0.003029 -0.065450 -0.071759
-0.025280 -0.009372 -0.001827
-0.003654 0.014648 0.000519
0.011535 0.007101 -0.003341
0.000500 0.015052 -0.006300
-0.009731 0.003529 0.002120
0.000683 0.003924 0.004904
0.001292 -0.021842 -0.007146
-0.001418 -0.010708 -0.000734
-0.011885 -0.004873 -0.001115
0.011125 -0.005089 0.000114
-0.010190 -0.006447 -0.002451
0.007537 -0.005933 0.004229
0.003168 -0.019853 -0.001734
-0.003308 0.000678 -0.003924
0.018079 -0.007743 -0.000976
-0.001058 0.010901 0.011868
-0.009084 0.000991 -0.000540
-0.001424 0.019081 0.000374
0.009436 0.009094 0.001749
-0.001495 0.015738 -0.006774
-0.009915 0.001559 -0.002354
-0.000444 0.003202 0.004738
0.000470 -0.016680 -0.001993
-0.003732 -0.011633 -0.002034
-0.012215 -0.005130 -0.006267
0.011273 -0.004543 0.000873
-0.009839 -0.005795 -0.003374
0.004447 -0.007781 0.003374
0.003608 -0.019546 0.001045
-0.003875 0.000121 0.002998
0.014005 -0.010528 0.003262
0.000503 0.011567 0.011656
-0.010732 -0.000110 0.005149
-0.000834 0.019504 -0.000394
0.012268 0.009983 0.002478
-0.002302 0.015360 -0.008155
-0.006730 0.000892 0.001552
-0.002641 0.004665 0.004849
0.000081 -0.015854 -0.000528
-0.003185 -0.011436 -0.004755
-0.013588 -0.004237 -0.001797
0.011157 -0.006472 0.000115
-0.010142 -0.006128 0.000826
0.004387 -0.007331 -0.001676
0.003192 -0.019698 -0.000290
-0.003167 0.001640 0.002839
0.014390 -0.011504 0.001345
-0.000767 0.010868 0.012603
-0.014180 0.002269 -0.001461
-0.001062 0.019117 0.000013
0.013920 0.012591 -0.003424
-0.002037 0.015496 -0.005795
-0.008588 0.004495 -0.002050
-0.060059 0.034518 -0.064113
0.000048 -0.015294 -0.002630
-0.002767 -0.009362 -0.004508
-0.009930 -0.005881 -0.001842
0.011980 -0.007011 -0.001748
-0.008117 0.008891 0.627644
0.000520 -0.012195 -0.000749
0.003292 -0.019237 0.000054
-0.004172 -0.000045 0.002879
0.014621 -0.011101 0.003236
-0.000063 0.008620 0.012573
-0.005101 0.003034 -0.004253
-0.000826 0.017131 0.005594
0.011063 0.007651 -0.002980
0.075261 -0.026203 -0.103341
-0.011127 0.003699 -0.002114
0.000169 0.003564 0.002761
-0.001844 -0.010027 -0.008778
-0.004231 -0.012709 -0.001980
-0.010575 -0.005329 -0.001886
0.011295 -0.009433 0.000192
-0.008638 -0.005200 -0.002830
0.000876 -0.009283 0.003642
0.003186 -0.019668 0.001186
-0.008758 0.001071 0.003924
0.008743 -0.012801 -0.003527
0.001528 0.002194 -0.000526
0.007459 0.006711 -0.002966
-0.009356 0.009925 0.002404
0.007442 0.023368 -0.001717
-0.003586 -0.004903 0.000684
0.001015 0.004442 -0.009102
-0.009151 -0.000799 -0.000793
0.001937 0.025475 -0.002827
-0.000606 0.007530 -0.002648
0.018311 -0.010771 0.003654
-0.008333 0.009950 0.003364
-0.002829 -0.001966 -0.000350
0.011532 -0.005655 0.001028
-0.009373 -0.001689 -0.001511
0.010136 -0.009331 0.002021
-0.016647 -0.012554 0.000245
0.001292 0.004208 -0.005333
0.007604 0.008519 -0.002893
-0.011655 0.010770 0.002373
0.008039 0.023463 -0.002812
-0.000854 -0.002937 -0.000679
0.001455 0.004546 -0.009176
-0.008190 -0.001894 -0.000348
0.001213 0.005937 0.000199
-0.001197 0.007358 -0.001774
0.017268 -0.011049 0.003378
-0.008116 0.010361 0.002257
-0.005466 -0.000554 -0.000182
0.011461 -0.005514 -0.000167
-0.003135 -0.005503 0.005531
0.009751 -0.009703 0.002176
-0.016674 -0.011781 0.001338
-0.000426 0.001770 -0.005512
0.006762 0.008450 -0.001594
-0.010112 0.010546 0.001508
0.006811 0.023635 -0.000702
-0.000061 -0.001027 -0.001038
0.001682 0.003884 -0.011396
-0.007918 -0.002349 0.001127
0.002789 0.004326 -0.000313
-0.001045 0.008062 -0.002719
0.018207 -0.011750 0.005444
-0.008675 0.010314 0.002384
-0.004598 -0.001537 0.000662
0.011440 -0.005363 0.000366
-0.003172 -0.005096 0.005254
0.009762 -0.009302 0.002105
-0.016467 -0.011747 0.001170
-0.000116 0.003121 -0.005951
0.006997 0.009338 -0.003119
-0.007371 0.008334 0.002930
0.007314 0.024619 -0.001327
0.000580 -0.001947 -0.000377
0.000617 0.003588 -0.009941
-0.011852 -0.003870 -0.002911
0.002897 0.005096 0.000768
-0.000529 0.007939 -0.002961
0.018563 -0.015817 0.000665
-0.008182 0.010604 0.003039
-0.005083 -0.001450 -0.000972
0.011446 -0.005192 0.002207
-0.003501 -0.005634 0.004537
0.010486 -0.009428 -0.017499
-0.019347 -0.006463 -0.003541
0.004417 0.006442 -0.005091
0.007593 0.009013 -0.001811
-0.009972 0.011255 0.001639
0.007703 0.023774 -0.001481
-0.001423 -0.001773 0.004754
0.001534 0.003542 -0.010518
-0.008697 -0.000609 0.000440
0.003835 0.002858 -0.006973
-0.000908 0.007995 -0.001821
0.017945 -0.012663 0.003230
-0.008734 0.010179 0.003193
-0.007411 0.000475 -0.000042
0.011234 -0.005372 0.000507
0.001829 -0.008487 -0.002310
0.009964 -0.009980 0.001884
-0.016981 -0.011434 0.000733
-0.001463 0.005015 -0.012200
0.008618 -0.011927 -0.004384
-0.012161 0.009546 0.006345
0.006016 0.022492 -0.001187
0.002308 -0.004461 -0.006955
0.001673 0.006331 -0.010771
-0.006506 -0.001005 0.005048
0.002429 0.005045 0.000051
-0.000033 0.008630 -0.000687
0.018107 -0.011675 0.004286
-0.008338 0.011126 -0.002492
-0.005560 -0.001277 -0.004678
0.006682 -0.008706 -0.007067
-0.002914 -0.005171 0.005912
0.009895 -0.009888 0.002737
-0.017050 -0.011906 0.000349
0.015573 -0.005613 -0.009092
0.007132 0.011262 -0.009317
-0.010102 0.006920 0.001415
-0.074084 -0.017603 -0.091159
-0.017881 0.005133 -0.004721
0.003521 0.092399 -0.104696
-0.003641 -0.004053 -0.000159
0.005378 0.005327 0.000740
0.064265 0.038595 -0.065473
0.018340 -0.011787 0.004728
-0.005225 0.009840 -0.002483
-0.001354 -0.004792 -0.001573
0.015773 -0.002969 -0.005460
-0.003281 -0.005151 0.004424
0.009815 -0.009860 0.002816
-0.016458 -0.012320 -0.000290
-0.001047 0.002661 -0.005287
0.007622 0.008153 -0.002321
-0.010310 0.009269 0.007487
0.006967 0.023127 -0.002706
-0.000149 -0.003292 -0.000953
0.000835 0.004199 -0.009630
0.008707 0.007713 -0.001693
0.003766 0.005852 -0.000802
-0.001763 0.005232 -0.001326
0.017299 -0.008718 -0.001742
-0.008816 0.009405 0.002861
-0.004562 -0.000412 -0.000228
0.011634 -0.004862 -0.000336
-0.002977 -0.005565 0.004270
0.010569 -0.009747 -0.020716
-0.012898 -0.016099 -0.004863
