2176.0000 0.05 1
1.875
3.75
6.25
6.25
7.5
16.25
8.75
7.5
17.5
15
14.375
16.25
25
16.25
6.25
31.25
23.125
18.125
30
8.75
10
13.125
10
10
16.25
20
25
30
37.5
19.375
25
26.25
13.75
26.875
20.625
29.375
21.25
41.25
44.375
30.625
38.75
55
47.5
45.625
41.875
67.5
54.375
48.125
86.25
91.875
98.75
125.625
136.875
134.375
138.75
153.125
181.875
153.125
156.875
200.625
176.25
174.375
233.75
252.5
270
236.25
236.875
278.125
290.625
312.5
295.625
321.25
302.5
311.25
324.375
337.5
341.25
362.5
317.5
354.375
371.25
365
330.625
360
333.75
378.125
315
293.75
303.125
286.25
273.75
255.625
231.25
250
252.5
298.75
205.625
251.25
311.875
293.75
317.5
311.25
308.75
297.5
250
294.375
310
296.875
325.625
272.5
281.875
302.5
271.875
322.5
290
314.375
250
297.5
353.125
318.75
316.25
314.375
327.5
364.375
341.25
380
401.875
378.75
391.875
390.625
395.625
430.625
452.5
471.25
451.25
442.5
450.625
440.625
448.125
414.375
405
429.375
382.5
358.75
316.25
353.75
326.875
312.5
316.875
328.75
304.375
275.625
216.25
256.25
248.75
303.125
278.75
248.125
272.5
225.625
317.5
288.75
325.625
306.25
300
291.875
283.75
296.875
351.875
290
325.625
351.875
370.625
355
261.25
289.375
211.875
289.375
346.875
266.25
264.375
265.625
257.5
237.5
243.75
251.875
262.5
325.625
241.25
226.25
240
224.375
179.375
248.75
254.375
281.875
256.25
303.75
256.875
263.125
255.625
206.25
203.75
269.375
255
326.25
344.375
342.5
356.25
275
366.875
294.375
510.625
534.375
513.75
423.75
364.375
262.5
233.75
203.75
166.875
114.375
64.375
32.5
11.25
4.375
1.25
3.75
1.25
0
0
0
0
0
0
0
0
0
0
2.5
0
