0.015783 0.007453 -0.002355
-0.005400 -0.002071 -0.000313
0.010320 0.005048 0.000107
0.003888 -0.001262 -0.003781
0.002945 0.013583 0.002023
-0.000197 -0.005876 -0.001991
-0.004739 0.017716 0.014679
-0.003852 0.002803 -0.000046
-0.008378 -0.000105 -0.008166
0.005066 -0.001672 -0.002179
-0.004653 -0.005087 0.004424
-0.006898 -0.003509 0.001964
-0.001667 -0.005621 0.009329
-0.005963 -0.000346 -0.000445
0.004943 0.001189 -0.005067
0.002173 -0.004742 0.000196
0.012132 0.000281 0.002122
-0.005240 -0.000387 0.001274
0.006865 0.012737 0.004392
0.003461 -0.001098 -0.004083
0.008501 0.003616 -0.003101
-0.000396 -0.003073 -0.000151
-0.004691 -0.012189 -0.004608
-0.005558 0.005797 0.000243
-0.009422 0.001486 -0.008019
0.005381 -0.003539 -0.002375
-0.002603 -0.003157 0.004861
-0.007223 -0.004069 0.001458
-0.001359 -0.004983 0.009395
-0.004778 -0.000028 0.000120
0.004181 -0.000767 -0.006128
0.002612 -0.002558 0.001785
0.011435 0.001476 0.001489
-0.005679 -0.002082 0.002532
0.010295 0.003103 0.000228
0.006634 0.005897 -0.000982
0.013606 0.011857 -0.006393
-0.004040 0.002056 -0.005296
-0.004442 0.018140 -0.025305
0.029862 0.040565 0.000979
-0.008453 -0.003503 -0.007226
0.005342 -0.001432 -0.002238
-0.043427 0.031218 0.005758
-0.012551 0.003067 0.005805
-0.002083 -0.003634 0.011259
-0.005718 -0.004160 -0.000581
0.007258 0.001257 -0.004701
0.002274 0.030932 -0.038416
0.010562 0.001520 0.002386
-0.009870 0.008775 -0.003639
0.010589 0.004864 0.000104
0.002259 0.000383 -0.003673
0.008686 0.001270 -0.001201
0.000279 -0.005846 0.001123
-0.005825 0.011196 -0.019079
-0.006513 0.006132 0.000300
-0.008586 -0.001684 -0.008558
0.005667 -0.001084 -0.003137
-0.001973 -0.001894 0.004317
-0.006030 -0.002981 0.001925
-0.001653 -0.005042 0.009321
-0.005649 -0.000270 -0.000804
0.003240 0.000512 -0.005331
0.001957 0.002395 -0.002247
0.014913 0.006841 -0.000871
-0.004933 -0.002932 0.001377
0.014330 0.013558 -0.004820
0.006783 0.006467 0.000712
0.008758 0.001379 -0.002926
-0.002253 -0.003224 -0.000476
-0.004813 -0.001430 -0.004651
-0.006259 0.004954 0.000448
-0.008325 0.001449 -0.007338
0.004720 -0.009584 -0.002221
-0.002888 -0.002582 0.004495
-0.010340 0.002139 0.004357
-0.001729 -0.005036 0.009518
-0.006961 0.000274 -0.001668
0.007653 0.006774 -0.008667
0.002594 -0.002497 0.001773
0.010645 0.002097 0.001440
-0.005409 -0.000648 0.001239
0.010624 0.003476 0.001064
0.002230 0.000242 -0.003494
0.008514 0.003739 -0.002654
-0.001001 -0.003465 -0.001032
-0.004427 -0.001349 -0.004666
-0.005530 0.005928 0.000355
-0.008576 0.001307 -0.008061
0.005127 -0.001391 -0.002536
-0.002125 -0.002925 0.004722
-0.006083 -0.002715 0.001994
-0.002865 -0.006106 0.009982
-0.005207 -0.000061 -0.001207
0.003024 -0.000278 -0.003873
0.001862 -0.001717 0.001584
0.010539 0.002151 0.001546
-0.001088 0.007417 0.004913
0.010414 0.004332 -0.000280
0.002021 -0.000279 -0.004090
0.008583 0.001596 -0.004114
-0.003249 0.001274 0.003358
-0.004045 0.016699 0.014781
-0.005407 0.005494 0.000150
-0.008463 -0.005693 -0.009726
0.005163 -0.001373 -0.002192
-0.002309 -0.002716 0.004429
-0.007211 -0.003147 0.001966
-0.001547 -0.006133 0.009433
-0.005570 0.000867 -0.000518
0.004775 0.000065 -0.004832
0.002949 -0.001415 -0.000274
0.010665 0.001670 0.001795
-0.005318 -0.000498 0.000956
0.009434 0.004166 -0.001629
0.002400 -0.000177 -0.004482
0.008626 0.003104 -0.002677
-0.000921 -0.003830 -0.000999
-0.004463 -0.002591 -0.004873
-0.006307 0.005477 0.000123
-0.008404 0.001323 -0.007696
0.005177 -0.000574 -0.002346
-0.002837 -0.002318 0.004443
-0.005996 -0.003252 0.001257
-0.000137 -0.006135 0.009317
-0.006434 -0.000112 0.000324
0.007513 0.007282 -0.000518
0.002712 -0.001342 0.002039
-0.010881 0.028995 0.004598
0.004117 -0.002488 0.001831
0.020025 0.025237 0.002498
-0.004021 0.000600 0.004355
-0.006366 0.011801 0.004147
0.004708 -0.002813 -0.000203
0.004342 -0.000868 -0.004232
0.003914 -0.004570 -0.001148
0.013900 0.015245 0.006287
-0.001187 -0.006555 -0.006923
0.002391 0.007465 0.005590
-0.022281 -0.004988 -0.006607
0.001859 0.000795 0.011469
-0.000660 -0.008140 -0.009004
0.017979 0.001184 0.000266
-0.007118 0.000161 0.008056
-0.012619 -0.002871 0.002843
0.005802 -0.006150 0.000716
-0.002828 0.002495 0.002177
-0.004229 0.003098 0.001209
-0.006197 0.009524 -0.002035
0.000934 0.004384 -0.005012
0.004943 -0.001123 -0.004064
0.002681 0.000467 0.000624
0.009758 0.006180 0.001875
0.001380 -0.003485 -0.005640
0.002167 0.004724 0.005281
-0.023296 -0.008461 -0.004236
0.002758 0.004672 0.011891
-0.001572 -0.008021 -0.009735
0.035791 0.018001 0.000193
-0.006122 -0.000300 0.007531
-0.014416 0.024216 0.002507
0.003267 -0.003545 0.001903
-0.024176 0.022741 0.002442
-0.002649 0.011816 0.013574
-0.002642 0.005677 -0.000603
0.001449 0.004116 -0.003686
0.006092 0.002787 -0.005667
0.002891 0.012436 -0.017178
0.006403 0.014323 -0.001870
0.001740 -0.001296 -0.010560
0.002666 -0.461745 0.017126
-0.022267 -0.004888 -0.006307
-0.015009 0.018060 0.012553
-0.003037 -0.005850 -0.011604
0.017861 0.000601 0.000333
-0.004852 -0.000230 0.007359
-0.012416 -0.001690 0.003618
0.004316 -0.002579 0.000580
-0.002854 0.003269 0.002212
-0.003449 0.007606 0.005527
-0.006336 0.011226 -0.005787
0.006089 -0.001413 -0.000803
0.004307 0.000000 -0.004554
0.004084 0.008265 -0.006452
0.009779 0.004836 0.003098
-0.001847 -0.007474 -0.004990
0.002283 -0.008774 0.006455
-0.022521 -0.003992 -0.006261
0.004028 0.005053 0.011126
-0.000685 -0.006819 -0.009553
0.017634 0.001559 0.000107
-0.005578 0.000855 0.007530
-0.012858 -0.000175 0.002746
0.028384 0.012233 -0.000170
-0.002577 0.001354 0.001900
-0.004581 0.003463 0.001314
-0.003721 0.006650 -0.001127
0.005111 -0.003240 -0.000230
0.003291 -0.000828 -0.004379
0.003217 0.000101 0.000301
0.009778 0.004393 0.001973
-0.000990 -0.005334 -0.006280
0.002012 0.004755 0.005028
-0.022842 0.015359 0.022821
0.003821 0.004062 0.011824
0.000497 -0.008025 -0.009138
0.000079 0.018463 0.000668
-0.005013 0.003479 0.009487
-0.012653 -0.002921 0.003180
0.003973 -0.001970 0.000999
-0.003020 0.002137 0.002490
-0.004811 0.003841 0.001777
-0.002418 0.005418 -0.001388
0.005595 -0.001659 -0.000516
0.004318 -0.000936 -0.004521
0.002997 -0.000240 0.000669
0.009717 0.006366 0.001913
-0.002300 -0.006636 -0.006533
0.002645 0.004660 0.005398
-0.023410 -0.000182 -0.002758
0.002765 0.004793 0.011614
-0.000596 -0.007513 -0.009609
0.017788 0.002313 0.000066
-0.005947 0.001083 0.007676
-0.012544 -0.001332 0.003166
0.003316 -0.003462 0.000752
-0.001997 0.002596 0.002200
-0.004378 0.004688 0.004029
-0.002876 0.004932 -0.002598
0.006014 -0.001941 0.000012
0.004342 -0.001711 -0.004885
0.002964 0.001190 -0.002062
0.009426 0.004947 0.000999
0.000697 -0.001838 -0.001575
0.002340 0.003631 0.005472
-0.022989 -0.004801 -0.005846
0.002877 0.004349 0.011543
-0.000526 -0.008019 -0.009619
0.017806 0.000549 -0.000009
-0.006207 0.000609 0.007429
-0.012763 -0.000436 0.002961
0.003810 -0.002922 0.001314
-0.002671 0.001474 0.002608
-0.004234 0.003496 0.001767
-0.002487 0.006013 -0.001614
0.006216 -0.001568 -0.000703
0.004367 -0.000872 -0.004021
0.003124 -0.000054 0.000726
0.009347 0.005675 0.002132
-0.002299 -0.006155 -0.006273
0.001829 0.004860 0.005890
-0.022224 -0.003692 -0.005064
0.003846 0.003657 0.011389
-0.000081 -0.006867 -0.009802
0.017478 0.002460 -0.000086
-0.006007 -0.000653 0.008029
