-0.000287 0.010805 0.012166
-0.008777 -0.003767 -0.000157
-0.001243 0.019154 0.000582
0.012672 0.006782 -0.002951
-0.005389 0.017536 0.003066
-0.008695 0.000454 -0.004051
-0.000636 0.003068 0.003779
-0.004325 -0.017153 -0.002442
-0.001403 0.008583 0.001476
-0.012237 -0.003146 -0.001639
0.011784 -0.007593 0.001097
-0.010974 -0.006615 -0.004239
0.004090 -0.008580 0.004402
0.002153 -0.017939 0.000058
-0.002170 -0.001600 0.001213
0.014495 -0.011277 0.002764
-0.000369 0.010576 0.011576
-0.009763 0.001421 0.000120
-0.001550 0.018578 0.000055
0.011003 0.008083 -0.003755
-0.001807 0.016744 -0.004855
-0.009576 0.000044 -0.003922
-0.000548 0.003617 0.010607
0.000156 -0.014590 -0.001924
-0.003312 -0.012379 -0.000601
-0.010559 -0.005385 -0.001869
0.011835 -0.006580 0.001949
-0.007726 -0.006080 -0.008509
0.005160 -0.007968 -0.000390
0.002175 -0.019480 0.000919
-0.005132 -0.001597 0.001403
0.013944 -0.011376 0.002311
-0.001133 0.011732 0.011854
-0.007482 0.001482 0.000429
-0.000997 0.019606 0.001285
0.011368 0.008504 -0.003721
-0.001653 0.016192 -0.005832
-0.009348 0.000673 -0.002515
0.005117 0.004541 0.006369
-0.001009 -0.015761 -0.001920
-0.004164 -0.010958 -0.001205
-0.011305 -0.004837 -0.001567
0.011686 -0.006101 0.000368
-0.009363 -0.010106 -0.004853
0.008893 -0.007454 0.003666
0.003104 -0.019209 -0.001069
-0.004011 0.000757 0.002989
0.013838 -0.011943 0.003191
-0.002210 0.005490 0.018066
-0.009348 0.001797 0.000699
-0.001119 0.018344 0.022054
0.013015 0.009097 -0.002910
-0.001696 0.014947 -0.006020
-0.008422 0.000159 0.004008
-0.000572 0.003494 0.003690
0.003753 -0.017120 0.000500
-0.004473 -0.011829 -0.001176
-0.006347 -0.005971 -0.001447
0.009703 -0.007575 0.000126
-0.008218 -0.004562 -0.001981
0.003087 -0.008845 0.003471
0.088043 0.029336 0.107892
-0.003427 -0.000282 0.002102
0.013975 -0.010044 -0.003035
-0.000598 0.010934 0.010311
-0.007722 0.001610 0.007523
-0.001109 0.018807 0.001120
0.010607 0.009253 -0.003734
0.002537 0.011575 -0.000422
-0.009304 0.001267 -0.003197
0.000044 0.003216 0.003949
-0.002400 -0.015004 -0.006893
-0.004137 -0.014791 0.002356
-0.011530 -0.005515 -0.000768
0.011054 -0.006580 0.001125
-0.009249 -0.006205 -0.002493
0.004246 -0.007508 0.003967
0.003248 -0.019676 -0.000515
0.064666 -0.031766 0.084595
0.014153 -0.011406 0.003819
-0.000967 0.011175 0.010931
-0.009076 0.001055 0.000071
-0.001158 0.019070 0.000815
0.011293 0.007677 -0.007526
-0.001477 0.016130 -0.006243
-0.009935 -0.000447 -0.003114
-0.000242 0.002935 0.003286
-0.000621 -0.015684 -0.001814
-0.003110 -0.009966 -0.000950
-0.014514 -0.006323 0.003247
0.011183 -0.006890 0.001034
-0.010078 -0.009326 -0.008414
0.000629 -0.005416 0.006419
0.003257 -0.019062 -0.000083
-0.003886 0.000702 0.002024
0.015604 -0.006841 0.002754
-0.000813 0.010598 0.011658
-0.008558 0.001415 0.000087
-0.001415 0.019025 0.000541
-0.007392 0.009014 -0.659629
-0.002708 0.015705 -0.006293
-0.008783 0.001779 -0.002752
-0.000681 0.004193 0.003413
0.000614 -0.015467 -0.002407
-0.003323 -0.012683 -0.001941
0.005337 0.003753 0.000302
0.011812 -0.005039 -0.000123
-0.012011 -0.008601 -0.001895
0.020523 -0.017723 0.005582
0.003111 -0.020274 -0.001010
-0.003808 0.001457 0.002045
0.014765 -0.010637 -0.001084
0.000997 0.015745 0.019352
-0.007842 0.000801 0.000775
-0.002179 0.019305 0.020412
0.011382 0.007081 -0.002837
-0.000809 0.017196 -0.004327
-0.011206 -0.000046 -0.003492
-0.000240 0.003185 0.004690
-0.015378 -0.005254 0.000560
-0.002559 -0.011067 -0.001267
-0.009147 -0.004497 -0.006054
-0.057960 -0.041791 0.076992
-0.008272 -0.006166 -0.002936
0.004549 -0.007490 0.004447
0.006094 -0.017543 -0.000175
-0.004399 0.001277 0.001055
0.010789 -0.008988 0.002820
-0.000726 0.003993 -0.005947
0.006630 0.008870 0.003720
-0.010279 0.010519 0.002847
0.007354 0.023419 -0.000532
-0.000449 -0.002848 -0.000674
0.000802 0.005220 -0.010840
-0.011774 -0.000497 0.007630
0.003475 0.005497 -0.001201
-0.000076 0.007006 -0.001923
0.017754 -0.011495 0.002490
-0.007813 0.009711 0.001752
-0.004978 -0.001074 0.001317
0.011405 -0.003874 0.005516
-0.003272 -0.006222 0.004934
0.010142 -0.005855 0.002268
-0.092828 0.028429 0.085309
-0.000851 0.003701 -0.005120
0.005805 0.006758 -0.002813
-0.010136 0.011213 0.002465
0.007249 0.023039 -0.003122
-0.000220 -0.002787 -0.000233
0.003842 0.003221 -0.009128
-0.007904 -0.002326 -0.000009
0.003282 0.005588 -0.000919
-0.000623 0.007870 -0.001891
0.017236 -0.011241 0.003782
-0.008838 0.010036 0.002571
-0.005603 -0.000417 0.000692
0.011369 -0.004523 0.000681
-0.003877 -0.005061 0.004041
0.010633 -0.009155 0.002402
-0.016329 -0.011254 0.001165
0.000428 0.002999 -0.006032
0.007873 0.008162 -0.001991
-0.010357 0.010061 0.002071
0.006644 0.024097 -0.001732
-0.000074 -0.002850 -0.000439
-0.001123 0.004960 -0.009683
-0.008390 -0.001981 -0.000511
0.003083 0.005368 0.000207
-0.000225 0.008001 -0.000606
0.018519 -0.010950 0.003177
-0.010018 0.010560 0.001942
-0.004768 -0.000989 -0.000911
0.013919 -0.005941 -0.000289
-0.003558 -0.005494 0.005593
0.009964 -0.009602 0.003155
-0.016129 -0.011973 0.002766
-0.000384 0.003423 -0.007621
0.006659 0.008485 -0.002586
-0.007218 0.014589 0.009286
0.006969 0.022828 -0.002737
-0.003245 -0.005256 -0.000393
0.001452 0.004600 -0.009883
-0.007986 -0.002426 -0.001598
0.008354 0.007495 0.005768
-0.000339 0.007383 -0.001364
0.018010 -0.009803 0.003515
-0.010348 0.009443 -0.002441
-0.004427 -0.000883 0.000131
0.012341 -0.004891 -0.000327
-0.004907 -0.006357 -0.000914
0.010612 -0.006896 -0.001824
-0.017208 -0.011448 0.001507
-0.000134 0.002959 -0.005505
0.006324 0.005315 0.002191
-0.010204 0.011158 0.002667
0.006624 0.023515 -0.003372
-0.000246 -0.002666 0.000571
0.001596 0.003564 -0.010185
-0.002888 -0.003850 0.005834
0.002818 0.005573 -0.000910
-0.000199 0.008565 -0.002058
0.019019 -0.012113 0.003733
-0.008958 0.011040 0.002237
-0.005007 -0.001365 -0.000723
0.011500 -0.022604 0.002713
-0.003012 -0.005946 0.004773
0.008192 -0.008451 -0.002448
-0.017579 -0.010639 0.000987
-0.000832 0.008227 0.001170
0.006877 0.008020 -0.002988
-0.010286 0.010408 0.004106
0.007493 0.023977 -0.002635
0.000238 -0.002669 0.005459
0.001026 0.004500 -0.003478
-0.008080 -0.002190 -0.000257
0.003380 0.005346 -0.002373
-0.000412 0.005001 -0.002401
0.018552 -0.011352 0.003290
-0.008577 0.008234 -0.002712
-0.005489 -0.002576 0.000297
0.011825 -0.005587 -0.000999
0.000201 -0.004517 0.008351
0.008933 -0.009640 0.002551
-0.016157 -0.012576 0.001122
-0.000994 -0.001136 0.001528
0.008024 0.008982 -0.002153
-0.009825 0.010741 0.003618
0.006663 0.023393 -0.001882
0.002575 0.001694 0.002947
0.000773 0.005867 -0.002123
-0.008051 -0.002577 0.000290
0.002766 0.005167 -0.000192
-0.001284 0.011451 -0.001272
0.017560 -0.011616 0.002892
-0.005343 0.007789 0.001946
0.000389 -0.097707 0.096923
0.010631 -0.005855 -0.000132
-0.019963 -0.013590 0.007768
0.010155 -0.010337 0.003400
-0.016791 -0.011634 0.001422
-0.000489 0.002569 -0.005148
0.008336 0.008152 -0.002854
-0.011078 0.005710 0.006348
0.007284 0.023702 -0.002831
0.002848 -0.000782 -0.000119
0.000886 0.003805 -0.010326
-0.008554 -0.002227 0.000978
-0.002088 0.004660 0.004670
-0.000682 0.007862 -0.001263
0.016201 0.064557 0.073532
-0.010525 0.005873 0.000501
-0.004882 -0.001250 -0.000856
0.010318 -0.005741 -0.000073
-0.007233 -0.005021 0.003277
0.013139 -0.007950 0.001365
-0.016003 -0.012541 0.000904
