2176.0000 0.05 1
1.875
3.75
6.25
6.25
7.5
16.25
8.75
7.5
17.5
15
14.375
16.25
25
16.25
6.25
31.25
23.125
18.125
28.75
10
10
13.125
10
10
16.25
20
25
30
37.5
19.375
22.5
28.75
13.75
26.875
21.875
28.125
21.25
41.25
44.375
30.625
37.5
55
48.75
45.625
41.875
67.5
54.375
49.375
84.375
92.5
98.75
123.125
139.375
134.375
138.125
153.75
182.5
151.25
158.125
199.375
177.5
175
231.875
253.75
267.5
237.5
234.375
280.625
293.125
310
297.5
321.25
302.5
310.625
324.375
340
340
365
314.375
353.125
369.375
367.5
330.625
361.25
335
375.625
313.75
295
304.375
285
273.75
255.625
230
251.875
251.25
298.75
206.25
251.25
311.875
295
317.5
308.75
310
298.75
250.625
295
308.125
298.75
321.25
275.625
280.625
305.625
268.75
322.5
290.625
315.625
249.375
296.25
353.125
319.375
315.625
314.375
330
360.625
343.75
381.25
399.375
378.75
389.375
393.75
395
433.75
447.5
471.25
455
440.625
454.375
435.625
446.25
420
405
428.125
381.875
358.75
317.5
351.875
328.125
310
318.125
328.75
305.625
275.625
215
255.625
249.375
305
278.125
246.875
272.5
224.375
320
287.5
327.5
303.75
300.625
292.5
286.25
294.375
348.75
292.5
323.75
355
370.625
355.625
260.625
289.375
211.875
289.375
345.625
266.25
264.375
266.25
258.125
236.25
245.625
250
263.75
327.5
239.375
226.25
238.75
225.625
179.375
247.5
253.75
282.5
256.875
305.625
255
262.5
258.75
205.625
202.5
268.125
255
326.25
344.375
343.125
355.625
275.625
365.625
295
511.875
538.125
508.125
424.375
366.875
263.125
230
203.125
165.625
120.625
61.875
31.875
11.25
3.75
1.25
3.75
1.25
0
0
0
0
0
0
0
0
0
0
2.5
0
