0.009694 0.000681 0.000807
-0.005445 -0.000236 0.001254
0.009007 0.003413 0.000387
0.000567 -0.000952 -0.002270
0.008390 0.002824 -0.002657
-0.001870 -0.005633 0.001014
-0.004734 -0.002655 -0.004390
-0.006291 0.002994 0.000431
-0.008318 0.021184 -0.027713
0.005081 -0.000719 -0.002595
0.016719 0.012658 0.003461
-0.005193 -0.003995 0.002793
-0.005123 0.003862 0.014004
-0.026018 0.021734 -0.000946
0.002173 0.004698 -0.004555
0.002821 0.022268 0.027857
0.009545 0.000191 -0.000383
-0.004092 -0.001641 0.001704
0.007734 0.007340 0.001114
-0.003217 0.007163 -0.007364
0.009755 0.002430 -0.003600
-0.000410 -0.003154 -0.000204
-0.004922 -0.001104 -0.005261
-0.003865 0.004751 -0.000110
-0.008511 0.002173 -0.007913
0.020443 0.014000 -0.002755
-0.003737 -0.003341 0.004121
-0.002147 0.001871 0.000149
-0.001442 -0.005150 0.009849
-0.006331 0.000932 -0.000898
0.002468 0.005490 -0.001428
0.002531 -0.002404 0.000147
0.005247 0.007604 0.004559
-0.005274 -0.002493 0.000884
0.011928 0.003404 -0.000569
-0.001875 0.006458 -0.005901
0.009800 0.004382 -0.004566
0.001932 0.001966 0.005438
-0.004744 -0.006009 -0.004788
-0.041163 0.038255 -0.000316
-0.008692 0.022308 0.013446
0.005229 0.000238 -0.002287
-0.002198 -0.005136 0.004533
-0.001093 0.003917 -0.000565
0.003311 0.005508 0.003564
0.013371 0.020478 -0.000180
0.004398 0.001566 -0.005204
0.002654 -0.005199 0.001574
0.011146 0.002427 0.001128
-0.005268 -0.001657 0.001213
0.010800 0.004653 0.000053
0.002264 0.000558 -0.003293
0.008416 0.003625 -0.002773
-0.002515 -0.005770 -0.001403
-0.004921 -0.004393 -0.004075
-0.004347 0.006639 0.000434
-0.007780 0.015315 0.006791
0.005151 -0.000172 -0.002453
-0.004438 -0.002490 0.004359
-0.006125 -0.002602 0.002379
-0.001471 -0.005711 0.011002
-0.005748 0.001739 -0.000550
0.005212 0.000180 -0.005707
0.002600 -0.001508 0.002683
0.006949 0.007551 0.003905
-0.006580 -0.001960 0.000919
0.010684 0.004199 0.000211
0.000722 -0.001273 -0.002453
0.007507 0.002238 -0.002736
0.002156 0.000299 -0.000473
-0.004197 -0.001184 -0.004645
-0.004837 0.005877 0.000185
-0.008480 -0.011084 -0.008094
-0.010470 0.014407 -0.002521
-0.003519 -0.002347 0.004547
-0.004866 -0.004335 0.003890
-0.001746 -0.004794 0.009201
-0.005570 0.001520 -0.000651
0.005336 -0.000144 -0.004393
0.002461 -0.002691 -0.000059
0.010900 0.002358 0.001065
-0.005630 -0.000673 0.001395
0.010668 0.003182 -0.000135
0.002355 -0.000367 -0.002245
0.008583 0.002780 -0.003159
-0.002922 -0.003536 -0.000896
-0.004482 -0.001981 -0.004785
-0.003914 0.004939 0.000220
-0.008488 -0.000016 -0.007910
0.005727 -0.000123 -0.002277
-0.004257 -0.003399 0.004416
-0.006377 -0.003409 0.003737
-0.001426 -0.006503 0.009299
-0.005953 0.001069 -0.000109
0.001414 0.006475 -0.010841
0.002431 -0.002044 0.000353
0.011029 0.001311 0.000381
-0.002346 -0.000612 0.002977
0.010175 0.004485 -0.000019
0.002623 -0.000350 -0.002360
0.008769 0.001318 -0.002519
0.001470 0.001064 -0.004469
-0.004736 -0.008320 -0.004016
-0.004599 0.005570 0.000427
-0.008932 0.021606 -0.028490
0.005342 -0.000314 -0.002505
-0.004225 -0.001595 0.004457
-0.007121 -0.003016 0.003475
-0.001964 -0.005715 0.007734
-0.005805 0.001495 -0.000658
0.006066 0.000415 -0.005159
0.003202 0.001842 0.004528
0.011272 0.001422 0.000278
-0.005074 -0.000811 0.001296
0.009467 0.005548 -0.000280
0.002577 0.000234 -0.003150
0.008585 0.002912 -0.002717
-0.003158 -0.003760 -0.000741
-0.004613 -0.001889 -0.004703
-0.004833 0.006058 0.000381
-0.008613 0.001760 -0.007897
0.004735 -0.000095 -0.002425
-0.003673 -0.002158 0.004561
-0.006248 -0.002608 0.002433
-0.001576 -0.004239 0.009450
-0.005477 0.001316 -0.000524
0.005442 -0.000435 -0.006388
0.002015 -0.001276 0.000226
-0.012914 0.001750 0.002830
0.004822 -0.002410 0.001164
-0.002649 0.000912 0.002077
-0.004621 0.000780 0.000706
-0.004145 0.004764 -0.002434
0.010621 0.004053 0.001859
0.008850 0.007594 -0.008298
0.002694 -0.004178 0.000334
0.009902 0.005089 0.001737
-0.000421 -0.007031 -0.005038
0.000405 0.031137 0.004047
-0.022439 -0.005132 -0.003638
0.003954 0.000773 0.011313
-0.004701 0.001725 -0.013100
0.018207 0.000504 -0.000104
-0.006042 0.001197 0.007699
-0.012630 -0.000138 0.003502
-0.015884 0.007535 0.002788
-0.002130 0.001048 0.002856
-0.004340 0.003310 0.003300
0.001929 0.012306 -0.001008
0.011853 0.005420 0.003154
0.004002 -0.001924 -0.004394
0.003445 -0.000336 -0.001206
0.008106 0.005255 0.001188
-0.001086 -0.005313 -0.005834
0.002203 0.003993 0.005305
-0.021967 0.007664 -0.022895
0.000641 0.003665 0.011200
-0.000678 -0.008861 -0.009399
0.017471 -0.005324 -0.000185
-0.002048 0.009331 0.012367
-0.007793 -0.452350 -0.005152
0.005845 -0.003816 0.000358
-0.002302 -0.002049 0.002291
-0.006476 0.018413 -0.016034
-0.000144 0.011487 -0.006429
0.007442 -0.002873 -0.001977
-0.001664 0.008841 0.000058
0.004011 0.015812 0.020271
0.010141 0.008742 0.001589
-0.004329 -0.000804 -0.002336
0.004544 0.030826 0.005587
-0.022461 -0.004587 -0.004412
0.033131 0.025918 0.011482
0.004457 0.003319 -0.004355
0.017583 0.000875 -0.000150
-0.006543 -0.001194 0.007430
-0.012540 -0.013612 0.001671
0.004808 -0.002555 0.001752
-0.002481 0.000147 0.002637
-0.005072 0.006308 -0.000169
-0.004241 0.003691 -0.000161
0.005561 -0.002259 -0.002285
0.003738 -0.001500 -0.005863
0.002112 0.007328 0.005412
0.009810 0.006705 0.001848
0.000328 -0.008214 -0.007540
0.002384 0.002837 0.004736
-0.022645 -0.003869 -0.004284
0.002523 0.005368 0.011508
-0.000078 -0.008367 -0.011286
0.017409 0.001192 0.000653
-0.005879 0.000734 0.007696
-0.012617 0.000129 0.002501
0.003544 -0.006204 0.001547
-0.002783 0.001109 0.001750
-0.004148 0.003007 0.004065
-0.003327 0.006540 -0.001658
0.007064 -0.003752 -0.001742
0.004137 -0.000048 -0.004425
0.003543 0.000681 -0.001456
0.010881 0.005547 0.001955
-0.007121 0.000142 -0.006371
0.002355 0.001461 0.005362
-0.021629 -0.008543 -0.006046
0.001908 0.004781 0.011338
-0.000809 -0.006681 -0.009706
0.017950 -0.002118 0.000021
-0.011300 0.009842 0.002777
-0.012395 -0.000025 0.002444
0.005643 -0.002922 0.001208
-0.002994 0.000767 0.002224
-0.004356 0.002978 0.003320
-0.004350 0.005487 -0.001919
0.006327 -0.002031 -0.001221
0.004204 -0.000541 -0.004564
0.003086 -0.000206 -0.000939
0.009914 0.005668 0.001527
-0.000291 -0.006287 -0.006299
0.002415 0.004073 0.005656
-0.022434 -0.003565 -0.005791
0.001081 0.003495 0.012077
-0.000633 -0.007500 -0.009622
0.017937 0.001739 -0.000053
-0.006423 0.000140 0.008869
-0.012712 -0.001737 0.002774
0.005923 -0.003560 0.001552
-0.002758 0.001583 0.002182
-0.004508 0.004442 0.000539
-0.000017 0.010916 0.002455
0.005678 -0.000992 -0.000890
0.004569 -0.001312 -0.003396
0.003123 0.001146 0.001618
0.009708 0.005085 0.002002
-0.003263 -0.001196 -0.010781
0.001971 0.002942 0.004919
-0.022851 -0.004923 -0.004768
0.001922 0.004469 0.012097
-0.000300 -0.008552 -0.008038
0.017808 0.000657 -0.000289
-0.006000 0.000853 0.007929
-0.013032 -0.000081 0.003549
0.005382 -0.001656 0.001435
-0.002395 0.001296 0.002471
-0.003903 0.004354 0.003242
-0.004262 0.006128 -0.001568
0.006024 -0.001079 -0.000598
0.004452 -0.000092 -0.004577
0.003012 -0.000445 -0.001701
0.009400 0.005877 0.002478
-0.000011 -0.006572 -0.006057
0.002330 0.001656 0.005459
-0.021539 -0.000704 -0.007977
0.002609 0.004704 0.011745
0.000195 -0.006334 -0.009824
0.017735 0.000007 0.000276
-0.005273 0.000357 0.006464
