2176.0000 0.05 1
1.11111
4.44444
11.1111
2.22222
11.1111
4.44444
13.3333
11.1111
20
11.1111
6.66667
11.1111
24.4444
23.3333
17.7778
23.3333
26.6667
18.8889
13.3333
32.2222
18.8889
8.88889
4.44444
10
14.4444
16.6667
34.4444
37.7778
25.5556
40
11.1111
26.6667
17.7778
31.1111
24.4444
32.2222
26.6667
27.7778
40
24.4444
32.2222
46.6667
36.6667
47.7778
70
55.5556
56.6667
41.1111
80
108.889
93.3333
126.667
127.778
136.667
151.111
146.667
161.111
190
190
202.222
216.667
267.778
192.222
230
236.667
284.444
237.778
278.889
253.333
263.333
292.222
300
315.556
337.778
318.889
350
286.667
345.556
304.444
308.889
298.889
297.778
293.333
277.778
312.222
273.333
248.889
285.556
292.222
297.778
314.444
316.667
321.111
307.778
335.556
318.889
315.556
296.667
292.222
301.111
301.111
292.222
330
357.778
317.778
356.667
378.889
356.667
351.111
356.667
341.111
293.333
251.111
211.111
182.222
157.778
188.889
241.111
264.444
333.333
350
396.667
424.444
393.333
426.667
412.222
450
402.222
380
356.667
344.444
371.111
350
397.778
377.778
381.111
381.111
430
404.444
458.889
407.778
411.111
408.889
355.556
356.667
378.889
364.444
372.222
442.222
417.778
407.778
436.667
403.333
336.667
356.667
322.222
348.889
316.667
326.667
257.778
286.667
260
267.778
260
242.222
224.444
276.667
211.111
243.333
215.556
232.222
257.778
226.667
242.222
232.222
214.444
208.889
223.333
178.889
207.778
174.444
200
173.333
175.556
256.667
234.444
234.444
211.111
215.556
170
174.444
197.778
262.222
238.889
222.222
272.222
244.444
223.333
260
347.778
342.222
317.778
305.556
327.778
310
331.111
380
416.667
425.556
430
445.556
432.222
510
476.667
504.444
476.667
430
350
305.556
231.111
117.778
13.3333
1.11111
0
0
0
0
0
0
0
0
0
0
0
0
0
0
0
0
0
0
0
0
0
0
2.22222
2.22222
2.22222
0
0
2.22222
2.22222
6.66667
0
1.11111
4.44444
0
4.44444
2.22222
6.66667
2.22222
2.22222
0
6.66667
1.11111
0
2.22222
0
0
2.22222
0
2.22222
0
