-0.002896 0.006814 0.012028
-0.005979 -0.001197 -0.000404
-0.002384 0.020815 0.000685
0.012109 0.007205 -0.001218
-0.000860 0.104897 0.091442
-0.008770 0.001264 -0.003371
0.000283 0.003893 0.004607
0.000060 -0.016427 -0.002444
-0.003611 -0.011684 0.000211
-0.011255 -0.005010 -0.001295
0.011241 -0.006401 0.000359
-0.009470 -0.006016 -0.004446
0.004423 -0.007739 0.004800
0.003845 -0.019558 -0.001291
-0.003468 0.004705 0.006917
0.013577 -0.011215 0.003297
-0.000294 0.011395 0.012340
-0.009733 -0.002759 -0.000074
-0.000739 0.018534 0.001181
0.011375 0.007511 -0.002611
-0.001669 0.016424 -0.004724
-0.009060 0.000189 -0.002612
-0.000346 0.001289 0.004959
0.000208 -0.015037 -0.003246
-0.009246 -0.014726 0.006328
-0.011363 -0.005710 -0.001915
0.010575 -0.006384 0.000207
-0.010879 -0.001106 0.002987
0.004743 -0.010152 0.003870
0.003749 -0.019291 -0.001325
-0.003983 0.000532 -0.001098
0.013377 -0.011138 0.002198
-0.000125 0.011852 0.012955
-0.011238 0.000715 -0.005086
-0.001223 0.019547 0.000974
0.011452 0.007636 -0.002722
-0.002078 0.015989 -0.007405
-0.010397 0.000807 -0.002854
-0.000563 -0.072865 0.088751
-0.000026 -0.016318 -0.002927
0.001604 -0.008299 0.005769
-0.010967 -0.004480 -0.001159
0.012164 -0.006519 0.000379
-0.009598 -0.012126 0.002243
0.004151 -0.005044 0.003402
0.003227 -0.019344 -0.001008
-0.003252 0.000631 0.001621
0.013487 -0.011395 0.002819
0.000470 0.006535 0.011384
-0.009983 0.002106 0.000527
0.014621 0.029505 0.004299
0.009640 0.005911 -0.007667
-0.000421 0.015001 -0.006333
-0.009852 0.001401 -0.001596
-0.000550 0.003597 0.005388
-0.000967 -0.015414 -0.003124
-0.003179 -0.011878 -0.001177
-0.011371 -0.005029 -0.002699
0.010878 -0.006560 0.000412
-0.008548 -0.004497 -0.002995
0.004276 -0.008653 0.003541
0.003482 -0.019259 -0.000614
-0.003779 0.000694 0.001910
0.020636 -0.013740 0.009960
-0.000347 0.009541 0.007172
-0.008579 -0.000398 -0.003351
-0.001725 0.019060 0.001818
0.010327 0.009015 -0.003588
-0.001672 0.017091 -0.006606
-0.009146 -0.000766 -0.001541
-0.000061 0.002857 0.003836
0.000216 -0.015700 -0.004904
-0.003401 -0.011357 -0.001483
-0.010962 -0.005194 -0.001681
0.011464 -0.006262 0.000889
-0.010196 -0.006360 -0.004744
0.004008 -0.007470 0.006172
0.003447 -0.019100 -0.001650
-0.002783 -0.003750 0.006158
0.013477 -0.011325 0.001464
-0.000440 0.011838 0.012645
-0.009635 0.002702 0.001422
0.001010 0.020502 -0.004722
0.015362 0.010376 0.001555
-0.000983 0.016045 -0.006354
-0.009850 0.005615 0.001904
-0.000985 0.003976 0.004544
-0.000493 -0.016064 -0.004298
-0.003456 -0.011286 0.000246
-0.010371 -0.006244 0.018426
0.011966 -0.007190 0.006272
-0.009870 -0.006213 -0.005114
0.004155 -0.007588 0.005246
-0.001853 -0.022397 0.006399
-0.004410 0.001275 0.000999
0.013301 -0.011508 0.000997
-0.001840 0.010055 0.011975
-0.007942 0.000151 0.000566
0.003410 0.018029 0.000407
-0.003341 -0.002526 0.001003
-0.002184 0.016182 -0.005570
-0.009022 -0.018851 0.001473
-0.000233 0.003129 0.003304
0.000269 -0.015368 -0.002746
-0.003814 -0.011317 0.000883
-0.012930 -0.003938 0.019492
0.011484 -0.005254 0.003475
-0.008844 -0.005611 -0.002894
0.004881 -0.007643 0.005808
0.007664 -0.017374 0.006144
-0.003149 -0.000320 0.001210
0.013948 -0.011323 0.002078
0.001185 0.010109 0.006604
-0.008847 0.000887 0.001358
-0.004623 0.017122 0.004547
0.007257 0.009218 -0.002934
-0.001525 0.016776 -0.005899
-0.008433 0.000385 -0.002549
-0.000283 0.002893 0.004022
0.000571 -0.015995 -0.003091
-0.003800 -0.011511 -0.000949
-0.011426 -0.005145 -0.002034
0.012196 -0.006935 0.000897
-0.010014 -0.007364 -0.003672
0.004285 -0.006430 0.003834
0.003366 -0.019516 -0.003416
-0.003591 0.000348 0.001051
0.007133 -0.010171 0.010027
-0.000528 0.003203 -0.004438
0.007168 0.008060 -0.001729
-0.010016 0.009754 0.001712
0.007295 0.023909 -0.001833
-0.000203 -0.002381 0.000108
0.001157 0.003653 -0.009154
-0.011262 0.001648 -0.000011
0.003204 0.005587 0.000078
-0.000564 0.007228 -0.002020
0.018268 -0.011213 0.003992
-0.008559 0.010251 0.001351
-0.004955 -0.001381 -0.001095
0.011711 -0.005821 -0.001408
-0.003263 -0.005425 0.004063
0.011400 -0.012053 0.005697
-0.017838 -0.013543 0.007965
-0.000248 0.002579 -0.004659
0.005080 0.008329 -0.002455
-0.008447 0.011314 0.001981
-0.010643 0.032479 0.003424
0.000925 -0.004294 -0.000779
0.003414 0.008474 -0.010546
-0.006455 -0.000858 -0.005028
0.002754 0.005307 0.001164
-0.003076 0.010489 0.002859
0.018191 -0.011570 0.003111
-0.007762 0.009675 0.002614
-0.005049 -0.001632 -0.001508
0.011776 -0.005660 0.008225
-0.004091 -0.004739 0.004243
0.009782 -0.010308 0.002278
-0.012812 -0.009927 0.001891
-0.000571 0.005212 -0.005161
-0.054265 -0.027325 0.072612
-0.010788 0.009940 0.002716
0.009637 0.020466 0.002731
-0.000383 -0.002650 0.000740
0.001119 0.007115 -0.014667
-0.007230 0.001484 -0.000120
0.003219 0.005327 -0.000104
0.015772 -0.001501 0.002257
0.018037 -0.011646 0.003171
-0.010071 0.009995 0.002560
-0.004839 -0.000915 -0.001083
0.015343 -0.005615 0.004307
-0.003088 -0.006290 0.004118
0.010532 -0.009610 0.002331
-0.019780 -0.013453 0.001422
-0.000390 0.003298 -0.005834
0.007429 0.008316 -0.001132
-0.010800 0.011215 0.002138
0.005777 0.022742 -0.001151
0.000536 -0.002714 0.001652
0.000417 0.004056 -0.009403
-0.008111 -0.002002 0.001408
0.002558 0.003858 0.000106
-0.000721 0.006785 -0.001449
0.021350 -0.015571 0.009153
-0.007728 0.010541 0.002366
-0.005560 -0.001479 -0.001207
0.011523 -0.005695 -0.000833
-0.002640 -0.004965 0.004017
0.006635 -0.007643 0.002253
-0.016426 -0.012181 0.001129
-0.000325 0.003636 -0.005451
0.007326 0.010256 -0.002395
-0.010136 0.012054 0.003101
0.006948 0.023180 -0.000770
0.000111 -0.003648 0.000069
0.002102 0.004156 -0.009999
-0.008213 -0.000354 -0.003759
0.002781 0.005262 -0.000517
-0.000645 0.008194 -0.001383
0.018268 -0.012100 0.003044
-0.008533 0.010498 0.001712
-0.004872 -0.001340 -0.000471
0.011679 -0.005246 -0.000570
-0.003576 -0.005959 0.004116
0.010433 -0.009939 0.008533
-0.016923 -0.012293 0.007260
0.002328 0.003220 -0.004088
0.007583 0.008325 -0.003042
-0.010348 0.006400 0.007595
0.004393 0.024845 -0.006839
-0.001884 -0.002442 0.000102
-0.000670 0.005459 -0.015500
-0.007610 -0.002585 0.001715
0.004533 0.006118 -0.000361
0.002248 0.006541 -0.007431
0.018039 -0.011474 0.003791
-0.008435 0.009807 0.008133
-0.005267 -0.001007 0.006420
0.012055 -0.005764 -0.000509
-0.003544 -0.005028 0.000698
0.010748 -0.010354 0.001698
-0.017098 -0.011681 0.001502
0.061574 -0.034299 0.066640
0.007624 0.008747 -0.001851
-0.010627 0.028369 0.006010
0.002898 0.021161 -0.002145
-0.052222 0.029653 0.052680
0.000103 0.008078 -0.010719
-0.008919 -0.001789 0.000600
0.054148 0.035209 0.054659
0.003025 0.009515 -0.002511
0.018294 -0.011291 0.004825
-0.008825 0.011290 0.007520
-0.008481 -0.001536 0.002771
0.011107 -0.005290 -0.000673
-0.002316 -0.002364 -0.594269
0.009480 -0.009210 0.001758
-0.016462 -0.012177 0.000976
-0.000316 0.003418 -0.002979
0.007826 0.008761 -0.002694
-0.009854 0.009799 0.002971
0.007407 0.024572 -0.000976
-0.000313 -0.002150 -0.000707
0.002957 0.004350 -0.009680
-0.008536 -0.002105 0.000405
0.003420 0.005615 0.000799
0.000264 0.008296 -0.001702
0.016036 -0.007068 0.008167
-0.009614 0.009771 0.001800
-0.004219 -0.000446 -0.000888
0.011438 -0.005587 0.000281
-0.004601 -0.005922 0.003233
0.013365 -0.011547 0.001525
-0.016866 -0.011625 0.000792
