0.000000 0.001941 -0.002243
0.000000 0.003828 -0.001847
0.000000 -0.007887 0.009065
0.000000 0.003404 -0.005952
0.000000 -0.003242 0.003112
0.000000 0.001230 0.005147
0.000000 -0.000593 0.001521
0.000000 -0.004430 0.000721
0.000000 0.008919 -0.006788
0.000000 0.000560 0.001781
0.000000 0.002556 -0.003913
0.000000 -0.003105 -0.000359
0.000000 0.002833 -0.003112
0.000000 -0.002607 -0.002890
0.000000 -0.008730 0.006341
0.000000 0.005135 -0.001935
0.000000 -0.001638 -0.003103
0.000000 -0.001185 -0.000085
0.000000 0.010099 -0.004907
0.000000 0.000683 0.002769
0.000000 -0.006700 0.009628
0.000000 -0.006464 0.004557
0.000000 0.001744 -0.001762
0.000000 0.004613 -0.001344
0.000000 -0.000762 -0.005418
0.000000 0.005400 -0.007983
0.000000 -0.002050 0.007853
0.000000 0.001020 0.002069
-0.001303 0.001646 0.000977
0.001717 0.000515 0.001151
0.001595 -0.002275 0.001270
0.001037 0.000743 -0.000737
0.001303 0.001646 0.000977
-0.000276 -0.001182 -0.001447
0.000276 -0.001182 -0.001447
-0.003812 0.002018 -0.000245
0.001404 -0.000894 0.001713
-0.001717 0.000515 0.001151
-0.001595 -0.002275 0.001270
-0.001037 0.000743 -0.000737
-0.001247 -0.000679 -0.002447
0.001247 -0.000679 -0.002447
0.003812 0.002018 -0.000245
-0.001404 -0.000894 0.001713
-0.002782 0.002544 0.002048
0.000654 0.000071 -0.000037
0.000899 -0.001303 -0.003002
0.002302 0.001878 0.003009
0.002782 0.002544 0.002048
-0.000909 0.000284 -0.002111
0.000909 0.000284 -0.002111
0.000791 -0.001218 0.002454
-0.003563 0.001076 -0.001976
-0.000654 0.000071 -0.000037
-0.000899 -0.001303 -0.003002
-0.002302 0.001878 0.003009
-0.001013 -0.002309 -0.000278
0.001013 -0.002309 -0.000278
-0.000791 -0.001218 0.002454
0.003563 0.001076 -0.001976
0.000000 0.001859 -0.007988
0.000000 0.011449 -0.009715
0.000000 -0.001834 0.003350
0.000000 -0.017877 0.012745
