-3.87012 -7.73979 7.74006
-3.87012 7.73979 -7.74006
0 -7.74162 -7.74189
1 0 0
0 1 0
0 0 1
0.1248700796647952 0.8751299203352048 0.7498076777283558	Ir
0.3748878130645821 0.6251121869354179 0.7502868743823115	Ir
0.2504052458760313 0.7495947541239687 0.5003043067057220	Ir
0.1248386930521050 0.8751613069478950 0.2501979861452952	Ir
0.6251760570927871 0.3748239429072129 0.7502989817054981	Ir
0.5001605466221832 0.4998394533778168 0.4998443527534633	Ir
0.2500809736432572 0.7499190263567428 0.9996347650967081	Ir
0.8750633810472053 0.1249366189527947 0.7498054063314257	Ir
0.7495786625988217 0.2504213374011783 0.4998786522952088	Ir
0.5001679265803531 0.4998320734196469 0.0001365515834664	Ir
0.9998547453622990 0.0001452546377010 0.9996861263381263	Ir
0.7498990087559321 0.2501009912440679 0.0000959191247176	Ir
0.1245202291588754 0.8754797708411246 0.4994494858699667	Ir
0.3751476390977260 0.6248523609022740 0.4986487044250296	Ir
0.2505024998675012 0.7494975001324988 0.2501435746391962	Ir
0.1248871478644560 0.8751128521355440 0.0005540114989131	Ir
0.6248795148416448 0.3751204851583552 0.4986961481763430	Ir
0.4999615642070907 0.5000384357929093 0.2502422040938868	Ir
0.9994394718952364 0.0005605281047636 0.2510233613466397	Ir
0.3750544321563538 0.6249455678436462 0.0013886523296307	Ir
0.2500948973381583 0.7499051026618417 0.7498342531103930	Ir
0.8754723317442910 0.1245276682557090 0.4985347662534423	Ir
0.7500764725683382 0.2499235274316689 0.2501391143399871	Ir
0.6249774302141162 0.3750225697858838 0.0013508106868656	Ir
0.4999712722611562 0.5000287277388438 0.7497563016765696	Ir
0.9998745838484879 0.0001254161515121 0.7489520237709826	Ir
0.8750802400102842 0.1249197599897158 0.0014469674132442	Ir
0.7500580219991662 0.2499419780008338 0.7498368138710987	Ir
0.9375221604733710 0.5626272585933805 0.6245291044362347	Ir
0.1868051072875829 0.3113816251642447 0.6239836343727774	Ir
0.0628414264631019 0.4367811804094899 0.3739476687656662	Ir
0.9364156833370529 0.5617539219132297 0.1258949780781151	Ir
0.4373727414066195 0.0624778395266290 0.6245291044362347	Ir
0.3123377182769218 0.1876405964235559 0.3747682828569054	Ir
0.8123594035764441 0.6876622817230782 0.3747682828569054	Ir
0.1871969864151382 0.3129843709862996 0.1263587433260795	Ir
0.0623683060481497 0.4371462667235377 0.8753565824848693	Ir
0.6886183748357553 0.8131948927124171 0.6239836343727774	Ir
0.5632188195905101 0.9371585735368981 0.3739476687656662	Ir
0.4382460780867703 0.0635843166629471 0.1258949780781151	Ir
0.3124184872349147 0.1875998114404211 0.8751652825184948	Ir
0.8124001885595789 0.6875815127650853 0.8751652825184948	Ir
0.6870156290137004 0.8128030135848618 0.1263587433260795	Ir
0.5628537332764623 0.9376316939518503 0.8753565824848693	Ir
0.8131762012552528 0.6888137533535428 0.6240506685276728	Ir
0.0624632575409336 0.4371617614344459 0.6244569868452885	Ir
0.9365319569297981 0.5618969391971333 0.3743806306756028	Ir
0.8116784339094494 0.6865901432466828 0.1259075497587716	Ir
0.3111862466464572 0.1868237987447472 0.6240506685276728	Ir
0.1864392530773529 0.3118382003865747 0.3743337508130722	Ir
0.6881617996134253 0.8135607469226471 0.3743337508130722	Ir
0.0629686512610519 0.4369203452202015 0.1263473310225223	Ir
0.9376236504778888 0.5626441045066315 0.8752749219757163	Ir
0.5628382385655541 0.9375367424590664 0.6244569868452885	Ir
0.4381030608028667 0.0634680430702019 0.3743806306756028	Ir
0.3134098567533172 0.1883215660905435 0.1259075497587716	Ir
0.1875617861153174 0.3125794799682069 0.8752479609841188	Ir
0.6874205200317931 0.8124382138846826 0.8752479609841188	Ir
0.5630796547797985 0.9370313487389481 0.1263473310225223	Ir
0.4373558954933685 0.0623763495221112 0.8752749219757163	Ir
0.9998427123523541 0.0001572876476459 0.5004610868294748	Ru
0.3744686602700256 0.6255313397299744 0.2496679359173370	Ru
0.6252179628411625 0.3747820371588375 0.2496741413852064	Ru
0.8755004749675237 0.1244995250324763 0.2502138872916646	Ru
