2176.0000 0.05 1
1.875
3.75
6.25
6.25
7.5
16.25
8.75
7.5
17.5
15
14.375
16.25
25
16.25
6.25
31.25
23.125
18.125
28.75
10
10
13.125
10
10
16.25
20
25
30
37.5
19.375
23.75
27.5
13.75
26.875
21.875
28.125
21.25
41.25
44.375
30.625
37.5
56.25
47.5
45.625
41.875
67.5
54.375
49.375
84.375
92.5
98.75
124.375
138.125
134.375
138.125
153.75
181.875
153.125
156.25
201.25
176.25
174.375
231.25
255
268.75
237.5
234.375
279.375
293.75
311.875
295.625
320
303.125
310.625
325
338.125
341.25
361.25
317.5
354.375
372.5
366.875
327.5
361.25
331.875
378.125
314.375
295
303.125
286.25
273.75
254.375
231.25
251.875
251.25
299.375
206.875
248.75
311.875
295
319.375
306.25
311.25
300
248.75
293.75
311.25
293.125
329.375
271.875
281.25
304.375
270
323.75
288.75
315.625
250
298.75
350.625
317.5
316.875
315
328.75
363.125
341.25
378.75
404.375
373.75
394.375
393.125
394.375
429.375
456.25
466.875
454.375
440.625
452.5
440.625
446.25
416.25
401.875
433.75
380
356.25
320
351.875
327.5
311.875
317.5
326.875
305
278.125
215
256.25
249.375
302.5
278.75
248.75
270.625
226.875
317.5
288.75
328.125
301.875
301.875
291.875
286.875
295
351.875
290
322.5
351.25
373.75
356.25
259.375
286.875
214.375
289.375
345.625
266.25
264.375
266.875
258.75
236.875
244.375
250
263.125
325.625
240.625
228.75
237.5
224.375
180
248.75
255
281.25
253.125
306.875
256.25
263.75
256.25
205.625
202.5
270.625
255
326.25
344.375
342.5
356.25
274.375
368.75
291.25
511.25
538.125
511.25
424.375
364.375
260.625
234.375
201.875
165.625
121.875
60.625
33.125
10
5
1.25
3.75
1.25
0
0
0
0
0
0
0
0
0
0
2.5
0
