0.010903 0.001185 0.001402
-0.004806 -0.001477 0.001246
-0.010233 0.022000 0.000111
-0.001218 0.003224 -0.003210
0.018318 0.002826 -0.002372
-0.001676 -0.004122 -0.000701
-0.005134 -0.001845 -0.003589
-0.005837 0.006386 0.000438
-0.006839 0.002123 -0.008540
0.005377 -0.001293 -0.003085
-0.003661 -0.002806 0.004667
-0.005782 -0.001970 0.002363
-0.001678 -0.005639 0.008628
-0.011715 -0.004470 0.002916
0.006763 0.000583 -0.005102
0.003993 -0.000521 0.001677
0.010790 0.002068 0.001334
0.000977 -0.002805 0.001586
-0.009286 0.003803 -0.018099
-0.003182 0.003005 -0.007840
0.008256 0.002892 -0.002694
-0.002166 -0.000995 0.000787
-0.009797 0.001730 -0.007859
-0.004093 0.006142 0.000197
-0.027016 0.002420 0.017895
0.007035 -0.002056 -0.003570
-0.002219 -0.002541 0.004319
-0.004755 -0.003689 0.001328
-0.002810 -0.005457 0.008627
-0.008132 0.000614 0.001735
0.004138 0.000782 -0.004972
0.002710 -0.001356 0.001025
-0.021679 -0.034627 0.000284
-0.002763 -0.001371 0.001588
-0.003972 -0.009302 0.000415
0.003759 0.001537 -0.003569
0.005684 0.002454 -0.002447
-0.000499 -0.003752 0.000016
-0.002187 -0.001594 -0.006344
-0.004951 0.005823 0.000355
-0.006645 -0.000939 -0.008680
-0.030878 -0.001395 0.039204
-0.004016 -0.003017 0.004375
-0.037614 0.037202 0.001914
-0.001532 -0.005371 0.008818
-0.011597 0.005927 0.002808
0.004595 -0.001146 -0.003096
0.002647 -0.001390 0.001143
0.011183 0.003296 0.001260
-0.004669 -0.001484 0.000985
0.009600 0.003983 0.000037
0.002890 -0.000257 -0.003459
0.007708 0.002624 -0.003096
-0.001578 -0.003467 -0.000313
-0.004082 -0.001983 -0.003899
-0.005758 0.005520 0.000367
-0.009017 0.000366 -0.007958
0.005335 -0.001372 -0.003153
-0.004363 -0.002068 0.004445
-0.005663 -0.003591 0.002159
-0.001848 -0.006262 0.010107
-0.004175 0.001061 -0.002095
0.003542 0.001158 -0.005129
0.005203 -0.000111 -0.000832
0.012238 0.003388 0.000095
0.002039 -0.001535 0.001886
0.009547 0.004000 -0.000474
0.003421 -0.001334 -0.002481
0.008693 0.002143 -0.002449
0.000488 -0.003222 -0.000530
-0.009839 -0.005447 -0.008251
-0.005747 0.005932 0.000112
-0.008930 0.000661 -0.008841
0.007986 0.000290 -0.003837
-0.003702 -0.002469 0.004384
-0.005976 -0.002491 0.002363
-0.002135 -0.005380 0.009300
-0.004772 0.000374 -0.001483
0.003489 0.001297 -0.005445
0.002878 -0.000715 0.000889
0.010846 0.002712 0.001289
-0.005936 -0.001459 0.000920
-0.004526 0.003824 0.014373
-0.003637 0.004685 0.001043
0.008359 0.002136 -0.002260
-0.000762 -0.003118 -0.001179
-0.003726 -0.002694 -0.003614
-0.006697 0.005768 -0.001221
-0.008942 0.000796 -0.006774
0.005051 -0.001075 -0.002588
-0.003690 -0.001930 0.001600
-0.004943 -0.003113 0.003143
-0.028982 -0.004994 0.008253
-0.002954 0.000530 -0.000769
0.004093 0.001307 -0.005157
-0.027217 -0.033919 0.000212
0.010861 0.002782 0.001239
-0.003211 -0.001357 0.001047
0.009666 0.003642 -0.000003
0.001997 -0.000308 -0.003026
0.017980 0.002460 -0.004811
-0.001821 -0.003292 -0.000193
-0.008761 -0.002054 -0.008508
-0.006045 0.005745 0.000262
-0.008539 0.000837 -0.008092
0.005113 -0.001085 -0.001623
-0.004041 -0.002355 0.004511
-0.006558 -0.002458 0.002870
-0.001465 -0.004740 0.009802
-0.004324 0.000162 -0.001611
0.006618 0.001110 -0.005003
0.002600 -0.002110 0.000878
0.012137 0.002902 0.002001
-0.006162 -0.001421 0.000905
0.008208 0.004739 0.000066
0.003680 -0.000711 -0.003549
0.008493 0.002595 -0.002469
-0.002828 -0.002759 -0.000466
-0.003862 -0.001926 -0.003642
-0.003985 0.005604 -0.000082
-0.008290 0.000572 -0.008101
0.005200 -0.001219 -0.002284
-0.002228 -0.002347 0.004298
-0.005889 -0.002944 0.002260
-0.002161 -0.005151 0.009571
-0.006089 0.000509 -0.001614
0.003389 0.001765 -0.005430
0.002757 -0.003372 0.000686
-0.013514 -0.001514 0.002542
0.004513 -0.003608 0.001701
-0.002987 0.000971 0.003271
-0.004211 0.003427 0.002416
-0.003022 0.004928 -0.001806
0.009008 -0.001252 -0.001215
0.005366 -0.000927 -0.004312
0.000951 -0.002335 -0.000919
0.009004 0.005782 0.001876
-0.000605 -0.004806 -0.006517
0.003229 0.004139 0.006495
-0.021142 -0.004747 -0.005542
0.003220 0.006216 0.011780
-0.019379 -0.025656 -0.009349
0.012943 -0.002407 -0.003565
-0.006080 0.000686 0.007687
-0.011316 -0.002248 0.001806
-0.004699 -0.007261 -0.002439
-0.002919 0.001236 0.002601
-0.003792 0.003462 0.002806
-0.003861 0.005672 -0.001982
-0.000152 -0.003858 -0.005716
0.010463 -0.001069 -0.003822
-0.002467 -0.003096 0.003944
0.009828 0.005569 0.002091
-0.009875 -0.002084 -0.001560
0.001926 0.003090 0.005085
-0.018863 -0.002270 -0.005868
0.002571 0.004616 0.010322
-0.020426 -0.007098 0.008557
0.020750 0.001071 -0.000741
-0.006475 0.000690 0.007285
-0.008663 -0.000755 0.003819
-0.004213 -0.007744 -0.002007
-0.017103 0.000740 -0.021975
-0.003387 0.003003 0.003120
-0.014771 0.001508 0.003676
0.000037 -0.006973 -0.000914
0.005837 -0.000148 -0.004472
0.006657 -0.001157 -0.001221
-0.020375 0.005466 0.001966
-0.011638 -0.001109 -0.001492
0.003431 0.001861 0.006620
-0.026902 -0.001498 -0.009748
-0.006513 0.009202 0.008499
-0.019934 0.010664 -0.009422
0.012968 0.004649 -0.003667
0.469077 0.007251 -0.015061
-0.012121 -0.001548 0.001671
0.004263 -0.002141 0.001356
-0.002219 0.001154 0.003542
-0.004293 0.003997 0.002621
-0.003804 0.006339 -0.001568
0.005505 -0.000277 -0.000519
0.005631 -0.000764 -0.004452
0.003628 0.001459 -0.000306
0.009750 0.005595 0.001995
-0.001323 -0.006289 -0.006306
0.002076 0.002606 0.005720
-0.021602 -0.005177 -0.005492
0.002759 0.003631 0.011374
-0.002065 -0.007573 -0.009465
0.018807 0.001173 0.001550
-0.004930 0.000383 0.007354
-0.011410 -0.000876 0.001830
0.005236 -0.004549 0.001475
-0.002651 0.001230 0.002498
-0.003595 0.002706 0.002630
-0.013073 0.001213 0.002342
0.007037 0.000269 -0.000213
0.003647 -0.000579 -0.004380
0.004158 0.001279 -0.000874
0.009736 0.005571 0.002567
-0.001173 -0.004855 -0.006780
0.002421 0.002892 0.006320
-0.024059 -0.002520 -0.005656
0.001886 0.004356 0.012075
-0.001864 -0.007706 -0.009286
0.018389 0.000899 0.001469
-0.006387 0.000241 0.007623
-0.018439 0.003368 0.006744
0.005300 -0.002269 -0.000381
-0.002323 0.000449 0.003265
-0.016743 0.024187 0.003355
-0.004032 0.006173 -0.001696
-0.000919 -0.005663 0.003530
0.010781 -0.001189 -0.002366
-0.001761 -0.002570 -0.005707
0.010274 0.004988 0.001914
-0.000721 -0.005455 -0.005683
-0.003930 0.003459 -0.012222
-0.022794 -0.005543 -0.005099
-0.005891 0.008840 0.008175
-0.024146 -0.007162 -0.030273
0.019010 0.000916 0.001725
-0.006494 0.000112 0.007678
-0.018340 -0.001262 0.009106
0.004886 -0.002085 0.000070
-0.002794 0.001235 0.002680
-0.002339 0.002395 0.000998
-0.003090 0.006882 -0.000329
0.006702 -0.000331 -0.001024
0.005291 -0.000612 -0.004498
0.002767 0.001660 -0.000416
0.009037 0.005760 0.001492
-0.000687 -0.006270 -0.005612
0.002297 0.003320 0.005943
-0.027722 -0.000857 -0.001239
0.002719 0.004453 0.010375
-0.002382 -0.007819 -0.009491
0.018728 0.000726 0.000960
-0.007448 0.000334 0.007420
-0.018558 -0.005580 0.006943
0.004513 -0.002175 0.001348
-0.001502 0.002472 0.003614
-0.004124 0.004892 0.002365
-0.003558 0.006147 -0.001010
0.007313 -0.000653 -0.001054
0.003658 -0.000641 -0.004371
0.004474 0.001033 -0.000709
0.010130 0.006067 0.001409
-0.001297 -0.005867 -0.006687
0.002856 0.003124 0.006548
-0.021603 -0.005476 -0.005143
0.003082 0.005771 0.011973
-0.001428 -0.007307 -0.009735
0.018534 0.000748 0.001074
-0.006484 0.000889 0.007434
