2176.0000 0.05 1
1.11111
4.44444
11.1111
2.22222
11.1111
4.44444
13.3333
11.1111
20
11.1111
6.66667
11.1111
24.4444
23.3333
17.7778
23.3333
26.6667
18.8889
13.3333
32.2222
18.8889
8.88889
4.44444
10
14.4444
16.6667
34.4444
40
25.5556
37.7778
11.1111
26.6667
17.7778
33.3333
22.2222
32.2222
26.6667
27.7778
40
24.4444
32.2222
46.6667
36.6667
47.7778
70
55.5556
56.6667
41.1111
80
106.667
97.7778
124.444
127.778
134.444
151.111
146.667
163.333
190
190
202.222
216.667
267.778
192.222
230
230
291.111
240
276.667
253.333
265.556
288.889
298.889
317.778
337.778
318.889
350
286.667
345.556
301.111
312.222
294.444
297.778
295.556
275.556
316.667
268.889
253.333
281.111
296.667
295.556
315.556
315.556
323.333
305.556
334.444
320
317.778
296.667
287.778
301.111
303.333
290
334.444
353.333
322.222
356.667
372.222
363.333
351.111
354.444
334.444
295.556
253.333
217.778
177.778
160
188.889
241.111
264.444
328.889
351.111
396.667
418.889
397.778
432.222
411.111
447.778
404.444
380
356.667
342.222
373.333
347.778
398.889
377.778
378.889
382.222
427.778
406.667
458.889
408.889
405.556
411.111
354.444
360
374.444
368.889
377.778
434.444
414.444
413.333
438.889
401.111
338.889
356.667
320
348.889
315.556
330
257.778
286.667
255.556
265.556
266.667
244.444
222.222
274.444
211.111
241.111
217.778
233.333
260
218.889
246.667
234.444
214.444
206.667
227.778
178.889
205.556
175.556
196.667
173.333
176.667
256.667
233.333
235.556
211.111
216.667
168.889
175.556
196.667
263.333
234.444
224.444
270
242.222
225.556
260
352.222
340
315.556
303.333
334.444
307.778
331.111
381.111
408.889
434.444
425.556
447.778
432.222
507.778
474.444
506.667
478.889
426.667
351.111
314.444
226.667
117.778
11.1111
1.11111
0
0
0
0
0
0
0
0
0
0
0
0
0
0
0
0
0
0
0
0
0
0
0
6.66667
0
2.22222
0
2.22222
4.44444
2.22222
2.22222
3.33333
2.22222
0
6.66667
0
6.66667
4.44444
0
0
6.66667
1.11111
0
2.22222
0
0
2.22222
0
2.22222
0
