-0.000172 0.011940 0.013189
-0.009247 0.004653 0.000320
-0.003481 0.018652 -0.000263
0.013477 0.008773 -0.002979
-0.004677 0.009355 -0.009399
-0.008853 -0.000181 -0.001938
0.000373 0.003864 0.005066
-0.000116 -0.013245 -0.003136
-0.006550 -0.015966 -0.001197
-0.012860 -0.004286 -0.001805
0.011750 -0.007170 0.001851
-0.008660 -0.001756 -0.003292
0.003938 -0.006610 0.003386
0.001107 -0.017777 -0.000457
-0.001723 0.002331 0.002050
0.027168 -0.028528 0.003071
-0.001682 0.012322 0.012139
0.001648 0.003285 -0.011175
-0.000412 0.018572 0.000424
0.011098 0.008571 -0.003278
-0.000462 0.016336 -0.005573
-0.009815 0.001008 -0.002418
0.000977 0.006048 0.007669
-0.000809 -0.015161 -0.000823
0.001696 -0.016076 -0.001558
-0.006763 -0.012160 -0.001920
0.011984 -0.006015 0.000695
-0.009574 -0.004758 -0.001425
0.003853 -0.008480 0.003110
0.002357 -0.018262 -0.000996
-0.004187 -0.001872 0.002117
0.013552 -0.011418 0.002279
-0.000263 0.010294 0.012314
-0.006238 0.003715 0.002509
-0.000917 0.019410 0.000709
0.007726 0.007865 -0.002345
-0.002914 0.015735 -0.010161
-0.009529 -0.000202 -0.003334
-0.003726 -0.003855 0.008234
-0.000796 -0.015011 -0.003980
0.000519 -0.015671 -0.000664
-0.011205 -0.004689 -0.001812
0.012009 -0.007230 0.000327
-0.011191 -0.002088 -0.005602
0.004063 -0.006917 0.004586
0.003363 -0.019641 -0.000530
0.016749 0.004466 0.001939
0.013426 -0.010752 0.003282
0.000485 0.012048 0.012097
-0.008459 0.000548 0.000934
-0.000509 0.017369 0.002020
0.011593 0.008646 -0.001295
-0.001790 0.015315 -0.005819
-0.008377 0.001296 -0.000915
-0.000108 0.004950 0.005474
-0.000273 -0.016566 -0.003071
-0.004040 -0.012304 -0.001155
-0.010643 -0.004679 -0.002063
0.010127 -0.006073 -0.000573
-0.008196 -0.003930 -0.001244
0.006017 -0.012146 -0.000554
0.003880 -0.018337 -0.000835
-0.003688 0.001258 0.001870
0.014591 -0.010760 0.000745
-0.000311 0.010619 0.010091
-0.009426 0.001366 0.000184
-0.001655 0.019011 0.001029
0.011659 0.008133 -0.003283
-0.000266 0.017960 -0.008842
-0.009469 0.000673 -0.002930
-0.001125 0.002968 0.008235
-0.000401 -0.015843 -0.002251
-0.001472 -0.010552 -0.001042
-0.011769 -0.006196 -0.001698
0.011777 -0.005920 -0.000891
-0.009453 -0.005138 -0.004218
0.005650 -0.017117 0.003987
0.003409 -0.019567 -0.000934
-0.001464 0.001737 0.001245
0.016421 -0.013237 0.002949
-0.000484 0.009772 0.017357
-0.009598 0.002218 0.000020
-0.001403 0.020079 -0.000453
0.011988 0.007402 -0.002361
-0.001921 0.015592 -0.005456
-0.010183 0.000067 -0.002293
-0.000022 0.002767 0.004573
-0.001278 -0.015907 -0.002396
-0.002527 -0.010011 -0.001519
-0.016503 -0.008678 -0.005556
0.012151 -0.007777 0.000640
-0.007466 -0.002400 -0.003393
0.001072 -0.015414 0.003656
0.003352 -0.021855 -0.001217
-0.004064 0.003145 0.002242
0.013438 -0.011996 0.002689
0.000485 -0.007035 -0.008016
-0.004452 -0.004639 -0.000770
-0.037247 0.004098 -0.041489
0.012278 0.005563 -0.004062
-0.001987 0.017034 -0.006596
0.028169 -0.011417 0.039919
-0.002329 0.003662 0.003847
0.063807 -0.082910 -0.001905
-0.001173 -0.021813 -0.000969
-0.016399 -0.007518 0.001197
0.010680 0.593610 -0.001953
-0.007698 -0.003954 -0.003416
0.005488 -0.006867 0.003633
0.003702 -0.021117 -0.000992
-0.004215 0.002508 0.001014
0.002978 -0.028015 0.002215
-0.001331 0.011170 0.013217
-0.009304 0.001444 -0.000595
-0.001611 0.018832 0.000382
-0.024572 -0.004737 0.038898
-0.002235 0.016054 -0.005268
-0.008876 0.001403 -0.002225
-0.000845 0.003465 0.002965
-0.000199 -0.016191 -0.002566
-0.003411 -0.010346 -0.001257
-0.010630 -0.016939 -0.002045
0.010878 -0.005862 0.001142
-0.010255 -0.003145 -0.006070
0.006435 -0.014030 0.008707
0.004819 -0.019158 -0.000966
-0.004127 0.000080 0.001659
0.015703 -0.010727 0.003840
0.000272 0.003100 -0.005901
0.007313 0.008911 -0.002924
-0.009912 0.009446 0.001936
0.006948 0.022646 -0.001412
0.000254 -0.003166 0.000251
0.001926 0.003717 -0.009778
-0.007800 0.001247 0.000668
0.004115 0.006426 0.000290
-0.000712 0.006761 -0.002585
0.018461 -0.009278 0.003241
-0.008145 0.010720 0.002034
-0.005521 -0.002283 -0.000441
0.011307 -0.005985 -0.000370
-0.003171 -0.005170 0.004391
0.010053 -0.021509 0.001888
-0.030419 -0.032104 0.001631
-0.000323 0.002768 -0.005531
0.007364 0.009675 -0.004419
-0.010397 0.009838 0.003390
0.009143 0.017521 -0.004654
0.000492 -0.001365 0.001171
0.001702 0.003911 -0.009977
-0.006030 0.000847 -0.001742
0.002524 0.004154 0.000241
-0.001301 0.009183 0.000390
0.018462 -0.011837 0.002794
-0.011165 0.012466 0.001923
-0.004480 -0.001096 -0.000250
0.010099 -0.005254 0.000250
-0.003469 -0.006220 0.004164
0.010849 -0.009672 0.002476
-0.016854 -0.011881 -0.004180
0.001151 0.005446 -0.007595
0.007929 -0.066951 -0.075388
-0.010323 0.011139 0.001886
0.006719 0.024915 -0.004697
0.000718 -0.002753 0.000781
0.001913 0.003955 -0.009016
0.001942 0.000804 0.012312
0.002884 0.005315 -0.000395
0.002506 0.002345 0.001265
0.018112 -0.011777 0.003240
-0.010734 0.011683 0.001769
-0.001244 -0.009704 0.000721
0.003669 -0.044493 0.000564
-0.003446 -0.003239 0.004401
0.010645 -0.009675 0.001678
-0.017101 -0.011638 0.004173
-0.003619 -0.002702 -0.003351
0.006912 0.006833 -0.002284
-0.010399 0.011289 0.002535
0.007176 0.023447 -0.001325
0.000695 -0.001867 0.001175
0.001608 0.003811 -0.014768
-0.008992 -0.002468 0.001590
0.002929 0.004821 -0.000137
-0.000539 0.009100 -0.001663
0.019201 -0.011442 0.005757
-0.008671 0.012522 0.002709
-0.007009 -0.005385 -0.006175
0.011470 -0.002800 0.000313
-0.002899 -0.005336 0.004494
0.009284 -0.009737 0.002582
-0.016531 -0.011486 0.000852
-0.000793 0.004049 -0.004620
0.007723 0.007664 -0.002540
-0.011113 0.009872 0.003813
0.009931 0.023457 -0.001405
0.000088 -0.002480 -0.000655
-0.000185 0.004413 -0.009740
-0.008239 -0.002258 0.000600
0.004277 0.005827 -0.001101
0.002209 0.007950 -0.001897
0.018051 -0.012192 0.002774
-0.008940 0.009798 0.002120
-0.006386 -0.000633 0.000474
0.010800 -0.005977 -0.000006
-0.004004 -0.005724 0.004043
0.010507 -0.010482 0.002854
-0.019657 -0.012570 0.001501
-0.002514 0.005967 -0.003101
0.008895 0.009104 -0.002933
-0.010226 0.011334 0.001230
0.006231 0.022812 -0.002952
-0.002150 0.000167 -0.003133
0.000732 0.004835 -0.010893
-0.009113 -0.000959 0.001655
0.002951 0.006515 0.001885
-0.001205 0.008168 -0.001109
0.017967 -0.011177 0.003691
-0.010545 0.007702 0.003255
-0.003984 0.000147 -0.000475
0.010665 -0.005580 0.001382
-0.002745 -0.005174 0.005041
0.010432 -0.009818 0.002283
-0.017083 -0.013014 0.001750
-0.010714 0.005916 -0.015008
0.008299 0.009247 -0.001720
0.023286 -0.009712 -0.038931
0.007224 0.023757 -0.005432
-0.010197 0.001155 0.010783
0.002353 0.004776 -0.009382
-0.004452 -0.008598 0.000712
0.002532 -0.075886 0.075871
-0.000256 0.007533 0.002044
-0.034514 -0.058599 0.003958
-0.032487 0.006844 0.001341
-0.005802 -0.010479 -0.000009
0.010937 -0.005304 -0.000164
-0.005903 -0.046962 0.005420
0.009884 -0.020478 0.002767
-0.008586 -0.024553 0.000357
0.000395 0.004425 -0.006915
0.006896 0.008298 -0.002377
-0.009531 0.011442 0.001736
0.006504 0.024355 -0.002119
-0.003429 -0.008730 -0.002599
0.001645 -0.011001 0.008997
-0.007959 -0.002194 0.000573
0.002587 0.005998 0.000317
-0.000338 0.008105 -0.002193
0.019111 -0.011222 0.000761
-0.008111 0.011525 0.001252
-0.008314 -0.004265 0.006809
0.011354 -0.005743 -0.000101
-0.002990 -0.006246 0.004825
0.009166 -0.009863 0.001829
-0.016512 -0.012231 0.001373
