0.030006 0.031577 0.000372
-0.025509 -0.006163 0.012781
0.000739 0.004575 -0.000805
-0.000318 -0.002109 -0.000045
-0.000739 0.004575 -0.000805
0.000318 -0.002109 -0.000045
-0.030006 0.031577 0.000372
0.025509 -0.006163 0.012781
0.019968 0.035558 0.001784
0.000343 0.003637 0.002838
0.000000 0.005378 -0.001407
0.000000 -0.000661 0.003185
-0.019968 0.035558 0.001784
-0.000343 0.003637 0.002838
0.000000 0.006265 -0.001438
0.000000 -0.003953 -0.004559
0.001081 0.026344 0.001081
0.000477 0.004662 0.002502
-0.001081 0.026344 0.001081
-0.000477 0.004662 0.002502
-0.000915 0.004197 -0.000790
-0.001268 0.002804 -0.000594
0.000915 0.004197 -0.000790
0.001268 0.002804 -0.000594
-0.000000 -0.415851 -0.384943
0.000000 0.087199 0.078391
-0.015074 0.003220 -0.000005
-0.015155 0.002036 0.011873
0.000000 0.000996 0.001806
0.000000 -0.002038 -0.001368
0.015074 0.003220 -0.000005
0.015155 0.002036 0.011873
0.000419 0.001807 -0.002252
0.063412 0.045975 0.073075
-0.000791 -0.000755 0.002614
0.000989 0.001609 0.003346
0.000791 -0.000755 0.002614
-0.000989 0.001609 0.003346
-0.000419 0.001807 -0.002252
-0.063412 0.045975 0.073075
0.000193 -0.000591 0.002126
0.004521 0.003048 0.001116
0.000000 0.001512 0.000918
0.000000 -0.000780 0.002412
-0.000193 -0.000591 0.002126
-0.004521 0.003048 0.001116
0.000000 0.001818 0.001409
0.000000 0.019228 0.018118
-0.001148 -0.000714 -0.004471
0.003350 0.002875 -0.000259
0.001148 -0.000714 -0.004471
-0.003350 0.002875 -0.000259
0.001184 -0.000923 0.002430
-0.002739 0.001996 -0.002003
-0.001184 -0.000923 0.002430
0.002739 0.001996 -0.002003
0.000000 -0.000336 0.028336
0.000000 -0.001988 -0.009873
0.001710 -0.002052 -0.001027
0.003781 -0.009296 0.000574
0.000000 0.000204 0.001742
0.000000 -0.000351 -0.000620
-0.001710 -0.002052 -0.001027
-0.003781 -0.009296 0.000574
0.000363 -0.001778 -0.004025
0.000023 0.000125 -0.001119
0.001252 0.000290 0.000656
0.000648 -0.000343 -0.000283
-0.001252 0.000290 0.000656
-0.000648 -0.000343 -0.000283
-0.000363 -0.001778 -0.004025
-0.000023 0.000125 -0.001119
-0.000156 0.000135 0.000720
-0.000055 -0.000933 -0.000750
0.000000 -0.000653 0.003339
-0.000000 0.001092 -0.003189
0.000156 0.000135 0.000720
0.000055 -0.000933 -0.000750
0.000000 -0.001415 0.002677
0.000000 0.000485 0.014628
0.002046 0.000765 -0.001331
-0.000546 -0.000055 0.000016
-0.002046 0.000765 -0.001331
0.000546 -0.000055 0.000016
-0.001636 0.000697 0.000955
-0.000342 0.000476 0.000596
0.001636 0.000697 0.000955
0.000342 0.000476 0.000596
0.000000 -0.000109 0.027433
0.000000 0.000517 -0.002130
-0.001808 0.000164 -0.003640
-0.001229 -0.000935 0.013915
0.000000 -0.000301 0.001225
0.000000 -0.000106 -0.000036
0.001808 0.000164 -0.003640
0.001229 -0.000935 0.013915
