2176.0000 0.05 1
1.875
3.75
6.25
6.25
7.5
16.25
8.75
7.5
16.25
16.25
14.375
16.25
25
16.25
6.25
31.25
23.125
18.125
28.75
10
10
13.125
10
10
16.25
20
25
30
37.5
19.375
25
26.25
13.75
26.875
21.875
28.125
21.25
40
45.625
30.625
38.75
53.75
48.75
45.625
41.875
66.25
55.625
49.375
85.625
91.25
98.75
125.625
136.25
135
138.125
154.375
180
153.125
157.5
200
179.375
173.125
232.5
253.125
267.5
236.875
237.5
278.125
293.125
311.25
298.125
318.125
304.375
310.625
323.125
338.125
340
363.75
316.875
353.125
371.875
365
327.5
361.875
335.625
379.375
311.875
296.25
304.375
285
272.5
255.625
230.625
250
253.75
296.875
205.625
252.5
312.5
293.75
316.25
307.5
311.25
298.125
252.5
291.875
309.375
297.5
325
275.625
280.625
301.875
273.75
318.75
293.75
314.375
248.125
300.625
351.875
318.125
315
318.125
324.375
362.5
343.125
380
401.25
379.375
389.375
395.625
395.625
429.375
450.625
469.375
453.75
441.875
453.125
436.25
447.5
418.75
406.25
428.125
381.875
356.875
319.375
352.5
328.75
308.125
314.375
332.5
306.25
275.625
215
257.5
247.5
304.375
278.75
247.5
272.5
225
318.75
288.75
328.125
302.5
301.875
291.25
285
295.625
351.875
290
320.625
355
373.125
355
259.375
290.625
211.875
289.375
345
266.875
265.625
266.25
258.125
236.25
245
249.375
263.125
328.75
236.875
228.125
238.75
224.375
178.125
251.25
254.375
281.875
254.375
308.125
251.25
266.25
255
205.625
206.25
267.5
255.625
326.25
343.125
343.75
356.25
272.5
368.75
293.125
513.75
535.625
510.625
424.375
363.125
263.75
233.125
201.25
171.25
117.5
57.5
35
11.875
3.75
1.25
3.75
1.25
0
0
0
0
0
0
0
0
0
0
2.5
0
