0.011446 0.004438 0.000096
-0.005591 -0.002604 0.001311
0.008861 0.004817 0.000674
0.002086 0.000128 -0.004460
0.008417 0.001526 -0.002566
-0.004141 -0.006909 -0.000372
-0.004481 0.000268 -0.004920
-0.005231 0.005557 0.000346
-0.026468 -0.019137 -0.007643
0.005250 -0.003951 -0.002586
-0.002837 -0.001633 0.004390
-0.006902 -0.000701 0.003186
-0.001138 -0.005010 0.011151
-0.004860 -0.012121 -0.012823
0.004029 0.003823 -0.003182
0.002758 -0.000702 0.002430
0.010660 0.003160 0.001928
-0.000456 -0.012310 -0.003803
0.010609 0.004738 0.000072
0.001834 0.000981 -0.003408
0.008036 0.003282 -0.000893
-0.004550 -0.009730 -0.004676
-0.003511 -0.001928 -0.005699
-0.006029 0.005895 0.000050
-0.008978 -0.000248 -0.007638
0.005429 -0.001781 -0.002700
-0.002874 -0.002314 0.004735
-0.005771 -0.002432 0.001299
-0.001524 -0.005917 0.009532
-0.005695 0.001262 -0.000538
0.004138 0.001646 -0.004965
0.003020 -0.000737 0.001621
0.007888 -0.048894 -0.062266
-0.005581 -0.000470 0.001156
0.012111 0.004861 -0.000689
0.002603 0.000165 -0.003580
0.008263 0.003534 -0.002792
-0.002604 -0.003356 -0.000236
-0.004657 0.003390 -0.004925
-0.005496 0.006616 0.000328
0.008552 -0.017878 -0.007970
0.009326 0.584973 -0.009824
-0.003222 -0.002671 0.004461
-0.003451 -0.043433 0.051890
-0.002359 -0.005182 0.007889
-0.006494 -0.011336 0.011432
0.008560 -0.005471 -0.000457
0.002878 -0.001786 0.001176
0.011593 -0.002300 -0.002478
-0.005413 -0.001989 0.001104
0.011085 0.003519 -0.000161
0.002124 0.001470 -0.003961
0.008493 0.002146 -0.002812
-0.000128 -0.002900 -0.000731
-0.004625 -0.001341 -0.004698
-0.005252 0.005884 0.000455
-0.008940 -0.000031 -0.007713
0.005372 0.008180 -0.001395
-0.002146 -0.001452 0.003931
-0.006730 -0.009434 0.008306
-0.006598 -0.015933 0.013867
-0.004393 -0.011226 0.010033
0.002556 0.003936 -0.006923
-0.001852 -0.007481 -0.002510
0.010257 0.002679 0.002291
-0.010250 -0.010916 0.005571
0.010472 0.003616 0.000131
0.002686 -0.005710 0.002145
0.009325 0.003067 -0.004405
0.000465 -0.001050 -0.001920
-0.005623 -0.002112 -0.004004
-0.005874 0.005467 -0.000014
-0.008510 -0.000465 -0.007854
0.004982 -0.001713 -0.002067
-0.002501 -0.002838 0.004502
-0.005957 -0.001745 0.001545
-0.001534 -0.005644 0.009325
-0.005633 -0.000628 -0.000584
0.003480 0.001820 -0.005236
0.002755 -0.001798 0.000993
0.010693 0.001898 0.002296
-0.006143 -0.000300 -0.000131
0.010528 0.004027 -0.001697
0.001456 -0.051445 0.059190
0.012825 -0.008024 0.002192
-0.006058 -0.009419 0.002926
-0.002936 -0.002061 -0.003987
0.047853 -0.033393 0.000846
-0.008610 -0.000231 -0.007580
0.004996 -0.001679 -0.002021
-0.050345 -0.042010 0.001826
-0.006114 -0.002810 0.001687
-0.001372 -0.004465 0.009276
-0.005540 0.000346 -0.000812
0.005108 0.001695 -0.005829
-0.001881 -0.006722 -0.000989
0.010564 0.002334 0.001692
-0.005472 -0.002144 0.000909
0.010023 0.003487 0.000109
0.001893 0.000918 -0.004293
0.008460 0.001799 -0.002717
0.000029 -0.002904 -0.000170
-0.004780 -0.002426 -0.004960
-0.005665 0.006549 0.000118
-0.008505 0.000165 -0.007772
0.005136 -0.002204 -0.002513
-0.003095 -0.002381 0.004285
-0.006789 -0.002328 0.003452
0.002950 -0.015113 0.005268
-0.006462 -0.017437 -0.017038
0.008559 -0.005202 -0.009365
0.001292 0.000759 0.002745
0.010965 0.002450 0.001808
-0.005006 -0.000425 0.002403
0.009399 0.004277 -0.000241
0.002698 0.002633 -0.002981
0.003917 -0.007233 -0.006814
-0.000875 -0.000577 0.000849
-0.005627 -0.001971 -0.005517
-0.004357 0.008306 -0.000056
-0.008582 -0.000211 -0.007857
0.005476 -0.001852 -0.002640
-0.004329 0.000306 0.005073
-0.006023 -0.002723 0.001166
-0.001700 -0.005883 0.009396
-0.005762 0.009503 -0.000323
0.007162 -0.001489 -0.005275
0.000745 0.000728 0.001675
-0.012841 -0.001961 0.002922
0.008004 -0.006574 0.001888
-0.002984 0.004459 0.003002
-0.004934 0.003849 0.002140
-0.003549 0.009064 -0.000990
0.005997 -0.001049 -0.000372
0.005432 -0.000849 -0.004357
0.003855 0.002384 0.001264
0.009840 0.005313 0.001766
-0.000822 -0.003396 -0.006139
0.001815 0.003598 0.005192
-0.024258 -0.001809 -0.005920
0.004877 0.006317 0.012464
-0.005570 -0.017524 -0.013917
0.017798 -0.030577 0.000428
-0.006123 0.000151 0.007690
-0.011995 -0.002537 0.002964
0.007694 -0.008035 -0.004121
-0.002965 0.000698 0.002320
-0.004640 0.004808 0.001357
-0.003724 0.006116 -0.002096
0.006030 -0.000991 -0.001171
0.004287 0.000580 -0.004693
0.002508 0.001295 0.001042
0.010015 0.004928 0.001718
-0.002155 -0.004563 -0.005595
0.002282 0.002272 0.005304
-0.026435 -0.009540 -0.000620
0.003196 0.004950 0.011730
-0.000325 -0.007998 -0.009887
0.017967 0.000143 0.000268
-0.006089 0.000093 0.007311
-0.012576 -0.002712 0.002650
0.004513 -0.002760 0.001260
-0.002843 0.008615 0.002009
-0.004310 0.004853 0.001476
-0.047175 -0.027838 -0.001517
0.006212 -0.001545 0.000194
0.003464 -0.000701 -0.004464
0.007679 -0.004928 -0.004117
0.011983 0.004995 0.003704
0.033558 -0.035210 -0.007159
0.002741 0.003197 0.005482
-0.025580 -0.008350 -0.002453
-0.000732 -0.000214 0.015972
0.003721 -0.016976 -0.005006
0.018646 -0.027197 -0.001255
-0.008153 -0.002163 0.008605
-0.012595 -0.002474 0.002682
0.003685 -0.001496 0.001272
-0.002684 0.004969 0.003094
-0.003033 0.006761 0.000589
-0.002730 0.005704 -0.001479
0.006159 -0.001089 0.000031
0.004079 -0.001365 -0.004085
0.002709 0.000279 -0.000287
0.009962 0.004838 0.001901
-0.001784 -0.006618 -0.006323
0.001270 0.002942 0.006214
-0.022304 -0.003878 -0.005376
0.005227 0.006646 0.009840
0.000014 -0.007168 -0.010857
0.017744 -0.000413 -0.000586
-0.006119 -0.000303 0.007684
-0.013345 -0.002406 0.002795
0.002720 -0.000692 0.000748
-0.002719 0.000792 0.002418
-0.004515 0.003865 0.002665
-0.002045 0.007802 -0.002382
0.005335 -0.007473 -0.006663
0.004442 -0.001237 -0.004452
0.002996 0.000685 -0.000243
0.009628 0.004990 0.001918
-0.000906 -0.005682 -0.005635
0.002200 0.003234 0.005414
-0.023150 -0.002138 -0.006588
0.003231 0.005848 0.011474
-0.000670 -0.008100 -0.009492
0.017856 0.001642 0.000086
-0.005727 -0.000128 0.008000
0.002115 -0.017185 0.002038
0.007911 -0.008039 0.005088
-0.002791 0.000499 0.002295
-0.000066 -0.001346 0.004908
-0.003409 0.005976 -0.001307
0.005949 -0.025720 -0.033920
0.003461 -0.002228 -0.006375
0.006393 -0.003859 -0.003104
0.008375 0.005752 0.001464
-0.002361 -0.004981 -0.006326
0.002633 0.011254 0.005429
-0.022469 -0.002972 -0.006209
0.002505 0.004187 0.011820
-0.000600 -0.006156 -0.009534
0.017889 0.000162 0.000212
-0.004541 0.000268 0.007134
-0.012749 -0.002211 0.002938
0.003938 -0.002294 0.001317
-0.002725 0.007368 0.004033
0.000365 -0.001481 0.006304
-0.002607 0.006696 -0.001361
0.006021 -0.000322 -0.000263
0.004467 -0.001039 -0.004673
0.003610 0.001272 0.000087
0.009758 0.006439 0.001899
-0.001312 -0.005477 -0.006309
0.002641 0.003151 0.005076
-0.021844 -0.002966 -0.006415
-0.000229 0.000155 0.007570
-0.000558 -0.007400 -0.008398
0.017727 -0.000889 -0.000488
-0.005880 0.001609 0.007851
-0.027578 -0.016544 0.003517
0.003238 -0.000570 0.002526
-0.002611 0.000437 0.002229
-0.002680 0.006400 0.002004
-0.002328 0.007301 -0.001416
0.005864 0.000849 -0.002400
0.004350 -0.001185 -0.004492
0.004936 0.002300 0.000177
0.010760 0.006160 0.002137
-0.001139 -0.005853 -0.006386
0.002120 0.005463 0.005510
-0.021947 -0.004288 -0.005462
-0.000416 0.001201 0.010912
0.000463 -0.007622 -0.009924
0.017626 0.001535 -0.000015
-0.006783 0.000566 0.007761
