0.016496 0.007100 0.012481
-0.005669 -0.001455 0.001542
0.010660 0.003898 0.000310
0.001949 0.000611 -0.002673
0.008463 0.002733 -0.002611
-0.001252 -0.003164 -0.000404
-0.004235 -0.003593 -0.005475
-0.005244 0.005181 -0.000988
-0.009075 0.000616 -0.007353
0.004265 -0.002800 -0.004504
-0.003417 -0.001413 0.003517
-0.006364 -0.003636 0.002023
-0.001897 -0.005419 0.009678
-0.006037 0.000379 -0.000643
0.005062 0.000538 -0.005771
0.002747 -0.002057 -0.000188
0.010928 0.002170 0.001986
-0.005174 -0.001392 0.001870
0.010801 0.003280 -0.006009
0.001883 0.000835 -0.004354
0.008484 0.002668 -0.001921
-0.000942 -0.002963 -0.001062
-0.003384 -0.002164 -0.005145
-0.004678 0.004726 -0.000555
-0.009752 0.001397 -0.008584
0.004720 -0.001064 -0.002822
-0.007043 -0.003977 0.009477
-0.005987 -0.002510 0.003021
-0.001753 -0.004789 0.010636
-0.006919 -0.000251 -0.001737
0.004842 -0.000451 -0.005809
0.003618 -0.002250 -0.000130
0.010108 0.003634 0.000873
-0.005609 -0.001343 0.001445
0.009740 0.004112 0.000548
0.003906 0.000731 -0.004297
0.008920 0.002156 -0.002763
-0.000009 -0.003660 -0.001768
-0.004430 -0.000384 -0.005579
-0.010426 0.008116 0.005653
-0.007387 0.000538 -0.010809
0.004116 0.000419 -0.004395
-0.008444 -0.004459 0.009656
-0.001123 -0.007092 0.014673
-0.025809 -0.002062 -0.530150
0.054302 0.000236 0.056160
0.010427 0.003773 0.001166
0.003752 -0.004973 0.000224
0.006613 -0.000709 0.009868
-0.004984 -0.001784 0.001127
0.010726 0.003996 0.000343
0.002381 0.000156 -0.002644
0.008345 0.002035 -0.002396
-0.001418 -0.002640 -0.001493
-0.006913 -0.006365 -0.000493
-0.004709 0.005693 0.000309
-0.009256 0.000720 -0.007579
0.008048 -0.005020 0.002811
-0.002984 -0.002309 0.004521
-0.005965 -0.001219 0.001904
-0.001574 -0.005382 0.001390
-0.006467 0.000290 -0.000159
0.004363 0.000915 -0.005564
0.002358 -0.001755 0.001868
0.010836 0.002588 -0.000003
0.006011 -0.002024 0.013421
0.010598 0.004855 -0.005819
0.000781 0.000145 -0.002449
0.010591 0.002603 -0.009899
0.004007 -0.006218 0.005430
-0.004603 -0.001829 -0.005466
-0.008657 0.007121 0.004849
-0.009873 -0.000316 -0.008698
0.006104 -0.000930 -0.002314
-0.002934 -0.001618 0.003537
-0.006232 -0.002719 0.001064
-0.001696 -0.005772 0.010624
-0.007075 0.001268 -0.001753
0.009097 0.004813 -0.000035
0.002530 -0.001947 0.001350
0.010536 0.001933 0.001733
-0.005881 -0.001596 0.001789
0.010517 0.003982 -0.000386
0.002190 0.000488 -0.002230
0.008363 0.002635 -0.003551
-0.001787 -0.002542 -0.001094
-0.003907 -0.002096 -0.005404
-0.004592 0.005777 0.000500
-0.008841 0.000912 -0.007667
0.004357 -0.000984 -0.003039
-0.004716 -0.001343 0.002092
-0.006087 -0.002243 0.002916
-0.001836 -0.005868 0.010506
-0.005597 0.000327 -0.000254
0.003939 0.000936 -0.005521
0.000531 -0.001210 -0.000166
0.010990 0.000807 0.000771
-0.004969 -0.000916 0.001564
0.010210 0.004161 0.001092
0.000505 0.000169 -0.004210
0.008095 0.003127 -0.002575
0.004054 -0.007038 0.005410
-0.006977 0.002785 -0.000370
-0.006415 0.005316 -0.001441
0.028079 0.000808 0.023688
0.008047 0.003333 0.003030
-0.004703 -0.001447 0.002623
-0.011651 0.001523 0.012195
-0.001719 -0.005414 0.012100
-0.004081 0.000430 -0.003189
0.006435 0.000081 -0.006779
0.002802 -0.001660 0.000981
0.010673 0.002506 0.002297
-0.021366 -0.000914 0.018210
0.009320 0.004577 -0.001883
0.002642 0.000565 -0.003094
0.008547 0.002561 -0.005979
-0.001117 -0.001868 -0.002529
-0.008127 -0.002537 -0.000301
-0.006426 0.004448 -0.002168
-0.008815 0.000561 -0.007577
0.009423 -0.001263 0.002433
-0.003008 -0.002427 0.004755
-0.006312 -0.002585 0.003227
-0.001864 -0.004844 0.010621
-0.005723 0.000410 -0.000095
0.004942 0.001285 -0.006904
0.002620 -0.001338 0.001438
-0.010726 0.003655 0.007478
0.004500 -0.004063 0.000454
-0.004819 0.005179 0.007004
-0.004226 0.004330 0.001362
-0.003367 0.005761 -0.004690
0.006074 -0.001243 -0.000660
0.004717 -0.000612 -0.003293
0.002957 -0.000553 -0.000916
0.009972 0.025694 0.022346
-0.000970 -0.005101 -0.005081
0.002779 0.002990 0.005341
-0.022493 -0.004088 -0.004776
0.002879 0.003372 0.011992
-0.000816 -0.007560 -0.009881
0.018533 0.000849 0.000243
-0.005143 0.001484 0.007207
-0.014072 -0.001564 0.002763
0.004603 -0.001361 0.001921
-0.001713 0.001130 0.001784
-0.004348 0.003906 0.002763
-0.003496 0.006851 -0.002136
0.004668 -0.000913 0.001830
0.004653 -0.001376 -0.003896
0.003258 0.000143 -0.000234
0.009290 0.005454 0.001481
-0.000804 -0.006815 -0.006865
0.002861 0.002689 0.004748
-0.022307 -0.003208 -0.005646
0.002374 0.005766 0.011090
-0.000679 -0.007755 -0.008738
0.018807 0.000943 -0.000931
-0.006047 0.000416 0.008705
-0.010300 -0.006891 0.007558
0.005093 -0.003157 0.001705
-0.005148 -0.003249 0.007171
-0.003261 0.006267 0.004737
-0.003533 0.005242 -0.000982
0.007278 -0.001299 -0.001466
-0.013888 -0.001178 0.015565
-0.001203 -0.005097 0.010027
0.009777 -0.014858 0.022211
-0.000804 -0.005113 -0.009675
-0.032916 0.003145 0.031539
-0.022771 -0.004132 -0.003641
0.002236 -0.035165 0.046391
-0.001585 -0.007579 0.020120
0.015776 0.000681 -0.002141
-0.005391 -0.000758 0.007199
-0.012583 0.000291 0.001353
0.004693 -0.003696 0.000773
-0.001571 0.002253 0.000525
-0.004535 0.003825 0.003697
-0.004834 -0.018357 0.019604
0.006166 -0.000763 -0.000659
0.004457 -0.000768 -0.002933
0.002643 0.001080 -0.001062
0.009908 -0.014939 0.022048
-0.000905 -0.004851 -0.005663
0.003255 0.002844 0.006140
-0.022213 -0.004100 -0.005097
0.003158 0.004726 0.011958
-0.000589 -0.007450 -0.010206
0.018406 0.000913 0.000047
-0.006445 0.000168 0.007553
-0.011844 -0.001378 0.002798
0.004579 0.026890 0.025724
-0.003765 0.001283 0.002265
-0.003510 0.004274 0.002103
-0.003901 0.007140 -0.001558
0.005648 -0.001482 -0.002074
0.004634 -0.000071 -0.004316
0.002930 0.000118 -0.001552
0.009735 0.005863 0.003230
-0.001381 -0.006818 -0.006610
0.003246 0.003362 0.004927
-0.026604 0.000549 0.004269
0.002562 0.005531 0.011264
-0.000753 -0.007234 -0.008855
0.019071 0.000404 -0.000858
-0.005082 0.000238 0.002189
-0.013957 -0.001836 0.002550
0.004813 -0.002341 0.001470
-0.001819 0.000908 0.001668
-0.004385 0.003410 0.002680
-0.003477 0.007256 -0.002397
0.006027 -0.001171 -0.001284
0.004294 -0.000970 -0.003480
0.002981 0.000031 0.000214
0.009753 0.005397 0.002929
-0.000870 -0.007196 -0.006931
0.002420 0.002950 0.005493
-0.022968 -0.004743 -0.005697
0.002077 0.005915 0.011132
-0.000641 -0.007574 -0.010697
0.018180 0.000610 0.000221
-0.005722 0.000305 0.007099
-0.012468 -0.003091 0.001475
0.005113 -0.003132 0.001006
-0.001862 -0.000229 0.000526
-0.004181 0.003645 0.002134
-0.003501 0.005391 -0.001134
0.004574 -0.000757 -0.001162
0.018855 -0.000456 0.010730
0.007293 0.004754 0.009451
0.010032 0.025868 0.022001
-0.002846 0.027112 0.023383
0.000674 0.002887 0.002776
-0.022866 -0.003945 -0.006248
0.002177 0.003812 0.008269
-0.002081 -0.007796 0.017744
-0.014741 0.000607 0.030640
-0.006220 0.000612 0.007407
-0.006509 -0.000895 0.010209
0.004754 -0.002125 -0.002129
-0.002836 0.001495 0.003628
-0.006047 0.003621 0.001912
-0.003192 0.007053 -0.000869
0.005947 -0.000908 0.000050
0.004461 -0.000682 -0.003388
0.002910 0.000304 0.000647
0.007951 0.005738 -0.009238
-0.000670 -0.006704 -0.005631
0.002704 0.003022 0.005706
-0.018839 -0.008359 0.004254
0.003278 0.005290 0.012082
0.000281 -0.006952 -0.011258
0.017999 0.000903 0.000021
-0.005169 0.000385 0.006271
