2176.0000 0.05 1
1.875
3.75
6.25
6.25
7.5
16.25
8.75
7.5
17.5
15
14.375
16.25
25
16.25
6.25
31.25
23.125
18.125
28.75
10
10
13.125
10
10
16.25
20
25
30
37.5
19.375
23.75
27.5
13.75
26.875
20.625
29.375
21.25
42.5
43.125
30.625
37.5
56.25
47.5
45.625
41.875
67.5
54.375
49.375
84.375
92.5
97.5
124.375
138.75
135
138.125
154.375
180.625
151.25
158.75
201.25
176.25
174.375
233.125
252.5
268.125
237.5
234.375
280.625
293.125
311.25
296.875
320
301.875
310.625
325.625
338.75
340.625
360.625
317.5
356.25
369.375
368.125
328.125
359.375
333.75
380.625
312.5
295
301.875
287.5
273.75
255.625
232.5
248.125
252.5
296.875
207.5
251.875
311.875
293.75
316.25
311.25
311.875
295.625
250.625
292.5
311.875
293.75
330.625
273.125
278.75
301.875
272.5
323.75
288.75
315.625
248.75
300
353.125
315
318.125
315
325
363.75
343.125
381.875
401.25
376.25
391.875
391.25
397.5
430.625
449.375
471.875
452.5
440.625
453.75
438.125
450
415
406.875
426.25
382.5
358.75
316.875
352.5
328.75
310
319.375
325.625
305
276.875
216.25
256.25
248.75
301.875
280
246.875
273.125
226.25
317.5
288.75
327.5
301.875
304.375
290.625
284.375
296.875
351.875
290
325
350.625
371.875
356.875
256.25
290.625
213.125
290.625
345.625
266.25
264.375
266.25
256.875
238.125
245.625
249.375
262.5
326.875
240
229.375
235
226.875
178.75
248.75
256.25
278.75
257.5
305.625
254.375
263.75
256.25
205.625
203.75
270
254.375
326.25
343.125
345.625
353.75
275.625
367.5
295.625
507.5
538.125
510
425.625
362.5
263.75
233.75
202.5
167.5
118.75
62.5
31.875
8.75
5.625
1.25
3.75
1.25
0
0
0
0
0
0
0
0
0
0
2.5
0
