2176.0000 0.05 1
1.11111
4.44444
11.1111
2.22222
11.1111
4.44444
13.3333
11.1111
20
11.1111
6.66667
11.1111
24.4444
23.3333
17.7778
23.3333
26.6667
18.8889
13.3333
32.2222
18.8889
8.88889
4.44444
10
14.4444
16.6667
34.4444
37.7778
25.5556
40
11.1111
26.6667
17.7778
31.1111
24.4444
32.2222
26.6667
27.7778
40
24.4444
32.2222
46.6667
36.6667
47.7778
70
55.5556
56.6667
41.1111
80
106.667
95.5556
126.667
127.778
136.667
148.889
146.667
161.111
192.222
187.778
204.444
216.667
267.778
192.222
230
234.444
286.667
237.778
278.889
253.333
263.333
291.111
298.889
317.778
337.778
318.889
350
284.444
347.778
304.444
308.889
294.444
302.222
291.111
280
312.222
273.333
248.889
285.556
291.111
298.889
314.444
316.667
323.333
303.333
340
321.111
311.111
296.667
292.222
298.889
304.444
288.889
332.222
353.333
322.222
360
375.556
354.444
355.556
352.222
338.889
293.333
253.333
215.556
175.556
162.222
188.889
241.111
266.667
331.111
350
401.111
415.556
397.778
428.889
410
452.222
400
380
358.889
342.222
371.111
347.778
398.889
378.889
377.778
386.667
430
404.444
456.667
407.778
408.889
406.667
354.444
362.222
376.667
366.667
377.778
436.667
415.556
407.778
441.111
401.111
338.889
354.444
322.222
348.889
313.333
332.222
255.556
284.444
260
263.333
266.667
242.222
224.444
278.889
208.889
242.222
218.889
230
261.111
221.111
244.444
232.222
214.444
206.667
230
174.444
207.778
174.444
200
173.333
175.556
257.778
231.111
233.333
213.333
216.667
168.889
176.667
196.667
262.222
238.889
220
275.556
242.222
222.222
262.222
347.778
342.222
317.778
301.111
332.222
307.778
333.333
380
412.222
434.444
425.556
446.667
433.333
503.333
481.111
502.222
476.667
430
353.333
308.889
224.444
117.778
13.3333
1.11111
0
0
0
0
0
0
0
0
0
0
0
0
0
0
0
0
0
0
0
2.22222
0
0
4.44444
0
2.22222
0
0
2.22222
2.22222
4.44444
2.22222
3.33333
2.22222
2.22222
4.44444
0
6.66667
2.22222
2.22222
2.22222
2.22222
2.22222
1.11111
2.22222
0
0
2.22222
0
2.22222
0
