-0.000505 0.010542 0.012387
-0.008163 0.000774 0.000268
0.008246 0.018621 0.001909
0.012036 0.007282 -0.002773
-0.002052 0.015925 -0.006418
-0.009278 0.000796 -0.002481
0.000989 0.004035 0.004441
0.000454 -0.015974 -0.001739
-0.003707 -0.010689 -0.001616
-0.013456 -0.007108 -0.001825
0.008548 -0.007158 0.000316
-0.008291 -0.006430 -0.003196
0.003485 -0.007757 0.003311
0.031204 -0.016935 -0.000999
-0.003547 0.000629 0.001511
0.012496 -0.009120 0.002268
-0.001743 0.012120 0.012423
-0.008160 0.001703 0.001231
-0.000865 0.018340 0.000653
0.009545 0.009185 -0.005416
0.000800 0.016590 -0.005477
-0.010067 0.000506 -0.003325
-0.000973 0.004106 0.005348
0.001499 -0.015717 -0.002049
-0.003921 -0.011272 -0.001258
-0.010520 -0.008781 -0.001655
0.012638 -0.007109 0.000938
-0.008110 -0.006297 -0.003333
0.004852 -0.007445 0.003655
0.003490 -0.017623 -0.001267
-0.005323 0.001087 0.001263
0.025916 -0.011143 0.002812
-0.000958 0.011435 0.012207
-0.008773 0.000768 0.000821
-0.000779 0.018999 0.000484
0.019565 0.007574 -0.003423
-0.003644 0.015504 -0.006149
-0.008682 0.000023 -0.002751
-0.000253 0.003341 0.004406
0.000193 -0.016198 -0.003098
-0.002846 -0.014462 -0.001148
-0.009934 -0.009211 -0.001830
0.021703 -0.006339 0.000684
-0.010682 -0.005943 -0.003451
0.001469 -0.006087 0.003408
0.005381 -0.018878 0.000234
0.001206 -0.008191 0.001459
0.013089 -0.011971 0.002639
-0.000133 0.011193 0.012573
-0.009481 0.000204 -0.001724
-0.002242 0.018876 0.001049
0.011183 0.008573 -0.002147
-0.003055 0.015320 -0.007060
-0.000232 0.002635 0.000363
0.061765 -0.031032 -0.074060
-0.001176 -0.017410 -0.004412
-0.004067 -0.008114 -0.001643
-0.012069 -0.005489 -0.001914
0.009551 -0.005631 0.000083
-0.004491 -0.005827 -0.002512
0.005335 -0.004388 -0.003426
0.004004 -0.021956 -0.000693
0.001986 0.011766 0.001675
0.013273 -0.011391 0.002348
0.000672 0.009808 0.011079
-0.008158 0.001855 -0.000039
-0.002449 0.019698 0.002529
0.012248 0.008660 -0.002701
-0.001463 0.016553 -0.006861
-0.011931 0.003591 -0.001315
-0.001045 0.002762 0.005363
-0.000955 -0.016884 -0.003719
-0.005382 -0.009253 -0.000485
-0.007801 -0.000163 -0.001956
0.008047 -0.007523 0.000997
-0.011502 -0.004967 -0.003253
0.006934 -0.011760 0.003848
0.003635 -0.019664 -0.000526
-0.002920 0.000554 0.001550
0.011405 -0.009346 0.003775
-0.001711 0.011109 0.012625
-0.009272 0.003319 0.003264
-0.001529 0.020337 0.000943
0.009584 0.005599 -0.003734
-0.002558 0.015622 -0.004413
-0.010280 -0.000457 -0.002964
-0.002210 0.002255 0.004835
0.001109 -0.015658 -0.001805
-0.004627 -0.012044 -0.001336
-0.011469 -0.004073 -0.001665
0.011822 -0.006925 0.000042
-0.012206 -0.007241 -0.003159
0.015110 -0.006077 0.003807
0.004608 -0.019624 -0.000850
0.001119 0.001158 -0.000560
0.013310 -0.010102 0.002611
-0.001469 0.013122 0.011188
-0.000701 0.010978 -0.017061
0.000090 0.016559 -0.002972
0.010862 0.007771 -0.002539
0.063775 -0.021289 0.074273
-0.008094 0.003916 -0.005164
0.000310 0.003823 0.004756
0.016648 0.036818 -0.000484
0.007908 -0.011077 -0.001082
-0.011753 -0.004298 -0.001963
0.021314 -0.005963 0.000677
-0.011182 -0.006526 -0.002551
0.003603 -0.008318 0.003318
0.002495 -0.017842 -0.001290
0.002562 0.001011 0.005031
0.074917 0.013659 0.002128
-0.000576 0.011170 0.011822
-0.006142 0.005652 -0.003021
-0.004405 0.017843 0.002182
0.014141 0.004406 0.000503
-0.000213 0.016388 -0.005357
-0.010616 0.000732 -0.000834
-0.001086 0.003759 0.002159
-0.001181 -0.017117 -0.001474
-0.003118 -0.006438 -0.000750
-0.000613 -0.006552 -0.001820
0.009608 -0.005631 0.000783
-0.007428 -0.007487 -0.004442
0.004437 -0.005322 0.008219
0.019340 -0.021533 -0.000709
-0.004307 0.002892 0.001145
0.013166 -0.012156 0.003482
0.000621 0.003846 -0.005279
0.006938 0.009002 -0.003036
-0.013030 0.012333 0.001607
0.006371 0.022126 -0.001023
0.000939 -0.003745 -0.001468
0.000332 0.005044 -0.009374
-0.007645 -0.002209 0.000297
0.003534 0.004288 -0.001281
-0.001142 0.006947 -0.001619
0.017285 -0.010815 0.002148
-0.007696 0.010276 0.001778
-0.005624 -0.000913 -0.000369
0.011393 -0.005290 0.000093
-0.002517 -0.005681 0.004710
0.010721 -0.010313 0.002746
-0.017657 -0.011940 0.001356
-0.002255 0.004507 -0.003308
0.008409 0.008436 -0.002965
-0.010786 0.011437 0.002211
0.007620 0.023147 -0.001411
-0.001300 -0.002071 -0.002416
0.001997 0.003143 -0.008377
-0.008400 -0.002233 0.000399
-0.000636 0.004584 -0.000448
0.000389 0.007923 -0.003115
0.017335 -0.011176 0.002915
-0.010426 0.008005 0.001832
-0.006003 -0.002213 -0.000014
0.013397 -0.006071 -0.000134
-0.001660 -0.004146 0.004785
0.004913 -0.010928 0.002067
-0.019198 -0.011414 0.001252
0.001426 -0.000782 -0.000311
0.006928 0.008299 -0.002004
-0.008352 0.008913 0.003618
0.006648 0.024542 -0.001024
0.001644 -0.007151 -0.004837
0.001278 0.003036 -0.010799
-0.006480 -0.003114 0.000299
-0.006078 0.006216 -0.000294
-0.001369 0.008856 -0.001906
0.017150 -0.011163 0.003271
-0.002732 -0.005611 0.001759
0.005948 -0.001212 -0.000072
0.011720 -0.005914 -0.000013
0.011893 0.005534 0.004273
0.010625 -0.010187 0.002283
-0.017889 -0.011034 0.000992
0.008257 -0.006304 0.011586
-0.002216 0.008120 -0.002648
-0.010923 0.010642 0.001217
0.005611 0.022999 -0.002543
-0.000032 -0.004314 0.001579
-0.000029 0.004493 -0.011197
-0.006290 0.001561 0.003486
0.001521 0.004951 -0.000704
0.052036 0.034507 0.052971
0.018499 -0.010847 0.004615
-0.004613 0.009971 0.004611
-0.003945 -0.002942 0.005543
0.026666 -0.007581 -0.000462
-0.004381 -0.005280 0.000981
0.008365 -0.009165 0.003088
-0.016829 -0.013755 0.000894
0.000983 0.001978 -0.004183
0.006763 0.008027 -0.001661
-0.010944 0.010101 0.002451
0.007558 0.022621 -0.001510
0.000630 -0.002213 0.000097
0.001041 0.004302 -0.011052
-0.007300 -0.002108 0.001667
0.003730 0.006150 0.000298
-0.000910 0.006823 -0.002868
0.017829 -0.010681 0.004035
-0.006662 0.009914 0.001787
-0.006211 -0.000554 0.000178
0.011261 -0.004722 -0.000277
-0.002254 -0.005677 0.004115
0.005216 -0.009625 0.001862
-0.002237 -0.012419 0.001629
-0.000036 0.003192 -0.004770
0.006981 0.006863 -0.001779
-0.011309 0.009922 0.002492
0.008360 0.023003 -0.001662
0.000412 -0.002324 -0.000642
0.001482 0.004997 -0.009493
-0.009182 -0.000377 -0.002350
0.003219 0.005251 -0.000057
0.000589 0.008326 -0.001671
0.019986 -0.010716 0.003405
-0.009176 0.010446 0.002223
-0.007716 -0.002125 -0.000582
0.010465 -0.006869 0.003630
-0.004082 -0.005181 0.005093
0.010626 -0.009355 0.002295
-0.016321 -0.011935 0.001291
0.000635 0.003570 -0.005692
0.007769 0.009127 -0.002506
-0.008665 0.013052 0.005835
0.005328 0.022822 -0.001587
0.000892 -0.002792 0.000106
0.001902 0.004795 -0.010936
-0.002693 0.006953 0.017510
0.003024 0.005148 0.000482
-0.001274 0.007283 -0.002377
0.032634 -0.052532 0.002325
-0.003895 0.018710 0.001984
-0.003312 0.002350 0.000292
0.011006 -0.006784 -0.003761
-0.004684 -0.006202 0.003889
-0.574205 -0.009700 0.004109
0.022698 -0.039713 0.004075
-0.000505 0.001760 -0.007265
0.004062 0.008336 -0.003158
-0.001331 0.011590 0.000422
0.062975 0.052334 -0.060733
0.006577 -0.013147 -0.017539
0.007174 0.007613 -0.008828
-0.008963 -0.002826 0.003584
0.003184 0.006244 -0.000141
-0.001174 0.007754 -0.000802
0.018756 -0.011095 0.001470
-0.004048 0.009426 -0.001130
-0.004947 -0.002484 -0.003622
0.012767 -0.006052 -0.000137
-0.003352 -0.005540 0.007781
0.009511 -0.008207 0.001338
-0.017061 -0.014447 0.001230
