2176.0000 0.05 1
1.875
3.75
6.25
6.25
7.5
16.25
8.75
7.5
16.25
16.25
14.375
16.25
25
16.25
6.25
31.25
23.125
18.125
28.75
10
10
13.125
10
10
16.25
20
25
30
37.5
19.375
23.75
27.5
13.75
26.875
20.625
29.375
21.25
41.25
44.375
30.625
37.5
55
48.75
45.625
41.875
67.5
54.375
48.125
84.375
93.75
98.75
124.375
138.75
133.75
138.125
155.625
179.375
153.75
156.875
199.375
177.5
174.375
234.375
251.875
268.75
236.25
234.375
280.625
293.75
310
297.5
320
302.5
312.5
323.75
338.125
341.25
361.25
317.5
353.125
375
363.75
328.125
362.5
335.625
375
314.375
294.375
303.125
286.25
273.75
254.375
231.25
252.5
250.625
301.25
205
250
312.5
293.125
321.25
304.375
308.75
303.125
248.125
295
309.375
296.25
324.375
276.875
279.375
301.875
271.875
321.25
291.25
315.625
250
297.5
351.875
319.375
315.625
314.375
328.75
363.125
341.25
381.875
401.25
375
392.5
392.5
394.375
433.125
451.25
470
453.75
441.25
455
433.75
447.5
417.5
408.125
427.5
381.25
359.375
318.125
351.875
328.75
310.625
315
330.625
305
275.625
216.25
255
248.75
303.75
279.375
245.625
273.75
225
319.375
286.25
329.375
303.75
301.25
291.875
285
297.5
348.125
291.875
325
350.625
372.5
358.125
259.375
286.875
211.875
289.375
346.25
265.625
265
267.5
256.25
238.125
245
249.375
263.125
327.5
238.125
227.5
238.75
225
181.25
247.5
255
280
257.5
306.875
253.75
263.125
256.25
205.625
203.75
269.375
255
325
345.625
343.75
354.375
275.625
366.875
294.375
514.375
535.625
507.5
423.75
370
258.125
232.5
205.625
165.625
117.5
63.125
32.5
10
4.375
1.25
3.75
1.25
0
0
0
0
0
0
0
0
0
0
2.5
0
