0.011856 0.002143 0.001688
-0.006829 -0.003311 0.000272
0.010617 0.000779 -0.001389
0.002248 0.000089 -0.003282
0.007893 0.001191 -0.001543
-0.001374 -0.006729 -0.000304
-0.001218 0.002284 -0.005164
-0.005173 0.006742 0.000535
-0.014864 0.007640 -0.007307
0.002090 0.002755 -0.001949
-0.003699 -0.002693 0.004988
-0.006130 -0.001602 0.002250
-0.001626 -0.006189 0.008109
-0.005711 0.000685 -0.000335
0.005407 0.001440 -0.005018
0.002618 -0.001135 0.001449
0.011029 0.003651 0.001145
-0.006372 -0.002925 0.000715
0.010486 0.003484 0.000359
0.002207 0.001249 -0.003319
0.008891 0.002334 -0.002435
-0.000428 -0.003536 -0.000225
-0.005464 -0.003938 -0.006071
-0.004888 0.007142 0.000229
-0.011369 0.004903 -0.003251
0.006449 -0.003249 -0.003465
-0.003240 -0.001863 0.004376
-0.005538 -0.003028 0.001159
-0.001938 -0.004506 0.010028
-0.005361 0.000120 -0.000652
0.004887 0.002325 -0.005135
0.002547 -0.002791 0.000259
0.009615 0.002115 0.000620
-0.009076 0.003574 0.004893
0.011582 0.033593 -0.034941
0.000108 0.001413 -0.001096
0.004364 0.006991 -0.006309
-0.001004 -0.009466 -0.000247
-0.004286 -0.002548 -0.004305
-0.005178 0.005925 0.000082
-0.010267 0.000468 -0.008182
0.003463 -0.001003 -0.002172
-0.003110 -0.002529 0.004564
-0.006957 -0.003122 0.002730
-0.001680 -0.005531 0.008746
-0.004875 -0.000592 -0.000074
0.004565 0.000796 -0.005267
0.002690 -0.001282 0.000768
0.010446 0.002780 0.001681
-0.005344 -0.001624 0.000683
0.010476 0.004916 -0.000792
0.002168 0.001569 -0.003526
0.008510 0.002341 -0.002363
-0.000731 -0.004501 -0.000225
-0.005299 -0.002546 -0.004980
-0.005058 0.006853 0.000037
-0.007585 -0.000026 -0.007996
0.006075 -0.002295 -0.002277
-0.003474 -0.002879 0.003398
-0.006183 -0.002095 0.002762
-0.001736 -0.005292 0.008492
-0.005396 0.000673 -0.000360
0.004232 0.001801 -0.005467
0.004300 -0.002547 0.001998
0.010977 0.001197 0.000854
-0.011154 0.004858 0.004290
0.010600 0.003257 0.000929
0.002037 0.001370 -0.004021
0.009321 0.001479 -0.001687
-0.000919 -0.003275 -0.000310
-0.001522 0.002881 -0.009512
-0.005236 0.007511 0.000139
-0.007934 -0.001113 -0.006639
0.001954 0.004092 -0.006874
-0.003318 -0.003319 0.004595
-0.005931 -0.003082 0.003759
-0.001782 -0.004789 0.010069
-0.005006 0.000817 -0.000770
0.004534 0.002145 -0.005415
0.002792 -0.000957 0.000902
0.010776 0.002556 0.001371
-0.005074 -0.001466 0.001008
0.011036 0.003689 0.000956
0.001114 0.000094 -0.002942
0.007516 0.001504 -0.002554
-0.001837 -0.003181 -0.001135
-0.004739 -0.003402 -0.003723
0.014604 0.024790 0.000122
-0.011405 0.005165 -0.012872
0.005939 -0.003146 -0.001039
-0.003526 -0.006065 0.004406
-0.010663 0.007107 -0.000296
-0.001606 0.009909 0.029594
-0.034802 0.025805 -0.000889
-0.010780 0.016699 -0.005826
0.004521 -0.000173 0.002635
0.010851 0.002613 0.001305
-0.004734 -0.002433 -0.000146
0.010607 0.004654 -0.000139
0.002275 -0.000333 -0.003142
0.008939 0.001723 -0.001853
-0.000705 -0.002880 -0.000350
-0.005710 -0.002268 -0.004937
-0.005198 0.005767 0.000452
-0.007413 0.000552 -0.007999
0.006162 -0.001410 -0.002387
-0.003245 -0.002766 0.004762
-0.006986 -0.001880 0.002990
-0.001761 -0.005637 0.008900
-0.004628 -0.000359 -0.000589
0.005040 0.001363 -0.004782
0.001437 -0.002489 0.000377
0.008845 0.005478 -0.000949
-0.004787 -0.002449 0.000326
0.009486 0.004947 0.000555
0.003611 -0.000065 -0.003735
0.003830 0.007946 -0.006181
-0.001809 -0.003141 -0.000710
-0.001112 0.003245 0.000030
-0.026810 0.027152 0.000431
-0.008384 -0.000870 -0.009065
0.001921 0.004266 0.002652
-0.003622 -0.003663 0.004517
-0.000870 0.008577 0.006640
-0.001299 -0.008937 0.010885
-0.006808 -0.003067 -0.000630
0.023204 0.021281 -0.004917
0.002234 -0.002054 0.000843
-0.012417 -0.001193 0.002620
0.004248 0.000284 0.001262
-0.003023 0.000993 0.002218
-0.004265 0.004378 0.002482
-0.003117 0.007526 -0.001035
0.002037 0.007417 0.002265
0.005282 -0.002659 -0.005986
0.003093 0.001093 -0.000223
0.009664 0.006006 0.000775
0.000693 -0.017502 -0.005961
0.001777 0.003199 0.005438
-0.022590 -0.004653 -0.004798
0.003310 0.002734 0.011291
-0.000703 -0.007271 -0.008166
0.019670 0.004140 0.000024
-0.005080 -0.001208 0.008688
-0.012518 -0.000513 0.002650
0.005055 -0.000978 0.001348
-0.003621 0.001436 0.002494
-0.004223 0.003549 0.004373
-0.003657 0.005385 -0.001494
0.006012 -0.000602 -0.001066
0.003832 -0.002127 -0.006267
0.002962 -0.000451 -0.002322
0.009902 0.008952 0.005523
-0.001249 0.011683 0.011050
0.001873 0.002610 0.005189
-0.020914 -0.004415 -0.005858
0.001989 0.004447 0.010587
-0.000809 -0.006214 -0.009898
0.020733 0.005746 0.004578
-0.006346 0.000330 0.007485
-0.011247 -0.002645 0.002069
0.023830 -0.444242 0.002506
-0.003386 0.000384 0.002096
-0.004483 0.004222 0.002515
-0.002419 0.007226 -0.001371
0.010418 0.008541 -0.005926
0.009276 0.004125 -0.002346
0.002904 -0.000521 -0.000088
0.010011 0.004967 0.001417
-0.000870 -0.004909 -0.006181
0.001894 0.002112 0.005571
-0.021427 -0.001366 -0.005643
0.002440 0.005700 0.011979
-0.000490 -0.008239 -0.009487
0.019626 0.000926 -0.000047
-0.000355 0.005556 0.005922
-0.012112 -0.001209 0.003050
0.004753 -0.014035 0.001139
-0.003206 0.001386 0.002538
-0.004280 0.005547 0.002635
-0.003513 0.006728 -0.001468
0.006340 -0.001238 -0.000154
0.003984 -0.000632 -0.004374
0.003357 0.000935 -0.000748
0.009820 0.004802 0.000700
-0.000799 -0.004903 -0.006334
0.001771 0.003093 0.005602
-0.022361 -0.003279 -0.005346
0.003276 0.002829 0.011297
-0.000430 -0.008437 -0.008153
0.016498 -0.000024 -0.000163
-0.006615 0.000537 0.007488
-0.012459 -0.001600 0.002776
0.005135 -0.000940 0.000986
-0.003355 0.001224 0.002172
-0.004136 0.003715 0.001405
-0.003443 -0.000405 -0.001876
0.005760 -0.000478 -0.001600
0.003649 -0.000583 -0.004555
0.003248 -0.000561 0.000626
0.009439 0.006756 0.001997
-0.001157 0.012275 -0.024158
0.001105 0.003650 0.005517
-0.023199 -0.004404 -0.004718
0.002388 0.003858 0.012375
-0.001344 -0.003907 -0.012923
0.017204 -0.001076 0.001094
-0.006269 -0.000670 0.008939
-0.013554 -0.004975 0.002545
0.004914 -0.001016 0.000600
-0.001349 -0.001810 0.002624
-0.001346 0.012708 0.007374
-0.003691 0.007336 -0.001549
0.005876 -0.002698 -0.000876
0.008891 0.003245 -0.001482
0.006706 0.009940 -0.004349
0.009978 0.001080 0.003171
-0.001139 0.017164 -0.029417
0.016358 0.011922 0.005550
-0.022297 -0.003953 -0.005759
0.002345 0.031731 0.010413
-0.000088 0.001457 -0.024829
0.020673 0.006518 -0.004974
-0.004065 -0.001849 0.009192
-0.011047 -0.002512 0.003628
0.004588 -0.001587 0.000989
-0.003493 0.000471 0.001609
-0.004365 0.003003 0.002399
-0.003675 0.006539 -0.001590
0.006198 -0.001130 -0.002277
0.004178 -0.001609 -0.005444
0.003121 0.000417 -0.000697
0.009507 0.004871 0.001547
-0.000724 -0.006685 -0.006467
0.001903 0.002161 0.005664
-0.022591 -0.004683 -0.004666
0.002434 0.005889 0.011700
-0.000485 -0.008203 -0.009019
0.016353 0.000470 -0.000101
-0.006316 -0.000561 0.008948
-0.037282 0.015663 0.001610
0.005242 -0.000939 0.001911
0.014555 0.011538 0.002877
-0.008876 0.014351 -0.002799
-0.003387 0.002512 -0.001031
0.006320 -0.000274 -0.000599
0.005264 -0.001721 -0.004933
-0.001786 0.011340 0.004415
0.009314 0.026937 0.032302
-0.001438 0.017426 0.016532
0.002297 -0.000533 0.005946
-0.022178 -0.004072 -0.005077
0.003333 0.033024 0.013377
0.000363 -0.011831 -0.010850
0.017209 -0.001016 -0.001192
-0.001519 0.005816 0.005158
