2176.0000 0.05 1
1.11111
4.44444
11.1111
2.22222
11.1111
4.44444
13.3333
11.1111
20
11.1111
6.66667
11.1111
24.4444
23.3333
17.7778
23.3333
26.6667
18.8889
13.3333
32.2222
18.8889
8.88889
4.44444
10
14.4444
16.6667
34.4444
40
23.3333
40
11.1111
26.6667
17.7778
31.1111
24.4444
32.2222
26.6667
27.7778
40
24.4444
32.2222
46.6667
36.6667
47.7778
70
55.5556
56.6667
41.1111
80
108.889
93.3333
128.889
125.556
134.444
153.333
146.667
161.111
192.222
187.778
202.222
216.667
267.778
192.222
230
236.667
284.444
234.444
278.889
256.667
263.333
292.222
300
315.556
344.444
314.444
350
286.667
347.778
302.222
308.889
297.778
298.889
291.111
280
316.667
273.333
244.444
285.556
292.222
302.222
307.778
322.222
317.778
312.222
334.444
320
317.778
292.222
293.333
297.778
302.222
291.111
330
362.222
313.333
357.778
382.222
358.889
348.889
352.222
341.111
288.889
253.333
215.556
182.222
155.556
191.111
241.111
262.222
333.333
351.111
402.222
417.778
397.778
424.444
410
450
400
386.667
358.889
344.444
371.111
346.667
391.111
385.556
380
380
427.778
408.889
454.444
406.667
410
415.556
347.778
366.667
372.222
366.667
380
438.889
413.333
407.778
434.444
405.556
338.889
350
325.556
350
310
331.111
255.556
284.444
266.667
272.222
257.778
242.222
220
276.667
211.111
244.444
214.444
234.444
260
220
244.444
232.222
214.444
208.889
227.778
176.667
208.889
171.111
197.778
175.556
176.667
257.778
236.667
230
211.111
213.333
170
175.556
196.667
264.444
237.778
223.333
273.333
242.222
226.667
260
345.556
348.889
311.111
307.778
325.556
312.222
331.111
380
421.111
423.333
425.556
451.111
431.111
508.889
477.778
500
465.556
427.778
347.778
313.333
225.556
123.333
14.4444
1.11111
0
0
0
0
0
2.22222
0
0
0
0
0
0
0
0
0
0
0
0
0
0
0
2.22222
4.44444
0
0
2.22222
0
2.22222
2.22222
2.22222
4.44444
5.55556
0
0
4.44444
2.22222
4.44444
6.66667
0
2.22222
4.44444
1.11111
0
2.22222
0
0
2.22222
0
2.22222
0
