2176.0000 0.05 1
1.875
3.75
6.25
6.25
7.5
16.25
8.75
6.25
17.5
16.25
14.375
16.25
25
16.25
6.25
31.25
23.125
18.125
28.75
10
10
13.125
10
10
16.25
20
25
30
36.875
20
22.5
28.75
13.75
26.875
20.625
29.375
21.25
42.5
43.125
30.625
38.75
53.75
48.125
46.25
41.875
67.5
54.375
48.125
84.375
93.75
98.75
124.375
138.125
134.375
137.5
156.25
179.375
152.5
158.125
200.625
176.25
175.625
233.75
251.875
268.125
239.375
235
279.375
290.625
311.875
296.25
322.5
301.25
313.75
321.875
340
338.75
363.75
318.75
355.625
367.5
369.375
331.25
355
337.5
378.125
311.25
292.5
304.375
288.75
272.5
254.375
231.875
250.625
252.5
299.375
205.625
250.625
310.625
293.75
324.375
305
309.375
300
250.625
292.5
309.375
297.5
328.125
270.625
278.125
308.75
270
319.375
288.75
316.875
249.375
298.75
351.875
320.625
318.125
311.875
325
366.875
338.75
383.75
400.625
380
388.125
393.75
393.75
431.875
451.875
468.75
452.5
446.25
451.25
435.625
449.375
414.375
408.75
425.625
385
358.75
316.25
350
333.125
308.75
316.875
329.375
301.25
276.875
216.25
253.75
254.375
301.875
276.875
250.625
268.125
226.875
320
288.125
328.125
303.75
300.625
288.75
286.875
295.625
350.625
296.875
318.75
353.125
370
359.375
258.125
288.125
211.875
288.125
348.75
265.625
263.125
266.875
257.5
236.875
246.875
248.125
266.875
326.875
236.875
226.875
238.75
224.375
183.75
242.5
256.25
280
258.125
307.5
251.25
264.375
258.125
205.625
203.125
268.75
253.125
327.5
344.375
347.5
351.875
277.5
365
295
515
533.125
513.75
419.375
364.375
261.25
236.25
200.625
169.375
114.375
62.5
31.25
11.25
3.75
1.875
4.375
1.25
0
0
0
0
0
0
0
0
0
0
2.5
0
