2176.0000 0.05 1
1.11111
4.44444
11.1111
2.22222
11.1111
4.44444
13.3333
11.1111
20
11.1111
6.66667
11.1111
24.4444
23.3333
17.7778
23.3333
26.6667
18.8889
13.3333
32.2222
18.8889
11.1111
2.22222
10
14.4444
14.4444
36.6667
40
23.3333
40
11.1111
26.6667
17.7778
31.1111
24.4444
32.2222
26.6667
27.7778
40
24.4444
32.2222
46.6667
36.6667
47.7778
70
55.5556
56.6667
41.1111
77.7778
108.889
95.5556
126.667
127.778
141.111
146.667
144.444
163.333
192.222
190
200
216.667
267.778
194.444
227.778
234.444
286.667
237.778
278.889
253.333
263.333
291.111
301.111
317.778
335.556
318.889
350
286.667
345.556
306.667
306.667
300
296.667
293.333
280
312.222
273.333
246.667
285.556
292.222
300
311.111
317.778
325.556
305.556
337.778
314.444
321.111
291.111
293.333
297.778
304.444
291.111
332.222
360
313.333
360
377.778
363.333
344.444
354.444
341.111
291.111
253.333
215.556
175.556
160
193.333
238.889
262.222
333.333
353.333
397.778
417.778
397.778
426.667
412.222
450
400
384.444
354.444
344.444
373.333
345.556
397.778
382.222
376.667
383.333
430
404.444
458.889
406.667
410
408.889
354.444
364.444
372.222
368.889
376.667
440
411.111
410
436.667
405.556
341.111
347.778
323.333
352.222
317.778
323.333
255.556
284.444
264.444
274.444
255.556
240
222.222
276.667
211.111
246.667
212.222
234.444
261.111
221.111
244.444
230
214.444
208.889
230
174.444
205.556
174.444
200
173.333
177.778
255.556
235.556
232.222
210
216.667
170
175.556
196.667
262.222
238.889
224.444
270
242.222
227.778
262.222
345.556
340
320
305.556
327.778
308.889
332.222
382.222
414.444
425.556
427.778
446.667
433.333
511.111
472.222
501.111
470
425.556
347.778
317.778
227.778
126.667
13.3333
1.11111
0
0
0
0
0
0
0
0
0
0
0
0
0
0
0
0
0
0
0
0
0
0
4.44444
0
2.22222
0
0
4.44444
2.22222
2.22222
3.33333
2.22222
2.22222
0
6.66667
2.22222
4.44444
2.22222
2.22222
2.22222
2.22222
4.44444
1.11111
0
0
0
2.22222
0
2.22222
0
