0.003227 0.001789 0.011992
0.000830 0.001399 0.000302
0.002209 0.011697 0.000868
0.012353 0.007301 -0.002508
-0.000950 0.012874 -0.005606
-0.009300 0.000295 -0.002419
0.001141 0.003700 0.004766
0.000501 -0.016352 -0.002298
-0.002130 -0.010456 -0.002264
-0.012843 -0.005197 -0.002247
0.011669 -0.007298 0.000719
-0.008574 -0.005407 -0.003659
0.003673 -0.007806 0.004019
0.005193 -0.020122 -0.000939
-0.007323 0.000685 0.001717
0.014284 -0.012220 0.001693
0.000321 0.011175 0.012000
-0.011136 0.000980 0.000767
-0.004691 0.019133 0.001726
0.012821 0.008270 -0.003384
0.002119 0.021871 -0.005471
-0.010511 0.000559 -0.002840
0.001012 0.004715 0.005404
-0.000404 -0.015977 -0.002670
-0.004752 -0.011056 0.001253
-0.010853 -0.004229 -0.001885
0.012207 -0.006701 0.000300
-0.010824 -0.005499 -0.002179
0.004708 -0.007596 0.003959
0.004271 -0.019702 -0.000093
-0.003906 0.000694 0.001189
0.013684 -0.010745 0.002065
0.000181 0.011333 0.012351
-0.011725 0.000791 0.000253
-0.001077 0.019170 -0.000143
0.011816 0.007979 -0.003543
-0.004816 0.015813 -0.006027
-0.011540 0.002535 -0.002025
0.014458 0.004750 0.001361
-0.002159 -0.014549 -0.002395
0.004590 -0.011089 -0.000785
-0.011527 -0.005155 -0.002199
0.011753 -0.006849 0.000359
-0.007140 -0.009691 0.000001
0.003027 -0.007813 0.004167
0.003718 -0.019406 -0.001046
-0.003763 -0.000676 0.003901
0.013170 -0.011006 0.003476
0.005507 0.010366 0.014733
-0.011752 0.002661 -0.000251
-0.000193 0.023044 0.000790
0.010216 0.006140 -0.005631
-0.001903 0.015477 -0.006524
-0.009600 0.000228 -0.001826
-0.001280 0.003435 0.004130
-0.001441 -0.015998 -0.004468
-0.004241 -0.012175 -0.000003
-0.014076 -0.006730 -0.002625
0.010363 -0.007575 -0.001457
-0.008172 -0.004616 -0.003545
0.006281 -0.004696 0.000841
0.005980 -0.015381 0.003523
-0.004048 0.000270 0.002557
0.012857 -0.011307 0.002690
-0.001867 0.009266 0.012295
-0.008480 0.001430 0.000811
-0.002180 0.019313 0.000793
0.011428 0.008498 -0.003422
-0.000391 0.011755 -0.008197
-0.007235 -0.001048 -0.002204
0.000740 0.003814 0.004357
-0.000834 -0.015356 -0.003538
-0.002691 -0.011650 -0.001053
-0.009842 -0.004494 -0.002170
0.011475 -0.007141 0.000970
-0.009172 -0.007022 -0.002750
0.002652 -0.006625 0.003415
0.003315 -0.019114 -0.000843
-0.010974 0.001388 -0.000105
0.014438 -0.011946 0.004677
-0.001342 0.011749 0.012381
-0.007700 0.000846 0.000541
-0.001602 0.018536 0.000838
0.013230 0.007096 -0.002207
-0.002051 0.016537 -0.006261
-0.007707 0.002750 0.003189
-0.001158 0.003787 0.007644
-0.000628 -0.017105 -0.002018
-0.003710 -0.010706 -0.001140
-0.011541 -0.005447 -0.001352
0.010311 -0.004726 0.003419
-0.010815 -0.007829 -0.005616
0.002912 -0.008170 0.005405
0.002123 -0.017467 -0.002678
-0.004524 0.000844 0.001859
0.013951 -0.010984 0.002078
0.005070 0.020526 0.012587
0.000640 -0.000134 0.000427
0.008013 0.019957 0.001085
0.030347 0.010368 -0.001039
-0.002655 0.016076 -0.005349
-0.009549 0.003790 -0.006829
-0.001280 0.003941 0.002425
0.002112 -0.012535 0.000130
-0.002526 -0.015087 -0.003354
0.037338 -0.034841 0.062626
0.018972 0.003316 -0.015050
0.000530 -0.016688 0.015408
0.012877 -0.007254 0.005469
0.011537 -0.009481 0.015090
-0.002696 0.000335 0.001330
0.013871 -0.010823 0.001848
0.005513 0.009199 0.007674
-0.010976 0.002599 0.001287
-0.002228 0.023635 0.002957
0.011437 0.007013 0.000565
0.010518 0.015499 -0.006896
0.002030 0.001941 -0.002049
-0.000192 0.003714 0.005012
0.007691 -0.015865 -0.003800
-0.006532 -0.012009 -0.001267
-0.010994 -0.005261 -0.002273
0.013766 -0.003111 -0.003898
-0.009000 -0.006209 -0.003337
0.004606 -0.008524 0.003668
0.002952 -0.019886 0.000339
-0.004642 0.001767 0.000167
0.012030 -0.012675 0.001087
0.000512 0.003579 -0.004910
0.007279 0.010964 -0.002515
-0.008780 0.010598 0.002596
0.005429 0.023599 -0.001247
0.000392 -0.003313 -0.000286
0.000828 0.003983 -0.009937
-0.007532 -0.002422 0.000822
0.001664 0.006278 -0.000241
-0.000912 0.008428 -0.002350
0.016186 -0.010504 0.004458
-0.008808 0.009812 0.001747
-0.004633 -0.001684 -0.000250
0.011514 -0.005338 -0.000622
-0.002566 -0.004937 0.003898
0.011277 -0.013506 -0.001275
-0.025838 -0.012615 0.003145
0.000996 0.003367 -0.005291
0.013563 0.010022 0.003660
-0.010398 0.010804 0.001275
0.007351 0.022355 -0.001890
-0.005313 -0.002193 -0.001293
0.002024 0.006253 -0.010017
-0.007992 -0.003338 0.000576
0.007187 0.004711 0.000398
-0.001347 0.007463 -0.002843
0.018752 -0.012248 0.003309
-0.007433 0.009045 0.001987
-0.004993 -0.001346 -0.000422
0.011790 -0.004820 -0.002651
-0.003310 -0.004170 0.004485
0.010621 -0.008743 0.002772
-0.016096 -0.011148 0.001600
-0.002527 0.003800 -0.005355
0.011689 0.008615 -0.005381
-0.010497 0.010793 0.002973
0.005818 0.022960 -0.002540
0.000489 -0.002646 0.000392
-0.000061 0.007405 -0.010548
0.023064 -0.000260 0.000112
0.002809 0.004675 -0.000198
0.010192 0.007794 -0.001286
0.018139 -0.012792 0.003284
-0.007559 0.009135 0.001656
-0.007744 0.000845 -0.000608
0.017976 -0.004937 -0.001275
-0.003024 -0.005287 0.004218
0.011116 -0.010370 0.001839
-0.016676 -0.013099 -0.000692
-0.001890 0.002412 -0.005382
0.008747 0.007701 -0.002643
-0.011272 0.010194 0.000815
0.008076 0.023652 -0.000998
0.000344 -0.001496 0.000634
-0.000549 0.004039 -0.010600
-0.007957 -0.004539 0.000754
0.001743 0.003328 -0.000445
0.001889 0.012098 -0.002354
0.017049 -0.010779 0.001608
-0.008291 0.010734 0.002510
-0.005805 -0.001961 -0.000770
0.009767 -0.005549 -0.000625
-0.003193 -0.005392 0.004932
0.009993 -0.011621 0.004231
-0.018178 -0.012270 0.000664
-0.001483 0.004915 -0.005121
0.012154 0.020359 -0.002322
-0.008524 0.010468 0.002677
0.007066 0.022746 -0.001744
-0.005320 -0.003707 -0.000212
0.005376 0.004530 -0.010050
-0.009139 0.000051 0.000666
0.003425 0.005812 0.000178
-0.001184 0.007704 -0.002178
0.018178 -0.011601 0.003395
-0.009104 0.010385 0.001768
-0.004416 -0.002139 -0.000531
0.013024 -0.005816 0.002078
-0.004638 -0.005486 0.005233
0.008876 -0.009132 0.001096
-0.020104 -0.012125 0.000991
0.003087 0.002778 -0.005732
0.013190 -0.003906 -0.002152
-0.009948 0.010529 0.001790
0.008210 0.023650 -0.001190
0.000813 -0.003169 -0.000602
0.000827 0.005749 -0.010487
-0.007575 -0.002751 -0.000025
0.003570 0.004702 0.000348
0.001666 0.006657 -0.006875
0.019019 -0.011735 0.002416
-0.009973 0.010609 0.001793
-0.005452 -0.000787 0.001943
0.012935 -0.008118 0.003643
-0.004431 -0.006065 0.002839
0.010723 -0.009378 0.002700
-0.016804 -0.011658 0.001528
0.002460 0.002357 -0.004778
0.005755 0.008874 -0.002799
0.004415 0.053087 0.001213
0.021543 -0.015936 -0.002559
-0.558454 -0.002998 -0.017047
0.061943 0.027995 -0.011985
-0.009210 -0.000719 0.000459
0.039309 -0.019796 -0.002388
-0.001045 0.006296 0.001425
0.016725 -0.012124 0.003497
-0.000278 0.008397 0.008203
0.048564 0.025870 0.062096
0.010894 -0.004926 -0.000437
0.049650 -0.032412 -0.049540
0.011072 -0.009591 0.002790
-0.017067 -0.011958 0.001922
-0.001942 0.002424 -0.004900
0.008419 0.007617 -0.001959
-0.011400 0.009931 0.003251
0.008241 0.023969 -0.002220
-0.000621 -0.001627 -0.001030
0.000984 0.003768 -0.009591
0.021829 -0.004292 0.001580
0.002697 0.002873 0.000234
-0.003554 0.007474 -0.002748
0.067668 0.014613 -0.053815
-0.008330 0.010844 0.002523
-0.004544 -0.001139 0.000030
0.009543 -0.006498 0.000627
-0.005820 -0.007776 0.004039
0.017002 -0.018551 -0.014359
-0.015784 -0.010354 0.002723
