2176.0000 0.05 1
1.875
3.75
6.25
6.25
7.5
16.25
8.75
6.25
17.5
16.25
14.375
16.25
25
16.25
6.25
31.25
23.125
18.125
28.75
10
10
13.125
10
10
16.25
20
25
30.625
36.875
19.375
23.75
27.5
13.75
26.875
20.625
29.375
21.25
41.25
45
30
37.5
56.25
47.5
45.625
41.875
66.25
55.625
49.375
84.375
92.5
98.75
125.625
136.25
135
140
151.875
181.25
152.5
158.125
200.625
176.25
174.375
234.375
251.25
268.125
237.5
235.625
279.375
291.875
312.5
296.875
320
301.875
309.375
326.875
336.25
340
365
314.375
354.375
373.125
365
328.125
365
331.25
377.5
313.75
296.875
303.125
286.25
272.5
254.375
232.5
251.25
252.5
295.625
207.5
250
311.25
295.625
314.375
310
310.625
299.375
250
295
308.75
296.25
327.5
273.75
280.625
301.875
273.125
319.375
293.75
312.5
248.75
300
351.25
321.25
313.125
316.25
327.5
362.5
344.375
377.5
401.875
378.75
390.625
395.625
393.125
430.625
450.625
472.5
451.25
442.5
454.375
436.25
447.5
417.5
403.125
431.25
380
357.5
320
354.375
327.5
310.625
313.125
331.25
305
276.875
213.75
257.5
248.75
304.375
278.75
246.875
271.875
226.25
316.25
289.375
328.75
302.5
302.5
291.25
285
297.5
346.25
294.375
323.125
351.25
373.75
356.875
256.875
290.625
213.125
289.375
343.75
266.875
264.375
267.5
259.375
235
246.25
248.75
262.5
328.75
238.125
226.875
240
222.5
180
248.75
257.5
280
253.75
308.125
253.125
266.25
256.875
205
202.5
270.625
255
325
345.625
343.125
353.75
275
368.75
291.25
512.5
535.625
512.5
423.75
365.625
260
236.25
201.25
166.25
118.75
63.125
32.5
11.875
3.75
1.25
3.75
1.25
0
0
0
0
0
0
0
0
0
0
2.5
0
