0.005434 0.004309 0.006527
-0.002121 0.002998 0.006953
0.011574 0.003997 -0.000215
0.001508 0.001842 -0.004320
0.006589 -0.001963 0.002095
-0.001143 -0.003405 -0.001342
-0.004479 -0.000860 -0.011857
-0.005303 0.007065 -0.000434
-0.008628 0.000391 -0.007825
0.005105 -0.001264 -0.001359
-0.003674 -0.003562 0.004059
-0.006221 -0.002214 0.001320
-0.002494 -0.005118 0.009916
-0.005524 0.000513 0.000285
0.005244 0.000486 -0.004497
0.002331 -0.000767 0.002382
0.011352 0.002103 0.001487
-0.006371 -0.001363 0.000924
0.011310 0.003136 -0.001234
0.001899 0.000628 -0.003391
0.009111 0.002651 -0.003430
-0.000931 -0.003270 0.000060
-0.004851 -0.001990 -0.004482
-0.005176 0.005683 0.000548
-0.008695 0.001240 -0.006773
0.005569 -0.001047 -0.002015
-0.003331 -0.002312 0.005044
-0.005663 -0.002243 0.002402
-0.001841 -0.005449 0.009607
-0.005816 0.000410 0.000653
0.005166 0.000906 -0.003626
0.002451 -0.002784 0.001164
0.010560 0.002314 0.000152
-0.002269 -0.005719 0.006652
0.009872 0.003910 -0.000075
0.006899 -0.001086 0.001654
0.006493 0.006774 0.002106
0.001084 -0.001731 0.000517
-0.004252 -0.002266 -0.010591
-0.000096 0.010527 0.010686
-0.014263 -0.008000 -0.542818
0.005078 -0.001002 -0.001319
0.001406 -0.007494 0.014498
-0.012216 -0.003993 0.008193
-0.000986 -0.005125 0.006559
-0.022824 0.000368 0.017747
0.006472 0.000360 -0.005512
0.002257 -0.001347 -0.001740
0.010036 0.001139 -0.001586
-0.006353 0.000226 -0.000715
0.011478 0.003988 -0.001002
0.002016 0.001111 -0.003403
0.009692 0.000932 -0.005184
-0.000980 -0.003354 0.000898
-0.005009 -0.001376 -0.006831
-0.004472 0.003989 -0.000754
-0.008659 -0.000991 -0.017728
0.005068 -0.001255 -0.001697
-0.003104 -0.001005 0.004098
-0.005672 -0.002544 0.002091
-0.002562 -0.005458 0.009611
-0.005073 0.000419 0.000566
0.003945 0.001827 -0.004927
0.002623 -0.000777 0.001005
0.009066 0.001698 -0.000928
-0.004751 -0.001407 0.001298
0.011230 0.005114 -0.001061
0.002873 0.001738 -0.004891
0.005808 0.002702 0.000407
0.000356 -0.003035 -0.000629
-0.004745 -0.002052 -0.003903
-0.005330 0.005801 0.001117
-0.008940 0.000434 -0.006793
0.021896 -0.001198 0.015933
-0.003436 -0.002481 0.004987
-0.007741 -0.001770 0.000330
-0.001785 -0.005069 0.009595
-0.005406 0.000243 0.000704
0.004200 0.001481 -0.004926
0.002772 -0.002572 0.000225
0.011878 0.000613 0.000203
-0.006198 -0.001586 0.000621
0.007637 -0.000759 0.004584
0.002152 0.001869 -0.004443
0.009620 0.002650 -0.003147
-0.001952 -0.003517 -0.000415
-0.004410 -0.002089 -0.004554
-0.004834 0.005528 0.000781
-0.008444 0.000348 -0.006836
0.004146 -0.001072 -0.001551
-0.002953 -0.002693 0.003369
-0.005146 -0.001049 0.001197
-0.002417 -0.005913 0.008570
-0.005376 0.001246 -0.000472
0.004038 0.001423 -0.006630
0.002663 -0.002396 0.000682
0.011372 0.002436 0.001103
-0.006520 -0.002864 -0.000638
0.006440 0.004220 0.005265
0.003850 0.001388 -0.005151
0.009146 0.004199 -0.004997
-0.000525 -0.003650 0.000377
-0.004925 -0.001825 -0.006392
-0.009896 0.001990 0.010942
-0.008647 0.000502 -0.004893
0.005133 -0.001126 -0.001911
-0.007798 0.002014 0.014539
-0.008157 -0.000909 0.000791
0.050267 -0.007324 0.050571
0.005917 0.000586 0.011708
0.003821 0.001757 -0.005182
0.000768 0.050362 0.047043
0.006875 0.004191 0.005735
0.000681 -0.001452 0.008397
0.006346 0.008371 0.003872
0.007134 -0.002177 0.002626
0.008535 0.002500 -0.003304
-0.003700 -0.004158 -0.000979
-0.004822 -0.002470 -0.004203
-0.004962 0.005889 -0.000782
-0.008308 0.001127 -0.006703
-0.011795 -0.001388 0.016224
-0.003023 -0.001854 0.005076
-0.009775 -0.004702 0.006985
-0.001995 -0.005229 0.008666
-0.005527 -0.000200 -0.000467
0.003624 -0.000250 -0.005362
0.002326 -0.002178 0.000624
-0.012626 -0.021550 0.023841
0.004407 -0.002164 0.001483
-0.002512 0.001084 0.002328
-0.004756 0.003665 0.003429
-0.004358 0.005407 -0.000439
0.005641 -0.002149 -0.001824
0.004222 -0.000667 -0.004413
0.002997 0.002117 -0.000030
0.011493 0.001273 0.005492
-0.000609 -0.005616 -0.006990
0.002096 0.002608 0.005447
-0.022248 -0.003376 -0.005800
0.002499 0.005040 0.011090
-0.000449 -0.007520 -0.009642
0.017700 0.000580 0.000855
-0.005184 0.000860 0.006475
-0.012548 -0.001657 0.003863
0.004578 -0.003771 0.000907
-0.002873 0.001281 0.001406
-0.003913 0.004935 0.001807
-0.003094 0.005976 -0.001046
0.006486 -0.001825 -0.002325
0.004001 -0.000841 -0.003950
0.003046 -0.000607 -0.001285
0.008800 0.005328 0.001362
-0.000648 -0.005576 -0.005709
0.002399 0.003022 0.004020
-0.022620 -0.005636 -0.004804
0.002073 0.004727 0.012399
-0.000467 -0.007462 -0.009404
0.018507 0.001312 0.000001
-0.005594 0.000230 0.008243
-0.012529 0.020050 0.024732
0.004198 -0.002943 -0.000092
-0.002380 0.000972 0.002461
-0.004734 0.003443 -0.000619
-0.003330 0.005869 -0.002438
0.011514 0.001097 0.004483
0.028993 -0.000227 0.017889
0.005922 0.028380 0.026777
0.012182 0.010292 0.006143
-0.003812 -0.005210 -0.004904
0.002128 0.002981 0.031799
-0.022440 -0.003224 -0.005968
-0.002002 0.009102 0.021046
-0.031323 -0.007794 0.014794
0.019271 0.000756 -0.005629
-0.005034 -0.000160 0.006388
-0.013563 0.013472 0.017743
0.004574 -0.002733 0.001897
-0.002277 0.001734 0.002823
-0.004228 0.003694 0.002560
-0.003679 0.006244 -0.001905
0.005761 -0.001556 -0.000906
0.003604 -0.000649 -0.003667
0.003202 0.004244 0.004200
0.009308 0.003976 -0.000404
-0.000848 -0.005795 -0.005154
0.002441 0.002261 0.005056
-0.022475 -0.003102 -0.006102
0.002671 0.002776 0.010522
-0.000073 -0.007412 -0.008705
0.017920 0.000933 -0.000454
-0.005747 0.000418 0.008012
-0.011779 -0.001531 -0.008076
0.000537 -0.007384 0.010660
-0.002836 0.001111 -0.000008
-0.004293 0.004973 0.002917
-0.004542 0.006267 -0.001840
0.005395 -0.001295 -0.000696
0.004107 -0.000823 -0.004241
0.002950 -0.000283 0.000154
0.012448 0.005571 0.005372
-0.001726 -0.006253 -0.006470
0.002368 0.002774 0.003988
-0.020365 -0.031507 0.019925
0.002360 0.004855 0.013029
-0.000454 -0.007606 -0.009200
0.018372 0.000309 -0.000208
-0.006792 0.000402 0.004604
-0.012698 -0.001786 0.002368
0.004673 -0.001400 0.000756
-0.003081 0.001049 0.003227
-0.004400 0.004329 0.002262
-0.003622 0.006561 -0.000945
0.010182 0.002490 0.004213
0.003257 -0.000578 -0.005400
0.003359 -0.000425 -0.001292
0.008515 0.005411 0.001497
-0.000987 -0.006202 -0.005888
0.002175 0.003294 0.006274
-0.022422 -0.003992 -0.004557
0.002099 0.004349 0.011917
0.000329 -0.007242 -0.010267
0.017217 0.000301 -0.000069
-0.004943 0.000070 0.007541
-0.013028 -0.022045 0.023868
0.004636 -0.002692 0.002569
-0.002846 0.000429 0.002264
-0.007213 -0.035769 0.035394
-0.003542 0.006208 -0.000452
0.007560 -0.002006 -0.003056
0.005333 -0.000470 -0.008355
0.003703 0.000926 -0.003885
0.009698 0.006977 0.000270
-0.001071 -0.005808 -0.006584
0.001402 0.001514 0.036177
-0.022235 -0.003524 -0.004627
0.007229 0.000337 0.022410
-0.002359 -0.007720 -0.011908
0.018414 0.000533 -0.000963
-0.005591 0.000553 0.007930
-0.012969 -0.001508 0.004289
0.008920 0.002363 0.011471
-0.002056 0.001217 -0.002314
-0.004490 0.004561 0.001986
-0.002236 0.006133 -0.002055
0.005793 -0.002291 -0.002068
0.002921 -0.001698 -0.005635
0.003002 -0.000463 -0.001021
0.009997 0.005834 0.002354
0.000321 -0.005979 -0.006676
0.002320 0.002798 0.006170
-0.021789 -0.005942 -0.007962
0.002573 0.004642 0.010177
0.001073 -0.007485 -0.010812
0.016710 0.001240 0.000097
-0.042140 0.000298 0.037456
