840.0000 0.05 1
0.32
3.84
0
1.92
1.92
5.76
1.92
1.92
8.32
0
5.76
3.84
7.68
5.76
1.28
12.16
0
5.76
5.76
7.68
9.6
3.84
13.44
5.76
5.76
7.68
5.76
6.4
8.96
19.2
8.32
15.36
7.68
8.32
7.04
8.64
17.28
11.52
17.92
16.64
13.44
13.44
3.84
9.6
11.2
17.28
16
17.28
26.24
7.04
13.44
25.6
26.88
29.44
40.64
27.52
48.64
83.2
84.48
73.6
63.36
74.24
63.36
64
84.8
71.04
69.12
106.88
98.56
89.6
88.32
146.56
86.4
102.72
100.48
136.32
87.36
138.56
118.72
133.12
124.48
110.4
97.92
126.72
73.92
124.16
87.68
72.96
114.24
96.64
61.44
126.4
107.84
111.36
131.2
154.88
134.4
143.36
106.24
130.56
93.44
75.52
104.96
89.92
100.8
120.96
156.8
96.32
137.6
147.2
128.64
136.96
133.44
128.96
146.56
69.12
69.76
90.24
76.16
81.6
46.08
65.92
45.76
117.12
107.52
159.36
200.64
129.6
160.64
173.44
146.56
154.24
106.88
155.52
160.64
160
141.12
156.16
119.04
136
126.08
159.68
163.2
145.92
192.64
134.08
178.56
179.84
140.16
116.8
152.96
151.36
188.48
136.32
160.32
138.24
99.84
122.56
92.16
150.72
126.72
117.12
137.6
117.76
119.68
99.2
80.64
79.36
101.76
109.76
80.32
100.48
110.08
79.36
68.16
94.72
70.72
94.72
72.96
69.12
76.8
78.4
96.64
78.4
72.96
58.24
49.92
83.84
52.16
74.88
86.4
93.76
60.8
62.08
56.96
86.4
74.88
67.2
108.8
88.32
99.84
105.92
94.72
69.12
100.48
117.12
119.68
127.36
92.8
135.68
127.04
146.88
139.2
134.08
158.08
133.76
162.56
156.16
182.72
179.84
219.2
193.92
201.28
123.84
190.72
145.28
110.08
94.4
77.76
43.52
30.4
20.48
13.44
13.44
8.32
5.12
5.76
6.4
4.48
4.48
1.28
2.56
3.2
4.48
2.56
1.28
1.92
4.48
1.28
2.56
3.2
3.84
3.84
7.04
1.92
3.2
2.56
7.68
4.48
3.84
4.48
6.72
4.16
1.92
1.6
2.56
4.8
2.56
3.84
2.56
5.76
2.88
4.48
6.08
3.84
0.64
1.6
1.28
2.56
1.92
0.64
3.2
1.92
2.56
1.6
0.64
0.64
0
0.64
0
0.64
0.64
1.92
0.64
1.28
0
0.64
1.28
0
1.28
0
