-0.332639 -0.305081 0.350173
0.022803 -0.006296 -0.000603
-0.003316 0.044534 -0.000488
0.019880 -0.009240 -0.016145
0.065747 -0.023087 -0.062411
-0.020080 0.007110 0.001518
0.000666 0.018861 0.001199
0.019939 -0.010192 0.001703
-0.017795 -0.007805 -0.006476
-0.002556 -0.000133 -0.010597
0.017474 0.008823 0.000896
-0.021735 0.009206 0.001060
0.000418 0.021937 0.001759
0.000080 0.010166 -0.000556
-0.013647 -0.006819 -0.001043
0.002377 -0.021342 -0.004545
0.014954 0.009885 0.003108
-0.024504 0.008095 0.006139
0.012813 0.020480 0.002901
0.018887 -0.011947 -0.000048
-0.011812 -0.006280 -0.000040
-0.010052 -0.025160 0.001021
0.022036 0.008709 0.001674
-0.016400 0.013258 0.012246
-0.001589 0.022401 -0.012803
0.014795 -0.002631 -0.005769
-0.013029 -0.009321 -0.008726
0.002090 -0.022748 -0.001473
0.017926 0.012936 0.001233
-0.021864 0.009781 0.001922
-0.000622 0.023049 0.002726
0.020523 -0.013013 0.002015
-0.017124 -0.012884 0.001107
-0.003514 -0.028350 -0.001421
0.017947 0.008833 0.002385
-0.024302 0.012003 -0.000403
0.003266 0.019586 0.002930
0.020339 -0.013667 -0.002390
-0.019302 -0.011480 0.001955
0.000192 -0.019076 -0.002618
0.017673 0.009911 0.002396
-0.020429 0.016524 -0.001439
0.003365 0.023583 0.002988
0.019908 -0.014422 -0.000237
-0.010663 0.005515 -0.003587
-0.005799 -0.019911 0.003942
0.015934 0.008020 -0.000540
-0.019635 0.013381 -0.000771
0.002119 0.026136 0.002999
0.028354 -0.004764 -0.000146
0.025770 0.033152 -0.000717
-0.004651 -0.022110 0.008407
0.016532 0.010812 -0.000089
-0.019458 0.010574 0.000164
-0.001583 0.022160 -0.012282
0.016471 -0.011077 -0.004705
-0.006678 0.001135 -0.002692
0.002742 -0.023958 0.012450
-0.013593 0.025295 -0.031924
-0.016904 0.015843 -0.002454
0.009847 0.021926 0.001461
0.028936 -0.006291 -0.000292
-0.021904 -0.010774 0.000722
0.005552 -0.036241 -0.004149
0.025543 0.016061 -0.003286
0.074373 0.065351 -0.125192
-0.001020 0.023595 0.002036
0.018050 -0.007191 -0.007761
-0.019199 -0.011530 0.000892
-0.001482 -0.019982 -0.004050
0.018466 0.016484 -0.003968
-0.017382 0.019875 -0.003180
0.046332 -0.012005 0.001444
-0.002953 0.070956 -0.071260
0.001325 -0.000119 0.000669
0.005135 0.008284 -0.005659
0.001924 0.000226 0.000981
0.000604 0.003698 -0.003348
0.025877 0.011097 0.000956
-0.001364 0.002966 -0.001657
0.015262 0.001769 -0.008039
0.000582 -0.001232 -0.000777
0.003208 -0.005020 -0.000435
-0.003432 -0.000358 -0.000590
-0.000730 -0.002352 -0.001013
-0.002746 -0.000747 0.002230
-0.000651 -0.002219 0.001421
-0.003675 -0.003218 0.005621
0.005639 0.007087 -0.000500
0.003995 0.004543 -0.000027
-0.001661 -0.001409 -0.001367
-0.000457 -0.003969 -0.004128
0.018301 -0.002213 -0.007521
-0.002741 -0.000773 0.003181
0.006567 0.006943 0.000079
-0.002864 -0.002117 0.001626
