2176.0000 0.05 1
1.875
3.75
6.25
6.25
7.5
16.25
8.75
7.5
16.25
16.25
14.375
16.25
25
16.25
6.25
31.25
23.125
18.125
28.75
10
10
13.125
10
10
16.25
20
25
30
37.5
19.375
25
26.25
13.75
26.875
21.875
28.125
21.25
42.5
43.125
30.625
37.5
56.25
47.5
45.625
41.875
67.5
54.375
49.375
85
91.875
98.75
125.625
136.25
135
138.125
155.625
180.625
152.5
156.25
201.25
176.25
174.375
234.375
251.875
268.75
236.25
234.375
281.875
292.5
310
296.25
321.25
301.875
311.875
323.125
341.25
340
362.5
315.625
352.5
371.25
367.5
331.25
359.375
332.5
378.75
313.125
296.25
304.375
285
272.5
256.875
230
252.5
250.625
295.625
209.375
250
311.25
295.625
315.625
306.25
311.875
301.25
249.375
293.75
308.125
298.75
323.75
277.5
280
299.375
275
318.125
293.125
318.125
245.625
298.75
356.25
315
315.625
316.25
326.25
362.5
344.375
379.375
400
380
390.625
393.75
395
430.625
450
471.875
451.875
441.875
452.5
436.25
449.375
418.75
404.375
430
381.875
356.25
319.375
351.25
328.125
310
315.625
330.625
305
276.25
216.875
255
248.75
304.375
277.5
249.375
271.25
224.375
316.25
291.25
326.875
305
301.875
290.625
285
297.5
348.125
292.5
323.75
353.75
370.625
355
260
290.625
211.875
290
344.375
264.375
268.125
265.625
258.75
236.25
245.625
249.375
259.375
333.125
235.625
227.5
239.375
223.125
180.625
247.5
256.25
281.25
256.25
308.125
250.625
266.25
256.875
203.75
205
269.375
255
326.25
343.125
344.375
354.375
275
369.375
289.375
514.375
535.625
510
427.5
364.375
263.75
230
206.25
165.625
118.125
61.875
31.875
11.25
3.75
1.25
3.75
1.25
0
0
0
0
0
0
0
0
0
0
2.5
0
