2176.0000 0.05 1
1.11111
4.44444
11.1111
2.22222
11.1111
4.44444
13.3333
11.1111
20
11.1111
6.66667
11.1111
24.4444
23.3333
17.7778
23.3333
26.6667
18.8889
13.3333
32.2222
18.8889
11.1111
2.22222
10
14.4444
14.4444
36.6667
40
23.3333
40
11.1111
26.6667
17.7778
31.1111
24.4444
32.2222
26.6667
27.7778
40
24.4444
32.2222
46.6667
36.6667
47.7778
70
55.5556
56.6667
41.1111
80
106.667
95.5556
126.667
127.778
138.889
148.889
146.667
161.111
190
192.222
200
216.667
267.778
192.222
230
230
291.111
237.778
278.889
253.333
263.333
290
300
317.778
340
316.667
350
284.444
350
304.444
308.889
297.778
298.889
291.111
277.778
312.222
273.333
251.111
285.556
290
297.778
314.444
318.889
323.333
303.333
340
314.444
317.778
296.667
291.111
302.222
302.222
288.889
332.222
357.778
316.667
358.889
377.778
363.333
346.667
354.444
338.889
293.333
251.111
215.556
175.556
162.222
188.889
241.111
262.222
333.333
348.889
402.222
420
395.556
432.222
406.667
447.778
402.222
382.222
361.111
342.222
373.333
345.556
395.556
380
378.889
385.556
425.556
406.667
458.889
406.667
407.778
413.333
352.222
366.667
372.222
366.667
380
432.222
417.778
407.778
436.667
405.556
336.667
352.222
322.222
353.333
313.333
325.556
257.778
284.444
264.444
270
257.778
242.222
222.222
278.889
208.889
244.444
214.444
234.444
261.111
221.111
242.222
234.444
212.222
208.889
227.778
174.444
207.778
174.444
197.778
177.778
175.556
256.667
234.444
232.222
211.111
215.556
170
175.556
196.667
262.222
236.667
224.444
275.556
235.556
231.111
262.222
345.556
344.444
313.333
305.556
327.778
310
335.556
377.778
414.444
431.111
426.667
444.444
433.333
511.111
477.778
507.778
468.889
426.667
351.111
314.444
227.778
116.667
11.1111
1.11111
0
0
0
0
0
0
0
0
0
0
0
0
0
0
0
0
0
0
0
0
0
2.22222
2.22222
2.22222
0
2.22222
0
2.22222
2.22222
2.22222
4.44444
3.33333
0
2.22222
4.44444
0
4.44444
4.44444
2.22222
2.22222
4.44444
1.11111
0
0
2.22222
0
2.22222
2.22222
0
