0.013381 -0.043034 -0.036118
-0.005549 -0.001755 0.000977
0.009775 0.003934 0.000476
0.001849 -0.000239 -0.003189
0.008036 0.002378 -0.001589
-0.000866 -0.003591 -0.001014
-0.003890 -0.002502 -0.004754
-0.005043 0.005721 -0.000784
-0.008474 0.000602 -0.008620
0.005384 -0.013175 -0.014909
-0.003433 -0.002427 0.003505
-0.005937 -0.002355 0.002707
-0.000887 -0.005343 0.009527
-0.005776 0.000330 -0.001849
0.005354 0.001079 -0.003423
0.002977 -0.000690 0.001752
0.010869 0.003259 0.001465
-0.004712 -0.001307 0.001209
0.013770 -0.001375 -0.005822
0.002212 0.000763 -0.002994
0.007803 0.002518 -0.002777
-0.000793 -0.003666 0.001310
-0.004682 -0.002112 -0.005765
-0.005353 0.006787 0.000213
-0.008458 0.001128 -0.007799
0.005520 -0.001034 -0.001577
0.002051 -0.006959 -0.005825
-0.005977 -0.003723 0.002593
-0.001606 -0.005721 0.009111
-0.005735 0.000063 -0.000759
0.004986 0.000735 -0.005621
0.001021 -0.000214 0.003006
0.010804 0.002353 0.001363
-0.005386 -0.001256 0.000857
0.010795 0.003972 0.001057
0.002177 0.000302 -0.003990
0.007797 0.002533 -0.001866
-0.002479 -0.004147 0.000155
-0.003918 -0.001618 -0.004870
-0.004975 0.005678 0.001582
0.009544 0.000520 -0.026210
0.005195 0.010839 -0.014851
-0.003149 -0.002534 0.005706
-0.004505 0.044938 -0.037345
-0.068733 -0.006774 -0.046901
0.004867 -0.007637 0.586499
0.002274 0.002168 -0.004110
-0.002454 -0.005261 -0.005804
0.010130 0.001407 0.002906
-0.004239 -0.001906 0.002412
0.010041 0.004069 0.000397
0.001975 -0.000101 -0.002596
0.008341 0.002725 -0.002808
-0.001109 -0.003326 -0.001173
-0.005497 -0.001133 -0.005436
-0.005083 0.005961 -0.000598
-0.009074 0.000788 -0.008950
0.005388 0.009558 -0.013490
-0.003346 -0.002694 0.003965
-0.006475 0.003319 -0.004379
-0.000635 -0.005401 0.009014
-0.005487 0.001446 0.007620
0.003987 0.001603 -0.006336
0.002715 -0.001877 0.000852
0.010740 0.002884 0.000987
-0.049257 -0.001853 -0.033522
0.013870 0.008203 -0.005393
0.002058 0.057759 -0.048740
0.062695 0.001304 -0.048288
-0.001644 -0.004959 0.001004
-0.004808 -0.002153 0.003523
0.000172 0.010415 -0.008947
-0.008377 0.000561 -0.007948
0.005353 -0.001390 -0.002092
-0.003995 -0.003596 0.004924
-0.005909 -0.002867 0.001845
-0.001501 -0.004985 0.009169
-0.005710 0.000817 -0.000744
0.005846 0.000445 -0.005146
0.002514 -0.001598 0.001082
0.010697 0.002903 0.002086
-0.004266 -0.001414 0.001214
0.008887 0.002799 0.001875
0.002635 0.006043 -0.008661
0.007791 0.002313 -0.003096
-0.001869 -0.003371 -0.001950
-0.004592 -0.002105 -0.004202
-0.004058 0.004744 0.000482
-0.008637 0.000642 -0.009104
0.005079 -0.001136 -0.003388
-0.007609 0.001384 -0.004541
-0.006101 -0.003149 0.003046
-0.000055 -0.006410 0.010609
-0.005325 0.000815 -0.000720
0.004328 0.001316 -0.006078
-0.001309 -0.004914 -0.004196
0.010106 -0.001657 -0.003086
-0.004489 -0.001229 0.002194
0.014203 0.004258 -0.003632
0.002330 -0.000587 -0.003406
0.008252 0.002459 -0.003021
0.000733 -0.002601 0.000084
-0.005158 -0.002776 -0.005025
-0.004823 0.005886 -0.000711
-0.021550 0.000852 -0.020103
0.005147 -0.017479 -0.020599
-0.003178 -0.002282 0.003550
-0.007762 -0.002091 0.005371
-0.001968 -0.005124 0.012028
-0.005264 0.000352 -0.002846
0.005155 0.001047 -0.005618
0.001618 -0.000642 0.003419
0.010520 0.003190 0.000867
-0.006100 -0.001172 0.003414
0.007934 0.006099 0.001694
0.002451 0.001355 -0.001998
0.008886 0.002589 -0.001194
-0.001938 -0.003194 -0.000992
-0.004553 -0.002367 -0.000680
-0.009381 0.001630 -0.008383
-0.008830 0.000631 -0.008941
0.004952 -0.001091 0.006532
-0.002858 -0.001065 0.005071
-0.006113 -0.003405 0.001814
-0.000641 -0.004671 0.010628
-0.005223 -0.000049 -0.000652
0.002395 0.002057 -0.005046
0.003026 -0.000599 0.001668
-0.013118 -0.001220 0.002118
0.004140 -0.002931 0.000780
-0.003286 0.001348 0.009709
-0.003767 0.002504 0.003617
0.000893 0.001093 -0.012315
0.005807 -0.000212 -0.000705
0.005072 -0.000817 -0.003836
0.003074 0.001150 0.000686
0.006565 0.001186 -0.002579
-0.000916 -0.004173 -0.005664
0.002642 0.002905 0.005270
-0.022497 -0.004416 -0.005325
0.002896 0.004077 0.012131
-0.001430 -0.007588 -0.008893
0.017571 0.000330 -0.001529
-0.002804 -0.004064 0.001443
-0.012484 -0.001414 0.002546
0.004521 -0.002289 0.002190
-0.002861 0.001214 0.001977
-0.004287 0.003690 0.002776
-0.003631 0.006172 -0.001982
0.007924 -0.044314 -0.032056
0.000541 -0.004649 -0.011538
0.003033 0.000773 0.000363
0.010568 0.005667 0.002198
-0.001178 -0.006009 -0.006661
0.002792 0.002223 0.005968
-0.022256 -0.004507 -0.004407
0.002263 0.004873 0.011443
-0.001657 -0.007143 -0.008575
0.017907 0.001166 -0.000571
-0.007225 0.000619 0.008187
-0.012875 -0.001702 0.002270
0.006540 -0.003073 0.001720
-0.003299 0.002358 0.008140
-0.008730 0.008004 -0.004015
-0.003873 0.004531 -0.001004
0.006119 -0.000745 -0.000904
0.003795 -0.000815 -0.005225
0.009054 -0.002112 -0.006178
0.005959 0.009970 -0.003358
0.003259 -0.000726 -0.017165
0.001070 0.002979 0.011122
-0.020840 -0.005729 -0.002601
0.004879 0.006344 0.010844
0.033093 -0.007707 -0.034629
0.018559 0.000902 -0.028416
-0.002862 0.004574 0.001289
-0.012397 -0.001590 0.002463
0.004824 -0.002837 0.000943
-0.002491 0.001746 0.006320
-0.003949 0.003742 0.002551
-0.008114 0.011340 -0.012474
0.005737 -0.000373 -0.000251
0.005252 -0.000870 -0.003434
0.002693 0.000294 -0.000141
0.011677 0.004272 0.004198
-0.000095 -0.007755 -0.005709
0.002093 0.003194 0.005799
-0.022979 -0.005138 -0.004381
0.003217 0.004096 0.010729
-0.001615 -0.007557 -0.010209
0.018166 0.000269 -0.001209
-0.007482 -0.000987 0.010294
0.001617 -0.001773 -0.013365
0.005847 -0.004262 0.000269
-0.002336 0.001028 0.001573
-0.005801 0.002531 0.004747
-0.003331 0.006159 -0.000356
0.005952 -0.000818 -0.000504
0.000564 0.003180 -0.011551
0.006048 -0.003863 -0.005493
0.008682 0.005752 0.002170
-0.000931 -0.006080 -0.005193
0.003202 0.003674 0.005907
-0.016437 -0.001864 -0.010965
0.000843 0.004601 0.012286
-0.001504 -0.007724 -0.008454
0.017777 0.000898 -0.000543
-0.006102 0.000381 0.007418
-0.013252 -0.001408 0.002369
0.004608 -0.002420 0.000908
-0.002713 0.001180 0.002206
-0.003991 0.002581 0.003547
-0.003397 0.006252 -0.001729
0.006205 -0.002263 0.001130
0.006303 -0.002133 -0.002123
0.003142 0.000379 -0.000436
0.010555 0.005306 0.002566
-0.000845 -0.005926 -0.006531
0.001223 0.003949 0.005946
-0.022942 -0.004072 -0.005168
0.001921 0.005037 0.011336
-0.000684 -0.007253 -0.009411
0.017812 0.000791 0.000617
-0.006875 0.000276 0.008899
-0.012604 -0.001288 0.002780
0.003366 -0.002537 0.001954
-0.002498 0.001722 0.005423
-0.005507 0.002995 0.004741
-0.002900 0.008072 -0.001010
0.006215 -0.000029 -0.001110
-0.001969 -0.000785 -0.010788
0.004693 0.001804 0.001945
0.011288 0.006761 0.003950
-0.005845 -0.010961 -0.017998
0.001930 0.002876 0.006976
-0.018856 -0.000123 -0.010171
0.002109 0.004572 0.011429
0.000456 -0.007670 -0.007058
0.018569 -0.000302 -0.030622
-0.006982 0.001829 0.010112
-0.026628 -0.001285 -0.012736
0.004649 -0.002578 0.001109
-0.002454 0.001323 0.001504
-0.008448 0.008254 -0.002908
-0.003615 0.006338 -0.003024
0.006420 -0.006645 -0.006621
0.006182 0.000911 -0.001872
0.004461 0.001747 0.002077
0.007000 0.005546 -0.000708
-0.001042 -0.005900 -0.007452
0.001268 0.002285 0.006162
-0.021224 -0.005882 -0.002378
0.004410 0.004444 0.011712
0.000253 -0.007264 -0.010083
0.017771 0.000655 0.000725
-0.003650 0.000520 0.004891
