2176.0000 0.05 1
1.11111
4.44444
11.1111
2.22222
11.1111
4.44444
13.3333
11.1111
20
11.1111
6.66667
11.1111
24.4444
23.3333
17.7778
23.3333
26.6667
18.8889
13.3333
34.4444
16.6667
11.1111
2.22222
10
14.4444
16.6667
34.4444
40
23.3333
40
11.1111
26.6667
17.7778
31.1111
24.4444
32.2222
28.8889
25.5556
40
24.4444
32.2222
46.6667
36.6667
47.7778
70
55.5556
56.6667
41.1111
80
106.667
95.5556
126.667
127.778
134.444
153.333
146.667
161.111
190
190
202.222
216.667
270
192.222
227.778
234.444
286.667
237.778
278.889
253.333
261.111
288.889
303.333
317.778
337.778
318.889
350
284.444
347.778
305.556
307.778
296.667
297.778
293.333
280
314.444
268.889
251.111
287.778
290
295.556
315.556
317.778
321.111
305.556
340
314.444
318.889
295.556
292.222
298.889
304.444
288.889
334.444
357.778
317.778
355.556
375.556
363.333
348.889
352.222
341.111
293.333
253.333
213.333
180
157.778
188.889
241.111
264.444
333.333
347.778
398.889
422.222
395.556
428.889
410
452.222
400
382.222
356.667
340
373.333
350
395.556
382.222
374.444
387.778
427.778
406.667
454.444
410
406.667
411.111
356.667
357.778
376.667
366.667
377.778
441.111
406.667
412.222
438.889
403.333
336.667
356.667
323.333
350
313.333
327.778
257.778
286.667
258.889
266.667
262.222
242.222
224.444
278.889
206.667
245.556
215.556
234.444
256.667
221.111
246.667
230
216.667
208.889
225.556
178.889
202.222
177.778
200
173.333
175.556
257.778
235.556
230
212.222
216.667
170
174.444
197.778
262.222
240
221.111
272.222
240
225.556
260
352.222
342.222
315.556
301.111
334.444
307.778
333.333
380
412.222
427.778
430
444.444
433.333
512.222
470
500
473.333
422.222
356.667
313.333
227.778
121.111
18.8889
1.11111
0
0
0
0
0
0
0
0
0
0
0
0
0
0
0
0
0
0
0
0
0
0
4.44444
0
2.22222
2.22222
0
0
2.22222
4.44444
2.22222
5.55556
0
0
4.44444
0
6.66667
6.66667
0
2.22222
4.44444
1.11111
2.22222
0
0
0
2.22222
0
2.22222
0
