-0.005100 0.010671 0.012300
-0.009177 0.001644 0.001533
-0.067475 0.055712 -0.072768
0.011871 0.007938 -0.003928
-0.001683 0.015397 -0.006901
-0.006547 0.000392 0.002319
-0.000186 0.003280 0.005180
0.001847 -0.017186 -0.002374
-0.003371 -0.011028 -0.000756
-0.011175 -0.005706 -0.001840
0.005471 -0.003316 -0.006005
-0.009710 -0.005642 -0.003710
0.004419 -0.008533 0.004346
0.002388 -0.019764 -0.005260
-0.003808 0.000871 0.000824
0.014055 -0.012738 0.002864
-0.001398 0.010888 0.011712
-0.009075 0.001906 0.001299
-0.001504 0.018685 -0.000680
0.012317 0.006578 -0.002997
-0.001374 0.016101 -0.005629
-0.009809 0.000435 -0.003529
-0.000407 0.003959 0.004796
-0.000242 -0.015207 -0.001672
-0.003292 -0.011763 -0.000937
-0.007423 -0.002941 -0.005761
0.011220 -0.006496 0.000315
-0.009439 -0.006149 -0.004013
0.004248 -0.008126 0.005674
0.003073 -0.019404 0.000153
-0.004211 -0.000149 0.000893
0.014139 -0.010959 0.002222
-0.000752 0.011814 0.011786
-0.009043 0.001324 -0.000872
-0.000407 0.019285 0.001035
0.084473 -0.031840 -0.087120
-0.002317 0.015732 -0.007117
-0.009772 -0.000205 -0.002133
0.000329 0.002518 0.004029
-0.000121 -0.016143 -0.001854
-0.003317 -0.011322 -0.000585
-0.015849 -0.008866 -0.005577
0.011837 -0.006136 -0.000459
-0.010616 -0.005000 -0.004571
0.004702 -0.007319 0.003635
0.003664 -0.019419 0.000189
-0.003823 0.001179 0.001767
0.013757 -0.011285 0.003292
0.000337 0.011389 0.012085
-0.009922 0.000991 0.000486
-0.001597 0.019265 0.001159
0.012290 0.006840 -0.002738
-0.002001 0.016351 -0.007395
-0.007581 0.001103 -0.002480
-0.078331 -0.041069 -0.089413
0.000032 -0.016779 -0.002802
-0.001012 -0.009399 -0.000141
-0.011172 -0.004970 -0.002379
0.010816 -0.006949 0.000795
-0.013954 -0.009710 -0.008053
0.004871 -0.001259 -0.003643
0.003244 -0.019526 0.000120
-0.003566 0.000601 0.001613
0.013189 -0.007845 0.002401
-0.002541 0.012026 0.016966
-0.007523 0.000881 -0.000117
-0.003301 0.020618 0.000919
0.010633 0.008115 -0.003156
-0.002403 0.015881 -0.005540
-0.007142 -0.003943 -0.001987
0.000858 0.003599 0.003148
-0.002648 -0.014569 -0.002177
-0.003697 -0.011936 -0.000998
-0.011464 -0.005533 0.000732
0.017389 -0.012181 -0.005047
-0.009600 -0.006848 -0.003406
0.004306 -0.006641 0.003998
0.003806 -0.020000 -0.005555
-0.003586 0.000142 0.001769
0.013413 -0.009916 0.002652
0.003281 0.008670 0.008795
-0.008834 0.003650 0.000515
-0.001608 0.019805 0.000338
0.011137 0.008884 -0.002336
0.000207 0.016299 -0.006375
-0.010160 -0.003083 0.001273
-0.000334 0.002928 0.003669
0.000237 -0.015736 -0.009892
-0.003798 -0.011385 -0.007253
-0.011225 -0.005149 -0.001423
0.011951 -0.006240 0.000692
-0.010021 -0.006124 -0.004377
0.004208 -0.007602 0.004581
0.002934 -0.018739 0.000605
-0.004151 0.000818 -0.015604
0.013767 -0.011389 0.002216
-0.015396 0.020764 0.008636
-0.013872 0.080277 -0.079749
-0.001350 0.018323 0.000869
0.012162 0.007132 -0.002724
0.067405 0.054160 -0.087545
-0.012315 -0.002557 -0.001749
-0.000035 0.005093 0.004701
-0.001356 -0.014480 -0.006813
-0.002350 -0.012716 -0.004149
-0.011305 -0.005205 -0.001496
0.011834 -0.007498 -0.000285
-0.009153 -0.005662 -0.004366
0.004271 -0.007845 0.003913
0.002820 -0.019949 0.000884
-0.003107 -0.000103 -0.018792
0.014139 -0.010998 0.001327
-0.001023 0.011003 0.011554
-0.008669 0.001650 0.000975
-0.000740 0.018681 0.000088
0.011502 0.008607 -0.002133
-0.000872 0.015395 -0.005277
-0.008518 0.001312 -0.003255
-0.002001 0.002398 0.004156
-0.000196 -0.015057 -0.002425
-0.005871 -0.013524 -0.000813
-0.010955 -0.005239 -0.001384
0.011649 -0.006473 0.000378
-0.005051 -0.002676 -0.008855
0.003187 -0.012599 -0.003219
0.003630 -0.019693 -0.000408
-0.004211 0.000542 0.001465
0.014512 -0.014638 0.002666
-0.000098 0.002550 -0.006407
0.007578 0.008147 -0.001831
-0.011383 0.015431 0.002812
0.007616 0.022834 -0.001446
0.001751 -0.003854 -0.000299
0.001691 0.004805 -0.010533
-0.009408 -0.001075 0.000379
-0.013721 -0.002223 -0.004668
-0.000969 0.007624 -0.003053
0.013834 -0.009853 -0.001932
-0.007716 0.009550 0.002929
-0.005965 -0.001024 -0.000009
0.012501 -0.005671 -0.000337
-0.002337 -0.004325 0.004361
0.010495 -0.009581 0.003799
-0.016849 -0.012140 0.001151
0.000089 0.001254 -0.010998
0.006940 0.009258 -0.002778
-0.010222 0.010470 0.001503
0.007439 0.022322 -0.002228
0.000156 0.000182 -0.005170
0.003118 0.003053 -0.005204
-0.008944 -0.002664 0.000502
0.001312 0.004725 0.003855
0.000002 0.008528 -0.002811
0.017939 -0.011487 0.004017
-0.008230 0.010582 0.003814
-0.005591 -0.000950 -0.007320
0.011720 -0.006385 0.000636
-0.002618 -0.005297 -0.001613
0.009718 -0.009906 0.002694
-0.016443 -0.012561 0.001615
0.000796 0.020038 -0.009202
0.007196 0.009111 -0.003532
-0.009112 0.011987 0.002675
0.006104 0.024238 -0.001290
-0.001723 -0.019785 -0.004716
0.005317 0.005623 -0.010049
-0.007543 -0.002257 -0.000254
-0.001467 0.006101 -0.001188
-0.000345 0.007563 -0.002134
0.017891 -0.011670 0.003611
-0.008474 0.009826 0.001455
-0.005426 -0.000660 -0.005057
0.011199 -0.004631 0.000967
-0.002696 -0.003343 -0.002205
0.010123 -0.009600 0.003447
-0.017071 -0.011170 0.001117
0.000581 0.003371 -0.004932
0.012458 0.008067 -0.002889
-0.010408 0.009981 0.001431
0.008211 0.024407 0.002113
0.000526 -0.002081 -0.000477
-0.001994 0.006891 -0.011982
-0.008365 -0.002495 0.001433
0.003538 0.005157 -0.000611
-0.002452 0.003721 -0.002421
0.017915 -0.011407 0.002962
-0.007974 0.010881 0.002596
-0.003358 -0.002010 -0.000421
0.011207 -0.005354 0.000131
-0.004798 -0.005456 0.004513
0.010549 -0.009384 0.003285
-0.017596 -0.012797 0.001678
-0.001346 0.004325 -0.005087
0.007430 0.008828 -0.003356
-0.012472 0.011614 0.006518
0.007629 0.023519 -0.002494
-0.000371 -0.001824 -0.001156
0.001067 0.003227 -0.010614
-0.007806 -0.002261 0.001317
0.006771 0.007111 -0.005560
-0.002136 0.008141 -0.001779
0.022473 -0.014013 -0.002057
-0.009852 0.010544 0.002869
-0.003775 -0.001028 0.000466
0.010700 -0.005543 0.000774
-0.004792 -0.006280 0.003453
0.010242 -0.009825 0.003424
-0.016620 -0.011755 0.001530
0.001281 0.004495 -0.006047
0.022488 0.017233 -0.005842
-0.010308 0.012324 0.007540
0.007363 0.024717 0.003374
-0.000258 -0.004322 -0.000505
0.001179 0.004259 -0.010594
-0.007833 -0.003971 -0.000048
0.003393 0.005536 -0.001512
-0.000602 0.006207 0.003026
0.017755 -0.011760 0.005941
-0.008195 0.010288 0.003375
-0.004795 -0.001047 0.000252
0.010684 0.001509 -0.006457
-0.003481 -0.005608 0.004118
0.010213 -0.009639 -0.004458
-0.016835 -0.012359 0.006794
-0.000180 0.003562 -0.004227
0.004551 0.007414 -0.008451
-0.006463 0.014378 0.002198
0.002410 0.026263 -0.001280
-0.000656 -0.001448 0.000579
0.000345 0.003549 -0.009880
-0.003556 -0.062575 -0.052548
0.003804 0.003594 -0.000444
0.003440 0.005107 -0.001650
0.018228 -0.012221 0.003001
-0.008561 0.010377 0.001200
-0.004994 -0.000801 0.000339
0.011778 -0.010596 -0.006948
-0.003131 -0.004886 0.004612
0.009363 -0.010845 -0.002711
-0.012213 -0.024321 0.625305
-0.001308 0.003102 -0.005347
0.009187 0.009586 0.000887
-0.010762 0.010555 0.002437
0.009349 0.027508 -0.002026
-0.001317 -0.003008 0.000277
0.015118 -0.003898 -0.014130
-0.007538 -0.001863 0.000586
0.002813 0.005526 -0.000425
-0.001927 0.006304 0.002321
0.018053 -0.011838 0.003359
-0.009162 0.009595 0.002790
-0.005231 -0.000097 -0.000512
0.011394 -0.005522 0.002257
-0.002177 -0.005721 0.004701
0.010203 -0.010265 0.003092
-0.016150 -0.010766 0.001422
