5.50193 -0.00006 0.00000
-2.75102 4.76478 0.00000
0.00000 0.00000 4.45641
1.00000 2.00000 6.00000
1.00000 2.00000 -6.00000
-3.00000 -1.00000 0.00000
-2.66669 -0.33331 1.24997 Ir
-1.33331 1.33331 -4.25036 Ir
-2.16669 -0.33331 1.25031 Ir
-1.16669 1.16669 -4.75019 Ir
-1.66669 1.16669 -4.74987 Ir
-1.83331 1.33331 -4.24971 Ir
-2.33331 -0.16669 1.75031 Ir
0.16669 0.83331 1.75002 Ir
-0.66669 1.66669 -3.75000 Ir
-0.33331 1.33331 -3.25000 Ir
-0.16669 1.66669 -3.75000 Ir
-0.16669 1.16669 -3.75000 Ir
-0.66669 1.16669 -3.75000 Ir
-0.83331 1.33331 -3.25000 Ir
-0.33331 1.83331 -3.25000 Ir
-0.83331 1.83331 -3.25000 Ir
-0.66669 0.66669 2.25000 Ir
0.66669 2.33331 -3.25000 Ir
-0.16669 0.66669 2.25000 Ir
0.83331 2.16669 -3.75000 Ir
0.33331 2.16669 -3.75000 Ir
0.16669 2.33331 -3.25000 Ir
-0.33331 0.83331 2.75000 Ir
-0.83331 0.83331 2.75000 Ir
-1.66669 1.66669 -3.75000 Ir
-1.32726 1.33331 -3.25000 Ir
-1.16669 1.66669 -3.75000 Ir
-1.16669 1.16669 -3.73504 Ir
-1.66669 1.16669 -3.75000 Ir
-1.83331 1.33331 -3.25000 Ir
-1.32632 1.84731 -3.25000 Ir
0.16669 0.83331 2.75000 Ir
-0.66669 1.66669 -2.75000 Ir
-0.31514 1.33331 -2.25000 Ir
-0.16669 1.66669 -2.75000 Ir
-0.16669 1.16669 -2.72756 Ir
-0.66669 1.16669 -2.75000 Ir
-0.83331 1.33331 -2.25000 Ir
-0.33331 1.83331 -2.25000 Ir
-0.83331 1.83331 -2.25000 Ir
0.33331 1.66669 -2.75000 Ir
-2.30908 0.33331 -2.25000 Ir
-2.16669 0.66669 -2.75000 Ir
-2.16669 0.16669 -2.75000 Ir
0.33331 1.16669 -2.75000 Ir
0.16669 1.33331 -2.25000 Ir
0.68418 1.86829 -2.25000 Ir
0.16669 1.83331 -2.25000 Ir
-1.66669 0.66669 3.25000 Ir
-0.30302 2.33331 -2.25000 Ir
-1.16669 0.66669 3.25000 Ir
-0.16669 2.16669 -2.75000 Ir
-0.66669 2.16669 -2.75000 Ir
-0.83331 2.33331 -2.25000 Ir
-1.33331 0.83331 3.75000 Ir
-1.83331 0.83331 3.75000 Ir
0.33331 2.66669 -2.75000 Ir
0.70304 2.33331 -2.25000 Ir
0.83331 2.66669 -2.75000 Ir
0.83331 2.16669 -2.70512 Ir
0.33331 2.16669 -2.75000 Ir
0.16669 2.33331 -2.25000 Ir
0.66669 2.83331 -2.25000 Ir
-0.83331 0.83331 3.75000 Ir
-1.66669 1.66669 -2.75000 Ir
-1.33331 1.33331 -2.25000 Ir
-1.16669 1.66669 -2.75000 Ir
-1.16669 1.16669 -2.78740 Ir
-1.66669 1.16669 -2.75000 Ir
-1.83331 1.33331 -2.25000 Ir
-1.35080 1.79834 -2.25000 Ir
1.16669 2.83331 -2.25000 Ir
-1.66669 0.66669 -1.75000 Ir
-1.33331 0.33331 -1.25000 Ir
-1.16669 0.66669 -1.75000 Ir
-1.16669 0.16669 -1.75000 Ir
-1.66669 0.16669 -1.75000 Ir
-1.83331 0.33331 -1.25000 Ir
-1.34731 0.80533 -1.25000 Ir
-1.83331 0.83331 -1.25000 Ir
-0.66669 1.66669 -1.75000 Ir
-0.35755 1.33331 -1.25000 Ir
-0.16669 1.66669 -1.75000 Ir
-0.16669 1.16669 -1.77992 Ir
-0.66669 1.16669 -1.75000 Ir
-0.83331 1.33331 -1.25000 Ir
-0.34731 1.80533 -1.25000 Ir
-0.83331 1.83331 -1.25000 Ir
0.33331 1.66669 -1.75000 Ir
-2.33331 0.33331 -1.25000 Ir
-2.16669 0.66669 -1.75000 Ir
-2.16669 0.16669 -1.75000 Ir
0.33331 1.16669 -1.75000 Ir
0.16669 1.33331 -1.25000 Ir
0.66669 1.83331 -1.25000 Ir
0.16669 1.83331 -1.25000 Ir
-1.66669 0.66669 4.25000 Ir
-0.35149 2.33331 -1.25000 Ir
-0.16669 2.66669 -1.75000 Ir
-0.16669 2.16669 -1.77244 Ir
-0.66669 2.16669 -1.75000 Ir
-0.83331 2.33331 -1.25000 Ir
-0.33331 2.83331 -1.25000 Ir
-1.83331 0.83331 4.75000 Ir
0.33331 2.66669 -1.75000 Ir
0.66669 2.33331 -1.25000 Ir
0.83331 2.66669 -1.75000 Ir
0.83331 2.16669 -1.76496 Ir
0.33331 2.16669 -1.75000 Ir
0.16669 2.33331 -1.25000 Ir
0.65969 2.81932 -1.25000 Ir
0.16669 2.83331 -1.25000 Ir
-1.66669 1.66669 -1.75000 Ir
-1.33331 1.33331 -1.25000 Ir
-1.16669 1.66669 -1.75000 Ir
-1.16669 1.16669 -1.75000 Ir
-1.66669 1.16669 -1.75000 Ir
-1.83331 1.33331 -1.25000 Ir
-1.33331 1.83331 -1.25000 Ir
1.16669 2.83331 -1.25000 Ir
0.33331 1.66669 4.25000 Ir
-1.33937 2.33331 -1.25000 Ir
-2.16669 0.66669 4.25000 Ir
-1.16669 2.16669 -1.75000 Ir
1.33331 3.16669 -1.75000 Ir
1.16669 3.33331 -1.25000 Ir
0.66669 1.83331 4.75000 Ir
0.16669 1.83331 4.75000 Ir
-1.66669 0.66669 -0.75000 Ir
-1.33331 0.33331 -0.25000 Ir
-1.16669 0.66669 -0.75000 Ir
-1.16669 0.16669 -0.75000 Ir
-1.66669 0.16669 -0.75000 Ir
-1.83331 0.33331 -0.25000 Ir
-1.33331 0.83331 -0.25000 Ir
-1.83331 0.83331 -0.25000 Ir
-0.66669 0.66669 -0.75000 Ir
-0.32726 0.33331 -0.25000 Ir
-0.16669 0.66669 -0.75000 Ir
-0.16669 0.16669 -0.74252 Ir
-0.66669 0.16669 -0.75000 Ir
-0.83331 0.33331 -0.25000 Ir
-0.33331 0.83331 -0.25000 Ir
-0.83331 0.83331 -0.25000 Ir
-0.66669 1.66669 -0.75000 Ir
-0.32120 1.33331 -0.25000 Ir
-0.16669 1.66669 -0.75000 Ir
-0.16669 1.16669 -0.73504 Ir
-0.66669 1.16669 -0.75000 Ir
-0.83331 1.33331 -0.25000 Ir
-0.32632 1.84731 -0.25000 Ir
-0.83331 1.83331 -0.25000 Ir
0.33331 1.66669 -0.75000 Ir
-2.33331 0.33331 -0.25000 Ir
-2.16669 0.66669 -0.75000 Ir
-2.16669 0.16669 -0.75000 Ir
0.33331 1.16669 -0.75000 Ir
0.16669 1.33331 -0.25000 Ir
0.67718 1.85430 -0.25000 Ir
0.16669 1.83331 -0.25000 Ir
-0.66669 2.66669 -0.75000 Ir
-0.31514 2.33331 -0.25000 Ir
-0.16669 2.66669 -0.75000 Ir
-0.16669 2.16669 -0.75000 Ir
-0.66669 2.16669 -0.75000 Ir
-0.83331 2.33331 -0.25000 Ir
-0.33331 2.83331 -0.25000 Ir
-0.83331 2.83331 -0.25000 Ir
0.33331 2.66669 -0.75000 Ir
0.69092 2.33331 -0.25000 Ir
0.83331 2.66669 -0.75000 Ir
0.83331 2.16669 -0.72008 Ir
0.33331 2.16669 -0.75000 Ir
0.16669 2.33331 -0.25000 Ir
0.68068 2.86130 -0.25000 Ir
0.16669 2.83331 -0.25000 Ir
-1.66669 1.66669 -0.75000 Ir
-1.33331 1.33331 -0.25000 Ir
-1.16669 1.66669 -0.75000 Ir
-1.16669 1.16669 -0.75000 Ir
-1.66669 1.16669 -0.75000 Ir
-1.83331 1.33331 -0.25000 Ir
-1.33331 1.83331 -0.25000 Ir
1.16669 2.83331 -0.25000 Ir
-1.66669 -0.33331 -0.75000 Ir
0.66669 3.33331 -0.25000 Ir
-0.16669 1.66669 5.25000 Ir
0.83331 3.16669 -0.71260 Ir
0.33331 3.16669 -0.75000 Ir
-0.83331 1.33331 5.75000 Ir
-1.31582 -0.13171 -0.25000 Ir
-1.83331 -0.16669 -0.25000 Ir
0.33331 1.66669 5.25000 Ir
-1.33331 2.33331 -0.25000 Ir
-1.16669 2.66669 -0.75000 Ir
-1.16669 2.16669 -0.75000 Ir
1.33331 3.16669 -0.75000 Ir
1.15457 3.33331 -0.25000 Ir
0.65619 1.81233 5.75000 Ir
-0.83331 -0.16669 -0.25000 Ir
-1.66669 0.66669 0.25000 Ir
-1.35149 0.33331 0.75000 Ir
-1.16669 0.66669 0.25000 Ir
-1.16669 0.16669 0.25000 Ir
-1.66669 0.16669 0.25000 Ir
-1.83331 0.33331 0.75000 Ir
-1.33331 0.83331 0.75000 Ir
-1.83331 0.83331 0.75000 Ir
-0.66669 0.66669 0.25000 Ir
-0.33331 0.33331 0.75000 Ir
-0.16669 0.66669 0.25000 Ir
-0.16669 0.16669 0.23504 Ir
-0.66669 0.16669 0.25000 Ir
-0.83331 0.33331 0.75000 Ir
-0.34031 0.81932 0.75000 Ir
-0.83331 0.83331 0.75000 Ir
-2.66669 -0.33331 0.25000 Ir
-1.34543 1.33331 -5.25000 Ir
-2.16669 -0.33331 0.25000 Ir
-0.16669 3.16669 0.25000 Ir
-1.66669 1.16669 -5.75000 Ir
-2.83331 -0.66669 0.75000 Ir
-2.33331 -0.16669 0.75000 Ir
0.16669 0.83331 0.75000 Ir
-0.66669 1.66669 0.25000 Ir
-0.33331 1.33331 0.75000 Ir
-0.16669 1.66669 0.25000 Ir
-0.16669 1.16669 0.24252 Ir
-0.66669 1.16669 0.25000 Ir
-0.83331 1.33331 0.75000 Ir
-0.33681 1.82632 0.75000 Ir
-0.83331 1.83331 0.75000 Ir
0.33331 1.66669 0.25000 Ir
-2.33937 0.33331 0.75000 Ir
-2.16669 0.66669 0.25000 Ir
-2.16669 0.16669 0.25000 Ir
0.33331 1.16669 0.25000 Ir
0.16669 1.33331 0.75000 Ir
0.66669 1.83331 0.75000 Ir
0.16669 1.83331 0.75000 Ir
-0.66669 2.66669 0.25000 Ir
-0.33331 2.33331 0.75000 Ir
-0.16669 2.66669 0.25000 Ir
-0.16669 2.16669 0.25000 Ir
-0.66669 2.16669 0.25000 Ir
-0.83331 2.33331 0.75000 Ir
-0.33331 2.83331 0.75000 Ir
-0.83331 2.83331 0.75000 Ir
0.33331 2.66669 0.25000 Ir
0.66669 2.33331 0.75000 Ir
0.83331 2.66669 0.25000 Ir
0.83331 2.16669 0.25000 Ir
0.33331 2.16669 0.25000 Ir
0.16669 2.33331 0.75000 Ir
0.66669 2.83331 0.75000 Ir
0.16669 2.83331 0.75000 Ir
-1.66669 1.66669 0.25000 Ir
-1.33331 1.33331 0.75000 Ir
-1.16669 1.66669 0.25000 Ir
-1.16669 1.16669 0.25748 Ir
-1.66669 1.16669 0.25000 Ir
-1.83331 1.33331 0.75000 Ir
-1.32982 1.84031 0.75000 Ir
1.16669 2.83331 0.75000 Ir
-1.66669 -0.33331 0.25000 Ir
0.67274 3.33331 0.75000 Ir
-0.16669 1.66669 -5.75000 Ir
0.83331 3.16669 0.25748 Ir
0.33331 3.16669 0.25000 Ir
-0.83331 1.33331 -5.25000 Ir
-1.33331 -0.16669 0.75000 Ir
-1.83331 -0.16669 0.75000 Ir
1.33331 3.66669 0.25000 Ir
-1.33331 2.33331 0.75000 Ir
-1.16669 2.66669 0.25000 Ir
-1.16669 2.16669 0.25000 Ir
1.33331 3.16669 0.25000 Ir
1.16669 3.33331 0.75000 Ir
0.67368 1.84731 -5.25000 Ir
0.16669 1.83331 -5.25000 Ir
-1.66669 0.66669 1.25000 Ir
-1.32120 0.33331 1.75000 Ir
-1.16669 0.66669 1.25000 Ir
-1.16669 0.16669 1.26496 Ir
-1.66669 0.16669 1.25000 Ir
-1.83331 0.33331 1.75000 Ir
-1.33331 0.83331 1.75000 Ir
-1.83331 0.83331 1.75000 Ir
-0.66669 0.66669 1.25000 Ir
0.66669 2.33331 -4.25000 Ir
-0.16669 0.66669 1.25000 Ir
0.83331 2.16669 -4.75000 Ir
-0.66669 0.16669 1.25000 Ir
-0.83331 0.33331 1.75000 Ir
-0.32282 0.85430 1.75000 Ir
-0.83331 0.83331 1.75000 Ir
-0.66669 1.66669 1.25000 Ir
-0.31514 1.33331 1.75000 Ir
-0.16669 1.66669 1.25000 Ir
-0.16669 1.16669 1.27244 Ir
-0.66669 1.16669 1.25000 Ir
-0.83331 1.33331 1.75000 Ir
-0.33331 1.83331 1.75000 Ir
-0.83331 1.83331 1.75000 Ir
0.33331 1.66669 1.25000 Ir
-2.33331 0.33331 1.75000 Ir
-2.16669 0.66669 1.25000 Ir
-2.16669 0.16669 1.25000 Ir
0.33331 1.16669 1.25000 Ir
0.16669 1.33331 1.75000 Ir
0.66669 1.83331 1.75000 Ir
0.16669 1.83331 1.75000 Ir
-0.66669 2.66669 1.24996 Ir
-0.33282 2.33331 1.75000 Ir
-0.16669 2.66669 1.24963 Ir
-0.16731 2.16669 1.25000 Ir
-0.66669 2.16669 1.24978 Ir
-0.83343 2.33331 1.75000 Ir
-1.33331 0.83331 -4.24960 Ir
-1.83287 0.83331 -4.25000 Ir
0.33331 2.66669 1.24967 Ir
0.66619 2.33331 1.75000 Ir
0.83331 2.66669 1.25042 Ir
0.83389 2.16669 1.25000 Ir
0.33331 2.16669 1.24995 Ir
0.16669 2.33331 1.75000 Ir
0.66669 2.83331 1.75002 Ir
0.16674 2.83331 1.75000 Ir
-1.66669 1.66669 1.24986 Ir
-1.33453 1.33098 1.75000 Ir
-1.16669 1.66669 1.25000 Ir
-1.16669 1.16669 1.25000 Ir
-1.66669 1.16669 1.25000 Ir
-1.83331 1.33331 1.75125 Ir
-1.32421 1.83735 1.74751 Ir
1.16810 2.83331 1.75000 Ir
-0.66669 1.66669 -4.75000 Ir
-0.33331 1.33331 -4.25000 Ir
-0.16669 1.66669 -4.75000 Ir
0.83817 3.16832 1.26296 Ir
-0.65894 1.17814 -4.75000 Ir
-0.83331 1.33331 -4.25000 Ir
-0.33331 1.83331 -4.25000 Ir
-0.83331 1.83331 -4.25000 Ir
0.33565 1.67135 -4.74825 Ir
-1.32049 2.33798 1.75874 Ir
-2.16669 0.66669 -4.75000 Ir
-1.16669 2.16669 1.25000 Ir
1.33331 3.16669 1.25000 Ir
0.16669 1.33331 -4.24501 Ir
0.67517 1.84745 -4.24875 Ir
0.17377 1.83331 -4.25000 Ir
-1.66669 0.66669 2.25000 Ir
-1.33331 0.33331 2.75000 Ir
-1.16669 0.66669 2.25000 Ir
-0.16183 2.16832 -3.73920 Ir
-1.66159 0.17486 2.25000 Ir
-1.83331 0.33331 2.75000 Ir
-1.33331 0.83331 2.75000 Ir
-1.83331 0.83331 2.75000 Ir
-0.66435 1.67135 2.25175 Ir
-0.32515 1.33565 2.76224 Ir
-0.16669 1.66669 2.25000 Ir
-0.16669 1.16669 2.25000 Ir
-0.66669 1.16669 2.25000 Ir
-0.83331 1.33331 2.75499 Ir
-0.32685 1.84341 2.75623 Ir
-0.82340 1.83331 2.75000 Ir
0.33331 1.66669 2.25000 Ir
-2.33331 0.33331 2.75000 Ir
-2.16669 0.66669 2.25000 Ir
-2.16183 0.16832 2.25648 Ir
0.34409 1.17814 2.25000 Ir
0.16669 1.33331 2.75000 Ir
0.66669 1.83331 2.75000 Ir
0.16669 1.83331 2.75000 Ir
-1.66610 0.66785 -3.74126 Ir
-0.33798 2.33098 2.75175 Ir
-1.16669 0.66669 -3.75000 Ir
-0.16669 2.16669 2.25000 Ir
-0.66669 2.16669 2.25000 Ir
-1.83331 0.33331 -3.24875 Ir
-1.32584 0.84543 -3.24751 Ir
-1.82340 0.83331 -3.25000 Ir
0.33331 2.66669 2.25000 Ir
0.66669 2.33331 2.75000 Ir
0.83331 2.66669 2.25000 Ir
0.83514 2.16832 2.26296 Ir
0.34144 2.17486 2.25000 Ir
0.16669 2.33331 2.75000 Ir
-0.33331 0.83331 -3.25000 Ir
-0.83331 0.83331 -3.25000 Ir
-1.66610 1.66785 2.25175 Ir
-1.32049 1.33448 2.75874 Ir
-1.16669 1.66669 2.25000 Ir
-1.16669 1.16669 2.25000 Ir
-1.66669 1.16669 2.25000 Ir
-1.83331 1.33331 2.75499 Ir
-1.32118 1.84341 2.75873 Ir
1.17944 2.83331 2.75000 Ir
0.33331 1.66669 -3.75000 Ir
-2.33331 0.33331 -3.25000 Ir
-2.16669 0.66669 -3.75000 Ir
-1.16486 2.16832 2.25864 Ir
0.34106 1.17814 -3.75000 Ir
0.16669 1.33331 -3.25000 Ir
0.66669 1.83331 -3.25000 Ir
0.16669 1.83331 -3.25000 Ir
-0.66610 1.66785 3.25175 Ir
-0.32165 1.33914 3.76224 Ir
-0.16669 1.66669 3.25000 Ir
-0.16669 1.16669 3.25000 Ir
-0.66669 1.16669 3.25000 Ir
-0.83331 1.33331 3.75125 Ir
-0.32887 1.83937 3.75623 Ir
-0.82340 1.83331 3.75000 Ir
0.33331 1.66669 3.25000 Ir
-2.33331 0.33331 3.75000 Ir
-2.16669 0.66669 3.25000 Ir
-1.16486 2.16832 -2.74136 Ir
0.34144 1.17486 3.25000 Ir
0.16669 1.33331 3.75000 Ir
0.66669 1.83331 3.75000 Ir
0.16669 1.83331 3.75000 Ir
-1.66610 0.66785 -2.74825 Ir
-1.32049 0.33798 -2.24126 Ir
-1.16669 0.66669 -2.75000 Ir
-0.16669 2.16669 3.25000 Ir
-0.66669 2.16669 3.25000 Ir
-1.83331 0.33331 -2.24875 Ir
-1.32685 0.84341 -2.24875 Ir
-1.82623 0.83331 -2.25000 Ir
-0.66669 0.66669 -2.75000 Ir
0.66669 2.33331 3.75000 Ir
0.83331 2.66669 3.25000 Ir
0.83514 2.16832 3.25864 Ir
0.34106 2.17814 3.25000 Ir
0.16669 2.33331 3.75000 Ir
-0.33331 0.83331 -2.25000 Ir
-0.83331 0.83331 -2.25000 Ir
-1.66610 1.66785 3.25175 Ir
-1.32515 1.33914 3.76224 Ir
-1.16669 1.66669 3.25000 Ir
-1.16669 1.16669 3.25000 Ir
-1.66669 1.16669 3.25000 Ir
-1.83331 1.33331 3.75249 Ir
-1.32503 1.84139 3.75499 Ir
0.17377 0.83331 -2.25000 Ir
-0.66669 1.66669 4.25000 Ir
-0.33331 1.33331 4.75000 Ir
-0.16669 1.66669 4.25000 Ir
-0.16221 1.17159 4.26296 Ir
-0.65856 1.17486 4.25000 Ir
-0.83331 1.33331 4.75000 Ir
-0.33331 1.83331 4.75000 Ir
-1.83331 -0.16669 -1.25000 Ir
-0.66552 0.66902 -1.74475 Ir
-0.32399 0.33448 -1.24126 Ir
-0.16669 0.66669 -1.75000 Ir
0.83331 2.16669 4.25000 Ir
0.33331 2.16669 4.25000 Ir
-0.83331 0.33331 -1.24751 Ir
-0.32502 0.84139 -1.24751 Ir
-0.82340 0.83331 -1.25000 Ir
-2.66669 -0.33331 -1.75000 Ir
-1.33331 1.33331 4.75000 Ir
-1.16669 1.66669 4.25000 Ir
-1.16221 1.17159 4.26080 Ir
-1.65591 1.17814 4.25000 Ir
-1.83331 1.33331 4.75000 Ir
-2.33331 -0.16669 -1.25000 Ir
0.16669 0.83331 -1.25000 Ir
-2.66552 -0.33098 -0.74475 Ir
-2.32515 -0.66086 -0.23776 Ir
-2.16669 -0.33331 -0.75000 Ir
-1.16669 1.16669 5.25000 Ir
-1.66669 1.16669 5.25000 Ir
-2.83331 -0.66669 -0.24501 Ir
-2.33291 -0.16871 -0.24377 Ir
0.16527 0.83331 -0.25000 Ir
