2176.0000 0.05 1
1.875
3.75
6.25
6.25
7.5
16.25
8.75
7.5
17.5
15
14.375
16.25
25
16.25
6.25
31.25
23.125
18.125
28.75
10
10
13.125
10
10
16.25
20
25
30
37.5
19.375
23.75
27.5
13.75
26.875
20.625
29.375
21.25
41.25
44.375
30.625
37.5
55
48.75
45.625
41.875
67.5
54.375
49.375
85
91.875
98.75
124.375
138.125
134.375
138.125
155.625
180
153.125
156.875
200.625
176.25
176.25
232.5
251.875
270
237.5
234.375
279.375
293.125
310
296.875
320
303.75
313.75
321.25
339.375
340.625
361.875
317.5
355
371.875
362.5
330.625
360
334.375
377.5
313.75
295
303.125
286.25
273.75
256.875
230
250.625
251.875
300
205.625
250
312.5
294.375
318.75
306.875
310
300
246.25
297.5
308.75
295.625
325.625
275.625
280
303.125
272.5
318.75
291.25
316.875
251.25
296.25
353.125
316.25
316.875
316.875
324.375
366.875
340
380.625
402.5
377.5
390.625
394.375
395.625
430
450.625
470
451.875
442.5
452.5
438.125
447.5
416.25
405
430.625
382.5
357.5
318.75
350.625
328.75
309.375
318.125
327.5
305
276.875
216.25
256.25
250
301.875
277.5
249.375
272.5
224.375
321.25
286.25
328.75
300.625
305.625
288.125
287.5
295.625
352.5
288.75
324.375
350
373.125
355.625
261.25
286.875
213.125
289.375
345.625
267.5
264.375
265
259.375
236.875
244.375
250.625
263.125
326.25
240.625
226.875
237.5
225.625
180.625
247.5
253.75
282.5
255.625
308.75
250.625
265
256.875
205
205
269.375
253.75
325
346.875
342.5
355
275.625
366.25
294.375
513.125
535.625
508.75
423.75
368.75
260.625
233.125
205
163.75
120.625
61.875
30
11.25
3.75
1.875
3.75
1.25
0
0
0
0
0
0
0
0
0
0
2.5
0
