2176.0000 0.05 1
1.11111
4.44444
11.1111
2.22222
11.1111
4.44444
13.3333
11.1111
20
11.1111
6.66667
11.1111
24.4444
23.3333
17.7778
23.3333
26.6667
18.8889
13.3333
32.2222
18.8889
8.88889
4.44444
10
14.4444
14.4444
36.6667
40
23.3333
40
11.1111
26.6667
17.7778
31.1111
24.4444
32.2222
26.6667
27.7778
40
24.4444
32.2222
46.6667
36.6667
47.7778
70
55.5556
56.6667
41.1111
80
108.889
93.3333
128.889
125.556
138.889
148.889
146.667
161.111
190
192.222
200
216.667
267.778
191.111
231.111
236.667
284.444
236.667
280
253.333
263.333
292.222
300
315.556
342.222
314.444
352.222
282.222
350
304.444
308.889
297.778
298.889
291.111
280
314.444
275.556
244.444
285.556
290
300
311.111
324.444
318.889
307.778
336.667
317.778
314.444
293.333
294.444
301.111
304.444
291.111
327.778
357.778
317.778
360
375.556
363.333
346.667
354.444
338.889
293.333
251.111
213.333
184.444
153.333
191.111
241.111
264.444
328.889
353.333
404.444
417.778
393.333
427.778
413.333
447.778
400
386.667
358.889
342.222
368.889
345.556
397.778
382.222
378.889
385.556
427.778
406.667
452.222
407.778
411.111
406.667
356.667
366.667
374.444
364.444
378.889
435.556
417.778
410
434.444
403.333
341.111
350
320
353.333
316.667
324.444
255.556
284.444
264.444
271.111
256.667
244.444
222.222
276.667
211.111
243.333
213.333
236.667
260
220
244.444
234.444
212.222
206.667
227.778
178.889
207.778
172.222
195.556
180
174.444
257.778
234.444
230
211.111
215.556
170
175.556
196.667
262.222
238.889
222.222
275.556
240
226.667
262.222
345.556
344.444
314.444
308.889
327.778
305.556
335.556
380
418.889
425.556
426.667
450
426.667
513.333
472.222
498.889
471.111
426.667
350
316.667
228.889
118.889
14.4444
1.11111
0
0
0
0
0
0
0
0
0
0
0
0
0
0
0
0
0
0
0
0
0
0
6.66667
0
0
2.22222
0
2.22222
2.22222
2.22222
5.55556
2.22222
2.22222
0
4.44444
2.22222
4.44444
6.66667
0
2.22222
2.22222
3.33333
0
2.22222
0
0
2.22222
0
2.22222
0
