2176.0000 0.05 1
1.11111
4.44444
11.1111
2.22222
11.1111
4.44444
13.3333
11.1111
20
11.1111
6.66667
11.1111
24.4444
23.3333
17.7778
23.3333
26.6667
18.8889
13.3333
32.2222
18.8889
11.1111
2.22222
10
14.4444
16.6667
34.4444
37.7778
27.7778
37.7778
11.1111
26.6667
17.7778
33.3333
22.2222
32.2222
26.6667
27.7778
40
24.4444
32.2222
46.6667
36.6667
47.7778
70
55.5556
56.6667
41.1111
80
106.667
95.5556
126.667
127.778
134.444
151.111
148.889
161.111
190
187.778
206.667
214.444
267.778
192.222
230
234.444
286.667
235.556
277.778
256.667
261.111
291.111
298.889
320
337.778
318.889
352.222
282.222
347.778
304.444
308.889
293.333
301.111
293.333
277.778
314.444
268.889
253.333
283.333
294.444
295.556
315.556
316.667
322.222
305.556
334.444
322.222
315.556
296.667
292.222
301.111
300
291.111
330
362.222
312.222
361.111
377.778
356.667
355.556
350
336.667
297.778
248.889
217.778
175.556
164.444
188.889
241.111
262.222
333.333
348.889
396.667
418.889
395.556
433.333
410
450
402.222
382.222
354.444
346.667
371.111
347.778
394.444
383.333
374.444
387.778
427.778
404.444
456.667
410
408.889
406.667
356.667
360
376.667
366.667
376.667
433.333
415.556
410
441.111
401.111
338.889
356.667
322.222
351.111
308.889
332.222
257.778
286.667
253.333
272.222
262.222
246.667
220
274.444
208.889
245.556
217.778
234.444
256.667
218.889
251.111
230
214.444
208.889
227.778
176.667
203.333
176.667
197.778
175.556
174.444
256.667
235.556
231.111
213.333
216.667
168.889
176.667
196.667
262.222
236.667
224.444
270
244.444
225.556
257.778
350
344.444
315.556
303.333
332.222
307.778
333.333
378.889
411.111
430
427.778
445.556
432.222
511.111
470
501.111
476.667
421.111
354.444
316.667
228.889
123.333
14.4444
1.11111
0
0
0
0
0
0
0
0
0
0
0
0
0
0
0
0
0
0
0
0
0
0
6.66667
0
0
2.22222
0
4.44444
2.22222
2.22222
0
5.55556
0
0
6.66667
0
4.44444
6.66667
0
2.22222
6.66667
1.11111
0
0
0
0
2.22222
0
2.22222
0
