-0.000845 0.011465 0.010853
-0.009101 0.001489 0.000078
-0.001065 0.018419 0.000532
0.012092 0.007347 -0.001867
-0.002402 0.015798 -0.007209
-0.008759 0.000446 -0.002523
0.003088 0.002633 0.012491
0.000054 -0.016652 -0.001987
-0.003602 -0.010633 -0.000632
-0.011319 -0.004776 -0.002376
0.010967 -0.006585 -0.000180
-0.011352 -0.005976 -0.007910
0.002762 -0.007273 -0.000566
0.004055 -0.019987 0.000416
-0.003546 0.000338 0.003205
0.014747 -0.012401 0.002201
0.000965 0.010353 0.011950
-0.013497 0.004930 0.007592
-0.001743 0.018989 0.000655
0.011139 0.008452 -0.002891
-0.001229 0.016400 -0.000743
-0.009806 -0.000064 -0.003634
-0.000165 0.002938 0.005087
0.002472 -0.016198 -0.006071
-0.003662 -0.008182 0.001135
-0.010946 -0.005749 -0.001274
0.011624 -0.006994 0.000636
-0.009920 -0.006017 -0.003176
0.003786 -0.008087 0.004207
0.004836 -0.020684 -0.001001
-0.005373 0.002876 0.001378
0.013389 -0.011317 0.003451
-0.002305 0.012041 0.012582
-0.005945 -0.001125 0.008141
-0.001357 0.019152 0.000486
0.011059 0.007970 -0.003355
-0.004014 0.014582 -0.004368
-0.008291 0.000533 -0.001370
-0.000383 0.003094 0.005282
0.003887 -0.015088 -0.003020
-0.004745 -0.031077 0.002542
-0.010656 -0.005786 -0.001148
0.010686 -0.005665 0.001115
-0.008630 -0.005976 -0.003199
0.004809 -0.006492 0.004517
0.002859 -0.019429 0.000124
-0.089230 0.048124 0.112446
0.012867 -0.010569 0.003152
-0.000503 0.011565 0.012316
-0.008939 0.001523 0.000198
-0.000780 0.019509 -0.000058
0.011714 0.008183 0.018142
-0.001895 0.015725 -0.006825
-0.009300 0.001011 -0.001007
-0.000914 0.004444 0.005133
-0.000888 -0.016754 -0.002717
-0.003191 -0.011492 -0.001635
-0.008087 -0.004099 0.002390
0.010850 -0.008030 0.000134
-0.005394 -0.002496 -0.002820
-0.012540 0.000532 0.006391
0.003263 -0.019923 0.000449
-0.003578 0.000644 0.002392
0.012664 -0.012470 -0.001376
-0.000212 0.010366 0.012159
-0.009179 0.001220 -0.000649
-0.002014 0.020053 0.000663
0.010744 0.008730 -0.003926
-0.001118 0.015940 -0.006682
-0.009062 0.001815 -0.002415
-0.005583 0.006603 0.009824
0.000813 -0.016093 -0.002353
-0.002801 -0.012063 -0.001064
-0.011481 -0.005603 -0.001153
0.009996 -0.006317 0.002036
-0.011303 -0.002354 -0.003072
-0.000439 -0.007505 0.004301
0.003935 -0.019251 -0.000956
-0.003013 0.002108 0.001830
0.012879 -0.009707 0.003531
-0.000586 0.011250 0.019120
-0.009061 0.001373 -0.001514
-0.000551 0.019340 -0.004597
0.012242 0.007509 -0.002392
-0.001354 0.014671 -0.007268
-0.013262 -0.003943 0.004771
-0.000814 0.003032 0.004739
-0.004328 -0.014144 -0.000060
-0.002626 -0.011480 -0.001102
-0.012306 -0.005860 -0.005743
0.012726 -0.005665 0.000348
-0.010651 -0.006788 -0.002391
0.005514 -0.006234 0.003405
0.001428 -0.021590 -0.000396
-0.004038 0.000232 0.001303
0.013916 -0.013701 -0.002339
-0.001388 0.011263 0.015095
-0.008010 0.001675 0.000428
0.017288 0.014867 -0.669336
0.011801 0.007462 -0.002570
-0.001710 0.016411 -0.007495
-0.006062 0.004822 0.004084
0.000505 0.003694 0.004288
0.016542 -0.024848 0.000971
-0.004830 -0.011941 -0.001229
-0.015897 -0.003829 -0.002231
0.098515 0.037291 0.100694
-0.010555 -0.005695 -0.002274
0.004160 -0.007883 0.004431
-0.073096 -0.060147 0.092778
-0.003569 0.001350 0.002372
0.017240 -0.013598 0.002311
-0.000555 0.010329 0.011916
-0.009024 0.001519 0.000080
-0.002224 0.017969 0.000046
0.012772 0.007445 0.017857
-0.000524 0.016666 -0.005800
-0.008732 0.000970 -0.000963
-0.000218 0.003012 0.005376
0.000665 -0.015607 -0.001769
-0.004346 -0.012024 -0.000866
-0.029090 -0.014327 0.000359
0.011327 -0.006401 0.001265
-0.010041 -0.003663 -0.008537
0.008089 -0.009590 0.005821
0.003088 -0.018875 -0.001223
-0.003203 -0.000453 0.001164
0.012392 -0.015643 0.002799
-0.000364 0.003396 -0.005391
0.007714 0.008486 -0.002167
-0.009932 0.010799 0.001642
0.006862 0.023176 -0.001585
-0.001061 -0.002444 -0.000396
0.001782 0.004746 -0.012237
-0.007548 -0.002117 0.000356
0.003556 0.005574 -0.000556
-0.000914 0.008503 -0.003326
0.017865 -0.011360 0.004122
-0.008399 0.010173 0.002990
-0.003671 -0.001549 0.000357
0.009707 -0.005266 -0.000016
-0.003688 -0.004981 0.004707
0.010019 -0.010507 0.002507
-0.017403 -0.012428 0.000923
-0.000440 0.004199 -0.004938
0.003061 0.007249 0.003187
-0.009960 0.011001 0.001121
0.006484 0.022588 -0.000856
0.000056 -0.002097 -0.001075
0.000895 0.005119 -0.010440
-0.008489 -0.002483 0.007842
0.003026 0.005409 -0.000158
-0.000604 0.007530 -0.003749
0.016283 -0.011126 0.003669
-0.009093 0.009766 0.002481
-0.004372 -0.000681 0.000204
0.012102 -0.007931 0.004028
-0.003253 -0.005072 0.005510
0.011808 -0.010233 -0.001951
-0.016001 -0.013181 0.001139
0.000328 0.003119 -0.005028
0.011516 0.009933 0.003244
-0.010133 0.011104 0.000614
0.006466 0.024323 -0.001480
0.000035 -0.003583 -0.001115
0.001786 0.003280 -0.010523
-0.007736 -0.000940 0.006084
0.003022 0.005178 -0.000132
-0.000413 0.008161 -0.001008
0.018183 -0.011561 0.002408
-0.008434 0.010991 0.001743
-0.006135 -0.000753 0.000658
0.010297 0.012359 0.003670
-0.003905 -0.003849 0.004400
0.011037 -0.013849 0.001958
0.052149 -0.050172 0.074972
-0.000612 0.002121 0.000211
0.007217 0.008384 -0.003241
-0.010597 0.009917 0.001713
0.007438 0.019829 -0.001325
-0.000307 0.001486 0.007116
0.003422 0.009243 -0.002905
-0.007998 -0.002006 -0.000608
0.003463 0.005433 -0.000156
-0.000640 0.007053 -0.001885
0.018260 -0.011593 0.002770
-0.012147 0.012272 0.001957
-0.007403 0.071704 0.064899
0.012040 -0.006538 -0.000285
0.012322 0.002976 0.008180
0.010582 -0.008789 0.003694
-0.016783 -0.012050 0.000779
-0.000080 0.003604 -0.005370
0.007320 0.008265 -0.004224
-0.010243 0.010897 0.001849
0.007133 0.023302 -0.000936
0.000895 -0.002708 -0.001213
0.000925 0.003900 -0.009993
-0.009531 -0.002464 0.000165
0.002211 0.005849 -0.000548
0.000033 0.006836 -0.002703
0.018794 -0.012573 0.002509
-0.006216 0.010106 0.001811
-0.005840 -0.000903 -0.000399
0.011372 -0.006577 0.000297
-0.002595 -0.005666 0.004642
0.010189 -0.009404 0.003318
-0.016615 -0.011622 0.002666
0.002594 0.005254 -0.004804
0.006736 0.008063 -0.003198
-0.010699 0.011000 0.008157
0.007024 0.023383 -0.001719
0.000223 -0.002224 -0.002980
0.001543 0.004694 -0.010567
-0.007713 -0.003143 0.000718
0.003744 0.005159 0.006920
-0.000364 0.008267 -0.003178
0.018124 -0.013269 0.003501
-0.006572 0.011374 -0.001894
-0.005349 -0.001198 0.000173
0.012522 -0.005127 -0.000009
-0.002179 -0.004631 -0.001042
0.010399 -0.012000 -0.002785
-0.016812 -0.012320 0.001540
-0.002674 0.001620 -0.005287
0.007294 0.008140 -0.002012
-0.011770 0.011607 0.007949
0.006213 0.022958 -0.001138
0.000291 -0.002582 -0.000308
0.001248 0.004311 -0.011342
-0.008741 -0.001312 0.001015
0.003185 0.005120 -0.000011
-0.001267 0.007231 -0.002611
0.017161 -0.093949 0.077884
-0.005894 0.014559 0.001338
-0.004956 -0.000581 -0.001182
0.011006 -0.006029 0.000122
0.001305 -0.005817 0.004582
0.006495 -0.012205 0.002101
-0.017158 -0.011652 0.001021
-0.000231 0.003133 0.001010
0.007172 0.008451 -0.003049
-0.010001 0.011235 0.001874
0.006967 0.027174 -0.001566
0.002370 -0.008677 0.007869
-0.000679 -0.000613 -0.001501
-0.008353 -0.002122 0.000159
0.003536 0.007082 0.000039
-0.000729 0.007656 -0.003226
0.017715 -0.012139 0.003201
-0.008281 0.011984 -0.003147
-0.004547 0.000542 -0.000458
0.011379 -0.004138 -0.000179
-0.005811 -0.007012 0.008145
0.011623 -0.009711 0.002221
-0.017647 -0.011454 0.001798
