2176.0000 0.05 1
1.875
3.75
6.25
6.25
7.5
16.25
8.75
7.5
17.5
15
14.375
16.25
25
16.25
6.25
31.25
23.125
18.125
28.75
10
10
13.125
10
10
16.25
20
25
30
37.5
19.375
23.75
27.5
13.75
26.875
20.625
29.375
21.25
41.25
44.375
30.625
37.5
55
48.125
46.25
41.875
67.5
54.375
48.125
85
93.125
98.75
125.625
135.625
135.625
138.75
153.125
181.875
151.875
157.5
200
177.5
175
231.25
253.75
269.375
236.25
234.375
280.625
291.875
311.875
295.625
321.875
300.625
312.5
325.625
339.375
340
362.5
315.625
355
370
366.25
328.75
361.875
333.75
379.375
312.5
295
304.375
285
272.5
255.625
232.5
252.5
249.375
300
205.625
250.625
311.25
294.375
315.625
312.5
306.25
301.875
248.125
296.25
305.625
298.75
326.25
274.375
280
303.75
272.5
320
291.25
314.375
251.875
295.625
353.125
317.5
317.5
314.375
326.25
365
341.875
379.375
400.625
379.375
390.625
393.75
396.25
430.625
450.625
473.125
450
443.75
453.125
436.875
442.5
418.75
407.5
428.125
383.125
356.875
319.375
352.5
327.5
311.25
315.625
329.375
306.25
274.375
217.5
254.375
249.375
302.5
280.625
245.625
273.75
225.625
318.75
287.5
328.125
301.25
303.125
291.25
283.75
296.875
351.25
290.625
325.625
349.375
373.125
356.875
258.125
290
212.5
289.375
345
266.875
266.875
263.75
259.375
236.875
245
249.375
262.5
326.875
239.375
229.375
236.875
226.25
177.5
250
255
281.25
253.75
307.5
253.75
265
255.625
205.625
202.5
271.875
254.375
326.25
343.75
344.375
353.75
275
367.5
294.375
511.25
539.375
507.5
425
365.625
262.5
230.625
203.125
170.625
114.375
63.75
31.875
11.25
3.75
1.25
4.375
1.25
0
0
0
0
0
0
0
0
0
0
2.5
0
