0.010561 0.002662 -0.000152
-0.005456 0.013079 0.016721
0.010391 0.004013 0.001040
0.002055 0.000729 -0.004691
0.009157 0.002608 -0.009971
-0.000842 -0.003760 -0.000980
-0.008076 0.001916 0.000735
-0.005198 0.006717 -0.000411
-0.009709 0.000605 -0.007745
0.004330 -0.001218 -0.003441
-0.003453 -0.003461 0.003702
-0.006038 -0.002346 0.003317
-0.001742 -0.005320 0.010656
-0.006522 0.000450 -0.001147
0.005229 -0.000094 -0.005121
0.002699 -0.003401 0.000387
0.010079 0.003321 0.000567
-0.005742 -0.001385 0.000227
0.010035 0.004263 -0.000368
0.002105 0.000209 -0.002994
0.008504 0.002756 -0.002574
-0.000731 -0.002578 -0.000644
-0.003595 -0.002233 -0.005496
-0.005038 0.004998 -0.000424
-0.010190 0.000104 -0.009069
0.004413 -0.000973 -0.002751
-0.002875 -0.001039 0.004752
-0.006639 -0.003709 0.001815
-0.001730 -0.005137 0.010515
-0.007585 -0.001111 -0.003071
0.005022 0.006323 0.001601
0.002622 -0.002060 0.002020
0.010637 0.002306 0.002215
-0.005337 -0.016371 0.016814
0.012076 0.004123 -0.006314
0.003788 0.002682 -0.001103
0.009004 0.002598 -0.009842
-0.001233 -0.048549 0.037010
-0.008404 -0.005678 0.000858
-0.008322 0.035951 0.025811
0.035899 0.000029 0.023671
0.004132 -0.001144 -0.003387
-0.003566 -0.037793 0.033909
-0.007377 -0.002293 0.001444
-0.021630 -0.005634 0.029168
-0.005157 0.000620 0.000164
0.005447 -0.000140 -0.005110
-0.001400 -0.006002 0.010131
0.010502 0.002452 0.002130
-0.004758 -0.016976 0.017180
0.010369 0.004098 -0.000837
0.002142 0.000734 -0.002395
0.008335 0.002438 -0.007086
-0.001468 -0.008673 0.005928
-0.002742 -0.000855 -0.006739
-0.004554 0.011586 0.007052
-0.009506 0.000859 -0.006987
0.004814 -0.001515 -0.002357
-0.002998 -0.008002 0.011359
-0.006059 -0.002139 0.003227
-0.001096 -0.005324 0.010980
-0.006460 0.000372 -0.001609
0.003956 0.000895 -0.006073
0.001775 -0.000364 0.000251
0.015232 0.006671 0.009922
-0.005343 -0.001466 0.001389
0.009838 0.003389 -0.000184
0.003368 0.001112 -0.003610
0.008212 0.002695 -0.001761
-0.000750 -0.002415 -0.000368
-0.005339 -0.002160 -0.005010
-0.004518 0.004560 0.000509
-0.009931 0.000860 -0.008813
0.037694 -0.000949 0.022536
-0.003283 -0.001678 0.003861
-0.002002 -0.007043 0.011005
-0.001809 -0.005596 0.010403
-0.007578 0.001680 -0.002833
0.003918 0.002777 -0.007461
0.002444 -0.001811 0.001515
0.010961 0.000806 0.000270
-0.005518 -0.001561 0.002034
0.011456 0.003571 -0.000098
0.002625 0.000234 -0.002641
0.008512 0.002516 -0.002286
-0.002045 -0.002425 -0.001567
-0.003459 -0.002146 -0.005716
-0.005133 0.004504 -0.000077
-0.008665 0.000314 -0.007752
0.004240 -0.001089 -0.001824
-0.003387 -0.001821 0.004150
-0.005729 -0.001311 0.001690
-0.001632 -0.005087 0.009581
-0.001594 -0.003800 0.006611
0.004257 0.001965 -0.006196
0.002054 -0.001643 -0.000292
0.010763 0.001985 0.002144
-0.005114 0.014345 0.017150
0.011091 0.003883 -0.001810
0.002247 0.000558 -0.003080
0.008351 0.002559 -0.007232
-0.001505 -0.004612 -0.002787
-0.002768 -0.002841 -0.006441
-0.004405 0.007023 -0.002687
-0.007953 0.000835 -0.011631
0.004809 -0.000893 -0.002184
-0.003180 -0.003623 0.001986
-0.007232 -0.002219 0.003490
0.014628 -0.004979 0.024702
0.000415 0.000321 0.005791
0.005751 -0.000632 -0.004727
0.007567 0.003307 0.011789
0.005940 -0.001923 0.009703
-0.005612 -0.001386 -0.007385
0.010350 0.005523 -0.000443
0.000905 -0.000187 -0.003358
0.007490 0.002350 -0.002177
-0.001890 -0.001538 -0.000736
-0.004215 -0.002062 -0.004364
-0.005291 0.005305 -0.000157
-0.008451 0.000981 -0.007323
0.005326 -0.000865 -0.006232
-0.003432 -0.001135 0.004189
-0.010552 0.001843 0.010860
-0.001584 -0.005613 0.010008
-0.001717 0.004257 0.006666
-0.000068 0.051177 0.034326
0.002806 -0.001869 0.001361
-0.009216 -0.005676 0.007586
0.005286 -0.004279 0.000048
-0.002655 0.000595 0.001434
-0.004321 0.005444 0.002227
0.000615 0.001460 0.005073
0.005981 -0.001377 -0.002144
0.004094 -0.000841 -0.002577
0.003441 -0.000050 -0.001176
0.010418 0.006192 0.002449
-0.001261 -0.007465 -0.007095
0.003269 0.003084 0.004831
-0.022585 -0.004445 -0.005117
0.002728 0.004822 0.010487
-0.000745 -0.007536 -0.009057
0.019201 0.000849 -0.000502
-0.006116 -0.000039 0.008434
-0.013796 -0.001659 0.002269
0.004303 -0.003152 0.000421
-0.001692 0.001194 0.002303
-0.004419 0.003898 0.003382
-0.003713 0.007356 -0.002368
0.006549 -0.001313 -0.000877
0.004183 -0.000344 -0.003258
0.003433 0.000609 -0.000334
0.010007 0.005667 0.003363
-0.001142 -0.006983 -0.007101
0.002694 0.003278 0.005249
-0.022048 -0.003776 -0.006128
0.002408 0.004590 0.011704
0.000117 -0.006603 -0.010212
0.014667 0.004985 0.005973
-0.006007 0.000419 0.010047
-0.009113 0.002876 0.007740
0.001318 -0.000404 0.005668
-0.002370 0.001839 0.001423
-0.008033 0.008255 0.011182
-0.003783 0.007699 -0.002350
0.007560 -0.003029 0.002221
-0.019219 -0.000859 -0.517112
0.001547 0.002010 0.000775
0.010653 0.004632 0.002504
0.003162 -0.001247 -0.000771
-0.016202 0.002828 0.018089
-0.021985 -0.004408 -0.005111
-0.002410 0.002622 0.016464
0.001153 -0.007821 -0.014567
0.017659 0.000567 0.000816
-0.005927 0.000842 0.008420
-0.014637 -0.002931 0.000107
0.005097 -0.002520 0.001274
-0.002055 0.001199 0.002088
-0.005120 0.002156 0.001843
-0.001737 0.007075 -0.003766
0.005824 -0.001133 0.000202
0.003782 -0.000975 -0.016464
0.003095 0.000469 0.000053
0.009448 0.005671 0.003050
-0.000948 -0.006679 -0.006316
0.003424 0.003062 0.006075
-0.021993 -0.004273 -0.005256
0.003430 0.004340 0.011357
-0.000542 -0.007538 -0.010785
0.018803 0.000903 -0.000418
-0.005943 0.000130 0.006818
-0.011799 -0.001543 0.004100
0.000054 0.000035 0.006705
-0.003182 0.000976 -0.000571
-0.004178 0.004049 0.003555
0.000836 0.002447 0.003550
0.005850 -0.000815 -0.000783
0.003866 -0.001447 -0.003318
0.002030 0.000087 -0.000761
0.028547 0.005613 0.020722
0.002425 -0.001425 -0.001484
0.002560 0.002753 0.005597
-0.023504 -0.005377 -0.002965
0.000415 0.005619 0.009715
0.000272 -0.008648 -0.010220
0.014321 -0.002489 0.005718
-0.007543 0.000252 0.036592
-0.013828 -0.001428 0.002381
0.005068 -0.002595 0.001166
-0.001500 0.001198 0.002150
-0.003989 0.003962 0.003199
-0.003429 0.007028 -0.001603
0.004725 -0.000869 -0.000836
0.004277 -0.000816 -0.003321
0.003016 0.000389 -0.000245
0.009090 0.005424 0.003308
-0.000682 -0.006469 -0.006449
0.002881 0.003022 0.004797
-0.022549 -0.004266 -0.004454
0.002776 0.006185 0.010586
-0.001231 -0.007401 -0.010065
0.019386 0.002069 -0.001812
-0.006133 0.000171 0.009750
-0.014490 -0.000409 0.000528
0.002674 -0.003538 -0.001141
-0.002060 0.001204 0.001955
0.000276 -0.000959 0.013032
-0.003451 0.007007 -0.001692
0.006013 -0.001118 -0.001242
0.004191 -0.000817 -0.000314
0.003163 0.000351 -0.000560
0.009398 0.005430 0.002502
0.000113 -0.006700 -0.007634
0.000981 0.002634 0.002226
-0.023577 -0.004058 -0.005081
0.000965 0.006499 0.009124
0.000296 -0.007625 -0.010184
0.016128 0.000970 0.002259
-0.005811 0.000525 0.006500
-0.011047 -0.001418 0.004098
0.002960 -0.004381 -0.001870
-0.028182 0.001145 0.022247
-0.004733 0.003827 0.001179
-0.002083 0.007270 -0.003152
0.006723 -0.000897 -0.000447
0.004361 -0.000645 -0.003238
0.003420 0.000781 -0.000764
-0.013701 0.005557 0.025259
0.000415 -0.006685 -0.007693
0.002646 0.003439 0.005130
-0.022317 -0.004272 -0.005399
0.000689 0.001381 0.015219
-0.000358 -0.006920 -0.010575
0.019522 -0.000444 -0.001588
-0.007006 0.000164 0.039160
