524.0000 0.05 1
0.32
1.28
1.28
1.28
3.2
1.92
5.12
2.56
0
1.92
3.2
4.48
3.2
3.2
3.84
8.32
3.2
1.92
4.48
3.84
3.2
4.48
8.32
5.76
5.12
11.52
2.56
7.36
6.4
6.08
9.28
8.32
7.04
8
12.16
10.88
10.88
16.64
21.76
18.88
20.8
24.32
41.92
28.8
31.68
33.28
38.72
40.32
45.44
43.52
45.12
50.88
63.36
64.96
69.44
72.96
72.64
83.84
72.64
91.52
99.84
123.84
119.36
114.56
119.68
91.52
107.2
90.88
100.48
113.92
81.6
92.16
85.12
84.48
83.52
74.56
61.44
82.88
80
56
66.56
67.52
56.96
65.92
71.04
77.76
74.24
59.2
79.68
67.52
81.6
72.96
80.96
61.12
77.76
69.76
71.04
62.08
88.32
86.72
92.48
60.8
59.84
60.8
87.68
84.16
89.92
81.28
87.68
61.44
78.4
81.92
72.96
87.36
80
110.08
110.08
129.6
117.76
96.64
123.52
132.8
141.12
136.96
134.4
120
113.6
107.2
78.08
106.88
80.32
72.32
80.96
67.2
84.16
73.92
79.68
69.76
63.04
89.6
55.36
70.4
73.28
47.68
65.28
75.84
66.56
73.28
71.04
81.28
88.32
79.68
66.24
92.16
100.16
89.28
63.68
63.68
69.44
102.4
90.24
69.76
69.44
79.68
72.96
74.88
82.56
64.32
65.92
82.56
45.12
51.84
71.36
61.76
58.88
79.36
71.04
55.04
67.52
46.72
50.24
87.68
67.84
56.96
53.44
84.16
73.6
67.2
69.76
74.24
81.28
93.44
64
62.72
107.52
96
101.76
71.68
46.08
21.12
3.84
1.92
0
