0.000005 -0.000954 -0.000943
0.000002 0.000840 -0.002718
0.000000 -0.005733 -0.004860
0.000006 0.001416 0.002399
-0.000004 -0.002936 0.000532
-0.000004 -0.006251 -0.004604
0.000009 0.002714 0.005021
-0.000000 -0.003002 0.000878
0.000001 -0.002008 -0.002651
-0.000007 0.003655 0.001997
0.000004 0.002125 0.001242
-0.000006 0.004955 0.001161
0.000006 -0.003102 -0.005294
-0.000003 0.005428 -0.000560
-0.000012 -0.000021 0.003573
-0.000000 -0.000055 0.003659
0.000009 -0.002332 -0.005946
0.000000 -0.001055 -0.002569
0.000006 0.001443 0.001595
0.000011 0.002115 0.002715
-0.000009 -0.000162 0.001819
-0.000006 0.000050 0.006929
0.000008 -0.001797 -0.004412
-0.000004 0.004752 0.001195
0.000005 0.000368 -0.000728
-0.000000 -0.004361 -0.000927
-0.000003 0.003796 -0.004132
-0.000011 -0.003272 0.003450
-0.000003 0.001411 -0.000812
0.000006 -0.001002 -0.000011
0.000004 0.000233 0.002732
-0.000007 -0.000044 -0.000989
-0.001041 -0.006581 0.008319
-0.004065 -0.003997 0.010320
0.001480 0.003343 0.006165
-0.002626 0.005324 -0.003537
0.001042 -0.006583 0.008322
-0.000237 -0.005327 -0.003121
0.000236 -0.005326 -0.003126
-0.003049 0.000601 -0.006956
0.001578 0.004412 -0.003641
0.004066 -0.004001 0.010320
-0.001477 0.003344 0.006167
0.002625 0.005322 -0.003540
0.000602 0.002614 -0.007861
-0.000602 0.002613 -0.007860
0.003051 0.000604 -0.006947
-0.001581 0.004409 -0.003639
0.000243 0.014211 -0.002154
0.001307 0.006596 -0.006831
0.000623 0.002415 -0.001335
0.000292 -0.002476 0.003907
-0.000243 0.014211 -0.002157
-0.001930 0.002199 0.000952
0.001928 0.002198 0.000954
0.002322 -0.009914 0.000277
-0.001422 -0.006960 0.003293
-0.001306 0.006603 -0.006828
-0.000622 0.002412 -0.001337
-0.000291 -0.002474 0.003908
-0.002022 -0.005064 0.002826
0.002021 -0.005068 0.002823
-0.002320 -0.009919 0.000275
0.001418 -0.006959 0.003297
