9.0000 0.05 1
0.005
0
0.07
0
0
0.06
0
0.12
0.04
0
0
0.03
0
0.12
0.12
0
0.12
0
0.16
0
0
0.06
0
0.24
0.15
0
0
0.12
0.12
0.12
0.04
0
0
0.12
0.24
0
0.36
0
0.24
0
0.12
0.15
0
0.16
0
0.18
0.36
0
0.36
0
0.36
0.24
0.04
0.12
0
0.24
0.12
0.28
0.51
0.46
0.36
0.96
0.24
0.255
0.87
0.3
1.2
0.45
0.39
0.6
0.51
2.1
0.78
0.6
1.095
0.63
1.08
1.56
0.78
2.19
0.72
1.26
1.38
1.2
1.08
1.47
1.32
1.5
0.84
1.92
0.42
0.48
1.44
2.01
0.84
1.11
0.96
0.66
1.44
1.2
0.72
0.84
0.63
0.84
0.78
0.96
0.6
0.84
1.14
0.96
1.68
1.08
1.2
1.11
0.96
1.32
0.96
1.26
0.72
0.6
1.68
2.04
0.96
0.87
1.44
1.2
0.72
1.2
1.14
1.12
1.44
2.2
1.63
0.72
1.2
0.96
1.6
1.74
2.27
1.08
1.035
1.18
2.4
1.26
2.44
2.16
1.2
1.78
1.14
2.74
2.52
2.04
0.72
2.28
0.28
1.62
1.08
0.99
0.96
1.38
1.32
1.08
0.75
0.99
0.54
0.54
1.68
0.6
1.26
1.74
0.72
0.6
0.72
0.27
1.42
0.96
1.62
1.08
0.84
1.02
1.68
1.77
1.14
1.56
1.8
0.84
0.48
1.74
0.84
0.65
0.46
0.68
1.51
1.47
1.3
1.35
1.34
0.84
0.24
1.35
0.6
0.54
0.62
0.36
0.59
1.02
1.08
0.72
1.08
2.28
0.78
1.32
1.44
0.36
0.44
0.48
0.72
0.99
0.72
0.6
1.5
1.2
2.07
1.16
1.26
0.96
2.22
1.83
1.02
1.44
2.03
0.735
1.66
1.92
1.68
1.32
0.84
0.96
1.41
0.3
0.3
1.08
0.24
0.42
0
0.12
0.24
0.12
0
0.36
0.255
0.72
0.6
0.96
0.48
0.12
0.24
0.12
0.24
0
0.24
0
0.48
0.12
0
0.12
0.12
0.36
0.24
0.12
0.54
0.6
0.24
0.84
0.48
0
0.24
0.3
0.36
0.24
0.12
0
0
0.36
0
0.96
0
0.48
0
0.12
0.12
0.42
0.12
0.96
0
0
0.36
0.3
0.24
0.72
0.24
0.24
0.12
0
0.48
0.36
0
0.24
0.3
0
0.24
0.48
0.12
0.36
0
0.48
0.12
0
0.84
0
0.24
0.12
0.36
0
0.18
0.36
0
0.36
0.24
0.6
0.24
0
0
0.12
0
0.24
0.24
0.36
0
0.3
0.06
0
0.12
0.12
0.6
0.36
0.24
0.84
0.6
0
0.12
0.48
0.48
0.72
0.12
0.24
0.02
0.12
0.84
0.36
0.42
0.24
0.24
0.24
0.6
0.48
0.6
0.4
0.42
0
0
0
0.48
0.48
0.36
0.12
0.27
0.36
0.54
0.24
0.48
0.36
0.36
0.12
0.18
0.96
0.24
0
0.36
0
0
0.72
0.42
0.12
0.46
0.42
0.24
0.24
0.66
0
0.36
0.48
0
0.36
0.24
0.36
0.36
0.12
0.48
0.36
0.18
0.24
0
0.24
0.24
0.54
0.48
0.12
0.36
0.6
0.255
0
0.36
0.24
0.24
0.48
0.16
0.3
0.48
0.24
0.36
0.3
0.12
0.78
0
0.24
0.12
0.39
0.36
0.36
0.36
0.54
0.6
0.96
0.12
0.3
0.54
0.51
0.36
0.24
0.18
0
0.72
0.36
0.12
0.54
0.06
0.48
1.32
0.28
0.24
0.42
0.36
0.36
0.12
0.24
0.72
0.3
0.48
0.48
0.36
0.48
0.48
0.06
0.12
0.54
0.48
0.72
0.36
0.84
0.48
0.36
0.42
0.72
0.36
0.48
0.84
0.24
0.36
0.16
0.24
0.36
0.6
0.62
0.6
0.72
0.76
0.78
0.42
0.48
0.12
0.12
1.68
0.365
0.96
0.34
0.28
0.36
0.87
0.12
0.84
0.6
1.02
0.6
1.2
0.84
1.2
0.26
0.4
0.48
0.6
1.44
0.87
0.84
1.08
0.51
0.96
0.96
0.72
0.72
0.84
0.64
0.6
0.48
0.72
0.84
0.28
0.66
0.6
1.38
0.84
0.72
0.84
0.42
0.39
0.72
0.2
0.72
1.42
0.66
0.24
0.36
0.24
0.48
1.44
1.44
0
1.2
0.72
0.48
0.84
1.2
0.42
1.2
0.75
0.48
0
0.48
0.36
0.6
0.48
0.9
0.33
0.3
0.88
0.27
0.6
0.24
0.36
0.24
0.12
0.12
0
0.84
0.48
0.12
0.33
0.24
0.12
0.48
0.24
0
0.6
0
0.48
0.12
0.48
0.48
0.36
0.76
0.42
0.36
0.27
0.03
0.36
0.54
0.96
1
1.08
0.36
0.24
0.885
0.32
1.08
0.24
1.16
0.3
0.48
0.87
0.6
0.84
0.51
0.96
0.36
0.78
0.68
0.84
0.72
0.68
1.2
1.35
0.48
0.84
0.315
0.84
0.39
0.6
0.48
0.48
1.08
1.44
0.72
0.92
0.96
0.3
0.48
0.48
0.3
0.48
0.24
1.08
0.6
1.16
0.24
0.24
0.72
0.48
0.96
0.48
0.48
0.06
0.72
0.36
0.08
1.29
0.39
0.12
0.36
0.3
0.24
0.12
0.12
0.12
0.54
0.12
0.12
0.24
0.24
0.36
0.68
0.6
0.24
0.24
0.24
0.08
0.24
0.24
0.36
0.51
0.24
0.12
0.96
0.48
0.12
0.12
0.04
1.08
0.24
0.72
0.24
0.24
0.54
0.18
0.75
0.48
0.48
0.36
0.655
0.245
1.26
0.28
0.12
0.24
0.24
1.2
0.6
0.48
0.9
0.48
0.36
0.9
0.42
0.64
0.24
0.54
0.24
1.11
0.63
0.96
0.2
0.84
0.84
0.32
0.12
0.72
1.08
0.04
0.6
0.6
0.42
0.46
0.12
0.54
0.6
0.72
0.72
0.48
1
0.18
0.72
0.48
0.6
0.44
0.36
0.6
0.24
0.12
0.36
0.48
0.36
0.48
0.24
0.96
0.36
0.54
0.6
1.28
0.84
1.02
1.2
0.36
1.11
0.34
1.05
0.48
0.24
0.44
0.48
0.9
0.6
0.24
0.84
0.72
1.08
1.08
1.32
0.6
0.6
0.99
1.44
2.04
0.84
1.2
1.08
1.1
2.16
0.84
2.34
1.38
0.6
0.94
0.72
0.72
1.22
1.08
1.08
1.18
1.38
1.26
1.44
0.48
0.42
1.56
1.095
0.6
1.12
0.24
0.75
0.6
0.12
0.24
1.74
0.24
1.02
0.6
0.66
1.08
0
0.48
0.6
0.3
0.18
0.54
0.42
1.14
1
0.52
0.6
0.06
0.84
0.72
0.6
1.27
1.2
0.24
0.24
0.72
0.48
0.24
0.6
0.2
1.08
1.575
0.36
1.14
1.26
1.2
1.44
2.34
1.4
3.535
6.05
12.19
8
9.33
13.82
13.92
11.19
9.16
7.74
2.17
2.54
2.98
2.97
2.52
2.35
2.64
2.205
1.38
0.42
0.72
1.8
0.27
1.56
0.84
1.68
0.6
0.48
1.11
0.48
0.48
0.78
1.56
0.6
0.27
0.96
0.84
0.24
1.23
1.32
0.66
0.48
0.84
1.26
0.36
0.48
0.9
1.02
0.12
0.48
0.28
0.75
0.51
0.6
0.24
0.24
1.02
0
0.72
0.42
0.72
0.48
0.84
0.72
0.84
0.48
0.51
0.78
0.24
0.36
0.78
0.6
0.6
0.12
0.42
0.96
1.32
0.495
0.6
0.6
0.39
0.48
0.3
0.63
0.87
0.12
0.96
1.03
1.14
0.36
0
0.42
0.72
0.24
0.84
0.57
0.72
1.2
0.84
0.98
0.6
0.75
1.32
1.48
0.42
0.48
0.38
1.12
1.6
0.9
0.9
0.36
1.04
1.44
1.24
1.86
0.91
1.095
0.72
0.6
1.04
1.23
0.52
0.54
0.48
1.23
0.84
0.36
0.96
1.2
1.23
0.72
1.26
1.08
0.36
0.64
0.84
0.75
0.6
1.08
0.48
0.255
0.72
1.08
2.2
0.12
0.76
0.64
1.335
1.68
0
0.48
1.44
0.6
0.48
0.06
0.18
0.6
0.12
0.64
0.36
0.605
0
0.96
0.51
0.72
0.96
1.08
0.51
0.3
0.64
0.39
0.12
0.72
0.24
0.24
0.81
0.48
0
0.54
0.24
0.39
0.72
0.72
0.6
0.63
0.375
1.32
0.6
0.54
0.36
0.42
1.2
0.72
0.03
0.42
0.72
1.07
1.05
0.63
0.84
0.72
0.8
1.2
0.72
0.36
1.5
0.36
1.44
1.2
0.46
0.63
0.24
0.48
0.6
0.54
1.05
1.56
0.36
0.96
1.2
0.96
0.9
0.6
0.72
0.48
0.24
0.48
0.36
0.48
0.12
0.24
0.36
0
0.24
0.36
0
0.24
0.6
0.4
0.16
0.12
0
0.24
0.4
0.24
0.12
0
0
0.24
0.36
0.6
0.24
0.07
0.24
0
0.36
0.12
0
0
0
0.12
0
0.24
0
0.36
0
0.12
0
0.12
0
0
0.18
0
0
0
0.03
0
0.48
0.12
0
0
0.16
0
0.03
0.12
0
0
0
0
0
0
0
0
0.24
0
0.24
0
0.18
0
0
0
0.12
0
0.24
0.12
0
0
0.24
0
0
0
0
0
0
0
0
0
0
0
0
0
0
0
0
0
0
0
0
0
0
0
0
0
0
0
0
0
0
0
0
0.24
0
0
0
0
0
0
0
0
0
0
0
0
0
0
0
0
0
0
0
0
0
0
0
0
0
0
0
0.24
0
0
0
0
0
0
0
0
0
0
0
0
0
0
0
0
0
0
0
0
0
0
0
0
0
0
0
0
0
0
0
0
0
0
0
0
0
0
0
0
0
0
0
0
0
0
0
0
0
0
0
0
0
0
0
0
0
0
0
0
0
0
0
0
0
0
0
0
0
0
0
0
0
0
0
0
0
0
0
0
0
0
0
0
0
0
0
0
0
0
0
0
0
0
0
0
0
0
0
0
0
0
0
0
0
0
0
0
0
0
0
0
0
0
0
0
0
0
0
0
0
0
0
0
0
0
0
0
0
0
0
0
0
0
0
0
0
0
0
0
0
0
0
0
0
0
0
0
0
0
0
0
0
0
0
0
0
0
0
0.24
0
0
0
0
0
0
0
0
0
0
0
0
0
0
0
0
0
0
0
0
0
0
0
0
0
0
0
0
0
0
0
0
0
0
0
0
0
0
0
0
0
0
0
0
0
0
0
0
0
0
0
0
0
0
0
0
0
0
0
0
0
0
0
0
0
0
0
0
0
0
0
0
0
0
0
0
0
0
0
0
0
0
0
0
0
0
0
0
0
0
0
0
0
0
0
0
0
0
0
0
0
0
0
0
0
0
0
0
0
0
0
0
0
0
0
0
0
0
0
0
0
0
0
0
0
0
0
0
0
0
0
0
0
0
0
0
0
0
0
0
0
0
0
0
0
0
0
0
0
0
0
0
0
0
0
0
0
0
0
0
0
0
0
0
0
0
0
0
0
0
0
0
0
0
0
0
0
0
0
0
0
0
0
0
0
0
0
0
0
0
0
0
0
0
0
0
0
0
0
0
0
0
0
0
0
0
0
0
0
0
0
0
0
0
0
0
0
0
0
0
0
0
0
0
0
0
0
0
0
0
0
0
0
0
0
0
0
0
0
0
0
0
0
0
0
0
0
0
0
0
0
0
0
0
0
0
0
0
0
0
0
0
0
0
0
0
0
0
0
0
0
0
0
0
0
0
0
0
0
0
0
0
0
0
0
0
0
0
0
0
0
0
0
0
0
0
0
0
0
0
0
0
0
0
0
0
0
0
0
0
0
0
0
0
0
0
0
0
0
0
0
0
0
0
0
0
0
0
0
0
0
0
0
0
0
0
0
0
0
0
0
0
0
0
0
0
0
0
0
0
0
0
0
0
0
0
0
0
0
0
0
0
0
0
0
0
0
0
0
0
0
0
0
0
0
0
0
0
0
0
0
0
0
0
0
0
0
0
0
0
0
0
0
0
0
0
0
0
0
0
0
0
0
0
0
0
0
0
0
0
0
0
0
0
0
0
0
0
0
0
0
0
0
0
0
0
0
0
0
0
0
0
0
0
0
0
0
0
0
0
0
0
0
0
0
0
0
0
0
0
0
0
0
0
0
0
0
0
0
0
0
0
0
0
0
0
0
0
0
0
0
0
0
0
0
0
0
0
0
0
0
0
0
0
0
0
0
0
0
0
0
0
0
0
0
0
0
0
0
0
0
0
0
0
0
0
0
0
0
0
0
0
0
0
0
0
0
0
0
0
0
0
0
0
0
0
0
0
0
0
0
0
0
0
0
0
0
0
0
0
0
0
0
0
0
0
0
0
0
0
0
0
0
0
0
0
0
0
0
0
0
0
0
0
0
0
0
0
0
0
0
0
0
0
0
0
0
0
0
0
0
0
0
0
0
0
0
0
0
0
0
0
0
0
0
0
0
0
0
0
0
0
0
0
0
0
0
0
0
0
0
0
0
0
0
0
0
0
0
0
0
0
0
0
0
0
0
0
0
0
0
0
0
0
0
0
0
0
0
0
0
0
0
0
0
0
0
0
0
0
0
0
0
0
0
0
0
0
0
0
0
0
0
0
0
0
0
0
0
0
0
0
0
0
0
0
0
0
0
0
0
0
0
0
0
0
0
0
0
0
0
0
0
0
0
0
0
0
0
0
0
0
0
0
0
0
0
0
0
0
0
0
0
0
0
0
0
0
0
0
0
0
0
0
0
0
0
0
0
0
0
0
0
0
0
0
0
0
0
0
0
0
0
0
0
0
0
0
0
0
0
0
0
0
0
0
0
0
0
0
0
0
0
0
0
0
0
0
0
0
0
0
0
0
0
0
0
0
0
0
0
0
0
0
0
0
0
0
0
0
0
0
0
0
0
0
0
0
0
0
0
0
0
0
0
0
0
0
0
0
0
0
0
0
0
0
0
0
0
0
0
0
0
0
0
0
0
0
0
0
0
0
0
0
0
0
0
0
0
0
0
0
0
0
0
0
0
0
0
0
0
0
0
0
0
0
0
0
0
0
0
0
0
0
0
0
0
0
0
0
0
0
0
0
0
0
0
0
0
0
0
0
0
0
0
0
0
0
0
0
0
0
0
0
0
0
0
0
0
0
0
0
0
0
0
0
0
0
0
0
0
0
0
0
0
0
0
0
0
0
0
0
0
0
0
0
0
0
0
0
0
0
0
0
0
0
0
0
0
0
0
0
0
0
0
0
0
0
0
0
0
0
0
0
0
0
0
0
0
0
0
0
0
0
0
0
0
0
0
0
0
0
0
0
0
0
0
0
0
0
0
0
0
0
0
0
0
0
0
0
0
0
0
0
0
0
0
0
0
0
0
0
0
0
0
0
0
0
0
0
0
0
0
0
0
0
0
0
0
0
0
0
0
0
0
0
0
0
0
0
0
0
0
0
0
0
0
0
0
0
0
0
0
0
0
0
0
0
0
0
0
0
0
0
0
0
0
0
0
0
0
0
0
0
0
0
0
0
0
0
0
0
0
0
0
0
0
0
0
0
0
0
0
0
0
0
0
0
0
0
0
0
0
0
0
0
0
0
0
0
0
0
0
0
0
0
0
0
0
0
0
0
0
0
0
0
0
0
0
0
0
0
0
0
0
0
0
0
0
0
0
0
0
0
0
0
0
0
0
0
0
0
0
0
0
0
0
0
0
0
0
0
0
0
0
0
0
0
0
0
0
0
0
0
0
0
0
0
0
0
0
0
0
0
0
0
0
0
0
0
0
0
0
0
0
0
0
0
0
0
0
0
0
0
0
0
0
0
0
0
0
0
0
0
0
0
0
0
0
0
0
0
0
0
0
0
0
0
0
0
0
0
0
0
0
0
0
0
0
0
0
0
0
0
0
0
0
0
0
0
0
0
0
0
0
0
0
0
0
0
0
0
0
0
0
0
0
0
0
0
0
0
0
0
0
0
0
0
0
0
0
0
0
0
0
0
0
0
0
0
0
0
0
0
0
0
0
0
0
0
0
0
0
0
0
0
0
0
0
0
0
0
0
0
0
0
0
0
0
0
0
0
0
0
0
0
0
0
0
0
0
0
0
0
0
0
0
0
0
0
0
0
0
0
0
0
0
0
0
0
0
0
0
0
0
0
0
0
0
0
0
0
0
0
0
0
0
0
0
0
0
0
0
0
0
0
0
0
0
0
0
0
0
0
0
0
0
0
0
0
0
0
0
0
0
0
0
0
0
0
0
0
0
0
0
0
0
0
0
0
0
0
0
0
0
0
0
0
0
0
0
0
0
0
0
0
0
0
0
0
0
0
0
0
0
0
0
0
0
0
0
0
0
0
0
0
0
0
0
0
0
0
0
0
0
0
0
0
0
0
0
0
0
0
0
0
0
0
0
0
0
0
0
0
0
0
0
0
0
0
0
0
0
0
0
0
0
0
0
0
0
0
0
0
0
0
0
0
0
0
0
0
0
0
0
0
0
0
0
0
0
0
0
0
0
0
0
0
0
0
0
0
0
0
0
0
0
0
0
0
0
0
0
0
0
0
0
0
0
0
0
0
0
0
0
0
0
0
0
0
0
0
0
0
0
0
0
0
0
0
0
0
0
0
0
0
0
0
0
0
0
0
0
0
0
0
0
0
0
0
0
0
0
0
0
0
0
0
0
0
0
0
0
0
0
0
0
0
0
0
0
0
0
0
0
0
0
0
0
0
0
0
0
0
0
0
0
0
0
0
0
0
0
0
0
0
0
0
0
0
0
0
0
0
0
0
0
0
0
0
0
0
0
0
0
0
0
0
0
0
0
0
0
0
0
0
0
0
0
0
0
0
0
0
0
0
0
0
0
0
0
0
0
0
0
0
0
0
0
0
0
0
0
0
0
0
0
0
0
0
0
0
0
0
0
0
0
0
0
0
0
0
0
0
0
0
0
0
0
0
0
0
0
0
0
0
0
0
0
0
0
0
0
0
0
0
0
0
0
0
0
0
0
0
0
0
0
0
0
0
0
0
0
0
0
0
0
0
0
0
0
0
0
0
0
0
0
0
0
0
0
0
0
0
0
0
0
0
0
0
0
0
0
0
0
0
0
0
0
0
0
0
0
0
0
0
0
0
0
0
0
0
0
0
0
0
0
0
0
0
0
0
0
0
0
0
0
0
0
0
0
0
0
0
0
0
0
0
0
0
0
0
0
0
0
0
0
0
0
0
0
0
0
0
0
0
0
0
0
0
0
0
0
0
0
0
0
0
0
0
0
0
0
0
0
0
0
0
0
0
0
0
0
0
0
0
0
0
0
0
0
0
0
0
0
0
0
0
0
0
0
0
0
0
0
0
0
0
0
0
0
0
0
0
0
0
0
0
0
0
0
0
0
0
0
0
0
0
0
0
0
0
0
0
0
0
0
0
0
0
0
0
0
0
0
0
0
0
0
0
0
0
0
0
0
0
0
0
0
0
0
0
0
0
0
0
0
0
0
0
0
0
0
0
0
0
0
0
0
0
0
0
0
0
0
0
0
0
0
0
0
0
0
0
0
0
0
0
0
0
0
0
0
0
0
0
0
0
0
0
0
0
0
0
0
0
0
0
0
0
0
0
0
0
0
0
0
0
0
0
0
0
0
0
0
0
0
0
0
0
0
0
0
0
0
0
0
0
0
0
0
0
0
0
0
0
0
0
0
0
0
0
0
0
0
0
0
0
0
0
0
0
0
0
0
0
0
0
0
0
0
0
0
0
0
0
0
0
0
0
0
0
0
0
0
0
0
0
0
0
0
0
0
0
0
0
0
0
0
0
0
0
0
0
0
0
0
0
0
0
0
0
0
0
0
0
0
0
0
0
0
0
0
0
0
0
0
0
0
0
0
0
0
0
0
0
0
0
0
0
0
0
0
0
0
0
0
0
0
0
0
0
0
0
0
0
0
0
0
0
0
0
0
0
0
0
0
0
0
0
0
0
0
0
0
0
0
0
0
0
0
0
0
0
0
0
0
0
0
0
0
0
0
0
0
0
0
0
0
0
0
0
0
0
0
0
0
0
0
0
0
0
0
0
0
0
0
0
0
0
0
0
0
0
0
0
0
0
0
0
0
0
0
0
0
0
0
0
0
0
0
0
0
0
0
0
0
0
0
0
0
0
0
0
0
0
0
0
0
0
0
0
0
0
0
0
0
0
0
0
0
0
0
0
0
0
0
0
0
0
0
0
0
0
0
0
0
0
0
0
0
0
0
0
0
0
0
0
0
0
0
0
0
0
0
0
0
0
0
0
0
0
0
0
0
0
0
0
0
0
0
0
0
0
0
0
0
0
0
0
0
0
0
0
0
0
0
0
0
0
0
0
0
0
0
0
0
0
0
0
0
0
0
0
0
0
0
0
0
0
0
0
0
0
0
0
0
0
0
0
0
0
0
0
0
0
0
0
0
0
0
0
0
0
0
0
0
0
0
0
0
0
0
0
0
0
0
0
0
0
0
0
0
0
0
0
0
0
0
0
0
0
0
0
0
0
0
0
0
0
0
0
0
0
0
0
0
0
0
0
0
0
0
0
0
0
0
0
0
0
0
0
0
0
0
0
0
0
0
0
0
0
0
0
0
0
0
0
0
0
0
0
0
0
0
0
0
0
0
0
0
0
0
0
0
0
0
0
0
0
0
0
0
0
0
0
0
0
0
0
0
0
0
0
0
0
0
0
0
0
0
0
0
0
0
0
0
0
0
0
0
0
0
0
0
0
0
0
0
0
0
0
0
0
0
0
0
0
0
0
0
0
0
0
0
0
0
0
0
0
0
0
0
0
0
0
0
0
0
0
0
0
0
0
0
0
0
0
0
0
0
0
0
0
0
0
0
0
0
0
0
0
0.12
0
