2176.0000 0.05 1
1.11111
4.44444
11.1111
2.22222
11.1111
4.44444
13.3333
11.1111
20
11.1111
6.66667
11.1111
24.4444
23.3333
17.7778
23.3333
26.6667
18.8889
13.3333
32.2222
18.8889
8.88889
4.44444
10
14.4444
16.6667
34.4444
40
23.3333
40
11.1111
26.6667
17.7778
31.1111
24.4444
32.2222
26.6667
27.7778
40
24.4444
32.2222
46.6667
36.6667
47.7778
70
55.5556
56.6667
41.1111
80
108.889
93.3333
126.667
127.778
136.667
148.889
148.889
161.111
190
192.222
202.222
214.444
267.778
192.222
230
234.444
286.667
240
276.667
253.333
263.333
292.222
297.778
320
335.556
318.889
352.222
284.444
345.556
302.222
311.111
296.667
302.222
291.111
275.556
314.444
275.556
248.889
283.333
292.222
297.778
314.444
314.444
325.556
307.778
335.556
318.889
313.333
296.667
292.222
298.889
304.444
288.889
332.222
355.556
322.222
357.778
377.778
356.667
351.111
354.444
338.889
291.111
255.556
213.333
177.778
162.222
188.889
238.889
266.667
331.111
347.778
403.333
420
393.333
432.222
408.889
447.778
402.222
380
358.889
342.222
373.333
345.556
396.667
383.333
377.778
384.444
427.778
404.444
458.889
406.667
410
408.889
354.444
360
378.889
366.667
376.667
437.778
413.333
410
438.889
398.889
343.333
352.222
322.222
351.111
314.444
324.444
260
286.667
260
271.111
258.889
242.222
222.222
278.889
208.889
242.222
216.667
230
263.333
221.111
242.222
234.444
214.444
206.667
230
174.444
207.778
174.444
197.778
175.556
176.667
255.556
234.444
234.444
207.778
218.889
168.889
176.667
196.667
262.222
238.889
222.222
274.444
240
225.556
260
347.778
342.222
317.778
305.556
330
307.778
333.333
377.778
416.667
425.556
427.778
447.778
432.222
513.333
468.889
501.111
465.556
431.111
350
317.778
227.778
118.889
16.6667
3.33333
0
0
0
0
0
0
0
0
0
0
0
0
0
0
0
0
0
0
0
0
0
0
2.22222
4.44444
0
2.22222
0
0
4.44444
4.44444
2.22222
5.55556
0
0
4.44444
0
6.66667
6.66667
0
2.22222
2.22222
2.22222
1.11111
2.22222
0
0
2.22222
0
2.22222
0
