-0.003241 0.018150 0.012364
-0.006992 0.000636 0.000435
-0.016467 0.064802 0.001025
0.014724 0.008944 -0.002449
-0.002067 0.015567 -0.006339
-0.007271 0.000382 -0.000017
-0.001154 0.002849 0.004734
0.001847 -0.016467 -0.002239
-0.003791 -0.011106 -0.001521
-0.018910 -0.005602 -0.001920
0.001626 0.003278 -0.014477
-0.010508 -0.005949 -0.003202
0.004060 -0.008271 0.002904
-0.004688 -0.008111 0.015009
-0.003824 0.000716 0.001602
0.014016 -0.010765 0.002445
-0.002383 0.011603 0.012265
-0.007127 0.000178 0.000432
-0.002794 0.019175 0.001955
0.009425 0.010887 -0.008726
-0.001531 0.016456 -0.004823
-0.008959 -0.000386 -0.003618
-0.000065 0.004225 0.004693
-0.001006 -0.015853 -0.001984
-0.000355 -0.013478 -0.002098
-0.012922 -0.007380 -0.004853
0.011270 -0.006636 0.000448
-0.010204 -0.005623 -0.003863
0.003398 -0.008664 0.003684
0.001747 -0.019750 -0.001729
-0.004686 0.001297 0.002109
0.013580 -0.012384 0.000379
-0.001014 0.011258 0.012418
-0.009778 0.001467 0.000574
-0.002116 0.019501 -0.000070
0.010986 0.009804 0.000293
-0.002056 0.015522 -0.007369
-0.007408 0.000415 -0.001488
-0.003624 0.008100 0.004181
-0.000462 -0.016096 -0.002779
-0.003761 -0.011350 -0.000920
-0.011017 -0.003949 -0.001834
0.010074 -0.006280 0.001210
-0.010585 -0.007158 -0.004362
0.006107 -0.007874 0.002787
0.002635 -0.019911 -0.000393
-0.003853 0.001139 0.001107
0.015278 -0.011045 0.003107
-0.006344 -0.004155 0.011580
-0.006728 0.002645 0.000410
0.000339 0.019408 0.000413
0.012609 0.006808 -0.002827
-0.000761 0.015962 -0.006704
-0.010078 0.000708 -0.002353
-0.000651 0.001417 0.000773
0.001964 -0.014775 -0.002300
-0.004539 -0.011412 -0.000712
-0.010268 -0.004959 -0.001367
0.010514 -0.007194 0.000641
-0.008889 -0.007880 -0.006317
0.005103 -0.007499 0.004711
0.002360 -0.019895 -0.001427
-0.003722 -0.000355 0.001709
0.022558 -0.011619 0.001729
0.000558 0.010796 0.012214
-0.009998 0.001156 0.000986
-0.002322 0.018322 0.000926
0.007813 0.005652 -0.003780
-0.003500 0.016329 -0.005942
-0.008212 -0.000002 -0.004001
0.002364 0.002065 0.004603
-0.000503 -0.016473 -0.002899
-0.003490 -0.010364 -0.001625
-0.010395 -0.005061 0.000083
0.011482 -0.004420 0.003967
-0.010443 -0.005711 -0.003272
0.003644 -0.007385 0.004040
0.003142 -0.017476 -0.003557
-0.002882 0.000109 0.001794
0.013625 -0.011019 0.002802
-0.005733 0.010188 0.014938
-0.012417 0.001104 0.001118
-0.000812 0.019064 0.000211
0.012853 0.007367 -0.002619
-0.002577 0.015489 -0.007182
-0.011531 -0.000772 -0.001970
0.000008 0.004542 0.004382
0.000358 -0.015498 -0.003868
-0.002987 -0.011917 0.000175
-0.011509 -0.003582 -0.002432
0.013194 -0.007487 -0.000621
-0.009978 -0.005494 -0.001706
0.004491 -0.007858 0.003114
-0.000518 -0.015694 0.003341
-0.002846 0.000796 0.002632
0.013349 -0.012161 0.002557
-0.006739 0.009918 0.007661
-0.010905 0.001381 0.000455
0.000114 0.019231 0.001180
0.012991 0.007260 -0.002745
-0.017989 -0.034567 -0.008372
-0.024071 0.003623 -0.002811
-0.011926 0.003525 0.004391
-0.062851 0.017775 -0.074672
-0.061320 -0.044768 0.063550
-0.010607 -0.006521 -0.001229
0.008427 -0.002548 -0.004606
-0.011951 -0.009984 0.001866
0.007329 -0.005313 0.003154
0.004402 -0.020340 0.000366
-0.004903 -0.000961 0.004074
0.013248 -0.009883 0.004758
0.000581 0.008602 0.012245
-0.006808 0.002374 0.000365
-0.001196 0.019610 0.000667
0.000089 0.008657 -0.002126
0.000916 0.017638 -0.006051
-0.010212 0.000336 -0.001942
-0.000609 0.000788 0.010491
-0.000285 -0.015788 -0.002648
-0.002017 -0.011031 -0.001101
-0.009571 -0.006173 -0.001356
0.010568 -0.006031 0.000571
-0.018737 -0.016712 0.013855
-0.054711 0.025348 0.077973
0.002316 -0.019034 -0.000201
-0.004847 -0.000300 0.001184
0.017444 -0.010983 0.003494
0.001827 0.002093 -0.005273
0.006630 0.008146 -0.002648
-0.021101 0.011564 0.002851
0.010153 0.022680 -0.002071
-0.031323 -0.000055 0.000251
-0.001635 0.004441 -0.009785
-0.009124 -0.001536 0.000234
-0.034310 -0.021798 0.000883
-0.000340 0.007753 -0.001938
0.016734 -0.008581 0.006081
-0.008263 0.008657 0.004657
-0.003748 -0.000339 -0.000638
0.011605 -0.004736 -0.000437
-0.008982 -0.005318 0.003458
0.008551 -0.009614 0.003326
-0.016459 -0.012032 0.002019
-0.000328 0.003515 -0.004972
0.008782 0.010600 -0.002260
-0.008974 0.010125 0.002175
0.004852 0.029334 -0.001219
0.000963 -0.005291 -0.000753
0.002714 0.003319 -0.009403
-0.004128 -0.002433 0.001406
0.003328 0.006224 -0.000879
-0.002673 0.008505 -0.001853
0.020160 -0.010919 0.003000
-0.009277 0.010435 0.002411
-0.003896 -0.001739 0.000071
0.012039 -0.005353 0.000479
-0.003555 -0.004373 0.004242
0.009166 -0.009347 0.001861
-0.016771 -0.011697 0.001896
-0.011414 0.003344 -0.005418
0.003986 0.019695 -0.002006
-0.009569 0.010191 0.002653
0.007902 0.023196 -0.001095
-0.000632 -0.002552 -0.000332
0.001361 0.003284 -0.010144
-0.009202 -0.001783 0.000068
0.004281 0.005648 0.000419
-0.000607 0.007502 -0.002656
0.019482 -0.011374 0.003028
-0.007835 0.010254 0.001794
-0.006962 0.002833 -0.002231
0.014321 -0.008041 0.000502
-0.004729 -0.008330 0.007410
0.009691 -0.009628 0.002485
-0.017189 -0.011225 0.000118
0.001625 0.003789 -0.004876
0.004380 0.000683 -0.001885
-0.012846 0.006031 0.002495
0.007497 0.024104 -0.001889
-0.000631 -0.000818 -0.000747
0.000917 0.004494 -0.010126
-0.008075 -0.002846 -0.000101
0.003545 0.005588 0.000074
0.000987 0.009076 0.000864
0.017127 -0.012559 0.004127
-0.008972 0.009383 0.002346
-0.003765 -0.001172 0.003133
0.012563 -0.004776 0.000303
-0.002305 -0.005024 0.004064
0.008170 -0.012116 -0.001976
-0.016921 -0.012482 0.001243
0.002603 0.002062 -0.005662
0.006225 0.007885 -0.001954
-0.009742 0.010545 0.001983
0.007296 0.022683 -0.000936
-0.000360 -0.000043 -0.000019
0.002323 0.004011 -0.010062
-0.003989 -0.001204 0.000612
0.002630 0.004598 0.000206
-0.000530 0.007295 -0.001979
0.017961 -0.012410 0.003222
-0.008095 0.010318 0.001326
-0.002475 -0.000878 0.000332
0.011124 -0.004753 -0.000018
-0.002003 -0.005561 0.002256
0.010308 -0.009844 0.002723
-0.015589 -0.011769 0.000696
-0.001091 0.003524 -0.005306
0.000776 0.009934 0.002097
-0.010910 0.014292 0.000640
0.008152 0.019709 0.000419
-0.000972 -0.002049 -0.000426
0.002336 0.006231 -0.010084
-0.008932 -0.001121 0.000102
0.003250 0.003117 -0.000445
-0.000715 0.008788 -0.002060
0.019282 -0.012529 0.000920
-0.004946 0.010569 0.001467
-0.005410 -0.000498 -0.000081
0.011200 -0.006164 -0.001718
-0.004096 -0.006192 0.003779
0.010941 -0.011758 0.006034
-0.016137 -0.012509 0.001420
-0.010811 0.003871 -0.004664
0.003337 0.009921 -0.005079
-0.011101 0.013429 0.002864
0.006174 0.019141 -0.002847
0.000772 -0.003150 0.000172
0.001578 0.006812 -0.010148
0.546994 -0.016343 -0.015574
0.004027 0.003777 -0.000255
-0.010665 0.022089 -0.001809
0.009773 -0.012149 0.001825
0.000561 0.011794 0.003878
-0.007365 -0.002319 -0.001612
-0.038616 -0.034689 -0.050966
-0.003113 -0.004297 0.005013
0.004656 -0.018779 -0.014409
-0.022608 -0.013469 0.003100
0.001636 0.003990 -0.005284
0.007966 0.008097 -0.002438
-0.007229 0.010966 0.002406
-0.004698 0.022989 -0.001663
-0.030459 -0.005147 -0.000273
-0.039494 0.029817 -0.014900
-0.008064 -0.002793 0.001995
-0.000837 0.004455 0.000383
0.001034 0.009023 -0.005030
0.017281 -0.011092 0.003262
-0.007914 0.011210 -0.000114
-0.012280 -0.000061 0.000751
0.011010 -0.005745 -0.000922
-0.002001 -0.006286 0.004335
0.010603 -0.008846 -0.000232
-0.017383 -0.012291 0.002038
