272.0000 0.05 1
0.116618
1.39942
0.233236
0.233236
1.39942
1.86589
1.63265
0.466472
0.932945
1.86589
2.5656
2.33236
1.86589
2.33236
1.63265
2.5656
4.66472
2.33236
3.26531
1.16618
3.03207
1.86589
0.466472
0.932945
1.63265
3.03207
3.49854
4.89796
3.73178
3.49854
3.03207
2.09913
3.73178
2.33236
3.96501
2.5656
4.43149
3.96501
3.73178
4.66472
4.89796
4.19825
5.59767
5.59767
6.53061
7.46356
7.93003
7.46356
8.27988
9.6793
15.8601
16.4431
14.8105
16.5598
18.309
16.2099
22.9738
23.6735
24.0233
27.4052
25.5394
33.1195
25.656
28.3382
28.2216
33.8192
34.1691
31.9534
31.0204
33.7026
37.2012
37.551
39.6501
39.5335
41.1662
41.3994
40.2332
40.4665
37.551
38.9504
38.9504
37.4344
38.1341
36.2682
34.4023
32.8863
35.5685
32.3032
39.0671
39.6501
36.7347
36.3848
39.3003
40.6997
47.2303
35.6851
38.2507
39.0671
33.1195
39.0671
35.5685
36.1516
45.7143
46.5306
41.3994
46.1808
43.8484
39.7668
43.7318
40
42.2157
39.1837
34.9854
30.5539
26.5889
19.3586
19.3586
27.172
33.2362
41.2828
41.7493
52.9446
50.7289
49.9125
52.9446
54.2274
52.4781
53.6443
44.1983
47.4636
45.5977
42.7988
46.6472
48.7464
47.4636
46.9971
50.1458
51.1953
49.7959
51.0787
53.0612
54.1108
52.5948
49.7959
39.3003
46.9971
46.0641
48.0466
51.7784
53.4111
50.7289
53.2945
47.2303
48.3965
44.1983
44.5481
39.3003
40
37.7843
32.1866
34.4023
34.0525
36.7347
28.8047
29.0379
35.4519
31.2536
31.0204
26.8222
23.5569
29.8542
32.6531
31.6035
30.2041
31.137
23.3236
22.7405
18.8921
24.723
28.2216
29.3878
28.2216
29.3878
25.7726
19.0087
22.6239
28.688
26.3557
26.3557
23.7901
20.758
26.4723
37.0845
32.4198
24.8397
27.7551
28.9213
31.2536
40.5831
43.8484
37.2012
34.0525
40.3499
47.5802
43.3819
38.484
39.6501
48.863
55.0437
58.1924
53.0612
56.793
61.3411
62.7405
59.8251
68.8047
63.4402
66.2391
52.3615
50.0292
46.414
45.1312
15.277
10.7289
10.7289
10.2624
7.46356
8.16327
7.93003
7.93003
8.86297
9.32945
6.99708
8.3965
10.9621
10.4956
12.828
7.46356
6.29738
10.2624
6.99708
8.3965
8.86297
8.86297
6.64723
7.46356
10.7289
8.62974
8.86297
4.08163
5.1312
7.46356
9.09621
9.56268
9.44606
8.62974
7.69679
7.69679
10.9621
9.09621
5.8309
5.1312
5.8309
4.43149
3.73178
5.1312
6.53061
4.89796
5.36443
3.03207
7.23032
4.66472
4.89796
3.96501
2.09913
3.73178
3.96501
4.89796
1.63265
1.63265
2.5656
1.86589
0.932945
2.33236
1.16618
1.63265
0.699708
1.16618
0.466472
1.16618
1.16618
1.16618
0.932945
0.932945
0.816327
1.16618
0.699708
0.699708
0.233236
0.233236
0.233236
0.466472
0.699708
1.39942
0.233236
1.39942
2.09913
0.932945
0.466472
0.699708
0.932945
0.466472
0.233236
0.466472
0.466472
0.233236
0.233236
0.233236
0
