0.000362 -0.001250 0.001722
-0.000373 0.004278 0.000871
-0.004298 0.011141 -0.005975
0.002114 -0.001680 0.002486
-0.003381 -0.003850 -0.008046
0.003582 -0.002289 -0.005416
-0.005687 -0.010289 0.008414
0.000514 -0.003472 0.001534
-0.001835 -0.001166 0.001112
-0.005329 0.002003 -0.000590
0.008061 0.001031 0.000571
-0.008502 0.005629 -0.001168
0.004468 -0.001231 -0.001523
-0.000241 -0.006310 0.002041
0.001134 0.005501 0.000484
0.010631 0.001908 0.004987
-0.002122 -0.003716 -0.001979
0.004603 0.001878 -0.007230
0.003068 0.005665 0.001085
0.002495 0.003502 -0.006094
0.001524 -0.004281 0.003831
-0.004037 -0.001661 -0.002862
-0.000429 0.000174 -0.003002
0.005987 -0.001428 0.005449
-0.000012 -0.007658 0.003088
0.003340 -0.002469 0.003551
-0.004757 0.014669 -0.004259
-0.007752 0.001550 -0.002229
0.002430 -0.001585 0.001242
0.002219 0.002500 0.001562
0.000163 0.004043 0.003735
-0.007942 -0.011137 0.002612
