## SLURM PROLOG ###############################################################
##    Job ID : 4099479
##  Job Name : fitfc_HCP_1
##  Nodelist : node1324
##      CPUs : 1
##  Mem/Node : 102400 MB
## Directory : /gpfs/data/avandewa/ssamanta/HCP_A3/sqs_lev=1_c_Ir=0.5,c_Ru=0.5
##   Started : Tue May  7 21:27:12 EDT 2019
###############################################################################
Reading...
vol_0
 p-0.04_15.31_0
 p+0.04_15.31_0
 p-0.04_15.31_10
 p+0.04_15.31_10
 p-0.04_15.31_11
 p+0.04_15.31_11
 p-0.04_15.31_12
 p+0.04_15.31_12
 p-0.04_15.31_13
 p+0.04_15.31_13
 p-0.04_15.31_14
 p+0.04_15.31_14
 p-0.04_15.31_15
 p+0.04_15.31_15
 p-0.04_15.31_16
 p+0.04_15.31_16
 p-0.04_15.31_17
 p+0.04_15.31_17
 p-0.04_15.31_18
 p+0.04_15.31_18
 p-0.04_15.31_19
 p+0.04_15.31_19
 p-0.04_15.31_1
 p+0.04_15.31_1
 p-0.04_15.31_20
 p+0.04_15.31_20
 p-0.04_15.31_21
 p+0.04_15.31_21
 p-0.04_15.31_22
 p+0.04_15.31_22
 p-0.04_15.31_23
 p+0.04_15.31_23
 p-0.04_15.31_24
 p+0.04_15.31_24
 p-0.04_15.31_25
 p+0.04_15.31_25
 p-0.04_15.31_26
 p+0.04_15.31_26
 p-0.04_15.31_27
 p+0.04_15.31_27
 p-0.04_15.31_28
 p+0.04_15.31_28
 p-0.04_15.31_29
 p+0.04_15.31_29
 p-0.04_15.31_2
 p+0.04_15.31_2
 p-0.04_15.31_30
 p+0.04_15.31_30
 p-0.04_15.31_31
 p+0.04_15.31_31
 p-0.04_15.31_32
 p+0.04_15.31_32
 p-0.04_15.31_33
 p+0.04_15.31_33
 p-0.04_15.31_34
 p+0.04_15.31_34
 p-0.04_15.31_35
 p+0.04_15.31_35
 p-0.04_15.31_36
 p+0.04_15.31_36
 p-0.04_15.31_37
 p+0.04_15.31_37
 p-0.04_15.31_38
 p+0.04_15.31_38
 p-0.04_15.31_39
 p+0.04_15.31_39
 p-0.04_15.31_3
 p+0.04_15.31_3
 p-0.04_15.31_40
 p+0.04_15.31_40
 p-0.04_15.31_41
 p+0.04_15.31_41
 p-0.04_15.31_42
 p+0.04_15.31_42
 p-0.04_15.31_43
 p+0.04_15.31_43
 p-0.04_15.31_44
 p+0.04_15.31_44
 p-0.04_15.31_45
 p+0.04_15.31_45
 p-0.04_15.31_46
 p+0.04_15.31_46
 p-0.04_15.31_47
 p+0.04_15.31_47
 p-0.04_15.31_48
 p+0.04_15.31_48
 p-0.04_15.31_49
 p+0.04_15.31_49
 p-0.04_15.31_4
 p+0.04_15.31_4
 p-0.04_15.31_50
 p+0.04_15.31_50
 p-0.04_15.31_51
 p+0.04_15.31_51
 p-0.04_15.31_52
 p+0.04_15.31_52
 p-0.04_15.31_53
 p+0.04_15.31_53
 p-0.04_15.31_54
 p+0.04_15.31_54
 p-0.04_15.31_55
 p+0.04_15.31_55
 p-0.04_15.31_56
 p+0.04_15.31_56
 p-0.04_15.31_57
 p+0.04_15.31_57
 p-0.04_15.31_58
 p+0.04_15.31_58
 p-0.04_15.31_59
 p+0.04_15.31_59
 p-0.04_15.31_5
 p+0.04_15.31_5
 p-0.04_15.31_60
 p+0.04_15.31_60
 p-0.04_15.31_61
 p+0.04_15.31_61
 p-0.04_15.31_62
 p+0.04_15.31_62
 p-0.04_15.31_63
 p+0.04_15.31_63
 p-0.04_15.31_64
 p+0.04_15.31_64
 p-0.04_15.31_65
 p+0.04_15.31_65
 p-0.04_15.31_66
 p+0.04_15.31_66
 p-0.04_15.31_67
 p+0.04_15.31_67
 p-0.04_15.31_68
 p+0.04_15.31_68
 p-0.04_15.31_69
 p+0.04_15.31_69
 p-0.04_15.31_6
 p+0.04_15.31_6
 p-0.04_15.31_70
 p+0.04_15.31_70
 p-0.04_15.31_71
 p+0.04_15.31_71
 p-0.04_15.31_72
 p+0.04_15.31_72
 p-0.04_15.31_73
 p+0.04_15.31_73
 p-0.04_15.31_74
 p+0.04_15.31_74
 p-0.04_15.31_75
 p+0.04_15.31_75
 p-0.04_15.31_76
 p+0.04_15.31_76
 p-0.04_15.31_77
 p+0.04_15.31_77
 p-0.04_15.31_78
 p+0.04_15.31_78
 p-0.04_15.31_79
 p+0.04_15.31_79
 p-0.04_15.31_7
 p+0.04_15.31_7
 p-0.04_15.31_80
 p+0.04_15.31_80
 p-0.04_15.31_81
 p+0.04_15.31_81
 p-0.04_15.31_82
 p+0.04_15.31_82
 p-0.04_15.31_83
 p+0.04_15.31_83
 p-0.04_15.31_84
 p+0.04_15.31_84
 p-0.04_15.31_85
 p+0.04_15.31_85
 p-0.04_15.31_86
 p+0.04_15.31_86
 p-0.04_15.31_87
 p+0.04_15.31_87
 p-0.04_15.31_88
 p+0.04_15.31_88
 p-0.04_15.31_89
 p+0.04_15.31_89
 p-0.04_15.31_8
 p+0.04_15.31_8
 p-0.04_15.31_90
 p+0.04_15.31_90
 p-0.04_15.31_91
 p+0.04_15.31_91
 p-0.04_15.31_92
 p+0.04_15.31_92
 p-0.04_15.31_93
 p+0.04_15.31_93
 p-0.04_15.31_94
 p+0.04_15.31_94
 p-0.04_15.31_95
 p+0.04_15.31_95
 p-0.04_15.31_9
 p+0.04_15.31_9
Generating Fitting matrices
 1/147456
 769/147456
 1537/147456
 2305/147456
 3073/147456
 3841/147456
 4609/147456
 5377/147456
 6145/147456
 6913/147456
 7681/147456
 8449/147456
 9217/147456
 9985/147456
 10753/147456
 11521/147456
 12289/147456
 13057/147456
 13825/147456
 14593/147456
 15361/147456
 16129/147456
 16897/147456
 17665/147456
 18433/147456
 19201/147456
 19969/147456
 20737/147456
 21505/147456
 22273/147456
 23041/147456
 23809/147456
 24577/147456
 25345/147456
 26113/147456
 26881/147456
 27649/147456
 28417/147456
 29185/147456
 29953/147456
 30721/147456
 31489/147456
 32257/147456
 33025/147456
 33793/147456
 34561/147456
 35329/147456
 36097/147456
 36865/147456
 37633/147456
 38401/147456
 39169/147456
 39937/147456
 40705/147456
 41473/147456
 42241/147456
 43009/147456
 43777/147456
 44545/147456
 45313/147456
 46081/147456
 46849/147456
 47617/147456
 48385/147456
 49153/147456
 49921/147456
 50689/147456
 51457/147456
 52225/147456
 52993/147456
 53761/147456
 54529/147456
 55297/147456
 56065/147456
 56833/147456
 57601/147456
 58369/147456
 59137/147456
 59905/147456
 60673/147456
 61441/147456
 62209/147456
 62977/147456
 63745/147456
 64513/147456
 65281/147456
 66049/147456
 66817/147456
 67585/147456
 68353/147456
 69121/147456
 69889/147456
 70657/147456
 71425/147456
 72193/147456
 72961/147456
 73729/147456
 74497/147456
 75265/147456
 76033/147456
 76801/147456
 77569/147456
 78337/147456
 79105/147456
 79873/147456
 80641/147456
 81409/147456
 82177/147456
 82945/147456
 83713/147456
 84481/147456
 85249/147456
 86017/147456
 86785/147456
 87553/147456
 88321/147456
 89089/147456
 89857/147456
 90625/147456
 91393/147456
 92161/147456
 92929/147456
 93697/147456
 94465/147456
 95233/147456
 96001/147456
 96769/147456
 97537/147456
 98305/147456
 99073/147456
 99841/147456
 100609/147456
 101377/147456
 102145/147456
 102913/147456
 103681/147456
 104449/147456
 105217/147456
 105985/147456
 106753/147456
 107521/147456
 108289/147456
 109057/147456
 109825/147456
 110593/147456
 111361/147456
 112129/147456
 112897/147456
 113665/147456
 114433/147456
 115201/147456
 115969/147456
 116737/147456
 117505/147456
 118273/147456
 119041/147456
 119809/147456
 120577/147456
 121345/147456
 122113/147456
 122881/147456
 123649/147456
 124417/147456
 125185/147456
 125953/147456
 126721/147456
 127489/147456
 128257/147456
 129025/147456
 129793/147456
 130561/147456
 131329/147456
 132097/147456
 132865/147456
 133633/147456
 134401/147456
 135169/147456
 135937/147456
 136705/147456
 137473/147456
 138241/147456
 139009/147456
 139777/147456
 140545/147456
 141313/147456
 142081/147456
 142849/147456
 143617/147456
 144385/147456
 145153/147456
 145921/147456
 146689/147456
Performing least square fit...
Problem size= 147456 x 8064
Done
Creating Force constants...
Done
Performing normal modes calculations
kmesh= 4 4 4
Warning: Unable to read energy file. Assuming static energy is 0.
Warning: no vol_*/energy file found. Consequently, T=0 static energy will not be added to output free energies.
