2176.0000 0.05 1
1.11111
4.44444
11.1111
2.22222
11.1111
4.44444
13.3333
11.1111
20
11.1111
6.66667
11.1111
24.4444
23.3333
17.7778
23.3333
26.6667
18.8889
13.3333
32.2222
18.8889
8.88889
4.44444
10
14.4444
16.6667
34.4444
37.7778
25.5556
40
11.1111
26.6667
17.7778
31.1111
24.4444
32.2222
26.6667
27.7778
40
24.4444
32.2222
46.6667
36.6667
47.7778
70
55.5556
56.6667
41.1111
80
108.889
93.3333
126.667
130
134.444
151.111
146.667
161.111
190
192.222
202.222
212.222
270
192.222
230
232.222
288.889
240
276.667
253.333
263.333
291.111
296.667
322.222
333.333
321.111
352.222
282.222
347.778
303.333
312.222
294.444
300
291.111
280
312.222
273.333
248.889
287.778
290
295.556
316.667
314.444
323.333
311.111
336.667
314.444
315.556
296.667
294.444
296.667
304.444
291.111
330
353.333
321.111
360
374.444
358.889
353.333
352.222
343.333
293.333
248.889
215.556
180
160
186.667
245.556
260
331.111
352.222
396.667
420
402.222
424.444
410
452.222
400
382.222
354.444
346.667
373.333
345.556
395.556
381.111
377.778
385.556
427.778
404.444
458.889
407.778
406.667
411.111
356.667
357.778
376.667
368.889
374.444
437.778
415.556
407.778
441.111
401.111
341.111
352.222
322.222
351.111
312.222
331.111
257.778
281.111
263.333
272.222
255.556
244.444
222.222
274.444
213.333
242.222
216.667
232.222
261.111
223.333
242.222
232.222
214.444
208.889
227.778
178.889
203.333
174.444
197.778
175.556
174.444
256.667
235.556
231.111
214.444
215.556
168.889
175.556
197.778
260
241.111
222.222
274.444
240
223.333
264.444
347.778
340
317.778
305.556
330
305.556
337.778
375.556
416.667
427.778
425.556
447.778
434.444
508.889
474.444
501.111
461.111
434.444
354.444
315.556
225.556
123.333
16.6667
1.11111
0
0
0
0
0
0
0
0
0
0
0
0
0
0
0
0
0
0
0
0
0
2.22222
2.22222
0
2.22222
0
0
4.44444
0
2.22222
2.22222
5.55556
0
2.22222
2.22222
2.22222
4.44444
6.66667
0
2.22222
4.44444
0
1.11111
2.22222
0
2.22222
0
0
2.22222
0
