0.000285 0.008858 0.012393
-0.005993 0.009440 0.000475
-0.001847 0.019396 0.000725
0.012465 0.008143 -0.001936
-0.001731 0.013760 -0.006802
-0.009253 0.000256 -0.002248
-0.001240 0.002618 0.006096
0.000536 -0.015519 -0.003694
-0.003004 -0.011692 -0.000375
-0.010619 -0.005587 -0.001580
0.010965 -0.006967 0.000819
-0.009100 -0.005237 -0.002965
0.004835 -0.008277 0.004521
0.002785 -0.018796 -0.001370
-0.003436 0.000810 0.001707
0.013449 -0.012453 0.001755
-0.000240 0.010506 0.011876
-0.009992 0.007945 0.006440
-0.001985 0.017799 0.001640
0.010920 0.008325 -0.003537
-0.000865 0.018763 -0.004220
-0.009769 0.001212 -0.003485
0.000269 0.003935 0.004208
0.000714 -0.016454 -0.003391
-0.003144 -0.010766 0.003519
-0.011944 -0.005395 -0.003218
0.011552 -0.006518 0.000249
-0.009965 -0.006452 -0.003382
0.003978 -0.006695 0.003455
0.005350 -0.018303 -0.000974
-0.003245 0.000400 0.002371
0.013402 -0.010888 0.002520
0.000370 0.010727 0.013059
-0.010665 0.005739 -0.002720
-0.002025 0.019470 -0.000052
0.012521 0.007466 -0.003199
0.024070 0.015347 -0.007807
-0.019567 0.018035 -0.001729
0.009649 0.021582 0.004337
-0.004431 -0.009866 -0.002395
-0.004147 0.006117 -0.022629
-0.011508 -0.008957 -0.002907
0.013197 -0.006131 0.001496
-0.010250 -0.007653 -0.003064
0.004575 -0.008345 0.004862
0.003073 -0.019172 -0.000661
-0.043128 0.015911 0.046293
0.015295 -0.011752 0.003604
-0.000521 0.011461 0.011821
-0.009533 0.001559 0.001512
-0.000902 0.018906 0.001099
0.012393 0.009219 -0.002694
-0.001674 0.015205 -0.006319
0.003228 0.018115 -0.002184
-0.007379 0.012064 0.004960
-0.000117 -0.019264 -0.003652
-0.003446 -0.010912 -0.000945
-0.009546 -0.007291 -0.000166
0.010372 -0.004822 -0.000973
-0.011382 0.001790 0.001654
-0.007338 -0.008471 0.013168
0.002962 -0.019523 -0.001170
-0.003802 0.001572 0.001923
0.013346 -0.011194 0.001712
-0.000966 0.011357 0.012192
-0.009793 0.000217 0.000691
-0.000982 0.017820 0.000604
0.012795 0.007074 -0.003772
-0.002377 0.014355 -0.005432
-0.009204 0.000830 -0.002226
-0.002217 0.003598 0.000909
-0.000994 -0.015414 -0.002441
-0.004550 -0.012830 -0.001636
-0.011618 -0.004870 -0.002172
0.010305 -0.006188 0.000377
-0.009900 -0.005537 0.000710
0.000434 -0.002273 0.001420
0.002625 -0.019914 -0.000197
-0.005502 0.000281 0.002369
0.014947 -0.011288 0.003848
0.000180 0.011184 0.012371
-0.008700 0.001713 0.000716
-0.002177 0.019934 0.001077
0.010599 0.006342 -0.002396
0.001015 0.013557 -0.006685
-0.008767 0.001116 0.000342
-0.000666 0.003678 0.005328
-0.002343 -0.017973 -0.000758
-0.003314 -0.010422 -0.001146
-0.012318 -0.005540 -0.003354
0.011610 -0.007642 0.002552
-0.010071 -0.005988 -0.004011
0.004172 -0.011198 0.003799
0.003409 -0.020698 -0.002695
-0.003790 0.000198 0.001277
0.012952 -0.012247 0.000456
-0.010132 0.065734 0.012167
-0.011081 0.010351 0.000517
0.003913 -0.570994 -0.000780
0.010519 0.006077 -0.002471
0.000828 0.014385 -0.005462
-0.009300 0.000917 -0.006696
-0.000328 0.003127 0.003587
-0.011282 -0.016183 -0.011775
-0.002642 -0.012019 -0.001208
-0.006727 0.000861 -0.000289
0.053880 0.008366 0.046630
-0.010636 -0.005694 -0.003010
0.004632 -0.007809 0.003768
0.042693 -0.001245 -0.050000
-0.002919 0.000069 0.002115
0.016378 -0.005077 0.000468
-0.000608 0.011675 0.011852
-0.008296 0.000459 -0.000083
-0.000178 0.018228 -0.000537
0.011875 0.009389 -0.002761
-0.000639 0.016536 -0.005467
-0.006740 0.001796 -0.002060
-0.002287 0.004828 0.005018
0.000373 -0.016018 -0.002562
-0.003827 -0.011536 -0.001893
-0.000469 -0.006545 -0.012290
0.011248 -0.006360 0.000676
-0.009138 -0.008251 -0.001605
0.002070 -0.009629 0.001572
0.002760 -0.019640 0.000719
-0.003237 0.000972 0.000605
0.013991 -0.011670 -0.002074
-0.000591 0.003452 -0.005386
0.007437 0.017632 -0.002006
-0.010806 0.009730 0.002540
0.004725 0.018559 -0.001188
0.000015 -0.001573 -0.000270
0.001050 0.004495 -0.010180
-0.008859 -0.001888 0.000690
0.003209 0.005847 -0.000137
0.000226 0.007631 -0.002160
0.018633 -0.010834 0.003212
-0.008571 0.010281 0.002158
-0.005737 -0.001451 -0.001030
0.010130 -0.005939 0.000216
-0.003416 -0.005124 0.004919
0.010226 -0.011256 0.001445
-0.017738 -0.012270 0.001090
-0.000731 0.004387 -0.004907
0.009518 0.010981 -0.008367
-0.010038 0.008721 0.001327
0.006600 0.021593 -0.005275
0.000265 -0.002841 0.000173
0.001711 0.004535 -0.010061
-0.007601 -0.002044 0.000950
0.003040 0.005868 -0.000060
-0.000762 0.007778 -0.001730
0.017704 -0.011813 0.003904
-0.008513 0.010316 0.001486
-0.004778 -0.000864 0.000384
0.011507 -0.003934 -0.005052
-0.003223 -0.004730 0.004278
0.010706 -0.009076 0.001502
-0.016267 -0.011995 -0.000479
-0.000832 0.000724 -0.005478
0.008984 0.012320 0.002945
-0.009167 0.008585 0.002625
0.009439 0.019527 0.001439
-0.007428 0.007408 -0.000185
0.001537 0.003003 -0.010277
-0.060735 0.053022 0.001633
0.002790 0.002896 -0.000508
-0.001848 0.019635 -0.002295
0.017938 -0.012930 0.003337
-0.007951 0.009443 0.002271
-0.004722 0.000503 0.000758
0.011281 0.009808 0.020461
-0.004073 -0.007617 0.006149
0.010072 -0.009813 -0.002105
-0.052675 0.009962 -0.041191
-0.000028 0.040714 -0.003705
0.004343 0.016302 -0.002988
-0.011988 0.008887 0.001970
0.006583 0.021616 -0.002899
0.003595 -0.000108 0.002758
-0.002558 0.008289 -0.009010
-0.008615 -0.005209 0.001030
0.003040 0.004761 -0.001557
-0.000247 0.019032 -0.002400
0.018442 -0.010713 0.002963
-0.004358 0.016192 0.004500
-0.005000 0.071923 0.067706
0.011337 -0.005488 -0.000345
0.005640 -0.009343 0.014382
0.009970 -0.008773 0.003311
-0.016626 -0.010922 0.001056
-0.000011 0.003550 -0.004881
0.007067 0.007378 -0.002053
-0.010593 0.010470 0.002548
0.005769 0.022266 -0.001382
0.000033 -0.003050 -0.000518
-0.000698 0.015008 -0.009577
-0.008546 -0.001710 -0.000222
0.003080 0.005743 0.000091
0.000616 0.007743 -0.001982
0.018539 -0.010082 0.001800
-0.006232 0.010275 0.001490
-0.005454 -0.001574 0.000157
0.012367 -0.006057 -0.001122
-0.003179 -0.005553 0.003667
0.009575 -0.009837 0.003234
-0.016420 -0.012113 0.001627
-0.001166 0.003452 -0.004495
0.008910 0.007854 -0.002603
-0.009842 0.012350 0.002795
0.005883 0.018083 -0.001417
-0.000403 -0.003282 -0.000294
0.005994 0.011582 -0.010098
-0.008244 -0.003148 0.000128
0.003419 0.005540 0.000265
-0.001130 0.007967 -0.002501
0.018061 -0.012539 0.001652
-0.008883 0.010045 0.002745
-0.004280 0.000740 -0.000601
0.012394 -0.006664 0.000779
-0.003470 -0.006167 0.005795
0.011425 -0.011009 0.001054
-0.016609 -0.012389 0.000344
-0.000794 0.004019 -0.005002
0.008022 0.009514 -0.002300
-0.036290 0.010707 0.003450
0.009190 0.022845 -0.002022
0.000920 0.008863 -0.000241
0.000831 0.003040 -0.010197
-0.008348 -0.003009 0.001366
0.052527 0.048981 0.001798
-0.001004 0.007361 -0.001443
0.021276 0.056571 -0.061634
-0.008596 0.008773 0.005821
-0.004919 -0.001464 -0.000509
0.011673 -0.005096 -0.000341
0.000237 0.000824 0.003226
0.007999 -0.003713 -0.001862
-0.015678 -0.012574 0.001910
-0.000852 0.002235 -0.005385
0.007422 0.008747 -0.001208
-0.013123 0.009407 0.002773
0.008643 0.018054 -0.000436
0.004274 -0.000051 -0.001652
-0.003812 0.008817 -0.012656
-0.008848 -0.001587 -0.000179
0.002778 0.005406 0.002054
-0.000635 0.007534 -0.001798
0.018344 -0.011783 0.003227
-0.009270 0.009037 0.003023
-0.004585 -0.001340 0.001344
0.011541 -0.004968 0.001151
-0.001836 -0.008272 0.002287
0.008806 -0.009582 0.002388
-0.016387 -0.011414 0.001676
