2176.0000 0.05 1
1.875
3.75
6.25
6.25
7.5
16.25
8.75
7.5
16.25
16.25
14.375
16.25
25
16.25
6.25
31.25
23.125
18.125
28.75
10
10
13.125
10
10
16.25
20
25
30
37.5
19.375
22.5
28.75
13.75
26.875
20.625
29.375
21.25
42.5
43.125
30.625
37.5
56.25
47.5
45.625
41.875
67.5
55.625
48.125
84.375
92.5
98.75
124.375
137.5
135
138.75
153.75
181.25
151.875
157.5
200
177.5
175
233.75
251.875
267.5
240
231.875
280.625
293.125
311.25
296.875
320
303.125
309.375
323.75
341.875
340
361.25
316.25
354.375
371.25
366.25
328.125
362.5
332.5
378.75
312.5
296.875
301.875
288.125
273.125
253.125
231.875
249.375
254.375
296.875
208.125
250
310.625
296.25
315
310.625
308.75
300.625
248.75
294.375
308.125
300
323.75
274.375
281.875
300.625
273.75
321.25
291.25
311.25
252.5
298.125
351.875
318.75
316.875
315
326.25
361.875
345
378.125
401.25
380
390.625
391.25
397.5
431.875
449.375
470.625
451.25
445
453.125
435.625
445.625
419.375
402.5
431.875
382.5
358.75
317.5
350.625
330
310
314.375
331.25
305.625
276.875
215
255.625
249.375
302.5
280.625
246.25
271.875
225.625
318.75
287.5
326.875
302.5
304.375
290
285.625
297.5
346.875
293.75
323.75
353.125
370
356.875
259.375
288.125
215.625
288.125
345
265.625
265.625
265
260.625
235
246.25
248.75
263.75
327.5
237.5
228.75
238.75
223.75
181.25
246.25
256.25
281.25
255
306.875
253.125
266.25
256.875
202.5
206.25
269.375
255
326.25
341.875
346.25
353.75
275
368.125
293.75
512.5
534.375
511.25
425
367.5
261.875
230.625
202.5
167.5
115.625
65
33.125
10.625
3.75
1.875
3.125
1.25
0
0
0
0
0
0
0
0
0
0
2.5
0
