2176.0000 0.05 1
1.875
3.75
6.25
6.25
7.5
16.25
8.75
6.25
17.5
16.25
14.375
16.25
23.75
16.25
7.5
31.25
23.125
18.125
28.75
10
10
13.125
10
10
17.5
18.75
25
30
37.5
19.375
23.75
27.5
13.75
26.875
20.625
29.375
21.25
41.25
45
30
37.5
56.25
47.5
45.625
41.875
67.5
54.375
48.125
84.375
93.75
100
124.375
136.25
135
140
154.375
180
152.5
158.125
199.375
175.625
176.25
231.875
253.75
269.375
236.875
235.625
278.75
293.125
310.625
296.25
321.875
300.625
316.25
320.625
340
343.75
362.5
315
358.125
371.25
365
329.375
358.125
334.375
383.125
306.25
292.5
304.375
290.625
270.625
255.625
231.25
254.375
248.125
301.25
205.625
248.75
311.875
293.75
320
307.5
308.75
301.875
251.25
290
310.625
298.125
328.125
271.25
278.125
306.25
271.25
321.875
287.5
316.25
249.375
298.125
350.625
321.25
317.5
311.875
328.75
365.625
337.5
380.625
402.5
375.625
393.75
395.625
391.875
431.25
453.75
469.375
451.875
443.75
455
433.75
447.5
415
408.125
429.375
383.125
359.375
315.625
350
327.5
313.125
315
333.75
300.625
275.625
217.5
253.75
252.5
304.375
276.25
245
274.375
225.625
318.75
292.5
326.25
301.875
299.375
293.125
282.5
296.875
352.5
290
327.5
350
372.5
355
258.125
290.625
213.125
285.625
346.875
267.5
261.875
270
256.875
235.625
245.625
249.375
268.125
326.875
237.5
225
239.375
225
180
245
257.5
278.75
259.375
307.5
255.625
259.375
257.5
203.75
206.25
268.75
253.125
326.25
344.375
347.5
351.25
278.125
369.375
290.625
517.5
533.125
510
420.625
368.125
260
235.625
199.375
165
121.875
59.375
31.25
11.25
3.75
1.25
4.375
1.25
0
0
0
0
0
0
0
0
0
0
2.5
0
