0.009631 0.001828 0.001330
-0.005333 -0.002779 0.001132
0.009103 0.001755 -0.001017
0.002110 0.001055 -0.003433
0.008548 0.000104 -0.002808
-0.000932 -0.001007 -0.000280
-0.005376 -0.003563 -0.004960
-0.005017 0.002669 0.000322
-0.008110 -0.000393 -0.007579
0.009070 0.002139 -0.002163
-0.002904 0.010437 0.016341
-0.006372 -0.001798 0.002175
-0.001487 -0.005505 0.009869
-0.005874 0.000872 -0.000585
0.005143 0.000195 -0.004699
0.003243 -0.001941 -0.000909
0.010658 0.003534 0.001597
-0.005074 -0.001381 0.002437
0.010537 0.003270 -0.001031
0.002049 0.000994 -0.003626
0.008372 0.001961 -0.003573
-0.000908 -0.003199 0.000155
-0.004598 -0.002098 -0.004614
-0.005081 0.006113 0.000345
-0.010405 -0.000480 -0.008934
0.003677 -0.003487 -0.003794
-0.003387 -0.002821 0.004458
-0.006856 -0.002952 0.000813
-0.002455 -0.006100 0.010584
-0.006858 0.000547 -0.000330
0.005339 0.002395 -0.004797
0.003082 -0.001084 0.000216
0.012276 0.002105 0.000528
-0.005918 0.037263 -0.046661
0.005881 0.009416 0.001966
0.006997 0.000388 0.001938
0.009307 0.038151 0.041084
-0.016758 -0.581184 0.001953
-0.051297 0.032078 -0.004026
-0.004936 0.000047 0.001320
0.059567 0.054379 -0.008279
0.004727 -0.001238 -0.002291
-0.003304 0.016213 -0.012479
-0.007902 -0.003222 0.002956
-0.001447 -0.006214 0.009302
-0.006497 -0.000675 0.000082
0.005175 0.001600 -0.005121
0.002068 -0.002098 0.002116
0.010922 0.002746 0.001259
-0.005174 0.002250 -0.002245
0.010990 0.004353 -0.000221
0.001895 0.001738 -0.003466
0.008660 0.006424 0.000547
-0.001198 -0.013572 -0.000565
-0.003501 -0.002131 -0.005000
-0.005066 0.001846 0.000183
-0.009665 0.001137 -0.007586
0.004578 -0.001810 -0.002651
-0.002735 0.009771 -0.006324
-0.006032 -0.002117 0.002256
-0.000327 -0.007777 0.010288
-0.005346 0.000417 -0.000850
0.004229 0.000924 -0.005622
-0.000802 0.007282 -0.002912
0.011143 0.001202 0.001308
-0.005545 -0.000950 0.001585
0.010620 0.004274 -0.000048
0.002201 0.001048 -0.003495
0.008656 0.002229 -0.004287
-0.001103 -0.003263 -0.000633
-0.004081 -0.002736 -0.004204
-0.004860 0.006395 0.000217
-0.008655 0.000575 -0.008235
0.008119 0.005163 -0.006831
-0.003434 -0.001709 0.004365
-0.005575 -0.002865 0.003195
-0.001792 -0.004980 0.009976
-0.006426 0.000653 -0.000278
0.004012 0.003595 -0.005477
0.002565 -0.001422 0.001032
0.010473 0.002295 0.001423
-0.005637 -0.002255 0.001993
0.006150 0.009272 0.002384
0.004369 0.000003 -0.002257
0.008689 0.002550 -0.003868
-0.002267 -0.002836 -0.001600
-0.004378 -0.002076 -0.004991
-0.005317 0.006883 0.000701
-0.009743 -0.000150 -0.007427
0.003354 -0.003563 -0.000913
-0.002999 -0.001888 0.004323
-0.002283 0.006375 -0.001873
0.003124 -0.000435 0.006917
0.033410 0.029494 -0.000722
0.003518 0.030665 -0.005722
0.002948 -0.002983 0.001151
0.010688 0.002769 0.001330
-0.005245 -0.002287 0.000726
0.010984 0.003089 -0.000702
0.002441 -0.000598 -0.003519
0.008550 0.001914 -0.002728
-0.001027 -0.002881 -0.000454
-0.003514 -0.002064 -0.004767
-0.004677 -0.000879 -0.000812
-0.008975 0.000681 -0.007954
0.004325 -0.001722 -0.002421
-0.003204 0.016178 0.021314
-0.007382 -0.001145 0.002428
0.003258 0.001587 0.005716
-0.007014 -0.000459 -0.001546
0.005162 0.001580 -0.004856
0.007456 0.009302 0.006592
0.014977 0.002393 -0.003102
-0.005293 -0.001745 0.002691
0.008168 0.002402 -0.001725
0.000922 -0.000081 -0.003665
0.008477 0.002789 -0.003110
-0.001836 -0.002621 -0.000451
-0.004571 -0.002633 -0.004953
-0.005777 0.006756 -0.000175
-0.008563 0.000691 -0.007476
0.008076 0.005042 0.002343
-0.004926 -0.011067 0.004513
-0.011182 0.007549 0.007617
-0.000733 -0.006792 0.010166
-0.005907 -0.001892 -0.000258
0.003678 0.033831 -0.005228
0.002516 -0.000496 0.000899
-0.013891 -0.003707 0.003880
0.004955 -0.005825 0.001445
-0.002370 0.001009 0.002407
-0.004567 0.004866 0.002560
0.011826 0.021727 -0.001382
0.010391 0.007454 0.002972
0.003696 -0.002009 -0.004528
0.003502 0.000104 -0.000088
0.008596 0.003925 0.003043
-0.000668 -0.008752 -0.005951
0.003258 0.000873 0.003813
-0.022104 -0.003227 -0.005372
0.002729 0.004700 0.011033
0.000444 -0.009346 -0.010093
0.014617 0.004661 0.000202
-0.005443 0.000653 0.006695
-0.013477 -0.002323 0.002661
0.003952 -0.002779 0.001798
-0.001678 0.001159 0.002007
-0.003879 0.004288 0.002701
-0.003500 0.006657 -0.001212
0.005384 -0.000494 -0.000591
0.004172 -0.000844 -0.003055
0.002939 0.000917 -0.000161
0.009890 0.005479 0.002058
-0.000122 -0.006007 -0.005437
0.003432 0.002090 0.005230
-0.026429 0.004516 -0.001332
0.003052 0.005932 0.011649
-0.001241 -0.008252 -0.010920
0.015155 0.005832 0.004312
-0.006137 0.005877 0.012802
-0.008718 0.003744 0.007139
0.005096 -0.008447 0.000953
-0.001571 0.000284 0.001820
-0.004180 0.002802 0.003478
-0.016864 0.020525 -0.001741
0.000920 0.008581 -0.006002
0.002095 0.032923 -0.049782
0.000757 0.002330 0.001627
0.005725 0.010719 -0.001139
-0.000299 -0.013223 -0.006350
-0.001361 0.008944 0.000977
-0.021914 -0.005301 -0.005237
0.002731 0.005464 0.011078
0.004349 -0.001014 -0.005252
0.017385 0.001104 -0.000354
-0.005714 0.000361 0.007011
-0.013879 -0.003850 0.001299
0.004580 -0.003718 0.001226
-0.002393 0.000878 0.002765
-0.004083 0.003001 0.002358
-0.003255 0.007327 -0.001616
0.005204 -0.001936 0.000310
0.004026 0.004753 -0.009610
0.003001 0.001251 -0.000325
0.009899 0.005557 0.001745
-0.001022 -0.006883 -0.006210
0.003308 0.000777 0.007298
-0.022545 -0.003386 -0.005368
0.002885 0.005136 0.011662
-0.000403 -0.007658 -0.009822
0.018687 0.000139 0.000325
-0.006002 -0.000547 0.007307
-0.013394 -0.001745 0.002908
0.004660 -0.002866 0.001347
-0.002217 0.001237 0.002037
-0.004768 0.004424 0.002362
-0.004250 0.005993 -0.002178
0.005947 -0.000802 -0.001108
0.004332 -0.001437 -0.003863
0.002979 0.001042 -0.000588
0.009930 0.004638 0.002618
-0.001359 -0.006044 -0.006213
0.003026 0.002347 0.005582
-0.016375 0.006285 -0.010243
0.001794 0.005484 0.011773
-0.000662 -0.007654 -0.010264
0.019303 -0.000438 0.000988
-0.005756 -0.000046 0.009233
-0.009547 0.002035 0.002615
0.003526 -0.002503 -0.000405
-0.003073 -0.000003 0.002304
-0.006211 0.003319 0.002242
-0.003494 0.006878 -0.001712
0.004947 -0.002560 -0.001182
0.004652 -0.000989 -0.003367
0.001444 -0.000478 -0.000318
0.007737 0.003017 0.002775
0.000120 -0.006143 -0.007472
0.002292 0.003113 0.005313
-0.021976 -0.004409 -0.003746
0.016308 0.020270 0.012253
0.002856 -0.002554 -0.005121
0.014946 0.005792 -0.003959
-0.006247 -0.000141 0.008149
-0.009364 0.002792 -0.000456
0.004841 -0.001814 0.001167
-0.001017 0.000284 0.002966
-0.006778 0.006753 0.000256
-0.003944 0.007882 -0.001470
0.006072 -0.002128 -0.002079
0.004502 -0.000972 -0.005528
0.002989 -0.000834 -0.001295
0.009663 0.004788 0.002948
-0.000634 -0.005249 -0.006263
-0.001018 0.008311 0.008576
-0.021931 -0.003333 -0.004606
0.003053 0.004922 0.012766
0.000092 -0.008427 -0.009015
0.018352 0.000180 -0.000304
-0.006121 0.000209 0.006230
-0.011961 -0.000917 0.002877
0.005359 -0.002559 0.002277
-0.048209 0.036912 0.002329
-0.003848 0.003749 0.002373
-0.004166 0.006036 -0.000731
0.005856 -0.000371 -0.000949
0.004928 -0.000779 -0.003384
0.003520 -0.000141 0.000324
0.006301 0.011446 -0.001234
-0.001516 -0.006071 -0.005982
0.001799 0.003667 0.005956
-0.022672 -0.004492 -0.005978
-0.015189 0.024797 0.011480
0.001726 -0.008799 -0.010691
0.019555 -0.000932 -0.001307
-0.006645 0.034717 0.053004
