2176.0000 0.05 1
1.11111
4.44444
11.1111
2.22222
11.1111
4.44444
13.3333
11.1111
20
11.1111
6.66667
11.1111
24.4444
23.3333
17.7778
23.3333
26.6667
18.8889
13.3333
32.2222
18.8889
8.88889
4.44444
10
14.4444
16.6667
34.4444
40
23.3333
40
11.1111
26.6667
17.7778
31.1111
24.4444
32.2222
26.6667
27.7778
40
24.4444
32.2222
46.6667
36.6667
47.7778
70
55.5556
56.6667
41.1111
80
106.667
95.5556
126.667
127.778
136.667
151.111
146.667
161.111
190
190
202.222
216.667
267.778
192.222
230
234.444
286.667
237.778
276.667
255.556
263.333
286.667
305.556
315.556
337.778
318.889
350
284.444
350
303.333
307.778
296.667
300
293.333
277.778
312.222
273.333
248.889
287.778
290
297.778
314.444
314.444
325.556
305.556
337.778
316.667
315.556
296.667
290
303.333
302.222
288.889
332.222
360
320
355.556
373.333
365.556
346.667
354.444
341.111
291.111
248.889
220
175.556
160
191.111
241.111
262.222
333.333
347.778
401.111
422.222
395.556
425.556
413.333
450
400
382.222
358.889
342.222
371.111
346.667
396.667
382.222
378.889
383.333
427.778
404.444
461.111
405.556
408.889
406.667
358.889
360
376.667
366.667
375.556
436.667
417.778
407.778
438.889
405.556
334.444
354.444
322.222
351.111
312.222
331.111
255.556
284.444
260
268.889
261.111
244.444
222.222
276.667
211.111
244.444
214.444
232.222
261.111
223.333
242.222
232.222
216.667
206.667
225.556
176.667
205.556
176.667
200
173.333
176.667
252.222
240
231.111
212.222
215.556
170
175.556
196.667
260
238.889
224.444
272.222
238.889
224.444
264.444
347.778
342.222
318.889
302.222
332.222
305.556
335.556
377.778
416.667
424.444
431.111
445.556
436.667
507.778
474.444
510
468.889
430
357.778
300
231.111
120
11.1111
1.11111
0
0
0
0
0
0
0
0
0
0
0
0
0
0
0
0
0
0
0
0
0
0
2.22222
4.44444
0
2.22222
0
4.44444
0
4.44444
0
5.55556
0
0
6.66667
0
4.44444
6.66667
0
2.22222
2.22222
3.33333
0
2.22222
0
0
2.22222
0
2.22222
0
