2176.0000 0.05 1
1.875
3.75
6.25
6.25
7.5
16.25
8.75
7.5
17.5
15
14.375
16.25
25
16.25
6.25
31.25
23.125
18.125
30
8.75
10
13.125
10
10
16.25
20
25
30
36.875
20
23.75
27.5
13.75
26.875
20.625
29.375
21.25
42.5
43.125
30.625
38.75
53.75
48.125
46.25
41.875
67.5
54.375
49.375
84.375
92.5
98.75
124.375
136.875
134.375
139.375
155
181.25
151.25
157.5
200
177.5
174.375
234.375
251.875
267.5
238.75
234.375
279.375
293.125
309.375
298.75
319.375
303.125
310.625
323.75
341.25
338.75
361.25
316.875
358.125
371.875
364.375
328.75
360
333.75
380.625
311.25
295
303.125
287.5
272.5
255.625
231.25
252.5
249.375
296.875
207.5
251.875
308.75
296.25
318.75
308.75
307.5
302.5
248.75
293.75
310.625
296.25
324.375
275
280.625
301.875
275.625
318.125
291.25
315.625
248.75
297.5
354.375
318.75
312.5
319.375
325
365.625
340
380.625
401.25
377.5
391.875
393.125
395.625
431.25
449.375
471.25
452.5
443.125
451.875
436.25
448.75
417.5
402.5
430.625
382.5
358.75
317.5
351.25
328.125
314.375
313.75
330
304.375
276.875
216.25
255
250
302.5
280.625
245.625
271.875
226.25
320
285
328.125
300.625
304.375
291.875
286.875
293.75
350.625
291.25
325.625
352.5
370
358.125
260.625
286.25
213.75
288.125
345
265.625
265.625
266.25
259.375
235
246.25
250.625
261.875
327.5
240
226.875
238.125
226.25
178.75
248.75
253.75
281.25
255.625
306.25
254.375
265
256.875
203.75
205
269.375
255
326.25
343.125
345
354.375
273.75
368.75
294.375
510.625
538.125
507.5
427.5
363.125
260
236.875
202.5
167.5
119.375
60
31.25
11.875
3.75
1.25
4.375
1.25
0
0
0
0
0
0
0
0
0
0
2.5
0
