0.010857 0.002294 0.000793
-0.005388 -0.001261 0.000873
0.010489 0.004120 0.001080
0.002013 0.000401 -0.003766
0.008383 0.002370 -0.003736
-0.001902 -0.003729 0.000276
-0.004758 -0.002489 -0.004057
-0.004626 0.005838 0.000750
-0.004431 -0.003340 -0.013053
0.005186 -0.002365 -0.002551
-0.002910 -0.002448 0.003896
-0.006143 -0.003873 0.009127
-0.006088 -0.010759 -0.001910
-0.008744 -0.058012 -0.047601
0.001763 -0.003860 -0.010508
-0.013834 -0.001530 -0.016484
0.010926 0.001787 0.000373
-0.006179 0.001162 0.001849
0.005356 0.008893 -0.011246
0.000341 0.001407 -0.035407
0.012978 -0.002052 -0.012574
0.050988 -0.001091 -0.040387
-0.001309 0.000213 -0.009528
-0.004932 0.006377 0.001345
-0.004956 -0.001884 -0.012323
0.005358 -0.000521 -0.002371
-0.003766 -0.003702 0.005737
-0.006077 -0.002221 0.001335
-0.002097 -0.005062 0.008380
-0.005915 0.001351 -0.000902
0.001735 0.000307 -0.008896
0.002515 -0.001884 0.000240
0.004344 0.022574 0.568392
-0.006509 -0.000682 0.001514
0.010309 0.004109 -0.000319
0.002196 0.000471 -0.003785
0.008375 0.002569 -0.001820
-0.001842 -0.002859 0.000563
-0.000151 0.000881 -0.010817
-0.004708 0.006072 0.001137
-0.008636 0.001289 -0.006860
0.004849 -0.050763 -0.043357
-0.004472 -0.002519 0.005093
-0.007116 -0.002877 0.009276
-0.001611 -0.006792 0.009801
-0.005717 -0.000783 -0.000444
0.002632 0.005620 -0.010527
0.002258 -0.001872 0.000499
0.010588 0.005058 0.010218
-0.005625 -0.001362 0.000858
0.010831 0.004188 -0.001453
0.002102 0.000801 -0.002511
0.008431 0.002883 -0.003303
-0.000917 -0.003632 -0.000484
-0.004631 -0.002427 -0.004822
-0.004623 0.005288 0.000546
-0.007502 0.001560 -0.005043
0.004821 -0.005053 -0.007037
0.000109 -0.001856 0.000668
-0.005958 -0.003147 0.005892
0.001811 -0.002014 0.000787
-0.004871 0.000705 0.001016
0.004662 -0.000413 -0.003729
0.019297 -0.002651 -0.017312
0.010699 0.003019 0.000547
-0.005668 -0.001648 0.002647
0.010738 0.005772 0.000808
0.002432 0.001545 -0.004684
0.007938 0.001797 -0.002278
-0.001664 -0.003573 -0.000553
-0.005411 -0.003203 -0.004048
-0.004152 0.005617 0.000266
-0.009567 0.001987 -0.006790
0.005543 -0.000105 -0.002182
-0.004936 -0.000671 0.006490
-0.005869 -0.002585 0.001881
-0.001343 -0.005542 0.008992
-0.005526 0.001058 0.000223
0.004986 0.001646 -0.004951
0.002594 -0.001535 -0.000075
0.010373 0.002929 0.000491
-0.005342 -0.001665 0.001698
0.015366 0.000240 -0.009848
0.003038 0.001911 -0.032520
0.005282 0.007047 -0.011516
-0.001686 -0.003225 0.000610
-0.002552 -0.003120 -0.002821
-0.038155 0.007118 -0.024549
-0.007109 0.001278 -0.005705
0.005369 -0.000013 -0.002918
0.000315 -0.006604 -0.000726
-0.006452 -0.002620 0.001384
-0.001253 -0.005310 0.010621
-0.006091 0.000785 -0.000772
0.003993 0.001605 -0.005440
0.002357 -0.002324 0.000314
0.010645 0.002231 -0.001790
-0.004160 -0.001563 0.001629
0.010515 0.004334 -0.000322
0.002127 0.000670 -0.002489
0.008957 0.002673 -0.004022
-0.001283 -0.003722 -0.000255
-0.003464 -0.003081 -0.002744
-0.005167 0.005866 0.000425
-0.008693 0.000981 -0.007768
0.005171 -0.000630 -0.000396
-0.004171 -0.002243 0.005078
-0.007014 -0.003078 0.005994
-0.002171 -0.003525 0.009810
-0.004870 -0.003076 -0.004696
0.006427 0.002409 -0.003100
0.003056 -0.001676 -0.000024
0.010733 0.002013 0.000300
-0.005303 -0.001539 0.000115
0.009466 0.003469 0.000402
0.001961 0.001421 -0.004588
0.009032 0.003893 -0.001825
-0.003164 -0.003375 -0.000993
-0.004697 -0.002607 -0.004900
-0.004340 0.005487 0.000047
-0.008879 0.000793 -0.008015
0.005233 -0.000475 -0.001670
-0.001418 0.001371 0.000295
-0.006168 -0.002618 0.001794
-0.001543 -0.005608 0.008678
-0.005782 0.001267 -0.000185
0.005413 0.001405 -0.004919
0.002884 -0.002118 0.000976
-0.012912 -0.001245 0.003741
0.005816 -0.003112 0.002523
-0.002847 0.001590 0.002451
-0.005550 0.003217 0.002212
-0.004150 0.005815 -0.001610
0.005816 -0.000751 -0.001748
0.004674 -0.000824 -0.003089
0.002648 -0.000330 -0.000516
0.009738 0.005263 0.002862
-0.003253 -0.002531 -0.010136
-0.001884 0.006662 -0.000190
-0.023146 -0.003145 -0.004883
0.007317 0.001573 0.006779
-0.000618 -0.006651 -0.011819
0.018773 0.034294 -0.024793
-0.005841 0.000921 0.009097
-0.014741 -0.000446 0.005551
-0.046378 -0.001828 -0.037769
-0.003105 -0.000034 0.002359
-0.004375 0.003664 0.006178
-0.004762 0.007511 -0.000364
0.006147 0.017707 -0.021476
0.008585 0.003039 -0.012762
0.016585 0.000031 -0.015905
0.008278 0.005997 0.002356
-0.000937 -0.006102 -0.005946
0.000889 0.002359 0.006416
-0.023225 -0.004003 -0.001344
0.006028 0.004835 0.008131
-0.002008 -0.007329 -0.008907
0.018180 0.000051 0.000372
-0.005249 0.000603 0.007713
-0.018085 -0.004932 -0.003126
0.005829 -0.002003 0.002282
-0.001147 0.048592 -0.033140
-0.004767 0.004561 0.002480
0.040322 0.007159 -0.035162
0.005976 -0.000920 0.000222
0.004256 -0.000652 -0.005550
0.003600 -0.000062 -0.001113
0.013120 0.004186 -0.000726
-0.004686 -0.009656 -0.011337
0.001942 0.002813 0.006076
-0.023117 -0.004426 -0.004960
0.004787 0.008363 0.007464
-0.000348 -0.007087 -0.008737
0.017657 0.001545 0.000283
-0.008710 -0.001537 0.006415
-0.012234 -0.001409 0.002508
0.004436 -0.003128 0.001519
-0.002008 0.000466 0.001628
-0.003816 0.004438 0.002491
-0.004453 0.005811 -0.002096
0.005576 -0.001242 0.009015
0.004154 -0.000541 -0.005333
0.003134 0.000427 -0.000891
0.009702 0.005322 0.001131
0.000100 -0.004314 -0.003622
0.001137 0.001769 0.007160
-0.021607 -0.005028 -0.005393
0.002256 0.003325 0.012978
-0.000395 -0.007474 -0.009474
0.017377 0.001538 0.001547
-0.005937 0.000568 0.006596
-0.012441 -0.001212 0.002547
0.005490 -0.002723 0.001372
-0.002626 0.000232 0.003115
-0.004461 0.003681 0.003141
-0.004770 0.005567 -0.000415
0.005997 -0.015560 -0.016500
0.003951 0.000397 -0.003440
0.003935 0.000101 -0.001619
0.009852 0.005746 0.001867
0.000085 -0.005792 -0.005789
0.002294 0.002822 0.005507
-0.022408 -0.003875 -0.005583
0.001395 0.005303 0.012200
-0.000160 -0.007600 -0.009931
0.018023 -0.000516 0.000624
-0.005870 0.000296 0.007537
-0.016856 -0.004034 -0.001810
0.004676 -0.002261 0.003319
-0.003249 0.000207 0.002861
-0.004052 0.004037 0.009682
-0.003678 0.006523 -0.001348
0.005473 -0.016462 -0.017115
0.000754 -0.005551 -0.013196
-0.010022 0.000094 -0.015535
0.011324 0.005518 0.002421
-0.003727 -0.005946 -0.009797
-0.001247 0.004914 0.001712
-0.022673 -0.003955 -0.003498
0.002635 0.004359 0.011531
0.000502 -0.007510 -0.008867
0.017720 -0.000537 -0.000066
-0.007102 0.000341 0.007758
-0.013999 -0.000613 0.005864
0.005013 -0.002736 0.001301
-0.002477 0.001540 0.004151
-0.003610 0.003350 0.002013
-0.002417 0.006120 0.000818
0.006119 -0.000842 -0.001474
0.004367 -0.000852 -0.005376
0.003604 0.000341 -0.000994
0.009824 0.005563 0.001900
-0.000210 -0.006858 -0.004107
0.002235 0.002519 0.005692
-0.022509 -0.003821 -0.004914
0.000849 0.006237 0.014013
-0.000469 -0.007544 -0.010058
0.016943 0.000633 -0.000653
-0.005829 0.000366 0.007730
-0.012119 0.000221 0.003787
0.006021 -0.002609 0.000739
-0.002717 0.000105 0.002583
-0.004346 0.004357 0.001585
-0.003216 0.005945 -0.001843
0.005909 0.017364 -0.021094
0.004585 -0.001245 -0.003799
0.002489 0.000462 -0.001261
0.009371 0.005242 0.001557
-0.000103 -0.005776 -0.005805
0.002271 0.002033 0.006280
-0.022301 -0.004477 -0.004092
0.002157 0.004365 0.011576
0.000187 -0.007014 -0.010242
0.017791 -0.000125 0.000664
-0.005858 0.000110 0.007322
