2176.0000 0.05 1
1.875
3.75
6.25
6.25
7.5
16.25
8.75
7.5
17.5
15
14.375
16.25
25
16.25
6.25
31.25
23.125
18.125
28.75
10
10
13.125
10
10
16.25
20
25
30
37.5
19.375
23.75
27.5
13.75
26.875
20.625
29.375
21.25
41.25
44.375
30.625
37.5
55
48.75
45.625
41.875
67.5
54.375
49.375
84.375
92.5
98.75
125.625
136.25
135
137.5
154.375
181.25
153.75
156.875
199.375
177.5
175
234.375
250.625
268.125
237.5
236.875
279.375
292.5
310
296.25
321.25
302.5
311.25
324.375
340
340
361.25
315.625
358.125
369.375
365.625
330.625
359.375
334.375
378.75
312.5
295
303.125
286.875
271.875
255.625
232.5
250
252.5
296.875
208.75
250
311.25
294.375
316.875
309.375
309.375
299.375
251.25
294.375
308.125
298.75
323.125
273.75
280.625
302.5
273.125
320
293.125
315
248.75
298.75
350.625
320.625
315.625
314.375
326.25
363.75
343.125
381.25
402.5
376.875
390.625
391.25
397.5
429.375
451.875
472.5
451.875
440
455
437.5
446.25
417.5
406.25
426.875
382.5
360
316.875
353.75
327.5
308.125
316.875
328.75
305
276.875
216.25
255.625
248.125
303.125
281.25
247.5
271.875
225
316.875
288.75
326.875
305
301.875
291.875
286.25
295
350.625
290
326.875
349.375
373.75
352.5
263.125
286.875
213.125
289.375
346.875
263.75
265.625
266.875
260
233.75
247.5
249.375
260.625
327.5
241.25
226.875
236.25
225
180.625
250
256.25
278.75
256.875
304.375
255
265
256.875
203.75
205
269.375
255
326.25
343.125
345
355
275
366.875
295
510
538.125
510.625
421.875
365.625
265.625
228.75
205
164.375
118.75
63.75
31.875
11.25
4.375
1.25
3.75
1.25
0
0
0
0
0
0
0
0
0
0
2.5
0
