0.012713 -0.002037 0.005375
-0.004974 -0.003385 0.000126
0.010636 0.004403 -0.000553
0.002929 0.000716 -0.003612
0.008113 0.003411 -0.003592
-0.001000 -0.003545 0.000352
-0.004767 -0.002129 -0.005524
-0.005553 0.005723 0.001228
-0.008709 0.000528 -0.008551
0.005402 -0.001143 -0.003405
-0.003638 -0.002330 0.004232
-0.006143 -0.002446 0.001890
-0.001167 -0.004330 0.010252
-0.005526 -0.000914 -0.000997
0.004869 0.000941 -0.003763
0.001879 -0.002688 -0.000339
0.009920 0.001974 0.000786
-0.004954 -0.002458 0.000216
0.010924 0.003587 -0.003371
0.002790 -0.000097 -0.005089
0.008053 0.002576 -0.002819
-0.000983 -0.003355 -0.000581
-0.004829 -0.001825 -0.004470
-0.004814 0.005831 0.000517
-0.007579 0.000144 -0.008279
0.005203 -0.000921 -0.001999
-0.003793 -0.002352 0.002098
-0.005566 -0.002356 0.002394
-0.002074 -0.006480 0.009957
-0.005713 0.000478 0.000727
0.005344 0.001082 -0.003903
0.006028 -0.002064 0.005438
0.013182 0.008132 0.006151
-0.010599 0.001460 0.006509
0.010718 0.004727 -0.000394
0.000027 0.000561 -0.003275
0.013298 0.000055 0.001571
-0.001399 -0.003436 -0.004255
-0.002579 -0.000033 -0.003095
0.014559 0.005562 0.019838
-0.006690 -0.001311 -0.006184
0.004644 0.000959 -0.000802
-0.003892 -0.002347 0.004145
-0.041171 -0.001960 0.036279
-0.001758 -0.004431 0.006216
-0.010780 -0.003359 0.010106
-0.009384 0.000501 0.009124
0.002027 -0.001254 -0.000067
0.010214 0.000502 -0.001373
-0.004846 -0.001594 0.001375
0.010602 0.004852 -0.000646
0.002818 0.000844 -0.004331
0.008116 0.002588 -0.002635
-0.000946 -0.003518 -0.001293
-0.004727 -0.002308 -0.003803
-0.005501 0.005894 0.001832
-0.008624 0.000888 -0.006794
0.004973 -0.001109 -0.001697
-0.003381 -0.002562 0.004612
-0.005074 -0.002716 0.002847
-0.001754 -0.005188 0.010009
-0.005560 0.002101 -0.001074
0.004815 0.001250 -0.004278
0.005750 -0.006131 0.005674
0.013306 0.002172 0.004750
-0.009596 0.001342 0.006364
0.010645 0.003148 0.000870
0.002751 0.001890 -0.005426
0.010157 0.003772 -0.004885
-0.001481 -0.004580 -0.000704
-0.003294 -0.001140 -0.005835
-0.004854 0.006013 0.001845
-0.008732 0.000540 -0.007461
0.004362 -0.001108 -0.002778
-0.003289 -0.002347 0.003801
-0.005628 -0.002324 0.002694
-0.001804 -0.006237 0.008796
-0.005595 0.000544 -0.000241
0.004153 0.001325 -0.005141
0.001956 -0.002080 -0.000295
0.009619 0.001926 0.000921
-0.005392 -0.001406 0.001446
0.010340 -0.033819 0.031801
-0.002460 -0.004265 0.002865
0.007971 0.003979 -0.003808
-0.001590 -0.003077 -0.001033
-0.004648 -0.002407 -0.004502
-0.005242 0.005990 0.000541
-0.009801 0.001128 -0.008139
0.005194 -0.001741 -0.001788
-0.004389 -0.002482 -0.001634
-0.004970 -0.001866 0.001398
-0.001187 -0.005885 0.009044
-0.005517 0.000303 -0.001615
0.004407 0.001547 -0.005548
0.003190 -0.001416 0.000409
0.010307 0.003685 -0.000988
-0.006265 -0.002415 0.000295
0.010779 0.005143 0.000564
-0.001402 0.000947 0.001133
0.009677 0.004056 -0.005100
-0.000820 -0.003450 -0.002252
-0.004623 -0.002402 -0.005276
-0.025565 0.005778 0.021812
-0.008327 0.000790 -0.008203
0.004952 -0.001107 -0.002399
-0.003222 -0.002005 0.004393
-0.007990 -0.002332 -0.000672
0.000348 0.040322 0.048311
-0.001462 0.005462 0.011208
0.026545 0.001253 0.015923
0.006600 0.003520 0.006392
0.012461 0.002625 0.001017
-0.006705 -0.002443 -0.000826
0.009390 0.004764 0.000039
-0.001536 0.004498 0.001935
0.012861 0.000861 0.001774
-0.001126 -0.002236 -0.000915
-0.006308 -0.002979 -0.005662
-0.005467 0.005553 0.000564
-0.008654 0.000984 -0.007212
0.006672 -0.001752 -0.002605
-0.003068 -0.002395 0.005199
-0.005549 -0.002630 0.001434
-0.002232 -0.005733 0.008756
-0.005846 0.000690 -0.000026
0.004272 0.001757 -0.005555
0.001344 -0.002162 0.000825
-0.012309 -0.000496 0.002378
0.004903 -0.002755 0.000536
-0.002438 0.002425 0.001989
-0.003841 0.003770 0.003160
-0.003654 0.008358 -0.007264
0.005193 -0.001483 -0.001628
0.004180 -0.001422 -0.005506
0.003253 0.000281 -0.000828
0.009665 0.006016 0.003319
-0.000889 -0.006002 -0.004913
0.002483 0.002172 0.005292
-0.021059 -0.003961 -0.004968
0.002949 0.004296 0.010741
-0.000486 -0.008557 -0.008232
0.017845 0.000636 -0.001008
-0.005509 0.001265 0.006705
-0.012480 -0.001446 0.003166
0.004599 0.020270 0.024375
-0.002891 0.000910 0.003264
-0.004122 0.003709 0.003193
-0.003638 0.006357 -0.001399
0.007523 -0.001224 -0.004038
0.005421 -0.001665 -0.005947
0.002747 0.000310 -0.000132
0.009342 0.003922 0.000975
-0.001150 -0.005622 -0.004646
0.002307 0.002962 0.006331
-0.024184 0.000742 -0.000957
0.002130 0.004972 0.010124
-0.000191 -0.006482 -0.009367
0.017125 0.000588 -0.000449
-0.005516 0.000932 0.007220
-0.008801 0.002396 0.011182
0.004895 -0.002500 0.002259
-0.008625 0.004404 0.011398
-0.004964 0.004006 -0.000842
-0.003617 0.004683 -0.006591
0.005804 -0.001792 -0.001692
0.009172 0.003372 0.000730
0.020044 0.000858 0.012258
0.010847 0.012062 0.003114
0.006915 -0.008867 -0.452804
0.006026 -0.001106 0.013588
-0.023797 -0.004462 -0.004613
0.003507 0.004794 0.036703
-0.002126 -0.019036 -0.002414
0.016297 -0.001439 0.004512
-0.010489 -0.003215 0.012975
-0.012396 -0.002997 0.002407
0.004351 -0.002739 0.002284
-0.002415 -0.000726 0.001972
-0.003475 0.003649 0.002476
-0.003294 0.006920 -0.001105
0.005490 -0.001229 -0.000954
0.003999 -0.001306 -0.004526
0.002469 0.000301 0.000313
0.009585 0.008743 0.005165
-0.000876 -0.005986 -0.017567
0.002437 0.004421 0.004926
-0.020864 -0.004147 -0.005890
0.002938 0.004298 0.011018
-0.001085 -0.010495 -0.006242
0.017781 0.000811 0.001477
-0.005775 0.000604 0.007753
-0.012390 -0.001288 0.003972
0.005215 -0.025918 0.024288
-0.002896 0.001297 0.003442
-0.003978 0.004288 0.002878
-0.003333 0.006568 -0.000612
0.005366 -0.001006 -0.000396
0.003967 -0.001215 -0.004691
0.002679 0.000193 -0.000666
0.009410 0.004500 0.001794
-0.001028 -0.006497 -0.004713
0.002286 0.002806 0.006315
-0.024319 -0.010397 -0.000158
0.002122 0.004643 0.010369
-0.000787 -0.006171 -0.010446
0.017977 0.000886 0.000088
-0.006603 0.000896 0.007221
-0.012621 -0.001688 0.002949
0.005709 -0.020496 0.019217
-0.003029 0.000535 0.002738
-0.003631 0.003894 0.001446
-0.003573 0.006270 -0.000962
0.024563 -0.000963 0.010380
0.009037 0.001521 0.000858
0.002258 0.000458 -0.001570
0.009396 0.004782 0.001698
-0.000644 -0.006134 -0.004523
0.002442 0.002799 0.004343
-0.022236 -0.002422 -0.006705
0.002077 0.005262 0.012682
-0.000912 -0.007144 -0.010120
0.019239 0.001533 -0.000073
-0.005385 0.001914 0.006538
-0.016113 -0.006171 0.013258
0.004353 -0.002557 -0.011028
0.001756 -0.003354 0.012072
-0.019388 0.003847 0.006454
-0.003324 0.005644 -0.001277
0.005717 -0.001326 -0.000596
0.005157 -0.001712 -0.005886
0.003465 0.000443 -0.004082
0.009441 0.007418 -0.002459
-0.000648 -0.005927 -0.003302
-0.001187 0.008239 0.015438
-0.028273 -0.003828 0.001503
0.002591 0.004754 0.042191
-0.000710 -0.009756 -0.013558
0.017722 0.000955 -0.000620
-0.006546 0.001233 0.006328
-0.012474 -0.001118 0.001902
0.005033 0.014802 0.018996
-0.002995 0.001623 0.001128
-0.003446 0.004325 0.001890
-0.003317 0.006177 -0.000178
0.005352 -0.001105 -0.001149
0.003658 -0.002255 -0.005230
0.001906 -0.000061 -0.001261
0.009790 0.005193 0.001330
-0.000794 -0.005584 -0.004382
0.002424 0.003430 0.005465
-0.022001 -0.005944 -0.006833
0.003017 0.004032 0.012358
0.000703 -0.006402 -0.010511
0.017603 0.001130 0.000424
-0.010846 -0.004148 0.013655
