2176.0000 0.05 1
1.875
3.75
6.25
6.25
7.5
16.25
8.75
7.5
17.5
15
14.375
16.25
25
16.25
6.25
31.25
23.125
18.125
28.75
10
10
13.125
10
10
16.25
20
25
30
37.5
19.375
23.75
27.5
13.75
26.875
20.625
29.375
21.25
41.25
44.375
30.625
37.5
56.25
47.5
45.625
43.125
66.25
54.375
48.125
86.25
91.875
98.75
123.125
139.375
134.375
140
152.5
180.625
153.75
156.875
199.375
177.5
175
233.125
251.875
270.625
236.25
235.625
279.375
291.875
311.25
296.875
320
301.875
313.125
323.125
338.75
340.625
361.875
317.5
354.375
372.5
365
329.375
360
336.25
375.625
313.75
293.75
303.125
287.5
273.75
255.625
231.25
250.625
251.875
300
206.25
249.375
311.25
295.625
318.75
308.75
308.125
299.375
250.625
293.75
310.625
293.75
325
277.5
278.75
306.25
268.125
321.25
291.875
318.125
248.125
297.5
353.125
317.5
315.625
315
325
364.375
342.5
382.5
398.75
380.625
388.125
393.75
396.25
430.625
451.875
470
451.875
445
452.5
434.375
448.125
418.125
406.25
428.75
379.375
360
315.625
354.375
327.5
311.25
316.875
329.375
305
275.625
216.25
254.375
249.375
303.75
279.375
247.5
271.25
226.25
318.125
288.125
330
300.625
303.125
290
286.25
295.625
350
290.625
324.375
353.75
373.125
355
260.625
285.625
213.125
289.375
345
269.375
261.875
266.875
258.75
236.25
245.625
250.625
260.625
328.125
241.875
225
237.5
226.875
180
247.5
256.25
280
255.625
308.125
253.75
262.5
255.625
206.875
201.875
272.5
253.125
326.25
343.125
346.25
354.375
274.375
367.5
293.125
511.25
536.875
511.875
423.125
366.875
261.875
230.625
206.25
163.125
121.875
59.375
33.125
10
5
1.25
3.75
1.25
0
0
0
0
0
0
0
0
0
0
2.5
0
