0.010087 0.000111 0.000837
-0.005439 -0.000655 0.001113
0.012246 0.003437 0.000551
0.002133 0.000556 -0.004616
0.008661 0.003300 -0.002728
-0.000654 -0.003671 0.000025
-0.004354 -0.001870 -0.004797
-0.005168 0.006039 0.000136
-0.008782 0.000406 -0.007802
0.005344 -0.004369 -0.001949
-0.004386 -0.001849 0.004265
-0.005500 -0.004659 0.002611
0.000904 0.002594 0.012786
-0.004551 0.029651 -0.000378
0.005354 -0.000392 -0.004252
0.006590 0.002996 -0.002807
0.010936 0.002277 0.002491
-0.009342 0.007727 -0.002422
0.013148 0.007567 0.001009
0.001577 0.027096 0.031713
0.004754 0.011068 0.000981
-0.034650 0.023493 0.000323
-0.019485 0.012323 -0.005917
-0.001001 0.011017 0.003448
-0.008403 -0.007049 -0.007889
0.005720 -0.000241 -0.002574
-0.006557 0.003237 0.000376
-0.005745 -0.002472 0.001402
-0.001740 -0.004816 0.009502
-0.005502 0.001047 -0.000615
0.003726 0.000028 -0.005435
0.002360 -0.002677 0.001283
0.012001 0.028810 -0.035100
-0.005334 -0.000350 0.001064
0.009203 0.003384 -0.000619
0.001719 0.000655 -0.003876
0.008922 0.001489 -0.002806
-0.000345 -0.004448 -0.000242
-0.005005 -0.002528 -0.004656
-0.003540 0.006214 0.000378
-0.008341 0.000742 -0.008008
0.005032 -0.008502 -0.002141
-0.003613 -0.001623 0.004709
-0.008609 0.031622 0.049190
-0.005720 0.004701 0.004622
-0.007237 0.031600 -0.002047
0.056734 0.045564 -0.006760
0.004358 -0.003740 0.001327
0.009846 0.003298 0.001577
-0.005344 -0.000201 0.001273
0.010222 0.004115 -0.000170
0.002226 -0.000076 -0.004131
0.008519 0.003193 -0.002885
-0.000738 -0.003843 -0.000221
-0.004697 -0.001715 -0.004961
-0.005913 0.005161 -0.000158
-0.008343 0.001294 -0.007258
0.005286 -0.005018 -0.001745
-0.002322 -0.003070 0.004173
-0.005172 0.001438 0.005058
-0.001633 -0.006045 0.010397
-0.005877 0.001816 -0.001280
0.002680 0.001476 -0.005135
0.002080 -0.002775 0.002526
0.010403 0.002151 0.002173
-0.000347 0.008327 0.005838
0.010608 0.003995 0.000088
0.002108 -0.001566 -0.003538
0.013628 0.012117 -0.007000
-0.000939 -0.004723 -0.000757
0.010025 0.012179 -0.004156
-0.006219 0.004142 0.001056
-0.008869 -0.003119 -0.007871
0.004755 -0.000525 -0.002420
-0.001868 -0.004641 0.002904
-0.006199 -0.002559 0.000936
-0.001498 -0.004904 0.009193
-0.005450 -0.000443 -0.000631
0.003903 0.001281 -0.005560
0.002748 -0.001755 0.001041
0.010809 0.001529 0.002250
-0.005180 -0.002392 -0.000012
0.010658 0.002970 0.000087
0.002618 0.000195 -0.002169
0.008839 0.002073 -0.001058
-0.000842 -0.003141 -0.001051
-0.005093 -0.001340 -0.004971
-0.001587 0.010964 -0.003527
-0.008567 0.001771 -0.008082
0.005139 -0.000645 -0.002466
-0.006941 0.003511 0.008972
-0.005983 -0.002529 0.001145
-0.002124 -0.006072 0.009421
-0.005581 0.000871 -0.000207
0.003599 0.000615 -0.005583
0.006713 0.003912 -0.001553
0.010898 0.002339 0.000617
-0.005242 -0.002770 0.001216
0.010947 0.003865 0.000126
0.001990 0.000308 -0.004611
0.008711 0.003814 -0.002657
-0.000144 -0.004407 -0.000575
-0.005071 -0.002790 -0.005339
-0.005777 0.005275 0.000435
-0.008575 0.000729 -0.008457
0.005222 -0.007406 -0.001574
-0.002467 -0.002678 0.004610
-0.007374 -0.001944 0.004208
-0.001839 -0.005931 0.008199
-0.005394 0.001908 -0.001242
0.004939 0.000729 -0.004845
0.002590 -0.002018 0.001446
0.010859 0.002108 0.002478
-0.005350 -0.002011 0.002268
0.009460 0.005397 -0.000325
0.001965 0.004215 0.000154
0.008246 0.002128 -0.004594
-0.000607 -0.002860 -0.001127
-0.004084 -0.001493 -0.004857
-0.006621 0.003755 -0.000914
-0.008568 -0.000011 -0.007677
0.005224 -0.000741 -0.002337
-0.002099 -0.004913 0.006122
-0.006238 -0.003136 0.001313
-0.001777 -0.004306 0.009527
-0.005777 -0.000328 -0.000437
0.003804 0.001383 -0.005536
0.004131 -0.004068 0.002352
-0.013009 -0.001875 0.002832
0.004559 -0.002983 0.001045
-0.002813 0.005574 0.002243
-0.006122 0.001556 0.002243
-0.002689 0.004843 -0.002322
0.006546 -0.001914 0.000169
0.003618 -0.000477 -0.004802
0.002275 -0.000812 -0.000015
0.009755 0.005254 0.002018
-0.001169 -0.006845 -0.004582
0.024427 0.026743 0.005302
-0.022355 -0.004260 -0.005547
0.003122 0.001548 0.011323
0.002099 -0.000014 -0.012769
0.017307 0.018300 -0.016361
-0.005724 -0.000733 0.007840
-0.014530 -0.001544 0.003590
0.023262 0.002659 0.002518
-0.002858 0.002535 0.002775
-0.004133 0.003100 0.001317
-0.008853 0.012530 -0.000525
0.007933 0.015023 -0.028420
0.002630 0.002137 -0.003148
0.000038 0.004730 -0.003414
0.010639 0.005136 0.001512
-0.000923 -0.005481 -0.005665
0.002207 0.003199 0.005544
-0.019080 -0.000131 -0.000201
0.003644 0.004366 0.011515
-0.000833 -0.008734 -0.009584
0.017844 0.001822 0.000037
-0.007081 0.000684 0.007291
-0.013470 -0.004629 0.002710
0.003264 -0.003362 0.000645
-0.011475 -0.490332 -0.011950
-0.009151 0.008921 0.006572
-0.007102 0.011728 -0.005987
0.005810 -0.001371 0.000732
0.005116 -0.000739 -0.003634
-0.000960 0.005351 -0.004307
0.010541 0.009172 0.001855
0.003308 -0.000518 -0.002597
-0.018291 0.024979 0.005803
-0.022760 -0.005093 -0.006007
-0.024736 0.016485 0.010518
-0.003988 0.002019 -0.003823
0.018211 0.019027 0.017679
-0.006629 0.004438 0.006244
-0.012653 -0.002586 0.003103
0.004422 -0.002638 0.001067
-0.002637 -0.008962 0.000736
-0.004021 0.003776 0.002225
-0.003189 0.005107 -0.000068
0.006105 -0.001398 0.000100
0.004567 -0.000678 -0.004636
0.003267 -0.000035 -0.000274
0.009785 0.006499 0.001701
-0.001537 -0.007123 -0.008102
0.002532 0.005087 0.005539
-0.020933 -0.006559 -0.006356
0.004516 0.004557 0.011209
-0.000566 -0.008354 -0.010678
0.016949 0.018971 0.016751
-0.005990 0.001473 0.007822
-0.011832 -0.001756 0.001869
0.005045 -0.005746 0.001867
-0.002605 0.002700 0.001921
-0.004222 0.004097 0.002391
-0.003832 0.006570 -0.001412
0.006317 -0.003129 -0.001494
0.004312 -0.001561 -0.004486
0.001294 -0.001481 0.001012
0.008902 0.005192 0.001932
0.004605 -0.000089 -0.006565
0.002015 0.003840 0.005247
-0.021391 -0.005497 -0.004621
0.002671 0.004609 0.011585
-0.000760 -0.006539 -0.009517
0.017915 -0.009462 0.000153
-0.005158 0.000404 0.007345
-0.014008 -0.001734 0.002158
0.003551 -0.002600 0.001068
-0.003249 0.002745 0.002174
-0.008708 0.008767 0.005132
-0.002605 0.005815 -0.001802
0.005593 -0.001594 -0.002056
0.004221 -0.001906 -0.004752
0.003705 -0.000512 0.000817
0.009307 0.005441 0.001937
-0.002679 -0.005982 -0.006501
0.002628 0.003098 0.005887
-0.022671 -0.005036 -0.006088
0.002877 0.004160 0.012332
-0.001040 -0.007005 -0.009765
0.017852 -0.000377 -0.000167
-0.005813 0.000258 0.007663
-0.012432 -0.000720 0.002505
0.003629 -0.003170 0.000779
-0.002619 0.002647 0.002010
-0.004035 0.003123 0.001863
-0.006789 0.011237 0.002200
0.006045 -0.001827 -0.000134
0.004247 -0.000868 -0.004573
0.002918 -0.000543 -0.000208
0.009940 0.004518 0.001731
0.002027 -0.000902 -0.010674
0.002445 0.004463 0.005232
-0.019655 0.000642 -0.001681
0.003143 0.004561 0.011857
-0.000865 -0.008325 -0.009104
0.018195 0.024125 -0.021658
-0.006100 -0.001048 0.007785
-0.011516 -0.001487 0.003940
0.003783 -0.002369 0.001438
-0.002584 0.002617 0.002821
-0.006057 0.001726 0.001523
-0.002178 0.006019 -0.001662
0.006564 0.001515 -0.003218
0.004365 0.000072 -0.004479
0.002830 0.000129 -0.000018
0.009741 0.005611 0.002074
-0.002064 -0.006253 -0.006571
0.002018 0.004274 0.005542
-0.022753 -0.004337 -0.005851
0.002989 0.003908 0.011980
0.000210 -0.006337 -0.009806
0.017792 0.001358 -0.000239
-0.006079 0.000520 0.007750
