360.0000 0.05 1
0.185185
1.11111
0.37037
1.48148
1.11111
0
1.66667
1.48148
3.14815
1.48148
1.11111
1.11111
2.22222
1.48148
2.59259
2.59259
2.96296
2.22222
2.22222
2.96296
2.59259
2.96296
2.59259
2.22222
2.96296
3.7037
2.22222
2.96296
5.74074
4.62963
2.22222
4.81481
2.96296
3.7037
2.96296
3.33333
4.44444
5.55556
4.81481
3.33333
5.18519
7.40741
2.96296
5.55556
5.18519
7.40741
5.92593
4.81481
5
6.2963
7.59259
5.92593
7.22222
8.51852
8.33333
4.44444
12.5926
10.3704
10
12.4074
15.7407
15.5556
24.0741
29.4444
32.963
35.3704
31.6667
36.6667
32.4074
30.9259
29.6296
33.8889
37.963
42.037
39.4444
42.7778
39.0741
43.8889
40.9259
36.1111
44.8148
47.037
44.0741
47.2222
45.3704
52.5926
52.4074
44.6296
43.3333
37.7778
48.7037
41.6667
32.5926
39.6296
34.0741
31.1111
28.8889
29.6296
47.037
61.4815
59.0741
51.4815
55
43.8889
42.5926
44.0741
41.4815
46.6667
43.5185
37.5926
44.8148
46.4815
50
47.5926
55.1852
57.4074
55.7407
56.1111
58.7037
58.5185
47.4074
45.1852
38.5185
41.8519
32.2222
25.7407
25.7407
21.1111
33.5185
37.4074
47.7778
59.4444
57.7778
57.037
70.1852
64.6296
65.1852
68.3333
67.2222
65.3704
62.5926
61.2963
64.2593
57.963
55.7407
59.6296
59.0741
57.4074
60.5556
62.2222
67.963
59.8148
61.8519
61.4815
64.0741
58.7037
64.6296
69.6296
70
72.2222
67.037
57.2222
54.4444
57.4074
55.5556
48.1481
49.8148
48.1481
46.6667
44.4444
43.3333
38.1481
34.8148
37.963
36.6667
35
42.5926
36.8519
38.1481
35.9259
30.9259
33.7037
36.4815
35.3704
33.8889
32.4074
31.6667
36.8519
31.1111
30.7407
31.6667
34.6296
29.0741
33.5185
28.3333
25.1852
26.8519
32.7778
35.1852
32.963
33.3333
30.5556
28.3333
23.3333
32.2222
39.0741
37.7778
38.1481
40.9259
40.9259
35.7407
41.2963
50.3704
50.7407
43.8889
46.2963
40
43.1481
54.8148
54.6296
52.5926
60
68.3333
68.8889
65
59.2593
62.037
79.6296
79.4444
77.4074
69.2593
67.037
69.4444
55.7407
52.037
45.7407
40
27.7778
22.2222
14.0741
5
5.74074
4.07407
6.2963
7.40741
10
9.62963
9.25926
11.1111
8.51852
4.44444
8.51852
6.66667
6.2963
8.14815
8.51852
7.77778
5.74074
3.51852
3.7037
5.55556
4.81481
5.92593
4.81481
3.51852
8.33333
7.96296
8.88889
6.85185
4.07407
6.66667
5.37037
4.62963
7.96296
5.18519
3.7037
7.77778
2.77778
3.33333
2.96296
1.48148
2.77778
1.48148
5.55556
3.7037
3.7037
1.48148
3.33333
3.33333
0.37037
1.85185
0.740741
1.48148
0.740741
1.85185
1.48148
1.11111
1.11111
2.22222
1.11111
1.85185
2.59259
1.48148
2.22222
0.740741
0.740741
1.11111
0.37037
1.11111
1.85185
0.740741
1.85185
1.48148
0
0.37037
0.740741
1.85185
0.37037
0.37037
0.37037
0.37037
0.37037
0
0.37037
0
0.37037
0
