2.564980 -0.496194 0.456454
-2.801779 0.507067 -0.675494
-0.211586 0.122299 -0.192634
1.018337 -0.166043 -0.077672
-0.290257 0.145682 0.307402
0.033960 -0.015038 0.078364
-0.731636 0.063529 0.241959
0.134064 -0.060358 0.374371
-0.125507 0.070189 0.025577
0.111813 -0.039088 0.006933
0.141180 0.215145 -0.143650
0.013261 0.017938 0.118452
0.314804 -0.166419 0.592016
0.236500 0.100375 -0.449629
-0.091127 0.017397 0.076727
0.070761 -0.000358 -0.058662
0.105857 -0.148506 -0.061974
0.023783 0.006403 0.036483
0.010741 -0.001612 0.014679
0.153123 -0.066544 -0.000121
0.268627 -0.183371 0.043457
0.198320 -0.073050 -0.100823
-1.339964 0.197179 0.797721
-0.078119 0.176722 0.175854
0.017022 0.021560 -0.123143
0.047801 -0.037311 -0.521535
0.052630 -0.024174 -0.006449
0.155263 0.103033 0.070351
0.079401 -0.029253 -0.010704
-0.137232 0.093661 -0.275673
-0.055317 0.103302 -0.034871
-0.371798 -0.033460 0.359170
0.009765 0.009589 -1.044678
0.067930 -0.050380 0.197503
-0.009042 0.181737 1.408075
-0.146549 0.090621 -1.164721
0.231307 -0.829087 0.176659
-0.223013 0.328197 -0.638926
0.416720 -0.071531 0.093903
0.134976 -0.079850 -0.070749
