-1.37355 -2.37861 0.00108
10.9918 -4.7653 -4.4548
-0.01048 0.02192 17.8642
1 0 0
0 1 0
0 0 1
0.8254500000626948 0.5863299999896228 0.1458174999862152	Ir
0.3065320000581977 0.6813839999708620 0.2974659999815330	Ir
0.4007160000526966 0.7999420000156832 0.2001180000039113	Ir
0.9340619998555439 0.8666240000092671 0.3417910000247133	Ir
0.6007160000526923 0.1999420000156888 0.0501180000039056	Ir
0.1340619998555397 0.2666240000092657 0.1917910000247076	Ir
0.2007160000526937 0.3999420000156846 0.1001180000039099	Ir
0.7340619998555411 0.4666240000092614 0.2417910000247119	Ir
0.0007160000526909 0.9999420000156860 0.0001180000039085	Ir
0.5340619998555454 0.0666240000092628 0.1417910000247105	Ir
0.8007160000526952 0.5999420000156874 0.4001180000039071	Ir
0.3340619998555425 0.6666240000092643 0.5417910000247090	Ir
0.4007160000526966 0.7999420000156832 0.4501180000039113	Ir
0.9340619998555439 0.8666240000092671 0.5917910000247133	Ir
0.6007160000526923 0.1999420000156888 0.3001180000039056	Ir
0.1340619998555397 0.2666240000092657 0.4417910000247076	Ir
0.1975860000862610 0.3995520000198738 0.3500204999937537	Ir
0.7340619998555411 0.4666240000092614 0.4917910000247119	Ir
0.0007160000526909 0.9999420000156860 0.2501180000039085	Ir
0.5340619998555454 0.0666240000092628 0.3917910000247105	Ir
0.7975860000862554 0.5995520000198695 0.6500204999937580	Ir
0.3340619998555425 0.6666240000092643 0.7917910000247090	Ir
0.3831520000616848 0.8072340000532066 0.6990835000132662	Ir
0.9340619998555439 0.8666240000092671 0.8417910000247133	Ir
0.6007160000526923 0.1999420000156888 0.5501180000039056	Ir
0.1340619998555397 0.2666240000092657 0.6917910000247076	Ir
0.2007160000526937 0.3999420000156846 0.6001180000039099	Ir
0.7340619998555411 0.4666240000092614 0.7417910000247119	Ir
0.0007160000526909 0.9999420000156860 0.5001180000039085	Ir
0.5340619998555454 0.0666240000092628 0.6417910000247105	Ir
0.8007160000526952 0.5999420000156874 0.9001180000039071	Ir
0.3340619998555425 0.6666240000092643 0.0417910000247090	Ir
0.4007399998891685 0.7999500000134674 0.9542225000257574	Ir
0.9340359999272962 0.8666220000364362 0.0924805000314777	Ir
0.6006820000335011 0.1999340000041627 0.7951084999786460	Ir
0.1341220000426873 0.2666340000417478 0.9458885000216029	Ir
0.1724060001299605 0.3952819999980335 0.8489554999883069	Ir
0.7340619998555411 0.4666240000092685 0.9917910000247119	Ir
0.0007160000526909 0.9999420000156860 0.7501180000039085	Ir
0.5340619998555454 0.0666240000092628 0.8917910000247105	Ir
