-0.003748 0.019712 0.014694
-0.006156 0.010308 0.004186
-0.001136 0.015167 -0.000042
0.012125 0.007837 -0.002196
-0.001798 0.015681 -0.008185
-0.009126 0.001081 -0.000843
-0.000276 0.003073 0.005082
0.000016 -0.018108 -0.005426
-0.005632 -0.014169 -0.000860
-0.011257 -0.004208 -0.002993
0.011116 -0.006932 0.001236
-0.009701 -0.005523 -0.003172
0.004049 -0.007645 0.004195
0.003135 -0.022249 -0.000614
-0.004738 0.001275 0.001626
0.014555 -0.011128 0.001127
-0.000267 0.011371 0.011998
-0.009238 0.001890 0.001209
-0.002100 0.019256 0.000212
0.011457 0.008833 -0.003667
-0.001023 0.017064 -0.005544
-0.010020 0.001516 -0.003572
-0.000482 0.003159 0.007481
-0.000883 -0.019930 -0.002414
-0.003060 -0.008783 -0.001377
-0.010660 -0.006531 -0.002229
0.011894 -0.005484 0.000632
-0.008347 -0.005632 -0.003590
0.004242 -0.007237 0.003662
0.002389 -0.019612 -0.000653
-0.005112 0.000901 0.000007
0.014360 -0.013042 0.003079
-0.003608 0.010295 0.011793
-0.007319 0.001058 0.004074
-0.000969 0.018656 0.001085
0.010745 0.004297 -0.001284
-0.001881 0.015133 -0.006921
-0.007978 0.000636 -0.001953
-0.000408 0.069490 0.094799
0.001851 -0.017042 -0.002352
-0.027427 -0.013297 -0.001328
-0.011371 -0.004209 -0.001551
0.012829 -0.007390 0.000099
-0.030311 0.059076 -0.003846
0.003964 0.006062 0.004315
0.003003 -0.019769 -0.000814
-0.004588 0.000933 0.003051
0.015025 -0.011070 0.002397
-0.000395 0.011264 0.012691
-0.008922 0.001439 0.000624
0.000361 0.016664 0.001630
0.016960 0.014055 -0.003507
-0.003343 0.015789 -0.005761
-0.008599 0.000944 -0.003104
-0.000040 0.005505 0.005395
-0.002089 -0.020053 -0.002330
-0.004871 -0.013311 -0.001299
-0.010952 -0.004615 -0.001726
0.010195 -0.007017 0.000713
-0.009032 -0.007672 -0.002986
0.003826 0.005256 0.003155
0.001761 -0.018831 -0.002430
-0.003005 0.000522 0.002006
0.013943 -0.011560 0.002412
0.000425 0.009020 0.014576
-0.010057 -0.000793 0.001566
-0.001733 0.018989 0.000125
0.011162 0.007878 -0.003486
-0.001864 0.087313 -0.094896
-0.009112 0.000956 -0.003476
-0.000032 0.004137 0.004514
0.000123 -0.018016 -0.001673
-0.005878 -0.013023 -0.001305
-0.011914 -0.006474 -0.000983
0.007810 0.000548 -0.000636
-0.009960 -0.005670 -0.003941
0.003972 -0.007568 0.003415
0.003153 -0.018820 -0.000415
0.021175 0.076043 0.000455
0.014514 -0.011985 0.004359
-0.001407 0.010504 0.011929
-0.008180 0.001462 -0.000034
-0.002551 0.018583 -0.000051
0.014539 0.004988 -0.003631
-0.001706 0.016501 -0.005814
-0.009026 0.017788 0.015466
-0.001045 0.003415 0.004720
-0.000096 -0.017341 -0.004735
-0.003017 -0.014236 -0.001676
-0.011023 -0.004001 -0.001977
0.013349 -0.002837 0.006281
-0.009211 -0.006331 -0.004344
0.005605 -0.007365 0.003778
0.002943 -0.020038 -0.001075
-0.003509 -0.001414 0.001655
0.014433 -0.010829 0.003229
0.000284 0.009603 0.011789
-0.009562 -0.000143 0.000422
0.003560 0.024845 0.001834
0.022779 0.005055 0.006291
-0.000964 0.017015 -0.007552
-0.009489 0.001914 -0.005135
-0.001491 0.003324 0.004062
0.002030 -0.020050 -0.000047
-0.003124 -0.014389 -0.000832
-0.015525 -0.638995 -0.004067
0.014452 -0.003827 -0.004975
-0.008307 -0.005949 -0.002002
0.005698 -0.007737 0.003552
0.065156 0.037554 -0.002640
-0.003628 0.001137 0.002117
0.014434 -0.010976 0.002225
-0.001639 0.011734 0.016347
-0.006699 0.000600 0.000789
0.010579 0.017288 -0.008363
0.011169 0.006450 -0.001744
-0.001456 0.015909 -0.005475
-0.009295 -0.000493 -0.001708
-0.000248 0.003451 0.005039
-0.003022 -0.017033 -0.002475
-0.004026 -0.011152 -0.000794
-0.010362 -0.005323 -0.002459
0.012260 0.005221 -0.000174
-0.009478 -0.005751 -0.003307
0.003407 -0.006803 0.003655
0.002039 -0.019185 0.000367
-0.004232 0.000904 0.001011
-0.050663 0.042597 0.000618
0.000927 0.004011 -0.006446
0.007229 0.008101 -0.001519
-0.010461 0.011516 0.002752
0.007138 0.018579 -0.002785
-0.000212 -0.001885 0.000110
0.000964 0.005023 -0.009165
-0.009621 -0.004197 -0.000710
0.003183 0.006608 0.000273
0.000102 0.008238 -0.001638
0.019521 -0.014351 0.002997
-0.008259 0.010965 0.002913
-0.004883 -0.001694 -0.000932
0.013909 -0.004802 -0.000005
-0.002684 -0.004904 0.004954
0.006220 -0.004989 0.006547
-0.012402 -0.006989 0.004912
0.000297 0.002894 -0.004393
0.035503 0.022813 0.034791
-0.010686 0.011806 0.002863
0.005128 0.020957 0.000731
0.000479 -0.003122 -0.001227
0.002292 0.002076 -0.011864
-0.008569 -0.001924 -0.000171
0.002075 0.004507 0.000203
-0.002762 0.005997 -0.004071
0.017134 -0.012652 0.002839
-0.009177 0.009045 0.002020
-0.006874 0.000268 0.000596
0.012889 -0.007894 -0.002338
-0.003386 -0.005216 0.004123
0.014989 -0.000654 0.002227
-0.016869 -0.012305 0.001690
-0.001084 0.004734 -0.005079
0.007186 0.007144 -0.002167
-0.009028 0.010489 0.002280
-0.003816 0.022939 -0.009875
-0.000254 -0.001435 0.000218
-0.002320 0.011036 -0.013330
-0.007785 -0.001774 -0.003794
0.002485 0.005663 -0.000078
-0.010279 0.006329 0.006159
0.018587 -0.011393 0.003461
-0.009117 0.020900 0.001526
-0.013009 0.010098 0.000315
0.012195 -0.006579 0.002179
-0.002729 -0.006754 0.004563
0.008289 -0.010494 0.002225
-0.015406 -0.002611 0.001924
-0.001812 0.003110 -0.004439
0.006541 0.007992 -0.002543
-0.009565 0.010712 0.003194
0.007648 0.023429 -0.002982
-0.001617 -0.003422 -0.000964
0.002564 0.002763 -0.009892
-0.008534 -0.001908 0.000373
0.002775 0.005210 -0.000999
0.000040 0.007068 -0.000462
0.019217 -0.010201 0.002725
-0.003503 0.019127 0.001947
-0.000945 0.009425 -0.000192
0.011076 -0.005227 -0.000135
-0.003978 -0.005485 0.004376
0.009885 -0.010223 0.002382
-0.015988 -0.010889 0.001030
-0.000586 0.004774 -0.004943
0.007115 0.009345 -0.003424
-0.010861 0.011538 0.001930
0.007549 0.023864 -0.001309
0.000720 -0.001720 -0.000121
-0.000608 0.003354 -0.009894
-0.005832 0.005713 -0.003160
0.005261 0.005740 -0.000961
-0.000728 0.003686 -0.000932
0.020557 -0.014414 0.003099
-0.008664 0.010090 0.001040
-0.004763 -0.000926 0.000360
0.021452 0.004662 0.000595
-0.001715 -0.007303 0.003452
0.006612 -0.005469 -0.000781
-0.012164 -0.009113 -0.001299
-0.027296 0.019396 0.029610
0.009131 0.009422 -0.001867
-0.010179 0.011196 0.005162
0.007635 0.022003 -0.002057
-0.000259 -0.003053 -0.000985
0.001470 0.004746 -0.010278
-0.009702 -0.003672 0.000059
0.003517 0.003868 -0.000080
-0.005232 0.013864 -0.003983
0.017409 -0.013636 0.002917
-0.010103 0.013722 0.007901
-0.006942 -0.003126 -0.003147
0.006475 0.007794 0.000904
-0.003435 -0.001871 0.003759
0.011354 -0.009152 0.002290
-0.017247 -0.011586 0.001266
0.000218 0.002736 -0.004639
0.007532 0.008785 -0.002255
-0.009908 0.026904 -0.014178
0.001959 0.028905 -0.000236
-0.029261 0.012780 -0.033869
0.001040 0.004909 -0.014457
-0.006754 -0.001947 0.002345
0.032563 0.019289 -0.035587
0.000075 0.006443 -0.000830
0.016979 -0.012428 0.003232
-0.010741 0.014542 -0.003902
-0.005990 -0.003426 0.002637
0.011855 -0.004138 -0.000894
-0.003683 -0.001525 0.004905
0.011035 -0.010187 0.002350
-0.022915 -0.002919 0.001256
0.000826 0.002550 -0.004714
0.006613 0.008175 -0.002281
-0.010841 0.009517 0.001463
0.006199 0.023575 -0.001137
-0.000091 -0.002749 -0.000336
0.000714 0.003908 -0.009636
-0.007367 -0.003006 0.001148
0.002898 0.005737 0.001492
-0.001526 0.008658 -0.002474
0.042239 -0.009881 0.003469
-0.009482 0.008805 0.001788
-0.004315 0.000049 -0.000277
0.011222 -0.006092 -0.000184
-0.004292 -0.006227 0.004192
0.008880 0.000372 0.002546
-0.014927 -0.012773 0.001342
