2176.0000 0.05 1
1.875
3.75
6.25
6.25
7.5
16.25
8.75
6.25
17.5
16.25
14.375
16.25
25
16.25
6.25
31.25
23.125
18.125
28.75
10
10
13.125
10
10
16.25
20
25
30
37.5
19.375
23.75
27.5
13.75
26.875
20.625
29.375
21.25
41.25
44.375
30.625
37.5
55
48.125
46.25
41.875
67.5
54.375
49.375
85
91.875
98.75
124.375
136.875
135.625
138.75
155
180
151.875
158.125
199.375
177.5
176.25
232.5
251.25
270.625
236.25
235.625
279.375
293.125
310
299.375
316.875
304.375
312.5
318.75
343.125
337.5
365
316.25
355.625
366.875
366.875
331.875
360
334.375
376.875
314.375
295
303.125
286.25
273.75
254.375
231.25
248.75
254.375
298.125
208.125
250
309.375
295.625
316.25
311.875
308.125
299.375
250
293.125
306.25
300
326.875
271.875
281.875
301.875
272.5
321.25
292.5
314.375
250
295.625
353.125
319.375
317.5
314.375
326.25
363.125
343.75
378.75
401.25
380.625
386.875
398.125
393.125
430.625
448.125
473.75
451.875
442.5
450
438.75
448.75
418.75
403.75
429.375
383.125
356.875
317.5
353.75
326.875
309.375
317.5
331.25
305.625
274.375
216.25
255
250
301.25
280.625
246.25
273.125
224.375
317.5
290
329.375
300
302.5
291.875
285
298.125
347.5
293.75
324.375
353.125
370.625
355
260.625
289.375
211.875
289.375
345
264.375
268.125
263.75
260.625
236.25
246.25
248.125
263.75
326.875
238.125
228.75
236.25
224.375
182.5
246.25
259.375
278.125
253.75
306.875
255.625
263.75
256.875
207.5
202.5
268.75
255.625
326.25
343.125
345
354.375
274.375
368.125
293.75
508.75
538.125
511.25
425
366.25
261.875
236.875
197.5
166.875
121.875
60
31.25
11.25
3.75
1.875
3.75
1.25
0
0
0
0
0
0
0
0
0
0
2.5
0
