0.010720 0.002712 0.001305
-0.005090 -0.003132 0.000725
0.010281 0.003418 0.000528
0.002009 0.000555 -0.002808
0.008466 0.002358 -0.003786
0.000053 -0.003385 -0.000523
-0.004426 -0.002178 -0.004675
-0.005265 0.005977 -0.000250
-0.008427 0.000081 -0.007409
0.005043 -0.002659 -0.003733
-0.005663 0.002351 0.009111
-0.005959 -0.002475 0.002614
-0.002121 -0.006501 0.008852
-0.005802 -0.000193 -0.001632
0.004558 0.000866 -0.005410
0.002804 0.018232 0.021119
0.010938 0.002432 0.001956
-0.005375 -0.001818 0.002070
0.006126 0.008063 0.009724
0.001848 0.000835 -0.003416
0.008153 0.002603 -0.002565
-0.000333 -0.002873 -0.000994
-0.004781 -0.001223 -0.005759
-0.005251 0.006312 0.000317
-0.008784 0.000128 -0.008372
0.005036 -0.001750 -0.003516
-0.002451 -0.002015 0.004299
-0.005751 -0.002090 0.001655
-0.001588 -0.005643 0.010539
-0.007489 -0.001256 -0.003009
0.003782 -0.000255 -0.006729
0.002499 -0.001830 -0.009975
0.010487 0.002401 0.001716
-0.009667 -0.005623 0.010588
0.010229 0.004269 -0.001047
0.001835 0.001018 -0.011302
0.009366 0.005037 -0.001531
-0.034535 -0.002779 0.025340
-0.002199 -0.045328 0.028932
0.025000 0.005784 0.030461
-0.009695 0.047071 0.028209
0.009747 0.002822 0.002284
-0.005236 -0.006926 0.009759
-0.006958 -0.002001 -0.001850
-0.006107 -0.009510 0.018463
-0.011217 0.003994 0.005091
0.006918 0.000918 -0.004719
0.003238 -0.021436 0.020937
0.011248 0.002248 0.001762
-0.005827 -0.000521 0.001043
0.010742 0.004024 0.000649
0.002146 0.000516 -0.003847
0.008357 0.002211 -0.002080
0.000373 -0.003405 0.000195
-0.005589 -0.005221 -0.001056
-0.006404 0.006233 0.000898
-0.009248 0.004189 -0.003412
0.005086 -0.001281 -0.002681
-0.001727 -0.001013 0.001947
-0.006107 -0.002795 0.001566
-0.001825 -0.003893 0.008834
-0.005598 0.000315 -0.000843
0.003045 0.001491 -0.006593
0.001973 -0.014774 0.014294
0.025870 0.003190 0.016158
-0.004900 -0.001366 0.000300
0.010647 0.005301 -0.000299
0.002037 0.000294 -0.003442
0.009862 0.002641 -0.003487
0.000238 -0.003311 -0.001328
-0.004715 -0.001461 -0.004850
-0.005716 0.005590 0.000068
-0.008684 -0.000326 -0.008637
0.008991 0.001197 0.002187
-0.002282 -0.002501 0.003856
-0.005968 -0.002801 0.001778
-0.001724 -0.005452 0.010128
-0.005372 0.000197 -0.000604
0.002742 0.001939 -0.006951
0.002654 -0.001768 0.001903
0.010200 0.002024 0.002426
-0.005410 -0.001518 0.001938
0.014218 -0.000798 0.009867
0.003299 -0.000133 -0.002991
0.008616 0.002486 -0.002410
-0.001554 -0.003028 -0.001060
-0.004421 -0.001191 -0.005510
-0.006650 0.005744 -0.000518
-0.008240 -0.000160 -0.007196
0.005074 -0.001429 -0.002565
-0.004319 -0.002424 0.004839
-0.007204 -0.003766 0.002076
-0.002187 -0.005438 0.008458
-0.009396 0.002811 0.004335
0.006993 -0.002537 -0.000215
0.002396 -0.001659 0.001272
0.010607 0.002338 0.001766
-0.000473 0.002623 0.010178
0.009870 0.003828 0.000879
0.002237 0.000824 -0.006484
0.008387 0.002512 -0.002787
-0.001600 -0.004374 -0.002811
-0.005044 -0.002346 -0.007892
-0.004092 0.005786 -0.002392
-0.008596 0.001200 -0.011174
0.006649 -0.001602 -0.004081
-0.001800 -0.003718 0.001869
-0.007361 -0.001825 0.002451
0.003358 -0.000396 0.020664
-0.007052 0.000027 -0.002960
0.004665 0.000300 -0.004717
0.002042 0.013036 0.016325
-0.004119 0.002751 0.016654
-0.004871 -0.001592 0.002305
0.009362 0.002746 -0.000786
0.002867 0.001171 -0.003323
0.007111 0.002151 -0.003041
-0.002104 -0.002627 -0.000859
-0.004212 -0.000968 -0.004401
-0.005887 0.005936 -0.000825
-0.008327 -0.000566 -0.008531
0.006544 -0.002783 -0.004737
-0.002347 -0.002364 0.003753
-0.006671 -0.001806 0.001616
-0.001939 -0.004759 0.009756
-0.005047 -0.001552 -0.001362
0.007828 0.006378 0.000419
0.002455 -0.001953 0.000402
-0.012609 -0.000684 0.004087
0.003553 -0.002606 0.001007
-0.003390 0.001281 0.001595
-0.003892 0.004009 0.002631
-0.007771 0.011281 0.004308
0.006959 -0.000586 -0.000677
0.004301 -0.001344 -0.005246
0.003177 0.000505 0.000664
0.009867 0.005675 0.001600
-0.001928 -0.006009 -0.006542
0.002220 0.002057 0.006732
-0.022507 -0.004151 -0.004567
0.002947 0.004179 0.010752
-0.000638 -0.007968 -0.009920
0.018117 0.001759 -0.000830
-0.005479 0.001122 0.008316
-0.012711 -0.002768 0.002128
0.007419 0.001715 0.005698
-0.002650 0.001661 0.002233
-0.004251 0.004017 0.001435
-0.002923 0.006238 -0.001615
-0.016042 -0.000788 0.020584
0.004850 -0.000359 -0.004881
0.003396 0.000068 0.001353
0.010150 0.005631 0.001935
-0.001386 -0.005841 -0.007146
0.001951 0.003949 0.005484
-0.022307 -0.006319 -0.010586
0.002560 0.005298 0.011732
-0.001416 -0.008002 -0.010188
0.021241 -0.002246 0.005004
-0.005722 -0.000487 0.007184
-0.011879 0.011313 0.009089
0.004632 -0.002370 0.001565
-0.006751 -0.002691 0.007178
-0.006604 0.004130 0.027599
-0.007217 0.002953 0.003706
0.006006 -0.000679 -0.000127
0.006876 -0.003000 -0.003175
0.000966 -0.003270 -0.479158
0.008129 0.008558 0.004979
0.027775 -0.006703 0.012182
0.003604 -0.013980 0.015435
-0.021342 -0.003946 -0.004245
-0.024839 0.004298 0.035993
-0.002715 -0.009893 -0.005075
0.022217 -0.003521 0.005293
-0.005291 0.000216 0.006230
-0.011842 0.004534 0.009111
0.003781 -0.002987 0.001047
-0.002645 0.001460 0.002140
-0.004544 0.004193 0.002369
-0.002996 0.006973 -0.003076
0.005997 -0.001302 0.000637
0.004165 -0.000691 -0.003998
0.003118 -0.000742 -0.012295
0.009908 0.005570 0.002301
-0.002211 -0.005459 -0.005561
0.002498 -0.002960 0.012881
-0.022375 -0.004177 -0.004879
0.004368 0.004409 0.012035
-0.000845 -0.007764 -0.008851
0.017528 0.001167 -0.000134
-0.005983 0.000393 0.008595
-0.013017 -0.001798 0.003215
0.007233 -0.006926 0.006186
-0.003509 0.002643 0.001116
-0.004277 0.003954 0.001409
-0.004148 0.006316 -0.001397
0.006522 -0.001316 0.000472
0.004351 -0.000820 -0.004330
0.003300 0.000215 0.001141
0.008418 0.006039 0.001240
-0.001926 -0.005685 -0.007415
0.002509 0.004107 0.005101
-0.022208 -0.002058 -0.010271
0.002892 0.004573 0.011667
-0.000728 -0.007770 -0.009508
0.017653 0.001459 -0.000678
-0.001141 -0.003540 0.015707
-0.012593 -0.002486 0.002469
0.004408 -0.001362 -0.000910
-0.002532 0.002550 0.001544
-0.004434 0.003929 0.003511
-0.002586 0.006373 -0.002112
0.029659 -0.000275 0.023374
0.002696 -0.000761 -0.004523
0.002907 -0.000205 0.001338
0.009595 0.005270 0.002487
-0.001382 -0.006391 -0.006233
0.002300 0.003708 0.004886
-0.022382 -0.004865 -0.007033
0.003776 0.005232 0.010658
0.001551 -0.006673 -0.009968
0.019366 0.002854 -0.002693
-0.005723 0.001567 0.007165
-0.012340 0.000679 -0.000488
0.010649 -0.002747 0.007072
-0.003534 0.001555 0.000391
-0.002261 0.003864 0.033942
-0.003070 0.005474 -0.002919
0.005521 -0.001361 0.000040
0.004365 -0.000491 -0.004559
0.003251 0.000609 0.003197
0.009735 0.005555 0.001910
0.000285 -0.006138 -0.009804
0.002185 0.001457 0.001556
-0.023621 -0.004346 -0.004348
0.000905 0.004261 0.008236
-0.000776 -0.007391 -0.009155
0.018831 0.000901 -0.001196
-0.005936 -0.000002 0.008330
-0.012717 -0.002107 0.001993
0.004348 -0.004416 -0.001045
-0.005960 -0.001951 0.006817
-0.004676 0.003807 0.003519
-0.009725 0.006182 0.005343
0.006144 -0.001374 0.001002
0.004686 -0.000555 -0.004097
0.003109 0.000633 0.001592
0.010975 0.005004 0.001689
-0.000914 -0.005415 -0.005656
0.002217 0.004199 0.005104
-0.022232 -0.003885 -0.005932
0.003751 0.004295 0.010506
-0.000047 -0.006838 -0.009656
0.017461 0.001218 -0.000083
-0.010885 0.004743 0.017365
