2176.0000 0.05 1
1.875
3.75
6.25
6.25
7.5
16.25
8.75
7.5
17.5
15
14.375
16.25
25
16.25
6.25
31.25
23.125
18.125
30
8.75
10
13.125
10
10
16.25
20
25
28.75
38.75
19.375
25
26.25
13.75
26.875
21.875
28.125
21.25
40
45.625
30.625
37.5
55
48.75
44.375
43.125
67.5
55.625
46.875
86.875
90
98.75
123.125
140.625
133.125
140.625
151.875
181.875
152.5
157.5
200
177.5
175
233.125
252.5
267.5
238.75
233.125
280.625
293.125
308.75
298.125
320.625
302.5
308.75
323.75
341.25
337.5
365
316.875
351.25
370.625
369.375
326.875
362.5
333.125
380.625
311.875
296.25
303.125
289.375
270
255
232.5
246.25
256.875
296.25
206.875
254.375
309.375
293.75
317.5
310.625
308.125
298.75
249.375
294.375
310
295.625
325.625
275
281.25
300
276.25
315.625
296.25
313.125
249.375
299.375
353.125
317.5
316.875
315
324.375
361.25
347.5
380
400
380.625
385.625
394.375
396.875
433.125
446.25
473.125
451.875
443.125
452.5
439.375
446.25
413.75
406.875
430
381.25
355.625
322.5
351.25
327.5
310.625
315
330.625
305
278.125
215.625
255.625
248.75
302.5
279.375
248.75
270
225
317.5
291.25
326.875
302.5
303.75
288.75
283.75
300.625
346.25
295
320.625
353.125
375.625
351.25
261.25
290.625
213.125
289.375
343.75
266.875
264.375
265
259.375
236.875
246.875
248.75
261.875
328.75
237.5
229.375
235.625
226.25
180.625
246.25
257.5
281.25
253.75
306.875
251.875
267.5
257.5
202.5
203.125
272.5
255.625
325
344.375
343.125
355
274.375
368.75
287.5
514.375
534.375
514.375
424.375
363.125
265
233.125
205
166.875
117.5
63.125
31.25
11.25
3.75
1.25
4.375
1.25
0
0
0
0
0
0
0
0
0
0
2.5
0
