-0.006109 0.001883 -0.015012
-0.006146 -0.002041 0.001202
0.010480 0.003778 0.000104
0.001478 0.001582 -0.002060
0.002949 -0.001378 0.002167
-0.000088 -0.004338 -0.001869
-0.003372 -0.002220 -0.004791
-0.010782 0.009716 -0.002896
-0.009395 0.000973 -0.007582
0.005491 -0.000885 -0.001563
-0.003367 -0.002238 0.003492
-0.006037 -0.002940 0.001771
-0.002024 -0.004448 0.009148
-0.004994 0.001961 -0.000085
0.006653 0.001808 -0.004122
0.002337 -0.002088 0.000752
0.001562 0.011441 0.001543
-0.005678 -0.001437 0.001508
0.010508 0.003526 -0.000180
0.001411 0.000257 -0.003383
0.004795 0.000154 -0.002704
-0.001398 -0.003689 -0.001072
-0.005810 -0.001953 -0.004993
-0.005102 0.005559 0.000846
-0.009679 0.000483 -0.007602
0.005891 -0.002896 -0.003156
-0.001390 -0.003860 0.003893
-0.006945 -0.002857 0.002347
-0.001729 -0.005110 0.009185
-0.005484 0.001781 -0.000045
0.004883 0.001120 -0.003991
0.002379 -0.001938 0.001007
0.010169 0.002231 0.000875
-0.005091 -0.002359 0.001343
0.012601 0.005216 -0.001580
0.001966 -0.000428 -0.002068
0.009435 0.003637 -0.002731
-0.000039 -0.002962 -0.001660
-0.005643 -0.002518 -0.004454
-0.010597 0.001884 -0.003139
-0.007334 0.000454 -0.007457
0.004637 -0.000842 -0.002325
-0.051933 -0.003232 0.070209
-0.007001 -0.001384 0.001859
-0.039959 0.039027 0.010493
-0.017214 0.005569 -0.005267
0.007800 -0.001038 -0.004387
0.577876 -0.009388 -0.004212
-0.006170 0.002683 0.017939
-0.057422 0.060430 0.002183
0.010743 0.004161 -0.000437
0.001536 0.001984 -0.004600
0.003578 -0.000597 -0.007200
-0.006711 0.000117 0.002154
-0.003847 -0.003789 -0.003348
-0.004186 0.004895 0.001410
-0.007330 0.000803 -0.007831
-0.004184 -0.005198 0.000962
-0.003182 -0.002216 0.003319
-0.005933 -0.003362 0.002840
-0.001222 -0.006582 0.009712
-0.006030 0.000304 -0.000439
0.004137 0.001112 -0.005221
0.003591 -0.001874 0.000995
-0.006569 -0.013341 0.000857
-0.003299 -0.002250 0.002846
-0.021804 -0.039971 -0.000431
-0.025875 0.001353 -0.002654
0.009619 0.002365 -0.002409
0.000745 -0.003917 -0.000747
-0.003977 -0.002141 -0.004745
-0.003958 0.005426 0.000515
-0.008329 0.001108 -0.007889
-0.006588 -0.005863 0.002386
-0.001401 -0.001124 0.003363
-0.037597 -0.003668 0.002150
0.001452 -0.006449 0.011277
-0.016412 0.004845 -0.004836
-0.035169 -0.000705 -0.058169
0.001458 -0.001899 0.000963
0.010371 0.003004 0.001287
-0.005515 -0.001636 0.001456
0.011005 0.004937 -0.000260
0.001695 0.000653 -0.003204
0.009359 0.002829 -0.002927
-0.001282 -0.003064 -0.001437
-0.004949 -0.002024 -0.005172
-0.004301 0.005702 0.000600
-0.008673 0.000715 -0.008052
0.004606 -0.001030 -0.002568
-0.003111 -0.002239 0.004387
-0.006235 -0.002606 0.002237
-0.001491 -0.005461 0.009596
-0.006305 0.000278 -0.000633
0.004383 0.001408 -0.004492
0.001370 -0.002105 0.000718
0.010423 0.002449 0.001550
-0.005032 -0.001307 0.001330
0.012571 0.004726 0.001317
0.002158 -0.000163 -0.003994
0.009531 0.003864 -0.002427
-0.007382 -0.007937 0.003134
-0.003317 -0.002121 -0.004746
-0.003947 0.006443 0.001286
-0.007073 0.002381 -0.004203
0.005555 -0.002453 -0.002653
-0.003359 -0.002661 0.005042
-0.006839 -0.001572 0.003542
-0.001863 -0.006135 0.009210
-0.005293 0.000126 -0.001601
0.005388 0.001197 -0.005062
0.002321 -0.001753 0.000996
0.009695 0.001876 0.001207
-0.003068 -0.002226 0.000029
0.009340 0.005180 -0.000347
0.001960 0.000440 -0.003065
0.008298 0.003913 -0.002844
-0.006880 -0.003478 0.003026
-0.005996 -0.002191 -0.004875
-0.009971 0.006029 -0.003431
-0.009763 0.000483 -0.007635
0.005974 -0.000673 -0.000650
-0.003438 -0.002390 0.004483
-0.007309 -0.002504 0.002281
0.000551 -0.006434 0.008419
-0.005149 -0.000125 -0.001990
0.004179 0.001520 -0.005657
0.002247 -0.001792 0.000972
-0.014570 -0.003490 0.002019
0.004561 -0.002819 0.001125
-0.011647 -0.002728 -0.001593
0.002984 0.004820 0.002636
-0.003906 0.006243 -0.000548
0.005018 -0.000994 -0.000058
0.005452 -0.002112 -0.004554
0.002616 0.000156 -0.000589
0.004408 0.008634 -0.002696
0.000049 -0.006275 -0.005348
0.003166 0.003191 0.005591
-0.021580 -0.004250 -0.005114
-0.001847 0.000217 0.015023
0.000354 -0.006845 -0.009407
0.017481 0.000699 0.000211
-0.004588 0.001380 0.008677
-0.013698 -0.001172 0.002710
0.004495 -0.002486 0.002121
-0.002361 -0.000595 0.003086
-0.003818 0.003915 0.002599
-0.001219 0.004998 -0.002458
-0.009100 0.014341 -0.001040
0.001028 0.002204 -0.004799
0.012803 -0.000142 -0.000444
0.002475 0.012402 0.001507
-0.001338 -0.006053 -0.004940
0.000840 0.002758 0.005147
-0.023097 -0.004334 -0.005425
0.002111 0.004667 0.010780
-0.003950 -0.010710 -0.009211
0.018499 0.002538 -0.000517
-0.005743 0.000583 0.007889
-0.011642 -0.001380 0.002897
0.004695 -0.002548 0.001602
-0.002223 -0.000540 0.002676
0.001906 0.004800 0.002601
-0.002889 0.006542 -0.002485
-0.009386 -0.001151 0.014308
-0.001235 0.003571 0.000042
0.003190 0.000547 -0.001040
0.010494 0.005163 0.001991
-0.000100 -0.005338 -0.005654
-0.000701 0.004665 0.002614
-0.021589 -0.004131 -0.005137
-0.002965 0.008838 0.015696
-0.004804 -0.010267 -0.013187
0.017963 0.000494 0.000817
-0.005857 0.000457 0.007792
-0.011431 -0.001600 0.002809
0.007607 -0.004506 0.002307
-0.002492 0.001668 0.001558
-0.005136 0.003823 0.002668
-0.021995 0.007121 0.024237
0.005414 -0.001271 -0.002128
0.005282 -0.002098 -0.003787
0.003291 -0.000083 -0.000063
0.004712 0.008010 0.005983
-0.006019 -0.009979 -0.009195
0.001403 0.003546 0.004951
-0.019988 -0.004315 -0.005024
0.003916 0.004157 0.010881
0.000190 -0.006693 -0.010133
0.018161 0.002024 -0.000409
-0.003415 0.001528 0.005907
-0.012580 -0.001261 0.002562
-0.022753 -0.002895 -0.035739
-0.012866 -0.003183 -0.002041
-0.001213 0.003855 0.002284
-0.000825 0.008393 -0.002051
-0.009136 -0.016059 -0.001340
0.005880 -0.000598 -0.003954
0.000151 0.000504 -0.000429
0.011940 0.005372 0.001524
0.000927 -0.006056 -0.006817
0.002843 0.003490 0.005156
-0.017207 -0.003958 -0.003386
0.003734 0.004699 0.012657
0.000503 -0.008277 -0.009877
0.008154 0.005500 0.004485
-0.044397 -0.049894 0.006947
-0.013083 -0.001396 0.003231
0.005159 -0.002830 0.002671
-0.003042 0.000947 0.002514
-0.003958 0.003829 0.002544
-0.003670 0.006443 -0.001622
0.004909 -0.000864 -0.001021
0.005028 -0.001370 -0.004221
0.002679 -0.000005 -0.000456
0.010159 0.004996 0.002026
-0.000222 -0.006078 -0.005716
0.001478 0.002995 0.005592
-0.023220 -0.004280 -0.005035
0.003125 0.004753 0.011388
0.000418 -0.006731 -0.009532
0.017351 0.000703 0.000159
-0.005717 0.001258 0.007872
-0.013542 -0.001925 0.002496
0.006942 -0.001315 0.001509
-0.003102 0.001150 0.002143
-0.004864 0.004115 0.002751
-0.003939 0.006455 -0.002472
-0.008637 -0.001543 -0.015698
-0.001488 0.003369 -0.009137
0.003026 0.000480 -0.000123
0.010545 0.004955 0.001309
-0.006620 -0.001280 -0.010016
0.003207 0.002767 0.004953
-0.019991 -0.004346 -0.005106
0.003143 0.005181 0.011212
-0.005080 -0.009996 -0.005562
0.007575 0.005242 0.003680
-0.005945 0.000302 0.007784
-0.013099 -0.001333 0.003044
0.004426 -0.002545 -0.000012
-0.001858 0.001632 0.000559
-0.001570 0.004055 0.002982
-0.003832 0.006288 -0.001468
0.004993 -0.001486 -0.000969
0.004225 -0.002055 -0.004364
0.013181 0.000340 -0.000254
0.008665 0.004902 0.001948
-0.004142 -0.005599 -0.009702
0.001532 0.002878 0.005601
-0.016993 -0.004053 -0.006455
-0.000176 0.004213 0.014336
0.000065 -0.006294 -0.009876
0.018347 0.000010 0.001768
-0.005841 0.001345 0.007843
