-0.000075 0.011226 0.011699
-0.009265 0.000766 -0.000030
-0.001901 0.022595 0.000932
0.011683 0.007333 -0.002947
-0.001521 0.015618 -0.006757
-0.009262 -0.000074 -0.001313
0.000136 0.002762 0.004667
0.000302 -0.016598 -0.002327
-0.003540 -0.011283 -0.000096
0.007035 -0.013513 0.001544
0.011256 -0.003308 -0.004793
-0.009481 -0.006265 -0.004198
0.004041 -0.007473 0.004421
0.000770 -0.023528 -0.000450
-0.004201 -0.000147 0.002238
0.012891 -0.011289 0.003141
-0.000259 0.010904 0.011231
-0.009048 0.001390 0.000144
-0.001592 0.019360 0.001206
0.011149 0.008628 -0.005271
-0.000822 0.016442 -0.005755
-0.009519 0.000859 -0.003331
-0.000212 0.003673 0.005941
-0.000794 -0.015535 -0.002612
-0.004501 -0.010903 -0.001331
-0.011169 -0.004695 -0.001298
0.009762 -0.006593 0.000674
-0.009167 -0.007045 -0.003523
0.004017 -0.008338 0.004749
0.003943 -0.018916 -0.000330
-0.003803 0.000551 0.002564
0.014216 -0.011585 0.002557
-0.000357 0.011098 0.012068
-0.009244 0.000615 0.000443
-0.001276 0.019617 0.000716
0.011110 0.008404 -0.002450
-0.001971 0.015694 -0.006322
-0.009483 0.000857 -0.002067
0.000331 0.002656 0.005826
-0.000139 -0.015495 -0.002136
-0.003245 -0.011595 -0.002123
-0.012154 -0.006165 -0.001912
0.011017 -0.006641 0.001618
-0.009825 -0.005444 -0.003135
0.002659 -0.004450 0.003985
0.003952 -0.018432 0.000041
-0.002412 -0.000106 0.001943
0.013742 -0.012050 0.003449
0.003936 0.017470 0.017034
-0.011279 -0.000209 -0.000337
-0.000582 0.018160 0.001111
0.010962 0.008551 -0.003576
-0.002068 0.016210 -0.001085
-0.009088 0.000963 -0.002415
0.000815 0.004480 0.005510
-0.003015 -0.017744 -0.006969
-0.002243 -0.011283 -0.001010
-0.011718 -0.006225 -0.001716
0.010995 -0.006924 0.000982
-0.008736 -0.006626 -0.003178
0.023237 -0.000667 0.008013
0.001620 -0.020204 -0.000533
-0.002286 0.000777 -0.002266
0.015669 -0.012975 0.003231
-0.000531 0.011377 0.011413
-0.009562 0.001684 0.001041
-0.001200 0.015555 0.001216
0.011825 0.009194 -0.004961
-0.002263 0.016106 -0.007034
-0.008869 0.001797 -0.001046
-0.000734 0.004009 0.004364
0.000392 -0.016604 -0.002076
-0.003275 -0.012352 -0.002170
-0.014275 -0.002788 0.005353
0.014128 -0.003326 -0.000136
-0.010377 -0.006643 -0.002110
0.005011 -0.007919 0.004040
0.003559 -0.020673 -0.006277
-0.004558 0.000524 0.001762
0.013291 -0.011127 0.003151
-0.000305 0.011164 0.008929
-0.008788 0.001485 0.006537
-0.001599 0.019369 0.000610
0.011464 0.007547 -0.003675
-0.002626 0.014748 -0.007023
-0.004631 -0.003929 0.003064
-0.005055 0.001775 0.009618
0.004009 -0.013419 0.002696
-0.004120 -0.013820 -0.001248
-0.010487 -0.005399 -0.006562
0.008201 -0.005030 -0.004522
-0.007877 -0.004770 -0.003704
0.005962 -0.006518 -0.000479
0.005850 -0.019776 -0.006056
-0.007406 0.003454 0.001347
0.012543 -0.012284 0.002169
-0.001742 0.010983 0.012049
-0.009210 0.004294 0.004865
-0.001311 0.018795 0.001371
0.012182 0.008383 -0.002647
-0.001683 0.016443 -0.006929
-0.012583 0.005191 0.003394
0.005689 0.007406 0.009120
-0.017017 -0.025146 0.001133
-0.002891 -0.087428 0.072988
-0.006445 -0.003086 -0.001356
0.009701 -0.002744 0.000211
0.061981 0.033121 0.086524
0.009770 -0.008281 0.004326
0.004808 -0.023957 -0.000653
-0.003407 0.002120 -0.004059
0.013445 -0.011685 0.004802
-0.002827 0.007570 0.018120
-0.006365 0.003153 0.000767
-0.000634 0.020505 0.000661
0.013578 0.007673 -0.004023
0.002308 0.016234 -0.001469
-0.009645 0.000112 -0.000541
0.000516 0.003321 0.005209
-0.004842 -0.015404 -0.003356
-0.003267 -0.011925 -0.002012
-0.010390 -0.004517 -0.001256
0.011593 -0.005883 0.000429
-0.008997 -0.005392 -0.002298
-0.000034 -0.010027 0.009378
0.003084 -0.018614 -0.000338
-0.003893 0.004476 0.002055
0.079788 -0.046029 0.080153
0.000099 0.003527 -0.006986
0.008161 0.007931 -0.002618
-0.010361 0.011256 0.000900
0.008232 0.022206 -0.000872
-0.001298 -0.000955 -0.000259
0.002739 0.004692 -0.010250
-0.008427 -0.000913 -0.000049
0.000837 -0.000355 0.006335
-0.000511 0.008009 -0.002126
0.017692 -0.012166 0.003728
-0.008712 0.009892 0.002663
-0.004902 -0.000828 -0.000349
0.012088 -0.005254 -0.000060
-0.000866 -0.007148 0.008622
0.010731 -0.009316 0.001862
-0.016082 -0.012514 0.001152
-0.000012 0.003200 -0.005149
0.004954 0.010277 -0.002392
-0.010573 0.011135 0.001781
0.007226 0.023348 -0.001597
-0.000778 -0.002268 0.000055
0.001485 0.004771 -0.008667
-0.008856 -0.001935 0.000658
0.003256 0.005394 -0.001362
-0.001062 0.007645 -0.001631
0.017701 -0.011641 0.002734
-0.007536 0.008845 0.002336
-0.004842 0.000497 0.000023
0.012824 -0.006620 -0.000409
-0.003658 -0.005386 0.005249
0.010426 -0.009827 0.002853
-0.017126 -0.011780 0.002346
-0.000404 0.003651 -0.005366
0.010419 0.006292 -0.002204
-0.010649 0.010605 0.001537
0.007143 0.023280 -0.001037
-0.000602 -0.002649 -0.001168
0.001783 0.004072 -0.010207
-0.007769 -0.002590 0.000259
0.002287 0.004811 -0.000430
-0.000752 0.008253 -0.001939
0.018769 -0.011447 0.003123
-0.009427 0.010138 0.001844
-0.004738 -0.002358 -0.000605
0.010196 -0.005361 -0.000025
-0.003158 -0.003914 0.003870
0.010692 -0.009778 0.002838
-0.018004 -0.011327 0.001067
0.000290 0.003025 -0.006449
0.007275 0.007711 -0.001891
-0.010565 0.010258 0.001241
0.008212 0.022693 -0.001245
0.000119 -0.002261 -0.000153
0.001454 0.003168 -0.009998
-0.007646 -0.001771 -0.002243
0.002859 0.006003 -0.000371
-0.000488 0.007200 -0.002127
0.018041 -0.008710 0.011266
-0.007851 0.009921 0.003982
-0.005741 -0.000277 -0.000273
0.010736 -0.005746 0.000164
-0.004964 -0.005412 0.004904
0.009424 -0.010156 0.001658
-0.019037 -0.012879 -0.002620
-0.001195 0.003771 -0.004832
0.007273 0.008267 -0.003582
-0.010042 0.009989 0.000813
0.006913 0.023130 -0.001842
-0.001186 -0.002732 0.000021
0.001246 0.004379 -0.010523
-0.008434 -0.002765 0.000232
0.003240 0.008633 0.006353
-0.000451 0.007335 -0.001928
0.017862 -0.011364 0.002019
-0.008187 0.008797 0.001359
-0.003199 -0.000358 -0.000690
0.010925 -0.004462 0.000996
-0.020730 0.002895 0.009109
0.010212 -0.009431 0.002421
-0.016935 -0.010665 0.001794
0.004456 0.000354 -0.000339
0.009022 0.004413 0.003620
-0.010639 0.010825 0.007786
0.007490 0.023242 -0.003922
-0.000015 -0.002229 0.005014
0.001548 0.004037 -0.005897
-0.009772 0.002525 0.005673
0.002679 0.005346 -0.002192
0.000604 0.007219 0.020857
0.017902 -0.010680 0.004249
-0.009102 0.010781 0.001712
-0.005927 -0.003858 0.007721
0.014328 0.052375 0.047394
-0.005485 -0.004187 -0.001215
0.010273 -0.010439 0.002899
-0.017539 -0.013803 -0.003694
-0.003036 0.005304 0.001281
0.007115 0.008055 0.003654
-0.007154 0.011828 0.010130
-0.024969 0.039502 -0.581955
-0.000016 -0.004753 0.003267
0.000442 0.002975 -0.002640
-0.007389 -0.007815 0.006798
0.002579 0.005162 -0.000570
-0.001718 0.007801 0.018891
0.018622 -0.011442 0.002556
-0.072307 0.040150 0.066403
-0.001949 0.019435 0.004539
0.010454 -0.003512 0.000106
-0.006655 -0.007382 0.004394
0.010536 -0.008624 0.001751
-0.013202 -0.014806 0.000537
0.000372 0.003341 -0.005314
0.007693 0.009388 -0.002098
-0.010172 0.010786 0.001246
0.007034 0.022729 -0.002242
-0.001107 -0.003254 -0.000103
0.001561 0.003997 -0.009484
-0.008039 -0.002162 0.000938
0.003262 0.004698 -0.001094
-0.000653 0.007589 -0.002451
0.020499 -0.031504 0.007568
-0.008582 0.008919 0.001803
-0.004114 -0.001216 0.001008
0.011771 -0.005577 -0.000676
-0.003191 -0.003825 0.004702
-0.046888 -0.039776 0.059100
-0.017644 -0.015922 0.001714
