264.0000 0.05 1
0.16
0.64
0.96
1.6
0.96
1.6
1.6
2.88
1.28
1.92
1.28
1.92
1.28
1.28
1.92
2.24
2.56
1.6
1.92
1.6
1.92
2.88
3.2
2.56
2.24
1.92
4.32
5.76
3.2
2.88
3.52
4
4.8
4.16
3.52
4.8
2.72
5.12
4.16
5.6
5.12
8.16
11.52
8.8
6.24
12.16
16.16
17.12
19.68
14.4
23.2
22.4
21.12
26.4
19.84
29.92
30.88
32.32
30.72
31.36
38.4
39.2
40.96
44.32
44.96
44
47.84
45.76
47.2
39.2
42.88
45.44
39.52
39.36
36.16
32.64
36
33.44
35.2
32.64
36.48
34.24
38.88
48
44
44.96
41.92
42.56
38.88
40.32
37.28
36
36.32
38.88
36.96
43.2
42.24
48.48
42.08
47.68
44.64
43.52
40.96
43.36
35.04
31.36
31.68
21.6
24
24.96
29.28
40.96
45.6
41.28
51.68
48.96
55.04
53.28
52.96
52.48
48.48
46.88
51.84
42.72
45.6
48.48
50.56
49.12
52
53.12
53.76
54.88
52.96
53.12
44.16
44.32
43.36
50.24
46.4
47.52
48.64
51.36
54.56
54.08
53.28
50.24
48.48
38.72
41.44
38.08
44.48
39.68
31.84
33.76
31.68
28.96
26.88
33.12
36.48
33.28
35.68
24.96
24.8
27.84
28
30.4
29.92
26.72
22.08
28.16
31.2
25.92
23.2
26.4
29.76
30.24
23.2
20.8
24.96
31.36
26.24
29.12
31.04
25.28
24.32
29.28
30.56
34.24
40.96
34.56
41.28
40.96
42.56
42.08
44
39.52
47.36
43.84
50.08
58.72
54.88
48
50.08
48
43.52
40
33.12
22.88
15.04
5.12
1.76
0.32
0
0.64
0
0
0.32
0.32
0
0
0
0
0
0
0
0
0
0
0.32
0
0
0
0
0.32
0
0
0
0.32
0.32
0
0.32
0
0.32
0
0.32
0.32
0.64
0
0.64
0
0.32
0.32
0.32
0
0.32
0.32
0.32
0
0
0
0.64
0
0.32
0
