2176.0000 0.05 1
1.875
3.75
6.25
6.25
7.5
16.25
8.75
7.5
17.5
15
14.375
16.25
25
16.25
6.25
31.25
23.125
18.125
28.75
10
10
13.125
10
10
16.25
20
25
28.75
38.75
19.375
23.75
27.5
13.75
26.875
20.625
29.375
21.25
42.5
43.125
30.625
37.5
56.25
46.875
46.25
41.875
67.5
55.625
48.125
84.375
92.5
98.75
124.375
137.5
133.75
138.75
155
180.625
152.5
158.125
200.625
175.625
175
231.875
253.75
269.375
237.5
234.375
279.375
293.125
310.625
296.25
321.25
303.125
310.625
321.875
342.5
340.625
359.375
316.875
355.625
370.625
368.125
327.5
361.25
333.75
378.75
312.5
295.625
303.125
287.5
273.75
253.125
232.5
248.125
253.75
301.25
203.125
253.125
311.25
294.375
314.375
310.625
310.625
300.625
246.875
293.75
312.5
293.125
333.75
269.375
279.375
306.25
268.75
320.625
291.25
315
251.875
295.625
352.5
318.125
316.25
315
325
363.75
345.625
380
400
378.125
391.875
392.5
395
431.875
451.25
468.75
452.5
442.5
453.75
440
443.75
418.75
406.25
428.125
381.875
356.875
318.125
353.125
328.125
311.25
315.625
329.375
306.25
275.625
216.25
254.375
249.375
302.5
280.625
246.875
273.125
225
316.25
290
328.125
301.25
302.5
291.875
285.625
296.875
350
290
323.75
350
373.125
359.375
258.125
288.75
212.5
289.375
345.625
265
268.125
263.75
258.125
238.125
245
248.75
263.125
326.25
240.625
228.125
235.625
227.5
178.125
250
254.375
281.875
253.75
305.625
256.875
263.75
256.875
206.25
200
271.875
256.25
325
343.125
345.625
354.375
273.75
368.75
291.875
516.25
531.875
512.5
422.5
366.875
265
233.125
200
164.375
118.75
61.25
33.75
11.25
3.75
1.875
4.375
1.25
0
0
0
0
0
0
0
0
0
0
2.5
0
