0.010480 0.002323 0.001039
-0.004543 -0.001199 0.001584
0.010469 0.004099 0.000901
0.002207 -0.000185 -0.003203
0.007676 0.002496 -0.002129
-0.001134 -0.003855 -0.000889
-0.004947 -0.002199 -0.005292
-0.005169 0.005749 -0.000187
-0.008206 0.000782 -0.008838
0.005319 -0.001320 -0.003253
-0.002054 -0.001932 0.004621
-0.006289 -0.002435 0.002395
-0.000341 -0.004112 0.011572
-0.005052 -0.011464 -0.013332
0.004393 0.002813 -0.003937
0.003349 -0.000770 0.002545
0.010831 0.002925 0.001921
-0.008738 -0.006395 -0.004970
0.010771 0.004316 0.003013
0.002108 0.002047 -0.001313
0.006457 0.004048 0.000006
0.004117 -0.008566 -0.011519
-0.003505 -0.002721 -0.004543
-0.005189 0.005684 -0.000583
0.008105 0.000879 -0.026301
0.004822 -0.001415 -0.003031
-0.003098 -0.002242 0.003476
-0.006209 -0.003452 0.001888
-0.005584 -0.005116 0.004600
-0.005436 0.000523 0.008385
0.005003 0.001044 -0.005794
0.004277 -0.000716 0.002548
0.009665 -0.057033 -0.050328
-0.006465 -0.001393 0.001847
0.009751 0.003660 0.000941
0.001948 0.000253 -0.003688
0.010113 0.002480 -0.002710
-0.000917 -0.003679 0.000794
-0.003912 -0.001862 0.001773
-0.003866 0.005383 0.000682
-0.008468 0.000613 -0.008991
-0.001646 -0.010314 0.572389
-0.003572 -0.002395 0.004218
-0.008104 0.059845 -0.052739
-0.000190 -0.006369 0.011429
-0.005247 0.012268 -0.013092
0.010277 0.005612 -0.016649
0.002633 -0.001935 0.001146
0.011392 -0.001404 -0.003299
-0.004888 -0.001454 0.001754
0.010286 0.004303 -0.000287
0.002470 0.000010 -0.002646
0.007689 0.002320 -0.002192
-0.001108 -0.003361 -0.000753
-0.004570 -0.001977 -0.004473
-0.005018 0.006042 -0.000310
-0.008865 0.000607 -0.008486
0.004950 -0.000133 0.007476
-0.004582 -0.003125 0.004556
-0.005575 0.003267 -0.004977
-0.004498 -0.001286 0.004274
-0.006417 0.011131 -0.011600
0.004891 -0.000252 -0.004545
0.006221 -0.005049 -0.004299
0.010886 0.003321 0.000710
-0.008559 0.003220 -0.004793
0.009971 0.004203 -0.000387
0.002011 0.006409 -0.009595
0.006322 0.001478 -0.000273
-0.001894 -0.004991 0.000032
-0.003440 -0.001248 -0.004815
-0.005181 0.005484 -0.000560
-0.007806 0.000603 -0.008645
0.005054 -0.000704 -0.003026
-0.003067 -0.002108 0.003879
-0.006065 -0.003097 0.003024
-0.000970 -0.005233 0.010079
-0.005268 0.000372 -0.001574
0.004014 0.001147 -0.005748
0.002466 -0.001413 0.001052
0.010799 0.003116 0.001436
-0.003625 -0.002701 0.003826
0.056795 0.002400 -0.037820
0.000783 0.045755 -0.043559
0.011720 0.006336 -0.008821
-0.006395 0.000964 -0.010742
-0.005775 -0.001760 -0.004450
-0.008200 0.008133 0.001467
-0.025678 0.000669 -0.025989
0.005239 -0.000836 -0.003120
-0.004475 -0.005009 0.004609
-0.005802 -0.003035 0.001988
-0.001560 -0.005560 0.009342
-0.005653 0.000032 -0.000265
0.004033 0.001664 -0.004542
0.006885 -0.004034 -0.004448
0.011206 0.000897 0.003092
-0.005106 -0.001268 0.000874
0.010297 0.003725 -0.000219
0.002140 -0.000640 -0.003360
0.011658 0.002708 -0.006091
-0.001099 -0.003535 -0.001166
-0.004254 -0.002264 -0.003266
-0.006044 0.006327 0.000467
-0.008494 0.000401 -0.008348
0.004850 -0.001155 -0.005446
-0.003234 -0.002576 0.004204
-0.006619 -0.001728 0.005614
-0.004590 -0.010570 0.003997
-0.006233 -0.016037 -0.018661
0.001063 -0.002780 -0.015300
0.002437 -0.000480 0.002114
0.010912 0.003025 0.001227
-0.003966 -0.000142 0.004029
0.008931 0.004641 -0.000365
0.002611 0.000881 -0.003417
0.011603 -0.001575 -0.008617
-0.001664 -0.001566 -0.000422
-0.005541 -0.002586 -0.004351
-0.005241 0.005728 0.001510
-0.009060 0.000658 -0.008154
0.005197 -0.001365 -0.003063
-0.003671 -0.002120 0.005620
-0.005834 -0.003359 0.002494
-0.000745 -0.005248 0.009937
-0.005891 0.000466 0.000435
0.004031 0.001503 -0.005940
0.001640 -0.000239 0.001825
-0.012427 -0.001480 0.001911
0.004822 -0.003238 0.000875
-0.003015 0.000633 0.000928
-0.004593 0.003967 0.002559
-0.003241 0.006284 -0.000327
0.005702 -0.000639 -0.000770
0.005062 -0.000604 -0.003442
0.002776 0.001012 0.000963
0.010368 0.005504 0.002230
-0.000566 -0.006109 -0.005089
0.001838 0.002847 0.005524
-0.021549 -0.005364 -0.004292
0.002954 0.005668 0.011490
0.002755 -0.011730 -0.014536
0.018165 0.000048 0.007646
-0.006620 0.000523 0.007925
-0.012611 -0.001412 0.001481
0.000071 -0.007883 -0.009275
-0.002730 0.001041 0.003301
-0.002563 0.002651 0.004570
-0.003012 0.006126 -0.002017
0.005591 -0.002925 0.001896
0.003642 -0.000733 -0.000645
0.001523 0.001200 0.001842
0.010026 0.005326 0.001823
-0.001941 -0.006006 -0.005919
0.001958 0.002900 0.007487
-0.027112 -0.001381 -0.010058
0.002342 0.004903 0.010925
0.002931 -0.007444 -0.013543
0.017301 0.000800 -0.000563
-0.005840 0.000097 0.007432
-0.032514 -0.001337 -0.017955
0.004585 -0.002787 0.002325
-0.002755 0.001464 -0.029474
-0.003201 0.003464 0.003944
-0.001172 0.008441 -0.002991
0.006236 -0.000330 -0.000770
0.005373 -0.001151 -0.003562
-0.001079 -0.002265 -0.005275
-0.029544 0.005513 -0.026571
-0.000154 -0.008634 -0.008056
0.002018 0.002793 0.005590
-0.026450 -0.002039 -0.009368
-0.002232 0.010166 0.001412
0.003388 -0.003233 -0.015419
0.018266 0.002725 0.006087
0.035446 0.000256 -0.024110
-0.012220 -0.001481 0.001481
0.004664 -0.002965 0.000486
-0.002476 0.000435 0.001166
-0.004698 0.002331 0.003611
-0.003269 0.006373 -0.002117
0.006069 0.000105 -0.001138
0.004503 -0.000689 -0.004472
0.003257 0.000105 -0.000079
0.010563 0.005510 0.001396
-0.001011 -0.006102 -0.006943
0.002548 0.003613 0.005227
-0.022274 -0.004558 -0.005235
0.002203 0.002923 0.011978
-0.001730 -0.008639 -0.007353
0.017533 0.001367 0.003671
-0.006635 0.000306 0.007043
-0.012911 -0.001547 0.001377
0.005022 -0.004117 0.001365
-0.002652 0.001257 0.003325
-0.004468 0.003670 0.002648
-0.004898 0.006019 -0.001057
0.005725 -0.007271 -0.007561
0.004840 -0.001173 -0.005063
0.003286 0.000738 -0.000382
0.010144 0.005844 0.001962
-0.000596 -0.005674 -0.006772
0.002083 0.002936 0.006111
-0.022593 -0.004984 -0.004080
0.002170 0.004830 0.011073
-0.001841 -0.007781 -0.008438
0.017743 0.000771 -0.000124
-0.005948 0.000448 0.007294
-0.012928 -0.001574 0.003063
0.008380 0.001455 -0.007306
-0.002835 0.001183 0.001908
0.000025 0.006955 -0.002926
-0.003750 0.006116 -0.002057
0.003140 -0.033313 -0.026696
-0.025328 -0.001424 -0.029126
-0.000408 -0.001988 -0.005053
0.009856 0.005626 0.002694
-0.000270 -0.006084 -0.005958
0.003411 0.002714 0.010984
-0.023509 -0.005338 -0.003171
0.002195 0.004818 0.012918
-0.000078 -0.007441 -0.010462
0.017873 0.000538 -0.000545
-0.007482 -0.000570 0.008989
0.002691 -0.001338 -0.012431
0.004735 -0.002626 0.000165
-0.004235 -0.000130 -0.025681
-0.001075 0.008037 -0.002620
-0.003367 0.006428 -0.001499
0.006438 -0.000547 -0.000218
0.004748 -0.000657 -0.004613
0.001904 0.001548 0.001256
0.009216 0.005677 0.004660
-0.000734 -0.005809 -0.006354
0.002306 0.002722 0.005669
-0.024226 -0.005030 -0.002627
0.006398 0.001324 0.003011
-0.001254 -0.006575 -0.007630
0.017327 0.001405 0.003035
-0.005149 0.000711 0.011781
-0.012875 -0.000866 0.002775
0.004176 -0.001643 0.001713
-0.002765 0.001577 0.001799
-0.005160 0.002541 0.003526
-0.002812 0.006422 -0.000776
0.006388 -0.000797 -0.000851
0.005033 -0.000993 -0.004031
0.003364 0.001438 0.000625
0.010075 0.005408 0.002521
-0.001116 -0.005868 -0.006708
0.002209 0.002924 0.004999
-0.021933 -0.004048 -0.005134
0.003033 0.004712 0.010998
-0.000842 -0.007003 -0.009545
0.017874 0.000817 -0.000287
-0.007146 0.000621 0.008553
