2176.0000 0.05 1
1.875
3.75
6.25
6.25
7.5
16.25
8.75
7.5
17.5
15
14.375
16.25
25
16.25
6.25
31.25
23.125
18.125
30
8.75
10
13.125
10
10
16.25
20
25
30
37.5
19.375
25
26.25
13.75
26.875
21.875
28.125
21.25
41.25
44.375
30.625
37.5
55
48.75
45.625
41.875
67.5
54.375
49.375
84.375
92.5
98.75
125.625
136.25
135
138.125
155
180.625
151.875
157.5
201.25
176.25
176.25
232.5
251.25
268.125
236.875
236.25
279.375
293.75
310
296.25
322.5
301.25
311.25
325
339.375
340
361.25
317.5
353.125
372.5
365
329.375
362.5
333.125
380
311.25
295
303.125
286.25
273.75
253.125
233.75
248.125
253.75
298.125
205.625
251.25
311.25
295
316.875
310
310.625
299.375
248.75
293.125
309.375
297.5
326.25
273.75
281.25
302.5
271.875
321.875
290.625
315.625
247.5
300
350.625
320
315
315.625
328.75
363.125
341.25
380.625
401.25
378.75
389.375
394.375
395.625
430.625
449.375
472.5
450.625
442.5
451.875
440.625
445
418.75
405
428.125
383.75
356.25
318.75
353.125
326.25
311.25
316.875
328.125
307.5
274.375
216.25
256.25
248.75
302.5
279.375
248.125
272.5
226.25
318.125
286.25
325
306.875
303.125
290
286.25
295.625
348.75
291.875
326.25
351.25
371.875
355
261.25
286.875
214.375
288.125
346.25
263.125
268.125
264.375
257.5
238.75
243.75
251.25
264.375
326.875
239.375
226.25
238.125
225.625
179.375
248.75
253.75
281.25
255
305.625
254.375
266.25
256.875
205.625
204.375
268.125
255
326.25
344.375
343.125
354.375
276.25
367.5
293.125
513.75
535.625
508.75
425
366.25
259.375
235.625
205.625
165.625
114.375
64.375
31.25
11.25
3.75
1.25
4.375
1.25
0
0
0
0
0
0
0
0
0
0
2.5
0
