0.011450 0.004516 0.001678
-0.005458 -0.002111 0.001369
0.008787 0.004560 -0.000277
0.002057 0.000682 -0.001962
0.008399 0.001675 -0.002531
-0.001216 -0.003445 -0.000609
-0.004693 -0.002243 -0.004781
-0.005233 0.005481 0.000324
-0.008295 0.000610 -0.007691
0.005142 0.002103 -0.003018
-0.002410 -0.002668 0.004658
-0.006587 -0.000337 0.002019
-0.005134 -0.014742 0.005112
-0.006884 -0.031186 -0.000667
0.004969 0.002357 -0.005463
-0.001852 -0.006952 0.004700
0.010744 0.002430 -0.000047
-0.000784 -0.011633 0.005761
0.011503 0.000505 0.001804
0.003167 -0.033576 -0.049210
0.012957 -0.006992 -0.007335
0.043738 -0.038953 -0.000964
0.010290 -0.016821 -0.003726
-0.009366 0.000212 -0.003144
-0.008302 0.008455 -0.007656
0.004861 -0.001947 -0.002212
-0.000248 -0.007544 0.008429
-0.006194 -0.002633 0.003276
-0.001660 -0.005826 0.009282
-0.005760 -0.000073 -0.000635
0.006630 0.001915 -0.004395
0.002815 -0.000967 0.000099
0.009549 -0.032141 0.048713
-0.005449 -0.002389 0.001454
0.011816 0.004840 0.000947
0.002664 0.000718 -0.002656
0.008201 0.003594 -0.002661
-0.001615 -0.002549 -0.000468
-0.004731 -0.001512 -0.004676
-0.006516 0.005345 0.000236
-0.008531 0.000425 -0.007648
0.005305 0.006307 -0.001838
-0.003393 -0.003084 0.004382
-0.005741 -0.027446 -0.032032
0.001424 -0.013734 0.013228
-0.004243 -0.028079 0.000953
-0.033974 -0.034347 -0.003286
0.000799 -0.000032 0.000625
0.011753 0.001605 0.000496
-0.005430 -0.002662 0.001224
0.010944 0.003927 0.000085
0.002023 0.001339 -0.002669
0.008434 0.001767 -0.002857
-0.001125 -0.003327 -0.000431
-0.004691 -0.002437 -0.004642
-0.004242 0.006428 0.000595
-0.009152 0.000125 -0.008346
0.005153 0.002631 -0.003006
-0.004525 -0.001574 0.004661
-0.006815 -0.006701 -0.000784
-0.001592 -0.004770 0.008389
-0.005290 -0.000944 -0.000021
0.005569 0.001303 -0.005809
0.003072 -0.000821 -0.000641
0.011333 0.002594 0.000209
-0.009739 -0.009909 -0.002409
0.010582 0.004184 -0.000023
0.002236 0.002714 -0.003091
0.004353 -0.005627 0.000495
-0.000950 -0.002352 0.000106
-0.019293 -0.016081 -0.005524
-0.003821 0.007515 -0.000681
-0.008620 0.004546 -0.007638
0.005885 -0.001881 -0.002283
-0.004853 -0.000163 0.005924
-0.005790 -0.002496 0.003634
-0.001663 -0.005814 0.009629
-0.005645 0.001184 -0.000554
0.004404 0.001767 -0.005360
0.002434 -0.001841 0.000747
0.010375 0.003062 0.000221
-0.005551 -0.000574 0.002613
0.010602 0.005104 -0.000136
0.001934 0.000986 -0.004386
0.008326 0.003098 -0.004693
-0.002879 -0.002951 -0.000844
-0.003961 -0.002999 -0.004905
-0.008582 0.000323 0.004262
-0.008481 -0.000250 -0.007729
0.005155 -0.001683 -0.002512
0.000253 -0.007994 0.000327
-0.006165 -0.002585 0.003488
-0.001380 -0.004620 0.009509
-0.005614 -0.000155 -0.000762
0.004577 0.002321 -0.005331
-0.001616 -0.007154 0.003134
0.010768 0.002377 0.001678
-0.005580 -0.000001 0.001346
0.010233 0.004101 -0.000134
0.002356 0.000943 -0.002220
0.008338 0.001396 -0.003187
-0.001665 -0.002769 -0.000165
-0.004710 -0.001433 -0.004856
-0.004392 0.006429 -0.000010
-0.008503 0.000507 -0.007215
0.005190 0.005214 -0.004076
-0.004240 -0.002172 0.004205
-0.006789 -0.002300 0.001529
-0.001453 -0.004866 0.010513
-0.006019 -0.001016 0.000020
0.005863 0.000952 -0.005375
0.002677 -0.001522 0.000415
0.010613 0.002672 -0.000008
-0.005356 -0.000830 0.000384
0.009546 0.003894 -0.000431
0.002798 -0.003125 -0.006430
0.008910 0.002832 -0.001378
-0.003409 -0.003049 -0.000586
-0.005101 -0.003004 -0.004994
-0.003492 0.007954 0.001548
-0.008514 0.001292 -0.007883
0.005173 -0.001589 -0.002572
-0.004650 0.000179 0.003056
-0.006057 -0.001864 0.003145
-0.001671 -0.006434 0.009497
-0.005729 0.000967 -0.000400
0.004430 0.001445 -0.005259
0.000837 0.000515 -0.000512
-0.012401 -0.001231 0.003156
0.004580 -0.002414 0.001805
-0.002805 -0.003192 0.002693
-0.002787 0.006377 0.002796
-0.004159 0.007570 -0.000532
0.005613 -0.000560 -0.001582
0.005062 -0.001170 -0.003743
0.003959 0.001439 -0.000334
0.009713 0.005799 0.002142
-0.000430 -0.005040 -0.007539
-0.020208 -0.021136 0.005694
-0.022326 -0.004145 -0.004934
0.003004 0.007177 0.011665
-0.004039 -0.016562 -0.004934
0.018301 -0.017135 0.017030
-0.006095 0.001586 0.007695
-0.010891 -0.001472 0.001841
-0.021437 -0.012578 0.000161
-0.002709 -0.000194 0.001728
-0.004359 0.004660 0.003522
0.001867 -0.000108 -0.002162
0.004361 -0.011639 0.017933
0.003501 -0.003891 -0.002563
0.006000 -0.004556 0.002932
0.008739 0.005900 0.002424
-0.001050 -0.006429 -0.006341
0.002327 0.002693 0.004808
-0.025924 -0.008392 -0.010040
0.000810 0.005201 0.011722
-0.000491 -0.006308 -0.009381
0.017884 -0.000177 0.000402
-0.004790 0.000217 0.007998
-0.012792 0.001880 0.003163
0.005981 -0.001907 0.002127
-0.001845 0.492244 0.011544
0.000299 -0.000630 -0.001253
0.000569 0.000621 0.003422
0.006149 -0.001090 -0.002101
0.003689 -0.000780 -0.004988
0.007308 -0.004324 0.003455
0.011955 0.002206 0.000372
-0.004685 -0.010885 -0.009884
0.022777 -0.018567 0.005292
-0.021905 -0.003292 -0.004367
0.020974 -0.002049 0.013675
0.002138 -0.015847 -0.013962
0.017377 -0.017321 -0.017419
-0.007694 -0.003799 0.006309
-0.012627 -0.000406 0.002311
0.004960 -0.002872 0.001127
-0.002513 0.011259 0.003827
-0.004643 0.003872 0.002741
-0.003655 0.007301 -0.002874
0.005790 -0.000854 -0.002480
0.003968 -0.000996 -0.004553
0.002715 0.000632 -0.000678
0.009945 0.004536 0.001964
-0.000249 -0.004576 -0.004411
0.001877 0.000960 0.005100
-0.024152 -0.001686 -0.003828
0.001862 0.004031 0.011084
-0.000622 -0.006752 -0.008463
0.018729 -0.017537 -0.016698
-0.005844 -0.000781 0.007580
-0.013727 -0.000927 0.003523
0.004533 0.000363 0.000835
-0.002834 -0.000238 0.002577
-0.004420 0.003821 0.002590
-0.003298 0.006193 -0.001101
0.005745 0.000813 -0.000225
0.004352 -0.000093 -0.004369
0.004786 0.002114 -0.001832
0.010549 0.006056 0.001985
-0.006391 -0.011624 -0.005459
0.002354 0.002049 0.005482
-0.023249 -0.003101 -0.005389
0.001789 0.005136 0.011699
-0.000568 -0.008571 -0.009461
0.017761 0.011115 0.000305
-0.006587 0.000327 0.008133
-0.011149 -0.001318 0.003936
0.006128 -0.002579 0.001107
-0.002534 -0.000290 0.002780
-0.000020 -0.001394 0.000114
-0.004464 0.006753 -0.001486
0.006263 -0.000774 -0.000175
0.004495 0.000245 -0.004218
0.002769 0.001196 -0.001844
0.010004 0.005586 0.001757
0.000704 -0.005734 -0.006411
0.001937 0.002779 0.005375
-0.022418 -0.003128 -0.004477
0.001351 0.005436 0.011554
-0.000330 -0.008097 -0.009265
0.017712 0.002002 0.000010
-0.006179 0.000185 0.007712
-0.012917 -0.002005 0.002939
0.005805 -0.002066 0.001228
-0.002726 -0.000547 0.002211
-0.004547 0.004906 0.003131
0.000009 0.001109 -0.005159
0.006018 -0.000510 -0.001931
0.004407 -0.000643 -0.004693
0.003338 0.001237 -0.001072
0.009736 0.006755 0.001906
-0.003474 -0.010537 -0.002296
0.002157 0.001318 0.005467
-0.025505 -0.008497 -0.008175
0.001359 0.004963 0.011392
-0.000175 -0.006986 -0.009984
0.017439 -0.022380 0.021698
-0.005720 0.001755 0.007229
-0.013740 -0.001243 0.002152
0.005916 -0.002951 0.000802
-0.003174 -0.000010 0.002068
-0.002736 0.006266 0.003930
-0.004884 0.006498 -0.001605
0.005674 -0.004058 0.001664
0.004477 -0.001725 -0.004519
0.003427 0.000522 -0.001022
0.009550 0.005555 0.001629
0.000203 -0.005581 -0.006126
0.002440 0.001681 0.005552
-0.022150 -0.004154 -0.004786
0.002738 0.004966 0.011067
0.000270 -0.007940 -0.010148
0.017582 0.000237 0.000076
-0.005854 0.000271 0.007639
