2176.0000 0.05 1
1.11111
4.44444
11.1111
2.22222
11.1111
4.44444
13.3333
11.1111
20
11.1111
6.66667
11.1111
24.4444
23.3333
17.7778
23.3333
26.6667
18.8889
13.3333
34.4444
16.6667
11.1111
2.22222
10
14.4444
16.6667
34.4444
37.7778
25.5556
40
11.1111
26.6667
17.7778
31.1111
24.4444
32.2222
26.6667
27.7778
40
24.4444
32.2222
46.6667
36.6667
47.7778
70
55.5556
56.6667
41.1111
80
108.889
93.3333
126.667
127.778
141.111
146.667
146.667
161.111
190
192.222
200
216.667
267.778
192.222
230
234.444
286.667
237.778
278.889
253.333
263.333
288.889
301.111
317.778
337.778
318.889
352.222
282.222
350
302.222
311.111
297.778
298.889
291.111
277.778
314.444
273.333
248.889
285.556
292.222
295.556
313.333
320
321.111
307.778
337.778
316.667
316.667
293.333
292.222
296.667
306.667
291.111
332.222
360
315.556
357.778
377.778
363.333
346.667
350
343.333
293.333
253.333
213.333
180
157.778
186.667
243.333
262.222
333.333
350
401.111
420
395.556
428.889
407.778
450
402.222
382.222
356.667
346.667
371.111
343.333
400
380
376.667
385.556
430
406.667
456.667
406.667
407.778
411.111
354.444
362.222
376.667
366.667
376.667
437.778
411.111
414.444
432.222
407.778
343.333
345.556
324.444
351.111
312.222
331.111
253.333
283.333
265.556
271.111
254.444
244.444
224.444
276.667
208.889
243.333
215.556
232.222
261.111
221.111
244.444
232.222
214.444
211.111
225.556
178.889
205.556
172.222
200
173.333
175.556
255.556
237.778
233.333
208.889
216.667
168.889
176.667
196.667
262.222
241.111
222.222
273.333
238.889
227.778
257.778
347.778
344.444
315.556
305.556
330
308.889
330
382.222
416.667
425.556
428.889
450
428.889
510
475.556
503.333
474.444
428.889
356.667
308.889
224.444
117.778
11.1111
1.11111
0
0
0
0
0
0
0
0
0
0
0
0
0
0
0
0
0
0
0
0
0
0
6.66667
0
2.22222
0
2.22222
0
4.44444
0
4.44444
3.33333
2.22222
0
4.44444
4.44444
2.22222
4.44444
2.22222
2.22222
2.22222
2.22222
1.11111
2.22222
0
2.22222
0
0
2.22222
0
