-0.000112 0.011930 0.012171
-0.008506 0.001190 0.000858
-0.000677 0.019133 0.004993
0.012800 0.007906 -0.002687
-0.001917 0.014739 -0.005913
-0.008778 0.000372 -0.002222
-0.000582 0.004235 0.004441
0.000490 -0.015763 -0.002458
-0.003538 -0.011891 -0.001142
-0.010711 -0.004341 -0.001810
0.010050 -0.006342 0.000790
-0.009544 -0.005959 -0.003231
0.003991 -0.007869 0.003552
0.006162 -0.018801 -0.000438
-0.004395 0.000801 0.002266
0.012873 -0.009577 0.001988
-0.001110 0.010022 0.013233
-0.009005 0.004508 0.001551
-0.000527 0.019164 0.000568
0.010391 0.007856 -0.004377
-0.001337 0.017205 -0.004968
-0.010290 0.000139 -0.002379
-0.001191 0.002862 0.005394
-0.000381 -0.016227 -0.002242
-0.002951 -0.011370 -0.001634
-0.009902 -0.008977 0.002157
0.011458 -0.007263 0.000163
-0.009995 -0.006888 -0.003964
0.003929 -0.009247 0.003608
0.002104 -0.015035 -0.003879
-0.001943 -0.000632 0.001082
0.014697 -0.010836 0.002489
-0.000669 0.010743 0.011732
-0.008842 0.000619 0.001146
-0.002164 0.020597 0.001618
0.010977 0.008393 -0.007036
-0.001599 0.014817 -0.007027
-0.007659 0.001252 -0.002665
-0.000022 0.002357 0.004260
-0.001062 -0.014217 -0.002362
-0.001348 -0.015009 -0.000796
-0.009798 -0.009490 -0.007641
0.010591 -0.019331 0.000552
-0.011382 -0.004822 -0.003192
0.003971 -0.006415 0.003897
0.003617 -0.017486 0.002588
0.009429 -0.018539 0.001128
0.014125 -0.010814 0.002922
-0.000640 0.010546 0.012499
-0.008251 0.002769 0.001788
-0.001445 0.018199 -0.000321
0.010892 0.009762 -0.005273
-0.000686 0.016046 -0.005214
-0.009859 0.000985 -0.005711
0.034392 -0.017782 -0.040475
0.000503 -0.015591 -0.002847
-0.004832 -0.016222 -0.006754
-0.011115 -0.004546 -0.002175
0.012166 -0.006550 -0.000185
-0.008553 -0.008779 -0.001987
0.000066 -0.010789 0.004134
0.004418 -0.015460 -0.000682
-0.014278 -0.017686 0.002111
0.015342 -0.009422 0.002527
0.000023 0.011427 0.011658
-0.008948 0.001617 0.000327
-0.002285 0.018480 0.001289
0.010561 0.010085 -0.003725
-0.002486 0.015229 -0.006459
-0.010900 0.001263 -0.001983
0.000189 0.001879 0.005042
0.000074 -0.015954 -0.002886
-0.004790 -0.010292 -0.000768
-0.015005 -0.013932 -0.001904
0.009738 -0.006518 0.000481
-0.010925 -0.004596 -0.003645
0.010169 -0.017007 0.003727
0.005352 -0.014662 -0.000748
-0.004082 0.000224 0.001407
0.013575 -0.008911 0.003642
-0.000645 0.011943 0.012707
-0.010579 0.003458 -0.000925
-0.003005 0.020320 0.002725
0.014060 0.007722 -0.002623
-0.001242 0.015757 -0.005309
-0.008461 0.002283 -0.004900
0.001819 0.003946 0.003323
0.001191 -0.015356 -0.002013
-0.002257 -0.011023 -0.001521
-0.011431 -0.005681 -0.002721
0.011267 -0.006718 0.000260
-0.008956 -0.006574 -0.003580
0.004907 -0.018120 0.003106
0.003924 -0.017240 0.000582
-0.003006 0.001862 0.007714
0.013948 -0.013875 0.002911
0.000818 -0.063324 0.090824
-0.019147 0.003364 0.009881
0.001387 0.013028 0.002715
0.011591 0.007104 -0.001968
0.034700 -0.008739 0.044418
-0.011822 -0.005007 -0.005860
-0.000935 0.004010 0.004465
0.002538 -0.052696 -0.006836
-0.004174 -0.021974 -0.001001
-0.011469 -0.004455 -0.001272
0.012402 -0.016487 0.000481
-0.007907 -0.004624 -0.002916
0.005269 -0.007502 0.003623
0.002131 -0.015585 -0.001927
-0.003536 0.000702 -0.002266
0.043408 -0.016063 0.002497
-0.001012 0.011471 0.012733
-0.012731 -0.004733 -0.000397
-0.000254 0.019132 0.000783
0.014976 0.001827 -0.004124
-0.000669 0.016637 -0.005466
-0.009458 0.000592 -0.003066
0.000078 0.003741 0.003680
0.001395 -0.015231 -0.003513
-0.006358 -0.014609 0.003701
-0.011424 -0.015206 -0.001650
0.011639 -0.006784 0.001206
-0.008911 -0.009435 -0.004131
0.000969 -0.010943 0.002800
0.001036 -0.018395 -0.001016
-0.004414 -0.000784 0.001323
0.016366 -0.010127 0.002679
-0.001414 0.002843 -0.004485
0.006231 0.008462 -0.002000
-0.012119 0.011029 0.001457
0.008337 0.023692 -0.001815
0.000515 -0.003712 0.000270
0.001284 0.004461 -0.010355
-0.008028 -0.002207 0.000418
0.004674 0.006558 -0.000697
0.000015 0.007893 -0.001608
0.017633 -0.010665 0.003280
-0.008378 0.010472 0.002107
-0.005577 -0.002132 -0.000327
0.011776 -0.004795 -0.000097
-0.003326 -0.006133 0.004253
0.010528 -0.010303 0.003158
-0.016167 -0.011153 0.001462
-0.000711 0.003968 -0.003825
0.008161 0.007866 -0.001571
-0.011566 0.010455 0.000885
0.006866 0.022273 -0.001831
-0.000484 -0.001993 -0.001284
0.002252 0.004812 -0.009379
-0.008523 -0.002747 0.000627
0.004147 0.005077 0.004879
-0.001207 0.007617 -0.001811
0.018205 -0.011656 0.003183
-0.008576 0.008751 0.002878
-0.004276 0.000582 0.000116
0.011686 -0.006210 -0.000190
-0.003850 -0.005906 0.004425
0.009957 -0.008850 0.002503
-0.018196 -0.009658 0.001205
0.004259 -0.002962 -0.005575
0.007634 0.008600 -0.002451
-0.007985 0.011278 0.003385
0.005310 0.023470 -0.001916
0.004029 -0.008861 0.001019
0.001973 0.004542 -0.009905
-0.008101 0.000490 -0.000684
0.001251 -0.007142 -0.019502
-0.001764 0.007705 -0.001811
0.018229 -0.008863 0.003103
0.002085 -0.012077 0.001530
-0.004504 -0.011351 -0.000325
0.011764 -0.003261 0.000257
0.040397 -0.034350 0.004828
0.010599 -0.010553 0.002231
-0.018630 -0.010016 0.001203
0.008489 0.006459 0.003639
0.006420 -0.004801 0.017015
-0.010495 0.010469 0.002485
0.006178 0.024187 -0.001403
0.001683 -0.000827 0.000602
0.001523 0.004752 -0.011663
-0.011292 -0.007580 0.002863
0.003185 0.004789 0.000125
-0.029180 -0.010185 -0.033453
0.017848 -0.012129 0.002649
-0.008862 0.012141 0.006022
-0.002393 -0.005363 0.002152
-0.041035 -0.055536 0.000348
-0.003976 -0.004903 0.002227
0.009721 -0.010408 0.001920
-0.016593 -0.009819 0.001585
0.000466 0.003315 -0.005009
0.008061 0.007826 -0.002534
-0.009639 0.010041 0.002635
0.007460 0.022557 -0.001381
-0.001091 -0.002484 -0.001789
0.001496 0.002486 -0.010774
-0.007961 -0.001922 0.000740
0.002644 0.006043 0.000614
0.000382 0.007383 -0.002345
0.017828 -0.011910 0.002834
-0.007887 0.009550 0.001918
-0.005088 -0.000248 0.000126
0.011605 -0.005245 0.000111
-0.004188 -0.006383 0.004829
0.011253 -0.009018 0.001869
-0.017392 -0.011146 0.000994
-0.000334 0.003345 -0.005117
0.008693 0.009337 -0.002072
-0.009121 0.012018 0.004736
0.007139 0.023328 -0.001283
-0.000236 -0.002625 -0.000451
0.000686 0.004755 -0.010737
-0.010403 -0.000035 0.002051
0.003007 0.005139 -0.001651
-0.000487 0.008058 -0.002199
0.016401 -0.011826 0.003806
-0.011533 0.009546 0.001274
-0.004255 0.000466 -0.000038
0.012824 -0.005484 -0.001337
-0.004162 -0.005347 0.004988
0.009858 -0.010487 0.001600
-0.017853 -0.014062 0.001177
-0.000665 0.007518 -0.004451
0.007328 0.009260 -0.002948
-0.012529 0.005095 0.005541
0.007395 0.022938 -0.003082
-0.000024 0.000458 -0.000406
0.000811 0.003226 -0.009890
-0.016377 0.000793 -0.006964
0.003084 0.005534 0.000733
0.000239 0.006387 -0.000447
0.008602 -0.034924 0.000030
-0.019706 -0.003719 0.001846
-0.009676 -0.007850 -0.000276
0.012170 -0.005026 0.001391
-0.003416 -0.003216 0.004081
0.010979 0.553845 -0.015505
-0.047900 -0.014010 0.000514
0.001064 0.005580 -0.005744
0.007665 0.008208 -0.006594
-0.011599 0.010711 0.006754
-0.022398 0.000639 0.034271
0.007967 0.001104 -0.008040
0.002966 -0.067641 -0.076511
-0.007834 -0.000178 -0.000249
0.002266 0.005740 -0.001214
-0.001010 0.008896 -0.002401
0.018199 -0.011876 0.003513
-0.008219 0.010704 -0.001340
-0.001932 -0.003778 -0.002910
0.011468 -0.005374 0.000687
-0.003602 -0.004986 0.006305
0.008614 -0.009881 0.002602
-0.015851 -0.010850 0.000668
