2176.0000 0.05 1
1.875
3.75
6.25
6.25
7.5
16.25
8.75
6.25
17.5
16.25
14.375
16.25
25
16.25
6.25
31.25
23.125
18.125
28.75
10
10
13.125
10
10
16.25
20
25
30
37.5
19.375
23.75
27.5
13.75
26.875
21.875
28.125
21.25
41.25
44.375
30.625
37.5
55
48.75
45.625
41.875
67.5
54.375
49.375
84.375
92.5
98.75
124.375
136.875
135.625
138.75
154.375
180.625
151.875
158.75
198.75
177.5
175.625
233.125
251.25
270.625
235
235.625
280.625
292.5
311.875
294.375
321.25
301.875
313.125
323.75
339.375
338.75
363.75
314.375
353.75
370.625
368.125
328.75
361.875
330
381.25
314.375
295
303.125
286.25
272.5
255.625
231.25
250
253.125
295.625
209.375
248.75
312.5
296.875
314.375
308.75
312.5
298.125
250.625
292.5
306.875
297.5
327.5
273.125
281.875
301.25
274.375
318.75
292.5
316.25
248.125
296.875
353.75
317.5
318.125
315
328.75
360
344.375
377.5
401.25
380.625
388.125
397.5
393.75
430.625
448.75
471.875
451.875
441.875
452.5
436.875
449.375
420
404.375
426.875
384.375
358.125
315.625
354.375
326.875
309.375
315.625
331.25
305
276.875
216.25
255
248.75
303.125
278.75
249.375
270
225
320.625
288.75
326.875
303.125
303.125
290.625
286.25
295.625
348.125
292.5
325
352.5
370.625
353.125
264.375
284.375
215.625
289.375
345
265.625
264.375
268.125
260
235
245.625
250.625
261.875
328.125
236.875
228.125
237.5
224.375
184.375
245
255
281.25
254.375
308.125
254.375
264.375
256.875
203.75
206.25
268.125
255
326.25
343.125
345
355
272.5
368.75
294.375
511.25
536.875
510
426.25
362.5
263.125
233.125
203.125
166.25
125
58.125
30
11.25
3.75
1.875
3.75
1.25
0
0
0
0
0
0
0
0
0
0
2.5
0
