0.011263 0.001561 0.000801
-0.005275 -0.001010 0.001941
0.010325 0.002725 -0.000221
0.002145 0.000859 -0.002572
0.008306 0.002291 -0.002621
-0.001895 -0.003777 -0.000669
-0.004567 -0.002905 -0.005413
-0.004150 0.005926 -0.000058
-0.008546 0.001461 -0.008429
0.004875 -0.000388 -0.003401
-0.003902 -0.002415 0.004051
-0.005742 -0.002526 0.003006
-0.001977 -0.005307 0.009819
-0.005469 0.000504 -0.000345
0.006508 0.000782 -0.004628
0.002479 -0.001695 0.000004
0.010575 0.002683 0.000191
-0.005523 -0.002265 0.000914
0.009797 0.004168 0.000980
0.001787 0.000686 -0.002650
0.008457 0.002827 -0.001997
-0.001396 -0.004253 -0.001569
-0.005559 -0.001803 -0.004357
-0.004511 0.007592 -0.001947
-0.008829 0.000895 -0.010500
0.005008 -0.000881 -0.002484
-0.002742 -0.002378 0.002991
-0.005569 -0.002427 0.002937
0.003262 -0.009701 0.020095
-0.006955 0.001365 -0.003332
0.005094 0.000846 -0.005313
0.003429 -0.001392 0.031382
0.011034 0.002703 0.000960
-0.004965 -0.001386 0.000216
0.006626 0.000354 0.008988
-0.016961 0.000455 0.016134
0.009926 0.002156 -0.003291
0.000623 -0.003678 -0.000045
-0.004395 -0.002616 -0.005106
-0.007680 0.005250 0.003013
-0.008444 0.001066 -0.008644
0.008669 -0.003849 0.001813
-0.003561 -0.002516 0.004371
0.007121 -0.002690 0.017967
-0.001612 -0.005131 0.010923
-0.007895 0.002065 -0.003033
0.004891 0.001727 -0.006412
0.002712 -0.001859 0.000200
0.009522 0.003446 0.001476
-0.005417 -0.001453 0.001728
0.010588 0.005807 -0.000373
0.002567 0.000812 -0.002312
0.008525 0.002621 -0.002537
-0.001824 -0.003619 -0.000961
-0.004732 -0.003157 -0.005665
-0.003760 0.005677 -0.000217
-0.008641 0.001978 -0.008696
0.005036 -0.000992 -0.002352
-0.003746 -0.002355 0.003472
-0.006880 -0.002200 0.003419
-0.002155 -0.005975 0.009580
-0.004594 0.002167 -0.001436
0.005187 0.001164 -0.005507
0.002353 -0.001474 0.001553
0.010761 0.002056 -0.000385
-0.001117 -0.005279 0.009929
0.010593 0.004064 0.000583
0.002201 0.000573 -0.002156
0.008536 0.002603 -0.003264
-0.001562 -0.001977 -0.001703
-0.005013 -0.002442 -0.007074
-0.004130 0.004323 -0.002007
-0.009109 0.000968 -0.007468
0.006600 -0.000022 -0.004340
-0.004756 -0.002897 0.004936
-0.006102 -0.002444 0.002888
-0.001533 -0.006781 0.009007
-0.005485 0.000385 -0.000508
0.004303 0.001125 -0.005765
0.002410 -0.002045 0.001282
0.010851 0.002255 0.001530
-0.005068 0.000089 0.000771
0.010290 0.003890 -0.001221
0.002352 0.000140 -0.002729
0.008520 0.002680 -0.004009
0.002383 -0.007744 0.004396
-0.004413 -0.001781 -0.004608
-0.007433 0.009911 0.004763
-0.009609 -0.047530 0.025871
0.004802 0.000122 -0.003636
0.025797 -0.002475 0.029248
-0.006024 -0.002870 0.002467
-0.005805 -0.001952 0.017422
-0.010121 -0.003520 0.005139
0.004957 0.001319 -0.006431
0.001128 -0.002088 0.026931
0.010121 0.001652 0.001019
-0.005025 -0.001041 0.002605
0.014169 0.008311 0.009363
0.022438 -0.000392 0.018309
0.007024 0.003157 -0.002746
0.002112 -0.002903 0.003223
-0.004348 -0.003383 -0.004637
-0.005797 0.005922 0.000483
-0.008140 0.001675 -0.007327
0.006703 0.000065 -0.004962
-0.004722 -0.002385 0.003728
-0.021461 -0.002430 0.018523
-0.002303 -0.005208 0.008374
-0.009389 -0.002184 0.004358
-0.027954 0.000462 0.017688
0.002560 -0.001928 0.001575
0.010893 0.002181 -0.002691
-0.009156 0.002811 0.010715
0.009088 0.005077 0.000035
0.003226 -0.000290 -0.003275
0.009062 0.000423 -0.000998
0.001390 0.001205 0.004037
-0.001999 0.042756 0.027122
-0.007555 0.001301 0.004389
-0.008487 0.000726 -0.007252
0.008694 -0.005676 0.002485
-0.003562 -0.002479 0.004239
-0.006325 -0.002575 0.002660
-0.002395 -0.004215 0.009009
-0.005673 0.000881 -0.001249
0.004458 0.000887 -0.006018
0.002903 -0.002109 0.001240
-0.012528 0.000128 0.001925
0.004588 -0.002509 0.000894
-0.002527 0.000876 0.002639
-0.004390 0.003827 0.003703
-0.004353 0.006400 -0.002634
0.006046 -0.000926 -0.000861
0.004544 -0.000699 -0.004600
0.003318 0.000401 -0.000033
0.010023 0.005536 0.001817
-0.000284 -0.006059 -0.006175
0.002361 0.001481 0.004813
-0.022397 -0.004434 -0.004398
0.001853 0.004455 0.011361
-0.000660 -0.007417 -0.009458
0.017458 0.000167 -0.000922
-0.005613 0.001306 0.006928
-0.011768 -0.004402 0.005485
0.004870 -0.002568 0.000991
-0.002751 0.000637 0.002335
-0.004734 -0.013278 0.021043
-0.004726 0.005738 -0.000900
0.005928 -0.001366 -0.004293
0.004558 -0.001000 -0.004635
0.003228 0.000127 -0.001180
0.009850 0.005332 0.002184
-0.000270 -0.006410 -0.007716
0.002209 0.003170 0.002550
-0.022381 -0.003712 -0.003444
0.001835 0.006461 0.009571
-0.000897 -0.007842 -0.009475
0.018932 0.000242 -0.001662
-0.005951 0.000318 0.008611
-0.012824 -0.000723 0.003203
-0.024431 -0.002010 0.023781
-0.003872 0.000277 0.001061
-0.004328 0.003967 -0.009330
-0.004933 0.005971 -0.002728
0.005850 -0.001656 -0.001057
0.004902 -0.000797 -0.004618
0.002864 0.000621 0.000247
0.008141 0.005400 0.000995
-0.001443 -0.005891 -0.006034
0.001975 0.001776 0.005253
-0.024382 0.001109 -0.473605
0.008205 0.005073 0.018106
-0.001612 -0.007252 -0.010394
0.021256 0.003960 0.004389
-0.001719 0.004000 0.015068
-0.012729 -0.000491 0.002374
0.005863 -0.002800 0.002296
-0.002166 -0.000084 0.001524
-0.004382 0.003946 0.001445
-0.003540 0.006730 -0.001697
0.006464 -0.001942 -0.000897
0.004518 -0.001287 -0.004377
0.002941 0.000286 0.000187
0.009511 0.005763 0.002552
-0.000059 -0.006198 -0.006663
0.002163 0.001810 0.005063
-0.022233 -0.004074 -0.014410
0.001928 0.004108 0.011217
-0.001076 -0.007842 -0.009318
0.017445 0.000354 0.000420
-0.005662 -0.001002 0.007082
-0.012132 -0.002030 0.000513
0.004484 -0.003060 0.000963
-0.003609 0.000612 -0.000203
-0.004897 0.019901 0.020216
-0.003066 0.006564 -0.003630
0.005977 -0.001013 -0.001907
0.004254 -0.000774 -0.003752
0.003240 0.000996 -0.002412
0.009531 0.005677 0.001749
-0.000476 -0.005022 -0.007662
0.002672 0.005654 0.009338
-0.022170 -0.004337 -0.003063
0.001895 0.003595 0.009715
-0.000744 -0.007305 -0.009132
0.017430 0.000307 0.000087
-0.005904 0.000611 0.008999
-0.012724 -0.002368 0.003868
0.005909 -0.002407 0.000082
-0.003167 0.001367 0.001802
-0.003770 0.025450 0.025948
-0.004294 0.006040 -0.001752
0.005705 -0.001494 -0.008183
0.006816 0.000966 -0.002171
0.003297 -0.001931 -0.005555
0.010010 0.005135 0.001709
-0.005150 -0.010430 -0.000831
0.003338 0.022160 0.013903
-0.022573 -0.004636 -0.002697
0.004762 0.008506 0.015841
-0.002554 -0.005506 -0.005179
0.021284 0.005254 0.005096
-0.005575 -0.000379 0.008411
-0.013020 -0.001006 0.001674
0.004202 -0.001910 -0.001043
-0.005521 0.004360 0.006109
-0.004468 0.003924 0.003858
-0.003195 0.006090 -0.001166
0.007065 -0.000399 -0.000411
0.002628 -0.001063 -0.004233
0.003489 0.000138 0.000501
0.011091 0.005903 0.001906
-0.007499 -0.005863 0.000775
0.002048 0.002410 0.004721
-0.022334 -0.004335 -0.001460
0.001797 0.004648 0.012568
0.001779 -0.008400 -0.010015
0.019596 -0.000642 -0.002976
-0.010269 -0.003835 0.017255
-0.012368 -0.018683 0.010191
0.006741 -0.003372 -0.000075
-0.005802 0.006083 0.006855
-0.004361 -0.017973 0.026303
0.028264 0.007012 0.017500
0.005915 -0.001364 -0.000028
0.004372 -0.000304 -0.005381
0.003134 0.002711 -0.005843
0.008612 0.002897 0.005008
-0.004756 -0.002765 -0.001550
0.002369 0.003828 0.006621
-0.022632 -0.003360 -0.003198
0.005918 0.000859 0.015084
0.000419 -0.006769 -0.010460
0.017757 0.000093 -0.000816
-0.005349 0.000406 0.006308
