2176.0000 0.05 1
1.11111
4.44444
11.1111
2.22222
11.1111
4.44444
13.3333
11.1111
20
11.1111
6.66667
11.1111
24.4444
23.3333
17.7778
23.3333
26.6667
18.8889
13.3333
32.2222
18.8889
8.88889
4.44444
10
14.4444
14.4444
36.6667
40
23.3333
40
11.1111
26.6667
17.7778
31.1111
24.4444
32.2222
26.6667
27.7778
40
24.4444
32.2222
46.6667
36.6667
47.7778
70
55.5556
56.6667
41.1111
80
108.889
93.3333
126.667
127.778
136.667
151.111
146.667
161.111
190
192.222
200
216.667
267.778
192.222
230
230
291.111
236.667
280
253.333
263.333
288.889
301.111
317.778
340
316.667
350
284.444
350
303.333
307.778
300
296.667
293.333
280
310
273.333
248.889
287.778
290
297.778
314.444
315.556
322.222
312.222
333.333
314.444
317.778
296.667
291.111
297.778
308.889
286.667
332.222
360
315.556
356.667
378.889
361.111
348.889
356.667
338.889
288.889
253.333
215.556
177.778
160
191.111
241.111
262.222
331.111
354.444
394.444
420
400
426.667
410
452.222
400
384.444
354.444
342.222
375.556
343.333
396.667
382.222
380
381.111
430
404.444
461.111
405.556
408.889
406.667
358.889
360
374.444
368.889
376.667
435.556
408.889
418.889
434.444
403.333
341.111
352.222
322.222
351.111
314.444
328.889
255.556
283.333
263.333
270
257.778
246.667
220
274.444
208.889
248.889
214.444
232.222
258.889
223.333
242.222
234.444
214.444
208.889
227.778
176.667
206.667
173.333
197.778
175.556
175.556
255.556
235.556
235.556
208.889
216.667
168.889
175.556
197.778
262.222
236.667
222.222
274.444
241.111
228.889
255.556
352.222
342.222
315.556
307.778
325.556
310
331.111
382.222
412.222
430
423.333
450
432.222
512.222
475.556
506.667
471.111
432.222
352.222
305.556
226.667
117.778
13.3333
1.11111
2.22222
0
0
0
0
0
0
0
0
0
0
0
0
0
0
0
0
0
0
0
0
0
4.44444
2.22222
0
2.22222
0
2.22222
0
6.66667
0
5.55556
0
0
6.66667
0
4.44444
6.66667
0
2.22222
2.22222
3.33333
0
2.22222
0
0
2.22222
0
2.22222
0
