-0.000695 0.011587 0.011984
-0.009497 0.001937 0.000844
-0.009929 0.018922 -0.000243
0.012045 0.008134 -0.002341
-0.001530 0.015585 -0.005787
-0.008332 0.000977 -0.001890
-0.001469 0.002785 0.004535
-0.000448 -0.015665 -0.003563
-0.003124 -0.012333 -0.000567
-0.008976 -0.003378 -0.001903
0.013980 -0.006131 0.000670
-0.010889 -0.005966 -0.003913
0.005272 -0.007493 0.003859
-0.022723 -0.021682 -0.000281
-0.004028 0.000798 0.001684
0.015028 -0.013575 0.003096
0.000652 0.009969 0.011864
-0.009616 0.001168 -0.000194
-0.002012 0.019664 0.000705
0.012439 0.007589 -0.001425
-0.002697 0.016320 -0.005178
-0.009567 -0.000099 -0.002581
0.000452 0.002677 0.003748
-0.001534 -0.015366 -0.002670
-0.002901 -0.011738 -0.001047
-0.012009 -0.001867 -0.001592
0.010215 -0.006449 0.000310
-0.011144 -0.006136 -0.003702
0.003843 -0.007750 0.003592
0.003368 -0.021051 -0.000056
-0.002652 0.000024 0.001472
0.001885 -0.011720 0.002661
-0.000232 0.010555 0.012052
-0.008990 0.002107 0.000305
-0.002026 0.018914 0.000832
0.003391 0.008992 -0.003415
0.000278 0.015757 -0.006077
-0.009062 0.001785 -0.001679
-0.000210 0.003523 0.004742
-0.000117 -0.015269 -0.002337
-0.003836 -0.008576 -0.001132
-0.012592 -0.001483 -0.002394
0.000983 -0.006593 0.000302
-0.008816 -0.006519 -0.003575
0.007224 -0.008942 0.003890
0.001214 -0.019962 -0.001753
-0.008822 0.010042 0.001733
0.014234 -0.010869 0.002770
-0.001395 0.010694 0.011076
-0.008397 0.002592 0.002837
-0.000419 0.019329 0.000247
0.013158 0.007001 -0.003040
-0.000339 0.016086 -0.004945
-0.018818 -0.001141 -0.004935
-0.060629 0.037611 0.076032
0.001113 -0.014000 -0.000976
-0.002832 -0.015165 -0.000962
-0.010618 -0.004847 -0.001905
0.013004 -0.007233 0.000854
-0.012919 -0.005426 -0.001985
0.003148 -0.011275 0.010407
0.002368 -0.016743 -0.000961
-0.009497 -0.011310 0.001997
0.014005 -0.011155 0.003094
-0.001673 0.012216 0.013148
-0.009597 0.000884 0.001141
-0.000410 0.018325 -0.001038
0.009876 0.008306 -0.003924
-0.001859 0.014859 -0.005279
-0.005807 -0.001640 -0.002926
0.000600 0.003931 0.003854
0.001019 -0.014654 -0.001699
-0.001235 -0.013792 -0.001833
-0.014711 -0.009999 -0.001757
0.014406 -0.005769 -0.000051
-0.007438 -0.007584 -0.003820
0.001836 -0.003259 0.003448
0.003343 -0.018995 -0.000787
-0.004653 0.000862 0.001714
0.016160 -0.013123 0.002068
0.000331 0.011378 0.011658
-0.008603 -0.000670 -0.002308
-0.001216 0.017904 0.000516
0.014468 0.009941 -0.001282
-0.000720 0.015756 -0.007344
-0.009611 0.001069 -0.002809
0.002063 0.004675 0.004008
-0.001207 -0.015289 -0.003198
-0.002112 -0.010864 -0.001140
-0.011145 -0.006172 -0.001993
0.010917 -0.006288 0.001207
-0.006859 -0.005301 -0.003824
-0.007188 -0.009049 0.003511
0.001788 -0.019062 -0.000788
-0.009026 -0.000326 0.004483
0.014221 -0.012433 0.002916
-0.000092 0.011797 0.007879
-0.016385 -0.007290 0.017530
-0.002599 0.021249 0.004253
0.013071 0.007635 -0.002525
-0.065358 0.051775 -0.078963
-0.009917 -0.002262 0.000618
-0.000991 0.003242 0.004022
-0.016125 -0.066777 -0.005014
-0.014040 -0.012097 -0.001209
-0.010959 -0.005853 -0.001842
0.001334 -0.006531 0.000239
-0.006551 -0.004685 -0.003163
0.005130 -0.007273 0.003947
0.003830 -0.020911 -0.000362
-0.010051 -0.000187 -0.001552
-0.078626 -0.038186 0.003440
-0.000576 0.011104 0.012487
-0.011955 -0.003363 0.004374
0.001755 0.020528 -0.001016
0.009887 0.011014 -0.005599
-0.001585 0.016487 -0.005446
-0.007367 0.001018 -0.003731
0.000822 0.002966 0.006406
0.001269 -0.014299 -0.003908
-0.003583 -0.016684 -0.001292
-0.023007 -0.003809 -0.001964
0.013018 -0.007192 0.000202
-0.011759 -0.005208 -0.003693
0.003993 -0.010184 -0.001210
-0.014920 -0.017097 -0.000997
-0.003855 -0.002081 0.001641
0.014298 -0.010225 0.002376
-0.000892 0.002511 -0.005083
0.007829 0.007964 -0.001837
-0.007043 0.008909 0.003077
0.007388 0.024398 -0.002052
-0.000872 -0.002219 0.000863
0.002391 0.003275 -0.010715
-0.008683 -0.001900 0.000826
0.002710 0.006611 0.001008
-0.000179 0.008470 -0.002415
0.019035 -0.012503 0.003989
-0.009345 0.009707 0.002039
-0.004169 -0.001533 0.000006
0.012064 -0.005789 -0.000066
-0.004357 -0.005573 0.004046
0.009829 -0.009405 0.002020
-0.016046 -0.011860 0.001272
0.002075 0.002054 -0.006989
0.006455 0.008688 -0.001937
-0.009413 0.009801 0.002698
0.006559 0.023345 -0.001648
0.001366 -0.003557 0.001826
0.000930 0.004797 -0.011575
-0.008200 -0.002000 0.000856
0.006725 0.006331 0.000552
-0.001614 0.007653 -0.001015
0.018960 -0.011977 0.003352
-0.006524 0.012020 0.001923
-0.003779 -0.000565 -0.000018
0.009977 -0.005101 0.000134
-0.005311 -0.007142 0.003968
0.015182 -0.008684 0.002327
-0.014577 -0.012325 0.001418
-0.001162 0.006795 -0.009454
0.008009 0.008688 -0.002936
-0.011870 0.012237 0.001092
0.007430 0.021723 -0.001872
-0.000999 0.000999 0.003969
0.001579 0.005192 -0.009175
-0.009980 -0.000695 0.001013
0.012182 0.003930 -0.000529
0.000188 0.006772 -0.002114
0.019187 -0.012160 0.002834
-0.013602 0.024943 0.002368
-0.014202 -0.001573 0.000240
0.011773 -0.004811 0.000212
-0.018225 -0.016545 0.004740
0.009725 -0.009656 0.002402
-0.015644 -0.012654 0.001638
-0.009220 0.014377 -0.022784
0.017103 0.007857 -0.001498
-0.009491 0.010801 0.003640
0.007665 0.023361 -0.000527
-0.000195 -0.000912 -0.002151
0.002213 0.004844 -0.008631
-0.010865 -0.005902 -0.002563
0.004315 0.005785 0.000447
-0.054360 -0.018381 -0.061736
0.017550 -0.012269 0.001446
-0.012931 0.010511 -0.000566
-0.006284 0.000444 -0.005517
-0.005613 -0.005011 0.000785
-0.003009 -0.005679 0.007633
0.011804 -0.010162 0.001426
-0.016489 -0.010104 0.001579
-0.001275 0.004351 -0.006030
0.008131 0.008703 -0.003215
-0.009187 0.010927 0.002250
0.006533 0.023669 -0.001610
-0.000417 -0.003471 -0.000764
0.001730 0.003736 -0.008837
-0.008983 -0.001996 -0.000287
0.002629 0.004721 -0.000742
-0.000401 0.008736 -0.001134
0.018522 -0.012693 0.002176
-0.010352 0.010032 0.002316
-0.003437 -0.001995 0.000065
0.012068 -0.006203 0.000303
-0.004530 -0.005814 0.004508
0.015421 -0.010064 0.002792
-0.031453 -0.011192 0.000968
-0.000483 0.003733 -0.005554
0.007996 0.009579 -0.002990
-0.009235 0.011605 0.002229
0.005435 0.023647 -0.001290
-0.000788 -0.003044 -0.000060
0.000767 0.003923 -0.010704
-0.007781 -0.003682 0.003992
0.002801 0.005633 -0.000118
-0.001797 0.007962 -0.002575
0.015899 -0.012590 0.002717
-0.008239 0.010045 0.001548
-0.002585 0.000368 0.000334
0.012805 -0.004275 -0.003523
-0.002849 -0.005600 0.003719
0.009373 -0.009914 0.002205
-0.017112 -0.011984 0.001197
-0.001083 0.003448 -0.004632
0.007162 0.007553 -0.002247
-0.011845 0.007896 -0.000851
0.007891 0.023735 -0.001885
-0.000979 -0.002206 -0.000625
0.000338 0.004006 -0.008816
-0.013208 -0.009993 -0.015462
0.002916 0.005848 -0.000567
-0.000348 0.008706 -0.001478
0.001756 0.028737 0.003656
-0.013572 0.002467 0.002028
-0.006823 -0.003814 -0.000564
0.012301 -0.004227 0.003997
-0.002198 -0.004651 0.005117
0.605712 -0.005759 -0.000342
-0.036081 0.013377 -0.001205
-0.000161 0.005239 -0.003183
0.010755 0.008580 -0.002050
-0.020230 0.009408 0.004668
-0.049829 -0.005826 0.063117
-0.007209 0.008997 0.017863
-0.005161 0.003811 -0.005743
-0.007721 -0.001002 -0.002329
0.002710 0.004752 -0.000041
-0.000336 0.007813 -0.003768
0.017369 -0.011903 0.004811
-0.013281 0.011122 0.005031
-0.005149 0.000083 0.002580
0.010420 -0.004912 0.000152
-0.003757 -0.005724 0.000992
0.010606 -0.010879 0.003160
-0.016241 -0.009362 0.001477
