0.00188 15.3708 0.0014
0.00152 -0.0014 -15.3722
-15.3764 -0.00188 0.00151
1 0 0
0 1 0
0 0 1
0.1254425000325341 0.1249575000260279 0.0013750000195145	Ir
0.2502349999869864 0.8742549999804794 0.3747599999869919	Ir
0.5009525000065054 0.1240774999674770 0.6247450000195087	Ir
0.3755324999804870 0.1250774999804847 0.5001650000325100	Ir
0.2497375000065034 0.1257174999869903 0.3745949999934979	Ir
0.3760049999869892 0.0000750000065040 0.3746599999869886	Ir
0.2503900000130130 0.0008800000000022 0.2485400000260185	Ir
0.3753474999934951 0.2498774999739837 0.3730550000195052	Ir
0.4996999999999971 0.0007649999869912 0.2498499999869921	Ir
0.2502725000325370 0.0002225000130167 0.0001250000325257	Ir
0.6246675000195268 0.2491225000195243 0.3746350000325194	Ir
0.3744599999739719 0.1249849999934938 0.0016199999869926	Ir
0.4990724999804783 0.3749974999739791 0.1249150000064958	Ir
0.4996525000325320 0.2498824999934968 0.0013750000065045	Ir
0.3739800000130131 0.2508499999934983 0.8759900000000016	Ir
0.6245725000325280 0.3742075000260243 0.2497749999804952	Ir
0.3754425000325341 0.3749575000260279 0.5013750000195145	Ir
0.5002349999869864 0.1242549999804794 0.8747599999869919	Ir
0.7509525000065125 0.3740775000325272 0.1247450000195158	Ir
0.6255324999804870 0.3750774999804847 0.0001650000325100	Ir
0.4997375000065034 0.3757174999869903 0.8745949999934979	Ir
0.6260049999869892 0.2500750000065040 0.8746599999869886	Ir
0.5003900000130130 0.2508800000000022 0.7485400000260185	Ir
0.6253474999934951 0.4998774999739837 0.8730550000195052	Ir
0.7496999999999971 0.2507649999869912 0.7498499999869921	Ir
0.5002725000325370 0.2502225000130167 0.5001250000325257	Ir
0.8746675000195268 0.4991225000195172 0.8746350000325194	Ir
0.6244599999739719 0.3749849999934938 0.5016199999869926	Ir
0.7490724999804783 0.6249974999739791 0.6249150000064958	Ir
0.7496524999674676 0.4998824999934897 0.5013750000064974	Ir
0.6239800000130131 0.5008499999934983 0.3759900000000016	Ir
0.8745725000325280 0.6242075000260243 0.7497749999804952	Ir
0.6254424999674768 0.1249575000260208 0.0013750000195074	Ir
0.7502349999869864 0.8742549999804794 0.3747599999869919	Ir
0.0009525000065125 0.1240775000325272 0.6247450000195158	Ir
0.8755324999804870 0.1250774999804847 0.5001650000325100	Ir
0.7497375000065034 0.1257174999869903 0.3745949999934979	Ir
0.8760049999869892 0.0000750000065040 0.3746599999869886	Ir
0.7503900000130130 0.0008800000000022 0.2485400000260185	Ir
0.8753474999934951 0.2498774999739837 0.3730550000195052	Ir
0.9996999999999971 0.0007649999869912 0.2498499999869921	Ir
0.7502725000325370 0.0002225000130167 0.0001250000325257	Ir
0.1246675000195268 0.2491225000195172 0.3746350000325194	Ir
0.8744574999804797 0.1249875000260161 0.0016149999804895	Ir
0.9990724999804783 0.3749974999739791 0.1249150000064958	Ir
0.9996525000325320 0.2498824999934968 0.0013750000065045	Ir
0.8739800000130131 0.2508499999934983 0.8759900000000016	Ir
0.1245725000325280 0.3742075000260243 0.2497749999804952	Ir
0.1254425000325341 0.6249575000260279 0.0013750000195145	Ir
0.2502349999869864 0.3742549999804794 0.3747599999869919	Ir
0.5009525000065125 0.6240775000325272 0.6247450000195158	Ir
0.3755324999804870 0.6250774999804847 0.5001650000325100	Ir
0.2497375000065034 0.6257174999869903 0.3745949999934979	Ir
0.3760049999869892 0.5000750000065040 0.3746599999869886	Ir
0.2503900000130130 0.5008800000000022 0.2485400000260185	Ir
0.3753474999934951 0.7498774999739837 0.3730550000195052	Ir
0.4996999999999971 0.5007649999869912 0.2498499999869921	Ir
0.2502725000325370 0.5002225000130167 0.0001250000325257	Ir
0.6246675000195268 0.7491225000195172 0.3746350000325194	Ir
0.3744599999739719 0.6249849999934938 0.0016199999869926	Ir
0.4990724999804783 0.8749974999739791 0.1249150000064958	Ir
0.4996524999674676 0.7498824999934897 0.0013750000064974	Ir
0.3739775000195209 0.7508475000195176 0.8759850000195115	Ir
0.6245725000325280 0.8742075000260243 0.2497749999804952	Ir
0.8754424999674768 0.3749575000260208 0.5013750000195074	Ir
0.0002349999869864 0.1242549999804794 0.8747599999869919	Ir
0.2509525000065054 0.3740774999674770 0.1247450000195087	Ir
0.1255324999804870 0.3750774999804847 0.0001650000325100	Ir
0.9997375000065034 0.3757174999869903 0.8745949999934979	Ir
0.1260049999869892 0.2500750000065040 0.8746599999869886	Ir
0.0003900000130130 0.2508800000000022 0.7485400000260185	Ir
0.1253474999934951 0.4998774999739837 0.8730550000195052	Ir
0.2496999999999971 0.2507649999869912 0.7498499999869921	Ir
0.0002724999674797 0.2502225000130096 0.5001250000325115	Ir
0.3746675000195268 0.4991225000195172 0.8746350000325194	Ir
0.1244599999739719 0.3749849999934938 0.5016199999869926	Ir
0.2490724999804783 0.6249974999739791 0.6249150000064958	Ir
0.2496525000325320 0.4998824999934968 0.5013750000065045	Ir
0.1239775000195209 0.5008475000195176 0.3759850000195115	Ir
0.3745724999674707 0.6242075000260172 0.7497749999804881	Ir
0.3754425000325341 0.8749575000260279 0.5013750000195145	Ir
0.5002349999869864 0.6242549999804794 0.8747599999869919	Ir
0.7509525000065054 0.8740774999674770 0.1247450000195087	Ir
0.6255324999804799 0.8750774999804776 0.0001649999674811	Ir
0.4997375000065034 0.8757174999869903 0.8745949999934979	Ir
0.6260024999934899 0.7500724999674730 0.8746550000064985	Ir
0.5003900000130130 0.7508800000000022 0.7485400000260185	Ir
0.6253474999934951 0.9998774999739766 0.8730550000195052	Ir
0.7496999999999971 0.7507649999869912 0.7498499999869921	Ir
0.5002725000325370 0.7502225000130167 0.5001250000325257	Ir
0.8746675000195125 0.9991225000195172 0.8746349999674905	Ir
0.6244599999739719 0.8749849999934938 0.5016199999869926	Ir
0.7490724999804783 0.1249974999739791 0.6249150000064958	Ir
0.7496525000325320 0.9998824999934968 0.5013750000065045	Ir
0.6239775000195209 0.0008475000195176 0.3759850000195115	Ir
0.8745725000325280 0.1242075000260243 0.7497749999804952	Ir
0.6254424999674768 0.6249575000260208 0.0013750000195074	Ir
0.7502349999869864 0.3742549999804794 0.3747599999869919	Ir
0.0009525000065125 0.6240775000325272 0.6247450000195158	Ir
0.8755324999804870 0.6250774999804847 0.5001650000325100	Ir
0.7497375000065034 0.6257174999869903 0.3745949999934979	Ir
0.8760049999869892 0.5000750000065040 0.3746599999869886	Ir
0.7503900000130130 0.5008800000000022 0.2485400000260185	Ir
0.8753474999934951 0.7498774999739837 0.3730550000195052	Ir
0.9996999999999971 0.5007649999869912 0.2498499999869921	Ir
0.7502725000325370 0.5002225000130167 0.0001250000325257	Ir
0.1246675000195268 0.7491225000195172 0.3746350000325194	Ir
0.8744574999804797 0.6249875000260161 0.0016149999804895	Ir
0.9990724999804783 0.8749974999739791 0.1249150000064958	Ir
0.9996524999674676 0.7498824999934897 0.0013750000064974	Ir
0.8739800000130131 0.7508499999934983 0.8759900000000016	Ir
0.1245724999674707 0.8742075000260172 0.2497749999804881	Ir
0.8754424999674768 0.8749575000260208 0.5013750000195074	Ir
0.0002349999869864 0.6242549999804794 0.8747599999869919	Ir
0.2509500000130060 0.8740749999934962 0.1247399999739898	Ir
0.1255324999804870 0.8750774999804847 0.0001650000325100	Ir
0.9997375000065034 0.8757174999869903 0.8745949999934979	Ir
0.1260024999934970 0.7500725000325232 0.8746550000065056	Ir
0.0003900000130130 0.7508800000000022 0.7485400000260185	Ir
0.1253474999934951 0.9998774999739766 0.8730550000195052	Ir
0.2496999999999971 0.7507649999869912 0.7498499999869921	Ir
0.0002725000325370 0.7502225000130167 0.5001250000325257	Ir
0.3746675000195125 0.9991225000195172 0.8746349999674905	Ir
0.1244599999739719 0.8749849999934938 0.5016199999869926	Ir
0.2490724999804783 0.1249974999739791 0.6249150000064958	Ir
0.2496525000325320 0.9998824999934968 0.5013750000065045	Ir
0.1239775000195209 0.0008475000195176 0.3759850000195115	Ir
0.3745725000325280 0.1242075000260243 0.7497749999804952	Ir
0.2502624999804866 0.2493475000065075 0.2488650000195065	Ru
0.3753999999869890 0.9990150000260201 0.6258100000130113	Ru
0.2502624999934966 0.2498825000130083 0.9999050000065068	Ru
0.3753649999739750 0.3743399999999966 0.2501199999869925	Ru
0.1245250000000055 0.0010250000325271 0.1247000000000043	Ru
0.6245075000325286 0.1250675000065087 0.4998249999804969	Ru
0.5001524999804801 0.1251575000195118 0.3746649999804887	Ru
0.3755524999804791 0.1256024999804808 0.2486150000065024	Ru
0.2499625000195138 0.1258974999869906 0.1259350000065069	Ru
0.3754550000000023 0.0003249999674750 0.1246000000260139	Ru
0.4997074999804880 0.2490925000000033 0.2499650000195075	Ru
0.3746174999804879 0.8755525000130078 0.7488650000195065	Ru
0.3746349999999978 0.2496899999869839 0.1259999999739847	Ru
0.5000149999869805 0.1251499999739778 0.1259599999739791	Ru
0.4997175000065042 0.0001375000130110 0.0012949999804945	Ru
0.2498574999934959 0.1247725000000059 0.8747050000325203	Ru
0.5002624999804866 0.4993475000065075 0.7488650000195065	Ru
0.6253999999869890 0.2490150000260201 0.1258100000130113	Ru
0.5002624999934966 0.4998825000130083 0.4999050000065068	Ru
0.6253649999739750 0.6243399999999966 0.7501199999869925	Ru
0.3745250000000055 0.2510250000325271 0.6247000000000043	Ru
0.8745075000325286 0.3750675000065087 0.9998249999804969	Ru
0.7501524999804801 0.3751575000195118 0.8746649999804887	Ru
0.6255524999804791 0.3756024999804808 0.7486150000065024	Ru
0.4999625000195138 0.3758974999869906 0.6259350000065069	Ru
0.6254550000000094 0.2503250000325323 0.6246000000260139	Ru
0.7497074999804880 0.4990925000000033 0.7499650000195075	Ru
0.6246174999804879 0.1255525000130078 0.2488650000195065	Ru
0.6246325000065127 0.4996925000195205 0.6259950000325176	Ru
0.7500149999869805 0.3751499999739778 0.6259599999739791	Ru
0.7497175000065042 0.2501375000130110 0.5012949999804945	Ru
0.4998574999934888 0.3747724999999988 0.3747049999674843	Ru
0.7502624999804866 0.2493475000065075 0.2488650000195065	Ru
0.8753999999869890 0.9990150000260201 0.6258100000130113	Ru
0.7502624999934966 0.2498825000130083 0.9999050000065068	Ru
0.8753649999739750 0.3743399999999966 0.2501199999869925	Ru
0.6245249999999984 0.0010249999674770 0.1246999999999971	Ru
0.1245075000325286 0.1250675000065087 0.4998249999804969	Ru
0.0001524999804801 0.1251575000195118 0.3746649999804887	Ru
0.8755524999804791 0.1256024999804808 0.2486150000065024	Ru
0.7499625000195138 0.1258974999869906 0.1259350000065069	Ru
0.8754550000000094 0.0003250000325323 0.1246000000260139	Ru
0.9997074999804880 0.2490925000000033 0.2499650000195075	Ru
0.8746174999804879 0.8755525000130078 0.7488650000195065	Ru
0.8746325000065127 0.2496925000195205 0.1259950000325176	Ru
0.0000149999869805 0.1251499999739778 0.1259599999739791	Ru
0.9997175000065042 0.0001375000130110 0.0038949999804885	Ru
0.7498574999934959 0.1247725000000059 0.8747050000325203	Ru
0.2502624999804866 0.7493475000065075 0.2488650000195065	Ru
0.3753999999869890 0.4990150000260201 0.6258100000130113	Ru
0.2502624999934966 0.7498825000130083 0.9999050000065068	Ru
0.3753649999739750 0.8743399999999966 0.2501199999869925	Ru
0.1245250000000055 0.5010250000325271 0.1247000000000043	Ru
0.6245075000325286 0.6250675000065087 0.4998249999804969	Ru
0.5001524999804801 0.6251575000195118 0.3746649999804887	Ru
0.3755524999804791 0.6256024999804808 0.2486150000065024	Ru
0.2499625000195138 0.6258974999869906 0.1259350000065069	Ru
0.3754550000000094 0.5003250000325323 0.1246000000260139	Ru
0.4997074999804880 0.7490925000000033 0.2499650000195075	Ru
0.3746174999804879 0.3755525000130078 0.7488650000195065	Ru
0.3746349999999978 0.7496899999869839 0.1259999999739847	Ru
0.5000149999869805 0.6251499999739778 0.1259599999739791	Ru
0.4997175000065042 0.5001375000130110 0.0012949999804945	Ru
0.2498574999934888 0.6247724999999988 0.8747049999674843	Ru
0.0002624999804866 0.4993475000065075 0.7488650000195065	Ru
0.1253999999869890 0.2490150000260201 0.1258100000130113	Ru
0.0002624999934966 0.4998825000130083 0.4999050000065068	Ru
0.1253649999739750 0.6243399999999966 0.7501199999869925	Ru
0.8745249999999984 0.2510249999674770 0.6246999999999971	Ru
0.3745075000325286 0.3750675000065087 0.9998249999804969	Ru
0.2501524999804801 0.3751575000195118 0.8746649999804887	Ru
0.1255524999804791 0.3756024999804808 0.7486150000065024	Ru
0.9999625000195138 0.3758974999869906 0.6259350000065069	Ru
0.1254550000000094 0.2503250000325323 0.6246000000260139	Ru
0.2497074999804880 0.4990925000000033 0.7499650000195075	Ru
0.1246174999804879 0.1255525000130078 0.2488650000195065	Ru
0.1246325000065127 0.4996925000195205 0.6259950000325176	Ru
0.2500149999869805 0.3751499999739778 0.6259599999739791	Ru
0.2497175000065042 0.2501375000130110 0.5012949999804945	Ru
0.9998574999934888 0.3747724999999988 0.3747049999674843	Ru
0.5002624999804866 0.9993475000065075 0.7488650000195065	Ru
0.6253999999869890 0.7490150000260201 0.1258100000130113	Ru
0.5002624999934966 0.9998825000130083 0.4999050000065068	Ru
0.6253649999739750 0.1243399999999966 0.7501199999869925	Ru
0.3745250000000055 0.7510250000325271 0.6247000000000043	Ru
0.8745075000325286 0.8750675000065087 0.9998249999804969	Ru
0.7501524999804801 0.8751575000195118 0.8746649999804887	Ru
0.6255524999804791 0.8756024999804808 0.7486150000065024	Ru
0.4999625000195138 0.8758974999869906 0.6259350000065069	Ru
0.6254550000000023 0.7503249999674750 0.6246000000260139	Ru
0.7497074999804880 0.9990925000000033 0.7499650000195075	Ru
0.6246174999804879 0.6255525000130078 0.2488650000195065	Ru
0.6246325000065056 0.9996925000195134 0.6259949999674888	Ru
0.7500149999869805 0.8751499999739778 0.6259599999739791	Ru
0.7497175000065042 0.7501375000130110 0.5012949999804945	Ru
0.4998574999934888 0.8747724999999988 0.3747049999674843	Ru
0.7502624999804866 0.7493475000065075 0.2488650000195065	Ru
0.8753999999869890 0.4990150000260201 0.6258100000130113	Ru
0.7502624999934966 0.7498825000130083 0.9999050000065068	Ru
0.8753649999739750 0.8743399999999966 0.2501199999869925	Ru
0.6245249999999984 0.5010249999674770 0.1246999999999971	Ru
0.1245075000325286 0.6250675000065087 0.4998249999804969	Ru
0.0001524999804801 0.6251575000195118 0.3746649999804887	Ru
0.8755524999804791 0.6256024999804808 0.2486150000065024	Ru
0.7499625000195138 0.6258974999869906 0.1259350000065069	Ru
0.8754550000000094 0.5003250000325323 0.1246000000260139	Ru
0.9997074999804880 0.7490925000000033 0.2499650000195075	Ru
0.8746174999804879 0.3755525000130078 0.7488650000195065	Ru
0.8746325000065127 0.7496925000195205 0.1259950000325176	Ru
0.0000149999869805 0.6251499999739778 0.1259599999739791	Ru
0.9997175000065042 0.5001375000130110 0.0012949999804945	Ru
0.7498574999934959 0.6247725000000059 0.8747050000325203	Ru
0.0002624999804866 0.9993475000065075 0.7488650000195065	Ru
0.1253999999869890 0.7490150000260201 0.1258100000130113	Ru
0.0002624999934966 0.9998825000130083 0.4999050000065068	Ru
0.1253649999739750 0.1243399999999966 0.7501199999869925	Ru
0.8745249999999984 0.7510249999674770 0.6246999999999971	Ru
0.3745075000325286 0.8750675000065087 0.9998249999804969	Ru
0.2501524999804801 0.8751575000195118 0.8746649999804887	Ru
0.1255524999804791 0.8756024999804808 0.7486150000065024	Ru
0.9999625000195138 0.8758974999869906 0.6259350000065069	Ru
0.1254550000000023 0.7503249999674750 0.6246000000260139	Ru
0.2497074999804880 0.9990925000000033 0.7499650000195075	Ru
0.1246174999804879 0.6255525000130078 0.2488650000195065	Ru
0.1246349999999978 0.9996899999869839 0.6259999999739847	Ru
0.2500124999804854 0.8751475000065057 0.6259650000195123	Ru
0.2497175000065042 0.7501375000130110 0.5012949999804945	Ru
0.9998574999934888 0.8747724999999988 0.3747049999674843	Ru
