2176.0000 0.05 1
1.875
3.75
6.25
6.25
7.5
16.25
8.75
6.25
17.5
16.25
14.375
16.25
25
16.25
6.25
31.25
23.125
18.125
28.75
10
10
13.125
10
10
16.25
20
25
30
37.5
19.375
23.75
27.5
13.75
26.875
21.875
28.125
21.25
41.25
44.375
30.625
37.5
55
48.75
45.625
41.875
67.5
54.375
49.375
85
91.875
98.75
125.625
136.25
135
139.375
153.75
180.625
153.125
156.875
199.375
177.5
176.25
231.875
252.5
268.75
236.25
235.625
280.625
293.75
309.375
296.875
320.625
301.25
311.875
325
339.375
337.5
363.75
317.5
350.625
373.75
365
331.875
358.75
335.625
377.5
312.5
296.25
301.875
287.5
275
253.125
231.25
250
253.125
296.875
207.5
251.875
310.625
295
315.625
310
310.625
296.25
251.875
293.75
313.125
291.25
328.125
272.5
283.125
300
274.375
322.5
288.75
316.875
249.375
297.5
352.5
317.5
316.875
316.25
323.75
364.375
343.75
381.25
397.5
381.875
388.125
394.375
395.625
430.625
450
472.5
451.25
441.875
452.5
435.625
450
418.75
406.875
427.5
380
359.375
316.25
354.375
328.125
310
315
329.375
304.375
278.125
217.5
254.375
248.125
302.5
280.625
245.625
273.125
226.25
317.5
288.75
329.375
300
305
290.625
285
295.625
351.875
290
325
350
371.875
359.375
256.875
288.125
215.625
288.125
345.625
266.25
265.625
266.25
255.625
239.375
244.375
249.375
263.125
325.625
241.25
226.875
238.75
224.375
180.625
247.5
255
282.5
252.5
308.125
254.375
265
256.875
206.875
200.625
270.625
255
326.25
344.375
342.5
356.25
274.375
366.875
293.125
510
539.375
510
425
364.375
265
232.5
201.875
165.625
116.25
63.75
32.5
11.25
4.375
1.25
4.375
1.25
0
0
0
0
0
0
0
0
0
0
2.5
0
