0.010644 0.002384 0.000161
-0.005825 -0.001495 0.002472
0.010466 0.004059 0.000833
0.001998 0.000369 -0.003028
0.008812 0.002481 -0.002324
-0.000855 -0.002569 -0.001048
-0.004044 -0.001864 -0.004986
-0.004831 0.005763 -0.000497
-0.005617 -0.003622 -0.003714
0.004597 -0.000950 -0.002765
0.001297 -0.005895 0.010078
-0.006207 -0.002640 0.001347
-0.001235 0.013824 0.029402
-0.003491 0.004871 0.004052
0.005469 0.000095 -0.005785
0.006858 0.002738 0.010474
0.011075 0.002594 0.001473
-0.005449 -0.001084 0.000734
0.010565 0.004284 0.026608
-0.001174 0.005181 0.005148
0.008192 0.003200 -0.003233
-0.004940 -0.006609 0.004624
-0.003656 -0.002393 -0.005760
-0.003921 0.005591 -0.001226
-0.007804 0.000728 -0.007300
0.004169 -0.001312 -0.003030
-0.002709 -0.002438 0.003691
-0.007539 -0.003016 0.001791
-0.004019 -0.005453 -0.001781
-0.002852 0.000859 0.002212
0.003941 -0.000142 -0.006735
0.002578 -0.001682 0.001885
0.009877 0.003547 0.003737
-0.019568 -0.001435 0.015582
0.010430 0.004237 0.000780
0.001895 0.000653 -0.004354
0.006991 0.002374 -0.008163
-0.005123 -0.006862 0.005433
-0.056206 -0.002133 0.038651
0.000718 0.008501 0.005725
-0.005257 0.005434 -0.003107
0.043561 -0.001175 0.025893
-0.003035 -0.002353 0.003674
-0.008176 -0.003083 0.005167
-0.001394 -0.024192 0.029304
-0.003250 -0.004859 0.004824
0.000657 0.003340 -0.000069
0.002660 -0.000514 0.000846
0.010455 0.003011 0.002008
-0.005655 -0.001303 0.002219
0.010459 0.004001 -0.001175
0.002131 0.000405 -0.002805
0.008436 0.002583 -0.003889
-0.000604 -0.003658 0.000014
-0.003287 -0.002107 -0.004258
-0.005180 0.005302 0.000209
-0.009659 -0.000768 -0.010013
0.004329 -0.001176 -0.001872
-0.002341 -0.001185 0.002214
-0.006346 -0.003051 0.003033
-0.001144 -0.024680 0.029887
-0.006094 0.002187 -0.002898
0.004495 0.001171 -0.005101
-0.002043 -0.005589 0.010988
0.009517 0.002652 0.000558
-0.005239 -0.001583 0.000733
0.010360 0.004394 -0.000192
0.002242 0.001773 -0.003763
0.008774 0.002804 -0.003264
-0.000746 -0.002541 -0.001256
-0.003707 -0.001456 -0.005887
-0.005034 0.005209 0.000200
-0.008898 0.000691 -0.008283
0.004180 -0.000671 -0.003215
-0.003438 -0.001836 0.004611
-0.005931 -0.003020 0.002391
-0.001777 -0.005446 0.010410
-0.006424 0.000205 -0.001212
0.004392 0.001491 -0.005347
0.002571 -0.001851 0.001395
0.010383 0.002296 0.001372
-0.005440 -0.001793 0.002437
0.011374 0.003626 0.030016
0.006306 -0.003668 0.006717
0.009241 0.001319 -0.002870
-0.003842 -0.002234 -0.002997
-0.004187 -0.002546 -0.004818
-0.001961 0.010619 0.004770
-0.004851 0.000621 -0.004227
0.005061 -0.001217 -0.002528
0.000451 -0.006513 0.009277
-0.004102 -0.001478 0.001965
-0.001330 -0.005351 0.010785
-0.005649 0.000423 -0.000855
0.000287 0.005592 0.000152
0.002812 -0.001691 -0.000172
0.010832 0.002551 0.001243
0.015196 -0.001603 0.022048
0.010489 0.004059 -0.001247
0.002297 0.000471 -0.002488
0.008513 0.002563 -0.005077
-0.001601 -0.002579 -0.001785
-0.005231 -0.002142 -0.007075
-0.004469 0.004729 -0.001542
-0.009162 0.001444 -0.009428
0.005716 -0.001087 -0.005069
-0.003361 -0.001914 0.004284
-0.007112 -0.002345 0.003583
-0.001208 0.013652 0.029902
-0.006039 -0.000891 -0.002579
0.003918 0.000213 -0.006645
0.003150 -0.003456 0.000711
0.012590 0.001318 0.000772
-0.005413 -0.000930 0.001995
0.009402 0.004358 -0.000952
0.002021 -0.000475 -0.003588
0.008810 0.002741 -0.003044
-0.001822 -0.002773 -0.000686
-0.004201 -0.001952 -0.004688
-0.005329 0.005145 -0.000625
-0.009415 0.000796 -0.008305
0.004958 -0.000986 -0.002295
-0.003733 -0.001603 0.003569
-0.006190 -0.002177 0.002335
-0.001626 -0.005421 0.009084
-0.006766 0.000339 -0.000847
0.004115 0.000370 -0.006242
0.002885 -0.002051 0.001241
-0.012507 -0.001668 0.002065
0.004679 -0.003961 0.000652
-0.002314 0.001029 0.001738
-0.003901 0.002734 0.002010
-0.003433 0.005645 -0.000669
0.005779 -0.001175 -0.001841
0.004391 -0.000525 -0.003867
0.003062 -0.000184 -0.000678
0.009230 0.005491 0.002712
-0.000803 -0.005719 -0.004742
-0.000275 0.006736 0.008843
-0.022130 -0.003964 -0.005015
0.003125 0.003669 0.012810
-0.000557 -0.008072 -0.012926
0.015058 -0.003170 0.005029
-0.005967 0.000449 0.008294
-0.012780 -0.001035 0.002801
0.003540 0.018324 0.014103
-0.002601 0.001322 0.002192
-0.004339 0.003636 0.003699
-0.003675 0.007162 -0.002131
0.002052 -0.005435 0.006256
-0.016989 -0.000942 0.018464
0.004063 0.000263 -0.000851
0.009999 0.005876 0.003747
-0.000908 -0.006151 -0.006912
0.002926 0.003171 0.004856
-0.020114 -0.001832 -0.002070
0.002803 0.005157 0.012029
-0.001140 -0.007868 -0.008493
0.016676 0.000717 0.000814
-0.005420 0.001128 0.007264
0.010131 -0.000266 0.018548
0.005281 -0.003084 0.000272
-0.015036 0.001800 0.004676
0.000567 -0.000118 0.011915
-0.002907 -0.015854 0.009702
0.005740 -0.000825 -0.000523
0.004286 -0.000910 -0.003795
0.005579 -0.002175 0.002672
0.007891 0.006060 -0.439936
-0.000270 0.014211 0.000598
-0.000426 -0.001457 0.009406
-0.024152 -0.004144 -0.005834
0.001335 -0.015086 0.021060
-0.000561 -0.007447 -0.012173
0.014770 0.005369 0.005378
-0.005632 0.000405 0.002047
-0.013554 -0.001624 0.003972
0.004613 -0.003832 0.000405
-0.001231 0.001115 0.002901
-0.004108 0.005568 0.001817
-0.003244 0.003059 0.001239
0.006046 -0.001174 -0.000234
0.004388 -0.000248 -0.003299
0.002767 0.000535 0.000057
0.009917 0.005627 -0.008880
-0.000808 -0.003140 -0.003033
0.003111 0.004281 0.002949
-0.023149 -0.004281 -0.004760
0.002818 0.000635 0.015148
-0.000099 -0.007387 -0.009780
0.018147 -0.000840 -0.001161
-0.006015 0.000392 0.006495
-0.012692 -0.001706 0.002902
0.004820 -0.001402 0.002383
-0.002634 0.001364 0.002162
-0.004332 0.003914 0.003334
-0.003619 0.006469 -0.002091
0.005809 -0.002380 -0.001485
0.004052 -0.000590 -0.003125
0.002659 0.000102 -0.000082
0.009888 0.005460 0.003760
-0.000976 -0.006611 -0.006553
0.003379 0.002876 0.004785
-0.022395 -0.003635 -0.005422
0.002144 0.005999 0.011132
-0.000739 -0.007661 -0.009266
0.018637 0.000699 -0.000090
-0.005905 0.000545 0.007342
-0.014508 -0.001422 0.001971
0.003914 -0.002370 -0.001853
-0.001546 0.001112 0.001931
-0.004047 0.003836 0.001440
-0.003645 0.007713 -0.002269
0.010695 0.002524 0.007619
0.022418 -0.000733 0.015012
0.001170 0.000425 -0.000950
0.009449 0.004760 0.003931
-0.000669 -0.006955 -0.006240
0.001822 0.002972 0.006364
-0.022408 -0.004228 -0.005255
0.002789 0.005305 0.010607
-0.000739 -0.007148 -0.008483
0.011258 0.000685 0.007020
-0.006760 -0.001238 0.007718
-0.011246 -0.001444 0.000706
0.005125 -0.002789 0.001656
-0.003882 0.001011 -0.000198
-0.009569 0.007596 0.012111
-0.003746 0.006021 -0.004630
0.005896 -0.001059 -0.000132
0.004512 -0.001332 -0.003866
0.003231 0.000489 -0.000427
0.010339 0.005546 0.005701
-0.000954 -0.005803 -0.010604
0.002900 0.002110 0.003753
-0.021564 -0.004035 -0.005455
0.001322 0.004767 0.007849
-0.000096 -0.007799 -0.008719
0.017960 0.001927 -0.000527
-0.005458 0.000282 0.005738
-0.014626 -0.002102 0.001913
0.004557 0.001334 0.004393
-0.001681 0.000883 0.001771
-0.003897 0.004126 0.002743
-0.003259 0.007228 -0.001212
0.005972 -0.000398 -0.001491
0.004441 -0.000994 -0.002754
0.003131 0.000450 -0.000150
0.009479 0.006100 0.003897
-0.000907 -0.007523 -0.006971
0.002858 0.003006 0.005025
-0.022708 -0.004359 -0.004912
0.002889 0.005615 0.010908
0.000517 -0.006959 -0.009589
0.018828 0.000872 -0.000112
-0.006219 0.000914 0.007581
