2176.0000 0.05 1
1.11111
4.44444
11.1111
2.22222
11.1111
4.44444
13.3333
11.1111
20
11.1111
6.66667
11.1111
24.4444
23.3333
17.7778
23.3333
26.6667
18.8889
13.3333
32.2222
18.8889
8.88889
4.44444
10
14.4444
16.6667
34.4444
37.7778
25.5556
40
11.1111
26.6667
17.7778
33.3333
22.2222
32.2222
26.6667
27.7778
40
24.4444
32.2222
46.6667
36.6667
47.7778
70
55.5556
56.6667
41.1111
80
106.667
95.5556
126.667
127.778
138.889
148.889
146.667
161.111
190
190
204.444
214.444
267.778
192.222
230
236.667
284.444
237.778
278.889
253.333
263.333
291.111
298.889
317.778
342.222
314.444
350
284.444
347.778
305.556
307.778
294.444
300
293.333
280
314.444
273.333
246.667
285.556
292.222
297.778
314.444
314.444
323.333
312.222
333.333
318.889
314.444
295.556
292.222
298.889
303.333
290
330
355.556
320
362.222
375.556
354.444
355.556
352.222
336.667
295.556
253.333
213.333
177.778
162.222
188.889
241.111
264.444
333.333
350
395.556
418.889
395.556
431.111
412.222
450
402.222
380
358.889
344.444
371.111
343.333
397.778
381.111
376.667
388.889
430
402.222
456.667
410
404.444
411.111
356.667
360
378.889
366.667
376.667
428.889
416.667
411.111
441.111
407.778
336.667
352.222
324.444
344.444
315.556
330
257.778
283.333
256.667
272.222
262.222
244.444
220
276.667
211.111
244.444
216.667
231.111
260
221.111
246.667
232.222
214.444
206.667
230
176.667
205.556
174.444
200
171.111
176.667
254.444
235.556
231.111
215.556
216.667
168.889
176.667
195.556
263.333
236.667
222.222
270
246.667
223.333
262.222
350
340
317.778
301.111
332.222
307.778
331.111
382.222
407.778
434.444
427.778
447.778
432.222
507.778
478.889
500
478.889
427.778
356.667
307.778
228.889
117.778
11.1111
1.11111
0
0
0
0
0
0
0
0
0
0
0
0
0
0
0
0
0
0
0
0
0
0
2.22222
4.44444
0
0
0
2.22222
4.44444
4.44444
0
1.11111
4.44444
0
4.44444
4.44444
4.44444
4.44444
0
2.22222
2.22222
2.22222
1.11111
2.22222
0
0
2.22222
0
2.22222
0
