-0.000254 0.013762 0.011241
-0.008784 0.001616 0.001286
-0.000896 0.019840 0.000035
0.009501 0.008023 -0.002777
0.000352 0.010668 -0.008615
-0.008707 0.000514 -0.002255
0.000036 0.002130 0.004198
-0.000119 -0.013526 -0.002852
-0.003657 -0.009121 -0.001370
-0.010612 -0.016038 -0.001893
0.010947 -0.004904 0.000188
-0.009192 -0.005241 -0.003548
0.003902 -0.009049 0.003667
0.011481 -0.030512 -0.001354
-0.004445 0.002896 0.002963
0.013348 -0.009525 0.002783
-0.000553 0.011623 0.012764
-0.010402 0.002088 0.000503
-0.003972 0.018888 0.000727
0.010578 0.008264 -0.004104
-0.000990 0.015527 -0.005106
-0.008179 0.001318 -0.003965
-0.001436 0.004935 0.007756
0.000753 -0.015771 -0.002492
-0.003870 -0.011236 0.000950
-0.011655 -0.004803 -0.001753
0.011510 -0.006814 0.000435
-0.011267 -0.004017 -0.003485
0.004913 -0.007391 0.003307
0.003391 -0.019612 -0.000741
-0.003246 0.005771 0.001732
0.012026 -0.010319 0.002742
-0.000509 0.011073 0.011836
-0.008543 -0.000031 0.001186
-0.001769 0.018829 0.000702
0.011899 0.009230 -0.002913
0.000304 0.015992 -0.005452
-0.008572 0.001087 -0.002145
0.003377 -0.002401 0.008405
0.000253 -0.015674 -0.002704
-0.003607 -0.010436 -0.002624
-0.012658 -0.005808 -0.001922
0.011261 -0.005986 0.000634
-0.011735 -0.004469 -0.003733
0.009349 -0.017624 0.004394
0.003441 -0.019082 -0.000933
-0.005511 0.002530 0.001261
0.013760 -0.011329 0.002616
-0.011293 0.015209 0.001361
-0.008082 0.002393 0.000184
-0.003532 0.012975 -0.001539
0.012656 0.008307 -0.001805
-0.002277 0.015164 -0.006367
-0.008387 0.001121 -0.001779
-0.000801 0.004500 0.004981
0.001428 -0.015933 0.000053
-0.003574 -0.012025 -0.001505
-0.016283 -0.014132 -0.001871
0.013314 -0.004186 0.000231
-0.007937 -0.003469 -0.002220
0.002125 -0.009862 0.000041
-0.012232 -0.039515 -0.001087
-0.000717 0.004636 0.002025
0.014486 -0.014017 0.002881
-0.000530 0.010370 0.011984
-0.008859 0.000727 -0.001387
-0.001601 0.019016 0.001189
0.011695 0.007818 -0.003021
-0.002589 0.017358 -0.009474
-0.011204 0.000124 -0.000828
0.002409 0.003790 0.004298
-0.000167 -0.016018 -0.002850
-0.004250 -0.011689 -0.000803
-0.010884 -0.003759 -0.002074
0.010923 -0.004199 0.000859
-0.010315 -0.006755 -0.003428
0.003550 -0.007022 0.003816
0.002563 -0.021037 -0.000173
-0.004708 0.003456 0.000338
0.013758 -0.012104 0.003083
0.000103 0.011516 0.011069
-0.008350 0.000475 0.003296
-0.000432 0.019233 -0.000382
0.013115 0.009317 -0.000758
-0.001515 0.015948 -0.005785
-0.010047 0.001155 -0.003169
-0.000702 0.003678 0.004308
-0.000276 -0.014173 -0.002229
-0.003443 -0.011043 -0.001203
-0.006977 -0.008430 -0.003802
0.011219 -0.009189 0.001276
-0.010375 -0.009019 -0.002632
0.005640 -0.007027 0.003392
0.002141 -0.019217 -0.003825
-0.003824 0.002295 0.003850
0.014652 -0.010738 0.002716
-0.004148 0.004064 0.012216
-0.008952 -0.014457 -0.017599
-0.002109 0.020499 -0.003671
0.009650 0.001527 -0.000451
-0.002388 0.017065 -0.006188
-0.040185 -0.014823 0.040300
0.000161 0.002753 0.008243
-0.056941 -0.061297 -0.003046
0.060320 -0.074527 -0.000400
-0.007731 -0.009120 -0.000706
0.035405 -0.010072 0.000243
-0.031445 -0.008987 -0.003200
0.004639 -0.018830 0.004158
0.001211 -0.017131 0.000322
-0.006667 0.004959 -0.000948
0.015289 -0.009659 0.002843
-0.002680 0.013329 0.013117
-0.009903 0.001536 0.001732
0.000106 0.020107 -0.001158
0.011333 0.007810 0.001946
0.000714 0.016209 -0.009527
-0.008648 -0.001076 -0.004208
0.000180 0.003628 0.004196
0.001328 -0.015734 -0.005060
-0.003799 -0.011907 -0.001025
-0.009854 -0.003838 -0.001886
0.013435 -0.005172 0.000657
-0.008691 -0.005063 -0.004141
0.002248 -0.011605 0.009010
0.000428 -0.020048 -0.000462
-0.002649 0.001980 0.000945
0.014083 -0.013646 0.003201
0.000229 0.003360 -0.004575
0.007018 0.008490 -0.003024
-0.011554 0.009782 0.001328
0.006989 0.022574 -0.001622
0.000934 -0.002422 -0.000042
0.001383 0.003946 -0.009580
-0.008206 -0.002366 0.000958
0.005588 0.000268 -0.001759
-0.000783 0.007164 -0.002232
0.020292 -0.014645 0.002860
-0.008196 0.009621 0.002591
-0.004881 -0.000372 -0.000227
0.011187 -0.006017 -0.000835
-0.003859 -0.004892 0.004515
0.025252 -0.030792 0.002819
-0.017658 -0.023616 0.001009
-0.000783 0.003625 -0.005337
0.009531 0.009842 -0.000245
-0.009022 0.010546 0.002889
0.007368 0.021678 -0.000466
-0.000224 -0.003283 0.000210
0.000956 0.005249 -0.010155
-0.008151 -0.002765 0.000117
0.003564 0.005477 -0.000233
-0.000311 0.008676 -0.001955
0.015692 -0.009930 0.003198
-0.008088 0.011007 0.002286
-0.005116 -0.002183 -0.000680
0.011829 -0.004012 -0.000310
-0.003564 -0.006116 0.004041
0.010019 -0.010035 0.001647
-0.016016 -0.011468 0.001757
-0.000309 0.002346 -0.005122
0.016839 0.011536 -0.013176
-0.009402 0.011012 0.002830
0.006847 0.024337 -0.001522
0.000292 -0.002586 -0.000631
0.001497 0.003944 -0.008644
-0.009493 -0.002232 0.000923
0.002799 0.004525 0.000868
-0.000656 0.005810 -0.003429
0.017650 -0.012354 0.003034
-0.008803 0.009450 0.001647
-0.004657 0.001189 0.000431
0.011770 -0.015834 0.000479
-0.003056 -0.002760 0.004354
0.009790 -0.009587 0.002726
-0.016303 -0.012056 0.000583
-0.000653 0.003536 -0.005427
0.007335 0.008086 -0.003732
-0.009624 0.008785 0.004255
0.006424 0.023736 -0.002083
-0.000573 -0.003665 -0.000187
0.001887 0.004235 -0.009183
-0.009220 -0.001963 -0.000409
0.002929 0.008961 0.000490
0.000344 0.009048 -0.002559
0.014092 -0.015371 0.002177
-0.009723 0.009946 0.000944
-0.003916 -0.000986 0.000586
0.007766 -0.012283 -0.000035
-0.003783 -0.006072 0.003939
0.010401 -0.007860 -0.000602
-0.017745 -0.012465 0.001861
0.001289 0.003305 -0.005481
0.007538 0.011529 -0.003158
-0.010298 0.010486 0.002875
0.005647 0.022972 -0.000315
0.001042 -0.003145 -0.000843
0.001252 0.004729 -0.010852
-0.008238 -0.002202 0.001620
0.002246 0.006234 0.000179
-0.001845 0.007826 -0.002806
0.018264 -0.011734 0.002996
-0.007785 0.010918 0.000958
-0.005219 -0.001086 -0.000092
0.010936 -0.004100 0.001102
-0.003652 -0.005016 0.004586
0.012026 -0.011423 0.002389
-0.016338 -0.012306 0.001439
-0.000345 0.004506 -0.007081
0.009908 0.002730 -0.000594
-0.010399 0.012231 0.001472
0.007888 0.023389 -0.002835
-0.000622 -0.001429 0.001780
-0.000813 0.006912 -0.011247
-0.008004 -0.003202 -0.001094
0.004680 0.007439 -0.002472
0.000046 0.007779 -0.000969
0.018275 -0.010908 0.002933
-0.008593 0.008953 0.002031
-0.003881 -0.000951 -0.000292
0.013365 -0.008319 -0.005249
-0.005040 -0.005666 0.004647
0.009905 -0.010331 0.002368
-0.015760 -0.012214 0.001374
-0.001343 -0.063802 -0.069468
0.006803 0.009033 -0.003589
-0.036338 -0.012437 -0.037122
0.033316 0.001381 -0.032340
0.000581 -0.074961 0.066646
-0.008639 0.009639 0.000388
-0.006971 -0.015562 0.018407
0.011977 0.008621 0.011716
0.025619 -0.009657 0.026524
0.018042 -0.023010 0.003179
-0.011300 0.582292 -0.001750
0.008576 -0.032008 0.001155
0.014095 -0.009009 0.005420
-0.014663 -0.035924 0.005061
0.001604 -0.024902 0.001675
-0.015701 -0.023206 0.001698
-0.000616 0.002606 -0.005508
0.008278 0.007441 -0.002056
-0.010278 0.010814 0.002319
0.008557 0.024186 -0.000743
-0.000387 -0.002203 -0.000109
-0.002299 -0.002528 -0.011353
-0.007375 -0.001957 0.001578
0.002950 0.005354 -0.000177
-0.000536 0.008000 -0.001828
0.013998 -0.012872 0.004305
-0.009247 0.010569 0.002552
-0.004198 -0.001210 0.000163
0.012130 -0.004249 0.000171
-0.004256 -0.006165 0.004805
0.010862 -0.009128 0.003610
-0.017472 -0.012230 0.000709
