2176.0000 0.05 1
1.875
3.75
6.25
6.25
7.5
16.25
8.75
6.25
17.5
16.25
14.375
16.25
25
16.25
6.25
31.25
23.125
18.125
28.75
10
10
13.125
10
10
16.25
20
25
30
37.5
19.375
23.75
27.5
13.75
26.875
21.875
28.125
21.25
41.25
44.375
30.625
37.5
55
48.75
45.625
41.875
67.5
54.375
48.125
84.375
93.75
98.75
124.375
138.125
134.375
138.125
154.375
181.25
153.125
156.875
199.375
177.5
175
232.5
253.75
266.875
237.5
234.375
281.875
290
313.125
295.625
321.25
301.875
313.125
323.75
339.375
338.75
365
315
356.875
370
363.75
330.625
361.25
333.75
379.375
311.25
295
303.125
286.25
273.75
255.625
230
253.125
250
299.375
205.625
251.25
311.25
295.625
320
306.875
308.125
298.75
251.875
292.5
310.625
296.25
325
276.25
277.5
304.375
272.5
321.25
290
316.875
248.75
297.5
353.125
317.5
316.25
315.625
327.5
361.25
344.375
380.625
400
378.75
390.625
392.5
395
433.75
447.5
471.25
453.125
440.625
453.125
438.75
447.5
417.5
407.5
429.375
378.75
356.25
318.75
353.75
329.375
310.625
316.25
330
304.375
275.625
216.25
255
248.75
303.75
278.125
248.75
271.25
226.875
320
285.625
328.75
302.5
301.875
290.625
289.375
293.125
350
292.5
321.875
354.375
371.25
356.25
261.875
286.875
211.875
288.125
345.625
266.25
263.125
268.75
258.125
235.625
246.875
249.375
265
324.375
241.25
225.625
238.125
228.125
178.125
247.5
253.75
282.5
255.625
310
252.5
261.875
256.875
208.125
200.625
270.625
253.75
326.25
344.375
344.375
353.75
276.25
365.625
294.375
516.25
535.625
508.75
423.75
366.25
259.375
232.5
204.375
166.25
119.375
56.875
35.625
11.25
3.75
1.25
3.75
1.25
0
0
0
0
0
0
0
0
0
0
3.75
0
