0.031789 0.022393 0.001501
-0.004047 -0.003732 -0.000344
0.014052 0.008181 -0.000286
0.002889 -0.001985 -0.002990
0.009067 -0.000996 -0.003063
-0.000805 -0.003813 -0.000452
-0.003883 -0.004780 -0.006174
-0.005137 0.006316 0.000396
-0.008963 -0.002197 -0.006023
0.004174 -0.003267 -0.003301
0.001110 0.007021 0.007042
-0.006406 -0.003413 0.002680
-0.000857 -0.006898 0.008503
-0.004517 -0.000999 -0.001430
0.004813 0.001636 -0.004985
0.002517 0.018958 0.020653
0.010857 0.003655 0.001078
-0.008575 0.002473 0.001080
0.013993 0.008525 0.005116
0.002175 0.000332 -0.003393
0.008234 0.002939 -0.002775
0.000001 -0.004100 -0.000892
-0.004706 -0.002001 -0.003398
-0.005201 0.006258 0.000437
-0.008858 0.000087 -0.008523
0.003530 -0.003041 -0.003456
-0.003364 -0.002023 0.004544
-0.005556 -0.003221 0.003076
-0.000944 -0.005732 0.009337
-0.006153 -0.000503 -0.002095
0.004948 0.000502 -0.006153
0.002599 -0.002333 0.000775
-0.010439 0.022322 0.001697
-0.008192 0.004078 -0.002896
0.012008 0.004339 0.000358
0.002800 -0.006169 -0.003496
0.035768 0.023201 -0.001475
0.001480 -0.001671 -0.002849
-0.006682 0.021753 -0.034472
-0.003816 0.007887 0.003436
-0.008923 0.032754 0.031436
0.000174 0.004109 -0.000113
-0.008275 0.007304 0.000573
-0.005788 -0.006117 0.003012
-0.004191 -0.000456 0.004467
0.000273 0.006836 0.002280
0.005219 -0.000407 -0.004916
0.002555 0.018553 -0.018743
0.010756 0.003638 0.001128
-0.004445 -0.003290 0.002371
0.009409 0.003270 0.000020
0.002239 0.000001 -0.003480
0.007593 0.002942 -0.002558
-0.000782 -0.002540 -0.000555
-0.004086 0.002060 -0.008324
-0.005084 0.006709 0.000150
-0.009090 0.005052 -0.004088
0.005603 -0.001140 -0.002278
-0.004174 -0.003320 0.006018
-0.006102 -0.003040 0.002063
-0.000453 -0.007204 0.010067
-0.005849 0.000168 -0.000650
0.004061 0.002389 -0.005371
0.002955 0.011207 -0.012137
0.010637 0.002501 0.001083
-0.006694 -0.000880 0.001647
0.009798 0.002712 0.000826
0.002431 0.000484 -0.003545
0.007566 0.001898 -0.002997
-0.002377 -0.004088 0.000096
-0.004981 -0.002031 -0.004144
-0.004753 0.006410 -0.000014
-0.008936 0.001150 -0.008448
0.001164 0.002836 0.000076
-0.003432 -0.001726 0.004445
-0.006237 -0.003131 0.001941
-0.000807 -0.005854 0.009353
-0.005513 0.000140 -0.000703
0.004264 0.001384 -0.004398
0.002825 -0.001074 0.000893
0.010382 0.003594 0.001494
-0.004527 -0.002500 0.001277
0.013404 0.008206 -0.003776
0.001784 0.000629 -0.003515
0.008055 0.002542 -0.002746
-0.001748 -0.002349 -0.001007
-0.004421 -0.002772 -0.004094
-0.003693 0.005565 0.000868
-0.008328 0.000274 -0.008439
0.005194 -0.001436 -0.002892
-0.003826 -0.003715 0.004283
-0.005235 -0.002907 0.001438
-0.002479 -0.005628 0.009254
-0.001731 0.004442 0.003375
0.007702 0.009516 -0.009208
0.002301 -0.001506 0.000891
0.010648 0.003651 0.001136
-0.009132 0.004565 0.006126
0.009878 0.003692 0.000210
0.002040 0.001317 -0.003545
0.007898 0.002588 -0.002679
-0.000565 -0.004872 -0.000435
-0.004722 -0.001477 -0.005334
-0.004908 0.004900 -0.000102
-0.008387 0.001463 -0.007343
0.005545 -0.002079 -0.003617
-0.003612 -0.003176 0.002782
-0.007067 -0.001751 0.003014
-0.004716 -0.000717 0.014351
-0.005921 -0.000628 -0.002025
0.005506 0.001455 -0.005082
0.002475 0.013686 0.016235
0.010294 0.002402 0.001634
-0.004392 -0.001885 0.001528
0.008231 0.002568 -0.001618
0.002760 0.000566 -0.003209
0.008420 0.001701 -0.002627
-0.001508 -0.002318 -0.000549
-0.004630 -0.002715 -0.004343
-0.006383 0.005651 -0.000128
-0.008362 -0.000087 -0.008637
0.005648 -0.002286 -0.003302
-0.003058 -0.001755 0.004093
-0.006634 -0.003004 0.002540
-0.001179 -0.004976 0.009426
-0.004299 -0.001472 -0.000964
-0.000969 0.011842 -0.000163
0.002795 -0.012610 0.000748
-0.011943 -0.006122 0.004317
0.003957 -0.001976 0.001167
-0.003761 -0.000029 0.003052
-0.004657 0.003745 0.002222
0.001381 0.017975 0.004756
0.022644 0.016532 -0.000324
0.003008 -0.004176 -0.004689
0.002912 0.003962 -0.000112
0.009214 0.002185 0.001488
-0.000757 -0.006388 -0.006100
0.002148 -0.001758 0.004815
-0.022547 -0.005831 -0.005008
0.003304 0.004519 0.011521
0.000451 -0.011503 -0.009794
0.018467 -0.000426 0.001063
-0.003433 0.003138 0.007541
-0.012687 -0.002217 0.001684
0.000796 0.006956 0.004696
-0.002732 0.001072 0.002642
-0.004297 0.004317 0.002611
-0.003372 0.007235 -0.001617
0.005454 -0.000605 -0.001011
0.004833 -0.001188 -0.003971
0.002743 0.002032 -0.000339
0.009998 0.005894 0.001911
-0.001872 -0.006263 -0.006521
0.002347 0.002460 0.006063
-0.022953 0.022860 -0.003339
0.002600 0.004959 0.011933
-0.002050 -0.008291 -0.009989
0.020956 0.004875 -0.003947
-0.006608 -0.001704 0.005936
-0.011304 0.007992 0.020122
0.004858 -0.003511 0.001170
-0.007362 0.005771 -0.000455
-0.004041 0.001006 0.001980
-0.006736 0.014951 -0.005626
-0.016722 0.022350 0.000095
-0.016758 0.013844 -0.004322
-0.006559 -0.455986 -0.005245
-0.008941 0.019758 0.000840
-0.002904 -0.004019 -0.007359
0.001247 0.021365 -0.022297
-0.022488 -0.003120 -0.004848
0.001522 0.006958 0.012659
0.026934 0.014032 -0.009259
0.023513 0.006972 -0.003045
-0.004437 0.001283 0.007502
-0.012114 0.005741 0.009256
0.004547 -0.002146 0.001307
-0.001914 0.000919 0.002686
-0.004554 0.001730 0.002367
-0.003684 0.005810 0.000457
0.006262 0.000175 -0.001199
0.005253 -0.000076 -0.004242
0.002876 -0.013016 -0.001404
0.010653 0.006543 0.002212
-0.000862 -0.005644 -0.006169
0.001672 0.010677 -0.000806
-0.022645 -0.005689 -0.005221
0.003403 0.004657 0.010932
-0.001319 -0.006287 -0.009217
0.017577 0.000668 0.000261
-0.007141 -0.000454 0.007719
-0.013000 -0.001788 0.002215
0.009562 0.008428 -0.003782
-0.003084 0.000311 0.002653
-0.004326 0.004333 0.002522
-0.003514 0.005258 -0.001101
0.005320 -0.000651 -0.000962
0.005139 -0.001038 -0.004387
0.002947 0.002056 -0.000962
0.011064 0.004597 0.002127
0.000243 -0.006527 -0.005962
0.002255 0.002357 0.006329
-0.023028 0.024103 -0.007099
0.001999 0.004878 0.011693
-0.001543 -0.007245 -0.009898
0.019096 0.000097 0.000488
-0.002746 0.006618 0.002952
-0.012628 -0.001152 0.001845
0.005048 -0.003617 0.003014
-0.003974 -0.000530 0.003634
-0.004747 0.004822 0.002974
-0.003794 0.006984 -0.001596
0.006121 -0.000616 -0.000672
0.005364 -0.001751 -0.004559
0.003080 0.001990 -0.000619
0.010146 0.005618 0.001767
-0.001002 -0.005410 -0.006506
0.002028 0.002538 0.006078
-0.022113 -0.004171 -0.004410
0.000499 0.004614 0.012570
-0.002246 -0.008697 -0.008903
0.017152 -0.000130 0.001677
-0.006880 -0.002184 0.009081
-0.012687 -0.000545 0.002275
0.004687 -0.002599 0.001481
-0.002197 0.000053 0.003524
-0.004201 -0.003097 0.003160
-0.003595 0.005926 -0.003185
0.006158 0.000000 -0.001076
0.004647 -0.001402 -0.004484
0.003144 0.001398 -0.000082
0.010368 0.004947 0.002186
-0.000938 -0.006492 -0.006193
0.002453 0.003786 0.005107
-0.022599 -0.003125 -0.005493
0.002175 0.004514 0.011505
-0.000663 -0.008261 -0.009390
0.018072 0.000060 0.000453
-0.007039 -0.000311 0.007297
-0.012850 -0.002037 0.002587
0.004895 -0.003452 -0.000732
-0.006913 0.006058 -0.000599
-0.004846 0.004825 0.002352
-0.003509 0.006533 -0.001771
0.006310 -0.000399 -0.000948
0.004609 -0.000971 -0.004087
0.003004 0.002072 -0.000547
0.009877 0.004581 0.002016
-0.001450 -0.005613 -0.006200
0.002431 0.003295 0.006793
-0.022607 -0.004231 -0.005276
0.003331 0.004381 0.011635
0.000165 -0.006753 -0.009468
0.017544 0.000590 0.000429
-0.002369 0.006296 0.012427
