2176.0000 0.05 1
1.875
3.75
6.25
6.25
7.5
16.25
8.75
6.25
17.5
16.25
14.375
16.25
25
16.25
6.25
31.25
23.125
18.125
30
8.75
10
13.125
10
10
16.25
20
25
30
37.5
19.375
23.75
27.5
13.75
26.875
21.875
28.125
21.25
41.25
44.375
30.625
37.5
55
48.75
45.625
41.875
67.5
54.375
49.375
84.375
92.5
98.75
123.125
140
133.75
138.125
154.375
180.625
152.5
157.5
200
177.5
175.625
233.125
251.25
268.125
237.5
235.625
278.75
293.125
311.25
297.5
320
301.875
310.625
326.25
338.125
340.625
364.375
313.75
354.375
372.5
363.75
327.5
363.125
331.875
380.625
312.5
296.875
301.875
287.5
272.5
255.625
231.25
251.875
251.25
298.125
205
251.875
311.875
295
314.375
310
311.25
296.875
253.125
291.25
310.625
296.25
326.25
274.375
281.25
301.875
273.125
320
292.5
311.875
251.875
298.125
351.875
318.75
313.75
319.375
325
363.75
344.375
376.875
401.25
380
388.125
395
397.5
429.375
449.375
473.75
450.625
441.875
452.5
438.125
446.25
419.375
403.125
430.625
382.5
358.125
316.875
353.75
326.875
311.25
316.25
329.375
305.625
276.875
215
254.375
249.375
303.75
278.125
249.375
271.25
223.125
321.875
286.875
326.875
305
301.25
291.875
285
295
351.25
291.25
325
352.5
369.375
356.25
262.5
288.75
211.25
290.625
343.75
265.625
265.625
266.25
259.375
236.25
245
250.625
262.5
325.625
239.375
226.875
240.625
223.75
181.875
243.75
257.5
282.5
255.625
306.875
252.5
265
256.25
204.375
203.75
270.625
255
326.25
343.125
343.75
355
273.75
370.625
291.25
512.5
538.125
508.125
425.625
366.875
261.875
230
203.75
164.375
121.25
65
31.25
10
3.75
1.25
3.75
1.25
0
0
0
0
0
0
0
0
0
0
2.5
0
