0.010794 0.002018 0.000685
-0.004251 -0.001446 0.001568
0.010635 0.003976 0.000313
0.002123 -0.000079 -0.003606
0.007823 0.004114 -0.001189
-0.001056 -0.004573 -0.000730
-0.004780 -0.002248 -0.005097
-0.004928 0.005701 0.000256
-0.008185 0.000420 -0.007318
0.004991 -0.001230 -0.002285
-0.008573 -0.012547 0.008329
-0.005722 -0.002700 0.002307
-0.002777 -0.003981 0.009089
-0.007041 0.002960 -0.001927
0.005462 -0.000103 -0.004948
0.003210 -0.032316 0.002018
0.010532 0.006410 0.001525
-0.005480 -0.001504 0.001521
0.054203 -0.025285 0.000401
0.017695 -0.014681 -0.002753
0.014867 -0.003778 -0.003022
-0.002418 -0.003243 -0.001435
-0.004787 -0.002049 -0.003648
-0.007164 0.006216 0.001209
-0.008588 0.001298 -0.008297
0.007038 0.001271 -0.003946
-0.002682 -0.001413 0.004479
-0.019744 -0.017387 0.002801
-0.000237 -0.004481 0.009865
-0.009622 -0.005241 0.003862
0.001020 -0.008113 -0.009349
0.002566 -0.002516 0.000936
0.010673 0.002129 0.001828
-0.004570 -0.001405 0.001314
0.009119 0.004935 0.000463
0.001702 0.000908 -0.002814
0.012424 -0.003284 0.002054
-0.001100 -0.002296 -0.000410
-0.004437 -0.002452 -0.005418
-0.002349 0.002096 -0.000638
-0.008678 -0.000087 -0.007116
0.005200 -0.000260 -0.002894
0.000733 -0.010375 0.001303
-0.007000 -0.002113 0.003043
-0.035081 -0.027924 0.008492
-0.010342 -0.005531 0.003222
0.005484 0.002284 -0.004827
0.003534 -0.028843 -0.000169
0.010577 0.002163 0.001812
-0.005354 -0.000048 0.000617
0.010499 0.004342 -0.000194
0.002628 -0.000322 -0.003272
0.007277 0.004632 -0.004704
-0.001016 -0.002770 -0.000360
-0.005551 -0.000645 -0.004820
-0.005143 0.004779 0.000240
-0.008318 0.002585 -0.007707
0.006273 0.001687 -0.003824
-0.002761 -0.001565 0.006048
-0.006442 -0.003203 0.002100
-0.000035 -0.006133 0.009561
-0.005482 0.000391 -0.000661
0.004146 0.000886 -0.005488
0.002664 -0.001928 0.001432
0.009069 0.008767 0.001380
-0.003844 -0.000016 0.001788
0.011585 0.005461 -0.000404
-0.012443 -0.014217 -0.003100
0.008677 0.002324 -0.002663
0.001056 -0.002968 0.000727
-0.004618 -0.002067 -0.004179
-0.003207 0.005931 -0.000656
-0.008453 0.000330 -0.008238
0.008994 -0.005820 0.000555
-0.003562 -0.003457 0.004134
0.014222 -0.023394 0.002983
-0.002066 -0.005392 0.009829
-0.006979 0.002536 -0.001813
0.008141 -0.007434 -0.001052
0.002638 -0.001301 0.000891
0.010575 0.003355 0.000947
-0.005125 -0.001430 0.001242
0.009662 0.004192 0.000007
0.002510 -0.000553 -0.003542
0.007931 0.002989 -0.002767
-0.002113 -0.003369 -0.001077
-0.004512 -0.001369 -0.003850
-0.005091 0.005704 0.000450
-0.008461 0.001128 -0.008918
0.005046 -0.001347 -0.002805
-0.003276 -0.003050 0.004785
-0.006945 -0.003178 0.002000
-0.000683 -0.004619 0.009245
-0.004905 0.001243 -0.001896
0.004495 0.001636 -0.006878
0.002343 -0.002545 0.000610
0.011328 0.001695 0.000487
-0.051374 -0.039815 0.001873
0.010132 0.004840 0.000041
0.001988 0.000878 -0.003520
0.011627 -0.002982 -0.006920
0.001294 -0.006344 0.001443
-0.005343 -0.028745 -0.044023
-0.005081 0.006947 0.000113
-0.006066 -0.018930 0.021352
0.009264 -0.007009 0.001898
-0.003151 -0.001679 0.002925
-0.007460 -0.002319 0.003714
-0.001049 -0.005225 0.009596
-0.005552 0.001533 -0.001632
0.005359 0.000157 -0.005112
0.002679 -0.002223 0.000794
0.010842 0.001405 0.001070
-0.004791 -0.000114 0.001193
0.008041 0.004380 -0.000098
0.002441 -0.000681 -0.003639
0.007747 0.002729 -0.002713
-0.002413 -0.003394 -0.000556
-0.004821 -0.001858 -0.004149
-0.005148 0.005486 0.000076
-0.008601 0.001801 -0.008873
0.004514 -0.000121 -0.003686
-0.003365 -0.002791 0.004622
-0.005765 -0.003024 0.002064
-0.001442 -0.005362 0.009431
-0.005702 0.000045 -0.000561
0.004224 0.001505 -0.004508
0.002565 -0.001274 0.000779
-0.013493 0.001760 0.002683
0.004373 -0.003123 0.001683
-0.001713 0.003566 0.003247
-0.004116 0.000723 0.002748
-0.003477 0.006421 -0.000540
0.005487 -0.001176 0.000339
0.004529 0.000934 -0.005898
0.003558 0.000549 -0.000319
0.009840 0.006588 0.003294
-0.000868 -0.006232 -0.005879
0.002336 0.006334 0.006119
-0.022424 -0.005031 -0.005081
0.002788 0.004770 0.011598
-0.000623 -0.006248 -0.010724
0.018002 0.000848 0.000506
-0.006396 0.000696 0.007910
-0.012937 -0.001810 0.001847
0.009436 -0.013049 0.005680
-0.001741 0.003389 0.003719
-0.004000 0.002433 0.001969
-0.003687 0.004294 -0.001503
0.005480 0.004719 -0.000698
0.003939 -0.001556 -0.004283
0.002865 -0.000580 -0.000222
0.003301 -0.000940 0.001786
0.000268 -0.005396 -0.006360
0.002215 0.003441 0.005657
-0.022355 -0.028165 0.016967
0.003938 0.005338 0.011917
-0.000208 -0.007825 -0.009625
0.014700 -0.004636 -0.004321
-0.005050 0.001614 0.007579
-0.015678 -0.015843 0.031955
0.004459 -0.002945 0.001708
0.000751 -0.003957 -0.002228
0.004701 0.479646 -0.002973
-0.002986 0.006327 -0.002378
0.006680 -0.000772 -0.001100
0.001646 -0.006231 -0.008925
0.003136 0.003289 -0.000159
0.005645 0.000688 0.006614
-0.000659 -0.004850 -0.006301
0.005328 -0.004843 -0.012966
-0.022085 -0.003313 -0.005057
0.000240 0.001569 0.010146
0.002238 -0.011456 -0.013061
0.017545 0.001181 -0.000079
-0.006824 0.001225 0.007678
-0.012966 -0.003925 0.005535
0.005210 -0.004399 0.000843
-0.002855 0.001296 0.002774
-0.004129 0.013167 0.002322
-0.007078 -0.003295 0.003416
0.004792 -0.001435 -0.002231
0.005146 0.001510 -0.003042
0.003217 0.002448 -0.000831
0.010315 0.007330 0.000032
-0.000825 -0.004485 -0.006181
0.002585 -0.000667 0.002127
-0.021960 0.006994 -0.005357
0.003120 0.003907 0.011036
-0.001150 -0.005511 -0.008524
0.017117 0.003142 0.001374
-0.005718 0.000666 0.007687
-0.012762 -0.000455 0.002420
0.000771 -0.011381 -0.002617
0.001050 -0.003462 -0.001101
-0.004444 0.002411 0.002813
-0.003445 0.007959 -0.000935
0.006070 0.000946 -0.000653
-0.001736 -0.006581 -0.004429
0.003453 -0.000474 -0.000604
0.008309 0.004896 0.001963
-0.002252 -0.004823 -0.006084
0.002056 0.003034 0.006436
-0.022292 -0.027645 -0.026580
0.001405 0.005323 0.011920
0.000693 -0.009378 -0.009534
0.016336 0.002317 0.001149
0.014574 -0.015112 0.007164
-0.012512 -0.000516 0.001691
0.005018 -0.002315 0.002269
-0.002832 0.001005 0.002962
-0.004205 0.002257 0.003039
-0.003439 0.005660 -0.001862
0.006132 -0.001654 -0.001039
0.005297 -0.000518 -0.004512
0.003115 -0.000056 -0.000448
0.010795 0.005925 0.001978
-0.001132 -0.006299 -0.006719
0.002420 0.003432 0.006841
-0.023125 -0.021973 -0.021204
0.001656 0.004544 0.012226
-0.002158 -0.007242 -0.009533
0.018504 0.001567 0.001867
-0.007260 -0.000209 0.007928
-0.012447 -0.002018 0.002672
0.004595 -0.001742 0.000890
-0.002627 0.001869 0.002790
-0.004387 0.002745 0.002737
0.000032 -0.002554 -0.006214
0.006994 -0.000610 -0.000447
0.001154 -0.006022 -0.000142
0.003025 0.007222 -0.000869
0.005827 0.001326 -0.001548
-0.001253 -0.008419 -0.004835
0.001990 0.002200 0.004713
-0.022530 -0.005551 -0.005071
0.002356 0.005541 0.011418
0.003302 -0.011504 -0.005765
0.013454 -0.005035 -0.004631
-0.007443 0.001650 0.007598
-0.012855 -0.000837 0.002092
0.004586 -0.002201 0.000371
-0.002872 0.002214 0.002901
-0.004537 0.002635 0.002051
-0.003678 0.005877 -0.001826
0.006212 0.000005 -0.001198
0.005136 -0.000530 -0.004427
0.003279 -0.000031 -0.000623
0.010582 0.005742 0.002083
-0.000527 -0.006106 -0.006160
0.002287 0.003797 0.006615
-0.021974 -0.022842 0.011513
0.002899 0.004301 0.011423
-0.000842 -0.006510 -0.009971
0.017844 0.000524 0.000546
-0.006344 0.000890 0.007810
