2176.0000 0.05 1
1.11111
4.44444
11.1111
2.22222
11.1111
4.44444
13.3333
11.1111
20
11.1111
6.66667
11.1111
24.4444
23.3333
17.7778
23.3333
26.6667
18.8889
13.3333
32.2222
18.8889
8.88889
4.44444
10
14.4444
14.4444
36.6667
40
22.2222
41.1111
11.1111
26.6667
17.7778
33.3333
22.2222
32.2222
26.6667
27.7778
40
24.4444
32.2222
46.6667
36.6667
47.7778
70
55.5556
56.6667
41.1111
75.5556
111.111
95.5556
126.667
127.778
138.889
148.889
146.667
161.111
190
192.222
200
216.667
267.778
192.222
230
232.222
288.889
235.556
278.889
255.556
265.556
290
297.778
317.778
346.667
312.222
350
286.667
345.556
304.444
308.889
297.778
298.889
291.111
277.778
314.444
273.333
251.111
283.333
290
302.222
310
320
322.222
310
333.333
318.889
313.333
294.444
293.333
300
305.556
287.778
330
364.444
313.333
357.778
375.556
367.778
346.667
347.778
345.556
291.111
253.333
213.333
182.222
155.556
188.889
238.889
264.444
333.333
355.556
397.778
417.778
395.556
431.111
410
447.778
400
386.667
352.222
348.889
373.333
344.444
393.333
385.556
373.333
384.444
430
404.444
458.889
404.444
410
411.111
357.778
358.889
374.444
368.889
378.889
437.778
413.333
410
436.667
403.333
341.111
347.778
324.444
348.889
316.667
326.667
257.778
284.444
260
275.556
256.667
242.222
222.222
278.889
206.667
247.778
211.111
234.444
258.889
225.556
242.222
230
214.444
208.889
230
176.667
205.556
173.333
198.889
173.333
177.778
256.667
236.667
232.222
210
214.444
168.889
176.667
196.667
262.222
240
221.111
274.444
240
227.778
262.222
345.556
346.667
313.333
305.556
327.778
307.778
333.333
380
418.889
425.556
426.667
447.778
431.111
513.333
476.667
502.222
468.889
434.444
352.222
310
232.222
116.667
6.66667
1.11111
0
0
0
0
0
0
0
0
0
0
0
0
0
0
0
0
0
0
0
0
0
2.22222
4.44444
0
0
2.22222
0
4.44444
2.22222
0
3.33333
4.44444
0
2.22222
4.44444
0
4.44444
6.66667
2.22222
0
6.66667
1.11111
0
0
0
0
2.22222
0
2.22222
0
