0.001929 0.008775 0.012291
-0.009599 0.002264 0.000722
-0.006480 0.023653 -0.001925
0.012393 0.008525 -0.002378
-0.001789 0.015363 -0.006293
-0.009077 0.000209 -0.001995
-0.000770 0.004052 0.004223
0.000627 -0.016386 -0.002092
-0.003512 -0.012104 -0.001034
-0.010533 -0.005470 0.002020
0.009396 -0.008853 -0.001136
-0.010037 -0.005561 -0.003309
0.004623 -0.006623 0.003650
-0.007143 -0.019961 -0.009771
-0.004089 0.001053 0.002112
0.013500 -0.011302 0.002061
0.000248 0.011208 0.012459
-0.009585 0.000856 0.001029
-0.003384 0.017855 0.000515
0.011555 0.008959 -0.003107
-0.000515 0.017636 -0.005487
-0.010028 0.000837 -0.002053
-0.000915 0.002766 0.004867
0.000898 -0.015151 -0.003308
-0.002975 -0.010931 -0.001505
-0.011900 -0.007082 -0.000943
0.011684 -0.006644 0.000762
-0.009274 -0.006019 -0.003057
0.005109 -0.008063 0.002568
0.003763 -0.018868 -0.000418
-0.004912 -0.000178 0.000661
0.014686 -0.011658 0.002745
-0.000286 0.009668 0.012233
-0.009249 0.002234 -0.000227
0.003145 0.026864 0.000765
0.001004 0.057936 -0.006338
-0.000227 0.015619 -0.006169
-0.008715 0.000481 -0.003032
0.000210 0.000428 0.004304
-0.000379 -0.014541 -0.002389
-0.001172 -0.010354 -0.000354
-0.009073 0.002886 0.001200
0.011449 -0.009774 0.001317
-0.010479 -0.009621 -0.001621
0.005227 -0.008483 0.004492
0.003834 -0.023825 -0.002061
-0.003382 -0.000135 0.001846
0.013289 -0.010312 0.002843
-0.000395 0.008609 0.011074
-0.008298 0.001370 0.001591
-0.000593 0.019201 0.000814
0.012936 0.006836 -0.002020
-0.002131 0.015301 -0.006331
-0.010645 -0.000273 -0.002262
0.006619 0.043688 -0.001362
0.000617 -0.015778 -0.002701
-0.004287 -0.011239 -0.002045
-0.011546 -0.005081 -0.001631
0.010840 -0.005688 0.000429
0.000690 -0.007159 0.008010
-0.029627 0.006883 -0.038974
0.003884 -0.019297 -0.001795
-0.003568 0.001233 0.001502
0.013709 -0.010615 0.007519
0.001434 0.008052 0.011485
-0.008587 0.000878 0.000480
-0.006186 0.025709 0.003720
0.010964 0.009069 -0.003268
-0.006372 0.022425 -0.006367
-0.011547 0.009818 -0.002210
-0.000655 0.003706 0.004638
0.000035 -0.015401 -0.003017
-0.003981 -0.011336 -0.001224
-0.010843 -0.004437 -0.001466
0.002188 -0.008627 0.010894
-0.010235 -0.006397 -0.003698
0.004658 -0.007113 0.004393
0.001474 -0.021791 0.001005
-0.003563 0.002762 0.001600
0.013187 -0.010441 0.002777
-0.000470 0.013043 0.012366
-0.009278 0.002081 0.000677
-0.001411 0.019495 0.000706
0.012177 0.007683 -0.002698
0.003227 0.020622 -0.004845
-0.011316 0.005571 -0.008216
-0.000951 0.003527 0.004723
-0.000124 -0.015450 -0.001327
-0.003429 -0.012337 0.000560
-0.010889 -0.004944 -0.002102
0.012009 -0.007473 0.001487
-0.010206 -0.007804 -0.002134
0.004701 -0.007831 0.003748
0.004252 -0.020833 -0.001775
-0.003008 0.068094 0.083747
0.014469 -0.011602 0.003403
0.028892 0.006731 0.012578
-0.000688 -0.585355 -0.017061
-0.002783 0.028530 0.001222
0.012229 0.005193 -0.002313
0.002495 0.019488 -0.008587
-0.009631 0.006019 0.001793
-0.001794 0.003689 0.003608
-0.039055 -0.000230 0.046697
0.032093 0.003775 0.042341
-0.011537 -0.006525 -0.001647
0.007196 -0.000814 0.000058
-0.004129 0.001449 -0.003823
0.003333 -0.007639 0.003387
-0.001313 -0.014430 0.000051
-0.003716 0.000844 0.003641
0.012967 -0.012342 0.002621
-0.001128 0.009686 0.012402
-0.007750 0.001229 -0.000500
-0.000938 0.018260 0.000870
0.012288 0.007091 -0.002963
0.001056 0.026930 -0.004953
-0.007516 0.006058 -0.001683
-0.000864 0.002918 0.004967
-0.001387 -0.016422 -0.002230
-0.003244 -0.011042 -0.000621
-0.009053 -0.005861 -0.002311
0.012131 -0.006626 0.001527
-0.007579 -0.008524 -0.005234
0.004005 -0.007781 0.001850
0.002416 -0.018992 -0.000770
-0.003706 0.000130 0.001364
0.013697 0.007922 -0.018680
-0.000553 -0.000744 -0.005123
0.006407 0.008374 -0.002041
-0.009459 0.009512 0.003768
0.007122 0.022916 -0.002219
-0.000511 -0.002662 -0.000468
0.001678 0.003603 -0.010692
-0.008258 -0.001842 0.000192
0.004193 0.004428 -0.003189
0.000120 0.008513 -0.001726
0.019129 -0.014217 0.005132
-0.008619 0.011356 0.002195
-0.005482 -0.000722 0.000618
0.010695 -0.006133 0.000082
-0.003988 -0.006018 0.003771
0.009659 -0.009100 0.001464
-0.016547 -0.011226 0.001317
0.000060 0.000958 -0.007811
0.008240 0.006371 -0.001940
-0.010289 0.010634 0.001992
0.007853 0.023725 -0.001197
-0.000010 -0.002810 -0.001093
-0.000612 0.005737 -0.009964
-0.008025 -0.002056 0.001117
0.005071 0.006455 0.000261
-0.000337 0.007990 -0.001207
0.015849 -0.012426 0.002865
-0.008940 0.010627 0.003923
-0.004229 -0.003383 -0.001699
0.011969 -0.005541 0.000148
-0.004434 -0.007120 0.002590
0.010450 -0.010078 0.002671
-0.017695 -0.012504 0.001828
0.001104 -0.001711 -0.003871
0.007951 0.005666 -0.002957
-0.010139 0.007680 0.002930
0.006821 0.021335 -0.002074
0.000092 0.007110 0.000097
-0.007368 0.014168 -0.010265
-0.007422 -0.002512 -0.000262
0.010886 0.016988 0.000074
-0.002738 0.012595 -0.002764
0.018143 -0.011437 0.002247
-0.009068 0.009770 0.001144
-0.006815 0.004201 -0.004022
0.012574 -0.004663 -0.000074
0.000003 -0.000137 0.001880
0.009680 -0.009755 0.001937
-0.017074 -0.012955 0.001011
-0.001071 0.002137 -0.005101
0.005312 0.007011 -0.001819
-0.009923 0.011490 0.002893
0.005080 0.023109 -0.003119
0.001222 -0.002960 -0.000528
-0.000398 0.002288 -0.006500
-0.009673 -0.002584 0.000701
0.002314 0.004797 0.000001
0.000541 0.016729 -0.002345
0.017538 -0.011965 0.002705
-0.008945 0.009233 0.002225
-0.004967 0.000314 -0.005214
0.011032 -0.004600 0.001365
-0.001899 -0.006127 0.005180
0.008936 -0.011117 0.000095
-0.016134 -0.010824 0.001602
0.001386 0.002909 -0.004959
0.007359 0.007707 -0.002508
-0.008905 0.009933 0.000939
0.006354 0.023048 -0.001469
-0.000330 -0.002573 -0.000891
0.001588 0.004049 -0.009527
-0.007000 -0.003088 0.000976
0.003621 0.003482 0.002951
0.001740 0.007116 -0.002230
0.015513 -0.004664 0.006941
-0.007951 0.009296 0.002190
-0.005505 -0.001789 0.000345
0.010966 -0.004862 -0.000072
-0.004129 -0.006021 0.000180
0.010560 -0.012983 0.001187
-0.016410 -0.010684 0.000709
0.000196 0.000710 -0.002123
-0.021934 0.006897 -0.003988
-0.009176 0.011267 0.003134
0.006636 0.023286 -0.001266
-0.000620 -0.002011 -0.000219
0.001637 0.005473 -0.009709
-0.008100 0.002235 0.001227
0.003083 0.006163 -0.000735
0.001030 0.010109 -0.007104
0.018480 -0.010640 0.003045
-0.008297 0.011177 -0.002183
-0.005465 -0.001080 0.000138
0.042130 0.012355 -0.035870
-0.002871 -0.004715 0.005791
0.012025 -0.011798 0.004530
-0.016797 -0.012851 -0.000904
-0.000806 0.001619 -0.008888
0.007421 0.010088 -0.001524
-0.061141 0.067618 0.002603
0.062657 0.078916 -0.000592
-0.001345 0.011182 0.000059
0.012826 0.025522 -0.010539
-0.008492 0.000627 -0.000132
-0.008042 0.026420 0.000303
0.000961 0.013407 0.003710
0.017130 -0.010858 0.006870
-0.009768 0.025914 0.022863
-0.004547 -0.001993 -0.001346
0.012504 -0.006591 -0.001623
-0.004253 -0.006359 0.003269
0.018886 -0.011726 -0.007209
-0.017911 0.060198 -0.068016
-0.002978 -0.002398 -0.005074
0.004612 0.005857 -0.003087
-0.010691 0.011141 0.001966
0.006374 0.023279 0.000477
0.001195 -0.003103 0.000203
0.000055 0.004537 -0.013125
-0.009520 -0.002223 0.000662
0.002459 0.005525 -0.000618
-0.001123 0.006768 -0.002029
0.018361 -0.013038 0.004114
-0.007998 0.010011 0.001240
-0.004982 -0.000179 0.000038
0.011247 -0.004758 -0.000500
-0.003701 -0.005228 0.003912
0.014527 -0.003581 0.002683
-0.016841 -0.012234 0.000906
