2176.0000 0.05 1
1.11111
4.44444
11.1111
2.22222
11.1111
4.44444
13.3333
11.1111
20
11.1111
6.66667
11.1111
24.4444
23.3333
17.7778
23.3333
26.6667
18.8889
13.3333
32.2222
18.8889
11.1111
2.22222
10
14.4444
16.6667
34.4444
37.7778
25.5556
40
11.1111
26.6667
17.7778
31.1111
24.4444
32.2222
26.6667
27.7778
40
24.4444
32.2222
46.6667
36.6667
47.7778
70
55.5556
56.6667
41.1111
80
108.889
93.3333
126.667
127.778
134.444
153.333
144.444
161.111
192.222
187.778
204.444
216.667
267.778
192.222
230
232.222
288.889
236.667
277.778
255.556
263.333
288.889
298.889
320
337.778
318.889
350
284.444
347.778
303.333
310
295.556
301.111
293.333
277.778
312.222
275.556
248.889
283.333
292.222
300
312.222
315.556
324.444
307.778
334.444
320
314.444
295.556
293.333
297.778
306.667
286.667
332.222
357.778
318.889
357.778
372.222
361.111
353.333
352.222
343.333
291.111
251.111
217.778
175.556
160
188.889
241.111
264.444
333.333
347.778
401.111
413.333
397.778
433.333
410
450
402.222
382.222
356.667
342.222
373.333
347.778
396.667
383.333
376.667
383.333
423.333
408.889
454.444
411.111
407.778
411.111
356.667
360
374.444
368.889
374.444
437.778
415.556
410
436.667
405.556
336.667
354.444
322.222
351.111
312.222
331.111
255.556
284.444
260
272.222
257.778
242.222
224.444
274.444
213.333
244.444
214.444
232.222
258.889
223.333
242.222
234.444
214.444
206.667
227.778
178.889
205.556
174.444
200
175.556
174.444
252.222
233.333
237.778
211.111
216.667
168.889
176.667
196.667
262.222
238.889
220
272.222
243.333
224.444
260
352.222
337.778
320
303.333
330
307.778
331.111
381.111
417.778
430
421.111
447.778
434.444
507.778
481.111
500
476.667
432.222
350
310
226.667
120
8.88889
1.11111
0
0
0
0
0
0
0
0
0
0
0
0
0
0
0
0
0
0
0
0
0
2.22222
4.44444
0
2.22222
0
0
2.22222
0
8.88889
0
3.33333
2.22222
0
4.44444
2.22222
4.44444
4.44444
2.22222
2.22222
2.22222
3.33333
0
2.22222
0
0
2.22222
0
2.22222
0
