0.000119 0.011159 0.011794
-0.012162 -0.003059 0.000764
-0.002300 0.019693 0.000589
0.010494 0.007675 -0.002928
-0.000724 0.017352 -0.005489
-0.008727 0.001106 -0.002252
-0.005106 0.001813 0.000562
-0.000721 -0.016152 -0.002614
-0.004196 -0.011901 -0.000474
-0.011437 -0.005524 -0.001218
0.011875 -0.006148 0.000351
-0.008237 -0.006946 -0.001895
0.005788 -0.008572 0.006308
0.002733 -0.018735 -0.001622
-0.004326 0.000203 0.001045
0.012610 -0.010371 0.002342
0.000222 0.010629 0.009787
-0.010276 0.006550 0.001942
0.002246 0.018567 0.001291
0.009814 0.008436 -0.003607
-0.001388 0.016063 -0.005310
-0.008068 0.001768 -0.003135
0.000204 0.000497 0.004939
0.002753 -0.016639 -0.005514
-0.000618 -0.011119 -0.001498
-0.011814 -0.004833 -0.002264
0.010244 -0.006953 0.000238
-0.009003 -0.005999 -0.003429
0.003483 -0.006561 0.004286
0.006246 -0.021245 -0.001645
-0.003984 0.000174 0.003358
0.014211 -0.011361 0.003316
0.000657 0.010955 0.013165
-0.008968 0.006699 0.001065
-0.002344 0.019535 0.000282
0.012704 0.007403 -0.003574
-0.092013 0.040565 -0.013763
-0.013799 0.012916 -0.002083
-0.005676 -0.010356 0.004924
-0.002721 -0.011920 -0.006985
0.004909 -0.010003 -0.002368
-0.012528 -0.005410 -0.002656
0.014234 -0.008660 0.001335
-0.010445 -0.007205 -0.004433
0.003614 -0.008455 0.003499
0.002725 -0.019253 -0.000456
-0.059018 0.035606 0.088070
0.015838 -0.013265 0.003984
-0.001244 0.010896 0.010684
-0.008433 0.000612 0.000670
-0.000355 0.018651 0.000040
0.009896 0.007699 -0.002186
-0.000831 0.015721 -0.005891
-0.014407 -0.007856 -0.001938
-0.002304 0.008491 0.005120
-0.000963 -0.015911 -0.001825
-0.002403 -0.010918 -0.001376
-0.010560 -0.006853 -0.004802
0.012537 -0.005737 0.000750
-0.010322 -0.002190 -0.005170
-0.005748 0.003067 0.019040
0.001767 -0.018937 -0.000832
-0.004309 0.001197 0.002066
0.014544 -0.010324 0.005026
0.000256 0.010497 0.012373
-0.006325 0.003331 0.000987
0.002511 0.019632 0.000970
0.012857 0.007164 -0.003265
-0.000601 0.018479 -0.006403
-0.010423 0.001094 -0.001465
-0.006442 0.002579 0.008793
-0.000677 -0.014717 -0.003181
-0.002986 -0.011180 -0.002106
-0.012103 -0.004448 -0.001639
0.010701 -0.005491 0.001533
-0.019758 -0.003824 -0.000506
0.001300 -0.002006 0.007453
0.003394 -0.018678 -0.001366
0.000040 0.003039 0.000868
0.014958 -0.012441 0.003673
-0.001894 0.010554 0.011668
-0.007585 0.001375 0.000567
-0.002241 0.019689 -0.000332
0.014552 0.009649 -0.002806
0.001113 0.015530 -0.006672
-0.016539 0.001215 0.001602
-0.001402 0.003484 0.004824
0.000377 -0.013090 0.001202
-0.002699 -0.011157 -0.002299
-0.010760 -0.004091 0.000146
0.011365 -0.006385 -0.001692
-0.008468 -0.006850 -0.002880
0.003121 -0.008046 0.002929
0.004398 -0.019771 -0.000132
-0.002844 0.000410 0.001908
0.015077 -0.010071 0.002755
-0.020993 0.071962 0.011794
-0.019451 0.002733 0.000622
0.619838 0.010187 -0.018054
0.013546 0.008220 -0.002509
-0.000504 0.015249 -0.005334
-0.015189 0.000880 -0.006813
-0.000418 0.003503 0.004375
-0.009796 -0.005373 -0.018648
-0.003241 -0.012896 0.000758
-0.014696 -0.009926 0.002564
-0.046200 -0.040784 -0.068460
-0.006159 -0.003574 -0.002613
0.004005 -0.008587 0.003995
-0.060003 -0.056788 0.080780
-0.005009 -0.000214 0.002007
0.012041 -0.013559 -0.000159
-0.001701 0.010899 0.013270
-0.007607 0.000904 0.000299
-0.001504 0.017913 0.001437
0.008146 0.008054 -0.002384
-0.009060 0.016455 -0.005174
-0.008632 0.000946 -0.002601
0.001134 0.002692 0.004456
0.000014 -0.015797 -0.003240
-0.003998 -0.011350 -0.000516
-0.021944 -0.017207 0.015163
0.009799 -0.006817 -0.000052
-0.008952 -0.007107 -0.002985
0.004525 -0.004721 0.000045
0.004629 -0.019129 -0.001151
-0.003875 -0.000114 0.000796
0.004009 -0.011877 0.004220
-0.000674 0.003548 -0.006160
-0.004606 0.006509 -0.002776
-0.008799 0.010543 0.002716
0.006048 0.024482 -0.001609
-0.000334 -0.003149 -0.000115
0.002277 0.004886 -0.010277
-0.008924 -0.002022 0.000028
0.002715 0.006026 -0.000352
0.001539 0.008408 -0.001511
0.018357 -0.011732 0.003242
-0.008477 0.009747 0.002037
-0.005245 -0.000426 -0.001463
0.011437 -0.004330 0.001172
-0.003824 -0.005227 0.004411
0.009552 -0.010610 0.003091
-0.013759 -0.010148 0.002208
-0.002051 0.003401 -0.005152
0.007372 0.003619 -0.003644
-0.007542 0.008430 0.002269
0.004960 0.023125 -0.001714
0.000687 -0.002401 -0.000281
0.001809 0.004031 -0.010263
-0.009186 -0.002961 0.000596
0.001134 0.005927 0.000109
-0.001351 0.007551 -0.001969
0.016867 -0.010400 0.004601
-0.009120 0.009794 0.001686
-0.004324 -0.000896 -0.000214
0.014975 -0.005562 0.000102
-0.003339 -0.005577 0.004848
0.011005 -0.010678 0.000617
-0.016667 -0.012227 -0.000711
-0.000559 0.002890 -0.005185
0.007460 0.004854 -0.002164
-0.008522 0.008487 0.001755
0.007172 0.021300 -0.001009
-0.003565 0.002932 -0.001361
0.002641 0.003460 -0.010020
-0.025348 0.000778 -0.000264
0.002721 0.004468 -0.000083
-0.010489 0.007574 -0.001607
0.018710 -0.011740 0.002960
-0.008019 0.010553 0.002116
-0.004297 -0.001152 0.000535
0.019840 -0.006094 0.002528
-0.005358 -0.005855 0.005465
0.000615 -0.008979 -0.000843
-0.080355 0.024688 -0.074227
-0.017686 -0.050350 -0.006611
0.004952 0.014034 -0.002973
-0.009573 0.010303 0.003072
0.004738 0.022648 -0.002545
-0.001185 -0.004567 -0.005045
0.000454 0.006890 -0.003885
-0.006500 -0.002168 0.000963
0.004321 0.006377 0.003427
-0.011163 0.008807 -0.002732
0.017758 -0.012193 0.002658
-0.009817 0.007980 0.005931
-0.003818 -0.003153 -0.001335
0.011976 -0.004781 0.000101
-0.011892 -0.016550 -0.011616
0.011084 -0.009921 0.001775
-0.017011 -0.012181 0.001043
0.000095 0.004272 -0.004434
0.008635 0.008352 -0.002575
-0.020894 0.010267 0.002577
-0.011646 0.020528 -0.001499
0.003144 -0.004247 -0.000951
-0.009801 0.005881 -0.009775
-0.009521 -0.002505 0.000684
0.002655 0.005623 0.000135
0.002307 0.008561 -0.002425
0.019481 -0.012530 0.002631
-0.006295 0.007521 0.001277
-0.005294 -0.000395 0.000591
0.010700 -0.005709 -0.000508
-0.004288 -0.005312 0.003642
0.009548 -0.008919 0.002392
-0.017448 -0.012034 0.001351
0.000613 0.004970 -0.006328
0.010270 0.006534 -0.002839
-0.010313 0.009778 0.002545
0.006642 0.025929 -0.001467
-0.000041 -0.001527 -0.000606
-0.001573 0.000432 -0.010257
-0.007415 -0.002893 -0.002903
0.002335 0.006609 0.001238
0.002691 0.006568 -0.003036
0.018766 -0.011203 0.003550
-0.006974 0.011251 0.000767
-0.005408 -0.001380 0.001179
0.011649 -0.006886 -0.001549
-0.002866 -0.004597 0.001989
0.010161 -0.011440 0.001952
-0.017891 -0.012268 0.001108
0.000072 0.004050 -0.004838
0.007204 0.007908 -0.001979
-0.049347 -0.016345 0.001200
-0.020170 0.026400 -0.001842
-0.009472 -0.002288 0.000022
0.004396 0.004921 -0.009910
-0.006554 -0.003071 0.003323
-0.009338 0.009038 -0.001051
0.002063 0.006496 -0.000728
0.019812 -0.013314 0.008266
-0.017392 0.009520 0.000891
-0.005205 -0.001209 -0.000155
0.012564 -0.005676 0.001108
-0.005498 -0.008416 -0.000335
0.008737 -0.006733 0.005740
-0.014623 -0.012384 0.001325
-0.001800 0.002998 -0.005452
0.008129 0.008877 -0.001446
-0.009601 0.011080 0.002009
0.007371 0.020403 -0.002325
0.000826 -0.004723 0.005795
-0.000018 0.007730 -0.017035
-0.008200 -0.002657 0.000355
0.004603 0.007018 -0.003163
-0.001477 0.008251 -0.001615
0.017779 -0.011685 0.002837
-0.008253 0.011544 0.001907
-0.004569 -0.001565 0.000151
0.011439 -0.004870 0.000150
-0.002092 -0.007451 0.007354
0.013092 -0.008541 0.001822
-0.017318 -0.012132 0.002021
