284.0000 0.05 1
0.125
0.75
0.25
1.5
0.25
0.75
2
2.5
0.25
0.5
1
3
0.5
0.75
2
4.5
0
1.75
1
4.25
1.5
1
2.5
4.5
1
1.5
3
6.75
1
0
5
1
1.375
3.375
8
2.5
2
5.25
4.75
3.25
1.25
4
5.5
3.75
5
6.25
2.5
6.5
7.5
5
7.25
5.25
4.75
5.5
9.125
9
9.375
13.75
21
14.375
14.25
12.25
21
20.75
20.25
21.25
24
24.375
19.375
29
37.5
25.75
30.625
27.75
36
36
35.75
37.5
39.625
44.25
46.5
38.875
39.75
38.5
46.875
41.625
43.25
37.125
49.5
29.125
36.625
34
38.125
34.625
35.25
37.75
37
33.875
30.5
29.25
24
24.375
27.875
27.25
33.5
31.5
30.5
39.75
39.25
32.75
33.625
34.125
33.375
39.875
39.625
36.75
36.625
38.5
31.375
41
41.375
33.75
39.125
37.625
46
35.125
41.75
38.75
47.5
43.75
45.25
39.5
44.375
40.375
43.375
50
39.5
48.625
49.125
48.25
66.375
47.75
51
58.5
53
61.5
60
73.25
58.75
56.25
44.875
40.125
39.25
42.5
36.375
37.5
42
31.875
29.5
36
32.5
33
33.5
34.125
30.75
23
33
31.25
26.5
35.25
36.625
30.625
33.875
35.875
37.5
34.625
35.75
54.625
44.25
39.25
42.25
41
27.375
36.75
24.625
39.625
40.25
38.5
27.25
31.5
34.25
33
34.25
31.5
35.5
27.75
23
24.875
38.875
25.375
29
26.25
27.375
27.375
31.375
31.75
36.875
31.25
27.75
29.375
28.75
29.5
29
35.75
25
33.875
37.125
31
43
32.5
45.375
43.625
47.75
53
46.5
56.25
50.25
59.875
54.25
42.25
46.25
40.25
33
36.75
24
26.25
22.25
26
19.75
18.5
5.25
7
10.25
4.25
13.5
5.25
12
6.25
9.75
6.625
10.75
11.5
6.75
8
6
5.25
12
7.75
6.25
10.5
7.5
5
8
9.25
9
7.25
5
7.875
8.5
11.625
4.375
7.75
7.75
4.25
4.25
3.5
5.5
6.75
4.5
2.5
5.5
7
4.5
4.75
3.5
1.75
4.5
3
2.75
3.5
2.5
2
3
0.25
1.25
1.5
2.5
3
1
1
1
1.25
1.25
2.25
1
1
0.75
0.5
0.5
1.5
2
0
0
1
1
0.5
1.125
0.5
1.75
0
0
1
1
1
1
0.5
1
0
0
1.5
0
1
1
0
0
0
0
0
0.5
0
0
0
0
0.75
1
0
0.5
0.25
0
0
0.5
0
0
0
0
1
0
0
0
0.5
0
