-3.86567 3.86567 -3.86529
3.86567 -3.86567 -3.86529
-7.73428 -7.73428 0
1 0 0
0 1 0
0 0 1
0.2508511252802208 0.7491488747197792 0.7500000000000000	Ir
0.7491488747197792 0.2508511252802208 0.7500000000000000	Ir
0.0000000000000000 0.0000000000000000 0.5000901830215696	Ir
0.0000000000000000 0.0000000000000000 0.9999098169784304	Ir
0.1263224254691835 0.3755373723716247 0.6240735095004410	Ir
0.6244626276283753 0.8736775745308165 0.6240735095004410	Ir
0.3763869916123568 0.1255441184550818 0.3740755706380057	Ir
0.1255441184550818 0.3763869916123568 0.1259244293619943	Ir
0.6236130083876432 0.8744558815449182 0.1259244293619943	Ir
0.3755373723716247 0.1263224254691835 0.8759264904995590	Ir
0.8744558815449182 0.6236130083876432 0.3740755706380057	Ir
0.8736775745308165 0.6244626276283753 0.8759264904995590	Ir
0.8736775745308165 0.6244626276283753 0.6240735095004410	Ir
0.3755373723716247 0.1263224254691835 0.6240735095004410	Ir
0.1255441184550818 0.3763869916123568 0.3740755706380057	Ir
0.8744558815449182 0.6236130083876432 0.1259244293619943	Ir
0.3763869916123568 0.1255441184550818 0.1259244293619943	Ir
0.1263224254691835 0.3755373723716247 0.8759264904995590	Ir
0.6236130083876432 0.8744558815449182 0.3740755706380057	Ir
0.6244626276283753 0.8736775745308165 0.8759264904995590	Ir
0.2506808832715208 0.7493191167284792 0.4985155605788165	Ir
0.7493191167284792 0.2506808832715208 0.4985155605788165	Ir
0.5000000000000000 0.5000000000000000 0.2500000000000000	Ir
0.2506808832715208 0.7493191167284792 0.0014844394211835	Ir
0.7493191167284792 0.2506808832715208 0.0014844394211835	Ir
0.5000000000000000 0.5000000000000000 0.7500000000000000	Ir
0.0000000000000000 0.0000000000000000 0.2500000000000000	Ir
0.0000000000000000 0.0000000000000000 0.7500000000000000	Ir
0.5000000000000000 0.5000000000000000 0.5002762310777911	Ru
0.2510105590563256 0.7489894409436744 0.2500000000000000	Ru
0.7489894409436744 0.2510105590563256 0.2500000000000000	Ru
0.5000000000000000 0.5000000000000000 0.9997237689222089	Ru
