2176.0000 0.05 1
1.875
3.75
6.25
6.25
7.5
16.25
8.75
7.5
17.5
15
14.375
16.25
25
16.25
6.25
31.25
23.125
18.125
30
8.75
10
13.125
10
10
16.25
20
25
30
37.5
19.375
23.75
27.5
13.75
26.875
21.875
28.125
21.25
40
45.625
30.625
37.5
55
48.75
45.625
41.875
67.5
55.625
46.875
85
91.875
98.75
125.625
137.5
135
138.125
154.375
181.25
153.125
155
200.625
177.5
174.375
233.125
252.5
268.75
237.5
233.125
279.375
295.625
309.375
297.5
321.25
300
311.875
322.5
340
339.375
363.125
314.375
353.75
372.5
368.125
325
363.75
333.125
379.375
314.375
295.625
302.5
290
270.625
252.5
234.375
245
258.75
295
208.75
250
311.25
295.625
308.75
312.5
311.25
301.25
245.625
298.75
305.625
297.5
328.125
273.75
279.375
300.625
277.5
320
290
314.375
248.75
299.375
351.25
320
314.375
318.75
324.375
363.75
344.375
376.875
401.25
378.125
387.5
396.875
397.5
433.125
446.875
473.75
449.375
443.75
450.625
438.125
443.75
421.25
405
431.875
381.25
355.625
320
353.75
328.75
308.75
311.25
333.75
305
276.875
215
256.875
249.375
303.125
280
245
273.125
225.625
314.375
293.125
326.875
302.5
305
288.75
285
296.25
347.5
298.125
316.875
356.25
372.5
352.5
256.875
295
214.375
288.125
343.75
265.625
264.375
267.5
258.125
236.25
248.75
248.75
260
327.5
241.25
228.75
234.375
227.5
178.125
247.5
258.75
281.25
253.125
305.625
255
266.25
255
206.875
198.125
274.375
256.875
322.5
346.875
341.875
356.875
273.75
368.125
289.375
513.125
528.125
520
425
363.125
263.75
233.125
206.25
163.125
122.5
59.375
33.75
11.25
3.75
1.25
4.375
1.25
0
0
0
0
0
0
0
0
0
0
2.5
0
