2176.0000 0.05 1
1.875
3.75
6.25
6.25
7.5
16.25
8.75
6.25
17.5
16.25
14.375
16.25
25
16.25
6.25
31.25
23.125
18.125
28.75
10
10
13.125
10
10
16.25
20
25
30
37.5
19.375
23.75
27.5
13.75
26.875
20.625
29.375
21.25
41.25
44.375
30.625
38.75
53.75
48.125
46.25
41.875
67.5
54.375
48.125
85.625
92.5
98.75
124.375
138.125
134.375
138.75
153.75
180.625
152.5
158.125
199.375
177.5
176.25
232.5
252.5
266.875
237.5
235.625
280.625
291.875
311.875
296.25
320
302.5
312.5
321.875
341.25
338.125
365.625
314.375
356.875
366.875
366.875
328.75
362.5
335
380.625
311.25
293.75
304.375
285
275
254.375
232.5
248.75
251.875
300.625
205.625
250
311.875
293.75
317.5
311.875
306.25
300
251.25
293.75
310
295.625
323.75
275.625
280.625
303.75
270.625
321.25
291.25
318.125
245.625
300.625
351.875
318.125
315.625
314.375
327.5
362.5
343.125
380
401.875
378.75
388.125
395.625
395.625
430.625
449.375
473.125
451.875
442.5
453.75
435.625
446.25
418.75
406.25
428.125
382.5
357.5
316.875
354.375
328.125
310
315
331.875
304.375
275.625
215
255.625
248.125
306.875
277.5
246.875
272.5
225
319.375
286.25
330.625
301.875
301.25
290
286.875
297.5
349.375
290
325.625
352.5
370.625
357.5
259.375
288.125
211.875
289.375
345.625
267.5
264.375
265
260.625
235.625
246.25
247.5
264.375
328.75
239.375
226.25
236.25
226.875
178.75
248.75
255
280
256.25
309.375
251.25
264.375
256.875
206.25
205
266.875
255
326.25
344.375
343.125
354.375
276.25
366.25
295.625
515
533.125
510.625
423.125
366.875
260
235.625
202.5
166.25
118.125
58.75
33.75
11.875
4.375
1.875
3.125
1.25
0
0
0
0
0
0
0
0
0
0
2.5
0
