0.010552 0.003525 0.001073
-0.006112 -0.001317 0.001146
0.031367 -0.013841 0.000036
0.005640 -0.002284 -0.003409
-0.001173 0.002097 -0.002917
-0.000168 -0.003075 0.000139
-0.004087 -0.002302 -0.005822
-0.004378 0.005306 0.000008
-0.010143 -0.000971 -0.006939
0.005183 -0.001019 -0.001724
-0.002999 -0.001863 0.004196
-0.006365 -0.003211 0.002259
-0.001759 -0.005018 0.010152
-0.000199 0.005244 -0.003815
0.003646 0.001264 -0.004622
0.001076 -0.002998 -0.000055
0.010846 0.002636 0.001073
-0.011697 -0.000644 0.000997
0.030185 0.004245 0.017923
0.007060 -0.001583 0.000985
0.008793 0.002049 -0.003194
0.000487 -0.002682 0.002149
0.000744 -0.006100 -0.001657
-0.006040 0.005689 0.000235
0.017996 -0.001004 -0.044621
0.003407 -0.000286 -0.001288
-0.004320 -0.002380 0.004666
-0.007365 -0.001380 0.003363
-0.000756 -0.005203 0.010224
-0.003141 0.000350 -0.003105
0.006348 0.001114 -0.004825
0.002517 -0.002233 0.000583
0.034908 0.029102 0.002066
-0.008117 -0.001374 0.000852
0.025164 0.017493 -0.000231
0.000528 -0.000283 -0.003091
0.011460 0.002610 -0.003109
-0.001262 -0.003262 -0.000685
-0.006929 -0.002465 -0.003509
-0.004990 0.005859 0.000154
-0.010086 0.002041 -0.007017
0.032511 -0.000731 -0.032938
-0.002730 -0.001892 0.004674
0.015496 -0.031526 0.003824
-0.001882 -0.005314 0.009979
-0.000447 -0.004808 -0.003625
0.006372 -0.000283 -0.003427
0.002539 -0.002338 0.000766
0.010472 0.001452 0.001181
-0.006175 -0.001357 0.001478
0.011479 0.004031 -0.000045
0.001371 0.001531 -0.003316
0.009261 0.002337 -0.002530
-0.000292 -0.003715 -0.000398
-0.005375 -0.002165 -0.005740
-0.004516 0.005970 0.000203
-0.008387 0.001086 -0.007581
0.005118 -0.000986 -0.001776
-0.002384 -0.002566 0.004374
-0.006254 -0.001628 0.002374
-0.001453 -0.004531 0.008804
-0.006883 -0.000309 0.000939
0.004713 0.001644 -0.005741
0.000023 -0.003459 0.002673
0.009360 0.001410 0.002229
-0.012697 -0.000541 0.000707
0.011644 0.004151 0.000543
0.000912 0.002578 -0.004275
0.008482 0.003272 -0.003525
-0.002312 -0.003700 -0.000145
0.000710 0.001366 -0.001270
-0.004367 0.005794 0.000326
-0.008400 0.000744 -0.006736
0.002454 -0.002558 -0.000971
-0.002972 -0.002421 0.004445
-0.006019 -0.002636 0.002125
-0.001109 -0.005351 0.009625
-0.006400 0.000336 0.000295
0.004843 0.001728 -0.005516
0.002352 -0.003054 0.000931
0.010462 0.001869 0.001280
-0.004859 -0.001601 0.001693
0.025514 0.004164 -0.014242
0.007863 -0.003255 -0.007487
0.008671 0.002758 -0.003155
-0.003109 -0.002972 -0.000665
-0.005351 -0.001769 -0.006081
-0.003592 0.009226 -0.001515
-0.008277 0.000694 -0.008763
0.005311 -0.001296 -0.002343
-0.002922 -0.006040 0.004187
-0.007213 -0.001988 0.001464
0.027960 -0.005670 0.010738
-0.008280 0.000190 -0.000375
0.004234 0.001631 -0.005700
0.041203 0.041606 0.001550
0.010786 0.001929 0.001097
-0.007569 -0.001347 0.001545
0.011380 0.004353 0.000100
0.002336 0.001625 -0.003651
-0.000904 0.002761 -0.000996
0.000164 -0.003806 -0.000479
-0.000764 -0.002147 -0.001442
-0.004042 0.005943 0.000193
-0.008355 0.000297 -0.007549
0.005357 -0.001137 -0.003244
-0.002702 -0.002347 0.004406
-0.007578 -0.001756 0.003017
-0.001891 -0.005929 0.009051
-0.007048 0.000912 0.000538
0.004069 0.000496 -0.005116
0.002661 -0.001456 0.001015
0.009384 0.001875 0.000509
-0.004578 -0.001321 0.001782
0.010784 0.004513 -0.000841
0.001229 0.001777 -0.002907
0.008574 0.002624 -0.003195
-0.001198 -0.003136 -0.001197
-0.005337 -0.002421 -0.005967
-0.006228 0.006148 0.000548
-0.008738 0.000709 -0.007348
0.005240 -0.001052 -0.002553
-0.004575 -0.002436 0.004732
-0.006281 -0.002037 0.002308
-0.001392 -0.005527 0.009418
-0.005325 0.000122 0.000772
0.004891 0.001150 -0.005371
0.002160 -0.000371 0.001052
-0.011842 -0.001677 0.003345
0.004668 -0.001774 0.001110
-0.002699 0.001313 0.001475
-0.004670 0.004346 0.002613
-0.003863 0.007472 -0.001161
0.003229 -0.001072 -0.000427
0.003229 -0.000549 -0.004465
0.005106 0.002522 0.000270
0.010531 0.005173 0.002007
-0.001027 -0.007194 -0.005620
0.001269 0.002022 0.004385
-0.023514 -0.003797 -0.004778
0.002768 0.002497 0.010985
0.017903 0.010544 -0.009539
0.022212 0.003963 0.003587
-0.005810 0.000085 0.007615
-0.014013 -0.000679 0.003748
0.012810 0.001475 0.004178
-0.002748 0.001019 0.001912
-0.004597 0.004213 0.002399
-0.003259 0.006940 -0.000954
0.011388 0.001359 0.003583
-0.001860 -0.000395 -0.005885
0.009016 0.003928 -0.005117
0.009663 0.005421 0.001620
0.009260 -0.010587 -0.011553
0.002456 0.002842 0.005566
-0.025821 -0.005627 -0.004466
0.001859 0.004854 0.013188
0.019324 -0.007856 -0.027636
0.014988 0.000657 0.000924
-0.005503 0.000257 0.008087
-0.016438 -0.001825 0.002095
0.014784 0.003502 0.005222
0.005139 0.001789 0.018631
-0.005052 0.004949 0.002112
0.006699 0.010510 -0.005782
0.012167 0.004784 -0.000649
0.003012 -0.001549 -0.004491
0.000140 0.001809 0.000161
0.037489 0.005955 0.001843
0.008830 -0.009903 -0.010675
0.001415 0.003935 0.004398
-0.017471 -0.007069 -0.000467
0.009548 0.001154 0.014519
0.018208 -0.025657 -0.009679
0.022013 -0.003192 0.003313
-0.481147 -0.008285 0.028746
-0.013221 -0.001543 0.003886
0.005115 -0.003383 0.001007
-0.002895 0.001098 0.001305
-0.004380 0.003600 0.002402
-0.003101 0.006149 -0.001410
0.006383 -0.002084 -0.001560
0.002892 -0.000770 -0.004531
0.002333 -0.000908 -0.000499
0.009845 0.005350 0.001818
-0.000574 -0.005662 -0.006152
0.002196 0.003416 0.005070
-0.023394 -0.003344 -0.004999
0.003509 0.004906 0.011210
0.000974 -0.007431 -0.009557
0.016901 0.000431 -0.001495
-0.006804 0.000239 0.008261
-0.013957 -0.001803 0.003725
0.004130 -0.001022 0.001158
-0.002948 0.001402 0.002103
-0.004892 0.005307 0.002631
0.007074 0.012319 -0.005929
0.004986 -0.002755 -0.001599
0.005041 -0.001175 -0.004583
0.002006 -0.000588 -0.000246
0.009808 0.005716 0.001105
-0.000716 -0.007046 -0.005594
0.002175 0.002885 0.004394
-0.020660 -0.005848 -0.004797
0.002567 0.005247 0.011377
0.000430 -0.007489 -0.009961
0.017316 0.000654 -0.001176
-0.005374 0.000264 0.007967
-0.006332 -0.006619 -0.000926
0.004291 -0.002961 0.002727
-0.003505 0.001899 0.001624
0.014948 -0.025602 0.001841
-0.002999 0.006285 -0.001386
0.012343 0.003027 -0.005734
-0.001943 -0.000457 -0.005688
0.008552 0.003331 0.004853
0.009185 0.005862 0.002039
-0.001174 -0.006366 -0.007042
0.014315 0.002498 0.031739
-0.022311 -0.002520 -0.005199
0.011592 -0.000281 0.016289
0.023410 -0.007938 0.011571
0.016707 0.000653 -0.001419
-0.005516 0.000438 0.007660
-0.007136 -0.001477 -0.003239
0.004440 -0.002967 0.002344
-0.002569 0.000891 0.001871
-0.006163 0.005504 0.003999
-0.003977 0.005999 -0.002457
0.005282 -0.002047 -0.000821
0.003373 -0.000994 -0.004455
0.003510 -0.000956 -0.000550
0.010635 0.005568 0.002422
-0.001024 -0.005506 -0.006964
0.002297 0.002516 0.004999
-0.016874 -0.007574 -0.009295
0.001700 0.005191 0.013112
0.001413 -0.007535 -0.009379
0.016806 0.000724 -0.001031
-0.004261 0.000419 0.007799
-0.006447 0.002939 -0.001268
0.005102 -0.003162 0.001214
-0.004223 0.000199 0.001136
-0.004728 0.003183 0.002865
-0.003432 0.006478 -0.002079
0.005103 -0.001886 -0.000614
0.005172 -0.001084 -0.004415
0.001722 -0.000287 -0.000137
0.009306 0.005214 0.002587
-0.000510 -0.005865 -0.005699
0.001625 0.002855 0.004610
-0.023255 -0.003126 -0.005276
0.002705 0.003162 0.010986
0.001912 -0.006921 -0.010085
0.016821 0.000798 -0.001039
-0.005440 -0.000199 0.007888
