2176.0000 0.05 1
1.875
3.75
6.25
6.25
7.5
16.25
8.75
6.25
17.5
16.25
14.375
16.25
23.75
16.25
7.5
31.25
23.125
18.125
28.75
10
10
13.125
10
10
17.5
18.75
25
30
37.5
19.375
22.5
28.75
13.75
26.875
20.625
29.375
21.25
41.25
45
30
37.5
56.25
47.5
45.625
41.875
67.5
54.375
48.125
84.375
93.75
100
124.375
136.875
134.375
140
153.125
180
153.75
156.875
198.125
178.125
176.25
233.75
251.875
268.125
236.875
235.625
280
291.875
311.25
296.875
320
303.75
313.75
321.875
340
340.625
365.625
313.125
357.5
370
365
331.875
357.5
335.625
378.75
310.625
293.125
304.375
286.25
276.25
255.625
230
251.875
250
300
207.5
246.25
314.375
293.75
320
306.25
309.375
301.25
251.25
291.25
311.25
295.625
326.875
271.875
279.375
307.5
269.375
323.75
287.5
316.25
250
296.25
351.875
321.875
315.625
315.625
325
363.125
341.25
383.125
401.25
381.25
385.625
395
392.5
433.125
454.375
466.875
453.75
443.125
454.375
434.375
447.5
415.625
408.125
427.5
383.125
358.125
315.625
352.5
328.75
313.125
315
332.5
301.875
273.125
218.75
253.75
251.875
303.75
277.5
248.75
268.75
226.875
320.625
292.5
323.75
300
301.875
291.25
284.375
296.875
350.625
291.25
325.625
351.25
373.125
355
260.625
286.875
214.375
287.5
348.125
265.625
264.375
265.625
256.25
240.625
241.875
250.625
268.125
326.875
237.5
225
237.5
226.875
180
245
257.5
278.75
259.375
307.5
253.75
260
258.75
205
203.75
270
251.875
327.5
343.125
347.5
352.5
276.875
368.125
295.625
512.5
535.625
506.875
421.875
368.75
265
230.625
203.75
164.375
119.375
56.25
34.375
11.25
3.75
1.875
3.75
1.25
0
0
0
0
0
0
0
0
0
0
2.5
0
