0.014595 -0.006997 -0.003239
-0.005498 -0.000813 0.001848
0.009585 0.006082 -0.001630
0.001862 -0.000622 -0.003309
0.008804 0.002349 -0.003859
-0.000965 -0.002891 -0.000422
-0.004297 -0.002181 -0.004790
-0.006681 0.014304 0.000214
-0.008868 0.000540 -0.007398
0.003656 0.001678 -0.000529
-0.003908 -0.003197 0.004353
-0.006355 -0.003021 0.002456
-0.000414 -0.003671 0.009861
-0.005648 0.002700 -0.000353
0.005294 -0.001839 -0.004883
0.003407 -0.000779 0.000895
0.010553 0.001388 0.001128
-0.005137 0.000526 0.001410
0.005793 -0.002179 0.002220
-0.003321 -0.010517 -0.008819
0.008825 0.004537 -0.002820
-0.001557 -0.035886 -0.000024
-0.005359 -0.000568 -0.005074
-0.004854 -0.012828 -0.017278
0.049004 -0.044294 -0.008153
0.009166 -0.004180 -0.002393
-0.003105 0.004030 0.005946
-0.007346 -0.001926 0.002435
-0.001692 -0.004426 0.009653
-0.006367 0.001592 0.000011
0.005056 0.000796 -0.005354
0.002633 -0.000588 0.001452
0.005442 -0.007750 0.006343
-0.005293 -0.001170 0.002530
0.006281 -0.000578 0.002272
0.001548 0.001864 -0.003401
0.009022 0.002330 -0.003243
-0.001124 -0.004220 -0.000372
-0.004538 -0.001436 -0.005020
-0.004748 0.005230 0.000317
-0.009725 0.001448 -0.007359
0.008573 -0.007913 0.001990
-0.003680 -0.003266 0.004472
-0.003196 -0.002332 -0.001749
0.003287 -0.010714 0.006824
0.042198 -0.037089 -0.001051
-0.006704 0.578049 -0.003867
0.000632 -0.000851 0.000477
0.009891 0.002862 -0.000578
-0.004883 -0.001621 0.002342
0.010848 0.003936 -0.000164
0.002077 0.000170 -0.003529
0.008438 0.003269 -0.003550
-0.001131 -0.003114 -0.000246
-0.004829 -0.001973 -0.004687
-0.005281 0.004874 0.000270
-0.008507 0.000954 -0.008176
0.003915 0.001297 -0.004061
-0.003217 -0.002754 0.004534
-0.006172 -0.003593 0.002485
-0.001526 -0.005717 0.009904
-0.006399 -0.000039 -0.000391
0.003778 0.011503 -0.005213
0.002266 -0.002382 0.000579
0.010103 0.003622 0.001268
-0.006339 -0.034193 -0.039988
0.008911 0.006371 -0.000645
0.006175 -0.009176 0.000895
0.009046 -0.038983 0.048224
-0.001095 -0.032617 -0.000743
-0.042756 -0.028355 -0.004119
-0.004256 -0.006872 0.011990
-0.008446 0.001451 -0.007767
0.005168 -0.000915 -0.002327
-0.003273 0.000653 0.004571
-0.004374 -0.002090 0.001616
-0.001437 -0.005345 0.010044
-0.005665 0.000057 -0.000807
0.004112 0.001093 -0.004947
0.002545 -0.002773 0.000935
0.010584 0.001886 0.001409
-0.005190 -0.004831 -0.002116
0.010785 0.004857 -0.000342
0.002628 0.001775 -0.004530
0.008782 -0.001771 0.000742
-0.001782 -0.005185 -0.000970
-0.003329 -0.002185 -0.004962
-0.005079 -0.012290 0.016823
-0.009148 0.000702 -0.007845
0.004806 -0.000810 -0.002778
-0.003102 0.004031 0.003847
-0.006113 -0.003029 0.002624
0.003160 -0.011172 0.005937
-0.007014 0.001487 -0.001633
0.004293 0.001167 -0.005283
-0.001546 -0.000397 -0.002502
0.011228 0.002975 0.002773
-0.004971 -0.001955 0.001428
0.010750 0.004840 -0.001283
0.001937 0.000060 -0.002843
0.008713 0.003006 -0.004351
-0.001061 -0.004260 -0.000504
-0.004158 -0.001396 -0.004305
-0.005317 0.006241 0.000205
-0.010106 0.001634 -0.008710
0.008435 -0.007588 -0.006478
-0.003492 -0.002663 0.004421
-0.006842 -0.000789 0.003113
-0.002185 -0.004534 0.010274
-0.006805 0.000529 -0.000342
0.005175 0.000329 -0.005078
0.002992 -0.002421 0.001061
0.010477 0.001482 0.000641
-0.005367 -0.000520 0.000911
0.009613 0.004389 -0.000536
0.001554 0.001407 -0.001524
0.008359 0.003167 -0.002626
-0.002277 -0.004399 -0.000733
-0.003451 -0.002297 -0.004900
-0.003870 -0.006174 -0.010499
-0.009456 0.000327 -0.007736
0.004562 -0.000401 -0.002283
-0.003222 0.001846 0.004528
-0.006183 -0.002994 0.002142
-0.000649 -0.002955 0.010803
-0.005695 0.000131 -0.000591
0.003622 0.001304 -0.006130
0.002638 -0.001548 0.000673
-0.009641 -0.005373 0.002376
0.004380 -0.003186 0.001747
-0.003354 0.002497 0.002190
-0.004431 0.002907 0.002622
-0.001853 0.006536 -0.002314
0.004902 -0.001109 -0.000941
0.004804 -0.000837 -0.003405
0.003292 -0.000461 -0.000350
0.008078 0.007716 0.002666
-0.000616 -0.006464 -0.006191
0.002182 0.002825 0.005839
-0.022443 -0.005330 -0.005079
0.003316 0.007133 0.011350
0.000668 -0.006340 -0.010071
0.019340 0.002683 -0.001159
-0.006318 0.001140 0.007771
-0.014172 0.000450 0.003828
-0.013911 -0.022057 0.000512
-0.002585 0.001205 0.002529
-0.004697 0.003828 0.003350
-0.003424 0.009247 -0.001436
0.009287 -0.004794 0.002239
0.001255 -0.038473 -0.054332
0.008315 -0.010033 -0.005776
0.008546 0.007178 0.003015
0.013905 -0.021809 -0.006372
-0.000993 -0.002739 0.000437
-0.022170 -0.003667 -0.004637
0.002089 0.004795 0.011655
0.003816 -0.014150 -0.004788
0.016935 0.000614 -0.000084
-0.005666 0.000219 0.006562
-0.012354 -0.002059 0.002935
0.005853 -0.002519 0.002557
-0.056974 -0.043441 0.002393
-0.003726 0.005269 0.002857
-0.004311 0.006637 -0.001382
0.008055 -0.001138 0.000043
0.004360 -0.000702 -0.003518
0.003588 0.001558 -0.000568
0.006125 0.000017 -0.000821
-0.001598 -0.005619 -0.005953
0.002896 0.002533 0.005291
-0.022586 -0.002976 -0.005904
0.002700 0.010957 0.011679
0.003579 -0.012791 -0.005982
0.014217 -0.004555 -0.003609
-0.006367 -0.029790 0.047824
-0.013982 -0.000313 0.002955
0.004502 -0.003167 0.000849
-0.001260 0.001024 0.001945
-0.004510 0.003331 0.002601
-0.002117 0.006135 -0.000084
0.006141 -0.001627 -0.001315
0.004127 -0.000152 -0.003920
0.002823 -0.000746 -0.000447
0.009960 0.005486 0.002151
-0.000826 -0.006608 -0.005960
0.003079 0.003858 0.005435
-0.022165 -0.003685 -0.004984
0.003166 0.005132 0.011178
-0.000390 -0.007407 -0.010090
0.019164 0.002683 0.001456
-0.006090 -0.004788 0.013031
-0.009621 -0.006287 0.007510
0.019086 -0.017974 0.002111
-0.001603 0.002166 0.002007
-0.003707 0.004140 0.001327
-0.002927 0.013305 -0.001056
0.005953 -0.001189 -0.001145
0.003533 0.000199 -0.004901
-0.000449 -0.007746 0.003162
0.006006 0.000731 -0.001980
-0.014119 -0.020360 -0.006310
0.003500 0.004668 0.003753
-0.023833 -0.003892 -0.005070
0.001989 0.005061 0.012459
0.000443 -0.005567 -0.010263
0.014719 -0.002838 0.000193
-0.006041 0.000197 0.006905
-0.014016 0.000102 0.001743
0.004358 -0.003227 0.001235
-0.002569 0.001428 0.002639
0.000407 -0.006406 0.007803
-0.003540 0.007178 -0.001589
0.006154 0.000023 -0.001382
0.004567 -0.000742 -0.005661
0.002892 0.000344 -0.000961
0.009903 0.005217 0.001875
-0.000845 -0.006881 -0.006228
-0.000523 -0.002298 0.009212
-0.022748 -0.004541 -0.004767
0.002365 0.004578 0.012191
-0.000173 -0.006728 -0.009313
0.018337 0.001281 -0.000118
-0.006256 0.000913 0.007073
-0.013683 -0.000986 0.002851
0.005245 -0.003123 0.000422
-0.002225 0.001081 0.001941
-0.003651 0.003212 0.001755
-0.004259 0.006482 -0.001968
0.005897 -0.001442 -0.001123
0.004164 -0.000703 -0.002985
0.003649 -0.000322 0.000124
0.009848 0.006625 0.002565
-0.001061 -0.005924 -0.006615
0.003537 0.003683 0.005607
-0.025056 -0.005443 -0.003373
0.002440 0.004025 0.011984
-0.000883 -0.006978 -0.010624
0.014708 -0.004054 0.003789
-0.005559 0.000583 0.009124
-0.009848 -0.005922 -0.000957
0.005719 -0.004070 0.001016
-0.000955 0.002270 0.003408
-0.007790 -0.004003 -0.000877
-0.003337 0.005626 -0.001280
0.005919 -0.002595 -0.001180
0.004116 -0.006971 -0.009786
0.003578 0.000784 0.000774
0.009653 0.006616 0.003102
-0.001275 -0.007240 -0.006269
0.003514 0.004761 0.007175
-0.022450 -0.004572 -0.005076
0.002138 0.004522 0.010561
0.000350 -0.006879 -0.010296
0.018329 0.001350 0.000540
-0.006137 0.000737 0.006444
