2176.0000 0.05 1
1.11111
4.44444
11.1111
2.22222
11.1111
4.44444
13.3333
11.1111
20
11.1111
6.66667
11.1111
24.4444
23.3333
17.7778
23.3333
26.6667
18.8889
13.3333
32.2222
18.8889
11.1111
2.22222
10
14.4444
14.4444
36.6667
37.7778
25.5556
40
11.1111
26.6667
17.7778
31.1111
24.4444
32.2222
26.6667
27.7778
40
24.4444
32.2222
46.6667
36.6667
47.7778
70
55.5556
56.6667
41.1111
80
108.889
93.3333
126.667
127.778
138.889
148.889
146.667
161.111
190
192.222
202.222
214.444
267.778
192.222
230
234.444
286.667
236.667
277.778
255.556
261.111
293.333
298.889
317.778
337.778
318.889
350
286.667
345.556
304.444
311.111
292.222
302.222
293.333
277.778
312.222
273.333
248.889
285.556
292.222
295.556
316.667
315.556
324.444
307.778
334.444
317.778
315.556
296.667
290
301.111
304.444
288.889
332.222
360
316.667
358.889
373.333
361.111
351.111
352.222
336.667
297.778
253.333
215.556
173.333
162.222
191.111
241.111
262.222
333.333
347.778
396.667
420
397.778
428.889
412.222
450
402.222
382.222
354.444
344.444
373.333
347.778
393.333
384.444
376.667
385.556
427.778
404.444
458.889
407.778
408.889
406.667
357.778
358.889
378.889
366.667
373.333
438.889
415.556
412.222
436.667
398.889
343.333
352.222
322.222
351.111
312.222
331.111
255.556
284.444
262.222
270
257.778
244.444
222.222
276.667
208.889
246.667
214.444
230
265.556
218.889
242.222
234.444
214.444
208.889
225.556
176.667
207.778
174.444
200
173.333
176.667
254.444
231.111
237.778
212.222
215.556
170
175.556
196.667
260
241.111
222.222
273.333
237.778
226.667
264.444
347.778
337.778
320
303.333
332.222
305.556
333.333
382.222
412.222
430
425.556
445.556
436.667
503.333
480
501.111
478.889
430
350
314.444
221.111
116.667
13.3333
1.11111
0
2.22222
0
0
0
0
0
0
0
0
0
0
0
0
0
0
0
0
0
0
0
2.22222
2.22222
0
2.22222
0
4.44444
4.44444
2.22222
2.22222
1.11111
4.44444
0
0
6.66667
0
4.44444
4.44444
2.22222
2.22222
2.22222
4.44444
1.11111
0
0
0
2.22222
0
2.22222
0
