0.009696 -0.002082 0.012278
-0.010880 0.001930 0.000426
0.004558 -0.037207 -0.002335
0.013479 0.008242 -0.002655
-0.002127 0.018320 -0.005677
-0.009525 0.001013 -0.002689
-0.000798 0.001956 0.004531
-0.000484 -0.016035 -0.003306
-0.003052 -0.011724 -0.000650
-0.012476 -0.005702 0.002049
0.021609 -0.003694 0.009937
-0.009579 -0.006583 -0.003797
0.004019 -0.007787 0.004517
0.013883 -0.017337 -0.007850
-0.004016 -0.000310 0.001722
0.014626 -0.011850 0.003780
-0.000346 0.011060 0.011345
-0.010480 0.002513 0.000713
-0.001922 0.018423 0.000956
0.016040 0.002214 -0.001131
-0.001284 0.016370 -0.005621
-0.009739 0.000099 -0.001994
-0.000060 0.003732 0.004113
-0.000425 -0.016125 -0.002710
-0.006210 -0.012555 -0.001022
-0.013609 -0.012868 0.001468
0.010983 -0.006905 0.000866
-0.008532 -0.006143 -0.002012
0.003667 -0.007128 0.003124
0.002900 -0.015343 -0.001464
-0.002919 0.000635 0.000308
0.012659 -0.011019 0.002512
-0.000765 0.011848 0.012701
-0.009409 0.001107 -0.000239
-0.001437 0.018659 0.000638
0.015184 0.004797 -0.004834
-0.001263 0.015435 -0.006338
-0.009111 0.004042 -0.003124
0.006675 -0.006207 0.004597
0.000118 -0.016755 -0.002439
-0.003749 -0.012253 -0.000805
-0.010830 -0.003000 0.000523
0.011352 -0.003290 0.001544
-0.009143 -0.003212 -0.001967
0.004023 -0.006794 0.004322
0.002562 -0.019631 -0.000774
-0.003529 0.001663 0.001762
0.013865 -0.011912 0.003404
-0.011591 -0.008120 0.011992
-0.007892 0.002040 0.000536
-0.001318 0.022042 0.000475
0.011855 0.007693 -0.002188
-0.000930 0.015828 -0.005846
-0.009240 0.000085 -0.002290
-0.004574 0.000492 0.000529
0.000947 -0.015574 -0.002028
-0.003352 -0.011800 -0.000914
-0.010543 -0.005405 -0.001653
0.010518 -0.006990 0.001656
-0.010657 -0.003225 -0.004619
0.004178 -0.006633 0.002488
0.002272 -0.019366 -0.002258
-0.003679 -0.000505 0.001656
0.013938 -0.026709 -0.016955
0.001327 0.009828 0.011802
-0.008663 0.001263 0.000864
-0.002333 0.018903 0.001087
0.006127 0.001393 -0.003221
-0.001072 0.015806 -0.006353
-0.008869 0.000820 -0.001861
-0.001656 0.003948 0.004728
-0.000048 -0.015385 -0.002191
-0.002710 -0.010788 -0.001466
-0.011394 -0.005367 -0.001280
0.012349 -0.003560 -0.000353
-0.008703 -0.006696 -0.003280
0.004521 -0.008668 0.003195
0.005149 -0.016798 0.000389
-0.004214 -0.000443 0.001975
0.014317 -0.011734 0.001543
0.001453 0.011920 0.015575
-0.008442 -0.002958 -0.000267
-0.002382 0.019942 0.001560
0.011200 0.007266 -0.002572
-0.001565 0.016183 -0.005610
-0.010696 -0.000324 -0.002676
0.000301 0.004613 0.004403
-0.000349 -0.014834 -0.001058
-0.003281 -0.010119 0.000403
-0.011018 -0.003639 -0.001567
0.010598 -0.005584 0.001416
-0.008487 -0.005440 -0.002239
0.004107 -0.007449 0.004134
0.007047 -0.024159 0.000309
-0.003337 0.001095 0.003552
0.012994 -0.011209 0.003541
0.000126 0.011300 0.008718
-0.008495 -0.001533 0.000796
-0.002443 0.019835 -0.000336
0.011411 0.008830 -0.002100
-0.007552 -0.030704 -0.011409
0.027133 -0.032888 -0.002115
-0.001251 -0.007220 0.004429
0.035595 -0.034917 0.041432
-0.034414 -0.032374 0.034677
-0.012214 -0.005243 -0.003118
0.015845 -0.012879 0.000513
-0.013399 -0.011801 -0.004751
0.005694 -0.007304 0.002902
0.002449 -0.018267 -0.001594
-0.003910 -0.073103 0.086402
0.014962 -0.010754 0.002362
-0.001163 0.009879 0.012270
-0.007689 0.001614 0.000654
-0.002036 0.018535 0.000638
0.014125 -0.002140 -0.002557
0.000595 0.016436 -0.006049
-0.009713 0.000331 -0.001585
-0.005629 -0.001263 0.006733
-0.000165 -0.015254 -0.002929
-0.003214 -0.011588 -0.002619
-0.013113 -0.004322 -0.002353
0.011817 -0.006621 0.000390
-0.020273 -0.003910 0.006443
0.036502 -0.026418 -0.033969
0.004080 -0.020139 -0.000354
-0.004242 0.000531 0.001273
0.014400 -0.012654 0.006767
-0.000002 0.003116 -0.006147
0.007745 0.009106 -0.002974
-0.007671 0.000218 0.002855
0.004911 0.024924 -0.001195
-0.001770 -0.001782 -0.000029
0.000555 0.004578 -0.009986
-0.007976 -0.002517 0.000077
0.024484 0.002020 -0.001088
-0.000664 0.007877 -0.001919
0.021174 -0.018623 0.006779
-0.009985 0.009943 0.001755
-0.004115 -0.001009 -0.000310
0.012394 -0.005186 -0.000075
-0.002977 -0.004806 0.000779
0.011435 -0.007200 -0.000344
-0.017096 -0.013722 0.001190
0.000216 0.003341 -0.005177
0.006919 0.007286 -0.001584
-0.010680 0.011117 0.003204
0.010697 0.015294 -0.000784
-0.001878 0.003297 -0.001554
-0.001078 0.006455 -0.011141
-0.007506 -0.001503 -0.000216
0.006441 0.007130 -0.001007
-0.000879 0.006753 -0.002428
0.020172 -0.011034 0.003167
-0.007757 0.009776 0.002472
-0.005150 0.000702 -0.002731
0.011397 -0.005719 0.000536
-0.002889 -0.003374 0.002730
0.010032 -0.009455 0.002549
-0.015848 -0.011375 0.001253
0.000182 -0.009287 -0.004997
0.016927 -0.007056 -0.003600
-0.010052 0.009783 0.001610
0.007186 0.022788 -0.002504
0.000505 -0.001656 -0.000114
-0.000925 0.006536 -0.009353
-0.007572 -0.002434 0.001437
0.005300 0.007190 0.000467
-0.000690 0.010098 -0.001757
0.018405 -0.012470 0.002120
-0.008119 0.009744 0.002112
-0.002145 -0.007738 -0.003418
0.009980 -0.005612 -0.000573
-0.006998 -0.011851 0.000767
0.010319 -0.010040 0.002034
-0.015932 -0.011006 0.002310
-0.001746 0.004035 -0.004652
-0.004197 -0.008315 -0.002078
-0.013403 0.003502 0.002331
0.006927 0.023674 -0.001966
0.002335 0.003767 -0.000148
-0.000318 0.002351 -0.009881
-0.009198 -0.001736 -0.000575
0.002770 0.006032 0.000091
0.000205 0.008302 0.000195
0.017885 -0.009859 0.003790
-0.009100 0.010483 0.001092
-0.005215 -0.001760 -0.001529
0.012357 -0.007101 0.001503
-0.003156 -0.005546 0.004330
0.006541 -0.014917 0.003355
-0.016830 -0.011636 0.000906
0.000429 0.003334 -0.004698
0.007794 0.008331 -0.002446
-0.010229 0.010927 0.002132
0.006499 0.022081 -0.001605
0.001218 0.002108 -0.000302
0.001230 0.004602 -0.009641
-0.008446 -0.001294 0.001144
0.002937 0.002970 0.001061
-0.000550 0.007720 -0.002582
0.017497 -0.009755 0.005195
-0.008260 0.009454 0.001936
-0.004347 -0.001965 0.000802
0.012115 -0.005926 -0.000246
-0.003021 -0.005590 0.003002
0.010344 -0.010501 0.002472
-0.016964 -0.011808 0.000900
0.000216 0.003180 -0.005270
0.006173 0.008790 -0.006864
-0.008872 0.006287 -0.004041
0.004874 0.020031 -0.006597
0.000558 -0.001105 0.002605
0.001078 0.006240 -0.009848
-0.007202 -0.002809 0.000442
0.002616 0.008270 0.000343
-0.000561 0.008390 -0.001655
0.017789 -0.011733 0.004239
-0.008617 0.009011 -0.000579
-0.004857 -0.000532 0.000072
0.011646 -0.004134 -0.001497
-0.003806 -0.005708 0.005068
0.008410 -0.007446 0.004278
-0.016607 -0.011150 -0.000832
-0.000786 -0.009494 -0.004679
0.006569 0.011705 0.000885
-0.008220 0.005850 0.006533
0.003347 0.019842 0.004055
-0.001519 0.000168 -0.003788
0.001833 0.005657 -0.010863
-0.021315 0.575562 -0.025287
0.002508 0.007743 -0.000248
-0.036535 -0.017973 -0.001226
0.018552 -0.011836 0.007054
-0.007093 -0.002321 0.021313
-0.005684 0.000037 -0.000602
-0.014375 -0.027106 -0.026204
-0.003202 -0.004853 0.004395
0.001205 -0.006543 -0.005914
-0.014451 -0.083658 -0.066805
-0.001557 0.003544 -0.005549
0.004966 0.007722 -0.002214
-0.008706 0.012289 0.002391
0.005774 0.013478 -0.001398
0.002012 -0.001159 -0.000626
-0.021920 0.001692 -0.009807
-0.009192 -0.001589 0.001766
0.003603 0.005891 0.000125
0.001234 0.007993 -0.004075
0.018650 -0.011772 0.003063
-0.007556 0.010457 0.002856
-0.005144 -0.000951 -0.003862
0.011395 -0.006010 -0.000118
-0.004279 -0.005422 0.004307
0.010990 -0.007685 0.000660
-0.017292 -0.013711 0.001592
