2176.0000 0.05 1
1.11111
4.44444
11.1111
2.22222
11.1111
4.44444
13.3333
11.1111
20
11.1111
6.66667
11.1111
24.4444
23.3333
17.7778
23.3333
26.6667
18.8889
13.3333
32.2222
18.8889
8.88889
4.44444
10
14.4444
14.4444
36.6667
37.7778
25.5556
40
11.1111
26.6667
17.7778
31.1111
24.4444
32.2222
26.6667
27.7778
40
24.4444
32.2222
46.6667
36.6667
47.7778
70
55.5556
56.6667
41.1111
80
106.667
95.5556
126.667
127.778
138.889
148.889
146.667
161.111
190
190
202.222
216.667
267.778
192.222
230
232.222
288.889
237.778
276.667
255.556
263.333
291.111
298.889
317.778
337.778
318.889
350
284.444
350
302.222
311.111
294.444
297.778
295.556
275.556
314.444
273.333
248.889
287.778
292.222
295.556
314.444
314.444
325.556
307.778
337.778
312.222
317.778
296.667
290
303.333
302.222
288.889
334.444
355.556
316.667
358.889
375.556
363.333
348.889
352.222
343.333
293.333
248.889
215.556
180
157.778
188.889
241.111
264.444
331.111
352.222
394.444
420
400
428.889
412.222
450
400
382.222
358.889
344.444
368.889
347.778
397.778
380
376.667
385.556
430
406.667
452.222
412.222
404.444
411.111
356.667
357.778
378.889
366.667
376.667
437.778
415.556
410
436.667
403.333
341.111
350
324.444
351.111
311.111
325.556
260
283.333
261.111
276.667
255.556
242.222
224.444
276.667
208.889
244.444
214.444
234.444
258.889
218.889
246.667
232.222
214.444
208.889
230
172.222
207.778
175.556
198.889
173.333
174.444
254.444
240
232.222
210
216.667
168.889
176.667
196.667
262.222
238.889
222.222
273.333
241.111
225.556
255.556
354.444
342.222
315.556
303.333
330
310
328.889
384.444
414.444
425.556
430
445.556
432.222
511.111
477.778
504.444
472.222
432.222
350
312.222
222.222
120
11.1111
1.11111
0
0
0
0
0
0
0
0
0
0
0
0
0
0
0
0
0
0
0
0
0
2.22222
2.22222
2.22222
0
0
2.22222
2.22222
4.44444
4.44444
0
3.33333
2.22222
0
4.44444
2.22222
4.44444
4.44444
2.22222
2.22222
2.22222
3.33333
0
2.22222
0
0
2.22222
0
2.22222
0
