-0.001892 0.012696 0.012666
-0.009320 0.001555 0.000472
0.000911 -0.001313 -0.002976
0.011018 0.007951 -0.002302
-0.001653 0.015196 -0.006031
-0.012461 -0.000004 -0.002116
-0.000177 0.003856 0.003863
-0.000357 -0.015439 -0.003311
-0.003246 -0.011673 -0.001158
-0.007010 -0.007149 -0.007393
0.010557 -0.004271 -0.004650
-0.010048 -0.006073 -0.003195
0.004232 -0.007666 0.003828
0.007633 -0.022083 -0.006417
-0.003679 0.000740 0.001974
0.014319 -0.011684 0.004096
-0.000467 0.011426 0.011676
-0.009017 0.001557 -0.000539
-0.002054 0.019920 0.000302
0.011166 0.027131 -0.005913
-0.001798 0.017132 -0.005268
-0.010478 0.000218 -0.003241
-0.000381 0.003825 0.003947
0.000080 -0.016040 -0.002385
-0.003316 -0.010980 -0.000666
-0.011102 -0.005692 -0.002712
0.012606 -0.006721 0.001207
-0.010027 -0.005751 -0.002949
0.004898 -0.008309 0.005143
0.003365 -0.019405 -0.000096
-0.003690 0.000212 0.001722
0.010327 -0.010254 0.002287
0.000320 0.010420 0.012141
-0.008997 0.001361 0.000626
-0.000366 0.018595 0.000764
0.010734 0.004497 -0.008779
-0.001582 0.015350 -0.006373
-0.008613 0.002185 -0.003048
-0.000265 0.004332 0.004315
-0.000432 -0.015364 -0.002455
-0.003534 -0.011750 -0.001844
-0.011229 -0.005146 -0.001903
0.009726 -0.007001 0.000293
-0.009385 -0.006372 -0.002521
0.003964 -0.007436 0.004864
0.003507 -0.019445 0.000798
-0.004575 0.001024 0.001935
0.016441 -0.012900 0.002309
-0.003674 0.014391 0.012179
-0.009340 0.000076 0.000804
-0.001398 0.019454 0.000875
0.011161 0.007463 -0.002263
-0.017228 0.006270 -0.009642
-0.008945 0.001441 -0.002204
0.001062 0.004478 0.009003
0.000518 -0.015816 -0.004704
-0.003443 -0.011769 -0.000615
-0.010832 -0.005003 -0.001961
0.011206 -0.006268 0.001278
-0.008563 -0.005698 -0.000560
0.004563 -0.006205 -0.002502
0.003414 -0.018959 -0.000182
-0.003190 0.001125 0.001989
0.015302 -0.012858 -0.002064
0.000409 0.009894 0.011851
-0.008818 0.001389 -0.000016
-0.001344 0.024344 -0.003276
0.011585 0.007450 -0.003936
-0.001734 0.016002 -0.007149
-0.010301 0.001620 0.002789
0.000651 0.002381 0.005187
0.000063 -0.015831 -0.002435
-0.003730 -0.011206 -0.001760
-0.014660 -0.002827 -0.007613
0.010320 -0.006492 -0.006321
-0.009272 -0.006435 -0.003761
0.004171 -0.007489 0.004545
-0.002324 -0.016913 -0.006876
-0.004201 0.000203 0.001230
0.013275 -0.010648 0.002914
0.000594 0.015833 0.013229
0.047060 0.031570 -0.066800
-0.003203 0.018136 0.000630
0.011978 0.008145 -0.001587
-0.004094 0.014818 -0.000792
-0.005354 -0.002065 -0.008288
-0.004479 0.000971 0.000740
0.005930 -0.011019 -0.007449
-0.003811 -0.012014 -0.021508
-0.011091 -0.006428 -0.003076
0.009974 -0.005232 0.000366
-0.007569 -0.010892 -0.009941
0.004318 -0.006938 0.004668
0.002781 -0.019436 -0.000848
-0.003462 -0.000114 -0.004353
0.013648 -0.010892 0.002522
0.001111 0.010528 0.016908
-0.007111 0.002785 0.001241
-0.000463 0.019454 0.000454
0.011998 0.008267 -0.002413
-0.005943 0.017508 -0.005372
-0.027331 0.010513 -0.006051
0.016183 0.013976 0.001145
-0.004126 -0.017904 -0.009522
-0.002853 -0.011325 -0.023441
-0.011242 -0.004263 -0.003587
0.012150 -0.006696 0.000209
-0.010811 0.000409 -0.008939
0.004235 -0.008450 0.004259
0.002888 -0.019406 0.001134
-0.003099 0.005471 0.000727
0.013149 -0.011499 0.002572
-0.000748 0.013936 0.016717
-0.008234 0.001809 -0.000120
-0.001348 0.017817 0.000771
0.013567 0.008073 -0.002449
0.003214 0.018384 -0.009281
-0.009208 0.000499 -0.003239
0.003909 0.001454 0.006099
0.000041 -0.015759 -0.003369
-0.003137 -0.011413 -0.000697
-0.011685 -0.004926 -0.002186
0.011254 -0.006617 0.000821
-0.009855 -0.005872 -0.003757
0.006275 -0.008946 0.000787
0.003152 -0.019594 -0.000327
-0.004645 -0.000090 0.000594
0.012936 -0.012112 -0.003618
-0.001326 0.007058 -0.004664
0.007501 0.008140 -0.002709
-0.005554 0.012236 0.002397
0.007408 0.023305 -0.001039
0.001486 -0.006876 -0.000537
0.001362 0.004320 -0.009744
-0.007737 -0.002552 0.000498
0.064789 -0.029985 -0.072910
-0.000972 0.007732 -0.001199
0.017639 -0.011795 0.001803
-0.008568 0.010420 0.001606
-0.005387 -0.001434 -0.003003
0.011574 -0.005625 -0.000431
-0.004064 -0.005374 0.000143
0.010448 -0.009692 0.002453
-0.017169 -0.011803 0.002319
-0.000152 0.002523 -0.005603
0.007329 0.009542 -0.002832
-0.010569 0.009488 0.001662
0.008262 0.022267 -0.002325
-0.001962 -0.002065 -0.000728
0.002113 0.003404 -0.009964
-0.008344 -0.002364 -0.001209
0.003072 0.004454 0.000202
-0.000919 0.008684 -0.000994
0.018050 -0.011107 0.003839
-0.008615 0.011006 0.001996
-0.004950 -0.002110 -0.000065
0.012800 -0.006770 0.000348
-0.003789 -0.005593 0.004994
0.010174 -0.009716 0.002664
-0.017103 -0.011647 0.002105
0.000820 0.003637 -0.005320
0.008029 0.007497 -0.002535
-0.009436 0.010813 0.002130
0.006532 0.022571 -0.001331
0.000764 -0.002883 -0.000678
0.001158 0.004141 -0.010522
-0.008498 -0.002018 0.000999
0.003250 0.006091 -0.002047
-0.000755 0.007707 -0.002875
0.018370 -0.012377 0.003742
-0.007780 0.009320 0.002097
-0.004288 -0.001060 -0.000354
0.010948 -0.004727 -0.000340
-0.003019 -0.005211 0.005993
0.010111 -0.009809 0.002547
-0.016562 -0.011703 0.001089
-0.000649 0.003207 -0.005658
0.007622 0.008530 -0.001957
-0.010969 0.010416 0.002342
0.007479 0.022690 -0.001877
0.000564 -0.001988 -0.001331
-0.001326 0.003245 -0.004857
-0.008074 -0.000788 0.000928
0.002718 0.005286 -0.000431
-0.000982 0.007939 -0.002042
0.018019 -0.011362 0.002719
-0.009076 0.010061 0.002570
-0.005280 -0.000757 -0.001332
0.010973 -0.006315 0.000549
-0.003776 -0.005229 0.005381
0.009720 -0.010842 -0.005105
-0.016729 -0.012206 0.001418
-0.002485 0.003743 0.000552
0.007746 0.007833 -0.002613
-0.007808 0.009589 0.006451
0.005084 0.024649 -0.001201
0.002827 -0.003777 0.006531
0.001128 0.004054 -0.010540
-0.007815 -0.001416 0.000444
0.005012 0.003774 -0.000647
0.000409 0.006695 -0.001938
0.018494 -0.011216 0.005487
-0.008519 0.009767 0.003112
-0.004825 -0.001170 -0.001720
0.011553 -0.004999 0.000342
-0.002921 -0.005703 -0.003873
0.010448 -0.009879 0.001768
-0.016731 -0.011950 0.001845
-0.000214 0.005032 0.000013
0.005753 0.008787 -0.003688
0.007186 0.003155 -0.001298
0.002128 -0.035468 -0.048944
-0.003559 -0.005569 0.000606
0.003836 0.001275 -0.009962
-0.010181 -0.003955 0.000447
0.002442 0.006454 -0.000139
-0.000760 0.011289 -0.002730
0.017840 -0.011620 0.004357
-0.011510 0.004810 -0.004084
-0.004884 0.002623 0.000493
0.011549 -0.006028 0.002736
-0.003394 -0.004853 0.005055
0.006672 -0.011042 0.002102
-0.010476 -0.011221 -0.004676
0.003628 0.006204 -0.005120
-0.045740 0.037690 -0.057886
-0.013206 0.011561 -0.004066
0.006761 0.021487 -0.001524
0.000301 -0.004071 0.004528
0.001200 0.002519 -0.005135
-0.066913 -0.034020 -0.064299
0.003186 0.004911 -0.000816
0.004111 0.078339 -0.074734
0.018019 -0.011428 0.004173
-0.007819 0.016125 -0.004709
-0.005562 -0.005314 0.000009
0.002012 -0.015941 0.541853
-0.003625 -0.005532 0.005269
0.014134 -0.008281 0.001648
-0.021177 -0.013679 -0.006049
-0.001526 0.002985 -0.005358
0.007504 0.008275 -0.004059
-0.010050 0.010465 0.001489
0.007048 0.023063 -0.000583
-0.000710 -0.002232 -0.000511
0.001031 0.000252 -0.008314
-0.009406 -0.002279 0.000158
0.002083 0.006387 -0.000196
-0.000606 0.008259 -0.001822
0.018180 -0.011809 0.004480
-0.008377 0.010237 0.003330
-0.004673 -0.001058 -0.001693
0.012264 -0.005235 0.000345
-0.003389 -0.005671 0.004063
0.010444 -0.009163 -0.004760
-0.016658 -0.011933 0.003642
