2176.0000 0.05 1
1.875
3.75
6.25
6.25
7.5
16.25
8.75
7.5
17.5
15
14.375
16.25
25
16.25
6.25
31.25
23.125
18.125
28.75
10
10
13.125
10
10
16.25
20
25
30
37.5
19.375
23.75
27.5
13.75
26.875
20.625
29.375
21.25
41.25
44.375
30.625
37.5
55
48.75
45.625
41.875
67.5
54.375
48.125
85.625
92.5
98.75
123.125
138.75
135
136.875
156.875
179.375
153.75
156.875
200.625
176.25
176.875
231.25
252.5
267.5
240
234.375
279.375
293.75
310.625
296.875
318.75
303.75
313.75
321.25
339.375
340.625
364.375
313.75
353.125
375
363.125
331.875
358.125
335
379.375
311.875
293.125
303.125
287.5
273.75
254.375
231.25
253.125
250
299.375
205.625
251.25
311.25
293.75
319.375
308.125
308.75
298.125
253.125
293.75
310
295.625
325
274.375
280.625
304.375
270
325
287.5
315.625
248.75
297.5
351.875
321.875
315.625
313.125
325
366.25
341.875
381.875
399.375
379.375
390.625
393.125
394.375
431.25
451.875
472.5
448.75
441.875
456.25
436.875
446.25
417.5
406.25
428.125
381.25
360
316.25
352.5
329.375
310
315.625
330
303.125
276.875
216.25
255.625
249.375
302.5
280.625
248.125
271.25
224.375
320
286.25
329.375
303.75
300
291.875
286.875
295
349.375
291.25
323.75
355
372.5
355
259.375
286.875
213.125
289.375
345.625
266.25
264.375
266.25
258.125
238.75
245
249.375
263.75
326.875
237.5
228.125
238.125
225.625
180.625
247.5
253.75
281.25
256.875
306.25
253.125
265
255.625
206.875
204.375
268.125
255
326.25
344.375
343.75
355.625
274.375
366.875
293.75
513.75
536.875
506.25
425
367.5
259.375
235.625
200.625
168.125
118.125
61.875
31.25
11.25
3.75
1.25
4.375
1.25
0
0
0
0
0
0
0
0
0
0
3.75
0
