0.010992 0.002793 0.000301
-0.009839 -0.005089 -0.007867
0.010803 0.003773 0.001287
0.002051 0.000265 0.002820
0.005910 0.001102 -0.005568
0.003278 -0.007623 -0.005806
-0.008533 0.000465 -0.010194
-0.007803 0.009337 -0.004966
-0.008030 0.001502 -0.006841
0.005800 -0.000727 -0.002382
-0.004164 -0.002647 0.004610
-0.005964 -0.002707 0.001683
-0.001574 -0.005569 0.009164
-0.005849 0.001460 -0.000411
0.006433 0.000788 -0.004265
0.003135 -0.001546 -0.000130
0.011439 0.021224 -0.019409
-0.005086 -0.001672 0.000470
0.010821 0.004212 -0.000296
0.002135 0.000511 -0.003651
0.008444 0.002715 -0.003132
-0.001794 -0.003489 0.000395
-0.004438 -0.002814 -0.003976
-0.004303 0.005957 0.000964
-0.008277 0.001672 -0.006652
0.005120 -0.002642 -0.002486
-0.003164 -0.002520 0.004430
-0.005917 -0.001540 0.001025
-0.001570 -0.005143 0.008415
-0.006502 -0.005269 -0.006528
0.006407 0.000631 -0.005314
0.002435 -0.001543 0.000536
0.010801 0.002381 0.002251
-0.004793 -0.002706 0.001626
0.010756 0.005828 -0.003338
0.002119 -0.000502 0.002406
0.008904 0.002374 -0.001398
0.002266 0.001144 -0.006001
-0.004337 -0.002949 -0.004226
-0.009559 0.002126 -0.005813
-0.012778 -0.001842 -0.013191
0.005403 -0.000115 -0.002357
0.039265 -0.001516 -0.028326
-0.007114 -0.002290 0.002381
-0.003020 -0.004689 0.010023
-0.005845 0.001051 -0.000639
0.006584 0.001821 -0.003892
0.017561 -0.002156 -0.013730
0.010764 0.002561 0.011249
-0.000743 0.003532 -0.009335
0.010624 0.003839 -0.001233
0.001978 -0.000384 0.000164
0.008404 0.002239 -0.002731
-0.002144 -0.004879 0.002633
-0.006769 -0.003409 -0.002804
-0.002842 0.007218 0.002605
-0.008689 0.000880 -0.007914
0.005200 -0.000155 -0.002500
-0.004186 -0.002668 0.003944
-0.005839 -0.002497 0.003402
-0.002098 -0.005447 0.009146
-0.005618 0.000943 0.000207
0.004009 0.001195 -0.005651
0.001560 -0.001777 -0.000168
0.011623 -0.013027 -0.015037
-0.005317 -0.001241 0.002493
0.008786 0.003728 0.000563
0.001846 0.000600 -0.004102
0.009469 0.002921 -0.002802
0.000240 -0.003459 -0.000522
-0.009218 0.002221 -0.011200
-0.005167 0.006216 0.000385
-0.013229 -0.004356 -0.013239
0.006772 -0.045002 -0.036545
-0.003879 -0.002745 0.004608
-0.006654 -0.000850 -0.028880
-0.001813 -0.005274 0.009628
-0.006281 0.000274 0.001794
0.003511 0.001243 -0.003018
0.002770 -0.001617 0.000764
0.010108 -0.012272 -0.014104
-0.005296 -0.001035 0.000873
0.010466 0.003929 0.000071
0.002374 0.000553 -0.003459
0.008912 0.002655 -0.003273
-0.002705 -0.002927 -0.000370
-0.004516 -0.002417 -0.004832
-0.004664 0.005756 0.001062
-0.008363 0.000928 -0.007944
0.005391 -0.006595 -0.008844
-0.004304 -0.002378 0.005332
-0.006216 -0.001607 0.000819
-0.001740 -0.004867 0.010567
-0.005439 -0.001202 -0.000107
0.004867 0.001279 -0.005495
0.002011 -0.002346 0.000825
0.010733 0.002628 0.000569
-0.006098 0.000464 0.001653
0.010718 0.003741 -0.000068
0.001917 -0.000330 -0.000845
0.008495 0.002576 -0.004034
-0.002557 -0.002430 0.002319
-0.004834 -0.002478 -0.004815
-0.003930 0.005074 0.002011
-0.009895 0.001669 -0.005676
0.004998 -0.000430 -0.001749
-0.002894 -0.001777 0.006509
-0.007033 -0.002108 0.004051
-0.000263 -0.005900 0.009692
-0.005263 0.001443 -0.000789
0.005711 0.000648 -0.004974
-0.011847 -0.001896 -0.012852
0.010236 0.021168 -0.018787
-0.005475 -0.001308 0.000308
0.010814 0.005640 -0.000036
0.003459 0.000911 -0.003980
0.007461 0.002737 -0.002872
-0.002008 -0.003479 -0.001346
-0.005602 -0.002547 -0.003982
-0.006908 0.005570 -0.000348
-0.009578 0.000808 -0.006335
0.005219 -0.001221 0.000508
-0.004358 -0.002432 0.005179
-0.005152 -0.001534 -0.026916
0.001765 -0.007292 0.006708
-0.003726 -0.029310 -0.023328
-0.032698 0.002875 -0.035739
0.002344 -0.001933 0.000989
-0.008098 -0.004499 -0.003132
0.000873 -0.006036 -0.003700
-0.003276 0.000305 0.002855
-0.003422 0.004966 0.002855
-0.004131 0.006226 -0.001791
0.006024 -0.001319 -0.001898
0.004180 -0.000464 -0.003123
0.002715 -0.000155 -0.000504
0.009978 0.005373 0.002866
0.000399 -0.005228 -0.005321
0.002254 0.002629 0.006143
-0.022203 -0.004111 -0.005252
0.002018 0.004376 0.012115
-0.000606 -0.007566 -0.009946
0.017758 -0.000305 0.000507
-0.006320 0.000588 0.009160
-0.012922 -0.001805 0.002522
0.005720 -0.002678 0.001281
-0.003474 0.003713 -0.000914
-0.004094 0.003422 0.003683
-0.000747 0.010804 -0.006974
0.005992 -0.001584 -0.001992
0.004010 -0.001096 -0.004858
0.003069 0.000284 -0.002318
0.009705 0.004563 0.002532
0.000079 -0.006257 -0.005811
0.002204 0.002863 0.005858
-0.022546 -0.003605 -0.006040
0.001435 0.004349 0.011193
0.000016 -0.005928 -0.009255
0.017694 0.001612 0.000473
-0.006226 -0.000970 0.008090
-0.012789 -0.000185 0.003797
0.002395 0.002135 -0.003819
-0.003051 -0.000194 0.002493
-0.003262 0.003497 0.002685
-0.004720 0.006411 -0.001133
0.007498 0.024632 0.468372
0.003929 0.000073 -0.007561
0.003480 -0.000633 -0.001272
0.009690 0.005837 0.001538
0.000375 -0.006228 -0.005578
0.006657 0.005966 -0.000129
-0.022994 -0.004266 -0.004932
0.001031 0.004767 0.012425
-0.001132 -0.007649 -0.008350
0.018260 0.000014 0.000286
-0.006070 0.000228 0.006823
-0.010911 -0.000196 0.005314
0.005464 -0.003825 0.001986
-0.002479 -0.000195 0.002516
-0.005608 0.002800 0.002579
0.002592 0.006135 -0.008164
0.006070 0.000499 0.010220
0.004290 -0.000487 -0.005670
0.002940 0.000511 -0.001990
0.009367 0.005738 0.001205
-0.000630 -0.005592 -0.006221
0.002274 0.002709 0.005508
-0.021935 -0.004051 -0.005254
0.002755 0.004127 0.011509
-0.000821 -0.007550 -0.010184
0.017776 0.000039 0.000715
-0.005312 0.000550 0.007340
-0.011673 -0.001143 0.004624
0.004731 -0.002815 0.000388
-0.003055 0.002369 0.005014
-0.003987 0.004035 0.003350
0.000602 0.001515 -0.007658
0.006488 -0.000840 -0.001843
0.005120 -0.000396 -0.004738
-0.019151 -0.000054 -0.024936
0.006035 0.000410 -0.006819
-0.029405 -0.005963 -0.017569
0.002811 0.002425 0.005903
-0.022023 -0.004479 0.001725
0.002052 0.005150 0.014644
-0.003664 -0.003428 -0.017088
0.017576 0.025414 -0.014409
-0.000903 -0.004954 -0.002995
-0.012687 -0.000734 0.004176
0.005733 -0.002110 0.001860
-0.002452 0.001689 0.002832
-0.004361 0.004072 0.001867
-0.004695 0.007445 0.000235
0.005806 -0.000660 -0.002011
0.004313 -0.000788 -0.004497
0.003191 0.000232 -0.001825
0.009710 0.006828 0.002462
0.000041 -0.006754 -0.006801
0.002390 0.002122 0.006351
-0.022520 -0.004273 -0.004165
0.001455 0.004563 0.012041
-0.000759 -0.008548 -0.009231
0.018645 0.003154 -0.002456
-0.005252 0.001845 0.008303
-0.012595 -0.001398 0.002713
0.006171 -0.001217 0.002441
-0.002917 0.000086 0.002906
-0.004750 0.004479 0.003002
-0.004741 0.006343 -0.000685
0.005973 -0.001222 -0.004908
0.004475 -0.000760 -0.004070
0.003235 0.000448 -0.001400
0.009705 0.005959 0.001159
-0.001046 -0.006458 -0.006582
0.003204 0.001766 0.006458
-0.022192 -0.004057 -0.005628
0.001541 0.004607 0.012105
-0.000311 -0.007521 -0.009940
0.017707 -0.000468 0.000119
-0.006021 0.000329 0.006697
-0.006469 -0.005213 -0.002545
-0.001560 -0.002843 -0.005352
-0.004793 0.020486 -0.008822
-0.004142 0.004385 0.005681
-0.003688 0.005526 -0.000031
0.005852 -0.001484 -0.001843
0.003830 -0.000965 -0.004563
0.023664 0.000312 -0.021985
0.012791 0.009756 -0.005370
-0.000749 -0.006010 -0.003189
0.006634 0.006921 0.000617
-0.022656 -0.004317 -0.001844
0.019353 0.004478 0.008437
0.002720 -0.012458 -0.018465
0.018426 0.001977 0.002287
-0.010257 0.003469 -0.000543
