2176.0000 0.05 1
1.875
3.75
6.25
6.25
7.5
16.25
8.75
7.5
16.25
16.25
14.375
16.25
25
16.25
6.25
31.25
23.125
18.125
28.75
10
10
13.125
10
10
16.25
20
25
30
37.5
19.375
22.5
28.75
13.75
26.875
20.625
29.375
21.25
41.25
45
30
37.5
55
48.75
45.625
41.875
67.5
54.375
49.375
84.375
92.5
98.75
124.375
138.125
134.375
138.125
155.625
180
153.125
158.125
199.375
176.25
175
233.75
251.875
268.75
238.75
231.875
281.875
293.75
308.75
297.5
321.25
301.875
311.875
323.75
339.375
339.375
366.875
313.75
355.625
370.625
363.125
331.875
360
336.875
376.875
312.5
293.125
303.125
286.875
274.375
254.375
231.25
252.5
250
300
207.5
246.875
312.5
295.625
318.75
307.5
311.875
298.125
249.375
293.75
310.625
297.5
324.375
276.875
276.875
303.125
272.5
320.625
290.625
318.125
246.875
298.75
350.625
321.875
313.75
316.25
327.5
362.5
341.875
381.25
400
378.125
390.625
397.5
391.25
431.875
450.625
471.25
453.75
439.375
453.125
437.5
450
414.375
408.75
426.875
381.25
360
315
353.75
328.125
310.625
317.5
331.25
301.875
274.375
217.5
254.375
249.375
308.125
276.25
246.25
271.875
227.5
318.75
286.875
331.25
301.25
301.25
290
285.625
295.625
351.25
288.75
326.25
353.75
371.25
356.25
260.625
286.25
212.5
289.375
344.375
268.75
261.875
266.875
260
238.125
241.875
250.625
265
329.375
237.5
226.875
236.875
226.25
181.25
245
256.25
280
258.125
309.375
250.625
261.875
257.5
206.25
204.375
266.875
255
326.25
344.375
345.625
353.125
278.125
363.75
296.875
514.375
534.375
509.375
423.125
366.875
257.5
236.25
203.125
163.125
118.75
63.75
30
12.5
3.75
1.875
4.375
1.25
0
0
0
0
0
0
0
0
0
0
2.5
0
