0.011852 0.001997 0.001157
-0.004905 -0.001340 0.001843
0.010551 0.006994 0.000037
0.001347 -0.001433 -0.003473
0.024980 0.020134 -0.002132
-0.002556 -0.005963 -0.000902
-0.006223 -0.003322 -0.005251
-0.005900 0.004290 0.001121
-0.008385 0.001461 -0.007786
0.006775 -0.001952 -0.002547
-0.002193 -0.004236 0.003236
-0.007300 -0.001421 0.002463
-0.001637 -0.006372 0.009384
-0.005839 0.001802 -0.000473
0.006397 -0.001168 -0.004073
0.002641 -0.001610 0.000858
0.010414 0.000948 0.002430
-0.005212 -0.004244 0.001177
0.010501 0.005254 0.000427
0.002376 0.000601 -0.003364
0.008544 0.003578 -0.002842
-0.002277 -0.005705 -0.001287
-0.004786 -0.002394 -0.004849
-0.004842 0.005732 0.000636
-0.004947 0.009599 -0.004464
0.005342 -0.000721 -0.002382
-0.003385 -0.003345 0.003712
-0.005460 -0.004318 0.000928
-0.001413 -0.005756 0.009294
-0.005362 0.000014 -0.002061
0.005024 0.001189 -0.004764
0.002050 -0.001755 0.000687
0.014826 0.006433 0.001250
-0.006333 -0.001133 0.000036
0.010014 -0.529403 -0.003386
-0.041191 0.040455 -0.002865
-0.002153 0.014048 -0.003195
-0.004927 0.001339 0.001916
-0.002903 -0.003331 -0.003938
-0.008728 0.010103 -0.002164
-0.008718 -0.000301 -0.008120
0.003426 -0.001851 -0.001922
0.001645 0.002996 0.006432
-0.007801 -0.002805 0.003033
-0.001618 -0.004959 0.009380
-0.005313 -0.000260 -0.000309
0.008848 0.005612 -0.008638
0.001591 -0.002647 0.001414
0.009868 0.002028 0.001038
-0.004793 -0.001408 0.000777
0.010516 -0.003965 -0.000109
0.003210 0.001043 -0.003519
0.009133 0.002858 -0.003104
-0.000689 -0.003225 -0.000446
-0.004434 -0.001464 -0.004938
-0.004765 0.005994 0.000812
-0.008708 0.000927 -0.007856
0.004915 -0.000612 -0.002722
-0.003709 -0.002201 0.003953
-0.005385 -0.002829 0.002518
-0.001454 -0.006347 0.009394
-0.005667 0.000565 -0.000629
0.003911 0.001445 -0.005224
0.002393 -0.001974 0.000642
0.013481 0.006731 0.005262
-0.005346 -0.007768 0.001365
0.010549 0.005411 -0.000196
0.003202 -0.000435 -0.002513
0.008143 0.002250 -0.003573
-0.005530 0.002248 0.003052
-0.001635 -0.000607 -0.000898
-0.005046 0.004960 0.000409
-0.013655 0.011187 -0.012965
0.002347 -0.001118 0.001279
-0.003521 -0.002389 0.003925
-0.008571 0.002476 -0.002245
-0.001830 -0.005721 0.009438
-0.005457 -0.000205 0.000663
0.003739 0.000695 -0.005013
0.001687 -0.001682 0.000979
0.009877 0.000458 -0.000355
-0.005465 -0.002167 0.001322
0.010770 0.005350 -0.000543
0.002407 0.000841 -0.003031
0.008537 0.002498 -0.002872
-0.001695 -0.002857 -0.001069
-0.004406 -0.001356 -0.005194
-0.005845 0.004437 0.000836
-0.008852 0.000494 -0.006917
0.005016 -0.000651 -0.002606
-0.000136 0.002070 0.008584
-0.005421 -0.004611 0.004010
-0.001532 0.023087 0.009878
-0.010134 0.010458 -0.004304
0.006037 -0.000756 -0.004574
0.046828 0.036220 -0.000131
0.010026 0.001941 0.000799
-0.006356 -0.001255 0.002007
0.010403 0.004782 -0.000084
0.003003 0.000435 -0.003520
0.007650 0.003382 -0.002763
-0.000281 -0.004521 -0.001270
-0.004779 -0.001463 -0.004788
-0.004488 0.005120 0.001376
-0.008696 0.000931 -0.007657
0.005310 -0.000595 -0.002111
-0.003816 -0.003115 0.004029
-0.006240 -0.002436 0.003051
-0.001544 -0.004669 0.009533
-0.005528 0.000919 -0.000875
0.005295 0.000028 -0.003929
0.001984 -0.002701 0.000355
0.013167 0.006639 -0.003100
-0.005524 -0.000555 0.001231
0.009448 0.005850 0.000081
0.003357 -0.000366 -0.003806
0.008670 0.002890 -0.002585
-0.002160 -0.003715 -0.001379
-0.004533 -0.003284 -0.005152
-0.009940 0.011676 -0.003405
-0.008620 0.000536 -0.008720
0.005001 -0.001826 -0.002649
-0.002911 -0.003599 0.004311
-0.008682 0.002528 0.007056
-0.001838 0.026807 0.009196
0.000041 0.012128 0.005335
0.009357 0.007792 -0.007294
0.002959 -0.003752 0.001029
-0.013716 -0.002084 0.003062
0.004495 -0.005943 0.001037
-0.001526 0.000628 0.002839
-0.004524 0.003860 0.002472
-0.003639 0.006338 -0.001708
0.007677 -0.002903 -0.000596
0.003963 -0.003826 -0.004332
0.007245 0.004618 -0.000902
0.009394 0.006232 0.002011
-0.000901 -0.005414 -0.005610
0.002365 0.003984 0.005591
-0.022306 -0.005229 -0.006470
0.002622 0.004803 0.010831
-0.000587 -0.019019 -0.009360
0.017781 0.001975 0.000161
-0.023846 0.021260 0.008142
-0.012633 -0.000624 0.002997
0.005058 -0.002355 0.002189
-0.002796 0.001841 0.002501
-0.003278 0.004103 0.002297
-0.003582 0.003140 -0.001305
0.004298 -0.002004 -0.002029
0.004742 -0.000716 -0.003595
0.002896 -0.001744 -0.002357
0.009545 0.004399 0.001640
-0.000797 -0.008340 -0.005912
0.001826 0.002400 0.004793
-0.029546 0.003696 -0.004711
0.002637 0.005532 0.012446
-0.001511 0.012128 0.009307
0.013740 0.009673 0.003518
-0.006122 0.000520 0.007622
-0.011255 -0.002057 0.002246
0.004373 0.018617 -0.030109
-0.004419 0.000470 0.001559
-0.002852 0.003211 0.002154
-0.003288 0.006483 -0.002327
0.046485 0.031266 -0.001124
0.004127 -0.006906 -0.004463
0.002845 0.000667 -0.000270
0.010177 0.006638 0.002096
-0.000709 -0.006199 -0.005785
0.002141 0.002044 0.005788
-0.025127 0.000477 -0.009361
0.002142 0.004393 0.011092
-0.000590 -0.006159 -0.009515
0.018298 -0.000332 -0.000028
0.007497 0.015376 0.007460
-0.012334 -0.000857 0.003187
0.004291 -0.001737 0.000695
-0.002682 0.001264 0.002692
-0.004300 0.003457 0.002755
-0.003653 0.006013 -0.002584
0.004833 -0.000538 -0.000882
0.004273 -0.001934 -0.004444
0.002371 -0.000546 -0.000443
0.009659 0.005907 0.001833
-0.000883 -0.006899 -0.005390
0.002133 0.003726 0.005367
-0.022243 -0.005819 -0.003431
0.002967 0.003353 0.010271
-0.000438 -0.006600 -0.009453
0.017800 0.001016 0.000051
-0.005914 0.001039 0.007746
-0.012776 -0.002065 0.003024
0.004565 -0.002920 0.001711
-0.002807 0.000267 0.002669
-0.004175 0.003919 0.002694
-0.004857 0.019595 0.020735
0.005819 -0.001518 -0.000857
0.004135 -0.000778 -0.004888
0.005276 0.004997 -0.004922
0.009708 0.001136 0.001168
0.000612 0.021493 -0.043915
0.002011 0.002397 0.005955
-0.022349 -0.003440 -0.005280
0.001993 0.005869 0.012218
0.000146 0.012728 -0.028372
0.023006 0.011364 -0.005143
-0.005541 0.000028 0.007027
-0.012764 -0.001431 0.003255
0.004943 -0.003560 0.002567
-0.002861 0.001065 0.002454
-0.005568 0.002490 0.002397
-0.003446 0.006327 -0.000918
0.004519 -0.001904 -0.000759
0.004373 -0.001059 -0.005106
0.003269 -0.001037 0.000706
0.009576 0.005757 0.002170
-0.001046 -0.005631 -0.007325
0.005958 0.011090 0.002240
-0.021732 -0.004681 -0.005253
0.002359 0.001888 0.012218
-0.000471 0.012755 -0.028849
0.018285 0.000324 0.001493
-0.005920 0.001111 0.007699
-0.012808 -0.000897 0.002488
0.005012 -0.001909 0.000879
-0.002765 0.000938 0.002004
-0.003280 0.003199 0.003125
-0.003505 0.005324 -0.002616
0.005686 -0.001308 -0.000743
0.004665 0.000018 -0.004676
0.001792 0.000099 -0.000679
0.010011 0.005965 0.001996
-0.000557 -0.006390 -0.005269
0.002042 0.003381 0.005231
-0.024955 0.000070 -0.001382
0.002231 0.004093 0.010655
-0.000293 -0.007733 -0.009363
0.017897 0.001393 0.000321
-0.005497 0.001395 0.007419
-0.010497 0.001870 0.000916
0.004902 -0.003097 0.002304
-0.005566 0.004909 -0.000347
-0.046421 0.033532 0.002155
-0.003482 0.006965 -0.001383
0.006199 -0.001032 -0.001039
0.004567 -0.001163 -0.004148
0.005940 0.005261 0.004037
0.009559 0.001277 0.002487
-0.000880 -0.005163 -0.006655
-0.002461 0.013141 0.010931
-0.021187 -0.004206 -0.005099
0.003162 0.041548 0.061430
0.000233 0.013739 0.009188
0.017576 0.000433 -0.001559
-0.005718 0.000263 0.008062
