2176.0000 0.05 1
1.11111
4.44444
11.1111
2.22222
11.1111
4.44444
13.3333
11.1111
20
11.1111
6.66667
11.1111
24.4444
23.3333
17.7778
23.3333
26.6667
18.8889
13.3333
32.2222
18.8889
8.88889
4.44444
10
14.4444
16.6667
34.4444
37.7778
27.7778
37.7778
13.3333
24.4444
17.7778
33.3333
22.2222
32.2222
26.6667
27.7778
40
24.4444
32.2222
46.6667
36.6667
47.7778
70
57.7778
54.4444
41.1111
77.7778
111.111
95.5556
124.444
127.778
136.667
151.111
144.444
161.111
192.222
192.222
202.222
212.222
270
191.111
231.111
232.222
288.889
237.778
278.889
253.333
261.111
292.222
302.222
317.778
337.778
316.667
350
284.444
347.778
306.667
306.667
300
296.667
293.333
280
312.222
273.333
251.111
283.333
290
297.778
314.444
320
322.222
312.222
331.111
314.444
316.667
297.778
294.444
296.667
302.222
293.333
327.778
362.222
315.556
357.778
377.778
365.556
344.444
352.222
341.111
293.333
251.111
215.556
177.778
160
188.889
241.111
264.444
331.111
351.111
397.778
420
395.556
431.111
410
450
400
384.444
354.444
346.667
368.889
350
395.556
380
382.222
382.222
427.778
408.889
454.444
406.667
412.222
408.889
353.333
361.111
372.222
368.889
381.111
437.778
415.556
401.111
441.111
401.111
345.556
347.778
322.222
351.111
318.889
324.444
255.556
284.444
264.444
274.444
253.333
242.222
226.667
274.444
206.667
246.667
216.667
230
258.889
225.556
240
234.444
214.444
208.889
230
176.667
202.222
175.556
197.778
175.556
175.556
257.778
235.556
231.111
211.111
216.667
170
175.556
196.667
262.222
238.889
224.444
267.778
247.778
220
262.222
350
342.222
316.667
308.889
325.556
307.778
333.333
380
414.444
430
425.556
450
430
513.333
468.889
500
470
427.778
352.222
315.556
230
116.667
18.8889
1.11111
0
0
0
0
0
0
0
0
0
0
0
0
0
0
0
0
0
0
0
0
0
0
4.44444
2.22222
0
2.22222
0
0
4.44444
4.44444
1.11111
4.44444
0
0
4.44444
2.22222
4.44444
6.66667
0
2.22222
4.44444
0
1.11111
2.22222
0
2.22222
0
2.22222
0
