2176.0000 0.05 1
1.11111
4.44444
11.1111
2.22222
11.1111
4.44444
13.3333
11.1111
20
11.1111
6.66667
11.1111
24.4444
23.3333
17.7778
23.3333
26.6667
18.8889
13.3333
34.4444
16.6667
11.1111
2.22222
10
14.4444
16.6667
34.4444
37.7778
27.7778
37.7778
11.1111
26.6667
17.7778
31.1111
24.4444
32.2222
26.6667
27.7778
40
24.4444
32.2222
46.6667
36.6667
47.7778
70
55.5556
56.6667
41.1111
80
106.667
95.5556
126.667
127.778
136.667
148.889
148.889
161.111
190
187.778
206.667
212.222
272.222
190
230
234.444
286.667
235.556
277.778
256.667
263.333
287.778
297.778
322.222
335.556
321.111
352.222
282.222
347.778
303.333
310
294.444
300
293.333
277.778
312.222
273.333
251.111
285.556
292.222
297.778
313.333
317.778
321.111
310
333.333
316.667
317.778
294.444
294.444
298.889
301.111
292.222
332.222
355.556
318.889
358.889
377.778
356.667
353.333
352.222
338.889
293.333
253.333
215.556
177.778
162.222
186.667
241.111
264.444
331.111
352.222
394.444
420
397.778
434.444
408.889
450
400
382.222
356.667
342.222
373.333
345.556
397.778
378.889
376.667
386.667
427.778
406.667
456.667
410
406.667
408.889
356.667
360
376.667
368.889
377.778
432.222
413.333
410
441.111
403.333
338.889
354.444
322.222
348.889
312.222
331.111
257.778
286.667
260
265.556
262.222
242.222
224.444
276.667
206.667
245.556
217.778
232.222
258.889
223.333
244.444
232.222
214.444
208.889
225.556
176.667
205.556
176.667
197.778
175.556
174.444
254.444
235.556
233.333
213.333
216.667
170
174.444
197.778
260
241.111
222.222
273.333
237.778
226.667
260
350
342.222
317.778
303.333
332.222
305.556
333.333
380
412.222
432.222
427.778
443.333
432.222
510
472.222
502.222
464.444
433.333
352.222
313.333
225.556
124.444
17.7778
1.11111
0
0
0
0
0
0
0
0
0
0
0
0
0
0
0
0
0
0
0
0
0
0
2.22222
2.22222
2.22222
0
0
2.22222
2.22222
4.44444
4.44444
3.33333
2.22222
0
4.44444
2.22222
4.44444
6.66667
0
2.22222
2.22222
3.33333
0
2.22222
0
2.22222
0
0
2.22222
0
