-0.000781 0.011305 0.012194
-0.007166 0.002569 0.001376
-0.001772 0.018954 0.000706
0.011623 0.008630 -0.002089
0.001335 0.013794 -0.014730
-0.008873 0.001349 -0.000322
-0.000087 0.003730 0.005382
0.003731 -0.014354 -0.002310
-0.005641 -0.031285 -0.003787
-0.010344 -0.007164 -0.002175
0.010820 -0.005707 -0.000139
-0.008317 -0.005712 -0.002877
0.004460 -0.006727 0.002895
0.004604 -0.021089 -0.001303
-0.005336 0.002978 0.001882
0.013285 -0.011202 0.002653
-0.000945 0.011598 0.012894
-0.008046 0.001278 0.001004
-0.001459 0.019525 0.001344
0.011364 0.008567 -0.002861
-0.000464 0.016145 -0.005997
-0.010070 0.000299 -0.001944
-0.000127 0.002957 -0.001463
-0.000220 -0.016557 -0.002810
-0.003485 -0.010397 -0.001786
-0.011969 -0.005030 -0.001915
0.010902 -0.006533 -0.000753
-0.011732 -0.006146 0.001438
0.003347 -0.007269 0.007609
0.004336 -0.019183 -0.002270
-0.002871 0.002206 0.001391
0.013609 -0.011308 0.003126
-0.000171 0.010435 0.012527
-0.010330 0.001179 0.000698
-0.001782 0.018458 -0.000025
0.010760 0.008193 -0.002849
-0.001997 0.015317 -0.006517
-0.008284 0.001172 -0.001866
-0.002371 0.002458 0.002922
0.000938 -0.015881 -0.003451
-0.002794 -0.011952 -0.001005
-0.011203 -0.005466 -0.002178
0.010674 -0.006957 0.000685
-0.010539 -0.001835 -0.002643
-0.000761 -0.007592 0.003217
0.003214 -0.019623 -0.000450
-0.003569 0.000404 0.000200
0.013720 -0.010704 0.002254
0.001165 0.015971 0.006395
-0.008303 0.000830 0.000515
-0.001621 0.019693 -0.020083
0.011247 0.006110 -0.002149
-0.001754 0.016649 -0.006328
-0.009362 0.001326 -0.008422
-0.000208 0.003415 0.005426
-0.004009 -0.014574 -0.005598
-0.002657 -0.011348 -0.001049
-0.015590 -0.004174 -0.001800
0.012852 -0.005472 0.000737
-0.009663 -0.006346 -0.003567
0.005589 -0.006537 0.003704
-0.066960 -0.059472 -0.088527
-0.003856 0.001421 0.001640
0.013779 -0.012833 0.008455
-0.000538 0.011358 0.014094
-0.010031 0.001240 -0.006343
-0.001725 0.019348 0.000238
0.011629 0.007557 -0.002839
-0.006535 0.019748 -0.012358
-0.008338 0.000566 -0.001025
-0.000717 0.003600 0.005297
0.002180 -0.016547 0.001786
-0.002616 -0.008288 -0.004859
-0.010957 -0.004828 -0.003040
0.011391 -0.006517 -0.000162
-0.010188 -0.006136 -0.004396
0.004502 -0.007794 0.003331
0.003416 -0.019085 -0.000729
-0.085008 0.040162 -0.099793
0.013710 -0.010988 0.001971
-0.000240 0.011016 0.013500
-0.008387 0.001462 0.001045
-0.001711 0.018845 0.000537
0.012757 0.007536 0.002497
-0.001943 0.015526 -0.006120
-0.009633 0.000826 -0.002714
-0.000233 0.003822 0.006024
0.000405 -0.015677 -0.002990
-0.003889 -0.013078 -0.001435
-0.007883 -0.004023 -0.006941
0.011592 -0.006582 0.000199
-0.009409 -0.003028 0.001678
0.007957 -0.009790 0.000542
0.003186 -0.019995 -0.001551
-0.003640 0.000552 0.001716
0.012425 -0.015482 0.003316
-0.000410 0.011172 0.012322
-0.009142 0.000971 0.000932
-0.001357 0.018964 0.000690
0.026022 0.005176 0.649648
-0.000857 0.015826 -0.006063
-0.009143 -0.000056 -0.001703
-0.000138 0.002721 0.005586
-0.000749 -0.016254 -0.002834
-0.003929 -0.010540 -0.000230
-0.028356 -0.013982 -0.004016
0.010854 -0.008176 0.000950
-0.005900 -0.002618 -0.003336
-0.011411 0.002008 0.001398
0.003203 -0.018854 -0.000447
-0.003254 -0.000441 0.001649
0.013006 -0.011964 0.006670
-0.001906 0.005922 0.004513
-0.009564 0.001665 0.000113
-0.000746 0.018927 -0.019693
0.012637 0.008133 -0.002195
-0.001125 0.016273 -0.006730
-0.009993 0.001671 -0.000860
-0.000229 0.003599 0.004670
0.015663 -0.026533 -0.005531
-0.004280 -0.011954 -0.000986
-0.013118 -0.005927 0.002350
0.093877 0.036466 -0.095072
-0.011443 -0.006165 -0.004012
0.003997 -0.007741 0.002714
0.000334 -0.021321 -0.001287
-0.003845 -0.000217 0.001661
0.017309 -0.013915 0.002662
0.000251 0.002734 -0.004269
0.008032 0.008056 -0.008599
-0.009834 0.010450 0.001984
0.006699 0.023762 -0.002461
-0.000052 -0.002520 0.000065
0.001537 0.003466 -0.009066
-0.004879 -0.003323 -0.006010
0.002481 0.005545 0.001144
-0.001216 0.008653 -0.001865
0.018322 -0.011654 0.003897
-0.009339 0.010640 0.002197
-0.005179 -0.000771 -0.001669
0.011693 -0.007130 -0.005523
-0.003537 -0.004436 0.003850
0.010096 -0.013039 0.002947
0.047410 -0.045478 -0.064882
0.000699 0.003430 -0.005129
0.008855 0.009958 -0.002164
-0.010219 0.010261 0.002250
0.006795 0.023893 0.000080
0.000031 -0.002350 -0.000334
-0.001280 0.005136 -0.010941
-0.008866 -0.002129 0.001062
0.002904 0.005545 0.000693
-0.000635 0.007761 -0.002194
0.018839 -0.011767 0.002594
-0.008054 0.010597 0.001135
-0.004422 -0.001623 -0.000667
0.011703 -0.006265 -0.000519
-0.002758 -0.005431 0.004523
0.009435 -0.009969 0.002049
-0.017117 -0.012765 0.001430
-0.000958 0.004011 -0.004098
0.006854 0.008588 -0.002575
-0.010053 0.011404 0.002747
0.007384 0.022786 -0.001033
-0.000219 -0.002395 -0.000101
0.003628 0.003380 -0.010056
-0.008258 -0.002222 0.001717
0.003018 0.005742 -0.000247
-0.000622 0.007452 -0.003364
0.017599 -0.012182 0.003166
-0.006750 0.010091 0.001973
-0.005467 -0.001218 0.000941
0.009241 -0.004817 0.000139
-0.003128 -0.005148 0.003114
0.010341 -0.009808 0.001518
-0.017183 -0.011883 -0.000091
0.000139 0.003231 -0.002644
0.008011 0.008341 -0.002262
-0.012567 0.006612 -0.003916
0.006765 0.023870 -0.000831
0.002797 -0.000522 -0.000277
0.000998 0.004019 -0.009929
-0.008650 -0.001739 0.002775
-0.002038 0.003821 -0.005435
-0.000918 0.007853 -0.002590
0.018398 -0.013495 0.002785
-0.006610 0.010976 0.006287
-0.005534 -0.001173 -0.000481
0.010829 -0.005901 0.000347
-0.001440 -0.004561 0.009509
0.009642 -0.012634 0.006547
-0.016473 -0.012226 0.001074
-0.000366 0.003880 -0.004743
0.007243 0.007692 -0.006868
-0.010140 0.010315 0.002016
0.007502 0.023231 0.000303
-0.000134 -0.002620 -0.001258
0.000702 0.004840 -0.009819
-0.013792 0.000197 -0.005490
0.003435 0.005473 0.000674
-0.001025 0.007111 -0.002332
0.017102 -0.010996 0.002508
-0.008073 0.009331 0.001562
-0.004967 -0.000617 0.000670
0.011370 0.011737 -0.002556
-0.003806 -0.004947 0.003358
0.012203 -0.010608 0.007278
-0.015642 -0.013126 0.001675
0.000828 -0.001856 -0.011695
0.007605 0.008348 -0.001941
-0.009996 0.010745 0.000587
0.006709 0.022679 -0.000361
-0.000342 -0.002807 -0.006028
0.001620 0.004062 -0.016528
-0.008267 -0.002138 0.001542
0.003105 0.005586 0.002027
-0.000668 0.010729 -0.001558
0.017820 -0.011965 0.003100
-0.007989 0.011909 0.006545
-0.004306 0.000508 -0.000805
0.011250 -0.005547 0.000849
-0.006386 -0.006266 0.000169
0.011430 -0.009775 0.002030
-0.017283 -0.011255 0.001378
0.000683 0.007501 -0.011378
0.006453 0.007741 -0.002665
-0.010549 0.010853 0.001156
0.006889 0.023458 -0.001719
-0.000322 -0.004133 -0.003519
-0.000179 0.004968 -0.017516
-0.008465 -0.001787 0.000981
0.003303 0.005449 0.000046
-0.000002 0.004189 -0.002611
0.018741 -0.011729 0.003374
-0.011618 0.012293 0.002407
-0.010589 0.080278 -0.077159
0.012457 -0.005010 0.000155
0.013107 0.002691 0.000532
0.010184 -0.009203 0.001242
-0.016725 -0.012155 0.001086
-0.000169 0.003960 -0.005212
0.006245 0.008805 -0.002050
-0.008516 0.015373 -0.002243
0.006924 0.022987 -0.000101
-0.003200 -0.004999 -0.000433
0.001595 0.004675 -0.009680
-0.007802 -0.002232 0.000246
0.008667 0.006538 -0.005520
-0.001099 0.007160 -0.002787
0.019970 -0.101136 -0.084556
-0.005892 0.014736 0.002783
-0.004838 -0.000837 0.000468
0.012789 -0.005124 -0.000066
0.001267 -0.006424 0.004566
0.007018 -0.011494 0.002662
-0.017638 -0.011383 0.001668
