2176.0000 0.05 1
1.875
3.75
6.25
6.25
7.5
16.25
8.75
6.25
17.5
16.25
14.375
16.25
25
16.25
6.25
31.25
23.125
18.125
28.75
10
10
13.125
10
10
16.25
20
25
30
37.5
19.375
23.75
27.5
13.75
26.875
20.625
29.375
21.25
42.5
43.125
30.625
37.5
55
48.75
45.625
41.875
67.5
54.375
49.375
85
91.875
98.75
124.375
137.5
135
138.125
154.375
180
153.125
158.125
199.375
177.5
174.375
234.375
251.875
267.5
238.75
233.125
280.625
295.625
310
295.625
320
303.125
309.375
323.75
340.625
340.625
361.875
316.25
355
370.625
366.25
328.125
363.75
331.25
378.75
313.125
296.25
301.875
287.5
272.5
256.875
230
249.375
253.75
298.125
206.25
250.625
311.25
295.625
314.375
310
311.25
297.5
251.875
294.375
307.5
295.625
328.75
273.125
280.625
301.875
273.75
320
291.25
315.625
249.375
298.125
350.625
321.875
314.375
315.625
326.25
365
341.875
377.5
401.875
378.75
390
394.375
396.25
430.625
449.375
474.375
450.625
443.125
451.875
435.625
450.625
415.625
406.25
428.125
381.875
359.375
318.125
351.25
328.75
309.375
314.375
333.75
303.75
275.625
215
256.875
249.375
302.5
280.625
246.25
271.875
224.375
319.375
286.875
328.75
301.875
304.375
290
285
298.125
347.5
293.125
323.125
353.75
370
356.875
255.625
294.375
211.875
289.375
345
264.375
268.125
266.25
258.125
236.25
246.25
248.125
263.75
327.5
238.125
227.5
238.75
222.5
181.25
250
255.625
279.375
256.25
306.875
251.875
266.25
255.625
203.75
206.25
269.375
255
326.25
343.125
343.75
356.25
273.75
368.75
291.875
511.25
538.125
508.75
426.25
367.5
261.25
230
203.125
166.875
119.375
63.125
31.25
11.25
4.375
1.25
3.75
1.25
0
0
0
0
0
0
0
0
0
0
2.5
0
