-0.010184 -0.017366 0.000886
-0.006847 0.000836 0.002761
0.006744 -0.000471 0.000438
0.001541 0.003260 -0.003565
0.007973 0.005941 -0.002090
-0.001116 -0.003415 -0.000141
-0.005216 0.000617 -0.003242
-0.005013 0.005353 0.000014
-0.007942 0.003450 -0.009617
0.006339 0.000930 -0.001495
-0.008729 -0.013095 0.000970
-0.005827 -0.001656 0.001989
-0.002431 -0.003585 0.010376
-0.007067 0.002085 0.000378
0.005553 0.000166 -0.004745
0.002495 -0.022692 -0.019019
0.010837 0.001037 0.001403
-0.002067 -0.005401 0.001527
0.007069 -0.001019 -0.005458
0.002158 0.000896 -0.003392
0.008784 0.002309 -0.003007
-0.001787 -0.002976 0.000201
-0.004778 -0.002238 -0.006298
-0.004882 0.005512 -0.000013
-0.008561 0.001323 -0.007014
0.007060 0.000881 -0.001357
-0.003180 -0.002853 0.004365
-0.006472 -0.001871 0.001509
-0.002650 -0.004977 0.009483
-0.005174 0.001436 0.000806
0.005528 0.001410 -0.003567
0.002607 -0.001342 0.000744
0.032263 -0.018100 0.000806
-0.002368 -0.007212 0.005496
0.008981 0.003860 -0.000146
0.000654 0.007575 -0.003056
-0.027664 -0.024808 -0.003807
0.000336 -0.005480 -0.001193
-0.002601 -0.033719 0.034555
-0.002923 0.003744 0.000372
-0.008102 -0.022950 -0.035982
0.010304 -0.006826 -0.005013
0.000559 -0.010526 0.007569
-0.007790 0.001932 0.002858
0.000738 -0.009810 0.014202
-0.011672 -0.005531 -0.003065
0.005449 0.002244 -0.005111
0.002695 -0.022062 0.020807
0.010850 0.001060 0.001272
-0.006370 0.000395 -0.000006
0.011672 0.004828 -0.000064
0.002098 0.001257 -0.003296
0.009370 0.002087 -0.003097
-0.001053 -0.004662 -0.000080
-0.005354 -0.006024 -0.001642
-0.005117 0.004876 0.000357
-0.008225 -0.003833 -0.011873
0.004837 -0.001184 -0.002569
-0.002621 -0.001317 0.002754
-0.005910 -0.002100 0.002441
-0.002726 -0.003466 0.008734
-0.005323 0.000487 -0.000567
0.004173 0.000340 -0.005546
0.002267 -0.015062 0.014322
0.010679 0.002189 0.000886
-0.004006 -0.001796 0.000966
0.011448 0.005381 -0.000674
0.001902 0.000797 -0.003239
0.009530 0.003223 -0.002787
0.000405 -0.002808 -0.000779
-0.004539 -0.002130 -0.005579
-0.005278 0.005367 0.000494
-0.008498 0.000236 -0.007124
0.009281 -0.004793 -0.004646
-0.003272 -0.003148 0.004467
-0.005705 -0.001820 0.002591
-0.002472 -0.004845 0.009571
-0.005502 0.000568 -0.000482
0.004023 0.001752 -0.006416
0.002347 -0.002577 0.000882
0.010973 0.000950 0.000961
-0.006268 -0.000425 0.001328
0.007786 -0.000598 0.003948
0.002794 0.000514 -0.002974
0.009027 0.002610 -0.002870
-0.002048 -0.003679 -0.000886
-0.004600 -0.001572 -0.005813
-0.006363 0.006259 -0.000227
-0.008753 0.001210 -0.007254
0.005104 -0.000871 -0.002080
-0.002731 -0.001251 0.004674
-0.006906 -0.002286 0.003191
-0.001016 -0.005079 0.009734
-0.009552 -0.004202 -0.004692
-0.000113 -0.007608 -0.000965
0.002653 -0.002098 0.000914
0.010974 0.001133 0.001227
-0.001341 -0.007822 -0.003783
0.011154 0.004277 -0.000153
0.002303 -0.000121 -0.003231
0.009185 0.002605 -0.003108
-0.001056 -0.002367 -0.000165
-0.004578 -0.002725 -0.004516
-0.005148 0.006765 0.000472
-0.008586 -0.000374 -0.008431
0.004901 -0.000163 -0.001341
-0.003159 -0.001597 0.005984
-0.007064 -0.002498 0.002824
0.001293 -0.009628 0.004542
-0.005459 0.001685 0.000887
0.005237 0.000179 -0.005030
0.002867 -0.016813 -0.014142
0.010918 0.002262 0.001109
-0.006328 -0.001022 0.001118
0.010785 0.006628 0.000812
0.002123 0.000534 -0.003252
0.008693 0.003290 -0.003150
-0.002495 -0.003569 -0.001184
-0.004546 -0.001758 -0.005435
-0.003853 0.006133 0.000674
-0.008737 0.001405 -0.006934
0.004804 -0.000043 -0.001512
-0.003751 -0.003115 0.005039
-0.005587 -0.001751 0.001943
-0.002523 -0.005608 0.009602
-0.007096 0.002047 0.000211
0.008316 -0.007577 -0.009840
0.002097 0.008992 0.001097
-0.013344 0.003089 0.001664
0.005130 -0.003427 0.001696
-0.001917 0.002264 0.001792
-0.004087 0.004182 0.002845
-0.007314 -0.004176 -0.006797
-0.010687 -0.019354 -0.001173
0.005785 0.002662 -0.004014
0.003518 -0.003349 -0.000442
0.010295 0.009002 0.002598
-0.000695 -0.005479 -0.006044
0.002445 0.007919 0.006253
-0.022276 -0.002485 -0.005381
0.002851 0.004293 0.011302
-0.001599 -0.003552 -0.008865
0.017119 0.002167 -0.000707
-0.008219 -0.002074 0.007841
-0.012807 -0.000590 0.003902
0.009675 -0.013727 -0.003126
-0.002866 0.001353 0.001788
-0.004238 0.003474 0.002453
-0.003892 0.005455 -0.001187
0.006510 -0.001834 -0.001154
0.003867 -0.000466 -0.005006
0.003224 -0.001424 -0.000757
0.009248 0.005191 0.001841
-0.000190 -0.005639 -0.005705
0.001972 0.003260 0.004494
-0.021450 -0.033497 -0.006957
0.001538 0.004599 0.011278
0.000424 -0.006876 -0.009259
0.014753 -0.003765 0.004517
-0.005239 0.002713 0.009304
-0.014030 -0.016911 -0.022636
0.004353 -0.001930 0.001401
0.001839 -0.004058 0.005501
-0.004624 0.006883 0.002238
0.000786 -0.003696 0.003676
0.028563 -0.024235 -0.001614
0.018231 -0.010354 -0.004222
0.009418 0.456177 0.000558
0.037368 -0.015663 0.003240
-0.001119 -0.007831 -0.007980
0.003365 -0.009113 0.024322
-0.022391 -0.005434 -0.005371
0.001117 0.002571 0.013588
-0.018563 -0.021446 -0.009406
0.012161 -0.005163 0.002869
-0.007270 -0.000775 0.007940
-0.013084 -0.008427 -0.003538
0.004633 -0.003253 0.000880
-0.003132 0.001598 0.002010
-0.003968 0.006007 0.002576
-0.003027 0.006839 -0.003315
0.005530 -0.002576 -0.000999
0.003353 -0.001457 -0.004884
0.003394 0.013844 0.000473
0.009075 0.004728 0.001507
-0.000897 -0.006044 -0.006364
0.002849 -0.004924 0.011902
-0.022588 -0.002550 -0.005162
0.002991 0.004103 0.011598
0.000242 -0.008830 -0.009880
0.018030 0.000991 -0.000219
-0.004749 0.001247 0.007695
-0.012698 -0.000998 0.003217
0.000945 -0.012153 0.005476
-0.002431 0.002152 0.001711
-0.004427 0.003726 0.002542
-0.003673 0.007410 -0.001525
0.006535 -0.001714 -0.000903
0.003398 -0.000529 -0.004558
0.002943 -0.001302 -0.000038
0.008172 0.006589 0.001750
-0.002151 -0.005268 -0.006191
0.002054 0.003568 0.004412
-0.021313 -0.030210 -0.003147
0.002210 0.004976 0.011605
0.000063 -0.007740 -0.009292
0.016722 0.001415 -0.000172
-0.008835 -0.005621 0.012503
-0.012699 -0.001793 0.004247
0.004753 -0.001716 -0.000702
-0.001833 0.002996 0.001386
-0.004281 0.003117 0.002452
-0.003446 0.005688 -0.001534
0.005893 -0.001913 -0.001559
0.003531 -0.000001 -0.004164
0.003299 -0.001358 -0.000368
0.008968 0.005457 0.002122
-0.001205 -0.006356 -0.006237
0.002314 0.003161 0.005112
-0.022720 -0.004020 -0.005922
0.003583 0.005047 0.011386
0.000610 -0.006558 -0.010043
0.018311 0.001557 -0.001668
-0.004990 0.002759 0.006440
-0.012553 -0.002302 0.003321
0.004472 -0.002857 0.000651
-0.003097 0.001885 0.000861
-0.004467 0.010874 0.002719
-0.003301 0.006726 0.000368
0.005881 -0.002207 -0.000884
0.004095 -0.000246 -0.004669
0.003205 -0.000903 -0.000901
0.009387 0.006125 0.001592
-0.000504 -0.005459 -0.006523
0.002159 0.002045 0.005726
-0.022751 -0.005294 -0.004867
0.002512 0.004884 0.011904
-0.000112 -0.007066 -0.009583
0.017643 0.001343 -0.000572
-0.004569 0.000869 0.007798
-0.012643 -0.000801 0.003381
0.005003 -0.001787 0.003015
0.001146 -0.003075 0.005294
-0.004266 0.003164 0.003034
-0.003687 0.005935 -0.001395
0.005879 -0.001965 -0.000803
0.004131 -0.000630 -0.004711
0.003058 -0.001352 -0.000314
0.009171 0.006583 0.001914
-0.000586 -0.006212 -0.006396
0.001884 0.002846 0.004366
-0.022116 -0.004262 -0.005134
0.002397 0.004675 0.011388
0.000204 -0.007438 -0.010476
0.017860 0.001143 -0.000539
-0.009296 -0.005191 0.003004
