2176.0000 0.05 1
1.11111
4.44444
11.1111
2.22222
11.1111
4.44444
13.3333
11.1111
20
11.1111
6.66667
11.1111
24.4444
23.3333
17.7778
23.3333
26.6667
18.8889
13.3333
32.2222
18.8889
11.1111
2.22222
10
14.4444
16.6667
34.4444
37.7778
25.5556
40
11.1111
26.6667
17.7778
31.1111
24.4444
32.2222
26.6667
27.7778
40
24.4444
32.2222
46.6667
36.6667
47.7778
70
55.5556
56.6667
41.1111
80
106.667
95.5556
126.667
127.778
138.889
148.889
146.667
158.889
192.222
192.222
200
216.667
267.778
192.222
230
234.444
286.667
240
276.667
253.333
261.111
293.333
298.889
317.778
340
316.667
352.222
282.222
350
304.444
306.667
296.667
300
293.333
277.778
312.222
271.111
251.111
287.778
290
297.778
314.444
316.667
321.111
310
337.778
316.667
314.444
295.556
292.222
298.889
303.333
292.222
330
357.778
317.778
360
375.556
365.556
344.444
352.222
338.889
291.111
253.333
220
177.778
157.778
191.111
238.889
264.444
333.333
350
396.667
420
400
426.667
410
452.222
400
382.222
356.667
344.444
371.111
345.556
396.667
383.333
377.778
386.667
427.778
402.222
461.111
405.556
408.889
411.111
352.222
366.667
370
368.889
372.222
442.222
413.333
414.444
432.222
403.333
343.333
350
322.222
351.111
314.444
328.889
255.556
284.444
257.778
274.444
257.778
244.444
224.444
276.667
208.889
244.444
216.667
227.778
261.111
223.333
242.222
234.444
214.444
208.889
230
174.444
205.556
174.444
200
173.333
175.556
255.556
237.778
232.222
210
216.667
168.889
176.667
196.667
262.222
236.667
222.222
272.222
242.222
227.778
260
350
342.222
318.889
302.222
330
307.778
328.889
382.222
416.667
430
423.333
447.778
434.444
508.889
473.333
508.889
470
436.667
347.778
310
232.222
112.222
11.1111
1.11111
0
0
0
0
0
0
0
0
0
0
0
0
0
0
0
0
0
0
0
0
0
2.22222
2.22222
2.22222
0
0
2.22222
2.22222
2.22222
0
6.66667
1.11111
4.44444
0
6.66667
0
6.66667
4.44444
0
2.22222
2.22222
2.22222
1.11111
0
2.22222
0
2.22222
0
2.22222
0
