-0.001537 0.013365 0.012057
-0.009389 0.002658 0.000071
-0.001078 0.018431 0.001233
0.010281 0.009472 -0.001843
0.013201 0.015356 -0.002442
-0.008386 0.001043 -0.002948
0.002634 0.007741 0.004583
0.000658 -0.016186 -0.002885
-0.002333 -0.010476 -0.000485
-0.011960 -0.005949 -0.001225
0.012358 -0.007972 0.000118
-0.008505 -0.005588 -0.003274
0.004058 -0.008037 0.003102
0.004135 -0.019148 -0.000438
-0.011509 0.002407 0.002788
0.014071 -0.012059 0.002632
0.010937 0.011361 0.012225
0.018519 0.003167 0.000419
-0.001861 0.019132 0.000897
0.013421 0.003748 -0.003209
0.000330 0.016675 -0.005556
-0.011887 -0.000897 -0.003795
0.001386 -0.001360 0.005526
-0.002398 -0.013501 -0.001239
0.004614 -0.011504 -0.000986
-0.011262 -0.005462 -0.002118
0.012219 -0.005957 0.001655
-0.007684 -0.009213 -0.007877
0.004625 -0.008384 0.004772
0.004134 -0.019515 -0.000869
-0.004333 0.001325 0.001533
0.013022 -0.010230 0.002790
-0.001643 0.010890 0.012074
-0.008139 0.000918 0.000688
-0.000992 0.018637 0.000500
0.011081 0.008022 -0.003828
-0.000601 0.015987 -0.006101
-0.009334 0.001020 -0.000858
0.000658 -0.000177 0.004095
-0.000002 -0.015763 -0.002698
-0.004196 -0.011300 -0.002878
-0.012015 -0.003893 -0.000965
0.011520 -0.007081 0.000210
-0.010219 -0.005783 -0.005119
0.003898 -0.007424 0.002989
0.003913 -0.018785 -0.000900
-0.004522 -0.000618 0.000656
0.013687 -0.010870 0.002640
0.081325 0.036166 0.014220
0.008896 0.000398 0.000782
0.016193 0.023973 -0.001147
0.011982 0.007347 -0.002765
-0.003146 0.016104 -0.008343
-0.010398 -0.000495 -0.004163
-0.000655 0.004491 0.004329
0.009205 -0.015158 -0.001091
-0.006182 -0.013330 -0.002377
-0.013375 -0.006866 -0.001579
0.014010 -0.003158 0.004896
-0.008286 -0.004896 -0.002796
0.004021 -0.008699 0.003184
0.006206 -0.014214 -0.005413
-0.004522 0.000326 0.001009
0.011138 -0.012350 0.003389
-0.002811 0.013887 0.012634
-0.007216 0.001568 0.000484
0.000376 0.018462 0.000427
0.011640 0.008962 -0.004071
-0.000139 0.017239 -0.006970
-0.006516 0.000982 -0.001687
-0.002392 0.001897 0.004215
0.000308 -0.015611 -0.002852
-0.003346 -0.011781 -0.001411
-0.009918 -0.004709 -0.001628
0.010733 -0.006472 0.000172
-0.008856 -0.007241 -0.004942
0.002082 -0.005749 0.002704
0.004003 -0.020251 -0.000624
-0.007829 0.000730 0.002055
0.015262 -0.012008 0.001478
-0.001755 0.010030 0.012505
-0.009164 0.001835 0.001463
-0.002465 0.017797 0.003414
0.010656 0.012689 -0.003120
-0.001864 0.015337 -0.005358
-0.009369 -0.000278 -0.003139
-0.000674 0.003234 0.005002
-0.000429 -0.016633 -0.002014
-0.003977 -0.010627 -0.001095
0.037478 -0.033299 -0.064781
0.010334 -0.004527 -0.001844
-0.010250 -0.007802 -0.001959
0.003204 -0.007681 0.001837
0.011076 -0.008913 -0.016798
-0.003730 0.000368 0.002097
0.013601 -0.011111 0.003030
-0.000533 0.010621 0.011603
-0.007387 0.000735 0.000618
-0.001813 0.018313 -0.001890
0.012398 0.012324 -0.003645
-0.002711 0.015599 -0.006735
0.009788 0.055276 -0.000056
0.011350 0.001536 0.005633
0.001140 -0.012591 -0.006712
-0.002201 -0.014653 0.002010
-0.012372 -0.004844 -0.002808
0.019036 0.003822 0.015526
0.001304 -0.016888 -0.019038
0.013927 -0.005772 0.000849
0.002669 -0.017415 0.001163
-0.003694 0.000710 0.002370
0.014074 -0.011380 0.003310
-0.000964 0.012153 0.012006
-0.008240 -0.001324 0.000281
0.000016 0.018471 0.000650
0.023448 0.007600 -0.002657
-0.000820 0.016332 -0.003881
-0.010304 -0.000601 0.000371
-0.000698 0.003928 0.004453
-0.001706 -0.015395 -0.001703
-0.004431 -0.011796 -0.001569
-0.010595 -0.004259 -0.001062
0.010338 -0.007510 0.003208
-0.008353 -0.005269 -0.002655
0.006337 -0.004871 0.006933
0.002935 -0.020691 -0.002781
-0.005267 0.001149 0.001282
0.013030 -0.011433 0.002479
0.000312 0.002654 -0.005120
0.007632 0.006479 -0.002589
-0.008738 0.009021 0.002591
0.006533 0.022990 -0.001443
-0.002703 -0.000608 -0.000347
0.002740 0.004075 -0.010425
0.003115 -0.002248 0.000450
0.009621 -0.005312 0.000113
-0.001866 0.007670 -0.001674
0.016754 -0.010141 0.002628
-0.008319 0.010324 0.001625
-0.004410 -0.001748 0.000177
0.012138 -0.005823 -0.000990
-0.005144 -0.005802 0.004114
0.011295 -0.013697 0.006796
-0.026250 -0.011869 0.000269
-0.005476 0.003523 -0.005775
0.006807 0.007798 -0.003132
-0.012186 0.012336 0.002097
0.016664 0.023762 -0.002202
-0.000996 -0.002314 -0.000080
0.004687 -0.007825 -0.009872
-0.010937 -0.002866 0.001423
0.004156 0.005133 -0.000532
-0.001240 0.008736 -0.000049
0.018966 -0.012903 0.002273
-0.007188 0.008519 0.001944
-0.007283 0.000786 0.000329
0.011019 -0.004916 0.002330
-0.002930 -0.003975 0.004362
0.011254 -0.010439 0.003254
-0.017376 -0.013574 0.002512
0.000376 0.002770 -0.004408
0.029595 -0.018319 0.000135
-0.010121 0.010816 0.002321
0.006077 0.022635 -0.000973
0.000724 -0.003071 -0.000133
-0.000273 0.001852 -0.010345
-0.010011 -0.002260 0.000217
0.004024 0.005115 0.000082
-0.001244 0.007345 -0.002404
0.017358 -0.012331 0.003438
-0.008122 0.009602 0.002739
-0.004627 -0.001005 0.000165
0.018738 -0.004736 0.001009
-0.003482 -0.005394 0.004164
0.010904 -0.008761 0.001990
-0.016088 -0.011239 0.001062
-0.002559 0.004100 -0.004671
0.006562 0.007877 -0.002319
0.001399 0.011657 0.002135
0.003876 0.022564 -0.001197
-0.001991 -0.003611 -0.000510
0.000482 0.004918 -0.009917
-0.010265 -0.000592 0.000251
0.007674 0.016696 -0.000390
-0.000007 0.008406 -0.001158
0.064040 0.013379 0.058442
-0.008425 0.010850 0.001625
-0.004191 -0.001285 -0.000372
0.010658 -0.005462 0.000474
-0.005213 -0.006619 0.004176
0.018889 -0.019457 0.017686
-0.017337 -0.010677 0.000547
-0.005562 0.001911 -0.005326
0.006632 0.006430 -0.002445
-0.010518 0.010222 0.002316
0.006751 0.023309 -0.001179
0.001056 -0.002927 -0.000221
0.002011 0.004234 -0.009921
-0.007891 -0.002292 0.000873
0.001819 0.006024 -0.000250
-0.001874 0.008498 -0.002395
0.018905 -0.011523 0.002786
-0.009514 0.010654 0.002636
-0.004639 -0.002493 0.000297
0.012143 -0.005970 0.000150
-0.002289 -0.005376 0.003999
0.008068 -0.009274 0.003973
-0.019884 -0.012357 0.001323
0.001267 0.002584 -0.004737
0.005086 0.009065 -0.002347
-0.009599 0.014188 -0.003193
0.008420 0.021912 0.002567
0.003078 -0.003449 -0.000386
0.005713 0.002952 -0.006114
-0.007376 -0.002427 0.000358
0.009214 0.006213 -0.005336
0.000524 0.008566 -0.001397
0.019122 -0.011437 0.003698
-0.010095 0.010316 0.001904
-0.005750 -0.000834 -0.001577
0.011197 -0.005022 -0.000109
-0.003746 -0.005964 0.006828
0.010375 -0.009347 0.002246
-0.016035 -0.011872 -0.000027
-0.560657 -0.008653 0.011576
0.005752 0.008950 -0.002826
-0.011336 0.012666 0.006542
0.005821 0.022838 -0.004256
0.002493 -0.003662 -0.000606
0.005522 0.003552 -0.012574
0.002271 -0.001812 0.001059
0.006875 0.005899 0.002346
0.013619 -0.035454 -0.002225
0.016938 -0.012852 0.002757
-0.001951 0.010218 -0.002993
0.047318 0.023959 -0.063280
0.012589 -0.007500 -0.003848
0.051235 -0.030701 0.058462
0.010867 -0.009180 0.001848
-0.017540 -0.011571 0.001380
0.000083 0.004771 -0.005576
0.021494 0.007492 -0.003375
-0.011306 0.010355 0.002258
0.009663 0.026708 -0.000920
-0.001514 -0.003801 -0.000178
0.005497 0.012895 -0.010697
-0.010427 -0.000767 0.001125
0.002356 0.008091 0.000127
-0.000319 0.008764 -0.003159
0.018513 -0.011632 0.004739
-0.008076 0.010715 0.000999
-0.006160 -0.001599 0.000251
0.008915 -0.007662 0.001277
-0.003092 -0.005940 0.004300
0.009641 -0.010997 0.000547
-0.017509 -0.012179 0.002377
