2176.0000 0.05 1
1.875
3.75
6.25
6.25
7.5
16.25
8.75
7.5
17.5
15
14.375
16.25
23.75
17.5
6.25
31.25
23.125
18.125
28.75
10
10
13.125
10
10
16.25
20
26.25
28.75
37.5
19.375
25
26.25
13.75
26.875
21.875
28.125
21.25
41.25
44.375
30.625
37.5
55
48.75
45.625
41.875
67.5
54.375
48.125
85.625
92.5
97.5
125.625
138.125
133.75
138.75
154.375
180.625
153.75
156.25
201.25
176.25
175.625
232.5
253.75
266.25
238.75
234.375
281.875
291.25
313.125
294.375
320.625
302.5
313.125
321.875
340
340.625
363.75
315
353.125
370.625
365.625
331.25
361.25
333.125
378.125
313.125
295
303.125
287.5
275
251.875
231.25
251.875
251.25
301.25
205
251.25
311.25
292.5
316.25
310
310
300.625
250.625
292.5
311.25
293.75
325
277.5
278.125
305
270.625
322.5
290
314.375
251.875
295.625
351.875
320.625
315.625
316.875
325.625
363.75
341.25
382.5
398.125
380
390.625
393.125
395.625
431.875
448.75
472.5
452.5
440
455
435.625
447.5
415.625
407.5
429.375
382.5
358.75
317.5
351.25
328.125
310
315
331.875
304.375
276.875
216.25
255
248.75
304.375
280
247.5
270.625
225
321.875
284.375
328.75
301.25
303.75
290.625
286.875
295
349.375
291.25
322.5
355.625
370
359.375
259.375
286.875
213.125
289.375
344.375
266.25
264.375
266.25
257.5
238.125
248.75
246.875
263.75
327.5
238.125
226.25
238.75
225.625
179.375
248.75
255.625
280.625
256.25
305
255
263.75
255
207.5
204.375
268.125
255
326.25
344.375
343.75
354.375
274.375
368.125
293.75
515
535.625
508.125
425.625
367.5
258.125
236.25
202.5
166.25
116.25
62.5
31.25
11.875
3.75
1.25
4.375
1.25
0
0
0
0
0
0
0
0
0
0
2.5
0
