0.010820 0.002579 0.000731
-0.004848 -0.000013 0.001594
0.010863 0.004173 0.001261
0.002016 0.000795 -0.004427
0.008653 0.002630 -0.001298
-0.000286 -0.003470 -0.000330
-0.004122 -0.001258 -0.004026
-0.005838 0.006198 0.000287
-0.007784 -0.000349 -0.006797
0.005124 -0.002266 -0.002294
-0.006169 -0.006203 -0.001316
-0.006083 -0.002578 0.003000
-0.001543 -0.005255 0.008776
-0.005647 -0.000682 -0.000462
0.004200 0.000941 -0.004211
0.003734 -0.002790 0.001101
0.010844 0.001614 0.000007
-0.005354 -0.001328 0.000542
0.008927 0.004654 0.000921
0.002462 0.000207 -0.003728
0.008495 0.002463 -0.003248
0.000345 -0.003108 0.000140
-0.004570 -0.001446 -0.004077
-0.005589 0.006120 0.000086
-0.013119 0.005234 -0.013712
0.005105 -0.000852 -0.002634
-0.004209 -0.002745 0.003666
-0.005183 -0.017990 -0.014476
-0.001897 -0.005447 0.009279
-0.006373 0.000562 0.000752
0.004418 0.002616 -0.002160
0.002743 -0.001856 0.003117
0.010817 0.002487 0.000679
-0.009399 0.002402 -0.008406
0.010174 0.001966 -0.000354
0.006891 -0.019877 0.555777
0.005472 0.003443 -0.002748
-0.048111 -0.006548 -0.038410
-0.008848 -0.004067 -0.010040
0.047989 0.004776 -0.039105
-0.012857 0.002663 -0.012840
0.005773 -0.001382 -0.002819
-0.007657 0.001845 -0.001699
-0.007070 -0.002533 0.002785
-0.003129 -0.005991 0.010419
-0.006001 0.000178 -0.001229
0.006650 0.000931 -0.004503
0.003799 -0.001221 0.001022
0.010815 0.002290 0.002042
-0.006122 -0.003242 0.001708
0.010612 0.004179 -0.001066
0.002207 0.000590 0.005331
0.008302 0.002413 -0.003730
0.000080 -0.003472 -0.000458
-0.004681 -0.001759 -0.004672
-0.005931 0.006028 0.000188
-0.008600 0.000656 -0.007759
0.005120 -0.001690 -0.001699
-0.001696 -0.003848 0.006769
-0.006052 -0.002682 0.001406
-0.001998 -0.005393 0.008770
-0.005653 -0.000252 0.000219
0.003497 0.001238 -0.005006
0.001352 -0.000676 0.000873
0.011225 0.001294 -0.030781
-0.005391 -0.001456 0.002332
0.010819 0.003911 -0.000429
0.002169 0.000956 -0.003840
0.009633 0.002117 -0.002410
0.000206 -0.004425 0.000564
-0.009282 -0.005974 -0.011474
-0.004908 0.005876 0.000146
-0.008258 -0.000459 -0.006599
0.005191 0.061445 -0.053227
-0.002818 -0.002534 0.005061
-0.005303 0.009280 -0.010110
-0.001419 -0.005485 0.008432
-0.006230 0.006039 -0.006134
0.002848 0.000232 -0.002787
0.002612 -0.001639 0.001671
0.010660 0.001346 -0.000239
-0.005315 -0.001751 0.001029
0.012109 0.003164 0.000672
0.002159 0.000944 -0.003768
0.008787 0.002446 -0.003247
-0.002018 -0.002975 -0.001238
-0.004504 -0.001846 -0.004899
-0.005847 0.005678 0.000818
-0.009512 -0.000058 -0.006277
0.005465 0.004330 -0.008564
-0.005325 -0.002265 0.004874
-0.006646 0.008000 -0.008784
0.002229 -0.003078 0.008631
-0.001576 0.044201 -0.036126
0.007913 0.005995 -0.011384
0.003096 -0.001831 0.005937
0.010878 0.002221 0.002056
-0.001167 -0.006659 -0.009870
0.010701 0.004189 -0.000240
0.002236 0.000822 -0.006072
0.008502 0.002714 -0.002788
-0.001567 -0.003321 0.001968
-0.006526 -0.001098 -0.002948
-0.004568 0.005374 0.002112
-0.009872 -0.000164 -0.006026
0.005157 -0.002094 -0.002439
-0.002604 -0.001203 0.006576
-0.007093 -0.002088 0.011977
-0.000191 -0.004842 0.010313
-0.005434 -0.000374 -0.000653
0.006261 0.001365 -0.006365
0.001958 -0.002296 0.001150
0.011132 0.001932 -0.028209
-0.005541 -0.001424 -0.000051
0.009346 0.004637 -0.000824
0.002534 0.000015 -0.003666
0.007385 0.002437 -0.002570
-0.001694 -0.002669 -0.000975
-0.005480 -0.001337 -0.003505
-0.005949 0.006016 0.000986
-0.008229 0.000385 -0.007673
0.005321 -0.001202 -0.000452
-0.002784 -0.002295 0.005220
-0.006692 -0.018392 -0.015068
-0.001745 -0.005735 0.010500
-0.005599 0.000833 -0.000050
0.006944 -0.003523 -0.011255
0.002405 -0.002125 0.000401
-0.013126 -0.002556 0.003634
0.004057 -0.002721 0.001516
-0.002859 0.002561 0.002417
-0.003814 0.003637 0.001597
-0.002093 0.007083 -0.000397
0.005971 -0.000381 0.005299
0.004215 -0.001182 -0.003100
0.003067 -0.000079 -0.000949
0.009769 0.005501 0.001533
-0.001772 -0.005966 -0.005810
0.002131 0.003497 0.006235
-0.022301 -0.004089 -0.005932
0.003898 0.004482 0.011383
-0.000495 -0.007449 -0.010082
0.017463 0.002075 0.000384
-0.005879 0.000419 0.006849
-0.013105 -0.001523 0.002517
0.003583 -0.001976 0.002182
-0.003416 -0.002239 -0.001648
-0.004183 0.003481 0.002329
-0.002761 0.006527 -0.001071
0.005584 -0.001144 -0.001653
0.005244 -0.000973 -0.004291
0.002860 0.000257 -0.000323
0.010032 0.006562 0.002283
0.001476 -0.010614 -0.011365
0.002654 0.004311 0.006333
-0.022791 -0.003787 -0.005237
0.003353 0.005717 0.012827
-0.004228 -0.011459 -0.017973
0.016041 -0.041648 -0.029553
-0.006270 0.001790 0.008079
-0.008073 0.001233 -0.002870
0.036009 -0.003007 -0.020786
-0.003337 0.001817 0.002168
0.009478 0.004219 -0.011841
-0.002096 0.005250 -0.000410
0.005949 -0.000021 0.004960
0.003949 -0.002103 -0.006798
0.003811 0.000523 0.007301
0.009995 0.005744 0.002731
-0.001338 -0.005773 -0.006553
0.006726 0.000313 0.000208
-0.004099 -0.004082 -0.024619
0.002296 0.004838 0.011284
-0.001062 -0.007897 -0.008450
0.018196 0.001208 -0.000351
-0.006136 0.000278 0.008892
-0.012679 -0.001590 0.002793
0.004008 -0.002558 0.000651
-0.002692 0.001867 0.003067
-0.005326 0.003861 0.001341
-0.003688 0.006765 -0.001727
0.005847 -0.000154 0.002535
0.004462 -0.001010 -0.005340
0.003015 0.000384 0.000184
0.009737 0.005249 0.001414
-0.001921 -0.005714 -0.005206
0.002155 0.003288 0.005506
-0.022822 -0.004076 -0.006236
0.004076 0.003799 0.012317
-0.000729 -0.007383 -0.009896
0.017849 0.001296 0.000685
-0.006059 0.000373 0.006993
-0.011880 -0.002381 0.004643
0.003780 -0.002969 0.002142
-0.002873 0.000119 0.004472
-0.004556 0.003608 0.002279
-0.049311 0.005758 -0.034622
0.005717 -0.001058 -0.001230
0.004135 -0.000510 -0.005037
0.002756 0.000553 -0.000713
0.005147 0.010398 -0.007921
0.002747 -0.000937 -0.012231
0.002178 0.003164 0.005847
-0.021902 -0.003537 -0.005876
0.003821 0.003641 0.013570
0.000284 -0.009269 -0.009374
0.017699 0.000768 0.000328
-0.001256 0.005450 -0.003180
-0.012678 -0.002457 0.003896
0.004790 -0.002066 0.001434
-0.002676 0.001368 0.002579
-0.004223 0.004032 0.002684
-0.002676 0.006769 -0.001953
0.006702 -0.001634 -0.001954
0.003514 -0.000878 -0.004161
0.003740 0.000419 -0.000439
0.009299 0.004023 0.002269
-0.002260 -0.007022 -0.004280
0.006224 -0.000754 0.000412
-0.022599 -0.004248 -0.006218
-0.001072 0.008394 0.006767
0.002799 -0.002774 -0.018697
0.018267 -0.000367 0.001544
-0.005095 -0.001311 0.008167
-0.010972 -0.002449 0.004997
0.004236 -0.002813 0.003171
-0.002568 0.002178 0.002425
-0.018026 0.003937 -0.011479
-0.003251 0.005838 -0.001550
0.005883 -0.000190 0.001578
0.004331 -0.000870 -0.004616
0.003076 0.000478 0.002824
0.009404 0.005453 0.001210
0.003109 -0.005843 -0.010667
0.003363 0.003658 0.006412
-0.042264 -0.003710 -0.026809
-0.001844 0.004829 0.007583
-0.000144 -0.007889 -0.009928
0.017782 0.001788 -0.000002
-0.005565 0.000239 0.006809
-0.006994 0.002604 -0.002779
0.004421 -0.002642 0.001502
-0.003708 -0.033791 -0.022911
-0.004840 0.004530 0.002430
-0.003371 0.006505 0.000508
0.006228 -0.001215 -0.001038
0.004289 -0.000956 -0.004716
0.003036 0.000270 -0.000405
0.013739 0.001525 -0.006780
-0.001470 -0.005206 -0.004567
0.002457 0.003739 0.006372
-0.022339 -0.004310 -0.005804
0.000719 -0.000485 0.006530
-0.000133 -0.005867 -0.010007
0.018540 -0.002200 -0.002995
-0.010152 -0.002661 -0.001327
