svsl Ir Ir 2.73919 2.98036 -0.12327
0.99911 0.99940 1.00053 -0.33331 0.33329 0.50001

6
0.89804
1.00000 0.00000 0.00000 
0.00000 0.00000 0.00000 
0.00000 0.00000 0.00000 

-0.60299
0.00000 1.00000 0.00000 
1.00000 0.00000 0.00000 
0.00000 0.00000 0.00000 

-1.32887
0.00000 -0.00000 1.00000 
-0.00000 -0.00000 0.00000 
1.00000 0.00000 0.00000 

0.18347
0.00000 0.00000 0.00000 
0.00000 1.00000 0.00000 
0.00000 0.00000 0.00000 

0.80162
0.00000 -0.00000 0.00000 
-0.00000 -0.00000 1.00000 
0.00000 1.00000 0.00000 

1.65230
0.00000 0.00000 0.00000 
0.00000 0.00000 -0.00000 
0.00000 -0.00000 1.00000 

0.89804 -0.60299 -1.32887 
-0.60299 0.18347 0.80162 
-1.32887 0.80162 1.65230 

---------------

svsl Ir Ir 2.73878 4.65287 -0.32242
0.66581 0.33269 0.50054 0.33331 -0.33329 0.49999

6
1.13766
1.00000 0.00000 0.00000 
0.00000 0.00000 0.00000 
0.00000 0.00000 0.00000 

-0.86656
0.00000 1.00000 0.00000 
1.00000 0.00000 0.00000 
0.00000 0.00000 0.00000 

2.05174
0.00000 -0.00000 1.00000 
-0.00000 -0.00000 0.00000 
1.00000 0.00000 0.00000 

0.00447
0.00000 0.00000 0.00000 
0.00000 1.00000 0.00000 
0.00000 0.00000 0.00000 

-1.12772
0.00000 -0.00000 0.00000 
-0.00000 -0.00000 1.00000 
0.00000 1.00000 0.00000 

2.86592
0.00000 0.00000 0.00000 
0.00000 0.00000 -0.00000 
0.00000 -0.00000 1.00000 

1.13766 -0.86656 2.05174 
-0.86656 0.00447 -1.12772 
2.05174 -1.12772 2.86592 

---------------

svsl Ir Ir 2.73848 2.99794 -0.00436
0.66581 0.33269 0.50054 0.33331 0.66671 -0.50001

4
1.20509
1.00000 -0.00019 0.00066 
-0.00019 0.00000 -0.00000 
0.00066 -0.00000 0.00000 

1.44148
0.09690 0.00055 0.00010 
0.00055 0.57662 -1.00000 
0.00010 -1.00000 0.00000 

-1.42420
0.88748 -0.00025 0.00117 
-0.00025 0.00000 0.14416 
0.00117 0.14416 -1.00000 

0.65302
0.00000 -0.00003 0.00000 
-0.00003 1.00000 -0.00000 
0.00000 -0.00000 0.00000 

0.08082 0.00090 -0.00073 
0.00090 1.48421 -1.64679 
-0.00073 -1.64679 1.42420 

---------------

svsl Ir Ir 2.73941 3.57136 -0.17721
0.99911 0.99940 1.00053 -0.33331 -0.66671 -0.49999

4
1.74782
1.00000 -0.00019 0.00066 
-0.00019 0.00000 -0.00000 
0.00066 -0.00000 0.00000 

-2.14251
0.09690 0.00055 0.00010 
0.00055 0.57662 -1.00000 
0.00010 -1.00000 0.00000 

-2.00759
0.88748 -0.00025 0.00117 
-0.00025 0.00000 0.14416 
0.00117 0.14416 -1.00000 

2.68624
0.00000 -0.00003 0.00000 
-0.00003 1.00000 -0.00000 
0.00000 -0.00000 0.00000 

-0.24148 -0.00109 -0.00140 
-0.00109 1.45082 1.85310 
-0.00140 1.85310 2.00759 

---------------

svsl Ir Ir 2.74671 2.08307 -0.03403
0.66581 0.33269 0.50054 -1.00000 -1.00000 -0.00000

9
0.48419
1.00000 0.00000 0.00000 
0.00000 0.00000 0.00000 
0.00000 0.00000 0.00000 

0.60011
0.00000 1.00000 0.00000 
0.00000 0.00000 0.00000 
0.00000 0.00000 0.00000 

0.09399
0.00000 -0.00000 1.00000 
0.00000 -0.00000 0.00000 
0.00000 0.00000 0.00000 

1.16422
0.00000 0.00000 0.00000 
1.00000 0.00000 0.00000 
0.00000 0.00000 0.00000 

1.59739
0.00000 0.00000 0.00000 
0.00000 1.00000 0.00000 
0.00000 0.00000 0.00000 

-0.09121
0.00000 -0.00000 0.00000 
0.00000 -0.00000 1.00000 
0.00000 0.00000 0.00000 

-0.04069
0.00000 0.00000 0.00000 
-0.00000 -0.00000 0.00000 
1.00000 0.00000 0.00000 

0.02160
0.00000 0.00000 0.00000 
-0.00000 -0.00000 0.00000 
0.00000 1.00000 0.00000 

-0.06656
0.00000 0.00000 0.00000 
0.00000 0.00000 -0.00000 
0.00000 -0.00000 1.00000 

0.48419 0.60011 0.09399 
1.16422 1.59739 -0.09121 
-0.04069 0.02160 -0.06656 

---------------

svsl Ir Ir 2.74725 2.30905 -0.06243
0.66581 0.33269 0.50054 -1.00000 0.00000 0.00000

6
2.30883
1.00000 -0.00019 0.00066 
-0.00019 0.00000 -0.00000 
0.00066 -0.00000 0.00000 

0.24331
0.00006 1.00000 0.00000 
-1.00000 0.00038 -0.00132 
0.00000 -0.00000 0.00000 

0.17503
0.00117 -0.00000 1.00000 
-0.00000 0.00000 -0.00000 
-1.00000 0.00038 -0.00132 

-0.05020
0.00000 -0.00003 0.00000 
-0.00003 1.00000 -0.00000 
0.00000 -0.00000 0.00000 

-0.08499
0.00000 -0.00117 0.00000 
-0.00000 0.00000 1.00000 
-0.00006 1.00000 -0.00000 

-0.07452
0.00000 -0.00000 -0.00059 
-0.00000 0.00000 0.00000 
-0.00059 0.00000 1.00000 

2.30905 0.24297 0.17660 
-0.24375 -0.05010 -0.08531 
-0.17345 -0.08492 -0.07475 

---------------

svsl Ir Ir 3.87969 0.37606 0.06970
0.66581 0.33269 0.50054 -0.66669 -1.33329 -0.50001

4
0.66444
1.00000 -0.00019 0.00066 
-0.00019 0.00000 -0.00000 
0.00066 -0.00000 0.00000 

-0.44881
0.09690 0.00055 0.00010 
0.00055 0.57662 -1.00000 
0.00010 -1.00000 0.00000 

-0.20461
0.88748 -0.00025 0.00117 
-0.00025 0.00000 0.14416 
0.00117 0.14416 -1.00000 

0.13028
0.00000 -0.00003 0.00000 
-0.00003 1.00000 -0.00000 
0.00000 -0.00000 0.00000 

0.43936 -0.00033 0.00016 
-0.00033 -0.12852 0.41931 
0.00016 0.41931 0.20461 

---------------

svsl Ir Ir 3.87823 0.61654 -0.26006
0.66581 0.33269 0.50054 -0.66669 -1.33330 0.49999

4
-0.36199
1.00000 -0.00019 0.00066 
-0.00019 0.00000 -0.00000 
0.00066 -0.00000 0.00000 

0.48749
0.09690 0.00055 0.00010 
0.00055 0.57662 -1.00000 
0.00010 -1.00000 0.00000 

0.29833
0.88748 -0.00025 0.00117 
-0.00025 0.00000 0.14416 
0.00117 0.14416 -1.00000 

0.16364
0.00000 -0.00003 0.00000 
-0.00003 1.00000 -0.00000 
0.00000 -0.00000 0.00000 

-0.04998 0.00026 0.00016 
0.00026 0.44473 -0.44448 
0.00016 -0.44448 -0.29833 

---------------

svsl Ir Ir 3.87855 0.69270 -0.08369
0.99911 0.99940 1.00053 -1.33331 -0.66671 0.50001

6
0.20653
1.00000 0.00000 0.00000 
0.00000 0.00000 0.00000 
0.00000 0.00000 0.00000 

0.34285
0.00000 1.00000 0.00000 
1.00000 0.00000 0.00000 
0.00000 0.00000 0.00000 

-0.24462
0.00000 -0.00000 1.00000 
-0.00000 -0.00000 0.00000 
1.00000 0.00000 0.00000 

0.11412
0.00000 0.00000 0.00000 
0.00000 1.00000 0.00000 
0.00000 0.00000 0.00000 

-0.22208
0.00000 -0.00000 0.00000 
-0.00000 -0.00000 1.00000 
0.00000 1.00000 0.00000 

0.20467
0.00000 0.00000 0.00000 
0.00000 0.00000 -0.00000 
0.00000 -0.00000 1.00000 

0.20653 0.34285 -0.24462 
0.34285 0.11412 -0.22208 
-0.24462 -0.22208 0.20467 

---------------

svsl Ir Ir 3.87944 0.66843 0.06215
0.99911 0.99940 1.00053 -1.33331 -0.66671 -0.49999

6
0.29526
1.00000 0.00000 0.00000 
0.00000 0.00000 0.00000 
0.00000 0.00000 0.00000 

0.21257
0.00000 1.00000 0.00000 
1.00000 0.00000 0.00000 
0.00000 0.00000 0.00000 

0.30812
0.00000 -0.00000 1.00000 
-0.00000 -0.00000 0.00000 
1.00000 0.00000 0.00000 

0.10088
0.00000 0.00000 0.00000 
0.00000 1.00000 0.00000 
0.00000 0.00000 0.00000 

-0.00451
0.00000 -0.00000 0.00000 
-0.00000 -0.00000 1.00000 
0.00000 1.00000 0.00000 

0.39659
0.00000 0.00000 0.00000 
0.00000 0.00000 -0.00000 
0.00000 -0.00000 1.00000 

0.29526 0.21257 0.30812 
0.21257 0.10088 -0.00451 
0.30812 -0.00451 0.39659 

---------------

svsl Ir Ir 4.46606 0.63082 0.04487
0.66581 0.33269 0.50054 0.00000 0.00000 -1.00000

5
0.50705
1.00000 -0.00019 0.00066 
-0.00019 0.00000 -0.00000 
0.00066 -0.00000 0.00000 

0.17746
0.04845 0.00057 0.00003 
-0.00002 0.28831 -0.00000 
0.00006 -1.00000 0.00000 

-0.63109
0.88748 -0.00017 0.00116 
-0.00034 0.00000 0.28831 
0.00117 -0.00000 -1.00000 

-0.14541
0.04845 -0.00002 0.00006 
0.00057 0.28831 -1.00000 
0.00003 -0.00000 0.00000 

0.13171
0.00000 -0.00003 0.00000 
-0.00003 1.00000 -0.00000 
0.00000 -0.00000 0.00000 

-0.05148 0.00011 -0.00040 
0.00003 0.14095 -0.03654 
-0.00040 -0.17746 0.63109 

---------------

svsl Ir Ir 4.75412 0.14846 -0.10960
0.99911 0.99940 1.00053 -0.33331 1.33330 0.50001

6
0.04157
1.00000 0.00000 0.00000 
0.00000 0.00000 0.00000 
0.00000 0.00000 0.00000 

0.10977
0.00000 1.00000 0.00000 
1.00000 0.00000 0.00000 
0.00000 0.00000 0.00000 

-0.13646
0.00000 -0.00000 1.00000 
-0.00000 -0.00000 0.00000 
1.00000 0.00000 0.00000 

0.18684
0.00000 0.00000 0.00000 
0.00000 1.00000 0.00000 
0.00000 0.00000 0.00000 

0.20407
0.00000 -0.00000 0.00000 
-0.00000 -0.00000 1.00000 
0.00000 1.00000 0.00000 

-0.29915
0.00000 0.00000 0.00000 
0.00000 0.00000 -0.00000 
0.00000 -0.00000 1.00000 

0.04157 0.10977 -0.13646 
0.10977 0.18684 0.20407 
-0.13646 0.20407 -0.29915 

---------------

svsl Ir Ir 4.75312 0.11635 0.27123
0.99911 0.99940 1.00053 -0.33331 1.33330 -0.49999

6
0.18330
1.00000 0.00000 0.00000 
0.00000 0.00000 0.00000 
0.00000 0.00000 0.00000 

0.09434
0.00000 1.00000 0.00000 
1.00000 0.00000 0.00000 
0.00000 0.00000 0.00000 

-0.18316
0.00000 -0.00000 1.00000 
-0.00000 -0.00000 0.00000 
1.00000 0.00000 0.00000 

0.44273
0.00000 0.00000 0.00000 
0.00000 1.00000 0.00000 
0.00000 0.00000 0.00000 

-0.03719
0.00000 -0.00000 0.00000 
-0.00000 -0.00000 1.00000 
0.00000 1.00000 0.00000 

0.03278
0.00000 0.00000 0.00000 
0.00000 0.00000 -0.00000 
0.00000 -0.00000 1.00000 

0.18330 0.09434 -0.18316 
0.09434 0.44273 -0.03719 
-0.18316 -0.03719 0.03278 

---------------

svsl Ir Ir 4.75366 0.11258 -0.17985
0.66581 0.33269 0.50054 1.33331 -0.33329 -0.50001

6
-0.07915
1.00000 0.00000 0.00000 
0.00000 0.00000 0.00000 
0.00000 0.00000 0.00000 

-0.36491
0.00000 1.00000 0.00000 
1.00000 0.00000 0.00000 
0.00000 0.00000 0.00000 

-0.09879
0.00000 -0.00000 1.00000 
-0.00000 -0.00000 0.00000 
1.00000 0.00000 0.00000 

-0.10862
0.00000 0.00000 0.00000 
0.00000 1.00000 0.00000 
0.00000 0.00000 0.00000 

0.01155
0.00000 -0.00000 0.00000 
-0.00000 -0.00000 1.00000 
0.00000 1.00000 0.00000 

-0.05934
0.00000 0.00000 0.00000 
0.00000 0.00000 -0.00000 
0.00000 -0.00000 1.00000 

-0.07915 -0.36491 -0.09879 
-0.36491 -0.10862 0.01155 
-0.09879 0.01155 -0.05934 

---------------

svsl Ir Ir 4.75362 0.31681 0.16053
0.66581 0.33269 0.50054 1.33331 -0.33329 0.49999

6
0.15371
1.00000 0.00000 0.00000 
0.00000 0.00000 0.00000 
0.00000 0.00000 0.00000 

-0.05576
0.00000 1.00000 0.00000 
1.00000 0.00000 0.00000 
0.00000 0.00000 0.00000 

0.13168
0.00000 -0.00000 1.00000 
-0.00000 -0.00000 0.00000 
1.00000 0.00000 0.00000 

0.01369
0.00000 0.00000 0.00000 
0.00000 1.00000 0.00000 
0.00000 0.00000 0.00000 

0.16981
0.00000 -0.00000 0.00000 
-0.00000 -0.00000 1.00000 
0.00000 1.00000 0.00000 

0.47047
0.00000 0.00000 0.00000 
0.00000 0.00000 -0.00000 
0.00000 -0.00000 1.00000 

0.15371 -0.05576 0.13168 
-0.05576 0.01369 0.16981 
0.13168 0.16981 0.47047 

---------------

svsl Ir Ir 4.75222 0.15523 -0.23272
0.66581 0.33269 0.50054 1.33331 1.66671 -0.50001

6
-0.29395
1.00000 0.00000 0.00000 
0.00000 0.00000 0.00000 
0.00000 0.00000 0.00000 

0.09042
0.00000 1.00000 0.00000 
1.00000 0.00000 0.00000 
0.00000 0.00000 0.00000 

-0.16972
0.00000 -0.00000 1.00000 
-0.00000 -0.00000 0.00000 
1.00000 0.00000 0.00000 

0.04552
0.00000 0.00000 0.00000 
0.00000 1.00000 0.00000 
0.00000 0.00000 0.00000 

-0.09186
0.00000 -0.00000 0.00000 
-0.00000 -0.00000 1.00000 
0.00000 1.00000 0.00000 

-0.06178
0.00000 0.00000 0.00000 
0.00000 0.00000 -0.00000 
0.00000 -0.00000 1.00000 

-0.29395 0.09042 -0.16972 
0.09042 0.04552 -0.09186 
-0.16972 -0.09186 -0.06178 

---------------

svsl Ir Ir 4.75372 0.55135 -0.11976
0.99911 0.99940 1.00053 -1.33331 -1.66671 -0.49999

6
-0.00082
1.00000 0.00000 0.00000 
0.00000 0.00000 0.00000 
0.00000 0.00000 0.00000 

0.08096
0.00000 1.00000 0.00000 
1.00000 0.00000 0.00000 
0.00000 0.00000 0.00000 

0.14561
0.00000 -0.00000 1.00000 
-0.00000 -0.00000 0.00000 
1.00000 0.00000 0.00000 

0.23200
0.00000 0.00000 0.00000 
0.00000 1.00000 0.00000 
0.00000 0.00000 0.00000 

0.37490
0.00000 -0.00000 0.00000 
-0.00000 -0.00000 1.00000 
0.00000 1.00000 0.00000 

0.08066
0.00000 0.00000 0.00000 
0.00000 0.00000 -0.00000 
0.00000 -0.00000 1.00000 

-0.00082 0.08096 0.14561 
0.08096 0.23200 0.37490 
0.14561 0.37490 0.08066 

---------------

svsl Ir Ir 4.75774 0.38457 0.16436
0.66581 0.33269 0.50054 -1.00000 -2.00000 0.00000

5
0.33163
1.00000 -0.00019 0.00066 
-0.00019 0.00000 -0.00000 
0.00066 -0.00000 0.00000 

0.09729
0.04845 0.00057 0.00003 
-0.00002 0.28831 -0.00000 
0.00006 -1.00000 0.00000 

0.03188
0.88748 -0.00017 0.00116 
-0.00034 0.00000 0.28831 
0.00117 -0.00000 -1.00000 

-0.08336
0.04845 -0.00002 0.00006 
0.00057 0.28831 -1.00000 
0.00003 -0.00000 0.00000 

0.38055
0.00000 -0.00003 0.00000 
-0.00003 1.00000 -0.00000 
0.00000 -0.00000 0.00000 

0.36060 -0.00002 0.00025 
-0.00014 0.38457 0.09255 
0.00026 -0.09729 -0.03188 

---------------

svsl Ir Ir 4.75776 0.13057 0.11133
0.66581 0.33269 0.50054 -2.00000 -1.00000 0.00000

9
0.15357
1.00000 0.00000 0.00000 
0.00000 0.00000 0.00000 
0.00000 0.00000 0.00000 

0.08241
0.00000 1.00000 0.00000 
0.00000 0.00000 0.00000 
0.00000 0.00000 0.00000 

0.11893
0.00000 -0.00000 1.00000 
0.00000 -0.00000 0.00000 
0.00000 0.00000 0.00000 

-0.21932
0.00000 0.00000 0.00000 
1.00000 0.00000 0.00000 
0.00000 0.00000 0.00000 

0.29867
0.00000 0.00000 0.00000 
0.00000 1.00000 0.00000 
0.00000 0.00000 0.00000 

-0.06971
0.00000 -0.00000 0.00000 
0.00000 -0.00000 1.00000 
0.00000 0.00000 0.00000 

0.14856
0.00000 0.00000 0.00000 
-0.00000 -0.00000 0.00000 
1.00000 0.00000 0.00000 

-0.05530
0.00000 0.00000 0.00000 
-0.00000 -0.00000 0.00000 
0.00000 1.00000 0.00000 

-0.09900
0.00000 0.00000 0.00000 
0.00000 0.00000 -0.00000 
0.00000 -0.00000 1.00000 

0.15357 0.08241 0.11893 
-0.21932 0.29867 -0.06971 
0.14856 -0.05530 -0.09900 

---------------

svsl Ir Ir 5.24398 0.17333 -0.02149
0.66581 0.33269 0.50054 -1.00000 -1.00000 -1.00000

9
-0.06706
1.00000 0.00000 0.00000 
0.00000 0.00000 0.00000 
0.00000 0.00000 0.00000 

0.23633
0.00000 1.00000 0.00000 
0.00000 0.00000 0.00000 
0.00000 0.00000 0.00000 

0.12418
0.00000 -0.00000 1.00000 
0.00000 -0.00000 0.00000 
0.00000 0.00000 0.00000 

0.08724
0.00000 0.00000 0.00000 
1.00000 0.00000 0.00000 
0.00000 0.00000 0.00000 

0.01207
0.00000 0.00000 0.00000 
0.00000 1.00000 0.00000 
0.00000 0.00000 0.00000 

-0.08574
0.00000 -0.00000 0.00000 
0.00000 -0.00000 1.00000 
0.00000 0.00000 0.00000 

-0.05467
0.00000 0.00000 0.00000 
-0.00000 -0.00000 0.00000 
1.00000 0.00000 0.00000 

0.05247
0.00000 0.00000 0.00000 
-0.00000 -0.00000 0.00000 
0.00000 1.00000 0.00000 

0.18535
0.00000 0.00000 0.00000 
0.00000 0.00000 -0.00000 
0.00000 -0.00000 1.00000 

-0.06706 0.23633 0.12418 
0.08724 0.01207 -0.08574 
-0.05467 0.05247 0.18535 

---------------

svsl Ir Ir 5.24268 0.10275 0.05862
0.66581 0.33269 0.50054 -0.00000 1.00000 -1.00000

9
0.11032
1.00000 0.00000 0.00000 
0.00000 0.00000 0.00000 
0.00000 0.00000 0.00000 

0.06557
0.00000 1.00000 0.00000 
0.00000 0.00000 0.00000 
0.00000 0.00000 0.00000 

0.03722
0.00000 -0.00000 1.00000 
0.00000 -0.00000 0.00000 
0.00000 0.00000 0.00000 

-0.08855
0.00000 0.00000 0.00000 
1.00000 0.00000 0.00000 
0.00000 0.00000 0.00000 

0.08724
0.00000 0.00000 0.00000 
0.00000 1.00000 0.00000 
0.00000 0.00000 0.00000 

-0.14935
0.00000 -0.00000 0.00000 
0.00000 -0.00000 1.00000 
0.00000 0.00000 0.00000 

0.08605
0.00000 0.00000 0.00000 
-0.00000 -0.00000 0.00000 
1.00000 0.00000 0.00000 

0.06947
0.00000 0.00000 0.00000 
-0.00000 -0.00000 0.00000 
0.00000 1.00000 0.00000 

0.02243
0.00000 0.00000 0.00000 
0.00000 0.00000 -0.00000 
0.00000 -0.00000 1.00000 

0.11032 0.06557 0.03722 
-0.08855 0.08724 -0.14935 
0.08605 0.06947 0.02243 

---------------

svsl Ir Ir 5.24356 -0.09009 -0.06185
0.66581 0.33269 0.50054 -1.00000 -0.00000 -1.00000

9
0.08051
1.00000 0.00000 0.00000 
0.00000 0.00000 0.00000 
0.00000 0.00000 0.00000 

0.09785
0.00000 1.00000 0.00000 
0.00000 0.00000 0.00000 
0.00000 0.00000 0.00000 

-0.14076
0.00000 -0.00000 1.00000 
0.00000 -0.00000 0.00000 
0.00000 0.00000 0.00000 

0.24769
0.00000 0.00000 0.00000 
1.00000 0.00000 0.00000 
0.00000 0.00000 0.00000 

-0.23032
0.00000 0.00000 0.00000 
0.00000 1.00000 0.00000 
0.00000 0.00000 0.00000 

0.16688
0.00000 -0.00000 0.00000 
0.00000 -0.00000 1.00000 
0.00000 0.00000 0.00000 

-0.00722
0.00000 0.00000 0.00000 
-0.00000 -0.00000 0.00000 
1.00000 0.00000 0.00000 

-0.01697
0.00000 0.00000 0.00000 
-0.00000 -0.00000 0.00000 
0.00000 1.00000 0.00000 

-0.06396
0.00000 0.00000 0.00000 
0.00000 0.00000 -0.00000 
0.00000 -0.00000 1.00000 

0.08051 0.09785 -0.14076 
0.24769 -0.23032 0.16688 
-0.00722 -0.01697 -0.06396 

---------------

svsl Ir Ir 5.49342 0.65343 -0.13940
0.66581 0.33269 0.50054 -2.00000 -2.00000 -0.00000

9
0.19937
1.00000 0.00000 0.00000 
0.00000 0.00000 0.00000 
0.00000 0.00000 0.00000 

0.31722
0.00000 1.00000 0.00000 
0.00000 0.00000 0.00000 
0.00000 0.00000 0.00000 

0.20863
0.00000 -0.00000 1.00000 
0.00000 -0.00000 0.00000 
0.00000 0.00000 0.00000 

0.52083
0.00000 0.00000 0.00000 
1.00000 0.00000 0.00000 
0.00000 0.00000 0.00000 

0.32096
0.00000 0.00000 0.00000 
0.00000 1.00000 0.00000 
0.00000 0.00000 0.00000 

0.03500
0.00000 -0.00000 0.00000 
0.00000 -0.00000 1.00000 
0.00000 0.00000 0.00000 

-0.04336
0.00000 0.00000 0.00000 
-0.00000 -0.00000 0.00000 
1.00000 0.00000 0.00000 

-0.00026
0.00000 0.00000 0.00000 
-0.00000 -0.00000 0.00000 
0.00000 1.00000 0.00000 

-0.14569
0.00000 0.00000 0.00000 
0.00000 0.00000 -0.00000 
0.00000 -0.00000 1.00000 

0.19937 0.31722 0.20863 
0.52083 0.32096 0.03500 
-0.04336 -0.00026 -0.14569 

---------------

svsl Ir Ir 5.49450 -0.01421 -0.07573
0.66581 0.33269 0.50054 -2.00000 0.00000 -0.00000

6
-0.01418
1.00000 -0.00019 0.00066 
-0.00019 0.00000 -0.00000 
0.00066 -0.00000 0.00000 

0.09695
0.00006 1.00000 0.00000 
-1.00000 0.00038 -0.00132 
0.00000 -0.00000 0.00000 

-0.03068
0.00117 -0.00000 1.00000 
-0.00000 0.00000 -0.00000 
-1.00000 0.00038 -0.00132 

-0.14429
0.00000 -0.00003 0.00000 
-0.00003 1.00000 -0.00000 
0.00000 -0.00000 0.00000 

0.17044
0.00000 -0.00117 0.00000 
-0.00000 0.00000 1.00000 
-0.00006 1.00000 -0.00000 

-0.00725
0.00000 -0.00000 -0.00059 
-0.00000 0.00000 0.00000 
-0.00059 0.00000 1.00000 

-0.01421 0.09676 -0.03069 
-0.09694 -0.14425 0.17031 
0.03067 0.17042 -0.00721 

---------------

