2176.0000 0.05 1
1.875
3.75
6.25
6.25
7.5
16.25
8.75
6.25
17.5
16.25
14.375
16.25
25
16.25
6.25
31.25
23.125
18.125
30
8.75
10
13.125
10
10
16.25
20
25
30.625
36.875
19.375
25
26.25
13.75
26.875
21.875
28.125
21.25
41.25
45
30
40
53.75
47.5
45.625
41.875
67.5
54.375
49.375
84.375
92.5
97.5
124.375
139.375
134.375
137.5
154.375
181.25
152.5
157.5
200
178.125
173.75
235
251.875
268.125
237.5
234.375
278.125
294.375
311.25
296.875
318.75
303.125
310
325.625
339.375
340.625
361.875
315
356.25
371.875
365
330.625
358.75
334.375
378.125
312.5
296.25
302.5
287.5
272.5
253.125
235
245.625
256.25
296.875
207.5
250.625
311.25
294.375
316.25
310
309.375
299.375
250.625
292.5
310.625
293.75
326.875
276.25
280.625
300
275.625
319.375
291.875
316.875
247.5
298.125
351.25
320
316.875
315
326.25
362.5
344.375
379.375
398.75
379.375
391.25
391.875
398.125
430.625
450.625
469.375
455
440.625
450.625
438.75
447.5
420
403.75
429.375
381.25
356.875
318.75
353.75
327.5
308.125
317.5
330.625
303.75
278.125
216.25
253.75
251.25
301.25
279.375
246.875
271.875
226.25
318.75
288.75
328.125
301.25
303.75
291.875
283.125
296.25
351.25
291.875
322.5
353.125
372.5
354.375
260.625
289.375
213.125
290.625
343.75
266.875
261.875
266.25
260.625
237.5
245
248.75
261.25
328.75
240
226.875
239.375
223.125
181.875
245
257.5
281.25
253.75
306.25
256.25
265
254.375
206.25
205
269.375
255
324.375
345
343.75
356.25
271.875
370
291.25
512.5
536.875
510
426.25
364.375
265
232.5
201.875
165
118.125
63.125
33.75
10.625
3.75
1.25
3.75
1.25
0
0
0
0
0
0
0
0
0
0
2.5
0
