0.007782 0.007813 0.006251
-0.005867 -0.000586 0.000894
0.010460 0.002934 0.000068
0.001777 0.000677 -0.003348
0.008065 0.002652 -0.002010
-0.001165 -0.003801 0.000179
-0.004200 -0.002073 -0.005976
-0.004150 0.003664 -0.001382
-0.008536 0.001139 -0.007524
0.004788 -0.001469 -0.003592
-0.004070 -0.004077 0.005604
-0.006184 -0.004367 0.000680
-0.001790 -0.002485 0.009314
-0.005842 0.001133 -0.000557
0.003797 -0.000786 -0.005307
0.001642 -0.003542 0.000436
0.003396 0.009940 0.001447
-0.005516 -0.001525 0.001187
0.011813 0.033258 0.000087
0.002456 -0.001219 -0.002996
0.008753 -0.000473 -0.002904
0.000098 -0.004844 -0.000216
-0.004821 -0.000254 -0.004675
-0.003623 0.004293 -0.000253
-0.007407 -0.000109 -0.007610
0.005395 -0.000623 -0.002535
-0.006934 0.002277 0.001985
-0.001487 0.001905 0.002288
-0.001280 -0.004142 0.009910
-0.007180 0.000003 -0.001297
0.004150 -0.001452 -0.006107
0.003613 -0.002598 0.000231
0.010872 0.001118 0.002570
-0.005242 -0.000800 0.001542
0.010674 0.004529 0.000106
0.001439 -0.000157 -0.002691
0.008642 0.002441 -0.002900
-0.000859 -0.004407 -0.000090
-0.004639 -0.002348 -0.003643
0.000156 0.010977 0.002867
-0.008491 -0.000310 -0.007609
0.005277 -0.001324 -0.001421
-0.007677 0.002457 0.001334
-0.004669 0.002978 -0.002174
0.000823 -0.537018 0.009418
-0.006516 0.001869 -0.000992
0.000001 0.006259 -0.003277
-0.055165 0.047873 0.001951
0.008154 0.006791 -0.002603
-0.015878 0.010400 0.000887
0.010528 0.003047 0.000017
0.002167 0.000661 -0.003414
0.007726 0.002872 -0.004271
0.000223 -0.006103 0.001012
-0.009153 0.008230 -0.009002
-0.005368 0.005969 0.000023
-0.008516 0.000600 -0.007857
0.009715 0.009289 -0.006945
-0.003167 -0.002069 0.004693
-0.006337 -0.004836 0.004227
-0.001663 -0.013239 0.009449
-0.005544 0.001111 -0.000616
0.004576 0.001647 -0.005861
0.003742 -0.001360 0.000638
0.010485 0.002601 0.001079
-0.005490 -0.001542 0.000816
0.009353 0.035128 -0.000262
0.055811 0.047669 -0.003808
0.009412 -0.004000 -0.002857
0.003150 0.001930 -0.003166
-0.004388 -0.002835 -0.004625
-0.002224 0.010298 0.003517
-0.010240 -0.000295 -0.008343
0.004897 -0.002076 -0.002225
-0.005111 -0.004450 0.005217
-0.006210 -0.002854 0.002437
-0.001933 -0.004173 0.008940
-0.003763 -0.000118 0.000442
0.000059 0.007417 -0.001559
0.002729 -0.001792 0.000703
0.011272 0.002148 0.001442
-0.005483 -0.000429 0.001271
0.010636 0.003796 0.000113
0.001387 0.000700 -0.003133
0.008417 0.001858 -0.002781
-0.002261 -0.002664 -0.000530
-0.004547 -0.001909 -0.004928
-0.005169 0.006076 0.000091
-0.009041 0.001208 -0.007596
0.005207 -0.000890 -0.002652
-0.002892 -0.003386 0.005418
-0.006512 -0.002842 0.002175
-0.002020 -0.004106 0.009094
-0.005360 0.000798 -0.000901
0.004200 0.001462 -0.006027
0.003554 -0.002768 0.001789
0.011174 0.000641 -0.000745
0.009900 0.016101 0.001389
0.010672 0.004760 0.000182
0.001131 -0.000302 -0.003859
0.009021 0.002678 -0.002068
0.004234 0.002955 -0.003567
-0.000279 0.007707 -0.000070
-0.004935 0.005017 -0.000003
-0.007898 0.001033 -0.008072
0.001017 0.008757 0.002503
-0.003358 -0.003314 0.005114
-0.004876 0.002075 0.006759
-0.001642 -0.004658 0.009388
-0.005637 -0.000666 -0.000844
0.005804 -0.000023 -0.005932
0.003410 -0.001768 0.001245
0.011750 0.002148 0.000913
-0.005422 -0.001358 0.001783
0.009522 0.004172 -0.000578
0.001817 0.000475 -0.003130
0.008417 0.003322 -0.002982
-0.002636 -0.003681 0.000408
-0.004443 -0.001755 -0.005224
-0.005551 0.005086 -0.000970
-0.008292 0.000993 -0.007879
0.005118 -0.000584 -0.002653
-0.003234 -0.002326 0.004788
-0.007293 -0.002742 0.002506
-0.001633 -0.004236 0.010088
-0.005709 0.000675 -0.000060
0.004140 0.000591 -0.006019
0.002238 -0.001667 0.001270
-0.017786 0.008828 0.006486
0.004729 -0.003624 0.000052
0.002371 0.010369 0.006740
-0.002597 0.002489 0.002866
-0.003427 0.006739 -0.001937
0.006378 -0.001391 -0.000496
0.004439 0.000129 -0.004361
0.003722 -0.001481 -0.001494
0.010055 0.026012 0.021364
-0.000932 -0.005571 -0.004767
0.002232 0.002733 0.005365
-0.023463 -0.004830 -0.005089
0.002149 0.001338 0.011424
-0.000468 -0.007537 -0.009622
0.017846 0.001968 0.000472
-0.005598 0.000431 0.008134
-0.012817 -0.000453 0.002531
0.005645 -0.006052 0.001340
-0.002666 0.002134 0.002216
-0.004476 0.003814 0.002736
-0.003644 0.006616 -0.000598
-0.021982 0.020915 -0.000687
-0.014923 0.019913 -0.004849
0.003118 0.000468 0.000174
0.008715 -0.004973 0.001873
-0.000910 -0.005125 -0.006433
0.003184 0.002182 0.005289
-0.022860 -0.005081 -0.003922
0.002317 0.005221 0.012063
-0.001198 -0.006581 -0.009816
0.016553 0.000257 0.000591
-0.006118 -0.002536 0.007670
-0.008102 0.008297 -0.001230
0.004737 -0.002724 0.000397
-0.007637 0.009799 -0.002238
0.026695 0.026158 0.002812
-0.003306 0.006630 -0.001972
0.007226 -0.001934 -0.001451
0.004225 -0.000549 -0.004449
0.000858 0.004895 -0.005012
0.009711 0.025821 -0.016893
-0.000802 -0.005161 -0.005363
0.003511 0.004667 0.004713
-0.023351 -0.004229 -0.004913
0.001509 0.026891 -0.019712
-0.000278 -0.011621 -0.009449
0.017815 -0.000430 0.000325
-0.005866 0.000186 0.007813
-0.012385 -0.001842 0.004151
0.004683 -0.002738 0.000354
-0.003115 0.000534 0.003382
-0.005400 0.004481 0.002774
-0.001585 0.033222 -0.040565
0.005907 -0.001286 -0.001034
0.004374 -0.000382 -0.004436
0.003605 -0.001739 0.001009
0.009641 0.025813 -0.017370
-0.001035 -0.008118 -0.006118
0.002115 0.003255 0.005125
-0.018821 -0.000502 -0.005766
0.002948 0.005043 0.010537
-0.000569 -0.008366 -0.009232
0.017732 0.000280 0.000179
-0.005019 0.000348 0.006535
-0.012385 -0.002425 0.002606
0.004994 0.020063 0.036480
-0.003061 0.000614 0.002164
-0.005764 0.003334 0.002961
-0.003800 0.006114 -0.001089
0.005047 -0.002725 -0.001440
0.018493 0.014327 -0.004001
0.002393 0.000106 -0.000689
0.009752 0.007090 0.001900
-0.000882 -0.006290 -0.006665
0.000676 0.002137 0.005708
-0.019356 0.000191 -0.001208
0.002477 0.004208 0.012291
-0.000444 -0.006601 -0.009158
0.019603 0.000174 -0.000833
-0.006606 -0.005388 0.007671
-0.012601 -0.001009 0.003068
0.005258 -0.002170 0.001242
-0.002948 0.001578 0.002438
-0.004068 0.003842 0.002534
-0.003493 0.005291 -0.000469
0.006160 -0.001269 -0.001186
0.004057 -0.000199 -0.004563
0.004074 -0.000298 -0.000623
0.009669 0.006169 0.001849
-0.001033 -0.006896 -0.007229
0.002102 0.003233 0.005053
-0.022975 -0.005677 -0.006559
0.001793 0.004026 0.012860
-0.000849 -0.007295 -0.009607
0.017902 0.001203 0.000143
-0.005972 -0.001172 0.007852
-0.012539 -0.001727 0.001722
0.004260 -0.002797 0.000703
-0.002744 0.000555 0.001402
-0.004492 0.003825 0.002257
-0.003394 0.003785 -0.001806
0.007394 -0.002072 -0.000536
0.004520 -0.000932 -0.004076
0.001060 0.004663 0.003995
0.010104 0.025803 0.020836
-0.003367 0.019982 0.027700
0.002297 0.002255 0.005198
-0.021232 -0.004288 -0.004975
0.002443 0.005674 0.011514
-0.000421 -0.012225 -0.009572
0.016524 0.003607 0.001285
-0.006475 0.000098 0.008186
-0.012575 -0.001140 0.003359
0.004759 -0.001777 0.001205
-0.003201 0.001890 0.002724
-0.005897 0.003238 0.001761
-0.003688 0.005844 -0.000444
0.007300 -0.000984 -0.001048
0.005171 0.000116 -0.004183
0.004231 0.000062 -0.000736
0.009639 0.005364 0.001830
-0.000939 -0.006550 -0.007466
0.002094 0.003339 0.005895
-0.019514 0.000233 -0.009239
0.002639 0.004093 0.012581
0.000253 -0.006837 -0.009802
0.017628 0.001078 -0.000201
-0.005879 0.001040 0.007739
