0.001977 -0.001015 -0.002282
-0.004533 -0.001926 0.000448
0.010346 0.003811 0.001212
0.002748 -0.001143 -0.003340
0.003191 0.006490 -0.006527
0.000159 -0.004697 -0.000848
-0.004320 -0.002159 -0.004721
-0.005268 0.005690 0.000523
-0.009060 0.000432 -0.007595
0.006132 -0.001466 -0.002670
-0.003523 -0.002689 0.004536
-0.005540 -0.001529 0.001700
-0.001239 -0.005298 0.008904
-0.006009 0.000233 -0.000037
0.004539 0.001180 -0.004529
0.003482 -0.001544 0.000921
0.011476 0.000579 0.001249
-0.005916 -0.001405 -0.000458
0.005902 0.008187 -0.001995
0.002744 -0.000220 -0.003117
0.008634 0.002587 -0.001461
-0.001936 -0.003417 -0.000437
0.005115 -0.002306 -0.004543
-0.004816 0.006281 0.000365
-0.006694 0.000931 -0.007880
0.004086 -0.001218 -0.002460
-0.001684 -0.003333 0.003452
-0.005441 -0.000853 0.002405
-0.001717 -0.005170 0.008858
-0.005494 -0.000139 -0.001542
0.006031 0.002302 -0.004158
0.001857 -0.002008 0.000570
0.011399 0.001378 0.000877
-0.004412 -0.001203 0.000528
0.013213 0.004339 0.000230
-0.009229 -0.003718 0.001517
0.003506 -0.001295 -0.006576
-0.005595 0.000227 0.003725
-0.004356 -0.001771 -0.005087
-0.044610 -0.049056 -0.000545
-0.004178 0.000593 -0.007275
0.005957 -0.000697 -0.002662
-0.036311 0.043016 0.005527
-0.016842 0.001515 -0.001476
-0.021572 -0.004632 0.034744
-0.032314 0.000172 -0.001589
0.007581 0.001521 -0.004764
-0.000453 -0.006078 0.003769
0.011006 0.002739 0.000235
-0.011636 0.003289 0.005053
0.011199 0.004028 0.000982
0.001803 0.000542 -0.003435
0.009562 0.001928 -0.001648
-0.000105 -0.004738 0.000525
-0.004125 -0.002527 -0.004667
-0.004847 0.006941 0.000298
-0.009728 0.000745 -0.008178
0.005762 -0.002034 -0.002066
-0.003035 -0.003332 0.004206
-0.006073 -0.002758 0.002037
-0.001477 -0.005241 0.008457
-0.006381 0.000342 -0.000677
0.004614 0.002389 -0.005535
0.001817 -0.002162 0.001704
0.001694 -0.001290 -0.002733
-0.003478 -0.001562 0.001339
0.006258 0.000057 -0.001651
-0.006354 -0.002782 0.000159
0.010075 0.002597 -0.003767
0.000817 -0.003645 -0.000277
-0.007947 -0.002062 -0.004730
-0.002913 0.007106 -0.001221
-0.006750 0.000829 -0.007724
-0.026513 -0.001063 -0.001491
-0.003316 -0.002610 0.004771
-0.015121 0.000817 -0.001711
-0.001732 -0.005334 0.009066
-0.005584 0.000799 -0.001611
-0.000242 -0.001221 -0.009282
0.001808 -0.001701 0.000970
0.010468 0.002092 0.001419
-0.004768 -0.001518 0.000502
0.011539 0.004237 0.000716
0.001939 0.000401 -0.003199
0.009093 0.002366 -0.001824
-0.001269 -0.003781 -0.000804
-0.005139 -0.002221 -0.004887
-0.004781 0.006354 0.000238
-0.007375 0.000736 -0.007920
0.005231 -0.001226 -0.002561
-0.001862 -0.003075 0.006106
-0.006478 -0.002453 0.002368
0.000277 -0.003852 0.008605
-0.005832 -0.000738 0.000456
0.005302 0.002759 -0.005894
0.003122 -0.002167 0.001115
0.010651 0.002571 0.001073
-0.011645 -0.005874 0.005408
0.010120 0.004329 -0.000473
0.002915 0.000496 -0.002170
0.009663 0.002896 -0.001778
-0.005274 -0.000157 -0.004094
-0.004398 -0.002121 -0.004912
-0.004693 0.006392 0.000160
-0.003295 0.000509 -0.007422
0.005708 -0.000783 -0.002457
-0.002818 -0.002959 0.004419
-0.006734 -0.002329 0.001871
-0.001940 -0.005305 0.010941
-0.006598 0.000536 -0.000955
0.005454 0.002199 -0.005112
0.003603 -0.001688 0.001189
0.011418 0.002171 -0.000121
-0.009169 -0.001433 0.004812
0.010434 0.004990 0.000453
0.002352 0.000177 -0.002846
0.008430 0.002751 -0.002847
-0.001740 -0.004261 -0.001008
0.004644 -0.002264 -0.004463
-0.003850 0.006378 0.001701
-0.007345 0.000642 -0.007881
0.004155 -0.001093 -0.002604
-0.003208 -0.003119 0.004427
-0.005701 -0.002272 0.001243
0.000261 -0.006557 0.008897
-0.005811 0.000735 0.000193
-0.000622 -0.001734 -0.001153
0.001089 -0.001596 0.000845
-0.007161 0.000642 0.003121
0.004498 -0.002303 0.001235
-0.025668 -0.021272 0.002130
-0.003457 0.003872 0.002586
-0.007554 0.009221 -0.005776
0.006715 0.000630 -0.000613
0.005152 -0.000666 -0.005303
0.003556 0.000366 -0.000192
0.005500 0.001404 0.004599
0.000163 -0.005706 -0.006256
0.000095 0.002888 0.005308
-0.023194 -0.004039 -0.005286
0.002270 0.004871 0.011145
0.000569 -0.007572 -0.008665
0.016022 0.000973 0.000125
-0.005069 0.001654 0.007851
-0.011522 -0.001591 0.002531
0.003951 -0.002693 0.000885
-0.004261 0.001272 0.001168
-0.005181 0.003959 0.002613
-0.005989 0.008925 -0.001571
-0.002254 0.002141 0.002883
0.004883 -0.001323 -0.004963
0.002504 0.000061 -0.000450
0.009805 0.005307 0.001364
-0.003274 -0.007966 -0.006302
0.001639 0.003435 0.004910
-0.022004 -0.003965 -0.005071
0.002300 0.004193 0.011445
0.000977 -0.006289 -0.008542
0.000043 -0.015914 0.000081
-0.005358 0.000454 0.008557
-0.007284 -0.003732 0.003119
0.006812 -0.002024 -0.000433
-0.024906 0.021824 0.002196
-0.008459 0.008538 0.006743
-0.002478 0.005868 -0.001878
-0.004509 0.002762 0.004155
-0.013827 -0.000484 0.022718
-0.002390 0.002822 -0.002942
0.005277 0.010039 0.004860
-0.004517 -0.008702 -0.010400
0.463465 0.008401 -0.002089
-0.022715 -0.003975 -0.004848
-0.005320 0.021788 0.012122
-0.015404 -0.007750 -0.031954
-0.004502 0.000706 -0.021755
-0.004977 -0.001031 0.008146
-0.013484 -0.001766 0.002543
0.004711 -0.002225 0.000943
-0.004419 0.000865 0.002748
-0.005130 0.004123 0.003020
-0.007858 0.009310 0.002209
0.005916 -0.000850 -0.000989
0.004653 -0.001090 -0.005944
0.002192 0.000811 -0.000866
0.010655 0.005575 0.000818
-0.000077 -0.004875 -0.006572
0.003641 0.002937 0.005218
-0.023708 -0.004072 -0.005193
0.003345 0.002760 0.011255
-0.000120 -0.007636 -0.008039
0.016357 0.000913 0.000391
-0.006041 -0.000079 0.008226
-0.011260 -0.001575 0.002609
-0.001361 -0.016878 0.002020
-0.027317 0.000901 -0.020878
-0.004663 0.004135 0.002311
-0.001422 0.007410 -0.002061
0.006068 -0.000437 -0.000746
0.005775 0.000122 -0.005179
0.003098 0.000405 -0.000658
0.012611 0.005609 0.002192
0.001632 -0.006752 -0.006428
0.001680 0.002354 0.005135
-0.026683 -0.006648 -0.007551
0.004186 0.004093 0.012598
0.001503 -0.008861 -0.008660
-0.000170 0.017381 0.000035
-0.017865 0.000621 -0.016660
-0.011400 -0.001634 0.003041
0.004947 -0.001481 0.000949
-0.004666 0.001234 0.003453
-0.005198 0.003804 0.002777
-0.002671 0.004998 -0.001487
0.005791 -0.000799 -0.000780
0.004163 -0.000527 -0.004659
0.002277 0.000268 -0.000620
0.010375 0.005471 0.000849
-0.000205 -0.004517 -0.006323
0.001659 0.003257 0.005815
-0.023300 -0.004488 -0.005619
0.002104 0.004506 0.011840
-0.000113 -0.007492 -0.009029
0.015926 0.000077 0.000178
-0.005816 0.000184 0.008884
-0.013464 -0.001008 0.002616
0.006598 -0.001983 0.002258
-0.004524 0.001095 0.002513
-0.003330 0.003818 0.002587
-0.002608 0.005319 -0.001926
0.006508 -0.001053 0.000043
0.003981 -0.000855 -0.003370
0.004089 0.000281 -0.000569
0.010737 0.005861 0.001142
-0.004441 -0.009001 -0.003354
0.000977 0.002908 0.005253
-0.022153 -0.004403 -0.005059
0.002805 0.004379 0.011933
-0.000669 -0.007404 -0.010937
0.000098 0.000585 0.017592
-0.005924 0.000594 0.008217
-0.011282 -0.001407 0.002923
0.005304 -0.002444 0.001375
-0.027086 0.001374 0.024252
-0.003774 0.004044 0.003007
-0.004329 0.005315 -0.001796
0.005948 -0.001174 -0.000751
0.004413 -0.001230 -0.004811
0.002908 0.000078 -0.000126
0.010640 0.005648 0.001376
-0.001584 -0.004968 -0.006368
0.001706 0.002830 0.005897
-0.021272 -0.004287 -0.005348
0.004499 0.004105 0.010530
0.000668 -0.007050 -0.009457
0.015859 0.001352 -0.000081
-0.006169 0.000518 0.007358
