2176.0000 0.05 1
1.875
3.75
6.25
6.25
7.5
16.25
8.75
7.5
16.25
16.25
14.375
16.25
23.75
17.5
6.25
31.25
22.5
18.75
28.75
10
10
13.125
10
10
16.25
20
25
30
37.5
19.375
22.5
28.75
13.75
26.875
20.625
29.375
21.25
41.25
44.375
30.625
37.5
55
48.75
45.625
43.125
66.25
55
48.75
85
91.875
98.75
124.375
138.125
134.375
137.5
154.375
181.25
152.5
158.125
199.375
176.875
175.625
233.75
251.875
268.75
236.875
235
278.125
296.25
308.125
298.125
320
303.75
312.5
322.5
339.375
340
363.75
316.875
355
370.625
366.875
329.375
360
334.375
377.5
313.125
293.125
304.375
288.125
271.875
254.375
232.5
250.625
251.875
299.375
207.5
248.75
312.5
294.375
318.75
309.375
306.25
301.25
248.75
295
310
293.75
331.875
271.25
277.5
308.125
266.875
324.375
288.125
316.25
250
297.5
353.125
315.625
317.5
316.25
327.5
361.875
342.5
381.25
400.625
378.75
390.625
393.75
393.75
429.375
453.75
470
453.125
442.5
450
441.875
446.875
416.875
405
426.875
381.875
360.625
316.875
350
330
312.5
314.375
330
304.375
275.625
215
256.875
249.375
304.375
278.75
248.125
270
227.5
318.75
285.625
330
303.125
301.25
290
287.5
293.75
351.25
291.875
324.375
351.25
371.875
355
263.125
285.625
211.875
291.25
344.375
268.125
264.375
265.625
256.25
239.375
245.625
248.125
263.75
329.375
236.875
227.5
235
228.125
182.5
245
256.25
280
258.75
306.25
252.5
262.5
258.75
206.25
201.875
268.75
254.375
326.25
345
345.625
353.125
274.375
369.375
293.75
513.75
534.375
512.5
421.25
368.125
260.625
232.5
204.375
166.25
117.5
60
31.25
11.25
3.75
1.875
4.375
1.25
0
0
0
0
0
0
0
0
0
0
2.5
0
