0.010849 0.002209 0.001871
-0.006347 -0.001486 0.000940
0.011018 0.004526 0.001073
0.002263 0.001124 -0.002585
0.008717 0.002457 -0.002812
-0.000815 -0.003351 0.001000
-0.004623 -0.002103 -0.005394
-0.005172 0.006565 0.000653
-0.008782 0.000743 -0.000753
0.005445 -0.001333 -0.002990
-0.008968 -0.007748 -0.006335
-0.006001 -0.002023 0.003107
-0.002363 -0.004097 0.010171
-0.005705 0.000125 -0.000645
0.005092 0.000865 -0.005361
0.002414 -0.001322 0.003153
0.010636 0.001906 0.001202
-0.006272 -0.001046 0.002063
0.009721 0.004314 0.002439
0.001282 0.001180 -0.001833
0.008589 0.002331 -0.002798
-0.002019 -0.003459 0.000497
-0.004413 -0.002456 -0.005650
-0.004908 0.006076 -0.001038
-0.008162 0.000748 -0.008447
0.004731 -0.001775 -0.001896
-0.003382 -0.002436 0.003397
-0.004796 -0.001446 0.004471
0.002066 -0.004991 0.004885
-0.005464 0.000355 0.003584
0.005268 0.000899 -0.004679
0.002554 -0.002794 0.000208
0.016934 0.004478 -0.005150
0.034183 -0.002764 -0.033586
0.011604 0.003207 0.000993
-0.002482 -0.001977 -0.008800
-0.044588 0.001861 -0.050341
0.001648 -0.006610 -0.000251
-0.003429 -0.007817 0.556270
-0.010829 0.010684 -0.011131
-0.008845 0.001251 -0.002237
0.004756 -0.001146 0.004299
-0.003148 -0.003372 0.004820
-0.001049 -0.004227 -0.003637
-0.002420 -0.006691 0.010066
-0.005798 0.000661 -0.000543
0.004255 0.000823 -0.003898
0.003048 -0.000978 -0.000333
0.010556 0.002174 0.001229
-0.006378 -0.001430 0.001347
0.010833 0.004076 -0.000068
0.001985 0.001124 -0.003187
0.009800 0.002602 -0.002958
-0.000878 -0.003409 -0.001459
-0.004606 -0.003075 0.003422
-0.005420 0.004523 0.001017
-0.008391 0.001409 -0.005798
0.004986 -0.000981 -0.002023
0.000385 0.000809 -0.003878
-0.006108 -0.002380 0.002461
0.001310 -0.001658 0.005159
-0.006258 0.001276 -0.001133
0.004276 0.001581 -0.005998
0.002075 0.039383 -0.034012
0.012283 0.001272 0.003416
-0.006306 -0.001784 0.001959
0.011643 0.004374 -0.000399
0.002362 0.000774 -0.003347
0.008839 0.002591 -0.003141
-0.000790 -0.003387 -0.000811
-0.004644 -0.001683 -0.005562
-0.004974 0.005692 -0.000303
-0.008535 0.000726 -0.008125
0.004737 -0.000197 -0.001943
-0.003298 -0.002419 0.003589
-0.005985 -0.002148 0.002317
-0.002174 -0.005392 0.009955
-0.005575 0.000419 0.000087
0.004107 0.001417 -0.006573
0.002350 -0.002598 0.001518
0.010126 0.000955 0.002010
-0.005481 -0.001501 0.001208
-0.032435 0.002194 -0.037795
-0.003156 -0.001931 -0.009392
0.009889 0.001894 -0.001869
-0.000252 -0.003773 -0.000156
-0.004686 -0.001715 -0.005685
-0.005174 0.005988 0.001490
-0.008697 0.000506 -0.008864
0.006157 -0.000305 -0.002393
-0.003660 -0.002727 0.005815
-0.002512 -0.005339 -0.002049
-0.000835 -0.005598 0.010070
-0.007074 0.000413 0.007778
0.008886 0.004299 -0.004701
0.002577 -0.002328 0.000247
0.011928 0.001576 0.003192
-0.003648 -0.001296 0.003199
0.010925 0.003933 -0.000085
0.000710 0.001837 -0.001550
0.007080 0.002896 -0.001077
-0.001065 -0.003607 -0.000399
-0.004436 -0.002068 -0.007574
-0.001190 0.002900 -0.008831
-0.008127 0.001049 -0.006375
0.004908 -0.001164 -0.000819
-0.003369 -0.001426 0.004646
-0.005713 -0.001559 0.004659
0.001022 -0.010513 0.004967
-0.005935 -0.000132 -0.000706
0.006916 0.001443 -0.004055
0.002741 -0.000939 0.001385
0.014828 0.004764 -0.003028
-0.005597 -0.001184 0.001102
0.010439 0.004646 -0.000245
0.002826 0.002164 -0.002456
0.009704 0.002849 -0.002221
-0.002075 -0.003185 -0.001387
-0.004600 -0.002628 -0.005742
-0.005336 0.005477 -0.000474
-0.008482 0.000673 -0.008174
0.005898 -0.001979 -0.002083
-0.003571 -0.001840 0.003708
-0.006501 -0.001393 0.002949
-0.002748 -0.005540 0.009801
-0.005550 0.000346 -0.001332
0.004312 0.001270 -0.003932
0.002315 -0.002890 0.001405
-0.012792 -0.001880 0.002523
0.004831 -0.002195 0.000900
-0.003220 0.001187 0.001182
-0.003854 0.003306 0.001755
-0.003749 0.005963 -0.000517
0.001265 0.002553 -0.006686
0.006463 -0.005333 -0.009826
0.003169 0.001579 -0.000499
0.009399 0.005442 0.002066
-0.001077 -0.005644 -0.005276
0.002010 -0.016413 -0.014228
-0.022164 -0.002980 -0.004604
0.003283 0.005129 0.011702
-0.002731 -0.012438 -0.013791
0.017948 0.000650 0.000269
-0.004824 0.000407 0.008133
-0.012693 -0.001570 0.003572
0.009578 -0.007886 -0.009967
-0.002815 0.001121 0.001456
-0.004352 0.004662 0.002252
-0.003807 0.006086 -0.001925
0.005081 -0.001396 -0.000078
0.004003 -0.000637 -0.004956
0.003058 -0.000226 -0.000883
0.009413 0.005391 0.001775
0.000446 -0.006020 -0.005301
0.002642 0.002941 0.015057
-0.021620 -0.042571 -0.037371
0.002375 0.004836 0.010380
-0.004210 -0.007538 -0.013429
0.005468 0.000771 -0.014069
-0.004773 0.001852 0.009174
-0.012018 -0.001009 -0.026099
0.005527 -0.003212 0.002237
0.016429 0.001258 -0.017501
-0.004259 0.003462 0.005679
-0.006289 0.009277 -0.002757
0.005876 -0.001538 -0.000138
0.006685 0.003498 -0.010230
0.004055 0.040523 -0.034825
0.057871 0.005350 -0.042149
-0.002041 -0.008399 -0.008179
0.002120 0.023336 -0.014849
-0.022615 -0.003217 -0.005022
0.007182 0.009884 0.000782
-0.003397 -0.002765 -0.014759
0.017885 0.000767 0.000201
-0.007222 0.000281 0.007557
-0.012516 -0.002286 0.002950
0.004897 -0.002652 0.000682
-0.003071 0.001260 0.000928
-0.004250 0.003824 0.002639
-0.003587 0.006153 -0.002294
0.004743 -0.002330 0.000888
0.003243 -0.002393 -0.002533
0.002630 0.003516 -0.004123
0.008663 0.005686 0.001318
-0.001123 -0.005891 -0.007256
0.002527 0.016873 -0.007590
-0.022431 -0.003065 -0.004321
0.003603 0.002712 0.012137
-0.000224 -0.009266 -0.007650
0.017728 0.000691 0.000152
-0.005064 0.000244 0.008487
-0.012776 -0.001510 0.003578
0.004771 -0.003908 0.001961
-0.002536 0.001275 0.001606
-0.004642 0.005036 0.003422
-0.001871 0.005932 -0.000376
0.006362 -0.001553 -0.000902
0.003265 -0.000770 -0.003606
0.003155 -0.000518 0.000135
0.009431 0.005813 0.001843
-0.001020 -0.005673 -0.006492
0.002199 0.002649 0.004617
-0.022304 -0.005191 -0.005618
0.002339 0.004817 0.011146
0.000238 -0.007703 -0.009154
0.017981 0.000887 -0.000241
-0.004604 -0.000957 0.009042
-0.012691 -0.001776 0.002058
0.001337 0.001639 -0.008214
-0.003414 0.000397 0.002832
-0.004012 0.004448 0.002703
-0.003518 0.006412 -0.002081
0.000946 0.002185 -0.006915
0.004968 -0.000950 -0.004272
0.003076 -0.000516 -0.000615
0.008282 0.004772 0.002788
-0.002510 -0.006284 -0.005402
0.002350 0.002672 0.004828
-0.022841 -0.005554 -0.002893
0.002704 0.004841 0.012676
-0.000926 -0.007444 -0.009079
0.030472 0.000555 -0.014148
-0.009391 0.004349 0.001889
-0.011600 -0.002606 -0.025428
0.004973 -0.002616 -0.000441
-0.017126 0.001291 -0.011679
-0.002877 -0.025223 -0.021557
-0.003408 0.006323 -0.000876
0.005995 -0.001671 -0.000829
0.003708 0.000701 -0.002841
0.002934 0.000770 0.002593
0.011161 0.005633 0.004194
-0.000777 -0.005834 -0.005984
0.002447 -0.016751 -0.013559
-0.022895 -0.003623 -0.005328
-0.001800 0.000870 0.001991
-0.000556 -0.005989 -0.008131
0.017548 0.000740 0.000317
-0.009324 0.000357 0.003452
-0.012742 -0.000914 0.001993
0.005161 -0.001412 0.001849
-0.003311 0.002573 0.002902
-0.004683 0.005245 0.003123
-0.005229 0.006634 -0.000293
0.006571 -0.003111 0.000081
0.002844 -0.000664 -0.003789
0.003307 -0.001047 0.000392
0.007940 0.006576 0.002732
-0.000832 -0.006033 -0.006676
0.002551 0.002807 0.005670
-0.022636 -0.004121 -0.005598
0.003016 0.004048 0.010969
0.001655 -0.007094 -0.009700
0.018025 0.000913 -0.000727
-0.008949 -0.004001 0.001920
