0.031649 0.021405 0.001504
-0.006465 0.000534 0.002050
0.014436 0.007802 -0.000334
0.003141 0.000178 -0.003296
0.008993 0.002660 -0.002443
-0.001361 -0.003199 0.000352
-0.005695 -0.002537 -0.004827
-0.005556 0.006099 -0.000630
-0.009509 0.001037 -0.007970
0.005369 -0.001955 -0.002158
0.000722 0.001349 0.001067
-0.005338 -0.002710 0.002457
-0.002967 -0.004806 0.009230
-0.006068 0.001449 -0.000436
0.005627 0.000741 -0.006100
0.002969 -0.002239 0.000742
0.012747 0.002588 0.001772
-0.002292 -0.004663 0.001442
0.016079 0.006770 -0.004923
0.001967 0.000569 -0.003300
0.008869 0.002344 -0.002835
-0.001922 -0.003140 0.000605
-0.003970 -0.001751 -0.005033
-0.005104 0.006160 0.000019
-0.008948 0.000756 -0.007811
0.004763 -0.003030 -0.002715
-0.003238 -0.002676 0.004524
-0.005878 -0.001659 0.003087
-0.001768 -0.004195 0.009265
-0.005657 -0.000129 -0.001941
0.004152 0.000412 -0.006384
-0.007378 -0.001422 0.000808
0.031666 -0.016526 0.000845
-0.000597 -0.004520 -0.002022
0.008418 0.003649 0.000008
0.030506 -0.000159 -0.003526
0.026410 0.032487 -0.002078
0.020953 -0.004728 -0.029464
-0.001513 0.002073 -0.007557
0.023378 0.005634 0.038960
-0.005725 -0.001646 -0.006904
0.016002 -0.005969 0.002385
0.000192 -0.006252 0.000996
0.022778 -0.001378 0.003303
0.002704 -0.007977 0.005205
0.007560 0.006539 -0.006730
0.002469 0.000593 -0.004932
0.002659 -0.001657 0.000617
0.011835 0.002938 0.001203
-0.006440 0.000446 0.001121
0.010024 0.003293 -0.000065
0.002217 0.000459 -0.003403
0.008253 0.001714 -0.002614
-0.001345 -0.003598 0.000553
-0.003913 -0.002807 -0.004392
-0.005607 0.005912 -0.001065
-0.008159 0.001481 -0.007507
0.005631 -0.000912 -0.002668
-0.004587 -0.003021 0.005690
-0.005133 -0.002617 0.002279
-0.002547 -0.004965 0.009142
-0.005454 0.000284 -0.000305
0.003432 0.001484 -0.006523
0.002285 -0.002896 0.001956
0.025152 0.002660 0.014361
-0.008005 -0.001644 0.001556
0.009810 0.004162 -0.000126
0.001976 0.001072 -0.003991
0.006987 0.002069 -0.001529
-0.003207 -0.005151 0.000561
-0.005268 -0.001873 -0.004729
-0.005223 0.005735 0.000109
-0.007977 0.000437 -0.007525
0.014016 -0.004071 0.000788
-0.004036 -0.002445 0.005225
-0.006202 -0.003394 0.002820
-0.002288 -0.004436 0.009357
-0.004965 0.000309 -0.000617
0.002890 0.001710 -0.006609
0.003077 -0.001802 0.000813
0.012124 0.002419 0.000359
-0.006152 -0.000736 0.001237
0.015713 0.006251 0.004575
0.002008 0.000126 -0.003018
0.008689 0.002287 -0.002512
-0.001791 -0.003142 -0.000615
-0.003889 -0.002124 -0.005040
-0.006777 0.006705 -0.000991
-0.007240 0.000847 -0.008040
0.005740 -0.001058 -0.002740
-0.005859 -0.002993 0.004533
-0.005862 -0.001344 0.001421
-0.003148 -0.005931 0.009274
0.002083 0.002903 -0.003199
0.008501 0.005164 -0.002809
0.005410 -0.001733 0.000792
0.011777 0.001842 0.000839
-0.000362 -0.005124 0.005002
0.011051 0.002580 0.000158
0.003336 0.000787 -0.003345
0.008481 0.001915 -0.002962
-0.001093 -0.003716 -0.000025
-0.005617 -0.001955 -0.004564
-0.005230 0.005692 0.000239
-0.009124 0.000380 -0.007293
0.004967 -0.001493 -0.001047
-0.004783 -0.002130 0.005523
-0.006779 -0.002025 0.003262
0.002791 -0.007771 0.014094
-0.006071 0.000774 -0.002100
0.004980 0.000261 -0.005430
0.002783 -0.000929 0.001778
0.024901 0.002203 -0.012023
-0.004866 -0.000351 0.001306
0.008539 0.004554 -0.000626
0.002086 0.000725 -0.003106
0.007271 0.002517 -0.003851
-0.001859 -0.003058 -0.000736
-0.003362 -0.002443 -0.004904
-0.006481 0.004955 -0.000411
-0.008028 0.000625 -0.007808
0.005221 -0.000577 -0.000948
-0.003402 -0.002746 0.005528
-0.006531 -0.002989 0.002157
-0.002185 -0.005309 0.009675
-0.005825 0.001464 -0.000344
0.008611 -0.003320 -0.002508
-0.007291 -0.001740 0.001008
-0.013536 -0.001973 0.003054
0.005193 -0.002795 0.000319
-0.003229 0.000205 0.002258
-0.003896 0.003481 0.002254
0.001786 0.011180 -0.003813
0.023198 0.015503 -0.000439
0.004629 -0.000709 -0.003995
0.004339 -0.000068 -0.000193
0.010284 0.004749 0.001863
-0.001486 -0.006005 -0.005966
0.001668 0.003801 0.005648
-0.023705 -0.003982 -0.005086
0.002382 0.004458 0.011228
0.000200 -0.006254 -0.009605
0.017612 0.001528 0.000101
-0.003870 0.003306 0.007480
-0.012092 -0.001503 0.002894
0.009237 -0.006864 0.003809
-0.002596 0.000917 0.002157
-0.005424 0.003799 0.002445
-0.002797 0.006333 0.000017
0.029069 -0.001285 -0.021508
0.003746 -0.000269 -0.004154
0.003100 0.000407 -0.000302
0.009783 0.005896 0.002101
-0.002575 -0.006736 -0.007072
0.002408 0.003164 0.005673
-0.027168 -0.004126 -0.005054
0.002383 0.005096 0.011892
-0.002658 -0.008801 -0.010856
0.024999 0.003861 0.003157
-0.007313 -0.001354 0.007381
-0.008345 0.000574 0.002757
0.003423 -0.002901 0.001714
0.007259 -0.003384 -0.002989
-0.009126 0.004128 0.004165
0.001774 0.002202 -0.003583
0.030454 -0.023623 -0.000930
0.012037 -0.022741 -0.004637
-0.452784 -0.007521 -0.001514
0.024345 -0.021919 0.003076
0.011747 -0.006446 0.018837
0.007927 0.001399 0.003801
-0.023524 -0.004288 -0.005560
0.021376 0.004890 -0.022482
0.019142 0.020908 -0.009297
0.029274 0.006098 0.005309
-0.009124 0.000640 0.008077
-0.011846 -0.002547 0.002396
0.004153 -0.002662 0.000125
-0.002557 0.001284 0.002499
-0.003714 0.003636 0.002599
-0.004457 0.006147 -0.000718
0.007298 -0.000115 -0.001205
0.003945 0.000181 -0.004419
0.001861 0.000007 -0.000393
0.009489 0.006219 0.001594
-0.001312 -0.005786 -0.006776
0.002956 0.004005 0.004794
-0.024055 -0.003992 -0.005142
0.002830 0.003899 0.012107
-0.000848 -0.008105 -0.009242
0.017933 0.000786 -0.000185
-0.006583 -0.000710 0.007988
-0.012529 -0.001526 0.002905
0.009494 0.001399 0.003849
-0.003035 0.001810 0.000716
-0.005421 0.003914 0.002454
-0.004976 0.006275 -0.001467
0.007289 -0.001435 -0.000855
0.004238 -0.000678 -0.004577
0.004171 0.000044 -0.000701
0.007444 0.006917 -0.000000
-0.003013 -0.004127 -0.006842
0.003065 0.002599 0.005342
-0.025320 -0.002467 -0.005013
0.002452 0.004478 0.012329
-0.000634 -0.008342 -0.009390
0.017459 0.001894 0.000197
-0.001045 0.004240 0.011331
-0.012079 -0.000980 0.002954
0.004084 -0.002173 0.000781
-0.003244 -0.000423 0.003031
-0.006355 0.003554 0.002995
-0.004065 0.006104 -0.000578
0.030248 -0.000949 0.021235
0.002579 -0.000052 -0.005570
0.004317 0.000402 -0.000405
0.009767 0.006100 0.001379
-0.000881 -0.005544 -0.006913
0.002250 0.003232 0.005509
-0.021405 -0.004301 -0.005111
-0.000193 0.003326 0.013178
-0.004112 -0.009017 -0.007571
0.017591 0.000060 0.001502
-0.007137 -0.001583 0.008609
-0.013689 -0.001308 0.002342
0.010558 -0.002724 0.006991
-0.002933 0.000833 0.000864
-0.009664 0.004226 0.001351
-0.004685 0.006648 -0.000749
0.008024 -0.001793 -0.001044
0.003387 0.000078 -0.004535
0.004565 0.000351 -0.000463
0.009048 0.006108 0.001850
-0.000225 -0.005970 -0.006443
0.001435 0.002617 0.004712
-0.023735 -0.003969 -0.004650
0.002705 0.004871 0.010817
-0.001095 -0.008170 -0.009650
0.017446 0.000857 0.001390
-0.005536 -0.000277 0.007581
-0.012570 -0.001012 0.002932
0.003730 -0.002742 0.000720
0.003942 -0.001273 -0.000413
-0.006045 0.003988 0.002699
0.001974 0.006658 -0.007790
0.007624 -0.001133 -0.000854
0.004369 -0.000783 -0.004043
0.003238 -0.000068 -0.000216
0.007738 0.006347 0.002971
-0.000637 -0.006179 -0.006629
0.002715 0.002624 0.005461
-0.021744 -0.004184 -0.005150
0.001624 0.005318 0.011759
0.000445 -0.007352 -0.010194
0.018015 0.000666 0.000178
-0.000561 0.004095 0.003917
