528.0000 0.05 1
0.32
0
4.48
0
0
3.84
0
7.68
2.56
0
1.92
0
7.68
7.68
0
7.68
0
10.24
0
0
3.84
0
24.96
0
0
7.68
7.68
7.68
2.56
0
10.88
12.16
15.36
7.68
15.36
0
9.92
12.8
9.6
8.96
5.76
32
46.72
18.88
61.44
32
23.36
53.44
27.52
33.92
80.64
61.12
49.92
35.84
67.2
46.08
71.68
78.08
52.48
85.12
90.88
66.24
106.88
147.2
96
116.48
135.68
94.4
78.72
102.08
125.44
120.96
60.8
76.8
39.36
117.12
105.28
64.64
73.28
62.72
80.64
56.32
44.48
107.84
53.76
27.84
72.96
67.2
107.52
67.84
48.64
60.8
103.04
61.44
96
59.2
50.56
58.88
79.36
65.6
72.32
119.68
105.92
42.88
41.6
96
100.16
79.68
57.6
131.84
79.68
21.76
93.44
59.52
52.8
101.76
76.8
139.2
74.88
93.12
131.2
117.12
121.6
196.48
120.96
155.52
110.72
139.52
74.88
139.52
57.28
72.96
59.52
64.96
110.08
100.48
59.52
113.92
57.6
70.4
65.28
67.84
86.08
20.48
69.12
65.28
63.68
81.28
96
54.4
63.36
76.16
56.96
90.24
122.88
69.76
103.04
52.48
66.24
96
59.52
86.72
102.4
87.04
8.64
32.64
112.32
89.6
75.52
72.32
94.08
120.32
59.52
39.04
57.6
40.32
25.6
88.32
64.64
35.84
74.88
12.48
117.76
85.44
95.04
53.76
51.2
109.44
32.64
26.88
96.64
51.52
60.8
99.84
93.44
68.48
90.24
102.4
108.16
61.44
76.16
77.12
57.6
46.4
32.96
16.96
11.52
12.8
3.2
1.28
0
0
0
0
0
0
0
0
0
0
0
0
0
0
0
0
1.92
0
1.28
0
0
0
0
0
0
0
0.64
1.28
0
0
0.64
0
0
0
0
0
0
0.64
0
3.84
0
0.96
0
1.28
0
0
0
0
0
0
0
0
0
0
0
0
0
0.32
0
