-0.001597 0.039191 0.039191
0.003248 0.002762 -0.001520
0.003248 -0.001520 0.002762
0.000134 0.029625 0.029625
0.000562 -0.002665 -0.002665
0.000209 0.000544 0.000544
0.003933 0.003571 -0.001650
0.000133 -0.001835 -0.001767
0.003933 -0.001650 0.003571
0.000133 -0.001767 -0.001835
0.007665 0.002509 0.002509
0.000117 0.000379 0.000379
0.000804 -0.002728 -0.002728
-0.000632 -0.001712 -0.004532
-0.000632 -0.004532 -0.001712
0.005474 0.001612 0.001612
-0.280381 -0.240939 -0.240939
0.000041 -0.008012 0.001706
0.000041 0.001706 -0.008012
0.054409 0.054074 0.002242
-0.002852 -0.002799 0.000771
0.003126 0.009817 0.002402
0.054409 0.002242 0.054074
0.003126 0.002402 0.009817
-0.002852 0.000771 -0.002799
0.002188 0.037736 0.037736
0.001966 0.001671 0.008101
0.001966 0.008101 0.001671
-0.000315 -0.001288 -0.001288
-0.000010 0.004130 0.002441
-0.000010 0.002441 0.004130
0.002169 -0.000797 -0.000797
-0.001655 -0.002533 -0.001927
-0.001655 -0.001927 -0.002533
0.010329 0.002198 -0.007951
-0.001551 -0.002807 -0.001466
-0.002716 0.001380 -0.005943
0.001945 -0.001029 0.015625
-0.000293 0.004565 0.002359
-0.000092 0.000950 0.001152
0.010329 -0.007951 0.002198
-0.002716 -0.005943 0.001380
-0.001551 -0.001466 -0.002807
0.001945 0.015625 -0.001029
-0.000092 0.001152 0.000950
-0.000293 0.002359 0.004565
0.021157 0.001472 0.001472
0.022939 0.024157 0.001206
0.022939 0.001206 0.024157
0.000835 -0.000772 -0.000772
-0.003109 -0.003193 0.000858
-0.003109 0.000858 -0.003193
0.018927 0.001363 0.001363
-0.000015 0.000770 0.000749
-0.000015 0.000749 0.000770
0.001976 0.014604 -0.001030
0.012051 0.012827 0.001737
0.003491 0.004718 -0.000282
0.001976 -0.001030 0.014604
0.003491 -0.000282 0.004718
0.012051 0.001737 0.012827
-0.000173 -0.001197 -0.001197
0.004448 -0.000404 0.004803
0.004448 0.004803 -0.000404
