2176.0000 0.05 1
1.11111
4.44444
11.1111
2.22222
11.1111
4.44444
13.3333
11.1111
20
11.1111
6.66667
11.1111
24.4444
23.3333
17.7778
23.3333
26.6667
18.8889
13.3333
32.2222
18.8889
8.88889
4.44444
10
14.4444
16.6667
34.4444
37.7778
25.5556
40
11.1111
26.6667
17.7778
31.1111
24.4444
32.2222
28.8889
25.5556
40
24.4444
32.2222
46.6667
36.6667
47.7778
70
55.5556
56.6667
41.1111
80
106.667
95.5556
126.667
127.778
136.667
151.111
148.889
158.889
190
190
202.222
216.667
267.778
192.222
230
230
291.111
237.778
278.889
253.333
263.333
288.889
301.111
317.778
337.778
318.889
350
284.444
347.778
302.222
311.111
294.444
300
293.333
275.556
316.667
271.111
251.111
281.111
296.667
297.778
314.444
314.444
323.333
307.778
335.556
318.889
315.556
296.667
292.222
298.889
303.333
290
332.222
355.556
318.889
360
372.222
358.889
353.333
354.444
336.667
293.333
255.556
215.556
175.556
162.222
188.889
241.111
264.444
331.111
350
398.889
415.556
400
428.889
412.222
452.222
400
382.222
356.667
342.222
373.333
345.556
395.556
384.444
372.222
390
425.556
406.667
456.667
410
406.667
411.111
352.222
360
374.444
371.111
372.222
437.778
417.778
407.778
441.111
401.111
341.111
354.444
320
353.333
312.222
326.667
260
286.667
255.556
267.778
264.444
242.222
224.444
276.667
206.667
245.556
217.778
230
260
222.222
244.444
232.222
216.667
206.667
227.778
176.667
205.556
176.667
197.778
175.556
175.556
253.333
235.556
234.444
212.222
216.667
168.889
175.556
196.667
261.111
238.889
224.444
272.222
237.778
223.333
266.667
347.778
340
320
303.333
330
307.778
333.333
378.889
408.889
436.667
427.778
445.556
432.222
505.556
478.889
504.444
476.667
431.111
348.889
312.222
224.444
120
11.1111
1.11111
0
0
0
0
0
0
0
0
0
0
0
0
0
0
0
0
0
0
0
0
0
0
4.44444
2.22222
2.22222
0
0
2.22222
4.44444
4.44444
0
3.33333
2.22222
2.22222
4.44444
0
6.66667
4.44444
0
2.22222
4.44444
0
1.11111
2.22222
0
0
2.22222
0
2.22222
0
