2176.0000 0.05 1
1.11111
4.44444
11.1111
2.22222
11.1111
4.44444
13.3333
11.1111
20
11.1111
6.66667
11.1111
24.4444
23.3333
17.7778
23.3333
26.6667
18.8889
13.3333
34.4444
16.6667
11.1111
2.22222
10
14.4444
14.4444
36.6667
40
23.3333
40
11.1111
26.6667
17.7778
31.1111
24.4444
32.2222
26.6667
27.7778
40
24.4444
32.2222
46.6667
36.6667
47.7778
70
55.5556
56.6667
41.1111
80
106.667
95.5556
126.667
127.778
138.889
148.889
146.667
161.111
190
192.222
200
216.667
267.778
192.222
230
232.222
288.889
237.778
276.667
255.556
261.111
291.111
301.111
317.778
337.778
318.889
352.222
284.444
345.556
303.333
310
292.222
304.444
291.111
277.778
314.444
273.333
248.889
287.778
290
297.778
314.444
314.444
323.333
305.556
342.222
314.444
316.667
293.333
292.222
301.111
303.333
290
332.222
355.556
318.889
361.111
373.333
363.333
348.889
352.222
341.111
293.333
251.111
215.556
177.778
162.222
186.667
243.333
262.222
328.889
354.444
398.889
417.778
393.333
431.111
412.222
450
402.222
380
358.889
344.444
368.889
347.778
396.667
383.333
373.333
388.889
430
402.222
456.667
410
406.667
411.111
356.667
355.556
378.889
366.667
380
432.222
408.889
416.667
436.667
403.333
341.111
354.444
322.222
353.333
312.222
322.222
262.222
283.333
256.667
274.444
260
242.222
224.444
274.444
208.889
247.778
215.556
232.222
256.667
223.333
242.222
236.667
214.444
206.667
227.778
176.667
205.556
176.667
197.778
175.556
174.444
256.667
233.333
235.556
211.111
216.667
168.889
176.667
196.667
260
238.889
224.444
274.444
236.667
224.444
260
354.444
337.778
320
298.889
334.444
307.778
335.556
380
407.778
432.222
425.556
451.111
431.111
508.889
477.778
504.444
472.222
428.889
348.889
314.444
224.444
120
11.1111
1.11111
0
0
0
0
0
0
0
0
0
0
0
0
0
2.22222
0
0
0
0
0
0
0
2.22222
2.22222
2.22222
2.22222
0
0
2.22222
0
8.88889
0
3.33333
2.22222
0
6.66667
0
6.66667
2.22222
2.22222
0
4.44444
3.33333
0
2.22222
0
0
2.22222
0
2.22222
0
