-0.000509 0.011630 0.011737
-0.008368 0.001064 0.001444
-0.001346 0.018608 0.000111
0.009708 0.008468 -0.002223
0.001866 0.014685 -0.005955
-0.008378 0.001755 -0.002006
-0.000693 0.004322 0.004424
0.000613 -0.015972 -0.002897
-0.002652 -0.011980 -0.001532
-0.014063 -0.008531 -0.001233
0.010865 -0.007565 0.000866
-0.009684 -0.006048 -0.002133
0.004124 -0.007451 0.003116
0.003901 -0.020472 -0.001140
-0.001481 -0.000508 -0.003342
0.014685 -0.011820 0.002635
-0.000783 0.010651 0.011568
-0.008697 0.001914 0.000836
-0.001506 0.019322 0.000659
0.011082 0.008506 -0.003533
-0.001388 0.016696 -0.006536
-0.008570 0.000146 -0.003264
-0.000599 0.003615 0.003229
0.000528 -0.015726 -0.001202
-0.003695 -0.011917 -0.000740
-0.010251 -0.004916 -0.001558
0.010579 -0.007010 0.000670
-0.010753 -0.005731 -0.002923
0.004335 -0.007740 0.004087
0.005430 -0.018873 -0.000605
-0.004128 -0.000513 0.002086
0.013028 -0.009633 0.002835
-0.000224 0.011280 0.012772
-0.008823 0.000690 0.000126
-0.001101 0.018733 -0.001650
0.010936 0.008302 -0.004179
-0.001184 0.015263 -0.006178
-0.009611 0.001404 -0.002618
-0.000733 0.003214 0.004464
0.000550 -0.015525 -0.002858
-0.004486 -0.011049 -0.000771
-0.010637 -0.004310 -0.001346
0.012146 -0.006775 0.000441
-0.009070 -0.006376 -0.004397
0.003745 -0.006722 0.004049
0.002388 -0.020160 -0.000819
-0.003571 0.000978 0.001916
0.013380 -0.011691 0.003771
-0.000562 0.010439 0.032608
-0.004770 0.005323 0.008431
-0.007618 0.020405 0.008218
0.013466 0.008186 -0.002564
-0.001925 0.015955 0.001802
-0.008904 0.000730 0.004738
-0.000342 0.003507 0.004007
-0.002823 -0.016158 -0.002482
-0.005392 -0.012890 -0.005998
-0.012214 -0.005056 -0.001781
0.011120 -0.001531 0.004915
-0.008250 -0.004934 -0.002708
0.004335 -0.008697 0.003494
0.003225 -0.000304 0.002151
-0.007630 0.003882 0.005416
0.011247 -0.012789 0.009266
-0.000329 0.010473 0.012472
-0.008916 0.001506 0.000617
-0.001103 0.019002 0.000212
0.011900 0.007133 -0.002548
-0.005406 0.017376 -0.005909
-0.008928 0.000635 -0.002687
-0.000276 0.002222 0.004338
0.000041 -0.015850 -0.001404
-0.004199 -0.010392 -0.000731
-0.010787 -0.006987 -0.007189
0.011125 -0.006673 -0.000784
-0.009126 -0.006880 -0.004264
0.003614 -0.007447 0.005129
0.003787 -0.018500 -0.000617
-0.000749 0.002022 0.002100
0.013640 -0.010851 0.003114
-0.000808 0.011144 0.011918
-0.008589 0.001639 0.001932
-0.001112 0.019014 0.000057
0.012529 0.007531 0.004025
-0.001312 0.015854 -0.006066
-0.010299 -0.000736 -0.003673
0.001639 0.007351 0.011455
-0.000333 -0.015820 -0.001573
-0.003823 -0.011758 -0.005392
-0.009677 -0.005331 -0.007142
0.011087 -0.005534 0.001487
-0.009390 -0.009417 -0.002718
0.006936 -0.006117 0.004200
0.003481 -0.020190 -0.000503
-0.003956 0.000134 0.001854
0.018449 -0.012784 0.002267
-0.000416 0.011168 0.011591
-0.009416 0.000841 0.001557
-0.001439 0.018927 -0.000730
0.011902 0.006210 0.005123
-0.002024 0.015240 -0.005929
-0.008550 0.000687 -0.002286
-0.001270 -0.003289 0.009866
-0.000020 -0.013628 -0.002933
-0.000669 -0.015446 -0.000924
-0.011212 -0.009611 -0.002329
0.012184 -0.007140 0.000059
-0.005438 -0.090496 0.091862
0.071517 0.029730 0.085353
0.002517 -0.018678 -0.000959
-0.003531 0.000611 0.002623
0.015342 -0.010555 -0.002534
-0.000832 0.011436 0.034207
-0.013268 -0.002282 0.005586
0.005649 0.016526 0.008559
0.010697 0.007854 -0.002853
-0.000278 0.015841 -0.002465
-0.009436 -0.001480 -0.001684
-0.000622 0.003237 0.003077
-0.060318 -0.047040 0.070021
-0.005972 -0.015842 -0.002315
-0.011017 -0.004776 -0.001364
0.011846 -0.024826 0.003506
-0.009605 -0.006825 -0.003872
0.005037 -0.007580 0.004357
0.002892 -0.024081 0.002812
0.012353 -0.009535 0.004037
0.030299 -0.001614 0.007076
-0.000501 0.002528 -0.004509
0.006870 0.007767 -0.005195
-0.009671 0.010432 0.001899
0.006746 0.022831 -0.001665
-0.000519 -0.002381 -0.001774
0.002445 0.003154 -0.009795
-0.007866 -0.002524 -0.000746
0.002384 0.008834 -0.000443
-0.001336 0.008153 -0.003200
0.017725 -0.011002 0.003557
-0.008238 0.008707 0.002469
-0.005017 -0.001019 0.000317
0.012049 -0.005885 0.000543
-0.003338 -0.002468 -0.000289
0.009499 -0.009950 0.001994
-0.020456 -0.014137 0.001414
0.000087 0.003242 -0.004786
0.006930 0.008918 -0.002821
-0.010077 0.010315 0.001490
0.006845 0.023288 -0.002127
0.000086 -0.002593 -0.000459
0.001350 0.003616 -0.010779
-0.008267 -0.002362 -0.000137
0.002172 0.005503 0.002216
-0.000771 0.008097 -0.001960
0.018032 -0.010476 0.003328
-0.009046 0.010859 0.001310
-0.004345 -0.002132 0.000336
0.011989 -0.005693 0.000632
-0.003498 -0.005698 0.004390
0.008873 -0.008998 0.002771
-0.016708 -0.010740 0.001972
-0.000569 0.003344 -0.004844
0.007735 0.008146 -0.002929
-0.010031 0.010535 0.002661
0.007340 0.022937 -0.001922
0.000195 -0.003005 -0.001229
0.001532 0.004336 -0.009765
-0.008301 -0.002030 0.000599
0.003297 0.005312 0.000237
0.000160 0.007774 -0.002495
0.018424 -0.012711 0.003558
-0.008557 0.009560 0.002936
-0.005120 -0.001131 0.000365
0.012176 -0.005742 -0.000224
-0.003549 -0.006351 0.005342
0.010880 -0.009393 0.002154
-0.017835 -0.011780 0.001942
-0.000288 0.003400 -0.004707
0.007799 0.008529 -0.003631
-0.004199 0.012026 0.007730
0.003225 0.021598 -0.001765
-0.000829 -0.002819 -0.001691
0.001741 0.005407 -0.010302
-0.008258 -0.002321 0.009383
0.003331 0.004518 0.000354
-0.000724 0.008342 -0.004641
0.019862 -0.013063 0.003808
-0.010383 0.009369 -0.002936
-0.004848 -0.001612 0.001545
0.012762 -0.004456 -0.005018
-0.003963 -0.005355 0.004988
0.008780 -0.007907 0.003333
-0.012653 -0.013517 0.003229
-0.000108 0.004174 -0.004353
0.007710 0.009037 -0.001702
-0.010125 0.010848 0.001358
0.006456 0.023287 -0.000614
0.000114 -0.003270 -0.001327
0.000653 0.005007 -0.010777
-0.008750 -0.000848 -0.000825
0.003637 0.002620 -0.000413
-0.000245 0.007183 -0.002298
0.018094 -0.011632 0.003167
-0.008590 0.010097 0.002451
-0.003571 -0.002467 -0.000054
0.011161 -0.005236 -0.000025
-0.001174 -0.002132 0.003415
0.011832 -0.010455 0.002332
-0.019748 -0.010532 -0.003443
0.003636 0.003350 0.000174
0.007406 0.007801 -0.002188
-0.010058 0.010730 0.000726
0.007566 0.022920 0.002519
-0.000726 -0.001649 0.005745
0.000880 0.004863 -0.013502
-0.008334 -0.002248 0.000393
0.003155 0.005714 0.001941
-0.000205 0.010720 0.003068
0.017304 -0.012966 0.002516
-0.007428 0.011683 0.009135
-0.006263 0.000054 -0.000641
0.008053 -0.003390 -0.000072
-0.005444 -0.005271 -0.001048
0.010680 -0.009063 0.001395
-0.017036 -0.011775 0.001841
-0.003235 0.005413 0.000617
0.007540 0.008188 -0.004858
-0.010512 0.010908 0.002289
0.007424 0.025600 0.005608
-0.000113 -0.002689 0.004562
-0.005758 0.023879 -0.595621
-0.008099 -0.001119 0.000284
0.003353 0.005616 0.002401
-0.000728 0.001290 0.002172
0.018161 -0.011230 0.004730
-0.024071 -0.000407 0.005781
-0.067087 0.039347 0.061884
0.011431 -0.003920 -0.004709
-0.004108 -0.001448 0.004084
0.009016 -0.009582 0.002279
-0.015420 -0.010669 0.001112
-0.001328 0.003687 -0.004301
0.007827 0.008301 -0.003058
-0.015150 0.009243 0.008246
0.010768 0.024669 -0.001071
0.000132 -0.002373 -0.000832
0.000590 0.003699 -0.010690
-0.005768 -0.001803 0.005385
0.002776 0.006159 -0.000032
-0.000262 0.007821 -0.002207
0.075045 -0.047720 0.061623
-0.012545 0.011730 0.000836
-0.005249 -0.000414 -0.000496
0.012477 -0.001516 -0.001623
-0.001968 -0.005800 0.004752
0.008265 0.054070 0.058716
-0.033371 -0.003865 0.005430
