32.0000 0.05 1
0.0182066
0.10924
0
0.21848
0.145653
0
0.10924
0
0.436959
0.436959
0
0
0.21848
0
0.546199
0.436959
0
0.436959
0.145653
0.436959
0
0.873919
0
0
0.546199
0.436959
0.655439
0.436959
0
0.873919
0.928539
0.32772
1.0924
0.582613
0.21848
1.96632
2.76741
1.74784
1.78425
3.5503
3.75057
3.93264
3.38644
6.00819
5.13427
3.93264
5.57123
4.69731
6.66363
7.20983
6.33591
4.91579
10.487
8.30223
8.08375
5.89895
7.42831
5.78971
6.99135
8.08375
3.93264
7.86527
6.77287
3.49568
4.04188
5.89895
3.05872
3.49568
6.77287
6.55439
3.49568
2.51252
3.05872
3.2772
5.68047
7.20983
5.24351
1.74784
3.49568
5.35275
5.46199
6.11743
5.24351
6.11743
3.93264
1.52936
6.33591
3.60492
5.02503
3.05872
3.93264
5.68047
2.62176
4.80655
8.84843
6.33591
1.74784
6.40874
3.71416
7.97451
2.1848
5.24351
5.02503
7.10059
3.5503
6.62722
6.19026
8.30223
13.7642
6.62722
6.55439
5.53482
12.3077
10.924
5.60765
7.64679
3.49568
3.05872
10.487
6.77287
3.05872
4.80655
3.93264
5.89895
4.80655
6.99135
4.26036
3.49568
2.94948
4.15112
1.96632
5.13427
5.46199
4.80655
4.04188
3.05872
5.89895
4.36959
6.55439
4.80655
3.93264
4.47883
6.55439
4.80655
5.89895
3.53209
11.9071
4.15112
2.1848
3.5685
6.73646
2.1848
7.13701
5.53482
0.983159
4.58807
2.29404
5.02503
5.02503
4.26036
4.80655
3.05872
2.29404
3.93264
3.89622
4.80655
4.04188
1.74784
1.74784
3.8234
4.47883
2.98589
3.93264
6.77287
3.05872
2.1848
3.2772
2.1848
2.43969
5.46199
5.02503
4.80655
4.91579
2.40328
3.49568
3.38644
3.38644
6.00819
2.91306
7.57396
2.03914
1.60218
1.52936
1.60218
1.74784
1.67501
1.20164
0.10924
0.2731
0.145653
0
0
0
0
0
0.436959
1.85708
3.49568
1.31088
0
0.436959
0
0
0
0
0.436959
0
0
0
0
0.436959
1.31088
0.10924
0.436959
0
0
0
1.01957
0.491579
0
0
0
0
0
0
0
0
0
0
0
0
0.32772
0.21848
0
0.145653
0.873919
0
0
0
0
0.21848
0.436959
0
0
0
0
0
0
0
0
0
0
0.436959
0
