2176.0000 0.05 1
1.11111
4.44444
11.1111
2.22222
11.1111
4.44444
13.3333
11.1111
20
11.1111
6.66667
11.1111
24.4444
23.3333
17.7778
23.3333
26.6667
18.8889
13.3333
34.4444
16.6667
11.1111
2.22222
10
14.4444
16.6667
34.4444
37.7778
25.5556
40
11.1111
26.6667
17.7778
31.1111
24.4444
32.2222
26.6667
27.7778
40
24.4444
32.2222
46.6667
36.6667
47.7778
70
55.5556
56.6667
41.1111
80
106.667
95.5556
126.667
127.778
138.889
146.667
148.889
161.111
190
190
204.444
214.444
267.778
192.222
230
232.222
288.889
237.778
278.889
253.333
263.333
288.889
301.111
317.778
337.778
318.889
350
284.444
347.778
303.333
310
294.444
297.778
295.556
277.778
314.444
271.111
251.111
285.556
291.111
296.667
314.444
318.889
321.111
305.556
337.778
318.889
315.556
296.667
290
305.556
296.667
292.222
332.222
353.333
321.111
361.111
375.556
354.444
355.556
352.222
338.889
293.333
253.333
215.556
175.556
164.444
186.667
241.111
264.444
333.333
351.111
395.556
417.778
402.222
424.444
412.222
452.222
400
380
356.667
344.444
371.111
345.556
398.889
383.333
378.889
381.111
427.778
406.667
456.667
410
404.444
411.111
358.889
357.778
372.222
371.111
377.778
432.222
417.778
407.778
443.333
396.667
338.889
358.889
320
351.111
314.444
324.444
262.222
283.333
261.111
263.333
266.667
242.222
224.444
276.667
208.889
244.444
216.667
230
261.111
221.111
244.444
234.444
214.444
206.667
225.556
181.111
202.222
177.778
197.778
173.333
176.667
254.444
235.556
233.333
212.222
217.778
168.889
175.556
195.556
264.444
238.889
220
272.222
241.111
226.667
262.222
350
340
318.889
302.222
330
307.778
333.333
382.222
407.778
434.444
427.778
441.111
436.667
507.778
477.778
510
467.778
432.222
350
312.222
226.667
117.778
11.1111
1.11111
0
0
0
0
0
0
0
0
0
0
0
0
0
0
0
0
0
0
0
0
0
0
6.66667
0
0
2.22222
0
2.22222
0
6.66667
2.22222
3.33333
2.22222
2.22222
2.22222
2.22222
4.44444
4.44444
2.22222
2.22222
4.44444
1.11111
0
2.22222
0
2.22222
0
0
2.22222
0
