384.0000 0.05 1
0.2
1.2
2
1.2
2
4.4
1.6
4
2.4
2
4.4
3.2
2.4
4
2.8
5
4.4
9
4
4.8
7.2
8
8.6
13.2
27.2
38.8
31.6
43.6
42.2
44.8
48.4
54
66
53.6
55.8
62.4
58.6
62.6
57.4
66.2
62.6
66
75.2
66
72.8
66
70.6
69
64.8
76.2
64.8
69.4
74.4
67.4
70.8
72.4
70.6
74.2
67.2
76.8
70.2
69
68.8
72.8
73.6
69.2
73
72.2
68.4
76.4
71.2
73.2
74.4
71.8
69.4
63.8
72.2
73.4
70.8
73.2
70
69.2
66.8
67
68
63.8
62.6
63.4
66.6
67.8
69.8
67.2
72
66.4
66.4
71.2
62.2
67.2
62.2
69.2
63.2
73.2
61
65.2
63.8
66.6
57.6
59.2
68.2
61.4
62
63
63.2
59.2
64.8
59.6
63.6
55.8
63.6
66.8
62
67.2
59.6
62.2
62
63.4
67
61.8
65.2
65
74.6
66.2
66.6
64.8
67.2
67.6
68.4
66.2
69.2
68.2
70.8
74
70.6
63.2
69.2
72.6
68.8
76.4
76.2
74.6
77.4
68.8
71.6
72.8
70.6
71
73.2
73.2
72
72.2
70.8
65
65.6
65.4
63.8
56.8
64.4
60.4
61.8
49.2
50.6
48.6
51
51.4
45.6
42.8
38
34.8
34.2
36.6
28.2
26.8
29.4
20.6
16.2
23.4
18.4
18
20
12.8
19.2
15.4
16.6
16.4
17.2
14.6
17.8
14.2
14.6
17.6
17
11.8
19
11
16.6
11.6
15.2
16
17
11
14.4
14.4
17.2
14.8
10
14.2
13.6
15.6
13.8
12.8
10.8
11
10.6
12.2
7.6
12.2
9.6
11.6
12.8
9.6
13
10.2
12.2
11.4
13.2
15.4
11.4
13.4
15.2
14.6
11.8
15.6
15.2
14.2
15.2
13
15.8
12.6
15.6
10.4
13.6
13.4
13.4
13.2
14.4
10.8
11.2
12.2
15
10.6
13.4
9.8
11.4
12
8.8
14.4
10
12.4
10.6
12
13
15.6
12.6
13.6
10.6
11.8
13.2
11.2
14.6
14.8
14.4
12.2
14.2
13.4
13.6
13
15.6
11.2
10.8
11.6
14.2
11
14
13.6
16.2
12.4
12.8
13.2
15.4
13.2
11.2
15.6
13.4
12.6
15
17.8
14.8
14.8
16.4
14.6
14
15.2
13
15.6
16.8
14
14.8
12.2
16.6
16.8
12
12.8
12
15.8
19.8
16.8
15
17
16.6
17.2
17.4
16
15.4
15.2
16.6
15.8
18.6
14.8
15
18.6
15.6
19.8
19
17.2
14.2
19
19.8
13.8
18.4
18.8
16.4
16.6
15.8
20.8
16.8
19.2
18.2
17.8
18
16
19.2
18.6
15.6
15.8
18.6
15.6
18.4
18.8
20.4
20
17.4
18.8
22
19
18.4
23.2
21.6
23.6
21.6
24
25.6
21.6
22
20.4
23.6
22.2
20.8
24.2
21.2
24.2
22.8
19.8
22.8
21.6
24.8
21.4
26.6
19.2
22.2
25.4
22.2
28.6
19.8
23
21.2
23.2
25.6
19.2
20
22.8
19.6
16.6
17.2
18.4
14.6
9
13.2
9.2
10.2
4
0.4
0.4
1.2
1.4
0
