1.0 0.0 0.0
0.0 1.0 0.0
0.0 0.0 1.0
4.849232    2.055717   -4.856971
3.569970    8.467921    3.989631
9.411647   -3.137216    6.274431
0.01918424  0.51234321  0.76602615 Ru
0.69039048  0.58924722  0.76254655 Ru
0.96541273  0.09460775  0.92218066 Ru
0.19898128  0.93447514  0.49977827 Ru
0.11370079  0.12099461  0.11361104 Ru
0.83474376  0.73286434  0.09503989 Ru
0.30724856  0.16157949  0.46950524 Ru
0.96769038  0.52197554  0.29755683 Ru
0.63560299  0.81608488  0.28394323 Ru
0.82729660  0.83073288  0.64643387 Ru
0.42479092  0.08721673  0.20882765 Ru
0.25736307  0.77898722  0.35724941 Ru
0.01540434  0.56123457  0.94157642 Ru
0.29423466  0.72194244  0.84276161 Ru
0.48000159  0.28417036  0.58422948 Ru
0.42655219  0.48268353  0.86668978 Ru
0.83580895  0.36895986  0.98084082 Ru
0.52407230  0.47674697  0.64308055 Ru
0.64193139  0.67780257  0.93907296 Ru
0.27535215  0.60435938  0.09540038 Ru
0.87834941  0.85071904  0.86112044 Ru
0.56468253  0.30512256  0.16394786 Ru
0.29846844  0.22306824  0.91932769 Ru
0.34017380  0.44502693  0.32055298 Ru
0.53613480  0.61689018  0.19255152 Ru
0.87591204  0.71258383  0.42200219 Ru
0.54225006  0.72182179  0.54973438 Ru
0.49374485  0.97488036  0.62828782 Ru
0.03127027  0.05065532  0.32035379 Ru
0.04019535  0.36474305  0.62686816 Ru
0.76922120  0.32433066  0.78572833 Ru
0.80651904  0.08259823  0.59673616 Ru
0.65109158  0.09329861  0.87191199 Ru
0.18222781  0.39074074  0.09123280 Ru
0.46713606  0.93007341  0.88330886 Ru
0.74238860  0.23073942  0.41588840 Ru
0.11371537  0.89024999  0.03520135 Ru
0.55295308  0.92271267  0.07233977 Ru
0.09302704  0.73451450  0.22946025 Ru
0.81227954  0.45966744  0.14608166 Ru
0.56685095  0.56212208  0.42732395 Ru
0.18906149  0.73324133  0.66104987 Ru
0.79862214  0.00925316  0.15667265 Ru
0.11550742  0.26494573  0.30279763 Ru
0.21887418  0.54891167  0.52703772 Ru
0.67391495  0.99700638  0.41741715 Ru
0.25753458  0.14847451  0.72955314 Ru
0.08325455  0.98499285  0.69980594 Ru
