4.84923 2.05572 -4.85697
3.56997 8.46792 3.98963
9.41165 -3.13722 6.27443
1 0 0
0 1 0
0 0 1
0.5252046922892414 0.4110553395499654 0.7474625519486064	
0.0048725030800856 0.0676541462310386 0.8520812089578994	
0.8218422200528553 0.1747122846861476 0.7081531204142161	
0.8124876928951902 0.8522853793837309 0.2806785301895250	
0.1956603468364033 0.8317155000668293 0.2572584774003963	
0.5632506859242782 0.9511385356695601 0.5791224949658851	
0.4505961133586487 0.8302722484857903 0.8209625056892381	
0.9657039690447118 0.3826256151368188 0.2243906896560472	
0.4286868395599268 0.0273377691906429 0.2341400157814379	
0.6827842808666642 0.1505739861639541 0.9971168112533394	
0.1664040143470061 0.1035925434793436 0.0535288699562047	
0.7326834216355255 0.7586744026860290 0.4969914175554156	
0.5182664521036373 0.5343813628465142 0.9074254170706768	
0.9485326259947872 0.6630048082678632 0.1777851562332196	
0.5715813387350738 0.2479374994168062 0.4616853336414334	
0.3949260539384452 0.2816303655346314 0.9283572790147713	
0.0431674157926538 0.3811677595694080 0.0220139591464665	
0.1455910494759999 0.5418271387072966 0.6683381530617146	
0.2102345197641768 0.5591975470541040 0.9851971725327490	
0.4179648542906711 0.0265718268664736 0.9315977174154308	
0.2574024898686648 0.9388345815666843 0.4835544338107442	
0.4069409586247901 0.2842339993710297 0.1452207131553662	
0.2716754945769422 0.2350728901285104 0.3832225198756702	
0.2938964719586531 0.4838145266541862 0.2282490518771456	
0.4697015896124527 0.7567869800438723 0.0205098372536354	
0.7198281262586071 0.4157772170365999 0.5554103941021160	
0.9127181801735907 0.9322884714268233 0.5859585260606971	
0.2596244784945539 0.0374004074602978 0.6734076886645615	
0.7296671859193988 0.0505137407928853 0.3743451587758878	
0.2147539130334322 0.3048247533141561 0.6110026122880065	
0.4534877662362895 0.6682025248481316 0.6772632423827103	
0.4064791348898675 0.4871837113911185 0.5088979386202307	
0.8178210233824396 0.6764825681269296 0.7232872761111498	
0.9380754926613093 0.1548940355964654 0.4882236513305298	
0.0506883589771057 0.8613327085935246 0.0689740293158443	
0.0932884813645817 0.1081885805520024 0.2893425918452324	
0.7612062597850910 0.9029693363590140 0.9396258856534766	
0.6748453060126166 0.4328108223676754 0.1013580810567925	
0.9527044584817236 0.3787297760749508 0.8320805007320072	
0.6166999516328170 0.9001820346182564 0.1342694319668162	
0.5338221198684234 0.7014445730819207 0.3331413638114692	
0.8108842606881314 0.6459956441865337 0.9660473850908733	
0.8116808406695757 0.1434984801007214 0.1677568453739477	
0.6485882042060149 0.4957107664883984 0.3230280551056572	
0.0240351252917908 0.4672332021905806 0.4124037828931974	
0.1541403758170039 0.7198093499560607 0.4965370282224465	
0.5205373288172763 0.1613029328322338 0.7291298552328359	
0.0254900327109188 0.8095186958474880 0.7841104775063367	
