2176.0000 0.05 1
1.11111
4.44444
11.1111
2.22222
11.1111
4.44444
13.3333
11.1111
20
11.1111
6.66667
11.1111
24.4444
23.3333
17.7778
23.3333
28.8889
16.6667
13.3333
34.4444
16.6667
11.1111
2.22222
10
14.4444
14.4444
36.6667
40
23.3333
40
11.1111
26.6667
17.7778
31.1111
24.4444
32.2222
28.8889
25.5556
40
24.4444
32.2222
46.6667
36.6667
47.7778
70
55.5556
56.6667
41.1111
80
106.667
95.5556
126.667
127.778
136.667
148.889
148.889
158.889
192.222
192.222
200
214.444
270
188.889
233.333
230
291.111
234.444
278.889
256.667
261.111
291.111
301.111
317.778
335.556
318.889
352.222
284.444
347.778
301.111
312.222
294.444
300
295.556
273.333
316.667
271.111
251.111
283.333
294.444
295.556
316.667
315.556
322.222
310
335.556
316.667
316.667
295.556
290
298.889
305.556
287.778
334.444
355.556
318.889
360
374.444
356.667
355.556
352.222
338.889
293.333
251.111
215.556
180
160
191.111
238.889
266.667
326.667
352.222
395.556
421.111
400
428.889
410
447.778
404.444
380
356.667
344.444
371.111
347.778
398.889
380
374.444
384.444
432.222
402.222
461.111
405.556
406.667
413.333
356.667
357.778
374.444
368.889
373.333
441.111
413.333
411.111
437.778
403.333
338.889
354.444
320
355.556
310
328.889
257.778
283.333
258.889
272.222
260
244.444
222.222
276.667
208.889
243.333
217.778
232.222
258.889
221.111
244.444
232.222
216.667
206.667
227.778
176.667
205.556
176.667
197.778
175.556
175.556
255.556
233.333
233.333
213.333
216.667
168.889
175.556
197.778
262.222
236.667
224.444
271.111
241.111
223.333
264.444
347.778
340
320
303.333
332.222
305.556
331.111
382.222
412.222
430
425.556
450
432.222
506.667
481.111
498.889
476.667
431.111
355.556
305.556
233.333
113.333
11.1111
1.11111
0
0
0
0
0
0
0
0
0
0
0
0
0
0
0
0
0
0
0
0
0
2.22222
0
4.44444
2.22222
0
0
0
4.44444
6.66667
0
3.33333
2.22222
0
4.44444
2.22222
4.44444
6.66667
0
0
6.66667
0
3.33333
0
0
0
2.22222
0
2.22222
0
