-0.001336 0.012188 0.012556
-0.008676 0.001273 0.001090
-0.000227 0.018032 0.000391
0.012191 0.007271 -0.002218
-0.001932 0.014707 -0.006019
-0.008965 0.001064 -0.002652
0.001776 0.002339 0.004318
-0.000017 -0.015772 -0.002358
-0.003775 -0.011459 -0.001815
-0.009741 -0.004736 -0.002238
0.012219 -0.006387 0.000795
-0.010686 -0.005698 -0.003859
0.004472 -0.007256 0.002709
0.005154 -0.019011 -0.000651
-0.002959 0.001236 0.001167
0.013422 -0.010658 0.001953
-0.000510 0.011121 0.012454
-0.009278 0.002132 0.002167
-0.001134 0.018943 0.000721
0.011346 0.007989 -0.001400
-0.001062 0.016107 -0.004022
-0.009631 0.000118 -0.002598
-0.000466 0.003856 0.004673
-0.000000 -0.015337 -0.002580
-0.003475 -0.010815 -0.001295
-0.011012 -0.007462 0.002362
0.011048 -0.008849 0.000235
-0.009939 -0.006562 -0.003852
0.003963 -0.007993 0.003725
0.004320 -0.018921 -0.000862
-0.002535 0.000029 0.006162
0.014480 -0.011757 0.003097
-0.000760 0.010894 0.012529
-0.008486 0.001278 0.001865
-0.001752 0.018661 0.002028
0.011018 0.008531 -0.003290
-0.001969 0.016044 -0.006103
-0.008865 0.001112 -0.000709
-0.000017 0.002673 0.005453
0.000796 -0.016945 -0.003585
-0.003977 -0.011420 -0.000971
-0.014142 -0.007576 -0.002260
0.010749 -0.005589 0.001269
-0.008868 -0.006165 -0.004163
0.003722 -0.007119 0.002531
0.003049 -0.020022 -0.000208
-0.000183 0.000988 0.000784
0.014061 -0.010859 0.002009
-0.001384 0.010506 0.012409
-0.008631 0.002224 0.001084
-0.002563 0.019235 0.000301
0.007233 0.007502 -0.008720
-0.001926 0.015239 -0.006084
-0.009502 0.000604 -0.001793
0.001244 0.002913 0.002132
0.000168 -0.014186 -0.002555
-0.000714 -0.015381 -0.001934
-0.009312 -0.005720 0.003160
0.011950 -0.006340 0.000767
-0.005544 -0.098393 -0.106145
0.076946 0.041487 -0.092629
0.003436 -0.020141 -0.001322
-0.004242 0.000073 0.001327
0.015965 -0.010522 0.007151
0.000200 0.010209 0.012481
-0.009077 0.001099 0.000829
-0.003653 0.019277 0.000820
0.011333 0.008366 -0.002661
-0.002194 0.016615 -0.005522
-0.008426 0.000923 -0.001109
-0.002851 0.005173 0.003978
0.001352 -0.015713 -0.004186
-0.004854 -0.011821 -0.001122
-0.010720 -0.004861 -0.002413
0.010730 -0.006734 0.000308
-0.009031 -0.006728 -0.003483
0.003558 -0.006794 0.003458
0.002596 -0.019749 -0.000268
-0.004502 -0.000683 0.001096
0.012990 -0.010128 0.002544
-0.000693 0.011256 0.016021
-0.008383 0.001014 -0.005140
-0.001920 0.018992 -0.006231
0.012089 0.007691 -0.001245
-0.002830 0.008622 -0.012429
-0.004139 0.001696 -0.008932
-0.000127 0.003447 0.004862
-0.002960 -0.016366 -0.002926
-0.004388 -0.011706 0.003390
-0.010931 -0.004918 -0.002072
0.011738 -0.001179 -0.001711
-0.008669 -0.006061 -0.004116
0.004224 -0.008611 0.004010
0.002207 -0.023811 -0.002483
0.013420 -0.010703 0.000016
0.010316 -0.012525 -0.003357
-0.007765 0.024357 0.654536
-0.007698 0.000732 0.002801
-0.000740 0.017472 -0.002621
0.012239 0.007729 -0.002221
0.000103 0.019886 -0.013315
-0.013228 -0.000636 -0.009225
-0.000345 0.003005 0.004109
-0.060661 -0.056765 -0.085532
-0.006245 -0.016584 -0.000734
-0.012004 -0.004854 -0.001998
0.010887 -0.025864 -0.003133
-0.008809 -0.006118 -0.002279
0.005077 -0.007305 0.002891
0.004642 0.000699 -0.003713
-0.006969 0.003080 -0.002832
0.031958 -0.001010 -0.001650
-0.000348 0.011915 0.012220
-0.008722 0.000973 0.001524
-0.000196 0.019423 0.000907
0.017418 0.006175 -0.009621
-0.000895 0.016575 -0.004181
-0.008656 0.001054 0.000067
-0.000143 0.003296 -0.001915
-0.000456 -0.016292 -0.003874
-0.003839 -0.012000 0.003991
-0.011292 -0.009203 -0.001750
0.010826 -0.005245 -0.000484
-0.009918 -0.008430 -0.003176
0.006524 -0.006101 0.003797
0.002512 -0.018812 -0.000790
-0.003838 -0.000018 0.000624
0.018363 -0.011446 0.003706
-0.000183 0.003435 -0.004722
0.007488 0.008630 -0.004905
-0.010650 0.011008 0.002742
0.007144 0.023369 -0.001499
-0.000259 -0.003456 -0.000059
0.001021 0.004626 -0.010649
-0.007966 -0.001450 0.000869
0.003578 0.005574 0.000752
-0.000777 0.007697 -0.001488
0.018291 -0.012156 0.002453
-0.008303 0.009711 0.001594
-0.005084 -0.001196 -0.000402
0.012145 -0.005858 -0.000151
-0.003938 -0.006758 0.003552
0.010195 -0.010228 0.001357
-0.016891 -0.010804 0.000975
-0.000455 0.003962 -0.003858
0.008054 0.006864 -0.002292
-0.010178 0.010461 0.002361
0.007448 0.022686 -0.000934
0.000081 -0.002099 -0.000408
0.001542 0.003816 -0.010358
-0.008284 -0.002401 0.000410
0.002828 0.005190 0.002159
-0.000632 0.007618 -0.002599
0.017184 -0.010388 0.003380
-0.008328 0.009875 0.000877
-0.004888 -0.001102 -0.000503
0.012822 -0.007115 -0.000229
-0.002781 -0.002295 0.009347
0.010997 -0.010239 0.001759
-0.018824 -0.010872 0.006011
0.000104 0.002774 -0.003323
0.007353 0.010068 -0.002569
-0.009931 0.011195 0.002875
0.006129 0.023809 -0.001155
0.000284 -0.003085 -0.001188
0.001329 0.004139 -0.009518
-0.007791 -0.002000 -0.000575
0.003394 0.005367 -0.000576
-0.001235 0.007659 -0.002297
0.018362 -0.012006 0.002208
-0.007936 0.009105 0.001938
-0.003752 -0.002446 0.000021
0.011146 -0.004505 0.000518
-0.000664 -0.002724 0.004704
0.009942 -0.009844 0.003230
-0.020908 -0.012616 0.001019
-0.000497 0.003583 -0.009989
0.007595 0.005781 -0.002949
-0.009205 0.010279 0.003083
0.005384 0.016763 -0.006836
-0.003370 -0.001202 -0.007453
0.001664 0.003672 -0.030709
-0.008947 -0.001972 0.000013
0.002921 0.004938 0.000297
-0.000643 0.008836 -0.003465
0.017268 -0.011775 0.001324
-0.024473 -0.000686 -0.001472
-0.076541 0.046212 -0.079709
0.008847 -0.004043 0.000807
-0.004848 -0.001243 0.004889
0.009342 -0.009079 0.002263
-0.015296 -0.010170 0.001302
-0.000172 0.002905 -0.004873
0.007433 0.008565 -0.003974
-0.008598 0.010475 0.002445
0.006373 0.023408 -0.000884
0.000261 -0.002466 -0.000410
0.001303 0.003946 -0.009342
-0.008166 -0.002798 0.000347
0.003501 0.005239 0.001235
-0.000811 0.007471 -0.001938
0.018315 -0.010966 0.002959
-0.009574 0.010687 0.002144
-0.004500 -0.001700 -0.000181
0.012070 -0.005314 -0.000363
-0.003854 -0.005757 0.004080
0.010007 -0.008622 0.003057
-0.017770 -0.011339 0.000799
-0.000665 0.003606 -0.004302
0.007005 0.007948 -0.004134
-0.010255 0.010572 -0.004020
0.007071 0.023114 0.001698
-0.000475 -0.002499 -0.000239
0.001276 0.004494 -0.009853
-0.005307 0.001135 -0.007199
0.003278 0.004976 0.001830
-0.003135 0.005773 -0.002568
0.019367 -0.012720 0.002065
-0.010644 0.009187 0.007114
-0.004699 -0.000918 -0.001756
0.013199 -0.001198 0.000711
-0.003654 -0.005980 0.003939
0.009624 -0.008941 0.002159
-0.012830 -0.013097 -0.002372
-0.000083 0.003475 -0.003635
0.007561 0.008497 -0.002640
-0.010421 0.008274 0.000900
0.006751 0.023412 -0.001856
-0.001034 -0.002400 -0.001826
0.001247 0.004264 -0.009612
-0.012365 -0.005111 -0.004691
0.002793 0.005938 -0.000467
0.001574 0.009798 -0.002131
0.080458 -0.052171 -0.070400
-0.013257 0.010690 0.002866
-0.004779 -0.000367 0.000352
0.012593 -0.004795 0.005076
-0.002462 -0.004727 0.004457
0.008341 0.066090 -0.066530
-0.034023 -0.002237 -0.002378
-0.000381 0.004305 -0.009381
0.006754 0.010732 -0.001809
-0.011155 0.010050 0.003077
0.007791 0.025746 -0.007491
0.004273 -0.003226 -0.006797
0.001058 0.004933 -0.031989
-0.008447 -0.001945 -0.000527
0.002226 0.005912 0.001039
-0.000254 0.007667 -0.006017
0.017529 -0.013206 0.003460
-0.006847 0.011401 -0.005051
-0.005462 -0.000192 0.000285
0.011519 -0.002726 0.004745
-0.005719 -0.005411 0.009838
0.010409 -0.009010 0.002943
-0.017304 -0.012030 0.000746
