2176.0000 0.05 1
1.875
3.75
6.25
6.25
7.5
16.25
8.75
7.5
17.5
15
14.375
16.25
25
16.25
6.25
31.25
23.125
18.125
30
8.75
10
13.125
10
10
16.25
20
25
30
37.5
19.375
25
26.25
13.75
26.875
20.625
29.375
21.25
41.25
44.375
30.625
38.75
55
47.5
45.625
41.875
67.5
54.375
48.125
86.25
91.875
98.75
125.625
136.875
134.375
138.75
153.125
181.875
153.125
156.875
200.625
176.25
176.25
231.25
253.125
267.5
238.75
234.375
280.625
292.5
309.375
296.875
320.625
302.5
311.875
323.125
340
340
363.75
315
355.625
372.5
363.75
330
360.625
335
377.5
313.75
294.375
303.125
286.25
273.75
255.625
231.25
248.75
253.75
298.75
206.875
250
311.875
293.75
318.75
308.75
309.375
297.5
250.625
293.125
312.5
295.625
325
274.375
280.625
301.25
273.125
321.875
291.25
316.875
245
301.875
350.625
318.125
316.25
315
326.25
364.375
341.25
381.25
403.125
377.5
389.375
394.375
394.375
430.625
452.5
470.625
450.625
443.75
451.25
438.75
447.5
416.25
406.25
428.125
382.5
357.5
316.875
355.625
326.875
311.875
314.375
329.375
305.625
275.625
217.5
253.75
250
303.125
278.75
247.5
273.125
225.625
318.75
287.5
328.75
301.25
301.875
293.125
283.75
298.125
348.75
290.625
327.5
350
369.375
358.125
260.625
288.125
211.875
289.375
345
266.875
265.625
267.5
254.375
239.375
244.375
249.375
262.5
326.875
240.625
228.125
237.5
224.375
181.875
245
258.75
278.75
255
308.125
253.125
265
256.875
206.25
202.5
269.375
253.75
327.5
343.125
344.375
355.625
275
366.875
294.375
510.625
538.125
509.375
425.625
364.375
260
235
204.375
164.375
121.25
56.25
35
11.25
3.75
1.875
4.375
1.25
0
0
0
0
0
0
0
0
0
0
2.5
0
