0.011814 0.003938 0.001671
-0.005493 -0.002503 0.001169
0.012142 0.004561 -0.000210
0.003813 0.002410 -0.004345
0.008607 0.002215 -0.002595
0.000016 -0.001457 -0.001612
-0.004431 -0.001401 -0.005057
-0.003836 0.008796 0.000010
-0.008658 -0.020604 0.012491
0.005345 -0.001550 -0.002310
-0.032845 -0.024851 0.005404
-0.007009 -0.000960 0.001847
0.002528 -0.015804 0.003907
0.014461 -0.020996 -0.000105
0.008473 -0.003076 -0.005199
0.001999 -0.033986 -0.036288
0.012127 0.004681 0.002804
-0.006832 -0.001195 0.000909
0.010333 0.000800 0.001697
0.007633 -0.006403 0.000989
0.007185 0.002761 -0.002176
-0.001168 -0.003929 -0.000480
-0.004575 -0.003006 -0.004415
-0.006162 0.006976 0.000473
-0.008875 -0.000778 -0.007669
-0.010240 -0.016644 -0.002088
-0.002666 -0.001470 0.004758
-0.009998 -0.007388 0.004755
-0.002025 -0.005509 0.008978
-0.005345 0.000034 -0.000645
0.008253 -0.003993 -0.008473
0.002541 -0.001219 0.001367
0.016465 -0.003377 -0.002390
-0.005506 -0.000323 0.001551
0.009223 0.004781 0.000754
0.006110 -0.004771 -0.000951
0.010806 0.000727 -0.004173
-0.003537 -0.008682 -0.006017
-0.004523 0.001897 -0.004225
0.020318 -0.017818 0.000776
-0.008178 -0.020961 -0.029069
0.005349 -0.002499 -0.002391
-0.004577 0.000263 0.004419
-0.013029 -0.007701 0.006066
-0.005764 -0.014871 0.014307
-0.024982 -0.019427 -0.000864
0.006431 0.000228 -0.004870
0.002508 0.001469 0.000405
0.010527 0.002398 0.001253
-0.005593 -0.001109 0.001164
0.010284 0.003405 -0.000112
0.002001 0.000696 -0.003492
0.008558 0.001397 -0.002878
0.000671 -0.001297 0.000733
-0.004556 0.000258 -0.005583
-0.005932 0.004958 0.000101
-0.009526 -0.014305 -0.022804
0.005111 -0.002136 -0.002331
-0.002292 -0.002143 0.004437
-0.005830 -0.002586 0.002100
-0.001811 -0.005076 0.007735
-0.005414 -0.001012 -0.000684
0.002958 0.002519 -0.005254
0.002606 -0.002081 -0.000773
0.014604 -0.002447 -0.001376
-0.004334 -0.000744 0.001648
0.010596 0.004031 -0.000099
0.003582 0.002477 -0.004289
0.009520 0.002895 -0.003074
-0.003772 -0.007081 -0.000205
-0.005382 -0.003086 -0.005069
-0.005233 0.005819 0.000260
-0.008609 0.012563 -0.007527
0.020787 -0.016525 -0.002278
-0.003168 -0.002480 0.004389
-0.007083 -0.000877 0.000630
-0.001651 -0.005943 0.009661
-0.005443 -0.000814 -0.000441
0.002978 0.003081 -0.006483
0.002770 -0.001019 0.001900
0.010379 0.002204 0.001438
-0.005161 -0.002250 0.001209
0.010613 0.004832 0.000122
0.002259 0.001520 -0.004168
0.008541 0.002310 -0.002470
-0.000843 -0.002518 -0.000969
-0.004525 -0.002417 -0.005068
-0.006055 0.006768 0.000319
-0.008581 0.001505 -0.007740
0.004571 -0.002224 -0.002662
-0.002186 -0.001533 0.004604
-0.005766 -0.001728 0.000945
-0.001984 -0.004201 0.009591
-0.005314 -0.000350 -0.000795
0.007159 -0.003923 0.000076
0.002531 -0.001567 0.001405
0.010622 0.003373 0.001906
-0.004363 -0.002269 0.003323
0.010927 0.003469 0.000064
0.001668 0.001621 -0.004399
0.008362 0.003862 -0.003164
-0.002971 -0.007856 0.003712
-0.004548 0.004161 -0.006643
-0.005514 0.006111 0.000008
-0.007995 -0.020036 0.012563
0.005260 -0.001906 -0.002504
-0.002579 -0.003191 0.004395
-0.007022 -0.001180 0.002304
-0.001294 -0.005038 0.010948
-0.005556 -0.000487 -0.000539
0.004665 0.001205 -0.004993
0.002088 -0.005158 -0.002404
0.010258 0.003317 0.002224
-0.005661 -0.002000 0.001334
0.009490 0.003779 -0.000452
0.002321 0.000773 -0.003301
0.008532 0.002113 -0.003060
-0.000915 -0.002075 -0.000964
-0.004544 -0.002527 -0.005084
-0.005318 0.005667 0.000130
-0.008456 -0.000450 -0.007615
0.005697 -0.002227 -0.002434
-0.003105 -0.002570 0.004543
-0.005961 -0.002329 0.002039
-0.001913 -0.006467 0.009643
-0.005917 -0.000692 -0.000394
0.002789 0.003336 -0.004370
0.002859 -0.002343 0.001606
-0.012432 -0.004748 0.002989
0.004274 -0.003056 0.001680
-0.002957 0.001514 0.002671
-0.004193 0.007261 0.004366
-0.002649 0.007753 -0.000455
0.001420 -0.006996 -0.003639
-0.001136 -0.010540 0.000266
0.003595 0.004935 -0.000957
0.009696 0.006101 0.002278
-0.001131 -0.004751 -0.007131
0.004216 -0.027508 0.006984
-0.022320 -0.003302 -0.006777
0.001999 0.008051 0.011430
0.004446 -0.018360 -0.004664
0.017455 0.001054 0.000541
-0.005842 -0.000285 0.007658
-0.012824 -0.002798 0.002078
0.034291 -0.019711 -0.000494
-0.003518 0.001160 0.001602
-0.004260 0.004452 0.001700
-0.009616 -0.000053 -0.001853
0.000048 -0.007361 -0.004949
0.004569 0.000317 -0.004455
0.002521 0.000916 0.000240
0.011313 0.005755 0.002640
-0.000947 -0.006578 -0.006384
0.002104 0.001848 0.005324
-0.022759 -0.022113 0.020961
0.003647 0.005807 0.012145
-0.000648 -0.006190 -0.009646
0.017279 0.006957 0.000421
-0.010621 -0.009663 0.002177
-0.015988 0.449701 0.012095
0.003299 -0.001445 0.002226
-0.002543 0.004351 0.002293
-0.002214 -0.004359 0.013459
-0.007003 0.000565 0.003788
0.004698 0.000369 0.000461
0.009433 -0.009071 -0.008121
0.002659 -0.008814 -0.012908
0.006665 0.002616 -0.000292
0.002523 -0.010615 -0.010268
0.000203 -0.022686 0.005358
-0.022396 -0.003783 -0.005789
-0.019129 -0.009202 0.012154
-0.004600 -0.017089 -0.013601
0.018133 0.000584 0.000327
-0.005295 0.001785 0.007980
-0.012594 0.010841 0.003932
0.004422 -0.002963 0.000512
-0.002608 0.002313 0.002157
-0.003403 0.001239 0.005429
-0.002567 0.008760 -0.002756
0.006252 -0.000132 0.000137
0.004856 -0.000126 -0.003133
0.004077 -0.006867 -0.006516
0.009899 0.004431 0.001866
-0.002124 -0.003426 -0.004957
0.002110 0.003205 0.005990
-0.022521 -0.004531 -0.006115
0.003869 0.003251 0.011027
-0.001054 -0.006679 -0.007680
0.018286 0.000366 -0.000614
-0.005895 -0.000053 0.007618
-0.012879 -0.002848 0.003014
0.005908 0.000919 0.000869
-0.002788 0.001542 0.002792
-0.004493 0.005073 0.001137
-0.003864 0.006164 -0.001073
0.004878 0.001436 -0.000153
0.004507 -0.001568 -0.004496
0.002519 0.000128 0.000431
0.008585 0.005725 0.001809
0.004760 -0.011657 -0.005913
0.002089 0.004415 0.005433
-0.022993 0.000071 -0.004267
0.002412 0.004986 0.012014
-0.000702 -0.008420 -0.009510
0.017873 0.003781 0.000234
-0.001440 -0.007878 0.011869
-0.012886 -0.002997 0.003637
0.004076 -0.002411 0.001174
-0.002791 0.001490 0.002751
-0.004501 0.004795 0.002026
-0.002807 0.007094 -0.001256
0.005639 -0.000366 -0.000899
0.004545 -0.001234 -0.004192
0.003254 0.000734 0.000013
0.009301 0.005314 0.002297
-0.001878 -0.005609 -0.006437
0.001984 0.001711 0.005408
-0.022411 -0.004696 -0.004521
0.003039 0.005896 0.011719
-0.000873 -0.007692 -0.009424
0.017586 -0.000214 0.000109
-0.005519 0.000303 0.006479
-0.012599 -0.001150 0.002877
0.003273 -0.001600 0.000629
-0.002568 0.000404 0.002245
-0.004034 0.003399 0.004605
-0.007276 0.001242 -0.005487
0.006299 -0.001265 -0.001032
0.004080 -0.000261 -0.005552
0.003315 -0.000544 -0.002652
0.009932 0.006080 0.001818
0.001535 -0.010180 -0.002167
0.002644 0.002864 0.005953
-0.022337 -0.003338 -0.005571
0.002716 0.004974 0.011420
-0.000621 -0.006847 -0.010753
0.017859 0.000810 0.000251
-0.005770 -0.000238 0.007196
-0.012423 -0.002714 0.002390
0.004426 -0.003501 0.001028
-0.003352 0.001446 0.002418
-0.005063 0.003757 0.002074
-0.002955 0.006446 -0.001484
0.006287 -0.001315 -0.001071
0.004380 -0.001478 -0.004096
0.003108 0.001260 0.000831
0.009799 0.005340 0.001455
-0.001940 -0.005190 -0.006442
0.002103 0.004429 0.005613
-0.023203 -0.007514 -0.002667
0.003057 0.004427 0.011263
0.000115 -0.007827 -0.010006
0.017649 0.001652 -0.000268
-0.006723 0.000506 0.008896
