2176.0000 0.05 1
1.875
3.75
6.25
6.25
7.5
16.25
8.75
6.25
18.75
15
14.375
16.25
25
16.25
6.25
31.25
23.125
18.125
30
8.75
10
13.125
10
10
16.25
20
25
30
37.5
19.375
22.5
28.75
13.75
26.875
20.625
29.375
21.25
41.25
44.375
30.625
37.5
55
48.125
46.25
41.875
67.5
54.375
49.375
84.375
92.5
97.5
126.875
136.25
135
137.5
155.625
179.375
153.125
158.125
200.625
176.25
175
233.75
252.5
268.125
236.25
234.375
279.375
295.625
309.375
297.5
320
302.5
311.25
325
339.375
341.25
362.5
315
356.875
367.5
366.875
330.625
360.625
334.375
377.5
313.75
293.75
301.875
288.125
273.125
255.625
232.5
250.625
250
299.375
207.5
248.125
313.75
294.375
317.5
309.375
306.25
301.25
252.5
292.5
311.25
296.875
323.75
273.75
280
301.875
274.375
323.125
287.5
317.5
248.75
300
348.75
320.625
316.25
313.75
327.5
361.875
343.75
381.25
400
381.875
388.125
393.125
394.375
430.625
451.25
470.625
454.375
441.875
452.5
436.875
448.75
413.75
408.125
427.5
382.5
356.25
320
351.875
330
307.5
317.5
330.625
304.375
275.625
217.5
253.75
248.75
303.125
281.25
248.75
268.75
228.125
318.125
286.25
329.375
302.5
301.25
291.25
284.375
296.25
352.5
290
325.625
350
373.75
354.375
263.125
287.5
211.25
289.375
346.875
266.25
263.125
266.875
257.5
238.125
245
248.75
265
327.5
237.5
226.875
237.5
226.25
180
247.5
256.25
280
255
307.5
255
262.5
258.125
205
205
268.125
253.75
326.25
343.125
343.75
356.25
275
366.875
295
512.5
536.875
511.25
421.25
365.625
260
236.875
202.5
164.375
119.375
61.875
32.5
11.25
3.75
1.25
3.75
1.25
0
0
0
0
0
0
0
0
0
0
2.5
0
