0.010570 0.002214 0.001188
-0.005969 -0.001293 0.001917
0.012467 0.004333 -0.000029
0.002229 0.001210 -0.003304
0.008115 0.002483 -0.002056
-0.000438 -0.002429 -0.000104
-0.004461 -0.002200 -0.005065
-0.004415 0.007002 -0.000535
-0.013258 -0.003486 -0.009782
0.005908 -0.001051 -0.001885
-0.014550 -0.007150 -0.001163
-0.006281 -0.002850 0.002305
-0.002482 -0.005711 0.008970
-0.010376 0.004508 -0.003712
0.005797 -0.000748 -0.005312
-0.003176 0.002234 -0.003583
0.010749 0.002221 0.000876
-0.019689 0.012625 0.001222
0.014885 0.004094 -0.000554
-0.001586 -0.001451 0.000932
0.008552 0.003511 -0.001890
-0.009105 -0.000596 0.003098
-0.002742 -0.003436 -0.006528
-0.004809 0.006006 -0.001221
-0.005751 0.000727 -0.007907
0.006773 -0.000072 -0.002058
-0.003252 -0.002816 0.003634
-0.003702 -0.001715 0.003641
0.008614 -0.005325 0.011124
-0.008883 0.000333 -0.003544
0.005577 0.000870 -0.003860
0.001443 -0.002971 0.000055
-0.016715 0.037339 0.003115
-0.020042 -0.001519 0.015604
0.013277 0.003712 0.000032
0.004296 0.000965 -0.003007
-0.020589 0.003328 -0.004414
-0.011521 0.000963 0.005734
-0.044156 -0.002598 0.042754
-0.017307 0.011473 -0.005497
-0.013061 0.004663 -0.010595
-0.012172 -0.000637 -0.032445
-0.002634 -0.003665 0.003703
-0.035693 -0.038281 0.004936
-0.002425 -0.005093 0.009184
-0.010605 -0.003929 -0.004314
-0.003740 -0.002287 -0.001415
0.003398 -0.002042 0.001229
0.011186 0.001442 0.001083
-0.006251 -0.001341 0.001179
0.011505 0.004160 -0.000106
0.003022 0.001563 -0.003408
0.007767 0.002539 -0.002961
-0.001135 -0.003690 -0.000450
-0.004371 -0.002154 -0.005959
-0.005090 0.005669 0.000220
-0.007924 0.000866 -0.007417
0.005516 -0.000999 -0.001680
-0.002807 -0.001712 0.003088
-0.005629 -0.001632 0.002345
-0.001807 -0.005418 0.009528
-0.004410 -0.000520 0.001267
0.003741 0.001528 -0.005377
-0.002765 0.001521 0.004147
0.013043 0.001670 0.002836
-0.019966 -0.015735 0.001221
0.010242 0.004152 0.000224
0.003210 0.002073 -0.003780
0.008849 0.001997 -0.001812
-0.000040 -0.001494 -0.000553
-0.002339 -0.000317 -0.006197
-0.005514 0.005931 0.000388
-0.009103 0.000511 -0.006544
0.007177 -0.002473 -0.002263
-0.003799 -0.002613 0.004727
-0.006017 -0.002540 0.001856
-0.002198 -0.005390 0.009386
-0.004949 0.000333 0.000240
0.004017 0.001671 -0.005508
0.002926 -0.002719 0.000978
0.010939 0.001884 0.001344
-0.006365 -0.000892 0.001280
0.016674 0.004053 0.001728
-0.001344 -0.002695 -0.007396
0.008795 0.003465 -0.003658
-0.001055 -0.003221 0.000870
-0.004390 -0.002164 -0.005285
-0.012400 0.008703 -0.002859
-0.011936 0.001059 -0.010604
0.004979 -0.001294 -0.002088
-0.011772 -0.005873 0.001203
-0.003546 -0.001094 0.001054
-0.005486 -0.005440 0.009450
-0.004453 0.000392 -0.001617
-0.005660 -0.002747 0.000496
0.004450 -0.000896 0.000506
0.010636 0.001861 0.001173
-0.027048 -0.001345 -0.018424
0.011526 0.003822 -0.000038
0.001903 0.001889 -0.003693
0.008036 0.002477 -0.003044
-0.000601 -0.003394 0.000688
-0.005100 -0.002055 -0.003479
-0.004874 0.005296 -0.000876
-0.007614 0.000953 -0.007873
0.005155 -0.001155 -0.003106
-0.003308 -0.002276 0.004491
-0.006825 -0.001630 0.002838
-0.002041 -0.005514 0.009265
-0.004427 0.000862 0.000919
0.005705 0.000889 -0.003688
0.003492 -0.002411 0.000668
0.013111 0.001097 -0.000120
-0.006775 -0.001743 0.001308
0.008343 0.004809 -0.000744
0.003352 0.001245 -0.002999
0.009087 0.002007 -0.003951
-0.002524 -0.003096 -0.000712
-0.004509 -0.002233 -0.005279
-0.004703 0.007302 0.000693
-0.007728 0.000636 -0.006780
0.005030 -0.000854 -0.002167
-0.003217 -0.003539 0.005256
-0.005896 -0.002144 0.002282
0.008259 -0.004476 0.009913
-0.006257 0.000189 0.000399
0.004599 0.000197 -0.005003
-0.004781 0.005088 0.000667
-0.012103 -0.001761 0.003093
0.003856 -0.002515 0.001183
-0.002542 0.001196 0.001217
-0.003712 0.003802 0.002425
-0.002431 0.006287 -0.001423
0.009294 -0.001393 -0.000417
-0.020053 -0.023193 -0.004998
0.002525 0.000504 -0.000485
0.008194 0.005494 0.002461
-0.000014 -0.006160 -0.006044
-0.002506 -0.000818 0.007719
-0.022520 -0.003758 -0.005671
0.003630 0.004530 0.011162
0.004442 -0.006538 -0.009241
0.012813 0.004334 0.003631
-0.006855 0.000208 0.007462
-0.012152 -0.001204 0.002906
-0.000052 -0.001097 0.002704
-0.002644 0.001007 0.002021
-0.005500 0.004810 0.001896
-0.004458 0.006093 -0.000976
0.002887 0.001337 0.002220
-0.019204 -0.000579 0.018556
0.004965 -0.000116 -0.001634
0.009159 0.005315 0.002203
-0.001352 -0.005928 -0.006169
0.003277 0.003264 0.004032
-0.038048 -0.030811 -0.004948
0.001890 0.004408 0.011698
0.000480 -0.007383 -0.010093
0.020645 0.000825 0.000635
-0.005566 -0.000393 0.007434
-0.039298 -0.003218 -0.033509
0.005478 -0.002657 0.001411
-0.014153 0.001968 0.016294
-0.009608 -0.000046 -0.001539
-0.007713 0.007653 -0.003647
0.007716 -0.003155 -0.000777
-0.020133 0.021754 -0.005168
-0.011338 0.028113 0.000240
0.494747 0.006150 0.004360
-0.005093 -0.006395 -0.008733
-0.002574 0.006993 0.008293
-0.020355 -0.003005 -0.003561
-0.001895 0.004017 0.013397
0.004804 -0.008670 -0.009348
0.012499 -0.002853 0.004061
-0.033658 -0.000176 0.009715
-0.011912 -0.001544 0.004233
0.004002 -0.002775 0.001205
-0.002214 0.001219 0.001415
-0.003506 0.004191 0.002550
-0.004430 0.006071 -0.001411
0.005715 -0.002260 -0.001434
0.002981 -0.001371 -0.004233
0.003369 -0.000602 -0.000554
0.010685 0.005419 0.001728
-0.001770 -0.005696 -0.006065
0.003073 0.003032 0.004950
-0.022726 -0.003546 -0.004970
0.002342 0.004437 0.011002
-0.001693 -0.007871 -0.009587
0.018587 0.000319 -0.000758
-0.006022 0.000259 0.007587
-0.012326 -0.001628 0.002848
0.005476 -0.002860 0.001148
-0.002662 0.001597 0.002011
-0.003986 0.005055 0.002809
-0.003284 0.006458 -0.001406
0.007170 -0.003002 -0.000967
0.002384 -0.000742 -0.003747
0.002982 -0.000311 -0.000321
0.009184 0.005769 0.002251
-0.001744 -0.005673 -0.005672
0.002760 0.002797 0.004070
-0.023247 -0.004369 -0.005425
0.001730 0.004801 0.011643
0.000990 -0.007564 -0.009493
0.016890 0.000673 -0.001052
-0.005369 0.000896 0.007504
-0.010595 -0.002665 0.004849
0.005864 -0.002394 0.000951
-0.001886 0.001933 0.001654
-0.001611 0.002463 0.002370
-0.004067 0.006259 -0.001453
0.002945 0.002520 -0.004271
-0.014569 -0.000657 -0.022859
0.005511 -0.001199 0.000881
0.009114 0.005596 0.001702
-0.001224 -0.005992 -0.006160
0.005020 0.002962 0.006268
-0.022362 -0.003663 -0.004943
0.002382 0.004878 0.012196
0.000889 -0.007525 -0.010405
0.011107 0.000706 0.006293
-0.006071 -0.000794 0.007971
-0.012575 -0.001312 0.001685
0.004149 -0.002247 0.001333
-0.002919 0.001005 0.003045
-0.009060 0.000098 0.005043
-0.002272 0.006347 -0.001075
0.006867 -0.002389 -0.000903
0.002718 -0.000533 -0.004193
0.003969 -0.000065 -0.000481
0.009398 0.005683 0.001321
0.000167 -0.005786 -0.006152
0.003287 0.003388 0.005379
-0.020863 -0.003872 -0.006420
0.002881 0.004746 0.011737
-0.001381 -0.007233 -0.009521
0.018603 0.000784 -0.000244
-0.006784 0.000406 0.008016
-0.010115 0.000284 0.004693
0.003867 -0.002863 0.001231
-0.001526 0.000434 0.001773
-0.011203 -0.002223 0.002429
-0.003870 0.006354 -0.001550
0.007176 -0.002323 -0.000882
0.002331 -0.000650 -0.004672
0.003085 -0.000114 -0.000969
0.009095 0.005587 0.001569
-0.001166 -0.005996 -0.005946
0.002231 0.002908 0.004271
-0.022091 -0.003809 -0.005363
0.002278 0.004154 0.011285
0.001547 -0.007157 -0.009832
0.017861 0.000878 -0.000834
-0.005914 0.001332 0.008093
