2176.0000 0.05 1
1.875
3.75
6.25
6.25
7.5
16.25
8.75
6.25
18.75
15
14.375
16.25
25
16.25
6.25
31.25
23.125
18.125
28.75
10
10
13.125
10
10
16.25
20
25
28.75
38.75
19.375
23.75
27.5
13.75
26.875
20.625
29.375
21.25
41.25
44.375
30.625
37.5
56.25
46.875
46.25
41.875
67.5
54.375
49.375
85
91.875
98.75
124.375
138.125
133.75
139.375
153.75
180.625
153.75
155.625
201.875
176.25
174.375
231.25
255
268.75
238.125
235
279.375
291.25
312.5
296.25
321.25
301.25
311.25
325
338.125
340.625
363.125
315
357.5
372.5
363.125
328.125
362.5
333.75
379.375
312.5
293.75
304.375
286.875
275.625
251.875
231.25
252.5
250
300.625
205
250
311.875
295
319.375
306.25
310
298.75
250.625
295.625
309.375
296.25
324.375
275.625
277.5
306.875
268.75
321.25
291.875
315
248.75
298.75
351.875
319.375
315
315.625
326.875
362.5
344.375
380
401.875
376.25
391.875
394.375
395.625
430.625
451.875
469.375
451.25
443.125
452.5
440
445.625
415
407.5
428.125
381.25
358.75
318.75
352.5
329.375
311.25
314.375
328.75
304.375
276.875
216.25
255
248.75
304.375
278.75
248.75
270.625
227.5
318.75
285.625
331.25
302.5
300
290
286.875
293.75
353.125
292.5
323.75
351.875
370.625
357.5
259.375
287.5
213.75
288.125
344.375
267.5
262.5
267.5
258.75
238.125
243.125
250
264.375
326.875
239.375
226.875
237.5
226.25
181.25
246.25
256.25
280
257.5
307.5
253.125
261.875
256.875
207.5
205
267.5
253.125
326.25
344.375
345
354.375
276.25
365
295
512.5
536.875
511.25
422.5
366.25
260.625
231.875
202.5
170.625
116.25
60
32.5
10
5
1.875
4.375
1.25
0
0
0
0
0
0
0
0
0
0
2.5
0
