0.010704 0.000886 0.001141
-0.005757 0.003154 0.001229
-0.007444 -0.013719 -0.000429
0.002252 0.003697 -0.003131
0.008297 -0.000664 -0.002703
-0.001042 -0.001166 -0.001489
-0.004481 -0.002190 -0.004744
-0.004830 0.008310 0.001614
-0.004284 -0.010555 -0.002849
0.005300 -0.002097 -0.002394
-0.003320 -0.062281 -0.061773
-0.005426 -0.004286 0.002300
-0.001420 -0.005503 0.009182
-0.006876 0.000940 -0.000679
0.005402 0.000758 -0.006104
-0.001296 -0.007521 -0.004257
0.012677 0.005099 0.002610
-0.005255 -0.002817 0.001068
0.010773 0.003655 -0.000631
0.001708 0.001496 -0.003441
0.008314 0.002278 -0.003300
-0.000695 -0.003796 0.000183
-0.003626 -0.001452 -0.004549
-0.005077 0.006022 -0.000906
-0.008701 0.001388 -0.007809
0.000002 -0.012040 -0.006994
-0.003138 -0.002265 0.005428
-0.002716 -0.008818 -0.002220
-0.001899 -0.006176 0.009411
-0.005657 0.001811 -0.000500
0.005186 0.001503 -0.004239
0.003907 -0.001556 0.001110
0.009830 0.002509 0.001286
-0.005057 0.006519 0.001391
0.021895 -0.007406 0.000781
0.045697 -0.035744 -0.004004
0.002432 0.583089 0.000866
-0.001177 -0.038859 -0.039224
-0.008082 -0.001809 -0.007430
-0.008639 -0.037376 0.048985
-0.011571 -0.008837 -0.011822
0.004929 -0.000118 -0.002520
-0.003358 -0.000350 0.003233
-0.006246 -0.002376 0.002754
-0.002013 -0.005316 0.009768
-0.004584 0.001166 -0.000524
0.005163 0.000701 -0.005884
0.003735 -0.000261 -0.000146
0.011489 0.003219 0.001615
-0.005701 0.002074 0.001202
0.009938 0.003638 0.000340
0.001474 0.000533 -0.003457
0.008426 0.013855 -0.002570
-0.000749 -0.007489 -0.003757
-0.004497 -0.003173 -0.004754
-0.004616 0.001125 0.003384
-0.009126 0.001682 -0.006210
0.005184 -0.001475 -0.002600
-0.003499 -0.002052 0.003900
-0.006904 -0.001692 0.001903
-0.000914 -0.005812 0.009967
-0.005331 -0.000501 -0.000394
0.004145 0.002178 -0.005865
-0.000431 -0.007180 0.005475
0.008323 -0.002782 0.005910
-0.006139 -0.002350 0.001316
0.010583 0.004163 0.000299
0.002071 0.000155 -0.003466
0.008411 0.002168 -0.002543
-0.001146 -0.003481 0.000877
-0.006025 -0.001525 -0.005518
-0.004988 0.006597 -0.000361
-0.008794 -0.000700 -0.007913
0.009684 -0.010735 0.001293
-0.003234 -0.001721 0.004921
-0.007778 0.000014 0.000945
-0.001496 -0.004701 0.009326
-0.005506 -0.000332 -0.000789
0.004164 -0.002631 -0.001895
0.002934 -0.001137 0.000868
0.012459 0.004436 0.000552
-0.005532 -0.001843 0.001288
0.011040 0.004338 0.000618
0.001807 0.001560 -0.003669
0.008297 0.002176 -0.002481
-0.001561 -0.002722 0.000078
-0.004428 -0.002566 -0.004918
-0.005118 0.005731 -0.000428
-0.008332 -0.000014 -0.007964
0.005337 -0.000678 -0.003597
-0.003283 -0.002547 0.005291
-0.002235 -0.008663 0.006151
-0.000313 0.001150 0.009482
-0.002972 0.002454 -0.004078
0.000542 -0.050115 0.050215
0.002244 -0.001257 0.000628
0.011988 0.002865 0.001293
-0.004989 0.006372 0.001148
0.011336 0.003233 -0.000144
0.001423 0.000499 -0.003200
0.008521 0.001891 -0.002868
-0.000965 -0.002844 -0.001167
-0.004431 -0.000903 -0.004586
-0.005216 0.006276 0.000894
-0.008219 0.001270 -0.009419
0.005027 -0.001888 -0.002358
-0.003810 -0.007322 0.001043
-0.008155 -0.001467 0.002862
-0.002547 -0.005453 0.008823
-0.005590 -0.000159 -0.000683
0.005064 0.001285 -0.005923
0.003914 0.000420 0.002826
0.007572 -0.002739 -0.003058
-0.005418 -0.001581 0.001317
0.009362 0.003672 -0.000476
0.002030 0.000324 -0.003360
0.008567 0.002156 -0.003281
-0.001878 -0.002339 -0.000316
-0.004548 -0.002547 -0.005133
-0.005099 0.005735 -0.001002
-0.008682 0.000279 -0.007764
0.004800 -0.000443 -0.000932
-0.003445 -0.002529 0.005763
-0.007906 -0.000082 0.003118
-0.001520 -0.002303 0.009414
-0.005653 -0.000013 -0.000498
0.004299 0.003342 -0.004244
-0.000202 -0.005567 0.001292
-0.012696 -0.001827 0.002822
0.005406 -0.001225 -0.000127
-0.002913 0.000406 0.002385
-0.005525 0.005657 0.003681
-0.001737 0.008127 -0.000687
-0.032240 -0.034594 -0.000573
0.004236 -0.032266 -0.004117
0.002856 0.003750 -0.000220
0.009743 0.006131 0.001963
-0.002573 -0.003751 -0.006945
0.006568 -0.007899 0.000106
-0.022582 -0.004395 -0.004942
0.001728 0.005816 0.011609
0.018749 -0.027951 -0.009997
0.017128 0.000993 0.000271
-0.005612 0.009765 0.007717
-0.012646 -0.001864 0.002600
0.009367 -0.007948 0.004597
-0.002426 0.001504 0.004106
-0.005826 0.004010 0.002438
-0.001931 0.008436 -0.000064
0.006553 -0.000174 -0.000820
0.004332 -0.001176 -0.004333
0.003023 0.000985 -0.000188
0.009164 0.005735 0.001636
-0.004917 -0.011310 -0.004479
0.002383 0.002238 0.005542
0.018746 -0.031786 -0.004768
0.003162 0.005680 0.012889
-0.000738 -0.008053 -0.009595
0.019897 -0.000474 0.003092
-0.006003 -0.015896 -0.008793
-0.015270 -0.003244 0.004274
0.008376 -0.007151 0.003732
-0.003171 0.002215 0.002260
-0.000246 -0.001382 0.007278
0.001369 0.000687 -0.004310
0.005479 0.001018 -0.001007
0.002961 -0.030307 -0.004978
-0.026176 -0.020207 -0.001235
0.010926 0.009652 0.001972
-0.005266 -0.010548 -0.003999
-0.001170 -0.006567 0.009708
-0.023379 -0.003209 -0.004733
-0.002416 0.000569 0.009014
-0.020035 -0.027677 -0.008956
0.018609 0.001180 0.000204
-0.006005 0.000165 0.007724
-0.012442 -0.002564 0.002716
0.004656 -0.002434 0.000811
-0.002647 0.000498 0.002633
-0.005513 0.006108 0.000752
-0.003552 0.006382 -0.001295
0.006694 -0.001294 -0.001279
0.004155 -0.002652 -0.004460
0.003803 -0.000092 -0.000148
0.009828 0.006317 0.001785
-0.000908 -0.005973 -0.006351
0.001633 0.004199 0.003798
-0.022621 -0.003982 -0.005368
0.003256 0.004357 0.011789
-0.000033 -0.008853 -0.009595
0.018078 0.000476 0.000047
-0.005786 -0.000350 0.007716
-0.012618 -0.001616 0.003069
0.005972 -0.001582 0.001181
-0.003627 0.001764 0.000474
-0.005162 0.004529 0.002826
0.000547 0.000999 -0.003823
0.005969 -0.001382 -0.000903
0.004275 -0.000041 -0.004367
0.003358 0.000432 -0.000506
0.010702 0.005768 0.003091
-0.002720 -0.003383 -0.007602
0.002070 0.001850 0.005490
-0.022024 -0.000567 -0.005326
0.002304 0.004992 0.012196
-0.000637 -0.008922 -0.009726
0.017910 0.001270 0.000128
-0.006199 -0.015177 0.023024
-0.011974 -0.001232 0.003017
0.004224 -0.001533 -0.000020
-0.007346 -0.008310 0.006863
-0.003242 0.003467 0.002814
-0.003453 0.006165 -0.001530
0.006614 -0.000150 -0.000747
0.004319 -0.001411 -0.004472
0.003612 0.000788 -0.000513
0.009099 0.005718 0.001663
-0.000481 -0.005041 -0.007475
0.002200 0.004028 0.005318
-0.023250 -0.004257 -0.005149
-0.001417 0.000156 0.010269
-0.000945 -0.008076 -0.009332
0.017900 0.002005 0.000099
-0.006537 -0.015401 0.023022
-0.012532 -0.000214 0.002520
0.003966 -0.001785 -0.000575
-0.002737 -0.000228 0.002306
-0.000945 -0.001284 -0.001801
-0.004168 0.007504 0.000313
0.006675 -0.001241 -0.000994
0.004588 -0.002639 -0.004352
0.003948 0.000245 -0.000379
0.009661 0.004680 0.001974
-0.000403 -0.004941 -0.007746
0.002537 0.003946 0.006902
-0.023241 -0.003340 -0.005768
0.002543 0.005773 0.012870
-0.000603 -0.008883 -0.009310
0.017897 0.000407 -0.000213
-0.006069 0.001284 0.007559
-0.013961 -0.001244 0.003216
0.004625 -0.002330 0.000874
0.001211 -0.007214 -0.001466
0.000423 -0.002151 0.002071
-0.003950 0.007117 0.000102
0.006511 -0.000986 -0.000688
0.004322 0.000214 -0.004526
0.003316 0.000087 -0.000394
0.010671 0.005703 0.001367
-0.000861 -0.005939 -0.006152
0.002165 0.002100 0.005644
-0.023372 -0.004441 -0.005418
0.001796 0.006587 0.013031
0.000370 -0.007331 -0.009884
0.017761 -0.000483 0.000054
-0.005513 -0.015237 -0.007140
