2176.0000 0.05 1
1.875
2.5
7.5
6.25
7.5
16.25
8.75
6.25
17.5
16.25
14.375
16.25
25
16.25
6.25
31.25
23.125
18.125
28.75
10
10
13.125
10
10
17.5
18.75
25
30
37.5
19.375
25
26.25
13.75
26.875
21.875
28.125
21.25
41.25
44.375
30.625
37.5
55
48.125
46.25
41.875
67.5
54.375
49.375
84.375
91.25
100
125.625
136.25
135
138.75
152.5
181.875
153.75
156.875
199.375
177.5
176.25
231.875
252.5
268.75
235.625
236.875
280.625
291.25
312.5
296.875
319.375
303.125
311.25
323.75
338.125
341.875
363.125
313.75
359.375
369.375
365
329.375
360.625
334.375
376.25
311.875
296.875
303.125
286.25
275.625
252.5
232.5
251.25
251.25
298.75
206.25
249.375
312.5
295.625
321.875
306.875
308.75
296.25
253.125
291.25
309.375
298.75
326.25
273.125
279.375
305.625
270.625
321.25
290.625
315.625
250
298.75
351.875
315.625
316.25
317.5
325
365.625
340
382.5
398.125
380
389.375
396.875
391.875
431.25
453.75
468.125
455
440.625
454.375
436.25
446.875
416.875
406.875
427.5
381.25
360.625
316.25
351.875
329.375
309.375
316.25
326.875
308.75
274.375
218.75
253.75
251.25
301.875
277.5
247.5
273.75
225.625
321.25
288.125
325.625
304.375
301.25
290.625
286.875
294.375
350.625
293.75
319.375
352.5
373.125
357.5
258.125
288.125
215.625
286.875
345.625
265
265.625
265.625
260
235.625
244.375
251.25
262.5
330.625
235.625
228.75
235.625
229.375
178.75
246.25
256.25
280
256.875
308.75
251.25
263.125
257.5
206.875
201.25
270.625
253.75
326.25
345.625
345.625
353.125
274.375
368.125
293.75
513.125
536.875
508.125
423.125
369.375
258.125
236.25
200.625
165
118.75
63.125
31.875
11.25
3.75
1.25
3.75
1.25
0
0
0
0
0
0
0
0
0
0
2.5
0
