0.010206 0.001867 0.001236
-0.005201 0.003234 0.005004
0.009531 0.002553 0.001051
0.002218 0.001062 -0.003632
0.008653 0.000036 -0.002917
-0.001002 -0.006808 -0.000398
-0.005750 -0.003834 -0.005394
-0.005452 0.009317 0.000275
-0.007428 -0.001868 -0.006572
0.005590 -0.000802 -0.002265
-0.002666 0.028828 0.004647
-0.006385 -0.001977 0.002228
-0.000101 -0.007389 0.008686
-0.006245 0.001802 -0.000361
0.006760 -0.007589 -0.004822
-0.001064 0.008734 0.005184
0.010756 0.002449 0.001602
-0.005628 -0.001166 0.000076
0.005883 0.009381 -0.002333
0.003570 0.000121 -0.003458
0.008105 0.002733 -0.001656
-0.000824 -0.002602 -0.000611
-0.003645 -0.000103 -0.004411
-0.005213 0.006534 0.000789
-0.009109 0.000833 -0.007707
0.005460 -0.003576 -0.002244
-0.003060 -0.001874 0.003950
-0.002871 0.005784 0.005723
-0.002124 -0.006156 0.007957
-0.008489 0.005970 0.003823
0.004724 0.013032 0.005839
0.002365 -0.001146 0.001238
0.011818 0.002101 0.001029
-0.005429 -0.002043 0.001666
0.006022 0.008836 -0.002880
0.004800 -0.000359 -0.004219
0.009037 0.046064 -0.052013
-0.000982 -0.009370 -0.001087
-0.001090 0.003077 -0.009265
0.001623 -0.556684 -0.000110
-0.011833 0.006461 -0.002691
0.006002 -0.001937 -0.001955
-0.002861 0.029205 0.004403
-0.007247 -0.003252 0.002871
0.002878 0.000168 0.011771
-0.006022 0.000557 -0.000360
0.005094 0.001536 -0.005144
0.006925 0.009251 -0.004133
0.010911 0.002738 0.001663
-0.005430 -0.003007 0.001826
0.010487 0.004198 0.000548
0.002256 0.001843 -0.003604
0.008867 0.007197 -0.006574
-0.000969 -0.007512 -0.000442
-0.006005 -0.004096 -0.003561
-0.004761 -0.005656 0.000162
-0.007374 -0.001841 -0.009555
0.005209 -0.001237 -0.002713
-0.003162 -0.000674 0.004207
-0.006044 -0.001924 0.002348
-0.001592 -0.005219 0.009315
-0.004398 -0.000996 -0.000787
0.004160 0.002271 -0.005475
0.003457 -0.002613 0.002730
0.013176 0.002036 0.001650
-0.005804 -0.001141 0.000623
0.009157 0.002548 0.000390
0.001195 -0.000002 -0.003203
0.008343 0.002718 -0.002254
-0.000375 -0.002540 0.000053
-0.004203 -0.002382 -0.004971
-0.004550 0.006424 -0.000350
-0.012531 0.004385 -0.008125
-0.045497 0.038612 -0.002778
-0.003332 -0.003300 0.004377
-0.010849 0.007597 -0.002432
-0.001873 -0.005189 0.009383
-0.003932 -0.002290 0.000502
0.003751 0.019652 -0.022491
0.002708 -0.001669 0.000795
0.010601 0.003462 0.001519
-0.005370 -0.002276 0.000972
0.011253 0.003093 0.001116
0.002057 0.000967 -0.003283
0.008437 0.001771 -0.002321
-0.001978 -0.002568 -0.000992
-0.004990 -0.002870 -0.004761
-0.004759 0.006473 -0.000023
-0.007835 0.000196 -0.007926
0.005882 -0.000803 -0.002117
-0.003164 -0.001940 0.004960
-0.006726 -0.002828 0.003453
0.002324 -0.001359 0.010705
-0.008461 0.005928 -0.004694
0.003508 0.014291 -0.017296
0.002936 -0.002552 0.000905
0.010573 0.002852 0.001130
-0.006068 0.043752 0.053236
0.010730 0.003327 0.000342
0.002218 -0.000677 -0.002842
0.008478 0.002151 -0.002878
-0.001027 -0.010327 0.000323
-0.001611 0.002023 -0.001626
-0.004919 0.006587 0.000215
-0.011198 0.005323 -0.011429
0.006245 -0.001837 -0.002910
-0.003512 -0.000734 0.004503
-0.007341 -0.001228 0.003446
-0.001612 -0.006212 0.008872
-0.004685 -0.000103 -0.000619
0.005460 0.000474 -0.004953
0.002101 -0.002567 -0.000977
0.010911 0.000895 0.000683
-0.005483 -0.001741 0.000244
0.009552 0.004535 0.000096
0.002607 0.000803 -0.003445
0.008207 0.002380 -0.001736
-0.002052 -0.002682 -0.000784
-0.005374 -0.002660 -0.005095
-0.005003 0.006523 0.000722
-0.008136 0.000431 -0.007955
0.005716 -0.001118 -0.002187
-0.003329 -0.003602 0.004633
-0.005479 -0.002373 0.001319
-0.000376 -0.007128 0.008406
-0.004423 -0.002092 -0.001255
0.004069 0.020123 0.011967
0.002753 -0.000573 0.000788
-0.012716 -0.004526 0.002970
0.004770 -0.001923 0.001785
-0.003282 0.001475 0.002283
-0.004337 0.004054 0.002499
-0.003026 0.006166 -0.001531
0.009610 0.006377 -0.003864
0.004527 -0.003420 -0.003570
0.003416 0.000757 -0.000186
0.008606 0.004927 0.001977
-0.000892 -0.005868 -0.006187
0.002247 0.000078 0.005292
-0.022282 -0.003507 -0.005156
0.002704 0.003428 0.011430
0.000819 -0.009013 -0.009015
0.017444 0.000675 0.000296
-0.006460 0.000349 0.009016
-0.012628 -0.001348 0.002890
-0.015980 0.018501 0.001117
-0.004432 -0.000940 0.000664
-0.004035 0.004246 0.002283
-0.003766 0.002941 -0.001533
0.005628 -0.002310 -0.000697
0.004208 -0.000778 -0.004942
0.002073 0.000004 -0.000400
0.008333 0.003476 0.001172
0.016834 0.014385 -0.006407
0.001570 0.002565 0.005097
-0.026304 0.005828 -0.009466
0.003162 0.004081 0.012127
0.002283 -0.003386 -0.012612
0.040637 0.011293 0.000211
-0.005676 -0.001036 0.006432
-0.047612 0.022246 0.003720
0.003844 -0.002373 0.002001
-0.002690 0.001634 0.002016
-0.006252 0.007710 0.004616
-0.004049 0.006239 -0.001251
0.000587 0.008824 0.003332
0.004152 0.030531 0.036481
0.001789 0.002389 -0.002073
0.004624 0.010858 0.004536
-0.000755 -0.005314 -0.006627
0.057535 0.047254 0.004689
-0.022309 -0.003593 -0.005683
0.002550 0.000961 0.011598
0.004131 -0.001983 -0.012064
0.017521 0.000156 0.000000
-0.005981 0.000342 0.008288
-0.012015 -0.000672 0.002907
0.004848 -0.001774 0.000879
-0.003717 0.000509 0.002606
-0.004142 0.004783 0.002204
-0.002393 0.006648 -0.002521
0.005591 -0.001990 -0.002392
0.004161 0.005255 0.000987
0.003151 0.001136 0.000046
0.009934 0.005385 0.001377
-0.000996 -0.005144 -0.006095
0.001049 0.003248 0.005133
-0.022200 -0.003376 -0.005286
0.003115 0.003416 0.011190
-0.000846 -0.007369 -0.009633
0.017809 0.000643 0.000197
-0.005680 -0.000295 0.008324
-0.012254 -0.002152 0.003052
0.023831 0.016734 0.001588
-0.000131 0.006894 -0.002230
-0.004485 0.004194 0.002589
-0.005118 0.000622 -0.001109
0.005834 -0.000570 -0.000841
0.003961 -0.001019 -0.005781
0.003959 -0.000006 -0.000634
0.006511 0.010993 0.006690
-0.014273 0.010111 -0.005801
0.001779 0.002892 0.005285
-0.017244 0.005640 -0.000636
0.001565 0.004625 0.010908
0.001446 -0.009340 -0.008537
0.018354 -0.001446 -0.000067
-0.004183 0.033830 -0.034557
-0.012575 -0.001586 0.002822
0.003961 -0.000960 0.001234
-0.004196 -0.000500 0.003552
-0.005597 0.003757 0.002878
-0.003329 0.004996 -0.001614
0.005737 -0.000409 -0.001475
0.004742 -0.000849 -0.005670
0.003011 0.000728 -0.000774
0.009593 0.005284 0.001278
-0.000111 -0.005116 -0.006201
0.000834 0.002040 0.006493
-0.021846 -0.005122 -0.006659
0.002748 0.004197 0.011857
-0.001068 -0.008321 -0.007843
0.016614 0.000950 -0.000164
-0.006047 0.006086 0.002654
-0.011400 -0.001628 0.002771
0.004143 -0.002555 0.000288
-0.003979 0.000492 0.002213
-0.004529 0.002882 0.002512
-0.004720 0.006561 -0.000579
0.006467 -0.001532 -0.000203
0.004029 -0.000637 -0.003453
0.002970 -0.000546 -0.000540
0.010419 0.004648 0.000777
-0.000721 -0.005608 -0.006391
0.001781 0.002685 0.005602
-0.022253 -0.005296 -0.004997
0.002043 0.005487 0.011756
-0.000421 -0.008487 -0.008990
0.017041 0.000240 0.000054
-0.005794 0.000111 0.008532
-0.011323 -0.002395 0.001788
0.005377 -0.001429 0.001140
-0.000296 0.007033 0.007108
-0.003328 0.003718 0.002682
-0.003210 0.006996 -0.001543
0.006143 -0.000478 -0.000934
0.004640 -0.001494 -0.005332
0.003396 0.000766 -0.000020
0.009482 0.005061 0.001663
-0.001179 -0.004873 -0.006411
0.001850 0.002851 0.005839
-0.022698 -0.005116 -0.003470
0.002658 0.004249 0.011990
0.000218 -0.007245 -0.009787
0.016582 0.000823 -0.000267
-0.006228 0.000262 0.006317
