2176.0000 0.05 1
1.875
3.75
6.25
6.25
7.5
16.25
8.75
7.5
16.25
16.25
14.375
16.25
25
16.25
6.25
31.25
23.125
18.125
30
8.75
10
13.125
10
10
16.25
20
25
30
37.5
19.375
23.75
27.5
13.75
26.875
20.625
29.375
21.25
40
45.625
30.625
37.5
55
48.125
46.25
41.875
67.5
53.75
50
83.75
93.125
97.5
124.375
138.75
132.5
140.625
153.75
181.25
151.25
157.5
202.5
176.25
173.125
233.75
250.625
271.875
235.625
236.25
278.125
293.75
308.75
296.875
320.625
302.5
311.25
323.125
337.5
340
362.5
316.875
353.75
370
371.25
324.375
358.75
337.5
381.25
310
296.25
303.75
290
270
254.375
233.125
245
260
292.5
210
250
311.25
296.875
313.75
305.625
313.75
300.625
248.125
293.75
310
296.25
327.5
273.75
280.625
299.375
277.5
318.125
293.125
314.375
248.75
298.75
351.875
318.75
315.625
315
325.625
361.25
348.75
375.625
402.5
380
384.375
397.5
396.25
433.125
445
471.875
453.125
444.375
450
436.875
451.25
416.875
403.125
431.875
380
358.125
320
350.625
330.625
307.5
312.5
335
305
276.875
215
255
253.75
300
279.375
248.125
269.375
227.5
316.25
288.125
330
300.625
303.125
293.75
282.5
300
346.25
295.625
319.375
353.125
374.375
352.5
260
290.625
215.625
286.875
345
264.375
265.625
266.25
261.875
233.75
248.75
248.125
261.25
328.125
239.375
228.125
236.25
225
178.75
248.75
257.5
281.25
254.375
304.375
256.25
266.25
253.75
207.5
198.75
273.125
258.125
320.625
346.25
343.125
356.875
275
366.875
289.375
514.375
531.25
515.625
425
365.625
263.75
233.125
204.375
166.25
120
60.625
32.5
11.25
4.375
1.25
3.75
1.25
0
0
0
0
0
0
0
0
0
0
2.5
0
