0.011710 0.003494 0.001066
-0.006029 -0.001326 0.000527
0.013103 0.005585 0.000774
0.002875 0.002007 -0.002822
0.008255 0.002540 -0.001866
-0.000606 -0.002827 -0.000491
-0.004736 -0.002019 -0.004673
-0.004228 0.006977 0.000726
-0.002899 -0.000292 -0.007828
0.004562 -0.001056 -0.002694
-0.009489 0.000940 -0.000329
-0.005112 -0.003700 0.002327
-0.000870 -0.005738 0.009035
-0.005689 0.000751 0.000113
0.005257 0.001216 -0.004979
0.003666 -0.001980 0.000131
0.010209 0.002424 0.001106
-0.003801 -0.002927 0.001070
0.010319 0.004017 -0.000862
0.002687 0.000824 -0.004217
0.008488 0.002620 -0.002676
0.000609 -0.003653 -0.001791
-0.005355 -0.002115 -0.004817
-0.004841 0.006617 0.000214
-0.005766 0.000771 -0.007545
0.005202 -0.002176 -0.003352
-0.003548 -0.003189 0.004412
-0.005301 -0.002235 0.004051
-0.006753 -0.005504 0.013195
-0.006329 0.000437 -0.000512
0.005267 0.002062 -0.004843
0.001107 -0.001550 0.000842
-0.000055 0.007194 0.005394
-0.046343 -0.000735 0.058128
0.012895 0.002349 0.001014
-0.008690 0.005475 -0.007884
-0.041711 0.001134 -0.064395
-0.046077 0.055373 0.000253
0.567143 -0.007382 0.000512
-0.011050 0.002063 -0.004237
-0.002691 0.002092 -0.008209
-0.023254 -0.000796 -0.001404
-0.002437 -0.003731 0.004904
-0.018811 -0.007288 0.007750
-0.000813 -0.005339 0.009219
-0.005794 0.000064 0.000173
0.006801 0.001049 -0.006471
0.001620 -0.001569 -0.000045
0.010508 0.002255 0.001260
-0.005001 -0.001421 0.000281
0.010507 0.003740 0.000266
0.001488 0.000450 -0.003400
0.008922 0.002680 -0.001511
-0.000636 -0.004849 -0.000414
-0.003529 -0.002070 -0.004852
-0.004438 0.007018 -0.000381
-0.009344 0.000699 -0.007508
0.004483 -0.001101 -0.002320
-0.008872 0.000470 0.008653
-0.006085 -0.002498 0.002340
-0.005972 -0.001286 0.011636
-0.005756 0.001170 -0.001392
0.004080 0.001297 -0.005522
0.003536 -0.000788 0.002426
0.011622 0.001764 0.003167
-0.003841 0.000227 0.000935
0.010926 0.004032 0.000973
0.001717 0.000927 -0.003351
0.008400 0.002669 -0.002857
-0.000722 -0.003606 -0.000425
-0.005413 -0.002319 -0.005012
-0.004513 0.006363 0.000229
-0.008270 0.000622 -0.007929
0.004991 0.000434 -0.003644
-0.003040 -0.003220 0.004523
-0.006632 -0.002568 0.002142
-0.001036 -0.005354 0.008823
-0.005694 0.000373 -0.000665
0.004406 0.002692 -0.005428
0.002195 -0.001949 0.000763
0.011399 0.003765 0.000594
-0.005652 -0.001191 0.001066
-0.024332 0.002940 -0.039910
-0.008544 0.005367 -0.007409
0.010632 0.001160 -0.002199
0.000277 -0.003782 0.000576
-0.005245 -0.002091 -0.004868
-0.003572 0.005329 0.000146
-0.005592 0.000823 -0.007853
0.004934 -0.002051 -0.001117
-0.001147 -0.002448 0.004369
-0.015028 -0.006166 0.005929
-0.000902 -0.005721 0.009347
-0.036167 0.000144 -0.001114
-0.033852 -0.047372 -0.006844
0.003244 -0.001645 0.000598
0.011750 0.001960 0.002341
-0.005215 -0.001391 0.000627
0.010488 0.004134 0.000368
0.003143 0.000169 -0.005217
0.008739 0.002818 -0.002778
-0.000926 -0.004660 -0.000439
-0.005462 -0.002037 -0.004678
-0.010607 0.002647 0.004695
-0.009077 0.000552 -0.007631
0.004119 -0.001161 -0.002021
-0.002742 -0.003874 0.003685
-0.005912 -0.001939 0.004277
-0.006433 -0.010092 0.011760
-0.006100 -0.000022 -0.001065
0.006936 0.001396 -0.003958
0.004047 -0.001298 0.001039
0.002041 0.006200 0.004837
-0.005457 -0.001409 0.000928
0.008983 0.004708 0.000280
0.003090 0.001232 -0.003047
0.010092 0.003539 -0.002377
-0.001773 -0.003093 -0.000856
-0.005224 -0.002387 -0.004625
-0.007297 0.004771 0.000326
-0.008033 0.000634 -0.007575
0.005091 0.000081 -0.001142
-0.005410 -0.001388 0.004256
-0.005437 -0.003873 0.001829
-0.002185 -0.005294 0.008143
-0.006475 0.000264 -0.000399
0.004577 0.000860 -0.005401
0.001348 -0.001834 0.001014
-0.013284 -0.001432 0.003217
0.000286 -0.006046 0.001600
-0.004296 0.001010 0.002602
-0.005599 0.003665 0.001589
-0.003913 0.007785 -0.001429
-0.003986 -0.005290 -0.005166
0.000150 -0.004433 -0.000844
0.004199 -0.000440 -0.000433
0.009808 0.005447 0.001398
-0.001257 -0.007803 -0.005803
0.002407 0.003206 0.005607
-0.023491 -0.004191 -0.005135
0.003815 0.004219 0.011697
-0.005370 -0.003296 -0.012613
-0.001453 0.020722 0.000755
-0.006533 0.000551 0.008788
-0.011960 -0.001498 0.002907
-0.001196 -0.005659 0.006102
-0.003870 0.000608 0.002304
-0.005543 0.003599 0.002882
-0.003458 0.006057 -0.001543
0.006320 -0.001365 -0.002011
0.004282 -0.001019 -0.004941
0.001827 0.000295 -0.000849
0.009882 0.005100 0.001493
0.001406 -0.005330 -0.004551
0.011380 0.002887 0.006114
-0.024368 -0.004434 -0.006090
0.002020 0.003431 0.012024
-0.005377 -0.007255 -0.013085
0.004531 0.001084 -0.013747
-0.005262 0.001232 0.009363
-0.006790 -0.001242 0.002780
0.005729 -0.002881 0.002109
-0.022036 0.001366 0.021745
-0.002992 0.004102 0.001975
-0.029346 0.038551 -0.000881
0.006613 -0.002658 -0.000530
0.000363 0.002760 -0.000685
0.000145 0.000909 -0.001467
-0.020889 0.006107 0.041205
-0.029128 -0.040986 -0.006320
0.002579 0.002652 0.005700
-0.021809 -0.003939 -0.005330
-0.003288 0.007720 0.016464
-0.005563 -0.012127 -0.012990
-0.001159 -0.018059 0.000373
-0.003681 0.000758 0.007452
-0.013495 -0.001377 0.002602
0.005419 -0.002105 0.001299
-0.003640 0.001142 0.002016
-0.002811 0.002975 0.002538
-0.003042 0.004818 -0.001433
0.006695 -0.000706 -0.003038
0.005310 -0.000111 -0.006443
0.002135 -0.000424 0.000459
0.010075 0.005514 0.000472
-0.000547 -0.004362 -0.006198
0.002742 0.003979 0.004811
-0.022987 -0.004230 -0.005234
0.003830 0.003496 0.011383
0.000277 -0.007805 -0.009272
0.017404 0.001235 -0.000036
-0.005277 0.000362 0.008466
-0.012020 -0.001346 0.002903
0.005434 -0.002439 0.001927
-0.003921 0.001888 0.002171
-0.004773 0.003998 0.002598
-0.000768 0.005746 0.000903
0.005769 -0.001365 -0.000968
0.005275 -0.000716 -0.005513
0.002477 0.000250 -0.000694
0.009943 0.005943 0.001499
-0.000896 -0.005827 -0.006150
0.001712 0.002821 0.005560
-0.020989 -0.003903 -0.005251
0.002848 0.004090 0.011738
0.000003 -0.007524 -0.009028
0.016615 0.000823 -0.000131
-0.005112 -0.000167 0.009553
-0.009850 -0.002132 0.002897
-0.001083 -0.005588 -0.002875
-0.016866 -0.013698 0.002697
-0.003890 0.003913 0.002357
-0.003266 0.005971 -0.001213
-0.004010 -0.005679 -0.005193
0.006066 -0.000672 -0.003759
0.003660 0.000393 -0.000444
0.012394 0.007265 0.000957
0.001635 -0.004877 -0.007673
-0.001098 0.003011 0.005274
-0.021290 -0.004065 -0.004884
0.003531 0.005100 0.012198
0.000240 -0.007634 -0.009681
0.004735 0.001002 0.012960
-0.011476 -0.004405 0.003881
-0.005678 -0.001243 0.001871
0.004692 -0.001299 0.001392
-0.016573 0.001294 -0.011946
-0.006222 0.001596 0.002405
-0.003848 0.005740 -0.001325
0.005665 -0.001170 -0.001115
0.005398 -0.001246 -0.006360
0.004107 0.000391 -0.000177
0.009391 0.005387 0.002558
-0.000950 -0.005189 -0.006327
0.002537 0.002447 0.005334
-0.023602 -0.004051 -0.005518
-0.003078 0.007835 0.007897
0.000472 -0.007351 -0.009390
0.017080 0.000461 -0.000160
-0.009898 0.000476 0.004491
-0.010099 -0.001246 0.003029
0.005518 -0.001900 0.001520
-0.017248 0.016392 0.002753
-0.005014 0.003889 0.002509
-0.001030 0.005468 -0.002936
0.006272 -0.001946 -0.000553
0.004562 -0.000797 -0.005487
0.002265 0.000206 -0.000286
0.011942 0.003986 0.000926
-0.000719 -0.005611 -0.005967
0.012184 0.002990 0.005468
-0.023299 -0.003819 -0.004369
-0.001148 0.007505 0.011482
0.000125 -0.006885 -0.008998
0.016876 0.000582 0.000555
-0.011454 0.005005 0.003606
