0.010997 0.002401 0.001107
-0.004733 -0.001353 0.001393
0.010421 0.004157 0.000365
0.001207 0.000465 -0.002258
0.011921 0.008267 0.002481
-0.000648 -0.003820 -0.001826
-0.004278 -0.002241 -0.005070
-0.010536 0.017499 0.004528
-0.008217 0.001681 -0.006540
0.005288 -0.002174 -0.003268
-0.003157 -0.002020 0.004516
-0.006084 -0.002488 0.002878
-0.003026 -0.007250 0.009138
-0.006983 -0.001744 -0.001682
0.003633 -0.000105 -0.005781
0.002782 0.000888 0.001065
0.000777 0.013376 0.001403
-0.005610 -0.001052 0.001497
0.011572 0.002150 -0.000431
0.002254 -0.001834 -0.003038
0.012231 0.006406 -0.002980
-0.000681 -0.002233 -0.000462
-0.004649 -0.001855 -0.003749
-0.005465 0.007200 -0.000155
-0.008621 0.001233 -0.008149
0.006915 -0.003674 -0.004019
-0.001475 -0.003056 0.003871
-0.006219 -0.006357 0.002429
-0.001884 -0.005173 0.009910
-0.006864 -0.001839 -0.001758
0.005057 0.000650 -0.004910
0.002457 -0.001119 0.001000
0.011058 0.002446 0.001239
-0.004386 -0.001272 0.001524
0.009479 0.003317 0.000399
0.003118 0.000297 -0.003888
0.007287 0.000891 -0.001263
-0.000989 -0.003787 0.000630
-0.004878 -0.001160 -0.005584
-0.000229 0.015584 -0.003333
-0.008440 0.000891 -0.007265
0.004966 -0.001141 -0.002287
-0.001283 -0.001842 0.004230
-0.007175 -0.002026 0.002217
-0.047018 0.034053 0.008367
-0.010847 0.006466 0.002625
0.007224 -0.000057 -0.004243
0.008307 -0.572460 -0.003790
0.010481 0.002635 0.001969
-0.063603 0.050976 0.002603
0.010335 0.003840 -0.000237
0.000735 0.000859 -0.004489
0.011089 0.007892 -0.006820
-0.005447 0.006393 -0.004856
-0.003809 0.040006 -0.057618
-0.004514 0.004945 0.001935
-0.008583 -0.001193 -0.006721
0.009747 0.004566 0.001151
-0.003393 -0.001483 0.004393
-0.005498 -0.002095 0.001415
-0.000233 -0.004988 0.009477
-0.005557 0.000017 -0.000555
0.003835 0.001941 -0.005689
0.002627 -0.011029 0.000136
0.027469 0.020239 0.001888
-0.003783 -0.002492 0.002035
0.066479 0.051330 0.001265
0.001748 -0.007634 -0.003314
0.009543 0.002061 -0.002526
-0.000688 -0.004655 -0.000062
-0.004855 -0.001523 -0.004230
-0.004544 0.005095 0.000152
-0.008595 0.000761 -0.008375
0.009655 0.003742 -0.000275
-0.005465 -0.003273 0.005233
-0.007330 -0.009804 0.002203
-0.000603 -0.006330 0.010022
-0.010081 0.006221 0.002701
0.005731 0.000143 -0.004497
0.002971 -0.001197 0.000523
0.010112 0.002772 0.001025
-0.005204 -0.001445 0.001294
0.009554 0.004164 0.000247
0.002297 0.000179 -0.003413
0.008049 0.001826 -0.002679
-0.001998 -0.002611 -0.001028
-0.004422 -0.002909 -0.004136
-0.004994 0.006079 0.000226
-0.008799 -0.000249 -0.008616
0.004960 -0.001178 -0.002880
-0.003342 -0.001892 0.004264
-0.006190 -0.003382 0.002138
-0.001281 -0.005293 0.009430
-0.005440 0.000392 -0.000786
0.004161 0.002426 -0.005707
0.002492 -0.001099 0.000331
0.010403 0.002625 0.001117
-0.005992 -0.003539 0.000812
0.010486 0.003066 -0.000120
0.003368 0.000301 -0.002780
0.006854 0.000380 -0.004668
0.003925 0.006379 0.004043
-0.005163 -0.003569 -0.005645
-0.005095 0.005059 -0.001393
-0.006381 0.033156 0.031933
0.006229 -0.003678 -0.003638
-0.003452 -0.003349 0.004263
-0.007406 -0.002014 0.003470
-0.001142 -0.005370 0.009475
-0.005670 -0.000667 -0.001788
0.005027 0.001505 -0.004871
0.002677 -0.000753 0.001206
0.011007 0.002742 0.001180
-0.004521 -0.002619 0.000858
0.008737 0.004697 -0.000314
0.002549 0.001146 -0.003156
0.007533 0.002236 -0.002764
-0.002217 -0.002237 -0.000934
-0.004851 -0.002661 -0.003928
-0.005131 0.006535 0.000490
-0.008455 0.000236 -0.008795
0.004470 -0.002225 -0.003541
-0.003547 -0.002100 0.004670
-0.006063 -0.001773 0.002061
-0.000970 -0.006167 0.009073
-0.004985 -0.000497 -0.001944
0.003910 0.000285 -0.005600
0.002665 -0.001185 0.001061
-0.013513 0.030891 0.046131
0.004172 -0.002122 0.001769
0.001383 0.006451 -0.001257
-0.003621 0.034477 0.003905
-0.003292 0.005059 -0.001336
0.006022 -0.000562 -0.001011
0.005416 -0.002955 -0.005999
0.002705 0.021176 0.019694
0.005703 0.011491 0.006981
-0.000596 -0.006067 -0.007021
0.002031 -0.000096 0.005384
-0.022318 -0.003899 -0.005109
0.008030 0.015134 0.015947
-0.000452 -0.008945 -0.010859
0.017891 0.000423 0.000304
-0.007132 -0.000404 0.007366
-0.012758 -0.001043 0.002108
0.004452 -0.002837 0.001264
-0.001838 -0.001233 0.004119
-0.004236 0.003231 0.002619
-0.002214 0.005324 -0.001999
-0.008913 0.013805 -0.000720
0.001266 0.002384 -0.004420
0.003061 -0.010621 -0.000665
0.002593 0.013106 0.001671
-0.001029 -0.004413 -0.006464
0.001842 0.003293 0.006206
-0.022095 -0.005008 -0.005363
0.002569 0.005925 0.011522
0.002001 -0.004005 -0.009463
0.016341 -0.000972 0.001267
-0.004426 -0.001521 0.007492
-0.012972 -0.004623 0.003260
0.004619 -0.002105 0.001189
-0.001813 -0.000656 0.003218
-0.003165 0.031061 0.001531
-0.003484 0.006979 -0.001189
0.005674 -0.001393 -0.000327
0.001994 0.005089 -0.008993
0.003497 0.020635 -0.020109
0.010063 0.004611 0.003311
-0.000505 -0.005964 -0.005800
0.004810 0.027786 -0.026122
-0.022456 -0.003777 -0.005127
-0.001934 0.014394 0.007594
0.001805 -0.002822 -0.013679
0.017574 0.000008 0.000398
-0.006381 0.000364 0.007871
-0.012430 -0.001127 0.002345
0.006250 -0.003484 0.001441
-0.002382 0.000260 0.003298
-0.004039 0.003961 0.003163
-0.003786 0.007402 -0.000522
0.006421 -0.000345 -0.001050
0.005753 -0.003096 -0.003194
0.002084 0.013629 -0.013543
0.006447 0.010397 -0.001621
0.002744 0.003129 -0.011008
0.002592 0.007281 0.001843
-0.022010 -0.003381 -0.004857
0.003081 0.003900 0.012220
-0.000927 -0.009435 -0.008361
0.017347 -0.000867 0.001124
-0.007564 -0.000933 0.008183
-0.012950 -0.001538 0.002273
0.003132 -0.001007 -0.000082
0.001471 0.006660 -0.000365
-0.004307 0.004896 0.002725
-0.004971 0.005214 -0.001189
0.021346 0.014081 -0.000441
0.002950 -0.000870 -0.004298
0.003061 0.000759 -0.000398
0.008781 0.005879 0.002080
-0.000956 -0.007187 -0.005736
0.002585 0.003111 0.005880
-0.022403 -0.008689 -0.005136
0.002116 0.004116 0.011693
-0.000506 -0.007638 -0.009540
0.014112 0.006508 -0.003201
0.026285 0.029461 0.006984
-0.012377 -0.002429 0.001926
0.004861 -0.001793 0.000942
-0.002985 0.001142 0.003062
-0.004388 0.003229 0.002640
-0.003680 0.007004 -0.001862
0.006228 -0.000007 -0.001418
0.005110 -0.001335 -0.004410
0.003184 0.000900 -0.000428
0.010541 0.004925 0.001911
-0.000951 -0.005341 -0.006623
0.002017 0.002209 0.006278
-0.022393 -0.006501 -0.005368
0.002071 0.005048 0.012083
-0.001583 -0.008244 -0.009572
0.018153 0.000802 0.000566
-0.007166 0.000621 0.007882
-0.012946 0.002007 0.006155
0.003711 -0.003340 0.001100
-0.002951 0.000744 0.002563
-0.004419 0.004422 0.002134
-0.003440 0.005485 -0.001336
0.006155 -0.001285 -0.000991
0.001370 0.004652 0.000077
0.003931 0.015361 0.014061
0.010511 0.003882 0.000203
-0.004593 0.003996 -0.001370
0.002195 0.003317 0.004946
-0.022733 -0.003296 -0.005347
0.002287 0.004441 0.011043
0.002636 -0.003291 -0.005004
0.012868 0.006971 -0.003980
-0.005559 0.000344 0.007683
-0.012836 -0.001927 0.001983
0.004866 -0.003513 0.000846
-0.002915 0.000594 0.002930
-0.004616 0.004873 0.002409
-0.003256 0.006933 -0.001414
0.006121 -0.000104 -0.001048
0.005480 -0.001110 -0.004666
0.003497 -0.000005 -0.000448
0.010789 0.005587 0.002036
-0.001069 -0.005215 -0.006612
0.002439 0.002318 0.007003
-0.022461 -0.011961 -0.005240
0.002652 0.005200 0.011909
-0.001455 -0.007543 -0.010099
0.018620 0.000056 0.001777
-0.006405 0.000199 0.007827
