2176.0000 0.05 1
1.875
3.75
6.25
6.25
7.5
16.25
8.75
7.5
16.25
16.25
14.375
16.25
25
16.25
6.25
31.25
23.125
18.125
28.75
10
10
13.125
10
10
16.25
20
25
30
37.5
19.375
23.75
27.5
13.75
26.875
21.875
28.125
21.25
41.25
44.375
30.625
37.5
56.25
47.5
45.625
41.875
67.5
54.375
48.125
85
93.125
98.75
125.625
136.25
135
138.125
153.75
181.875
153.125
156.25
200
177.5
175
233.75
251.875
268.75
237.5
234.375
280.625
292.5
310.625
296.875
320
303.125
311.875
321.875
340
337.5
365
316.875
353.125
375.625
363.75
329.375
361.25
333.125
377.5
313.75
293.125
306.25
285
272.5
255.625
231.25
250
253.125
296.875
206.875
252.5
307.5
298.125
315.625
310
309.375
303.125
247.5
292.5
308.125
296.25
328.125
274.375
281.25
298.75
275.625
321.25
291.25
313.75
247.5
300
353.75
318.125
314.375
315.625
328.75
361.25
344.375
378.75
401.25
379.375
390.625
392.5
396.25
430
451.25
471.875
448.75
443.125
453.75
436.875
447.5
420.625
401.25
432.5
380
358.125
317.5
354.375
328.125
310
314.375
330.625
303.75
278.125
215
256.875
250.625
300
280.625
247.5
270.625
224.375
318.75
291.25
326.875
303.75
301.25
291.25
287.5
295.625
348.75
291.25
321.875
356.25
368.125
355.625
260
291.875
211.875
289.375
345
266.875
263.125
266.25
261.875
233.75
246.875
250
261.875
331.25
235.625
228.75
237.5
222.5
181.875
246.875
255.625
281.25
256.25
307.5
251.25
266.25
256.25
206.875
202.5
269.375
255
326.25
344.375
345
353.125
276.25
366.25
293.75
510
538.125
511.25
423.75
366.25
261.25
233.125
204.375
163.75
120.625
58.75
33.75
11.25
3.75
1.25
4.375
1.875
0
0
0
0
0
0
0
0
0
0
2.5
0
