0.010934 0.002441 0.001287
-0.004845 -0.001477 0.000538
0.008613 0.003689 0.000209
0.001943 -0.000246 -0.003336
0.008997 0.002490 -0.003274
-0.001485 -0.004674 -0.000486
-0.004707 -0.001923 -0.004383
-0.005819 0.004745 0.001013
-0.004114 0.004445 -0.005915
0.004532 -0.001265 -0.003032
0.006072 0.001536 0.009032
-0.005813 -0.002218 0.002296
-0.000949 -0.005193 0.009493
-0.000582 -0.003744 0.002849
0.004580 0.002572 -0.004437
0.007727 -0.005560 0.005139
0.010885 0.002484 0.001532
0.009061 -0.015757 0.001265
0.006230 0.004017 -0.000261
0.006507 0.002847 -0.007838
0.008466 0.001657 -0.003853
0.008954 -0.007413 -0.004608
-0.006928 -0.000776 -0.003127
-0.005367 0.005714 0.001734
-0.011742 0.000718 -0.007482
0.003929 -0.002174 -0.002760
-0.003381 -0.001967 0.005423
-0.008138 -0.003367 0.001003
-0.012217 -0.005313 0.007630
-0.002488 0.000659 0.002127
0.004856 0.000999 -0.005839
0.003687 -0.000570 0.001470
0.046155 -0.043507 -0.000397
0.008902 -0.001215 -0.012881
0.007802 0.004421 0.000199
0.000156 0.000312 -0.003581
0.035249 0.001805 -0.001194
0.008249 -0.007209 -0.005480
0.026055 -0.001537 -0.040771
0.005611 0.001158 0.005009
-0.004069 -0.003411 -0.005332
0.029319 -0.001664 0.036526
-0.004139 -0.001292 0.005373
0.029408 0.045136 0.001144
-0.000963 -0.005375 0.009362
-0.000427 0.004980 0.003548
0.016018 0.005001 -0.009538
0.001806 -0.001537 0.000712
0.010382 0.003382 0.001334
-0.004519 -0.001480 0.001267
0.009658 0.003846 0.000034
0.001259 -0.000312 -0.003365
0.009191 0.002400 -0.002702
-0.000677 -0.003482 -0.000242
-0.005059 -0.001995 -0.003820
-0.005090 0.005846 0.000311
-0.009485 0.000539 -0.008258
0.004879 -0.001341 -0.003241
-0.003980 -0.002921 0.005690
-0.006360 -0.003640 0.002157
-0.001503 -0.005725 0.009710
-0.006698 0.001239 -0.002458
0.004406 0.001270 -0.005509
0.007561 -0.004951 -0.002210
0.008711 0.003121 -0.000484
0.009536 0.013414 0.001270
0.010900 0.004029 -0.000127
0.001046 -0.000764 -0.002921
0.008292 0.003226 -0.004052
-0.001815 -0.005416 -0.000140
-0.007316 -0.003890 -0.003479
-0.004624 0.005786 0.000018
-0.008273 0.000897 -0.009059
0.003495 0.000134 -0.002478
-0.002954 -0.002239 0.004134
-0.005988 -0.002626 0.002656
-0.001034 -0.005331 0.009468
-0.006216 0.000360 -0.001450
0.004352 0.001319 -0.005455
0.002251 -0.000955 0.000836
0.010395 0.002691 0.001159
-0.004552 -0.002171 0.001318
0.004414 0.004040 -0.000935
0.006546 0.004111 0.001125
0.008293 0.001573 -0.001834
-0.002823 -0.002895 -0.002802
-0.004669 -0.002258 -0.004540
0.003545 0.002241 0.004126
-0.005063 0.000487 -0.004861
0.005377 -0.001068 -0.002850
0.006372 0.001714 0.008612
-0.008410 -0.004043 0.003530
0.002148 -0.005270 0.009432
-0.006595 0.000316 0.000483
0.012444 0.004934 -0.010460
0.000424 -0.002735 0.001246
0.011002 0.002867 0.001158
0.016003 -0.001396 0.021054
0.009639 0.004163 0.000072
0.002409 -0.000583 -0.002998
0.009190 0.002738 -0.002701
-0.001100 -0.003641 -0.001289
-0.004319 -0.002152 -0.006341
-0.005241 0.006441 0.001287
-0.009362 0.000227 -0.007968
0.005301 -0.001065 -0.001865
-0.003364 -0.002484 0.004449
-0.007381 -0.002532 0.003027
-0.001338 -0.004929 0.009842
-0.006935 0.000196 -0.002016
0.004947 0.000800 -0.006542
0.001776 -0.001045 0.001241
0.008488 0.003700 0.002570
-0.004067 -0.001051 0.001361
0.010614 0.004477 0.000081
0.001529 -0.000131 -0.003453
0.008034 0.003081 -0.001766
-0.001583 -0.002807 -0.000918
-0.004653 -0.002204 -0.004523
-0.005519 0.004373 -0.000180
-0.009303 0.000654 -0.008701
0.005378 -0.001435 -0.002697
-0.003567 -0.001155 0.003804
-0.006286 -0.002885 0.002182
-0.011566 -0.006306 0.009048
-0.005177 0.000425 -0.001245
0.003605 0.002592 -0.005817
0.009782 -0.008906 0.001077
-0.013183 -0.001390 0.002791
0.005426 -0.002918 0.001558
-0.003250 0.001119 0.003522
-0.005138 0.003755 0.002647
-0.004530 0.006302 -0.001600
0.002970 -0.000975 -0.001144
0.028491 0.021722 -0.003777
0.003704 -0.000361 -0.000165
0.011177 0.005456 0.001480
-0.001684 -0.006047 -0.006133
0.006410 0.006674 0.003281
-0.022270 -0.004630 -0.004733
0.002340 0.003836 0.011560
-0.005704 -0.009578 -0.009546
0.023315 -0.002907 -0.003534
-0.005260 0.000557 0.007883
-0.013309 -0.001786 0.002681
0.009422 -0.001418 0.002258
-0.002883 0.001262 0.002556
-0.003054 0.002867 0.003181
-0.002581 0.006416 -0.001860
0.009396 -0.003788 -0.004449
0.028313 -0.000924 -0.027813
0.000938 0.000603 0.000707
0.010325 0.005708 0.001686
-0.000480 -0.005965 -0.006128
0.001283 0.002726 0.006482
-0.013092 0.013766 -0.005032
0.002648 0.005123 0.011722
-0.001636 -0.007446 -0.008937
0.015146 0.000909 -0.000244
-0.006453 0.001105 0.007751
0.007034 0.000422 0.028972
0.003893 -0.002371 0.001184
0.013495 0.000396 -0.018746
0.000674 0.007822 0.006655
0.000764 0.008281 -0.001938
0.004196 0.000932 -0.000778
0.028650 -0.023265 -0.003734
0.011625 -0.018293 -0.000845
-0.474258 0.005383 -0.004074
0.003323 -0.008223 -0.006788
0.006791 -0.000919 0.002905
-0.024434 -0.005161 -0.006716
0.006104 0.003282 0.012819
-0.006061 -0.005626 -0.009621
0.023540 0.004429 -0.004332
0.024210 0.000971 0.005469
-0.013336 -0.001530 0.001488
0.005468 -0.002770 0.001162
-0.003082 0.001041 0.003461
-0.005160 0.003215 0.002503
-0.002542 0.006491 -0.001638
0.006230 -0.000054 -0.000695
0.005614 -0.000323 -0.004798
0.002692 0.000985 -0.000295
0.008825 0.005576 0.002009
-0.000146 -0.006351 -0.006390
0.001213 0.002923 0.005887
-0.022359 -0.004834 -0.005406
0.003897 0.003949 0.011544
0.000551 -0.007251 -0.009470
0.017048 0.001195 0.000813
-0.005854 0.000349 0.007905
-0.013128 -0.001097 0.002786
0.003851 -0.002343 0.001453
-0.002814 0.001020 0.002630
-0.004600 0.002822 0.002395
-0.003779 0.006364 -0.001469
0.004748 0.000396 -0.000817
0.006152 -0.000965 -0.005149
0.003161 0.000888 -0.000713
0.010324 0.005424 0.001564
-0.000033 -0.006170 -0.006534
0.001680 0.002993 0.006736
-0.021301 -0.003962 -0.004982
0.002838 0.004792 0.011816
-0.002227 -0.007605 -0.009575
0.018876 0.000845 0.001364
-0.006529 -0.000102 0.007858
-0.014739 -0.000469 0.001014
0.003697 -0.002802 0.001431
-0.003745 0.000353 0.003264
-0.007229 0.005331 0.002976
-0.002910 0.006224 -0.001623
0.009445 -0.005125 0.002242
0.023882 -0.000991 0.014696
0.000692 0.001705 -0.001853
0.010358 0.005364 0.002091
-0.000570 -0.005819 -0.006566
-0.000652 0.002950 0.004692
-0.022658 -0.004414 -0.005398
0.002027 0.004541 0.011496
-0.002119 -0.007416 -0.008598
0.024544 0.000944 -0.006108
-0.006011 0.001151 0.007476
-0.012860 -0.001415 0.004009
0.005303 -0.002815 0.000995
-0.002440 0.001132 0.001305
0.000123 0.007699 0.000062
-0.004836 0.006451 -0.001775
0.005197 0.000003 -0.000980
0.006034 -0.000949 -0.004825
0.002444 0.000879 -0.000553
0.010172 0.005606 0.002463
-0.001907 -0.005924 -0.006665
0.001237 0.002531 0.005642
-0.024234 -0.004136 -0.003882
0.001482 0.004876 0.011896
0.000344 -0.008013 -0.009442
0.016905 0.000755 0.000121
-0.005121 0.000337 0.007209
-0.015296 -0.002992 0.001132
0.005673 -0.002391 0.001386
-0.004087 0.002364 0.003033
0.002463 0.010357 0.002843
-0.003065 0.006315 -0.001602
0.005185 -0.000331 -0.000738
0.006355 -0.001047 -0.004112
0.003064 0.000675 0.000025
0.010319 0.005552 0.002213
-0.000544 -0.005822 -0.006481
0.002245 0.003052 0.006786
-0.022644 -0.004636 -0.005126
0.003626 0.004666 0.011579
-0.000908 -0.007105 -0.010074
0.017617 0.000628 0.000910
-0.006123 -0.000452 0.007359
