264.0000 0.05 1
0.444444
0.592593
1.77778
0.296296
0.592593
0.296296
0
3.85185
0.740741
1.48148
1.77778
2.07407
0.296296
0.888889
3.85185
2.37037
1.77778
2.37037
1.18519
0.888889
1.48148
2.07407
2.37037
2.81481
2.66667
4.14815
2.37037
3.25926
3.55556
4.59259
2.37037
4.44444
3.25926
2.37037
5.33333
2.96296
2.81481
5.03704
4.74074
7.85185
5.62963
4.44444
6.81481
10.963
8
6.07407
13.037
13.4815
13.9259
17.1852
16.5926
19.5556
13.4815
23.7037
22.2222
24
24.4444
26.8148
27.8519
33.1852
32.5926
36.1481
36.7407
36.7407
43.7037
42.8148
45.7778
44.1481
49.9259
46.8148
50.0741
46.8148
52.2963
48.2963
45.037
48.5926
47.1111
47.2593
42.3704
43.1111
40.8889
37.3333
39.1111
39.4074
38.3704
34.963
33.6296
30.6667
33.6296
31.8519
36.8889
36.2963
34.5185
34.6667
44.2963
35.1111
39.5556
39.1111
34.963
42.8148
33.9259
37.3333
36.4444
37.037
33.7778
33.037
33.7778
38.963
38.3704
36
40.4444
38.8148
40.5926
40.5926
42.5185
42.963
41.1852
42.5185
41.4815
43.1111
46.3704
54.6667
50.3704
46.5185
52.4444
57.037
53.4815
60.5926
61.6296
60.8889
62.963
63.1111
61.7778
56.4444
52
44.8889
42.3704
44.7407
41.7778
36.5926
43.4074
35.8519
40.5926
37.9259
36.1481
36.5926
34.2222
36.5926
24.7407
31.7037
32
37.037
33.9259
39.2593
34.963
39.4074
38.3704
36.7407
44.1481
39.1111
39.4074
42.2222
41.9259
41.9259
47.7037
40.8889
41.1852
35.8519
33.4815
35.7037
39.1111
38.0741
38.3704
34.8148
29.7778
33.6296
29.3333
30.5185
34.6667
31.7037
30.8148
34.2222
32.8889
32.5926
30.0741
33.1852
33.7778
31.7037
32.1481
27.5556
31.7037
29.037
35.5556
32.8889
37.6296
38.0741
35.7037
40.2963
38.6667
40.8889
43.1111
38.8148
46.6667
46.0741
45.4815
37.037
33.1852
28
20
12.5926
6.81481
4.14815
0.592593
0
0.296296
0
0
0
0
0
0
0
0
0
0
0
0
0
0
0
0.296296
0.296296
0.296296
0
0
0
0
0.296296
0.296296
0
0.148148
0
0
0.296296
0.296296
0
0
0.592593
0.296296
0
0.888889
0
0.444444
0.296296
0.296296
0
0.592593
0.148148
0.296296
0.296296
0.296296
0
0
0.296296
0
0.296296
0
