-0.005392 0.001835 -0.002442
0.003769 -0.002526 0.003922
-0.002120 -0.007699 0.002099
0.006047 0.009885 -0.002208
-0.001743 0.005995 -0.004395
0.001792 -0.003100 0.000744
-0.001389 -0.005048 0.002518
-0.004987 0.002150 -0.000795
0.000855 -0.001746 0.005682
-0.006422 0.004570 0.000467
-0.003340 0.003804 -0.001874
0.001850 0.002089 -0.004151
0.006916 -0.004208 0.007039
0.006454 0.002139 0.000611
-0.004438 -0.001664 -0.001249
-0.003481 0.006541 -0.005501
0.001970 0.001451 -0.001791
0.001694 -0.005332 0.002489
0.004169 -0.004690 0.001046
-0.000986 0.008287 -0.002387
-0.000547 -0.007887 0.000057
0.003148 0.000752 -0.004427
-0.002956 0.004466 -0.004064
-0.004867 -0.000116 0.002445
-0.002842 -0.002597 0.001228
0.000217 -0.006406 0.003391
0.002236 -0.007480 0.007043
-0.006312 0.004822 -0.004462
-0.000186 0.003321 -0.001399
0.005429 -0.000659 0.002858
0.006308 -0.005901 0.001455
-0.000843 0.004952 -0.003949
