-1.91422 -1.91351 -3.82977
-3.82853 0.000285646 3.82967
-3.83367 17.2342 -5.74836
1 0 0
0 1 0
0 0 1
0.5645060517283440 0.6583981015231544 0.0629442774038154	Ir
0.9982617077085649 0.4988911451282334 0.9990354112958997	Ir
0.8128469797826838 0.7814809269745240 0.3125202943044272	Ir
0.1240475470522924 0.3109142554876243 0.1258521721048780	Ir
0.7504704486643163 0.8748504156852945 0.7510957394110562	Ir
0.6251471563322184 0.5622712697289884 0.6242161715965935	Ir
0.6235423157215862 0.0617207079632891 0.6238112274820367	Ir
0.1882758804203775 0.2198140168078240 0.6879880953542212	Ir
0.6866229792269891 0.9700636963927352 0.1879216742213075	Ru
0.1273293969999969 0.8147119583118396 0.1257035925570946	Ru
0.3760800717812245 0.9387296982947504 0.3753011055867006	Ru
0.6879104320341014 0.4678751459393027 0.1884410837670387	Ru
0.2488822130716315 0.6249995568229991 0.2499503948976312	Ru
0.5607713793330973 0.1545334074956699 0.0628172294257041	Ru
0.0004267361742336 0.9999502190743428 0.9998985235580804	Ru
0.9385547792190820 0.5935271504669117 0.4377984016771634	Ru
0.4973488656741907 0.7486063136500789 0.4990082428174816	Ru
0.0619172959348333 0.9048984165789520 0.5611746026119064	Ru
0.8111090418904041 0.2806802372369717 0.3123809076442967	Ru
0.3744010127236734 0.4369379673286673 0.3754276479268697	Ru
0.2518109890592228 0.1250891988481726 0.2498054472440785	Ru
0.1862003321772505 0.7176597003847363 0.6878161478485580	Ru
0.9391205621739473 0.0946757564502576 0.4372313452468930	Ru
0.4998901544760628 0.2503825697195978 0.4993110157111857	Ru
0.0618800159156763 0.4064459175845343 0.5607364352357109	Ru
0.8764786401853328 0.6877503751634464 0.8750633696163632	Ru
0.4362339440644831 0.8450880025193896 0.9368059316655106	Ru
0.7529549242142792 0.3764689992778472 0.7509198854387904	Ru
0.3131244053892885 0.5318280630146717 0.8131243271181532	Ru
0.8736117766914830 0.1868567615523062 0.8749364775060755	Ru
0.4362471108252137 0.3418374989689710 0.9370716038166123	Ru
0.3139948533539112 0.0320625496239089 0.8138912179078659	Ru
