2176.0000 0.05 1
1.11111
4.44444
11.1111
2.22222
11.1111
4.44444
13.3333
11.1111
20
11.1111
6.66667
11.1111
24.4444
23.3333
17.7778
23.3333
26.6667
18.8889
13.3333
32.2222
18.8889
8.88889
4.44444
10
14.4444
16.6667
34.4444
37.7778
25.5556
40
11.1111
26.6667
17.7778
31.1111
24.4444
32.2222
26.6667
27.7778
40
24.4444
32.2222
46.6667
36.6667
47.7778
70
55.5556
56.6667
41.1111
80
108.889
93.3333
126.667
127.778
138.889
148.889
146.667
161.111
190
187.778
204.444
216.667
267.778
192.222
230
232.222
288.889
237.778
278.889
253.333
263.333
288.889
301.111
317.778
337.778
318.889
350
286.667
345.556
303.333
312.222
293.333
301.111
293.333
275.556
314.444
273.333
248.889
287.778
290
297.778
314.444
314.444
323.333
310
335.556
316.667
315.556
296.667
292.222
298.889
301.111
294.444
330
357.778
316.667
360
374.444
367.778
346.667
352.222
338.889
293.333
251.111
217.778
175.556
160
191.111
238.889
264.444
333.333
350
398.889
417.778
402.222
424.444
410
452.222
400
380
361.111
342.222
371.111
348.889
396.667
380
377.778
384.444
427.778
406.667
456.667
407.778
406.667
413.333
354.444
360
376.667
364.444
377.778
438.889
414.444
405.556
440
405.556
338.889
352.222
322.222
348.889
316.667
326.667
257.778
282.222
264.444
272.222
257.778
246.667
217.778
278.889
208.889
244.444
214.444
232.222
263.333
218.889
242.222
234.444
214.444
208.889
225.556
176.667
207.778
174.444
197.778
175.556
175.556
256.667
232.222
236.667
210
216.667
170
175.556
196.667
262.222
238.889
222.222
270
244.444
227.778
260
347.778
337.778
320
307.778
325.556
310
331.111
382.222
410
433.333
424.444
447.778
434.444
511.111
472.222
510
467.778
431.111
351.111
314.444
220
120
11.1111
1.11111
0
0
0
0
0
0
0
0
0
0
0
0
0
0
0
0
0
0
0
0
2.22222
0
0
4.44444
2.22222
0
2.22222
4.44444
2.22222
2.22222
3.33333
4.44444
0
2.22222
2.22222
2.22222
2.22222
8.88889
0
2.22222
4.44444
0
1.11111
2.22222
0
0
2.22222
0
2.22222
0
