-0.000884 0.013907 0.012062
-0.004698 -0.003488 0.000551
-0.001599 0.007030 0.000600
0.010766 0.009548 -0.002850
0.006772 -0.002088 -0.006526
-0.010829 0.003178 -0.002458
0.000466 0.004181 0.004647
-0.000335 -0.013384 -0.003618
-0.003615 -0.012792 -0.001335
-0.000172 -0.003775 -0.012650
0.015194 -0.013393 0.003827
-0.009146 -0.005959 -0.003333
0.004261 -0.007442 0.003009
0.005731 -0.026385 -0.004109
-0.002026 0.000508 0.001662
0.013928 -0.012320 0.002377
0.000343 0.011204 0.011902
-0.010261 0.002080 0.000233
-0.000808 0.018911 0.001577
0.009473 0.013102 -0.004088
-0.000704 0.016235 -0.005570
-0.010414 -0.000164 -0.003028
-0.000458 0.005540 0.005296
0.000025 -0.015290 -0.001802
-0.002179 -0.011207 -0.001360
-0.011721 -0.000928 -0.002591
0.014130 -0.006663 0.000608
-0.012358 -0.007215 -0.003454
0.004914 -0.007569 0.004666
0.003239 -0.019711 -0.000104
-0.003292 -0.000180 0.002043
0.014248 -0.012371 0.004830
-0.000619 0.011001 0.012163
-0.009460 0.000549 0.000827
-0.000877 0.019012 -0.000070
0.011058 0.010684 -0.002427
-0.001379 0.016019 -0.006369
-0.008366 0.001361 -0.001932
-0.001234 0.004722 0.004519
0.000101 -0.016030 -0.002886
-0.003433 -0.011582 -0.000678
-0.011420 -0.005474 -0.002151
0.011363 -0.007663 -0.000133
-0.009797 -0.006652 -0.003697
0.003972 -0.004578 0.003445
0.005207 -0.018963 -0.000561
-0.006166 0.000753 0.001361
0.013367 -0.011016 0.002263
-0.045855 -0.030624 0.010948
-0.009733 -0.007360 0.000870
-0.000281 0.007780 0.001271
0.014068 0.012826 -0.002305
-0.003417 0.016348 -0.004705
-0.008604 0.002669 -0.002017
0.001832 0.005649 0.004952
-0.003468 -0.021982 -0.002822
-0.004133 -0.011482 -0.001451
-0.011759 -0.004494 -0.003324
0.010827 -0.005454 0.000834
-0.008512 -0.004916 -0.002527
0.001560 -0.004780 0.001626
0.002559 -0.018266 -0.000108
-0.003203 0.000778 0.002872
0.039303 -0.028879 -0.033238
-0.000732 0.010426 0.011996
-0.008730 0.001131 -0.000052
-0.001777 0.019078 0.001004
0.012480 0.013292 -0.003380
-0.002417 0.013821 -0.005632
-0.011519 0.003869 -0.001887
-0.000204 0.003081 0.004509
-0.000359 -0.016512 -0.002656
-0.003754 -0.011593 -0.001409
-0.008945 -0.003320 0.000035
0.010255 -0.005070 0.003383
-0.008680 -0.005025 -0.004052
0.004799 -0.008138 0.003779
0.002612 -0.017695 -0.003207
-0.005112 0.000417 0.000891
0.012850 -0.011538 0.004155
0.000511 0.011031 0.010044
-0.013090 -0.001128 -0.000095
-0.002867 0.018821 0.000151
0.012647 0.009658 0.000407
-0.004259 0.014952 -0.005504
-0.009693 -0.001928 -0.003403
-0.000107 0.000530 0.005466
-0.002053 -0.012984 -0.000238
-0.003852 -0.011333 -0.003370
-0.006996 -0.011361 0.000236
0.010571 -0.006426 0.000577
-0.009592 -0.005349 -0.002570
0.004934 -0.007032 0.004675
0.005296 -0.019878 -0.005507
-0.003362 0.002987 0.004902
0.015471 -0.010839 0.002659
0.000898 0.010609 0.013871
-0.012640 -0.004647 0.000140
-0.002811 0.019518 0.001090
0.008575 0.012924 -0.006159
-0.015848 -0.004159 -0.005709
-0.026122 -0.003177 0.000128
0.019324 -0.001789 0.003837
-0.010348 -0.012161 -0.014598
-0.004140 -0.081161 -0.081091
-0.011531 -0.003831 -0.002914
0.011771 -0.006916 0.004511
-0.034940 -0.015484 0.028507
0.000999 -0.013980 0.002183
0.003292 -0.020451 -0.000656
-0.006985 -0.006474 0.005007
0.012757 -0.010896 0.002433
-0.000534 0.011423 0.011830
-0.008758 0.002310 0.000413
-0.001019 0.019187 0.000665
0.013170 0.010023 -0.002921
-0.002042 0.016604 -0.009216
-0.008009 0.002171 -0.003091
0.002339 0.004778 0.004278
-0.000017 -0.014720 -0.003423
-0.003200 -0.012710 -0.001272
-0.010283 -0.006145 -0.001276
0.011846 -0.006286 0.000148
-0.009064 -0.007106 -0.005907
-0.006776 -0.003941 0.013937
0.003768 -0.018930 -0.001092
-0.005203 0.000221 0.005730
0.013522 -0.011330 0.002019
0.000334 0.004278 -0.007179
0.006406 0.007869 -0.001976
0.005915 -0.014275 0.002721
0.006447 0.025632 -0.001722
-0.000094 -0.012601 -0.000274
-0.000019 0.005124 -0.009975
-0.008544 0.000231 0.001024
-0.004767 -0.025647 0.004810
-0.000842 0.006926 -0.002220
0.018973 -0.011567 0.003830
-0.008710 0.008022 -0.000135
-0.006114 -0.001250 -0.000013
0.011779 -0.005350 -0.000139
0.006169 -0.003223 0.014062
0.009181 -0.009875 0.002246
-0.015860 -0.011500 0.000931
-0.000793 0.002924 -0.004470
0.007464 0.009624 -0.002051
-0.010054 0.010464 0.001409
0.005571 0.025455 -0.001002
0.000186 -0.003439 0.000828
0.004526 -0.002833 -0.009447
-0.008793 -0.002237 0.000302
0.003051 0.004856 0.000544
-0.000046 0.008639 -0.003326
0.017585 -0.010526 0.002718
-0.009643 0.009924 0.001005
-0.004230 -0.001632 0.000888
0.012289 -0.005774 -0.001075
-0.003011 -0.005729 0.004005
0.010913 -0.010241 0.002746
-0.019810 -0.011700 0.001680
-0.000081 0.006309 -0.005331
0.007622 -0.001429 -0.002281
-0.010212 0.010864 0.003096
0.006937 0.023375 -0.001865
-0.000568 -0.003589 -0.000919
0.001968 0.003936 -0.010399
-0.008103 -0.001886 0.000510
0.003054 0.005467 -0.000689
-0.000368 0.007019 -0.001681
0.018013 -0.012391 0.004031
-0.008549 0.009545 0.001702
-0.004827 -0.001749 -0.000060
0.012156 -0.004599 0.000038
-0.003230 -0.001655 0.005131
0.010892 -0.009567 0.002697
-0.016914 -0.011826 0.001202
-0.000707 0.002501 -0.005497
0.002936 0.000637 -0.002180
-0.016630 -0.002690 0.001852
0.007187 0.023612 -0.001540
-0.004404 -0.010990 -0.000260
0.002540 0.004955 -0.010288
-0.007077 -0.001870 0.001432
0.003412 0.008135 -0.000270
-0.001622 0.006982 -0.002401
0.016037 -0.024259 -0.015488
-0.007815 0.011486 0.001857
-0.005704 -0.000938 -0.000967
0.011205 -0.006681 0.000065
-0.004185 -0.006165 0.005574
-0.015606 -0.026560 -0.030449
-0.017555 -0.010562 -0.002585
-0.001192 0.003891 -0.003162
0.007420 0.008657 -0.002349
-0.007711 0.009714 0.002252
0.007110 0.023238 -0.001456
0.000468 -0.002663 -0.000381
0.000766 0.003345 -0.010353
-0.007535 -0.002953 -0.000028
0.002331 0.005080 -0.000434
-0.000179 0.008654 -0.001536
0.018684 -0.012501 0.000819
-0.008330 0.011149 0.002429
-0.004921 -0.002591 -0.000229
0.011366 -0.006322 0.000980
-0.001498 -0.003613 0.001398
0.010094 -0.009844 0.003203
-0.017496 -0.011815 0.001986
-0.000527 0.003869 -0.004944
0.012212 0.004142 -0.004156
-0.007998 0.011342 0.007378
0.007027 0.019996 -0.001809
0.001583 -0.007537 -0.005781
-0.000321 0.001439 -0.013158
-0.007446 -0.001641 0.000334
0.002223 0.006274 0.000307
-0.000527 0.007531 -0.002460
0.016858 -0.011039 0.003780
-0.008803 0.010043 0.001993
-0.005156 -0.001158 -0.003074
0.011542 -0.004764 0.003645
-0.004105 -0.004062 0.005828
0.009876 -0.009626 0.001887
-0.015659 -0.010385 -0.000537
0.039373 -0.023023 -0.005444
0.011757 0.004719 -0.000097
-0.008806 0.014195 -0.000668
0.007165 0.020051 -0.001334
0.001742 -0.006663 0.003538
-0.000985 -0.000261 -0.003165
0.002056 -0.042536 0.001790
0.002896 0.006230 0.000363
0.005173 0.545377 0.019067
0.018902 -0.010483 0.002899
0.013538 -0.005360 0.026293
-0.005081 -0.014292 0.017696
0.009283 -0.075361 0.067218
-0.000182 -0.010624 0.002890
0.010752 -0.011181 0.004600
-0.020424 -0.019492 -0.001690
-0.001231 0.002211 -0.004501
0.009452 0.009539 -0.002652
-0.010198 0.009829 0.002236
0.008245 0.024081 -0.001567
0.000342 -0.001445 -0.000289
0.001175 -0.007054 -0.009918
-0.007273 -0.002046 -0.000387
0.002874 0.005292 -0.000270
-0.001771 0.007881 -0.001465
0.018684 -0.012684 0.006046
-0.009070 0.010414 0.002218
-0.004016 -0.000483 0.000665
0.010448 -0.005277 0.000426
-0.002419 -0.005596 0.003813
0.010384 -0.008523 0.001690
-0.016012 -0.011744 -0.000023
