svsl Ir Ir 2.73871 2.94814 -0.15495
1.00000 1.00000 1.00000 0.00000 0.00000 -1.00000

3
1.41112
1.00000 0.00000 0.00000 
0.00000 1.00000 0.00000 
0.00000 0.00000 0.00000 

1.53703
0.00000 1.00000 0.00000 
1.00000 0.00000 0.00000 
0.00000 0.00000 0.00000 

-0.18399
0.00000 0.00000 0.00000 
0.00000 0.00000 0.00000 
0.00000 0.00000 1.00000 

1.41112 1.53703 0.00000 
1.53703 1.41112 0.00000 
0.00000 0.00000 -0.18399 

---------------

svsl Ir Ir 3.87312 0.97604 -0.33763
1.00000 1.00000 1.00000 1.00000 -1.00000 -1.00000

2
0.97604
1.00000 0.00000 0.00000 
0.00000 0.00000 0.00000 
0.00000 0.00000 0.00000 

-0.33763
0.00000 0.00000 0.00000 
0.00000 1.00000 0.00000 
0.00000 0.00000 1.00000 

0.97604 0.00000 0.00000 
0.00000 -0.33763 0.00000 
0.00000 0.00000 -0.33763 

---------------

svsl Ir Ir 4.74358 0.30419 0.02444
1.00000 1.00000 1.00000 1.00000 -0.00000 -2.00000

4
0.17652
1.00000 0.00000 0.00000 
0.00000 0.00000 0.00000 
0.00000 0.00000 0.00000 

0.11030
0.00000 1.00000 -1.00000 
1.00000 0.00000 0.00000 
-1.00000 0.00000 0.00000 

0.08827
0.00000 0.00000 0.00000 
0.00000 1.00000 0.00000 
0.00000 0.00000 1.00000 

-0.03007
0.00000 0.00000 0.00000 
0.00000 0.00000 1.00000 
0.00000 1.00000 0.00000 

0.17652 0.11030 -0.11030 
0.11030 0.08827 -0.03007 
-0.11030 -0.03007 0.08827 

---------------

svsl Ir Ir 5.47742 0.26416 -0.00204
1.00000 1.00000 1.00000 0.00000 0.00000 -2.00000

3
0.12602
1.00000 0.00000 0.00000 
0.00000 1.00000 0.00000 
0.00000 0.00000 0.00000 

0.13814
0.00000 1.00000 0.00000 
1.00000 0.00000 0.00000 
0.00000 0.00000 0.00000 

0.00805
0.00000 0.00000 0.00000 
0.00000 0.00000 0.00000 
0.00000 0.00000 1.00000 

0.12602 0.13814 0.00000 
0.13814 0.12602 0.00000 
0.00000 0.00000 0.00805 

---------------

