2176.0000 0.05 1
1.11111
4.44444
11.1111
2.22222
11.1111
4.44444
13.3333
11.1111
20
11.1111
6.66667
11.1111
24.4444
23.3333
17.7778
23.3333
26.6667
18.8889
13.3333
34.4444
16.6667
8.88889
4.44444
10
14.4444
16.6667
34.4444
37.7778
25.5556
40
11.1111
26.6667
17.7778
31.1111
24.4444
32.2222
26.6667
27.7778
40
24.4444
32.2222
46.6667
36.6667
47.7778
70
55.5556
56.6667
41.1111
80
108.889
93.3333
126.667
127.778
136.667
151.111
144.444
163.333
190
187.778
204.444
216.667
267.778
192.222
230
232.222
288.889
234.444
282.222
253.333
261.111
291.111
301.111
317.778
340
316.667
352.222
282.222
350
303.333
307.778
297.778
301.111
291.111
280
312.222
271.111
248.889
287.778
290
302.222
310
318.889
321.111
312.222
333.333
316.667
314.444
295.556
294.444
296.667
306.667
288.889
330
362.222
314.444
357.778
381.111
358.889
348.889
350
343.333
291.111
253.333
215.556
177.778
160
188.889
241.111
262.222
333.333
351.111
395.556
420
400
428.889
407.778
452.222
400
384.444
356.667
344.444
373.333
345.556
394.444
377.778
384.444
381.111
430
406.667
456.667
405.556
408.889
408.889
356.667
362.222
374.444
366.667
381.111
435.556
415.556
405.556
438.889
405.556
336.667
352.222
322.222
351.111
316.667
326.667
255.556
284.444
262.222
274.444
255.556
242.222
222.222
278.889
206.667
248.889
212.222
234.444
258.889
218.889
246.667
232.222
214.444
208.889
227.778
178.889
204.444
173.333
200
173.333
175.556
257.778
233.333
234.444
212.222
214.444
168.889
176.667
196.667
262.222
236.667
222.222
276.667
240
225.556
262.222
347.778
342.222
315.556
305.556
327.778
310
333.333
380
414.444
430
423.333
452.222
430
511.111
473.333
508.889
470
432.222
345.556
310
228.889
113.333
13.3333
3.33333
0
0
0
0
0
0
0
0
0
0
0
0
0
0
0
0
0
0
0
0
0
4.44444
0
2.22222
0
2.22222
0
2.22222
4.44444
6.66667
1.11111
2.22222
2.22222
0
4.44444
2.22222
4.44444
4.44444
2.22222
2.22222
2.22222
2.22222
1.11111
2.22222
0
0
2.22222
0
2.22222
0
