-0.000734 0.010717 0.012044
-0.009979 0.001434 0.000905
-0.002988 0.020018 0.000631
0.012211 0.007354 -0.002668
0.000089 0.015458 -0.005482
-0.007748 0.001207 -0.001997
-0.002093 0.002989 0.004481
-0.000319 -0.015339 -0.002490
-0.002441 -0.011097 -0.001214
-0.011572 -0.003956 -0.003419
0.012495 -0.006389 0.000382
-0.009874 -0.006100 -0.003666
0.004603 -0.008405 0.005034
0.001775 -0.018731 -0.001324
-0.003920 0.000508 0.001413
0.012316 -0.009712 0.003491
-0.000630 0.009973 0.010770
-0.009483 0.002677 0.001817
0.009239 0.018763 0.000700
0.009911 0.009101 -0.003330
-0.000294 0.015044 -0.005646
-0.008462 -0.000252 -0.002617
0.001156 0.003330 0.004624
0.001054 -0.016691 -0.003402
-0.005361 -0.010203 0.000201
-0.010279 -0.005751 -0.002428
0.010574 -0.005646 0.000944
-0.009256 -0.005749 -0.003619
0.003848 -0.007132 0.004368
0.003776 -0.018519 -0.001048
-0.005226 0.001360 -0.000067
0.014380 -0.012008 0.002864
-0.000394 0.011210 0.012692
-0.010141 0.002001 -0.000412
-0.002689 0.018545 0.001003
0.012848 0.001226 -0.003528
0.012028 0.017227 -0.007168
-0.010257 0.001989 -0.002432
0.011073 0.003346 0.004669
-0.000275 -0.015876 -0.002762
-0.000744 -0.014650 0.002813
-0.012084 -0.005154 -0.001703
0.011892 -0.006708 0.000337
-0.010676 -0.006596 -0.004430
0.004164 -0.007001 0.002417
0.003460 -0.019189 -0.001082
0.005909 -0.000848 0.000306
0.013317 -0.012470 0.002963
-0.002241 0.009470 0.010704
-0.008314 0.001668 0.002267
-0.001836 0.017288 0.000250
0.017425 0.008757 0.000044
-0.000656 0.012772 -0.005690
-0.011656 -0.000378 -0.002503
0.009901 0.002532 0.005056
0.000428 -0.014668 -0.002079
-0.002228 -0.010982 -0.002208
-0.011161 -0.004606 -0.001850
0.011858 -0.006379 0.000994
-0.007194 -0.002738 -0.005618
0.001995 -0.010006 -0.002762
0.000983 -0.020037 -0.001783
-0.004920 0.001143 0.001304
0.012641 -0.010604 0.001322
0.000729 0.010626 0.012277
-0.009647 0.001223 0.000016
-0.003973 0.019187 0.000907
0.011947 0.008430 -0.003285
-0.002098 0.016732 -0.006559
-0.010760 0.002085 -0.002077
-0.002529 0.002923 0.004530
-0.001239 -0.015131 -0.002233
-0.002742 -0.012615 -0.000290
-0.012081 -0.005477 -0.001574
0.009804 -0.006461 0.001111
-0.012509 -0.003019 -0.002179
0.004664 -0.008083 0.003069
0.005232 -0.019522 -0.000944
-0.002979 0.000376 0.002674
0.014003 -0.011384 0.002835
-0.000204 0.011124 0.012090
-0.007501 0.002336 0.000727
-0.001330 0.019062 0.000027
0.011666 0.010576 -0.002685
-0.000214 0.015554 -0.006443
-0.007492 -0.000006 -0.001956
-0.002436 0.004277 0.004884
-0.000662 -0.015704 -0.002810
-0.003716 -0.013730 -0.004820
-0.014277 -0.005308 -0.001290
0.010744 -0.006461 -0.001055
-0.011653 -0.006746 -0.001363
0.005315 -0.006793 0.002892
0.002705 -0.019290 -0.000033
-0.001688 -0.001297 0.005105
0.015348 -0.011755 0.002416
0.011819 0.058984 0.011356
0.010184 -0.044988 0.000459
0.038019 -0.003504 0.000702
0.017781 0.022337 -0.002184
-0.002651 0.017889 -0.006040
-0.005874 0.000887 -0.003641
-0.002425 0.004039 0.004271
-0.000739 -0.015551 0.001257
0.006475 -0.022589 0.017060
-0.021166 -0.004613 -0.002344
0.073046 -0.039245 -0.068830
0.001283 -0.003605 -0.002758
0.004323 -0.007526 0.003986
0.058490 -0.052474 0.064940
-0.004678 0.001140 0.001789
0.012469 -0.011326 0.003231
-0.002203 0.010054 0.012983
-0.008043 0.000880 -0.000477
-0.001849 0.016089 0.000698
0.016677 0.007544 -0.003801
0.027932 0.013856 -0.004415
-0.010535 0.000506 -0.001954
-0.000126 0.002915 0.004009
-0.000058 -0.015429 -0.002740
-0.003114 -0.011324 -0.000763
-0.011757 -0.005905 -0.001838
0.008900 -0.007282 0.000478
-0.009795 -0.007241 -0.003268
0.004457 -0.007995 0.003681
0.003370 -0.019314 -0.000969
-0.006572 -0.001504 0.000046
0.069407 0.023279 -0.063209
-0.000182 0.004225 -0.005576
0.005485 0.005934 -0.002507
-0.009367 0.010160 0.002451
0.006255 0.022528 -0.001689
-0.000397 -0.002462 -0.000063
0.002014 0.004480 -0.009975
-0.008552 -0.002132 0.000529
0.002202 0.005976 -0.002930
0.000217 0.007757 -0.002067
0.018153 -0.011792 0.003391
-0.008742 0.009219 0.002408
-0.004256 -0.001279 -0.000514
0.012610 -0.006192 -0.000676
-0.004770 -0.005491 0.003811
0.012009 -0.011985 0.003361
-0.015382 -0.011206 0.000172
-0.000638 0.003146 -0.005581
0.008385 0.003666 -0.003236
-0.014448 0.010946 0.001789
0.004464 0.024915 -0.001065
0.001487 -0.003396 -0.000825
0.000767 0.003855 -0.010121
-0.008749 -0.001932 0.000165
0.002791 0.006091 0.000414
-0.002823 0.005595 -0.001609
0.018641 -0.011324 0.002716
-0.007669 0.010228 0.001536
-0.005255 -0.000680 -0.000290
0.010027 -0.004825 -0.002005
-0.003585 -0.005652 0.004282
0.009205 -0.010314 0.002137
-0.018630 -0.011906 0.003640
0.000986 -0.000011 -0.003948
0.008826 0.005063 -0.003529
-0.009534 0.010110 0.002614
0.005194 0.026121 -0.001374
0.001187 -0.003594 -0.000456
0.004435 -0.001708 -0.009610
0.002474 -0.004445 0.001165
0.001695 0.005906 -0.000358
0.004086 -0.007453 -0.002231
0.018917 -0.012217 0.002935
-0.010387 0.011546 0.001955
-0.002334 -0.002217 -0.000455
0.013266 -0.009563 -0.004149
-0.003950 -0.006076 0.004562
0.007338 -0.007757 0.001804
-0.007308 -0.012430 0.002601
0.010404 0.004724 -0.004392
0.006400 0.008917 -0.002197
-0.011682 0.011091 0.003209
0.006682 0.022922 -0.002041
-0.001441 -0.003692 -0.003927
0.001323 0.007228 -0.004153
-0.005752 0.000992 0.000684
0.003997 0.005375 0.000409
0.003737 0.014670 -0.001534
0.018372 -0.012583 0.001661
-0.009518 0.009882 0.001803
0.001448 0.006673 0.016041
0.012548 -0.005304 0.000731
-0.003803 -0.006795 0.003827
0.009396 -0.009266 0.000831
-0.018087 -0.011861 0.001571
-0.002201 0.005624 -0.004735
0.010254 0.012486 -0.002541
-0.014265 0.009973 0.002498
0.021075 0.023923 -0.001793
-0.000161 -0.001935 -0.000628
-0.001417 0.005065 -0.009936
-0.009173 -0.001430 0.000307
0.002676 0.005808 0.003343
0.001072 0.007762 -0.001837
0.019737 -0.011469 0.004005
-0.008653 0.009051 0.001230
-0.003749 -0.001479 0.001101
0.012540 -0.004662 0.000580
-0.003124 -0.004138 0.005994
0.009564 -0.008348 0.001654
-0.015723 -0.012839 0.001337
0.000274 0.008849 -0.003034
0.019936 0.007166 -0.002822
-0.010074 0.010408 0.002647
0.007008 0.024160 -0.001765
0.000287 -0.003640 -0.001992
0.000879 0.003726 -0.009780
-0.007702 -0.003049 -0.003280
0.004826 0.006370 0.000647
0.005823 0.006028 -0.005648
0.018218 -0.009895 0.006322
-0.009225 0.010505 0.004808
-0.005636 -0.001886 0.002530
0.018919 -0.017415 -0.017901
-0.007399 -0.005540 0.004093
0.008988 -0.010830 0.002078
-0.016978 -0.011009 0.001350
-0.001517 0.008371 -0.004285
0.007066 0.008168 -0.002950
-0.569605 0.014098 0.013574
0.055037 0.051501 -0.000824
0.016253 -0.007753 0.001744
0.014092 0.004617 -0.010079
-0.007434 -0.003651 0.005738
0.017058 0.013013 -0.001392
0.002998 0.006838 -0.000472
0.025487 -0.003676 -0.012938
0.048652 0.035828 0.059186
-0.002030 0.003954 0.004387
0.011430 -0.008046 0.003162
-0.013344 -0.004396 0.004256
0.011603 -0.007200 0.005069
-0.015682 -0.014258 -0.002408
-0.001676 0.003027 -0.005117
0.007173 0.009112 -0.002406
-0.009824 0.011876 0.001683
0.006166 0.022319 -0.001328
-0.001514 -0.003852 0.003607
0.000476 0.006526 -0.014818
-0.011291 -0.003486 0.000302
0.004358 0.005069 0.000040
-0.001056 0.007860 -0.001856
0.021173 -0.007909 -0.001787
-0.007587 0.010286 0.002483
-0.005540 0.000948 -0.003941
0.011913 -0.004775 -0.000301
-0.002745 -0.004731 0.004752
0.020095 -0.007820 0.002739
-0.019655 -0.012841 0.002164
