2176.0000 0.05 1
1.875
3.75
6.25
6.25
7.5
16.25
8.75
7.5
16.25
16.25
14.375
16.25
25
16.25
6.25
31.25
23.125
18.125
30
8.75
10
13.125
10
10
16.25
20
25
30
37.5
19.375
25
26.25
13.75
26.875
21.875
28.125
21.875
41.875
43.125
30.625
37.5
55
48.75
45.625
43.125
65
56.875
46.875
86.25
91.875
98.75
123.125
138.75
135
135.625
158.125
180
151.875
159.375
196.875
179.375
175.625
233.125
250.625
269.375
236.25
236.875
279.375
293.75
308.75
295.625
321.875
303.125
310
321.25
343.75
339.375
361.875
317.5
353.125
371.25
366.25
329.375
358.125
335
378.125
314.375
295.625
303.75
286.25
271.25
255.625
232.5
247.5
255.625
296.875
207.5
250.625
311.875
294.375
311.25
315.625
306.875
302.5
248.75
292.5
311.25
295.625
328.75
273.125
279.375
301.875
273.125
320.625
292.5
315.625
248.125
296.875
354.375
318.125
316.25
315
326.25
364.375
342.5
380.625
396.875
383.125
390.625
392.5
395
430.625
450
473.125
451.875
440.625
451.25
438.125
449.375
416.875
402.5
431.875
381.875
359.375
316.25
351.875
328.75
309.375
316.25
330.625
306.25
275.625
216.25
255.625
248.125
302.5
279.375
249.375
270.625
225
317.5
289.375
328.125
303.125
303.125
290.625
284.375
298.75
347.5
292.5
321.875
355.625
372.5
353.125
260
289.375
213.125
289.375
345.625
265
265.625
265
258.125
239.375
244.375
249.375
262.5
328.125
238.75
227.5
240
223.125
179.375
247.5
256.25
281.25
253.125
309.375
252.5
266.25
256.25
204.375
205
269.375
255
326.25
344.375
343.75
353.75
276.25
366.875
293.75
512.5
536.875
508.125
424.375
366.875
261.875
233.125
201.875
165
121.875
60.625
33.125
10
5
1.25
3.75
1.25
0
0
0
0
0
0
0
0
0
0
2.5
0
