u 40 20 3 1 0 0 -1.9404e+11 3
(0.415955,-1.82512e-15)
(0.878298,-4.87948e-16)
(-0.23574,0)

u 70 20 3 2 0 0 -4.46187e+11 3
(-0.250581,1.63333e-15)
(-0.962686,-6.80032e-16)
(0.102199,0)

u 103 20 4 3 0 0 -1.04969e+12 3
(-0.106929,8.96033e-16)
(-0.992965,-1.14186e-15)
(0.0508666,0)

u 121 20 0 4 0 0 -1.89261e+12 3
(0.611118,-2.63498e-15)
(0.785528,-2.24134e-15)
(0.0973653,0)

u 133 20 4 4 0 0 -2.22728e+12 3
(0.190128,5.02725e-16)
(-0.978874,-3.05801e-16)
(0.0752162,0)

u 136 20 5 4 0 0 -1.27312e+12 3
(0.151842,3.78662e-16)
(-0.987013,-8.97985e-16)
(0.0524349,0)

u 148 20 9 4 0 0 -2.0637e+12 3
(0.616114,9.04295e-16)
(0.778449,8.58505e-16)
(0.12009,0)

u 151 20 0 5 0 0 -2.78693e+12 3
(0.600063,-1.91238e-15)
(0.796654,-1.8763e-15)
(0.0725771,0)

u 163 20 4 5 0 0 -1.37078e+12 3
(-0.23667,-1.49689e-17)
(0.967348,-4.42616e-16)
(-0.0906866,0)

u 166 20 5 5 0 0 -2.59713e+12 3
(0.228837,-2.41891e-16)
(-0.972508,4.65365e-16)
(0.0431515,0)

u 178 20 9 5 0 0 -1.95528e+12 3
(-0.587153,-1.48172e-15)
(-0.799312,-1.22161e-15)
(-0.127876,0)

u 181 20 0 6 0 0 -1.20506e+12 3
(-0.685647,3.17361e-15)
(-0.726921,3.11116e-15)
(-0.0384039,0)

u 196 20 5 6 0 0 -1.39513e+12 3
(-0.0566672,3.74607e-16)
(0.996438,1.80075e-15)
(0.0624567,0)

u 199 20 6 6 0 0 -1.01047e+12 3
(-0.173371,6.93772e-16)
(0.977922,1.30871e-15)
(0.116663,0)

u 229 20 6 7 0 0 -6.83737e+11 3
(-0.142488,-1.6177e-15)
(-0.983449,-1.85257e-15)
(-0.111914,0)

u 259 20 6 8 0 0 -1.00604e+12 3
(-0.43558,-4.5767e-15)
(-0.900049,-6.19268e-15)
(0.0134444,0)

u 1318 20 9 3 4 0 -9.35592e+11 3
(-0.0365147,1.00162e-15)
(0.99422,-7.7908e-16)
(0.100966,0)

u 1321 20 0 4 4 0 -1.2154e+12 3
(-0.0238745,-3.92115e-16)
(0.992804,4.6913e-16)
(0.117348,0)

u 1348 20 9 4 4 0 -2.26467e+12 3
(0.0367362,-3.50986e-16)
(-0.988545,4.08102e-16)
(-0.14639,0)

u 1351 20 0 5 4 0 -1.84015e+12 3
(0.0550295,9.02793e-16)
(-0.97981,-1.70645e-16)
(-0.192211,0)

u 1378 20 9 5 4 0 -9.8621e+11 3
(-0.0045642,2.13891e-16)
(-0.98051,-9.0452e-17)
(-0.196415,0)

u 1621 20 0 4 5 0 -9.8621e+11 3
(0.0045642,2.09856e-16)
(0.98051,-8.28041e-17)
(0.196415,0)

u 1648 20 9 4 5 0 -1.84015e+12 3
(-0.0550295,8.98736e-16)
(0.97981,-1.23155e-16)
(0.192211,0)

u 1651 20 0 5 5 0 -2.26467e+12 3
(-0.0367362,-3.50655e-16)
(0.988545,3.96236e-16)
(0.14639,0)

u 1678 20 9 5 5 0 -1.2154e+12 3
(-0.0238745,3.96736e-16)
(0.992804,-5.81356e-16)
(0.117348,0)

u 1681 20 0 6 5 0 -9.35592e+11 3
(-0.0365147,-1.00162e-15)
(0.99422,7.7908e-16)
(0.100966,0)

u 2740 20 3 1 9 0 -1.00604e+12 3
(-0.43558,4.16936e-15)
(-0.900049,5.34971e-15)
(0.0134444,0)

u 2770 20 3 2 9 0 -6.83737e+11 3
(0.142488,-1.61902e-15)
(0.983449,-1.85801e-15)
(0.111914,0)

u 2800 20 3 3 9 0 -1.01047e+12 3
(0.173371,6.92528e-16)
(-0.977922,1.31371e-15)
(-0.116663,0)

u 2803 20 4 3 9 0 -1.39513e+12 3
(0.0566672,3.67316e-16)
(-0.996438,1.71407e-15)
(-0.0624567,0)

u 2818 20 9 3 9 0 -1.20506e+12 3
(0.685647,3.26733e-15)
(0.726921,3.20811e-15)
(0.0384039,0)

u 2821 20 0 4 9 0 -1.95528e+12 3
(-0.587153,1.4978e-15)
(-0.799312,1.24007e-15)
(-0.127876,0)

u 2833 20 4 4 9 0 -2.59713e+12 3
(0.228837,2.36745e-16)
(-0.972508,-4.42103e-16)
(0.0431515,0)

u 2836 20 5 4 9 0 -1.37078e+12 3
(0.23667,1.72008e-17)
(-0.967348,-5.73012e-16)
(0.0906866,0)

u 2848 20 9 4 9 0 -2.78693e+12 3
(-0.600063,-1.9034e-15)
(-0.796654,-1.86479e-15)
(-0.0725771,0)

u 2851 20 0 5 9 0 -2.0637e+12 3
(-0.616114,9.04295e-16)
(-0.778449,8.58505e-16)
(-0.12009,0)

u 2863 20 4 5 9 0 -1.27312e+12 3
(0.151842,-3.60481e-16)
(-0.987013,8.1442e-16)
(0.0524349,0)

u 2866 20 5 5 9 0 -2.22728e+12 3
(0.190128,-5.05069e-16)
(-0.978874,3.16278e-16)
(0.0752162,0)

u 2878 20 9 5 9 0 -1.89261e+12 3
(-0.611118,-2.57725e-15)
(-0.785528,-2.17158e-15)
(-0.0973653,0)

u 2896 20 5 6 9 0 -1.04969e+12 3
(0.106929,9.0108e-16)
(0.992965,-1.17919e-15)
(-0.0508666,0)

u 2929 20 6 7 9 0 -4.46187e+11 3
(0.250581,1.65712e-15)
(0.962686,-6.18573e-16)
(-0.102199,0)

u 2959 20 6 8 9 0 -1.9404e+11 3
(-0.415955,-1.81623e-15)
(-0.878298,-4.56745e-16)
(0.23574,0)

