0	3.15862e-19
1.54869e+10	4.91178e-19
3.09739e+10	7.55998e-19
4.64608e+10	1.15171e-18
6.19478e+10	1.73662e-18
7.74347e+10	2.59183e-18
9.29216e+10	3.82869e-18
1.08409e+11	5.598e-18
1.23896e+11	8.10134e-18
1.39382e+11	1.16044e-17
1.54869e+11	1.64523e-17
1.70356e+11	2.30872e-17
1.85843e+11	3.20669e-17
2.0133e+11	4.40842e-17
2.16817e+11	5.99862e-17
2.32304e+11	8.07905e-17
2.47791e+11	1.07699e-16
2.63278e+11	1.42103e-16
2.78765e+11	1.85583e-16
2.94252e+11	2.39892e-16
3.09739e+11	3.06929e-16
3.25226e+11	3.88691e-16
3.40713e+11	4.87211e-16
3.562e+11	6.04474e-16
3.71687e+11	7.42315e-16
3.87173e+11	9.02303e-16
4.0266e+11	1.08561e-15
4.18147e+11	1.29287e-15
4.33634e+11	1.52407e-15
4.49121e+11	1.7784e-15
4.64608e+11	2.05418e-15
4.80095e+11	2.34882e-15
4.95582e+11	2.65873e-15
5.11069e+11	2.97946e-15
5.26556e+11	3.30573e-15
5.42043e+11	3.63162e-15
5.5753e+11	3.95078e-15
5.73017e+11	4.25672e-15
5.88504e+11	4.54313e-15
6.03991e+11	4.80421e-15
6.19478e+11	5.03504e-15
6.34964e+11	5.23189e-15
6.50451e+11	5.39251e-15
6.65938e+11	5.51641e-15
6.81425e+11	5.60494e-15
6.96912e+11	5.66137e-15
7.12399e+11	5.69083e-15
7.27886e+11	5.70014e-15
7.43373e+11	5.69752e-15
7.5886e+11	5.69221e-15
7.74347e+11	5.69401e-15
7.89834e+11	5.71279e-15
8.05321e+11	5.7579e-15
8.20808e+11	5.83764e-15
8.36295e+11	5.95877e-15
8.51782e+11	6.12603e-15
8.67269e+11	6.34176e-15
8.82755e+11	6.60572e-15
8.98242e+11	6.9149e-15
9.13729e+11	7.26357e-15
9.29216e+11	7.6435e-15
9.44703e+11	8.04422e-15
9.6019e+11	8.45348e-15
9.75677e+11	8.85786e-15
9.91164e+11	9.24334e-15
1.00665e+12	9.59606e-15
1.02214e+12	9.90298e-15
1.03762e+12	1.01526e-14
1.05311e+12	1.03356e-14
1.0686e+12	1.04453e-14
1.08409e+12	1.04781e-14
1.09957e+12	1.04339e-14
1.11506e+12	1.0316e-14
1.13055e+12	1.0131e-14
1.14603e+12	9.8889e-15
1.16152e+12	9.60233e-15
1.17701e+12	9.28634e-15
1.19249e+12	8.95769e-15
1.20798e+12	8.63422e-15
1.22347e+12	8.33408e-15
1.23896e+12	8.0751e-15
1.25444e+12	7.87407e-15
1.26993e+12	7.74613e-15
1.28542e+12	7.70423e-15
1.3009e+12	7.75869e-15
1.31639e+12	7.91692e-15
1.33188e+12	8.18317e-15
1.34736e+12	8.55856e-15
1.36285e+12	9.04104e-15
1.37834e+12	9.62565e-15
1.39382e+12	1.03048e-14
1.40931e+12	1.10684e-14
1.4248e+12	1.19049e-14
1.44029e+12	1.28008e-14
1.45577e+12	1.37421e-14
1.47126e+12	1.47139e-14
1.48675e+12	1.57013e-14
1.50223e+12	1.66899e-14
1.51772e+12	1.76655e-14
1.53321e+12	1.86147e-14
1.54869e+12	1.95253e-14
1.56418e+12	2.03859e-14
1.57967e+12	2.11863e-14
1.59515e+12	2.19175e-14
1.61064e+12	2.25719e-14
1.62613e+12	2.31429e-14
1.64162e+12	2.36257e-14
1.6571e+12	2.40169e-14
1.67259e+12	2.4315e-14
1.68808e+12	2.45207e-14
1.70356e+12	2.46368e-14
1.71905e+12	2.46689e-14
1.73454e+12	2.46255e-14
1.75002e+12	2.45178e-14
1.76551e+12	2.43602e-14
1.781e+12	2.41702e-14
1.79648e+12	2.39675e-14
1.81197e+12	2.37745e-14
1.82746e+12	2.36149e-14
1.84295e+12	2.35133e-14
1.85843e+12	2.34941e-14
1.87392e+12	2.35808e-14
1.88941e+12	2.37945e-14
1.90489e+12	2.4153e-14
1.92038e+12	2.46702e-14
1.93587e+12	2.53547e-14
1.95135e+12	2.62095e-14
1.96684e+12	2.72316e-14
1.98233e+12	2.84118e-14
1.99781e+12	2.97352e-14
2.0133e+12	3.11811e-14
2.02879e+12	3.27246e-14
2.04428e+12	3.43369e-14
2.05976e+12	3.59871e-14
2.07525e+12	3.7643e-14
2.09074e+12	3.92731e-14
2.10622e+12	4.08473e-14
2.12171e+12	4.23389e-14
2.1372e+12	4.3725e-14
2.15268e+12	4.49878e-14
2.16817e+12	4.61152e-14
2.18366e+12	4.7101e-14
2.19915e+12	4.79449e-14
2.21463e+12	4.86523e-14
2.23012e+12	4.92342e-14
2.24561e+12	4.97059e-14
2.26109e+12	5.00868e-14
2.27658e+12	5.03991e-14
2.29207e+12	5.06674e-14
2.30755e+12	5.09173e-14
2.32304e+12	5.11752e-14
2.33853e+12	5.14671e-14
2.35401e+12	5.18184e-14
2.3695e+12	5.22536e-14
2.38499e+12	5.27956e-14
2.40048e+12	5.34657e-14
2.41596e+12	5.42833e-14
2.43145e+12	5.52657e-14
2.44694e+12	5.64282e-14
2.46242e+12	5.77835e-14
2.47791e+12	5.93413e-14
2.4934e+12	6.11084e-14
2.50888e+12	6.30879e-14
2.52437e+12	6.5279e-14
2.53986e+12	6.76765e-14
2.55534e+12	7.02707e-14
2.57083e+12	7.30471e-14
2.58632e+12	7.59865e-14
2.60181e+12	7.90657e-14
2.61729e+12	8.22574e-14
2.63278e+12	8.55317e-14
2.64827e+12	8.88569e-14
2.66375e+12	9.22007e-14
2.67924e+12	9.55319e-14
2.69473e+12	9.88217e-14
2.71021e+12	1.02045e-13
2.7257e+12	1.05182e-13
2.74119e+12	1.08219e-13
2.75667e+12	1.11148e-13
2.77216e+12	1.1397e-13
2.78765e+12	1.16691e-13
2.80314e+12	1.19325e-13
2.81862e+12	1.2189e-13
2.83411e+12	1.24409e-13
2.8496e+12	1.26909e-13
2.86508e+12	1.29416e-13
2.88057e+12	1.31959e-13
2.89606e+12	1.34564e-13
2.91154e+12	1.37252e-13
2.92703e+12	1.40046e-13
2.94252e+12	1.42959e-13
2.95801e+12	1.46003e-13
2.97349e+12	1.49186e-13
2.98898e+12	1.5251e-13
3.00447e+12	1.55974e-13
3.01995e+12	1.59576e-13
3.03544e+12	1.63313e-13
3.05093e+12	1.67178e-13
3.06641e+12	1.71168e-13
3.0819e+12	1.7528e-13
3.09739e+12	1.79511e-13
3.11287e+12	1.83863e-13
3.12836e+12	1.88338e-13
3.14385e+12	1.9294e-13
3.15934e+12	1.97678e-13
3.17482e+12	2.02559e-13
3.19031e+12	2.07594e-13
3.2058e+12	2.12793e-13
3.22128e+12	2.18165e-13
3.23677e+12	2.23723e-13
3.25226e+12	2.29475e-13
3.26774e+12	2.3543e-13
3.28323e+12	2.41598e-13
3.29872e+12	2.47986e-13
3.3142e+12	2.54601e-13
3.32969e+12	2.61454e-13
3.34518e+12	2.68553e-13
3.36067e+12	2.7591e-13
3.37615e+12	2.83542e-13
3.39164e+12	2.91465e-13
3.40713e+12	2.99702e-13
3.42261e+12	3.08278e-13
3.4381e+12	3.17223e-13
3.45359e+12	3.2657e-13
3.46907e+12	3.3635e-13
3.48456e+12	3.46599e-13
3.50005e+12	3.57348e-13
3.51553e+12	3.68625e-13
3.53102e+12	3.80451e-13
3.54651e+12	3.92837e-13
3.562e+12	4.05785e-13
3.57748e+12	4.19284e-13
3.59297e+12	4.33306e-13
3.60846e+12	4.47811e-13
3.62394e+12	4.62743e-13
3.63943e+12	4.78035e-13
3.65492e+12	4.93606e-13
3.6704e+12	5.09366e-13
3.68589e+12	5.25224e-13
3.70138e+12	5.41082e-13
3.71687e+12	5.5685e-13
3.73235e+12	5.72441e-13
3.74784e+12	5.87783e-13
3.76333e+12	6.02816e-13
3.77881e+12	6.17498e-13
3.7943e+12	6.31804e-13
3.80979e+12	6.4573e-13
3.82527e+12	6.5929e-13
3.84076e+12	6.72512e-13
3.85625e+12	6.8544e-13
3.87173e+12	6.98124e-13
3.88722e+12	7.10618e-13
3.90271e+12	7.22977e-13
3.9182e+12	7.35246e-13
3.93368e+12	7.47459e-13
3.94917e+12	7.59635e-13
3.96466e+12	7.7177e-13
3.98014e+12	7.83842e-13
3.99563e+12	7.95803e-13
4.01112e+12	8.07587e-13
4.0266e+12	8.19107e-13
4.04209e+12	8.30263e-13
4.05758e+12	8.40946e-13
4.07306e+12	8.51044e-13
4.08855e+12	8.60451e-13
4.10404e+12	8.69071e-13
4.11953e+12	8.76827e-13
4.13501e+12	8.83669e-13
4.1505e+12	8.89571e-13
4.16599e+12	8.94543e-13
4.18147e+12	8.98626e-13
4.19696e+12	9.01896e-13
4.21245e+12	9.04454e-13
4.22793e+12	9.06432e-13
4.24342e+12	9.07977e-13
4.25891e+12	9.0925e-13
4.27439e+12	9.10416e-13
4.28988e+12	9.11637e-13
4.30537e+12	9.13063e-13
4.32086e+12	9.14829e-13
4.33634e+12	9.17042e-13
4.35183e+12	9.19784e-13
4.36732e+12	9.23107e-13
4.3828e+12	9.27031e-13
4.39829e+12	9.31546e-13
4.41378e+12	9.36613e-13
4.42926e+12	9.42172e-13
4.44475e+12	9.48139e-13
4.46024e+12	9.5442e-13
4.47572e+12	9.60911e-13
4.49121e+12	9.67503e-13
4.5067e+12	9.74092e-13
4.52219e+12	9.80577e-13
4.53767e+12	9.86868e-13
4.55316e+12	9.92888e-13
4.56865e+12	9.98572e-13
4.58413e+12	1.00387e-12
4.59962e+12	1.00874e-12
4.61511e+12	1.01317e-12
4.63059e+12	1.01714e-12
4.64608e+12	1.02064e-12
4.66157e+12	1.02369e-12
4.67706e+12	1.02628e-12
4.69254e+12	1.02842e-12
4.70803e+12	1.03015e-12
4.72352e+12	1.03145e-12
4.739e+12	1.03236e-12
4.75449e+12	1.03287e-12
4.76998e+12	1.03302e-12
4.78546e+12	1.0328e-12
4.80095e+12	1.03224e-12
4.81644e+12	1.03134e-12
4.83192e+12	1.03014e-12
4.84741e+12	1.02865e-12
4.8629e+12	1.0269e-12
4.87839e+12	1.02491e-12
4.89387e+12	1.02273e-12
4.90936e+12	1.02037e-12
4.92485e+12	1.01787e-12
4.94033e+12	1.01527e-12
4.95582e+12	1.01259e-12
4.97131e+12	1.00986e-12
4.98679e+12	1.0071e-12
5.00228e+12	1.00433e-12
5.01777e+12	1.00154e-12
5.03325e+12	9.98749e-13
5.04874e+12	9.95933e-13
5.06423e+12	9.93075e-13
5.07972e+12	9.90151e-13
5.0952e+12	9.87128e-13
5.11069e+12	9.83968e-13
5.12618e+12	9.8063e-13
5.14166e+12	9.77071e-13
5.15715e+12	9.73246e-13
5.17264e+12	9.69114e-13
5.18812e+12	9.64636e-13
5.20361e+12	9.59778e-13
5.2191e+12	9.54512e-13
5.23458e+12	9.48819e-13
5.25007e+12	9.42689e-13
5.26556e+12	9.3612e-13
5.28105e+12	9.29123e-13
5.29653e+12	9.21721e-13
5.31202e+12	9.13948e-13
5.32751e+12	9.0585e-13
5.34299e+12	8.97486e-13
5.35848e+12	8.88925e-13
5.37397e+12	8.80248e-13
5.38945e+12	8.71542e-13
5.40494e+12	8.62902e-13
5.42043e+12	8.54425e-13
5.43592e+12	8.4621e-13
5.4514e+12	8.38352e-13
5.46689e+12	8.30938e-13
5.48238e+12	8.24045e-13
5.49786e+12	8.17736e-13
5.51335e+12	8.12056e-13
5.52884e+12	8.07028e-13
5.54432e+12	8.02655e-13
5.55981e+12	7.98915e-13
5.5753e+12	7.95763e-13
5.59078e+12	7.93134e-13
5.60627e+12	7.90943e-13
5.62176e+12	7.89091e-13
5.63725e+12	7.8747e-13
5.65273e+12	7.85964e-13
5.66822e+12	7.84463e-13
5.68371e+12	7.82862e-13
5.69919e+12	7.8107e-13
5.71468e+12	7.79015e-13
5.73017e+12	7.76646e-13
5.74565e+12	7.7394e-13
5.76114e+12	7.70899e-13
5.77663e+12	7.67552e-13
5.79211e+12	7.63953e-13
5.8076e+12	7.60176e-13
5.82309e+12	7.56314e-13
5.83858e+12	7.52468e-13
5.85406e+12	7.48747e-13
5.86955e+12	7.45254e-13
5.88504e+12	7.42085e-13
5.90052e+12	7.3932e-13
5.91601e+12	7.3702e-13
5.9315e+12	7.35222e-13
5.94698e+12	7.33935e-13
5.96247e+12	7.3314e-13
5.97796e+12	7.32795e-13
5.99344e+12	7.3283e-13
6.00893e+12	7.33157e-13
6.02442e+12	7.33673e-13
6.03991e+12	7.34266e-13
6.05539e+12	7.34821e-13
6.07088e+12	7.35229e-13
6.08637e+12	7.35389e-13
6.10185e+12	7.35218e-13
6.11734e+12	7.34652e-13
6.13283e+12	7.33649e-13
6.14831e+12	7.32194e-13
6.1638e+12	7.30294e-13
6.17929e+12	7.27978e-13
6.19478e+12	7.25297e-13
6.21026e+12	7.22316e-13
6.22575e+12	7.19109e-13
6.24124e+12	7.15755e-13
6.25672e+12	7.12335e-13
6.27221e+12	7.08922e-13
6.2877e+12	7.05578e-13
6.30318e+12	7.02352e-13
6.31867e+12	6.99279e-13
6.33416e+12	6.9637e-13
6.34964e+12	6.93623e-13
6.36513e+12	6.91015e-13
6.38062e+12	6.88507e-13
6.39611e+12	6.86046e-13
6.41159e+12	6.83568e-13
6.42708e+12	6.81002e-13
6.44257e+12	6.7827e-13
6.45805e+12	6.75295e-13
6.47354e+12	6.72e-13
6.48903e+12	6.68312e-13
6.50451e+12	6.64169e-13
6.52e+12	6.59514e-13
6.53549e+12	6.54303e-13
6.55097e+12	6.48503e-13
6.56646e+12	6.42094e-13
6.58195e+12	6.35069e-13
6.59744e+12	6.27432e-13
6.61292e+12	6.192e-13
6.62841e+12	6.104e-13
6.6439e+12	6.01068e-13
6.65938e+12	5.91248e-13
6.67487e+12	5.80987e-13
6.69036e+12	5.70336e-13
6.70584e+12	5.59347e-13
6.72133e+12	5.4807e-13
6.73682e+12	5.3655e-13
6.7523e+12	5.24828e-13
6.76779e+12	5.12935e-13
6.78328e+12	5.00897e-13
6.79877e+12	4.88731e-13
6.81425e+12	4.76444e-13
6.82974e+12	4.64037e-13
6.84523e+12	4.51503e-13
6.86071e+12	4.38832e-13
6.8762e+12	4.26007e-13
6.89169e+12	4.13014e-13
6.90717e+12	3.99838e-13
6.92266e+12	3.86466e-13
6.93815e+12	3.72891e-13
6.95363e+12	3.59112e-13
6.96912e+12	3.45135e-13
6.98461e+12	3.30975e-13
7.0001e+12	3.16655e-13
7.01558e+12	3.02209e-13
7.03107e+12	2.87677e-13
7.04656e+12	2.73108e-13
7.06204e+12	2.58557e-13
7.07753e+12	2.44083e-13
7.09302e+12	2.29751e-13
7.1085e+12	2.15627e-13
7.12399e+12	2.01777e-13
7.13948e+12	1.88266e-13
7.15497e+12	1.75155e-13
7.17045e+12	1.62505e-13
7.18594e+12	1.50366e-13
7.20143e+12	1.38787e-13
7.21691e+12	1.27807e-13
7.2324e+12	1.17458e-13
7.24789e+12	1.07764e-13
7.26337e+12	9.87412e-14
7.27886e+12	9.03974e-14
7.29435e+12	8.27319e-14
7.30983e+12	7.57358e-14
7.32532e+12	6.93927e-14
7.34081e+12	6.36785e-14
7.3563e+12	5.85621e-14
7.37178e+12	5.40063e-14
7.38727e+12	4.99685e-14
7.40276e+12	4.64015e-14
7.41824e+12	4.32548e-14
7.43373e+12	4.04758e-14
7.44922e+12	3.80112e-14
7.4647e+12	3.58082e-14
7.48019e+12	3.3816e-14
7.49568e+12	3.19874e-14
7.51116e+12	3.02795e-14
7.52665e+12	2.86549e-14
7.54214e+12	2.70827e-14
7.55763e+12	2.55385e-14
7.57311e+12	2.40048e-14
7.5886e+12	2.2471e-14
7.60409e+12	2.09326e-14
7.61957e+12	1.93906e-14
7.63506e+12	1.78508e-14
7.65055e+12	1.63225e-14
7.66603e+12	1.48176e-14
7.68152e+12	1.33492e-14
7.69701e+12	1.19309e-14
7.71249e+12	1.05757e-14
7.72798e+12	9.2951e-15
7.74347e+12	8.09884e-15
7.75896e+12	6.99425e-15
7.77444e+12	5.98612e-15
7.78993e+12	5.07674e-15
7.80542e+12	4.26596e-15
7.8209e+12	3.55142e-15
7.83639e+12	2.92896e-15
7.85188e+12	2.39289e-15
7.86736e+12	1.93647e-15
7.88285e+12	1.55223e-15
7.89834e+12	1.23238e-15
7.91383e+12	9.69094e-16
7.92931e+12	7.54755e-16
7.9448e+12	5.82177e-16
7.96029e+12	4.4474e-16
7.97577e+12	3.36474e-16
7.99126e+12	2.52106e-16
8.00675e+12	1.87067e-16
8.02223e+12	1.37463e-16
8.03772e+12	1.00034e-16

