2176.0000 0.05 1
1.11111
4.44444
11.1111
2.22222
11.1111
4.44444
13.3333
11.1111
20
11.1111
6.66667
11.1111
24.4444
23.3333
17.7778
23.3333
26.6667
18.8889
13.3333
34.4444
16.6667
11.1111
2.22222
10
14.4444
14.4444
36.6667
37.7778
25.5556
40
11.1111
26.6667
17.7778
33.3333
22.2222
32.2222
28.8889
25.5556
40
24.4444
32.2222
46.6667
36.6667
47.7778
70
55.5556
54.4444
43.3333
80
106.667
97.7778
124.444
127.778
132.222
155.556
144.444
161.111
192.222
187.778
206.667
214.444
267.778
192.222
230
234.444
286.667
240
276.667
253.333
261.111
287.778
304.444
317.778
340
316.667
350
284.444
350
304.444
306.667
294.444
297.778
295.556
277.778
314.444
271.111
251.111
281.111
296.667
297.778
314.444
314.444
325.556
307.778
335.556
314.444
318.889
295.556
292.222
296.667
305.556
290
332.222
355.556
318.889
360
374.444
358.889
353.333
352.222
336.667
295.556
253.333
215.556
177.778
160
188.889
241.111
264.444
331.111
350
397.778
421.111
395.556
432.222
411.111
450
400
382.222
354.444
344.444
373.333
347.778
394.444
380
376.667
386.667
427.778
406.667
456.667
410
404.444
411.111
356.667
357.778
381.111
364.444
375.556
436.667
415.556
407.778
441.111
403.333
341.111
352.222
320
351.111
314.444
331.111
255.556
285.556
256.667
267.778
264.444
242.222
224.444
274.444
211.111
245.556
215.556
231.111
260
221.111
244.444
232.222
216.667
208.889
227.778
174.444
205.556
176.667
200
173.333
176.667
254.444
235.556
232.222
213.333
215.556
170
174.444
197.778
262.222
236.667
224.444
270
242.222
227.778
260
347.778
340
320
303.333
332.222
305.556
335.556
376.667
413.333
432.222
425.556
443.333
436.667
505.556
474.444
501.111
472.222
426.667
350
315.556
227.778
118.889
21.1111
1.11111
0
0
0
0
0
0
0
0
0
0
0
0
0
0
0
0
0
0
0
0
0
0
4.44444
2.22222
0
0
2.22222
2.22222
4.44444
4.44444
0
3.33333
2.22222
0
4.44444
2.22222
4.44444
4.44444
2.22222
2.22222
2.22222
3.33333
0
2.22222
0
0
2.22222
0
2.22222
0
