-0.000878 0.011237 0.012840
-0.009930 0.003268 0.001468
-0.000625 0.019485 0.000884
0.014354 0.003618 -0.003405
-0.000873 0.014908 -0.006796
-0.009668 0.001774 -0.001604
-0.000661 0.003421 0.005017
0.000411 -0.016506 -0.003598
-0.003651 -0.011362 -0.001773
-0.012157 -0.003803 -0.001925
0.011288 -0.004492 0.000816
-0.009657 -0.005723 -0.003394
0.004330 -0.007751 0.003488
0.003926 -0.019931 -0.000661
-0.004159 -0.000021 -0.000112
0.013707 -0.010896 0.002464
-0.001276 0.011161 0.012222
-0.007956 0.001174 0.000672
-0.004166 0.022981 0.000597
0.011401 0.008537 -0.002363
-0.000908 0.016673 -0.004909
-0.011602 0.000336 -0.002569
-0.000188 0.002946 0.004767
0.000513 -0.015833 -0.003342
-0.004394 -0.011324 -0.000999
-0.012419 -0.005636 -0.001901
0.011231 -0.005734 0.001535
-0.010535 -0.004842 -0.003539
0.004236 -0.007709 0.004171
0.004178 -0.019832 -0.002156
-0.004014 0.000423 0.000921
0.013242 -0.010861 0.003311
0.000384 0.010501 0.012482
-0.008909 0.001564 0.000659
-0.003076 0.019599 -0.003883
0.010733 0.007625 -0.003935
-0.001079 0.015054 -0.006207
-0.008996 0.000746 -0.001695
-0.001279 0.004580 0.004238
-0.000506 -0.015435 -0.002436
-0.002189 -0.011765 -0.001415
-0.009710 -0.004754 -0.001427
0.011028 -0.006766 -0.000048
-0.009104 -0.007238 -0.003375
0.004943 -0.007497 0.003243
0.002315 -0.019046 -0.001605
-0.003468 0.000307 0.001184
0.013754 -0.011238 0.003088
0.001548 0.103051 0.115526
0.007849 0.012287 0.002738
0.000970 0.024028 0.001003
0.012823 0.008083 -0.001740
-0.004085 0.016619 -0.006081
-0.008126 -0.001776 -0.006751
-0.001356 0.003152 0.004110
-0.001149 -0.009206 0.002488
-0.005586 -0.012381 -0.001230
-0.010576 -0.005326 -0.002693
0.011496 -0.008411 0.000612
-0.007738 -0.004490 -0.003090
0.001178 -0.009472 0.003057
0.003078 -0.019531 0.000265
-0.003754 0.000473 0.007620
0.009218 -0.014904 0.006976
-0.000129 0.011234 0.012579
-0.008760 0.001807 0.001670
-0.001526 0.019230 0.000994
0.012857 0.007527 -0.008217
-0.001977 0.015788 -0.005511
-0.007597 0.000244 -0.001865
-0.000300 0.003625 0.004447
-0.000655 -0.014912 -0.003269
-0.002962 -0.011389 -0.000274
-0.010519 -0.005355 0.002438
0.011146 -0.008768 -0.000073
-0.009737 -0.006610 -0.003528
0.004318 -0.007474 0.003913
0.002939 -0.019147 -0.002235
-0.003671 0.001101 0.000272
0.013903 -0.011884 0.002511
-0.001744 0.010487 0.012817
-0.007059 0.002680 -0.004119
-0.002077 0.018448 0.001784
0.011826 0.005180 -0.007650
-0.001147 0.016306 -0.004268
-0.012893 -0.000669 -0.007292
0.002179 0.002117 0.004465
-0.000281 -0.015508 -0.004282
-0.003661 -0.011819 0.002530
-0.009040 -0.005978 -0.001797
0.011595 -0.006730 0.001079
-0.009409 -0.006148 -0.007701
0.004424 -0.007861 0.008942
0.003211 -0.019256 -0.001369
-0.004213 -0.000561 0.000888
0.013250 -0.011716 0.004134
-0.000493 0.010950 0.011430
-0.004060 0.000168 0.002005
-0.001720 0.018817 0.001167
0.010171 0.002930 -0.001967
-0.001517 0.016254 -0.006532
-0.009521 -0.003167 -0.001908
0.071390 -0.034925 0.091350
-0.000283 -0.016407 -0.002595
-0.002768 -0.010794 0.002157
-0.012762 -0.004232 -0.002173
0.011274 -0.005966 0.002644
-0.012136 -0.020695 -0.630764
0.006252 -0.006000 0.007827
0.003061 -0.019758 -0.001516
-0.002927 0.001022 0.000752
0.013261 -0.011618 0.002232
-0.001173 0.013617 0.011929
-0.012486 -0.000395 0.005313
-0.001915 0.021104 -0.004355
0.013127 0.007438 -0.001940
-0.063655 0.051256 0.072310
-0.006824 -0.001714 -0.002745
-0.000726 0.003178 0.006634
0.002009 -0.021362 0.002922
-0.002501 -0.010250 -0.000506
-0.011841 -0.004966 -0.001945
0.011342 -0.004094 0.000762
-0.010928 -0.007237 -0.004137
0.007940 -0.005829 0.003409
0.003281 -0.019367 -0.002876
-0.003752 -0.000017 -0.001274
0.018827 -0.009731 0.008591
-0.001867 0.004619 -0.009733
0.007441 0.010077 -0.001817
-0.011151 0.011437 0.002234
0.006375 0.023701 -0.001222
0.003631 -0.000464 -0.000639
0.001391 0.004276 -0.010843
-0.007310 -0.003672 0.001943
0.004091 -0.014985 0.002172
-0.000688 0.007935 -0.001291
0.017868 -0.012451 0.002653
-0.008756 0.010299 0.000544
-0.007459 0.000314 -0.000081
0.011564 -0.005382 -0.001031
0.002662 -0.009420 0.010879
0.010254 -0.009892 0.002653
-0.016602 -0.011896 0.002403
-0.001580 0.002914 -0.004856
0.007147 0.008231 -0.001754
-0.008989 0.010733 0.002333
0.006138 0.023464 -0.000204
0.000621 -0.002108 0.000055
0.000896 0.003766 -0.010754
-0.008595 -0.002451 0.001473
0.004929 0.005093 -0.000433
0.000088 0.008513 -0.002444
0.018579 -0.011873 0.002991
-0.008637 0.010236 0.001494
-0.004657 -0.001547 0.000084
0.011571 -0.005539 0.000331
-0.003439 -0.005111 0.003060
0.010357 -0.009512 0.002214
-0.016657 -0.012086 0.001258
0.000026 0.005226 -0.004644
0.008076 0.008349 -0.003275
-0.010384 0.010911 0.003235
0.007299 0.023321 -0.002157
-0.000226 -0.004002 0.000413
0.000546 0.004525 -0.008522
-0.008517 -0.001920 -0.000019
0.003247 0.006604 0.000275
-0.000304 0.007599 -0.001285
0.017898 -0.011357 0.000824
-0.008347 0.010285 0.001573
-0.005575 -0.000720 -0.000616
0.011659 -0.005499 -0.000396
-0.003524 -0.005451 0.003487
0.010516 -0.010019 0.002571
-0.016868 -0.012097 0.001561
-0.000143 0.003446 -0.004353
0.007592 0.007382 -0.001719
-0.013171 0.013441 0.002335
0.006436 0.022220 -0.002126
-0.000903 -0.003731 -0.000220
0.001805 0.004993 -0.009955
-0.004622 -0.000292 0.004440
0.003394 0.005759 -0.000964
-0.000893 0.007470 -0.000960
0.017569 -0.007101 0.006243
-0.008683 0.009656 0.000790
-0.004894 -0.000622 0.000473
0.011719 -0.005687 -0.002275
-0.002973 -0.005366 0.004185
0.009921 -0.009901 0.022722
-0.013842 -0.017157 0.006600
-0.004595 0.000314 -0.005901
0.007302 0.007338 -0.003048
-0.010317 0.010144 0.003026
0.006399 0.023002 -0.001654
0.001282 -0.003388 -0.005448
0.000689 0.004733 -0.009514
-0.007908 -0.003647 0.000717
0.002294 0.008298 0.006603
-0.000470 0.007822 -0.002358
0.018186 -0.010449 0.003169
-0.008246 0.010164 0.000662
-0.002779 -0.002369 0.000052
0.011753 -0.005770 -0.000592
-0.008512 -0.002762 0.009995
0.010424 -0.009113 0.002859
-0.016462 -0.012380 0.001860
0.001719 0.001751 0.002007
0.005764 0.028024 0.000079
-0.008098 0.011486 -0.001802
0.008146 0.024180 -0.002055
-0.002200 -0.000926 0.006551
0.000759 0.002226 -0.009332
-0.010109 -0.003361 -0.003703
0.004054 0.005720 -0.000437
-0.001110 0.006753 -0.003183
0.018108 -0.011817 0.002178
-0.008323 0.009395 0.006388
-0.004431 -0.000817 0.004365
0.016293 -0.002753 0.006220
-0.003218 -0.005727 0.002745
0.010574 -0.009504 0.001886
-0.016288 -0.012031 0.002203
-0.016136 0.012604 -0.001287
0.007482 0.005579 0.004686
-0.010388 0.014027 0.002838
0.075473 0.057376 0.069207
0.017536 -0.010375 0.004621
-0.001468 -0.069925 0.065849
-0.013396 -0.000413 0.001926
0.000958 0.005457 -0.000864
-0.076752 -0.029450 0.078060
0.017902 -0.011788 0.001539
-0.007970 0.010433 0.006399
-0.006872 -0.000416 0.001138
0.007149 -0.008430 0.006296
-0.003349 -0.005467 0.004335
0.010436 -0.009690 0.001832
-0.016560 -0.011060 0.002740
0.000668 0.003770 -0.005090
0.007086 0.008841 -0.002574
-0.009876 0.012112 -0.002714
0.007076 0.023669 -0.000316
0.000103 -0.002332 0.000411
0.001525 0.004265 -0.010374
-0.025179 -0.011759 0.003449
0.002721 0.004684 0.000418
0.000412 0.010196 -0.002618
0.018914 -0.014386 0.007430
-0.007856 0.010844 0.001006
-0.005255 -0.001672 -0.000154
0.011779 -0.005906 0.000215
-0.003411 -0.005910 0.004008
0.009721 -0.009536 0.024480
-0.020162 -0.007675 0.006638
