2176.0000 0.05 1
1.11111
4.44444
11.1111
2.22222
11.1111
4.44444
13.3333
11.1111
20
11.1111
6.66667
11.1111
24.4444
23.3333
17.7778
23.3333
26.6667
18.8889
13.3333
34.4444
16.6667
8.88889
4.44444
10
14.4444
16.6667
34.4444
40
23.3333
40
11.1111
26.6667
17.7778
31.1111
24.4444
32.2222
26.6667
27.7778
40
24.4444
32.2222
46.6667
36.6667
47.7778
70
55.5556
56.6667
41.1111
80
106.667
95.5556
126.667
127.778
136.667
151.111
146.667
161.111
190
190
204.444
214.444
267.778
194.444
227.778
232.222
288.889
237.778
278.889
253.333
263.333
288.889
301.111
317.778
340
316.667
350
284.444
347.778
305.556
307.778
295.556
301.111
293.333
280
312.222
271.111
248.889
285.556
292.222
297.778
314.444
314.444
325.556
307.778
336.667
317.778
314.444
295.556
291.111
304.444
300
293.333
327.778
357.778
320
357.778
375.556
363.333
348.889
352.222
341.111
293.333
251.111
215.556
175.556
160
191.111
241.111
262.222
333.333
351.111
397.778
415.556
404.444
424.444
410
452.222
400
382.222
358.889
342.222
368.889
350
396.667
381.111
376.667
385.556
427.778
406.667
458.889
405.556
408.889
408.889
356.667
360
378.889
364.444
378.889
433.333
417.778
410
438.889
401.111
336.667
354.444
322.222
351.111
316.667
326.667
255.556
283.333
265.556
270
255.556
244.444
222.222
276.667
211.111
241.111
217.778
232.222
261.111
218.889
246.667
232.222
214.444
208.889
225.556
178.889
205.556
174.444
200
173.333
174.444
258.889
235.556
232.222
211.111
215.556
168.889
176.667
196.667
262.222
238.889
224.444
271.111
241.111
225.556
257.778
352.222
342.222
315.556
305.556
327.778
311.111
334.444
377.778
416.667
423.333
432.222
445.556
430
510
470
503.333
467.778
435.556
347.778
313.333
225.556
121.111
18.8889
1.11111
0
0
0
0
0
0
0
0
0
0
0
0
0
0
0
0
0
0
0
0
0
0
4.44444
2.22222
0
0
2.22222
2.22222
0
6.66667
2.22222
5.55556
0
0
4.44444
4.44444
4.44444
2.22222
2.22222
2.22222
2.22222
2.22222
1.11111
2.22222
0
0
2.22222
2.22222
0
