-0.000048 0.010143 0.012165
-0.006198 0.005937 0.000900
-0.000914 0.018279 -0.000004
0.011786 0.007702 -0.001636
0.014528 0.006283 -0.010517
-0.008747 0.001977 -0.003624
0.000359 0.004177 0.004566
-0.000284 -0.016473 -0.004286
-0.003474 -0.011831 -0.001993
-0.011488 -0.005622 -0.002318
0.010760 -0.005785 0.001375
-0.009951 -0.006183 -0.002871
0.004471 -0.007510 0.004306
0.003252 -0.018922 -0.000193
-0.004543 -0.002758 -0.003803
0.013693 -0.011450 0.003015
-0.000198 0.010771 0.012018
-0.009425 0.001227 0.000322
-0.001002 0.018817 0.001095
0.011201 0.008580 -0.002614
-0.001760 0.016280 -0.005539
-0.009900 0.000391 -0.004077
0.003474 0.000608 0.000708
0.000332 -0.015680 -0.002786
-0.004078 -0.011599 0.000121
-0.011441 -0.005553 -0.001831
0.011126 -0.006277 0.001459
-0.011125 -0.006025 -0.003408
0.004394 -0.007550 0.005409
0.003560 -0.019545 -0.000441
-0.003769 0.000388 0.001811
0.013501 -0.011187 0.003359
-0.000626 0.010952 0.011912
-0.009575 0.000688 -0.000368
-0.002692 0.019873 0.000063
0.011203 0.008181 -0.004789
-0.001854 0.015793 -0.007631
-0.008044 0.000772 -0.001933
-0.017153 0.014145 0.000536
-0.000255 -0.015673 -0.002525
-0.002801 -0.011363 -0.000617
-0.011070 -0.004487 -0.001823
0.011546 -0.006841 0.000471
-0.008489 -0.006238 -0.003717
0.004088 -0.008054 0.005374
0.002946 -0.019319 -0.000419
-0.003702 0.000399 0.003027
0.014082 -0.011211 0.003732
-0.054775 0.038651 -0.050437
-0.010847 0.006133 0.000822
-0.000314 -0.045802 -0.064629
0.010852 0.007109 -0.002858
0.000209 0.014656 -0.001250
-0.013804 -0.002079 -0.005762
-0.000409 0.004612 0.003907
-0.006787 -0.010722 -0.008768
-0.002199 -0.011625 -0.000273
-0.011293 -0.005431 -0.003454
0.013465 -0.012239 -0.005347
-0.009776 -0.005634 -0.003511
0.004681 -0.007334 0.004144
0.000679 -0.021960 -0.002539
-0.003645 0.000569 0.004311
0.019580 -0.008570 -0.003506
-0.000757 0.011927 0.011756
-0.008734 0.003170 0.005547
-0.001642 0.018610 0.000389
0.011862 0.007700 -0.004037
-0.005090 0.018441 -0.010044
-0.009055 0.001700 -0.002550
-0.000399 0.002933 0.003587
-0.000490 -0.015116 -0.002061
-0.003736 -0.011489 0.000561
-0.011454 -0.005848 -0.002126
0.011378 -0.006885 0.001003
-0.009407 -0.006471 -0.003590
0.004552 -0.007393 0.004230
0.003583 -0.019365 -0.000906
-0.003270 0.004963 -0.003442
0.014077 -0.011131 0.002961
-0.000062 0.011050 0.010583
-0.009051 0.001019 -0.000592
-0.000161 0.019317 0.000239
0.012074 0.010938 -0.003055
-0.000654 0.016337 -0.006800
-0.007801 0.001699 0.001415
-0.000901 0.004562 0.008868
-0.000231 -0.015884 -0.002765
-0.003028 -0.011166 0.000765
-0.007179 -0.002305 -0.006486
0.011294 -0.007104 0.002771
-0.010374 -0.006719 -0.007936
0.004647 -0.006434 -0.003261
-0.000375 -0.021378 -0.000560
-0.003909 -0.000161 0.002362
0.013693 -0.011612 0.002227
0.000079 0.010935 0.012428
-0.007476 0.002430 0.001001
-0.001496 0.019258 0.001582
0.009701 0.088807 -0.099390
-0.001821 0.014864 -0.006880
-0.004730 0.000179 -0.002909
-0.004503 0.002377 0.005426
0.000347 -0.015813 -0.004089
-0.003981 -0.012115 -0.001542
-0.016302 -0.007757 -0.007455
0.011266 -0.006511 0.000223
-0.009341 0.000795 -0.004128
0.001748 -0.009710 0.002591
0.007006 -0.017757 -0.000056
-0.003273 0.001380 0.002191
0.014270 -0.011121 0.006158
-0.002640 0.012090 0.012680
-0.010989 0.001071 0.006577
-0.000958 0.017434 0.000935
0.012271 0.007602 -0.001835
0.003234 0.018301 -0.005600
0.009848 0.012057 -0.005837
-0.001415 0.002664 0.004237
0.004521 -0.019607 -0.009497
-0.004340 -0.011512 0.000378
-0.011388 -0.005085 -0.001856
0.011052 0.000596 -0.006819
-0.008805 -0.005768 -0.003503
0.003743 -0.008654 0.004425
0.004237 -0.020190 -0.006845
-0.004824 0.000730 0.001083
0.009870 -0.014675 -0.002649
-0.000352 0.003111 -0.005901
0.007469 0.010281 0.001830
-0.009660 0.008945 0.001794
0.006868 0.024177 -0.000816
0.000362 -0.003354 -0.000665
0.001570 0.004019 -0.010283
-0.010441 -0.005150 0.001598
0.004118 0.005410 -0.000343
-0.000801 0.007645 -0.000775
0.017888 -0.010834 0.003623
-0.008208 0.010599 0.002269
-0.005309 -0.001302 -0.000042
0.011416 -0.003301 -0.000338
-0.003078 -0.005700 0.005483
0.010203 -0.009965 0.002847
-0.015427 -0.014328 -0.003804
-0.000292 0.003003 -0.005143
0.009755 0.009485 0.002606
-0.011171 0.011068 0.002267
0.006669 0.023173 -0.000533
0.000615 -0.002315 -0.001873
0.000429 0.005092 -0.009770
-0.008049 -0.001346 -0.000288
0.003599 0.005719 -0.000025
-0.001633 0.007615 -0.001971
0.018169 -0.011572 0.003417
-0.007377 0.010149 0.001570
-0.004233 -0.001912 0.000409
0.011326 -0.005222 -0.001789
-0.003448 -0.005521 0.004925
0.009958 -0.009497 0.002610
-0.016658 -0.011113 0.001787
-0.000547 0.003614 -0.006314
0.008774 0.012415 -0.002488
-0.009829 0.010490 0.002234
0.007853 0.023754 -0.001244
-0.000156 -0.002544 -0.000066
0.001412 0.004505 -0.010435
-0.008752 -0.002159 0.000335
0.002561 0.005849 -0.001079
0.000257 0.007981 -0.001273
0.017722 -0.011455 0.002519
-0.009424 0.010353 0.002320
-0.005699 -0.000589 0.000137
0.011853 -0.005807 -0.002750
-0.003293 -0.004949 0.005256
0.010330 -0.009878 0.002455
-0.016940 -0.012640 0.001509
-0.000044 0.003565 -0.006141
0.007824 0.008579 -0.003018
-0.026535 0.001408 -0.000986
0.007974 0.022064 -0.001560
0.000327 -0.000900 -0.000396
0.000763 0.004591 -0.011661
-0.004912 -0.003476 0.007026
0.006318 0.002463 0.001435
-0.000486 0.006888 -0.002574
0.019215 -0.011576 -0.017458
-0.007076 0.011031 0.001585
-0.006008 -0.002076 0.000275
0.011624 -0.005345 -0.001238
-0.003111 -0.004807 0.005384
0.004676 -0.007397 -0.002690
-0.014072 -0.012779 0.001145
-0.000754 0.003601 -0.004918
0.003703 0.010862 -0.001437
-0.009948 0.010861 0.001547
0.006891 0.021956 -0.001373
0.000332 -0.002060 -0.000417
0.000696 0.004739 -0.010298
-0.008151 -0.004677 0.004761
0.002801 0.005702 -0.000738
-0.000161 0.008613 -0.002507
0.017776 -0.012238 0.002543
-0.008885 0.009593 0.001083
-0.005166 -0.000468 0.000445
0.011939 -0.008568 -0.000178
-0.003701 -0.005232 0.005701
0.010268 -0.009439 0.004382
-0.017259 -0.012079 -0.005977
0.001337 0.003462 -0.005389
0.006330 0.009513 -0.002447
-0.012842 0.009627 0.006537
0.007125 0.027518 -0.009218
-0.001928 -0.003271 -0.000820
0.002802 0.003103 -0.009497
-0.008233 -0.001967 -0.000423
0.001295 0.004152 0.005452
0.000384 0.005075 -0.010633
0.018056 -0.011532 0.004037
-0.008127 0.009923 -0.000664
-0.004710 -0.001173 0.003469
0.011404 -0.005187 0.000560
-0.003449 -0.005399 -0.002235
0.010729 -0.009564 0.003479
-0.017287 -0.011339 0.001728
0.055914 0.033680 -0.061420
0.007844 0.007568 -0.002974
-0.014664 0.012049 0.001174
0.004580 0.003023 -0.006280
-0.064694 -0.039174 -0.073383
0.060983 -0.025765 -0.072442
-0.009587 -0.002620 0.000422
0.001235 0.001558 -0.001213
-0.000530 0.025689 -0.005556
0.018107 -0.011822 0.003210
-0.007675 0.013234 -0.004776
0.003807 -0.015593 0.571095
0.011279 -0.006516 0.000177
-0.002363 -0.005458 0.001589
0.009800 -0.009873 0.003157
-0.016521 -0.012239 0.001773
-0.000489 0.001055 -0.004984
0.008335 0.007522 -0.002403
-0.006499 0.011855 -0.003116
0.006794 0.024160 -0.002598
-0.000175 -0.002746 -0.001313
0.000957 0.004079 -0.009550
-0.007534 -0.006016 0.001122
0.002875 0.004484 0.004773
-0.001841 0.008348 -0.001741
0.017305 -0.012372 -0.019223
-0.009762 0.010332 0.001061
-0.003869 -0.000634 -0.000277
0.010916 -0.005079 -0.001615
-0.003371 -0.006437 0.004982
0.013234 -0.012742 -0.004996
-0.020157 -0.010647 0.000933
