2176.0000 0.05 1
1.11111
4.44444
11.1111
2.22222
11.1111
4.44444
13.3333
11.1111
20
11.1111
6.66667
11.1111
24.4444
23.3333
17.7778
23.3333
26.6667
18.8889
13.3333
32.2222
18.8889
8.88889
4.44444
10
14.4444
16.6667
34.4444
37.7778
27.7778
37.7778
13.3333
24.4444
17.7778
33.3333
22.2222
32.2222
28.8889
25.5556
40
24.4444
32.2222
46.6667
36.6667
47.7778
70
57.7778
54.4444
41.1111
80
107.778
96.6667
124.444
125.556
141.111
148.889
146.667
161.111
190
187.778
204.444
216.667
270
190
230
236.667
284.444
242.222
274.444
253.333
263.333
290
304.444
313.333
340
316.667
352.222
286.667
343.333
306.667
308.889
296.667
300
291.111
277.778
314.444
277.778
244.444
287.778
287.778
302.222
310
321.111
321.111
307.778
337.778
316.667
313.333
294.444
294.444
301.111
300
295.556
327.778
360
316.667
356.667
375.556
363.333
351.111
350
343.333
291.111
253.333
213.333
182.222
155.556
186.667
243.333
262.222
333.333
351.111
408.889
408.889
395.556
430
412.222
448.889
400
384.444
361.111
340
373.333
346.667
396.667
380
378.889
383.333
427.778
406.667
456.667
406.667
410
411.111
353.333
361.111
376.667
364.444
383.333
431.111
415.556
412.222
435.556
404.444
338.889
350
324.444
348.889
318.889
324.444
255.556
286.667
264.444
270
255.556
244.444
222.222
274.444
211.111
244.444
214.444
234.444
260
222.222
242.222
232.222
214.444
208.889
225.556
181.111
205.556
172.222
200
175.556
174.444
260
232.222
232.222
211.111
215.556
170
175.556
196.667
262.222
238.889
224.444
272.222
237.778
230
262.222
345.556
342.222
318.889
304.444
327.778
311.111
332.222
377.778
418.889
423.333
427.778
448.889
431.111
511.111
470
502.222
471.111
430
347.778
318.889
217.778
121.111
18.8889
3.33333
0
0
2.22222
0
0
0
0
0
0
0
0
0
0
0
0
0
0
0
0
0
0
0
4.44444
2.22222
0
0
2.22222
2.22222
2.22222
0
3.33333
6.66667
0
0
4.44444
2.22222
4.44444
6.66667
0
2.22222
2.22222
3.33333
0
2.22222
0
0
2.22222
0
2.22222
0
