0.000159 0.010142 0.011778
-0.009125 0.001454 0.000028
-0.002367 0.019874 0.001116
0.011972 0.008016 -0.002863
-0.001663 0.016858 -0.006236
-0.008662 0.000727 -0.001714
-0.002088 0.004326 0.004925
-0.000172 -0.015900 -0.002917
-0.003073 -0.011564 -0.000366
-0.012923 -0.005637 -0.001569
0.010304 -0.006740 0.000161
-0.008657 -0.006705 -0.003334
0.004194 -0.007951 0.004511
0.001653 -0.019753 -0.000687
-0.004572 0.000005 0.002109
0.014276 -0.012002 0.003420
-0.000755 0.011048 0.011943
-0.008335 0.000721 -0.001147
-0.001725 0.018993 0.000629
0.010765 0.008719 -0.005173
-0.000753 0.016796 -0.006710
-0.009893 0.000319 -0.003332
-0.000152 0.003017 0.004503
-0.000009 -0.015845 -0.002145
-0.003523 -0.012187 -0.001015
-0.011535 -0.003002 -0.006210
0.011711 -0.004479 0.000970
-0.009410 -0.005752 -0.003121
0.004614 -0.007252 0.003629
0.002426 -0.019609 -0.000331
-0.005614 0.000988 -0.003221
0.012970 -0.010965 0.002298
-0.000497 0.011273 0.011765
-0.009213 0.001573 -0.000726
-0.001030 0.019221 -0.000690
0.011418 0.008017 -0.003281
-0.001331 0.015173 -0.006133
-0.008694 0.000658 -0.003654
-0.000604 0.004056 0.003792
-0.000814 -0.014749 -0.001787
-0.002931 -0.011505 -0.001247
-0.008439 -0.003144 -0.001985
0.011749 -0.007517 -0.000206
-0.010658 -0.006232 -0.002840
0.004946 -0.008002 0.004757
0.003320 -0.018983 -0.001354
-0.007821 0.000301 0.002792
0.013553 -0.011914 0.003442
0.000030 0.011514 0.011540
-0.009298 0.000515 0.000027
-0.000114 0.018826 0.000972
0.016796 0.008442 0.002970
-0.001648 0.016182 -0.006125
-0.008786 0.000902 -0.002555
-0.003573 0.006600 0.006668
-0.000401 -0.017383 -0.002741
-0.006263 -0.008302 -0.000747
-0.013288 -0.004500 -0.006906
0.010518 -0.006641 0.000307
-0.012185 0.071797 0.080843
-0.055062 -0.049137 0.080566
0.002995 -0.018511 -0.000351
-0.002868 0.001033 0.002406
0.011739 -0.012117 -0.001840
-0.001353 0.012014 0.011976
-0.008717 0.001692 0.000312
0.000999 0.018590 0.000383
0.010929 0.008429 -0.003925
-0.001400 0.014950 -0.006716
-0.009340 0.000890 -0.003217
0.002546 0.001533 0.005148
-0.001573 -0.015926 -0.001206
-0.001767 -0.011208 -0.001122
-0.011794 -0.005448 -0.001370
0.011858 -0.006496 0.000753
-0.010391 -0.005640 -0.003492
0.005231 -0.008639 0.003832
0.004127 -0.018971 -0.001051
-0.003116 0.001945 0.002140
0.014731 -0.012181 0.003267
-0.000631 0.010832 0.008310
-0.009160 0.001397 0.006369
-0.001010 0.019165 0.007538
0.011961 0.007668 -0.003758
-0.000041 0.022256 -0.000444
-0.015342 -0.000794 0.002551
-0.000154 0.003389 0.004144
0.002897 -0.014737 -0.001958
-0.002353 -0.011110 -0.005724
-0.011531 -0.005433 -0.001746
0.011064 -0.012014 0.002776
-0.010624 -0.006410 -0.002941
0.004510 -0.006608 0.003216
0.004333 -0.014991 0.001112
-0.020612 0.011489 0.003969
0.017145 -0.010025 0.008627
0.002524 -0.002256 -0.631942
-0.014483 0.002008 -0.001457
-0.000615 0.017685 0.003905
0.011801 0.007616 -0.002840
-0.003204 0.011030 0.001751
-0.004459 0.002851 0.005264
-0.000439 0.003920 0.004807
0.075317 0.033663 0.101287
-0.000445 -0.006386 -0.000922
-0.010522 -0.005221 -0.001709
0.011661 0.013219 0.003738
-0.008792 -0.004759 -0.003451
0.003507 -0.008296 0.004362
0.001648 -0.039164 0.002252
-0.000272 -0.002114 0.006613
-0.004866 -0.021817 0.006614
-0.000924 0.010429 0.012066
-0.008953 0.001585 -0.000440
-0.002495 0.018723 0.000372
0.006295 0.009755 0.005245
-0.000878 0.016336 -0.006660
-0.009316 0.000737 -0.004347
-0.000052 0.003482 0.011027
0.000411 -0.015263 -0.001454
-0.002931 -0.011150 -0.006340
-0.011547 -0.000788 -0.001444
0.011770 -0.007596 0.001376
-0.009497 -0.003970 -0.003787
0.002156 -0.009092 0.003450
0.003867 -0.019927 -0.000905
-0.004367 0.001034 0.002133
0.009941 -0.010835 0.001827
-0.000325 0.003069 -0.005675
0.007635 0.008069 -0.000093
-0.009725 0.010174 0.002040
0.006600 0.023344 -0.001516
0.000026 -0.002273 -0.000451
0.001359 0.003926 -0.009274
-0.008492 -0.002694 0.000290
0.002587 0.005191 -0.000984
-0.000619 0.007620 -0.002501
0.018008 -0.011137 0.003780
-0.008738 0.010501 0.002286
-0.004968 -0.000903 0.000071
0.011096 -0.005041 -0.000075
-0.002877 -0.004408 0.005189
0.010295 -0.009133 0.003375
-0.016794 -0.012953 0.001676
0.000452 0.002819 -0.006309
0.006774 0.010240 -0.002757
-0.010000 0.010803 0.002433
0.006736 0.024083 -0.002215
0.000221 -0.003324 -0.000161
0.001128 0.004394 -0.009697
-0.008278 -0.001746 0.000794
0.003556 0.005762 -0.002484
-0.000574 0.008057 -0.001468
0.019047 -0.012846 0.002958
-0.008569 0.010515 0.002812
-0.004962 -0.001251 0.000369
0.010376 -0.003911 0.000353
-0.003862 -0.008701 -0.000555
0.008986 -0.009085 0.002713
-0.014909 -0.012892 -0.003455
-0.000257 0.003828 -0.006908
0.007617 0.007196 -0.002131
-0.010263 0.009955 0.001939
0.008070 0.022890 -0.001783
-0.000333 -0.001688 0.000767
0.001210 0.004040 -0.010320
-0.008230 -0.002371 0.001721
0.002823 0.005907 0.000288
-0.000026 0.007973 -0.001661
0.017865 -0.011257 0.003990
-0.008881 0.011299 0.002053
-0.006215 -0.000100 -0.000029
0.011983 -0.006166 -0.000470
-0.005972 -0.008507 0.004617
0.010276 -0.009780 0.001433
-0.013003 -0.011059 0.001282
0.003851 0.003514 -0.000216
0.007377 0.011346 -0.002017
-0.011445 0.010964 0.001390
0.007839 0.029344 0.002761
0.002557 -0.004240 0.006287
0.000622 0.005063 0.010206
-0.007939 -0.001979 0.001253
0.002833 0.005923 -0.000332
0.001683 0.010267 -0.000632
0.018985 -0.011470 0.004874
0.006584 0.020799 0.005665
0.054978 -0.041929 0.062539
0.014348 -0.007398 -0.000193
-0.002333 -0.009275 0.003366
0.010952 -0.010209 0.002439
-0.018023 -0.013467 0.001196
-0.000120 0.003666 -0.005383
0.007161 0.007954 -0.000918
-0.011682 0.010669 0.002224
0.007599 0.023210 -0.002254
-0.000307 -0.003133 -0.000261
0.001090 0.004358 -0.010641
-0.008305 -0.001295 0.000916
0.002863 0.005561 -0.001469
-0.000546 0.007955 -0.002120
0.017931 -0.012434 0.003350
-0.007471 0.009447 0.001812
-0.005186 -0.000809 0.000235
0.010961 -0.005753 0.000474
-0.002941 -0.005555 0.004291
0.010547 -0.010634 0.001677
-0.015686 -0.012361 0.001766
0.000354 0.003487 -0.005867
0.007525 0.008105 -0.000725
-0.010311 0.010808 0.008668
0.007009 0.023571 -0.004717
0.000179 -0.002620 -0.000410
0.001141 0.004222 -0.010235
-0.010768 -0.005270 0.007974
0.002914 0.005887 -0.002202
0.001748 0.009872 -0.001475
0.016661 -0.010535 0.004263
-0.006192 0.011239 -0.003213
-0.005272 -0.000965 0.001369
0.010102 -0.009654 -0.001189
-0.003066 -0.004638 0.004815
0.010714 -0.010496 0.002515
-0.020394 -0.010901 0.004529
-0.000505 0.003423 -0.006695
0.007404 0.008012 -0.002279
-0.011495 0.009546 0.003955
0.006382 0.023149 -0.001600
0.000348 -0.002867 0.001301
0.001161 0.004445 -0.010279
-0.003593 0.000831 0.006664
0.003519 0.005544 0.000357
-0.003126 0.005681 -0.001820
-0.056762 0.035754 0.094953
-0.003532 0.009852 0.001559
-0.005511 -0.001638 -0.000601
0.010672 -0.006161 -0.005064
-0.004138 -0.005846 0.004360
0.011746 -0.099279 0.089241
0.000927 -0.021890 0.004350
-0.000384 0.002228 -0.000949
0.008167 0.006329 -0.002848
-0.009431 0.011161 0.001826
0.005948 0.020603 0.005097
-0.004902 -0.002279 0.006710
0.001441 0.003869 0.012729
-0.008514 -0.002255 0.001773
0.003750 0.004927 -0.001373
-0.001281 0.008021 0.001871
0.018558 -0.010151 0.002812
-0.010086 0.009016 0.008983
-0.004472 -0.001820 -0.000769
0.011476 -0.008327 -0.004606
-0.001263 -0.005753 -0.001397
0.009784 -0.010081 0.001442
-0.016110 -0.011835 0.001913
