2176.0000 0.05 1
1.11111
4.44444
11.1111
2.22222
11.1111
4.44444
13.3333
11.1111
20
11.1111
6.66667
11.1111
24.4444
23.3333
17.7778
23.3333
26.6667
18.8889
13.3333
32.2222
18.8889
8.88889
4.44444
10
14.4444
14.4444
36.6667
37.7778
25.5556
40
11.1111
26.6667
17.7778
31.1111
24.4444
32.2222
26.6667
27.7778
40
24.4444
32.2222
46.6667
36.6667
47.7778
70
55.5556
56.6667
41.1111
80
106.667
95.5556
126.667
127.778
136.667
151.111
146.667
161.111
190
192.222
202.222
212.222
270
192.222
230
232.222
288.889
236.667
277.778
255.556
263.333
291.111
296.667
320
342.222
314.444
350
288.889
347.778
302.222
308.889
297.778
296.667
293.333
275.556
316.667
273.333
248.889
285.556
290
297.778
314.444
318.889
321.111
307.778
338.889
315.556
316.667
293.333
294.444
296.667
304.444
293.333
327.778
362.222
315.556
357.778
377.778
361.111
348.889
350
343.333
293.333
251.111
215.556
180
157.778
191.111
238.889
264.444
333.333
348.889
402.222
415.556
400
424.444
412.222
450
400
384.444
354.444
346.667
371.111
347.778
392.222
383.333
376.667
385.556
430
404.444
458.889
404.444
412.222
406.667
356.667
357.778
378.889
368.889
374.444
437.778
415.556
407.778
438.889
401.111
345.556
347.778
322.222
351.111
316.667
326.667
255.556
284.444
260
274.444
260
237.778
226.667
274.444
211.111
244.444
214.444
234.444
261.111
221.111
242.222
234.444
212.222
208.889
227.778
176.667
203.333
176.667
197.778
175.556
175.556
258.889
234.444
234.444
208.889
215.556
170
174.444
197.778
262.222
238.889
222.222
274.444
238.889
228.889
257.778
350
342.222
317.778
303.333
330
306.667
332.222
382.222
412.222
432.222
426.667
447.778
431.111
510
475.556
505.556
472.222
434.444
347.778
307.778
225.556
123.333
8.88889
1.11111
0
0
2.22222
0
0
0
0
0
0
0
0
0
0
0
0
0
0
0
0
0
0
0
4.44444
0
2.22222
0
0
2.22222
2.22222
6.66667
1.11111
2.22222
2.22222
0
4.44444
2.22222
4.44444
6.66667
0
0
4.44444
2.22222
1.11111
2.22222
0
0
2.22222
0
2.22222
0
