-0.000774 0.012178 0.012849
-0.009791 0.000446 0.000069
-0.000601 0.018096 0.000036
0.011548 0.007278 -0.002409
0.001158 0.012197 -0.006493
-0.008785 0.000890 -0.002877
0.001353 0.004695 0.008673
-0.000181 -0.015962 -0.001983
-0.003493 -0.011549 -0.000653
-0.011468 -0.004816 -0.001248
0.010982 -0.006771 0.000973
-0.009528 -0.006249 -0.003033
0.004494 -0.007679 0.005380
0.003460 -0.019533 -0.000705
-0.003665 0.001061 0.002483
0.013830 -0.011909 0.001028
-0.001484 0.010281 0.011924
0.007006 -0.008854 -0.002795
-0.000316 0.019033 -0.000838
0.011468 0.008562 -0.003932
-0.002028 0.015639 -0.001392
-0.009937 0.001120 -0.003317
-0.000285 0.006641 0.008513
-0.001786 -0.014767 -0.002554
-0.003658 -0.017190 -0.007822
-0.011963 -0.004012 -0.000841
0.012295 -0.008057 0.000862
-0.009379 -0.004064 -0.003091
0.004235 -0.007918 0.004164
0.003387 -0.019110 -0.000183
-0.004201 0.000334 -0.004372
0.014524 -0.011381 0.002621
0.000237 0.011618 0.012451
-0.012610 0.002938 -0.002800
-0.001492 0.018586 0.001295
0.010877 0.009042 -0.003905
-0.004715 0.011372 -0.005458
-0.007873 -0.000100 -0.002052
-0.003062 0.007109 0.003641
0.000702 -0.016145 -0.002902
-0.003554 -0.005600 -0.008137
-0.011003 -0.005765 -0.001148
0.010511 -0.005364 0.001005
-0.009593 -0.009512 -0.003740
0.004421 -0.007414 0.003804
0.003116 -0.019774 -0.001765
-0.000494 0.000425 0.003730
0.013316 -0.011300 0.002941
0.000356 0.010627 0.012094
-0.008225 0.001419 -0.000047
-0.000993 0.020584 0.000945
0.014473 0.008590 -0.002239
-0.001976 0.015490 -0.006807
-0.008659 0.002043 -0.001870
-0.000898 0.004314 0.004375
-0.001647 -0.015853 -0.003029
-0.003281 -0.012608 -0.000948
-0.011390 -0.005444 0.000161
0.010666 -0.007538 0.001253
-0.008627 -0.003789 -0.003097
0.009306 -0.010486 -0.003504
0.003120 -0.019153 -0.000660
-0.003707 0.000474 0.002488
0.008921 -0.007971 -0.002626
-0.000349 0.008897 0.011848
-0.008907 0.001235 -0.000633
-0.001733 0.019424 0.000673
0.010643 0.008667 -0.004636
-0.001750 0.013765 -0.001103
-0.008556 0.000178 -0.002234
0.001633 0.007458 0.006509
0.000370 -0.016005 -0.002285
-0.003577 -0.011474 -0.000151
-0.010827 -0.005112 -0.002033
0.011484 -0.006575 0.000780
-0.009764 -0.006697 -0.004369
0.004403 -0.007141 0.003589
0.003201 -0.018861 -0.001548
-0.004204 0.000080 0.002568
0.013787 -0.010684 0.002316
-0.000536 0.015350 0.010048
-0.006187 0.000465 0.004348
-0.003893 0.017334 0.000861
0.012748 0.008064 -0.002957
-0.001417 0.016420 -0.006666
-0.011228 0.001394 -0.002731
-0.000045 0.003800 0.003875
-0.001268 -0.015899 -0.009668
-0.003557 -0.011577 0.000336
-0.011866 -0.010554 -0.008228
0.011517 -0.006491 0.006322
-0.009325 -0.005920 -0.003946
0.004279 -0.007482 0.004165
0.003927 -0.019404 -0.020434
-0.004061 0.001176 0.003634
0.013400 -0.011569 0.001761
-0.000733 -0.009074 0.008545
-0.004192 0.001717 0.000649
-0.081525 -0.028930 -0.099961
0.011520 0.005787 -0.001993
-0.001154 0.015053 -0.006310
-0.079690 0.037658 -0.086095
0.000880 0.003215 0.004494
0.000188 -0.010710 -0.002731
-0.004606 -0.011055 -0.001191
-0.009258 0.000217 -0.008580
0.019837 -0.008699 0.674651
-0.008965 -0.005467 -0.005062
0.004452 -0.007739 0.004928
0.002842 -0.018805 -0.022466
-0.003328 0.000107 0.003377
0.013950 -0.011432 0.001014
-0.000535 0.011590 0.011207
-0.009354 0.000240 0.000279
-0.001873 0.018901 -0.000202
0.078070 0.042916 -0.078953
-0.001101 0.016018 -0.005276
-0.009145 0.000785 -0.003642
0.000487 0.002270 0.004121
0.001489 -0.015166 -0.002239
-0.003576 -0.010488 -0.000849
-0.011317 -0.004459 -0.001733
0.012191 -0.005844 0.001077
-0.010148 -0.008286 -0.003708
-0.000810 -0.005712 -0.001529
0.003256 -0.019367 -0.000758
-0.004230 0.000730 0.001727
0.018197 -0.013506 -0.005418
0.000121 0.002873 -0.005657
0.007746 0.007917 -0.001992
-0.009900 0.010496 0.001864
0.007143 0.023561 -0.002624
0.000119 -0.002320 -0.001183
0.000738 0.003938 -0.009932
-0.007557 -0.001085 0.000440
0.003188 0.005379 0.001153
-0.001016 0.007130 -0.002878
0.018739 -0.011436 0.003275
-0.008484 0.010198 0.003035
-0.005052 -0.001053 -0.000164
0.011499 -0.005705 -0.000226
-0.003503 -0.005458 0.004559
0.010031 -0.010003 0.002530
-0.016840 -0.011676 0.000359
0.000310 0.003187 -0.006154
0.007822 0.007078 -0.002347
-0.010682 0.011241 0.002743
0.003568 0.021884 -0.001133
-0.000281 -0.002789 -0.001153
0.001271 0.003948 -0.008766
-0.004809 -0.002901 -0.003179
0.002942 0.005762 0.000240
-0.000422 0.010558 0.003431
0.019080 -0.011999 0.003341
-0.008255 0.010377 0.003007
-0.004725 -0.001106 0.000520
0.012082 -0.005625 -0.006669
-0.003478 -0.005565 0.003984
0.009501 -0.009800 0.003478
-0.014646 -0.006589 -0.003473
0.000300 0.001803 -0.005003
0.007251 -0.070109 -0.078247
-0.009884 0.010011 0.001735
0.006806 0.020114 0.003630
-0.000136 -0.001879 -0.000528
0.001823 0.004933 -0.010368
-0.023618 0.007443 -0.002630
0.003262 0.005259 -0.001404
0.002317 0.010986 -0.002477
0.017509 -0.011382 0.003240
-0.008505 0.009727 0.003084
-0.004970 -0.001151 0.000977
0.012771 -0.007784 -0.005210
-0.003583 -0.005287 0.004619
0.010380 -0.009498 0.003510
-0.019818 -0.015614 -0.005908
-0.004845 0.005466 -0.005474
0.008383 0.007868 -0.003031
-0.010892 0.010779 0.000773
0.007254 0.023344 -0.002356
0.001516 -0.001506 0.005435
0.000664 0.002109 -0.014474
-0.008200 -0.000874 -0.000068
0.002430 0.005022 -0.000065
0.000061 0.008433 -0.001487
0.019425 -0.010217 0.003283
-0.008604 0.009942 0.002725
-0.011074 -0.002426 -0.006555
0.012071 -0.006528 0.000955
-0.000795 -0.003432 0.004544
0.010479 -0.010349 0.002497
-0.016691 -0.011309 0.001625
-0.001100 0.003697 -0.005069
0.008209 0.008642 -0.002201
-0.010389 0.011522 0.002445
0.008250 0.023512 -0.001762
0.000466 -0.003467 -0.000014
0.003301 0.004444 -0.010086
-0.008378 -0.001803 -0.000334
0.003723 0.004787 -0.000608
-0.001815 0.007789 -0.002513
0.018081 -0.011930 0.003202
-0.008779 0.009821 0.002185
-0.004756 -0.001403 0.000910
0.011587 -0.005067 0.000652
-0.003164 -0.005981 0.004598
0.009935 -0.010272 0.003840
-0.016700 -0.011583 0.000996
0.002008 0.004976 -0.010148
0.007884 0.007796 -0.001955
-0.008358 0.010084 0.002184
0.008913 0.022337 0.003526
-0.002909 -0.004966 -0.003807
0.001063 0.003358 -0.010905
-0.009419 -0.001185 0.004955
0.002629 0.006729 -0.000291
-0.002573 0.007917 0.003481
0.018778 -0.011448 -0.004066
-0.008338 0.011088 -0.004175
-0.005147 -0.000696 0.002038
0.008772 -0.003985 -0.000196
-0.003685 -0.005488 -0.001206
0.010647 -0.009996 0.004140
-0.016694 -0.012503 0.001336
-0.015470 -0.005558 -0.008939
0.006391 0.008806 -0.002333
0.069079 -0.033367 -0.092376
0.006487 0.019514 -0.001596
0.015918 0.007002 -0.004732
-0.000781 0.004552 -0.009592
-0.012867 -0.001970 0.000620
0.003710 0.103717 -0.103623
-0.001489 0.011817 -0.000996
0.019216 -0.008478 0.000892
-0.013763 0.009755 -0.000685
-0.005075 -0.001015 -0.000328
0.013389 -0.006541 -0.000092
-0.005882 -0.009527 0.001368
0.009780 -0.009803 0.001301
-0.016677 -0.012163 0.000555
-0.003168 0.002577 0.000645
0.006920 0.007691 -0.002316
-0.010235 0.009866 0.002674
0.005958 0.023099 -0.001527
0.003893 -0.003927 0.000808
-0.000384 0.022681 -0.012923
-0.008333 -0.002080 0.000370
0.002940 0.006024 0.000362
-0.001056 0.007638 -0.002572
0.016986 -0.012018 0.002497
-0.009123 0.010393 0.002166
0.002222 -0.000113 -0.006672
0.010788 -0.004536 0.000466
-0.006622 -0.007999 0.003749
0.009766 -0.008859 0.002837
-0.016695 -0.012394 0.001199
