2176.0000 0.05 1
1.875
3.75
6.25
6.25
7.5
16.25
8.75
6.25
17.5
16.25
14.375
16.25
25
16.25
6.25
31.25
23.125
18.125
28.75
10
10
13.125
10
10
16.25
20
25
30
37.5
19.375
23.75
27.5
13.75
26.875
20.625
29.375
21.25
42.5
43.125
30.625
37.5
55
48.75
45.625
41.875
67.5
55.625
48.125
84.375
92.5
98.75
124.375
137.5
135
138.125
154.375
180
153.125
157.5
201.25
176.25
174.375
235
250.625
268.125
237.5
235.625
280.625
291.25
311.875
296.875
320
301.875
310.625
325.625
340
340.625
359.375
318.75
352.5
371.875
365
331.875
360
333.125
378.125
312.5
296.875
301.875
287.5
273.75
254.375
231.25
248.125
255
298.125
205.625
252.5
310.625
295
314.375
308.75
312.5
298.75
249.375
295.625
307.5
296.875
327.5
273.125
280.625
302.5
273.125
320
291.25
314.375
249.375
299.375
351.875
319.375
316.25
315
326.25
361.875
345
379.375
400
378.75
388.125
396.875
395.625
431.875
450
470
453.75
440
454.375
434.375
451.25
416.875
403.75
430
380
359.375
318.75
352.5
327.5
310.625
313.75
331.875
306.25
276.875
215
255
250
302.5
279.375
247.5
271.25
226.25
319.375
286.875
328.125
303.75
302.5
292.5
284.375
295.625
347.5
295.625
321.25
354.375
370
353.125
263.125
289.375
211.875
289.375
345.625
266.25
264.375
266.25
258.125
237.5
246.25
248.125
262.5
328.125
238.75
229.375
236.25
223.125
182.5
246.25
257.5
281.25
254.375
306.875
253.75
265
256.875
203.75
205
269.375
255
326.25
343.125
344.375
355
274.375
368.125
293.75
510
538.125
508.75
426.25
368.75
258.125
233.125
202.5
168.75
118.75
61.25
32.5
10
2.5
3.125
3.75
1.25
0
0
0
0
0
0
0
0
0
0
2.5
0
