0.010378 0.002083 0.000258
-0.002691 0.002255 0.001408
0.011047 0.003063 -0.000762
0.002419 0.000990 -0.003314
0.008572 0.002835 -0.002709
-0.000549 -0.002512 -0.000182
-0.004523 -0.001943 -0.005977
-0.004886 0.006683 0.000300
-0.008392 0.001091 -0.007077
0.007013 -0.003462 -0.001254
-0.003471 -0.002070 0.004722
-0.006035 -0.001299 0.002412
-0.002450 -0.005855 0.009553
-0.005686 0.000345 -0.000251
0.005154 0.002148 -0.004546
0.002441 -0.001479 0.000904
0.010988 0.001796 0.001497
-0.006192 -0.002993 0.000209
0.011394 0.003913 -0.000041
0.002361 0.001404 -0.003240
0.009130 0.002927 -0.003078
-0.000851 -0.003829 -0.001239
-0.005157 -0.001241 -0.004954
-0.004890 0.004998 0.001555
-0.008653 0.001124 -0.009474
0.004799 -0.001031 -0.002621
-0.003441 -0.003200 0.004566
-0.006027 -0.001163 0.002521
0.001376 -0.001283 0.004862
-0.005139 -0.000633 0.001085
0.004854 0.001264 -0.005172
0.002373 -0.009599 0.001121
0.011017 0.001978 0.001527
-0.003984 -0.001335 0.000951
0.006895 0.009209 -0.004774
0.002553 0.001490 -0.003325
0.009633 0.001548 -0.002840
-0.000717 -0.004738 -0.000518
-0.004701 -0.002421 -0.005835
-0.004898 0.006274 0.000273
-0.008165 -0.000284 -0.006932
0.009370 0.003056 -0.004509
-0.003311 -0.002295 0.004241
-0.007409 -0.001718 0.002546
-0.003012 -0.005429 0.009407
-0.004998 -0.000576 0.001084
0.005028 -0.000167 -0.004747
0.002665 -0.001430 0.000995
0.009947 0.002512 0.002078
-0.006311 -0.002421 0.001127
0.011627 0.002530 0.001265
0.001882 0.001219 -0.003513
0.008827 0.002382 -0.002914
-0.000897 -0.002677 -0.000464
-0.004711 -0.002824 -0.006006
-0.005485 0.006767 0.000605
-0.008948 -0.000191 -0.006783
0.005122 -0.001421 -0.002112
-0.002406 -0.002278 0.004580
-0.005639 -0.001076 0.001936
0.000792 -0.001815 0.009573
-0.007062 -0.001629 0.000425
0.004024 0.000888 -0.005387
0.002550 -0.000943 0.001118
0.010925 0.003259 0.001075
-0.001524 0.004289 -0.003669
0.011479 0.003555 0.000006
0.001434 0.001769 -0.003177
0.009328 0.002748 -0.003195
-0.000696 -0.003873 0.001056
-0.004604 -0.001677 -0.003342
-0.004405 0.004788 -0.001410
-0.008267 0.001720 -0.007701
0.004818 -0.002247 -0.001089
-0.003513 -0.001355 0.004560
-0.005779 -0.001243 0.002380
-0.002311 -0.007073 0.008751
-0.005176 0.000336 -0.000579
0.004011 0.001987 -0.005322
0.002775 -0.004169 0.001021
0.010955 0.002180 0.000845
-0.006645 -0.003436 0.002810
0.009721 0.004771 -0.000267
0.021933 0.020934 -0.003954
0.007510 -0.001120 -0.002296
0.002123 0.006335 -0.005337
-0.004852 -0.004973 -0.003923
-0.000860 0.014351 0.003130
-0.008520 0.025458 -0.035003
0.006396 -0.003305 -0.001745
-0.000223 -0.000622 0.004957
-0.026679 0.017343 0.002055
0.000686 -0.001314 0.013728
-0.011189 0.005829 -0.002994
0.005410 0.001078 -0.005798
0.002210 -0.006267 0.000806
0.011365 0.001861 0.000833
-0.006655 -0.001789 0.001147
0.007490 0.008534 0.003698
0.002035 0.001139 -0.003764
0.008960 0.001777 -0.002921
-0.000796 -0.002876 -0.000274
-0.004679 -0.002557 -0.005334
-0.004492 0.004568 0.000214
-0.008796 -0.000102 -0.007210
0.004558 -0.002283 -0.001457
-0.004535 -0.002601 0.003955
-0.007024 -0.002019 0.002782
-0.001632 -0.005635 0.009500
-0.009821 0.005811 -0.004540
0.007146 0.002270 -0.006081
0.003041 -0.001045 0.000597
0.010217 -0.001086 0.001265
-0.002486 0.003771 0.005747
0.002408 0.012691 -0.000082
-0.010546 0.014970 -0.003492
-0.026957 0.030115 -0.004403
-0.006424 0.006601 0.003550
-0.002325 0.030496 0.033280
-0.010780 0.017034 -0.003001
-0.008235 -0.002545 -0.009298
0.010038 0.004314 -0.005052
-0.003247 -0.002283 0.004465
0.014780 0.017672 0.001691
-0.001943 -0.006521 0.010447
-0.007037 -0.001159 0.000078
0.003470 0.001106 -0.005163
0.002716 -0.002708 0.001140
-0.012654 -0.002451 0.004391
0.004456 -0.003146 0.001372
-0.002972 0.001153 0.002114
-0.004605 0.004811 0.002446
-0.002581 0.006166 -0.000993
0.006513 -0.001202 -0.000793
0.003677 -0.000884 -0.004653
0.003258 -0.001315 -0.000234
0.009152 0.005784 0.002301
-0.001175 -0.005001 -0.005780
0.001904 0.002223 0.004389
-0.022114 -0.000474 -0.005433
0.002706 0.005179 0.011285
0.000012 -0.007624 -0.009481
0.016411 -0.000211 -0.000421
-0.005428 -0.001240 0.009238
-0.013154 0.001853 -0.000039
0.004460 -0.002580 0.001353
-0.003362 0.001061 0.002043
-0.004034 0.022529 -0.016018
-0.003532 0.007132 -0.001430
0.006000 -0.000003 -0.000996
0.003808 -0.001220 -0.004445
0.003234 0.000371 -0.000005
0.009443 0.005971 0.001782
-0.000694 -0.006366 -0.007537
0.002189 0.003484 0.006712
-0.022401 -0.002295 -0.004293
0.002352 0.003746 0.013041
-0.000198 -0.007753 -0.009393
0.018040 -0.000070 -0.000326
-0.004683 -0.000155 0.007728
-0.012553 -0.001907 0.003292
0.003134 0.000221 0.003120
-0.002682 0.000179 0.002026
-0.004208 0.003060 0.002511
-0.004732 0.005711 -0.001434
0.005562 -0.001236 -0.000593
0.003836 -0.001339 -0.004674
0.003015 0.001438 -0.000223
0.008450 0.004358 0.001961
-0.000854 -0.007156 -0.006675
0.002132 0.002333 0.004848
-0.013652 -0.456990 -0.002506
0.001727 0.005036 0.011617
0.000347 -0.008403 -0.009272
0.014196 0.005385 0.003880
-0.008562 0.005740 0.012393
-0.012614 -0.001086 0.003813
0.004785 -0.001803 0.001314
-0.001501 -0.001266 0.000971
-0.005152 -0.007237 0.002558
-0.003677 0.006839 -0.001168
0.006080 -0.001282 -0.001369
0.004338 -0.000909 -0.004752
0.003185 -0.001166 -0.000582
0.008993 0.005567 0.001740
-0.000956 -0.005179 -0.006202
0.001984 0.003021 0.004223
-0.022426 -0.015133 -0.004943
0.003423 0.005310 0.011436
-0.000703 -0.007441 -0.009909
0.018019 0.000703 -0.000630
-0.005009 -0.001811 0.006476
-0.012713 -0.000850 0.002126
0.004100 -0.002470 0.000871
-0.003279 0.000318 0.000955
-0.004438 0.021773 0.019979
-0.003324 0.005456 -0.001423
0.005810 -0.002278 -0.000744
0.003654 -0.000374 -0.004716
0.002760 0.000187 -0.001242
0.009468 0.005419 0.001764
-0.000525 -0.006352 -0.004484
0.002758 0.007106 0.008580
-0.022231 -0.002360 -0.005546
0.002570 0.003787 0.010000
0.000034 -0.006595 -0.009693
0.018275 0.000574 0.000178
-0.004381 -0.000207 0.007852
-0.012953 -0.005749 0.002218
0.004037 -0.002956 0.000913
-0.001893 0.000067 0.002545
-0.004363 0.027371 0.026246
-0.003342 0.005525 -0.001775
0.003756 -0.007218 -0.000915
0.014905 0.005368 -0.003939
0.004837 0.026300 0.001214
0.009958 0.002170 0.002492
-0.004172 0.003960 -0.012177
0.003188 0.016262 0.022154
-0.022516 -0.002339 -0.005432
-0.001438 0.013329 0.015950
-0.017203 0.004168 -0.009384
0.012209 0.005954 0.002598
-0.007339 0.002485 0.007831
-0.013001 -0.002284 0.003276
0.004963 -0.003119 0.001076
0.001721 0.005348 0.004563
-0.004045 0.005394 0.002729
-0.003452 0.006693 -0.001590
0.006171 -0.000826 -0.001010
0.003402 -0.001627 -0.004516
0.003113 0.001413 -0.000754
0.009461 0.004586 0.001878
-0.001173 -0.005665 -0.006155
0.002582 0.002342 0.004803
-0.022525 -0.003741 -0.005431
0.001833 0.003915 0.011868
0.000460 -0.008826 -0.010129
0.018679 -0.000236 -0.001620
-0.009085 0.005507 0.002922
-0.014009 0.016704 -0.022554
0.006049 -0.002972 0.000741
0.001505 0.005676 0.005312
-0.004221 0.028040 -0.021091
-0.004243 0.008553 -0.003770
0.005377 -0.003629 -0.001232
0.006650 -0.004235 -0.004219
0.003521 0.029725 -0.002243
0.036307 0.025572 0.002989
0.002509 0.003187 -0.001080
0.002301 -0.001398 0.006169
-0.022369 -0.002360 -0.004821
0.007586 0.014648 0.007043
-0.000359 -0.010996 -0.009591
0.016907 -0.000490 -0.000369
-0.007605 0.001159 0.007794
