2176.0000 0.05 1
1.875
3.75
6.25
6.25
7.5
17.5
7.5
7.5
17.5
15
14.375
16.25
25
16.25
6.25
31.25
23.125
18.125
30
8.75
10
13.125
10
10.625
16.875
18.75
25
30
36.875
20
25
26.25
13.75
26.875
20.625
29.375
21.25
41.25
44.375
30.625
38.75
53.75
48.125
45
43.125
67.5
54.375
49.375
84.375
92.5
97.5
124.375
138.125
134.375
138.75
155
180.625
152.5
156.25
201.875
176.25
176.25
231.25
252.5
271.25
235
233.125
280.625
294.375
309.375
299.375
319.375
300.625
311.25
324.375
338.125
340
362.5
315.625
353.75
372.5
365.625
327.5
362.5
332.5
381.25
314.375
295
303.125
287.5
271.25
256.875
230
248.125
255
296.25
209.375
249.375
309.375
298.75
309.375
312.5
313.125
297.5
250.625
290.625
313.125
295.625
325.625
276.25
280.625
299.375
276.25
321.25
290
315
247.5
298.75
355
316.25
313.75
318.125
326.25
361.875
346.25
378.75
398.75
381.875
387.5
394.375
397.5
429.375
446.25
475
450.625
443.125
451.875
435.625
449.375
420.625
402.5
430.625
381.25
355
320.625
352.5
328.75
310.625
315
330.625
303.75
278.125
217.5
255.625
248.125
302.5
280.625
245
272.5
225
317.5
288.125
330
301.25
303.75
288.75
285
300
345
296.875
320
354.375
370
358.125
258.125
289.375
215.625
289.375
345
263.75
263.75
267.5
261.875
233.75
247.5
248.75
258.75
330
238.75
228.75
237.5
223.75
181.25
248.75
255.625
281.875
253.75
305
253.75
267.5
255.625
205
204.375
270
256.25
323.75
344.375
343.75
355.625
276.25
366.25
288.125
514.375
534.375
513.75
426.25
361.875
263.75
236.875
201.875
162.5
123.75
61.25
31.25
11.875
3.75
1.25
4.375
1.25
0
0
0
0
0
0
0
0
0
0
2.5
0
