2176.0000 0.05 1
1.875
3.75
6.25
6.25
7.5
16.25
8.75
7.5
17.5
15
14.375
16.25
25
16.25
6.25
31.25
23.125
18.125
28.75
10
10
13.125
10
10
16.25
20
25
30
37.5
19.375
25
26.25
13.75
26.875
21.875
28.125
21.25
42.5
43.125
30.625
37.5
56.25
47.5
45.625
41.875
67.5
55.625
48.125
85
91.875
98.75
124.375
137.5
135
138.125
153.75
181.875
153.125
156.875
200.625
176.25
175
233.75
251.875
268.75
236.25
235.625
279.375
291.875
311.875
296.25
321.25
302.5
311.25
323.125
340
340.625
361.875
316.25
355.625
371.25
363.75
330.625
360
333.125
378.75
313.75
295.625
301.25
289.375
270.625
255.625
232.5
246.875
256.25
298.125
206.25
253.125
306.875
297.5
317.5
305.625
312.5
297.5
249.375
294.375
308.75
296.25
326.25
276.25
279.375
301.25
275
319.375
293.75
311.25
250
299.375
353.125
318.75
316.875
315
323.75
364.375
345
379.375
399.375
380.625
385.625
396.25
397.5
430.625
450
470.625
451.25
445.625
451.25
437.5
448.125
416.875
403.75
430.625
380.625
358.75
318.125
352.5
328.125
310.625
311.25
335
304.375
276.875
215
255.625
250.625
301.25
279.375
248.125
271.25
227.5
320
285.625
328.125
298.75
305.625
291.25
283.125
300.625
349.375
290.625
323.75
350.625
373.75
351.25
261.25
293.125
211.875
289.375
345.625
265
266.875
262.5
261.875
235.625
245.625
248.75
261.25
333.125
234.375
229.375
236.25
225
179.375
248.75
256.25
281.25
255.625
307.5
251.875
266.25
255
205.625
203.125
271.25
255
325
344.375
343.75
356.25
273.75
368.125
291.875
514.375
534.375
509.375
425.625
365.625
261.875
231.25
204.375
166.25
118.75
62.5
33.125
11.25
3.75
1.25
3.75
1.875
0
0
0
0
0
0
0
0
0
0
2.5
0
