-0.009930 -0.016768 0.000981
-0.004417 -0.003256 0.000458
0.006563 -0.000040 0.000505
0.001241 0.001086 -0.003292
0.008054 0.002341 -0.002829
-0.000487 -0.003942 -0.000975
-0.003456 -0.001571 -0.004577
-0.004585 0.005564 0.001075
-0.007489 0.000065 -0.007595
0.005192 -0.000429 -0.002654
-0.007947 -0.006147 0.008048
-0.006923 -0.002369 0.002185
-0.000450 -0.005953 0.009578
-0.005333 -0.000458 -0.000615
0.004776 0.001128 -0.003576
0.001941 -0.001344 0.000821
0.008980 0.002118 0.000685
-0.008589 0.001636 0.001135
0.005415 0.001374 0.004617
0.002486 0.000602 -0.003454
0.008098 0.002910 -0.002890
0.000074 -0.003985 -0.001224
-0.005521 -0.002490 -0.004572
-0.005072 0.005539 0.000393
-0.008395 0.000663 -0.007684
0.005789 0.000797 -0.002139
-0.003260 -0.002115 0.004119
-0.006106 -0.003433 0.001569
-0.001590 -0.006435 0.009534
-0.005636 0.001090 0.000827
0.006332 0.001460 -0.003483
0.012541 -0.002203 0.000706
-0.009875 0.021237 0.001671
-0.010734 0.002045 0.004658
0.012832 0.004521 0.000251
-0.028732 0.001590 -0.003123
-0.015858 -0.036352 -0.003452
-0.029912 -0.002322 0.038447
-0.007907 -0.002595 -0.005789
-0.041915 0.005902 -0.049871
-0.010984 -0.000154 -0.011884
-0.004141 0.002859 -0.006257
-0.007466 0.001567 0.008321
-0.034296 -0.002740 0.002499
-0.005781 -0.002787 0.013396
-0.017564 -0.004624 0.004755
0.008179 0.001254 -0.004999
0.002601 -0.002025 0.001340
0.009677 0.001773 0.001180
-0.004419 -0.003198 0.001283
0.011178 0.004687 -0.000002
0.002045 0.000767 -0.003420
0.008758 0.003281 -0.003114
-0.000481 -0.003558 -0.001244
-0.005577 -0.001314 -0.005349
-0.004615 0.005644 0.001645
-0.009238 -0.000071 -0.008057
0.004806 -0.001426 -0.002272
-0.002184 -0.001622 0.003202
-0.006767 -0.002580 0.002218
-0.000696 -0.005969 0.009755
-0.005673 0.000394 -0.000903
0.004764 0.001287 -0.004381
0.002820 -0.000942 0.000162
-0.003846 0.002129 -0.012203
-0.002862 -0.001115 0.001067
0.011381 0.004074 0.000266
0.002410 0.000175 -0.002786
0.009983 0.003091 -0.004255
0.001265 -0.001745 -0.001201
-0.004177 -0.002278 -0.004964
-0.004903 0.005988 0.000394
-0.009394 0.000891 -0.007964
-0.004663 0.002463 -0.006315
-0.002714 -0.002386 0.003645
-0.005831 -0.001632 0.001647
-0.000939 -0.006315 0.009495
-0.006096 0.000378 -0.000608
0.005384 0.001245 -0.004393
0.002103 -0.001877 0.000957
0.009215 0.002142 0.002211
-0.004726 -0.002218 0.001332
0.005874 0.001895 -0.004369
0.002691 0.000982 -0.003475
0.008359 0.002839 -0.003079
-0.002055 -0.002973 -0.001242
-0.005178 -0.002301 -0.004794
-0.003334 0.004975 0.001556
-0.009880 0.000716 -0.007693
0.004652 -0.001261 -0.002234
-0.000736 -0.001883 0.004434
-0.006269 -0.003847 0.003212
-0.000151 -0.004660 0.009653
-0.014306 -0.002902 0.002761
-0.000623 -0.002428 -0.008303
-0.000460 -0.001849 0.000941
0.009836 0.002883 0.001491
-0.011021 0.002652 -0.002575
0.010163 0.005439 -0.000140
0.001113 0.000506 -0.003382
0.008675 0.003360 -0.002904
-0.000602 -0.003369 -0.000696
-0.003748 -0.002225 -0.005177
-0.004834 0.006064 0.000147
-0.007798 0.000780 -0.008451
0.005527 -0.000711 -0.003768
-0.001925 -0.002697 0.003446
-0.007483 -0.002210 0.002607
-0.005795 -0.003132 0.004928
-0.005266 0.000283 0.000867
0.005863 0.001426 -0.004429
0.002549 -0.002319 0.000448
-0.003712 0.002598 0.014773
-0.005946 -0.002498 0.001298
0.010369 0.004835 -0.000090
0.002836 0.000287 -0.003361
0.009656 0.002531 -0.002036
-0.002149 -0.002836 -0.000964
-0.005825 -0.002027 -0.004897
-0.003811 0.006766 0.000907
-0.008994 0.000683 -0.007646
0.005207 -0.001691 -0.003959
-0.003362 -0.002020 0.003496
-0.005728 -0.001905 0.002396
-0.001326 -0.005309 0.009316
-0.005663 -0.000903 -0.000441
-0.000891 0.006307 -0.008670
0.012272 -0.001910 0.000827
-0.011857 -0.001069 0.002878
0.004195 -0.002614 0.002506
-0.002463 0.001988 0.002541
-0.005070 0.004331 0.002750
-0.008522 0.001370 0.000721
-0.011360 -0.018407 -0.001041
0.003980 -0.000889 -0.004667
0.001837 0.000558 -0.000279
0.009071 0.006466 0.002165
-0.000244 -0.006047 -0.006122
0.002654 0.002212 0.005312
-0.020979 -0.004379 -0.005346
0.003609 0.004163 0.011604
-0.001439 -0.009031 -0.009089
0.018000 0.000134 0.000288
-0.008058 -0.002376 0.007931
-0.013367 -0.001512 0.002555
0.000495 0.001673 -0.001141
-0.002877 0.001344 0.002253
-0.003101 0.003966 0.002537
-0.004203 0.006208 -0.002812
-0.017229 -0.000913 0.019648
0.004692 -0.001219 -0.004700
0.002920 0.000243 -0.000496
0.009814 0.005092 0.001802
0.000913 -0.005131 -0.005014
0.001973 0.002835 0.004917
-0.017570 -0.004728 -0.005098
0.002236 0.004434 0.011398
0.001572 -0.006085 -0.008230
0.009838 -0.002890 -0.003391
-0.004628 0.002135 0.007924
-0.017037 -0.000718 0.005430
0.006068 -0.002214 0.000927
-0.011572 0.004857 0.006864
0.000679 0.003807 0.000294
-0.008405 0.010475 0.000613
-0.019043 0.021569 -0.000497
-0.008493 0.028714 -0.004141
0.459207 0.009123 0.004765
0.001524 0.023853 0.000761
-0.007477 -0.005494 -0.022713
-0.003293 0.002046 0.009459
-0.021179 -0.003948 -0.004918
-0.010223 0.004523 0.036506
-0.013396 -0.025986 -0.009618
0.007863 -0.003768 -0.004188
-0.002694 0.000061 0.007373
-0.013410 -0.000520 0.003205
0.005398 -0.002823 0.002120
-0.002667 0.001072 0.002298
-0.004992 0.004012 0.002485
-0.002504 0.006357 -0.002460
0.004682 -0.002255 -0.001019
0.004622 -0.001884 -0.004689
0.004159 0.000538 -0.000680
0.010051 0.004755 0.002062
-0.000594 -0.006179 -0.005756
0.001398 0.001874 0.006024
-0.021058 -0.004347 -0.005138
0.003392 0.004582 0.010360
-0.000419 -0.006968 -0.009932
0.017710 0.000763 0.000201
-0.005381 0.001305 0.007391
-0.012921 -0.001198 0.002682
0.000189 -0.006626 -0.001092
-0.002417 0.000843 0.003824
-0.003101 0.003957 0.002635
-0.001947 0.006495 -0.001209
0.004551 -0.001003 -0.000940
0.004316 -0.001114 -0.004305
0.001956 0.000464 -0.000236
0.012264 0.004273 0.003777
0.001377 -0.007719 -0.005286
0.001434 0.003169 0.005280
-0.019067 -0.005396 -0.005184
0.002198 0.005046 0.011012
-0.000570 -0.006852 -0.009659
0.018279 -0.000441 0.000152
-0.011341 -0.003820 0.003942
-0.013166 -0.002031 0.003036
0.005500 -0.002961 0.001639
-0.002451 0.002840 0.001929
-0.002417 0.004307 0.002388
-0.002843 0.006401 -0.002600
-0.018395 -0.001395 -0.023628
0.006017 -0.001580 -0.003258
0.002038 0.000241 -0.000698
0.009737 0.004794 0.002362
-0.000916 -0.006210 -0.005812
0.002225 0.002634 0.005557
-0.023688 -0.003842 -0.005298
0.004799 0.006135 0.010541
0.002994 -0.006002 -0.011352
0.018031 0.001526 -0.001557
-0.004872 0.001921 0.006753
-0.011590 -0.001315 0.003264
-0.001193 -0.002300 -0.005035
-0.002530 0.001320 0.003424
0.001292 0.003791 0.004529
-0.002408 0.006181 -0.002221
0.004069 -0.000587 -0.000911
0.005409 -0.001575 -0.004568
0.001736 0.000323 -0.000654
0.010512 0.005228 0.001792
-0.001481 -0.005849 -0.006613
0.003163 0.003253 0.006214
-0.021340 -0.004101 -0.005563
0.001603 0.004669 0.012821
0.000030 -0.007092 -0.009409
0.018121 0.000586 -0.001334
-0.006305 0.001046 0.007498
-0.012710 -0.001753 0.003051
0.005779 -0.002594 0.001886
-0.010910 0.004685 0.006116
-0.002767 0.003911 0.002656
-0.009059 0.006012 0.004905
0.004569 -0.001294 -0.000801
0.004315 -0.000969 -0.004733
0.002987 0.000548 -0.000771
0.011853 0.004855 0.000783
-0.001045 -0.005684 -0.005884
0.001770 0.003349 0.005604
-0.023108 -0.004323 -0.005446
0.004410 0.003522 0.011201
0.000245 -0.006933 -0.009704
0.017483 0.000905 -0.000150
-0.011943 -0.003634 0.011571
