2176.0000 0.05 1
1.875
3.75
6.25
6.25
7.5
16.25
8.75
6.25
18.75
15
14.375
16.25
25
16.25
6.25
31.25
23.125
18.125
30
8.75
10
13.125
10
10
16.25
20
25
29.375
38.125
19.375
25
26.25
13.75
26.875
21.875
28.125
21.25
40
46.25
30
38.75
53.75
48.75
45.625
41.875
67.5
54.375
49.375
83.125
93.75
98.75
125.625
135.625
135.625
138.75
155
179.375
152.5
156.875
201.875
176.25
175.625
233.75
251.25
270
236.25
233.125
281.875
291.875
310
296.875
321.25
301.875
310.625
324.375
337.5
341.875
363.125
313.125
355
372.5
365
329.375
360
333.75
380
315
295.625
303.125
286.25
272.5
253.125
233.75
246.875
255
296.25
208.75
250
311.25
296.875
310.625
312.5
310.625
298.75
250.625
295
306.875
298.75
325
275.625
279.375
302.5
274.375
318.75
292.5
314.375
247.5
299.375
351.25
321.875
315
315
327.5
358.75
348.125
376.875
399.375
380.625
391.875
395
395
430.625
450.625
471.25
451.875
440
455.625
435.625
447.5
416.875
403.125
433.125
380
355.625
320.625
353.125
330
307.5
316.25
331.25
302.5
278.125
217.5
256.25
249.375
299.375
279.375
247.5
271.875
225.625
318.75
291.25
325.625
303.125
301.875
290
286.875
296.875
348.125
293.75
320
355.625
370
356.25
258.75
291.875
213.125
289.375
345
264.375
264.375
265
264.375
232.5
247.5
249.375
260.625
330
236.25
228.75
239.375
223.125
181.25
247.5
256.25
281.25
253.125
308.125
252.5
266.25
255.625
205.625
204.375
270
255.625
323.75
345.625
341.25
356.875
275
367.5
290
512.5
534.375
513.75
425
364.375
261.25
235.625
203.125
164.375
118.75
60
36.875
11.25
3.75
1.25
3.75
1.25
0
0
0
0
0
0
0
0
0
0
3.75
0
