0.010650 0.002618 0.000552
-0.004558 -0.001293 0.001431
0.010045 0.003431 -0.000915
0.002012 0.000021 -0.004004
0.008242 0.002527 -0.002516
-0.001026 -0.003861 -0.001623
-0.004572 -0.001992 -0.004045
-0.005001 0.005227 -0.000095
-0.008334 -0.000454 -0.014906
0.005162 -0.000927 -0.001833
0.001456 0.002347 0.014200
-0.006181 -0.003189 0.001459
-0.001046 -0.006578 0.008796
-0.005750 0.000709 -0.000520
0.005254 0.000978 -0.004392
0.002568 -0.002144 -0.001364
0.010959 0.002879 0.001231
-0.004521 -0.001838 0.000485
0.011322 0.003774 -0.002415
0.003033 0.000057 -0.004730
0.008388 0.002829 -0.002853
0.000161 -0.003638 -0.001186
-0.004965 -0.001776 -0.004001
-0.005277 0.005714 0.001468
-0.009179 0.000643 -0.007048
0.005749 -0.000497 -0.002959
-0.003251 -0.002431 0.005570
-0.007345 -0.003632 0.000275
-0.005595 -0.005689 0.014166
-0.005789 0.000560 -0.004804
0.005191 0.000951 -0.005168
0.002599 -0.000775 0.001353
0.004667 0.000447 0.007175
-0.056133 -0.000136 0.044793
0.009471 0.005062 -0.000803
0.006767 0.003068 0.001836
0.049099 0.003019 0.034818
0.000858 -0.004685 -0.000607
-0.011823 0.005532 -0.565513
0.000094 0.001789 0.010590
-0.008087 0.000493 -0.013531
0.006365 -0.001120 -0.009160
-0.003583 -0.001587 0.004274
-0.013174 -0.000182 0.009006
-0.000925 -0.004099 0.008872
-0.005706 0.000295 -0.000577
0.006277 0.000997 -0.006184
0.002222 -0.002508 0.002176
0.011023 0.002574 0.001181
-0.004472 -0.001386 0.001096
0.010357 0.003932 0.000033
0.002299 0.000164 -0.003565
0.007196 0.002370 -0.002643
-0.000962 -0.003687 0.000775
-0.004745 -0.000998 -0.013206
-0.004793 0.007117 -0.000530
-0.008949 0.000008 -0.009789
0.005361 -0.001307 -0.002810
-0.007731 -0.006113 0.013645
-0.005918 -0.002769 0.002055
-0.004755 -0.009258 0.014139
-0.004826 -0.000612 -0.000018
0.003866 0.001237 -0.004963
0.002860 -0.054649 0.045168
0.009263 0.003495 -0.000914
-0.004415 -0.000894 0.000590
0.009496 0.003850 0.000486
0.001910 0.000480 -0.003352
0.008223 0.002573 -0.002604
-0.001099 -0.003511 0.000096
-0.004753 -0.002523 -0.004102
-0.005163 0.006046 0.000803
-0.008733 0.000686 -0.007484
0.005745 -0.002069 -0.002855
-0.003482 -0.002470 0.005371
-0.006066 -0.003004 0.002241
-0.001021 -0.005349 0.008942
-0.005538 0.000265 -0.001295
0.004247 0.001510 -0.004360
0.002865 -0.001045 0.000338
0.011196 0.003565 0.000440
-0.005386 -0.001539 0.001366
0.067252 0.005979 0.048803
0.007970 0.003284 0.003379
0.007162 0.003188 -0.003707
-0.003710 -0.002406 -0.001742
-0.004331 -0.002666 -0.004184
-0.004880 0.005761 -0.000943
-0.008500 0.000991 -0.006955
0.004155 -0.002017 -0.002472
-0.002916 -0.002168 0.003171
-0.009726 0.000445 0.007039
-0.002502 -0.005147 0.008745
-0.004771 0.000240 -0.008950
0.003201 0.002531 -0.006154
0.002443 -0.001188 0.001456
0.009765 0.003179 -0.000971
-0.007080 -0.001503 -0.000596
0.010284 0.004134 0.000188
0.003604 -0.000573 -0.005261
0.010089 0.002301 -0.004830
-0.000596 -0.003429 -0.000317
-0.004840 -0.002101 -0.002171
-0.009646 0.009512 0.010500
-0.008753 0.000078 -0.009385
0.005460 -0.001035 -0.004031
-0.003361 -0.003407 0.004229
-0.008530 -0.002670 0.001093
-0.004554 -0.000189 0.014317
-0.005424 0.001215 -0.000456
0.003679 0.000284 -0.006091
0.002518 -0.002507 0.000538
0.006610 -0.000192 0.005898
-0.005185 -0.001610 0.001556
0.008570 0.004656 -0.000529
0.002062 -0.001089 -0.004006
0.007377 0.002174 -0.003554
-0.002038 -0.002732 -0.000319
-0.004565 -0.001817 -0.004077
-0.004889 0.006270 0.000960
-0.008586 0.000626 -0.007337
0.004548 -0.000318 -0.002710
-0.003226 -0.002969 0.005366
-0.005782 -0.003427 0.001504
-0.000667 -0.005233 0.009198
-0.005910 0.000282 0.000460
0.003973 0.001675 -0.006915
0.002635 -0.000777 0.000376
-0.012494 -0.001189 0.003456
0.004456 -0.003178 0.001708
-0.002537 0.001151 0.003628
-0.004960 0.004329 0.003165
-0.003176 0.006647 -0.002431
0.010947 -0.004724 0.004645
0.002469 0.003705 0.000614
0.003009 -0.001259 -0.000300
0.010044 0.005556 0.001667
-0.000626 -0.006472 -0.006902
0.002365 0.022265 0.024652
-0.022626 -0.005467 -0.005803
0.002636 0.003503 0.011010
0.001381 -0.002824 -0.005496
0.017970 0.000733 0.000037
-0.007110 0.000415 0.007133
-0.012691 -0.001328 0.002102
0.000605 0.002003 0.010970
-0.002657 0.001250 0.003214
-0.004220 0.003033 0.002934
-0.003224 0.006444 -0.000935
0.006610 -0.000831 -0.001885
0.004835 -0.000840 -0.004024
0.003047 0.000755 -0.000058
0.010127 0.005624 0.002072
-0.002148 -0.005845 -0.006927
0.001724 0.003001 -0.004270
-0.023407 0.023850 0.018854
0.002173 0.004667 0.013161
0.002782 -0.007387 -0.005736
0.030339 0.000888 0.014340
-0.007118 -0.001107 0.006149
-0.013120 -0.001636 0.029246
0.003997 -0.002018 0.000195
-0.022055 0.001145 0.021798
-0.004292 0.004428 -0.000378
-0.003588 0.006684 0.000012
0.006169 -0.000687 -0.001464
0.002401 -0.005054 0.000897
0.002404 -0.028660 0.025325
-0.025738 0.005969 0.035717
-0.002607 -0.006397 -0.004677
0.002546 -0.017598 0.025599
-0.022181 -0.004963 -0.005288
-0.002128 0.000513 0.021439
0.002069 -0.012404 -0.004732
0.017909 0.000872 -0.000234
-0.004502 0.000413 0.007644
-0.012787 -0.000800 0.002627
0.004586 -0.002783 0.001707
-0.002114 0.001023 0.003841
-0.004480 0.003764 0.002395
-0.003356 0.006340 -0.000686
0.007155 0.000025 -0.003051
0.005368 0.000729 -0.006419
0.003458 -0.003188 0.003583
0.010870 0.005302 0.002565
-0.000818 -0.005995 -0.005158
0.001807 -0.011217 0.018773
-0.022615 -0.005234 -0.005991
0.002708 0.005865 0.010465
-0.000936 -0.005799 -0.011378
0.017767 0.000931 0.000052
-0.006853 0.000414 0.007035
-0.012679 -0.001284 0.002067
0.004583 -0.001474 0.000563
-0.002877 0.001216 0.003083
-0.003991 0.002854 0.001843
-0.005065 0.006800 -0.002439
0.005537 -0.000870 -0.000997
0.005290 -0.000913 -0.005227
0.002977 0.001120 -0.001137
0.010128 0.005426 0.001929
-0.000781 -0.006098 -0.005799
0.002256 0.003200 0.006126
-0.022277 -0.003134 -0.004954
0.002199 0.004742 0.012353
-0.001440 -0.007427 -0.009849
0.017714 0.000690 0.000568
-0.007148 0.001685 0.006428
-0.012595 -0.001336 0.003810
0.008887 -0.007528 0.011653
-0.002539 0.001726 0.001976
-0.004780 0.003211 0.002518
-0.003408 0.006142 -0.001016
0.011066 -0.004738 0.005242
0.003709 -0.000737 -0.004454
0.003240 0.000962 -0.000418
0.011127 0.006090 0.000939
0.000770 -0.005585 -0.007232
0.002057 0.003133 0.006046
-0.022192 -0.002460 -0.007451
0.001802 0.004667 0.010888
-0.000282 -0.007650 -0.009883
0.005095 0.001065 0.014368
-0.002337 -0.003998 0.013877
-0.013744 -0.000068 0.033695
0.004490 -0.002531 0.002793
0.011902 0.000800 0.016399
-0.005897 0.043202 0.034336
-0.003615 0.006440 -0.001977
0.006102 -0.000693 -0.001021
0.005009 -0.002182 -0.006105
0.003452 -0.000224 -0.003602
0.008285 0.005630 -0.000354
-0.000904 -0.005866 -0.006673
0.002142 0.022811 0.024816
-0.022122 -0.004500 -0.004979
0.006967 0.009336 0.022791
-0.000426 -0.009318 -0.010709
0.017838 0.000615 -0.000248
-0.002221 0.000384 0.011990
-0.012739 -0.001821 0.003796
0.004489 -0.003911 0.000731
-0.002545 0.000307 0.001762
-0.004193 0.002833 0.002091
-0.001653 0.006015 -0.002641
0.005766 0.000652 -0.001767
0.005976 -0.001014 -0.005013
0.002797 0.001787 -0.001269
0.011423 0.004633 0.001051
-0.000842 -0.005763 -0.005755
0.001944 0.003258 0.005277
-0.022078 -0.004148 -0.004503
0.002883 0.004847 0.011790
-0.001145 -0.007120 -0.010195
0.017485 0.000669 0.000791
-0.002720 0.004830 0.013911
