2176.0000 0.05 1
1.875
3.75
6.25
6.25
7.5
16.25
8.75
7.5
17.5
15
14.375
16.25
25
16.25
6.25
31.25
23.125
18.125
30
8.75
10
13.125
10
10
16.25
20
25
28.75
38.75
19.375
23.75
27.5
13.75
26.875
21.875
28.125
21.25
41.25
44.375
30.625
37.5
56.25
46.875
46.25
41.875
67.5
54.375
48.125
84.375
93.75
98.75
121.875
140
135
137.5
154.375
181.25
152.5
158.125
200.625
175.625
176.25
230.625
254.375
270
235
236.875
278.125
293.125
311.25
295.625
321.875
301.25
311.875
323.75
339.375
341.25
362.5
313.125
353.75
375
366.875
328.75
360
333.125
378.75
313.75
294.375
305
285
273.75
254.375
231.25
249.375
254.375
297.5
207.5
249.375
313.75
293.125
317.5
310
309.375
298.125
251.875
293.75
308.125
296.25
326.25
275.625
278.125
303.75
271.875
321.25
291.25
315.625
250
296.875
355
315
316.875
316.25
327.5
364.375
340
380.625
400.625
379.375
389.375
395
393.75
430.625
453.125
468.125
452.5
445
450
440.625
443.75
419.375
404.375
430
381.875
356.875
318.125
354.375
326.875
310
318.125
328.75
304.375
276.875
215
256.25
248.75
302.5
280.625
247.5
271.25
225
318.75
290
328.125
301.25
302.5
290.625
285.625
296.25
348.125
293.75
323.75
350.625
375
350
265
286.875
214.375
288.125
346.875
263.75
266.25
266.25
257.5
238.125
244.375
250.625
262.5
325.625
240.625
229.375
235.625
226.875
178.75
248.75
255
280
255
306.25
254.375
265.625
256.875
206.875
201.875
269.375
255
326.25
343.125
343.75
356.25
272.5
369.375
293.75
511.25
539.375
506.875
425.625
366.25
260.625
234.375
201.875
166.875
120.625
56.25
33.75
12.5
3.75
1.875
4.375
1.25
0
0
0
0
0
0
0
0
0
0
2.5
0
