0.008339 0.046630 -0.031484
-0.006889 -0.000936 0.002153
0.011944 0.004026 0.000475
0.002351 0.001837 -0.003052
0.009026 0.002645 -0.001717
-0.000966 -0.003654 -0.001363
-0.004038 -0.002263 -0.004612
-0.005158 0.005752 0.000043
-0.008869 0.000752 -0.008587
0.005531 -0.000546 0.005006
-0.003524 -0.002145 0.004327
-0.006320 -0.003821 0.002650
-0.002891 -0.005577 0.009289
-0.005680 0.000964 -0.002059
0.004926 -0.000435 -0.004258
0.002448 -0.001874 0.000851
0.010684 0.001426 0.001868
-0.006052 -0.001511 0.001225
0.011439 0.005581 0.001180
0.002166 -0.002434 -0.006519
0.009657 0.002668 -0.002882
-0.001315 -0.002111 -0.000077
-0.004296 -0.002148 -0.005549
-0.004978 0.006196 -0.000918
-0.007547 -0.000448 -0.007874
0.004956 -0.001160 -0.002767
-0.003195 -0.002648 0.004990
-0.006142 -0.001717 0.002927
-0.002189 -0.005163 0.009471
-0.005723 0.000559 0.000084
0.005143 0.001377 -0.005513
0.004305 -0.003619 0.002770
0.010620 0.003318 0.001409
-0.006426 -0.001538 0.002016
0.010726 0.004153 -0.000099
0.001849 0.001224 -0.003659
0.009417 0.002697 -0.001945
-0.000895 -0.003188 0.001075
-0.004381 -0.002133 -0.004694
-0.003947 0.005871 0.000877
-0.007654 0.000597 -0.002382
0.005485 -0.002822 0.003644
-0.002058 -0.002370 0.004703
-0.009499 -0.047423 -0.030859
-0.001767 -0.005633 0.011532
-0.005439 0.000353 -0.031379
0.010279 -0.003118 -0.015173
0.003384 -0.002123 0.002531
0.011147 0.002543 0.002560
-0.005281 -0.001209 0.001366
0.011185 0.004026 0.000180
0.002351 0.001661 -0.002796
0.008408 0.002519 -0.002485
-0.000980 -0.003787 -0.001122
-0.004796 -0.002014 -0.004774
-0.004996 0.005634 0.000006
-0.008640 0.000467 -0.007150
0.004971 -0.001895 0.001204
-0.003218 -0.002164 0.004396
-0.005438 -0.005717 -0.001391
-0.002501 -0.005526 0.009449
-0.005868 0.001154 -0.002029
0.004299 0.002721 -0.004913
0.002093 -0.002861 0.001774
0.010802 0.001399 0.001056
0.036523 -0.001145 -0.028749
0.011324 0.002527 0.001357
0.002505 0.000447 -0.001784
0.007840 0.002603 -0.001735
0.003823 0.000955 -0.010118
0.008131 -0.002324 -0.019155
-0.005279 0.006044 0.001124
-0.007621 0.001788 -0.007685
0.004419 -0.001081 -0.002913
-0.003407 -0.002818 0.003464
-0.006181 -0.001592 0.002105
-0.002042 -0.005477 0.009383
-0.005583 0.000379 -0.000077
0.003991 0.001281 -0.006626
0.002764 -0.002383 0.000972
0.010556 0.001024 0.001671
-0.006830 -0.001630 0.001220
0.007481 0.008836 -0.005116
0.002213 -0.000681 -0.003056
0.009409 0.002592 -0.002690
-0.001960 -0.003878 -0.000896
-0.004739 -0.002254 -0.005343
-0.005069 0.006124 0.001769
-0.009299 0.001468 -0.007477
0.005291 -0.001208 -0.002708
-0.004001 -0.000627 0.002801
-0.006073 -0.001184 0.002610
-0.003172 -0.004344 0.010364
-0.005495 -0.000046 -0.001196
0.004156 0.001626 -0.006396
0.006618 0.001525 -0.004764
0.011275 0.002067 0.000653
-0.005383 -0.001517 0.001001
0.004680 0.003632 -0.006942
0.002260 0.001816 -0.003426
0.008737 0.002352 -0.002667
-0.000920 -0.003227 -0.001556
-0.004780 -0.002045 -0.004586
-0.006113 0.005745 0.000637
-0.008175 0.000711 -0.006727
0.005020 -0.001551 0.000610
-0.004571 -0.001916 0.004755
-0.006732 -0.001519 0.005050
0.038158 -0.004809 -0.021514
-0.007539 0.001694 -0.028827
0.001520 0.004197 -0.013891
0.006705 0.002170 -0.005080
0.010999 0.001425 0.001494
-0.004444 -0.001774 0.002668
0.006049 0.000993 -0.005424
0.003287 -0.031216 -0.025263
-0.022165 0.003750 -0.025999
-0.005903 -0.006850 -0.009106
-0.018283 -0.001992 -0.018904
-0.007859 0.004081 -0.000858
-0.009636 0.000007 -0.007597
0.005583 -0.000978 -0.003200
-0.003588 -0.002562 0.005816
-0.006066 -0.001755 0.002223
-0.002328 -0.005802 0.010449
-0.005581 0.000308 -0.001050
0.003954 0.001310 -0.003974
0.001761 -0.002884 0.001650
-0.012660 -0.001219 0.002747
0.004763 -0.002361 0.000680
-0.002869 0.018110 -0.015929
-0.004701 0.004223 0.002566
-0.002078 0.005542 -0.005906
0.006518 -0.002569 -0.000425
0.003374 -0.000751 -0.003812
0.003131 -0.000536 0.000643
0.013429 0.009388 -0.003012
-0.000693 -0.005716 -0.004986
0.002131 0.003069 0.003758
-0.022004 -0.003497 -0.004267
0.002699 0.003291 0.011997
0.000374 -0.007556 -0.009217
0.017939 0.000926 -0.001341
-0.009681 0.004923 0.001423
-0.012678 -0.001638 0.004320
0.004412 -0.001218 0.001795
-0.002706 0.001332 0.001822
-0.004150 0.004472 0.002554
-0.003022 0.006416 -0.001663
0.006008 -0.000806 0.001329
0.002660 0.000620 -0.002811
0.002891 -0.000091 -0.000292
0.008852 0.005801 0.002148
-0.000594 -0.006253 -0.006421
0.002106 0.003044 0.004464
-0.022526 -0.003761 -0.004321
0.002198 0.004592 0.010989
-0.000311 -0.007597 -0.009223
0.017638 0.000315 -0.000916
-0.004925 0.000486 0.008444
-0.012582 -0.001301 0.002651
0.004506 -0.002389 0.002576
-0.002674 -0.016347 -0.016438
-0.003347 0.003624 0.003855
-0.003373 0.006221 -0.000049
0.005453 -0.001781 -0.000482
0.005871 -0.000896 -0.005282
-0.001505 0.003270 -0.005769
0.014077 0.001867 -0.003626
-0.000706 -0.005128 -0.010942
-0.019703 0.002813 -0.016492
-0.026237 -0.007730 -0.009644
-0.001695 -0.000514 0.002186
-0.028923 -0.007551 -0.026800
0.005421 0.009680 0.493977
-0.009523 -0.003900 0.001453
-0.012727 -0.002042 0.002070
0.004705 -0.002537 0.000624
-0.003130 -0.015607 -0.015564
-0.004850 0.005206 0.003498
-0.003266 0.006330 -0.000534
0.006217 -0.002373 -0.000405
0.003062 -0.000589 -0.003874
0.003184 0.000117 -0.000093
0.009071 0.006724 0.003286
-0.000852 -0.005512 -0.007515
0.002570 0.002928 0.003293
-0.022439 -0.003536 -0.005390
0.002855 0.005645 0.012127
0.000824 -0.007605 -0.009750
0.017615 0.002088 0.010067
-0.004412 0.001830 0.010012
-0.013028 -0.001250 0.007269
0.000975 0.002923 -0.008779
-0.003492 0.001302 0.011706
-0.002753 0.005808 0.004956
-0.005364 0.006958 -0.000830
0.005759 0.001305 -0.003581
0.002890 -0.002274 -0.002575
0.001555 -0.001333 0.002263
0.016049 0.005635 -0.005079
-0.002472 -0.005861 -0.005927
0.002367 0.002815 0.004329
-0.027345 -0.007103 -0.010173
0.002432 0.004686 0.010645
-0.000374 -0.007702 -0.009216
0.017461 0.001190 -0.001036
-0.004468 0.000120 0.008363
-0.012559 -0.001418 0.001914
0.004674 -0.003574 0.001866
-0.003275 0.001313 0.003617
-0.004732 0.004737 0.003447
-0.003630 0.006392 -0.001760
0.004760 0.017548 -0.009965
0.007526 0.002852 -0.009984
0.003241 -0.000173 0.000214
0.008493 0.005462 0.002024
-0.001101 -0.006132 -0.006405
0.002332 0.002134 0.006036
-0.022232 -0.003999 -0.005077
0.002373 0.004545 0.011237
0.000415 -0.007634 -0.008815
0.017747 0.001284 -0.001206
-0.004769 0.000256 0.008308
-0.013266 -0.001121 0.002677
0.004617 -0.002563 -0.000179
-0.003049 0.022570 -0.020926
-0.000750 -0.000648 -0.003055
-0.003423 0.006018 -0.002316
0.006139 -0.002338 -0.000820
0.006578 -0.000856 -0.006566
0.001818 -0.000152 0.000856
0.009656 0.004690 0.002590
-0.000632 -0.006073 -0.005644
0.020041 0.002695 -0.011858
-0.024156 -0.002583 -0.002111
0.005949 0.008160 0.004088
-0.000530 -0.007537 -0.007528
0.017349 0.000774 -0.003377
-0.004860 -0.000843 0.009598
-0.011325 -0.001177 0.010107
0.007937 -0.006834 -0.006624
-0.002859 0.001493 0.001287
-0.000301 -0.000539 -0.002989
-0.002297 0.006101 -0.000894
0.006176 -0.000683 -0.000458
0.008063 -0.004469 -0.010334
-0.000113 0.004290 -0.005362
0.010062 0.005436 0.001120
0.000216 -0.005678 -0.005732
0.002356 0.003250 0.006234
-0.023520 -0.003766 -0.003361
0.002953 0.004517 0.012570
0.001267 -0.007056 -0.009070
0.017782 0.000292 -0.001096
-0.006936 0.000407 0.007448
