2176.0000 0.05 1
1.11111
4.44444
11.1111
2.22222
11.1111
4.44444
13.3333
11.1111
20
11.1111
6.66667
11.1111
24.4444
23.3333
17.7778
23.3333
26.6667
18.8889
13.3333
32.2222
18.8889
8.88889
4.44444
10
14.4444
14.4444
36.6667
37.7778
26.6667
38.8889
11.1111
26.6667
17.7778
33.3333
22.2222
32.2222
28.8889
25.5556
40
24.4444
32.2222
46.6667
36.6667
47.7778
70
55.5556
56.6667
41.1111
80
107.778
98.8889
122.222
125.556
141.111
148.889
148.889
158.889
190
192.222
202.222
214.444
267.778
192.222
230
234.444
286.667
240
276.667
253.333
265.556
292.222
295.556
317.778
344.444
312.222
352.222
286.667
345.556
304.444
308.889
297.778
298.889
291.111
277.778
312.222
275.556
248.889
285.556
292.222
300
310
322.222
317.778
310
333.333
321.111
318.889
288.889
293.333
300
301.111
292.222
330
364.444
312.222
358.889
377.778
363.333
348.889
350
341.111
293.333
251.111
215.556
182.222
155.556
188.889
241.111
264.444
331.111
351.111
402.222
415.556
397.778
433.333
403.333
452.222
400
384.444
361.111
340
371.111
350
392.222
383.333
376.667
387.778
427.778
404.444
456.667
405.556
408.889
411.111
354.444
362.222
374.444
371.111
377.778
432.222
417.778
410
434.444
405.556
341.111
347.778
322.222
351.111
318.889
324.444
255.556
286.667
262.222
272.222
255.556
246.667
220
276.667
211.111
240
218.889
232.222
258.889
223.333
244.444
232.222
212.222
208.889
230
174.444
208.889
171.111
200
175.556
176.667
257.778
232.222
231.111
212.222
215.556
170
175.556
196.667
262.222
241.111
220
277.778
234.444
230
262.222
345.556
344.444
315.556
305.556
327.778
311.111
332.222
380
416.667
427.778
424.444
447.778
431.111
508.889
475.556
500
471.111
424.444
354.444
311.111
227.778
121.111
16.6667
1.11111
0
0
0
0
0
0
0
0
0
0
0
0
0
0
0
0
0
0
0
0
0
2.22222
4.44444
0
0
0
0
6.66667
0
2.22222
4.44444
5.55556
0
0
4.44444
2.22222
4.44444
6.66667
0
2.22222
4.44444
0
1.11111
2.22222
0
0
2.22222
2.22222
0
