0.000216 0.011014 0.012509
-0.009386 0.000772 0.000369
-0.006998 0.009286 0.000437
-0.047867 -0.008614 -0.006107
0.000110 0.015225 -0.005868
-0.008268 0.000225 -0.002278
-0.000986 0.003516 0.004391
0.000758 -0.015686 -0.003121
-0.004542 -0.011488 -0.000524
-0.003041 -0.006309 -0.005767
0.009495 -0.010042 -0.002335
-0.008485 -0.005911 -0.002497
0.004831 -0.009086 0.003845
0.001587 -0.022115 0.002880
-0.001058 -0.001335 0.000470
0.014963 -0.011219 0.003323
0.001052 0.010245 0.009443
-0.008733 0.001876 0.000502
-0.007801 0.020882 0.005597
0.012180 0.008876 -0.003663
0.000652 0.014279 -0.005383
-0.018398 0.000281 -0.003603
0.002572 0.003541 0.005574
0.001099 -0.016194 -0.002521
-0.004134 -0.011697 -0.002406
-0.011270 -0.005508 -0.001060
0.003498 -0.007530 0.002641
-0.009907 -0.006556 -0.003558
0.003686 -0.007616 0.004296
0.004856 -0.018354 -0.001801
-0.003839 0.000756 0.000794
0.011675 -0.008419 -0.000654
0.000920 0.010638 0.014186
-0.008747 0.001921 0.000418
-0.006506 0.020020 -0.003100
0.011768 0.008521 -0.002982
-0.002705 0.015498 -0.006286
-0.009212 0.002627 -0.002579
-0.001045 0.003665 0.003978
0.000833 -0.015715 -0.001466
-0.003963 -0.011473 -0.000994
-0.011645 -0.005213 -0.002094
0.012508 -0.005890 0.002115
-0.009440 -0.006119 -0.003074
0.005544 -0.007736 0.003665
-0.006389 -0.019595 -0.003212
-0.003176 0.001404 0.001315
0.014345 -0.012685 0.003124
-0.018095 0.022707 0.014427
-0.022888 -0.008260 -0.001742
-0.003493 0.026663 0.001201
0.013282 0.007724 -0.002310
-0.003161 0.016545 -0.007271
-0.010294 0.001066 -0.002310
0.001201 0.002506 0.003942
0.008683 -0.015196 -0.003537
-0.005825 -0.015535 -0.005730
-0.011869 -0.005469 -0.001384
0.010628 -0.006533 -0.000309
-0.005687 -0.004115 -0.001816
0.004575 -0.007815 0.003692
0.003775 -0.019576 -0.000724
-0.003181 0.000170 0.002678
0.003809 -0.011165 0.004147
0.000220 0.011309 0.012055
-0.010633 0.001988 0.000645
-0.000966 0.018492 0.000428
0.011156 0.007890 -0.003068
-0.002805 0.015780 -0.006436
-0.010950 0.001709 -0.002039
0.002753 0.003338 0.004856
0.000081 -0.015999 -0.002732
-0.002991 -0.012149 -0.001084
-0.011286 -0.005064 -0.002080
0.012648 -0.005472 0.000495
-0.011482 -0.005897 -0.003581
0.004807 -0.007462 0.002431
0.003617 -0.017954 -0.000913
-0.004197 0.000427 0.001492
0.016704 -0.007825 0.004487
-0.001354 0.010495 0.012161
-0.008259 0.002044 -0.002389
-0.002659 0.019388 0.001214
0.015623 0.004974 -0.002480
0.000213 0.017195 -0.006719
-0.010738 0.001010 -0.002622
-0.001429 0.004152 0.004199
0.000170 -0.016422 -0.002725
-0.002033 -0.013900 0.002259
-0.012112 -0.004506 -0.001077
0.011632 -0.006571 0.000673
-0.009965 -0.006345 -0.006029
0.008206 -0.007364 0.003785
0.005636 -0.021611 -0.002905
-0.005577 0.000395 0.002140
0.014237 -0.011280 0.002005
-0.001910 0.010656 0.012018
-0.007062 0.002642 0.003351
-0.001407 0.018860 -0.000332
0.013458 0.004517 -0.002228
0.000128 0.016746 -0.005981
-0.034135 0.000292 -0.001949
0.593778 0.001033 0.004699
0.001103 -0.015065 -0.001366
-0.015441 -0.023578 -0.018635
-0.011478 -0.004077 -0.003278
0.013360 -0.008615 0.001775
-0.056175 0.024403 -0.071183
0.012330 -0.007284 0.004878
0.003175 -0.019540 -0.001129
-0.002407 0.000400 0.001282
0.014621 -0.010733 0.003512
-0.002039 0.010128 0.012146
-0.010451 0.002004 0.000407
-0.000048 0.021140 0.000664
0.000388 0.007271 -0.002487
-0.005410 0.016863 -0.003949
-0.008946 -0.000390 -0.001654
-0.000783 0.002659 0.005162
0.004270 -0.016017 -0.003290
-0.002366 -0.010729 -0.002868
-0.010679 -0.005197 -0.002226
0.011743 -0.007390 0.001077
-0.009809 -0.006358 -0.003026
0.004571 -0.006309 0.001965
0.002575 -0.019489 -0.000960
-0.051585 -0.029977 0.068458
0.015432 -0.012349 0.005674
-0.001158 0.005450 -0.008820
0.007349 0.008318 -0.002358
-0.021573 0.010900 0.002349
0.000481 0.033203 -0.001855
-0.015157 0.053390 0.000207
-0.009360 0.006878 -0.009453
-0.011685 0.004629 -0.000480
-0.017704 -0.052609 0.000958
0.000756 0.006802 -0.001766
0.016669 -0.011693 0.002700
-0.009467 0.013916 0.004141
-0.014523 0.007789 -0.016579
0.010630 -0.004868 -0.000040
-0.003964 -0.005393 0.006584
0.010224 -0.009463 0.002429
-0.014363 -0.013906 0.002078
0.002080 0.004200 -0.004966
0.007501 0.008295 -0.002714
-0.007843 0.009207 0.001035
0.005483 0.023827 -0.000977
-0.001056 -0.003025 0.000454
0.001773 0.003474 -0.009962
-0.005780 -0.003436 -0.000132
0.004054 0.006552 -0.001711
-0.015433 0.008066 -0.002051
0.007656 -0.003708 0.019449
-0.005729 0.013060 0.001081
-0.005160 -0.001352 -0.000149
0.010980 -0.005932 0.000914
-0.003343 -0.006254 0.004070
0.010780 -0.009039 0.001726
-0.016496 -0.011308 0.002381
-0.003203 -0.000117 -0.004913
0.009517 0.006656 -0.002496
-0.008314 0.009439 0.003133
0.006507 0.023727 -0.001788
-0.001484 -0.003353 -0.001614
0.001208 0.003296 -0.009599
-0.009127 -0.002539 0.000978
0.004938 0.007094 0.001850
0.000082 0.008611 -0.002086
0.018540 -0.009829 -0.000449
-0.007721 0.010602 0.001835
-0.006454 -0.001637 0.000724
0.011064 -0.005165 0.000127
-0.003340 -0.005600 0.003902
0.008915 -0.010003 0.002560
-0.016267 -0.011434 0.001443
0.000284 0.003363 -0.005153
0.008003 0.009452 -0.003163
-0.020381 0.011008 0.002546
0.004339 0.014988 -0.002932
0.000964 -0.002908 -0.000621
-0.001401 -0.000226 -0.009823
-0.008713 -0.006169 0.001094
0.002592 0.005036 0.000073
-0.001033 0.009738 -0.002062
0.016302 -0.007218 0.008527
-0.008515 0.009512 0.003121
-0.005966 -0.001911 -0.000297
0.012028 -0.004696 0.001296
-0.002864 -0.005353 0.004610
-0.051861 0.024174 0.073129
-0.076797 -0.045953 -0.066817
-0.001827 0.005926 0.001509
0.006640 0.009291 -0.002262
-0.011624 0.010888 0.002487
0.008908 0.023164 -0.001510
-0.001284 -0.002849 -0.000765
0.002099 0.004452 -0.009597
-0.008104 -0.002067 0.000726
0.001811 0.006041 0.000338
0.002802 0.007615 -0.002437
0.017770 -0.012221 0.003030
-0.008391 0.008956 0.001785
-0.004636 0.000026 0.003953
0.010788 -0.005415 -0.000123
-0.002402 -0.005326 0.004402
0.010883 -0.010405 0.001468
-0.017627 -0.012300 0.001159
0.000584 0.003873 -0.004706
0.005873 0.005983 -0.008937
-0.007817 0.010906 0.001923
0.002295 0.022635 0.003413
0.001184 -0.002579 -0.001414
0.000200 0.008296 -0.011286
-0.008028 -0.001807 0.000699
0.003505 0.005756 0.001001
-0.000379 0.007748 -0.002180
0.017239 -0.012621 0.002786
-0.007183 0.009645 -0.000308
-0.003652 -0.001841 -0.001067
0.012578 -0.007815 -0.004174
-0.003670 -0.004488 0.005175
0.012336 -0.007814 0.002375
-0.017899 -0.012147 0.001204
-0.011485 0.003940 -0.005729
0.006675 0.005959 0.000866
-0.008079 0.011225 0.003086
0.001089 0.021997 -0.007351
0.001027 -0.002196 0.001015
-0.000845 0.009262 -0.009101
-0.020638 -0.003131 -0.000176
0.003577 0.005381 -0.000465
-0.076455 0.031701 0.002922
0.017155 -0.010833 0.004455
-0.017016 0.010949 0.001380
-0.008061 0.002417 -0.004615
0.002796 -0.015788 0.016378
-0.003460 -0.004486 0.004232
0.009592 -0.010292 0.001968
-0.015678 -0.011550 0.001622
0.000359 0.003524 -0.005016
-0.003332 0.006896 -0.002161
-0.010214 0.010853 0.002654
0.007390 0.020325 -0.002338
-0.000087 -0.003032 -0.000322
0.004108 0.005880 -0.009484
-0.008823 -0.007304 -0.000040
0.001586 0.004978 -0.000387
0.000485 0.010165 -0.002334
0.019234 -0.012145 0.004708
-0.008403 0.010453 0.001482
-0.005616 -0.000437 -0.001337
0.009195 -0.008195 0.004146
-0.002359 -0.005669 0.004265
0.011069 -0.009419 0.004765
-0.016354 -0.011452 -0.000303
