2176.0000 0.05 1
1.875
2.5
7.5
6.25
7.5
16.25
8.75
6.25
17.5
16.25
14.375
16.25
23.75
17.5
6.25
31.25
23.125
18.125
28.75
10
10
13.125
10
10
16.25
20
26.25
28.75
37.5
19.375
22.5
28.75
13.75
26.875
21.875
28.125
21.25
42.5
43.125
30.625
37.5
56.25
46.875
46.25
42.5
66.875
55.625
46.875
84.375
93.75
98.75
125.625
136.875
134.375
138.75
154.375
180.625
153.125
157.5
198.75
176.875
175.625
233.125
253.125
267.5
239.375
234.375
280.625
292.5
308.75
297.5
321.25
303.125
314.375
320.625
338.75
341.875
365.625
314.375
355.625
370
365.625
327.5
361.25
335.625
376.875
314.375
291.875
305.625
288.125
271.875
255.625
231.25
251.875
248.125
301.875
205.625
251.875
310.625
292.5
320.625
304.375
311.25
301.875
248.75
293.75
310.625
295.625
326.25
272.5
280
307.5
266.875
321.875
290.625
316.25
251.25
295.625
352.5
319.375
315.625
316.25
326.875
365
340.625
380
404.375
377.5
386.875
395.625
393.125
432.5
453.125
468.75
454.375
443.125
451.25
436.25
448.125
415
408.125
425.625
384.375
358.125
315.625
353.75
329.375
313.125
311.25
331.875
306.875
271.875
217.5
253.75
253.75
303.125
277.5
248.125
269.375
226.875
318.75
288.125
330
296.875
305.625
290.625
286.875
295.625
349.375
291.25
325.625
350.625
373.125
355.625
260.625
288.125
211.875
288.125
345
268.125
262.5
268.75
256.25
238.125
245
247.5
267.5
328.125
236.875
227.5
238.125
225
181.25
245
256.25
280
256.875
308.125
252.5
262.5
259.375
205.625
204.375
266.875
255
325
345.625
343.75
354.375
275.625
366.25
294.375
513.75
536.875
513.125
418.125
365.625
264.375
231.25
206.25
165
113.125
66.875
30
11.25
4.375
1.25
3.75
1.25
0
0
0
0
0
0
0
0
0
0
2.5
0
