0.006294 0.012604 0.006268
-0.005448 -0.001960 0.000564
0.011563 0.002049 0.001766
0.002411 0.001898 -0.003316
0.008176 0.002627 -0.001403
-0.000968 -0.004414 -0.000230
-0.004855 -0.001935 -0.004655
-0.003574 -0.002658 0.000272
-0.008172 0.000613 -0.008152
0.006925 -0.004033 -0.004246
-0.002798 -0.001292 0.004562
-0.005892 -0.002121 0.002149
-0.002986 -0.006904 0.008969
-0.005683 -0.001673 -0.000741
0.005044 0.003666 -0.004904
0.001661 -0.002761 0.000772
0.011037 0.003361 0.001280
-0.005688 -0.003264 0.001006
0.015379 0.009990 -0.001997
0.006836 0.010448 0.001280
0.008179 0.000683 -0.002780
-0.000289 0.026004 -0.000743
-0.004183 -0.003557 -0.004616
-0.005316 0.024449 0.017766
-0.052497 0.035445 -0.007682
0.001508 0.001841 -0.002456
-0.003420 -0.008948 0.002557
-0.004831 -0.003141 0.002207
-0.001678 -0.006250 0.009159
-0.004894 -0.000677 -0.001163
0.005358 0.001130 -0.004504
0.002438 -0.003038 0.000151
0.015219 0.011312 -0.003158
-0.005554 -0.001646 -0.000019
0.015036 0.009278 -0.002324
0.002824 -0.000583 -0.003370
0.008129 0.002739 -0.002296
-0.000724 -0.002858 -0.000337
-0.004840 -0.002638 -0.004796
-0.005178 0.006465 0.000270
-0.007188 -0.000321 -0.008428
0.001976 0.005270 -0.006636
-0.003125 -0.001739 0.004587
-0.007864 -0.001815 0.003686
-0.006731 0.000406 0.012291
-0.067045 0.048181 0.000071
0.018547 -0.576031 -0.001857
0.004627 -0.002832 0.001408
0.011698 0.001850 0.003068
-0.005938 -0.001252 0.000003
0.010385 0.004113 0.000172
0.002205 0.001119 -0.003215
0.008505 0.001713 -0.002030
-0.000792 -0.004070 -0.000387
-0.004588 -0.002190 -0.005034
-0.004953 0.006637 0.000272
-0.008852 0.000542 -0.007428
0.006471 -0.003701 -0.000787
-0.003573 -0.001924 0.004315
-0.005799 -0.001583 0.002043
-0.001681 -0.005124 0.008922
-0.004684 0.000776 -0.000862
0.004426 -0.008826 -0.005696
0.002837 -0.001171 0.001269
0.011542 0.001123 0.001134
-0.004566 0.040302 0.053964
0.012239 0.001707 0.000776
-0.002462 0.011408 -0.008261
0.008051 0.053800 -0.067051
-0.000784 0.028181 -0.000040
0.044078 0.032266 -0.005857
-0.005838 0.018873 -0.011719
-0.008924 -0.000124 -0.007855
0.005360 -0.001388 -0.002472
-0.003438 -0.005565 0.004465
-0.007731 -0.003042 0.002876
-0.001766 -0.005436 0.008876
-0.005476 0.000602 -0.000426
0.004152 0.001832 -0.005998
0.002648 -0.000928 0.000897
0.010707 0.002670 0.001111
-0.005629 0.001695 0.004449
0.010575 0.003214 0.000352
0.002027 -0.000617 -0.001951
0.008273 0.006693 -0.006029
-0.002062 -0.000796 -0.000899
-0.005675 -0.002276 -0.004888
-0.004979 0.023931 -0.016356
-0.007996 0.000778 -0.007853
0.005452 -0.001479 -0.002090
-0.003449 -0.009022 0.005856
-0.006018 -0.002080 0.001949
-0.006390 0.000132 0.012727
-0.004083 -0.000825 0.000527
0.003966 0.001917 -0.005645
0.002682 -0.003261 0.000321
0.010432 0.001732 -0.000359
-0.005808 -0.000798 0.001035
0.010433 0.003225 0.001330
0.002453 0.001249 -0.003813
0.008328 0.002167 -0.001384
-0.000738 -0.002835 -0.000262
-0.005235 -0.002767 -0.005454
-0.004808 0.005456 0.000239
-0.006839 -0.000534 -0.006934
0.002147 0.004986 0.001547
-0.003254 -0.002065 0.004467
-0.007350 -0.003429 0.002771
-0.001041 -0.006219 0.008613
-0.004549 0.000466 -0.000834
0.005491 0.001433 -0.005052
0.002294 -0.001145 0.000825
0.011179 0.003254 0.001870
-0.005410 -0.002256 0.001722
0.009443 0.004893 -0.000238
0.003302 -0.000420 -0.004966
0.008636 0.001892 -0.003156
-0.001777 -0.001627 -0.000964
-0.005720 -0.002144 -0.004870
-0.006316 0.018215 0.011192
-0.007550 0.000985 -0.007817
0.005893 -0.001848 -0.002528
-0.003557 -0.006685 0.004459
-0.006100 -0.001940 0.002337
-0.002765 -0.007942 0.008164
-0.005726 0.000476 -0.000203
0.004566 0.001606 -0.004729
0.002225 -0.002138 0.001154
-0.015871 0.002347 0.003397
0.004734 -0.002211 0.000937
-0.002253 -0.000321 0.002574
-0.004405 0.004901 0.002481
-0.005031 0.006051 -0.000588
0.007293 -0.001268 -0.000717
0.003816 -0.000769 -0.005434
0.002942 0.000940 -0.000379
0.011407 0.003155 0.001161
-0.000827 -0.005591 -0.006018
0.001960 0.003166 0.004952
-0.022326 -0.003052 -0.005277
0.002769 0.001472 0.011375
-0.001774 -0.008633 -0.008811
0.016386 -0.000994 0.001483
-0.005625 -0.000449 0.007508
-0.011256 -0.003286 0.001790
0.023511 0.017111 0.001853
-0.002987 0.001136 0.001980
-0.003889 0.003826 0.001912
-0.003777 0.003246 -0.001475
0.005737 0.002496 -0.000755
0.007404 0.028679 0.033853
-0.001424 0.009423 0.003970
0.010907 0.003967 0.000731
-0.015612 0.009662 -0.005882
0.005016 0.008283 0.010244
-0.022519 -0.004281 -0.005778
0.002425 0.004570 0.011684
-0.004970 -0.001169 -0.014000
0.019016 0.000970 0.000248
-0.006279 0.000628 0.008666
-0.012975 -0.000601 0.002856
0.003721 -0.002664 0.000192
0.038291 0.036460 0.002306
-0.004774 0.002652 0.002394
-0.002522 0.006143 -0.001471
0.004020 -0.001244 -0.001642
0.004548 -0.000928 -0.005536
0.003012 -0.000960 -0.000572
0.013460 0.011096 0.004186
-0.000225 -0.006186 -0.006730
0.001849 0.003216 0.005642
-0.022398 -0.005242 -0.004345
0.001024 -0.001534 0.011955
-0.004664 -0.002125 -0.013465
0.021685 0.006582 0.003654
-0.005555 0.022495 -0.022017
-0.011422 -0.002731 0.002652
0.004831 -0.002257 0.001551
-0.003807 0.001261 0.002819
-0.004297 0.004232 0.002418
-0.004732 0.006384 -0.002866
0.005783 -0.000744 -0.000779
0.004335 -0.001461 -0.004970
0.003088 0.001246 -0.000310
0.009719 0.005450 0.001689
-0.000888 -0.005278 -0.006342
0.001148 0.002157 0.005379
-0.022909 -0.004689 -0.005484
0.003263 0.003364 0.011342
-0.000714 -0.007628 -0.008810
0.016544 -0.000928 -0.001291
-0.005682 0.005630 0.002194
-0.016215 0.004130 -0.002018
-0.009725 0.012724 0.000394
-0.003748 0.000427 0.002605
-0.004909 0.003799 0.003952
-0.003488 -0.000553 -0.001722
0.006012 -0.001285 -0.000767
0.005071 -0.001928 -0.003968
0.007166 0.009305 -0.004852
0.013609 0.010980 0.006001
0.012480 0.008885 -0.005966
0.000854 0.001046 0.007004
-0.020694 -0.004686 -0.005317
0.002525 0.004592 0.010863
-0.001807 -0.009656 -0.008882
0.021281 0.004670 0.000054
-0.005658 0.000390 0.008557
-0.011356 -0.003093 0.004255
0.005348 -0.001911 0.001127
-0.003138 0.000873 0.002307
-0.008536 0.012833 -0.001678
-0.003510 0.005335 -0.001514
0.005784 -0.002333 -0.000915
0.004103 -0.001002 -0.002977
0.003349 0.000041 -0.000042
0.009507 0.005596 0.001953
-0.001019 -0.004971 -0.006357
0.004640 0.007747 0.001763
-0.022357 -0.003531 -0.005436
0.002055 0.004712 0.011486
-0.001040 -0.008370 -0.009517
0.017371 0.000258 0.000249
-0.005793 -0.000460 0.008331
-0.011820 -0.001794 0.002846
0.004202 -0.002006 0.001655
-0.003150 0.000993 0.002580
-0.005038 0.004648 0.003234
-0.002720 0.006312 -0.000790
0.006139 -0.000892 -0.000750
0.004457 -0.000822 -0.005980
0.002640 0.000982 -0.001028
0.009786 0.004642 0.001279
-0.000577 -0.005832 -0.005910
0.000895 0.002195 0.005356
-0.023209 -0.002769 -0.004165
0.002114 0.005540 0.011578
-0.000018 -0.008307 -0.008229
0.021133 0.006030 -0.003709
-0.006168 0.000073 0.005929
-0.015925 0.003713 0.006847
0.004041 -0.001293 0.001482
-0.004589 0.000417 0.001358
-0.000640 0.013064 0.006806
-0.003546 0.007030 -0.001598
0.006488 0.000137 -0.000563
0.004680 0.005521 0.001278
0.002534 -0.000096 -0.001615
0.009719 0.004653 0.000898
-0.000552 -0.004546 -0.006111
0.000805 0.001141 0.003909
-0.022369 -0.003933 -0.005240
0.003679 0.004585 0.012369
0.000206 -0.007289 -0.009494
0.017009 0.000227 -0.000457
-0.005799 0.000125 0.009076
