2176.0000 0.05 1
1.11111
4.44444
11.1111
2.22222
11.1111
4.44444
13.3333
11.1111
20
11.1111
6.66667
11.1111
24.4444
23.3333
17.7778
23.3333
26.6667
18.8889
13.3333
32.2222
18.8889
11.1111
2.22222
10
14.4444
14.4444
36.6667
37.7778
27.7778
37.7778
11.1111
26.6667
17.7778
31.1111
24.4444
32.2222
26.6667
27.7778
40
24.4444
32.2222
46.6667
36.6667
47.7778
70
55.5556
56.6667
41.1111
80
108.889
93.3333
126.667
127.778
136.667
148.889
146.667
163.333
190
192.222
200
216.667
267.778
192.222
230
232.222
288.889
240
274.444
255.556
261.111
293.333
301.111
315.556
337.778
318.889
350
284.444
347.778
304.444
311.111
294.444
295.556
295.556
282.222
310
275.556
246.667
287.778
290
295.556
316.667
317.778
320
307.778
337.778
314.444
321.111
293.333
294.444
296.667
304.444
288.889
332.222
355.556
318.889
360
372.222
361.111
353.333
352.222
336.667
295.556
251.111
215.556
180
160
191.111
238.889
264.444
333.333
347.778
396.667
420
395.556
431.111
412.222
447.778
404.444
380
356.667
346.667
373.333
345.556
394.444
381.111
380
384.444
427.778
404.444
458.889
407.778
404.444
413.333
356.667
355.556
381.111
364.444
376.667
435.556
411.111
414.444
438.889
401.111
338.889
356.667
322.222
348.889
314.444
326.667
260
284.444
257.778
270
262.222
244.444
222.222
274.444
208.889
246.667
216.667
230
261.111
221.111
244.444
234.444
214.444
206.667
225.556
183.333
202.222
175.556
197.778
175.556
175.556
253.333
235.556
233.333
214.444
215.556
168.889
176.667
196.667
262.222
236.667
220
274.444
242.222
223.333
264.444
350
340
317.778
303.333
330
307.778
331.111
382.222
412.222
430
425.556
447.778
434.444
510
477.778
503.333
474.444
428.889
351.111
312.222
226.667
117.778
13.3333
1.11111
0
0
0
0
0
0
0
0
0
0
0
0
0
0
0
0
0
0
0
0
0
0
4.44444
0
2.22222
2.22222
0
2.22222
0
4.44444
2.22222
5.55556
0
0
4.44444
2.22222
4.44444
4.44444
2.22222
2.22222
4.44444
0
1.11111
2.22222
0
0
2.22222
2.22222
0
