0.010332 0.007779 0.012510
-0.010823 0.002895 0.001083
0.088649 0.042958 -0.003587
0.011072 0.008023 -0.002360
-0.001156 0.015471 -0.005959
-0.011357 0.002184 -0.003439
0.000684 0.003423 0.004570
-0.000614 -0.014791 -0.003477
-0.002662 -0.010802 -0.001549
-0.011135 -0.005388 -0.001926
0.021155 -0.005159 0.003386
-0.010296 -0.005356 -0.002874
0.004412 -0.007527 0.003838
0.014548 -0.018537 -0.003818
-0.004166 0.000123 0.001301
0.015854 -0.013360 -0.000283
-0.001609 0.011552 0.012613
-0.006277 -0.003335 0.000497
-0.002627 0.018331 0.001345
0.017530 0.007414 0.001188
-0.005926 0.016627 -0.005920
-0.009075 -0.000169 -0.003220
0.000791 0.003375 0.005102
0.000663 -0.015368 -0.003063
-0.002728 -0.012080 -0.001092
-0.019291 -0.006454 -0.001574
0.010912 -0.008341 0.000603
-0.008128 -0.005573 -0.003687
0.003235 -0.007579 0.002845
0.005995 -0.017324 0.002452
-0.002616 0.000820 0.000902
0.010472 -0.013426 0.003815
-0.001073 0.011742 0.012237
-0.009446 0.001274 -0.000113
-0.002454 0.018959 0.000109
0.016628 0.006839 -0.006529
-0.001224 0.015164 -0.005445
0.000666 0.000962 -0.001834
-0.002266 0.005853 0.004411
-0.000877 -0.015889 -0.002432
-0.003073 -0.010887 -0.000801
-0.011511 -0.005197 -0.002006
0.012238 -0.003506 -0.002429
-0.010353 -0.007196 -0.002752
0.004766 -0.006301 0.003725
0.002074 -0.021002 -0.001067
-0.006336 0.001960 0.000674
0.012951 -0.011282 0.003781
0.001457 0.014198 0.012109
-0.009485 0.000943 0.000399
-0.002249 0.019226 0.000583
0.010313 0.005523 -0.002525
-0.003148 0.016344 -0.005473
-0.011406 0.000367 -0.002379
0.001163 0.003022 0.004127
0.000202 -0.015149 -0.002823
-0.004866 -0.009107 0.002233
-0.009871 -0.006630 -0.002827
0.010945 -0.006456 0.000689
-0.009162 -0.005382 -0.004912
0.000393 -0.007719 0.003808
0.002906 -0.019813 -0.001682
-0.004586 0.000099 0.001415
0.013388 -0.011511 0.001646
-0.001562 0.010983 0.012316
-0.008517 0.001835 0.000085
-0.000903 0.019152 0.000374
0.016818 0.017644 -0.003980
-0.006501 0.015318 -0.006183
-0.011267 0.002112 -0.001566
-0.001930 0.003833 0.004702
-0.000404 -0.015943 -0.001711
-0.002949 -0.011718 -0.001770
-0.010828 -0.005031 -0.001174
0.009565 -0.007030 0.001539
-0.009460 -0.006701 -0.003490
0.003913 -0.007730 0.004115
0.002197 -0.020116 -0.001672
-0.003759 -0.000280 0.000835
0.013676 -0.009676 0.003022
0.001923 0.007240 0.013833
-0.008396 0.006431 0.001021
-0.004247 0.021821 0.001006
0.012417 0.007947 -0.002272
-0.001780 0.014959 -0.006118
-0.009205 0.000295 -0.002623
-0.002074 0.002092 0.004613
-0.003860 -0.015676 -0.003223
-0.004500 -0.012901 -0.003686
-0.011691 -0.005116 -0.001742
0.011700 -0.006342 0.000434
-0.009070 -0.005454 -0.002922
0.004826 -0.008831 0.001935
0.004012 -0.019607 0.000180
-0.003708 0.000577 0.003917
0.011995 -0.010111 0.005162
0.000929 0.006992 0.010146
-0.008446 0.005830 0.000718
-0.002581 0.021761 0.000671
0.013633 0.007336 -0.003459
-0.617112 0.012994 -0.002437
-0.000388 0.000494 -0.002189
-0.002244 0.002378 0.004336
-0.008383 -0.015979 -0.003343
-0.000984 -0.006666 -0.006056
-0.011774 -0.004288 -0.001890
0.011709 -0.006151 -0.000103
-0.011712 -0.007651 -0.002554
0.004704 -0.007104 0.003693
0.003306 -0.019030 -0.001410
0.046787 0.034705 0.077565
0.023398 -0.012322 0.004601
-0.003257 0.009723 0.012162
0.002130 0.003256 0.000599
0.006709 0.019399 0.001008
0.016366 -0.004922 -0.002347
-0.000602 0.017572 -0.005989
-0.012170 -0.000436 -0.001368
0.004343 0.003338 0.004865
-0.000030 -0.016492 -0.000971
0.006430 0.000047 -0.018703
-0.011112 -0.005551 -0.001674
0.009334 -0.005111 0.000617
0.040570 -0.039742 -0.069041
-0.003459 -0.007381 0.004484
0.000724 -0.017581 -0.001772
-0.002205 0.001036 0.001413
0.013832 -0.011568 0.002797
0.000826 0.003488 -0.004486
0.007456 0.008459 -0.001269
0.005690 0.008626 0.001968
0.018769 0.022568 -0.001608
-0.003195 -0.002940 -0.000363
0.001256 0.004142 -0.009447
-0.007904 -0.002526 0.000821
0.014012 0.006981 0.000211
-0.000007 0.007299 -0.001470
0.028082 -0.021411 0.019484
-0.011322 0.007969 0.001750
-0.004661 -0.000752 -0.000081
0.012128 -0.005634 -0.000192
-0.003437 -0.004925 0.004120
0.008349 -0.009901 0.002844
-0.016253 -0.012272 0.001936
0.001616 0.003651 -0.004711
0.008894 0.008685 -0.001978
-0.010558 0.011784 0.002600
0.005749 0.023760 -0.002006
0.001497 -0.004934 0.007673
0.000048 0.005205 -0.013680
-0.006684 -0.002745 0.000605
0.004576 0.008705 -0.007964
-0.002052 0.008561 -0.002210
0.017949 -0.011425 0.003313
-0.009251 0.010858 0.001555
-0.004711 -0.002721 0.003144
0.011704 -0.005578 0.000096
-0.004395 -0.005547 0.004225
0.010063 -0.009007 0.001663
-0.018489 -0.010376 0.001917
0.016003 -0.051381 -0.006317
0.008172 0.008468 -0.002553
-0.008303 0.009802 0.002066
0.004779 0.023424 -0.001177
0.000870 -0.004243 -0.004986
0.001160 0.004442 -0.006578
-0.007889 -0.001807 0.000592
0.004673 0.007140 0.004382
0.005452 -0.001197 -0.001884
0.019027 -0.011526 0.002427
-0.006762 0.007874 0.004110
0.004024 -0.011190 -0.016792
0.013450 -0.006599 -0.000079
-0.003357 -0.006850 0.003119
0.009819 -0.009812 0.001967
-0.016164 -0.011618 0.001221
-0.001866 0.003835 -0.006358
0.025814 0.058866 -0.000318
-0.009261 0.009297 0.002898
0.006880 0.023581 -0.002037
-0.000489 -0.002846 0.000131
0.002001 0.005543 -0.010359
-0.009580 -0.002954 -0.003593
0.002199 0.006050 -0.000416
0.004772 0.009593 0.003280
0.018929 -0.010775 0.002918
-0.009955 0.010714 -0.000064
-0.006234 -0.000501 -0.002039
0.019178 0.004143 0.015667
-0.003220 -0.006077 0.005712
0.008742 -0.010748 0.001871
-0.015348 -0.012313 0.001390
0.000974 0.004106 -0.006791
0.006467 0.007916 -0.002920
-0.009390 0.008200 0.001969
0.006303 0.022831 -0.001395
0.002880 0.001141 0.000089
0.000000 0.004019 -0.010465
-0.007649 -0.001689 0.000221
0.002111 0.004494 -0.000838
0.000352 0.007437 -0.002429
0.017602 -0.013137 0.000016
-0.009687 0.010092 0.001840
-0.003899 -0.000844 0.000876
0.011559 -0.005073 0.000897
-0.002801 -0.005279 0.003424
0.012021 -0.009432 0.002373
-0.016761 -0.012675 0.001781
-0.000323 0.004446 -0.005430
0.006435 0.006500 -0.001075
-0.008592 0.010130 0.002620
0.006494 0.021170 -0.002363
-0.000382 -0.001896 -0.000358
0.002022 0.004270 -0.009727
-0.007445 -0.002020 0.000547
0.001982 0.005078 -0.000199
-0.000520 0.010522 -0.002389
0.015524 -0.010754 0.005763
-0.008917 0.010010 0.001857
-0.004342 -0.001474 -0.001278
0.010850 -0.006421 0.002485
-0.004622 -0.005298 0.005170
0.009127 -0.010059 0.004689
-0.017566 -0.012085 -0.000845
-0.001193 0.003626 -0.004907
0.006923 0.006883 -0.003851
-0.011022 0.012241 0.002551
0.005725 0.020528 -0.001531
-0.000979 -0.002430 -0.000318
0.002526 0.004797 -0.010392
0.008226 0.000754 -0.001399
0.004051 0.003180 0.000332
0.005566 0.022031 -0.002689
0.019716 -0.016064 0.007640
-0.007142 0.011039 0.003573
-0.004667 -0.000181 -0.000066
0.013994 -0.002777 0.004316
-0.003740 -0.005375 0.003966
0.073679 -0.044258 0.069618
0.048971 0.023913 -0.077725
-0.000581 0.003577 -0.004235
0.009281 0.007801 -0.002016
0.016664 0.013868 0.002067
0.056678 -0.001546 0.004282
0.010212 -0.003436 -0.000686
0.017275 0.004519 -0.008356
-0.010535 -0.003670 0.005051
-0.000051 0.006502 -0.000120
0.005806 0.008939 -0.007962
0.018729 -0.012411 0.004018
0.000008 0.008553 0.001822
-0.003334 -0.003939 -0.004034
0.009689 -0.003490 -0.004288
-0.003096 -0.006488 0.003704
0.010734 -0.009795 0.002131
-0.018573 -0.012212 0.001257
