0.027928 0.002793 0.017563
-0.004801 -0.000732 0.001267
0.010717 0.004202 0.000107
0.002766 -0.000310 -0.004509
0.013554 0.006005 -0.007385
-0.001840 -0.002831 0.001355
-0.005816 -0.001939 -0.004641
0.000157 0.002095 0.003230
-0.007637 0.000174 -0.007976
0.005066 -0.001396 -0.003285
-0.003276 -0.002386 0.005419
-0.006032 -0.002119 0.002845
-0.001348 -0.006151 0.009665
-0.006446 -0.001145 -0.001025
0.003564 0.000074 -0.005676
0.002557 -0.001441 0.000845
0.020123 -0.006672 0.000850
-0.005192 -0.001408 0.001082
0.010649 0.004439 0.000079
0.002892 0.000959 -0.003323
0.012344 0.005368 -0.002952
-0.000412 -0.003512 0.000436
-0.003628 -0.002342 -0.004694
-0.005111 0.006199 -0.000457
-0.007684 0.001037 -0.007963
0.004605 0.000598 -0.001617
-0.005324 -0.000950 0.005068
-0.004971 -0.002237 0.002288
-0.001593 -0.005543 0.009596
-0.005893 -0.000847 -0.001177
0.005621 0.000708 -0.005817
0.002748 -0.001552 0.000639
0.011305 0.002516 0.001554
-0.005751 -0.000476 0.001158
0.008687 0.003094 0.001785
0.002355 0.001695 -0.004462
0.007640 0.001279 -0.002715
-0.001825 -0.004090 0.001030
-0.003642 -0.001609 -0.005309
0.000154 0.009686 0.003507
-0.009544 0.000675 -0.008189
0.005772 -0.001401 -0.002400
0.035295 -0.001529 -0.047795
-0.007184 -0.002757 0.003948
0.046758 -0.063635 0.008348
0.006924 -0.005411 0.004923
0.002743 0.002857 -0.005715
-0.571934 0.004769 0.000361
0.027954 0.002073 -0.015627
0.036528 -0.050448 0.000356
0.010473 0.003888 0.000344
0.002683 -0.000707 -0.002173
0.013000 0.005241 0.001451
0.004512 -0.007086 -0.002699
-0.005689 -0.003874 -0.002670
-0.006024 0.006654 -0.000927
-0.010072 0.000644 -0.007669
0.015728 0.003595 -0.006548
-0.003577 -0.002456 0.005438
-0.005986 -0.001771 0.001608
-0.002076 -0.004181 0.009179
-0.005097 0.000393 -0.000792
0.004009 0.001695 -0.005709
0.001547 -0.001739 0.000968
0.028200 0.018200 0.001477
-0.007609 -0.000439 -0.000269
0.052164 0.061026 0.000672
0.032783 -0.000208 -0.004042
0.007357 0.002819 -0.003354
-0.002721 -0.003017 0.000028
-0.005476 -0.002062 -0.004921
-0.006210 0.006243 -0.000049
-0.008977 0.000306 -0.007657
0.015979 0.002897 -0.006434
-0.005454 -0.003678 0.005620
0.023085 -0.001526 0.002419
-0.004533 -0.004344 0.007548
0.004343 -0.003503 0.003018
0.034870 0.003679 0.035786
0.003739 -0.001839 0.000923
0.010987 0.001552 0.001190
-0.005344 -0.001360 0.001035
0.010226 0.003088 0.000274
0.002964 0.000522 -0.003252
0.007687 0.002242 -0.002613
-0.002627 -0.003059 -0.000395
-0.004099 -0.002345 -0.004660
-0.005786 0.005994 -0.000054
-0.008429 0.000728 -0.007698
0.005737 -0.001280 -0.002277
-0.003503 -0.002711 0.004631
-0.005884 -0.002535 0.002315
-0.001810 -0.005247 0.009347
-0.004836 0.000381 -0.000490
0.003903 0.001537 -0.006348
0.003642 -0.001413 0.000953
0.011178 0.002271 0.000745
-0.005874 -0.001542 0.001109
0.008784 0.003327 -0.001273
0.002145 0.001435 -0.002686
0.007540 0.001227 -0.003371
0.005284 0.000832 -0.003573
-0.006053 -0.002078 -0.004969
-0.006166 0.005289 -0.000878
-0.009750 0.002074 -0.007874
0.004889 0.000273 -0.002228
-0.003419 -0.002129 0.003874
-0.007255 -0.002627 0.002250
-0.001431 -0.004688 0.009636
-0.006075 0.000885 0.000453
0.005258 0.000471 -0.005057
0.002961 -0.001708 0.000888
0.011890 0.002893 0.001225
-0.007820 -0.000626 0.002593
0.009557 0.004104 -0.000348
0.002827 0.000565 -0.003355
0.008739 0.001065 -0.002906
0.002966 -0.002448 -0.004986
-0.003123 -0.002194 -0.004840
-0.000128 0.005709 0.004177
-0.007260 0.000788 -0.007814
0.004409 -0.001642 -0.004107
-0.003420 -0.002342 0.004606
-0.004825 -0.002439 0.002188
-0.003798 -0.004322 0.010628
-0.006313 0.000738 0.001098
0.003907 0.001412 -0.005074
0.002657 -0.001893 0.000713
-0.010968 -0.002620 0.000961
0.004799 -0.002544 0.001668
0.007154 0.005848 0.007049
-0.011888 0.003667 0.002395
-0.002976 0.006334 -0.002108
0.007277 -0.001448 -0.001501
0.003111 0.000635 -0.004214
0.003547 0.000467 0.000077
0.015444 0.002147 0.006808
-0.001742 -0.005698 -0.006603
0.001110 0.002951 0.005256
-0.023101 -0.004168 -0.005216
0.008272 0.008660 0.007491
-0.001608 -0.008107 -0.009285
0.018156 0.000920 0.000228
-0.007422 -0.000614 0.006731
-0.011683 -0.001884 0.002859
0.004821 -0.002576 0.000396
-0.003175 0.002889 0.001415
-0.004693 0.003772 0.002535
-0.005642 0.007553 -0.000385
0.021074 -0.016583 -0.001033
0.007640 -0.003998 -0.004071
-0.006713 0.000672 -0.000504
0.016908 -0.001128 0.002351
-0.000390 -0.005860 -0.007241
0.003535 0.003211 0.005545
-0.021778 -0.003746 -0.004747
0.002502 0.004811 0.012573
0.002622 -0.004509 -0.009799
0.017319 -0.000821 0.000874
-0.006329 0.000278 0.007336
-0.013676 -0.001389 0.002892
0.004753 -0.002600 0.001010
-0.003553 0.002950 0.002031
-0.010460 0.002543 0.002517
-0.004049 0.006211 -0.000231
0.021051 -0.001279 -0.015526
0.009503 -0.004780 -0.008814
0.003354 0.000019 0.000090
0.008934 0.006043 0.001884
-0.001591 -0.006477 -0.006958
0.005312 0.004186 0.005398
-0.023094 -0.004044 -0.005100
0.007640 0.000580 0.007736
0.004058 -0.004843 -0.005591
0.017638 0.000930 -0.000753
-0.005977 0.000225 0.007660
-0.013910 -0.001499 0.002837
0.002011 -0.000924 0.000039
-0.002690 0.000661 0.003303
-0.003526 0.003919 0.002392
0.022337 0.005524 -0.037298
0.006609 -0.001098 -0.000084
0.003239 0.000580 -0.005234
0.002682 0.000914 -0.001112
0.015204 0.002765 -0.002425
0.004511 -0.001747 -0.003056
0.002937 0.002501 0.005811
-0.025093 -0.004145 -0.005330
0.002305 0.004429 0.011558
-0.001434 -0.008221 -0.008998
0.017438 -0.000492 0.000524
-0.008551 -0.000952 0.009503
-0.012851 -0.001461 0.002967
0.040254 -0.002265 0.049677
0.006214 0.005086 0.005817
-0.007381 0.004113 0.002990
-0.005995 0.004327 -0.000715
0.021379 0.013822 -0.000583
0.002653 -0.001140 -0.004962
0.005978 0.000124 -0.000582
0.007768 0.005893 0.002223
-0.002540 -0.005714 -0.005490
0.001668 0.002328 0.005511
-0.027347 -0.004583 -0.006318
0.000978 0.004879 0.010806
-0.001616 -0.006913 -0.009197
0.026581 -0.003231 -0.003580
0.023973 0.039422 0.008554
-0.012195 -0.001601 0.002781
0.004365 -0.002349 -0.000326
-0.002607 0.001444 0.002394
-0.004839 0.003874 0.002745
-0.003252 0.006087 -0.001534
0.006850 -0.001498 -0.001138
0.003638 -0.000267 -0.004542
0.003647 0.000497 -0.000512
0.009366 0.005890 0.001785
-0.001536 -0.005729 -0.006941
0.002957 0.002861 0.005426
-0.021826 -0.003857 -0.005409
0.001397 0.004676 0.012310
-0.001588 -0.008264 -0.009381
0.018297 0.000871 -0.000073
-0.006261 -0.000748 0.007548
-0.011752 -0.000829 0.003206
0.002686 -0.003794 0.000705
-0.002345 0.000923 0.002269
-0.003776 0.003755 0.002334
-0.003138 0.006316 -0.000467
0.020422 -0.000819 0.013493
0.009682 -0.004489 0.000035
0.003368 -0.000153 -0.001237
0.008896 0.006217 0.002379
0.005318 -0.010615 -0.002407
0.001317 0.003101 0.005947
-0.025101 -0.003624 -0.005224
0.001236 0.004285 0.012207
0.004384 -0.005047 -0.013485
0.029245 -0.004558 -0.004535
-0.005886 0.000426 0.007272
-0.012245 -0.001433 0.002814
0.005110 -0.002735 0.002457
-0.003783 0.001050 0.004214
-0.007286 0.003960 0.002269
-0.003100 0.006310 -0.001620
0.007243 -0.000894 -0.000698
0.004524 0.000410 -0.004412
-0.006898 0.000273 -0.000555
0.010812 0.006278 0.001916
0.002279 -0.006221 -0.003045
0.002980 0.003076 0.005467
-0.027640 -0.004486 -0.004785
0.006000 0.004656 0.008785
0.000594 -0.007946 -0.009960
0.017123 0.001589 -0.001659
-0.006089 -0.000602 0.007587
