2176.0000 0.05 1
1.11111
4.44444
11.1111
2.22222
11.1111
4.44444
13.3333
11.1111
20
11.1111
6.66667
11.1111
24.4444
23.3333
17.7778
23.3333
26.6667
18.8889
13.3333
32.2222
18.8889
8.88889
4.44444
10
14.4444
16.6667
34.4444
37.7778
25.5556
40
11.1111
26.6667
17.7778
31.1111
24.4444
32.2222
26.6667
27.7778
40
24.4444
32.2222
46.6667
36.6667
47.7778
70
55.5556
56.6667
41.1111
77.7778
108.889
95.5556
126.667
127.778
138.889
148.889
146.667
161.111
190
192.222
202.222
214.444
267.778
192.222
230
236.667
284.444
240
276.667
253.333
263.333
288.889
301.111
317.778
342.222
314.444
352.222
284.444
350
298.889
312.222
297.778
298.889
291.111
280
310
273.333
251.111
283.333
292.222
297.778
314.444
318.889
323.333
307.778
335.556
318.889
314.444
293.333
295.556
297.778
302.222
291.111
332.222
360
315.556
357.778
373.333
363.333
351.111
352.222
341.111
295.556
248.889
215.556
177.778
157.778
193.333
238.889
264.444
331.111
351.111
402.222
415.556
400
424.444
414.444
447.778
400
386.667
350
346.667
375.556
343.333
397.778
380
377.778
388.889
423.333
407.778
455.556
407.778
406.667
411.111
356.667
364.444
372.222
368.889
380
434.444
415.556
410
436.667
403.333
338.889
352.222
320
351.111
316.667
326.667
255.556
286.667
257.778
276.667
255.556
242.222
224.444
276.667
208.889
244.444
214.444
232.222
261.111
223.333
244.444
230
214.444
208.889
227.778
178.889
204.444
174.444
198.889
173.333
175.556
260
231.111
233.333
212.222
215.556
168.889
176.667
196.667
262.222
241.111
220
274.444
241.111
228.889
260
345.556
342.222
315.556
307.778
327.778
305.556
336.667
378.889
414.444
430
425.556
450
430
508.889
474.444
503.333
467.778
427.778
350
314.444
226.667
123.333
14.4444
1.11111
0
0
0
0
0
0
0
0
0
0
0
0
0
0
0
0
0
0
0
0
0
2.22222
4.44444
0
0
2.22222
0
0
6.66667
2.22222
2.22222
3.33333
2.22222
0
4.44444
2.22222
4.44444
6.66667
0
2.22222
2.22222
5.55556
0
0
0
0
2.22222
0
2.22222
0
