2176.0000 0.05 1
1.11111
4.44444
11.1111
2.22222
11.1111
4.44444
13.3333
11.1111
20
11.1111
6.66667
11.1111
24.4444
23.3333
17.7778
23.3333
26.6667
18.8889
13.3333
34.4444
16.6667
8.88889
4.44444
10
14.4444
14.4444
36.6667
37.7778
25.5556
40
11.1111
26.6667
17.7778
31.1111
24.4444
32.2222
28.8889
25.5556
40
24.4444
32.2222
46.6667
36.6667
47.7778
70
55.5556
56.6667
41.1111
80
108.889
93.3333
126.667
127.778
141.111
146.667
146.667
161.111
190
187.778
204.444
216.667
267.778
192.222
230
234.444
286.667
236.667
280
253.333
258.889
293.333
301.111
317.778
337.778
318.889
350
284.444
347.778
304.444
308.889
297.778
301.111
291.111
277.778
312.222
273.333
248.889
287.778
290
297.778
314.444
316.667
321.111
305.556
340
316.667
316.667
295.556
290
301.111
306.667
286.667
332.222
360
316.667
358.889
377.778
358.889
348.889
352.222
341.111
293.333
253.333
215.556
175.556
160
191.111
238.889
264.444
333.333
350
398.889
417.778
400
426.667
410
450
402.222
384.444
354.444
342.222
373.333
350
392.222
383.333
378.889
381.111
432.222
402.222
458.889
407.778
408.889
408.889
356.667
362.222
374.444
368.889
373.333
438.889
408.889
414.444
438.889
403.333
336.667
354.444
320
353.333
312.222
331.111
255.556
284.444
260
274.444
257.778
240
224.444
276.667
206.667
248.889
214.444
230
263.333
221.111
244.444
232.222
214.444
208.889
227.778
178.889
204.444
173.333
200
173.333
175.556
255.556
235.556
234.444
211.111
215.556
168.889
175.556
197.778
262.222
236.667
226.667
270
240
230
257.778
350
340
317.778
305.556
330
307.778
328.889
384.444
410
434.444
423.333
446.667
435.556
506.667
475.556
500
471.111
428.889
345.556
318.889
226.667
121.111
16.6667
1.11111
0
0
0
0
0
0
0
0
0
0
0
0
0
0
0
0
0
0
0
0
0
0
2.22222
4.44444
0
2.22222
0
0
6.66667
2.22222
2.22222
3.33333
2.22222
0
4.44444
2.22222
4.44444
6.66667
0
2.22222
2.22222
3.33333
0
2.22222
0
0
2.22222
0
2.22222
0
