2176.0000 0.05 1
1.875
3.75
6.25
6.25
7.5
16.25
8.75
7.5
17.5
15
14.375
16.25
25
16.25
6.25
31.25
23.125
18.125
28.75
10
10
13.125
10
10
16.25
20
25
30
37.5
19.375
23.75
27.5
13.75
26.875
21.875
28.125
21.25
41.25
44.375
30.625
37.5
55
48.75
45.625
41.875
67.5
54.375
49.375
85
91.875
98.75
123.125
139.375
134.375
138.125
154.375
181.875
151.25
157.5
200
177.5
175
231.875
253.75
267.5
237.5
234.375
280.625
294.375
309.375
297.5
321.25
300.625
313.125
322.5
340.625
340.625
363.125
315
355
372.5
363.125
330.625
360
336.875
377.5
311.25
295
303.125
287.5
272.5
255.625
232.5
251.25
249.375
298.125
208.125
250
310.625
296.25
317.5
308.75
309.375
298.125
251.875
293.75
306.875
298.75
323.75
276.875
279.375
304.375
271.875
319.375
291.25
318.125
248.75
297.5
350.625
317.5
317.5
315.625
325
365
341.875
382.5
398.125
380
390.625
393.125
395.625
431.875
450.625
469.375
449.375
445.625
455.625
435.625
445.625
418.125
406.25
428.125
381.25
358.75
316.25
354.375
327.5
311.25
315
330.625
304.375
276.875
217.5
253.75
248.75
304.375
280
245
273.75
223.75
318.75
287.5
329.375
303.75
303.125
288.75
287.5
296.25
348.125
291.875
324.375
353.75
371.25
355.625
260.625
286.875
213.125
289.375
344.375
266.25
264.375
268.75
258.125
235
245
248.75
265
327.5
241.25
226.25
235.625
225
181.875
246.25
256.25
281.25
255
310
250
265
257.5
205.625
203.75
268.125
255
326.25
344.375
343.75
355.625
273.75
368.125
293.125
516.25
535.625
508.75
422.5
366.875
263.125
232.5
200.625
165
120
62.5
33.125
10
3.75
1.25
4.375
1.25
0
0
0
0
0
0
0
0
0
0
2.5
0
