272.0000 0.05 1
0.116618
1.16618
0.466472
0.466472
1.39942
0.699708
2.79883
0.699708
0.699708
2.5656
1.63265
1.86589
1.63265
3.03207
3.03207
2.79883
3.73178
2.09913
2.33236
1.86589
2.33236
2.09913
2.5656
0.932945
1.86589
2.09913
2.5656
1.39942
3.73178
3.73178
2.5656
2.33236
4.19825
2.5656
2.09913
4.43149
3.03207
5.36443
4.66472
5.36443
6.53061
5.36443
6.76385
5.36443
9.56268
6.53061
8.74636
10.4956
7.34694
7.58017
11.895
12.3615
14.8105
16.6764
17.4927
17.2595
21.2245
21.4577
22.1574
24.723
25.1895
29.5044
28.9213
33.1195
27.2886
31.0204
37.2012
36.3848
36.7347
35.4519
37.3178
37.551
36.2682
39.8834
40.6997
42.0991
46.6472
43.965
47.8134
47.3469
39.8834
43.0321
40.2332
45.0146
46.414
41.0496
41.9825
37.0845
38.0175
32.6531
36.035
30.2041
32.5364
30.4373
26.3557
32.4198
28.4548
37.7843
43.6152
38.7172
39.5335
36.8513
33.586
39.7668
35.6851
31.7201
40.5831
34.1691
39.5335
34.0525
34.4023
41.0496
35.6851
28.105
37.0845
35.9184
40.8163
37.551
39.6501
41.2828
39.1837
47.1137
49.4461
44.898
37.551
43.2653
43.965
45.7143
51.6618
54.6939
51.0787
55.1603
56.3265
51.7784
61.3411
58.5423
62.2741
58.5423
54.8105
55.5102
49.2128
48.2799
47.5802
44.5481
42.6822
37.551
34.7522
41.7493
41.7493
33.8192
34.7522
31.9534
33.3528
30.0875
38.0175
32.8863
41.7493
33.8192
27.2886
30.0875
34.519
38.2507
36.1516
39.8834
35.8017
33.7026
37.6676
37.9009
45.1312
48.2799
45.1312
42.9155
43.965
39.5335
39.1837
29.9708
27.8717
26.5889
41.7493
38.3673
34.8688
28.688
32.4198
31.7201
37.0845
27.0554
24.9563
37.7843
29.621
37.0845
33.3528
27.9883
29.1545
29.621
23.7901
28.8047
29.2711
25.1895
37.3178
38.9504
40.3499
37.7843
32.1866
25.1895
31.137
31.137
44.7813
35.4519
37.0845
53.4111
52.4781
67.4052
45.7143
49.9125
58.1924
51.0787
39.5335
58.4257
56.9096
32.6531
34.7522
24.2566
33.1195
15.6268
38.9504
7.69679
17.8426
8.3965
7.69679
8.16327
4.19825
15.1603
6.99708
12.5948
6.29738
8.62974
5.8309
11.6618
7.69679
9.09621
8.3965
7.46356
1.86589
5.1312
7.23032
7.1137
16.0933
14.2274
8.62974
3.49854
6.76385
6.99708
8.16327
5.8309
6.06414
4.43149
5.8309
6.99708
10.379
12.7114
12.3615
8.3965
6.06414
5.1312
9.09621
8.86297
4.89796
4.66472
2.09913
6.06414
4.89796
6.29738
2.33236
2.5656
3.49854
4.19825
4.66472
3.49854
2.79883
4.66472
4.89796
4.19825
4.19825
2.5656
1.86589
1.86589
1.63265
0.466472
1.16618
0.932945
0
0.932945
0.699708
0.233236
0.932945
0.233236
1.63265
0
0.466472
1.16618
0.466472
0.932945
0.699708
0.466472
0.466472
0.932945
0.233236
0.932945
0.816327
0.233236
0
0.932945
0.466472
0.233236
0
0
0.466472
0.233236
0
0
0
0
0
0
0
0
0.233236
0
