-7.68817 -3.84233 3.84521
-7.68678 3.8432 -3.84157
7.68861 -3.84323 -3.84524
1 0 0
0 1 0
0 0 1
0.5015239371431051 0.9980337101434671 0.9994820311641632	Ir
0.2524035632306720 0.7511466863254412 0.0013436731609744	Ir
0.7499725959401644 0.7509803801298460 0.4984347442421537	Ir
0.5013415083762069 0.5018804215346435 0.5034224243366907	Ir
0.8742795956064384 0.6247520304592271 0.7523089170233632	Ir
0.6250796593480743 0.3756568625510255 0.7523780947072325	Ir
0.3747171634831830 0.6272255771248538 0.2508916497329494	Ir
0.1236707123843743 0.3758767403105523 0.2503629767580549	Ir
0.6253667461364785 0.3732424714485987 0.2474054087890636	Ir
0.3764405501093293 0.1238402195899155 0.2513323068750992	Ir
0.1246512793010979 0.3721642338942814 0.7478270356373500	Ir
0.8736009240392164 0.1250675264681576 0.7474818332442652	Ir
0.2485283370390121 0.7521122931755357 0.5004993814540342	Ir
0.0012853537418138 0.4995640990714207 0.4986051835325540	Ir
0.2485491586469237 0.2479321822325886 0.9966185177114184	Ir
0.9985835188335415 0.0005167562917450 0.0016123129094865	Ir
0.9987964677616290 0.5018371230985963 0.0007809871395494	Ru
0.7471341141893859 0.2485813597247812 0.9985361901713290	Ru
0.9985351615858420 0.9980344440232400 0.4967675601078412	Ru
0.2500275283289994 0.2481642107993380 0.5009949850948061	Ru
0.3763624120722397 0.1259538716602151 0.7477363960454895	Ru
0.1245501320002376 0.8742759035883338 0.7477880972830633	Ru
0.8753458963196579 0.1232996928258885 0.2502841977938814	Ru
0.6270357574467980 0.8745524420105966 0.2495127135823410	Ru
0.1239900009962724 0.8765215413575120 0.2519430604061839	Ru
0.8739779957028375 0.6259877019289775 0.2482410935209174	Ru
0.6257900569183121 0.8780125896212851 0.7522476011578547	Ru
0.3762712826279966 0.6247015892533767 0.7522609331666601	Ru
0.7510968204551531 0.2481369826057147 0.4992108376156068	Ru
0.4988146270513241 0.9998767169817881 0.5015353444072446	Ru
0.7511378635439954 0.7515532712452995 0.0032199649736810	Ru
0.5011392796396734 0.5005183685237569 0.9989335462546975	Ru
