-0.001247 0.011941 0.013069
-0.008981 0.001645 0.001073
0.002891 0.019357 0.000757
0.011234 0.007019 -0.001752
-0.001475 0.016245 -0.007246
-0.007536 0.000867 -0.001736
-0.001456 0.002599 0.004644
0.000007 -0.015766 -0.003109
-0.003454 -0.011612 -0.001729
-0.010535 -0.004784 -0.000164
0.008954 -0.005189 0.000546
-0.009254 -0.006419 -0.003299
0.004353 -0.007273 0.004635
0.003117 -0.019136 -0.000568
-0.003688 0.000675 0.001289
0.014279 -0.012114 0.001713
-0.001516 0.010629 0.013699
-0.008713 0.001079 0.000759
-0.001108 0.019253 0.000937
0.009355 0.009226 -0.007668
0.000053 0.016737 -0.005357
-0.009635 0.000712 -0.002873
-0.000154 0.005468 0.005111
-0.000286 -0.015241 -0.002812
-0.003498 -0.011776 -0.002351
-0.011319 -0.004355 -0.001733
0.011648 -0.006995 0.000225
-0.009588 -0.006137 -0.004083
0.004091 -0.008347 0.004386
0.003432 -0.020230 -0.000880
-0.004018 0.000191 -0.000817
0.014298 -0.011388 0.002210
-0.000704 0.011404 0.011876
-0.009348 0.001929 0.000840
-0.001489 0.018025 0.001288
0.007180 0.008653 -0.003480
-0.002519 0.015159 -0.006398
-0.009559 0.000677 -0.001366
0.000251 0.002216 0.003591
0.000255 -0.016580 -0.003162
-0.003670 -0.010957 -0.002263
-0.011515 -0.008022 -0.002262
0.010784 -0.005998 -0.000176
-0.009807 -0.006193 -0.004466
0.004716 -0.007291 0.003209
0.003225 -0.018012 -0.001080
-0.004118 0.000339 0.001707
0.013561 -0.011018 0.002908
-0.000859 0.009680 0.011835
-0.008640 0.001407 0.001763
-0.002324 0.017871 0.000545
0.015538 0.005095 0.000474
-0.001959 0.016333 -0.005589
-0.008576 0.001148 -0.002945
0.000475 0.022138 0.006562
0.000623 -0.015022 -0.003057
-0.003729 -0.011848 -0.002059
-0.011283 -0.004793 -0.000781
0.011067 -0.006240 0.000775
-0.003512 -0.004873 0.001799
0.005514 -0.007830 0.024067
0.003106 -0.019380 -0.000948
-0.003886 0.000544 0.001014
0.015890 -0.004774 0.009636
-0.000402 0.011274 0.012386
-0.008619 0.000487 0.000420
0.001719 0.018166 -0.002754
0.011419 0.009390 -0.002848
-0.002428 0.014585 -0.005620
-0.009692 0.001409 -0.002685
-0.000151 0.003386 0.004301
-0.000289 -0.016158 -0.003069
-0.002790 -0.011419 -0.001463
-0.011383 -0.005175 -0.001116
0.012514 -0.008060 0.000820
-0.009926 -0.005808 -0.004431
0.004455 -0.007969 0.003140
0.003219 -0.019105 -0.002596
-0.003970 0.000709 0.001304
0.013278 -0.010208 0.002315
0.001765 0.011693 0.012703
-0.011037 0.002284 0.000760
-0.004968 0.020609 0.003223
0.012060 0.007887 -0.001887
-0.002346 0.020697 -0.006789
-0.010029 0.001976 -0.003406
0.000073 0.002449 0.005500
0.000024 -0.015858 -0.007624
-0.003364 -0.011337 0.004358
-0.011220 -0.007564 -0.002201
0.011229 -0.006795 0.007823
-0.009371 -0.006138 -0.005379
0.004030 -0.007529 0.003438
0.002669 -0.013763 0.006272
-0.008798 0.000942 0.008117
0.013842 -0.011209 0.000963
0.067293 0.054206 0.095403
-0.074995 0.044590 0.084825
0.014488 0.009963 0.004507
0.012273 0.008032 -0.002303
-0.002380 -0.003021 -0.002756
-0.009195 0.105790 0.110780
-0.001628 0.003422 0.004314
-0.001086 -0.044971 -0.675741
-0.007248 -0.013757 -0.000420
-0.011273 -0.002808 -0.001859
0.011838 -0.008845 0.000525
-0.008772 -0.005890 -0.002839
0.004342 -0.007769 0.003432
0.002780 -0.024001 0.006706
-0.000133 -0.000444 0.008944
0.014066 -0.010923 0.003347
-0.000446 0.011755 0.013394
-0.008573 0.001760 0.000616
-0.000765 0.019041 0.001373
-0.002966 0.018873 0.000364
0.000800 0.015848 -0.005523
-0.009361 0.000770 -0.002108
0.000414 -0.000962 0.007964
-0.000677 -0.017040 -0.003362
-0.002922 -0.011362 -0.001974
-0.011444 -0.004955 0.000323
0.011252 -0.006688 -0.000006
-0.014027 -0.006604 0.002751
0.003229 -0.007700 0.026231
0.002947 -0.019515 -0.001682
-0.004020 0.000632 0.000117
0.013601 -0.016129 0.010494
-0.000331 0.003300 -0.004592
0.006227 0.008106 -0.002048
-0.010312 0.010712 0.001501
0.006509 0.022871 -0.000792
-0.000055 -0.002732 -0.000215
0.001308 0.004946 -0.010180
-0.008116 -0.002401 0.000475
0.003870 0.001276 -0.000322
-0.000854 0.007943 -0.001886
0.017960 -0.011697 0.001126
-0.008785 0.010216 0.001653
-0.005130 -0.001351 -0.000307
0.011905 -0.005240 -0.000272
-0.003688 -0.004859 0.004076
0.009824 -0.009856 0.002240
-0.016748 -0.011547 0.000537
-0.000191 0.002548 -0.004962
0.007299 0.010949 -0.006500
-0.009757 0.009592 0.001647
0.007714 0.022944 -0.000823
-0.000917 -0.001146 0.000497
0.000869 0.004044 -0.008693
-0.008128 -0.002682 0.000784
0.003339 0.005958 0.000731
-0.000719 0.007866 -0.000781
0.017367 -0.011349 0.002699
-0.008501 0.010481 0.001872
-0.005268 -0.001091 -0.000611
0.011823 -0.005971 -0.000171
-0.003509 -0.005302 0.002144
0.009061 -0.009415 0.002069
-0.015497 -0.011630 0.001060
-0.000425 0.004264 -0.005183
0.011428 0.010784 -0.001645
-0.010011 0.011068 0.003872
0.007599 0.022528 -0.000895
0.000252 -0.002914 -0.000009
0.002107 0.003705 -0.010104
-0.008633 -0.001470 0.000564
0.002421 0.004814 -0.000192
-0.001001 0.008751 -0.001638
0.018184 -0.011596 0.002351
-0.007973 0.010577 0.001211
-0.005762 -0.001074 0.001619
0.011171 -0.004675 0.000609
-0.003152 -0.005966 0.004621
0.011075 -0.009890 0.002463
-0.017827 -0.011009 0.000929
0.001230 0.007188 -0.005874
0.008086 0.009555 -0.002824
-0.009657 0.010114 0.002090
0.004207 0.022558 -0.005673
-0.001844 -0.003919 -0.005203
0.000225 0.003006 -0.009775
-0.008598 -0.002684 0.000170
0.003941 0.006592 0.000861
0.003436 0.007857 -0.001764
0.018312 -0.011852 0.002129
-0.010537 0.007530 0.001766
-0.001097 0.002979 0.005902
0.011948 -0.005233 0.001958
-0.003460 -0.005841 0.004041
0.008570 -0.009465 0.002339
-0.015462 -0.011878 0.001449
0.000872 0.003505 -0.005276
0.007253 0.007581 -0.001688
-0.011235 0.010713 0.002760
0.006666 0.023901 -0.001546
-0.000461 -0.002988 0.000164
0.001645 0.004041 -0.008817
-0.008703 -0.001735 0.001247
0.005045 0.005328 -0.005472
0.000367 0.007189 -0.001876
0.017985 -0.011357 0.001311
-0.008161 0.010283 0.001536
-0.004777 -0.000293 0.000445
0.011062 -0.005481 -0.000007
-0.002930 -0.006116 0.003281
0.010582 -0.009666 0.002331
-0.016901 -0.012005 0.000616
0.000430 0.005509 -0.010014
0.006557 0.012045 -0.002740
-0.010580 0.009952 0.002512
0.009638 0.024482 0.003781
0.000489 -0.005448 -0.004340
0.000694 0.004146 -0.009147
-0.006904 -0.003749 0.000843
0.002918 0.002904 -0.004455
-0.003038 0.005552 0.003938
0.017529 -0.011393 0.009325
-0.007655 0.009884 0.007161
-0.005107 -0.001117 0.000166
0.006346 -0.002540 0.004771
-0.003135 -0.005053 0.002479
0.011032 -0.010173 0.009108
-0.017012 -0.012253 0.008642
-0.004179 0.006895 -0.004027
0.006390 0.008152 -0.007546
-0.008016 -0.063936 0.067560
-0.010209 0.014663 0.002319
0.002747 -0.004526 -0.001206
0.001320 0.005637 -0.010119
0.067092 -0.052534 0.091182
0.000409 0.003286 -0.000104
0.015027 0.019337 0.002027
0.019965 -0.012935 0.006417
-0.009514 0.009099 0.004732
-0.004894 -0.001174 0.001237
0.015270 -0.007903 0.006797
-0.003248 -0.005836 0.004387
0.013085 -0.003882 0.003684
-0.019625 -0.006306 0.005378
0.000637 0.003739 -0.009605
0.006998 0.008172 -0.002178
-0.010153 0.010267 0.002093
0.002924 0.024473 -0.001738
-0.001051 -0.006971 -0.001048
-0.075361 -0.045490 0.082123
-0.008263 -0.001830 0.001858
0.003275 0.005348 0.000141
0.000447 0.008529 -0.006814
0.018247 -0.011357 0.002319
-0.005425 0.012591 0.002233
-0.007220 -0.005013 0.006581
0.011694 -0.005471 0.000683
-0.003274 -0.005504 0.003629
0.011349 -0.008690 0.002220
-0.018139 -0.012175 0.001080
