2176.0000 0.05 1
1.11111
4.44444
11.1111
2.22222
11.1111
4.44444
13.3333
11.1111
20
11.1111
6.66667
11.1111
24.4444
23.3333
17.7778
23.3333
26.6667
18.8889
13.3333
34.4444
16.6667
11.1111
2.22222
10
14.4444
16.6667
34.4444
37.7778
25.5556
40
11.1111
26.6667
17.7778
31.1111
24.4444
32.2222
26.6667
27.7778
40
24.4444
32.2222
46.6667
36.6667
47.7778
70
55.5556
56.6667
41.1111
80
106.667
95.5556
126.667
127.778
136.667
151.111
144.444
163.333
190
192.222
200
216.667
267.778
192.222
230
232.222
288.889
240
276.667
253.333
261.111
290
302.222
317.778
340
316.667
352.222
282.222
350
303.333
307.778
297.778
298.889
293.333
275.556
314.444
273.333
248.889
287.778
290
297.778
314.444
316.667
321.111
310
337.778
312.222
317.778
296.667
292.222
298.889
304.444
288.889
330
362.222
315.556
360
371.111
367.778
348.889
350
338.889
293.333
255.556
213.333
177.778
160
191.111
241.111
264.444
328.889
351.111
395.556
420
400
428.889
410
452.222
400
384.444
358.889
340
368.889
350
393.333
384.444
375.556
388.889
423.333
408.889
458.889
405.556
406.667
411.111
354.444
362.222
376.667
364.444
378.889
435.556
415.556
407.778
438.889
407.778
334.444
354.444
322.222
353.333
306.667
334.444
255.556
284.444
257.778
278.889
253.333
244.444
222.222
278.889
206.667
244.444
216.667
234.444
256.667
223.333
244.444
232.222
214.444
208.889
227.778
174.444
207.778
174.444
197.778
175.556
176.667
256.667
233.333
234.444
210
216.667
168.889
176.667
196.667
262.222
238.889
222.222
275.556
235.556
228.889
255.556
354.444
340
317.778
305.556
330
305.556
333.333
382.222
412.222
430
427.778
445.556
434.444
505.556
481.111
503.333
473.333
436.667
343.333
314.444
225.556
118.889
8.88889
1.11111
0
0
0
0
0
0
0
0
0
0
0
0
0
0
0
0
0
0
0
0
0
2.22222
4.44444
0
0
2.22222
0
2.22222
6.66667
2.22222
0
3.33333
2.22222
0
6.66667
0
4.44444
6.66667
0
2.22222
2.22222
2.22222
1.11111
2.22222
0
0
2.22222
0
2.22222
0
