0.001745 0.015797 0.011954
-0.011910 0.004366 0.001136
-0.000355 0.017155 0.000620
0.012067 0.008182 -0.003759
-0.002840 -0.058179 -0.083746
-0.008867 0.000571 -0.000965
-0.000774 0.002923 0.004353
-0.000102 -0.015346 -0.002929
-0.003136 -0.011505 -0.002395
-0.011002 -0.005418 -0.002395
0.011348 -0.006609 0.000604
-0.009653 -0.006535 -0.002621
0.004227 -0.007333 0.002381
0.003053 -0.019134 -0.000055
-0.003698 -0.002930 -0.002956
0.013696 -0.011361 0.002103
-0.000820 0.010813 0.011987
-0.008070 0.005438 0.001607
-0.002042 0.019364 0.000120
0.010765 0.009319 -0.003991
-0.000243 0.016538 -0.005934
-0.010650 -0.000008 -0.003266
-0.000207 0.005609 0.003961
-0.000345 -0.016035 -0.001531
0.002051 -0.008194 -0.008145
-0.011172 -0.004449 -0.001830
0.012205 -0.006861 0.000979
-0.008820 -0.010934 -0.009311
0.004007 -0.005252 0.003373
0.003060 -0.019338 0.000028
-0.004075 0.000521 0.003808
0.014015 -0.011571 0.003196
-0.000893 0.010456 0.011257
-0.006635 0.001939 0.006362
-0.001426 0.018415 0.000328
0.010555 0.009291 -0.003873
-0.001446 0.015452 -0.004751
-0.007314 0.000864 -0.001453
-0.000202 0.095636 -0.100544
0.000042 -0.015200 -0.002489
-0.008832 -0.014600 -0.008600
-0.011611 -0.005676 -0.002492
0.010331 -0.006655 0.000583
-0.010178 -0.000018 -0.010125
0.004611 -0.010369 0.004048
0.003262 -0.019481 -0.000609
-0.004166 0.000893 0.001583
0.013929 -0.011360 0.002662
-0.001638 0.015208 0.012910
-0.008100 0.000552 0.000649
-0.016856 0.009112 -0.002914
0.014398 0.009591 0.002713
-0.003109 0.016380 -0.005642
-0.008283 0.000213 -0.002633
0.000023 0.003370 0.003402
0.000876 -0.015891 -0.002406
-0.003803 -0.011272 -0.001133
-0.011310 -0.005090 -0.000998
0.011755 -0.006348 0.000642
-0.008850 -0.006623 -0.002624
0.004390 -0.006902 0.003732
0.003264 -0.019410 -0.001103
-0.003498 0.000171 0.001777
0.006701 -0.009360 -0.004156
-0.000799 0.012715 0.017054
-0.009217 0.003308 0.004359
-0.000985 0.019042 -0.000526
0.011993 0.007877 -0.003088
-0.001809 0.014372 -0.005349
-0.008449 0.002379 -0.002945
-0.000522 0.003977 0.005250
-0.000221 -0.015744 -0.000471
-0.003256 -0.011545 -0.000855
-0.011488 -0.004869 -0.002041
0.011094 -0.006861 0.000042
-0.009227 -0.006261 -0.002302
0.004946 -0.007566 0.001049
0.003355 -0.019583 0.000341
-0.004291 0.005460 -0.003828
0.014331 -0.011248 0.004419
-0.000990 0.010329 0.011635
-0.007964 -0.000018 -0.000223
-0.004121 0.017661 0.006073
0.008424 0.005019 -0.006617
-0.002394 0.015289 -0.005820
-0.009858 -0.005043 -0.007820
0.000666 0.002772 0.004412
0.000398 -0.014837 -0.000635
-0.003438 -0.011701 -0.002701
-0.012255 -0.004026 -0.021818
0.011026 -0.006059 -0.005033
-0.009283 -0.006417 -0.001909
0.004731 -0.007413 0.002065
0.008199 -0.016658 -0.007590
-0.003236 -0.000294 0.002733
0.013924 -0.011238 0.004506
0.000586 0.011928 0.012008
-0.009705 0.002482 0.000586
-0.006372 0.020227 0.000471
0.027779 0.018446 -0.006246
-0.001220 0.015153 -0.006528
-0.009080 0.020032 -0.005519
-0.000463 0.003777 0.005418
-0.000361 -0.016311 -0.002708
-0.003415 -0.011719 -0.003129
-0.009737 -0.006220 -0.023672
0.013028 -0.003359 -0.002589
-0.009016 -0.005325 -0.002793
0.003825 -0.007636 0.001403
-0.001353 -0.021814 -0.008435
-0.004214 0.001296 0.002525
0.013190 -0.011308 0.003361
-0.002269 0.011905 0.017654
-0.008851 0.001711 -0.000241
0.001737 0.021052 -0.003228
0.016409 0.006307 -0.001686
-0.000270 0.015941 -0.004834
-0.009607 0.001241 -0.001696
-0.000088 0.003881 0.005008
-0.000595 -0.015399 -0.002223
-0.003014 -0.011458 -0.001466
-0.011225 -0.005203 -0.001752
0.010461 -0.005923 -0.000130
-0.009118 -0.005267 -0.003358
0.004504 -0.008813 0.003592
0.003132 -0.019198 0.001694
-0.004562 0.000652 0.001719
0.020538 -0.012654 -0.004657
0.000164 0.003123 -0.005892
0.007610 0.008990 -0.003184
-0.010048 0.011379 0.002999
0.006371 0.022495 -0.001257
0.000217 -0.003408 -0.000701
0.001727 0.005082 -0.010910
-0.005334 -0.005473 0.001565
0.002991 0.005330 -0.000264
-0.000798 0.008309 -0.002082
0.018012 -0.012214 0.002224
-0.008453 0.009982 0.002487
-0.004932 -0.000881 0.000709
0.011602 -0.005135 0.001457
-0.003626 -0.005819 0.004763
0.011878 -0.011101 -0.000969
-0.018610 -0.013700 -0.005263
0.000041 0.003978 -0.005699
0.009706 0.008794 -0.002304
-0.011791 0.009726 0.002768
0.024217 0.014159 -0.006283
-0.000884 -0.001451 0.000231
-0.000600 0.000039 -0.009180
-0.010290 -0.003450 0.006228
0.003453 0.005468 -0.001447
0.002002 0.005047 -0.006862
0.018145 -0.011615 0.003081
-0.009392 0.010484 0.001330
-0.004778 -0.001024 0.001513
0.011554 -0.005226 -0.008171
-0.002945 -0.006451 0.004586
0.010173 -0.009109 0.002179
-0.020644 -0.013572 0.000741
0.000328 0.001224 -0.004983
0.059121 0.038743 -0.060611
-0.009495 0.010949 0.002019
0.004704 0.025760 -0.005629
0.000642 -0.003028 -0.001328
0.001758 0.001257 -0.005253
-0.009165 -0.005584 0.001069
0.003014 0.005481 -0.000163
-0.017469 0.017371 -0.006513
0.018269 -0.011571 0.002983
-0.006956 0.010158 0.001286
-0.004829 -0.001711 0.001306
0.012025 -0.006000 -0.004243
-0.003872 -0.004871 0.004869
0.009775 -0.010078 0.002418
-0.013375 -0.009974 0.001281
-0.000118 0.003648 -0.004406
0.007596 0.008290 -0.003527
-0.009664 0.009897 0.002426
0.007765 0.023608 -0.002322
-0.000693 -0.002538 -0.002394
0.001870 0.005004 -0.010609
-0.008681 -0.002123 -0.000330
0.003142 0.007031 -0.000294
-0.000535 0.009304 -0.002653
0.015020 -0.007503 -0.002702
-0.009730 0.009880 0.001495
-0.004477 -0.000605 0.000893
0.011553 -0.005364 0.001192
-0.004459 -0.005917 0.004854
0.013370 -0.011763 0.002304
-0.016917 -0.011616 0.001419
-0.000297 0.002951 -0.004856
0.007440 0.006493 -0.002540
-0.010018 0.008966 0.001753
0.007010 0.023242 -0.002325
-0.000139 -0.002018 -0.000605
0.000725 0.004062 -0.009895
-0.008313 -0.003499 0.005130
0.003527 0.005749 0.000184
-0.000723 0.007531 -0.002581
0.018012 -0.011183 0.003157
-0.008418 0.009733 0.002379
-0.004976 -0.001244 0.000694
0.011608 -0.005667 0.000697
-0.003241 -0.005525 0.004504
0.009740 -0.009925 -0.003882
-0.016368 -0.011596 -0.004582
-0.002840 0.003833 -0.006116
0.007545 0.008235 -0.001808
-0.010072 0.015163 -0.002982
0.009707 0.021572 0.003917
0.001524 -0.002886 -0.000865
0.003208 0.003139 -0.004543
-0.008862 -0.001384 -0.000263
0.001310 0.004703 -0.000029
-0.003281 0.009443 0.003365
0.018252 -0.011743 0.002351
-0.009070 0.010440 -0.004215
-0.004840 -0.000779 -0.006661
0.011092 -0.005563 0.000819
-0.003649 -0.005831 0.008282
0.009402 -0.009057 0.002920
-0.016176 -0.012104 0.001010
-0.052562 0.035418 -0.060220
0.007290 0.008004 -0.002942
-0.009861 -0.007742 -0.001535
0.010624 0.025349 -0.001589
0.061978 -0.040780 -0.070348
0.002485 0.000375 -0.009623
-0.007541 -0.002097 0.000566
-0.058701 -0.029976 -0.071907
-0.004207 0.006378 -0.001078
0.018029 -0.011812 0.001286
-0.009470 0.012434 -0.003648
-0.006146 -0.001262 -0.003013
0.012063 -0.005887 0.000835
-0.003332 -0.015799 0.604788
0.010711 -0.010092 0.002844
-0.016696 -0.011512 0.001523
-0.000371 0.003467 -0.007373
0.007255 0.008090 -0.002227
-0.010725 0.011227 0.001756
0.006668 0.022025 -0.001963
0.000156 -0.003024 0.000062
-0.000514 0.004634 -0.010375
-0.008283 -0.002031 0.000911
0.002301 0.005443 -0.000941
-0.001574 0.007423 -0.002350
0.020468 -0.016082 -0.002442
-0.007689 0.010681 0.002291
-0.005813 -0.001629 0.000717
0.011561 -0.005560 -0.000198
-0.002498 -0.005311 0.005431
0.006439 -0.007563 0.002824
-0.016503 -0.012292 0.001880
