2176.0000 0.05 1
1.11111
4.44444
11.1111
2.22222
11.1111
4.44444
13.3333
11.1111
20
11.1111
6.66667
11.1111
24.4444
23.3333
17.7778
23.3333
26.6667
18.8889
13.3333
32.2222
18.8889
8.88889
4.44444
10
14.4444
16.6667
34.4444
37.7778
27.7778
37.7778
11.1111
26.6667
17.7778
33.3333
22.2222
32.2222
26.6667
27.7778
40
24.4444
32.2222
46.6667
36.6667
47.7778
70
55.5556
56.6667
41.1111
77.7778
108.889
97.7778
124.444
127.778
136.667
151.111
146.667
158.889
192.222
192.222
202.222
214.444
267.778
192.222
230
234.444
286.667
237.778
278.889
253.333
263.333
291.111
301.111
315.556
342.222
312.222
354.444
286.667
345.556
303.333
307.778
294.444
302.222
293.333
277.778
314.444
271.111
248.889
283.333
294.444
300
312.222
317.778
322.222
310
333.333
318.889
313.333
296.667
294.444
301.111
298.889
292.222
330
357.778
317.778
358.889
372.222
363.333
351.111
352.222
343.333
288.889
253.333
215.556
177.778
162.222
186.667
241.111
266.667
331.111
351.111
393.333
422.222
397.778
428.889
412.222
450
400
380
358.889
344.444
373.333
343.333
400
380
376.667
390
423.333
406.667
456.667
408.889
403.333
413.333
357.778
358.889
372.222
368.889
378.889
435.556
417.778
414.444
430
405.556
341.111
350
322.222
348.889
315.556
330
255.556
284.444
260
270
262.222
244.444
220
278.889
211.111
242.222
214.444
232.222
263.333
218.889
242.222
234.444
214.444
208.889
230
172.222
210
172.222
200
173.333
174.444
256.667
231.111
237.778
211.111
216.667
168.889
176.667
196.667
262.222
238.889
222.222
271.111
243.333
221.111
266.667
347.778
342.222
315.556
305.556
327.778
307.778
333.333
378.889
415.556
430
427.778
445.556
434.444
507.778
475.556
507.778
472.222
426.667
353.333
307.778
232.222
118.889
8.88889
1.11111
0
0
0
0
0
0
0
0
0
0
0
0
0
0
0
0
0
0
0
0
0
2.22222
2.22222
2.22222
0
2.22222
0
2.22222
2.22222
6.66667
0
5.55556
0
2.22222
2.22222
2.22222
6.66667
2.22222
2.22222
2.22222
4.44444
0
1.11111
2.22222
0
0
2.22222
0
2.22222
0
