0.000023 0.010626 0.011922
-0.010314 0.001396 -0.000002
-0.001990 0.018774 0.000860
0.011793 0.007779 -0.002116
-0.000634 0.015930 -0.006757
-0.008554 0.000479 -0.002314
-0.000731 0.001165 0.006836
-0.001029 -0.015826 -0.002553
-0.002855 -0.014576 -0.001085
0.001960 -0.004495 -0.001812
0.011270 -0.006640 0.001182
-0.010166 -0.005962 -0.003722
0.003064 -0.007159 0.003421
0.001650 -0.017517 -0.001045
-0.003347 0.001093 0.003356
0.014017 -0.011550 0.003365
-0.001815 0.010767 0.012168
-0.007296 -0.001549 0.004451
-0.002756 0.019511 0.001410
0.010736 0.007824 -0.002314
-0.001452 0.014429 -0.007761
-0.010637 0.000537 -0.002816
-0.000023 0.003960 0.004418
-0.002898 -0.015158 -0.002420
-0.002241 -0.011370 -0.000507
-0.012622 -0.002546 -0.001950
0.013333 -0.006439 0.000830
-0.009997 -0.004618 -0.003366
0.004569 -0.007555 0.003276
0.007093 -0.024810 -0.000147
-0.002497 0.000792 0.002055
0.012961 -0.011034 0.003058
0.000524 0.011465 0.011999
-0.009226 0.002361 0.000281
-0.001638 0.019500 0.000475
0.012003 0.007714 -0.003607
0.007649 0.006146 0.010071
-0.007261 0.000543 -0.003416
0.001106 0.003407 0.005354
-0.000908 -0.015064 -0.002721
-0.004268 -0.009615 -0.001383
-0.014696 -0.003476 -0.001511
0.011015 -0.006820 -0.000018
-0.010017 -0.005928 -0.003769
0.005260 -0.007651 0.004002
0.002830 -0.019190 -0.001172
0.010542 -0.048656 0.000862
0.014054 -0.011747 0.002747
-0.000148 0.011632 0.012740
-0.008960 0.000855 0.000002
-0.001046 0.019281 0.000603
0.011142 0.007661 -0.002706
-0.000840 0.016264 -0.006052
-0.006318 0.004634 0.001775
0.001666 -0.000807 0.000386
-0.000172 -0.017544 -0.002613
-0.001767 -0.010740 -0.000539
-0.011235 -0.004037 -0.002077
0.009430 -0.007675 -0.000870
-0.007176 -0.011045 -0.003603
0.011904 -0.006758 0.000235
0.002438 -0.019585 -0.000539
-0.004002 0.000634 0.002165
0.012840 -0.011956 0.001092
-0.000822 0.011983 0.013124
-0.010895 -0.000966 -0.001695
-0.000111 0.018583 -0.001104
0.010738 0.008723 -0.004115
-0.001846 0.015895 -0.005922
-0.008216 0.000809 -0.000982
0.010121 -0.007659 -0.011243
0.014212 -0.016159 -0.003276
0.012790 -0.013420 -0.000350
-0.012331 -0.006043 -0.002107
0.010256 -0.006956 -0.000460
0.001668 -0.006143 -0.002847
0.006219 -0.012851 0.004181
0.004503 -0.018845 -0.000523
-0.003326 0.001072 -0.000084
0.015233 -0.011160 0.002384
-0.001782 0.011073 0.010604
-0.009589 0.001754 -0.000691
-0.002169 0.019112 0.000546
0.012594 0.008447 -0.002184
-0.004162 0.016897 -0.003500
-0.010136 0.002366 -0.006529
0.000845 0.004003 0.004959
-0.000215 -0.015911 -0.003065
-0.002159 -0.011037 -0.001425
-0.010970 -0.005928 -0.002412
0.012334 -0.006540 -0.000028
-0.005819 0.000345 -0.003491
0.007184 0.001044 0.003675
0.003205 -0.017439 0.004747
-0.005091 0.001663 0.003663
0.015300 -0.012774 0.002418
0.053303 -0.020643 -0.059490
0.000390 0.000051 -0.001208
-0.003230 0.023665 -0.002513
0.012743 0.007512 -0.003076
0.000428 0.011283 -0.002008
0.001120 0.010704 0.014667
0.000703 0.002856 0.003467
0.071815 -0.045136 -0.002585
0.013789 -0.009777 -0.000869
-0.012342 -0.006291 -0.001488
0.022780 0.041892 -0.000010
-0.009872 -0.007931 -0.003079
0.003493 -0.005614 0.003749
0.002955 -0.017749 -0.005095
-0.004643 0.000924 0.001052
0.033595 -0.000467 0.001994
-0.002437 0.010199 0.012522
-0.007955 0.001571 0.000410
-0.001090 0.019309 0.000166
0.011609 0.010759 -0.002310
-0.000287 0.015804 -0.004885
-0.008912 0.000400 -0.000697
-0.001275 0.004418 0.001788
-0.000597 -0.017847 -0.002579
-0.003642 -0.010334 -0.002628
0.046149 0.020755 -0.001279
0.010339 -0.007658 0.001542
-0.009419 -0.011893 -0.002346
0.008588 -0.006498 0.005350
0.013321 -0.019431 -0.000785
-0.005873 0.000557 0.001052
0.012884 -0.012210 0.005614
-0.001015 0.002323 -0.004802
0.015018 0.009214 -0.002379
-0.009332 0.009821 0.002514
0.006228 0.023165 -0.000833
-0.000082 -0.004017 -0.000112
0.002028 0.004061 -0.009632
-0.009520 -0.002328 0.000663
0.001016 0.007243 -0.001219
-0.001375 0.007746 -0.002327
0.018858 -0.012411 0.003672
-0.008535 0.010487 0.001628
-0.003732 -0.001018 0.000222
0.009346 -0.004269 -0.000302
-0.002694 -0.005188 0.004316
0.009194 -0.010052 0.001881
-0.014716 -0.009046 0.001519
0.000683 0.003627 -0.005359
0.006749 0.008291 -0.002295
-0.008507 0.010784 0.003223
0.006024 0.023410 -0.001640
0.000201 -0.002702 -0.000035
0.001781 0.004049 -0.010118
-0.008284 -0.001300 0.000653
0.001630 0.006757 -0.001045
-0.000333 0.007396 -0.001969
0.015300 -0.012638 0.002959
-0.008369 0.010074 0.001330
-0.003470 -0.001702 0.000139
0.012177 -0.005793 -0.000174
-0.004803 -0.007797 0.004453
0.009487 -0.009440 0.004472
-0.016775 -0.012788 -0.003117
-0.001596 0.005059 -0.005118
0.008844 0.011252 -0.006936
-0.010033 0.009921 0.002741
0.008460 0.022585 -0.001790
-0.002079 -0.000994 -0.000263
0.002075 0.004875 -0.010559
-0.006834 -0.004982 -0.003132
0.004557 0.003366 0.001145
-0.000520 0.007104 -0.001810
0.018758 -0.011962 0.002997
-0.008444 0.008026 0.002474
-0.005574 -0.000224 0.000336
0.023294 -0.005532 0.000575
0.002027 -0.021707 0.004709
0.009099 -0.009231 0.000423
-0.015982 -0.013327 0.005758
0.045208 0.027115 0.042339
0.008136 0.007285 -0.002607
-0.009938 0.009874 0.001152
0.003938 0.022743 -0.002201
-0.001339 -0.002427 -0.000624
0.000619 0.004446 -0.007907
-0.007341 -0.001977 -0.000052
0.002494 0.005764 -0.000968
-0.009839 0.009671 -0.005392
0.016581 -0.011322 0.003752
-0.009294 0.014049 0.001926
-0.002009 -0.001070 -0.000574
0.023470 -0.005176 0.000180
0.001565 -0.006285 0.007548
0.010580 -0.009451 0.002312
-0.016783 -0.012655 0.001498
0.000537 0.002774 -0.006144
0.006289 0.008666 -0.001749
-0.009592 0.010915 0.001910
0.005700 0.024229 -0.002165
0.000585 -0.003553 -0.000242
-0.000469 0.004105 -0.010125
-0.010234 -0.004012 0.002553
0.002486 0.004841 -0.000310
-0.002586 0.008488 -0.001712
0.015336 -0.011839 0.002768
-0.010279 0.012574 0.002262
-0.006952 -0.000491 -0.000084
0.009133 -0.004511 0.000208
-0.001950 -0.005947 0.004251
0.009428 -0.009826 0.002755
-0.018834 -0.013631 0.001357
0.000927 0.002996 -0.004329
0.005118 0.010483 -0.000570
-0.010153 0.012337 0.005115
0.007241 0.023837 -0.001772
0.000864 -0.003453 -0.000936
-0.001188 0.003649 -0.010672
-0.009574 -0.001956 0.002907
0.002550 0.004989 -0.000411
-0.000690 0.008995 -0.001601
0.018816 -0.011890 0.003305
-0.008983 0.009990 0.001839
-0.007229 -0.001642 -0.000088
0.008983 -0.006031 0.000193
-0.003508 -0.005161 0.004280
0.012079 -0.008313 0.001966
-0.018266 -0.013022 0.001670
-0.001654 0.002630 -0.005819
0.007436 0.008106 -0.002713
-0.002210 0.020075 -0.014734
0.006538 0.022320 -0.001273
-0.001646 -0.002790 0.000398
0.001550 0.004428 -0.009785
0.000115 -0.002601 0.002875
0.004500 0.007766 0.003688
-0.002070 0.007149 -0.002443
-0.555344 -0.013657 0.012241
0.002937 0.010238 0.001427
-0.007511 -0.002105 -0.000172
0.009346 -0.005937 0.000169
0.000701 0.003674 0.004598
0.026136 -0.003397 0.003952
-0.004774 -0.013080 0.001057
-0.000006 0.003115 -0.003749
0.007088 0.009220 -0.002468
-0.007706 0.014717 -0.001708
-0.002615 0.023340 0.000717
0.048554 0.022437 -0.049754
0.057523 -0.023514 0.054395
-0.007555 -0.002657 0.001125
0.009989 0.007302 -0.001427
-0.004412 0.007232 -0.000435
0.018278 -0.010591 0.002569
-0.009763 0.014083 0.001975
-0.001819 -0.001373 0.000252
0.012246 -0.005232 -0.000175
0.001679 -0.006218 0.002075
0.010812 -0.009763 0.002254
-0.017534 -0.011458 0.001420
