2176.0000 0.05 1
1.11111
4.44444
11.1111
2.22222
11.1111
4.44444
13.3333
11.1111
20
11.1111
6.66667
11.1111
24.4444
23.3333
17.7778
23.3333
28.8889
16.6667
13.3333
34.4444
16.6667
11.1111
2.22222
10
14.4444
14.4444
36.6667
40
22.2222
41.1111
11.1111
26.6667
17.7778
31.1111
24.4444
32.2222
31.1111
23.3333
40
24.4444
32.2222
46.6667
36.6667
47.7778
70
55.5556
56.6667
41.1111
80
104.444
97.7778
126.667
127.778
138.889
148.889
148.889
156.667
192.222
187.778
208.889
213.333
266.667
190
232.222
230
291.111
235.556
278.889
255.556
261.111
290
302.222
317.778
335.556
321.111
350
284.444
347.778
298.889
314.444
292.222
302.222
291.111
275.556
318.889
266.667
255.556
281.111
295.556
298.889
311.111
317.778
318.889
310
335.556
318.889
317.778
294.444
292.222
301.111
304.444
288.889
327.778
357.778
323.333
355.556
376.667
358.889
351.111
354.444
336.667
295.556
251.111
215.556
180
162.222
186.667
241.111
264.444
331.111
350
398.889
417.778
397.778
433.333
410
450
400
380
356.667
342.222
373.333
347.778
396.667
383.333
371.111
386.667
432.222
404.444
456.667
408.889
407.778
408.889
352.222
362.222
381.111
364.444
373.333
441.111
408.889
412.222
441.111
401.111
336.667
358.889
320
351.111
313.333
330
257.778
283.333
261.111
267.778
262.222
242.222
224.444
274.444
211.111
246.667
214.444
232.222
261.111
216.667
248.889
232.222
214.444
206.667
225.556
178.889
208.889
174.444
196.667
175.556
174.444
256.667
235.556
231.111
213.333
216.667
168.889
175.556
196.667
261.111
238.889
222.222
270
246.667
223.333
262.222
347.778
342.222
317.778
301.111
332.222
307.778
331.111
382.222
414.444
427.778
427.778
444.444
435.556
507.778
472.222
493.333
477.778
431.111
347.778
315.556
232.222
118.889
16.6667
1.11111
2.22222
0
0
0
0
0
0
0
0
0
0
0
0
0
0
0
0
0
0
0
0
0
4.44444
0
2.22222
0
2.22222
2.22222
4.44444
0
2.22222
5.55556
0
0
2.22222
4.44444
2.22222
8.88889
0
2.22222
6.66667
1.11111
0
0
0
0
2.22222
2.22222
0
