-0.003929 0.015949 0.015881
-0.009683 0.000903 0.001299
-0.055163 0.056664 0.074860
0.011443 0.007655 -0.002312
0.000734 0.013854 -0.006150
-0.017909 0.002003 -0.004444
0.000288 0.004577 0.003811
-0.010694 -0.013976 -0.002492
-0.002019 -0.012588 -0.001077
-0.009682 -0.004330 -0.004270
-0.061948 0.009751 0.001346
-0.020368 -0.006815 -0.003835
0.004914 -0.007502 0.003753
-0.003585 -0.020847 0.003305
-0.004652 0.000735 0.001082
0.004397 -0.011540 0.002620
-0.001629 0.010998 0.011529
-0.008412 0.001047 0.001335
0.002465 0.020798 -0.000159
-0.041810 0.043724 -0.074068
-0.000961 0.017093 -0.004404
-0.010695 0.000906 -0.003496
-0.000667 0.003581 0.004978
0.000835 -0.015899 -0.002158
-0.007440 -0.006421 -0.001376
-0.028948 -0.026004 -0.001620
0.012217 -0.004211 0.000164
-0.007794 -0.008626 -0.003592
0.006199 -0.008594 0.005076
0.001875 -0.025920 -0.000504
-0.001620 0.000336 0.001377
0.016148 -0.011065 0.002482
-0.001684 0.011509 0.013010
-0.008937 0.001587 0.000549
-0.001864 0.018767 0.000440
0.011379 0.007883 -0.004724
-0.001394 0.016311 -0.005726
-0.008681 0.000737 -0.001870
0.002270 0.000599 0.004487
0.000335 -0.015707 -0.002734
-0.003619 -0.011650 -0.000892
-0.011757 -0.004225 -0.002461
0.011572 -0.004405 0.000643
-0.006155 -0.008108 -0.003089
0.005934 -0.008026 0.002644
0.003834 -0.022211 -0.000978
-0.004668 0.000352 0.001509
0.016426 -0.010926 0.002931
-0.001292 0.011267 0.011361
-0.009728 0.001254 0.000974
-0.001970 0.019212 0.000609
0.010695 0.007270 -0.002706
-0.000891 0.016272 -0.005149
-0.008124 0.000910 -0.002962
-0.000074 0.003180 0.006446
-0.001990 -0.017584 -0.002349
-0.003024 -0.011101 -0.001178
-0.009928 -0.005729 -0.002008
0.012547 -0.006639 0.000357
-0.009128 -0.006412 -0.002569
0.002020 -0.008223 0.002407
0.001883 -0.019355 -0.000742
-0.003185 -0.000449 0.000952
0.003952 -0.009795 0.002671
0.000155 0.010187 0.013786
-0.008873 0.002271 -0.000760
-0.001310 0.018239 0.002013
0.015328 0.009768 -0.002130
-0.003187 0.015578 -0.006260
-0.007256 0.000145 -0.003909
-0.000306 0.003767 0.004225
0.000851 -0.015772 -0.002516
-0.004208 -0.012176 -0.001535
-0.009066 -0.003940 0.000653
0.010949 -0.006660 0.000236
-0.008636 -0.005443 -0.003391
0.004507 -0.007993 0.003581
-0.002729 -0.020463 -0.003633
-0.001280 0.001329 0.002328
0.013135 -0.011527 0.002742
-0.012841 0.021796 0.029312
-0.001407 0.001550 0.003315
-0.000558 0.019039 0.000961
0.012164 0.007639 -0.002379
-0.001796 0.015334 -0.007719
-0.009335 -0.000731 -0.002719
-0.002189 0.004105 0.005247
-0.002047 -0.014106 0.003089
-0.004235 -0.013618 -0.005017
-0.011959 -0.005293 -0.002392
0.014622 -0.007048 0.000323
-0.009490 -0.005608 -0.002942
0.003113 -0.007888 0.002055
0.003086 -0.014277 -0.000838
-0.003976 0.000746 0.001849
0.016806 -0.012314 0.001974
0.000226 0.013333 0.008785
-0.009018 0.001411 0.001027
-0.002817 0.018276 0.000508
0.011663 0.007164 -0.002246
-0.052777 -0.020276 -0.077343
-0.010444 0.004762 -0.001044
0.000652 0.003596 0.003602
-0.000794 -0.014317 -0.006015
-0.003238 -0.013516 0.001998
-0.012527 -0.005029 -0.001914
0.012084 -0.007233 0.000761
-0.008239 -0.004377 -0.003477
0.003026 -0.008190 0.005004
0.004958 -0.019446 -0.000550
0.620355 0.000572 -0.000800
0.016466 -0.012246 0.003361
-0.001024 0.010593 0.012487
-0.009200 0.000806 -0.000206
-0.000999 0.018198 -0.000225
0.013519 0.006900 -0.002267
-0.002923 0.017018 -0.006040
-0.005883 0.003112 -0.003740
-0.049144 -0.028995 0.075616
0.001413 -0.014526 -0.002606
-0.014217 -0.012006 -0.000653
-0.010923 -0.005081 -0.001855
-0.000289 -0.006696 0.000326
-0.112706 -0.026628 -0.006162
-0.016136 0.055631 0.003254
0.003525 -0.019240 -0.000690
-0.004300 -0.000094 0.002583
0.013374 -0.010827 0.003464
0.000569 0.004573 -0.004093
0.007202 0.008750 -0.002282
-0.020176 0.011192 0.003917
0.009507 0.021928 -0.002962
-0.000191 -0.001281 -0.001300
0.000541 0.004935 -0.010228
-0.008357 -0.001852 0.000223
-0.005593 -0.004633 0.017592
0.001433 0.005494 -0.000420
0.003555 -0.011210 0.002407
-0.022966 0.008395 0.001671
-0.002398 0.000242 -0.000048
0.011268 -0.005127 -0.000665
-0.015010 -0.005941 0.003934
0.005239 0.004066 0.002854
-0.014721 -0.013325 0.001256
0.003928 0.004595 -0.005285
0.008031 0.008293 -0.002327
-0.011051 0.010185 0.001939
0.007301 0.023876 -0.000877
0.007041 -0.002152 -0.002200
-0.001579 0.008568 -0.013014
-0.007376 -0.002597 -0.000232
-0.001166 0.000835 0.004485
0.000339 0.006605 -0.001036
0.017510 -0.011013 0.003182
-0.008314 0.009439 0.002733
-0.005913 0.003392 0.000944
0.009878 -0.005901 -0.000303
-0.004153 -0.010137 0.003822
0.009162 -0.009845 0.002422
-0.014767 -0.012808 0.001473
0.007467 0.002582 -0.003015
0.005320 0.008673 -0.000601
-0.010128 0.011533 0.002696
0.006978 0.023052 -0.001402
0.003333 -0.002386 0.000662
0.002588 0.002961 -0.012393
-0.008344 -0.002371 0.000518
0.003290 0.006607 0.001335
-0.000916 0.009684 -0.003783
0.017529 -0.011309 0.003094
-0.010141 0.009596 0.000532
-0.006614 0.003310 -0.000902
0.011288 -0.004993 0.000117
-0.004952 -0.008624 0.003942
0.009899 -0.010203 0.002048
-0.017913 -0.012131 0.001294
0.000744 0.003201 -0.004388
0.003322 0.004712 -0.007522
-0.008813 0.010495 0.002919
0.008219 0.023550 -0.003159
0.000343 -0.003002 -0.001006
0.001932 0.006687 -0.006187
-0.008473 -0.002210 0.000141
0.002509 0.006222 -0.000041
0.000200 0.008006 0.000267
0.018678 -0.012529 0.003783
-0.008694 0.013049 0.001677
-0.004460 -0.001413 -0.000246
0.013694 -0.004339 0.000313
-0.003293 -0.005938 0.004526
0.004313 -0.020018 0.002197
-0.015312 -0.010234 0.001419
0.000101 0.002744 -0.005469
0.006337 0.008578 -0.003416
-0.008917 0.010305 0.004216
0.007321 0.023192 -0.001826
-0.000250 -0.002761 0.000319
0.000182 0.003989 -0.009867
-0.008913 -0.001063 0.001959
0.003044 0.003748 -0.005421
-0.000171 0.008520 -0.001616
0.016335 -0.012341 0.003543
-0.009290 0.011026 0.001341
-0.009269 -0.008382 0.000128
0.011140 -0.005161 0.000267
-0.002259 -0.004850 0.004034
0.011511 -0.007501 0.002724
-0.017855 -0.011760 0.001106
0.000044 0.003745 -0.005362
0.007143 0.006397 0.002599
-0.012263 0.013630 -0.000532
0.006300 0.020372 0.002094
0.000816 -0.002185 -0.000129
0.000488 0.003942 -0.009728
-0.007361 -0.001639 0.000221
0.001901 0.005141 -0.000874
0.000424 0.008241 -0.002462
0.019274 -0.011581 0.001265
-0.009897 0.010025 0.001573
-0.004397 -0.002006 -0.000411
0.010764 -0.006178 0.000150
-0.002243 -0.005632 0.004958
0.005341 -0.008999 0.006226
-0.020196 -0.011578 0.000332
0.000067 0.003976 -0.005397
-0.003154 -0.000653 -0.018723
-0.009142 0.009857 0.002823
0.007338 0.024650 -0.002159
-0.000964 -0.002259 -0.000216
0.000938 0.003805 -0.010089
-0.009615 -0.001531 -0.002109
0.003327 0.005875 -0.000537
-0.002051 0.004319 -0.004542
0.018996 -0.011907 0.005220
-0.008188 0.006939 0.002503
-0.004276 -0.001230 0.000076
-0.001026 -0.054606 -0.000278
-0.004184 -0.001541 0.003793
0.003966 -0.009780 -0.002552
-0.018891 -0.012482 0.002178
0.000991 0.002274 -0.006158
0.007829 0.009395 -0.003116
-0.007550 0.012720 0.004173
-0.003051 0.022689 -0.001985
0.000434 -0.003997 0.000815
-0.008234 0.015269 -0.026443
-0.009034 -0.002208 0.001197
0.002566 0.005473 0.000886
-0.009211 0.006556 -0.002088
0.019943 -0.011727 0.002864
-0.026709 0.011531 0.002533
-0.015882 -0.000515 -0.000757
0.013046 -0.004788 -0.000652
-0.000225 -0.007321 0.003633
0.010358 -0.009987 0.002249
-0.014319 -0.010621 0.001216
