2176.0000 0.05 1
1.875
3.75
6.25
6.25
7.5
16.25
8.75
7.5
17.5
15
14.375
16.25
25
16.25
6.25
31.25
23.125
18.125
30
8.75
10
13.125
10
10
16.25
20
25
30
37.5
19.375
23.75
27.5
13.75
26.875
20.625
29.375
21.25
42.5
43.125
30.625
37.5
56.25
47.5
45.625
41.875
67.5
54.375
49.375
84.375
92.5
98.75
124.375
138.125
134.375
138.125
155.625
180
153.125
156.875
200.625
176.25
174.375
234.375
251.875
270
236.25
235.625
279.375
291.875
311.25
296.875
320.625
301.875
312.5
322.5
339.375
340.625
363.125
317.5
354.375
372.5
365.625
328.75
360
333.125
378.75
313.125
294.375
301.875
287.5
275
253.125
232.5
250.625
251.875
299.375
205.625
249.375
311.25
295.625
320
305
311.875
300
249.375
294.375
309.375
295
328.125
272.5
280.625
302.5
271.875
321.25
291.875
315
251.875
294.375
354.375
317.5
316.25
315.625
327.5
360
344.375
381.875
401.25
377.5
390.625
394.375
394.375
430.625
450.625
471.25
449.375
442.5
454.375
438.75
448.125
416.25
404.375
430
382.5
356.25
318.125
353.125
328.125
311.875
314.375
330
306.25
275.625
216.25
254.375
249.375
302.5
280.625
247.5
270.625
225.625
320
287.5
328.125
301.25
303.75
293.125
283.75
296.875
351.25
290.625
322.5
354.375
370
356.875
258.125
288.125
214.375
288.125
346.875
263.75
265.625
268.125
257.5
236.25
246.25
247.5
268.125
321.875
239.375
231.25
234.375
227.5
180
247.5
255
281.25
255.625
308.125
252.5
263.75
256.875
205
203.75
270.625
253.75
326.25
344.375
344.375
355
273.125
368.125
293.75
513.75
535.625
508.75
425
370
255.625
235.625
205.625
161.875
120.625
61.25
31.25
11.875
4.375
1.25
3.75
1.25
0
0
0
0
0
0
0
0
0
0
2.5
0
