svsl Ru Ru 2.66057 40.64357 -5.41153
0.33332 0.66668 0.25000 -0.16663 0.16663 -0.50000

4
3.77135
1.00000 -0.34641 0.00000 
-0.34641 0.60000 0.00000 
0.00000 0.00000 0.00000 

-5.55613
-0.57735 1.00000 0.00000 
1.00000 0.57735 0.00000 
0.00000 0.00000 0.00000 

19.38628
0.00000 0.00000 1.00000 
0.00000 0.00000 -0.57735 
1.00000 -0.57735 0.00000 

23.78635
0.00000 0.00000 0.00000 
0.00000 0.00000 0.00000 
0.00000 0.00000 1.00000 

6.97918 -6.86256 19.38628 
-6.86256 -0.94502 -11.19269 
19.38628 -11.19269 23.78635 

---------------

svsl Ru Ru 2.72287 36.63366 -5.12279
0.16668 0.33332 0.75000 0.50000 0.50000 0.00000

4
19.20049
1.00000 -0.34641 0.00000 
-0.34641 0.60000 0.00000 
0.00000 0.00000 0.00000 

30.84815
-0.24744 1.00000 0.00000 
-0.14286 0.24744 0.00000 
0.00000 0.00000 0.00000 

27.65884
-0.24744 -0.14286 0.00000 
1.00000 0.24744 0.00000 
0.00000 0.00000 0.00000 

-4.33271
0.00000 0.00000 0.00000 
0.00000 0.00000 0.00000 
0.00000 0.00000 1.00000 

4.72377 20.24565 0.00000 
16.60073 25.99703 0.00000 
0.00000 0.00000 -4.33271 

---------------

