2176.0000 0.05 1
1.11111
4.44444
11.1111
2.22222
11.1111
4.44444
13.3333
11.1111
20
11.1111
6.66667
11.1111
24.4444
23.3333
17.7778
23.3333
26.6667
18.8889
13.3333
32.2222
18.8889
8.88889
4.44444
10
14.4444
14.4444
36.6667
37.7778
25.5556
40
11.1111
26.6667
17.7778
31.1111
24.4444
32.2222
28.8889
25.5556
40
24.4444
32.2222
46.6667
36.6667
47.7778
70
55.5556
56.6667
41.1111
80
108.889
93.3333
126.667
127.778
138.889
148.889
146.667
161.111
190
190
204.444
212.222
270
192.222
230
232.222
288.889
234.444
280
255.556
263.333
291.111
298.889
320
340
314.444
350
288.889
345.556
302.222
311.111
297.778
298.889
291.111
277.778
312.222
275.556
246.667
287.778
292.222
297.778
312.222
314.444
327.778
310
328.889
323.333
315.556
292.222
294.444
298.889
301.111
292.222
330
357.778
317.778
360
380
354.444
351.111
354.444
341.111
291.111
253.333
213.333
177.778
162.222
188.889
238.889
266.667
331.111
351.111
402.222
417.778
397.778
424.444
412.222
450
400
384.444
354.444
344.444
373.333
345.556
394.444
383.333
381.111
381.111
430
402.222
458.889
408.889
405.556
413.333
354.444
362.222
374.444
368.889
376.667
435.556
413.333
410
436.667
407.778
341.111
347.778
322.222
346.667
317.778
327.778
257.778
284.444
264.444
271.111
256.667
244.444
220
278.889
208.889
244.444
216.667
230
263.333
221.111
242.222
232.222
214.444
211.111
225.556
174.444
208.889
173.333
197.778
175.556
176.667
256.667
233.333
234.444
211.111
215.556
168.889
176.667
196.667
260
238.889
224.444
275.556
238.889
225.556
262.222
347.778
337.778
321.111
304.444
330
305.556
337.778
375.556
416.667
427.778
428.889
444.444
434.444
508.889
477.778
504.444
472.222
431.111
351.111
314.444
224.444
120
8.88889
1.11111
0
0
0
0
0
0
0
0
0
0
0
0
0
0
0
0
0
0
0
0
0
2.22222
2.22222
0
0
0
2.22222
4.44444
4.44444
2.22222
1.11111
4.44444
0
0
6.66667
0
6.66667
2.22222
2.22222
0
4.44444
2.22222
1.11111
2.22222
0
0
2.22222
0
2.22222
0
