-0.000000 -0.600634 0.000000
-0.000000 0.062247 -0.067676
-0.001901 -0.007079 0.001901
0.067676 0.062247 0.000000
-0.000000 0.010366 -0.011054
0.001016 0.004068 -0.004546
0.004606 0.007545 -0.004606
-0.000000 0.000926 0.000000
0.004546 0.004068 -0.001016
0.011054 0.010366 0.000000
-0.000000 0.051233 -0.055315
-0.004244 0.007144 -0.004244
-0.001390 0.003560 -0.004256
-0.004546 0.004068 0.001016
-0.000000 0.003153 -0.000000
0.004256 0.003560 0.001390
0.001901 -0.007079 -0.001901
-0.001016 0.004068 0.004546
0.004244 0.007144 0.004244
0.055315 0.051233 0.000000
-0.055315 0.051233 0.000000
-0.001901 -0.007079 -0.001901
-0.011054 0.010366 0.000000
-0.004256 0.003560 -0.001390
-0.000000 0.000926 -0.000000
-0.067676 0.062247 0.000000
-0.004606 0.007545 0.004606
0.001390 0.003560 0.004256
0.001901 -0.007079 0.001901
-0.000000 0.062247 0.067676
-0.000000 0.010366 0.011054
-0.000000 0.051233 0.055315
-0.004256 0.003560 0.001390
0.000447 -0.013226 0.000000
0.004546 0.004068 0.001016
-0.004606 0.007545 -0.004606
0.000394 -0.001223 0.000000
0.000040 -0.001668 -0.000040
-0.001016 0.004068 -0.004546
-0.000000 0.040482 0.000000
-0.000000 -0.001223 -0.000394
-0.000000 -0.013226 -0.000447
0.004606 0.007545 0.004606
-0.001390 0.003560 0.004256
0.001390 0.003560 -0.004256
0.000040 -0.001668 0.000040
-0.000160 -0.001275 0.000000
0.004244 0.007144 -0.004244
-0.000000 -0.001223 0.000394
-0.000000 -0.003479 0.000000
-0.000000 -0.001275 0.000160
-0.000394 -0.001223 0.000000
-0.000040 -0.001668 -0.000040
0.004256 0.003560 -0.001390
-0.000000 -0.013226 0.000447
-0.000000 -0.001275 -0.000160
-0.000000 0.038184 0.000000
-0.000040 -0.001668 0.000040
0.000160 -0.001275 0.000000
-0.000447 -0.013226 0.000000
0.001016 0.004068 0.004546
-0.004244 0.007144 0.004244
-0.004546 0.004068 -0.001016
-0.000000 0.003153 0.000000
