7.74624 0 -7.74624
0 7.74624 -7.74624
7.74624 7.74624 0
1 0 0
0 1 0
0 0 1
0.7474174999741834 0.7525825000258166 0.7525825000258166	Ir
0.7500000000000000 0.0000000000000000 0.7500000000000000	Ir
0.0000000000000000 0.7500000000000000 0.7500000000000000	Ir
0.7500000000000000 0.7500000000000000 0.0000000000000000	Ir
0.7500000000000000 0.2500000000000000 0.7500000000000000	Ir
0.0000000000000000 0.0000000000000000 0.7500000000000000	Ir
0.7500000000000000 0.0000000000000000 0.0000000000000000	Ir
0.2500000000000000 0.7500000000000000 0.7500000000000000	Ir
0.0000000000000000 0.7500000000000000 0.0000000000000000	Ir
0.7500000000000000 0.7500000000000000 0.2500000000000000	Ir
0.7500000000000000 0.5000000000000000 0.7500000000000000	Ir
0.0000000000000000 0.2500000000000000 0.7500000000000000	Ir
0.7500000000000000 0.2500000000000000 0.0000000000000000	Ir
0.2500000000000000 0.0000000000000000 0.7500000000000000	Ir
0.0000000000000000 0.0000000000000000 0.0000000000000000	Ir
0.7500000000000000 0.0000000000000000 0.2500000000000000	Ir
0.5000000000000000 0.7500000000000000 0.7500000000000000	Ir
0.2500000000000000 0.7500000000000000 0.0000000000000000	Ir
0.0000000000000000 0.7500000000000000 0.2500000000000000	Ir
0.7500000000000000 0.7500000000000000 0.5000000000000000	Ir
0.0000000000000000 0.5000000000000000 0.7500000000000000	Ir
0.7500000000000000 0.5000000000000000 0.0000000000000000	Ir
0.2500000000000000 0.2500000000000000 0.7500000000000000	Ir
0.0000000000000000 0.2500000000000000 0.0000000000000000	Ir
0.7500000000000000 0.2500000000000000 0.2500000000000000	Ir
0.5000000000000000 0.0000000000000000 0.7500000000000000	Ir
0.2500000000000000 0.0000000000000000 0.0000000000000000	Ir
0.0000000000000000 0.0000000000000000 0.2500000000000000	Ir
0.7500000000000000 0.0000000000000000 0.5000000000000000	Ir
0.5000000000000000 0.7500000000000000 0.0000000000000000	Ir
0.2500000000000000 0.7500000000000000 0.2500000000000000	Ir
0.0000000000000000 0.7500000000000000 0.5000000000000000	Ir
0.2500000000000000 0.5000000000000000 0.7500000000000000	Ir
0.0000000000000000 0.5000000000000000 0.0000000000000000	Ir
0.7500000000000000 0.5000000000000000 0.2500000000000000	Ir
0.5000000000000000 0.2500000000000000 0.7500000000000000	Ir
0.2500000000000000 0.2500000000000000 0.0000000000000000	Ir
0.0000000000000000 0.2500000000000000 0.2500000000000000	Ir
0.7500000000000000 0.2500000000000000 0.5000000000000000	Ir
0.5000000000000000 0.0000000000000000 0.0000000000000000	Ir
0.2500000000000000 0.0000000000000000 0.2500000000000000	Ir
0.0000000000000000 0.0000000000000000 0.5000000000000000	Ir
0.5000000000000000 0.7500000000000000 0.2500000000000000	Ir
0.2500000000000000 0.7500000000000000 0.5000000000000000	Ir
0.5000000000000000 0.5000000000000000 0.7500000000000000	Ir
0.2500000000000000 0.5000000000000000 0.0000000000000000	Ir
0.0000000000000000 0.5000000000000000 0.2500000000000000	Ir
0.7500000000000000 0.5000000000000000 0.5000000000000000	Ir
0.5000000000000000 0.2500000000000000 0.0000000000000000	Ir
0.2500000000000000 0.2500000000000000 0.2500000000000000	Ir
0.0000000000000000 0.2500000000000000 0.5000000000000000	Ir
0.5000000000000000 0.0000000000000000 0.2500000000000000	Ir
0.2500000000000000 0.0000000000000000 0.5000000000000000	Ir
0.5000000000000000 0.7500000000000000 0.5000000000000000	Ir
0.5000000000000000 0.5000000000000000 0.0000000000000000	Ir
0.2500000000000000 0.5000000000000000 0.2500000000000000	Ir
0.0000000000000000 0.5000000000000000 0.5000000000000000	Ir
0.5000000000000000 0.2500000000000000 0.2500000000000000	Ir
0.2500000000000000 0.2500000000000000 0.5000000000000000	Ir
0.5000000000000000 0.0000000000000000 0.5000000000000000	Ir
0.5000000000000000 0.5000000000000000 0.2500000000000000	Ir
0.2500000000000000 0.5000000000000000 0.5000000000000000	Ir
0.5000000000000000 0.2500000000000000 0.5000000000000000	Ir
0.5000000000000000 0.5000000000000000 0.5000000000000000	Ir
