2176.0000 0.05 1
1.875
3.75
6.25
6.25
7.5
16.25
8.75
7.5
17.5
15
14.375
16.25
25
16.25
6.25
31.25
23.125
18.125
28.75
10
10
13.125
10
10
16.25
20
25
30
37.5
19.375
23.75
27.5
13.75
26.875
20.625
29.375
21.25
41.25
45
30
37.5
55
48.75
45.625
41.875
67.5
54.375
48.125
85.625
92.5
98.75
124.375
137.5
135
138.125
154.375
180.625
152.5
158.125
199.375
177.5
175
232.5
253.125
267.5
237.5
235.625
280.625
292.5
310.625
296.875
319.375
302.5
313.125
323.125
340
338.75
363.75
317.5
353.75
375
361.875
330
359.375
333.125
378.75
313.75
295
304.375
285
273.75
254.375
232.5
250.625
251.875
300
205.625
247.5
313.75
295.625
318.75
306.875
307.5
304.375
245.625
295
309.375
297.5
323.75
277.5
278.75
302.5
271.875
320
292.5
316.875
251.25
293.75
351.875
320
316.25
315.625
323.75
366.875
342.5
380
400.625
378.75
388.125
395
395
433.125
450.625
469.375
455
440
453.125
436.875
447.5
418.125
402.5
430
383.125
356.875
320
353.125
326.25
310
318.125
327.5
306.875
275.625
216.25
254.375
250.625
303.125
280
245.625
273.125
223.75
320.625
286.875
328.125
302.5
303.125
290.625
286.875
295
353.125
286.875
326.25
351.875
370.625
356.25
260.625
287.5
213.75
288.125
346.25
265.625
263.125
270
255.625
237.5
245.625
250
262.5
329.375
238.125
227.5
236.25
226.25
180.625
247.5
256.25
280
257.5
306.25
251.25
265
255
206.25
205.625
268.125
255
326.25
344.375
344.375
354.375
275.625
365.625
295
511.875
539.375
507.5
425
366.875
257.5
235.625
203.125
163.75
123.125
61.25
30.625
11.25
3.75
1.25
3.75
1.25
0
0
0
0
0
0
0
0
0
0
2.5
0
