0.016239 0.012154 -0.002874
-0.004477 -0.004097 -0.000451
0.010323 0.004655 0.000946
0.002171 0.001663 -0.003378
0.009626 0.000233 -0.001062
-0.001293 -0.006340 -0.000334
-0.002815 -0.004303 -0.005128
-0.004768 0.005989 0.000230
-0.010011 -0.001121 -0.007232
0.004324 -0.003770 -0.002327
-0.003403 -0.002486 0.004703
-0.006123 -0.002084 0.001950
-0.001694 -0.005051 0.009877
-0.005278 -0.001554 -0.002504
0.004948 0.001368 -0.004520
0.002582 -0.001836 -0.000232
0.010755 0.002837 0.001004
-0.003421 -0.004064 0.000021
0.010652 0.004675 -0.000895
0.002029 0.000361 -0.004175
0.008283 0.002741 -0.002952
-0.001455 -0.003879 0.000361
-0.004986 -0.001960 -0.004733
-0.005224 0.006883 0.000322
-0.007360 -0.000268 -0.007896
0.005436 -0.001087 -0.002493
-0.003079 -0.001726 0.004484
-0.005982 -0.002368 0.002712
-0.001618 -0.006077 0.008557
-0.004629 0.000229 -0.000620
0.005386 0.002284 -0.004851
0.002275 -0.001313 0.000608
0.005787 0.012125 0.004745
-0.001954 0.004007 0.005141
0.010503 0.003646 0.000525
0.002732 -0.000736 -0.003476
0.012011 0.007142 -0.005833
-0.001745 -0.010963 -0.000400
0.031020 0.028915 -0.003738
-0.005490 0.006322 -0.000555
-0.047984 0.032394 -0.008874
-0.026496 0.028603 -0.000998
-0.003509 -0.002420 0.004233
-0.009722 0.000630 0.005644
-0.001712 -0.004635 0.010177
-0.008787 0.006567 -0.006073
0.005745 0.000606 -0.005107
0.002208 -0.001898 0.001344
0.010912 0.001332 -0.000467
-0.005627 -0.001425 0.001205
0.010593 0.003157 0.001451
0.002144 0.001294 -0.003547
0.008247 0.002588 -0.002915
-0.000665 -0.004443 -0.000213
-0.006329 -0.001715 -0.004973
-0.004978 0.006637 0.000668
-0.007383 0.001307 -0.007650
0.006479 -0.000498 -0.002337
-0.002916 -0.002294 0.003178
-0.005914 -0.002030 0.001819
-0.001172 -0.007470 0.010367
-0.004680 -0.002093 0.001207
0.003950 0.002023 -0.005849
0.006204 0.006222 -0.002772
0.010902 0.002831 0.001188
-0.001375 0.004409 0.003894
0.010569 0.004538 -0.000013
0.002335 0.000304 -0.002204
0.007911 0.001601 -0.001963
-0.000716 -0.003601 -0.000479
-0.005758 -0.003033 -0.004526
-0.004436 0.006694 0.000274
-0.008502 0.000531 -0.008105
0.006436 -0.002230 -0.002292
-0.003207 -0.003495 0.004496
-0.006091 -0.002442 0.001723
-0.001461 -0.006283 0.008221
-0.004956 -0.000124 -0.000630
0.004535 0.002399 -0.005506
0.002820 -0.001159 0.001258
0.011196 0.003512 0.001251
-0.005895 -0.001266 0.001251
0.009245 0.023369 -0.028195
-0.001858 0.010310 -0.007874
0.009913 0.000102 -0.001380
-0.002972 -0.003290 -0.002126
-0.004557 -0.002021 -0.005095
-0.020781 0.021484 0.000294
-0.007594 -0.000381 -0.008195
0.005117 -0.001254 -0.002641
-0.003964 -0.008807 0.004389
-0.008076 -0.002922 0.003434
-0.001971 -0.005748 0.008435
-0.005838 -0.000088 -0.000334
0.018695 0.016016 -0.005802
0.002625 -0.003239 0.000820
0.010919 0.001634 0.002121
-0.005513 -0.002444 0.000325
0.010517 0.003421 0.001068
0.002200 0.001417 -0.003386
0.008220 0.001551 -0.001462
-0.001049 -0.002967 -0.000508
-0.005354 -0.002284 -0.004866
-0.005448 0.006072 0.001048
-0.007925 0.000552 -0.007803
0.005758 -0.001548 -0.002436
-0.003900 -0.002229 0.005344
-0.007028 -0.003081 0.002620
0.001344 0.029081 0.054013
-0.009089 0.006492 0.004160
0.005489 0.000814 -0.005067
-0.002265 0.009120 0.007016
0.011301 0.001640 0.001388
-0.006231 -0.002366 -0.000438
0.009667 0.002251 -0.001209
0.006805 0.010205 0.001911
0.011669 0.007795 -0.006247
-0.001219 -0.002884 -0.000217
-0.005155 -0.003240 -0.004758
0.015456 0.026388 0.000167
-0.008652 0.000510 -0.007339
0.005903 -0.002645 -0.002322
-0.003871 -0.005327 0.004520
-0.003986 -0.003060 0.001519
-0.002197 -0.004471 0.008639
-0.011391 0.006314 -0.000356
-0.012381 0.017288 -0.005096
0.002444 -0.000121 0.000851
-0.012529 -0.002727 0.004071
0.006285 -0.014221 0.001326
-0.003222 0.000210 0.003667
-0.004167 0.004193 0.001790
-0.002816 0.035730 -0.003050
0.004529 -0.001503 -0.001574
0.003553 -0.002740 -0.005800
0.003164 -0.000171 -0.000256
0.009749 0.001285 0.002325
-0.000886 -0.002894 -0.005878
0.001797 0.002534 0.004387
-0.022268 -0.003140 -0.005002
0.002951 0.004668 0.011147
0.000213 -0.011542 -0.009459
0.019607 -0.001602 0.000060
-0.007243 -0.001627 0.008621
-0.011322 -0.002097 0.002852
0.004485 0.020519 0.023333
-0.003713 0.000924 0.002343
-0.004461 0.004169 0.002364
-0.003584 0.005469 -0.001493
0.006094 -0.002142 -0.000991
0.004404 -0.001741 -0.005444
0.002955 0.000573 -0.000280
0.009722 0.004717 0.000129
-0.000984 -0.004265 -0.005955
0.001264 0.002609 0.005153
-0.018353 0.003625 -0.002319
0.001958 0.005153 0.011788
-0.000681 -0.008232 -0.008876
0.016083 -0.000290 -0.000202
-0.006055 0.000216 0.007725
-0.015336 0.003371 0.007706
0.004281 -0.001642 0.001491
-0.000559 0.006101 0.006359
-0.004322 0.002865 0.002602
-0.003101 0.033408 0.000031
0.007597 -0.001539 -0.000459
0.000166 0.004281 0.000060
0.004237 0.002266 0.000328
0.008933 0.009997 0.014570
0.009742 -0.489414 -0.011062
0.005478 0.007926 0.001854
-0.022275 -0.005404 -0.005007
0.002339 0.001343 0.011330
-0.000078 0.008002 -0.036421
0.047514 0.025938 0.000412
-0.010230 0.005588 0.003925
-0.011680 -0.003911 0.001179
0.004791 -0.001724 0.001102
-0.003641 -0.000147 0.001140
-0.004148 0.002468 0.002578
-0.003787 0.005961 -0.002095
0.005994 -0.000912 -0.001298
0.004336 -0.001054 -0.005261
0.003353 0.000501 -0.000063
0.009409 0.008775 0.004712
-0.001068 -0.014944 -0.006427
0.001139 0.001492 0.007057
-0.022359 -0.003411 -0.005660
0.003173 0.003156 0.011432
-0.000122 -0.004381 -0.012770
0.016404 0.001113 -0.000423
-0.005605 0.000528 0.008593
-0.011563 -0.001687 0.002819
0.004507 0.020627 -0.020865
-0.003659 0.001064 0.002235
-0.003963 0.004372 0.002923
-0.003272 0.007361 -0.001202
0.006195 -0.000489 -0.000256
0.004208 -0.000809 -0.005244
0.003295 0.000833 -0.001106
0.009813 0.005114 0.000679
-0.001159 -0.004197 -0.006474
0.000924 0.002194 0.005289
-0.028042 0.006978 -0.010067
0.002134 0.005322 0.011439
-0.000553 -0.008330 -0.008300
0.017484 0.000779 0.000248
-0.006416 -0.000448 0.007915
-0.017885 0.004316 0.002581
0.003788 0.015118 -0.015581
0.002433 0.006917 0.002802
-0.003025 0.002847 0.002274
-0.003625 0.005587 -0.001540
0.004357 0.001229 -0.002212
0.000931 0.003941 0.000236
0.005012 -0.000345 -0.000200
0.009449 0.006047 0.001310
-0.000740 -0.004163 -0.006852
0.002902 0.003474 0.005328
-0.022228 -0.004570 -0.004419
0.002221 0.005772 0.012425
-0.001037 -0.008419 -0.008610
0.016520 -0.000547 0.000134
-0.007072 -0.002542 0.009282
-0.015434 0.002930 -0.001319
0.004730 -0.003388 0.001147
-0.000064 0.005662 -0.000689
-0.002488 0.006419 0.001514
-0.003209 0.006003 -0.001086
0.005873 -0.000925 -0.000456
0.004197 -0.001824 -0.005278
0.003219 -0.000200 -0.000767
0.009786 0.006738 0.001952
-0.000421 -0.004926 -0.006541
0.005797 0.007410 0.008669
-0.022824 -0.003854 -0.005328
0.001913 -0.003149 0.012410
-0.000816 -0.006670 -0.009563
0.017082 0.000597 -0.000015
-0.005385 -0.000737 0.008976
-0.014002 -0.000881 0.003126
0.004794 0.015472 0.018678
-0.001449 0.001686 0.002462
-0.005536 0.003372 0.002806
-0.003391 0.007491 -0.001534
0.006075 -0.002099 -0.000474
0.003596 -0.002767 -0.005289
0.002039 0.000001 -0.000042
0.009655 0.004808 0.001946
-0.001350 -0.004224 -0.005758
0.004313 0.005768 0.006063
-0.022638 -0.004656 -0.005819
0.003486 0.005528 0.011051
-0.000286 -0.006494 -0.009111
0.017714 0.000546 0.000464
-0.010230 0.006581 0.002980
