2176.0000 0.05 1
1.11111
4.44444
11.1111
2.22222
11.1111
4.44444
13.3333
11.1111
20
11.1111
6.66667
11.1111
24.4444
23.3333
17.7778
23.3333
26.6667
18.8889
13.3333
32.2222
18.8889
8.88889
4.44444
10
14.4444
16.6667
34.4444
37.7778
25.5556
40
11.1111
26.6667
17.7778
33.3333
22.2222
32.2222
26.6667
27.7778
40
24.4444
32.2222
46.6667
36.6667
47.7778
70
55.5556
56.6667
41.1111
80
108.889
93.3333
126.667
127.778
136.667
151.111
144.444
161.111
192.222
187.778
204.444
216.667
267.778
192.222
230
234.444
286.667
235.556
281.111
253.333
265.556
288.889
298.889
317.778
340
316.667
350
286.667
347.778
304.444
308.889
296.667
295.556
295.556
277.778
314.444
275.556
246.667
285.556
290
297.778
314.444
318.889
323.333
307.778
333.333
318.889
313.333
296.667
292.222
301.111
302.222
291.111
330
360
316.667
358.889
377.778
361.111
348.889
352.222
338.889
293.333
253.333
215.556
175.556
162.222
188.889
238.889
266.667
331.111
351.111
397.778
422.222
397.778
426.667
412.222
447.778
400
384.444
356.667
342.222
373.333
346.667
396.667
382.222
376.667
383.333
427.778
406.667
456.667
408.889
410
406.667
358.889
360
376.667
366.667
374.444
442.222
411.111
410
438.889
401.111
343.333
347.778
320
353.333
316.667
326.667
255.556
286.667
262.222
273.333
256.667
244.444
217.778
278.889
208.889
244.444
214.444
234.444
262.222
220
244.444
232.222
212.222
208.889
227.778
174.444
210
172.222
200
173.333
175.556
260
231.111
236.667
208.889
215.556
170
175.556
196.667
262.222
238.889
224.444
272.222
241.111
226.667
260
345.556
344.444
316.667
308.889
325.556
310
331.111
377.778
421.111
425.556
426.667
444.444
436.667
504.444
477.778
497.778
471.111
426.667
352.222
313.333
225.556
125.556
14.4444
1.11111
0
0
0
0
0
0
0
0
0
0
0
0
0
0
0
0
2.22222
0
0
0
0
0
4.44444
0
0
0
0
2.22222
4.44444
4.44444
2.22222
5.55556
0
0
4.44444
0
4.44444
8.88889
0
2.22222
4.44444
1.11111
0
2.22222
0
0
2.22222
0
2.22222
0
