2176.0000 0.05 1
1.875
2.5
7.5
6.25
7.5
16.25
8.75
6.25
17.5
16.25
14.375
16.25
23.75
17.5
6.25
31.25
23.125
18.125
28.75
10
10
13.125
10
10
17.5
18.75
25
28.75
38.75
19.375
25
26.25
13.75
26.875
21.875
28.125
21.25
41.25
45
30
37.5
55
48.125
46.25
41.875
67.5
53.75
48.75
85
90.625
100
123.125
140.625
134.375
138.75
155
179.375
152.5
156.25
202.5
176.25
175.625
231.25
253.75
268.75
236.25
238.125
279.375
288.75
313.75
296.25
323.125
300.625
313.75
321.875
337.5
338.75
365
316.875
356.875
371.25
365
328.125
360.625
335.625
378.75
310
294.375
303.75
286.25
275
254.375
231.25
248.75
253.125
299.375
206.25
250.625
310.625
295
320.625
307.5
307.5
299.375
249.375
297.5
305.625
300.625
322.5
276.875
278.125
305
270
323.75
288.75
318.125
246.875
299.375
351.875
318.75
315.625
315.625
329.375
361.875
341.25
381.25
398.75
380.625
390.625
395
393.75
429.375
449.375
473.125
453.75
440.625
455.625
435
448.75
415
405.625
428.75
381.25
360
316.25
353.75
326.875
312.5
314.375
330
304.375
278.125
213.75
255
250
304.375
277.5
248.125
273.125
223.75
321.875
285.625
328.75
303.75
300.625
291.25
286.875
295.625
350.625
291.25
321.25
355
370.625
356.25
261.25
287.5
213.75
288.125
345.625
266.25
264.375
268.75
256.875
233.75
247.5
248.75
265.625
325.625
238.75
228.125
236.875
226.25
180
247.5
254.375
281.875
255
311.25
248.75
265
256.875
206.875
204.375
270
251.875
326.25
344.375
343.125
355.625
275.625
366.25
294.375
514.375
536.875
508.125
423.125
368.125
257.5
235.625
202.5
166.25
122.5
57.5
31.25
13.125
3.75
1.25
3.75
1.25
0
0
0
0
0
0
0
0
0
0
2.5
0
