0.011170 0.003066 0.001397
-0.006802 -0.003313 -0.000386
0.009590 0.002005 -0.000008
0.002495 0.003460 -0.003448
0.007938 -0.000592 -0.002818
-0.001063 -0.003220 -0.000344
-0.005927 -0.003837 -0.005280
-0.005183 0.006247 0.000387
-0.006802 -0.002014 -0.006601
0.005325 -0.000652 -0.001588
-0.007508 0.007009 0.008574
-0.005691 -0.011220 0.002379
-0.002306 -0.005281 0.009376
-0.005838 0.000635 0.000325
0.005048 0.002158 -0.004656
0.001510 -0.001899 0.001557
0.010861 -0.000750 0.000311
-0.002336 0.001896 0.001133
0.011461 0.003170 -0.000326
0.002714 0.001026 -0.002848
0.008801 0.002785 -0.002804
-0.002460 -0.004171 -0.001056
-0.005498 -0.003527 -0.006410
-0.005394 0.006183 0.000301
-0.003706 0.006331 -0.010167
0.005608 -0.003245 -0.002645
-0.003381 -0.001754 0.004681
-0.006980 0.014459 0.018498
-0.002637 -0.005363 0.009474
-0.005277 -0.000150 -0.001532
0.005996 0.000056 -0.006450
0.002599 -0.001171 0.001067
0.011115 0.003423 0.001422
-0.002195 0.004085 -0.002659
-0.049437 0.054624 0.002528
0.011859 -0.579461 0.015931
-0.034216 0.038728 -0.000575
-0.005368 -0.003838 -0.004615
-0.009084 0.003183 -0.002487
-0.005205 0.004849 0.003801
-0.003084 0.005822 -0.009766
0.005305 -0.000614 -0.002006
0.002117 0.008646 -0.000791
-0.007203 -0.002074 0.003424
-0.001843 -0.006172 0.009488
-0.005959 0.001085 -0.000186
0.006028 -0.000288 -0.004690
0.003712 -0.002140 0.000497
0.010672 0.002662 0.001047
-0.007680 -0.003577 0.002663
0.011715 0.004401 -0.000431
0.002218 -0.008636 -0.003315
0.009374 0.002587 -0.003223
-0.001150 -0.002482 -0.000238
-0.004501 -0.002102 -0.005342
-0.004914 0.007017 0.000452
-0.008818 0.000809 -0.007337
0.004973 -0.001980 -0.001789
-0.002586 -0.003155 0.006031
-0.006042 -0.001748 0.002372
-0.001603 -0.005385 0.008969
-0.005547 -0.000477 0.000110
0.004283 0.001861 -0.005358
0.001192 -0.001577 -0.000252
0.010638 -0.004459 -0.000530
-0.004700 -0.001886 0.001401
0.010717 0.004318 -0.000426
0.001732 0.000983 -0.003705
0.009820 0.001575 -0.001898
0.000847 -0.004021 0.000461
-0.009953 0.004471 -0.002094
-0.005317 0.006222 0.000022
-0.007733 -0.001970 -0.006422
0.006429 0.050894 -0.060783
-0.003483 -0.001793 0.004678
-0.005285 0.009925 -0.010550
-0.002368 -0.005240 0.009356
-0.005974 0.006330 -0.006235
0.003577 0.000301 -0.003765
0.002524 -0.002241 0.000650
0.010854 -0.000997 0.000277
-0.005901 -0.002189 0.001276
0.011881 0.002962 0.000767
0.002498 0.000978 -0.003585
0.008543 0.002999 -0.002763
-0.001768 -0.002610 -0.000907
-0.004815 -0.002579 -0.005086
-0.006331 0.005247 0.001031
-0.008574 -0.000296 -0.006748
0.005469 0.005153 -0.008064
-0.003063 -0.003624 0.004439
-0.006864 0.008782 -0.009090
0.041357 0.032143 0.011182
-0.005066 0.039365 -0.045169
-0.000128 0.011287 -0.009208
0.001461 -0.009967 0.000693
0.011098 0.002639 0.001071
-0.002925 0.004404 0.005771
0.011248 0.003831 -0.000039
0.002126 0.001445 -0.003485
0.009472 0.002782 -0.003107
-0.000936 -0.004840 -0.000222
-0.004179 -0.002900 -0.006109
-0.005418 0.004522 0.000392
-0.008874 -0.000389 -0.007147
0.005206 -0.001336 -0.001131
-0.003636 -0.002948 0.003219
-0.006810 -0.002579 0.002900
-0.002636 -0.006331 0.008930
-0.005636 0.000325 0.000640
0.005224 0.001470 -0.005227
0.003447 -0.002013 0.001587
0.010376 -0.004176 0.000797
-0.006297 -0.001958 0.001450
0.009717 0.004648 0.000039
0.002508 0.000863 -0.002795
0.009554 0.001628 -0.003231
-0.002231 -0.002587 -0.000774
-0.004811 -0.002980 -0.005419
-0.003616 0.005410 0.000103
-0.008767 0.000719 -0.007754
0.005105 -0.001479 -0.003734
-0.003254 -0.001633 0.004524
-0.005440 0.014970 0.019085
-0.000687 -0.007310 0.009771
-0.006547 -0.002110 -0.000687
0.009081 0.012634 -0.000251
0.002767 -0.004219 0.000991
-0.014132 -0.003334 0.003451
0.004298 -0.003301 0.001495
-0.003353 0.001053 0.001502
-0.004328 0.004524 0.002531
-0.004520 0.005472 -0.001209
0.006539 0.027707 -0.000097
0.005653 -0.003494 -0.004238
0.002625 -0.002448 -0.000357
0.009138 0.005937 0.001723
-0.000848 -0.005050 -0.005936
0.003868 0.001204 0.004652
-0.022116 -0.003964 -0.004965
0.003345 0.005098 0.011739
-0.004409 -0.003362 -0.009273
0.017697 0.000895 -0.000949
-0.008841 0.003313 0.007859
-0.012612 -0.001750 0.002737
0.005949 -0.003122 0.001253
-0.002199 0.004647 0.005119
-0.004241 0.005031 0.002459
-0.003495 0.005708 -0.001524
0.005914 -0.000339 -0.001526
0.002516 -0.001595 -0.005173
0.003204 0.000270 0.000138
0.009082 0.003953 0.000947
0.002665 0.002493 -0.002498
0.002473 0.002282 0.004833
-0.035532 0.010318 -0.006088
0.002110 0.004780 0.010818
-0.003245 -0.002845 -0.006125
0.018938 0.026844 0.031937
-0.004769 -0.001868 0.006006
-0.016856 0.004161 -0.000816
0.008442 -0.001846 -0.000656
-0.002729 0.001236 0.001481
-0.003809 0.003839 0.001945
-0.001967 0.005678 -0.000879
0.007438 0.029450 0.000110
0.046045 0.033135 -0.004127
0.002824 -0.006359 -0.000123
0.009438 0.006033 0.001955
-0.000506 -0.007124 -0.006557
0.006343 0.008555 0.008136
-0.022025 -0.003273 -0.005238
0.001791 0.003525 0.012185
-0.000967 -0.006991 -0.009497
0.017648 0.001013 -0.000555
-0.006839 0.000170 0.007387
-0.012486 -0.001628 0.003128
0.004614 -0.001860 0.001320
-0.002762 0.000411 0.001674
-0.004450 0.004669 0.002660
-0.002991 0.006770 -0.001144
0.005975 0.000309 -0.000065
0.003224 -0.000356 -0.004395
0.002860 -0.000450 -0.000524
0.008866 0.004585 0.001649
-0.000760 -0.005375 -0.006047
0.002201 0.002670 0.004840
-0.022707 -0.003672 -0.005017
0.003202 0.005025 0.011295
0.000435 -0.008438 -0.009212
0.017978 -0.000033 -0.000940
-0.005028 -0.000223 0.007904
-0.013034 -0.002225 0.003384
0.004052 -0.003222 0.001004
-0.002691 0.000939 0.002818
-0.004458 0.005200 0.002617
-0.002406 0.007275 0.001387
0.006093 -0.001850 -0.000887
0.004504 -0.000916 -0.004818
0.002538 0.000440 -0.001243
0.013324 0.010961 -0.001964
-0.005964 0.004925 -0.011319
0.002357 0.002482 0.005353
-0.003219 0.016243 -0.005377
0.002923 0.004559 0.012874
0.001020 -0.009403 -0.008301
0.017347 -0.001445 0.001453
-0.009937 0.007451 0.003071
-0.013656 -0.003379 0.004064
0.004521 -0.001838 0.001106
-0.002589 -0.000948 0.003828
0.010661 0.018525 0.002748
-0.003626 0.007160 -0.001903
0.005981 -0.000402 -0.001084
0.003109 -0.001667 -0.003872
0.003577 0.000073 -0.000788
0.008291 0.003445 0.003101
-0.001436 -0.006232 -0.005135
0.005908 0.008338 0.008815
-0.023150 -0.002884 -0.005161
0.006183 0.013476 0.008046
-0.004618 -0.002113 -0.013582
0.017959 0.000322 0.000226
-0.004069 -0.002118 0.009284
-0.011877 -0.002331 0.004589
0.004764 -0.003523 0.001359
-0.002695 0.000802 0.000939
-0.004490 0.003748 0.002251
-0.003954 0.007184 -0.001296
0.005857 0.000560 0.000048
0.003614 -0.000979 -0.004579
0.003326 0.001157 -0.000283
0.008661 0.004956 0.001749
-0.000807 -0.004992 -0.006053
0.002480 0.002108 0.005098
-0.022998 -0.003539 -0.006332
0.002046 0.005706 0.011445
0.000252 -0.008045 -0.009497
0.017825 0.000498 -0.001201
-0.004920 -0.000213 0.007283
-0.017804 0.005655 -0.001301
0.004929 -0.001980 0.001188
-0.000098 0.035552 0.044523
-0.019609 0.019294 0.002147
-0.003204 0.005251 -0.001702
0.006437 -0.002040 -0.000759
0.003721 -0.000751 -0.004784
0.003016 0.000102 -0.000154
0.011949 0.010686 0.006916
-0.000509 -0.006115 -0.007013
0.003067 0.001145 0.004324
-0.022081 -0.003466 -0.005193
-0.002065 0.014509 0.016598
0.001331 -0.008554 -0.011184
0.017155 0.004303 0.003077
-0.008337 0.006509 0.011804
