2176.0000 0.05 1
1.11111
4.44444
11.1111
2.22222
11.1111
4.44444
13.3333
11.1111
20
11.1111
6.66667
11.1111
24.4444
23.3333
17.7778
23.3333
26.6667
18.8889
13.3333
32.2222
18.8889
8.88889
4.44444
10
14.4444
16.6667
34.4444
37.7778
25.5556
40
11.1111
26.6667
17.7778
31.1111
24.4444
32.2222
26.6667
27.7778
40
24.4444
32.2222
46.6667
36.6667
47.7778
70
55.5556
56.6667
41.1111
80
108.889
93.3333
126.667
127.778
136.667
151.111
146.667
158.889
192.222
192.222
200
216.667
267.778
192.222
230
232.222
288.889
235.556
281.111
253.333
261.111
291.111
301.111
317.778
335.556
321.111
350
284.444
347.778
304.444
308.889
295.556
298.889
295.556
275.556
314.444
273.333
248.889
285.556
292.222
295.556
316.667
316.667
321.111
307.778
340
318.889
312.222
295.556
293.333
297.778
303.333
290
334.444
351.111
324.444
357.778
375.556
356.667
350
355.556
336.667
297.778
253.333
215.556
173.333
162.222
191.111
238.889
264.444
328.889
355.556
394.444
423.333
393.333
431.111
410
450
402.222
380
356.667
346.667
371.111
347.778
393.333
384.444
375.556
386.667
427.778
404.444
458.889
406.667
410
406.667
356.667
362.222
374.444
368.889
374.444
435.556
414.444
413.333
436.667
404.444
337.778
354.444
322.222
346.667
318.889
326.667
257.778
284.444
260
270
262.222
240
224.444
276.667
211.111
244.444
214.444
232.222
258.889
221.111
244.444
234.444
216.667
206.667
227.778
174.444
205.556
176.667
197.778
175.556
175.556
257.778
231.111
233.333
213.333
216.667
170
174.444
197.778
262.222
236.667
224.444
271.111
243.333
221.111
260
354.444
337.778
320
303.333
330
310
331.111
380
412.222
428.889
428.889
445.556
436.667
505.556
483.333
502.222
474.444
427.778
351.111
313.333
224.444
117.778
13.3333
1.11111
0
0
0
0
0
0
0
0
0
0
0
0
0
0
0
0
0
0
0
0
0
0
4.44444
2.22222
0
2.22222
0
2.22222
0
6.66667
0
5.55556
0
2.22222
4.44444
0
4.44444
6.66667
0
0
4.44444
3.33333
0
2.22222
0
0
2.22222
0
2.22222
0
