-0.003362 0.017523 0.008920
-0.006430 0.007793 -0.001409
-0.001108 0.016750 0.002141
0.011352 0.008034 -0.002718
-0.001852 0.101515 0.086956
-0.008897 0.000429 -0.001776
0.000051 0.004291 0.004848
0.000289 -0.003918 -0.003255
0.012540 0.009764 -0.001303
-0.009102 -0.006731 -0.001996
0.011431 -0.008747 0.000234
-0.004362 0.002929 -0.003746
0.003319 -0.012350 0.003625
-0.000319 -0.012430 -0.001061
-0.000584 0.004699 0.001763
0.013062 -0.001389 0.002815
-0.002590 0.010795 0.012125
-0.007602 0.001093 -0.003254
-0.001733 0.018802 0.000459
0.011539 0.006846 -0.003877
-0.000589 0.017128 -0.005439
-0.009882 0.001217 -0.002867
-0.000436 0.002396 0.002491
-0.000637 -0.015706 -0.003070
-0.002870 -0.012349 0.001850
-0.010992 -0.006915 -0.001620
0.010871 -0.006524 0.000864
-0.013031 -0.002715 -0.000562
0.003903 -0.008332 0.002878
0.004736 -0.020402 -0.000870
-0.004531 -0.000620 0.000942
0.013672 -0.011715 0.002194
-0.000512 0.012227 0.013126
-0.009120 0.000779 -0.001171
-0.001656 0.019270 0.000957
0.010589 0.009067 -0.004214
-0.001033 0.014934 -0.005689
-0.007753 0.001115 -0.002316
-0.000780 0.089978 -0.092708
-0.000596 -0.015711 -0.002305
-0.002869 -0.013002 -0.003704
-0.011262 -0.004851 -0.002094
0.010951 -0.006881 0.000340
-0.013396 -0.001745 -0.007440
0.005357 -0.011032 0.005006
0.003147 -0.018636 -0.000396
-0.003375 0.009964 0.001480
0.013988 -0.010503 0.003314
-0.001751 0.011853 0.008091
-0.007173 0.000852 0.000458
0.009750 0.014970 0.009334
0.010915 0.006914 -0.003381
-0.002417 0.015302 -0.006520
-0.008620 0.000704 -0.001349
-0.000405 0.003296 0.004589
0.001381 -0.015844 -0.003066
-0.003671 -0.011924 -0.000713
-0.012356 -0.005079 -0.001801
0.009720 -0.006512 -0.001315
-0.007935 -0.004805 -0.002684
0.004329 -0.008834 0.000634
0.002781 -0.008097 -0.000898
-0.003213 0.001245 0.001649
0.010978 -0.007649 -0.003346
0.000849 0.009081 0.008725
-0.009904 -0.000464 -0.002136
-0.001210 0.019711 0.000845
0.011517 0.008126 -0.003066
-0.001565 0.015614 -0.004674
-0.009092 0.001230 -0.003201
0.000725 0.002875 0.003957
-0.000044 -0.015715 -0.002768
-0.000951 -0.011053 -0.001192
-0.011065 -0.004949 -0.001567
0.011406 -0.005847 0.000481
-0.011359 -0.007664 -0.003385
0.006738 -0.008483 0.003479
0.003151 -0.019417 -0.000238
0.000962 0.003951 0.000439
0.012872 -0.012121 0.003064
-0.001316 0.010794 0.012823
-0.007589 0.002091 0.001906
-0.002486 0.018182 0.001354
0.014269 0.004768 -0.001722
-0.001683 0.015556 -0.006160
-0.009776 0.000099 -0.000261
-0.000948 0.003450 0.004948
-0.000742 -0.015442 -0.002154
-0.003204 -0.009793 -0.001498
-0.011612 -0.001522 -0.001333
0.011076 -0.006872 0.000672
-0.010262 -0.007715 -0.003760
0.002087 -0.011956 0.003330
0.006028 -0.016924 -0.006941
-0.003561 0.000644 0.001940
0.013629 -0.013067 0.002731
0.000047 0.009579 0.011484
-0.010354 0.000366 -0.000396
0.001646 0.024955 0.000168
0.022740 0.003321 -0.010840
-0.001780 0.016926 -0.005820
-0.008755 0.015529 -0.020045
-0.001255 0.002549 0.004249
-0.001162 -0.005205 -0.002928
-0.012827 0.006069 -0.001084
-0.012041 -0.001091 -0.002272
0.063665 0.035611 0.002963
-0.007828 0.004515 -0.003068
0.002204 -0.008904 0.003698
0.005248 -0.015047 0.004899
-0.007634 0.005770 0.001504
0.018231 -0.003871 0.002826
-0.000423 0.011375 0.012004
-0.009212 0.001848 0.000453
0.000406 0.016345 -0.000667
0.015437 0.014379 -0.001816
-0.001849 0.016003 -0.005463
-0.010264 0.000358 -0.002447
-0.000136 0.004093 0.004076
0.001583 -0.015702 -0.002464
-0.003690 -0.011249 -0.001063
-0.012760 -0.005824 -0.001957
0.009623 -0.005804 0.002909
-0.009460 -0.006776 -0.003669
0.007263 -0.012063 0.006705
0.001566 -0.020426 -0.000442
-0.002584 -0.000284 0.001477
0.011206 -0.007513 0.009084
-0.000262 0.004333 -0.005168
0.007295 0.008248 -0.002442
-0.010880 0.010083 0.001093
0.006883 0.019612 -0.000459
0.000012 -0.001677 0.000351
0.001640 0.005405 -0.010744
-0.005289 0.004291 0.003884
0.004566 0.005988 0.000786
-0.000362 0.004016 -0.003315
0.001631 0.011624 0.002641
-0.008392 0.007526 0.002342
-0.005403 -0.001574 -0.000391
0.009680 -0.007606 -0.000211
-0.003563 -0.004870 0.003747
0.018741 0.019986 0.002136
-0.026881 0.021238 0.001244
-0.000022 0.002319 -0.004956
0.007811 0.007263 -0.002600
-0.008835 0.010223 0.002996
-0.002872 0.020866 0.007046
0.000074 -0.000736 -0.001431
-0.001675 0.010020 -0.005995
-0.008439 -0.002139 0.002586
0.002222 0.005631 -0.000653
-0.002575 0.005993 -0.000294
0.017764 -0.011367 0.003541
-0.007588 0.009672 -0.000100
-0.003634 -0.003553 -0.000199
0.010991 -0.002809 0.000227
-0.003885 -0.006201 0.004235
0.009953 -0.009047 0.001404
-0.017953 -0.011443 0.002172
-0.000549 0.005475 -0.003963
0.033954 0.029703 -0.038618
-0.010286 0.011469 0.001803
0.005590 0.021910 -0.003766
0.000665 -0.003455 -0.000565
0.002252 0.001348 -0.006706
-0.008390 -0.002807 0.004237
0.002473 0.005447 -0.000046
-0.009265 0.005678 -0.010208
0.018442 -0.011827 0.002749
-0.008395 0.009732 0.004287
-0.003322 -0.003277 0.000440
-0.013216 0.000576 -0.000236
-0.003609 -0.004864 0.004562
0.009941 -0.009182 0.003102
-0.017747 -0.011962 0.000224
-0.001384 0.002612 -0.005318
0.007032 0.008551 -0.002430
-0.011319 0.009817 0.002972
0.006298 0.024084 -0.001995
0.000171 -0.003196 -0.000370
0.001006 0.004472 -0.010035
-0.008566 -0.001843 0.000391
0.002494 0.006965 -0.001885
0.000203 0.008572 -0.003307
0.017317 -0.014422 0.007781
-0.007786 0.010553 0.002321
-0.005106 -0.003276 -0.000903
0.011166 -0.005836 -0.000093
-0.002298 -0.004988 0.004884
0.010479 -0.010252 0.002165
-0.016558 -0.012017 0.001285
0.001001 0.004001 -0.004874
0.007777 0.009421 -0.000824
-0.010449 0.011163 0.004145
0.007552 0.023314 -0.001634
0.001110 -0.002388 -0.000926
0.000214 0.004155 -0.010119
-0.009442 -0.004183 0.002644
0.002812 0.005748 -0.000639
-0.000488 0.008075 -0.001638
0.015855 -0.010632 0.003008
-0.007960 0.010775 0.001438
-0.004518 -0.001546 0.000393
0.008705 -0.006762 -0.000063
-0.004845 -0.006433 0.005121
0.011598 -0.009342 0.002415
-0.018348 -0.011412 0.001324
-0.000533 0.003113 -0.005932
0.008784 0.008268 -0.002945
-0.010114 0.011160 -0.000676
0.007895 0.021911 -0.000606
-0.000640 -0.003117 -0.000000
0.001474 0.004802 -0.009916
-0.007306 -0.001800 0.000260
0.003505 0.004284 -0.000349
0.000762 0.006590 -0.003081
0.018376 -0.011032 0.003044
-0.008169 0.010277 0.002843
-0.003366 0.001565 -0.000030
0.012131 -0.007788 -0.000323
-0.003402 -0.004064 0.004943
0.010236 -0.009998 0.002347
-0.016815 -0.011023 0.001485
-0.024464 0.026533 -0.035924
0.007489 0.009269 -0.002187
-0.009373 0.022049 0.019118
0.003704 0.028057 -0.003890
-0.026070 0.020108 0.029058
0.000736 0.004475 -0.006286
-0.009097 -0.002672 0.000925
0.031854 0.026329 0.034173
-0.003579 0.013180 0.000356
0.026402 0.003222 0.002666
-0.055580 0.041832 0.003944
0.019466 0.004632 -0.000244
0.012097 -0.007834 0.000357
-0.011638 -0.600046 0.011938
0.009315 -0.011934 0.002280
-0.016057 -0.014103 0.000803
-0.000452 0.003225 -0.005285
0.006118 0.008070 -0.002124
-0.008992 0.010240 0.001328
0.007949 0.023246 -0.000103
-0.002228 -0.003404 0.000103
0.002219 0.002078 -0.010237
-0.007688 -0.002132 0.001074
0.002976 0.005130 -0.000191
-0.001274 0.007747 -0.001951
0.017584 -0.013287 -0.001593
-0.007643 0.010556 0.001547
-0.005500 -0.002529 0.000739
0.011173 -0.005723 0.000202
-0.002559 -0.005813 0.004081
0.010183 -0.010169 0.002043
-0.016544 -0.012036 0.001371
