2176.0000 0.05 1
1.11111
4.44444
11.1111
2.22222
11.1111
4.44444
13.3333
11.1111
20
11.1111
6.66667
11.1111
24.4444
23.3333
17.7778
23.3333
26.6667
18.8889
13.3333
32.2222
18.8889
11.1111
2.22222
10
14.4444
14.4444
36.6667
40
22.2222
41.1111
11.1111
26.6667
17.7778
33.3333
22.2222
32.2222
26.6667
27.7778
40
24.4444
32.2222
46.6667
36.6667
47.7778
70
55.5556
56.6667
41.1111
80
104.444
100
124.444
127.778
136.667
148.889
146.667
163.333
190
190
202.222
216.667
267.778
191.111
231.111
232.222
288.889
237.778
276.667
255.556
261.111
291.111
301.111
317.778
335.556
318.889
352.222
286.667
345.556
296.667
316.667
292.222
300
293.333
275.556
318.889
273.333
246.667
278.889
300
298.889
314.444
314.444
321.111
307.778
337.778
316.667
318.889
295.556
290
298.889
303.333
290
332.222
355.556
321.111
358.889
375.556
358.889
351.111
354.444
336.667
295.556
253.333
213.333
177.778
162.222
188.889
241.111
264.444
333.333
350
390
422.222
397.778
431.111
412.222
450
402.222
380
356.667
342.222
373.333
345.556
398.889
383.333
373.333
382.222
430
406.667
458.889
406.667
405.556
413.333
356.667
357.778
376.667
368.889
373.333
434.444
417.778
412.222
438.889
403.333
336.667
356.667
320
351.111
313.333
327.778
260
283.333
256.667
272.222
262.222
242.222
224.444
276.667
208.889
243.333
217.778
230
261.111
221.111
242.222
236.667
214.444
206.667
232.222
172.222
206.667
175.556
200
171.111
176.667
256.667
231.111
235.556
213.333
216.667
168.889
175.556
197.778
262.222
236.667
220
275.556
240
222.222
262.222
350
340
320
305.556
330
310
328.889
380
410
434.444
427.778
443.333
436.667
503.333
480
503.333
477.778
433.333
343.333
316.667
220
124.444
11.1111
1.11111
0
0
0
0
0
0
0
0
0
0
0
0
0
0
0
0
0
0
0
0
0
0
4.44444
2.22222
0
0
2.22222
2.22222
4.44444
2.22222
3.33333
4.44444
0
0
6.66667
0
4.44444
4.44444
2.22222
2.22222
4.44444
0
1.11111
2.22222
0
0
2.22222
2.22222
0
