0.000649 0.010351 0.012461
-0.009831 0.001852 0.000540
-0.001586 0.020972 -0.002397
0.010637 0.007598 -0.003957
-0.001189 0.016011 -0.005713
-0.007963 0.000665 -0.001976
-0.000077 0.003486 0.003836
-0.001158 -0.016360 -0.002223
-0.002713 -0.010932 -0.000876
-0.020615 -0.006684 -0.001416
0.011816 -0.004014 -0.003433
-0.009964 -0.006028 -0.003540
0.003819 -0.007561 0.003687
-0.006120 -0.007038 -0.017438
-0.003838 0.000453 0.001233
0.012765 -0.010458 0.003135
-0.007059 0.011168 0.011958
-0.004408 0.001103 0.000811
0.001126 0.019787 0.000937
0.009486 0.008466 -0.004472
-0.001310 0.015912 -0.005605
-0.008977 -0.000731 -0.003197
-0.001996 0.003210 0.004442
-0.000455 -0.016264 -0.002709
-0.004504 -0.011214 -0.001400
-0.010905 -0.004077 -0.001898
0.010929 -0.007247 0.000499
-0.008920 -0.006545 -0.003661
0.003451 -0.007951 0.003420
0.003117 -0.019960 -0.001036
-0.004057 0.000958 -0.000045
0.013803 -0.012166 0.004611
0.000639 0.011360 0.012336
-0.009843 0.002218 0.000114
-0.004802 0.015986 0.000834
-0.004509 0.059232 -0.002591
0.000158 0.014343 -0.005860
-0.008330 0.000910 -0.002336
-0.000705 0.003428 0.004577
-0.001011 -0.015351 -0.002641
-0.000406 -0.014128 -0.000610
-0.012347 -0.007602 0.000843
0.010142 -0.007049 -0.000382
-0.011284 -0.006285 -0.002519
0.006177 -0.007870 0.004360
0.001737 -0.020347 0.000436
-0.004485 0.001462 0.002523
0.014371 -0.011291 0.002062
-0.000030 0.012932 0.012270
-0.007564 0.000704 -0.000301
-0.000817 0.019762 0.000664
0.013422 0.007340 -0.001963
-0.001254 0.016665 -0.005929
-0.006784 0.002424 -0.002205
-0.015226 -0.050751 0.006961
-0.000566 -0.015945 -0.003067
-0.002339 -0.010804 -0.001011
-0.011132 -0.005200 -0.002129
0.010279 -0.005897 0.001258
-0.020494 -0.017372 -0.019489
-0.049252 0.030212 -0.078318
0.002355 -0.020086 -0.000714
-0.004298 0.000417 0.002301
0.016533 -0.011390 0.002459
0.001563 0.010809 0.011673
-0.004354 0.002201 0.000695
-0.002831 0.020369 0.004917
0.010106 0.008960 -0.002455
-0.004318 0.019582 -0.005879
-0.019646 0.001629 -0.002612
-0.000091 0.004166 0.005826
0.001309 -0.015605 -0.002976
-0.003812 -0.010569 -0.000057
-0.009528 -0.004801 -0.003634
0.000309 0.004018 0.016387
-0.010763 -0.005878 -0.004448
0.003414 -0.007709 0.004135
0.003775 -0.017042 0.003260
-0.003368 0.000238 0.002010
0.014660 -0.011303 0.002764
-0.001045 0.010594 0.012566
-0.008932 0.001697 0.001308
-0.000263 0.019021 0.000803
0.013460 0.007833 -0.002214
-0.002132 0.013554 -0.010556
-0.011608 0.004653 -0.002669
0.000480 0.004206 0.004712
0.000474 -0.015731 -0.000066
-0.003484 -0.011206 -0.003149
-0.011090 -0.005728 -0.002147
0.012866 -0.007320 0.003131
-0.009850 -0.006235 -0.005331
0.004170 -0.007663 0.003996
0.005575 -0.020674 -0.003190
0.003492 -0.000284 -0.000299
0.013560 -0.011810 0.003336
-0.097619 0.035621 0.015667
0.601541 -0.010653 0.012495
-0.012607 0.021220 -0.000146
0.012967 0.007590 -0.002804
-0.002148 0.013824 -0.002476
-0.011121 0.004664 -0.001629
0.001640 0.005399 0.005943
-0.053765 0.021727 0.073451
-0.054286 -0.045328 -0.066767
-0.011172 -0.004359 -0.001687
0.008296 -0.001932 0.005172
-0.012503 -0.010551 -0.007766
0.007519 -0.005612 0.004155
-0.000731 -0.014445 -0.004552
-0.003766 0.000672 0.001138
0.013060 -0.010394 0.001614
0.000268 0.013302 0.012276
-0.008386 0.000207 0.000887
-0.000142 0.018634 0.000892
0.012235 0.007462 -0.003397
-0.011930 0.016457 -0.005405
-0.010911 -0.002722 -0.002228
-0.001804 0.003517 0.005385
0.001751 -0.014063 -0.002798
-0.004731 -0.011161 -0.001362
-0.008846 -0.007202 -0.003421
0.010688 -0.006935 -0.000058
-0.009292 -0.008322 0.000082
0.004448 -0.007991 0.001758
0.002524 -0.018411 -0.001601
-0.004626 -0.000487 0.001581
0.021858 -0.012622 0.002963
-0.000943 0.005919 -0.005542
-0.003417 0.007648 -0.003013
-0.008555 0.009564 0.004373
0.006810 0.023605 -0.001513
0.002940 -0.004409 0.000386
0.000919 0.004309 -0.009970
-0.008997 -0.002483 0.000106
-0.005283 0.006115 -0.006216
-0.000820 0.007267 -0.001460
0.018505 -0.012353 0.003244
-0.007515 0.010490 0.002073
-0.003476 -0.001060 -0.000936
0.011672 -0.004326 -0.000171
-0.001642 -0.005494 0.006646
0.010153 -0.009786 0.002013
-0.016439 -0.011761 0.001144
-0.001817 0.004144 -0.004148
0.009114 0.005932 -0.002341
-0.009417 0.010306 0.002177
0.005454 0.022847 -0.001084
-0.000388 -0.002541 0.000221
0.002891 0.003614 -0.009914
-0.009442 -0.001812 0.000467
0.003555 0.005392 -0.000168
-0.000644 0.007770 -0.001782
0.020230 -0.010039 0.003964
-0.008550 0.010120 0.001442
-0.004929 -0.001869 0.000211
0.011359 -0.005656 0.000164
-0.003067 -0.004621 0.004091
0.009265 -0.009815 0.002756
-0.017962 -0.011315 0.002855
0.000503 0.000294 -0.005115
0.009587 0.007094 -0.002392
-0.008923 0.010107 0.002771
0.006482 0.023327 -0.001477
-0.009535 -0.002922 -0.000301
-0.001683 0.010914 -0.010279
-0.006149 -0.004007 0.000798
0.000130 -0.001301 -0.000436
-0.002093 0.011887 -0.002766
0.019608 -0.011960 0.003543
-0.008033 0.010101 0.001594
-0.005226 0.001968 0.002761
0.014605 -0.008166 -0.000523
-0.006036 -0.007933 0.001451
0.009489 -0.009441 0.002440
-0.016674 -0.011378 0.000952
-0.018205 0.000704 -0.004452
0.008266 0.009352 -0.002810
-0.010821 0.010447 0.002220
0.007778 0.024084 0.000301
0.002597 -0.002050 -0.000205
-0.004040 0.003296 -0.013993
-0.005978 -0.001026 0.001003
0.001994 0.005222 -0.000308
-0.011401 0.007150 -0.002047
0.018033 -0.011266 0.003458
-0.007481 0.011016 0.002851
-0.014055 0.000285 -0.002387
0.013351 -0.005085 -0.000136
-0.001413 -0.007083 0.005320
0.010662 -0.009009 0.005119
-0.016825 -0.012026 0.000343
-0.027429 0.007003 -0.005722
0.008062 0.008597 -0.002318
-0.009285 0.010700 -0.000049
0.007958 0.022952 -0.001673
0.002301 -0.004176 -0.000527
0.000688 0.004108 -0.010149
-0.006591 -0.003629 0.000801
-0.002348 0.007601 0.003827
0.002009 0.006508 -0.002422
0.016648 -0.009375 -0.000630
-0.008042 0.008379 0.000257
-0.002709 -0.000512 -0.000346
0.011088 -0.005030 -0.000123
-0.010430 -0.007058 0.005003
0.009546 -0.010073 0.001800
-0.015782 -0.012269 0.001244
-0.000008 0.002504 -0.005100
-0.047280 -0.017122 -0.002282
-0.011504 0.010433 0.001280
0.006306 0.024294 -0.001777
-0.001353 -0.003064 -0.000532
0.001997 0.002051 -0.010287
-0.011943 -0.001553 0.000547
0.004663 0.007232 -0.000168
0.001350 0.003887 -0.004368
0.018776 -0.012051 0.004323
-0.005172 0.010667 0.002580
-0.006054 -0.000399 -0.000300
-0.041456 -0.037586 0.058337
-0.003014 -0.006559 0.005313
0.010458 -0.011510 -0.001242
-0.016132 -0.012016 0.001419
-0.001947 0.003324 -0.005730
0.007373 0.007853 -0.002583
-0.029150 0.020023 0.001991
-0.010636 0.021214 -0.000024
-0.009717 -0.002792 -0.000453
-0.004006 -0.010636 -0.009585
-0.010228 -0.001599 0.001063
-0.001329 0.019143 -0.000528
-0.000897 0.004474 -0.001415
0.008796 -0.010998 0.005194
-0.000205 0.010271 0.001502
-0.006407 -0.002263 0.001291
0.012168 -0.005898 0.001727
-0.004671 -0.003827 0.003565
0.002100 -0.020638 0.019592
-0.015996 -0.012220 -0.001818
-0.001046 0.005083 -0.004900
0.007620 0.008831 -0.001849
-0.010997 0.010816 0.002558
0.008124 0.023910 -0.004140
0.001882 -0.002055 -0.000674
-0.005150 0.003513 -0.005299
-0.006545 -0.000800 0.000835
0.001456 0.005486 -0.000178
0.000048 0.007992 -0.002039
0.017152 -0.011949 0.001824
-0.008716 0.009144 0.001367
-0.003016 -0.001204 -0.002440
0.010181 -0.005238 0.000659
-0.003048 -0.005201 0.004343
0.007311 -0.013073 0.006886
-0.016690 -0.011781 0.001463
