0.002617 0.000387 -0.001555
-0.000196 0.001161 0.000757
-0.002622 -0.001239 -0.004254
0.000988 -0.002728 0.002566
-0.000821 -0.000894 -0.000567
-0.005943 -0.000799 -0.002411
0.000529 0.000229 0.001410
-0.001736 0.000031 -0.003976
-0.002093 0.004429 -0.004689
-0.002086 0.000947 -0.002818
0.001392 0.002523 0.000883
0.000005 0.001597 0.003293
-0.001258 -0.004917 0.004959
-0.003685 -0.001461 -0.000799
-0.000466 0.001172 -0.001030
0.001449 -0.002862 0.000809
-0.001266 -0.001143 -0.000823
-0.001841 0.000541 -0.002609
0.003310 0.001100 -0.002285
0.003237 -0.000630 -0.001593
-0.000029 0.001566 0.000192
0.001026 0.000302 0.001326
0.000741 -0.000782 0.000835
0.002801 0.000327 0.000368
-0.001385 0.001845 -0.002447
-0.002864 -0.000612 0.002671
0.005644 -0.001298 0.001959
-0.000022 -0.000727 -0.004125
0.002535 -0.001481 -0.004117
-0.005118 0.003284 -0.003461
0.002037 -0.002784 0.000379
-0.003964 0.000646 0.003079
-0.001752 -0.001168 0.000862
0.005034 0.002944 0.004120
0.002249 -0.002295 0.002228
0.001040 0.001349 0.000716
-0.003047 0.001150 -0.000329
0.005596 -0.001918 -0.002118
-0.000932 0.000841 -0.000274
0.000787 0.000055 -0.001692
0.000145 -0.002533 0.000763
0.004004 0.000478 -0.000515
0.002060 -0.001230 0.000066
-0.002991 -0.001837 0.001373
0.004440 0.001541 0.001551
0.000683 -0.000993 0.002986
0.007994 -0.000058 -0.001815
-0.005085 0.000035 0.002899
0.001089 0.001928 0.000424
0.001308 0.001445 -0.001564
-0.006725 0.001544 -0.001522
0.002317 0.005070 -0.000152
0.001972 -0.002212 0.001390
0.000743 -0.000881 0.002240
-0.005809 -0.001082 0.004073
0.001712 -0.002611 0.003062
0.011619 -0.002649 -0.001170
-0.002606 0.000937 -0.000603
-0.008701 0.006329 0.000394
-0.003088 -0.001132 0.000069
0.010216 0.001483 -0.003651
-0.003917 -0.000982 -0.000935
-0.008735 -0.004298 0.001507
-0.002534 0.003022 0.003690
