0.000353027 -3.84702 -7.69317
-8.48726e-05 -7.69501 0.000489214
-15.384 -0.000169862 0.000791179
1 0 0
0 1 0
0 0 1
0.7517878976958556 0.8735237531272873 0.7489023056478743	Ir
0.7505611425347496 0.8733578317068904 0.5001994713764120	Ir
0.7496342422295470 0.8752876121267903 0.0002175466667040	Ir
0.7482881527674650 0.3763576643851962 0.7495531208442401	Ir
0.7503312051896032 0.3762958320099585 0.4995079907422806	Ir
0.7496042455561280 0.3758441565567949 0.2514472703993960	Ir
0.7492548768081448 0.3751504873143716 0.9993438100284848	Ir
0.2506630621266623 0.6241720205820727 0.5006052784933175	Ir
0.2500981683689290 0.6234926358488551 0.2508183765866931	Ir
0.2514433596901640 0.6236741101667960 0.9997588075623511	Ir
0.2499185522202509 0.1248971348598147 0.7488607206680911	Ir
0.2487339869182534 0.1263515582038082 0.4998920805596399	Ir
0.2498402608762404 0.1265978430173718 0.2507593828678836	Ir
0.2493153129547494 0.1260670300840516 0.0004838553769630	Ir
0.7488886557924630 0.6248157086924948 0.8748264423597760	Ir
0.7506564029658520 0.6251293025590385 0.1257721434820240	Ir
0.7495446382251529 0.1259711117186413 0.8753110318697068	Ir
0.7510229223405673 0.1239487599164235 0.6250017509891705	Ir
0.7493134359100324 0.1262903661018271 0.3744353596827494	Ir
0.7494699534253328 0.1246255314271352 0.1253591421145401	Ir
0.2509836263869261 0.3761960833185682 0.8747183166060495	Ir
0.2504048437964883 0.8730285078350732 0.8742249338945740	Ir
0.2506694229403692 0.8747417232426713 0.3754181133834891	Ir
0.2496090143831609 0.8751406579154803 0.1246250531421396	Ir
0.4970222442230536 0.5024621852430045 0.6251426078322666	Ir
0.4986617633668970 0.4999098441207082 0.1252187105419225	Ir
0.4993013436188605 0.0004377014666517 0.8748594705507813	Ir
0.5007055736198396 0.9985365516639675 0.6247518862830930	Ir
0.4996096269241193 0.0001843846457348 0.3748811341593594	Ir
0.5007376937421881 0.0003989670655500 0.1256142770713140	Ir
0.9992457005339617 0.2503435324611800 0.8749286268744143	Ir
0.0017195985063623 0.2500809178030323 0.6246003175920833	Ir
0.0015123459778223 0.2500432873249636 0.1253832257389647	Ir
0.0016936205609213 0.7490849959039494 0.8742569825387392	Ir
0.0003114797754549 0.7481881365111747 0.3751125585456734	Ir
0.9989986740324213 0.7496643924565731 0.1254310828724456	Ir
0.7504249637256777 0.8743389037800355 0.2506315177101897	Ru
0.2500218275261190 0.6254039473509110 0.7488863797380958	Ru
0.7503700097566934 0.6253296605888323 0.6245829885024676	Ru
0.7505653646551025 0.6236246584937462 0.3748121470255725	Ru
0.2485972980189715 0.3772124704034141 0.6251799838502379	Ru
0.2495030822937423 0.3751275549547657 0.3749352904334060	Ru
0.2503717127643910 0.3748157695826251 0.1249231659399328	Ru
0.2500372662469204 0.8734693941246121 0.6257599603341006	Ru
0.4996057817555268 0.5001357358142116 0.8745212547825858	Ru
0.5011611906889684 0.4993481777480824 0.3752467236094361	Ru
0.9989375850544491 0.2523846765081004 0.3750975422121812	Ru
0.0004079702912065 0.7489546918945393 0.6253515545288835	Ru
0.4998664954628893 0.7482920964445299 0.7492343422782781	Ru
0.5015468691925378 0.7484240229197994 0.4999248370490790	Ru
0.5022588784330893 0.7491335250031383 0.2511824737263382	Ru
0.5005243166263540 0.7489115472554531 0.9996051959308403	Ru
0.4978322724265993 0.2530152214314541 0.7495368035060466	Ru
0.4980812652858120 0.2517932599018380 0.4996141800899849	Ru
0.4984285546471199 0.2505585387906208 0.2507231412323776	Ru
0.4985521451697892 0.2514337100183184 0.0001469849834947	Ru
0.0009212696172014 0.5017408738441631 0.7480237657198572	Ru
0.0000737138369473 0.5000334582177430 0.4999633978456330	Ru
0.9999301807804102 0.4997560345482981 0.2516067361067940	Ru
0.0008033189333858 0.4996772080966778 0.0004692677146352	Ru
0.0017400963847507 0.9968062379823550 0.7484146596264907	Ru
0.0007050277053651 0.9994791593121022 0.5002956894521233	Ru
0.9992622812125518 0.0005293175402770 0.2511124935906395	Ru
0.9999122145223964 0.9999778280654326 0.9999943365346837	Ru
