2176.0000 0.05 1
1.11111
4.44444
11.1111
2.22222
11.1111
4.44444
13.3333
11.1111
20
11.1111
6.66667
11.1111
24.4444
23.3333
17.7778
23.3333
26.6667
18.8889
13.3333
32.2222
18.8889
8.88889
4.44444
10
14.4444
16.6667
34.4444
37.7778
25.5556
40
11.1111
26.6667
17.7778
31.1111
24.4444
32.2222
28.8889
25.5556
40
24.4444
32.2222
46.6667
36.6667
47.7778
70
55.5556
56.6667
41.1111
80
108.889
93.3333
126.667
127.778
138.889
148.889
146.667
161.111
190
190
204.444
214.444
267.778
192.222
230
234.444
286.667
237.778
278.889
253.333
263.333
292.222
300
315.556
337.778
318.889
350
286.667
345.556
301.111
312.222
298.889
300
288.889
280
312.222
273.333
248.889
285.556
292.222
297.778
314.444
318.889
318.889
307.778
337.778
316.667
315.556
296.667
290
301.111
304.444
288.889
330
360
317.778
358.889
374.444
358.889
355.556
350
343.333
291.111
251.111
215.556
177.778
160
188.889
243.333
264.444
331.111
347.778
396.667
426.667
393.333
428.889
410
452.222
400
382.222
354.444
344.444
373.333
347.778
397.778
382.222
374.444
385.556
427.778
406.667
456.667
407.778
408.889
408.889
356.667
357.778
378.889
368.889
373.333
434.444
420
410
436.667
405.556
336.667
352.222
322.222
348.889
314.444
331.111
255.556
284.444
262.222
270
260
246.667
217.778
276.667
208.889
244.444
216.667
234.444
256.667
225.556
242.222
232.222
214.444
208.889
223.333
181.111
207.778
172.222
197.778
175.556
174.444
258.889
228.889
238.889
211.111
215.556
168.889
175.556
197.778
260
241.111
222.222
274.444
238.889
226.667
262.222
345.556
342.222
317.778
305.556
327.778
307.778
335.556
380
412.222
430
427.778
445.556
432.222
510
481.111
503.333
471.111
430
350
310
228.889
117.778
11.1111
1.11111
0
0
0
0
0
0
0
0
0
0
0
0
0
0
0
0
0
0
0
0
0
0
2.22222
2.22222
2.22222
4.44444
0
4.44444
2.22222
2.22222
0
5.55556
0
0
4.44444
2.22222
4.44444
2.22222
4.44444
4.44444
0
3.33333
0
2.22222
0
0
2.22222
0
2.22222
0
