0.000288 0.008781 0.012248
-0.008319 0.000227 0.001118
-0.001677 0.019588 0.000093
0.013690 0.006101 -0.003212
-0.018078 0.017633 -0.009831
-0.009265 0.000697 -0.001366
-0.003101 -0.000786 0.004444
-0.000672 -0.015335 -0.002520
-0.004465 -0.012549 -0.001830
-0.010720 -0.004360 -0.002664
0.010240 -0.005270 0.000893
-0.010736 -0.007002 -0.003704
0.004631 -0.007137 0.004097
0.002793 -0.019506 -0.000824
0.003854 -0.000586 0.000610
0.013434 -0.010582 0.002701
-0.012316 0.010849 0.012134
-0.037739 -0.000391 0.000698
-0.001025 0.018868 0.000532
0.008619 0.013232 -0.003488
-0.002072 0.016116 -0.005235
-0.007863 0.001274 -0.002012
-0.001924 0.008672 0.004327
0.002472 -0.017560 -0.003718
-0.012495 -0.011004 -0.001116
-0.011333 -0.004794 -0.001629
0.010607 -0.007179 -0.000349
-0.011859 -0.002992 0.001133
0.004097 -0.006791 0.002599
0.002665 -0.019017 -0.000492
-0.003627 -0.000384 0.001284
0.014266 -0.012357 0.002671
0.000461 0.011251 0.012158
-0.009714 0.001749 0.000428
-0.001803 0.019401 0.000751
0.010955 0.008776 -0.002780
-0.002740 0.015333 -0.005924
-0.008425 0.000853 -0.003567
-0.001105 0.007344 0.004529
0.000018 -0.015638 -0.002685
-0.002521 -0.011554 0.000575
-0.010523 -0.006351 -0.002722
0.010969 -0.006018 0.000811
-0.008972 -0.006849 -0.001747
0.004933 -0.007743 0.004348
0.002573 -0.019970 -0.000716
-0.003082 0.001648 0.002613
0.013745 -0.011777 0.002830
-0.054244 -0.012126 0.009990
-0.024688 0.002271 0.000238
-0.017121 0.016478 0.002310
0.012207 0.007927 -0.002264
-0.000111 0.015337 -0.003656
-0.007639 0.002377 -0.000243
0.000083 0.002459 0.004377
-0.008500 -0.016121 -0.004145
-0.000812 -0.009760 0.000000
-0.009179 -0.003371 -0.002123
0.008894 -0.009715 -0.003735
-0.009322 -0.006067 -0.002806
0.004675 -0.007009 0.004119
0.000773 -0.024350 0.003457
-0.002772 0.000783 0.002764
0.016468 -0.013259 0.007380
0.001766 0.008234 0.011651
-0.010666 0.001226 0.000626
-0.003152 0.019727 0.001020
0.010554 0.008058 -0.002581
-0.003271 0.014261 -0.005161
-0.011221 0.000781 -0.002623
0.001922 0.005134 0.004908
-0.000273 -0.015872 -0.002530
-0.003266 -0.011252 -0.000881
-0.012650 -0.005550 -0.002031
0.011674 -0.006687 0.000812
-0.010393 -0.005221 -0.002048
0.006835 -0.009465 0.004737
0.002777 -0.018522 -0.000841
0.000213 0.000405 0.000826
0.012306 -0.010318 0.004447
0.000527 0.012119 0.011797
-0.008455 0.000788 -0.000300
-0.000656 0.020175 -0.001895
0.013291 0.003053 -0.001443
-0.001655 0.016234 -0.006877
-0.010528 0.000826 -0.002731
0.000458 0.003532 0.004116
0.000380 -0.014683 -0.002814
-0.003034 -0.012525 -0.001209
-0.060961 0.023128 0.067071
0.012683 -0.008866 0.002899
-0.009218 -0.004850 -0.005188
0.005473 -0.007430 0.005268
-0.005188 -0.031010 0.015662
-0.003840 0.000717 0.001670
0.013665 -0.011601 0.002411
-0.000690 0.011235 0.012291
-0.010435 0.001749 0.000348
-0.001186 0.019692 0.002966
0.011394 0.003468 -0.001945
-0.000802 0.015919 -0.005409
-0.029467 -0.055761 -0.004145
-0.010936 0.005449 0.003335
-0.001304 -0.018753 0.001388
-0.004908 -0.008310 -0.004317
-0.010335 -0.005137 -0.000600
0.002952 -0.017979 -0.015232
-0.018516 0.004813 0.012605
-0.004238 -0.009352 0.006048
0.003992 -0.021532 -0.002587
-0.003498 0.000390 0.001407
0.013524 -0.011090 0.002327
-0.000300 0.010090 0.012234
-0.009387 0.003797 0.000777
-0.002841 0.019755 0.000610
-0.000155 0.007854 -0.002322
-0.000645 0.016498 -0.007155
-0.007694 0.002423 -0.004625
0.000278 0.002905 0.004724
0.001684 -0.016022 -0.003463
-0.002468 -0.011193 -0.000755
-0.012001 -0.006002 -0.002721
0.012158 -0.005748 -0.002190
-0.011168 -0.007296 -0.004407
0.002491 -0.009852 0.000224
0.003575 -0.018197 0.001008
-0.002988 -0.000046 0.001583
0.014573 -0.011294 0.003338
-0.000884 0.003945 -0.005228
0.007371 0.010324 -0.002346
-0.011435 0.012173 0.002204
0.007276 0.023702 -0.001520
0.002192 -0.005046 -0.000214
-0.000097 0.004637 -0.009534
-0.019746 -0.001938 0.000630
-0.003651 0.015837 -0.000205
0.000583 0.007982 -0.002371
0.019485 -0.013066 0.003736
-0.008890 0.010014 0.002239
-0.005515 -0.000425 -0.000515
0.011159 -0.005064 0.001048
-0.002020 -0.005116 0.004805
0.008544 -0.005269 -0.002476
-0.007000 -0.011131 0.002138
0.005013 0.003304 -0.004492
0.008121 0.009096 -0.001647
-0.008171 0.008994 0.002740
-0.003690 0.022985 -0.000736
0.001112 -0.003141 -0.000506
-0.002629 0.016791 -0.010100
-0.005626 -0.001414 -0.000159
0.001894 0.005805 0.000263
0.000143 0.006947 -0.004148
0.017361 -0.010259 0.003948
-0.009935 0.011801 0.001909
-0.002589 -0.003038 -0.000445
0.012249 -0.006229 -0.002316
-0.004074 -0.006772 0.004374
0.008780 -0.008840 0.001147
-0.016077 -0.010402 0.000189
-0.000900 0.004004 -0.005802
-0.036109 0.037407 -0.005417
-0.010201 0.010411 0.002426
0.007997 0.023900 -0.001972
-0.000763 -0.002359 -0.000411
0.002816 0.006687 -0.009558
-0.006399 -0.001774 0.001003
0.001952 0.005780 -0.000229
-0.000025 0.008451 -0.001500
0.018845 -0.010930 0.002692
-0.009021 0.010833 0.001229
-0.005456 -0.001531 -0.000036
0.003423 -0.005712 -0.001186
-0.003412 -0.005478 0.004845
0.009335 -0.010887 0.002590
-0.017213 -0.012573 0.001486
0.002164 0.002521 -0.005552
0.008382 0.008984 -0.002420
-0.020863 0.009644 0.002513
0.009768 0.023885 -0.002312
0.001786 -0.001921 -0.000182
0.001929 0.003971 -0.010134
-0.006339 -0.003604 0.001042
-0.001374 -0.005598 0.000232
-0.001325 0.007411 -0.002789
-0.027309 -0.037012 -0.048443
-0.008904 0.009478 0.002281
-0.005838 -0.000949 -0.000163
0.012558 -0.005497 -0.000318
-0.001609 -0.004434 0.004553
0.001592 -0.001112 -0.012352
-0.016143 -0.013049 0.001897
0.004942 0.004831 -0.004929
0.008379 0.010195 -0.002364
-0.009812 0.011030 0.002359
0.007205 0.023344 -0.001889
-0.001152 -0.002554 -0.000403
0.000640 0.004143 -0.010089
-0.008666 -0.001580 0.000431
0.004244 0.004984 -0.000011
0.000601 0.007272 -0.001730
0.017180 -0.011650 0.003399
-0.007637 0.009722 0.001351
-0.005189 0.000028 -0.000126
0.011044 -0.005128 -0.000030
-0.004661 -0.005885 0.004320
0.012334 -0.010301 0.000669
-0.013464 -0.011541 0.001574
-0.001502 0.004012 -0.005503
0.009789 0.007378 -0.002461
-0.010316 0.007485 0.007836
0.005224 0.025094 -0.006147
-0.003240 -0.002034 -0.001443
-0.003471 0.005777 -0.014284
-0.009151 -0.001677 0.000929
-0.003011 0.004759 0.004651
-0.001476 0.007334 -0.002678
0.017079 -0.011904 0.002674
-0.006972 0.009734 0.001897
-0.004195 -0.001139 0.000976
0.011790 -0.006364 0.000029
-0.003157 -0.005017 0.001609
0.009973 -0.010001 0.002388
-0.017450 -0.011968 0.002485
0.553677 0.011372 -0.022144
0.009091 0.007759 -0.002028
-0.008579 0.009077 -0.001280
0.007292 0.024098 0.001427
-0.002758 -0.001690 0.001202
-0.003024 0.005196 -0.007156
-0.018698 -0.002561 0.000326
-0.000621 0.005151 -0.002205
-0.013717 0.051070 -0.001551
0.019529 -0.010407 0.003268
-0.015260 0.007753 0.001856
-0.056586 -0.026186 0.058080
0.010437 -0.003296 0.003935
-0.059069 0.019633 -0.054951
0.009252 -0.010373 0.002897
-0.015845 -0.012108 0.001109
-0.000646 0.001870 -0.004903
-0.006647 0.009478 -0.001576
-0.008900 0.010894 0.002522
0.004243 0.019755 -0.002038
0.001752 -0.001758 -0.000363
-0.002920 -0.004610 -0.009252
-0.006301 -0.003303 0.000239
0.003742 0.002931 -0.000386
-0.000971 0.006843 -0.000884
0.017833 -0.011382 0.001817
-0.008702 0.009797 0.002899
-0.003700 -0.000608 -0.000338
0.014229 -0.003220 -0.001168
-0.003541 -0.005512 0.004298
0.010270 -0.008456 0.003990
-0.015966 -0.011507 0.000188
