0.005959 -0.000762 -0.001304
-0.005212 -0.002660 0.000644
0.009513 0.004090 -0.000117
0.001741 0.000650 -0.004284
0.008790 0.000720 -0.002074
-0.001613 -0.003759 -0.000288
-0.004992 -0.002377 -0.004956
-0.006336 0.005922 -0.000068
-0.008239 0.000658 -0.008131
0.005486 -0.001098 -0.002227
-0.002915 -0.002693 0.003564
-0.005946 -0.002433 0.001454
-0.002811 -0.005214 0.009549
-0.004521 -0.000698 -0.000638
0.004149 0.000993 -0.003967
0.003429 -0.002020 0.001831
0.011644 0.002361 0.001997
-0.004881 -0.003375 0.000546
0.011605 0.003995 -0.000116
0.003054 0.000151 -0.004046
0.008072 0.002538 -0.002737
-0.001024 -0.002996 0.000475
-0.004669 -0.001841 -0.004802
-0.006560 0.006114 0.000299
-0.006572 -0.001219 -0.008799
0.004979 -0.001419 -0.002598
-0.004149 -0.002260 0.003864
-0.006031 -0.002689 0.001860
-0.002816 -0.005358 0.009179
-0.006119 -0.000575 -0.000722
0.004300 0.000509 -0.004990
-0.000632 -0.001713 -0.002636
0.005520 0.005893 -0.002668
-0.015143 -0.006051 0.004513
0.011057 0.004067 0.000407
0.004338 0.000334 -0.003800
-0.000715 -0.002389 -0.006640
-0.030275 -0.003706 0.000596
-0.040885 -0.051505 -0.004754
-0.026157 0.005789 -0.019125
-0.043226 0.045803 -0.006988
-0.018751 0.033489 -0.003382
-0.002853 -0.002292 0.003895
-0.036170 -0.002699 0.044175
-0.000643 -0.005267 0.009368
-0.011444 0.004431 0.003798
-0.009651 0.000281 0.009021
0.003399 -0.002028 0.001861
0.011589 0.002688 0.002255
-0.005884 -0.001441 0.001096
0.010188 0.003909 -0.000212
0.002836 0.000500 -0.004335
0.008089 0.002539 -0.002421
-0.001641 -0.003504 -0.000332
-0.004240 -0.000875 -0.004976
-0.005826 0.005831 0.001002
-0.007877 -0.000454 -0.007908
0.005607 -0.001982 -0.002480
-0.003046 -0.003166 0.005403
-0.005712 -0.002891 0.001334
-0.000502 -0.005294 0.009325
-0.004676 -0.001106 0.000192
0.003288 0.001378 -0.006414
-0.002879 -0.005249 -0.001980
0.007106 0.002345 -0.001899
-0.014655 -0.005371 0.005324
0.009700 0.004177 0.000431
0.003190 0.001110 -0.004787
0.009427 0.003061 -0.004833
-0.001094 -0.004511 0.000550
-0.002428 -0.000467 -0.006444
-0.006140 0.005039 0.000384
-0.008666 0.000843 -0.007641
0.007067 -0.002658 -0.001668
-0.003586 -0.002255 0.004301
-0.006145 -0.002095 0.002328
-0.002175 -0.005344 0.009366
-0.004822 -0.000212 -0.000545
0.002791 0.001544 -0.005488
0.003214 -0.001920 0.001779
0.010837 0.002169 0.002183
-0.005730 -0.001468 0.001095
0.008809 0.003759 -0.000855
-0.004252 0.005120 0.000052
0.009217 0.000705 -0.002316
-0.001600 -0.002707 -0.001569
-0.004517 -0.002065 -0.005043
-0.019876 0.018948 0.000224
-0.006681 -0.000464 -0.006914
0.004927 -0.001162 -0.002123
-0.031966 -0.003467 0.003430
-0.003540 -0.001309 0.001060
-0.000603 -0.005492 0.009867
-0.004725 0.000522 -0.000526
-0.010171 -0.011894 -0.005399
0.004111 -0.001787 0.000103
0.011532 0.002063 0.001858
-0.005267 -0.001139 0.002098
0.009353 0.003769 0.000075
-0.001598 0.000669 0.000647
0.008833 0.002975 -0.003889
-0.001583 -0.003721 -0.000503
-0.004775 -0.001868 -0.004784
-0.026020 0.005759 0.020731
-0.008392 0.000313 -0.007655
0.005657 -0.001589 -0.002344
-0.002925 -0.001731 0.005137
-0.007865 -0.001781 0.004283
-0.004682 -0.003903 0.010054
-0.010806 0.003492 -0.005205
-0.015494 0.000659 -0.025124
-0.003501 0.002548 -0.002550
0.012938 0.002210 0.001219
-0.004810 -0.001043 0.002764
0.010786 0.004545 -0.000381
-0.003553 -0.003333 -0.001061
0.000377 -0.001030 -0.005465
-0.001674 -0.003747 -0.001305
-0.002513 -0.001172 -0.003591
-0.024992 -0.012014 0.000158
-0.008667 0.000725 -0.008025
0.007470 -0.002427 -0.003460
-0.004595 -0.002796 0.004737
-0.003774 -0.003697 0.001096
-0.002894 -0.005487 0.009409
-0.011692 0.006349 -0.000705
-0.011733 0.016111 -0.005383
0.001929 -0.001752 0.002045
-0.011942 -0.001778 0.002365
0.015436 -0.004140 0.001845
-0.002070 0.001778 0.002698
-0.003690 0.003862 0.001935
0.002151 0.007401 -0.001210
0.008054 -0.000055 0.000609
0.004464 0.000844 -0.003966
0.003837 0.000315 0.000708
0.010527 0.005751 0.001956
-0.001536 -0.005906 -0.006005
0.003260 0.003279 0.004857
-0.022996 -0.003999 -0.005985
0.002208 0.004264 0.011018
0.000212 -0.007826 -0.009317
0.017933 0.000629 0.000282
-0.005755 0.001736 0.007391
-0.011957 -0.002419 0.002792
0.004441 -0.002328 0.001278
-0.002229 0.002163 0.002372
-0.004652 0.004182 0.002518
-0.002766 0.006060 -0.001300
0.005524 -0.000691 -0.001098
0.004491 -0.001223 -0.005631
0.002792 0.000615 -0.000356
0.009457 0.005484 0.002003
-0.001318 -0.005564 -0.006122
0.001505 0.004218 0.005322
-0.027830 -0.007173 -0.001220
0.003349 0.004578 0.011727
-0.000922 -0.007689 -0.009199
0.019518 0.002161 0.001266
-0.006322 0.000210 0.007700
-0.017499 0.002051 -0.001565
0.001115 -0.002409 0.001532
-0.007231 -0.002650 0.005380
-0.005210 0.004114 0.003379
0.002963 0.006133 -0.001103
0.007850 -0.002279 0.000582
-0.005656 0.003828 -0.008853
-0.009184 0.001171 -0.029081
0.005637 0.006663 0.002460
0.478019 -0.014907 -0.014865
-0.001803 0.000248 0.001445
-0.019311 -0.004205 -0.004647
0.006506 0.005236 0.013711
-0.004817 -0.008058 -0.009206
0.002193 -0.024703 -0.001013
-0.015585 0.004118 0.012251
-0.011984 -0.002667 0.002347
0.004217 -0.002827 0.001070
-0.001890 0.001980 0.002846
-0.004556 0.003896 0.001418
-0.003972 0.006080 -0.001766
0.006178 -0.001761 -0.000659
0.004055 -0.000902 -0.004458
0.003471 0.000218 0.000838
0.008945 0.005604 0.001716
-0.000438 -0.005851 -0.006347
0.003106 0.003769 0.004874
-0.022171 -0.004359 -0.006137
0.002518 0.004164 0.011444
-0.001600 -0.007130 -0.009617
0.018193 0.001543 0.000114
-0.006365 0.000155 0.007821
-0.013693 -0.002023 0.002750
0.004589 -0.002372 0.000699
-0.003332 0.002992 0.002144
-0.004538 0.003897 0.002189
-0.000260 0.006617 -0.001459
0.006403 -0.001222 -0.000077
0.003822 -0.001000 -0.004622
0.002991 0.000308 -0.000015
0.009472 0.005490 0.001682
-0.001364 -0.006118 -0.006369
0.002894 0.004173 0.005323
-0.028055 -0.000254 -0.000942
0.003562 0.004749 0.011777
-0.001253 -0.007607 -0.009517
0.017904 0.001184 0.000023
-0.005697 0.000439 0.008377
-0.018306 0.004240 0.002967
0.004946 -0.002905 0.001326
-0.008774 -0.004587 0.002399
-0.001997 0.002378 0.001463
-0.002721 0.006170 -0.001676
-0.002741 -0.001832 -0.021358
-0.004153 0.003034 -0.007363
0.005271 -0.001060 0.000444
0.008833 0.005360 0.001827
-0.001386 -0.005800 -0.006392
0.004646 0.002908 0.004901
-0.021627 -0.004487 -0.005487
0.004313 0.005513 0.011787
-0.000290 -0.007500 -0.009615
0.019660 0.001933 -0.001500
-0.006207 0.001609 0.007163
-0.017761 0.001013 0.007264
0.016232 -0.002656 0.000922
-0.007168 -0.001563 -0.001719
-0.012468 0.005095 0.019973
-0.004486 0.006547 -0.001721
0.006077 -0.000540 -0.001052
0.004380 -0.000763 -0.005512
0.002539 0.000588 -0.001552
0.010865 0.005418 0.002109
-0.001432 -0.006301 -0.006572
-0.001685 0.001341 0.009419
-0.028822 -0.003865 0.001215
0.005622 0.004991 0.011685
0.000457 -0.007404 -0.009592
0.017561 0.001416 0.000187
-0.005745 -0.000035 0.008437
-0.009876 -0.001230 0.002235
0.004847 -0.002132 0.002068
-0.000468 0.001262 0.002417
-0.002748 0.005304 0.002095
-0.001263 0.006649 -0.001704
0.006394 -0.001167 0.000060
0.004435 0.000690 -0.004215
0.004748 0.001243 -0.000058
0.009257 0.005272 0.001891
-0.001264 -0.005871 -0.006136
-0.000023 0.000763 0.005186
-0.021668 -0.004212 -0.005775
0.004379 0.004739 0.011581
-0.000491 -0.007093 -0.009983
0.017641 0.000868 0.000338
-0.016335 0.005176 0.011620
