2176.0000 0.05 1
1.11111
4.44444
11.1111
2.22222
11.1111
4.44444
13.3333
11.1111
20
11.1111
6.66667
11.1111
24.4444
23.3333
17.7778
23.3333
26.6667
18.8889
13.3333
32.2222
18.8889
8.88889
4.44444
10
14.4444
16.6667
34.4444
40
23.3333
40
11.1111
26.6667
17.7778
31.1111
24.4444
32.2222
26.6667
27.7778
40
24.4444
32.2222
46.6667
36.6667
47.7778
70
55.5556
56.6667
41.1111
80
106.667
95.5556
126.667
130
136.667
148.889
146.667
161.111
190
187.778
206.667
214.444
267.778
192.222
230
232.222
288.889
235.556
281.111
253.333
263.333
291.111
298.889
317.778
337.778
318.889
350
288.889
343.333
303.333
310
294.444
297.778
297.778
275.556
316.667
271.111
248.889
283.333
293.333
298.889
314.444
314.444
323.333
303.333
342.222
316.667
315.556
296.667
290
301.111
301.111
292.222
332.222
353.333
321.111
360
372.222
363.333
351.111
352.222
338.889
295.556
251.111
217.778
173.333
164.444
188.889
238.889
264.444
333.333
351.111
395.556
420
397.778
431.111
407.778
452.222
400
380
356.667
344.444
373.333
345.556
396.667
381.111
377.778
386.667
427.778
404.444
458.889
406.667
407.778
411.111
356.667
360
372.222
368.889
376.667
435.556
413.333
412.222
441.111
405.556
332.222
356.667
322.222
351.111
312.222
326.667
260
284.444
255.556
270
264.444
244.444
222.222
276.667
208.889
245.556
215.556
232.222
261.111
214.444
248.889
234.444
214.444
208.889
223.333
178.889
205.556
176.667
197.778
175.556
175.556
251.111
235.556
235.556
214.444
215.556
170
175.556
196.667
262.222
236.667
224.444
272.222
238.889
226.667
260
350
340
321.111
302.222
332.222
305.556
333.333
380
412.222
432.222
423.333
451.111
433.333
506.667
481.111
498.889
476.667
432.222
351.111
313.333
224.444
113.333
15.5556
1.11111
0
0
0
0
0
0
0
0
0
0
0
0
0
2.22222
0
0
0
0
0
0
0
2.22222
2.22222
2.22222
0
2.22222
0
2.22222
2.22222
2.22222
0
5.55556
0
0
4.44444
2.22222
6.66667
4.44444
2.22222
2.22222
4.44444
1.11111
0
0
0
0
2.22222
0
2.22222
0
