-0.000327 0.012871 0.013573
-0.010301 0.004320 0.000437
-0.005185 0.014884 -0.000862
0.012533 0.008226 -0.002319
-0.001620 0.017991 -0.005506
0.001808 -0.048662 -0.005168
-0.002101 0.004601 0.004648
0.002330 -0.024034 -0.005089
-0.002777 -0.012824 -0.000608
-0.010928 -0.003954 -0.002500
0.007691 -0.082800 -0.088475
-0.010445 -0.005946 -0.003613
0.005570 -0.006854 0.003483
0.003241 -0.018671 0.001000
-0.003609 0.004534 0.000087
0.012958 -0.007244 0.004080
-0.000090 0.015890 0.012443
-0.008779 0.002059 0.000694
-0.001447 0.019721 0.000712
0.012215 -0.042148 -0.002030
-0.000437 0.016297 -0.005360
-0.009414 -0.000017 -0.002547
0.000941 -0.000541 0.005099
-0.000452 -0.016074 -0.001692
-0.003155 -0.012487 -0.001849
-0.010262 -0.006192 -0.000761
0.010921 -0.007307 0.000840
-0.009718 -0.006168 -0.002606
0.007434 -0.014623 0.006513
0.002315 -0.020720 -0.000947
-0.003655 0.000711 0.001616
0.014780 -0.008860 0.002048
-0.004015 0.012101 0.012339
-0.009650 0.001462 0.000474
-0.003245 0.009825 0.000355
0.011857 0.008841 -0.003739
-0.001601 0.015969 -0.005761
-0.008492 0.000266 -0.002758
-0.000280 0.003143 0.004030
0.002096 -0.015077 -0.002452
-0.004496 -0.011740 -0.000084
-0.011187 -0.004793 -0.002513
0.010207 -0.006148 -0.000029
-0.009364 -0.006877 -0.005262
0.003467 -0.005413 0.005491
0.003138 -0.019238 -0.000182
-0.003485 -0.000033 0.001326
0.023183 -0.010584 0.012001
-0.002663 0.014146 0.009144
-0.007842 0.002722 0.000068
0.004341 0.011061 0.000761
0.012107 0.007193 -0.002602
-0.047914 -0.030668 -0.001750
-0.008893 0.003708 -0.002369
0.000666 0.003983 0.004581
-0.000723 -0.014198 -0.003760
-0.001552 -0.010749 -0.002020
-0.010368 -0.004726 -0.001889
0.011308 -0.008133 0.000024
-0.009569 -0.005233 -0.001778
0.004248 -0.008353 0.004234
0.002719 -0.020874 0.000106
-0.007172 -0.005154 0.002764
0.018291 -0.016752 0.001254
-0.001390 0.015831 0.010377
-0.011590 0.003601 0.001006
-0.006605 0.016320 0.002201
0.012527 0.008516 -0.001715
-0.001915 0.015064 -0.006695
-0.009646 0.000310 -0.002188
-0.000429 0.002603 0.004667
-0.000819 -0.013091 -0.005221
-0.004459 -0.010762 -0.001617
-0.038471 -0.019550 -0.039070
0.011060 -0.005565 -0.001167
-0.009803 -0.007570 -0.003323
0.004507 -0.008031 0.002837
0.002260 -0.084183 0.075198
-0.003907 -0.000345 0.001963
0.013550 -0.011024 0.002652
0.001582 0.012121 0.012064
-0.031869 0.002137 0.001524
-0.003252 0.019358 0.000770
0.011486 0.010101 -0.002363
0.000175 0.015796 -0.007994
-0.009731 0.000314 -0.003267
-0.002728 -0.001957 -0.001584
0.001144 -0.016857 -0.006508
0.022714 -0.026832 -0.038182
-0.012622 -0.006225 -0.002419
0.011635 -0.005800 0.000304
-0.010780 -0.021468 -0.023257
0.003441 -0.005080 0.004691
0.003676 -0.018637 -0.000879
-0.005605 0.003417 0.002742
0.014846 -0.011462 0.002702
0.001655 0.015827 0.012234
-0.009231 -0.000653 0.001014
-0.001940 0.017865 0.000910
0.012195 0.007325 -0.003141
-0.000159 0.015148 -0.004593
-0.009062 0.002416 -0.002057
-0.003054 0.000989 0.008164
-0.000267 -0.016943 -0.002539
-0.003884 -0.011046 -0.001797
-0.011655 -0.005419 -0.001463
0.011528 -0.005661 0.000889
-0.008286 -0.006420 0.000216
0.004802 -0.007648 0.003398
0.004458 -0.019185 -0.001198
-0.013180 0.003908 -0.007425
0.013027 -0.011516 0.004230
-0.000756 0.013039 0.014557
-0.008386 0.003938 0.001362
-0.000894 0.018735 0.000666
0.012408 0.007276 -0.002173
-0.000336 0.016527 -0.004900
-0.009330 0.000147 -0.002044
-0.001796 -0.007317 0.005415
0.000760 -0.015153 -0.002240
-0.003823 -0.011002 -0.001446
-0.010360 -0.004797 -0.001713
0.011067 -0.006783 -0.000156
-0.008925 -0.005153 -0.003910
0.004207 -0.008738 0.007981
0.003532 -0.020418 -0.001156
-0.003240 0.002088 0.000077
0.013385 -0.010205 0.003690
0.024481 -0.001769 -0.004001
0.007464 0.007374 -0.002676
-0.006353 0.006147 -0.001511
0.006346 0.023022 0.000429
-0.000420 -0.001621 -0.002022
0.001417 0.004434 -0.009610
0.003171 -0.018938 0.001165
0.002886 0.002112 0.000007
0.000171 -0.002638 -0.001652
0.015228 -0.019006 -0.000800
-0.000178 0.013563 -0.007455
-0.005728 -0.000672 0.003826
0.011509 -0.006097 -0.001107
-0.031023 -0.026860 0.034596
0.010318 -0.009484 0.002294
-0.016685 -0.008429 0.002132
0.001660 0.004340 -0.005266
0.008248 0.009647 -0.002893
-0.014390 0.003388 0.002329
0.006684 0.026107 -0.001658
-0.012220 -0.017077 -0.000800
0.002152 -0.008118 -0.010524
-0.008933 -0.002188 -0.000264
0.004099 0.005958 -0.000413
-0.000390 0.008188 -0.001236
0.017645 -0.012396 0.002703
-0.008274 0.013532 0.001052
-0.008423 -0.007980 0.002604
0.010847 -0.006291 -0.000466
-0.003235 -0.006554 0.002451
0.010234 -0.010094 0.002174
-0.016155 -0.011941 0.001894
0.001677 0.005889 -0.004585
0.007628 0.007390 -0.001452
-0.007641 0.011925 0.002379
0.006404 0.023007 -0.001097
-0.002615 -0.003604 -0.000231
0.001111 0.003959 -0.009203
-0.008635 -0.001359 0.001252
0.003910 0.006170 0.000045
-0.000637 0.007446 -0.003265
0.017135 -0.011393 -0.001372
-0.009039 0.010400 0.001538
-0.003914 0.001003 0.001928
0.011479 -0.006158 -0.000255
-0.003149 -0.005232 0.004896
0.009557 -0.009433 0.003019
-0.017263 -0.011728 0.000993
0.000532 0.003671 -0.004954
0.006953 0.008306 -0.003031
-0.010639 0.010798 0.002388
0.006266 0.022699 -0.001120
0.000702 -0.002900 -0.000531
-0.000501 0.004513 -0.010281
-0.015499 -0.017590 0.001130
0.001970 0.007041 -0.000342
-0.004852 0.000013 -0.002312
0.019192 -0.011623 0.002207
-0.009246 0.009744 0.000667
-0.004613 -0.001388 -0.000065
0.013466 -0.005781 0.000192
-0.002829 -0.005624 0.004363
0.010138 -0.022033 0.020595
-0.021364 -0.018901 0.000857
0.000292 0.001433 -0.005398
0.007012 0.009505 -0.002021
-0.005165 0.006633 0.004058
0.006556 0.024759 -0.003568
-0.001716 -0.000613 0.003926
0.001461 0.004120 -0.010375
-0.006305 -0.003167 0.000268
0.003258 0.000366 0.000307
-0.000218 0.009005 -0.002379
0.018387 -0.010183 0.001508
-0.006866 0.011929 0.003101
-0.004777 -0.000834 0.001220
0.010716 -0.005127 0.001049
-0.003902 -0.004310 0.004366
0.010254 -0.010447 0.003524
-0.016353 -0.012877 0.002121
-0.000948 0.005876 -0.004511
0.007203 0.006873 -0.002517
-0.009010 0.000116 0.001751
0.041321 0.002013 0.003758
0.011733 -0.026583 -0.000970
0.001465 -0.009327 -0.009553
-0.006318 -0.001569 0.005060
0.002255 0.006710 0.000650
0.001386 0.003613 -0.007498
0.015911 -0.011262 0.003569
-0.005036 0.004708 0.004784
-0.002994 -0.000117 0.001046
0.011486 -0.004787 0.000521
-0.003850 -0.005560 0.004367
0.011478 -0.008597 0.002487
-0.025815 -0.009125 0.010343
-0.000701 0.005131 -0.006073
0.013698 0.584955 0.017493
-0.009806 0.011073 0.002459
0.006535 0.023349 -0.001515
-0.000438 -0.004295 0.000284
0.002092 0.003431 -0.009872
-0.006367 0.001345 -0.003076
0.003218 0.005523 -0.000663
0.001025 0.003929 0.002181
0.018395 -0.012026 0.002725
-0.008703 0.010846 0.000819
-0.006440 -0.001384 -0.001061
0.036710 -0.029183 0.029183
-0.003637 -0.006420 0.004130
0.009386 -0.008889 0.001866
-0.018550 -0.009843 0.000310
0.000586 0.003488 -0.005640
0.006096 0.008232 -0.001293
-0.010744 0.010114 0.002222
0.006237 0.022320 -0.002543
0.000895 -0.002351 -0.000218
-0.000390 0.004182 -0.009840
-0.008819 -0.002738 0.000867
0.002769 0.005279 0.000172
0.000410 0.008910 -0.001897
0.017371 -0.011224 0.003612
-0.007532 0.009081 0.002353
-0.006574 -0.000380 -0.001055
0.011609 -0.005461 -0.000069
-0.002180 -0.005236 0.003992
0.010271 -0.010164 -0.001299
-0.015748 -0.011534 0.002348
