2176.0000 0.05 1
1.875
3.75
6.25
6.25
7.5
16.25
8.75
7.5
17.5
15
14.375
16.25
25
16.25
6.25
31.25
23.125
18.125
28.75
10
10
13.125
10
10
16.25
20
25
30
37.5
19.375
25
26.25
13.75
26.875
20.625
29.375
21.25
41.25
44.375
30.625
37.5
55
48.125
46.25
41.875
67.5
55.625
46.875
85.625
92.5
97.5
123.125
140
135
140
153.75
179.375
153.75
156.25
201.25
176.25
174.375
234.375
251.875
267.5
237.5
233.125
281.875
293.125
312.5
294.375
321.25
302.5
308.75
325.625
340
338.125
363.125
316.25
357.5
368.125
367.5
326.875
362.5
333.75
378.75
313.125
294.375
303.75
287.5
272.5
254.375
232.5
246.25
257.5
296.25
208.125
252.5
308.125
296.25
317.5
305
312.5
298.75
250.625
295
309.375
296.25
325
275
280
302.5
273.125
321.25
291.25
313.75
251.875
295.625
351.25
320
317.5
313.125
328.125
361.875
344.375
377.5
402.5
379.375
388.125
395.625
395.625
430.625
450
471.875
453.125
441.25
450
440
451.875
413.125
405
429.375
382.5
355
320
353.125
327.5
311.25
315.625
330
305.625
275.625
216.25
256.25
248.75
301.25
280.625
249.375
271.875
223.125
321.25
285.625
328.75
301.25
303.125
290.625
285
298.125
350.625
291.25
320.625
353.75
371.875
357.5
259.375
288.125
213.125
290.625
345
264.375
266.25
264.375
259.375
238.125
244.375
250
261.875
326.875
240.625
227.5
236.875
223.75
181.25
247.5
256.25
281.25
253.125
308.125
255
265
256.875
202.5
205.625
269.375
255.625
325
344.375
345.625
353.75
273.125
369.375
291.875
513.125
534.375
512.5
423.75
365.625
262.5
234.375
202.5
166.875
121.25
58.125
32.5
11.25
3.75
1.25
3.75
1.875
0
0
0
0
0
0
0
0
0
0
2.5
0
