0.014330 0.002493 0.001411
0.000537 -0.005570 0.005406
0.010608 0.005527 0.000055
-0.005466 0.001443 -0.003192
0.039853 0.040628 -0.003868
0.005510 0.000990 -0.003919
0.005598 0.002713 0.000432
0.000095 0.009672 0.002769
-0.009282 -0.001317 -0.008212
0.005118 -0.001074 -0.002049
-0.003554 -0.002309 0.005150
-0.007715 -0.002614 0.002322
-0.002024 -0.005069 0.009233
-0.005000 0.000666 -0.000239
0.003747 0.002099 -0.006559
0.003582 -0.001931 0.000519
0.011304 0.002508 0.001293
0.000886 -0.006426 0.001123
0.010462 0.004121 -0.000178
0.001254 0.000852 -0.003400
0.008350 0.002255 -0.002720
-0.001287 -0.003853 0.000810
-0.004839 -0.001360 -0.005223
-0.005662 0.005825 -0.000921
-0.008641 -0.000385 -0.008167
0.004208 -0.000836 -0.002605
-0.003166 -0.002033 0.004344
-0.005239 -0.002735 0.002752
-0.002227 -0.004247 0.009210
-0.004804 -0.000100 -0.000855
0.004894 0.001202 -0.005996
0.003682 -0.001855 0.000888
0.001184 0.001356 0.001237
-0.006197 -0.000093 0.000744
0.043660 0.032820 -0.001547
-0.004440 0.001667 -0.003273
0.008249 0.003176 -0.002975
0.005212 -0.008237 -0.003922
-0.005184 -0.000364 -0.004762
0.000621 0.000804 0.003331
0.002715 -0.003622 -0.001951
0.006045 -0.001268 -0.002614
0.034704 -0.002154 -0.039514
-0.009002 -0.002512 0.002891
-0.003519 -0.004124 0.010637
-0.005791 0.000449 -0.000567
0.003145 -0.001092 -0.006559
0.017978 -0.002059 -0.013468
0.000385 0.002575 0.001454
0.000692 -0.005260 -0.002964
0.010273 0.002951 0.000369
0.002893 0.000709 -0.003213
0.008828 0.001750 -0.002816
-0.001693 -0.004294 0.000726
-0.005452 -0.002462 -0.003567
-0.006101 0.005384 -0.001250
-0.008329 0.001164 -0.007936
0.005778 -0.001373 -0.002474
-0.003883 -0.002477 0.005658
-0.007026 -0.002560 0.002376
-0.001792 -0.005452 0.009593
-0.004960 0.000530 -0.000348
0.003946 0.001250 -0.005493
0.003100 -0.001381 0.001713
0.011099 0.002515 0.001552
-0.007836 -0.002667 0.000650
0.008354 0.002680 0.001219
-0.000185 0.000600 -0.003985
0.007405 0.001934 -0.004252
-0.003759 -0.004382 -0.001157
0.005053 0.002676 -0.000162
-0.005120 0.005631 -0.000855
-0.000532 -0.003314 -0.003913
0.006713 0.000561 0.002001
-0.003567 -0.002700 0.004968
-0.012227 -0.002388 0.000278
-0.001851 -0.005093 0.009529
-0.006606 0.000308 -0.000871
0.004060 0.001300 -0.004852
0.003585 -0.001548 0.000477
0.011200 0.002149 0.001352
-0.005994 -0.000698 0.001419
0.010070 0.003911 -0.000078
0.001483 0.000698 -0.003085
0.008876 0.002548 -0.002888
-0.002732 -0.003112 -0.000194
-0.004293 -0.002241 -0.005292
-0.005096 0.005706 -0.001047
-0.008024 0.001288 -0.008330
0.005939 -0.000509 -0.002199
-0.004858 -0.003669 0.005916
-0.005384 -0.002919 0.001846
-0.001774 -0.006242 0.009112
-0.006875 0.000436 -0.000554
0.004422 0.001531 -0.006103
0.017572 0.013442 0.001533
0.011595 0.002557 0.001167
-0.006508 0.000002 0.001774
0.010451 0.003622 0.000160
0.002509 0.000464 -0.003205
0.008085 0.001947 -0.002490
-0.001974 -0.003459 0.000604
-0.004354 -0.002510 -0.004785
-0.006054 0.006303 -0.000885
-0.009171 0.000832 -0.006256
0.005836 -0.001149 -0.002871
-0.003404 -0.002363 0.003862
-0.008009 -0.002104 0.002935
-0.003371 -0.003945 0.007938
-0.005055 0.000329 -0.000781
0.004750 0.000935 -0.005285
0.017246 -0.001540 0.014911
0.011368 0.002154 0.001099
-0.004806 -0.000105 0.001320
0.007278 0.003068 -0.001801
0.000207 0.000519 -0.003044
0.007436 0.001877 -0.001887
-0.001431 -0.003454 -0.000336
-0.005042 -0.001951 -0.004183
-0.008312 0.005597 0.000357
-0.008988 0.000407 -0.007130
0.004334 -0.001371 -0.002180
-0.004674 -0.001799 0.006197
-0.012619 -0.002272 0.004956
0.024499 -0.033086 0.009787
-0.004360 -0.002957 -0.004116
0.046540 -0.000262 0.044889
0.017364 -0.016525 0.001179
-0.002701 0.003410 -0.002022
0.009576 -0.007101 0.004416
-0.003503 0.001627 0.002192
-0.004378 0.004509 0.002155
-0.006474 0.005845 -0.004299
0.007047 -0.001621 -0.000726
0.004213 -0.000657 -0.004621
0.020443 0.016860 0.000633
0.006443 0.003628 0.001468
-0.002847 -0.007634 -0.006983
0.001558 0.001625 0.005529
-0.022975 -0.003776 -0.005251
0.001459 0.003343 0.012217
0.002512 -0.004867 -0.009486
0.018632 0.000970 -0.000300
-0.008876 0.002281 0.007642
-0.012582 -0.001562 0.003207
0.005931 -0.002245 0.000359
-0.002308 0.001682 0.001737
-0.003457 0.003757 0.002730
0.002052 0.002407 -0.005070
0.006049 -0.001306 -0.000623
0.004226 -0.000641 -0.003917
0.004552 0.000444 -0.000569
0.008755 0.006470 0.001658
-0.001206 -0.005960 -0.007023
0.002391 0.002994 0.005600
-0.021878 -0.004694 -0.005409
0.001618 0.004545 0.012487
-0.001586 -0.008201 -0.009368
0.016468 0.000705 0.000176
-0.007111 -0.000644 0.008544
-0.012791 0.000092 0.002705
0.009823 0.001384 0.004526
-0.002319 0.001055 0.002384
-0.004596 0.003258 0.002748
-0.002488 0.006225 -0.000758
-0.486808 -0.009760 -0.006791
0.021643 -0.026956 -0.004286
0.028128 -0.022271 -0.000427
0.008086 0.007920 0.001517
-0.002708 -0.004447 -0.006626
0.012846 -0.002063 -0.000204
-0.022896 -0.004654 -0.005300
0.001006 0.005462 0.012131
-0.004677 -0.006982 -0.009340
0.017575 0.001001 0.000562
0.000073 0.005748 0.007619
-0.012982 -0.001840 0.001643
0.004057 -0.002261 0.000868
-0.002006 0.001279 0.002459
-0.004546 0.004936 0.003609
0.003103 0.006163 -0.007326
0.005091 -0.001415 -0.001115
0.003817 0.000154 -0.004488
0.004236 0.000688 -0.000244
0.010076 0.006461 0.002059
-0.001136 -0.005789 -0.006664
0.002218 0.003201 0.005389
-0.023299 -0.004044 -0.004832
0.003297 0.004626 0.011343
-0.001026 -0.008780 -0.009447
0.018741 0.000757 -0.000195
-0.005489 -0.000717 0.007744
-0.012744 -0.001082 0.002076
0.001344 -0.002725 0.003121
-0.003782 0.000947 0.001652
-0.003941 0.003794 0.002769
0.002846 0.010853 -0.005713
0.006912 -0.001166 -0.000810
0.003473 0.000119 -0.005586
0.027167 0.000369 0.023169
0.012811 0.003908 0.006146
0.007869 -0.005686 0.005179
0.002324 0.002592 0.005268
0.009731 -0.005937 -0.005028
0.002640 0.004638 0.010217
0.003143 -0.005724 -0.005714
0.020001 -0.002484 0.003099
0.001003 0.005155 0.003060
-0.012582 -0.000429 0.003155
0.004480 -0.002750 0.000155
-0.004175 0.001416 0.002495
-0.003981 0.003702 0.002376
-0.004201 0.006402 -0.000903
0.006917 -0.001546 -0.001618
0.004158 -0.000414 -0.004468
0.004561 -0.000308 0.000112
0.008529 0.006592 0.001817
-0.001423 -0.005632 -0.006873
0.002179 0.002132 0.005570
-0.022747 -0.004143 -0.005008
0.001844 0.004691 0.012749
-0.001429 -0.007764 -0.009270
0.018589 0.000287 0.000274
-0.007076 -0.001213 0.007324
-0.012373 -0.001717 0.002866
0.003951 -0.002424 0.000132
-0.001565 0.001021 0.002397
-0.004948 0.002922 0.003057
-0.004173 0.006266 -0.000478
0.006944 -0.001062 -0.000898
0.003830 -0.000160 -0.004426
0.005076 0.000451 -0.000914
0.009014 0.006937 0.001897
-0.000882 -0.006078 -0.006554
0.001710 0.002863 0.004219
-0.023212 -0.004047 -0.004243
0.002167 0.004395 0.012321
0.000207 -0.008730 -0.008993
0.018375 0.000712 -0.000026
-0.006541 -0.000787 0.007715
-0.003014 0.004133 -0.000455
0.010809 -0.002569 0.007100
-0.000858 0.004646 -0.002745
0.021235 0.004675 0.003303
-0.004298 0.006125 -0.000851
0.006362 -0.000925 -0.001037
0.003769 -0.000004 -0.003686
0.026004 -0.000211 -0.022215
0.012807 0.003843 -0.002273
-0.000348 -0.005779 -0.004500
0.010333 -0.001646 0.002114
-0.021834 -0.004117 -0.005178
0.008246 0.004785 0.003708
0.004720 -0.005264 -0.015267
0.016345 0.000544 -0.000099
-0.000025 0.004709 0.011798
