2176.0000 0.05 1
1.875
3.75
6.25
6.25
7.5
16.25
8.75
6.25
17.5
16.25
14.375
16.25
25
16.25
6.25
31.25
23.125
18.125
28.75
10
10
13.125
10
10
16.25
20
25
28.75
38.75
19.375
23.75
27.5
13.75
26.875
20.625
29.375
21.875
41.875
43.75
30
37.5
56.25
46.875
46.25
43.75
65.625
54.375
48.125
85.625
92.5
98.75
124.375
136.875
135.625
139.375
153.75
180
152.5
158.125
200
176.875
175
231.875
253.75
268.75
238.75
231.875
281.875
292.5
311.25
295
321.25
303.125
310.625
325
339.375
340.625
361.875
316.875
355.625
375
362.5
330.625
356.875
338.125
375.625
313.75
293.125
303.125
287.5
272.5
255.625
233.75
250.625
249.375
299.375
205
251.25
310
296.875
318.75
307.5
309.375
300.625
249.375
295.625
306.875
296.875
326.875
274.375
278.75
303.75
273.75
320.625
288.75
318.125
246.25
298.75
353.125
318.75
315
314.375
327.5
365.625
341.25
380.625
399.375
378.75
390
395.625
394.375
429.375
452.5
470.625
451.875
443.75
452.5
437.5
448.75
415
407.5
426.875
381.25
360
317.5
352.5
327.5
310.625
316.875
327.5
305.625
275.625
218.75
251.875
250.625
305.625
277.5
246.25
273.125
225.625
321.875
284.375
330
302.5
303.125
290
285
295
351.875
290
323.75
354.375
370.625
356.25
260.625
287.5
212.5
288.125
345.625
267.5
264.375
265.625
260
235
246.25
248.75
265
325
243.125
226.25
236.875
224.375
180.625
247.5
256.875
278.125
257.5
310
251.25
262.5
257.5
206.875
201.25
272.5
251.875
326.25
344.375
344.375
353.75
277.5
365
295.625
513.125
536.25
509.375
423.75
368.75
256.875
234.375
203.125
165
122.5
58.75
31.25
11.25
3.75
1.875
4.375
1.25
0
0
0
0
0
0
0
0
0
0
2.5
0
