svsl Ir Ir 2.73612 2728614660509309612990693826887680.00000 686789783996585891951742742953984.00000
0.16669 0.83331 0.75000 0.16663 -0.16663 0.50000

4
-10192095983105874622481201889280.00000
1.00000 -0.34641 0.00000 
-0.34641 0.60000 0.00000 
0.00000 0.00000 0.00000 

-3537902936503996934638020853760.00000
-0.57735 1.00000 0.00000 
1.00000 0.57735 0.00000 
0.00000 0.00000 0.00000 

23297584302110316.00000
0.00000 0.00000 1.00000 
0.00000 0.00000 -0.57735 
1.00000 -0.57735 0.00000 

4118501579382095719268947540836352.00000
0.00000 0.00000 0.00000 
0.00000 0.00000 0.00000 
0.00000 0.00000 1.00000 

-8149485040749280908167367098368.00000 -7256185442678225534604804096.00000 23297584302110316.00000 
-7256185442678225534604804096.00000 -8157865838865603290654375411712.00000 -13450861726642606.00000 
23297584302110316.00000 -13450861726642606.00000 4118501579382095719268947540836352.00000 

---------------

svsl Ir Ir 2.75091 -8255368350276299964590290108416.00000 2055122887993437906937696221134848.00000
0.33331 0.66669 0.25000 0.50000 0.50000 0.00000

4
-10319484046009990741139172360192.00000
1.00000 -0.34641 0.00000 
-0.34641 0.60000 0.00000 
0.00000 0.00000 0.00000 

-4170352019907611404288309329920.00000
-0.24744 1.00000 0.00000 
-0.14286 0.24744 0.00000 
0.00000 0.00000 0.00000 

-4170352019907615907887936700416.00000
-0.24744 -0.14286 0.00000 
1.00000 0.24744 0.00000 
0.00000 0.00000 0.00000 

4118501579382093413425938327142400.00000
0.00000 0.00000 0.00000 
0.00000 0.00000 0.00000 
0.00000 0.00000 1.00000 

-8255693848595656348787162480640.00000 188833429430909141856026624.00000 0.00000 
188833429425842592275234816.00000 -8255477896898496493828052090880.00000 0.00000 
0.00000 0.00000 4118501579382093413425938327142400.00000 

---------------

svsl Ir Ir 3.87993 1352847879866404697893631120375808.00000 1374665812248700434603814202376192.00000
0.16669 0.83331 0.75000 0.66663 0.33337 0.50000

4
-10201559592962396353561945440256.00000
1.00000 0.34640 0.00000 
0.34640 0.59997 0.00000 
0.00000 0.00000 0.00000 

3534015216912454923282638962688.00000
0.57736 1.00000 0.00000 
1.00000 -0.57733 0.00000 
0.00000 0.00000 0.00000 

144062147829162.78125
0.00000 0.00000 1.00000 
0.00000 0.00000 0.57734 
1.00000 0.57734 0.00000 

4118501579382092836965186023718912.00000
0.00000 0.00000 0.00000 
0.00000 0.00000 0.00000 
0.00000 0.00000 1.00000 

-8161143801772795944991998345216.00000 184033927095624695688462336.00000 144062147829162.78125 
184033927095624695688462336.00000 -8160931216514496436932637097984.00000 83172194141157.64062 
144062147829162.78125 83172194141157.64062 4118501579382092836965186023718912.00000 

---------------

svsl Ir Ir 4.45641 4118501579382095142808195237412864.00000 -8274571413803194160255963496448.00000
0.16669 0.83331 0.75000 0.00000 0.00000 -1.00000

2
-8274678639769546905419201380352.00000
1.00000 -0.00002 0.00000 
-0.00002 0.99997 0.00000 
0.00000 0.00000 0.00000 

4118501579382095142808195237412864.00000
0.00000 0.00000 0.00000 
0.00000 0.00000 0.00000 
0.00000 0.00000 1.00000 

-8274678639769546905419201380352.00000 187538768171367852341723136.00000 0.00000 
187538768171367852341723136.00000 -8274464187836840289192818769920.00000 0.00000 
0.00000 0.00000 4118501579382095142808195237412864.00000 

---------------

svsl Ir Ir 4.75608 897559867750811928985729671102464.00000 1602257983859763028967851307302912.00000
0.16669 0.83331 0.75000 0.66663 -0.16663 0.50000

6
-8203170449797211727703647977472.00000
1.00000 0.00000 0.00000 
0.00000 0.00000 0.00000 
0.00000 0.00000 0.00000 

186888230374495156799799296.00000
0.00000 1.00000 0.00000 
1.00000 0.00000 0.00000 
0.00000 0.00000 0.00000 

-23712408699579.42578
0.00000 0.00000 1.00000 
0.00000 0.00000 0.00000 
1.00000 0.00000 0.00000 

-8222573462000298663520357056512.00000
0.00000 0.00000 0.00000 
0.00000 1.00000 0.00000 
0.00000 0.00000 0.00000 

7790974142667674.00000
0.00000 0.00000 0.00000 
0.00000 0.00000 1.00000 
0.00000 1.00000 0.00000 

4118501579382135495060856477057024.00000
0.00000 0.00000 0.00000 
0.00000 0.00000 0.00000 
0.00000 0.00000 1.00000 

-8203170449797211727703647977472.00000 186888230374495156799799296.00000 -23712408699579.42578 
186888230374495156799799296.00000 -8222573462000298663520357056512.00000 7790974142667674.00000 
-23712408699579.42578 7790974142667674.00000 4118501579382135495060856477057024.00000 

---------------

svsl Ir Ir 4.76475 -8174679600800199745895481212928.00000 2055163340871335916210834030723072.00000
0.83331 0.66669 0.25000 1.00000 0.50000 0.00000

3
-10218748924368233310016679968768.00000
1.00000 0.34640 0.00000 
0.34640 0.59997 0.00000 
0.00000 0.00000 0.00000 

3539972192461987917631768756224.00000
0.57736 1.00000 0.00000 
1.00000 -0.57733 0.00000 
0.00000 0.00000 0.00000 

4118501579382093413425938327142400.00000
0.00000 0.00000 0.00000 
0.00000 0.00000 0.00000 
0.00000 0.00000 1.00000 

-8174893785515150632218110459904.00000 186606644093490386809389056.00000 0.00000 
186606644092927436855967744.00000 -8174683454708842511264582205440.00000 0.00000 
0.00000 0.00000 4118501579382093413425938327142400.00000 

---------------

svsl Ir Ir 5.23709 2979871430407476584325676210847744.00000 561054171244415298051496294219776.00000
0.83331 0.16669 0.25000 -0.50000 -0.50000 -1.00000

6
-10326130759816672941049510887424.00000
1.00000 -0.34641 0.00000 
-0.34641 0.60000 0.00000 
0.00000 0.00000 0.00000 

-4173038246363998434649274580992.00000
-0.24744 1.00000 0.00000 
-0.14286 0.24744 0.00000 
0.00000 0.00000 0.00000 

-31012510202634684.00000
0.00000 0.00000 1.00000 
0.00000 0.00000 0.00000 
-0.50000 0.86603 0.00000 

-4173038706234857645463771807744.00000
-0.24744 -0.14286 0.00000 
1.00000 0.24744 0.00000 
0.00000 0.00000 0.00000 

38671177364667488.00000
0.00000 0.00000 0.00000 
0.00000 0.00000 1.00000 
0.86603 0.50000 0.00000 

4118501579382135495060856477057024.00000
0.00000 0.00000 0.00000 
0.00000 0.00000 0.00000 
0.00000 0.00000 1.00000 

-8261011110514167623450204569600.00000 188909889858995683919396864.00000 -31012510202634684.00000 
188384323053009670181486592.00000 -8260795375313557037186287665152.00000 38671177364667488.00000 
48996476016065872.00000 -7522015739010332.00000 4118501579382135495060856477057024.00000 

---------------

svsl Ir Ir 5.50182 0.00000 -17503631712373989961356546817392640.00000
0.16669 0.83331 0.75000 -1.00000 -1.00000 0.00000

4
0.00000
1.00000 -0.34641 0.00000 
-0.34641 0.60000 0.00000 
0.00000 0.00000 0.00000 

-7123758111768346829662741644587163535187348815872.00000
-0.24744 1.00000 0.00000 
-0.14286 0.24744 0.00000 
0.00000 0.00000 0.00000 

7123758111768346829662741644587163535187348815872.00000
-0.24744 -0.14286 0.00000 
1.00000 0.24744 0.00000 
0.00000 0.00000 0.00000 

-35007263424747961475969019925233664.00000
0.00000 0.00000 0.00000 
0.00000 0.00000 0.00000 
0.00000 0.00000 1.00000 

0.00000 -8141439540589390313979249436216532278984392572928.00000 0.00000 
8141439540589390313979249436216532278984392572928.00000 0.00000 0.00000 
0.00000 0.00000 -35007263424747961475969019925233664.00000 

---------------

