0.002974 -0.001639 -0.002739
0.005287 0.004927 0.003578
-0.002359 0.004307 -0.001103
0.006418 0.007664 0.001467
0.002933 0.003321 -0.003047
0.002379 0.002974 -0.005100
0.005299 0.002732 0.008731
-0.000071 0.004612 0.006380
0.007902 0.005690 -0.003940
0.006288 0.006153 -0.008731
0.000229 -0.004240 -0.005307
0.004611 0.006277 -0.000361
-0.000379 0.000032 -0.002264
-0.008350 -0.002046 -0.001358
0.001607 -0.008305 -0.005999
-0.007426 0.003199 0.005300
-0.005896 0.001473 0.000030
0.002703 -0.001575 0.002643
-0.006066 -0.004824 0.002280
0.001464 -0.003551 0.004007
-0.003882 -0.008059 -0.001059
-0.002630 -0.003492 0.008106
-0.004529 -0.001749 -0.002123
0.001373 -0.004384 0.003230
-0.006043 0.000740 0.004728
-0.001509 0.002895 0.001080
0.003108 -0.001110 -0.005052
-0.003122 0.002434 0.002249
-0.000604 -0.004820 -0.000645
-0.002206 -0.006233 -0.001019
0.001873 -0.001784 0.002087
-0.001378 -0.001619 -0.006051
