-0.005458 -0.001963 -0.005361
-0.002892 -0.010703 -0.003878
-0.006493 -0.003408 -0.005322
0.005057 0.002762 -0.005505
0.009295 -0.000604 -0.005376
-0.004643 0.010344 -0.002656
-0.008874 -0.001197 0.009551
-0.001026 0.006371 0.000322
0.001164 -0.004546 0.003203
0.008649 0.007872 -0.001796
-0.000186 -0.004158 0.003834
0.009326 -0.003050 0.011043
0.003605 -0.010344 0.004320
0.006208 -0.004895 -0.016324
-0.002722 0.011086 0.000058
-0.005015 0.001585 0.013133
0.005962 -0.010344 0.001371
-0.004517 -0.004397 -0.000427
-0.004814 0.013117 -0.001740
0.004497 0.003190 -0.003550
0.005973 0.006400 0.004932
-0.000391 0.015867 0.018080
0.009703 0.008993 0.005370
-0.005203 0.003865 0.009028
0.003112 -0.013424 0.000777
-0.007775 0.002408 0.009807
0.007645 -0.003444 -0.003845
-0.003971 -0.009940 -0.001237
0.001751 -0.001062 -0.016100
-0.010675 -0.008278 0.001202
0.002341 0.001187 -0.015273
-0.009635 0.000710 -0.007642
