2176.0000 0.05 1
1.11111
4.44444
11.1111
2.22222
11.1111
4.44444
13.3333
11.1111
20
11.1111
6.66667
11.1111
24.4444
23.3333
17.7778
23.3333
26.6667
18.8889
13.3333
34.4444
16.6667
11.1111
2.22222
10
14.4444
16.6667
34.4444
40
23.3333
40
11.1111
26.6667
17.7778
31.1111
24.4444
32.2222
26.6667
27.7778
40
24.4444
32.2222
46.6667
36.6667
47.7778
70
55.5556
56.6667
41.1111
80
106.667
95.5556
126.667
127.778
138.889
148.889
144.444
161.111
192.222
192.222
202.222
214.444
267.778
192.222
230
232.222
288.889
237.778
278.889
253.333
261.111
292.222
300
317.778
337.778
318.889
350
286.667
345.556
300
313.333
294.444
304.444
288.889
280
312.222
268.889
251.111
285.556
294.444
297.778
313.333
316.667
320
310
337.778
316.667
316.667
295.556
292.222
298.889
303.333
287.778
332.222
357.778
318.889
358.889
375.556
356.667
355.556
352.222
336.667
291.111
255.556
215.556
177.778
162.222
188.889
241.111
264.444
333.333
348.889
397.778
413.333
402.222
428.889
412.222
447.778
404.444
380
356.667
342.222
373.333
347.778
396.667
383.333
371.111
386.667
432.222
404.444
456.667
408.889
410
404.444
360
358.889
374.444
371.111
374.444
431.111
415.556
416.667
436.667
403.333
338.889
354.444
322.222
348.889
314.444
326.667
260
284.444
257.778
267.778
264.444
242.222
224.444
274.444
211.111
243.333
217.778
232.222
258.889
218.889
246.667
234.444
214.444
206.667
227.778
176.667
206.667
175.556
200
173.333
174.444
257.778
230
237.778
212.222
215.556
168.889
176.667
196.667
257.778
238.889
226.667
270
241.111
222.222
266.667
347.778
340
320
301.111
332.222
307.778
331.111
381.111
408.889
434.444
427.778
443.333
436.667
505.556
482.222
503.333
472.222
433.333
348.889
314.444
226.667
120
8.88889
1.11111
0
0
0
0
0
0
0
0
0
0
0
0
0
0
0
0
0
0
0
0
0
0
0
2.22222
2.22222
2.22222
0
2.22222
4.44444
2.22222
2.22222
3.33333
2.22222
0
4.44444
2.22222
8.88889
2.22222
0
2.22222
2.22222
2.22222
1.11111
2.22222
0
0
2.22222
0
2.22222
0
