-0.002552 0.011750 0.011037
-0.008386 -0.000998 -0.002637
-0.001988 0.019280 -0.000243
0.012813 0.006654 -0.002156
0.006473 0.006022 -0.023720
-0.008159 0.000829 -0.001417
0.001091 0.003101 0.003380
0.004373 -0.027502 -0.003082
0.007320 -0.011871 -0.001023
-0.008966 -0.012960 -0.002313
0.013687 -0.010069 0.000642
-0.010524 -0.006125 -0.004072
0.003403 -0.008318 0.003647
0.004939 -0.019966 -0.000224
-0.002293 -0.000824 -0.003529
0.011060 -0.010986 0.003513
0.000342 0.011866 0.011876
-0.011087 0.000765 0.001217
-0.001106 0.018469 -0.000236
0.010667 0.008719 -0.003373
0.000370 0.015975 -0.004284
-0.009132 -0.000099 -0.002996
-0.000623 0.001474 0.000598
0.001228 -0.016056 -0.002194
-0.005750 -0.010527 -0.000653
-0.010799 -0.004806 -0.001905
0.008218 -0.004947 0.000561
-0.010486 -0.005985 -0.001102
0.003047 -0.007100 0.003478
0.003333 -0.019572 -0.001617
0.000334 0.005750 0.001497
0.017274 -0.019557 0.002829
-0.000474 0.011266 0.012215
-0.010358 0.000733 0.001820
-0.001085 0.018207 0.002083
0.010568 0.008304 -0.003206
-0.001328 0.015965 -0.006183
-0.008075 0.000649 -0.002583
0.009262 -0.007714 0.021969
0.000502 -0.016111 -0.002736
-0.005744 -0.010597 -0.001470
-0.010595 -0.004962 -0.001862
0.011675 -0.005975 0.000598
-0.010890 -0.005839 -0.005905
0.002262 -0.006387 0.003179
0.003134 -0.019181 0.000370
-0.006491 -0.000959 0.001119
0.013108 -0.011272 0.002467
0.050406 -0.019616 0.080326
0.000153 0.001283 0.001669
-0.002351 0.020324 0.000998
0.012120 0.008222 -0.002038
-0.002966 0.017040 -0.007600
-0.009180 0.003392 0.000947
0.000826 0.004196 0.004145
0.007228 -0.015236 0.001499
-0.006709 -0.012250 -0.000892
-0.009540 -0.000541 -0.001974
0.012386 -0.004701 0.006341
-0.007774 -0.005584 -0.002684
0.003234 -0.009745 0.003527
0.016163 0.031547 0.000643
-0.004252 0.000725 0.001654
0.014186 -0.006350 0.004735
0.000407 0.011288 0.012247
-0.008877 0.002062 0.000295
-0.001972 0.019243 0.001339
0.011928 0.007445 -0.003938
-0.001535 0.013562 -0.002079
-0.008738 0.000614 -0.001594
-0.000126 0.003810 0.004813
-0.001699 -0.015698 -0.002853
-0.003051 -0.012248 -0.001809
-0.012479 -0.006991 -0.001915
0.010705 -0.006954 0.000409
-0.010258 -0.005528 -0.003114
0.008716 -0.008028 0.003842
0.004842 -0.019508 -0.000688
-0.003012 -0.001234 0.006764
0.013847 -0.010887 0.002354
-0.000482 0.011010 0.011745
-0.007892 0.000947 0.000555
-0.001177 0.019542 0.000276
0.010843 0.008447 -0.003233
-0.000989 0.015366 -0.006960
-0.010690 -0.000779 -0.005308
-0.001440 0.004600 0.005137
-0.000423 -0.013185 -0.002723
-0.002401 -0.012097 -0.000868
-0.005233 -0.007139 -0.005267
0.010755 -0.007647 0.000570
-0.007837 -0.004662 -0.002906
0.004631 -0.007354 0.004101
0.001727 -0.019743 -0.000493
-0.004226 0.000909 0.001939
0.024190 -0.011841 0.003481
-0.002917 0.010681 0.011524
-0.007601 0.001799 -0.000179
-0.001182 0.019125 0.000546
0.013846 0.006485 0.000676
-0.001179 0.016301 -0.005549
-0.006550 0.004501 -0.005815
0.002772 -0.000642 0.008170
0.007321 -0.000770 -0.002610
0.006380 -0.011351 -0.001483
-0.005344 -0.006064 0.000569
0.022608 -0.005974 0.000544
0.012099 -0.015361 -0.005656
0.083329 -0.032659 0.004425
0.001883 -0.019647 -0.000938
-0.004206 0.000454 0.001574
0.013061 -0.011774 0.002681
-0.000612 0.010310 0.012702
-0.010922 0.001433 0.002187
-0.001807 0.019544 0.001141
0.012597 0.007891 -0.002505
0.001135 0.012829 -0.009151
0.000250 0.010191 -0.019907
0.000605 0.002981 0.005153
0.004385 -0.015466 -0.004780
-0.005730 -0.011959 -0.001321
-0.011571 -0.004632 -0.001549
0.011726 -0.003340 -0.006926
-0.008556 -0.006589 -0.003787
0.004168 -0.009973 0.003515
0.003911 -0.019005 -0.000528
0.007138 -0.001040 0.001649
0.015158 -0.008252 0.001369
0.000158 0.003100 -0.005357
0.007236 0.007377 -0.001928
-0.007711 0.009797 0.001650
0.006553 0.022851 -0.001261
-0.002962 -0.000183 -0.001067
0.002177 0.004311 -0.010355
-0.006249 -0.004797 0.004351
0.002093 0.004475 -0.000056
-0.001321 0.007612 -0.001736
0.017611 -0.010542 0.003364
-0.008002 0.009980 0.002035
-0.004072 -0.000891 0.000453
0.013135 -0.005960 -0.000617
-0.004502 -0.003836 0.004405
0.020020 -0.010068 0.001941
-0.004758 -0.046375 0.000771
-0.000072 0.001879 -0.004444
0.006516 0.008282 -0.004812
-0.008989 0.010096 0.002983
0.007977 0.024757 0.000150
0.000425 -0.003779 -0.000822
-0.000225 0.003956 -0.008620
-0.010809 -0.002623 -0.000052
0.001083 0.006920 0.000075
-0.000965 0.007906 -0.001171
0.015916 -0.010330 0.003191
-0.009398 0.010652 0.001724
-0.009645 -0.002067 0.000055
0.012091 -0.007346 -0.000025
0.005431 -0.004787 0.004503
0.008563 -0.009389 0.002676
-0.015312 -0.011688 0.000205
0.000327 0.003053 -0.005113
0.014218 0.008883 -0.003002
-0.009435 0.010433 0.001837
0.005399 0.022929 -0.001746
0.000256 -0.003397 -0.000309
0.002128 0.005138 -0.010113
-0.009299 -0.002824 0.000319
0.002753 0.005280 0.000129
-0.000747 0.008903 -0.004114
0.019413 -0.011368 0.002970
-0.008909 0.009912 0.002068
-0.003999 -0.001586 0.000308
0.041509 -0.007766 0.000165
-0.003758 -0.005928 0.004372
0.009376 -0.009314 0.002229
-0.015736 -0.011966 0.002088
0.000746 0.002860 -0.005971
0.007109 0.008126 -0.002845
-0.002953 0.019257 0.019440
0.006150 0.022514 -0.002860
-0.000914 -0.003313 -0.000258
0.001159 0.004549 -0.009775
-0.009676 -0.001977 -0.001872
0.004464 0.008663 -0.002885
-0.000236 0.008429 -0.002411
0.021188 -0.012039 0.003016
-0.009803 0.009050 -0.001554
-0.004991 -0.000207 0.000754
0.011969 -0.007017 0.000298
-0.004509 -0.005687 0.003755
0.011317 -0.012713 0.002972
-0.018332 -0.011510 -0.000485
-0.002822 0.005620 -0.003879
0.009420 0.011596 0.000367
-0.010530 0.010869 0.002044
0.007437 0.022996 -0.001325
-0.000165 -0.002883 -0.000712
0.001416 0.005107 -0.009614
-0.009465 -0.001706 0.000726
0.002969 0.005913 0.000169
0.000653 0.007219 -0.002318
0.019516 -0.011091 0.003186
-0.006493 0.010218 0.001865
-0.009496 -0.001154 -0.000748
0.011433 -0.003869 0.000238
-0.003356 -0.004170 0.004086
0.008908 -0.010486 0.002012
-0.015254 -0.011558 0.001763
-0.000874 0.004085 -0.006216
0.007813 0.006335 -0.002261
-0.010797 0.010118 0.004368
0.004005 0.022061 -0.002635
-0.000498 -0.002049 0.000716
0.000662 0.003555 -0.011353
-0.007917 -0.002310 0.000308
0.001891 0.005345 0.001994
-0.004070 0.008181 -0.001357
0.015529 -0.011723 0.003112
-0.007701 0.009023 0.002514
-0.004713 -0.001831 -0.000265
0.012308 -0.006242 -0.000128
-0.002975 -0.003741 0.004258
0.007518 -0.010706 0.002601
-0.017264 -0.012400 0.001172
0.051598 0.031546 -0.058738
0.006128 0.009744 -0.003295
-0.007774 0.014414 0.005931
-0.002566 0.023144 0.000506
0.052450 0.026884 0.054328
0.052258 -0.023556 -0.069234
-0.005924 -0.001640 0.002400
0.009897 0.006003 0.001680
-0.009588 0.007573 -0.003803
0.015844 -0.012661 0.003224
0.003729 -0.000915 0.001793
-0.576251 0.010520 -0.009506
0.010395 -0.004225 0.000510
0.038864 0.021218 0.003278
0.011862 -0.005211 0.001959
-0.018095 -0.011666 0.001179
-0.001534 0.003369 -0.005354
0.005209 0.010210 -0.003021
-0.010748 0.012658 0.000170
0.008065 0.024131 -0.000919
0.000473 -0.002973 0.000359
-0.001245 0.003234 -0.010132
-0.001099 -0.002021 -0.000055
0.003478 0.004467 0.000256
-0.001865 0.006760 -0.000719
0.021209 -0.012204 0.003160
-0.009605 0.009394 0.004974
-0.005947 -0.000202 -0.000990
0.034052 -0.004053 -0.000238
-0.003362 -0.006268 0.005121
0.010096 -0.012923 0.000783
-0.017041 -0.012293 0.001567
