2176.0000 0.05 1
1.875
3.75
6.25
6.25
7.5
16.25
8.75
7.5
17.5
15
14.375
16.25
25
16.25
6.25
31.25
23.125
18.125
30
8.75
10
13.125
10
10
16.25
20
25
30
37.5
19.375
23.75
27.5
13.75
26.875
20.625
29.375
21.25
42.5
43.125
30.625
37.5
56.25
47.5
45.625
41.875
67.5
54.375
49.375
85
91.875
98.75
124.375
136.875
135.625
138.75
153.125
181.875
151.875
158.125
200.625
176.25
176.25
231.25
253.125
270
235
236.875
279.375
291.875
311.25
295.625
321.25
301.875
310.625
325.625
340
338.75
363.75
317.5
354.375
370
365
332.5
356.875
333.75
380
310.625
297.5
303.125
286.25
273.75
255.625
232.5
248.75
252.5
297.5
206.875
250
311.875
293.75
320
308.75
310.625
296.875
249.375
293.75
311.875
293.75
326.875
274.375
281.25
302.5
272.5
321.25
289.375
318.125
246.25
301.25
351.875
317.5
315.625
316.25
326.25
363.125
342.5
380
401.875
381.25
388.125
391.875
396.875
430
450
472.5
451.875
440.625
452.5
440.625
446.875
416.875
405
428.125
381.25
360
316.25
353.75
326.875
312.5
316.875
328.125
305
275.625
215
256.875
250.625
301.875
280
247.5
271.25
225
317.5
290
327.5
303.125
303.125
290
285
295.625
351.25
290.625
325.625
351.875
371.875
353.125
260.625
290.625
213.125
288.125
346.25
265.625
264.375
266.875
258.75
236.875
244.375
250
262.5
328.75
238.75
228.125
236.25
226.25
178.125
248.75
256.25
281.25
255
306.875
253.125
265
256.25
206.875
203.75
268.125
255
326.25
344.375
344.375
354.375
275
367.5
294.375
510
538.125
507.5
426.25
365.625
263.75
231.875
201.875
166.25
123.75
56.25
33.125
11.25
3.75
1.25
4.375
1.25
0
0
0
0
0
0
0
0
0
0
2.5
0
