0.009786 0.002553 0.000785
-0.004063 0.000446 0.002156
0.010423 0.007298 0.001580
0.002080 0.001167 -0.003317
0.009111 0.003809 -0.003674
-0.000633 -0.000530 -0.000253
-0.007615 -0.006179 -0.004186
-0.005070 0.004901 -0.000036
-0.001719 -0.006762 -0.008182
0.008125 -0.004863 -0.002826
-0.002979 -0.001988 0.003821
-0.006004 -0.003503 0.002391
-0.001670 -0.004464 0.010647
-0.005758 0.000213 -0.000800
0.005052 0.000330 -0.004708
0.002416 -0.002348 0.000152
0.010626 0.001110 0.001251
-0.004462 0.000185 0.001926
0.010809 0.004554 -0.000531
0.002061 -0.000032 -0.003480
0.008062 0.002820 -0.003365
-0.001312 -0.003602 -0.000443
-0.003985 -0.000118 -0.003528
-0.005199 0.004744 0.000136
-0.005844 -0.003865 -0.012517
0.004094 0.001006 -0.001392
-0.003381 -0.003034 0.004539
-0.006436 -0.002057 0.003534
-0.001557 -0.006153 0.008902
-0.005985 0.000866 -0.000538
0.005607 -0.000390 -0.004723
0.002612 -0.000882 0.001278
0.011963 0.002725 0.001883
-0.001591 -0.006857 -0.002555
0.009696 -0.016813 0.024516
0.000311 -0.000054 -0.001813
0.012873 -0.002453 0.001140
0.000060 0.002471 -0.000446
-0.004968 -0.001579 -0.005440
-0.004471 0.005667 0.000117
-0.006505 0.000625 -0.007410
0.006906 -0.001239 -0.002577
-0.003677 -0.002124 0.004430
-0.007236 -0.001071 0.003224
-0.001551 -0.005190 0.009931
-0.006580 0.001624 -0.001043
0.005941 0.001011 -0.004873
0.002558 -0.002297 0.001105
0.011054 0.002009 0.000680
-0.005451 -0.001124 0.001689
0.010591 0.002965 0.000993
0.002093 -0.000294 -0.003311
0.008537 0.002674 -0.003327
-0.001136 -0.002689 -0.000441
-0.004082 -0.001543 -0.004778
-0.005081 0.004709 0.000389
-0.009651 0.001454 -0.007650
0.004311 0.000051 -0.002605
-0.003183 -0.001820 0.005494
-0.005936 -0.003062 0.001821
-0.001524 -0.005487 0.010382
-0.005847 0.000010 -0.000790
0.004034 0.000886 -0.005593
0.000842 -0.001045 -0.000076
0.010581 0.003561 0.001601
0.000280 -0.007138 -0.001502
0.010655 0.004932 -0.000840
0.002244 -0.000158 -0.002747
0.007784 0.003679 -0.004197
-0.000973 -0.003533 -0.000380
-0.007760 -0.006753 -0.000273
-0.004816 0.004186 0.000270
-0.009473 0.002400 -0.008905
0.008379 -0.006226 0.001989
-0.003408 -0.001565 0.004346
-0.006036 -0.002040 0.000840
-0.001590 -0.005831 0.009103
-0.006047 -0.000102 -0.000404
0.003780 0.000896 -0.005529
0.002431 -0.002763 0.000909
0.010521 0.001993 0.001200
-0.005780 -0.001420 0.001671
0.010313 0.004406 -0.000852
0.003507 0.001162 -0.003562
0.009601 0.003717 -0.003086
-0.002029 -0.002831 -0.000697
-0.004281 -0.000842 -0.006196
-0.024936 -0.013560 0.000519
-0.005480 -0.004079 -0.002690
0.004375 0.000925 -0.003849
-0.003807 0.001032 0.004619
-0.000496 -0.013553 0.005658
-0.001713 -0.028285 -0.020123
0.033559 -0.033021 -0.000281
0.019309 -0.013979 -0.005010
0.003815 -0.003453 0.002343
0.010635 0.002108 0.001037
-0.006053 -0.000427 0.002522
0.010416 0.003333 0.000322
0.001921 0.001623 -0.003682
0.008205 0.003412 -0.003867
-0.000888 -0.004312 -0.000335
-0.003468 -0.001958 -0.004914
-0.004754 0.005910 0.000073
-0.009443 0.000604 -0.007738
0.004204 -0.000830 -0.002556
-0.003438 -0.001946 0.004115
-0.007210 -0.002390 0.002882
-0.001437 -0.005154 0.009969
-0.006824 0.001427 -0.000619
0.005482 0.000200 -0.005260
0.003783 -0.001055 0.001536
0.009446 -0.000672 0.000358
-0.005985 -0.000407 0.002431
0.009534 0.004363 -0.001276
0.001320 0.001090 -0.002728
0.013099 -0.002504 0.000153
-0.002286 -0.002663 -0.000916
-0.007800 -0.007344 -0.009767
0.016603 -0.015103 0.000136
-0.008731 0.002020 -0.006496
0.008324 -0.006332 -0.007396
-0.003147 -0.001105 0.004585
-0.010453 -0.012100 -0.001302
-0.002205 -0.001893 0.008174
-0.004724 0.003571 -0.000222
-0.014744 -0.017908 -0.005804
0.002564 -0.001585 0.001024
-0.012892 -0.001803 0.003114
0.004824 -0.005721 0.001501
-0.002523 0.001464 0.002493
-0.004398 0.003486 0.002321
-0.003601 0.005027 -0.001641
0.010887 -0.010854 -0.004468
0.003475 0.001059 -0.002706
0.003314 -0.000443 -0.000254
0.010063 0.005214 0.003315
-0.002206 0.005682 -0.005977
0.002765 0.002914 0.005427
-0.022369 -0.003726 -0.005429
0.002947 0.006098 0.011419
-0.000343 -0.007907 -0.010457
0.015586 -0.002731 0.000476
-0.006865 0.002018 0.006686
-0.012993 -0.002372 0.002911
0.004539 -0.004263 0.000940
-0.002009 0.000863 0.001994
-0.004454 0.004336 0.000635
-0.003636 0.007234 -0.001247
0.005874 -0.001770 -0.001182
0.004783 0.000481 -0.002767
0.002948 0.001168 0.001307
0.009378 0.001992 -0.001912
-0.001014 -0.023986 -0.023610
0.002398 0.003184 0.005469
-0.023834 -0.003753 -0.004244
0.002127 0.005275 0.012646
-0.000743 -0.008826 -0.009296
0.014573 -0.004483 -0.004342
-0.005521 0.000546 0.007667
-0.013964 -0.000283 0.003674
-0.014337 0.438798 0.000469
-0.002233 0.001829 0.002423
-0.003983 0.003562 0.002323
-0.004174 0.005471 -0.001255
0.002408 -0.009672 0.003714
-0.000530 -0.005354 -0.006182
0.003566 0.001106 -0.000473
0.009783 0.006227 0.002591
-0.000514 -0.006939 -0.006364
0.002798 0.003779 0.005252
-0.020963 -0.007127 -0.006841
0.002261 0.003733 0.011562
-0.000262 -0.007057 -0.009302
0.015909 0.000500 0.000293
-0.011442 -0.005466 0.009781
-0.012943 -0.001622 0.002627
0.004442 0.008612 0.001074
-0.001974 0.001038 0.002296
-0.004168 0.002167 0.002500
-0.003243 0.005906 -0.001620
0.005546 -0.001135 -0.002152
0.004784 -0.000893 -0.004732
0.003025 -0.000225 -0.000160
0.009896 0.006367 0.002907
-0.000904 -0.006806 -0.006283
0.002917 0.002862 0.005347
-0.022895 -0.005071 -0.005113
0.003099 0.005896 0.011306
-0.000636 -0.006607 -0.011029
0.019054 0.001622 0.000124
-0.005304 0.000135 0.007928
-0.013135 -0.001134 0.002720
0.004600 -0.004268 0.001380
-0.002227 0.001273 0.002292
-0.004636 0.004366 0.003608
-0.003853 0.013099 -0.001668
0.006166 -0.001862 -0.000491
0.004901 -0.000976 -0.004396
0.002644 0.001317 -0.001649
0.009852 0.004404 0.001755
-0.001012 -0.023730 0.011693
0.003256 0.002298 0.005201
-0.021462 -0.004054 -0.005346
0.001844 0.005757 0.010881
-0.000237 -0.011094 -0.006435
0.018449 0.002664 -0.000783
-0.005556 0.001375 0.006339
-0.011748 0.002130 0.003432
0.004805 -0.004274 0.001934
-0.004411 0.004312 0.002335
-0.008385 -0.006100 -0.002756
-0.003538 0.005320 -0.001604
0.005971 0.000178 -0.001182
-0.000268 -0.005458 -0.007466
-0.001351 -0.010747 0.004158
0.009235 0.010011 0.000662
-0.001097 -0.029192 0.016758
-0.019773 -0.011998 0.005529
-0.022327 -0.004315 -0.004710
0.001612 -0.024482 0.013552
-0.001572 -0.023234 0.014684
0.014457 -0.005410 0.005085
-0.007771 0.002455 0.006316
-0.013950 -0.000408 0.002136
0.004536 -0.003783 0.001088
-0.002006 0.001567 0.002895
-0.004119 0.004830 0.002641
-0.003255 0.006123 -0.001436
0.005857 -0.001167 0.000169
0.004670 -0.000026 -0.003551
0.003484 0.000189 -0.000341
0.010264 0.006225 0.002151
-0.000825 -0.005228 -0.006344
0.002896 0.003682 0.005303
-0.022576 -0.003685 -0.005699
0.002326 0.003436 0.011840
-0.000420 -0.007159 -0.009975
0.019207 0.000942 -0.000043
-0.005484 0.001166 0.006199
0.003070 -0.011416 0.004350
0.004598 -0.004288 0.000630
-0.013272 -0.003718 0.001884
-0.001017 -0.005048 0.007286
-0.003805 0.009998 -0.001253
0.005935 -0.002129 -0.001012
0.003450 -0.000019 -0.003762
0.006907 -0.009178 -0.004396
0.009769 -0.008476 -0.018684
-0.000607 -0.029117 -0.029111
0.002082 0.006524 0.005174
-0.022352 -0.004324 -0.005423
0.002228 -0.021554 0.009738
0.000002 -0.002456 -0.009097
0.018190 0.002518 0.001163
-0.010261 -0.004505 0.010130
