2176.0000 0.05 1
1.875
3.75
6.25
6.25
7.5
16.25
8.75
7.5
17.5
15
14.375
16.25
25
16.25
6.25
31.25
23.125
18.125
28.75
10
10
13.125
10
10
16.25
20
25
30
37.5
19.375
25
26.25
13.75
26.875
21.875
28.125
21.25
42.5
43.125
30.625
37.5
56.25
47.5
45.625
41.875
67.5
55.625
48.125
84.375
92.5
98.75
124.375
137.5
135
138.125
155.625
179.375
153.75
157.5
200
176.25
174.375
232.5
253.125
268.125
237.5
236.875
277.5
293.75
311.875
296.25
320
304.375
311.875
321.25
339.375
339.375
363.125
316.875
355.625
368.125
366.875
332.5
360
333.75
378.125
313.125
294.375
301.875
289.375
273.125
253.125
232.5
248.75
253.75
300
205.625
248.75
313.75
294.375
319.375
306.875
309.375
298.75
251.25
292.5
310.625
295
329.375
272.5
279.375
305
270
320.625
291.25
318.75
246.25
298.75
353.75
315.625
316.25
315
327.5
363.125
343.75
380.625
399.375
376.875
391.875
395
393.75
432.5
448.75
471.875
451.25
441.875
454.375
437.5
448.125
417.5
403.75
430
382.5
357.5
318.125
350.625
329.375
310.625
316.875
328.75
303.75
276.875
217.5
255
248.75
301.875
282.5
243.75
274.375
227.5
319.375
283.75
331.875
300
304.375
290
286.25
295
350.625
291.875
320
353.75
373.75
355.625
261.25
285.625
213.125
290.625
343.75
266.875
264.375
265
258.125
239.375
246.25
248.125
263.125
326.875
241.25
226.25
237.5
226.25
178.75
248.75
253.75
282.5
255.625
305
256.875
262.5
255.625
208.75
201.25
271.875
253.75
325
344.375
344.375
353.75
276.875
365.625
295.625
510.625
538.125
510
424.375
365.625
259.375
236.25
201.875
163.75
121.875
59.375
32.5
10
5
1.875
3.75
1.25
0
0
0
0
0
0
0
0
0
0
2.5
0
