2176.0000 0.05 1
1.11111
4.44444
11.1111
2.22222
11.1111
4.44444
13.3333
11.1111
20
11.1111
6.66667
11.1111
24.4444
23.3333
17.7778
23.3333
26.6667
18.8889
13.3333
32.2222
18.8889
11.1111
2.22222
10
14.4444
14.4444
36.6667
37.7778
25.5556
40
11.1111
26.6667
17.7778
31.1111
24.4444
32.2222
26.6667
27.7778
40
24.4444
32.2222
46.6667
36.6667
47.7778
70
57.7778
54.4444
41.1111
80
108.889
93.3333
126.667
127.778
136.667
151.111
146.667
161.111
190
187.778
204.444
216.667
267.778
192.222
230
232.222
288.889
237.778
276.667
255.556
263.333
291.111
301.111
315.556
340
316.667
352.222
284.444
347.778
304.444
306.667
300
298.889
291.111
275.556
314.444
273.333
248.889
287.778
290
300
312.222
318.889
321.111
307.778
337.778
316.667
317.778
292.222
290
303.333
304.444
288.889
332.222
357.778
317.778
357.778
373.333
367.778
344.444
354.444
338.889
293.333
251.111
217.778
173.333
162.222
188.889
241.111
264.444
335.556
347.778
396.667
420
397.778
428.889
414.444
447.778
400
380
358.889
344.444
371.111
347.778
395.556
382.222
382.222
380
430
402.222
456.667
412.222
404.444
408.889
358.889
362.222
374.444
366.667
377.778
434.444
417.778
412.222
432.222
405.556
341.111
350
322.222
351.111
312.222
331.111
255.556
284.444
262.222
272.222
257.778
244.444
220
278.889
211.111
242.222
214.444
234.444
261.111
221.111
240
236.667
212.222
208.889
227.778
174.444
206.667
175.556
200
173.333
175.556
257.778
233.333
233.333
212.222
215.556
170
175.556
196.667
262.222
238.889
222.222
274.444
241.111
224.444
262.222
345.556
342.222
321.111
304.444
325.556
310
331.111
384.444
412.222
425.556
430
446.667
433.333
508.889
473.333
503.333
466.667
430
347.778
316.667
224.444
125.556
14.4444
1.11111
2.22222
0
0
0
0
0
0
0
0
0
0
0
0
0
0
0
0
0
0
0
0
0
4.44444
2.22222
0
2.22222
0
0
2.22222
6.66667
0
5.55556
0
0
4.44444
0
8.88889
4.44444
0
2.22222
2.22222
2.22222
1.11111
2.22222
0
0
2.22222
2.22222
0
