-0.000356 0.009405 0.012204
-0.006331 0.002395 0.002014
-0.002770 0.035514 -0.018849
0.011640 0.006603 -0.001953
-0.001190 0.013638 -0.006265
-0.007551 -0.000304 -0.001122
-0.000290 0.003469 0.004902
0.000202 -0.016986 -0.002153
-0.003998 -0.010933 -0.002048
0.009219 -0.006954 -0.002080
0.008536 -0.002112 -0.005280
-0.009750 -0.006591 -0.003819
0.004093 -0.008411 0.003898
-0.050846 0.041136 -0.002455
-0.003597 0.000347 0.002335
0.014202 -0.011434 0.002747
0.000842 0.010998 0.012618
-0.009871 0.001587 0.000318
-0.001693 0.017760 0.000042
0.010686 0.009731 -0.006811
-0.001195 0.016616 -0.005801
-0.010286 0.001113 -0.003258
0.000285 0.003492 0.004792
0.000137 -0.015677 -0.002274
-0.003205 -0.012634 -0.001288
-0.011994 -0.006703 -0.001578
0.009808 -0.007537 0.000559
-0.009570 -0.006054 -0.003354
0.004314 -0.006246 0.002988
0.003330 -0.018809 -0.001103
-0.003304 0.001939 0.001586
0.012750 -0.001850 0.002848
-0.000685 0.011126 0.012141
-0.009537 0.000728 0.000835
-0.000952 0.018928 0.001439
0.009965 0.024466 0.016433
-0.001039 0.015352 -0.005664
-0.008593 0.001060 -0.001090
-0.000443 0.000929 0.005635
-0.000147 -0.016418 -0.002755
-0.003743 -0.010946 -0.000892
-0.011826 -0.007865 -0.002279
0.012866 -0.002056 0.000544
-0.010493 -0.008615 -0.003330
-0.000623 -0.000007 0.004101
0.003231 -0.018676 -0.000348
-0.002631 0.000633 0.001358
0.013667 -0.011064 0.002856
0.001168 0.019473 0.015732
-0.009717 0.001720 -0.000334
-0.001980 0.019707 0.000776
0.011953 0.009103 -0.002774
0.000688 0.012881 -0.004919
-0.008459 0.001047 -0.002217
0.003655 0.009780 0.001949
-0.002241 -0.018195 -0.002858
-0.002756 -0.011087 -0.000820
-0.011493 -0.006799 -0.001914
0.011142 -0.005801 0.001534
-0.009678 -0.005144 -0.003656
0.005985 -0.007764 0.001019
0.004151 -0.021816 -0.000481
-0.003996 -0.000075 0.002257
0.009165 -0.006685 0.006021
-0.000571 0.011313 0.011508
-0.009142 0.002019 0.000612
-0.001827 0.020081 0.004216
0.012034 0.008208 -0.004316
-0.002308 0.015265 -0.006902
-0.012390 0.005801 -0.002673
0.000018 0.002869 0.004247
0.000303 -0.018642 -0.002901
-0.004125 -0.012664 -0.000600
-0.010070 -0.002485 -0.002106
0.008807 -0.001648 0.006475
-0.009206 -0.006224 -0.003288
0.004325 -0.007460 0.003510
0.003541 -0.019238 0.000115
-0.008658 0.010795 0.000848
0.014759 -0.010596 0.003078
-0.001198 0.011148 0.012566
-0.009075 0.000220 0.001676
-0.001737 0.019980 0.000693
0.012117 0.008077 -0.000857
-0.003278 0.015401 -0.007412
-0.011962 -0.002258 -0.005275
0.002108 0.000582 0.002975
0.000647 -0.013343 -0.002292
-0.004356 -0.010629 -0.001317
-0.009691 -0.007891 -0.002275
0.010354 -0.007981 0.000674
-0.010359 -0.006104 -0.003644
0.007402 -0.006669 0.003485
0.003660 -0.019892 -0.001768
-0.001700 0.006569 0.008316
0.020029 -0.000314 0.002982
-0.000520 0.010756 0.017158
0.024551 0.015298 0.044009
-0.000092 0.018465 0.000235
0.011549 0.007568 -0.003618
0.002804 0.021665 -0.004965
-0.020318 -0.001217 0.009530
0.011424 0.000545 0.014558
-0.020060 -0.017288 -0.004607
-0.011254 -0.634520 -0.009987
-0.008686 -0.007902 -0.001867
0.011425 0.003420 -0.000037
0.011272 0.073103 -0.003613
0.012676 0.002641 0.003727
0.003749 -0.020040 0.000732
-0.001748 0.004103 -0.003139
0.012689 -0.012417 0.002643
-0.002222 0.009085 0.012760
-0.009116 0.001654 0.001164
-0.001487 0.019107 -0.000056
0.012988 0.007023 -0.001960
0.011481 0.013796 -0.015930
-0.008386 -0.002992 -0.000786
-0.001251 0.003000 0.006057
-0.002545 -0.017249 -0.002408
-0.002444 -0.011818 -0.001641
-0.010626 -0.004774 -0.001584
0.011884 -0.007681 -0.000558
-0.010528 -0.005785 -0.002295
0.005697 -0.008788 0.006587
0.003408 -0.019199 -0.001220
-0.003684 0.010445 0.000844
0.009174 -0.006896 0.000356
-0.000054 0.004282 -0.005308
0.008993 0.008774 -0.003224
-0.013550 0.015042 0.003020
0.006151 0.023053 -0.001657
-0.000067 -0.001916 -0.004579
0.002398 0.003760 -0.009535
-0.008489 -0.001392 0.000594
-0.027377 0.023052 -0.031815
-0.001631 0.007889 -0.002541
0.019836 -0.015958 0.006077
-0.008354 0.009243 0.002286
-0.004180 -0.000689 -0.000268
0.011778 -0.005832 0.000342
-0.004323 -0.006773 0.007653
0.007140 -0.006184 0.002337
-0.016864 -0.014624 0.001256
-0.000381 0.003287 -0.005789
0.007652 0.007791 -0.002308
-0.011429 0.010803 0.002426
0.007531 0.024766 -0.002421
-0.000362 -0.002717 0.000562
0.001749 0.004484 -0.008798
-0.009643 -0.002818 0.000783
0.003261 0.005457 -0.000357
-0.000794 0.008102 -0.001643
0.015996 -0.011788 0.003035
-0.008579 0.010575 0.001938
-0.005872 -0.001009 -0.000078
0.011478 -0.004913 -0.000142
-0.002604 -0.004795 0.004372
0.012337 -0.010730 0.002160
-0.017667 -0.011773 0.001716
0.000786 0.002445 -0.004354
0.007373 0.009850 -0.003406
-0.009777 0.011254 0.001628
0.007248 0.023734 -0.001248
0.000880 -0.003055 -0.001370
0.000628 0.002689 -0.010508
-0.008787 -0.001880 0.000623
0.002092 0.004678 0.000280
-0.000404 0.009145 -0.001623
0.014958 -0.015989 0.003404
-0.008812 0.008013 0.001814
-0.005727 0.009078 0.000225
0.012090 -0.007753 0.000197
0.007049 0.015006 0.004267
0.011020 -0.009238 0.002293
-0.016979 -0.012094 0.000890
-0.002050 0.002480 -0.005700
0.005975 0.007569 -0.002564
-0.009513 0.006056 0.000755
0.007145 0.024289 -0.001393
-0.000727 -0.002023 0.000519
0.000525 0.003719 -0.011370
-0.008473 -0.001836 -0.000201
0.003474 0.006003 -0.000086
-0.000842 0.007572 -0.001784
0.019019 -0.013235 0.001228
-0.008536 0.010522 0.002225
-0.005671 -0.001294 -0.000204
0.010100 -0.007030 0.000143
-0.002766 -0.005867 0.004065
0.013785 -0.004609 0.004695
-0.017655 -0.011487 -0.000797
-0.000490 0.004021 -0.001247
0.007084 0.009199 -0.001999
-0.008775 0.009573 0.001309
0.005632 0.023501 -0.001048
0.000320 -0.002138 0.000120
0.000719 0.004584 -0.010367
-0.006203 -0.001157 -0.000253
0.002599 0.005602 -0.001237
-0.001428 0.007604 -0.001904
0.018155 -0.013938 -0.000194
-0.008008 0.010181 0.000708
-0.004165 -0.001185 0.000109
0.012521 -0.006537 -0.000508
-0.004770 -0.006299 0.000793
0.010380 -0.009693 0.002214
-0.016497 -0.011289 0.001528
0.001009 0.001745 -0.001976
-0.021956 0.023505 0.031995
-0.012414 0.007975 0.004564
0.007432 0.023335 -0.003964
0.000881 -0.004182 -0.002735
-0.000020 0.002731 -0.010332
-0.007883 -0.003517 -0.000398
0.003579 0.004936 -0.000879
-0.000368 0.007555 0.000680
0.018542 -0.015846 0.003192
-0.006704 0.009590 0.002139
-0.005341 -0.000542 -0.000517
0.011404 -0.003476 0.000898
-0.005125 -0.003754 0.004521
0.009655 -0.010134 0.002334
-0.016285 -0.012695 0.001077
-0.003399 0.010466 -0.001830
0.007255 0.007834 -0.001434
-0.021136 0.008800 -0.008204
0.005978 0.091133 -0.073569
-0.003707 0.003246 -0.003571
0.003494 0.011905 -0.013873
0.024716 0.018850 -0.039922
0.003402 0.006441 0.001425
-0.001425 0.077455 0.076243
0.019982 -0.013142 0.003305
-0.017036 0.074348 0.000773
-0.004704 0.011088 0.000158
0.011315 -0.003161 -0.000843
-0.017556 0.013330 0.004581
0.010616 0.000754 0.002685
0.028804 0.021398 0.000450
-0.000463 0.003516 -0.005710
0.007999 0.008054 -0.002211
-0.010000 0.010890 0.002690
0.006814 0.022851 -0.001900
-0.000714 -0.003411 -0.000132
0.000498 0.003515 -0.014479
-0.008717 -0.002030 0.001736
0.004145 0.005838 0.000123
-0.000350 0.008814 -0.002353
0.019324 -0.014122 0.004447
-0.008261 0.010475 0.001893
-0.005375 -0.001035 -0.000211
0.010003 -0.005192 -0.000183
-0.003016 -0.005463 0.004124
0.015406 -0.006089 -0.000065
-0.017992 -0.011602 0.003401
