2176.0000 0.05 1
1.875
3.75
6.25
6.25
7.5
16.25
8.75
7.5
16.25
16.25
14.375
16.25
25
16.25
6.25
31.25
23.125
18.125
30
8.75
10
13.125
10
10
16.25
20
25
30
37.5
19.375
23.75
27.5
13.75
26.875
20.625
29.375
21.25
42.5
43.125
30.625
38.75
53.75
48.125
46.25
41.875
66.25
56.875
48.125
85.625
91.25
97.5
125.625
136.875
134.375
140.625
152.5
181.875
153.125
156.875
200.625
176.25
175
234.375
250.625
268.125
240
233.125
278.125
296.25
308.75
296.25
319.375
300.625
313.125
323.125
340.625
342.5
357.5
318.125
353.75
372.5
366.25
330
358.125
333.75
380
314.375
296.25
301.875
287.5
273.75
251.875
233.75
246.25
256.875
298.125
205.625
250
313.125
295
315
309.375
310
301.25
248.75
293.125
311.875
293.125
328.125
272.5
283.125
298.125
276.25
320
292.5
313.125
250.625
298.75
351.25
318.75
315.625
315
326.875
362.5
345
376.875
400.625
380
389.375
394.375
397.5
430.625
450
470.625
451.875
441.875
453.75
434.375
450.625
418.125
404.375
429.375
383.125
355.625
319.375
353.125
327.5
309.375
315
331.875
306.25
275.625
213.75
256.875
250.625
302.5
280.625
245.625
270.625
227.5
319.375
286.875
326.25
305.625
302.5
290.625
285
296.875
346.25
294.375
323.125
353.75
368.75
356.875
260.625
288.125
214.375
289.375
345
266.875
263.125
268.125
258.75
236.25
245
249.375
261.875
327.5
238.75
227.5
241.25
221.25
180
248.75
256.875
280.625
255
307.5
253.125
265.625
255
204.375
205
270
255.625
325
345.625
341.25
356.25
273.125
370
291.875
513.125
534.375
512.5
422.5
366.875
262.5
231.875
204.375
163.125
121.875
62.5
31.25
11.25
3.75
1.25
5
1.25
0
0
0
0
0
0
0
0
0
0
2.5
0
