0.010351 0.001476 0.001050
-0.004148 0.000423 0.002830
0.011662 0.006082 0.000168
0.001829 -0.002245 -0.003133
0.008959 0.005415 -0.002470
-0.000893 -0.004006 -0.000209
-0.003270 -0.000411 -0.004147
-0.004985 0.005453 0.000075
-0.010186 0.003258 -0.008991
0.005204 -0.001640 -0.003157
0.001609 -0.012835 -0.000349
-0.006511 0.006115 0.002215
-0.001084 -0.005387 0.009424
-0.005602 0.000295 -0.001455
0.005318 -0.000366 -0.005080
0.003467 -0.001609 0.000078
0.010774 0.005546 0.002157
-0.008715 -0.004930 0.001402
0.009787 0.004934 0.000276
0.001607 0.000293 -0.003857
0.008158 0.002431 -0.002918
0.000752 -0.002947 0.000377
-0.003945 -0.000514 -0.003182
-0.004754 0.005625 0.000172
-0.013824 -0.005346 -0.005155
0.004913 0.001122 -0.002078
-0.003253 -0.003043 0.004283
-0.005018 -0.019828 -0.014038
-0.000675 -0.005285 0.009367
-0.006026 0.001061 0.000250
0.004448 0.001847 -0.003358
0.002452 -0.002415 0.000502
0.010474 0.001471 0.000978
-0.008827 -0.007308 0.005235
0.056953 -0.035542 -0.002109
-0.002518 0.580018 -0.022126
0.064250 -0.043999 -0.005101
-0.000609 -0.003403 -0.000446
-0.000099 -0.007685 -0.007543
-0.008419 0.006860 0.000549
-0.013696 -0.004336 -0.006173
0.005062 -0.001572 -0.002817
-0.008111 -0.012395 0.009122
-0.007167 -0.002042 0.002345
-0.001337 -0.004595 0.009351
-0.005634 -0.000210 -0.000896
0.004618 0.002133 -0.005329
0.001527 -0.001496 0.001444
0.010918 0.002087 0.001315
-0.003205 0.000682 -0.000325
0.009488 0.003578 0.000371
0.002053 0.009931 -0.003445
0.007629 0.002339 -0.002380
-0.000744 -0.004664 -0.000454
-0.004902 -0.002016 -0.004380
-0.005360 0.004523 0.000070
-0.008544 0.000619 -0.008222
0.005380 -0.000309 -0.003052
-0.004148 -0.001526 0.002784
-0.005970 -0.003372 0.002090
-0.001605 -0.005425 0.009957
-0.005550 0.001138 -0.001333
0.003897 0.000941 -0.005573
0.003911 -0.001993 0.002100
0.010989 0.009180 0.002190
-0.006172 -0.000717 0.001154
0.010443 0.003849 0.000529
0.002529 0.000215 -0.003010
0.007211 0.003569 -0.003895
-0.002648 -0.002894 -0.001157
0.000394 -0.008280 -0.007322
-0.004814 0.005471 0.000481
-0.009613 0.003251 -0.009157
0.004064 -0.042676 0.042610
-0.003246 -0.003065 0.004222
-0.006757 -0.014905 0.014975
-0.000853 -0.005484 0.009572
-0.005161 -0.005570 0.004859
0.004731 0.002660 -0.007182
0.002711 -0.001447 0.001151
0.010428 0.005472 0.002188
-0.004951 -0.000824 0.001265
0.009476 0.005100 -0.000836
0.002145 0.000217 -0.002911
0.008468 0.002078 -0.002737
-0.002103 -0.003523 -0.000991
-0.004231 -0.001849 -0.004753
-0.003651 0.006491 -0.000460
-0.008598 0.001789 -0.008903
0.004837 -0.007657 0.003398
-0.003596 -0.001269 0.004551
-0.005207 -0.013995 0.013723
-0.057488 -0.052898 0.007828
-0.006311 -0.048790 0.056777
0.009039 -0.009306 -0.000976
0.002963 0.006490 0.000984
0.010553 0.002056 0.001256
-0.008101 -0.007591 -0.003415
0.009931 0.004238 0.000103
0.002240 -0.000154 -0.003163
0.007605 0.002462 -0.002600
-0.000804 -0.002249 -0.000474
-0.005176 -0.001257 -0.003698
-0.004747 0.007194 0.000082
-0.008051 0.001503 -0.008606
0.005136 -0.000843 -0.003781
-0.003116 -0.001836 0.005661
-0.007526 -0.001607 0.002961
-0.000518 -0.004433 0.009904
-0.005760 0.000742 -0.001754
0.005387 0.000274 -0.004948
0.001796 -0.001468 0.000312
0.011160 0.009078 0.002319
-0.004513 -0.000871 0.001211
0.009271 0.004645 -0.000766
0.002383 0.000099 -0.003619
0.007411 0.003433 -0.002528
-0.001865 -0.003328 -0.000964
-0.004395 -0.001390 -0.004245
-0.006556 0.006360 0.000444
-0.008268 0.000530 -0.007783
0.005321 -0.000732 -0.000912
-0.003533 -0.003177 0.004570
-0.006806 -0.019619 -0.014470
-0.002579 -0.003539 0.009262
-0.004888 0.002588 -0.000232
-0.000066 -0.008322 -0.009772
0.002148 0.000639 0.000825
-0.011251 0.000128 0.002343
0.004938 -0.002188 0.001314
-0.002261 0.001255 0.003242
-0.004681 0.003253 0.002586
-0.002418 0.007070 -0.001718
0.005701 -0.032611 -0.001619
0.002913 0.002058 -0.004582
0.003471 0.002941 -0.000300
0.010590 0.005198 0.002173
-0.000844 -0.007005 -0.006209
0.000462 0.004986 0.006232
-0.022500 -0.004528 -0.005439
0.002520 0.003494 0.011007
0.003416 -0.011919 -0.009557
0.018011 0.000678 0.001328
-0.003292 -0.002356 0.007496
-0.012789 -0.001242 0.002854
0.003372 -0.001897 0.001050
-0.003353 -0.002654 -0.000856
-0.004316 0.002680 0.002689
-0.003543 0.006748 -0.001408
0.005799 -0.001879 -0.000599
0.005953 0.000144 -0.003718
0.002781 0.000205 -0.001152
0.010480 0.007163 0.002874
-0.005196 -0.015624 -0.010562
0.001802 0.003673 0.005765
-0.009292 -0.018360 -0.004291
0.002412 0.004709 0.012602
0.002288 -0.012595 -0.013045
0.016774 -0.032791 -0.041629
-0.007222 0.002793 0.009207
-0.008340 -0.007189 0.006898
0.003852 -0.003311 0.000035
-0.003102 0.001214 0.003112
-0.004458 0.004169 0.002968
-0.004915 0.007097 -0.001865
0.004704 -0.029319 -0.001625
-0.026007 -0.026061 -0.005052
0.004564 0.007179 -0.000960
0.009995 0.005400 0.001773
-0.001213 -0.004559 -0.006383
-0.001691 -0.002424 0.003098
-0.022878 -0.004884 -0.004840
0.002380 0.006158 0.011463
-0.000092 -0.008340 -0.009566
0.017894 0.000472 0.000616
-0.005077 0.000491 0.007967
-0.012848 -0.001429 0.002506
0.004844 -0.003657 0.000988
-0.002324 0.001844 0.003109
-0.004364 0.002873 0.002287
-0.003918 0.005689 -0.001881
0.005941 -0.002560 -0.001962
0.005329 -0.001233 -0.004569
0.003080 0.000932 -0.000244
0.010682 0.006327 0.002134
-0.001077 -0.006554 -0.006452
0.002081 0.003267 0.005951
-0.022247 -0.004731 -0.005375
0.003154 0.003426 0.011314
-0.001602 -0.006597 -0.009773
0.017701 0.001609 0.001120
-0.006753 0.000819 0.007543
-0.012471 -0.000403 0.002088
0.005187 -0.002196 0.001509
-0.002729 0.001760 0.001655
-0.004145 0.002775 0.002598
-0.001313 0.005597 -0.000645
0.005840 -0.000553 -0.000953
0.004129 -0.000850 -0.004154
0.003505 0.000289 0.000104
0.006519 0.000753 0.005664
0.003460 -0.015622 -0.001741
0.002109 0.003278 0.005380
-0.041533 -0.024846 -0.004982
0.001567 0.005071 0.010575
-0.002278 -0.005802 -0.010897
0.018394 0.002897 -0.001088
-0.002014 -0.006361 0.012308
-0.011672 0.000346 0.001867
0.005097 -0.003355 0.001271
-0.003094 0.003338 0.000982
-0.019938 -0.011270 0.002452
-0.003362 0.005309 -0.001219
0.005993 -0.001825 -0.001092
0.005472 0.000016 -0.004848
0.002614 0.000320 -0.000084
0.011188 0.007433 0.000761
-0.000414 -0.005598 -0.007534
-0.001682 -0.002921 0.001730
-0.021948 -0.005168 -0.005067
-0.002423 -0.005103 0.016343
0.003720 -0.013471 -0.005161
0.017674 0.001277 -0.000047
-0.007971 0.002625 0.006231
-0.013577 -0.000404 0.001155
0.004730 -0.001511 0.000855
-0.002686 0.001358 0.003682
-0.003872 0.004149 0.003032
-0.003094 0.005656 -0.001526
0.006146 -0.003035 -0.002006
0.005081 -0.000473 -0.004351
0.003047 -0.000411 -0.000629
0.011064 0.006372 0.002150
-0.000841 -0.006703 -0.006582
0.002124 0.003812 0.006038
-0.022189 -0.004520 -0.004162
0.002445 0.003928 0.012172
-0.001159 -0.007214 -0.009373
0.017679 0.000944 0.001172
-0.006914 0.000999 0.007932
-0.007704 -0.007940 0.006858
0.004701 -0.003318 0.001384
-0.005713 -0.025109 -0.029331
0.010524 -0.011027 0.003153
-0.003682 0.007430 -0.001254
0.005966 -0.000444 -0.000963
0.005084 -0.000981 -0.003965
0.003093 0.000660 -0.000606
0.007757 0.001100 -0.002965
-0.001253 -0.005624 -0.005511
0.001352 0.004742 0.006765
-0.022662 -0.005065 -0.005197
0.007086 -0.004450 0.007016
-0.000725 -0.005725 -0.008623
0.018218 -0.002524 -0.002793
-0.003749 -0.005166 0.003651
