2176.0000 0.05 1
1.11111
4.44444
11.1111
2.22222
11.1111
4.44444
13.3333
11.1111
20
11.1111
6.66667
11.1111
24.4444
23.3333
17.7778
23.3333
26.6667
18.8889
13.3333
32.2222
18.8889
11.1111
2.22222
10
14.4444
14.4444
36.6667
40
23.3333
40
11.1111
26.6667
17.7778
33.3333
22.2222
32.2222
26.6667
27.7778
40
24.4444
32.2222
46.6667
36.6667
47.7778
70
55.5556
56.6667
41.1111
80
104.444
97.7778
128.889
125.556
138.889
148.889
146.667
161.111
190
192.222
200
214.444
270
192.222
230
234.444
286.667
240
276.667
253.333
263.333
291.111
301.111
315.556
337.778
318.889
350
288.889
345.556
302.222
308.889
294.444
297.778
297.778
275.556
312.222
271.111
253.333
283.333
294.444
300
312.222
318.889
318.889
312.222
333.333
318.889
313.333
296.667
290
305.556
298.889
292.222
332.222
355.556
318.889
358.889
375.556
363.333
346.667
352.222
341.111
293.333
253.333
213.333
180
160
186.667
241.111
266.667
331.111
351.111
397.778
415.556
403.333
427.778
407.778
452.222
400
382.222
361.111
340
368.889
350
396.667
381.111
373.333
391.111
425.556
405.556
460
407.778
406.667
406.667
358.889
360
376.667
364.444
378.889
437.778
415.556
407.778
438.889
403.333
338.889
352.222
324.444
348.889
314.444
328.889
255.556
284.444
262.222
272.222
255.556
244.444
224.444
274.444
211.111
244.444
214.444
234.444
258.889
223.333
244.444
230
214.444
208.889
227.778
176.667
205.556
174.444
200
173.333
177.778
256.667
232.222
234.444
211.111
215.556
168.889
176.667
196.667
262.222
242.222
218.889
272.222
243.333
224.444
260
350
342.222
315.556
303.333
332.222
307.778
335.556
377.778
412.222
432.222
425.556
450
430
508.889
474.444
498.889
470
427.778
347.778
318.889
226.667
125.556
12.2222
1.11111
0
0
0
0
0
0
0
0
0
0
0
0
0
0
0
0
0
0
0
0
0
2.22222
4.44444
0
0
0
2.22222
4.44444
0
4.44444
0
7.77778
0
0
4.44444
2.22222
4.44444
6.66667
0
2.22222
4.44444
1.11111
0
2.22222
0
0
2.22222
0
2.22222
0
