0.001517 0.009091 0.012949
-0.009870 0.001787 0.000692
-0.003815 0.023205 -0.003363
0.011475 0.008239 -0.001560
-0.000912 0.015820 -0.006128
-0.008758 0.000854 -0.003107
0.000545 0.003694 0.004919
-0.001022 -0.015257 -0.002937
-0.002072 -0.011438 -0.000840
-0.022841 -0.006939 -0.001998
0.012304 -0.007330 0.001360
-0.009935 -0.006474 -0.003035
0.003338 -0.008175 0.003166
-0.007661 -0.017393 -0.000675
-0.003379 -0.000119 0.001688
0.011935 -0.007911 0.002504
-0.001438 0.011873 0.013675
-0.007534 0.001437 0.000445
-0.002226 0.019952 -0.000158
0.012451 0.007514 -0.001007
-0.000529 0.016755 -0.006173
-0.009400 -0.000001 -0.002914
-0.000135 0.004061 0.004673
0.003224 -0.014996 -0.002215
-0.000681 -0.011884 -0.001790
-0.010267 -0.005412 -0.001596
0.013272 -0.006978 0.001076
-0.009384 -0.005560 -0.002850
0.003106 -0.007261 0.003425
0.004345 -0.020314 -0.000343
-0.003100 0.000547 0.001462
0.015681 -0.012879 0.002735
-0.000003 0.011645 0.012258
-0.010065 0.000740 0.001063
-0.002146 0.018449 0.000491
0.008682 0.011939 0.000636
-0.001147 0.014564 -0.004814
-0.008263 0.000712 -0.001851
0.000549 0.003919 0.004382
-0.000994 -0.015242 -0.002745
-0.002307 -0.011796 -0.000725
-0.012825 -0.005332 -0.002149
0.012489 -0.006619 0.000346
-0.011592 -0.002275 -0.004020
0.005776 -0.008886 0.003509
0.003823 -0.018908 -0.001020
-0.014995 0.001281 0.000880
0.013407 -0.011947 0.002667
0.000457 0.011183 0.012340
-0.009454 0.000631 -0.000131
-0.002230 0.019018 0.001386
0.012830 0.010546 -0.006304
-0.002088 0.015117 -0.005861
-0.009298 0.000179 -0.001975
0.008456 0.003624 0.004783
0.000989 -0.016300 -0.003436
-0.003418 -0.009391 -0.000518
-0.012293 -0.003216 -0.002030
0.010591 -0.006818 -0.001119
-0.010810 -0.008713 -0.001854
0.002833 -0.007956 0.005384
0.001537 -0.021003 -0.000658
-0.005586 -0.002487 0.001808
0.012485 -0.013153 -0.001121
-0.001867 0.010954 0.012231
-0.009175 0.000530 -0.000053
0.001379 0.018289 -0.001814
0.010611 0.008007 -0.003510
-0.002506 0.016379 -0.006036
-0.009559 0.001522 -0.001820
0.000741 0.001740 0.003373
0.003314 -0.015634 -0.002398
-0.015076 -0.011581 -0.001002
-0.012401 -0.004395 -0.001946
0.011467 -0.007335 -0.001211
-0.007458 -0.008154 -0.003967
0.006091 -0.008834 0.003806
0.004881 -0.018882 -0.000923
-0.002889 -0.000124 0.000973
0.014684 -0.011442 0.002831
-0.001202 0.011058 0.009195
-0.008138 0.001146 0.002282
-0.000954 0.021177 0.004744
0.011655 0.007400 -0.001973
0.002157 0.015627 -0.006726
-0.009905 0.000393 -0.003098
-0.000016 0.002483 0.004250
0.000558 -0.014943 -0.002476
-0.003974 -0.012260 -0.000754
-0.012081 -0.005259 -0.002189
0.009218 -0.007848 -0.000556
-0.009285 -0.005514 -0.003335
0.006077 -0.006748 0.003889
0.000515 -0.017969 0.004458
-0.005663 0.004311 0.000516
0.014644 -0.010014 0.002859
-0.054469 -0.026350 -0.059642
-0.061608 0.038566 0.070913
-0.011717 0.030959 -0.016117
0.011579 0.007848 -0.003183
0.006793 0.016154 -0.006315
-0.002908 0.003024 0.001444
0.000827 0.004431 0.004522
0.606780 -0.025964 -0.000141
-0.068036 0.010077 -0.003794
-0.010912 -0.007249 -0.001757
-0.005323 0.052274 0.001633
-0.018997 -0.007908 -0.002719
0.005794 -0.006221 0.003590
0.002168 -0.017242 -0.005601
-0.004287 0.004609 0.003047
0.002338 -0.010601 0.003042
-0.001821 0.011348 0.011721
-0.006963 0.002624 0.000289
-0.001392 0.018585 -0.000158
-0.000143 0.018617 0.013201
-0.001006 0.017260 -0.005702
-0.009753 0.000970 -0.001397
0.004128 0.003252 0.005012
-0.000087 -0.016727 -0.001975
-0.002756 -0.008983 -0.001339
-0.035165 -0.002470 -0.001939
0.010519 -0.006804 0.001957
-0.009554 -0.010516 -0.005110
0.002059 -0.007318 0.002370
0.005932 -0.017893 -0.000631
-0.002593 0.002568 0.001771
0.014129 -0.014138 0.007210
-0.000224 0.003310 -0.004737
0.009858 0.010531 -0.000968
-0.009940 0.010759 0.002145
0.006378 0.023883 -0.001274
0.001951 -0.004991 0.001347
0.000708 0.005356 -0.010588
-0.008627 -0.001987 0.000311
-0.004586 0.006252 -0.003032
-0.001035 0.007885 -0.001983
0.018946 -0.013783 0.002974
-0.008923 0.010491 0.000798
-0.005505 -0.000736 -0.000374
0.011621 -0.005548 -0.000380
-0.001960 -0.004700 0.004341
0.010047 -0.010710 0.002313
-0.015683 -0.012399 0.001276
-0.000373 0.003100 -0.005188
0.008036 0.007704 -0.002388
-0.008865 0.010130 0.002020
0.006187 0.023273 -0.002083
0.000768 -0.003390 0.000340
0.000770 0.004188 -0.009989
-0.008734 -0.002278 0.000321
0.001838 0.005908 -0.000680
0.000233 0.007525 -0.002042
0.004141 -0.012731 0.002575
-0.010023 0.010175 0.001795
-0.003446 0.000644 -0.000372
0.012455 -0.005752 0.000205
-0.004023 -0.005311 0.004072
0.011001 -0.009569 0.002145
-0.016563 -0.011605 -0.001069
-0.000865 0.004501 -0.004401
0.006082 0.010410 -0.005765
-0.009858 0.010593 0.002202
0.006796 0.023835 -0.001704
-0.000574 -0.001410 -0.001519
0.003145 0.002052 -0.010515
-0.006247 -0.002587 0.000973
0.001989 0.004986 0.001365
-0.001949 0.007677 -0.001136
0.018975 -0.011331 0.003308
-0.008389 0.010261 0.001970
-0.009292 0.011893 -0.000252
0.007030 0.002849 -0.000154
-0.012857 -0.005375 0.004292
0.009784 -0.009245 0.002434
-0.015392 -0.012959 0.003301
-0.009453 0.002266 -0.005571
0.005567 0.007777 -0.003631
-0.010672 0.010440 0.001772
0.008400 0.023912 0.001319
0.001304 -0.001848 0.002402
0.002048 0.003569 -0.006984
-0.006098 -0.001050 0.000697
0.004273 0.005411 -0.000077
-0.003122 0.004076 -0.007321
0.018320 -0.011834 0.003620
-0.007623 0.011702 0.002374
-0.012187 -0.000623 -0.007174
0.006024 -0.019999 0.000519
-0.000768 -0.006950 0.005272
0.011442 -0.009094 0.005367
-0.017219 -0.011917 0.001393
0.002193 0.001295 -0.006745
0.008799 0.007937 -0.002475
-0.011289 0.010761 0.003719
0.006128 0.023002 -0.000765
0.000155 -0.002169 -0.000319
0.000697 0.004744 -0.010565
-0.009149 -0.002486 0.001601
0.005105 0.004959 -0.002096
-0.001625 0.007916 -0.003156
0.020821 -0.013191 0.003444
-0.007642 0.010977 0.003070
-0.006165 -0.000848 0.000380
0.010785 -0.005138 0.000179
-0.001619 -0.004862 0.003832
0.008690 -0.009915 0.002353
-0.015688 -0.012234 0.001107
0.000291 0.004773 -0.004859
-0.000918 0.009174 0.000230
-0.009577 0.010969 0.002121
0.007576 0.021987 -0.005622
0.000460 -0.001949 -0.001167
0.000286 0.004870 -0.009742
-0.007716 -0.002491 -0.001104
0.003460 0.004669 0.000228
-0.000002 0.005622 0.001960
0.018338 -0.012023 0.002881
-0.010148 0.009850 0.002990
-0.004488 -0.001739 -0.000418
0.004168 -0.006944 0.006124
-0.003554 -0.004686 0.004752
0.009134 -0.008510 0.001998
-0.018739 -0.012953 0.001689
-0.001351 0.000293 -0.001274
0.008570 0.008134 -0.001380
-0.009554 0.012465 -0.002803
-0.001013 0.012933 0.014589
-0.002304 -0.005410 -0.003282
0.003003 0.003866 -0.010002
-0.069665 0.033838 -0.067078
0.001998 0.008270 0.002605
-0.011422 -0.001756 -0.017021
-0.053635 -0.040863 0.003950
-0.020845 -0.041293 0.001566
-0.012416 -0.009572 0.000111
0.007608 -0.007125 -0.004127
-0.013208 -0.004320 0.004036
-0.006899 -0.011461 0.004536
-0.033008 -0.006442 -0.001329
0.001526 0.003812 -0.006597
0.006761 0.009310 -0.002237
-0.010122 0.010575 0.002491
0.004681 0.018581 0.003662
-0.007781 -0.003738 0.000968
-0.061330 -0.030116 0.060103
-0.008559 -0.002253 0.000791
0.005790 0.007188 -0.001625
0.000207 0.007751 -0.004055
0.018740 -0.010921 0.002817
-0.008336 0.011462 0.001743
-0.009214 0.000228 0.004019
0.012162 -0.008137 -0.000004
-0.000974 -0.007261 0.003583
0.011368 -0.008288 -0.001314
-0.017615 -0.011601 0.001225
