-0.002330 0.012489 0.012285
-0.002121 -0.009076 0.000394
-0.001967 0.020071 0.001655
0.011865 0.008048 -0.003282
-0.002178 0.016655 -0.005691
-0.008916 0.000827 -0.002298
-0.001148 0.002911 0.004268
-0.002328 -0.016624 -0.002033
-0.003133 -0.009890 -0.000109
-0.008672 -0.011884 0.002424
0.011148 -0.006857 0.001529
-0.010068 -0.006674 -0.003864
0.004871 -0.006960 0.003665
0.003579 -0.019554 0.000426
-0.005269 0.001976 0.002612
0.013527 -0.010950 0.003181
-0.001574 0.012863 0.012020
-0.008850 0.001427 0.000518
0.000298 0.008155 0.000943
0.011391 0.008191 -0.002681
-0.000899 0.018860 -0.005596
-0.009327 -0.000021 -0.003009
-0.000064 0.003730 0.004787
0.000513 -0.015714 -0.002247
-0.003349 -0.011807 -0.001173
-0.008821 -0.004252 -0.001989
0.010196 -0.006260 0.001026
-0.008690 -0.006291 -0.004083
0.004405 -0.007979 0.003900
0.001330 -0.018778 -0.001206
-0.004245 0.000425 0.002314
0.014428 -0.008082 0.000663
-0.000417 0.010852 0.012563
-0.008740 0.002055 0.000344
-0.000731 0.018781 0.000322
0.010853 0.010840 -0.004135
-0.001619 0.015477 -0.005952
-0.008301 0.000301 -0.002292
0.002070 -0.006005 0.005016
0.000961 -0.014759 -0.003185
-0.005583 -0.010706 -0.001464
-0.011215 -0.005709 -0.002511
0.010901 -0.007072 0.000230
-0.008854 -0.005924 -0.003485
0.001737 -0.008299 0.002136
0.003072 -0.020358 -0.000508
-0.003255 0.000346 0.001484
0.013907 -0.011696 0.003002
-0.000373 0.006811 0.010495
-0.010176 0.003283 0.003906
0.000891 0.014867 -0.004578
0.011888 0.006896 -0.002830
-0.002600 0.015589 -0.005573
-0.009301 0.001251 -0.002228
-0.004945 -0.004504 0.004533
-0.000526 -0.014191 -0.001519
-0.002746 -0.011053 -0.000479
-0.011676 -0.003547 -0.001538
0.011092 -0.007397 -0.002237
-0.009132 -0.006794 -0.003414
0.005069 -0.008586 0.004900
0.003370 -0.033848 -0.018249
-0.001257 0.003339 0.000231
0.011715 -0.008082 0.003896
-0.000646 0.010849 0.011954
-0.009421 -0.000295 0.001171
-0.001523 0.018589 -0.000218
0.011075 0.008845 -0.002401
-0.002915 0.016820 -0.007326
-0.008444 0.003658 -0.001990
-0.000991 0.003852 0.004687
-0.000129 -0.015921 -0.002455
-0.004169 -0.011719 -0.002295
-0.012152 -0.002941 0.000447
0.011120 -0.006831 0.000286
-0.010176 -0.007466 -0.003069
0.005007 -0.007284 0.003904
0.003202 -0.019825 -0.001989
0.000512 -0.005287 0.000850
0.014076 -0.011342 0.002738
0.001017 0.012849 0.012258
-0.011380 0.000178 0.000537
-0.005236 0.011825 0.000277
0.011481 0.008167 -0.002725
-0.001520 0.014863 -0.006407
-0.008965 -0.000233 -0.001279
0.003779 -0.000366 0.002558
0.000546 -0.015697 -0.002288
-0.002226 -0.010038 0.001174
-0.011453 -0.005616 -0.001230
0.010411 -0.006077 -0.000348
-0.009632 -0.005210 -0.001231
0.004130 -0.006079 0.002672
0.002120 -0.018711 0.000372
-0.004126 0.003893 0.003212
0.010040 -0.016714 0.003835
0.000927 0.011734 0.011835
-0.024640 -0.020067 0.000404
-0.000662 0.020359 0.000594
0.064070 -0.042424 -0.003020
-0.002176 0.015371 -0.006063
-0.007998 0.000476 -0.004731
0.004668 -0.002286 0.006071
-0.000428 -0.017613 -0.004096
-0.006271 -0.019348 0.000379
-0.010881 -0.005890 0.001865
0.012427 -0.005974 0.000683
-0.007873 -0.078915 0.081846
-0.027050 -0.026141 -0.034766
0.004425 -0.019141 -0.001203
-0.003967 0.000469 0.001674
0.014670 -0.010638 0.001968
-0.001385 0.008562 0.013028
-0.009745 0.000903 -0.002545
0.001908 0.014292 0.005360
0.011798 0.007350 -0.002086
0.004343 -0.042314 -0.009051
-0.051271 -0.025260 -0.002650
0.001355 0.004788 0.004400
-0.033190 -0.036241 0.040556
-0.004580 -0.010826 0.003146
-0.010637 -0.004701 -0.002808
0.011741 -0.020962 0.018557
-0.009812 -0.006219 -0.003507
0.004418 -0.007677 0.003494
0.002851 -0.020747 0.002770
0.007083 0.002340 0.010817
0.001530 -0.006886 -0.005950
0.002196 0.001805 -0.005141
0.007866 0.008218 -0.002898
-0.004366 0.000054 0.003327
0.007144 0.026261 -0.001173
-0.003170 -0.000548 -0.000928
0.001702 0.003685 -0.010275
-0.009184 0.000416 0.000766
0.001176 0.010432 -0.001754
-0.000415 0.007609 -0.002118
0.017364 -0.012065 0.002876
-0.007651 0.009902 0.003211
-0.005910 -0.000544 -0.000019
0.011268 -0.005409 0.000023
-0.004235 -0.002785 0.001347
0.011211 -0.009371 0.001894
-0.013419 -0.016581 0.002807
-0.000344 0.003568 -0.004704
0.006541 0.008362 -0.002042
-0.011094 0.011104 0.002667
0.006287 0.023292 -0.001728
-0.000430 -0.003200 -0.000109
0.002102 0.004960 -0.010961
-0.008518 -0.001543 0.000721
0.000523 0.006105 0.000266
-0.001144 0.007027 -0.002054
0.018206 -0.012065 0.002250
-0.009311 0.010789 0.001536
-0.006066 -0.001607 0.000530
0.011621 -0.005701 0.000065
-0.002278 -0.005486 0.004320
0.009708 -0.011220 0.001782
-0.017529 -0.011888 0.000386
-0.000040 0.002618 -0.005952
0.006689 0.008521 -0.002691
-0.010257 0.009161 0.002209
0.006493 0.024104 -0.001585
0.000216 -0.002318 -0.000091
0.001433 0.003477 -0.008831
-0.008105 -0.001549 0.000650
0.004368 0.011053 0.000395
-0.002722 0.008680 -0.002125
0.018539 -0.011118 0.003131
-0.007736 0.009903 0.002645
-0.005070 -0.001922 -0.000355
0.010901 -0.005477 0.000041
-0.002832 -0.006516 0.005223
0.009338 -0.009584 0.001816
-0.015985 -0.012661 0.001839
-0.000438 0.002974 -0.005099
0.008079 0.008620 -0.002080
-0.012798 0.007365 -0.004604
0.008292 0.023243 -0.000710
0.000398 -0.000073 0.000216
0.000355 0.004977 -0.010789
-0.008010 -0.004199 0.000504
0.003332 0.006862 0.002533
-0.000327 0.008489 -0.001527
0.017732 -0.010781 0.004062
-0.007436 0.010062 0.003587
-0.005186 -0.000556 0.000111
0.012215 -0.005416 -0.001055
-0.003456 -0.005479 0.004883
0.010302 -0.009545 0.000315
-0.014167 -0.010043 0.003789
0.012473 -0.012103 -0.004335
0.009591 -0.003215 -0.002194
-0.009926 0.010954 0.001505
0.007617 0.022689 -0.001809
-0.001950 -0.000783 -0.000299
0.001542 0.005106 -0.009505
-0.009167 0.000491 0.000046
0.003164 0.005943 0.000398
0.004514 0.000916 -0.001374
0.018130 -0.012839 0.002907
-0.008840 0.011402 0.002841
-0.004616 -0.001834 0.001006
0.011398 -0.004709 -0.000687
-0.000842 -0.011551 -0.000136
0.010853 -0.009098 0.003545
-0.017881 -0.010680 0.000131
0.001239 0.005620 -0.006952
0.006882 -0.006579 -0.001931
-0.009690 0.010889 0.002369
0.007699 0.023750 -0.001027
-0.001574 -0.005751 0.000915
0.002246 0.002724 -0.010392
-0.006702 -0.000348 0.000878
0.005990 0.010510 0.000407
-0.004136 0.005145 -0.004254
0.018870 -0.011488 0.003242
-0.010587 0.013050 0.000757
-0.004420 -0.000715 -0.001193
0.008498 -0.012163 -0.003291
-0.004583 -0.005783 0.003250
0.009660 -0.009355 0.002252
-0.017409 -0.011955 0.001192
0.000653 0.004020 -0.004557
0.007848 0.007530 -0.002759
-0.010344 -0.000834 0.002732
0.008984 -0.019924 -0.002673
-0.019746 -0.009905 -0.000432
-0.003115 0.601922 -0.029484
-0.005972 -0.000855 0.000219
0.004430 0.007047 -0.000186
-0.005277 0.003286 0.002835
0.018063 -0.011286 0.003078
-0.019102 0.015644 0.011727
0.022035 -0.021928 -0.024509
0.012620 -0.003957 -0.001973
-0.003060 -0.005483 0.000539
0.009868 -0.010856 0.002309
-0.016614 -0.008737 0.000519
-0.008524 -0.011904 -0.005002
0.007681 0.008354 -0.002802
-0.012225 0.007870 0.007332
0.007944 0.022769 -0.001214
0.000711 -0.001281 -0.000821
0.000880 0.005212 -0.009173
0.013021 -0.004875 0.000738
0.000371 0.010317 -0.002905
-0.000848 -0.003165 -0.001767
0.045159 -0.034852 0.031746
-0.012663 0.003417 0.000485
-0.003857 -0.000111 -0.000356
0.011927 -0.005006 -0.004074
-0.003968 -0.003366 0.004458
0.008170 -0.082643 -0.069345
-0.005797 -0.009352 -0.007146
