0.039843 0.047003 0.003109
-0.005431 -0.002387 0.000833
-0.000245 0.003986 -0.000056
0.006217 -0.003231 -0.003380
0.028812 -0.016830 -0.002982
-0.001629 -0.002616 -0.000185
0.000185 -0.006086 -0.002741
-0.005769 0.007180 0.000468
-0.008642 0.000475 -0.007550
0.010869 0.003467 -0.005725
-0.004172 -0.003786 0.004922
-0.005797 -0.002712 0.002195
-0.001024 -0.005329 0.009223
-0.006047 0.000536 0.000296
0.005064 -0.000394 -0.004726
0.001443 -0.001712 0.001182
0.010757 0.001656 0.001289
-0.004511 -0.001506 0.001286
0.011004 0.003879 -0.000552
0.001296 0.001613 -0.002912
0.009645 0.002600 -0.003363
-0.001095 -0.002080 -0.000358
-0.004441 -0.002300 -0.006370
-0.004758 0.005869 0.000136
-0.011328 0.002526 -0.007089
0.006029 -0.001306 -0.001313
-0.003139 -0.002043 0.005850
-0.006144 -0.001870 0.002539
-0.002460 -0.005238 0.009428
-0.005612 0.000601 -0.000500
0.005436 0.000878 -0.004945
0.002877 -0.003396 0.000693
0.011170 0.002190 0.001030
-0.005451 -0.000653 0.000700
0.014467 0.004104 -0.000438
-0.000645 0.000257 -0.002850
0.028889 0.022124 -0.002981
0.009621 0.000951 -0.005334
0.000346 0.002237 -0.002288
0.004946 0.010064 0.005074
0.019178 0.000014 -0.038166
0.010861 -0.005856 -0.006350
0.005525 -0.006270 0.009029
0.022275 -0.047582 0.004850
-0.007307 -0.005196 0.007981
0.029538 0.001260 -0.045177
0.015950 -0.003578 -0.009978
0.006792 0.000513 0.005695
0.010522 0.001487 0.001033
-0.005593 -0.002057 0.001330
0.011162 0.004123 0.000210
0.001661 0.001599 -0.003223
0.009342 0.001938 -0.002932
-0.000858 -0.003371 -0.000226
-0.005565 -0.001609 -0.005267
-0.004981 0.005508 0.000211
-0.009093 0.000704 -0.007266
0.004148 -0.001769 -0.001225
-0.003234 -0.002074 0.004436
-0.006362 -0.001717 0.002436
-0.000924 -0.005477 0.009552
-0.005958 0.000564 0.000506
0.004464 0.001222 -0.005395
0.001674 -0.002167 0.001113
0.009420 0.002051 -0.000031
0.025117 -0.002067 0.001277
0.010776 0.004395 -0.000508
0.007465 -0.003598 -0.007126
0.023814 0.002888 -0.018030
0.008730 0.000463 -0.005150
-0.005483 -0.002139 -0.004577
-0.005343 0.005468 0.002145
-0.010920 -0.000817 -0.006892
0.002207 -0.001109 -0.002865
-0.002998 -0.002441 0.004367
-0.007601 -0.002143 0.001350
-0.002426 -0.005503 0.009402
-0.005594 0.000339 -0.000509
0.003480 0.001080 -0.006501
0.001665 -0.002752 0.000988
0.010870 0.002108 0.000771
-0.005039 -0.001619 0.001251
0.010918 0.004711 -0.000462
0.001435 0.002224 -0.004100
0.009511 0.002538 -0.002105
-0.001652 -0.003029 -0.000942
-0.005109 -0.002276 -0.005734
-0.005798 0.007992 0.000431
-0.008567 0.000598 -0.007723
0.004740 -0.001126 -0.001255
0.005171 -0.006241 0.008393
-0.006015 -0.002502 0.001807
-0.004469 -0.004977 0.009342
-0.008144 -0.001041 0.000364
0.003470 0.000433 -0.005615
0.001429 -0.001550 0.001317
0.010414 0.001695 0.001200
-0.005828 -0.000952 0.001458
0.000189 0.004240 0.002308
0.002986 0.001320 -0.003674
0.009882 0.002727 -0.002934
-0.001448 -0.002951 -0.001243
-0.005672 -0.002039 -0.004890
-0.005682 0.005891 0.001868
-0.008081 0.000644 -0.009612
0.004044 -0.001023 -0.001668
-0.004143 -0.002337 0.006221
-0.007721 -0.001188 0.002721
-0.006930 -0.005338 0.008138
-0.005658 0.000486 -0.001475
0.005403 0.001273 -0.005698
0.007108 0.001414 -0.003442
0.009242 0.001350 0.002559
-0.004959 -0.001396 0.001599
0.009762 0.003922 -0.000901
0.007352 -0.002332 0.000095
0.029251 0.002695 0.015756
-0.002439 -0.003579 -0.001958
0.000242 -0.002018 -0.001265
0.002227 0.009183 0.003819
-0.008539 0.000825 -0.007649
0.008328 -0.001422 -0.005724
-0.003950 -0.004205 0.004425
-0.007948 -0.001257 0.003463
-0.003664 -0.005961 0.009362
-0.007753 0.001306 0.000641
0.013866 -0.002452 -0.010253
0.005846 0.001072 0.001222
-0.007834 -0.005975 0.000573
0.005528 -0.002872 0.001558
0.001818 0.004122 0.006072
-0.005473 0.003953 0.003130
0.001092 0.003970 -0.004948
0.009086 0.001689 -0.000849
0.005069 -0.000677 -0.004575
0.003954 0.001252 -0.000373
0.004574 0.006545 0.001866
-0.001681 -0.005378 -0.005976
0.001012 0.002879 0.005292
-0.022386 -0.003446 -0.005042
0.002445 0.004052 0.011496
0.000619 -0.007711 -0.009341
0.017397 0.000917 -0.000843
0.012841 0.018555 0.007414
-0.013049 -0.001510 0.003834
0.003884 -0.002427 0.001285
-0.003456 0.001144 0.001005
-0.005002 0.004935 0.002664
-0.002649 0.006805 -0.001172
0.010672 0.003538 -0.003749
0.003819 -0.001941 -0.005200
0.003187 0.000241 -0.000926
0.008456 0.005584 0.002008
-0.000207 -0.006540 -0.005843
0.001904 0.002617 0.005001
-0.021483 -0.004721 -0.005100
0.002624 0.004338 0.011872
0.000070 -0.007581 -0.009378
0.016781 -0.000394 -0.000789
-0.004296 0.000273 0.007592
-0.007579 0.003268 0.000013
0.004566 -0.002625 0.000913
0.001997 -0.001881 0.006628
-0.000655 0.001317 0.006711
-0.004420 0.005612 -0.001354
0.002068 -0.000394 -0.000350
0.030411 -0.000204 -0.003134
0.016309 0.018644 -0.001612
0.004238 0.004828 0.001796
0.003354 -0.003842 -0.009510
0.017149 0.001765 0.026120
-0.024585 -0.003066 -0.006105
0.005952 0.005443 0.014313
-0.482584 -0.008017 0.015801
0.034513 0.001735 0.027927
0.013408 -0.018151 0.007548
-0.013509 -0.000999 0.003564
0.005330 -0.002529 0.001433
-0.003491 0.001155 0.001461
-0.005148 0.004339 0.002414
-0.004624 0.006568 -0.001907
0.005466 -0.002447 -0.000885
0.004713 -0.000789 -0.004407
0.002751 -0.000546 -0.000650
0.010899 0.005097 0.002293
0.000020 -0.005504 -0.006703
0.001633 0.002870 0.004394
-0.022446 -0.004098 -0.005671
0.003917 0.004794 0.011648
-0.001650 -0.007679 -0.009337
0.017163 0.000824 -0.001310
-0.004403 0.001199 0.007937
-0.005440 -0.001298 -0.003691
0.008948 -0.003402 0.004101
-0.004427 0.001017 0.000551
-0.003668 0.005432 0.002571
-0.004657 0.006704 -0.001595
0.005110 -0.002259 -0.000633
0.004046 0.000774 -0.005085
-0.000483 -0.001078 0.001536
0.008196 0.005643 0.001730
-0.001246 -0.006156 -0.006485
0.001779 0.003089 0.004971
-0.010012 -0.020874 -0.006053
0.002616 0.004822 0.011417
0.000134 -0.007253 -0.009410
0.017096 0.001460 -0.000880
0.017525 0.000520 0.030079
-0.011860 -0.001645 0.003817
0.005708 -0.003178 0.001552
-0.002740 0.001074 0.001236
-0.001961 0.002226 0.002902
-0.002669 0.006208 -0.001381
0.010127 0.001944 0.001454
0.003803 -0.001260 -0.003388
0.003113 -0.000522 -0.000472
0.008161 0.005526 0.001895
-0.000299 -0.005755 -0.006287
0.000085 0.004120 0.004282
-0.022828 -0.003502 -0.005240
0.003100 0.004944 0.012016
0.000193 -0.007003 -0.009203
0.017575 0.000836 -0.000253
-0.004835 0.000130 0.007114
-0.013841 -0.001167 0.003095
0.005177 -0.002536 0.000903
-0.003568 0.000704 0.001843
-0.000369 0.000149 -0.001015
-0.002414 0.005916 -0.001933
0.006663 -0.001637 -0.001196
0.005310 -0.000889 -0.003666
0.002588 0.000018 -0.000770
0.010651 0.005830 0.002265
-0.001801 -0.006172 -0.006522
0.002314 0.002955 0.006590
-0.025665 -0.002930 -0.002938
0.001430 0.004770 0.012019
0.000107 -0.007630 -0.009235
0.017467 0.000640 0.000183
-0.003986 -0.000220 0.007892
-0.015287 -0.001452 0.003046
0.003555 -0.002658 0.001861
-0.006115 0.001269 0.003997
-0.006229 0.003582 0.003306
-0.002855 0.006183 -0.001030
0.005133 -0.002925 -0.001401
0.003929 -0.000109 -0.003569
0.000898 -0.000898 -0.001219
0.008648 0.005740 0.001378
-0.000520 -0.005809 -0.005683
0.000608 0.002051 0.004006
-0.022337 -0.003906 -0.005580
0.003352 0.004558 0.011165
0.001047 -0.007663 -0.009674
0.017475 0.000733 -0.000325
0.013781 0.000420 -0.011841
