2176.0000 0.05 1
1.875
3.75
6.25
6.25
7.5
16.25
8.75
7.5
17.5
15
14.375
16.25
25
16.25
6.25
31.25
23.125
18.125
28.75
10
10
13.125
10
10
16.25
20
25
30
37.5
19.375
23.75
27.5
13.75
26.875
20.625
29.375
21.25
40
45.625
30.625
37.5
55
48.75
45.625
41.875
67.5
54.375
48.125
86.25
91.875
98.75
124.375
136.875
135.625
139.375
153.125
180.625
152.5
158.125
200.625
176.25
175.625
231.875
253.125
268.75
235.625
236.25
280.625
292.5
310.625
296.875
320
301.875
309.375
327.5
338.125
340.625
360.625
317.5
355
370.625
366.25
325
364.375
333.75
378.75
313.75
295.625
301.875
288.125
271.875
253.125
233.75
250.625
252.5
296.875
208.125
250
311.25
295.625
317.5
309.375
308.125
298.75
249.375
295
308.125
296.25
326.25
276.25
281.875
300
273.75
323.125
289.375
316.25
248.75
296.875
351.875
318.75
318.125
312.5
327.5
362.5
344.375
379.375
400.625
380
388.75
393.125
398.125
429.375
449.375
473.125
451.25
443.125
451.25
439.375
446.25
417.5
403.75
431.875
380
357.5
319.375
352.5
327.5
311.25
315
331.875
303.125
278.125
215
253.75
251.25
303.125
277.5
250
271.25
223.125
319.375
288.75
329.375
301.25
302.5
290.625
285.625
298.125
350.625
290.625
324.375
350
371.25
356.25
257.5
289.375
215.625
290.625
343.75
266.875
263.125
265
261.875
236.25
243.75
253.125
259.375
328.75
239.375
225.625
239.375
223.75
183.125
243.75
257.5
281.25
253.75
308.125
253.125
266.25
256.875
205
201.875
271.25
255
325.625
343.125
345
355
273.125
369.375
292.5
515
531.875
510
426.25
365
263.125
231.875
206.875
166.25
117.5
61.25
31.25
10
5
2.5
3.125
1.875
0
0
0
0
0
0
0
0
0
0
2.5
0
