2176.0000 0.05 1
1.875
3.75
6.25
6.25
7.5
16.25
8.75
7.5
17.5
15
14.375
16.25
25
16.25
6.25
31.25
23.125
18.125
28.75
10
10
13.125
10
10
16.25
20
25
30
37.5
19.375
23.75
27.5
13.75
26.875
20.625
29.375
21.25
41.25
44.375
30.625
37.5
55
48.125
46.25
41.875
67.5
54.375
48.125
86.25
91.875
98.75
123.125
139.375
134.375
138.75
155
180
153.125
156.875
199.375
177.5
175
233.75
251.875
268.75
238.125
233.75
280.625
292.5
311.875
296.875
318.75
303.125
311.875
321.875
340
340.625
364.375
313.75
357.5
370.625
366.25
328.125
361.25
333.75
379.375
311.25
295
303.125
286.25
275
253.125
231.25
250.625
253.125
298.75
206.875
248.75
310
298.125
316.25
310
309.375
299.375
249.375
296.25
307.5
298.125
324.375
274.375
280
305
269.375
322.5
290
315.625
248.75
298.75
351.875
318.75
316.25
315.625
323.125
368.75
341.25
380
400.625
377.5
390
395
395.625
429.375
451.25
471.25
453.125
444.375
450
437.5
448.125
417.5
405
428.75
381.25
358.75
316.25
353.125
328.75
311.25
315.625
329.375
303.75
278.125
216.25
254.375
249.375
303.75
280.625
244.375
273.125
227.5
318.75
286.25
326.875
305
300.625
291.25
288.75
293.125
350
291.875
325.625
350.625
373.125
355
261.25
286.875
213.125
288.125
346.25
268.125
263.125
265.625
260
235.625
244.375
251.25
262.5
326.25
241.875
226.25
236.25
226.25
180.625
247.5
257.5
277.5
256.875
308.75
251.875
263.75
256.25
205.625
203.75
270.625
253.75
326.25
343.125
344.375
354.375
276.875
366.25
293.75
512.5
536.875
510.625
423.125
366.875
260
233.125
204.375
168.125
116.875
61.25
31.25
11.25
3.75
1.875
4.375
1.25
0
0
0
0
0
0
0
0
0
0
2.5
0
