0.012951 -0.023153 0.034634
-0.006601 -0.001076 0.001913
0.010350 0.002699 0.000186
0.002236 0.000460 -0.001966
0.007464 0.002679 -0.002796
0.001959 -0.007555 -0.000321
0.015371 -0.022062 -0.004665
-0.004742 0.005863 -0.000104
-0.008555 0.002715 -0.007563
0.005939 -0.030067 -0.002705
-0.003660 -0.002205 0.004644
-0.005303 -0.000457 0.001705
-0.001746 -0.006563 0.009302
-0.005597 0.003354 -0.000929
0.005847 0.002675 -0.006456
0.002446 -0.001498 0.000228
0.010873 0.003083 0.000185
-0.005277 -0.000882 0.001290
0.010821 0.004423 0.001733
0.001772 -0.002876 -0.006633
0.008484 0.001218 -0.002863
-0.001973 -0.001846 0.000918
-0.004924 -0.002756 -0.004657
-0.004178 0.005831 0.000362
-0.008506 0.000518 -0.008176
0.005197 -0.000506 -0.002348
-0.003956 -0.002370 0.004336
-0.006003 -0.001950 0.003248
-0.001249 -0.005636 0.009329
-0.005620 0.000259 -0.000741
0.006208 0.001469 -0.005069
0.001836 -0.000983 -0.000313
0.010068 0.004527 0.002033
-0.004379 -0.000996 0.001092
0.010327 0.005238 0.000293
0.002292 0.000427 -0.002876
0.009446 0.002979 -0.002626
0.000623 -0.003852 -0.000427
-0.023404 -0.020777 -0.004941
-0.004525 0.006414 0.000034
-0.008981 0.004569 -0.007795
0.003695 -0.031612 -0.000711
-0.003872 -0.001905 0.004647
-0.010459 -0.035079 -0.039450
-0.001590 -0.004159 0.009357
-0.005740 0.007436 -0.000707
0.002075 -0.004796 -0.010272
0.002210 -0.001039 -0.000423
0.010729 0.002587 0.001899
-0.005596 -0.001525 0.001205
0.010675 0.003701 0.000190
0.002083 0.001403 -0.002870
0.008462 0.002149 -0.002948
-0.001847 -0.002911 -0.000001
-0.004276 -0.003501 -0.004947
-0.004893 0.005901 0.000420
-0.008740 0.001875 -0.007974
0.004919 -0.002535 -0.001881
-0.003702 -0.002178 0.004417
-0.005074 -0.006336 -0.000648
-0.001700 -0.004977 0.009382
-0.005501 0.003717 -0.001195
0.005136 0.003111 -0.003998
0.003960 -0.000191 -0.000381
0.011185 0.002684 -0.000116
-0.006964 -0.003120 0.003249
0.010414 0.004495 -0.001543
0.002063 0.001145 -0.004610
0.008380 0.003886 -0.002535
0.002074 -0.008537 0.004589
-0.004492 -0.001670 -0.005130
-0.003725 0.005729 0.000132
-0.009097 0.000997 -0.007280
0.005255 -0.001753 -0.002696
-0.004385 -0.002563 0.004010
-0.006207 -0.002391 0.003381
-0.001928 -0.005767 0.009552
-0.005450 0.000136 -0.000636
0.005751 0.002030 -0.005268
0.002499 -0.001967 0.000656
0.010898 0.002428 0.000003
-0.005318 -0.003013 0.001183
0.005829 -0.006608 0.004722
0.002279 0.002805 -0.003317
0.008553 0.002917 -0.002776
-0.002561 -0.001772 -0.002173
-0.004510 -0.002495 -0.004863
-0.005228 0.008057 0.000721
-0.008463 0.000781 -0.007356
0.005110 -0.000400 -0.002451
0.032474 -0.027305 0.006728
-0.006426 -0.002504 0.003462
-0.002898 -0.004707 0.009875
-0.005654 -0.000668 -0.000459
0.001108 -0.002345 -0.005668
0.006958 -0.007377 0.003311
0.009871 0.001634 0.001078
-0.005246 -0.001708 0.001179
0.010354 0.003435 -0.000253
0.002297 0.000903 -0.002283
0.008539 0.002273 -0.003117
-0.002204 -0.002981 -0.000577
-0.004902 -0.003032 -0.004854
-0.004580 0.006374 0.000612
-0.008446 0.000035 -0.007656
0.005572 -0.002580 -0.001749
-0.004505 -0.001890 0.004797
-0.007190 -0.002122 0.001317
0.000882 -0.008236 0.008037
-0.005642 0.006792 -0.001247
0.002192 -0.004434 -0.000361
0.007389 -0.007933 0.004362
0.010957 0.002576 0.000525
-0.005553 0.000074 0.000924
0.013059 -0.004107 -0.003657
0.002724 -0.025280 -0.035329
0.006017 0.001342 -0.004037
0.001610 -0.007983 -0.004976
-0.004175 -0.001832 -0.004769
-0.025826 -0.004683 -0.000352
-0.009332 0.000686 -0.008272
0.005290 -0.001793 -0.002452
-0.003261 -0.000154 0.004004
-0.006525 -0.002699 0.002970
-0.000132 -0.004774 0.009348
-0.005842 -0.000625 -0.000049
0.003107 0.001365 -0.005130
0.004036 -0.000058 0.000170
-0.012563 -0.001192 0.003171
0.002439 -0.006009 0.000645
-0.002952 -0.016341 0.019351
-0.004401 0.003997 0.002778
0.019894 -0.008025 -0.002395
0.005923 -0.001162 -0.001863
0.004496 -0.001436 -0.004338
0.002413 0.001591 -0.001231
0.013124 -0.002975 0.005627
-0.000775 -0.003555 -0.005687
0.002429 0.002703 0.005578
-0.021015 -0.003133 -0.004590
0.001993 0.005788 0.010534
-0.000767 -0.006724 -0.009073
0.017827 -0.002636 0.000358
-0.008804 -0.007721 0.011787
-0.012761 -0.000626 0.002507
0.005864 -0.000762 0.001868
-0.002784 0.000569 0.002277
-0.003952 0.003559 0.002662
-0.003479 0.006358 -0.001149
0.006119 -0.000908 0.000095
0.003778 -0.000333 -0.003286
0.003084 0.000544 -0.000919
0.009868 0.004754 0.001777
-0.000917 -0.005709 -0.006481
0.002800 0.001321 0.005144
-0.021721 -0.002761 -0.004259
0.001186 0.005305 0.011786
-0.000570 -0.008018 -0.009867
0.017951 -0.000139 -0.000339
-0.005997 -0.000427 0.007666
-0.013024 -0.001608 0.002867
0.003934 -0.002792 0.001417
-0.002740 -0.017200 -0.015493
-0.004547 0.004353 0.002936
-0.003001 0.008865 -0.001838
0.005708 -0.000840 -0.001361
0.004734 0.000429 -0.004156
-0.001736 -0.006055 0.003933
0.005694 -0.004415 -0.003027
-0.035823 -0.031509 -0.005765
0.002207 0.002993 0.005424
-0.018867 -0.008761 -0.008399
0.006541 -0.000994 0.008080
-0.000205 -0.009903 -0.008797
0.015513 0.475031 0.011500
-0.001569 -0.008681 0.003165
-0.011723 -0.001840 0.001975
0.005661 -0.001913 0.001198
-0.003176 -0.016946 -0.014740
-0.005575 0.006093 0.003810
-0.004487 0.006459 -0.001623
0.006038 -0.000351 -0.001889
0.004312 -0.001507 -0.004684
0.003081 0.000483 -0.000913
0.009388 0.005963 0.003373
-0.000055 -0.006172 -0.006352
0.002400 0.002277 0.005394
-0.022754 -0.004024 -0.004886
0.001750 0.006232 0.012642
-0.000678 -0.008604 -0.009697
0.017794 0.012015 0.001205
-0.005512 0.001318 0.008925
-0.012842 -0.002381 0.002960
0.001004 -0.008400 0.005965
-0.002919 0.002505 0.002418
-0.003610 0.004793 0.004079
-0.004748 0.007625 -0.000191
0.006481 -0.003812 0.001438
0.004727 -0.000255 -0.005742
0.003828 0.001144 -0.002667
0.009691 0.005033 0.001988
0.000292 -0.004598 -0.006792
0.001373 0.001392 0.005202
-0.018038 -0.009374 -0.009124
0.001141 0.005097 0.011495
-0.000724 -0.007918 -0.009362
0.017648 -0.000405 0.000683
-0.005884 -0.000480 0.007788
-0.012709 0.001447 0.003015
0.005580 -0.000656 0.000258
-0.003104 0.011468 0.002692
-0.005950 0.005490 0.003383
-0.003680 0.006069 -0.001598
0.007610 -0.017466 0.024173
0.008738 -0.009812 -0.000709
0.001968 0.000980 -0.001085
0.009608 0.004727 0.002043
-0.000639 -0.005847 -0.006445
0.018918 -0.014644 0.005189
-0.022552 -0.003831 -0.004826
0.005128 0.001432 0.012473
-0.001426 -0.007224 -0.009150
0.017447 -0.000410 0.000396
-0.005813 -0.000950 0.007759
-0.012961 -0.001393 0.003628
0.005761 -0.002381 0.001039
-0.002846 -0.022389 0.023894
-0.009593 -0.002304 -0.001362
-0.004401 0.006129 -0.001936
0.005983 -0.000853 -0.002096
0.004392 -0.001724 -0.004834
0.003027 0.000904 -0.000748
0.009763 0.005886 0.000444
-0.000290 -0.005857 -0.006748
0.002130 0.003056 0.005408
-0.023425 -0.003076 -0.003788
0.005054 -0.000369 0.015910
-0.000370 -0.006823 -0.009533
0.017873 -0.000237 0.000038
-0.005933 0.000819 0.006902
-0.012274 0.004708 0.003121
0.001042 -0.007482 -0.002315
-0.002932 0.000370 0.002699
-0.009355 -0.000924 0.000385
-0.004402 0.007331 -0.001722
0.006277 0.000627 -0.000013
0.001670 -0.008856 -0.008155
-0.000194 -0.003803 0.002624
0.009629 0.007156 0.002048
0.000512 -0.004787 -0.005989
-0.014565 -0.014174 0.006379
-0.022458 -0.003373 -0.004738
0.003360 0.003763 0.011239
0.001504 -0.006627 -0.009630
0.017854 -0.000213 -0.000523
-0.005730 0.001677 0.007805
