2176.0000 0.05 1
1.875
3.75
6.25
6.25
7.5
16.25
8.75
6.25
17.5
16.25
14.375
16.25
25
16.25
6.25
31.25
23.125
18.125
28.75
10
10
13.125
10
10
16.25
20
25
30
37.5
19.375
22.5
28.75
13.75
26.875
20.625
29.375
21.25
41.25
45
30
38.75
55
47.5
45.625
41.875
67.5
54.375
49.375
85
91.875
98.75
125.625
136.25
135
139.375
154.375
179.375
153.75
156.25
201.25
176.25
175
232.5
253.125
268.75
237.5
234.375
279.375
294.375
310
296.875
320.625
303.125
313.75
321.25
340.625
341.25
363.125
316.875
354.375
371.875
361.875
331.875
358.75
335
378.125
313.75
292.5
304.375
285.625
273.125
255.625
232.5
250.625
250
300.625
206.875
247.5
313.125
295.625
316.25
310.625
310
297.5
250.625
293.75
308.125
298.75
323.75
276.875
278.125
305
269.375
326.25
286.875
317.5
248.75
296.25
351.875
320.625
315
316.875
325.625
364.375
342.5
380
399.375
380
390.625
394.375
393.125
431.875
451.25
470
453.125
443.125
453.75
435
448.125
416.875
406.25
428.125
382.5
358.75
315.625
352.5
327.5
313.75
313.125
331.25
304.375
275.625
217.5
253.125
251.875
300.625
280
246.25
275.625
225
318.75
288.125
327.5
302.5
300.625
291.875
286.875
293.75
350.625
292.5
323.75
353.125
370
355.625
260.625
288.75
213.75
286.875
345.625
267.5
264.375
267.5
258.125
236.875
243.75
250
267.5
326.25
236.25
227.5
238.75
226.875
177.5
247.5
257.5
278.75
255.625
310.625
250.625
263.125
256.875
208.125
203.125
270.625
251.25
326.25
345.625
342.5
356.25
274.375
366.25
295.625
511.875
536.875
510
423.75
365
261.25
234.375
203.75
168.125
115.625
59.375
35
10
3.75
1.25
4.375
1.25
0
0
0
0
0
0
0
0
0
0
2.5
0
