0.010323 0.002460 0.002358
-0.006073 -0.002321 0.001062
0.010483 0.003792 0.000110
0.003331 0.000765 -0.003923
0.007759 0.003627 -0.002650
-0.001350 -0.003720 -0.001019
-0.003493 -0.002581 -0.005233
-0.004966 0.005960 0.001368
-0.007579 0.001034 -0.008145
0.005902 -0.000709 -0.002260
0.002238 0.001280 0.007754
-0.004964 -0.002704 0.002435
-0.001534 -0.003584 0.009675
-0.006000 0.001894 -0.001154
0.005631 0.000900 -0.003897
-0.004934 -0.001404 0.000827
0.011728 0.001997 0.001105
-0.005199 -0.001526 0.001230
0.045654 -0.038049 0.000061
0.017518 -0.014530 -0.002921
0.014848 -0.002628 -0.003033
-0.002144 -0.002960 -0.001701
-0.004204 -0.001812 -0.004576
-0.006948 0.006943 0.001858
-0.009083 0.000970 -0.007841
0.004624 -0.002925 -0.001716
-0.006218 -0.003093 0.004796
0.007203 0.010001 0.001822
-0.004638 -0.006751 0.007828
0.003454 0.004373 0.003050
0.010815 0.004369 -0.007430
-0.000309 -0.001886 0.000795
0.010332 0.002645 0.001729
-0.005090 -0.002169 0.001369
0.008458 0.005526 0.001398
0.017123 0.000965 -0.016796
0.014735 -0.001405 -0.006988
-0.000818 -0.003423 -0.000575
-0.005992 -0.002310 -0.004902
0.026466 0.005336 -0.043851
-0.009510 0.000528 -0.008291
0.005002 -0.001052 -0.003466
0.001568 -0.006011 0.008077
0.013180 -0.002627 0.022008
0.038565 0.036785 0.008624
0.006395 0.006662 0.004404
0.001909 0.000346 -0.005261
-0.003589 -0.000353 0.000947
0.010345 0.002273 0.000654
-0.005823 -0.000652 0.001059
0.010413 0.003968 0.000261
0.002783 0.000546 -0.002440
0.007703 0.003679 -0.003363
-0.000700 -0.003308 -0.001343
-0.006293 -0.002223 -0.004914
-0.005526 0.005938 0.001275
-0.010140 0.000956 -0.007580
0.005332 -0.002535 -0.002024
-0.004066 -0.003126 0.003091
-0.004948 -0.002526 0.002097
-0.002199 -0.006535 0.009184
-0.005165 0.000267 -0.000995
0.003526 0.001482 -0.004315
0.003345 -0.001605 0.000784
0.040607 0.000972 0.001332
-0.007010 -0.002498 -0.000101
0.010490 0.002939 0.000149
0.017578 0.015915 -0.003610
0.006020 0.001363 -0.003400
-0.003306 -0.005231 -0.001672
-0.005348 -0.001949 -0.005145
-0.006966 0.004709 0.001381
-0.008021 0.000200 -0.007841
0.015074 -0.005121 -0.006457
-0.003354 -0.002752 0.003675
0.015427 -0.021087 0.002694
-0.001766 -0.004959 0.009582
-0.005626 0.001620 -0.001051
0.010376 -0.002889 -0.008706
0.002204 -0.001772 0.000963
0.010784 0.002131 0.001294
-0.005375 -0.001604 0.000982
0.010456 0.004174 -0.000067
0.003327 0.000442 -0.002981
0.008034 0.003354 -0.002826
-0.001914 -0.003552 -0.001140
-0.003972 -0.001977 -0.004592
-0.005072 0.005671 0.000497
-0.007228 0.000636 -0.007803
0.005549 -0.000957 -0.002295
0.000833 -0.002300 0.007663
-0.005466 -0.001910 0.002251
-0.003715 -0.006795 0.010239
-0.005911 -0.000182 0.000945
0.003589 0.000894 -0.003885
-0.000602 -0.001673 0.000832
0.010442 0.002031 0.000440
0.021555 0.032770 0.000828
0.008935 0.005030 -0.000850
0.016899 0.000305 0.010250
0.013851 -0.000647 0.000995
0.023333 -0.004532 0.033468
-0.002719 -0.002141 -0.004740
-0.004942 0.005661 -0.000059
-0.008022 0.000723 -0.009303
0.015178 -0.006208 -0.006109
-0.004164 -0.001886 0.003264
0.013566 -0.001838 -0.017217
-0.001684 -0.005584 0.009545
-0.006089 0.000521 0.000695
0.009331 0.000137 -0.008443
0.003102 -0.001926 0.000792
0.011803 0.002360 0.001276
-0.007000 -0.002204 0.002238
0.008791 0.005606 -0.000151
0.003506 0.000494 -0.003281
0.009293 0.004074 -0.002990
-0.002026 -0.002558 -0.000910
-0.003309 -0.002284 -0.004787
-0.005337 0.006193 0.000435
-0.008148 0.000594 -0.007483
0.004742 -0.000755 -0.004112
-0.004185 -0.002496 0.003761
-0.004871 -0.002821 0.002258
-0.002014 -0.005484 0.009402
-0.005265 0.000182 -0.000391
0.003480 0.001896 -0.004044
0.002044 -0.001770 0.000822
-0.014005 -0.001711 0.002731
0.003819 -0.002694 0.002325
-0.003056 -0.000581 0.001982
-0.004579 0.003566 0.002605
-0.004207 0.006498 -0.002149
0.006197 -0.000740 -0.001841
0.003372 -0.001862 -0.004336
0.003697 -0.000036 0.000134
0.008979 0.005655 0.002370
-0.001545 -0.005833 -0.005606
0.001139 0.003416 0.005194
-0.021847 -0.004308 -0.005230
0.003028 0.004551 0.010661
-0.001741 -0.007230 -0.009078
0.017923 0.000684 0.000378
-0.006153 0.000498 0.007822
-0.012166 -0.000908 0.002684
0.009548 -0.006526 -0.002320
-0.003010 -0.000464 0.001490
-0.003281 0.003903 0.002329
-0.002445 0.006157 -0.002498
0.033668 -0.000272 -0.001484
0.001114 0.000801 -0.004760
0.001304 0.000001 -0.000732
0.016476 0.011540 0.002449
-0.002543 -0.006944 -0.005121
0.001544 0.003223 0.005633
-0.021520 -0.004001 -0.005152
-0.000362 0.003156 0.010454
-0.002323 -0.008721 -0.009303
0.026005 0.005323 -0.003592
-0.006288 0.000122 0.007384
-0.010277 -0.002303 0.003334
0.010468 -0.002878 -0.003954
0.006627 -0.004005 0.006691
-0.496199 -0.004410 0.004196
-0.004230 0.006409 -0.001986
0.005714 -0.002070 -0.001787
0.010224 0.003371 -0.008615
-0.001535 0.000591 -0.002488
0.015047 0.008057 0.007208
-0.000016 -0.005919 -0.007142
0.006591 0.003627 0.007501
-0.034403 -0.004020 -0.005236
0.017162 0.005289 0.036194
0.003408 -0.009887 -0.005010
0.017481 0.000920 -0.000959
-0.006821 0.001509 0.007231
-0.011824 -0.002375 0.003300
0.005475 -0.002849 0.001941
-0.002309 0.001329 0.002226
-0.005037 0.003713 0.002203
0.002668 0.010674 0.002247
0.005757 0.000085 0.000076
0.003347 -0.001882 -0.005248
0.003564 0.000030 -0.000567
0.008917 0.005390 0.002168
-0.000643 -0.005838 -0.005307
0.002904 0.003824 0.006003
-0.033555 -0.005093 -0.005338
0.002632 0.004013 0.010300
-0.001422 -0.006917 -0.009115
0.017865 0.002070 0.000622
-0.005875 0.000245 0.007402
-0.012755 -0.001208 0.003252
0.009620 0.000914 -0.002568
0.005236 -0.002570 0.006129
-0.004375 0.003769 0.002178
-0.005662 0.006336 -0.000324
0.006200 -0.001645 -0.000899
0.010370 0.005071 -0.004056
0.000999 0.000176 -0.000607
0.007022 0.005579 0.002295
-0.003297 -0.004377 -0.005377
0.003066 0.002479 0.005289
-0.021506 -0.004255 -0.004646
0.000461 0.005619 0.011375
0.001556 -0.009130 -0.009804
0.017365 0.002276 0.000541
0.006642 -0.022888 0.008024
-0.011807 -0.001419 0.002754
0.004050 -0.002356 0.001546
-0.002784 0.001301 0.002414
-0.004514 0.003963 0.002749
-0.004057 0.006097 -0.002482
0.006141 -0.001312 -0.001375
0.005040 -0.002103 -0.004415
0.002088 0.000301 -0.000509
0.009332 0.004539 0.001831
-0.000668 -0.005560 -0.006062
0.002632 0.002726 0.005237
-0.022383 -0.004484 -0.005993
0.002302 0.004905 0.012000
-0.000010 -0.006545 -0.009296
0.017432 0.000043 -0.001440
-0.006711 0.001305 0.007599
-0.013915 -0.001448 0.003105
0.002918 -0.002673 -0.000429
-0.003111 0.001297 0.003322
-0.003172 0.004044 0.002480
0.001708 0.002201 0.001653
0.005390 -0.001715 -0.000597
0.010536 0.003372 -0.000339
-0.002227 0.000541 0.000994
0.014537 0.007543 -0.003065
0.007239 -0.005731 -0.021728
0.001304 0.002729 0.006091
-0.018819 -0.003675 -0.005222
0.002930 0.004864 0.013156
0.003795 -0.009461 -0.014343
0.028532 0.006532 -0.004029
-0.007867 0.001850 0.009022
-0.012262 -0.001446 0.002950
0.003956 -0.002624 0.001734
-0.003371 0.001566 0.004092
-0.003543 0.003772 0.002949
0.002177 0.006606 0.004267
0.006986 -0.001201 -0.001019
0.003953 -0.001972 -0.004669
0.001997 0.000278 -0.000496
0.010906 0.004743 0.001907
-0.000499 -0.006099 -0.006098
0.003160 0.003001 0.005423
-0.021817 -0.003962 -0.005952
0.003112 0.004435 0.011111
-0.000547 -0.006044 -0.009788
0.017955 0.000513 -0.000060
-0.006382 0.001173 0.007696
