2176.0000 0.05 1
1.875
3.75
6.25
6.25
7.5
16.25
8.75
6.25
17.5
16.25
14.375
16.25
23.75
17.5
6.25
31.25
23.125
18.125
28.75
10
10
13.125
10
10
16.25
20
25
30
37.5
19.375
22.5
28.75
13.75
26.875
20.625
29.375
21.25
41.25
44.375
30.625
37.5
55
48.75
44.375
43.125
67.5
55.625
46.875
84.375
93.75
98.75
125.625
136.875
134.375
137.5
155
181.875
152.5
156.25
202.5
175
176.25
231.25
255.625
265
240
235.625
276.875
295
309.375
298.125
318.75
303.125
313.125
321.25
340.625
340.625
365.625
314.375
355.625
373.125
364.375
328.125
359.375
335
376.875
313.125
294.375
303.125
289.375
273.125
253.125
232.5
248.75
252.5
301.875
203.75
251.25
312.5
293.125
319.375
310.625
307.5
298.125
251.25
293.125
312.5
293.125
327.5
274.375
277.5
303.75
272.5
321.875
289.375
316.25
248.75
300
349.375
320
314.375
317.5
325
365.625
341.25
380.625
400
381.25
386.875
395
395
430.625
451.25
472.5
454.375
439.375
455
436.25
446.875
416.875
406.25
426.875
381.875
360
317.5
350.625
328.125
313.75
315.625
330
303.125
275.625
216.25
255
251.25
303.75
278.125
246.875
271.25
227.5
318.75
288.125
328.125
300.625
303.125
290
286.25
296.25
350.625
291.25
323.75
353.75
370
356.25
260.625
286.875
211.875
291.25
346.25
266.25
264.375
266.25
256.875
236.25
246.25
249.375
265.625
326.25
238.125
227.5
240.625
222.5
181.25
246.25
256.25
280
256.875
309.375
251.25
262.5
257.5
207.5
201.875
271.25
251.875
326.25
344.375
345
355
274.375
367.5
294.375
515.625
533.125
510
423.75
366.875
261.25
234.375
202.5
165
119.375
60
31.25
11.875
3.75
1.25
4.375
1.25
0
0
0
0
0
0
0
0
0
0
2.5
0
