0.027280 0.002492 0.018557
-0.005322 -0.001437 0.001287
0.010379 0.004051 0.000666
0.001475 0.001388 -0.003587
0.002780 0.007902 0.008860
-0.000102 -0.005340 -0.002468
-0.003909 -0.002676 -0.007024
-0.002058 0.010578 0.005921
-0.007957 0.001997 -0.006149
0.004437 -0.002783 -0.004094
-0.003128 -0.002317 0.004615
-0.005912 -0.002410 0.002268
-0.001864 -0.005684 0.008423
-0.005923 -0.000354 -0.001462
0.004896 0.000934 -0.005457
0.002483 -0.001522 0.001735
0.009669 0.003109 0.001070
-0.005334 -0.001254 0.001748
0.010258 0.004165 -0.000625
0.002058 0.000712 -0.002832
0.008352 0.002247 -0.002253
0.000240 -0.003565 -0.000788
-0.004824 -0.001160 -0.005349
-0.006228 0.005768 -0.000236
-0.008837 -0.000115 -0.008012
0.005702 -0.001842 -0.003346
-0.002785 -0.002799 0.003846
-0.005983 -0.002466 0.002910
-0.001537 -0.004985 0.010061
-0.006570 -0.001449 -0.001353
0.004286 0.001163 -0.004725
0.002428 -0.001615 0.001436
0.010475 0.002269 0.001710
-0.005389 -0.001540 0.002562
0.011984 0.004570 -0.001232
0.001940 0.000178 -0.003370
0.009094 0.003652 -0.003386
-0.000196 -0.002427 -0.002304
-0.003631 -0.003296 -0.003620
-0.002204 0.001160 0.006213
-0.008046 0.001359 -0.010707
0.005550 -0.001325 -0.002595
-0.059780 -0.003415 0.055383
-0.007247 -0.002374 0.002868
-0.005187 -0.002746 0.008769
0.000246 0.003773 0.006269
0.004662 0.001341 -0.005879
0.005320 -0.005443 -0.550763
-0.006138 0.003163 0.019393
-0.001162 -0.004166 0.001245
0.010513 0.003704 0.000888
0.003405 -0.000543 -0.003275
0.011695 -0.001745 0.006784
-0.004113 -0.007651 0.004702
-0.008084 -0.042549 0.030038
-0.005855 0.007639 -0.002214
-0.008713 0.000349 -0.007686
0.000200 0.001975 0.002709
-0.002365 -0.002111 0.004820
-0.006675 -0.003201 0.002472
-0.001504 -0.005685 0.010400
-0.005742 0.000240 -0.000542
0.003658 0.001758 -0.005252
0.002592 -0.002587 -0.009013
0.010567 0.002421 0.001746
-0.006480 -0.000931 0.000776
0.006405 0.001032 -0.000406
0.003018 0.000470 -0.008470
0.008044 0.002821 -0.003717
-0.002800 -0.003186 -0.000645
-0.004478 -0.001686 -0.004277
-0.003794 0.005931 -0.000282
-0.008236 0.000307 -0.007982
0.000516 0.000921 0.002900
-0.002136 -0.002040 0.003982
-0.006487 -0.002505 -0.005975
-0.003616 -0.004463 0.008513
-0.001264 0.002240 0.004454
0.043270 0.002878 0.026144
0.002727 -0.002402 0.001421
0.010601 0.002301 0.002266
-0.005233 -0.001776 0.001935
0.010544 0.004120 0.000711
0.002375 0.000327 -0.003973
0.008501 0.002610 -0.002497
-0.001510 -0.002985 -0.001760
-0.004365 -0.001667 -0.005489
-0.005716 0.005748 -0.000074
-0.008584 0.000038 -0.008527
0.005277 -0.001224 -0.002559
-0.002846 -0.002243 0.004530
-0.005987 -0.002613 0.001952
-0.001666 -0.005541 0.009821
-0.005801 0.000089 -0.000739
0.003158 0.001503 -0.005304
0.002467 -0.002160 0.001283
0.010617 0.002189 0.002114
-0.005173 -0.001362 -0.000163
0.009040 0.003475 -0.000973
0.003073 0.001313 -0.003500
0.008079 0.000746 -0.003494
-0.004750 0.001675 0.005168
-0.004754 -0.002262 -0.005309
-0.005671 0.003964 -0.002067
-0.008202 0.043078 0.028130
0.005716 -0.002953 -0.003590
-0.004266 -0.002401 0.002362
-0.007430 -0.001689 0.002990
-0.001290 -0.005101 0.009507
-0.004783 -0.000782 -0.003062
0.005412 0.000757 -0.004631
0.002583 -0.001487 0.003221
0.011214 0.002491 0.001778
-0.003775 -0.002120 0.000843
0.009559 0.004597 -0.000440
0.002464 0.000814 -0.005504
0.008040 0.002227 -0.001412
-0.005730 -0.003541 0.003777
-0.004706 -0.001005 -0.004278
-0.001124 0.006338 0.004195
-0.008734 -0.000237 -0.007320
0.003859 -0.001892 -0.004169
-0.003367 -0.002317 0.004900
-0.006274 -0.002240 -0.001326
-0.000556 -0.005933 0.008511
-0.004081 -0.000814 -0.002600
0.005107 0.000874 -0.007651
0.002248 -0.001590 0.001449
-0.011632 0.036011 0.032428
0.004899 -0.002075 0.001428
0.002128 -0.002686 0.008540
-0.004597 0.003157 -0.004123
-0.004096 0.006120 -0.003758
0.005860 -0.001042 0.000071
0.004418 -0.001756 -0.004921
0.002975 0.020153 0.020162
0.014543 0.010913 0.012967
-0.001856 -0.006989 -0.007345
0.002036 0.002613 0.005941
-0.022599 -0.004153 -0.006032
0.000368 0.009735 0.016312
-0.000284 -0.008697 -0.009626
0.018392 0.001376 0.000171
-0.006810 0.000269 0.007258
-0.012451 -0.002149 0.002316
0.004522 -0.002536 0.000950
-0.003361 0.002588 0.001514
-0.004371 0.003926 0.002916
-0.002924 0.005659 -0.002318
0.006210 -0.001262 -0.001098
0.003885 -0.000265 -0.003866
0.003141 0.000120 -0.000852
0.009979 0.004972 0.002346
-0.002049 -0.005984 -0.006174
0.002212 0.004057 0.004838
-0.022657 -0.003782 -0.004979
0.003531 0.004551 0.011780
-0.000216 -0.006995 -0.009199
0.018160 0.001526 -0.000659
-0.005745 -0.000100 0.006332
-0.012588 -0.000895 0.003505
0.004423 -0.002704 0.001240
-0.002842 0.001541 0.001693
-0.004326 0.004723 -0.003248
-0.002676 0.006901 -0.000759
-0.008392 -0.000710 0.013839
-0.001351 -0.005498 0.005845
0.002966 -0.019668 0.019638
0.009421 0.007011 0.001672
-0.001799 -0.005582 -0.007606
0.001038 -0.037295 0.037738
-0.022538 -0.003958 -0.005917
0.000062 -0.000395 0.017027
0.004617 -0.012687 0.000878
0.017015 0.002019 -0.001517
-0.006176 0.000029 0.008089
-0.013350 0.000173 0.000525
0.002949 -0.001759 -0.000010
-0.002021 0.002677 0.000520
-0.004467 0.003283 0.000744
-0.029608 0.006301 0.017253
0.006827 -0.001483 0.000162
0.003820 0.000608 -0.005115
0.003920 -0.012843 0.012718
0.006925 0.001634 0.010770
0.001676 -0.009964 -0.001845
0.001429 -0.000239 0.009378
-0.022366 -0.003985 -0.004460
0.004091 0.005357 0.009720
-0.000430 -0.006034 -0.009918
0.018026 0.002200 -0.000783
-0.004203 0.000828 0.007423
-0.012631 -0.001818 0.002770
0.049257 -0.002591 0.040918
0.001389 -0.000940 0.006516
-0.004352 0.004277 0.003770
-0.002316 0.007085 -0.002486
0.006804 -0.000555 -0.000953
0.003747 -0.000904 -0.005614
0.003095 0.000303 -0.000047
0.010119 0.006058 0.000919
-0.000168 -0.005858 -0.006560
0.002090 0.003548 0.005556
-0.020940 -0.003993 0.023556
0.001971 0.004928 0.011534
-0.000149 -0.007567 -0.010451
0.013703 -0.001652 0.005739
-0.003372 0.002507 0.009716
-0.012774 -0.002579 0.002075
0.004025 -0.002619 0.001860
-0.003086 0.001294 0.002455
-0.004421 0.003829 0.002837
-0.003221 0.005876 -0.001364
0.005373 -0.001154 -0.000893
0.004213 -0.000998 -0.003843
0.002964 0.000148 0.000452
0.009683 0.005408 0.002306
-0.001734 -0.005708 -0.007566
0.002006 0.003823 0.004777
-0.022426 -0.003809 -0.004686
0.003446 0.004503 0.010806
-0.000525 -0.007733 -0.009100
0.018017 0.001051 0.000067
-0.005936 0.000213 0.008744
-0.013421 0.002008 0.005731
0.003548 -0.003118 0.000092
-0.003037 0.001549 0.002081
-0.004461 0.004054 0.001599
-0.002669 0.006622 -0.001593
0.019906 -0.000821 0.013015
0.008495 0.003043 0.005330
0.003917 0.015365 0.014584
0.010006 0.003938 0.001713
0.002369 -0.000349 -0.001227
0.002060 0.001710 0.002794
-0.022409 -0.004394 -0.004444
0.003118 0.003093 0.010207
-0.004649 -0.003818 0.000459
0.012433 -0.002781 0.005946
-0.005862 0.000803 0.008191
-0.012702 -0.001977 0.003084
0.005235 -0.003203 -0.001237
-0.001736 0.001998 0.001485
-0.004439 0.003782 0.003541
-0.003627 0.006606 -0.001001
0.006190 -0.001357 -0.000552
0.004536 -0.001076 -0.003225
0.003120 0.000341 -0.011191
0.010432 0.005452 0.002919
0.002513 -0.006090 -0.001839
0.002460 0.004057 0.005597
-0.023028 -0.004307 0.022935
-0.000700 0.004356 0.015249
0.000188 -0.007340 -0.008562
0.016283 0.001881 -0.001925
-0.006176 0.000529 0.007668
