2176.0000 0.05 1
1.11111
4.44444
11.1111
2.22222
11.1111
4.44444
13.3333
11.1111
20
11.1111
6.66667
11.1111
24.4444
23.3333
17.7778
23.3333
26.6667
18.8889
13.3333
32.2222
18.8889
8.88889
4.44444
10
14.4444
16.6667
34.4444
40
23.3333
40
11.1111
26.6667
17.7778
31.1111
24.4444
32.2222
26.6667
27.7778
40
24.4444
32.2222
46.6667
36.6667
47.7778
70
55.5556
56.6667
41.1111
80
106.667
95.5556
126.667
127.778
138.889
148.889
148.889
156.667
192.222
192.222
200
216.667
267.778
192.222
230
234.444
286.667
234.444
282.222
253.333
261.111
292.222
302.222
315.556
337.778
318.889
352.222
284.444
347.778
303.333
307.778
297.778
298.889
293.333
277.778
312.222
273.333
248.889
285.556
292.222
295.556
315.556
317.778
321.111
305.556
342.222
316.667
313.333
296.667
290
301.111
302.222
293.333
330
357.778
315.556
360
380
358.889
351.111
352.222
338.889
295.556
251.111
213.333
177.778
162.222
188.889
238.889
264.444
331.111
352.222
398.889
422.222
395.556
426.667
410
452.222
400
382.222
354.444
346.667
368.889
347.778
397.778
382.222
375.556
388.889
425.556
406.667
456.667
408.889
407.778
408.889
356.667
357.778
376.667
366.667
381.111
433.333
413.333
410
441.111
403.333
336.667
354.444
322.222
351.111
311.111
330
257.778
284.444
262.222
267.778
262.222
242.222
222.222
278.889
206.667
246.667
214.444
232.222
261.111
221.111
244.444
232.222
214.444
208.889
225.556
181.111
202.222
175.556
197.778
175.556
174.444
260
232.222
232.222
212.222
216.667
168.889
176.667
196.667
262.222
236.667
224.444
272.222
244.444
221.111
262.222
347.778
342.222
317.778
307.778
327.778
310
328.889
382.222
410
430
432.222
450
427.778
506.667
472.222
503.333
468.889
426.667
347.778
315.556
230
118.889
16.6667
1.11111
2.22222
0
0
0
0
0
0
0
0
0
0
0
0
0
0
0
0
0
0
2.22222
0
0
4.44444
0
2.22222
0
0
0
11.1111
0
2.22222
3.33333
2.22222
0
4.44444
2.22222
4.44444
6.66667
0
2.22222
2.22222
2.22222
1.11111
2.22222
0
0
2.22222
0
2.22222
0
