-0.001397 0.010962 0.012591
-0.005503 0.006020 0.000399
-0.000411 0.018418 0.000702
0.013617 0.007754 -0.002128
-0.002882 0.014075 -0.006705
-0.008891 0.000649 -0.002129
0.004793 0.005004 0.008782
0.000679 -0.015540 -0.002726
-0.002642 -0.011129 -0.001729
-0.011078 -0.004824 -0.002475
0.010636 -0.006994 0.000599
-0.010901 -0.005460 -0.005119
0.002867 -0.006669 0.000951
0.004006 -0.019950 0.000324
-0.003316 0.000992 0.002177
0.014967 -0.012298 0.003108
-0.001530 0.011667 0.014576
-0.007235 -0.003342 -0.000280
-0.005222 0.019451 0.000053
0.012396 0.008403 -0.002971
-0.000400 0.016715 -0.005472
-0.011489 -0.001344 -0.002724
-0.000808 0.006367 0.004181
-0.002804 -0.014410 0.000718
-0.006244 -0.012019 -0.000891
-0.010790 -0.005545 -0.001554
0.012566 -0.006259 0.000958
-0.010306 -0.006490 -0.003472
0.005311 -0.008583 0.003011
0.000566 -0.017316 0.000266
-0.004029 0.000897 -0.000321
0.013245 -0.011253 0.002159
-0.001919 0.011366 0.011130
-0.008615 -0.003749 -0.000336
-0.000466 0.018630 0.000931
0.009203 0.009518 -0.003011
0.059231 -0.006873 0.000869
-0.004130 -0.010710 -0.002329
0.005424 0.017703 0.004266
0.002309 -0.019282 0.001226
-0.011666 -0.012651 0.000077
-0.009887 -0.004908 -0.000989
0.008284 -0.004457 -0.000263
-0.009009 -0.005332 -0.002658
0.005113 -0.006856 0.003933
0.003644 -0.019589 -0.001050
0.050001 -0.033116 -0.077018
0.011747 -0.009384 0.001537
-0.000068 0.010988 0.013228
-0.009470 0.002086 0.000393
-0.002326 0.019435 0.001248
0.014338 0.007659 -0.001703
-0.002702 0.015774 -0.006266
-0.003352 0.009384 -0.002354
0.001384 -0.001687 0.003825
0.000728 -0.015721 -0.003484
-0.004628 -0.012078 -0.000930
-0.011795 -0.003404 0.001275
0.010145 -0.007336 0.000050
-0.007500 -0.008402 -0.000510
0.014760 -0.019173 -0.012059
0.004707 -0.019999 -0.000847
-0.003023 -0.000190 0.001579
0.012922 -0.012324 0.000419
-0.001497 0.011649 0.011925
-0.011306 -0.000516 0.000184
-0.004941 0.018633 0.000428
0.009434 0.009666 -0.003330
-0.002920 0.012887 -0.005826
-0.007324 0.000701 -0.002889
0.005989 0.004272 0.000264
0.000714 -0.016694 -0.002241
-0.003793 -0.011775 -0.000403
-0.010432 -0.005747 -0.002215
0.011743 -0.007580 -0.000603
-0.000211 -0.008505 -0.006210
0.007022 -0.012722 0.000103
0.003299 -0.019924 0.000091
-0.007690 -0.001787 0.002439
0.012925 -0.010047 0.002133
0.000688 0.011625 0.012703
-0.009901 0.001261 0.000563
-0.000740 0.018254 0.001644
0.009795 0.005794 -0.002194
-0.004611 0.016052 -0.005588
-0.003335 -0.000799 -0.007400
0.000894 0.003269 0.004270
-0.000698 -0.018146 -0.005697
-0.004154 -0.011709 -0.000091
-0.011771 -0.006189 -0.003937
0.011518 -0.006832 0.003248
-0.010836 -0.005657 -0.004113
0.005448 -0.007194 0.004282
0.002097 -0.019051 -0.001711
-0.004728 0.000614 0.001718
0.012484 -0.012846 0.002681
0.021636 -0.052985 0.012110
0.002217 -0.000180 0.000478
-0.614834 0.022215 0.019163
0.010320 0.007001 -0.002537
-0.002960 0.016242 -0.006878
-0.003203 0.001027 0.002515
-0.000438 0.003444 0.004502
0.010096 -0.026794 0.013611
-0.003846 -0.010277 -0.003069
-0.007500 0.000107 -0.006559
0.070364 0.028714 0.076665
-0.011443 -0.007442 -0.003229
0.004567 -0.006884 0.003220
0.068256 0.019040 -0.090682
-0.002197 0.001151 0.001766
0.015535 -0.008833 0.005658
0.000466 0.011271 0.011031
-0.010004 0.001650 0.000768
-0.001225 0.020147 -0.000239
0.015853 0.007337 -0.003762
0.007012 0.016560 -0.005743
-0.009272 0.000839 -0.001822
-0.001579 0.004169 0.004835
-0.000092 -0.015756 -0.001987
-0.002838 -0.011672 -0.001833
-0.000994 0.006217 -0.018368
0.012771 -0.006426 0.000985
-0.010610 -0.005542 -0.004024
0.003951 -0.010463 0.006736
0.001931 -0.019849 -0.000413
-0.004467 0.001224 0.001926
0.024629 -0.010264 0.001294
0.000204 0.003047 -0.004156
0.018507 0.010453 -0.002146
-0.011651 0.010595 0.002056
0.007833 0.022160 -0.001405
0.000237 -0.002277 -0.000548
0.000253 0.003874 -0.009610
-0.007537 -0.002092 0.001139
0.003128 0.004958 0.000135
-0.002819 0.007209 -0.002565
0.017857 -0.011393 0.003027
-0.008613 0.010529 0.001987
-0.004814 -0.001582 0.001084
0.011742 -0.006650 -0.000974
-0.003092 -0.005610 0.004517
0.010826 -0.008941 0.001562
-0.019805 -0.013659 0.000317
0.001675 0.003400 -0.005122
0.007391 0.013764 -0.001628
-0.012668 0.012791 0.002508
0.009074 0.023523 -0.001384
-0.000847 -0.002874 -0.000285
0.000837 0.004278 -0.009723
-0.007359 -0.001236 0.000653
0.004911 0.005051 -0.000411
0.000242 0.008336 -0.002124
0.019176 -0.012554 0.001671
-0.007872 0.010546 0.002147
-0.005564 -0.001346 0.000179
0.008248 -0.005609 0.000058
-0.003666 -0.005082 0.003887
0.009052 -0.008646 0.003715
-0.016858 -0.011420 0.003005
0.000085 0.003684 -0.004973
0.007326 0.012319 -0.002546
-0.011859 0.012752 0.002993
0.007038 0.025139 -0.001935
0.003544 -0.008490 0.000764
-0.000103 0.004841 -0.009947
0.006938 -0.002904 0.001509
0.003328 0.006423 -0.000025
0.009336 0.007843 -0.002422
0.017503 -0.011423 0.003266
-0.008886 0.009809 0.001855
-0.005713 -0.001184 -0.000480
0.003210 -0.004532 -0.002215
-0.001588 -0.005112 0.003376
0.018795 -0.010324 0.005241
0.045476 -0.047522 0.070119
0.015552 0.055521 -0.003936
0.009742 0.002803 -0.001832
-0.010685 0.010957 0.001659
0.008859 0.023910 -0.000976
0.001141 -0.000465 0.004681
0.001890 0.002397 -0.016115
-0.010011 -0.002124 0.000277
0.001579 0.004423 -0.003742
0.009724 0.006653 -0.001289
0.018591 -0.010924 0.003664
-0.007313 0.012615 -0.002064
-0.006133 -0.001620 -0.003721
0.011131 -0.006134 0.000114
0.004763 0.004796 0.019740
0.009256 -0.009516 0.002874
-0.016573 -0.011564 0.001556
-0.000551 0.002463 -0.005878
0.006173 0.008147 -0.002231
0.000371 0.011079 0.002162
0.023069 0.025924 -0.001675
-0.003229 -0.001215 0.000358
0.011396 0.002527 -0.010201
-0.006953 -0.001715 0.000550
0.003380 0.005398 -0.000388
-0.003635 0.007132 -0.001717
0.016614 -0.010535 0.003644
-0.010795 0.012721 0.002594
-0.004494 -0.001818 -0.000493
0.012357 -0.005385 0.000623
-0.002667 -0.005730 0.004672
0.010786 -0.010638 0.002344
-0.015916 -0.011809 0.001292
-0.000897 0.001817 -0.003933
0.004309 0.010140 -0.002105
-0.010004 0.011388 0.002232
0.007245 0.020575 -0.001553
-0.000135 -0.003949 0.000067
0.003838 0.008005 -0.009719
-0.008766 -0.001118 0.004135
0.003817 0.004425 -0.001531
-0.003927 0.009091 -0.001085
0.017437 -0.012230 0.003112
-0.009971 0.009163 0.003187
-0.004485 -0.000552 -0.001615
0.011469 -0.004142 0.001716
-0.003865 -0.006516 0.006920
0.010045 -0.008139 0.002563
-0.015553 -0.011474 0.001368
-0.000398 0.002697 -0.005584
0.007547 0.008920 -0.002803
0.053765 0.039892 0.003820
0.035556 0.020057 -0.001733
0.010231 -0.003218 -0.000637
-0.001913 0.003491 -0.010065
-0.009699 -0.001085 -0.001889
0.016155 0.002400 0.001046
-0.003336 0.009126 -0.003176
0.016356 -0.012436 0.002648
0.000795 0.011006 0.003257
-0.004929 -0.000796 -0.000157
0.010564 -0.005211 -0.000907
-0.000718 -0.002065 0.009330
0.011444 -0.012350 -0.001108
-0.018822 -0.011393 0.001212
0.001258 0.003662 -0.004839
0.006633 0.008070 -0.003486
-0.010625 0.010155 0.002744
0.006707 0.026224 -0.000654
-0.000727 -0.000548 -0.006224
0.002385 0.001328 -0.003021
-0.008578 -0.001503 0.000959
0.001330 0.003787 0.003090
0.000051 0.007336 -0.002425
0.018391 -0.011596 0.003377
-0.008682 0.008494 0.002160
-0.005382 -0.000778 -0.000838
0.011593 -0.006033 -0.000054
-0.004432 -0.004029 0.000785
0.007024 -0.010801 0.002704
-0.016402 -0.011642 0.000630
