2176.0000 0.05 1
1.875
3.75
6.25
6.25
7.5
16.25
8.75
7.5
17.5
15
14.375
16.25
25
16.25
6.25
31.25
23.125
18.125
30
8.75
10
13.125
10
10
16.25
20
25
30
37.5
19.375
25
26.25
13.75
26.875
21.875
28.125
21.25
41.25
44.375
30.625
37.5
55
48.75
45.625
41.875
67.5
54.375
49.375
84.375
92.5
98.75
124.375
137.5
135
138.125
154.375
180.625
152.5
157.5
201.25
176.25
175
234.375
251.25
268.75
236.25
235.625
280.625
293.75
308.75
296.25
321.25
301.875
311.875
323.75
340.625
340
361.25
315.625
352.5
372.5
366.25
331.875
361.25
331.875
377.5
314.375
295.625
304.375
285
272.5
255.625
232.5
249.375
252.5
300
204.375
251.875
311.875
293.125
319.375
308.75
309.375
296.875
253.125
291.25
313.125
292.5
326.25
276.875
279.375
301.25
273.75
321.25
290.625
318.125
245.625
300.625
350.625
318.125
316.875
314.375
327.5
363.75
341.875
380
401.875
376.875
392.5
393.75
393.75
433.125
449.375
470.625
451.25
442.5
455.625
436.25
445.625
418.75
405.625
428.75
382.5
357.5
316.875
352.5
328.75
310
318.125
326.875
306.25
276.875
215
256.25
248.75
303.125
278.75
248.125
271.875
224.375
320
286.875
329.375
302.5
301.25
291.875
285
295.625
351.25
291.875
324.375
352.5
371.875
352.5
263.125
288.125
213.125
288.125
345.625
266.25
265.625
265.625
258.75
236.25
245
250.625
261.875
328.125
238.75
226.875
240
223.125
181.875
245
256.25
281.25
255.625
306.875
254.375
264.375
257.5
204.375
203.75
270.625
253.75
326.25
344.375
342.5
356.25
272.5
369.375
293.75
511.25
536.875
510
426.25
365.625
260.625
231.25
206.25
165.625
118.75
62.5
31.25
11.25
3.75
1.25
3.75
1.25
0
0
0
0
0
0
0
0
0
0
2.5
0
