0.008557 0.036069 -0.042976
-0.004203 -0.001646 0.000659
0.010784 0.005266 0.000045
0.002047 0.000838 -0.004584
0.009601 0.002324 -0.002500
-0.004014 0.000496 -0.000220
-0.024413 0.018141 -0.004708
-0.005377 0.005732 0.000600
-0.008417 -0.001643 -0.007978
0.004424 0.030208 -0.002071
-0.003034 -0.002362 0.004252
-0.006771 -0.004725 0.002988
-0.001676 -0.004084 0.009506
-0.005778 -0.002479 0.000022
0.004441 -0.000925 -0.003240
0.002391 -0.002067 0.001371
0.010792 0.001675 0.002200
-0.005570 -0.001956 0.001313
0.010310 0.003623 -0.001768
0.002585 0.003956 -0.000375
0.008487 0.004004 -0.002822
0.000197 -0.005213 -0.001597
-0.004578 -0.001479 -0.004875
-0.005971 0.005924 0.000013
-0.008861 0.000753 -0.007309
0.005334 -0.001817 -0.002415
-0.002626 -0.002426 0.004520
-0.005980 -0.003196 0.001374
-0.002055 -0.005016 0.009421
-0.005687 0.000656 -0.000488
0.004241 0.000370 -0.004793
0.003350 -0.002587 0.001874
0.011493 0.000294 0.000541
-0.006359 -0.001721 0.001512
0.010810 0.002992 0.000080
0.002023 0.000903 -0.003737
0.007782 0.002041 -0.002816
-0.002524 -0.003178 -0.000237
0.014140 0.016414 -0.004787
-0.005526 0.005245 0.000480
-0.008503 -0.003526 -0.007819
0.006512 0.026739 -0.003968
-0.002946 -0.002880 0.004364
-0.003927 0.022421 0.034191
-0.001679 -0.006489 0.009396
-0.005609 -0.006418 -0.000995
0.008311 0.006369 0.000204
0.002871 -0.002579 0.002241
0.010851 0.002253 0.000396
-0.005268 -0.001302 0.001195
0.010610 0.004346 -0.000282
0.002161 -0.000126 -0.003926
0.008535 0.002852 -0.002847
0.000040 -0.004172 -0.000656
-0.005148 -0.000693 -0.004816
-0.005215 0.005675 0.000084
-0.008675 -0.000419 -0.007687
0.005495 0.000029 -0.003018
-0.002982 -0.002511 0.004464
-0.006939 0.001266 0.005333
-0.001678 -0.005902 0.009594
-0.005656 -0.002989 -0.000126
0.003024 -0.000462 -0.006954
0.001208 -0.003308 0.002243
0.010511 0.002095 0.002453
-0.007441 0.000365 0.002273
0.010754 0.003617 0.001689
0.002257 0.000172 -0.002146
0.008590 0.001296 -0.003149
-0.004236 0.001934 -0.005254
-0.004834 -0.002525 -0.004655
-0.006393 0.005947 0.000263
-0.008257 0.000580 -0.008216
0.005286 -0.000590 -0.002105
-0.002366 -0.002285 0.004823
-0.005796 -0.002702 0.001103
-0.001234 -0.004972 0.009296
-0.005627 0.000607 -0.000625
0.002507 0.000948 -0.005729
0.002747 -0.001722 0.001104
0.010402 0.002149 0.002513
-0.005543 0.000037 0.001326
0.014501 0.013210 -0.003737
0.002272 -0.001492 -0.003240
0.008548 0.002145 -0.002744
-0.001317 -0.004177 0.000291
-0.004549 -0.001883 -0.005138
-0.004781 0.003758 -0.000109
-0.008588 0.000643 -0.008392
0.005156 -0.001918 -0.002490
-0.029157 0.015639 0.002439
-0.005678 -0.002675 0.001123
-0.000542 -0.005948 0.009062
-0.005517 0.001441 -0.000587
0.007005 0.005192 -0.005215
-0.001794 0.003398 -0.001321
0.011748 0.002936 0.001438
-0.005586 -0.001123 0.001247
0.010889 0.004577 0.000231
0.002003 0.000386 -0.004437
0.008537 0.002849 -0.002774
0.000522 -0.004086 -0.000212
-0.004443 -0.001142 -0.004976
-0.005542 0.005403 -0.000078
-0.008635 0.001147 -0.008052
0.004876 0.000436 -0.003238
-0.002188 -0.002923 0.004168
-0.006991 -0.002161 0.004551
-0.001597 -0.002600 0.007897
-0.005740 -0.005805 0.000722
0.008227 0.005718 -0.009760
-0.002122 0.004860 -0.002782
0.010482 0.002211 0.001982
-0.005272 -0.002935 0.001546
0.005076 0.014757 0.003809
0.002327 0.034313 0.039516
0.007542 0.003766 -0.004687
-0.005932 0.002475 0.003352
-0.004627 -0.002586 -0.004714
0.024139 0.022088 0.000906
-0.007655 0.000687 -0.007262
0.005066 -0.000524 -0.002377
-0.003558 -0.004727 0.005090
-0.005769 -0.002267 0.001548
-0.003314 -0.005974 0.009649
-0.005655 0.001161 -0.000749
0.004994 0.001596 -0.005667
0.000849 -0.003697 0.001690
-0.013081 -0.001803 0.002606
0.007303 0.000859 0.002219
-0.002663 0.019051 -0.014659
-0.004664 0.003886 0.002147
-0.036164 0.027942 -0.000428
0.006279 -0.001379 0.000477
0.004139 -0.000172 -0.004184
0.003654 -0.000979 0.000882
0.005529 0.015319 -0.002194
-0.000917 -0.008497 -0.006228
0.001932 0.003391 0.005468
-0.023632 -0.005324 -0.005706
0.003854 0.002969 0.012417
-0.000585 -0.008422 -0.009459
0.017671 0.004202 0.000162
-0.002349 0.009703 0.003112
-0.012687 -0.002330 0.002863
0.003440 -0.004420 0.000655
-0.002669 0.001708 0.002099
-0.004463 0.004178 0.002206
-0.003510 0.006240 -0.001593
0.005742 -0.001422 -0.002257
0.004890 -0.001347 -0.005609
0.003037 -0.000009 0.000053
0.009789 0.006281 0.002085
-0.000839 -0.006215 -0.005639
0.001594 0.004548 0.005344
-0.023289 -0.005406 -0.005696
0.003455 0.004226 0.011368
-0.000550 -0.007018 -0.009225
0.017820 0.001819 0.000745
-0.005973 0.001263 0.007478
-0.012497 -0.001301 0.002892
0.005452 -0.002367 0.001322
-0.002882 0.019148 0.020176
-0.004253 0.003512 0.002036
-0.003838 0.003935 -0.000767
0.006341 -0.001602 -0.000012
0.003945 -0.002017 -0.004402
0.008055 0.006227 -0.004130
0.013003 0.014338 0.006339
0.024107 0.012211 -0.007000
0.002099 0.002902 0.005557
-0.025674 0.000021 -0.002058
-0.002034 0.010188 0.015573
0.001526 -0.005445 -0.007495
0.022322 -0.473048 -0.007840
-0.009403 0.008190 0.011700
-0.013587 -0.001042 0.003638
0.003945 -0.003552 0.000921
-0.002136 0.019474 0.019416
-0.003097 0.001549 0.001323
-0.002637 0.006197 -0.001549
0.005937 -0.002021 -0.000404
0.004355 -0.000076 -0.004523
0.002926 0.000193 -0.000197
0.010030 0.005135 0.000026
-0.001965 -0.005601 -0.006387
0.002112 0.003682 0.005361
-0.022269 -0.004236 -0.005392
0.004254 0.002362 0.009790
-0.000696 -0.006432 -0.009714
0.017689 -0.010351 -0.001285
-0.006344 -0.000583 0.006300
-0.012664 -0.000379 0.002359
0.008686 0.003519 -0.003490
-0.002556 0.000029 0.001933
-0.004891 0.003123 0.000897
-0.002110 0.005046 -0.002354
0.005450 0.001607 -0.003564
0.003924 -0.001496 -0.003142
0.002336 -0.000468 0.001663
0.010049 0.006168 0.001862
-0.001918 -0.007128 -0.005303
0.003099 0.004534 0.005304
-0.026809 0.001434 -0.000471
0.003687 0.004587 0.011673
-0.000432 -0.007179 -0.009739
0.018090 0.001999 -0.000234
-0.006077 0.001210 0.007415
-0.012655 -0.004444 0.003101
0.003820 -0.004523 0.002043
-0.002783 -0.009105 0.002363
-0.002792 0.002345 0.002057
-0.003228 0.006531 -0.001586
0.004490 0.009003 -0.017787
0.000954 0.006739 -0.007274
0.004481 -0.000254 0.000106
0.009878 0.006253 0.001741
-0.001199 -0.005976 -0.006331
-0.014219 0.020127 0.006041
-0.022493 -0.004439 -0.005818
-0.000357 0.007842 0.011437
0.000099 -0.007885 -0.009751
0.018056 0.002010 -0.000460
-0.006026 0.001330 0.007669
-0.012309 -0.001428 0.002095
0.003891 -0.002835 0.000903
-0.002719 0.024109 -0.019550
0.000962 0.009768 0.006150
-0.002785 0.006555 -0.001121
0.006119 -0.001467 0.000096
0.004302 0.000191 -0.004316
0.003258 -0.000206 -0.000430
0.009699 0.005346 0.002917
-0.001604 -0.006120 -0.006257
0.002328 0.002754 0.005455
-0.021665 -0.005112 -0.006508
-0.000622 0.009329 0.007696
-0.000770 -0.008529 -0.009733
0.017766 0.001725 -0.000263
-0.005873 -0.000167 0.007951
-0.012096 -0.007547 0.002905
0.008630 0.002696 0.004855
-0.002776 0.002302 0.002306
0.000615 0.009352 0.005234
-0.002423 0.005147 -0.001470
0.005923 -0.003133 -0.001672
0.007791 0.008367 0.000060
0.006559 0.004834 -0.003709
0.009843 0.004034 0.001759
-0.002098 -0.006957 -0.006621
0.019267 0.020572 0.004798
-0.022436 -0.005116 -0.005920
0.002604 0.005049 0.011827
-0.000894 -0.007625 -0.010146
0.017570 0.001755 0.000405
-0.006121 -0.000911 0.007640
