864.0000 0.05 1
0.4
3.2
0
4.8
0
3.2
0
12
0
4.8
0
4.8
3.2
7.2
14.4
0
2.4
4.8
14.4
0
4.8
4.8
3.2
9.6
14.4
9.6
0
9.6
16.8
9.6
0
0
4.8
10.4
33.6
4.8
9.6
14.4
9.6
4.8
11.6
7.6
2.4
20
14
20.4
20.8
4.8
11.2
27.2
4.8
21.6
12.8
26.4
9.6
28.8
4.8
10.4
24
22
76.8
43.2
55.2
67.2
79.2
36
91.2
100.8
67.2
64.8
68
127.6
69.6
122
74.4
97.6
64.8
81.6
123.2
167.2
93.6
98.4
50.4
120
98.8
119.2
198.4
88.8
119.6
96.4
78.4
80.8
96.8
106.4
85.6
96.8
36
63.2
92.8
131.6
178.8
144
128.8
82.4
147.2
75.2
104
129.6
73.6
91.6
135.6
65.6
126.4
134.4
118.4
158.4
102.4
207.2
161.6
100
118.4
82.4
148.4
76.8
54
76.8
43.2
55.2
61.6
66.4
128.4
106.8
140
191.2
172.4
139.6
219.2
168.8
140.4
98.4
155.6
153.2
196.8
143.6
150.4
85.6
171.2
116.8
152.4
153.6
112.8
155.6
192.8
204
104.8
138.4
166
162.8
165.6
178.8
148
158.4
126.4
161.6
127.2
112
109.6
113.6
138.4
91.2
73.6
96.8
91.2
88.8
66.4
107.2
110.4
122.8
102
67.6
42
66.8
91.6
59.2
108.8
73.6
140
72.4
32.4
86.4
98.4
20.8
72.8
50.4
59.2
106.4
71.2
104.8
90
110
60.8
41.6
74.8
69.6
9.6
110.4
79.2
44.8
136.8
154.4
111.2
53.6
98
187.2
95.6
135.2
47.2
111.2
121.6
110.8
136.4
151.2
170.4
150.4
171.2
175.2
124
154.4
248
229.6
134
151.2
163.2
109.6
138.8
137.6
98.4
41.6
45.6
27.2
16
17.6
28.8
7.2
12.4
10.4
8
12
9.6
12.8
16
14.4
13.6
8.8
10.4
8.8
3.2
4.4
2.4
4.8
4
6.4
6.8
7.6
4.4
10.4
6
3.2
5.2
9.2
4.4
4
6
6
4
5.6
4.4
5.6
1.6
2.8
4.8
0.8
5.2
2.4
1.6
5.2
7.2
2.4
5.2
6.4
3.2
1.6
1.2
1.2
3.2
0.4
2.4
0.8
4
1.6
1.6
0.8
1.6
3.2
0.8
4
2.4
2.4
0.8
0
1.6
1.6
0.8
0
0.8
1.6
0
0.8
0
