0.376376 0.380599 0.000626
0.005610 -0.040482 0.052580
0.030443 -0.031475 0.000398
-0.010106 0.014827 0.019915
-0.049816 -0.061495 0.001194
-0.048164 -0.024928 -0.067910
-0.000828 -0.002910 0.000432
0.000035 -0.000204 -0.001685
0.002024 -0.010263 0.000526
0.001919 -0.011619 -0.012564
-0.002579 -0.004768 0.000357
-0.006779 -0.006501 -0.008180
0.006421 -0.006254 0.000401
0.000649 -0.004170 0.003651
-0.002248 0.002650 0.001221
-0.001689 0.002380 -0.000048
-0.011818 -0.006984 0.000342
0.003731 0.007711 0.000320
-0.040642 -0.106346 0.001300
-0.003155 -0.008035 0.005418
-0.051264 -0.006589 0.000514
-0.002860 0.005310 -0.005670
-0.003261 -0.001940 0.000415
0.006008 0.000357 -0.001807
-0.084508 0.015530 0.000434
-0.015361 -0.007376 0.014260
-0.011857 -0.006634 0.000337
-0.008363 -0.001499 -0.005108
-0.002380 0.002402 0.001210
-0.005466 0.001670 0.003067
0.001450 -0.010315 0.000520
-0.000825 -0.000019 -0.001248
0.001626 0.000754 0.000513
-0.000654 0.004627 -0.000732
0.002757 0.003597 0.002071
-0.000034 -0.001403 0.000043
0.000850 -0.008210 -0.001567
0.004739 0.002872 -0.000717
0.001755 0.001663 0.002944
-0.000536 -0.000010 -0.000755
-0.001789 -0.000229 -0.000589
0.006083 -0.001382 -0.000814
0.003058 0.002977 0.000108
-0.001321 -0.000753 -0.000736
0.007676 -0.001691 0.002593
-0.001153 -0.001255 0.000001
-0.001330 -0.003160 -0.001051
-0.001187 0.000066 -0.000741
0.000930 -0.000902 0.002760
-0.000547 0.000830 0.000073
-0.003615 -0.003222 0.000396
-0.001102 -0.001018 -0.000711
-0.005737 0.005393 -0.000198
0.003572 0.008400 -0.000803
0.003569 0.001168 -0.000860
0.000477 -0.000010 -0.000740
-0.001198 0.000637 0.001210
-0.004417 0.000846 -0.000851
0.001018 -0.000802 0.003554
-0.002005 -0.000639 0.000034
-0.001141 -0.003330 -0.001167
-0.001264 -0.000200 -0.000726
-0.001862 -0.000155 -0.001149
-0.000672 0.000306 -0.000845
0.001709 0.000936 0.000311
0.005665 -0.040683 -0.053685
0.002968 0.003539 -0.001242
-0.010444 0.014924 -0.021005
0.000861 -0.008157 0.003097
-0.048387 -0.024817 0.066711
0.001883 0.001821 -0.002010
-0.000024 -0.000287 0.000459
-0.001656 -0.000133 0.001664
0.001938 -0.011688 0.011299
0.003131 0.003133 0.000832
-0.006802 -0.006608 0.006892
0.007880 -0.001730 -0.001724
0.000682 -0.004189 -0.004393
-0.001304 -0.003132 0.002546
-0.001656 0.002298 -0.001326
0.001124 -0.000966 -0.001847
0.003689 0.007678 -0.001068
-0.003615 -0.003199 0.001088
-0.003241 -0.008149 -0.006714
-0.005645 0.005485 0.001211
-0.002800 0.005187 0.004407
0.003640 0.001322 0.001801
0.005986 0.000183 0.000492
-0.001114 0.000728 -0.000190
-0.015347 -0.007534 -0.015530
0.001220 -0.000835 -0.002646
-0.008354 -0.001511 0.004334
-0.001129 -0.003326 0.002694
-0.005491 0.001610 -0.004408
-0.001816 -0.000078 0.002227
-0.000793 -0.000217 -0.000039
