0.000149 0.010187 0.010934
-0.008699 0.002220 0.001273
-0.003422 0.019677 -0.004879
0.012069 0.007605 -0.001397
-0.001742 0.016062 -0.005876
-0.007734 0.001311 -0.002366
0.000110 0.003332 0.004430
0.000331 -0.016909 -0.002650
-0.003907 -0.011474 -0.002346
-0.008226 -0.000574 -0.002283
-0.002821 0.005038 -0.003006
-0.009140 -0.006728 -0.002983
0.003683 -0.006800 0.003818
0.019509 -0.029181 -0.003626
-0.003866 0.000650 0.000194
0.013131 -0.010485 0.002956
0.000066 0.011159 0.011815
-0.008788 0.001178 0.001040
-0.001400 0.019691 0.001063
0.010780 0.014187 -0.008689
-0.000525 0.016364 -0.005035
-0.009459 0.000183 -0.002625
-0.000082 0.003124 0.004972
0.001005 -0.016227 -0.003036
-0.003946 -0.010754 -0.001263
-0.014062 -0.001879 -0.001056
0.011259 -0.006800 -0.000356
-0.010402 -0.005333 -0.003591
0.004685 -0.008226 0.003170
0.002225 -0.020193 -0.000736
-0.002562 -0.000378 0.000762
0.013649 -0.012089 0.003256
-0.000920 0.011254 0.012424
-0.009409 0.001741 -0.000630
-0.001942 0.018734 0.000898
0.010071 0.004330 -0.010276
-0.002017 0.015511 -0.005798
-0.008973 0.000749 -0.001551
-0.001370 0.004486 0.005400
-0.000276 -0.015996 -0.002618
-0.003386 -0.011478 -0.001651
-0.011203 -0.003943 0.002707
0.011454 -0.006522 0.000307
-0.009677 -0.006036 -0.004926
0.004021 -0.006993 0.003842
0.003212 -0.019302 -0.001863
-0.004216 0.000675 0.002675
0.014959 -0.010486 0.002805
-0.000392 0.011119 0.011407
-0.008462 0.001256 0.000786
-0.001001 0.018645 0.001885
0.012225 0.007543 -0.000417
0.002230 0.017635 -0.005762
-0.010344 0.000041 -0.002425
-0.000099 -0.000810 -0.003925
0.000039 -0.015381 -0.002292
-0.003267 -0.010819 -0.002278
-0.010850 -0.004941 -0.002468
0.011281 -0.005500 -0.000135
-0.012024 -0.007951 -0.006513
0.006799 -0.009797 0.003757
0.002755 -0.020296 -0.001633
-0.004067 0.000206 0.002017
0.014415 -0.030445 -0.000925
-0.000409 0.011790 0.011951
-0.009068 0.000930 -0.000308
-0.001327 0.018681 -0.006548
0.010746 0.008184 -0.002782
-0.001771 0.015464 -0.006155
-0.009269 0.002043 -0.002444
-0.001031 0.003739 0.005328
-0.000307 -0.014748 -0.002931
-0.003862 -0.011755 -0.001267
-0.009347 -0.004316 0.002638
0.014851 -0.009044 -0.003447
-0.009618 -0.005778 -0.004410
0.004526 -0.007788 0.003179
-0.000199 -0.017240 -0.004880
-0.004593 0.001301 0.002391
0.013906 -0.012396 0.002726
0.004371 0.006600 0.004734
-0.009475 0.001338 -0.018467
-0.004900 0.019472 0.000384
0.012215 0.006787 -0.001595
-0.001576 0.015991 -0.013826
-0.011119 0.000220 -0.009186
-0.000048 0.003059 0.006441
-0.001977 -0.014967 -0.002686
-0.001319 -0.010237 -0.002003
-0.012745 -0.004563 -0.001766
0.010006 -0.005662 0.004901
-0.008592 -0.004900 0.000885
0.004181 -0.007246 0.002352
0.008158 -0.017613 -0.000321
-0.003918 0.003947 0.001007
0.013720 -0.010137 0.002223
-0.005913 0.014292 0.005995
-0.007937 0.001641 -0.021135
0.001384 0.018357 0.000353
0.011827 0.008828 -0.002227
0.001487 0.018432 -0.006736
-0.007310 -0.001294 -0.005243
-0.001272 0.003476 0.004479
-0.077720 0.023391 -0.093498
0.077729 0.035341 -0.095695
-0.010369 -0.006910 -0.002003
0.006307 -0.006293 -0.000044
-0.004099 -0.006497 -0.004147
0.003478 -0.009329 0.004133
0.004992 -0.020127 0.002976
-0.004551 0.066660 -0.073557
0.015405 -0.012002 0.003314
-0.000972 0.011133 0.010933
-0.008619 0.001272 0.001057
-0.001687 0.019906 0.001062
0.011953 0.008059 -0.002830
-0.005329 0.013904 -0.004864
-0.007385 0.000985 -0.001521
-0.000713 0.009851 -0.002118
0.000129 -0.016000 -0.003919
-0.002983 -0.012600 -0.001068
-0.010107 -0.005598 -0.002091
0.010837 -0.006610 0.000145
0.006844 0.003506 -0.005947
0.063682 -0.039158 -0.063684
0.004043 -0.019019 -0.001528
-0.003563 0.000937 0.001697
0.012688 -0.006879 -0.001634
0.000178 0.002891 -0.004569
0.007247 0.009190 -0.002505
-0.010440 0.010027 0.002341
0.006877 0.023453 -0.001187
0.000394 -0.003537 -0.002194
0.001353 0.004268 -0.009996
-0.008696 -0.001212 0.000762
0.000516 0.004861 -0.004361
-0.001846 0.007532 -0.001512
0.022030 -0.009025 0.003285
-0.008149 0.010438 0.002117
-0.004685 -0.001156 -0.000463
0.011482 -0.005271 0.000281
-0.004577 -0.009251 0.005133
0.010573 -0.011052 0.002304
-0.016131 -0.012781 0.000513
-0.000238 0.003159 -0.002984
0.007728 0.008237 -0.002312
-0.009599 0.010918 0.003054
0.007063 0.023468 -0.001141
0.000118 -0.006139 -0.000733
0.001252 0.003342 -0.008549
-0.008371 -0.001620 0.000969
0.002568 0.004636 0.000983
-0.001204 0.007062 -0.002558
0.016093 -0.011696 0.003094
-0.007804 0.011214 0.001258
-0.005027 -0.004325 0.004157
0.012028 -0.005155 -0.000183
-0.003042 -0.007577 0.008766
0.008967 -0.009612 0.002025
-0.016361 -0.011928 0.002038
0.000044 0.003374 -0.005089
0.006537 0.009194 -0.002355
-0.010024 0.010282 0.002661
0.007579 0.023572 -0.000646
-0.000143 0.000162 -0.000315
0.001598 0.004290 -0.008548
-0.008473 -0.002400 0.000867
0.003377 0.005782 0.000818
0.000047 0.008221 -0.001835
0.018074 -0.012403 0.002326
-0.008552 0.010405 0.002946
-0.008702 -0.003473 0.000725
0.012500 -0.006146 -0.000154
-0.000279 -0.008784 0.005114
0.010399 -0.009988 0.001959
-0.018035 -0.010931 0.001004
0.000030 0.003117 -0.004120
0.008214 0.008985 -0.004146
-0.010397 0.010510 0.002439
0.007112 0.023444 0.001195
-0.000465 -0.002921 -0.001444
0.001874 0.004345 -0.018895
-0.009094 -0.003148 0.001869
0.002799 0.005753 0.000799
0.000318 0.008794 -0.002433
0.018727 -0.011137 0.003238
-0.008911 0.009373 0.000615
-0.002882 -0.001505 0.006467
0.011976 -0.004078 0.000631
-0.003498 -0.005190 0.003568
0.007264 -0.007283 0.002466
-0.016799 -0.012214 0.002021
-0.000888 0.003097 -0.003999
0.006928 0.007567 -0.002265
-0.009658 0.010488 0.004520
0.007169 0.023445 -0.001514
0.000083 -0.002928 -0.002149
0.001454 0.004208 -0.009166
-0.007490 -0.002758 0.001068
0.002801 0.005029 -0.006875
0.000155 0.007436 -0.001871
0.018202 -0.010789 0.007749
-0.009640 0.009609 0.002139
-0.004299 -0.000401 -0.000698
0.012438 -0.005242 -0.001835
-0.005174 -0.007561 0.009911
0.010490 -0.009780 0.001505
-0.017406 -0.012279 0.001195
0.000020 0.003569 -0.002427
0.011896 0.012315 -0.006791
-0.006100 0.009025 -0.001507
0.002669 0.022640 -0.006292
0.000482 -0.001931 -0.000186
0.001393 0.004703 -0.009783
-0.008742 -0.002247 0.004927
0.003039 0.005817 0.001647
-0.000180 0.007824 -0.007488
0.015746 -0.010281 0.008529
-0.008620 0.008200 -0.004976
-0.004720 -0.000969 -0.001266
0.009739 -0.006987 0.000025
-0.003751 -0.004893 0.003441
0.013329 -0.008285 0.000550
-0.017335 -0.013439 0.000537
-0.000700 0.003304 -0.005613
0.005114 0.004565 -0.007767
-0.015426 0.012113 -0.002670
0.014292 0.024865 -0.007774
0.000034 -0.003170 -0.000311
0.000673 0.004008 -0.009661
-0.024159 -0.027401 0.602197
0.003363 0.005083 0.001707
-0.001763 0.007466 -0.011040
0.015754 -0.007111 0.003331
-0.007054 0.027840 -0.001500
-0.006928 -0.001309 -0.000199
-0.043607 -0.037637 -0.049054
-0.003008 -0.005636 0.004490
-0.006493 -0.017677 -0.001942
-0.014077 -0.083178 -0.068038
-0.000935 0.003776 -0.004428
0.007161 0.008570 -0.002746
-0.009895 0.010866 0.003457
0.005952 0.022616 -0.001445
-0.000947 -0.002781 -0.002550
0.007526 0.004874 -0.014857
-0.007059 -0.000967 0.000271
0.002551 0.005414 0.000655
-0.003040 0.006778 -0.002041
0.017650 -0.011289 0.002321
-0.009410 0.011087 0.002292
-0.004413 -0.004519 0.000744
0.010838 -0.005625 -0.000500
-0.003961 -0.005848 0.004555
0.007267 -0.010605 0.007199
-0.015747 -0.012019 0.001207
