2176.0000 0.05 1
1.875
3.75
6.25
6.25
7.5
16.25
8.75
7.5
17.5
15
14.375
16.25
25
16.25
6.25
31.25
23.125
18.125
28.75
10
10
13.125
10
10
16.25
20
25
30
37.5
19.375
23.75
27.5
13.75
26.875
20.625
29.375
21.25
41.25
44.375
30.625
37.5
55
48.75
45.625
41.875
67.5
54.375
49.375
84.375
92.5
98.75
125.625
135.625
135.625
138.125
154.375
180.625
152.5
158.125
199.375
177.5
175
234.375
251.25
268.75
236.25
236.875
279.375
291.25
311.25
296.25
321.25
302.5
311.25
325
339.375
338.125
363.125
315.625
353.75
373.75
366.25
328.75
361.875
333.75
378.125
313.75
293.75
304.375
286.25
272.5
254.375
231.25
253.75
250
298.75
208.125
247.5
311.875
296.25
315.625
310
311.875
298.75
248.75
293.125
312.5
294.375
325
273.125
281.25
300.625
274.375
321.25
291.25
315.625
248.75
297.5
354.375
318.125
314.375
315.625
326.25
364.375
342.5
381.875
398.75
381.25
389.375
393.125
394.375
432.5
448.125
473.75
450
442.5
453.75
438.75
448.125
415
405.625
428.125
382.5
358.75
316.25
354.375
327.5
308.125
316.875
330.625
305.625
276.875
215
256.25
248.75
301.875
281.25
246.875
271.875
223.75
318.75
288.75
329.375
301.25
302.5
292.5
285
296.25
348.75
291.875
327.5
347.5
373.125
354.375
263.125
286.875
214.375
288.125
345
266.875
265
265.625
260.625
235
245.625
250
262.5
326.875
238.75
228.75
236.875
225
181.875
247.5
253.75
281.25
256.25
305.625
256.25
263.125
256.875
206.25
202.5
269.375
255
326.25
343.125
345
355
273.75
368.75
293.75
511.875
536.875
510.625
421.875
366.875
265
230.625
201.25
168.125
116.25
63.125
32.5
11.25
3.75
1.25
4.375
1.25
0
0
0
0
0
0
0
0
0
0
2.5
0
