0.012201 -0.002577 -0.002818
-0.005099 -0.001878 0.001575
0.010543 0.004516 0.000911
0.003047 0.000291 -0.003185
0.008424 0.002823 -0.001733
-0.001148 -0.003217 -0.001193
-0.004258 -0.000939 -0.004289
-0.005056 0.005807 -0.000372
-0.007940 -0.000823 -0.007352
0.005355 -0.000099 -0.002186
-0.003167 -0.002475 0.003858
-0.006035 -0.002618 0.002630
-0.001723 -0.005421 0.008830
-0.005713 0.000414 0.000191
0.005721 0.000889 -0.005752
0.006351 -0.005901 -0.004149
0.009439 0.002538 0.001462
-0.004857 -0.002590 0.002159
0.010889 -0.045843 -0.040744
-0.001609 -0.004155 -0.008639
0.007642 0.004227 -0.001939
-0.001105 -0.003663 -0.000568
-0.004646 -0.002334 -0.005272
-0.004552 0.005407 0.000598
-0.008272 0.000527 -0.006702
0.004873 -0.001671 -0.002894
0.018097 -0.001936 -0.017385
-0.005070 -0.002488 0.003362
-0.002104 -0.006369 0.008735
-0.003903 0.001115 -0.000226
0.004368 0.000020 -0.004941
0.005467 -0.002214 -0.003114
0.012616 0.007062 -0.002666
-0.006686 -0.002077 0.002920
0.010333 0.004902 0.000654
0.000765 0.000314 -0.003737
0.012886 -0.000307 -0.007253
0.018635 -0.002926 -0.019479
-0.000515 0.001793 -0.014314
-0.006088 0.006022 0.004849
-0.003814 -0.002448 -0.016747
0.000633 0.002725 -0.011453
-0.003398 -0.001751 0.004242
-0.036017 -0.002118 -0.025638
-0.000596 0.037575 -0.025162
-0.007025 -0.002033 -0.001580
0.003938 0.000788 0.001015
0.006742 0.002885 -0.004260
0.010262 0.001295 0.002951
-0.004949 -0.002899 0.002340
0.010430 0.005027 0.000858
0.003028 0.000617 -0.002498
0.008321 0.002993 -0.002667
-0.001495 -0.003963 -0.001713
-0.004579 -0.003847 -0.004146
-0.005031 0.005793 0.001192
-0.008675 0.002433 -0.007147
0.005314 -0.002602 -0.001848
-0.003302 -0.002185 0.003850
-0.005063 -0.002910 0.001697
-0.001347 -0.004889 0.008738
-0.005725 0.000397 -0.001147
0.004015 0.001299 -0.004819
0.002201 -0.002721 0.002511
0.011671 0.002792 0.000956
-0.009444 0.001432 -0.003143
0.010692 0.003807 -0.000550
-0.001527 0.004846 -0.008814
0.012883 0.001172 -0.006938
-0.001133 -0.003661 -0.000522
-0.004338 -0.001969 -0.003975
-0.004632 0.005907 0.000314
-0.008426 0.001078 -0.008030
0.005098 -0.001147 -0.001313
-0.002789 -0.002230 0.003328
-0.005474 -0.002670 0.003157
-0.001752 -0.006371 0.010153
-0.005960 0.000866 -0.001068
0.003530 0.001891 -0.005612
0.002089 -0.002021 0.001808
0.009562 0.002179 0.001648
-0.005160 -0.001950 0.001320
0.010430 0.003392 0.002974
0.003204 -0.000598 -0.001523
0.007906 0.002967 -0.002980
-0.001846 -0.003079 -0.002313
-0.004458 -0.002067 -0.005533
-0.005291 0.006554 0.000725
-0.008256 0.000691 -0.009039
0.005182 -0.001490 -0.003095
-0.017864 -0.003004 -0.010549
-0.005863 -0.002278 0.002344
-0.001746 -0.006029 0.009968
-0.006811 0.000068 -0.000010
0.004501 0.002302 -0.005281
0.003491 -0.001732 0.001200
0.009986 0.004053 0.003490
-0.009900 0.001814 -0.004106
0.010535 0.005145 -0.000739
-0.001364 0.000980 -0.007832
0.009629 0.003658 -0.000265
-0.021564 -0.004483 -0.021878
-0.008923 -0.006974 -0.016124
-0.004837 0.005820 0.001412
-0.012958 0.005295 -0.018776
0.009248 -0.005768 -0.012549
-0.003290 -0.002485 0.003109
-0.007700 -0.002552 0.006424
-0.001295 -0.005170 0.012836
-0.005879 0.000653 -0.000886
0.004787 0.001057 -0.002628
0.002150 -0.001076 0.002608
0.013205 0.002192 -0.002285
-0.006163 -0.002549 0.003270
0.009718 0.003853 -0.001192
0.002716 0.001377 -0.002277
0.009629 0.003707 -0.000899
-0.001773 -0.002912 -0.001314
-0.004252 -0.002174 -0.006334
-0.005154 0.005383 0.000594
-0.008435 0.000557 -0.008326
0.004922 -0.001149 -0.003197
-0.003558 -0.002688 0.003588
-0.005388 -0.002482 0.002123
-0.001757 -0.005756 0.010125
-0.005614 0.000108 -0.000669
0.004268 0.001481 -0.005037
0.001694 -0.001670 0.000954
-0.012866 -0.001494 0.003256
0.004559 -0.002787 0.001055
-0.002715 0.001314 0.003068
-0.003601 0.003963 0.002549
-0.003545 -0.016301 -0.024619
0.005133 -0.000958 -0.000014
0.004304 -0.001110 -0.003500
0.003280 0.000054 0.000313
0.009578 0.006611 0.000423
-0.001209 -0.005925 -0.005419
0.001893 0.002946 0.005661
-0.021162 -0.004037 -0.005149
0.003062 0.004352 0.010502
-0.000672 -0.008224 -0.011253
0.018126 -0.000088 0.000849
-0.005469 0.001478 0.008656
-0.012333 -0.001806 0.002518
0.004593 -0.004849 0.006978
-0.002887 0.000716 0.002077
-0.003859 0.003699 0.002493
-0.003350 0.006160 -0.000788
0.020236 -0.001515 -0.008783
0.007154 0.002594 -0.008335
0.002840 0.000078 0.000371
0.009527 0.004848 0.002320
-0.000879 -0.005540 -0.007239
0.001147 0.003115 0.005742
-0.024666 -0.000119 -0.008909
0.001997 0.004164 0.009588
-0.000454 -0.007145 -0.008660
0.017467 0.000530 0.001252
-0.005541 0.002120 0.008771
-0.010943 0.000095 -0.000991
0.005184 -0.002860 0.000388
-0.004214 0.004057 -0.000169
-0.028425 0.003602 -0.012148
-0.002963 0.029080 -0.024583
0.005568 -0.001693 -0.000158
0.008110 0.002613 -0.008985
0.027925 0.000841 -0.024599
0.010233 0.020206 -0.007174
0.001468 -0.005896 -0.031194
0.003820 0.001103 0.002555
-0.028108 -0.003818 -0.011409
0.014383 0.007610 0.472150
-0.001667 -0.018224 -0.013769
0.013033 -0.002496 -0.008051
-0.008844 -0.003755 0.003026
-0.012486 -0.001693 0.002380
0.004809 -0.002621 0.000730
-0.002610 0.001103 0.001673
-0.003327 0.003630 0.001731
-0.002864 0.023897 -0.019214
0.005918 -0.001362 -0.000858
0.004066 -0.000931 -0.004525
0.002218 0.000672 -0.001110
0.009459 0.008143 -0.001979
-0.000798 -0.006015 -0.005980
0.002299 0.003070 0.004986
-0.021369 -0.004409 -0.005098
0.003127 0.004246 0.021512
-0.000981 -0.010392 -0.013111
0.017975 0.002161 0.000857
-0.005853 0.000511 0.007779
-0.014028 -0.001550 0.003165
0.004572 -0.000553 0.006620
-0.001740 0.001007 0.002185
-0.004325 0.004312 0.002615
-0.003303 0.006428 -0.002567
0.005044 -0.001145 -0.000744
0.003613 -0.002370 -0.003261
0.001805 -0.000174 0.000600
0.010010 0.005310 0.002976
-0.001031 -0.006311 -0.007152
0.002223 0.003358 0.005024
-0.024690 -0.008464 -0.009262
0.002560 0.005048 0.009491
-0.000907 -0.006735 -0.009275
0.017458 0.001314 -0.000474
-0.010050 -0.003607 0.002720
-0.013082 -0.001169 0.002934
0.004988 -0.003393 0.001316
-0.002938 0.001085 0.002546
-0.003986 0.004121 0.003460
-0.003653 0.006139 -0.002320
0.007408 -0.000860 0.001711
0.006151 -0.001864 -0.002264
0.002537 0.000201 -0.000366
0.009609 0.003941 0.002516
-0.000920 -0.005744 -0.004766
0.003149 0.002661 0.005967
-0.022375 -0.002564 -0.002973
0.002503 0.005094 0.009667
-0.000291 -0.006600 -0.009536
0.017709 0.000693 -0.001030
-0.005664 0.000415 0.007751
-0.012610 -0.001674 0.002832
0.004687 -0.002348 0.000044
-0.002729 0.000788 0.002730
-0.005717 0.003732 0.006316
-0.003609 -0.010789 -0.019084
0.005441 -0.001342 -0.000651
0.005488 -0.001608 -0.001897
0.004326 0.000642 0.003039
0.009682 0.007498 0.005865
-0.001364 -0.005984 -0.036770
0.002527 0.003170 0.005593
-0.024088 -0.004336 -0.006001
0.002331 0.004815 0.008348
-0.000746 -0.009115 -0.005026
0.021844 0.005276 -0.009155
-0.007241 0.001258 0.009807
-0.011434 -0.000825 0.003424
0.005036 -0.001640 0.001606
-0.003498 0.001435 0.002989
-0.003195 0.004434 0.003721
-0.003635 0.006373 0.010974
0.005349 -0.001063 -0.001251
0.003984 -0.001041 -0.004300
0.002867 0.000086 -0.000398
0.009667 0.004697 0.001645
-0.000886 -0.006011 -0.004466
0.002140 0.002681 0.005290
-0.022127 -0.005736 -0.002983
0.002764 0.004152 0.009382
0.000116 -0.005451 -0.009157
0.017759 0.001035 -0.000694
-0.007443 0.001047 0.009285
