2176.0000 0.05 1
1.875
3.75
6.25
6.25
7.5
16.25
8.75
7.5
16.25
16.25
14.375
16.25
25
16.25
6.25
31.25
23.125
18.125
28.75
10
10
13.125
10
10
16.25
20
25
30
37.5
19.375
25
26.25
13.75
26.875
21.875
28.125
21.25
40
45.625
30.625
37.5
55
48.75
44.375
43.125
67.5
53.75
48.75
85.625
92.5
98.75
124.375
138.125
133.125
138.125
155
181.875
151.875
157.5
200
177.5
175
230
256.875
267.5
236.25
235.625
279.375
293.75
310.625
295.625
321.25
301.875
310.625
325
340.625
338.75
362.5
318.125
351.875
373.75
365.625
330.625
360
332.5
380.625
310
295.625
305
285
276.25
251.875
232.5
249.375
253.75
295.625
207.5
252.5
310.625
294.375
318.75
308.125
309.375
301.25
246.875
293.75
310.625
298.125
325.625
273.125
280.625
303.125
271.25
320
291.25
315.625
249.375
300.625
353.125
315
315
316.875
327.5
364.375
341.25
378.125
401.875
380.625
388.125
393.125
398.125
432.5
451.25
468.125
450.625
442.5
455
436.25
448.125
416.875
405.625
429.375
381.25
357.5
317.5
353.125
327.5
311.25
318.125
326.875
305
276.875
216.25
256.25
250
301.25
281.875
245
271.875
225.625
317.5
290
329.375
301.875
301.25
291.25
283.125
300
346.875
292.5
325.625
350
374.375
354.375
261.25
288.125
211.875
289.375
345
265.625
265.625
268.125
258.75
234.375
246.25
249.375
262.5
328.75
239.375
226.25
237.5
225
179.375
250
255
280
256.875
306.25
251.875
266.25
256.875
205
202.5
270.625
255
326.25
343.125
345
353.75
275.625
368.125
290.625
513.75
538.125
510
425
364.375
263.75
231.875
201.875
166.875
119.375
60
33.125
10.625
5
1.25
3.75
1.25
0
0
0
0
0
0
0
0
0
0
2.5
0
