0.009002 0.002076 0.001318
-0.005522 -0.000602 0.002360
0.010429 0.003964 0.000177
0.002311 -0.000386 -0.003558
0.026077 0.020425 -0.002762
-0.002085 -0.005173 -0.000507
-0.007142 -0.003772 -0.005206
-0.005630 0.004700 0.000553
-0.007718 0.000514 -0.006697
0.003192 0.000505 -0.002253
-0.004309 -0.000875 0.005253
-0.004790 -0.003138 0.002438
-0.001924 -0.005390 0.009472
-0.005657 0.000452 0.000251
0.004654 0.001896 -0.004965
0.002577 -0.001860 0.000512
0.010098 0.002285 0.001222
-0.004584 -0.001472 0.001577
0.011228 0.004015 -0.000151
0.002083 0.000842 -0.003248
0.009019 0.002700 -0.002322
-0.001618 -0.004882 -0.000894
-0.004226 -0.002077 -0.005785
-0.004677 0.005941 0.000254
-0.004097 0.004430 -0.010669
0.005290 -0.001048 -0.001815
-0.003922 -0.003256 0.003553
-0.006865 -0.002023 0.002652
-0.000696 -0.005355 0.009234
-0.006634 0.001137 0.000931
0.005418 0.000878 -0.004823
0.002686 -0.002561 0.000816
0.015672 0.005575 0.001501
-0.005215 -0.002187 0.002396
-0.563992 0.006977 0.006317
0.051594 -0.059026 -0.001309
0.019435 -0.009140 -0.002654
0.010216 -0.008631 0.004431
-0.007013 -0.000641 -0.005956
0.004753 0.000989 -0.003978
-0.011408 0.000266 -0.008592
0.002972 -0.002638 -0.001538
0.007698 0.002681 -0.000046
-0.008122 -0.002442 0.003025
-0.004800 -0.005248 0.008584
-0.006117 0.000701 -0.000731
0.012733 0.005030 -0.001327
0.000562 -0.002873 0.002316
0.010961 0.001030 0.000910
-0.005425 -0.000800 0.000144
0.009193 0.003963 -0.000066
0.002025 0.001815 -0.003340
0.009303 0.003182 -0.002795
-0.000556 -0.003191 -0.000095
-0.004594 -0.002064 -0.005108
-0.004529 0.005704 0.000480
-0.009249 0.000698 -0.006980
0.005339 -0.001607 -0.002119
-0.002944 -0.002098 0.004746
-0.006716 -0.001873 0.002388
-0.002005 -0.005409 0.009622
-0.006635 0.000343 -0.000063
0.004649 0.001173 -0.005447
0.002438 -0.001982 0.000882
0.016305 0.005835 -0.003912
0.022898 -0.002616 0.000177
0.011251 0.004170 -0.000081
-0.000240 0.001803 -0.004823
0.019129 0.002286 0.008063
0.007925 -0.007717 0.003420
0.030688 -0.004352 0.038816
-0.005821 0.006423 -0.000993
-0.003734 -0.003575 -0.010456
0.046086 0.000590 -0.061083
-0.002907 -0.002617 0.004341
-0.000589 -0.005867 -0.002820
-0.001227 -0.005372 0.009334
-0.006558 -0.000392 0.001152
0.002664 0.001420 -0.003172
0.002194 -0.002906 0.000819
0.009840 0.001611 0.001124
-0.004732 -0.001602 0.001145
0.011311 0.004006 0.000069
0.002340 0.000738 -0.003429
0.009517 0.002527 -0.002911
-0.001461 -0.003017 -0.001197
-0.004855 -0.002160 -0.005960
-0.005857 0.004485 0.000657
-0.009156 0.000700 -0.007138
0.005018 -0.001013 -0.001793
0.005790 0.001866 0.001086
-0.007128 -0.001451 0.001922
-0.008498 -0.006949 0.009528
-0.000680 -0.003308 -0.003797
0.002879 0.003241 -0.006066
0.035055 0.041933 -0.001364
0.010088 0.001919 0.001255
-0.005254 -0.001929 0.000217
0.011300 0.003794 -0.000377
0.002163 0.001294 -0.003429
0.009050 0.001877 -0.002938
-0.001878 -0.003201 0.001578
-0.004523 -0.002317 -0.005224
-0.005670 0.005973 -0.001129
-0.004005 0.000347 -0.012003
0.005482 -0.000533 -0.002130
-0.004501 -0.002316 0.002646
-0.007302 -0.001121 0.002672
-0.004237 -0.005303 0.009011
-0.001535 0.000655 -0.004021
0.005016 0.000648 -0.004470
0.000653 -0.001798 -0.000672
0.016411 0.004962 0.006110
-0.004491 -0.001140 0.001235
0.010118 0.004529 -0.000185
0.000224 0.001318 -0.001639
0.026729 0.002458 -0.020642
-0.002665 -0.002961 0.000184
-0.004254 -0.002330 -0.004127
0.005185 0.001627 -0.003218
-0.009029 0.000591 -0.006959
0.005679 -0.001189 -0.002524
-0.004059 -0.001315 0.004395
-0.000474 -0.005048 0.007228
-0.006622 -0.003876 0.009799
-0.000575 0.004499 -0.003591
0.016876 0.006757 -0.000403
0.002503 -0.000772 0.000655
-0.015034 -0.003164 0.003734
0.003369 -0.002768 0.001284
-0.004445 0.002882 0.001705
-0.004527 0.003808 0.002086
-0.003184 0.006302 -0.000978
0.006213 -0.000267 -0.001038
0.005173 -0.000615 -0.004595
0.007061 0.003997 -0.000533
0.007953 0.006255 0.001894
0.000318 -0.006340 -0.005878
0.002381 0.002837 0.004620
-0.022835 -0.003808 -0.005416
0.004408 0.004498 0.011243
-0.011295 -0.007504 -0.009031
0.018632 0.001014 -0.001078
0.014844 -0.020645 0.007125
-0.013257 -0.001430 0.004063
0.005671 -0.002488 0.001151
-0.003069 0.001134 0.001213
-0.004959 0.005340 0.002534
-0.005162 0.005870 -0.001305
0.003777 -0.002752 -0.002527
0.004348 -0.000046 -0.003635
0.002050 -0.000963 -0.000599
0.010866 0.005517 0.001803
-0.002330 -0.005619 -0.006128
0.001121 0.002929 0.004491
-0.015002 -0.010914 -0.005383
0.003005 0.004852 0.011384
-0.000353 -0.007754 -0.009777
0.023500 -0.003057 0.003865
-0.004727 0.000347 0.007087
-0.014941 0.000001 0.004460
0.006685 0.000093 -0.000196
-0.004699 -0.000094 0.000963
-0.006500 0.005391 0.003536
-0.002681 0.006915 -0.001215
0.048018 0.045045 0.000538
0.035407 0.001208 -0.002393
0.000984 0.001928 -0.000825
0.007139 0.005084 0.001818
-0.001225 -0.005871 -0.006090
-0.000363 0.002622 0.006479
-0.016451 -0.007525 -0.009562
0.001209 0.004556 0.011996
0.003457 -0.007788 -0.009438
0.015774 0.000923 -0.000120
0.008619 0.015391 0.007101
-0.012542 -0.001257 0.002838
0.005470 -0.002830 0.000849
-0.002538 0.000799 0.002217
-0.004488 0.003853 0.002537
-0.002191 0.006232 -0.001355
0.005637 -0.002418 -0.001089
0.004430 -0.000827 -0.004789
0.002515 -0.000825 -0.000211
0.008892 0.005607 0.001764
-0.000518 -0.005843 -0.006316
0.001634 0.003070 0.004499
-0.023178 -0.003144 -0.005176
0.003770 0.004247 0.011499
0.000049 -0.007399 -0.009705
0.017329 0.000757 -0.000610
-0.004987 -0.000021 0.007803
-0.012809 -0.001353 0.002537
0.004331 -0.002314 0.001380
-0.002288 0.001253 0.002568
-0.004509 0.004927 0.002627
-0.003032 0.009554 0.000109
0.005452 -0.001230 -0.000911
0.004043 -0.001712 -0.003676
0.007738 0.002978 0.002720
0.003492 0.005639 0.002351
0.000815 -0.009119 -0.004621
0.001217 0.002854 0.004426
-0.025834 -0.005248 -0.005487
0.001449 0.004695 0.011892
-0.000371 -0.007047 -0.009625
0.023876 0.005028 0.003700
0.009282 0.000416 -0.007224
-0.012678 -0.001423 0.004004
0.005378 -0.002622 0.001470
-0.002547 0.001161 0.001760
-0.004592 0.002974 0.002592
-0.002642 0.005963 -0.001380
0.003872 -0.002278 0.000711
0.003904 -0.000406 -0.005122
0.002337 -0.000438 -0.000424
0.009952 0.005458 0.001764
-0.000128 -0.005821 -0.006284
0.006491 0.006244 0.008845
-0.022486 -0.003129 -0.005079
0.001117 0.004893 0.011786
-0.000549 -0.007302 -0.009439
0.017079 0.001041 -0.000651
-0.004957 0.000233 0.008401
-0.012745 -0.001781 0.003063
0.003630 -0.002441 0.001344
-0.002776 0.001464 0.002058
-0.006082 0.004383 0.001256
-0.003350 0.006356 -0.001607
0.005922 -0.001868 -0.001124
0.005223 -0.001081 -0.004123
0.003713 -0.000313 -0.001212
0.008863 0.005490 0.001801
0.000467 -0.005907 -0.006195
0.002867 0.002728 0.005846
-0.017364 -0.007004 -0.001969
0.003752 0.004999 0.011815
-0.010930 -0.007590 -0.007542
0.024843 0.000934 0.005851
-0.004995 0.000750 0.007746
0.014961 -0.002745 -0.031659
0.006242 -0.002847 0.001473
0.033173 0.001972 0.046981
0.023054 -0.029062 0.001894
-0.004930 0.006444 -0.001418
0.006104 -0.001068 -0.001044
0.003690 -0.001451 -0.004931
0.008263 0.003584 -0.005436
0.005180 0.005625 0.002248
-0.002048 -0.005976 -0.006024
0.006840 -0.001306 0.008684
-0.021237 -0.003356 -0.005941
0.005558 0.001780 0.009631
0.000595 -0.007009 -0.010014
0.016982 0.000503 -0.000836
0.013857 0.000610 0.027999
