2176.0000 0.05 1
1.875
3.75
6.25
6.25
7.5
16.25
8.75
7.5
17.5
15
14.375
16.25
25
16.25
6.25
31.25
23.125
18.125
28.75
10
10
13.125
10
10
16.25
20
25
28.75
38.75
19.375
23.75
27.5
13.75
26.875
21.875
28.125
21.25
41.25
44.375
30.625
37.5
55
48.125
46.25
41.875
67.5
54.375
48.125
84.375
93.75
98.75
124.375
137.5
135
137.5
155
181.25
151.875
157.5
201.25
176.25
175.625
231.25
253.75
267.5
237.5
236.875
278.125
293.75
310
297.5
321.25
301.25
308.125
326.875
338.125
340
365
311.875
356.875
370.625
368.125
328.75
361.25
335
376.875
313.75
295
304.375
286.25
272.5
254.375
231.25
251.875
251.25
299.375
205.625
251.25
313.75
292.5
316.25
308.75
310.625
298.75
251.25
294.375
308.75
294.375
327.5
274.375
279.375
304.375
271.875
319.375
292.5
315.625
250
297.5
350.625
319.375
316.875
313.75
328.125
362.5
343.125
380
400
380.625
388.125
393.75
396.25
430.625
452.5
471.25
451.25
439.375
456.25
436.25
448.125
418.75
404.375
427.5
383.75
358.75
316.875
353.125
326.875
310
315.625
330.625
303.75
276.875
216.25
256.25
250
301.25
281.875
247.5
270.625
225
317.5
289.375
326.25
304.375
302.5
291.25
285
296.25
351.875
290
323.125
350.625
374.375
356.875
260.625
286.25
212.5
289.375
345
266.875
266.875
263.75
259.375
236.875
245
248.125
265.625
326.875
237.5
226.875
238.75
225.625
178.75
248.75
256.25
280
253.75
308.125
256.875
262.5
255.625
207.5
202.5
269.375
255
326.25
344.375
343.75
354.375
275.625
366.875
292.5
511.25
538.125
511.25
425
364.375
261.25
231.25
207.5
165
118.75
60
32.5
11.875
3.75
1.25
4.375
1.25
0
0
0
0
0
0
0
0
0
0
2.5
0
