0.011506 0.002596 0.001736
-0.005853 -0.004712 -0.002913
0.010260 0.003076 0.000882
0.001590 0.000464 -0.003260
0.008658 0.003855 -0.002566
-0.000650 -0.003643 -0.002120
-0.004068 -0.000579 -0.004335
-0.004938 0.005825 -0.000654
-0.008262 -0.001233 -0.007104
0.005078 -0.001043 -0.002820
-0.003509 -0.002279 0.012341
-0.006767 -0.002349 0.002938
-0.002329 -0.003762 0.010634
-0.005963 0.000423 -0.001558
0.005062 0.000888 -0.004315
-0.000702 -0.005730 -0.004939
0.011945 0.002236 0.001014
-0.005048 -0.000369 0.001481
0.014454 0.007830 -0.006276
0.001448 0.000767 -0.002624
0.008347 0.001317 -0.002527
-0.000939 -0.003179 -0.000844
-0.004694 -0.002229 -0.005567
-0.005085 0.005449 -0.000457
-0.008649 0.000718 -0.006839
0.005130 -0.001423 -0.001172
-0.002972 -0.001945 0.003588
-0.003236 -0.006053 -0.002920
-0.000136 -0.004046 0.011832
-0.010215 -0.004152 -0.010187
0.005338 -0.010040 -0.016661
-0.001320 -0.002034 -0.003182
0.011352 0.002587 0.002015
-0.005047 -0.001951 0.001898
0.014425 0.006575 -0.004317
0.042882 -0.001065 -0.033859
0.007044 0.051687 -0.042565
-0.001920 -0.004768 -0.029424
-0.008761 0.003202 -0.015199
-0.013900 0.008345 0.573904
-0.012603 -0.003703 -0.018240
0.006465 -0.001051 -0.001990
-0.003475 -0.002361 0.009548
-0.006617 -0.002058 0.002337
0.002579 -0.008217 0.004114
-0.005516 0.000520 0.000755
0.005288 0.000923 -0.005698
-0.000839 0.002235 -0.005062
0.011273 0.002319 0.001475
-0.005515 -0.002022 0.001446
0.010405 0.003472 -0.000061
0.000978 0.000400 -0.003461
0.008952 0.005604 -0.007369
-0.001279 -0.003527 -0.001865
-0.005387 -0.003438 -0.004115
-0.005241 0.005971 0.011174
-0.009351 0.002625 -0.006785
0.005387 -0.000994 -0.002998
-0.003251 -0.002404 0.008543
-0.007006 -0.002756 0.003299
-0.001733 -0.005163 0.009437
-0.005417 -0.000014 -0.001471
0.004134 0.001424 -0.006198
0.003726 -0.003400 0.003416
-0.035353 0.004309 -0.031541
-0.005384 -0.000584 0.001130
0.010228 0.003574 0.001001
0.001157 -0.000136 -0.002815
0.008413 0.001843 -0.002920
-0.000909 -0.003864 -0.000918
-0.004825 -0.002058 -0.003669
-0.005345 0.006169 -0.000236
-0.008483 0.000800 -0.008329
0.007167 -0.002339 -0.001268
-0.003345 -0.002427 0.003771
-0.002423 0.001760 -0.003893
-0.001652 -0.005200 0.009216
-0.005252 -0.000163 -0.000453
0.003617 0.017966 -0.024439
0.002935 -0.001753 0.001262
0.011575 0.002318 0.001246
-0.005255 -0.000900 0.001971
0.011916 0.003813 0.001810
0.002419 0.000801 -0.003371
0.008361 0.001913 -0.002097
-0.001917 -0.003039 -0.000083
-0.004511 -0.002076 -0.005438
-0.005302 0.006411 -0.000244
-0.008304 0.000699 -0.008706
0.005253 -0.001403 -0.003209
-0.004004 -0.002904 0.003700
-0.007937 -0.004068 0.004335
0.001831 -0.008400 0.004848
-0.001929 0.004162 -0.008785
0.003520 0.013232 -0.017613
0.002811 -0.001660 0.001343
0.010653 0.002237 0.001383
-0.003579 -0.066354 -0.050180
0.011957 0.002871 0.001864
0.002883 0.000481 -0.001351
0.008586 0.003251 -0.001823
-0.000587 -0.002109 -0.033041
0.000018 -0.006938 -0.015135
-0.005131 0.005893 -0.003404
-0.003452 0.004489 -0.018610
0.004195 -0.001279 -0.002219
-0.003348 -0.002311 0.008225
-0.006347 -0.002173 0.002120
0.000171 -0.005224 0.011085
-0.005764 0.000648 -0.001555
0.004789 0.000819 0.002975
0.003722 -0.000147 0.003302
0.010887 0.002429 0.002244
-0.005390 -0.000069 0.001216
0.009425 0.004225 -0.000345
0.001954 0.000427 -0.003396
0.008313 0.001406 -0.003138
-0.001892 -0.003089 0.000157
-0.004569 -0.002102 -0.006120
-0.004957 0.005297 -0.000467
-0.008619 0.000674 -0.008033
0.005172 -0.001308 -0.003207
-0.003492 -0.002447 0.004194
-0.007515 -0.001430 0.003798
-0.001589 -0.004875 0.010295
-0.006120 0.000968 -0.000427
0.004278 -0.016177 -0.024834
0.003091 -0.001441 0.001379
-0.012505 -0.001843 0.004030
0.005235 -0.003060 0.000266
-0.002967 0.001196 0.001298
-0.005567 0.003864 0.002476
-0.004422 0.005744 -0.001310
0.003791 0.002752 -0.005587
0.004477 -0.001399 -0.003783
0.003964 0.000005 0.000125
0.008926 0.005419 0.002696
-0.001213 -0.006072 -0.007084
0.002461 0.003344 0.006372
-0.023006 -0.004309 -0.004848
0.002790 0.004199 0.010808
-0.000864 -0.008236 -0.008431
0.017750 0.000465 -0.000020
-0.005772 -0.000932 0.008054
-0.012827 -0.001610 0.002463
0.004877 -0.002530 0.000810
-0.002315 0.002468 0.003061
-0.004464 0.003683 0.002603
-0.003723 0.006357 -0.002205
0.005713 -0.001112 -0.001576
0.004067 -0.000203 -0.004068
0.003650 0.000699 0.000534
0.010242 0.006734 0.002731
-0.001089 -0.005986 -0.006555
0.003718 0.003143 0.005608
-0.019178 -0.001129 -0.009286
0.001279 0.004014 0.011895
-0.003800 -0.003957 -0.014245
0.019739 0.002075 -0.001159
-0.006278 0.000457 0.008352
-0.014045 0.000809 0.000214
0.018061 -0.002531 -0.014316
-0.002706 0.001206 0.003623
0.052616 0.004451 -0.041586
-0.004465 0.007281 -0.001449
0.003277 -0.006382 -0.006374
0.003404 -0.033798 -0.029980
-0.034996 -0.001240 -0.030930
0.004398 0.002862 -0.003608
-0.020184 -0.005238 -0.026129
0.000026 0.000272 0.002818
-0.019162 -0.004051 -0.007780
0.001533 0.004915 0.016449
-0.005895 -0.005193 -0.014234
0.018554 0.000508 0.000617
-0.005871 -0.000479 0.007647
-0.012603 -0.001728 0.001882
0.004311 -0.002534 0.000582
-0.002370 0.001476 0.001610
-0.005412 0.003761 0.002235
-0.002848 0.006516 -0.001632
0.007532 0.000481 0.001380
0.004477 -0.006503 -0.011241
0.004296 0.000381 -0.001024
0.009707 0.005872 0.001967
-0.000252 -0.006405 -0.007769
0.002197 0.002979 0.004439
-0.023220 -0.004560 -0.004795
0.003092 0.004293 0.012198
-0.000551 -0.007708 -0.009798
0.017994 0.000980 -0.000157
-0.005823 -0.000468 0.008378
-0.011507 -0.001348 0.003107
0.004924 -0.002468 0.001146
-0.007478 0.005592 -0.007095
-0.004494 0.004122 0.002408
-0.004002 0.006364 0.005857
0.007316 -0.001190 -0.000143
0.004269 0.000682 -0.004146
0.004356 -0.000284 0.000221
0.006223 0.002636 -0.002665
-0.001100 -0.005710 -0.006487
0.002223 0.002858 0.005200
-0.018779 -0.007613 -0.009595
0.001897 0.004734 0.012076
-0.000762 -0.008553 -0.008793
0.017591 0.001112 0.001619
-0.005744 0.047534 -0.027533
-0.012415 -0.001483 0.002583
0.004730 -0.002476 0.001010
-0.003207 0.000305 0.002969
-0.005625 0.003044 0.003657
-0.003561 0.006134 -0.000593
0.006955 -0.000939 -0.000912
0.004197 0.000429 -0.004612
0.003318 0.000551 -0.000186
0.009944 0.005882 0.002063
-0.000683 -0.005898 -0.007825
0.000832 0.002701 0.005802
-0.023928 -0.002454 -0.002854
0.003024 0.006007 0.012056
-0.002422 -0.008422 -0.006917
0.017653 0.000760 0.000960
-0.006089 0.005760 0.001534
-0.012676 -0.001511 0.002516
-0.008828 -0.002635 -0.014150
-0.002573 0.000896 0.001517
-0.004020 0.003907 0.004729
-0.002595 0.005858 -0.001623
0.007204 -0.002261 0.000939
0.004553 -0.000380 -0.001581
0.003096 0.000654 0.002148
0.008683 0.006414 0.003703
0.019423 -0.006573 -0.027773
0.002219 0.002994 0.005124
-0.022102 -0.004100 -0.005513
0.002165 0.004722 0.012944
-0.002280 -0.008208 -0.007636
0.017004 0.001054 0.000407
-0.005855 -0.000933 0.007431
-0.014102 -0.001105 0.003222
0.004684 -0.002784 0.000412
0.001331 -0.001608 -0.005195
-0.006113 0.004973 0.003637
-0.003847 0.006388 0.001806
0.007295 -0.000969 -0.000090
0.004412 -0.000142 -0.003689
0.003312 0.000086 -0.000400
0.008317 0.006366 0.003409
-0.000724 -0.006124 -0.006464
0.002411 0.002883 0.005383
-0.023448 -0.005746 -0.003051
0.003088 0.003980 0.011929
0.000429 -0.007014 -0.010049
0.017766 0.000904 -0.001088
-0.005981 0.000095 0.010024
