2176.0000 0.05 1
1.875
3.75
6.25
6.25
7.5
16.25
8.75
7.5
17.5
15
14.375
16.25
25
16.25
6.25
31.25
23.125
18.125
30
8.75
10
13.125
10
10
16.25
20
25
28.75
38.75
19.375
25
26.25
13.75
26.875
21.875
28.125
21.25
41.25
44.375
30.625
37.5
55
48.75
45.625
41.875
67.5
54.375
48.125
84.375
93.75
96.25
126.875
137.5
135
138.125
153.75
181.25
153.75
156.875
200.625
176.25
175.625
233.125
251.875
268.75
236.25
236.875
279.375
293.125
310
295
320
303.75
310
323.75
340
341.25
360
318.125
351.25
376.25
363.75
326.875
358.75
335
381.875
313.75
296.25
303.125
285.625
273.125
255.625
231.25
247.5
255.625
296.25
208.75
250
309.375
295.625
312.5
313.75
308.125
300
250.625
293.75
308.75
295.625
327.5
275.625
279.375
303.125
272.5
318.75
295
313.75
248.75
298.75
351.25
318.75
315
318.125
323.75
361.875
347.5
376.875
400.625
383.125
385.625
395
396.25
430.625
451.25
468.75
453.75
441.25
453.125
435.625
450.625
418.75
402.5
431.25
381.25
353.75
321.875
352.5
328.75
309.375
314.375
330
306.25
278.125
216.25
253.125
250.625
302.5
279.375
247.5
271.875
225.625
316.25
291.25
326.875
300
306.25
288.75
285
297.5
346.25
296.875
321.875
352.5
370
358.125
259.375
289.375
214.375
289.375
345
262.5
265
266.25
261.875
235
247.5
248.125
260.625
328.75
238.75
230
236.25
225
181.25
247.5
255.625
281.875
253.125
305.625
255
266.25
254.375
207.5
203.75
270.625
255
325
344.375
343.75
355
275
366.875
291.875
511.875
533.125
513.125
425.625
366.875
261.25
235
202.5
162.5
122.5
61.25
32.5
11.875
3.75
1.875
3.125
1.875
0
0
0
0
0
0
0
0
0
0
2.5
0
