0.014574 0.005852 0.006957
-0.005539 -0.002037 0.000726
0.010521 0.004755 -0.000665
0.003181 0.000827 -0.003961
0.008714 0.003688 -0.002740
-0.000795 -0.003514 -0.000176
-0.004507 -0.002311 -0.004203
-0.004994 0.005901 -0.000339
-0.008602 0.000825 -0.007398
0.006092 -0.002898 -0.003344
-0.003331 -0.002272 0.004850
-0.004900 -0.002709 0.002394
-0.002084 -0.005759 0.008526
-0.005863 -0.000025 -0.002001
0.005222 0.000955 -0.004142
0.001690 -0.002593 0.000271
0.010487 0.002043 0.000618
-0.005268 -0.000854 0.000744
0.015029 0.002354 0.005661
-0.001051 0.005331 0.002477
0.008276 0.001294 -0.003325
-0.000704 -0.003643 -0.005611
-0.004788 -0.002176 -0.006306
-0.005279 0.023372 0.019622
-0.009116 0.000411 -0.007823
0.005337 -0.001247 -0.001851
-0.003914 -0.001270 0.034677
-0.005144 -0.002875 0.001697
-0.000716 -0.005961 0.008126
-0.004656 0.000635 -0.000915
0.005078 0.001637 -0.004671
0.002781 -0.001965 -0.001342
0.014132 -0.001490 0.006797
-0.005621 -0.002651 0.000866
0.014612 0.000208 0.005539
0.002224 0.000966 -0.003900
0.008658 0.003367 -0.002593
-0.001105 -0.003578 0.000401
-0.003166 -0.001576 -0.006064
-0.005154 0.005774 0.000968
-0.007165 0.000116 -0.008383
0.000653 -0.006050 0.009211
-0.003507 -0.002578 0.004952
-0.062809 -0.004204 0.046939
0.003427 -0.003756 0.015245
-0.005566 0.001480 -0.001365
-0.000273 0.002194 -0.564879
0.001894 -0.001082 0.000132
0.009128 0.003504 -0.000591
-0.005531 -0.002525 0.001112
0.010623 0.004259 0.000205
0.002526 0.000745 -0.003828
0.008758 0.002864 -0.003465
-0.000920 -0.003712 0.000061
-0.004655 -0.001970 -0.004340
-0.004979 0.005764 0.001047
-0.008379 0.000713 -0.007262
0.004583 0.000324 -0.003370
-0.003209 -0.002328 0.003678
-0.005325 -0.002486 0.002536
-0.001634 -0.005761 0.009349
-0.005411 0.000271 0.000272
0.004083 0.001120 -0.016478
0.002315 -0.001979 0.001113
0.012170 0.002191 0.001173
-0.005309 0.049437 0.041962
0.009951 0.005003 -0.001042
-0.001286 -0.003497 0.002570
0.008598 -0.040264 0.034871
-0.000988 -0.003503 -0.008017
-0.005225 -0.001765 -0.005592
-0.004333 -0.005953 0.012414
-0.008729 0.000594 -0.008929
0.005888 -0.000873 -0.003305
-0.003425 -0.002406 0.006269
-0.005416 -0.002007 0.001154
-0.001474 -0.005994 0.009378
-0.005786 0.000105 0.000031
0.004245 0.001289 -0.005250
0.001694 -0.002108 0.001065
0.010168 0.001990 0.000763
-0.005538 0.001385 0.004343
0.012948 0.004564 -0.001972
0.003341 0.002271 -0.005916
0.008689 -0.001288 0.001296
-0.001784 -0.003065 -0.003959
-0.004636 -0.002227 -0.003795
-0.005192 -0.011122 0.019291
-0.008764 0.000676 -0.007331
0.005149 -0.001396 -0.002135
-0.003494 -0.003320 0.036271
-0.005940 -0.002403 0.002605
0.002138 -0.001393 0.015299
-0.006760 0.000916 -0.000881
0.004246 0.001024 -0.005297
0.055312 -0.002931 0.041015
0.009237 0.000662 -0.000833
-0.005598 -0.001760 0.001781
0.011244 0.005163 -0.001601
0.001373 0.000533 -0.002000
0.008458 0.003477 -0.002826
-0.000958 -0.003350 0.000817
-0.005731 -0.002133 -0.005882
-0.004661 0.006038 -0.007846
-0.009342 0.000387 -0.007977
0.009510 0.002895 0.007917
-0.003271 -0.002368 0.003440
-0.006904 -0.001795 0.000514
-0.000295 -0.006192 0.007594
-0.005647 0.000391 -0.000068
0.005300 0.000892 -0.001880
0.002636 -0.001558 0.001342
0.014798 0.002470 0.005234
-0.005664 -0.000697 -0.000367
0.009610 0.004769 -0.000327
0.003727 -0.001029 -0.005999
0.008967 0.001754 -0.004046
-0.001944 -0.002891 -0.004982
-0.004654 -0.002222 -0.005140
-0.006551 0.016814 0.011985
-0.008557 0.000544 -0.006501
0.005202 -0.001084 -0.001511
-0.003414 -0.002333 0.005778
-0.005775 -0.002459 0.002461
-0.002195 -0.006583 0.008641
-0.005755 0.000640 0.000275
0.004017 0.001921 -0.005224
0.001469 -0.001816 0.001054
-0.013226 -0.001273 0.003363
0.005014 -0.002966 0.002640
-0.002886 0.001673 0.001239
-0.003621 0.003983 0.002058
-0.004673 0.006605 -0.001442
0.004525 -0.000192 -0.001571
0.004522 -0.002161 -0.004661
0.001684 0.000207 -0.000779
0.010202 0.004096 0.001224
-0.001640 -0.005648 -0.004885
0.001786 0.002940 0.006042
-0.021409 -0.004052 -0.004885
0.003138 0.004372 0.012215
-0.000391 -0.006525 -0.009963
0.018796 0.002463 -0.000413
-0.005666 0.000057 0.007051
-0.012465 -0.002348 0.002914
0.004716 -0.002023 0.001382
-0.002752 0.001015 0.002534
-0.003044 0.002953 0.001116
-0.003675 0.006381 -0.000747
0.044010 -0.000349 0.029389
0.005354 0.037648 0.026532
0.005986 0.005178 0.004893
0.009394 0.005306 0.001070
-0.000859 -0.005628 -0.006288
-0.001586 0.007378 0.014597
-0.021515 -0.003661 -0.005802
0.002227 0.004786 0.011413
-0.005818 -0.010664 -0.004163
0.018593 0.000660 -0.001380
-0.005934 0.001786 0.007298
-0.012818 -0.001404 0.001553
0.018348 -0.002781 0.016298
-0.002571 0.001260 0.005626
-0.004597 0.003792 0.002913
-0.004675 0.005455 -0.001416
0.004592 -0.002390 -0.001934
0.004656 -0.001639 -0.004602
0.003378 0.000441 -0.000198
0.005606 0.008639 0.007277
-0.015192 -0.005732 0.008048
0.002078 0.003008 0.004095
-0.022882 -0.003892 -0.006613
0.000611 0.004874 0.005855
-0.005021 -0.010792 -0.003713
0.013603 0.006182 0.010028
-0.006113 -0.045443 0.043317
-0.012735 -0.001738 0.003547
0.004638 -0.002745 0.001721
-0.002378 0.001469 0.003799
-0.003277 0.003773 0.001498
-0.002794 0.006203 -0.001592
0.005963 -0.001352 -0.000813
0.004293 -0.001088 -0.005147
0.001894 0.000349 -0.001602
0.009707 0.005345 0.002179
-0.000022 -0.006282 -0.005142
0.002228 0.003136 0.006372
-0.021796 -0.004111 -0.005304
0.003164 0.004251 0.010680
-0.000584 -0.007200 -0.009588
0.017168 -0.000592 -0.000580
-0.006173 -0.004935 0.013753
-0.016218 -0.006445 0.011615
0.004911 -0.003331 0.001164
-0.001900 0.001124 0.002388
-0.002816 0.005344 0.000768
-0.003543 0.006484 -0.006850
0.005319 -0.000987 -0.000958
0.004149 -0.000111 -0.005311
0.005749 -0.003830 0.004293
0.004352 0.008351 0.007043
-0.000942 -0.006275 -0.006268
0.002716 0.004282 0.004857
-0.021429 -0.004804 -0.006143
0.001936 0.004910 0.011523
-0.000817 -0.007183 -0.010627
0.018085 0.001000 0.001064
-0.006129 0.000463 0.007937
-0.013287 -0.000482 0.002920
0.004929 -0.002525 0.002405
-0.002956 0.001070 0.002554
-0.008098 -0.000898 0.008678
-0.003564 0.006190 -0.002623
0.006474 -0.001275 -0.003627
0.004696 -0.000589 -0.006541
0.001871 0.001255 -0.002059
0.009717 0.005498 0.002071
-0.000955 -0.005879 -0.005962
0.006256 -0.000583 0.014280
-0.022275 -0.003939 -0.005445
0.002158 0.003984 0.011910
-0.001774 -0.006538 -0.011090
0.017797 0.000610 0.001294
-0.005990 0.001002 0.007115
-0.012700 -0.001439 0.003762
-0.012528 -0.002318 0.020327
-0.002811 0.001336 0.002197
-0.007610 0.003958 0.006768
-0.002833 0.007042 -0.001431
0.005775 -0.001249 -0.001000
0.004157 -0.001673 -0.004172
0.002543 0.000333 -0.000329
0.008348 0.005066 0.000489
0.019437 -0.006097 0.014329
0.002349 0.003162 0.005911
-0.049743 -0.003271 0.010378
0.001800 0.004749 0.009297
-0.001141 -0.006994 -0.010567
0.021956 -0.003694 0.009025
-0.005925 0.000219 0.004908
-0.008571 0.002543 0.011512
0.004810 -0.002943 0.001476
-0.003949 0.000842 0.002279
-0.007243 0.008144 0.007881
-0.003300 0.006426 -0.004192
0.005165 -0.001270 -0.000433
0.004920 0.004973 0.002357
0.001511 -0.000933 -0.002358
0.008642 0.004185 0.000010
-0.000911 -0.005817 -0.005209
0.001415 0.001724 0.005059
-0.022413 -0.004554 -0.005617
0.003156 0.005163 0.011543
0.000232 -0.006818 -0.010012
0.017723 0.000852 0.000683
-0.005810 0.001681 0.007839
