0.010933 0.002133 0.001032
-0.005847 0.000296 0.001755
0.010812 0.004521 -0.000461
0.002247 0.000662 -0.003840
0.008581 0.002619 -0.001539
-0.001961 -0.003868 -0.000069
-0.004700 -0.001931 -0.004751
-0.004928 0.005731 0.000642
-0.008596 0.001100 -0.008205
0.005534 0.000520 -0.001061
-0.000874 -0.007145 -0.000709
-0.006197 -0.002624 0.001940
-0.001231 -0.004105 0.009923
-0.005660 0.000971 0.000474
0.005884 0.000895 -0.004343
0.002152 -0.021751 -0.019735
0.010617 0.002264 0.000430
-0.005591 -0.000985 0.000409
0.015974 -0.000988 -0.011477
0.002526 0.000344 -0.003395
0.008878 0.002557 -0.003270
-0.001225 -0.004264 0.000295
-0.004682 -0.003079 -0.003960
-0.004874 0.005485 0.000213
-0.008594 0.001275 -0.007258
0.005496 -0.000636 -0.001360
-0.003857 -0.002802 0.004579
-0.006319 -0.003033 0.002882
-0.001794 -0.005028 0.008407
-0.003878 0.002198 0.001982
0.006729 0.002047 -0.002966
0.002809 -0.001798 0.011568
0.011339 0.002047 0.000635
-0.001917 0.002147 -0.006951
0.010946 0.003910 0.001132
0.001708 0.000245 0.004616
0.011195 0.003743 -0.003924
0.023818 -0.004243 -0.018713
-0.007108 0.031184 -0.031118
-0.046428 0.005920 -0.039124
-0.007461 -0.034633 -0.035570
0.000808 -0.004750 -0.006607
-0.001324 0.002208 -0.001133
-0.006590 -0.002214 0.007556
0.003734 -0.000256 -0.001290
-0.000145 -0.003293 -0.006598
0.003902 0.000911 -0.005386
0.002016 0.017807 -0.019218
0.010211 0.002452 0.000704
-0.004992 -0.002325 0.001310
0.010321 0.003990 -0.000593
0.002104 0.000735 -0.002898
0.008685 0.002752 -0.003552
-0.002232 -0.003675 -0.000814
-0.003803 0.001355 -0.008852
-0.003818 0.005336 -0.000368
-0.008032 -0.003090 -0.012403
0.005294 -0.001042 -0.002132
-0.004977 -0.003684 0.006832
-0.005919 -0.002351 0.002947
-0.001406 -0.006880 0.010110
-0.005562 0.000353 -0.000324
0.005095 0.001264 -0.004289
0.003098 0.010964 -0.012171
-0.004539 0.001623 -0.014156
-0.005942 -0.001378 0.002145
0.010519 0.002829 0.000425
0.002260 0.001000 -0.003386
0.007097 0.002502 -0.002364
-0.001952 -0.003518 0.000632
-0.004765 -0.002654 -0.004942
-0.004382 0.006190 0.000508
-0.008652 0.001778 -0.007007
0.001420 -0.003766 -0.007365
-0.004462 -0.002426 0.005148
-0.006085 -0.002277 0.002617
-0.001611 -0.005271 0.008840
-0.005819 0.000478 -0.000548
0.005579 0.001024 -0.003907
0.002600 -0.001939 -0.000004
0.011135 0.002503 0.000119
-0.005385 -0.001523 0.000749
0.007821 0.007937 -0.008390
0.001379 0.001234 -0.003455
0.008445 0.002571 -0.003138
-0.002311 -0.003070 -0.000805
-0.004576 -0.003185 -0.004325
-0.003327 0.005919 0.001078
-0.008874 0.001625 -0.008435
0.005280 -0.000885 -0.002316
-0.002194 -0.002397 0.004111
-0.004860 -0.001383 0.002576
-0.001118 -0.005165 0.010415
-0.001855 -0.001926 -0.004972
0.001505 0.005476 -0.010257
0.002556 -0.001893 0.000381
0.010884 0.002397 0.000647
-0.011340 -0.006283 -0.009178
0.011271 0.004206 -0.000743
0.002208 0.000467 -0.000184
0.008731 0.002683 -0.002995
-0.000121 -0.002711 0.002212
-0.004305 -0.001806 -0.001804
-0.005987 0.005948 0.002810
-0.008343 -0.000143 -0.004476
0.003752 -0.000619 -0.000666
-0.004898 -0.001063 0.006966
-0.006813 -0.002383 0.003453
-0.005827 -0.009429 -0.000395
-0.004354 0.001020 0.001751
0.006216 0.001407 -0.005176
0.003238 -0.016295 -0.014072
0.025423 0.001951 -0.013888
-0.005964 -0.001239 0.000405
0.009586 0.006490 0.000040
0.002069 -0.000107 -0.003038
0.009825 0.002909 -0.002709
-0.001955 -0.003272 -0.000872
-0.004920 -0.003395 -0.005287
-0.004210 0.005864 0.001332
-0.008681 0.001806 -0.006938
0.003952 0.000499 -0.000150
-0.004415 -0.002392 0.005288
-0.005534 -0.003052 0.002999
-0.001440 -0.006019 0.009187
-0.006372 0.002296 0.000544
0.000738 -0.003359 -0.010751
0.002475 -0.001618 0.001309
-0.012683 -0.002168 0.001693
0.005647 -0.002794 0.001741
-0.002294 0.001189 0.002987
-0.004843 0.003811 0.002440
0.000478 0.001344 -0.006710
0.004928 -0.002215 -0.000979
0.004459 -0.000289 -0.003638
0.003053 -0.000016 -0.001373
0.009614 0.005500 0.002221
0.000263 -0.006081 -0.005582
0.002220 0.003830 0.004089
-0.022262 -0.004232 -0.005640
0.003049 0.004439 0.011831
-0.000534 -0.007274 -0.009017
0.017559 -0.000352 0.001227
-0.006575 -0.000272 0.006862
-0.012529 -0.000167 0.003597
0.001749 -0.006963 -0.003848
-0.003017 0.000683 0.002273
-0.004188 0.003717 0.003836
-0.004325 0.006281 -0.001435
0.027771 -0.001441 -0.023095
0.003648 -0.001206 -0.004175
0.002708 0.000457 -0.002482
0.009212 0.005366 0.001666
-0.000630 -0.006169 -0.005285
0.002518 0.001928 0.005235
-0.022524 -0.002843 0.000193
0.001849 0.004063 0.011674
0.000148 -0.007038 -0.009060
0.014521 0.004122 -0.005312
-0.006208 0.001342 0.007940
-0.013417 -0.022362 -0.009446
0.004846 -0.002832 0.000914
0.001094 0.005267 -0.003115
-0.001825 0.003801 -0.024982
0.000059 0.009770 -0.006019
0.005677 -0.001246 -0.001567
0.004990 -0.001772 -0.005804
0.006564 0.001816 0.478880
0.009171 0.004947 -0.001370
-0.021418 -0.005093 -0.019290
0.000827 0.028523 -0.010956
-0.023602 -0.004285 -0.005992
0.039108 0.005324 -0.019347
-0.000327 -0.007263 -0.014051
0.013491 0.004695 -0.004706
-0.006614 0.000465 0.008951
-0.013357 -0.007267 -0.003140
0.005545 -0.002494 0.001393
-0.002554 0.000902 0.002829
-0.004021 0.003394 0.002692
-0.003937 0.005514 0.000110
0.005868 -0.001087 -0.002612
0.004416 -0.000907 -0.004889
0.003104 0.001275 0.011443
0.009604 0.005520 0.001474
0.000315 -0.006389 -0.006979
0.001917 0.008670 -0.001761
-0.022609 -0.004216 -0.005723
0.001867 0.004121 0.010757
-0.000369 -0.007361 -0.010122
0.018042 0.000366 0.000252
-0.005818 0.000334 0.006987
-0.012326 -0.000855 0.002463
0.001983 0.001806 -0.004145
-0.002043 0.000004 0.003585
-0.004245 0.004056 0.003912
-0.002982 0.006418 -0.001599
0.005354 -0.001114 -0.002389
0.004348 -0.000757 -0.004764
0.002872 0.000525 -0.002356
0.011100 0.005272 0.002316
-0.000047 -0.006022 -0.005041
0.002082 0.001675 0.005751
-0.022298 -0.005466 -0.000267
0.001559 0.005121 0.011794
-0.000739 -0.007315 -0.009817
0.017999 0.000225 0.000838
-0.011633 0.005088 -0.001912
-0.012733 -0.000729 0.003446
0.005190 -0.003868 0.003346
-0.003173 -0.000352 0.003378
-0.004383 0.003677 0.001617
-0.004412 0.006123 -0.000860
-0.017735 -0.002131 -0.025112
0.005871 -0.001017 -0.004126
0.003403 0.000627 -0.002164
0.009804 0.005623 0.001433
-0.000528 -0.005523 -0.006213
0.002018 0.002102 0.006088
-0.022554 -0.003284 -0.003184
0.000665 0.004161 0.013046
-0.002756 -0.008487 -0.008883
0.016262 -0.001277 0.002757
-0.006280 -0.001148 0.008362
-0.013013 -0.003427 0.006258
-0.001562 -0.002323 -0.004992
-0.001891 0.000492 0.004122
-0.006233 0.004066 -0.026552
-0.003979 0.007300 0.000147
0.006460 -0.001046 -0.001832
0.004337 -0.000950 -0.004364
0.003152 0.000079 -0.004125
0.009844 0.005601 0.001917
-0.002032 -0.005651 -0.002836
0.002346 0.004457 0.009524
-0.021526 -0.003853 -0.006068
0.003440 0.005308 0.015420
-0.000227 -0.007794 -0.009706
0.016699 0.000568 0.001338
-0.005836 0.000669 0.006979
-0.012812 -0.000678 0.003844
0.005285 -0.000879 0.003596
0.000246 0.004376 -0.001532
-0.004239 0.004281 0.001584
0.002471 0.006440 -0.007885
0.006129 -0.001072 -0.002610
0.004032 -0.001069 -0.004543
0.003018 0.000106 -0.002295
0.008503 0.006285 0.002349
-0.000866 -0.006302 -0.006610
0.002184 0.001942 0.005926
-0.022488 -0.004648 -0.004481
0.002077 0.004795 0.012427
0.000619 -0.007382 -0.010110
0.017946 0.000370 0.000232
-0.001848 -0.003161 -0.000647
