0.010576 0.002270 0.002100
-0.004311 -0.001301 0.001074
0.009610 0.003870 0.001100
0.002047 0.000053 -0.002509
0.008519 0.002433 -0.002458
-0.001041 -0.004545 -0.000034
-0.004218 -0.001546 -0.005200
-0.005127 0.005782 0.001344
-0.008739 0.019609 -0.028455
0.005436 -0.001166 -0.003417
-0.003227 -0.000056 0.001743
-0.006105 -0.002959 0.003158
-0.005505 -0.008587 0.004767
-0.005486 0.000191 -0.001330
0.005578 0.000363 -0.005408
0.002857 -0.044351 -0.028327
0.011277 0.003535 0.002103
-0.004520 -0.001385 0.002375
0.057078 0.004563 -0.032748
0.006665 0.004873 -0.009568
0.007119 0.002953 -0.001752
-0.000855 -0.003507 0.000881
-0.004607 -0.001941 -0.005748
-0.007244 0.007046 0.000449
-0.008688 0.000823 -0.009248
0.005550 -0.000700 -0.002565
-0.005260 -0.003368 0.004639
-0.009027 0.001909 -0.002701
-0.008755 -0.005734 0.002043
-0.020066 0.000992 -0.016373
0.000783 -0.003316 -0.013561
0.002650 -0.000793 0.000521
0.006164 -0.001151 -0.004269
-0.006422 -0.001516 0.002611
0.008880 0.004759 0.001157
0.006140 0.004390 -0.008625
0.039629 0.002447 -0.027331
0.003918 -0.007418 -0.009411
-0.004521 -0.002259 -0.031186
-0.002080 0.003154 -0.002441
-0.008667 -0.019390 -0.029491
-0.014989 -0.001224 -0.022683
-0.003436 -0.002266 0.005742
-0.011763 0.001322 -0.002790
-0.005523 -0.000813 0.004787
-0.005396 0.000979 -0.001139
0.005550 0.000973 -0.003588
0.002708 -0.002174 0.000423
0.011127 0.002493 0.000842
-0.004460 -0.001434 0.001371
0.010541 0.003603 -0.000011
0.002254 0.000316 -0.003469
0.007080 0.002404 -0.003448
-0.000159 -0.001965 0.000069
-0.004891 -0.001480 -0.004781
-0.005218 0.005658 -0.000659
-0.008981 -0.013008 -0.022865
0.005797 -0.001251 -0.003827
-0.003420 -0.002293 0.004502
-0.005805 -0.002669 0.002204
-0.000825 -0.006641 0.010787
-0.005780 0.000456 -0.000956
0.004106 0.001464 -0.006185
0.002520 -0.001338 0.003265
0.007255 -0.001599 -0.004053
-0.004248 -0.001126 0.002294
0.009589 0.003921 0.000317
0.002006 -0.000353 -0.002407
0.007561 0.002651 -0.001996
-0.000657 -0.003048 -0.000886
-0.004777 -0.002499 -0.005769
-0.004852 0.006138 -0.000127
-0.008926 0.000841 -0.007338
0.005508 -0.001938 -0.002304
-0.003220 -0.002635 0.003993
-0.005910 -0.003176 0.003080
-0.000918 -0.005390 0.009862
-0.006274 0.000284 -0.001147
0.004523 0.000223 -0.005419
0.002820 -0.000753 0.001718
0.010936 0.002582 0.000943
-0.005459 -0.001816 0.001465
0.010861 0.003689 0.001870
0.003197 -0.000085 -0.001577
0.008607 0.002744 -0.002623
-0.002278 -0.003168 -0.001878
-0.004403 -0.002028 -0.004168
-0.003387 0.005553 0.000564
-0.009070 0.000941 0.003110
0.005346 -0.001165 -0.003922
-0.001922 -0.001954 0.005164
-0.007610 -0.004051 0.004744
-0.001926 -0.005170 0.009484
0.008409 0.000390 -0.016540
0.008927 0.005912 -0.014101
0.002324 -0.001300 0.000997
0.009832 0.003310 0.004238
-0.047708 -0.000842 -0.029645
0.010399 0.004347 0.000084
0.003614 -0.001103 -0.001139
0.009474 0.002284 -0.001681
-0.005368 0.000196 -0.009703
-0.005952 -0.000787 -0.035736
-0.004879 0.005918 -0.000112
-0.008502 0.019785 -0.029038
0.021036 -0.001203 -0.018138
-0.003373 -0.002465 0.003424
-0.008460 -0.003026 0.005495
-0.000713 -0.004243 0.010797
-0.005802 0.000411 -0.000652
0.005254 0.000847 -0.005956
0.002376 -0.005018 -0.001895
0.009213 0.003820 0.003742
-0.005252 -0.001284 0.001461
0.008111 0.004473 -0.001072
0.002108 0.000554 -0.003556
0.008574 0.002252 -0.003120
-0.002127 -0.002702 -0.001184
-0.004485 -0.002360 -0.004155
-0.005377 0.005779 -0.000056
-0.008349 0.000859 -0.008722
0.005099 -0.001078 -0.003760
-0.003503 -0.002246 0.004234
-0.006073 -0.002672 0.002189
-0.001319 -0.005134 0.009625
-0.005481 0.000101 -0.000721
0.003696 0.002439 -0.005525
0.002438 -0.001175 0.001440
-0.012736 -0.001466 0.002203
0.005066 -0.002670 0.001113
-0.002986 0.001310 0.001961
-0.004165 0.003653 0.001993
-0.003610 0.007843 -0.000967
0.010667 -0.005895 -0.006417
0.001840 0.003225 -0.009127
0.003067 -0.001166 -0.001406
0.009910 0.005481 0.002795
-0.001403 -0.007255 -0.005497
0.002341 0.000960 0.010305
-0.022640 -0.005701 -0.004107
0.003288 0.004090 0.011768
0.001888 -0.003406 -0.012774
0.017983 0.001056 0.000203
-0.006318 0.000467 0.007984
-0.012632 -0.002214 0.001270
0.002905 -0.000051 -0.002442
-0.003978 0.000196 0.002442
-0.004326 0.002868 0.002304
-0.003945 0.005753 -0.001508
0.009763 -0.006298 -0.006966
0.004602 -0.000792 -0.005607
0.003028 0.000617 0.000405
0.011389 0.005955 0.002832
-0.001641 -0.006134 -0.005235
0.001992 0.003054 0.004728
-0.021896 0.012975 -0.012636
0.004110 0.005544 0.012100
-0.000845 -0.007672 -0.010174
0.018437 0.000974 0.007343
-0.001696 -0.003878 0.001381
-0.021290 0.008674 0.472108
0.002875 -0.001801 0.001866
-0.001131 0.001316 0.006544
-0.005854 0.032496 -0.012041
-0.007197 0.011231 -0.009841
0.006212 -0.000815 0.000174
0.001943 -0.004664 -0.009373
0.004554 -0.016744 -0.006729
-0.016475 0.006139 -0.013939
-0.004676 -0.010402 -0.014632
0.002495 0.003705 0.008230
-0.022228 -0.004403 -0.005397
-0.001154 0.001977 0.007897
0.002415 -0.012028 -0.013397
0.018075 0.000850 -0.000074
-0.004963 0.000331 0.006420
-0.012463 -0.000291 0.013054
0.004263 -0.002965 0.000929
-0.002602 0.000804 0.003667
-0.004709 0.006525 -0.000093
-0.003760 0.004682 -0.001198
0.007097 0.000458 0.001528
0.005563 0.000740 -0.001828
0.003547 -0.006212 -0.006681
0.011150 0.005391 0.000688
-0.001401 -0.004159 -0.005869
0.002015 0.002093 0.006797
-0.022622 -0.005415 -0.004783
0.003325 0.004223 0.010811
-0.001304 -0.005967 -0.006863
0.018220 -0.000172 -0.000773
-0.007064 0.000384 0.008542
-0.012629 -0.000725 0.001170
0.004998 -0.002160 0.001775
-0.003450 0.002271 0.002776
-0.003995 0.002700 0.003579
-0.004424 0.006714 -0.000188
0.005726 0.000034 0.000214
0.005266 -0.000940 -0.003967
0.003071 0.001670 -0.000100
0.011528 0.005077 0.002761
-0.001094 -0.005405 -0.006310
0.002309 0.002793 0.005136
-0.022315 -0.003226 -0.006147
0.001865 0.004931 0.011602
-0.001643 -0.007527 -0.009326
0.017328 0.000765 -0.000913
-0.001891 0.004539 0.001700
-0.012894 -0.001291 0.001389
0.004619 -0.002701 0.001587
-0.002368 0.001829 0.003150
-0.004955 0.003554 0.003417
-0.003686 0.006189 -0.001707
0.006686 -0.000846 0.000505
0.002914 -0.001028 -0.005579
0.003025 0.000779 -0.000792
0.009739 0.005525 0.001918
-0.001038 -0.006043 -0.007336
0.001892 0.002843 0.004542
-0.021846 -0.003589 -0.002758
0.000567 0.004548 0.012254
0.005672 -0.007436 -0.015126
0.017871 0.001086 0.004477
-0.006883 -0.001340 0.009908
-0.013030 -0.001282 -0.000519
0.006518 -0.003117 0.001553
-0.002118 0.001262 0.003353
-0.004507 0.003809 0.006117
0.000708 0.001181 -0.011444
0.005991 -0.000865 -0.001201
0.005014 -0.002229 -0.002182
0.003722 0.000942 0.002857
0.008590 0.005626 0.004061
0.004013 -0.001129 -0.016711
0.002150 0.002608 0.005965
-0.022317 -0.004502 -0.004041
0.002100 0.004887 0.011722
-0.000705 -0.009178 -0.007554
0.017712 0.001550 -0.000305
0.000413 0.000415 0.001353
-0.012736 -0.001981 0.001414
0.005003 -0.002447 0.000996
-0.002332 0.000450 0.002937
-0.004330 0.003220 0.003298
-0.003775 0.006403 -0.002517
0.005757 -0.001154 -0.001118
0.005312 -0.000851 -0.003710
0.002874 0.001550 0.000398
0.009804 0.005429 0.002066
-0.001046 -0.005854 -0.006414
0.002072 0.002871 0.005114
-0.021830 -0.001292 -0.007813
0.003092 0.004337 0.011197
-0.000728 -0.006851 -0.009740
0.017703 0.000589 0.001516
-0.006948 0.001821 0.009721
