2176.0000 0.05 1
1.875
3.75
6.25
6.25
7.5
16.25
8.75
7.5
16.25
16.25
14.375
16.25
25
16.25
6.25
31.25
23.125
18.125
28.75
10
10
13.125
10
10
16.25
20
25
30
37.5
19.375
23.75
27.5
13.75
26.875
21.875
28.125
21.25
41.25
44.375
30.625
37.5
55
48.75
45.625
41.875
67.5
54.375
48.125
85.625
92.5
98.75
123.125
138.75
135
138.125
153.75
181.25
152.5
158.125
199.375
177.5
175
231.875
253.125
268.125
237.5
234.375
281.875
290.625
311.875
296.25
321.25
301.875
310.625
324.375
341.25
338.75
362.5
314.375
357.5
370
365.625
330.625
361.875
333.75
376.25
314.375
294.375
305
285
273.75
255.625
229.375
254.375
249.375
298.125
205.625
250
313.75
294.375
317.5
306.875
311.25
300.625
248.75
295.625
308.75
298.125
323.75
275
278.75
301.25
274.375
321.25
291.25
312.5
253.125
296.25
351.875
321.25
313.75
315.625
327.5
361.875
343.75
381.25
400.625
380
388.125
395
393.75
430.625
454.375
468.75
453.125
441.25
453.125
438.125
445.625
418.75
405.625
428.125
381.25
361.25
315.625
351.875
328.125
311.25
316.875
327.5
306.875
275.625
216.25
255
248.75
303.125
281.25
244.375
273.125
223.75
321.25
287.5
325.625
306.875
299.375
292.5
284.375
296.875
348.125
293.75
323.125
353.125
370.625
356.875
261.875
287.5
211.25
289.375
347.5
264.375
265
265.625
259.375
235.625
246.25
248.125
263.75
326.875
240.625
228.125
236.875
223.75
180
250
253.75
281.25
256.25
304.375
258.125
262.5
257.5
204.375
203.75
269.375
255
325
345.625
345
352.5
275.625
366.875
295.625
508.75
539.375
510
422.5
367.5
263.125
232.5
201.875
165.625
118.125
63.75
31.875
11.25
3.75
1.875
3.125
1.25
0
0
0
0
0
0
0
0
0
0
2.5
0
