0.012715 0.005346 0.001102
-0.005219 -0.002235 0.001084
0.009714 0.003298 0.000142
0.002301 0.000093 -0.003334
0.008304 0.003141 -0.002577
0.000539 -0.002048 -0.000703
-0.004588 -0.002000 -0.004720
-0.004312 0.006448 0.000133
-0.012947 -0.009550 -0.002964
0.005264 -0.001310 -0.002324
-0.008294 -0.007808 0.007890
-0.008007 0.000525 0.002480
-0.001914 -0.025882 -0.010797
-0.000153 -0.010466 -0.005282
0.003846 0.003204 -0.003536
0.005981 -0.007688 -0.004218
0.010665 0.002196 0.000837
0.009462 -0.016212 0.001006
0.010633 0.008429 -0.000510
-0.000846 -0.004391 -0.007946
0.008669 0.002656 -0.003644
0.003422 -0.009305 0.002505
-0.006463 -0.001292 -0.003947
-0.005354 0.006575 0.000929
-0.008579 0.001507 -0.008014
0.006241 -0.000648 -0.002720
-0.003298 -0.001849 0.003947
-0.005036 -0.001854 0.002315
-0.001830 -0.005017 0.009347
-0.005384 0.000022 -0.000549
0.005447 0.001981 -0.003459
0.001846 -0.001730 0.001024
0.047834 -0.028976 0.001292
-0.005898 -0.001542 0.001450
0.011207 0.003055 -0.000065
0.001038 0.000391 -0.003297
0.008426 0.006513 -0.002592
0.004067 -0.008604 0.002346
-0.002650 -0.005867 -0.006854
0.000440 0.000626 -0.002739
-0.004732 -0.008433 -0.012003
0.003167 -0.001869 -0.004519
-0.004178 -0.001640 0.004752
-0.034636 -0.026642 0.002562
-0.000782 -0.025434 0.029449
-0.010754 -0.009468 0.003392
0.000989 -0.004423 -0.007627
0.002103 -0.000771 -0.000393
0.010080 0.001831 0.000934
-0.005315 -0.001390 0.001397
0.010418 0.003616 0.000050
0.003187 0.001474 -0.003665
0.008324 0.003268 -0.003005
-0.001084 -0.003704 -0.000338
-0.004590 -0.003171 -0.004705
-0.005087 0.005855 0.000681
-0.008386 0.001553 -0.006248
0.005076 -0.001821 -0.002347
-0.002946 -0.001310 0.003564
-0.005037 -0.003440 0.002427
-0.000672 -0.025787 0.030234
-0.005881 0.000826 -0.001872
0.004020 0.001329 -0.005342
0.005400 -0.006630 0.005177
0.009613 0.003104 0.001174
-0.019523 -0.016463 0.001670
0.010679 0.003785 0.000000
0.003264 0.002603 -0.004899
0.008314 0.002920 -0.002004
0.000844 -0.001127 -0.001284
-0.002921 -0.001177 -0.005552
-0.005269 0.005940 0.000640
-0.008947 0.000064 -0.007758
0.004082 -0.000822 -0.002172
-0.003271 -0.002389 0.004013
-0.005728 -0.002937 0.002405
-0.001805 -0.006165 0.009441
-0.005571 -0.000353 -0.000802
0.004628 0.001310 -0.005585
0.002197 -0.001423 0.000922
0.010354 0.002401 0.001441
-0.005143 -0.002446 0.001566
0.010630 0.008619 0.000339
-0.000839 -0.004715 0.001238
0.008738 0.002681 -0.002441
-0.001987 -0.001983 -0.001763
-0.004235 -0.002639 -0.004720
-0.000606 0.000606 -0.002660
-0.008700 0.000529 -0.007878
0.004775 -0.001776 -0.002237
-0.007921 -0.007319 0.007146
-0.004908 -0.001680 0.001785
-0.001926 -0.006770 0.009301
-0.005480 0.001503 -0.000369
-0.000596 -0.003793 -0.008452
0.002102 -0.001994 0.000450
0.010069 0.002460 0.001119
-0.005705 -0.002284 0.001024
0.010681 0.003640 0.000013
0.002764 0.001364 -0.003507
0.008500 0.001727 -0.002974
-0.000829 -0.002679 -0.001548
-0.004875 -0.001408 -0.004970
-0.005143 0.006850 0.001033
-0.008578 0.001312 -0.009190
0.005393 -0.000289 -0.002450
-0.003037 -0.002270 0.004293
-0.006726 -0.001647 0.002989
-0.002087 -0.025473 -0.010993
-0.005603 0.000819 0.000527
0.005278 0.001808 -0.004441
0.001999 -0.000086 0.002694
0.009415 0.003191 0.001717
-0.005401 -0.002397 0.000960
0.009568 0.005704 -0.000301
0.003365 0.002098 -0.002244
0.008388 0.002783 -0.003419
-0.002063 -0.002917 -0.000704
-0.004923 -0.002702 -0.005041
-0.004207 0.007813 0.001516
-0.008521 0.000186 -0.007519
0.005638 -0.001742 -0.002598
-0.003855 -0.000600 0.002932
-0.005695 -0.002584 0.001957
-0.000592 0.005018 0.009509
-0.005447 -0.000857 -0.000236
0.002579 0.003048 -0.005117
0.009365 -0.009490 0.001411
-0.012641 -0.001002 0.002766
0.004344 -0.003140 0.002378
-0.002779 0.001490 0.002286
-0.004429 0.004999 0.003348
-0.003288 0.010506 -0.000780
0.007869 -0.002240 -0.000871
-0.018469 -0.023936 -0.005006
0.004131 0.003709 -0.000325
0.009892 0.001679 0.002095
-0.000573 -0.001681 -0.006512
-0.002310 -0.006568 -0.000097
-0.021985 -0.004363 -0.005042
0.003205 0.009024 0.012381
-0.001127 -0.036240 -0.009233
0.023118 -0.009046 0.004496
-0.005731 0.002619 0.007709
-0.012428 -0.001727 0.002514
0.004869 -0.023715 -0.026758
-0.002914 0.001068 0.002037
-0.003365 0.004009 0.002320
-0.003797 0.005770 -0.002393
0.007674 -0.005079 0.003327
0.004465 -0.001346 -0.004613
0.002161 0.001304 0.000023
0.009601 0.003718 0.001348
-0.001528 -0.005244 -0.005786
0.002172 0.002749 0.005349
-0.050384 -0.024029 -0.003459
0.002190 0.005307 0.010666
-0.000962 -0.008734 -0.009266
0.017750 0.002385 -0.000079
-0.005551 0.000791 0.007493
-0.011136 -0.004498 0.004293
0.004864 -0.002054 0.002200
-0.004262 -0.002399 0.003950
-0.006226 -0.000565 0.007870
-0.002921 -0.006612 0.017092
0.003502 0.000481 -0.000626
0.027226 -0.023446 -0.003515
0.021845 -0.013964 -0.002125
0.008298 0.450836 0.004374
-0.000536 -0.010325 -0.013012
0.006275 -0.005876 0.010156
-0.021136 -0.002990 -0.004858
0.002603 -0.006445 0.026624
0.000080 -0.033665 -0.009580
0.012835 -0.007977 -0.003177
-0.005592 0.007540 0.007764
-0.012406 -0.002637 0.002691
0.004056 -0.001934 0.002655
-0.002570 0.000192 0.002372
-0.004068 0.005689 0.001248
-0.003284 0.003272 0.001979
0.004933 -0.000369 -0.000889
0.004304 -0.002536 -0.004744
0.002356 -0.000582 -0.000465
0.009816 0.016748 0.001746
-0.000781 -0.009162 -0.009669
0.002461 0.003740 0.004158
-0.021841 -0.004189 -0.005507
0.002591 0.000411 0.013927
-0.000080 -0.006643 -0.009453
0.017433 0.001231 0.001259
-0.005760 0.001444 0.007568
-0.012978 -0.001526 0.002893
0.004873 0.001823 0.000117
-0.002577 0.001388 0.002180
-0.003484 0.004553 0.002645
-0.003398 0.006895 -0.002223
0.004923 0.001053 0.000386
0.004212 -0.002374 -0.004441
0.002381 0.000351 -0.000427
0.009682 0.003884 0.002499
-0.001156 -0.006371 -0.005575
0.002195 0.002135 0.005161
-0.022990 -0.000928 -0.004810
0.002331 0.005610 0.010192
-0.000970 -0.005614 -0.009581
0.017972 0.000103 0.000025
-0.006423 0.000819 0.007823
-0.013942 -0.001469 0.002421
0.004883 -0.003782 -0.000147
-0.002221 0.001536 0.002686
-0.004453 0.003181 0.002960
-0.003834 0.007253 -0.002830
0.007553 -0.005263 -0.005848
0.004802 -0.001448 -0.004064
0.001698 0.001293 -0.000809
0.009735 0.003733 0.002191
-0.001270 -0.005474 -0.005108
0.001996 0.004099 0.005762
-0.021917 -0.003913 -0.005190
0.001542 0.005693 0.011558
-0.000807 -0.008711 -0.009857
0.017843 0.000216 0.000078
-0.006067 0.000142 0.008003
-0.012728 -0.000932 0.002916
0.004185 -0.001989 0.001645
-0.002453 0.002144 0.002447
-0.005779 0.000098 -0.002060
-0.003250 0.005412 -0.000546
0.004698 -0.000482 -0.000583
0.004017 -0.002380 -0.004306
0.002984 0.000921 -0.000526
0.009910 0.005739 0.001936
-0.000872 -0.007059 -0.008185
0.002541 0.003567 0.006436
-0.021913 -0.003229 -0.005591
0.002435 0.003489 0.013657
-0.000603 -0.007209 -0.009506
0.018048 0.000972 -0.000957
-0.005702 -0.000540 0.007526
-0.011392 -0.001133 0.003537
0.005502 -0.006007 -0.001637
-0.003493 0.001715 0.002442
-0.010687 -0.002171 0.001914
-0.003454 0.006888 -0.002119
0.005286 0.000583 -0.001609
0.004185 -0.001418 -0.004494
0.002633 0.000046 -0.000500
0.009339 0.003813 0.001647
-0.001046 -0.005001 -0.004646
0.001960 0.002402 0.005543
-0.021753 -0.004674 -0.005135
0.002822 0.004201 0.010938
0.000035 -0.005140 -0.010061
0.017667 0.000056 0.000286
-0.005847 0.000626 0.007308
