-0.002530 0.012114 0.012240
-0.006011 -0.007780 0.001043
-0.002710 0.019339 0.001382
0.009942 0.008610 -0.004821
-0.002327 0.016031 -0.005642
-0.007027 0.001001 -0.002249
-0.000404 0.003918 0.004417
-0.002113 -0.014779 -0.001690
-0.003054 -0.011975 -0.000634
-0.009473 -0.008305 -0.004752
0.011716 -0.007049 0.000093
-0.009649 -0.006450 -0.004114
0.004515 -0.008163 0.003384
0.002808 -0.019886 -0.000494
-0.005286 0.001320 0.003857
0.014015 -0.011199 0.003313
-0.002208 0.012886 0.012173
-0.008127 0.001564 0.000087
0.009725 0.017134 0.000373
0.010593 0.008653 -0.002880
-0.002121 0.016298 -0.005016
-0.009149 -0.000840 -0.002705
-0.001085 0.003055 0.004661
0.000452 -0.015822 -0.001865
-0.003486 -0.011874 -0.001923
-0.014283 -0.006794 -0.001960
0.010743 -0.005067 -0.001327
-0.009244 -0.006723 -0.003886
0.004535 -0.007636 0.003276
0.004231 -0.017363 0.001011
-0.003071 0.001275 0.001434
0.015768 -0.011720 0.001494
0.000163 0.011440 0.012340
-0.008451 0.001605 0.001024
-0.002279 0.018797 0.001255
0.009830 0.008554 -0.003709
-0.001689 0.015694 -0.006289
-0.007969 0.000351 -0.002446
0.010580 0.002569 0.004641
0.000404 -0.016987 -0.002582
-0.004973 -0.010279 -0.001392
-0.012246 -0.005353 -0.001157
0.011077 -0.007152 0.001134
-0.009451 -0.007353 -0.003347
0.001451 -0.005365 0.002654
0.002086 -0.019762 -0.001321
-0.003192 0.000250 0.001904
0.013698 -0.011405 0.002542
0.003062 0.010927 0.010862
-0.003769 -0.000126 0.005110
-0.000586 0.015267 0.002941
0.013381 0.007916 -0.002290
-0.000891 0.016275 -0.006357
-0.008039 0.000213 -0.001333
0.002427 0.006932 0.004369
-0.000908 -0.014671 -0.003837
-0.004749 -0.012301 -0.002802
-0.010983 -0.003813 -0.002756
0.007534 -0.006914 0.001078
-0.008710 -0.005289 -0.002081
0.003292 -0.008265 0.002830
-0.004571 -0.020084 -0.003008
-0.004290 -0.002112 -0.001333
0.012338 -0.009605 0.000033
0.000293 0.010992 0.012069
-0.010215 -0.000642 0.000674
-0.001782 0.019535 0.000444
0.010039 0.009313 -0.000839
-0.003390 0.015817 -0.008051
-0.008571 0.001230 -0.001583
-0.000901 0.003406 0.004446
0.000386 -0.015536 -0.002914
-0.003731 -0.010884 -0.002072
-0.011331 -0.004060 -0.001881
0.010169 -0.006941 0.000688
-0.010165 -0.006225 -0.003751
0.005170 -0.008373 0.002974
0.003222 -0.019502 -0.000378
-0.001058 -0.003320 0.006129
0.014198 -0.011320 0.002495
-0.002229 0.009837 0.012047
-0.009682 0.001797 0.000686
0.001341 0.023942 0.000967
0.013147 0.008644 -0.002829
-0.000809 0.015241 -0.005652
-0.011460 -0.000984 -0.005371
0.000690 0.001808 0.000502
0.000883 -0.015528 -0.003031
-0.003615 -0.012947 -0.001290
-0.012309 -0.004958 0.000333
0.011481 -0.006118 0.000628
-0.010409 -0.006119 -0.003884
0.004088 -0.007597 0.005279
0.003899 -0.018482 -0.001165
-0.002951 0.000211 0.001181
0.016523 -0.008629 0.007376
-0.002446 0.009665 0.011881
-0.003504 0.012368 0.000847
-0.004471 0.018678 0.000596
0.029155 0.005889 -0.002060
-0.000452 0.015696 -0.007434
-0.010314 0.000172 0.001407
0.001644 0.000273 0.011840
-0.001830 -0.015723 -0.002554
-0.000852 -0.009257 0.002272
-0.003574 -0.005035 -0.000172
0.011349 -0.007612 0.002405
-0.007588 -0.005571 -0.002803
0.058976 0.024455 0.076374
0.003403 -0.020659 -0.002635
-0.003277 0.000611 0.002329
0.012915 -0.011544 0.003826
0.001600 0.011718 0.012918
-0.002443 0.000148 -0.003902
-0.000058 0.014090 -0.001706
0.012646 0.008634 -0.002883
0.016566 -0.039718 -0.006635
0.002615 -0.002260 -0.002200
-0.003037 0.002664 0.004385
0.062654 0.015831 -0.076001
0.005629 -0.011939 -0.002839
-0.010952 -0.005603 -0.001691
0.002715 -0.006661 0.001958
-0.009412 -0.005409 -0.003162
0.005159 -0.007381 0.004006
-0.000034 -0.019666 -0.000446
0.005405 -0.009200 0.016510
0.021787 -0.000517 0.019733
-0.001850 0.003129 -0.005304
0.007751 0.008639 -0.002512
-0.007134 0.003904 0.002658
0.007747 0.023518 -0.000956
-0.001328 -0.002084 -0.000970
0.002050 0.004113 -0.009912
-0.008419 0.000304 0.000548
0.002039 0.008257 -0.000460
-0.001304 0.007093 -0.002058
0.018777 -0.011050 0.002631
-0.007955 0.009849 0.002443
-0.004154 -0.000875 -0.000381
0.012208 -0.005008 0.000350
-0.003980 -0.004708 0.004206
0.010050 -0.010506 0.001726
-0.014986 -0.014319 -0.002402
0.000540 0.002855 -0.004938
0.005454 0.008132 -0.002750
-0.012900 0.010754 0.003195
0.007615 0.023986 -0.001756
0.004078 -0.003421 0.000029
-0.003642 0.004001 -0.010701
-0.009375 -0.001935 0.000464
0.032580 0.003831 0.000091
-0.000503 0.008325 -0.002015
0.016365 -0.011356 0.003189
-0.007844 0.010295 0.001561
-0.004868 -0.000463 0.000336
0.010695 -0.005543 0.000211
-0.004962 -0.006561 0.004969
0.009676 -0.009787 0.001870
-0.016275 -0.011343 0.001468
0.001143 0.002713 -0.004991
0.005631 0.008233 -0.002351
-0.009594 0.011018 0.001626
0.006825 0.023367 -0.000592
-0.000474 -0.003134 -0.000309
0.001990 0.003797 -0.008983
-0.005331 -0.001173 0.000568
0.003491 0.003061 -0.000504
-0.003080 0.008957 -0.002179
0.018867 -0.010772 0.003399
-0.007927 0.009946 0.002099
-0.004066 -0.001620 -0.000269
0.011727 -0.005473 -0.000028
-0.005497 -0.005208 0.004215
0.009065 -0.009763 0.003021
-0.016021 -0.012404 0.000760
-0.000928 0.006416 -0.004806
0.004889 0.010114 -0.001172
-0.009972 0.014579 0.001206
0.006246 0.022682 -0.001932
-0.001843 -0.005082 -0.000572
0.001062 0.005295 -0.009398
-0.008232 -0.000702 -0.000177
0.004088 0.005144 -0.000292
-0.000622 0.006327 -0.002349
0.017459 -0.011643 0.005030
-0.009681 0.009320 0.000398
-0.005128 -0.000454 0.000319
0.010273 -0.006329 0.002726
-0.003608 -0.005712 0.003667
0.008945 -0.010140 0.002786
-0.016796 -0.013537 0.004297
0.003401 -0.004252 -0.004338
0.017703 0.007223 -0.002699
-0.010672 0.010948 0.001887
0.008444 0.023815 -0.001567
0.000759 -0.002444 0.000235
-0.003619 0.003187 -0.010142
-0.009718 0.000471 0.000790
0.003419 0.005408 -0.000648
0.001546 0.004593 -0.002359
0.018541 -0.011279 0.003086
-0.008055 0.010562 0.002515
-0.006548 -0.000970 0.000673
0.011002 -0.005248 -0.000603
-0.001830 -0.008442 0.006178
0.010680 -0.010626 0.003602
-0.018229 -0.011322 -0.000495
0.004628 0.005304 -0.000624
0.018877 0.008021 -0.002408
-0.010532 0.010155 0.002061
0.007850 0.023624 -0.001581
-0.000201 -0.002511 -0.000563
0.002341 0.003359 -0.010299
-0.009402 -0.002048 0.000329
0.003561 0.004241 0.000115
-0.000393 0.009599 0.000903
0.015588 -0.013320 0.002943
-0.009096 0.012222 0.004527
-0.005696 -0.001309 -0.001570
0.013079 -0.002152 -0.002706
-0.003565 -0.005373 0.002406
0.010460 -0.009296 0.001896
-0.016222 -0.011571 0.001270
0.004186 0.004577 -0.009495
0.008498 0.007623 -0.002522
0.001528 0.011277 0.002277
0.020976 0.064739 -0.001876
0.037675 -0.026493 0.000396
-0.550562 0.007497 -0.014384
-0.008757 -0.002713 0.001148
0.033828 0.008369 0.000759
0.000288 0.010358 -0.006804
0.018349 -0.011480 0.003007
-0.001385 0.020230 -0.013251
0.044881 -0.029323 -0.052343
0.012051 -0.006775 0.000176
0.002000 -0.005832 0.003378
0.010915 -0.009255 0.001464
-0.015666 -0.011649 0.002070
0.004272 0.016112 -0.005029
0.005119 0.010178 -0.003277
-0.010845 0.013978 0.003695
0.006196 0.022423 -0.001409
-0.000153 -0.005237 -0.000401
0.000714 0.004782 -0.010575
0.032217 0.025124 -0.004196
0.001934 0.007456 0.000079
0.011453 0.007900 -0.001211
0.073513 -0.037351 0.059561
-0.006847 0.013864 -0.003091
-0.007573 -0.002713 0.000251
0.019068 -0.005118 0.000293
-0.001157 -0.004804 0.005971
0.016395 -0.012220 0.002344
-0.010416 -0.020423 -0.013207
