2176.0000 0.05 1
1.875
3.75
6.25
6.25
7.5
16.25
8.75
6.25
17.5
16.25
14.375
16.25
25
16.25
6.25
31.25
22.5
18.75
28.75
10
10
13.125
10
10
17.5
18.75
26.25
29.375
36.875
19.375
25
26.25
13.75
26.875
21.875
28.125
21.25
40
45.625
30.625
38.75
53.75
48.125
45
41.875
68.75
54.375
48.125
85.625
92.5
97.5
124.375
138.75
135
137.5
156.25
179.375
151.25
158.125
200.625
176.875
176.25
232.5
251.875
268.125
237.5
235.625
278.125
293.75
313.125
295.625
320
301.875
311.875
323.125
340
338.75
365
315.625
355.625
370.625
364.375
329.375
363.125
331.25
381.875
311.875
294.375
303.125
286.25
273.75
254.375
232.5
253.75
248.75
297.5
205
251.875
311.25
295.625
316.875
308.125
311.875
295.625
253.125
293.75
307.5
301.25
320.625
276.875
280.625
301.25
274.375
320
291.25
316.875
246.875
299.375
350.625
320
315
318.75
326.875
361.25
341.875
380.625
398.75
382.5
389.375
393.125
395.625
430.625
450.625
471.875
451.25
440.625
455
435.625
449.375
414.375
405.625
430
382.5
358.125
318.125
350.625
330
312.5
311.25
331.875
304.375
276.875
216.25
256.25
247.5
303.125
281.25
246.25
271.25
226.25
317.5
288.75
329.375
302.5
303.125
288.75
286.25
297.5
349.375
290.625
324.375
354.375
368.75
358.75
258.125
290
211.25
289.375
345.625
266.25
264.375
266.875
260
235
246.875
248.125
262.5
327.5
238.75
227.5
240
223.125
179.375
250
256.875
279.375
253.75
306.25
256.25
263.75
255.625
205
205
269.375
255
325
345.625
343.125
354.375
275.625
367.5
293.75
510
539.375
507.5
426.875
367.5
258.75
234.375
203.125
161.875
123.125
61.875
31.875
11.25
3.75
1.25
3.75
1.25
0
0
0
0
0
0
0
0
0
0
2.5
0
