0.010996 0.002506 0.001380
-0.006453 -0.001574 0.000793
0.010779 0.003837 -0.000799
0.002079 0.001384 -0.003407
0.009298 0.002478 -0.003145
-0.000769 -0.003365 0.000324
-0.004308 -0.001879 -0.004126
-0.005057 0.005968 0.000710
-0.008906 0.000244 -0.006660
0.005205 -0.000956 -0.001514
-0.004532 -0.002660 0.004299
-0.005873 -0.002754 0.002153
-0.003024 -0.006539 0.007427
-0.006364 0.012132 0.011998
0.005932 -0.000931 -0.005864
0.001620 -0.002690 -0.000769
0.010823 0.001825 0.000469
-0.002377 0.003376 0.007070
0.010454 0.003788 -0.002995
0.002244 -0.000759 -0.005275
0.010501 0.001078 -0.005570
-0.005192 0.000800 0.009804
-0.005968 -0.001521 -0.005159
-0.004981 0.006117 0.001027
-0.025597 0.000569 0.010717
0.005701 -0.000906 -0.001725
-0.003565 -0.002571 0.005530
-0.005812 -0.001645 0.002721
0.002406 -0.005542 0.014323
-0.005832 0.000403 -0.009559
0.005486 0.000829 -0.004071
0.000824 -0.002870 -0.001145
0.011613 0.048449 0.042353
-0.004481 -0.001373 0.000643
0.011439 0.004587 -0.000786
0.002493 0.001037 -0.002885
0.006924 0.002589 -0.002808
-0.000942 -0.003408 -0.001549
-0.005961 -0.002247 -0.011661
-0.005972 0.006275 -0.000083
-0.008463 0.000683 -0.006753
0.015814 0.008484 -0.576825
-0.003177 -0.002489 0.004875
-0.006509 -0.049891 0.047392
-0.003114 -0.004398 0.007540
-0.006246 -0.011344 0.011999
0.001019 -0.003057 0.005436
0.002574 -0.001721 0.000811
0.010207 0.006421 0.005898
-0.005912 -0.001368 0.000595
0.010919 0.003692 0.000233
0.001780 0.001281 -0.004113
0.009337 0.002617 -0.003423
-0.000756 -0.003809 0.000067
-0.004804 -0.002160 -0.005255
-0.005209 0.005525 0.000798
-0.008421 0.000866 -0.007106
0.005454 -0.002112 -0.012318
-0.002082 -0.001484 0.004269
-0.006431 -0.008649 0.009624
0.001542 -0.009665 0.015041
-0.004686 -0.010542 0.010442
0.003286 0.003063 -0.006396
-0.001241 0.001791 0.006522
0.010788 0.001514 0.001651
-0.002486 -0.005838 0.006910
0.011162 0.003994 0.000468
0.002231 -0.005018 0.002801
0.010732 0.003764 -0.005422
0.000003 -0.001937 -0.000798
-0.006052 -0.002905 -0.004890
-0.005034 0.006180 0.000997
-0.009513 0.000794 -0.006886
0.005450 -0.001529 -0.001694
-0.003683 -0.002729 0.005004
-0.005935 -0.002036 0.001476
-0.002260 -0.005526 0.008808
-0.005868 0.000322 0.000334
0.004275 0.001863 -0.005187
0.002758 -0.002262 0.000773
0.010463 0.001366 0.001083
-0.007278 -0.000340 -0.001408
-0.048396 0.005740 0.047494
0.003853 -0.057711 0.047702
0.005181 -0.001529 0.003714
0.003196 -0.007855 0.010080
-0.003257 -0.002655 -0.005350
-0.005764 0.007569 -0.000825
0.008669 0.000856 0.010639
0.005086 -0.001517 -0.001817
-0.006407 -0.004179 0.004335
-0.006303 -0.002071 0.002533
-0.001657 -0.005140 0.009552
-0.005428 0.000612 -0.000834
0.004228 0.001449 -0.006354
-0.001862 0.000330 0.005753
0.010517 0.003888 -0.000918
-0.005890 -0.001475 0.001472
0.010908 0.004371 0.000285
0.002220 0.002006 -0.003322
0.005171 0.002492 0.000549
-0.000569 -0.003557 0.000420
-0.005065 -0.001914 -0.006490
-0.003972 0.005355 0.000008
-0.008325 0.000647 -0.007369
0.005565 -0.001001 0.000651
-0.003516 -0.002192 0.004676
-0.007544 -0.002542 0.000149
0.001647 -0.000057 0.015302
-0.005139 0.016983 0.017543
0.010405 0.005317 0.006583
0.002822 -0.002955 -0.000250
0.010633 0.001738 0.001173
-0.006849 -0.002654 -0.001564
0.010065 0.004664 -0.000389
0.002254 0.000284 -0.003016
0.005297 0.006787 0.003362
-0.002438 -0.004349 -0.001259
-0.003657 -0.001804 -0.005410
-0.005059 0.006031 -0.000974
-0.007925 0.000611 -0.007394
0.005224 -0.000846 -0.001786
-0.003208 -0.002636 0.003495
-0.006429 -0.001485 0.002009
-0.002515 -0.005503 0.009088
-0.005682 0.000144 -0.001285
0.004201 0.001400 -0.004877
0.003187 -0.003425 -0.000054
-0.012935 -0.001660 0.003986
0.004497 -0.002355 0.001920
-0.002748 0.001695 0.004009
-0.004300 0.003798 0.002483
-0.003624 0.006206 -0.002641
0.006589 -0.001747 -0.000868
0.003525 -0.001076 -0.005416
0.003387 -0.000705 -0.001663
0.009117 0.005446 0.001675
-0.001022 -0.005958 -0.007046
0.002459 0.003197 0.005188
-0.023247 -0.003081 -0.006066
0.002947 0.002961 0.011245
-0.003721 -0.003445 -0.004738
0.017443 0.000722 -0.007267
-0.005300 0.000254 0.007399
-0.012871 -0.001494 0.004114
0.008486 0.002093 0.010488
-0.002796 0.001268 0.001203
-0.005956 0.005024 0.000461
-0.004023 0.006371 -0.000834
0.006092 0.000618 -0.003926
0.004774 -0.000744 -0.008188
0.004542 -0.000683 -0.002816
0.009505 0.005627 0.001969
0.000118 -0.005942 -0.006325
0.002320 0.003024 0.003218
-0.017828 -0.006371 -0.000710
0.002136 0.004546 0.012436
-0.003860 -0.007455 -0.005713
0.018727 0.000883 0.000909
-0.006084 0.000663 0.007853
0.006872 -0.001235 0.023092
0.004791 -0.002339 0.000213
-0.003032 0.001035 0.031633
-0.005279 0.004566 0.001412
-0.002458 0.007557 0.000228
0.005877 -0.002011 -0.000845
0.003403 -0.000329 -0.005439
0.007567 0.002671 0.003753
0.039394 0.005873 0.023350
0.001582 -0.006122 -0.004850
0.002612 0.003035 0.005289
-0.018354 -0.006407 -0.000375
0.005589 0.000252 0.021032
-0.004265 -0.011954 -0.004088
0.017240 -0.000526 -0.006028
-0.036762 0.000359 0.030568
-0.013066 -0.001568 0.004194
0.004838 -0.002608 0.001799
-0.002680 0.001801 0.003484
-0.003981 0.005206 0.001429
-0.003652 0.006131 -0.000909
0.005921 -0.002511 -0.000990
0.004041 -0.000996 -0.004515
0.002740 0.000405 -0.000748
0.008986 0.005456 0.002371
-0.000913 -0.005842 -0.005528
0.001670 0.002264 0.005704
-0.022758 -0.003842 -0.005201
0.004027 0.005576 0.010636
0.000617 -0.006483 -0.011776
0.018095 0.000278 -0.003514
-0.005199 0.000292 0.008347
-0.012606 -0.001172 0.004199
0.004235 -0.001316 0.001186
-0.002780 0.001360 0.001209
-0.004108 0.004359 0.002561
-0.002140 0.006821 -0.001759
0.006176 0.004578 0.005480
0.003807 -0.000520 -0.003798
0.002856 -0.000084 -0.000703
0.009401 0.005452 0.001760
-0.001212 -0.006085 -0.005486
0.002337 0.002847 0.004587
-0.022014 -0.003496 -0.006410
0.002403 0.004847 0.012274
0.000521 -0.007370 -0.010726
0.018023 0.000796 0.000424
-0.005752 0.000207 0.008178
-0.012174 -0.001809 0.002933
0.000539 -0.007408 0.010769
-0.002771 0.001037 0.003000
-0.008941 0.000925 0.007798
-0.003249 0.006329 -0.001094
0.008585 0.042147 0.033120
0.044816 -0.000422 0.028714
0.006676 0.002759 0.004554
0.009754 0.005099 0.001131
-0.001591 -0.005802 -0.006668
0.001723 0.003130 -0.000014
-0.021586 -0.002737 -0.007211
0.002214 0.004661 0.010817
-0.001058 -0.007617 -0.008445
0.017855 0.001063 0.000571
-0.004575 0.000925 0.006466
-0.028403 -0.001427 0.018641
0.004640 -0.002437 0.002030
-0.001076 0.002370 0.032787
-0.007617 -0.000370 0.008088
-0.003669 0.006366 -0.001369
0.005584 -0.001824 -0.001709
0.003942 -0.000751 -0.004337
0.004490 -0.000847 -0.002291
0.010413 0.005623 -0.000851
-0.000931 -0.005848 -0.006302
0.002179 0.003272 0.005382
-0.020856 -0.003036 -0.007634
-0.002806 0.009033 0.021758
0.000304 -0.008687 -0.011315
0.018138 -0.000042 -0.003057
-0.006744 0.000016 0.003210
-0.012307 -0.001526 0.003080
0.005422 -0.003673 0.000914
-0.002750 0.001249 0.002991
-0.003801 0.005599 0.001766
-0.004159 0.006272 -0.002193
0.005991 -0.001770 -0.000832
0.003714 -0.000682 -0.004719
0.002802 -0.000621 -0.001480
0.009458 0.005953 0.001336
-0.000649 -0.005826 -0.005728
0.002306 0.003059 0.006120
-0.022813 -0.004450 -0.005325
0.002865 0.004385 0.011946
0.001527 -0.007249 -0.010256
0.017531 0.000724 0.000380
-0.004853 0.000259 0.006901
