-0.003316 0.007616 0.012274
-0.006105 -0.001551 0.000546
-0.002117 0.020004 -0.000103
0.012351 0.007336 -0.002830
-0.001519 0.017379 -0.006168
-0.009164 -0.000562 -0.002737
-0.000516 0.002916 0.004744
-0.000290 -0.013814 -0.002496
-0.003324 -0.011119 -0.000333
-0.010999 -0.005511 -0.002205
0.011600 -0.006641 0.001195
-0.009589 -0.006569 -0.004026
0.004803 -0.007352 0.004695
0.003483 -0.019017 0.000005
-0.004232 0.000520 -0.003673
0.011571 -0.010414 0.002900
-0.000183 0.011567 0.011629
-0.010735 0.000874 0.004858
-0.001190 0.019224 -0.000080
0.011204 0.008545 -0.004428
-0.001612 0.016856 -0.005560
-0.009554 0.000753 -0.002917
-0.000308 0.000851 0.004447
-0.000053 -0.015579 -0.003173
-0.003258 -0.011264 -0.005012
-0.010588 -0.006046 -0.001509
0.011221 -0.006488 0.000428
-0.009099 -0.006484 -0.007854
0.004212 -0.007881 0.006018
0.004537 -0.019245 -0.000705
-0.001384 0.002294 0.001577
0.013185 -0.010973 0.004267
0.000444 0.011501 0.011766
-0.008651 -0.002566 0.000049
-0.000690 0.018623 0.001121
0.012035 0.006221 -0.003547
-0.001683 0.016022 -0.005910
-0.009871 0.001232 -0.001577
-0.002287 -0.065000 -0.075295
0.000047 -0.015953 -0.004385
-0.000231 -0.011285 -0.003741
-0.011892 -0.004044 -0.002147
0.011497 -0.006579 0.001111
-0.009232 -0.007887 -0.003631
0.004770 -0.007517 0.002840
0.002329 -0.019271 -0.000646
-0.005983 -0.001069 0.001174
0.014140 -0.011646 0.002385
0.001842 0.010087 0.016928
-0.009250 0.001149 -0.000066
-0.004427 0.017276 -0.003680
0.007592 0.009650 -0.002913
-0.000731 0.014989 -0.006141
-0.009472 0.001585 -0.002583
0.000335 0.003369 0.003769
-0.000112 -0.015704 -0.003814
-0.003398 -0.011552 -0.000956
-0.011781 -0.005381 -0.001703
0.011254 -0.006705 0.002534
-0.008398 -0.005794 -0.001991
0.003967 -0.007694 0.003731
0.004626 -0.019346 -0.000191
-0.003736 0.000194 0.001501
0.012840 -0.011638 -0.001579
-0.000405 0.009359 0.016456
-0.008966 0.000470 0.005521
-0.001765 0.020374 0.000088
0.009837 0.009064 -0.003331
-0.000047 0.102196 -0.098980
-0.008944 0.001779 -0.001752
0.000604 0.003418 0.004438
0.000316 -0.018218 -0.002644
-0.003162 -0.011838 0.000005
-0.011346 -0.004738 -0.001485
0.011200 -0.006633 0.001474
-0.009550 -0.006041 -0.003513
0.004187 -0.007937 0.004723
0.003380 -0.019396 -0.001314
-0.004317 -0.001135 0.002124
0.015493 -0.012426 0.002666
-0.000245 0.011589 0.011937
-0.009012 0.001572 0.000611
0.000496 0.020491 0.004414
0.015040 0.009979 -0.007693
-0.001820 0.015229 -0.007200
-0.010074 -0.020865 -0.004859
0.000722 0.002667 0.004324
-0.000330 -0.013568 -0.002343
-0.003898 -0.011128 0.000230
-0.011257 -0.005075 0.000861
0.006965 -0.010428 -0.006242
-0.012588 -0.004271 -0.003496
0.003336 -0.007065 0.004993
0.003755 -0.019912 -0.004452
-0.004202 0.000276 0.002141
0.012166 -0.011190 0.002245
-0.001766 0.010411 0.011766
-0.008676 0.001062 0.000638
0.002951 0.017562 0.000917
-0.004314 -0.002630 -0.004865
-0.001660 0.016593 -0.005339
-0.008735 0.005946 -0.007691
-0.001664 0.004394 0.004956
0.000109 -0.017677 -0.002539
-0.002939 -0.011602 -0.000007
-0.011869 -0.004851 0.600069
0.015586 -0.003531 -0.005554
-0.006440 -0.007341 -0.002718
0.004838 -0.008396 0.004448
0.004608 -0.018349 -0.005202
-0.003665 0.000536 0.001262
0.014693 -0.010954 0.002084
0.000615 0.007046 0.011714
-0.010411 0.001684 0.000556
0.015481 0.029813 -0.001397
0.009472 0.006402 0.001596
-0.001123 0.016495 -0.004517
-0.008672 0.001200 -0.001957
-0.000475 0.003332 0.004441
-0.000318 -0.015392 -0.004881
-0.003487 -0.011797 -0.000673
-0.011035 -0.004624 -0.001800
0.011633 -0.006534 0.000584
-0.009791 -0.006092 -0.003478
0.004634 -0.007909 0.005639
0.002443 -0.019549 -0.000731
-0.004066 0.000828 0.001822
0.013253 -0.010409 0.000280
-0.001121 0.004327 -0.004967
0.006956 0.007823 -0.003499
-0.010190 0.010357 0.002910
0.007843 0.024641 -0.001502
0.000422 -0.003266 -0.000721
0.000729 0.003644 -0.010465
-0.008168 0.000328 0.005013
0.002912 0.005203 -0.000538
-0.000079 0.007456 -0.002727
0.017909 -0.011002 0.004309
-0.008777 0.009905 0.001939
-0.004869 -0.001676 -0.000126
0.011505 -0.005258 -0.000075
-0.003511 -0.005380 0.003746
0.009780 -0.015692 -0.001847
-0.014841 -0.016278 -0.001622
-0.000298 0.003217 -0.005609
-0.061600 -0.034654 -0.086343
-0.010504 0.010104 0.002686
0.008977 0.021730 -0.008569
0.000275 -0.002898 -0.000705
0.001401 0.006394 -0.004715
-0.006331 -0.001586 0.005278
0.002811 0.004957 -0.000339
-0.002478 0.009584 -0.009231
0.018373 -0.011718 0.003255
-0.008633 0.009798 0.002897
-0.004904 -0.000548 -0.000200
0.006417 -0.007209 -0.006099
-0.003527 -0.005828 0.004248
0.010063 -0.009803 0.002855
-0.016598 -0.012135 0.004005
-0.000817 0.004751 -0.004602
0.005494 0.007874 -0.002319
-0.008589 0.010656 0.002780
-0.011342 0.033066 -0.004412
0.000545 -0.004113 -0.000007
0.004419 0.008369 -0.010665
-0.008120 0.001810 0.000697
0.003023 0.005785 -0.001066
0.017565 -0.002590 -0.005607
0.018129 -0.011878 0.003891
-0.008635 0.010071 0.001995
-0.004263 -0.002245 -0.000367
0.015678 -0.003250 -0.005064
-0.003407 -0.005368 0.003928
0.010150 -0.009863 0.004025
-0.017033 -0.011619 0.001344
-0.000560 0.003347 -0.004778
0.008464 0.008364 -0.003498
-0.010287 0.010041 0.001759
0.007361 0.024587 -0.001843
0.000644 -0.002368 0.000226
0.001999 0.004858 -0.010171
-0.007812 -0.001801 -0.000057
0.003581 0.005954 -0.001182
-0.001179 0.006565 -0.002305
0.018271 -0.011238 -0.001190
-0.008755 0.010224 0.002142
-0.004723 -0.000720 -0.001733
0.011821 -0.006332 0.000046
-0.003588 -0.005485 0.005231
0.010125 -0.009982 0.003604
-0.016218 -0.011698 0.000795
0.000051 0.002831 -0.005767
0.007869 0.009494 -0.002374
-0.009496 0.010809 0.001521
0.006475 0.023003 -0.002139
-0.000041 -0.002822 -0.000402
0.001636 0.003947 -0.010275
-0.011280 0.001347 0.001067
0.002236 0.005857 0.000106
-0.001533 0.007030 -0.002507
0.018255 -0.011800 0.005006
-0.008463 0.010207 0.002315
-0.004848 -0.001306 0.000180
0.011279 -0.005773 -0.000818
-0.003488 -0.005995 0.004322
0.010126 -0.005418 -0.002466
-0.018543 -0.007921 -0.003179
0.071414 -0.039094 -0.086970
0.007762 0.007694 -0.002778
-0.010665 0.006984 -0.003943
0.005902 0.024262 0.003211
-0.000860 -0.001914 -0.001018
-0.001050 0.004968 -0.004708
-0.008756 -0.001655 0.000815
0.003658 0.006326 0.000251
0.003523 0.010132 -0.002855
0.018595 -0.011218 0.004503
-0.004471 0.008070 -0.003939
-0.001712 -0.005171 -0.005152
0.011293 -0.004798 -0.001073
-0.002539 -0.006552 -0.016004
0.009935 -0.010540 0.002337
-0.015840 -0.012836 0.001748
0.000790 0.003010 -0.006268
0.007859 0.008716 -0.002176
-0.009955 0.029608 -0.000511
0.002312 0.021676 -0.002248
-0.062270 0.032372 -0.063925
-0.000579 0.007992 -0.009562
-0.007507 -0.003211 0.000495
0.062420 0.041449 -0.065919
0.001045 0.006883 0.002617
0.017710 -0.011741 0.004238
-0.012638 0.011369 -0.002669
-0.007262 0.002878 -0.005180
0.011674 -0.005707 -0.001576
-0.004640 -0.004221 -0.016667
0.010234 -0.009109 0.002749
-0.017482 -0.010921 0.001594
-0.001281 0.002796 -0.007342
0.007382 0.008591 -0.001981
-0.010314 0.010668 0.002703
0.005983 0.023115 -0.002017
0.000182 -0.002192 -0.002222
0.001017 0.003551 -0.010479
-0.007905 -0.002514 0.000544
0.002495 0.004394 0.000224
0.000442 0.008492 -0.002458
0.015710 -0.011658 -0.002892
-0.008686 0.010166 0.003728
-0.005287 -0.001114 0.000007
0.011463 -0.005066 -0.000182
-0.003757 -0.005468 0.004479
0.009837 -0.009240 0.001659
-0.017004 -0.011777 0.001829
