540.0000 0.05 1
0.833333
0.833333
3.33333
2.77778
0
0.555556
2.77778
4.44444
2.5
2.77778
1.11111
1.66667
1.66667
7.77778
4.72222
5.27778
3.61111
4.44444
4.16667
3.61111
3.88889
4.16667
6.38889
6.66667
3.88889
1.11111
3.61111
7.22222
7.77778
6.11111
3.61111
5.27778
10.8333
8.88889
7.77778
7.5
5.83333
5.55556
11.9444
11.6667
8.88889
10.2778
9.44444
15.2778
14.1667
17.5
15.8333
22.2222
18.3333
23.3333
33.0556
26.9444
29.4444
35.2778
39.4444
37.2222
42.7778
39.1667
45.2778
49.1667
51.1111
53.0556
62.7778
65.2778
60.5556
70.5556
73.0556
71.3889
76.6667
81.6667
84.1667
87.2222
86.1111
88.8889
94.7222
91.3889
94.4444
94.1667
96.3889
96.9444
80.8333
86.9444
85.2778
86.3889
83.8889
82.5
74.4444
75
67.7778
60.2778
72.5
56.6667
66.6667
69.7222
63.6111
61.6667
68.0556
76.1111
74.7222
68.0556
78.0556
76.6667
70.5556
74.1667
65.8333
75.5556
76.6667
76.1111
65.8333
70
77.7778
70
76.9444
73.0556
83.0556
78.8889
79.1667
86.1111
81.9444
83.3333
84.7222
78.8889
80.2778
77.2222
83.3333
94.4444
88.6111
91.6667
103.333
110.833
108.333
124.722
114.722
119.722
119.444
116.667
117.778
120.833
110.833
98.0556
97.7778
87.7778
91.1111
76.3889
80.5556
81.3889
68.3333
73.6111
83.6111
73.6111
59.1667
70.5556
64.7222
67.5
66.3889
63.0556
60.2778
62.5
68.8889
84.4444
63.3333
82.7778
70
88.3333
85
91.1111
73.8889
74.7222
68.6111
71.1111
81.3889
73.3333
78.6111
80.8333
63.6111
76.3889
76.3889
73.6111
56.6667
71.1111
76.9444
70.5556
60.5556
64.1667
60
64.4444
58.3333
53.6111
67.7778
62.2222
63.8889
64.4444
68.8889
60
63.8889
63.6111
63.0556
50.8333
58.8889
63.0556
68.6111
83.6111
82.2222
79.1667
74.1667
74.7222
79.4444
81.9444
95.5556
101.667
101.944
92.2222
97.2222
82.5
63.3333
50.8333
32.5
20
10
5
2.22222
2.22222
0.555556
0.277778
0
0.277778
0
0.277778
0
0.277778
0
0
0
0
0
0
0
0
0.555556
0
0.555556
0
0
0.277778
0
0
0
0
0
0
0
0
1.11111
0.833333
0
0.555556
0.277778
0
0.555556
0.555556
1.11111
0.555556
0.555556
0
0.555556
0
