2.09653e-05 -3.8396 -7.67925
-0.000219174 -7.68027 0.000536233
-15.3541 -0.000438776 0.000260953
1 0 0
0 1 0
0 0 1
0.7496425137571379 0.8760265863981900 0.2490054611776529	Ir
0.2496498668423044 0.6249324587235563 0.7512850590054327	Ir
0.7497339071351306 0.6243251579355089 0.6253467624741873	Ir
0.7496814835369605 0.6260443682094348 0.3753168869891681	Ir
0.2509577240608891 0.3725589696531131 0.6246890033899177	Ir
0.2503257131088787 0.3750110316010407 0.3750116448414218	Ir
0.2496765200015432 0.3753421052715424 0.1248275802943226	Ir
0.2505260289967310 0.8767315101144533 0.6243960302253271	Ir
0.5007948890489686 0.4995664535186251 0.8756175735571716	Ir
0.4988805988417084 0.5005159529469267 0.3747710423369384	Ir
0.0011272043220529 0.2474291675584297 0.3750054796074878	Ir
0.9991926305762533 0.7515402162492606 0.6246691848782220	Ir
0.5001786681305234 0.7514112908289334 0.7506639631559295	Ir
0.4990533254058320 0.7510479169358817 0.4999313650663382	Ir
0.4984096593700897 0.7505007935369647 0.2490405207022377	Ir
0.4994441722693495 0.7507405618714955 0.0002896622881750	Ir
0.5016062480084713 0.2478300107376796 0.7503028506791338	Ir
0.5018116987340875 0.2485313530136963 0.5003081926090971	Ir
0.5009333283726747 0.2498365372471909 0.2493282249291724	Ir
0.5010252890842892 0.2489246123339868 0.0000740513804800	Ir
0.9995204100270740 0.4986691971500505 0.7514873912991007	Ir
0.0000512409054991 0.4998590695134979 0.5000064363368821	Ir
0.9998509912776683 0.5000559419416319 0.2488403741928380	Ir
0.9993923925811288 0.5001583304205184 0.9997669844289305	Ir
0.9989488506728321 0.0020298164455070 0.7511485653503271	Ir
0.9993247416750961 0.0004090024422396 0.4996195076702463	Ir
0.0005989597188290 0.9996253091428642 0.2491250770214037	Ir
0.9999518681698873 0.0001731788524992 0.0000140044297794	Ir
0.7481493200217741 0.8766099890636454 0.7515236904346096	Ru
0.7492457226688742 0.8773058054122842 0.4998487285575095	Ru
0.7502899290328173 0.8743927093554618 0.9996712714542966	Ru
0.7521121831592268 0.3730246840089464 0.7504838255626396	Ru
0.7497309497181845 0.3731757505053892 0.5006081701086984	Ru
0.7503316207422515 0.3741596344040232 0.2481280494921876	Ru
0.7506001107685023 0.3750794309768821 0.0005916302166753	Ru
0.2493602664108820 0.6261283575901544 0.4994711133025831	Ru
0.2499053732861327 0.6269669681999517 0.2489752751644261	Ru
0.2481965926597383 0.6266800954483145 0.0001960769823768	Ru
0.2504295259516951 0.1251683752993031 0.7513780039582016	Ru
0.2519811793840461 0.1233808064218138 0.5002524453201715	Ru
0.2500760621034246 0.1231965186707029 0.2489735829604314	Ru
0.2506658567883449 0.1240369140453765 0.9993490738487552	Ru
0.7510228966112678 0.6257756960931644 0.8750525351400924	Ru
0.7496116141486056 0.6242197724826966 0.1242827869690259	Ru
0.7503323586367969 0.1236222329765013 0.8746541682622251	Ru
0.7489719666811609 0.1264937044491958 0.6249062664280629	Ru
0.7503803100333712 0.1237651731137959 0.3758033249750454	Ru
0.7504398286746081 0.1255835431617385 0.1247228734568893	Ru
0.2489141787219324 0.3735160904056656 0.8753860486368197	Ru
0.2497110660083663 0.8771290642360512 0.8757012493888965	Ru
0.2497462827778278 0.8748141916756609 0.3746449484642298	Ru
0.2503317956265576 0.8744324683005829 0.1252922207962115	Ru
0.5033586949016282 0.4973175941838264 0.6249454145436388	Ru
0.5015843739531718 0.5003334757748306 0.1247573753379214	Ru
0.5000088450830802 0.9999900867195279 0.8752605503637625	Ru
0.4989264797983424 0.0014364384314263 0.6251505069121137	Ru
0.5000178116839038 0.9999256411054134 0.3751580705783226	Ru
0.4986587101480922 0.9996308384567456 0.1245184822484333	Ru
0.0010999880683755 0.2494102849472100 0.8749741439716061	Ru
0.9980771666110257 0.2498798867909500 0.6254585851756005	Ru
0.9983901500661787 0.2497982628234965 0.1245749431339718	Ru
0.9977859605842454 0.7510163107189669 0.8758653752828067	Ru
0.0000224532874071 0.7522371246499020 0.3749435103161360	Ru
0.0012414505662832 0.7505391785056688 0.1246068019372970	Ru
