2176.0000 0.05 1
1.875
3.75
6.25
6.25
7.5
16.25
8.75
7.5
17.5
15
14.375
16.25
23.75
17.5
6.25
31.25
23.125
18.125
28.75
10
10
13.125
10
10
16.25
20
25
30
37.5
19.375
23.75
27.5
13.75
26.875
21.875
28.125
21.25
41.25
44.375
30.625
37.5
56.25
46.875
46.25
41.875
67.5
55.625
46.875
86.25
91.875
100
121.875
138.75
135
137.5
156.25
179.375
153.75
156.875
200.625
176.25
175
231.875
254.375
266.875
237.5
236.875
279.375
292.5
310.625
296.875
319.375
304.375
313.75
321.25
338.125
341.25
363.75
317.5
349.375
375
363.75
331.25
360.625
335.625
373.75
315
293.75
305.625
285
275
253.125
231.25
252.5
250.625
301.25
205.625
250.625
310.625
293.125
318.75
309.375
309.375
296.875
253.125
293.75
310.625
293.75
326.875
276.25
278.125
302.5
272.5
321.875
290.625
315.625
248.75
299.375
353.125
315.625
316.875
314.375
330
361.875
342.5
380
400
379.375
392.5
392.5
393.125
431.875
452.5
468.125
451.875
441.25
455.625
435
448.125
418.125
409.375
425.625
382.5
358.75
315
355
326.875
310.625
315
330.625
305
275.625
216.25
255.625
249.375
303.75
279.375
248.75
270.625
223.75
320
289.375
326.875
301.875
303.75
288.75
285.625
297.5
351.25
289.375
325
351.25
376.25
353.75
259.375
288.125
213.125
288.125
345.625
268.75
261.875
266.25
258.125
238.125
245.625
248.125
266.25
326.25
236.875
229.375
236.875
226.25
178.75
246.25
258.75
278.75
256.875
305.625
255
263.75
256.875
207.5
203.75
268.125
253.75
326.25
344.375
343.75
355.625
275.625
365
297.5
513.125
534.375
510
422.5
368.75
258.75
233.125
202.5
167.5
117.5
60
34.375
11.25
3.75
1.875
3.75
1.25
0
0
0
0
0
0
0
0
0
0
2.5
0
