0.010687 0.002393 0.001638
-0.005560 -0.001513 0.001499
0.010662 0.003968 -0.000927
0.002239 0.000747 -0.002840
0.008557 0.002533 -0.001541
-0.000092 -0.003510 -0.000888
-0.004427 -0.001697 -0.005387
-0.005705 0.005864 -0.000239
-0.012696 0.004754 -0.002062
0.005347 -0.000009 -0.002222
-0.003940 -0.002207 0.004967
-0.005972 -0.001905 -0.004459
0.002077 -0.000742 0.019539
-0.002899 0.045864 0.036622
0.008387 0.005611 0.000365
0.018761 -0.001961 0.017981
0.010658 0.002950 0.002099
-0.008767 -0.000319 0.000568
0.015094 0.000056 0.009911
0.003837 -0.000091 0.026043
0.004770 0.006588 0.005868
-0.041073 -0.005908 0.031284
-0.007984 -0.004267 -0.000590
-0.005220 0.005393 -0.000791
-0.012154 0.003138 -0.003715
0.005137 -0.001693 -0.002422
-0.002855 -0.001165 0.003396
-0.005953 -0.002874 0.003406
-0.001279 -0.005650 0.010438
-0.005467 -0.000406 -0.000239
0.008590 0.001571 -0.000975
0.002594 -0.001873 0.001356
0.020622 -0.019418 -0.566222
-0.004289 -0.002070 0.000941
0.010865 0.004103 0.000486
0.002124 0.000899 -0.002807
0.008738 0.002374 -0.003710
-0.000060 -0.004200 -0.001341
-0.009193 -0.005241 0.001446
-0.005371 0.005640 -0.000520
-0.008176 -0.000133 -0.008836
0.005722 0.062636 0.049191
-0.002338 -0.002346 0.004009
-0.007235 -0.000732 -0.003594
-0.001679 -0.004117 0.009112
-0.005818 0.001804 -0.000722
0.007749 -0.003836 0.000074
0.002959 -0.001789 0.001544
0.010894 -0.000369 -0.007788
-0.005226 -0.001462 0.001545
0.010316 0.003882 0.001460
0.002133 0.000519 -0.004225
0.008506 0.002036 -0.002296
-0.000986 -0.003502 -0.000151
-0.004824 -0.001712 -0.004896
-0.005568 0.006266 -0.000023
-0.009898 -0.000103 -0.010482
0.005553 0.002521 0.002132
-0.007004 -0.002781 0.008223
-0.006026 -0.001860 -0.001461
-0.005746 -0.009586 0.019400
-0.006239 0.000064 -0.002300
0.003483 0.003229 -0.007322
-0.014181 -0.000956 0.019225
0.010886 0.001749 0.001895
-0.005206 -0.001152 -0.000103
0.010440 0.002539 -0.000673
0.001808 -0.000368 -0.001864
0.009116 0.003217 -0.003526
-0.000247 -0.003316 -0.000149
-0.004033 -0.000917 -0.005665
-0.005957 0.006141 0.000288
-0.007759 -0.000585 -0.008812
0.004930 -0.002156 -0.002575
-0.001817 -0.004269 0.002593
-0.006181 -0.002498 0.002633
-0.001816 -0.005213 0.009903
-0.005625 -0.000364 -0.001452
0.003300 0.001319 -0.005993
0.002545 -0.002007 0.001925
0.010910 0.001613 0.001918
-0.005518 -0.001345 0.000893
0.005297 0.008607 0.010950
0.001486 -0.000813 0.028716
0.012552 -0.002598 0.007097
-0.002240 -0.002916 -0.002581
-0.006525 -0.001237 -0.007160
0.039039 0.004625 0.032696
-0.010030 0.000209 -0.010137
0.005003 -0.002292 -0.001982
-0.007185 0.001773 0.010112
-0.005709 -0.002476 0.003087
-0.002094 -0.005464 0.008313
-0.005098 -0.000167 -0.000340
0.004141 0.001440 -0.005391
0.002943 -0.000958 0.001423
0.010988 0.002461 0.004115
-0.006604 -0.001176 0.000876
0.010724 0.003696 0.000407
0.002156 0.000559 -0.004187
0.008153 0.002441 -0.001706
-0.000404 -0.003345 -0.000423
-0.005878 -0.001163 -0.006914
-0.004939 0.005836 0.000015
-0.008214 0.000127 -0.007919
0.005232 -0.001614 -0.004383
-0.002556 -0.002527 0.003847
-0.007186 -0.001235 -0.000076
-0.001088 -0.007347 0.009012
-0.006520 0.004300 0.003608
0.004212 -0.000700 -0.007166
0.002217 -0.001838 0.001821
0.010792 0.002722 0.002073
-0.005495 -0.001349 0.002535
0.009550 0.005919 -0.001180
0.002909 -0.000412 -0.002027
0.008029 0.001035 -0.003951
-0.000868 -0.002573 -0.000776
-0.004466 -0.001837 -0.004882
-0.005920 0.006286 0.000456
-0.008196 0.000503 -0.007458
0.005183 -0.001855 -0.003107
-0.005607 -0.006201 0.009179
-0.006097 -0.002300 0.002650
-0.001725 -0.005123 0.010307
-0.005701 -0.000735 -0.000680
0.002713 0.001542 -0.005967
0.002174 -0.001704 0.000746
-0.012444 -0.001940 0.002040
0.003589 -0.002234 0.000136
-0.002852 0.000731 0.002223
-0.003339 0.004565 0.002845
-0.002784 0.006676 -0.001345
0.006349 -0.001607 0.000055
0.003923 -0.000662 -0.005773
0.003268 0.000545 -0.000187
0.009779 0.005688 0.000970
0.001864 -0.009601 -0.001508
0.006202 -0.000214 0.010555
-0.021636 -0.005158 -0.005373
-0.001127 0.006875 0.015357
0.002918 -0.004755 -0.007183
0.016904 -0.043137 0.032742
-0.006208 -0.000037 0.006154
-0.010604 -0.002435 0.000253
0.043684 -0.003235 0.031103
-0.002511 0.002377 0.002216
-0.004316 0.004048 -0.000949
-0.002229 0.005058 -0.002580
0.005530 -0.019875 0.019105
0.000795 -0.003841 0.002723
-0.010339 0.000581 0.014645
0.011070 0.005085 0.001451
-0.000917 -0.005762 -0.006326
0.003459 0.003510 0.004531
-0.022188 -0.004015 -0.009094
-0.001288 0.004643 0.015124
0.000679 -0.007645 -0.010091
0.017576 0.001604 -0.000161
-0.006642 0.000216 0.007507
-0.007179 0.001997 0.008442
0.003685 -0.003168 0.000190
-0.004439 -0.035207 0.029849
-0.003749 0.003403 0.002719
-0.059808 0.005601 0.042230
0.006073 -0.001472 -0.001808
0.004478 -0.000789 -0.003409
0.002895 0.000747 0.000026
0.009508 0.003934 0.004339
0.003304 -0.001987 -0.001028
0.002682 0.003085 0.004855
-0.021653 -0.003830 -0.005198
-0.000320 0.001317 0.015628
-0.000700 -0.008221 -0.010340
0.017932 -0.000060 -0.000194
-0.007031 -0.001187 0.009028
-0.013147 -0.001655 0.003129
0.005017 -0.002272 0.000840
-0.003141 0.001578 0.003402
-0.004920 0.003142 0.002545
-0.002410 0.006701 -0.000889
0.006058 -0.001115 -0.011106
0.004367 -0.000954 -0.003532
0.003034 0.000188 0.000134
0.009938 0.005706 0.002718
-0.001960 -0.007521 -0.008679
0.003129 0.004275 0.003579
-0.023408 -0.003257 -0.005056
0.004027 0.005251 0.009542
-0.000737 -0.007515 -0.009458
0.018246 0.000154 -0.001271
-0.005934 0.000152 0.008896
-0.012984 -0.001567 0.003148
0.003844 -0.002669 0.001142
-0.002863 0.002260 0.001539
-0.004244 0.004243 0.002107
-0.002197 0.007056 -0.002476
0.005925 0.013137 0.014446
0.004694 -0.002019 -0.005481
0.002183 0.000488 0.000588
0.009655 0.005419 0.001960
-0.001813 -0.005996 -0.006547
0.002162 0.003063 0.005289
-0.022256 -0.004731 -0.004887
0.003101 0.004207 0.011309
-0.001119 -0.007516 -0.009097
0.017712 0.001994 -0.000307
-0.005899 0.000299 0.007887
-0.008359 0.001213 0.008099
0.005067 -0.002921 -0.000943
-0.002488 0.002172 0.002007
-0.003921 0.003691 -0.004442
-0.003317 0.006013 -0.001661
0.006352 0.014164 0.015086
0.008699 0.004542 0.005480
0.016501 0.000376 0.014828
0.008028 0.005431 0.001325
0.002237 -0.005831 -0.002576
0.005729 0.000679 0.009577
-0.022298 -0.004135 -0.006721
0.001782 0.005097 0.012054
-0.001884 -0.007583 -0.010097
0.017940 0.002112 0.000197
-0.004893 0.000072 0.007636
-0.011392 -0.002162 -0.000176
0.004322 -0.002365 0.000974
-0.002905 0.000513 0.000347
-0.005064 0.004588 0.003014
-0.004496 0.006658 -0.003571
0.005966 -0.001490 -0.000357
0.004281 -0.000648 -0.003491
0.002896 0.000203 0.000077
0.009751 0.005680 0.001964
-0.001455 -0.005000 -0.008364
0.002272 0.003297 0.005254
-0.022526 -0.004377 -0.005545
0.003637 0.003266 0.009471
-0.000463 -0.007820 -0.008740
0.018584 0.000984 0.000547
-0.005941 0.000396 0.007477
-0.013325 -0.003006 0.002057
0.003677 -0.002713 0.001847
-0.002954 0.002625 0.002143
-0.004539 0.003604 0.003628
-0.003764 0.006650 -0.001123
0.006454 -0.019815 0.019672
0.004158 -0.000389 -0.004998
0.003632 0.000106 0.000396
0.010034 0.005936 0.002229
-0.001629 -0.006041 -0.006630
0.002202 0.003862 0.004669
-0.022431 -0.004002 -0.006255
0.003848 0.004516 0.011257
0.000444 -0.007210 -0.009617
0.017672 0.001736 -0.000598
-0.006112 0.000669 0.008034
