-0.010068 0.023056 0.012001
-0.006951 0.000820 0.000673
0.000592 0.057279 0.003528
0.010700 0.007052 -0.002396
-0.001541 0.012914 -0.006507
-0.008047 0.000672 -0.001646
0.000241 0.004879 0.004554
0.000418 -0.015457 -0.002129
-0.003748 -0.011171 -0.001544
-0.010152 -0.004818 -0.005844
0.001632 -0.009406 -0.008642
-0.009713 -0.005900 -0.003364
0.004676 -0.007389 0.002698
-0.006311 -0.021056 0.006377
-0.003693 0.001537 0.001533
0.012830 -0.010897 0.001699
-0.000834 0.011106 0.012955
-0.007258 0.000465 0.000404
-0.000913 0.019560 0.000353
0.006268 0.014402 -0.005136
-0.000632 0.016571 -0.005086
-0.009870 0.000224 -0.003924
-0.000352 0.003071 0.004904
0.000328 -0.014969 -0.002047
-0.000675 -0.010352 -0.001323
-0.009088 0.001719 -0.004751
0.011819 -0.006424 0.000367
-0.010729 -0.006458 -0.005080
0.005078 -0.007987 0.004230
0.003850 -0.023210 0.000106
-0.005137 0.000471 0.002415
0.014797 -0.011579 0.002871
-0.000385 0.010304 0.011541
-0.008338 0.001600 0.001348
-0.001246 0.019331 0.000708
0.006936 0.012040 -0.001937
-0.002240 0.015973 -0.005865
-0.008722 -0.002239 -0.001283
-0.006991 0.012740 0.004571
-0.000106 -0.014781 -0.002903
-0.003020 -0.010767 -0.001438
-0.011705 -0.006973 -0.004083
0.011192 -0.009804 -0.000454
-0.010231 -0.009191 -0.004902
0.004853 -0.008308 0.003098
0.003849 -0.019227 -0.000815
-0.004121 -0.000446 0.001427
0.013533 -0.010713 0.002080
0.010859 0.030843 0.011909
-0.009861 0.000826 0.000513
-0.001186 0.015806 0.000731
0.012339 0.007699 -0.002893
-0.002595 0.015487 -0.006217
-0.008952 0.001586 -0.002009
0.003902 0.006492 0.008086
-0.001042 -0.015813 -0.003395
-0.003547 -0.011344 -0.001376
-0.011915 -0.004830 -0.002077
0.012070 -0.006106 -0.000704
-0.006879 -0.007754 -0.001080
0.004266 -0.008721 0.005107
0.004177 -0.019473 0.000617
-0.003536 0.001461 0.002138
0.013271 0.005128 0.023064
-0.002490 0.012291 0.012530
-0.009219 0.001574 0.000256
-0.000388 0.019293 0.000294
0.016000 0.015369 -0.003472
-0.002478 0.015569 -0.005827
-0.008707 0.000796 -0.002546
0.001201 0.002844 0.004327
0.000084 -0.016031 -0.003200
-0.004060 -0.012056 -0.000849
-0.011039 -0.004767 -0.002379
0.010103 -0.009404 0.001304
-0.010572 -0.005771 -0.003722
0.004264 -0.006475 0.004095
0.001642 -0.021600 -0.001639
-0.003482 0.001705 0.001278
0.013433 -0.010981 0.004194
-0.002800 0.009966 0.009384
-0.009073 0.005533 0.000334
-0.000429 0.018078 -0.000304
0.012764 0.008123 -0.002575
-0.001897 0.015323 -0.006639
-0.008836 0.000623 -0.003111
-0.000585 0.002263 0.004554
0.000045 -0.016082 -0.004204
-0.003346 -0.012729 -0.003032
-0.011595 -0.006673 -0.002269
0.012044 -0.007630 -0.000233
-0.010521 -0.007066 -0.004708
0.004629 -0.007707 0.003199
-0.000757 -0.014396 -0.001856
-0.004080 -0.000209 0.000499
0.014232 -0.011376 0.001988
-0.001306 0.010331 0.014774
-0.009277 0.003926 0.001341
-0.000309 0.018381 0.001525
0.012465 0.006543 -0.002913
-0.002513 0.047213 -0.001295
-0.054421 0.049569 -0.002224
0.000669 0.014716 0.004406
-0.036849 0.004109 -0.051403
0.029157 0.010693 -0.042430
-0.010389 -0.004847 -0.000667
0.006512 -0.000013 0.000264
-0.003759 0.000949 -0.001152
0.002937 -0.008090 0.004354
0.003850 -0.020471 0.000060
-0.003369 0.072601 -0.075436
0.012345 -0.011710 0.002961
-0.000030 0.012280 0.011965
-0.010001 0.000917 0.000442
-0.000723 0.019592 0.000644
0.009632 0.018086 -0.002498
-0.002432 0.016334 -0.004760
-0.008405 0.001268 -0.002745
0.004986 0.007968 0.002493
0.000071 -0.016220 -0.002319
-0.003592 -0.011435 0.000202
-0.009634 -0.005948 -0.001398
0.010838 -0.006359 0.000474
0.000355 -0.008447 -0.013138
-0.029147 0.012122 0.045755
0.002620 -0.018496 -0.001277
-0.004111 0.000459 0.001461
0.013249 -0.009979 -0.000587
-0.000465 0.003380 -0.004269
0.007174 0.007894 -0.001940
-0.012458 0.020673 0.001931
0.008669 0.021887 -0.001852
0.002031 -0.003780 -0.000532
0.002185 0.004012 -0.010114
-0.008539 -0.001466 0.001060
-0.023828 0.008103 0.000867
-0.000530 0.007778 -0.002214
0.015352 -0.005510 -0.000206
-0.007112 0.010394 0.002140
-0.005830 -0.001324 -0.000145
0.010795 -0.005610 0.000122
-0.003986 -0.006490 0.007979
0.008930 -0.012354 0.004902
-0.016487 -0.010037 0.001420
-0.000492 0.003200 -0.005119
0.008040 0.009694 -0.003307
-0.009493 0.009973 0.001642
0.003162 0.031139 -0.002225
0.001919 -0.009038 0.000887
0.003822 0.001795 -0.008936
-0.009279 -0.002704 0.001536
-0.000360 0.003713 0.000712
-0.000399 0.008812 -0.001646
0.016118 -0.012254 0.003157
-0.009292 0.010259 0.001399
-0.004686 -0.003147 0.002709
0.011803 -0.005402 -0.000335
-0.004132 -0.007522 0.005990
0.009846 -0.009843 0.001985
-0.017784 -0.012354 0.001485
-0.000380 0.014905 -0.005109
-0.002530 0.025145 -0.001311
-0.010230 0.011297 0.003079
0.006943 0.023551 -0.000507
-0.000437 -0.004024 -0.000488
0.003691 0.001778 -0.010562
-0.008745 -0.001487 -0.000191
0.000877 0.003646 -0.000769
-0.000407 0.005515 -0.002235
0.017802 -0.010812 0.004046
-0.008778 0.010408 0.001963
-0.007429 0.004318 0.003120
0.013335 -0.005152 0.000679
-0.000165 -0.000181 0.007886
0.010060 -0.009559 0.002637
-0.017583 -0.012626 0.000305
0.001293 0.002797 -0.005652
0.018164 0.023552 -0.002648
-0.007007 0.017743 0.002288
0.006431 0.022563 -0.001559
-0.002492 -0.009169 -0.000517
0.002662 0.006499 -0.010165
-0.007485 -0.002381 0.001714
0.003142 0.004959 -0.000361
-0.001562 0.007520 -0.004258
0.018214 -0.013382 0.002321
-0.008350 0.009924 0.002765
-0.004840 -0.000114 0.001168
0.010752 -0.004024 -0.001163
-0.003789 -0.005297 0.004527
0.013941 -0.004393 0.001271
-0.016600 -0.012254 0.001623
-0.000942 0.003342 -0.005548
0.006988 0.008437 -0.002380
-0.009813 0.010154 0.002554
0.007542 0.024486 -0.001437
-0.001069 -0.007648 -0.000266
0.001483 0.003727 -0.010218
-0.008027 -0.002561 0.000223
0.003310 0.007828 -0.001351
-0.000733 0.008052 -0.001468
0.018749 -0.013243 0.001116
-0.008839 0.010888 0.002086
-0.005517 -0.000472 -0.000620
0.011111 -0.004877 0.000412
-0.003808 -0.005752 0.005578
0.009976 -0.009133 0.002257
-0.016511 -0.011888 0.001727
-0.000716 0.003693 -0.005007
0.008850 0.007450 0.001665
-0.011426 0.014687 0.008463
0.008908 0.025917 0.003180
-0.000801 -0.004092 -0.002999
0.001311 0.002473 -0.010274
-0.009370 -0.001043 0.000975
0.003382 0.002533 -0.000646
-0.000768 0.007489 -0.002486
0.018216 -0.011252 0.001989
-0.008581 0.011191 0.003950
-0.005198 -0.001558 -0.000245
0.011733 -0.006895 0.002159
-0.003298 -0.005279 0.003921
0.011877 -0.011808 0.000341
-0.016693 -0.012764 0.002913
0.000006 0.017438 -0.005790
0.008316 0.004758 -0.005683
-0.011853 0.015181 -0.001170
0.009799 0.026340 -0.007060
0.001163 -0.005440 0.003063
0.000720 0.002896 -0.009155
0.004086 -0.572185 0.023471
0.003521 0.003167 0.000143
0.043601 0.046983 -0.002862
0.017845 -0.011311 -0.000919
-0.010180 0.023642 -0.018181
-0.004515 -0.002178 0.000398
0.038987 0.017470 0.032004
-0.003804 -0.006137 0.004641
0.018235 -0.012421 0.010188
-0.018386 0.059340 0.064774
0.000928 0.003259 -0.004801
0.009835 0.008998 -0.002652
-0.011636 0.008923 0.002419
0.008434 0.032500 -0.001571
-0.002251 -0.003894 0.000055
0.029735 0.006553 -0.010028
-0.007614 -0.002531 -0.000412
0.002178 0.005139 -0.000343
-0.002539 0.007590 -0.000002
0.017440 -0.011426 0.003141
-0.009657 0.010010 0.001384
-0.004674 -0.001078 0.003675
0.011702 -0.005064 0.000223
-0.002746 -0.005858 0.004274
0.009259 -0.011633 0.003882
-0.016101 -0.010247 0.001043
