2176.0000 0.05 1
1.11111
4.44444
11.1111
2.22222
11.1111
4.44444
13.3333
11.1111
20
11.1111
6.66667
11.1111
24.4444
23.3333
17.7778
23.3333
26.6667
18.8889
13.3333
32.2222
18.8889
8.88889
4.44444
10
14.4444
16.6667
34.4444
37.7778
25.5556
40
11.1111
26.6667
17.7778
31.1111
24.4444
32.2222
28.8889
25.5556
40
24.4444
32.2222
46.6667
36.6667
47.7778
70
55.5556
56.6667
41.1111
80
106.667
95.5556
126.667
127.778
138.889
148.889
148.889
156.667
194.444
185.556
206.667
214.444
267.778
191.111
231.111
234.444
286.667
235.556
278.889
255.556
263.333
291.111
301.111
315.556
340
314.444
350
288.889
345.556
303.333
312.222
290
304.444
293.333
273.333
316.667
271.111
248.889
290
290
297.778
314.444
314.444
323.333
310
337.778
314.444
317.778
294.444
288.889
302.222
306.667
286.667
332.222
353.333
321.111
360
372.222
361.111
353.333
352.222
338.889
293.333
251.111
217.778
180
160
186.667
241.111
266.667
328.889
352.222
398.889
417.778
395.556
431.111
410
450
402.222
380
356.667
344.444
371.111
347.778
396.667
380
376.667
388.889
427.778
404.444
456.667
410
406.667
411.111
352.222
362.222
376.667
366.667
375.556
438.889
411.111
412.222
438.889
401.111
334.444
361.111
322.222
348.889
311.111
332.222
257.778
281.111
263.333
267.778
262.222
242.222
222.222
278.889
211.111
243.333
215.556
230
261.111
218.889
248.889
232.222
214.444
206.667
227.778
176.667
206.667
175.556
197.778
173.333
176.667
254.444
235.556
235.556
211.111
216.667
168.889
176.667
196.667
262.222
236.667
222.222
272.222
240
227.778
260
350
340
320
301.111
332.222
307.778
331.111
382.222
412.222
430
425.556
447.778
432.222
511.111
476.667
505.556
472.222
434.444
352.222
305.556
226.667
116.667
14.4444
1.11111
0
0
0
0
0
0
0
0
0
0
0
0
0
0
0
0
0
0
0
0
0
0
4.44444
2.22222
0
2.22222
0
2.22222
4.44444
4.44444
0
3.33333
2.22222
2.22222
2.22222
0
6.66667
6.66667
0
0
6.66667
1.11111
0
2.22222
0
0
2.22222
0
2.22222
0
