2176.0000 0.05 1
1.11111
4.44444
11.1111
2.22222
11.1111
4.44444
13.3333
11.1111
20
11.1111
6.66667
11.1111
24.4444
23.3333
17.7778
23.3333
26.6667
18.8889
13.3333
32.2222
18.8889
8.88889
4.44444
10
14.4444
16.6667
34.4444
37.7778
25.5556
40
11.1111
26.6667
17.7778
31.1111
24.4444
32.2222
26.6667
27.7778
40
24.4444
32.2222
46.6667
36.6667
47.7778
70
55.5556
56.6667
41.1111
80
108.889
93.3333
126.667
127.778
136.667
148.889
148.889
158.889
192.222
190
202.222
216.667
267.778
192.222
230
234.444
286.667
235.556
278.889
255.556
263.333
291.111
298.889
317.778
335.556
321.111
350
282.222
350
306.667
306.667
295.556
301.111
291.111
277.778
314.444
273.333
251.111
285.556
290
297.778
314.444
318.889
318.889
307.778
337.778
316.667
316.667
295.556
293.333
297.778
301.111
292.222
332.222
357.778
318.889
356.667
375.556
358.889
353.333
352.222
336.667
300
251.111
215.556
175.556
162.222
186.667
241.111
266.667
328.889
352.222
395.556
418.889
397.778
430
413.333
450
400
380
356.667
344.444
371.111
347.778
397.778
382.222
373.333
388.889
430
402.222
458.889
407.778
408.889
408.889
354.444
364.444
374.444
368.889
374.444
433.333
413.333
418.889
432.222
401.111
341.111
354.444
322.222
348.889
312.222
331.111
257.778
284.444
262.222
267.778
260
244.444
222.222
274.444
211.111
246.667
214.444
232.222
258.889
223.333
244.444
234.444
212.222
206.667
230
178.889
201.111
176.667
197.778
173.333
176.667
256.667
235.556
231.111
213.333
216.667
168.889
176.667
196.667
262.222
236.667
224.444
270
244.444
225.556
260
350
340
317.778
303.333
330
307.778
334.444
381.111
412.222
427.778
427.778
445.556
434.444
510
475.556
507.778
472.222
430
347.778
312.222
228.889
115.556
11.1111
1.11111
0
0
0
0
0
0
0
0
0
0
0
0
0
0
0
0
0
0
0
0
0
0
2.22222
2.22222
2.22222
0
2.22222
2.22222
2.22222
8.88889
0
3.33333
2.22222
0
4.44444
0
6.66667
6.66667
0
2.22222
4.44444
0
1.11111
2.22222
0
0
2.22222
0
2.22222
0
