0.001339 0.005574 0.013188
-0.008184 0.000946 0.000483
-0.001397 0.021455 0.000185
0.009351 0.008530 -0.002882
-0.004058 0.017206 -0.005850
-0.010022 0.001663 -0.002163
0.000273 0.003707 0.004587
0.000199 -0.016673 -0.002078
-0.004289 -0.011264 -0.000956
-0.000731 -0.016248 0.016878
0.010206 -0.006373 0.000865
-0.009999 -0.007054 -0.003341
0.004975 -0.007938 0.003169
0.004951 -0.021567 -0.004331
-0.003784 0.000712 0.001432
0.013504 -0.010230 0.002198
-0.002516 0.013535 0.012762
-0.009891 0.000621 -0.000281
0.016783 0.017514 0.000690
0.011893 0.007916 -0.003779
-0.001634 0.015934 -0.005522
-0.008835 -0.000306 -0.002636
-0.002163 0.001351 0.004825
0.000910 -0.014812 -0.002843
-0.002408 -0.012851 -0.002003
-0.010759 -0.004565 -0.001317
0.008857 -0.009629 -0.000563
-0.009018 -0.005597 -0.004129
0.004234 -0.007167 0.003464
-0.000061 -0.021310 0.000691
-0.004244 0.000292 0.001520
0.012136 -0.011236 0.002367
-0.000386 0.011799 0.011834
-0.008890 0.001509 0.001412
-0.000592 0.016679 0.000616
0.020941 0.008257 -0.002993
0.010206 0.015847 -0.005798
-0.008049 0.000633 -0.001970
0.005824 -0.011000 0.004625
0.000597 -0.016073 -0.003086
-0.002889 -0.012264 -0.001233
-0.009777 -0.005028 -0.002885
0.009875 -0.006641 0.000295
-0.012270 -0.004076 -0.003997
0.006819 -0.009041 0.002936
0.002349 -0.019851 0.000014
-0.006321 0.002680 0.002624
0.015497 -0.011555 0.002241
0.000636 0.016525 0.013309
-0.010136 -0.000201 -0.001587
0.000703 0.018903 0.001173
0.008931 0.007100 -0.002435
-0.001585 0.016718 -0.006228
-0.008906 0.003734 -0.002243
0.002522 0.009813 0.004865
-0.001469 -0.017760 -0.005347
-0.003769 -0.011201 -0.000438
-0.009913 -0.004543 -0.002460
0.010827 -0.006982 0.000006
-0.009262 -0.006545 -0.003286
0.011691 0.003033 0.021395
0.003589 -0.018405 -0.001203
-0.004943 -0.000110 0.003512
0.013054 -0.011653 0.003348
-0.000778 0.010784 0.011788
-0.007300 0.002081 0.000929
0.000645 0.018529 0.000039
0.009014 0.009249 -0.003106
-0.003176 0.018279 -0.006419
-0.004709 -0.009110 -0.001834
0.001372 0.003482 0.004715
0.000775 -0.016024 -0.002066
-0.003721 -0.010954 -0.000801
-0.011653 -0.007032 -0.003682
0.013486 -0.008839 0.004121
-0.010227 -0.006979 -0.004472
0.005063 -0.007572 0.004827
0.003245 -0.018645 -0.000791
-0.004091 -0.000229 0.001389
0.013462 -0.011216 0.002254
-0.001375 0.011026 0.012083
-0.008400 0.001144 0.000582
-0.001284 0.017630 0.000471
0.012599 0.007448 -0.002171
-0.002184 0.015490 -0.006206
-0.002499 0.000362 0.000214
0.004698 0.002692 0.002695
-0.000554 -0.013261 0.000223
-0.004030 -0.011359 -0.000660
-0.011982 -0.004663 -0.000846
0.009639 -0.005879 -0.001270
-0.009948 -0.006245 -0.002167
0.003750 -0.008932 0.006154
0.001561 -0.018590 0.001319
-0.002937 0.004198 -0.001285
0.010692 -0.012068 0.002068
0.010562 0.010409 0.011729
0.008383 0.050805 -0.000055
0.025645 0.021390 0.000311
0.022034 0.007584 -0.002625
-0.002714 0.015171 -0.005862
-0.003479 0.001633 -0.004074
0.005438 0.003317 0.006609
0.007558 -0.007346 -0.019501
-0.004876 -0.013918 0.005236
-0.008793 -0.009786 0.002492
0.018652 -0.006947 0.000922
0.043255 0.023875 0.074509
0.007790 -0.002525 0.006774
0.012750 -0.019742 -0.000938
-0.004114 -0.000505 0.002076
0.014342 -0.011383 0.002778
-0.000715 0.016082 0.011032
-0.010102 0.000832 0.001443
-0.001741 0.020804 0.000507
0.008782 0.007019 -0.002322
0.077604 0.041211 -0.012121
-0.002259 0.013959 -0.002094
-0.000513 0.003238 0.004931
0.002582 -0.011706 -0.006763
-0.003697 -0.011707 -0.001453
-0.010682 -0.005950 -0.000878
0.012149 -0.005951 0.001489
-0.008356 -0.006355 -0.003340
0.003500 -0.005285 0.001262
0.003457 -0.019658 -0.000735
0.005982 0.002304 0.003383
0.070700 -0.043542 0.072799
-0.001135 0.002171 -0.005606
0.007142 0.009003 -0.003137
-0.011909 0.011971 0.002014
0.007536 0.022736 -0.001567
-0.001141 -0.002181 -0.002806
0.000976 0.004605 -0.009769
-0.009025 -0.002031 0.000096
0.002868 0.002739 0.006323
0.000263 0.007872 -0.001495
0.019580 -0.011780 0.002722
-0.007076 0.010191 0.001599
-0.006597 -0.001200 -0.001031
0.010797 -0.004629 0.000494
-0.003164 -0.007204 0.006661
0.010000 -0.007856 0.002837
-0.015563 -0.012640 0.002296
-0.000467 0.004279 -0.004773
0.005872 0.008877 -0.004079
0.004066 0.009739 0.002533
0.001663 0.023312 -0.001930
-0.000033 -0.002896 0.000505
0.002802 0.003625 -0.010547
-0.008633 -0.001578 0.000435
-0.000051 0.004390 -0.000566
0.000613 0.007765 -0.001693
0.016844 -0.011008 0.002367
-0.009490 0.011571 0.002406
-0.004523 -0.001487 0.000132
0.011794 -0.006531 0.001906
-0.002778 -0.004725 0.004373
0.010518 -0.010279 0.002166
-0.017277 -0.012254 0.000804
-0.000519 0.003338 -0.004970
0.007140 0.008904 -0.001622
-0.010779 0.010360 0.002669
0.007772 0.023350 -0.000769
-0.001412 -0.003294 -0.000658
0.002075 0.003757 -0.010093
-0.011310 -0.000200 0.000450
0.007653 0.011386 0.000087
-0.001883 0.008336 -0.002642
0.017496 -0.011796 0.004117
-0.008302 0.010080 0.001636
-0.005266 -0.001478 0.000202
0.012105 -0.006315 -0.000497
-0.002054 -0.005490 0.004815
0.009688 -0.011405 0.002341
-0.019286 -0.010138 0.000494
-0.003070 0.001137 -0.005185
0.008474 0.008974 -0.003885
-0.010101 0.008744 0.001508
0.005282 0.024016 -0.000856
0.001225 -0.002688 0.000142
0.000543 0.002994 -0.013423
-0.009038 -0.002335 0.000170
0.002699 0.005993 -0.000231
-0.002931 0.007550 -0.002330
0.015308 -0.011430 0.003117
-0.007700 0.010526 0.002259
-0.005622 -0.001932 -0.001333
0.012136 -0.005026 -0.000700
-0.002176 -0.005875 0.003283
0.009140 -0.009274 0.000239
-0.017394 -0.012302 -0.000256
0.010303 0.001858 -0.005285
0.006164 0.008681 -0.002206
-0.012765 0.010908 0.002509
0.001630 0.022421 -0.001444
0.000322 -0.003217 0.003249
0.001974 0.004732 -0.010246
-0.006037 -0.005809 0.000704
0.003078 0.004168 -0.004031
-0.002737 0.009192 -0.002211
0.017179 -0.011612 0.003593
-0.009079 0.009644 0.003217
-0.003898 -0.000372 0.000545
0.011405 -0.004927 -0.001117
0.002970 -0.015641 -0.013498
0.010620 -0.009540 0.002666
-0.017909 -0.011088 0.000935
0.001520 -0.000053 -0.004684
0.022512 -0.029192 -0.005194
-0.010104 0.010584 0.002117
0.008538 0.022936 -0.001508
0.001105 -0.000667 0.001167
0.002001 0.003721 -0.009170
-0.009385 0.000074 0.005222
0.002636 0.005247 -0.000390
0.002014 0.007952 -0.002118
0.018211 -0.011118 0.003109
-0.009665 0.009401 0.000202
-0.008033 -0.001507 -0.000314
0.017176 -0.006347 0.002299
-0.004350 -0.004550 0.001908
0.011574 -0.009942 0.002060
-0.017835 -0.013237 0.000916
-0.000774 0.000466 -0.005477
0.009093 0.008656 -0.002421
0.014794 -0.015280 0.001538
-0.565784 0.009315 -0.033876
0.014012 0.007948 -0.000853
0.017053 -0.000940 -0.010356
-0.007601 0.001245 -0.006912
0.011526 0.005309 0.000108
0.003888 0.007378 -0.001759
0.017878 -0.012978 0.004252
0.042588 -0.015656 -0.051000
-0.014130 -0.001564 0.002358
0.010430 -0.005771 -0.000134
-0.002873 -0.008337 0.000655
0.009083 -0.010212 0.002771
-0.014898 -0.009235 0.005437
0.002397 0.008333 -0.005071
0.007765 0.009284 -0.001103
-0.010882 0.008645 0.002422
0.007112 0.024722 -0.001928
0.001223 -0.002705 -0.000580
0.000340 0.003537 -0.005990
0.003408 -0.000647 0.001689
0.001958 0.005400 -0.000425
-0.003247 0.006674 -0.001961
0.008307 -0.009876 0.002671
-0.011016 0.008839 0.002366
-0.004020 -0.000339 0.000181
0.011881 -0.005472 0.000077
-0.003314 -0.004697 0.004764
0.066592 0.018861 -0.062222
-0.007085 -0.011192 -0.001234
