2176.0000 0.05 1
1.875
3.75
6.25
6.25
7.5
16.25
8.75
7.5
17.5
15
14.375
16.25
25
16.25
6.25
31.25
23.125
18.125
28.75
10
10
13.125
10
10
16.25
20
25
30
37.5
19.375
23.75
27.5
13.75
26.875
21.875
28.125
21.25
41.25
44.375
30.625
37.5
55
48.75
45.625
41.875
67.5
54.375
48.125
86.25
91.875
98.75
124.375
137.5
135
139.375
153.75
180.625
153.125
156.875
199.375
177.5
176.875
231.875
251.875
267.5
240
233.125
280.625
292.5
310
297.5
320
302.5
313.75
322.5
340.625
338.75
365
317.5
351.25
371.875
365.625
328.75
360
335.625
378.75
311.875
294.375
304.375
285.625
273.125
255.625
230
253.75
250
298.75
207.5
248.125
313.75
294.375
316.25
308.125
310
303.75
246.25
293.75
311.875
295
323.75
275.625
281.25
301.875
271.875
318.75
293.75
315.625
250
295
353.125
319.375
316.25
316.875
325.625
365
340.625
381.25
401.25
379.375
389.375
391.25
397.5
429.375
455
468.75
453.75
439.375
455.625
437.5
446.25
415
405.625
430
382.5
357.5
316.25
355
328.125
311.25
313.125
332.5
304.375
275.625
215
255.625
250.625
301.25
280.625
246.875
273.125
223.75
321.25
286.25
328.125
301.25
305
288.125
286.875
296.25
353.75
289.375
323.125
353.75
370.625
353.75
263.125
286.25
212.5
289.375
345.625
267.5
264.375
265
258.125
238.125
246.25
247.5
263.75
326.875
241.25
225
240
222.5
182.5
246.25
255
282.5
257.5
303.75
255.625
263.125
256.875
205
203.75
269.375
255
326.25
344.375
343.75
355.625
273.75
367.5
291.875
516.875
535.625
508.75
423.75
367.5
262.5
232.5
201.25
163.75
123.75
58.75
32.5
11.25
3.75
1.25
4.375
1.25
0
0
0
0
0
0
0
0
0
0
2.5
0
