0.008863 -0.000357 0.003500
-0.005930 -0.000332 0.001556
0.010901 0.003957 -0.000177
0.002143 0.000675 -0.002820
0.007909 0.003127 -0.002593
-0.000801 -0.004338 -0.001315
-0.001099 0.001368 -0.000441
-0.004785 0.006195 -0.000808
-0.007923 0.000357 -0.007948
0.002524 0.002995 0.002609
-0.002909 -0.002664 0.003323
-0.005852 -0.002392 0.001345
-0.002042 -0.005593 0.008999
-0.005466 0.000637 -0.001133
0.005314 0.001544 -0.005483
0.002560 -0.003225 0.000624
0.011025 0.002665 0.001419
-0.005184 -0.001484 0.001768
0.010450 0.022984 0.020079
0.002769 -0.000617 -0.003336
0.008372 0.002521 -0.002068
-0.000733 -0.004420 -0.001097
-0.005530 -0.001997 -0.005204
-0.005448 0.006062 0.000439
-0.007260 -0.000104 -0.008717
0.005714 -0.001136 -0.002887
-0.001991 -0.003842 0.002441
-0.005913 -0.002564 0.002640
-0.001706 -0.005181 0.008100
-0.005770 0.000893 -0.000331
0.005114 0.001363 -0.005020
0.002596 -0.001980 0.002301
0.011117 0.002159 0.000317
-0.005447 -0.001633 0.001470
0.010530 0.004066 0.001569
0.002484 0.000671 -0.004551
0.007911 0.001863 -0.002641
-0.005752 0.000679 0.005388
-0.000888 -0.006307 0.000236
-0.000161 0.003495 0.004962
-0.055279 0.000524 0.024973
0.002245 -0.006073 0.003384
0.000789 0.000589 0.009087
-0.008839 0.000922 0.004903
0.000258 -0.005684 0.036462
-0.035832 0.000303 0.024518
0.000824 -0.002781 0.000290
0.006120 -0.005722 0.010060
0.010738 0.002421 0.001289
-0.004809 -0.002348 0.001229
0.010366 0.004046 0.001161
0.002300 0.000948 -0.002843
0.008699 0.002521 -0.001969
-0.000899 -0.003876 -0.000176
-0.004890 -0.000538 -0.006624
-0.005531 0.005649 0.000549
-0.007595 0.000681 -0.007010
0.006400 0.000174 -0.004534
-0.003615 -0.002279 0.004598
-0.005952 -0.002688 0.002904
-0.001310 -0.005113 0.008697
-0.004518 0.000373 0.000158
0.004000 0.002034 -0.005451
0.003054 -0.000526 0.000534
0.009403 0.002108 0.000499
-0.006788 -0.001421 -0.004677
0.010430 -0.015293 0.020244
-0.002209 -0.003222 0.005739
-0.006379 0.002536 0.013611
-0.004532 0.000970 0.004941
-0.004465 -0.001902 -0.005391
-0.003158 0.007466 -0.002191
-0.007288 0.001109 -0.008615
0.004753 -0.001060 -0.001437
-0.003874 -0.002522 0.004885
-0.007540 -0.002315 0.001711
-0.001700 -0.005535 0.008224
-0.005599 -0.000100 -0.000575
0.003097 0.001343 -0.006916
0.002742 -0.001924 0.001393
0.010206 0.002415 0.001747
-0.005237 -0.001446 0.000288
0.010618 -0.014868 0.020194
0.002166 0.001902 -0.003379
0.008959 0.002767 -0.002191
-0.002021 -0.003732 -0.001055
-0.005119 -0.002320 -0.005177
-0.005361 0.006847 -0.000550
-0.008292 0.000531 -0.007550
0.006313 -0.001262 -0.003541
0.000256 0.000039 0.009585
-0.006182 -0.002914 0.002688
-0.001638 -0.004928 0.010113
-0.004016 0.001001 -0.001646
0.004201 0.002161 -0.006395
0.002813 -0.001767 -0.000129
0.010915 0.002530 0.001933
-0.005267 -0.001364 0.001076
0.012488 0.004061 -0.011137
0.002437 0.000616 -0.002687
0.008926 0.002569 -0.002460
-0.001558 -0.003172 -0.001181
-0.004686 -0.003202 -0.006041
-0.003925 0.006353 -0.001521
-0.009182 0.000501 -0.010297
0.006163 -0.002119 -0.004129
-0.001783 -0.003024 0.002369
-0.007171 -0.002174 0.003342
-0.000350 -0.005192 0.039277
-0.006189 0.000484 -0.002921
0.004836 0.002032 -0.006238
-0.001739 0.003086 0.012028
0.012588 0.002875 0.000653
-0.005533 -0.001476 -0.001893
0.009378 0.023649 0.019688
0.006385 0.004419 0.005358
0.028137 0.002575 0.018089
-0.003071 -0.004293 -0.002722
-0.001025 -0.002121 -0.000892
-0.002172 0.002530 0.004955
-0.008353 0.001019 -0.007622
0.001009 -0.000809 0.001635
-0.003776 -0.003263 0.003727
-0.004217 -0.003120 0.001698
-0.001554 -0.005698 0.010248
-0.004163 -0.000060 -0.001419
-0.000107 -0.003247 0.000391
0.002097 -0.001777 0.001092
-0.015303 -0.005674 0.006314
0.004416 -0.001572 0.000606
-0.001574 -0.002907 0.005987
-0.004004 0.005160 0.001966
-0.002172 0.034426 0.015582
0.006166 -0.001168 -0.000474
0.004403 -0.000788 -0.004091
0.002901 -0.000214 -0.000843
0.009578 0.005687 -0.001665
-0.000839 -0.006294 -0.004915
0.001597 0.003275 0.004395
-0.022245 -0.004375 -0.004900
0.003064 0.004610 0.013086
-0.000447 -0.007587 -0.008692
0.017283 0.000595 -0.000167
-0.006031 -0.000167 0.007490
-0.011650 -0.001393 0.002760
0.004639 -0.003423 0.002319
-0.003850 0.001304 0.001685
-0.004117 0.003965 0.003359
-0.003469 0.005367 -0.002321
0.000777 0.002325 0.007456
0.004302 -0.000130 -0.005290
0.002872 0.000857 -0.000385
0.009497 0.005704 0.002106
-0.001000 -0.005228 -0.006933
0.001742 0.003098 0.005528
-0.022637 -0.003661 -0.005708
0.002279 0.003262 0.011063
-0.000512 -0.006890 -0.007553
0.016306 0.000701 -0.000910
-0.006185 0.000225 0.009246
-0.015590 0.003486 0.006753
0.004695 -0.002524 0.000419
-0.001301 0.006202 0.006332
-0.000171 0.007489 0.010913
-0.003538 0.007089 -0.000494
0.006278 -0.001186 -0.002125
0.002878 -0.000850 -0.009548
0.004582 0.001758 0.003909
0.009635 0.005633 -0.000839
-0.000228 -0.032310 0.006968
0.025311 0.001936 0.018802
-0.023559 -0.003907 -0.005778
0.001647 0.019943 0.016366
0.027481 -0.007642 -0.452572
0.044057 0.001369 0.017379
-0.005910 0.000873 0.007591
-0.012763 -0.003524 0.000259
0.004865 -0.001379 0.000595
-0.003675 -0.000020 0.000682
-0.003952 0.002512 0.001841
-0.003412 0.006619 -0.004556
0.005925 -0.001562 -0.000308
0.004132 -0.000873 -0.005680
0.003373 0.000380 0.000343
0.009856 0.005274 0.001669
-0.000833 -0.009192 -0.003038
0.000511 0.003071 0.006256
-0.022928 -0.004495 -0.005204
0.002996 0.007197 0.014986
-0.000304 -0.007601 -0.019870
0.016989 0.000830 0.000425
-0.005963 -0.000001 0.009470
-0.018852 -0.001460 0.008662
0.003851 -0.018512 0.009004
-0.003861 0.001042 0.001721
-0.004123 0.004008 0.004247
-0.003570 0.005703 -0.002076
0.006147 -0.000388 -0.001197
0.003821 -0.002301 -0.005229
0.005025 0.000867 -0.001207
0.010604 0.006049 0.002854
-0.000864 -0.005201 -0.006987
0.001818 0.002683 0.005445
-0.020998 -0.005388 -0.000922
0.001699 0.004068 0.011907
-0.000519 -0.008348 -0.007520
0.016250 0.000413 -0.000665
0.014864 0.000723 0.029072
-0.011873 -0.001615 0.002492
0.004582 -0.005823 0.004302
-0.003710 0.001148 0.001966
-0.004672 0.003957 0.002723
-0.003550 0.004908 -0.002301
0.010291 -0.004955 0.006446
0.004284 -0.000379 -0.004897
0.003195 0.000068 -0.000242
0.009749 0.005397 0.002420
-0.000991 -0.004404 -0.006993
0.001297 0.003501 0.004792
-0.022337 -0.004139 -0.004663
0.001955 0.003671 0.011385
-0.000502 -0.007836 -0.007339
0.017590 0.000644 -0.000201
-0.006378 0.000409 0.009772
-0.013000 -0.000021 0.000988
0.004172 -0.002046 0.001593
-0.003490 0.001700 0.001178
-0.009490 -0.000186 0.012797
-0.003387 0.010093 0.001173
0.006378 -0.001176 -0.000330
0.003506 -0.000630 -0.005168
0.003118 0.000435 -0.000133
0.009856 0.005840 0.002716
-0.000669 -0.005808 -0.010346
0.003714 0.002943 0.002735
-0.020664 -0.004614 -0.005953
0.002382 0.004920 0.007425
-0.000248 -0.007665 -0.005550
0.018500 0.000683 -0.001763
-0.005807 0.000670 0.008636
-0.014078 -0.001270 0.003455
0.004842 -0.002982 -0.002136
-0.002909 0.001284 0.003297
-0.004226 0.004035 0.001496
-0.004014 0.005641 -0.001066
0.006408 -0.002728 -0.001124
0.004928 -0.000309 -0.004891
0.001642 -0.000016 -0.000937
0.010284 0.005185 0.002953
-0.001206 -0.005093 -0.005844
0.001182 0.002839 0.004855
-0.022425 -0.004221 -0.005151
0.003138 0.004276 0.010387
0.000487 -0.006573 -0.007827
0.017516 0.000956 -0.000185
-0.024061 0.000120 0.026354
