2176.0000 0.05 1
1.11111
4.44444
11.1111
2.22222
11.1111
4.44444
13.3333
11.1111
20
11.1111
6.66667
11.1111
24.4444
23.3333
17.7778
23.3333
26.6667
18.8889
13.3333
32.2222
18.8889
11.1111
2.22222
10
14.4444
16.6667
34.4444
37.7778
25.5556
40
11.1111
26.6667
17.7778
31.1111
24.4444
32.2222
26.6667
27.7778
40
24.4444
32.2222
46.6667
36.6667
47.7778
70
55.5556
56.6667
41.1111
80
106.667
97.7778
124.444
127.778
136.667
151.111
144.444
161.111
192.222
190
202.222
216.667
267.778
192.222
230
232.222
288.889
240
276.667
253.333
263.333
285.556
304.444
317.778
337.778
318.889
350
284.444
347.778
306.667
306.667
295.556
296.667
295.556
277.778
314.444
271.111
251.111
287.778
290
295.556
316.667
316.667
321.111
307.778
335.556
316.667
317.778
296.667
291.111
300
304.444
288.889
332.222
351.111
323.333
357.778
376.667
361.111
353.333
350
338.889
295.556
251.111
217.778
173.333
162.222
188.889
241.111
264.444
331.111
351.111
402.222
415.556
393.333
433.333
410
450
402.222
382.222
356.667
342.222
371.111
345.556
402.222
380
378.889
381.111
430
402.222
461.111
407.778
406.667
411.111
354.444
357.778
376.667
368.889
375.556
436.667
411.111
412.222
443.333
398.889
341.111
354.444
322.222
351.111
311.111
332.222
255.556
281.111
261.111
267.778
264.444
244.444
222.222
274.444
208.889
248.889
214.444
232.222
258.889
221.111
244.444
234.444
214.444
206.667
225.556
181.111
204.444
175.556
200
173.333
177.778
253.333
233.333
233.333
213.333
216.667
168.889
175.556
197.778
262.222
236.667
224.444
267.778
244.444
227.778
255.556
354.444
340
317.778
303.333
330
307.778
333.333
382.222
407.778
434.444
427.778
445.556
432.222
507.778
476.667
506.667
476.667
426.667
351.111
316.667
218.889
121.111
11.1111
1.11111
0
0
0
0
0
0
0
0
0
0
0
0
0
0
0
0
0
0
0
0
0
2.22222
0
4.44444
0
4.44444
0
2.22222
4.44444
0
2.22222
5.55556
0
0
6.66667
0
4.44444
4.44444
2.22222
0
6.66667
0
1.11111
2.22222
0
0
2.22222
0
2.22222
0
