-0.000616 0.011092 0.013021
-0.008707 0.001786 -0.000271
-0.004196 0.023330 0.001007
0.012183 0.008294 -0.003354
-0.001335 0.015620 -0.006290
-0.008650 0.000625 -0.003240
-0.000045 0.003060 0.003654
0.000081 -0.015489 -0.002764
-0.003294 -0.011393 -0.001199
-0.011125 -0.005021 -0.000146
0.012126 -0.007243 0.001611
-0.009897 -0.006715 -0.003834
0.004751 -0.008813 0.004445
0.002885 -0.019022 -0.001558
-0.004194 0.000348 0.001963
0.014174 -0.011573 0.003981
-0.000781 0.011881 0.012844
-0.009475 0.002578 -0.000549
-0.001513 0.018072 -0.000262
0.012536 0.007264 0.001447
-0.000974 0.016959 -0.005763
-0.009702 0.000778 -0.003665
-0.001193 0.004684 0.004665
-0.000025 -0.016183 -0.002371
-0.003171 -0.011377 -0.000669
-0.015112 -0.002391 -0.006051
0.012050 -0.006177 0.002087
-0.009717 -0.006021 -0.004000
0.004662 -0.007662 0.003359
0.002968 -0.020920 -0.000772
-0.003694 0.001109 0.000809
0.013671 -0.011717 0.003168
-0.000319 0.010908 0.011110
-0.009085 0.002258 0.000393
-0.000602 0.019888 0.000481
0.013099 0.004243 -0.003152
-0.002114 0.014513 -0.006348
-0.008502 0.000367 -0.002359
-0.000212 0.002880 0.004011
-0.000030 -0.015288 -0.002582
-0.003262 -0.011571 -0.000528
-0.006455 -0.009444 -0.006710
0.011186 -0.007242 0.000611
-0.009436 -0.006511 -0.003846
0.004011 -0.007322 0.004265
0.004157 -0.017874 -0.001370
-0.003476 0.000266 0.001403
0.013665 -0.011219 0.003035
-0.001571 0.010919 0.011813
-0.006188 0.003484 0.005701
-0.001813 0.018262 -0.000682
0.012338 0.005297 0.001612
-0.001375 0.015460 -0.005453
-0.008920 -0.003710 -0.002614
0.073744 -0.039257 -0.089884
0.003083 -0.013410 -0.002559
-0.008520 -0.013901 -0.008291
-0.011414 -0.005194 -0.000544
0.011855 -0.006170 0.000734
-0.008676 -0.005201 -0.023059
0.003854 -0.001115 -0.002875
0.003084 -0.019472 -0.001999
-0.003542 0.001046 -0.001180
0.014614 -0.010580 0.003890
0.000795 0.009992 0.011619
-0.008334 0.000894 0.000563
-0.002916 0.019660 0.004830
0.010156 0.007886 -0.003557
-0.001267 0.015393 -0.006474
-0.010375 0.001395 -0.002213
-0.000601 0.004398 0.004914
-0.000022 -0.015902 -0.002599
-0.003160 -0.011526 -0.000660
-0.011587 -0.005094 -0.001224
0.010334 -0.006307 0.001827
-0.009430 -0.005658 -0.003498
0.003737 -0.006082 0.004264
0.003213 -0.019344 0.000170
-0.003520 0.000853 0.001569
0.013321 -0.011372 0.003805
-0.000729 0.013155 0.011909
-0.012647 -0.000913 -0.002962
-0.001743 0.020496 0.005728
0.013017 0.008120 -0.002763
-0.004168 0.015928 -0.007037
-0.009656 -0.001958 0.002581
-0.000110 0.003528 0.004926
-0.000302 -0.015201 -0.009370
-0.003271 -0.011437 0.001529
-0.011442 -0.005050 -0.001898
0.011470 -0.006545 0.002443
-0.009468 -0.006547 -0.003073
0.004230 -0.007427 0.003829
0.003754 -0.016248 -0.001473
0.000451 -0.003115 -0.004184
0.013859 -0.011605 -0.000807
0.001886 0.093452 -0.074930
0.008362 0.011054 -0.003087
0.002148 0.023677 0.000864
0.012396 0.008289 -0.003663
-0.066386 0.052458 -0.088554
-0.006114 -0.002345 -0.001560
-0.000670 0.003258 0.002046
0.000865 -0.014968 -0.004132
-0.003420 -0.011798 -0.001848
-0.011027 -0.005180 -0.001378
0.011363 -0.006214 -0.000530
-0.008998 -0.005118 -0.002346
0.004208 -0.008297 0.005578
0.002706 -0.022214 -0.001124
-0.008185 0.002967 -0.004135
0.014331 -0.011812 -0.001735
-0.000870 0.011296 0.012876
-0.004132 0.000770 0.000482
-0.001724 0.018968 0.000593
0.008348 0.005033 -0.001559
-0.000759 0.016366 -0.007279
-0.010794 0.000534 0.002197
0.002334 0.002733 0.003644
-0.003356 -0.018028 -0.002836
0.002021 -0.009570 -0.008457
-0.011550 -0.005317 -0.002410
0.010955 -0.006790 0.001108
-0.010107 -0.006367 -0.025814
0.005300 -0.012397 -0.002437
0.002967 -0.019336 -0.001530
-0.003993 0.000374 0.000454
0.013445 -0.011733 0.004194
0.000143 0.004193 -0.005442
0.008388 0.009134 -0.001823
-0.009624 0.009728 0.002213
0.006911 0.022679 -0.002226
0.000519 -0.002117 -0.000423
0.000800 0.003697 -0.009802
-0.008003 -0.002294 0.000198
0.005020 0.004978 0.000049
-0.000839 0.008126 -0.001652
0.019999 -0.013170 0.003154
-0.008653 0.010524 0.001945
-0.004822 -0.002118 -0.000051
0.011313 -0.005566 0.000211
-0.004205 -0.006362 0.004530
0.010344 -0.009835 0.002427
-0.016735 -0.011586 0.002444
-0.001656 0.004286 -0.000366
0.007179 0.009593 -0.003409
-0.009411 0.009274 0.001939
0.006787 0.022754 -0.001916
0.001513 -0.003946 0.004831
0.000105 0.005228 -0.009924
-0.007911 -0.001892 -0.000146
0.002429 0.008665 -0.004826
-0.000556 0.008569 -0.002038
0.017735 -0.010945 0.003263
-0.008389 0.010158 0.001508
-0.004531 -0.001430 0.002078
0.011533 -0.005723 -0.000564
-0.004253 -0.005661 -0.001734
0.010481 -0.010176 0.002357
-0.017252 -0.011339 0.002358
-0.004572 0.002647 -0.004986
0.006891 0.008570 -0.001451
-0.010999 0.012186 0.002540
0.006508 0.023093 -0.000939
0.004061 -0.001917 -0.000190
0.002173 0.003486 -0.009657
-0.007123 -0.004751 0.000547
0.004360 -0.013913 -0.004143
-0.000536 0.007677 -0.002110
0.018683 -0.012288 0.004176
-0.008947 0.010348 0.000478
-0.004458 -0.001145 0.000460
0.011606 -0.004928 0.000096
-0.003349 -0.003219 0.001120
0.009797 -0.009246 0.002400
-0.016978 -0.012548 0.002804
-0.015591 0.013599 -0.009462
0.006803 0.026546 -0.006123
-0.008908 0.010760 0.006176
0.008531 0.024071 -0.001229
-0.002110 -0.000751 -0.007184
0.000666 0.002858 -0.011141
-0.012957 -0.000981 0.000336
0.003433 0.006125 0.000009
-0.063001 -0.030396 -0.067062
0.017963 -0.012279 0.002829
-0.013499 0.007671 -0.004171
-0.005875 0.004505 -0.005778
0.012261 -0.004002 -0.007239
-0.002960 -0.005153 0.004398
0.009305 -0.010067 0.002888
-0.016289 -0.011702 0.002273
-0.001231 0.002947 -0.005217
0.006511 0.008267 -0.002821
-0.009969 0.011140 0.001739
0.007121 0.023212 -0.002240
-0.000448 -0.004397 -0.000893
0.001669 0.003533 -0.010537
-0.008577 -0.001775 0.000465
0.003097 0.006049 -0.001071
0.000374 0.008292 -0.003271
0.015852 -0.009765 0.003539
-0.008418 0.009275 0.001969
-0.005213 -0.000511 0.000509
0.011970 -0.005441 0.000446
-0.001823 -0.004934 0.004169
0.010363 -0.009725 0.002508
-0.016610 -0.012181 0.001785
-0.000276 0.003449 -0.005851
0.007084 0.008283 -0.002338
-0.010029 0.012937 0.007468
0.007131 0.023645 -0.002103
-0.000596 -0.002616 -0.001273
0.001552 0.004352 -0.009103
-0.004527 0.000011 -0.001276
0.003059 0.003835 -0.000173
-0.001096 0.007587 -0.002687
0.018237 -0.011279 0.000550
-0.009251 0.010309 0.001554
-0.005469 -0.000993 0.001026
0.010003 -0.006444 -0.000161
-0.003419 -0.005401 0.005123
0.010075 -0.010324 0.005948
-0.016272 -0.011966 -0.005494
0.000155 0.004000 -0.005009
0.007564 0.007782 -0.003486
-0.013125 0.013527 0.003456
0.006209 0.021873 -0.001312
-0.000690 -0.003337 -0.000345
0.001955 0.004371 -0.010026
-0.024368 -0.009939 -0.003741
0.002965 0.006445 0.000436
0.000372 0.010298 -0.001795
0.017845 -0.012619 -0.003746
-0.009063 0.009563 0.000482
-0.004801 -0.001008 0.000716
0.012041 -0.004514 -0.000402
-0.003728 -0.005289 0.004978
0.004239 -0.026443 0.611493
-0.016245 -0.012879 -0.003860
0.001330 0.001924 -0.012817
0.007512 0.005247 -0.008016
-0.011050 0.015226 0.002125
0.064056 0.059595 -0.058318
0.015616 -0.011017 -0.005561
-0.001826 -0.058718 -0.066508
-0.011072 -0.003700 0.005674
0.001053 0.004464 0.000333
-0.001827 0.007184 -0.001015
0.018005 -0.010895 0.002917
-0.004066 0.011611 -0.004138
-0.003933 -0.004993 -0.006857
0.011499 -0.005288 -0.006880
-0.003688 -0.005413 0.004999
0.010908 -0.009252 0.002212
-0.016952 -0.012641 0.002158
