-0.000000 -0.386442 -0.000000
-0.024604 0.011089 -0.000000
0.000825 -0.001816 -0.000825
-0.000000 0.011089 0.024604
0.045041 0.035985 -0.000000
-0.003838 -0.002627 -0.000000
0.004807 0.010634 0.004807
0.004232 0.003818 0.003810
-0.000000 -0.002884 -0.000000
-0.003878 0.003809 0.004316
0.000010 0.000307 -0.000010
-0.004316 0.003809 0.003878
-0.000000 0.035985 0.045041
-0.003810 0.003818 0.004232
0.003839 0.009151 0.003839
-0.000000 0.005981 0.015725
-0.000000 -0.004646 0.000000
0.003810 0.003818 0.004232
-0.003839 0.009151 0.003839
-0.004232 0.003818 -0.003810
-0.000000 0.035985 -0.045041
-0.003810 0.003818 -0.004232
-0.004807 0.010634 -0.004807
-0.000000 -0.002627 0.003838
-0.000000 -0.002884 -0.000000
-0.003878 0.003809 -0.004316
-0.000825 -0.001816 0.000825
0.004316 0.003809 0.003878
-0.000000 0.003993 0.000435
0.003878 0.003809 0.004316
-0.000010 0.000307 -0.000010
-0.000000 -0.002932 -0.003372
-0.045041 0.035985 -0.000000
-0.015725 0.005981 -0.000000
-0.003839 0.009151 -0.003839
-0.004232 0.003818 0.003810
-0.000000 0.030237 -0.000000
0.003838 -0.002627 -0.000000
-0.004807 0.010634 0.004807
-0.000000 -0.002627 -0.003838
0.000435 0.003993 -0.000000
0.024604 0.011089 -0.000000
-0.000825 -0.001816 -0.000825
0.004316 0.003809 -0.003878
-0.000000 0.003247 -0.000000
-0.003372 -0.002932 -0.000000
-0.000010 0.000307 0.000010
-0.000000 -0.002932 0.003372
-0.000435 0.003993 -0.000000
0.003372 -0.002932 -0.000000
0.000010 0.000307 0.000010
-0.004316 0.003809 -0.003878
-0.000000 0.027942 -0.000000
0.015725 0.005981 -0.000000
0.003839 0.009151 -0.003839
-0.000000 0.005981 -0.015725
-0.000000 0.003993 -0.000435
0.003878 0.003809 -0.004316
0.000825 -0.001816 0.000825
-0.000000 0.011089 -0.024604
-0.000000 -0.004646 -0.000000
0.003810 0.003818 -0.004232
0.004807 0.010634 -0.004807
0.004232 0.003818 -0.003810
