2176.0000 0.05 1
1.875
3.75
6.25
6.25
7.5
16.25
8.75
6.25
17.5
16.25
14.375
16.25
23.75
17.5
6.25
31.25
23.125
18.125
28.75
10
10
13.125
10
10
16.25
20
25
30.625
36.875
19.375
22.5
28.75
13.75
26.875
20.625
29.375
21.25
41.25
45
30
38.75
55
47.5
45.625
43.125
66.25
54.375
48.125
84.375
93.75
100
124.375
136.25
135
140
152.5
180.625
153.75
156.875
198.125
178.125
175.625
232.5
253.125
268.75
238.125
237.5
278.125
291.875
309.375
297.5
322.5
301.25
313.75
323.125
338.75
343.125
361.875
316.875
356.875
367.5
367.5
330
358.75
333.75
384.375
308.125
290.625
304.375
288.75
272.5
255.625
231.25
252.5
248.125
301.25
205.625
248.125
314.375
293.75
320
307.5
309.375
300
251.25
291.875
312.5
293.75
330.625
270.625
276.25
308.75
268.75
324.375
286.875
315
251.875
296.875
351.875
320
315.625
315.625
326.875
365.625
340
379.375
403.75
377.5
390
395.625
392.5
430.625
451.875
471.875
454.375
439.375
453.75
435.625
448.75
417.5
403.75
430
381.25
360
315
351.875
331.875
309.375
313.125
333.125
305
271.875
220
252.5
251.25
304.375
277.5
248.75
268.75
226.25
320.625
293.125
326.875
300.625
300.625
288.75
286.875
296.25
348.75
293.75
324.375
349.375
373.125
356.875
259.375
289.375
211.875
287.5
347.5
265
264.375
268.75
255.625
237.5
247.5
246.875
265
329.375
238.75
224.375
239.375
223.75
182.5
245
256.25
278.75
259.375
308.125
253.125
260.625
258.125
206.875
204.375
267.5
253.125
326.25
345.625
348.125
349.375
278.125
368.125
293.125
515
535
510.625
421.875
365.625
260.625
235
199.375
165.625
120
60
31.25
11.875
4.375
1.875
3.125
1.25
0
0
0
0
0
0
0
0
0
0
2.5
0
