0.009739 0.001130 0.001355
-0.004800 -0.001453 0.001857
0.008225 0.002356 -0.000604
0.001509 -0.000693 -0.003778
0.008774 0.002389 -0.003435
-0.001376 -0.004370 -0.000079
-0.004441 -0.002110 -0.004710
-0.005956 0.004637 -0.000255
-0.014016 0.000738 -0.007750
0.005876 -0.001237 -0.002122
0.002357 -0.005333 0.009074
-0.007043 -0.001352 0.002204
-0.002546 -0.005013 0.009682
-0.005684 0.000090 -0.001229
0.005046 0.000626 -0.004806
0.001296 -0.001451 0.001513
0.011438 0.002280 0.001311
-0.007196 0.000036 0.001465
0.010901 0.004091 0.000647
0.001639 0.000406 -0.002390
0.008463 0.002514 -0.002953
-0.002488 -0.003448 0.001067
-0.004091 -0.002080 -0.004781
-0.005352 0.005114 0.000198
-0.011537 0.000675 -0.007884
0.005274 -0.000139 -0.001467
-0.003074 -0.001584 0.004526
-0.006711 -0.002871 0.000619
0.003237 -0.005144 0.005878
-0.004884 0.000501 -0.000675
0.005237 -0.000164 -0.004989
0.003993 -0.002072 0.000643
0.022947 -0.003347 -0.003781
0.026948 -0.001962 -0.044373
0.008377 0.005956 -0.000778
0.012113 -0.003517 0.000691
0.048955 0.003893 0.045979
0.035151 -0.050305 -0.000874
-0.579125 0.001351 -0.009257
0.000661 0.009423 0.004671
-0.014022 -0.000428 -0.007568
0.036376 -0.001386 -0.003507
-0.004316 -0.001067 0.004155
0.005855 0.004037 -0.002803
-0.002534 -0.005360 0.009516
-0.005672 0.000859 -0.001270
0.003731 0.000751 -0.003657
0.003606 -0.002088 0.001938
0.011079 0.002522 0.001123
-0.005824 -0.001432 0.002042
0.010712 0.004237 -0.000324
0.002847 0.000834 -0.003372
0.008108 0.002243 -0.004013
-0.001192 -0.002418 -0.000250
-0.005868 -0.002019 -0.004932
-0.005773 0.004483 0.000933
-0.008064 0.000668 -0.008046
0.005921 -0.001218 -0.002504
0.001645 -0.004950 0.000390
-0.005914 -0.002690 0.002113
0.003028 -0.009578 0.007058
-0.005275 -0.000506 0.000160
0.004049 0.001523 -0.005383
0.001709 0.000741 -0.004252
0.010065 0.003084 -0.000785
-0.007094 -0.002921 0.001646
0.010215 0.004162 -0.000874
0.002531 0.000343 -0.003373
0.008647 0.002518 -0.002874
-0.001203 -0.003321 -0.000313
-0.004005 -0.001906 -0.004621
-0.005643 0.005331 0.000247
-0.009009 0.000783 -0.007614
0.005446 -0.002676 -0.001102
-0.003754 -0.001628 0.004417
-0.005382 -0.002559 0.002384
-0.002151 -0.005419 0.010061
-0.005457 0.000289 -0.000555
0.003958 0.000380 -0.005498
0.003000 -0.001762 0.001119
0.009984 0.000854 0.001912
-0.005253 -0.001874 0.001478
0.055669 0.005303 0.053531
0.014374 -0.005003 0.001772
0.006354 0.003819 -0.003352
-0.004233 -0.002346 -0.002390
-0.003826 -0.002256 -0.005041
-0.006608 0.006415 0.000421
-0.011515 0.000711 -0.007941
0.005376 -0.000287 -0.003768
-0.005607 -0.002490 0.004679
0.002059 0.000481 -0.000773
-0.002237 -0.004994 0.009600
0.022624 0.000560 -0.000108
0.033853 0.039514 -0.004029
0.001764 -0.001861 0.001056
0.009910 0.002748 -0.000085
-0.005641 -0.001354 0.001798
0.010749 0.003936 -0.000289
0.001185 0.001179 -0.001481
0.008308 0.002393 -0.003003
-0.000683 -0.002390 -0.000253
-0.003895 -0.002167 -0.005069
0.000019 0.008915 -0.003978
-0.007872 0.000656 -0.008084
0.006194 -0.001012 -0.002811
-0.003962 -0.000868 0.005260
-0.008280 -0.002248 0.001503
0.003395 -0.000633 0.006844
-0.005219 0.001056 -0.000110
0.003610 0.000280 -0.006170
0.001254 -0.002255 0.000792
0.018652 -0.000869 -0.001849
-0.005355 -0.001364 0.001718
0.009988 0.004605 -0.001030
0.001757 -0.000294 -0.003394
0.006880 0.001519 -0.003425
-0.002339 -0.002820 -0.000790
-0.003941 -0.002092 -0.005219
-0.002890 0.007205 0.000154
-0.009032 0.000639 -0.007955
0.005289 -0.002337 -0.003647
-0.001344 -0.003615 0.004818
-0.006737 -0.001170 0.002653
-0.001161 -0.005463 0.010818
-0.004832 0.000326 -0.000465
0.003539 0.002056 -0.005425
0.003488 -0.001701 0.000790
-0.012053 -0.001720 0.002633
0.008892 0.000341 0.001094
-0.001494 0.001301 0.002180
-0.003241 0.003999 0.003419
-0.002921 0.004915 -0.001516
0.015243 0.002236 0.002873
0.007981 0.002782 -0.007603
0.002040 0.000770 -0.000221
0.009596 0.005468 0.002386
-0.000346 -0.004496 -0.006302
0.001937 0.002690 0.005017
-0.021339 -0.004148 -0.005252
0.002136 0.004186 0.011022
0.004560 -0.011917 -0.005982
0.037363 -0.019231 -0.000433
-0.005464 0.000200 0.006501
-0.013469 -0.001484 0.002683
0.010883 0.000959 -0.003688
-0.001584 0.001659 0.002283
-0.003069 0.004151 0.002187
-0.003563 0.006379 -0.001394
0.005357 -0.000852 0.000046
0.004301 -0.000431 -0.004162
0.004186 0.000283 -0.000053
0.009698 0.005827 0.002370
-0.003012 -0.006496 -0.007710
-0.007042 0.003106 0.004616
-0.020568 -0.000100 -0.000931
0.002577 0.006009 0.011407
0.004077 -0.007615 -0.006111
0.031176 0.000637 0.014027
-0.006674 -0.000460 0.005877
-0.018387 -0.001398 0.002486
0.003868 -0.002193 0.000438
0.016473 0.001104 -0.017009
-0.005544 0.003852 0.003237
0.030576 -0.036954 -0.001884
0.005550 0.000139 -0.001067
0.007956 -0.004245 -0.007944
0.006458 -0.003062 0.003417
0.049312 0.005307 -0.050436
0.035711 0.040854 -0.006359
0.002111 0.003107 0.005289
-0.022954 -0.004133 -0.004915
0.007853 0.001689 0.007196
0.004762 -0.003052 -0.005829
0.037042 0.019597 -0.000352
-0.008321 -0.000007 0.007940
-0.011826 -0.001731 0.003045
0.004077 -0.003375 0.001081
-0.001609 0.001091 0.002812
-0.005857 0.004559 0.002425
-0.003898 0.007780 -0.001622
0.005277 -0.001643 0.000895
0.003233 -0.001562 -0.002465
0.003913 0.000801 -0.001207
0.009460 0.005381 0.003369
-0.001370 -0.007704 -0.006238
0.001593 0.001684 0.006208
-0.022091 -0.004175 -0.005171
0.002429 0.004846 0.011218
-0.001411 -0.007282 -0.009624
0.018221 0.000315 0.000221
-0.006637 0.000218 0.007019
-0.013424 -0.001376 0.002699
0.003897 -0.002789 0.000670
-0.001503 0.000732 0.002426
-0.003832 0.003948 0.002688
-0.006082 0.007043 -0.003744
0.006142 -0.001160 -0.000919
0.003285 -0.001010 -0.003335
0.003657 0.000376 -0.000403
0.009645 0.005329 0.002290
-0.000890 -0.005976 -0.006187
0.002749 0.002956 0.005166
-0.023531 -0.004574 -0.005153
0.001753 0.005412 0.011716
-0.001193 -0.007657 -0.009986
0.019195 0.000705 0.000443
-0.006680 0.000827 0.005838
-0.015443 -0.000900 0.002992
0.010969 0.000637 0.005296
0.010808 0.015646 0.002167
-0.004954 0.003740 0.002843
-0.003627 0.006483 -0.001857
0.017082 0.004200 0.003798
0.002483 -0.000930 -0.005067
0.002629 0.000040 -0.000518
0.007271 0.003517 0.002807
-0.003257 -0.006891 -0.004901
0.005428 0.002918 0.005651
-0.023754 -0.003856 -0.005424
0.001088 0.004392 0.011463
-0.001312 -0.007363 -0.009309
0.030904 0.000632 -0.012758
-0.000965 0.004710 0.011202
-0.019652 -0.001470 0.004526
0.004791 -0.003668 0.000868
0.011325 0.000874 0.016508
-0.002125 0.003005 -0.001053
-0.003171 0.007054 -0.001523
0.006423 -0.001227 -0.000782
0.003271 -0.000227 -0.002534
0.002277 0.000260 -0.000807
0.010237 0.005916 0.001395
-0.000707 -0.006476 -0.006319
0.002092 0.003719 0.005797
-0.021468 -0.004033 -0.004759
0.007809 0.001542 0.015717
-0.001481 -0.007887 -0.009376
0.018390 0.000980 0.000199
-0.001883 0.000307 0.010959
-0.015259 -0.001555 0.002811
0.004045 -0.003300 0.001117
0.011221 -0.013336 0.002001
-0.003888 0.004020 0.002809
-0.005738 0.007212 -0.000000
0.006051 -0.000465 -0.001106
0.004130 -0.000952 -0.003276
0.003887 0.000340 -0.000602
0.007617 0.007295 0.002840
-0.000926 -0.006172 -0.006447
-0.007667 0.002973 0.005532
-0.021452 -0.004639 -0.005988
0.006946 0.001544 0.011356
0.000525 -0.007391 -0.010818
0.018657 0.000898 -0.000441
-0.000972 -0.004086 0.011481
