2176.0000 0.05 1
1.11111
4.44444
11.1111
2.22222
11.1111
4.44444
13.3333
11.1111
20
11.1111
6.66667
11.1111
24.4444
23.3333
17.7778
23.3333
26.6667
18.8889
13.3333
32.2222
18.8889
8.88889
4.44444
10
14.4444
14.4444
36.6667
37.7778
25.5556
40
11.1111
26.6667
17.7778
31.1111
24.4444
32.2222
26.6667
27.7778
40
24.4444
32.2222
46.6667
36.6667
47.7778
70
55.5556
56.6667
41.1111
80
104.444
97.7778
126.667
127.778
136.667
151.111
146.667
161.111
190
192.222
197.778
218.889
267.778
192.222
230
234.444
286.667
237.778
276.667
255.556
263.333
290
297.778
320
342.222
314.444
352.222
282.222
350
304.444
306.667
298.889
300
291.111
277.778
312.222
273.333
251.111
285.556
290
300
312.222
321.111
318.889
312.222
333.333
316.667
315.556
296.667
291.111
300
301.111
292.222
332.222
357.778
317.778
357.778
380
356.667
353.333
350
341.111
295.556
248.889
215.556
180
157.778
186.667
243.333
262.222
333.333
351.111
402.222
413.333
400
426.667
412.222
450
400
384.444
361.111
337.778
375.556
343.333
397.778
381.111
378.889
386.667
423.333
404.444
458.889
407.778
411.111
408.889
356.667
360
374.444
366.667
380
434.444
417.778
405.556
438.889
405.556
341.111
347.778
322.222
353.333
315.556
325.556
255.556
285.556
263.333
274.444
253.333
242.222
222.222
278.889
208.889
245.556
213.333
232.222
263.333
221.111
242.222
232.222
214.444
208.889
227.778
176.667
205.556
174.444
200
173.333
174.444
260
232.222
236.667
208.889
215.556
170
175.556
196.667
264.444
236.667
222.222
274.444
238.889
226.667
264.444
345.556
342.222
317.778
305.556
327.778
307.778
333.333
377.778
418.889
427.778
426.667
446.667
432.222
506.667
476.667
500
471.111
425.556
347.778
312.222
231.111
118.889
16.6667
3.33333
0
0
0
0
0
0
0
0
0
0
0
0
0
2.22222
0
0
0
0
0
0
0
0
4.44444
2.22222
0
2.22222
0
2.22222
2.22222
6.66667
1.11111
2.22222
2.22222
2.22222
4.44444
0
4.44444
4.44444
2.22222
2.22222
4.44444
1.11111
0
2.22222
0
0
2.22222
0
2.22222
0
