-0.000518 0.011729 0.012047
-0.009400 0.002217 0.001309
-0.000237 -0.002172 0.004118
0.011443 0.007767 -0.002660
-0.001417 0.015381 -0.005536
-0.010304 0.002142 -0.007298
-0.000411 0.003923 0.005037
-0.000525 -0.015804 -0.003804
-0.003232 -0.011258 -0.000995
-0.013727 -0.005559 0.000711
0.015843 -0.007282 0.007529
-0.009743 -0.006438 -0.003782
0.004310 -0.008190 0.003253
0.001453 -0.016028 0.000790
-0.004111 0.000851 0.000806
0.014124 -0.011934 0.002078
0.000291 0.011105 0.012168
-0.009970 0.001358 0.002102
-0.000654 0.018427 0.000827
0.010901 0.003770 0.000336
-0.001565 0.016022 -0.004945
-0.011159 -0.000347 -0.002255
-0.000341 0.003611 0.005529
-0.000236 -0.015301 -0.002704
-0.003949 -0.010974 -0.001370
-0.011175 -0.005341 -0.003068
0.011347 -0.006721 -0.000435
-0.009588 -0.006081 -0.002586
0.004245 -0.007168 0.003506
0.002489 -0.019385 -0.000625
-0.003553 0.000473 0.001501
0.013561 -0.011095 0.003249
-0.000114 0.010938 0.012912
-0.009145 0.001436 0.000193
-0.002059 0.019709 0.001085
0.011156 0.028994 -0.000627
-0.002125 0.015888 -0.006229
-0.008565 0.002005 -0.001875
-0.000863 0.005133 0.004810
-0.000299 -0.015855 -0.003322
-0.002758 -0.012481 -0.001024
-0.010942 -0.004968 -0.002624
0.011158 -0.006397 0.000070
-0.009724 -0.006274 -0.004133
0.004112 -0.007954 0.005479
0.003955 -0.019800 -0.000456
-0.003861 0.000576 0.000411
0.013912 -0.011175 0.001647
-0.004394 0.013873 0.012795
-0.009146 0.000441 0.000560
-0.001172 0.019200 0.000133
0.011207 0.007228 -0.002620
0.001472 0.017293 -0.000159
-0.009333 0.001316 -0.000875
0.004194 0.003392 0.004820
-0.000646 -0.016774 -0.003632
-0.003172 -0.011355 -0.001390
-0.011066 -0.005356 -0.002069
0.011153 -0.006561 0.000179
-0.010668 -0.006351 -0.003002
0.008504 -0.005272 0.007565
0.003580 -0.019544 -0.001755
-0.003493 0.000441 -0.000243
0.013548 -0.005243 0.010343
-0.000370 0.010558 0.012362
-0.008657 0.001080 0.000653
-0.001131 0.023885 0.002772
0.011791 0.007320 -0.002694
-0.001680 0.014700 -0.005517
-0.011985 -0.000260 -0.003191
0.001026 0.002856 0.004358
0.000490 -0.016234 -0.003804
-0.003741 -0.011681 -0.001325
-0.011196 -0.005256 0.001951
0.005478 -0.006201 0.007214
-0.009591 -0.006151 -0.003271
0.004274 -0.006944 0.003619
0.003386 -0.019701 0.006226
-0.003572 0.000297 0.000264
0.013983 -0.009973 0.002700
0.000319 0.010480 0.007560
-0.006800 0.002952 0.001051
-0.000437 0.018905 0.000734
0.012608 0.009496 -0.002231
-0.004246 0.014956 -0.010298
-0.005087 -0.002327 0.000712
-0.003756 0.001643 0.011044
-0.000562 -0.014628 0.003154
-0.003343 -0.011667 -0.004324
-0.011141 -0.005660 -0.003343
0.011247 -0.006438 -0.000968
-0.009470 -0.006059 0.000197
0.004623 -0.007634 0.004125
0.004694 -0.019514 -0.000536
0.000282 0.003037 0.006325
0.013572 -0.011271 0.002584
0.001496 0.014779 0.011667
0.054229 0.038205 0.088940
-0.003414 0.018723 0.000558
0.012264 0.006800 -0.003405
-0.006834 0.015992 -0.006507
-0.028461 0.011556 0.001636
0.017139 0.015256 0.007014
0.004296 -0.017556 -0.002034
-0.006078 -0.019037 -0.612111
-0.011391 -0.004861 -0.003038
0.010638 -0.006633 0.000460
-0.010497 -0.008411 0.000535
0.005070 -0.007456 0.003913
0.001532 -0.018195 -0.000926
-0.006798 -0.002184 0.008181
0.013840 -0.011417 0.001246
-0.000258 0.012588 0.007049
-0.008660 0.001880 0.001731
-0.002060 0.018146 0.000801
0.013208 0.007413 -0.002667
-0.018523 0.005420 -0.001731
-0.008228 0.001118 -0.001981
0.001401 0.003995 -0.000420
0.000138 -0.015263 -0.003391
-0.003557 -0.012021 -0.002075
-0.011109 -0.004819 -0.002447
0.011317 -0.006581 0.000095
-0.007082 -0.004401 -0.002711
0.000667 -0.009188 0.009978
0.002712 -0.019388 -0.000648
-0.004394 0.000638 0.001263
0.011938 -0.015825 0.009077
-0.001928 0.003815 -0.010246
0.007804 0.007381 -0.002524
-0.006016 0.011494 0.001975
0.006847 0.023987 -0.002343
0.000272 -0.007872 -0.000295
0.000825 0.004732 -0.009530
-0.008435 -0.002376 0.001109
0.068676 -0.037864 0.078630
0.000395 0.007310 -0.002094
0.017848 -0.010791 0.003074
-0.011170 0.011849 0.002527
-0.005381 -0.000392 -0.000815
0.011637 -0.005489 0.000748
0.001149 -0.007791 0.011687
0.010172 -0.009865 0.001713
-0.016550 -0.012021 0.000737
-0.000423 0.003597 -0.005053
0.007348 0.008877 -0.002240
-0.009363 0.010875 0.002787
0.007418 0.022102 -0.002282
-0.000019 -0.001813 0.000105
0.000322 0.005384 -0.009537
-0.007841 -0.001841 0.000641
0.002805 0.005721 0.001718
-0.000429 0.008086 -0.001960
0.018587 -0.011776 0.004702
-0.008108 0.009946 0.001863
-0.005678 -0.000830 -0.001726
0.011443 -0.005379 0.000612
-0.003079 -0.005358 0.004061
0.010729 -0.010079 0.001740
-0.017857 -0.011814 0.001212
0.000391 0.003415 -0.004963
0.008182 0.007926 -0.002782
-0.010306 0.010011 0.002734
0.007125 0.023985 -0.000240
-0.001369 -0.002928 -0.000403
0.001626 0.003306 -0.010389
-0.007833 -0.002604 0.001847
0.002050 0.004719 -0.000655
-0.001369 0.008110 -0.001474
0.018095 -0.011492 0.004678
-0.008787 0.010663 0.001127
-0.005138 -0.001284 0.000865
0.011677 -0.005622 0.000129
-0.002924 -0.005225 0.005601
0.009624 -0.009666 0.002428
-0.015395 -0.012075 0.000975
-0.001175 0.002746 -0.004989
0.007903 0.009457 -0.002543
-0.011310 0.009475 0.002157
0.007472 0.022945 -0.001538
0.001152 -0.002023 0.000550
-0.000360 0.003633 -0.014574
-0.008630 -0.002286 0.001725
0.002604 0.005043 0.000012
-0.000242 0.007965 -0.002562
0.018838 -0.015270 0.003009
-0.008734 0.010503 0.002125
-0.004715 -0.001449 -0.000989
0.011798 -0.005487 -0.000614
-0.002819 -0.005122 0.004348
0.010043 -0.003591 0.009453
-0.017416 -0.011833 0.000507
-0.000136 0.007853 -0.005770
0.007155 0.008893 -0.002003
-0.008806 0.009701 -0.001802
0.006223 0.023625 -0.001513
0.002344 -0.002914 -0.006036
0.000357 0.004195 -0.009627
-0.007402 -0.002097 0.000659
0.004238 0.004077 0.000123
-0.001167 0.007940 -0.002340
0.018667 -0.013202 0.003032
-0.006250 0.008127 0.002805
-0.004445 -0.001582 -0.001207
0.011797 -0.005732 -0.000556
-0.007502 -0.002388 0.011157
0.010090 -0.009039 0.001903
-0.016713 -0.011886 0.001085
0.000136 0.006936 -0.010226
-0.046378 0.045184 0.057766
-0.013662 0.011584 0.007618
0.007703 0.022712 -0.001565
0.000126 -0.005705 -0.006430
0.001210 0.002083 -0.014145
-0.009686 -0.003904 0.001446
0.003186 0.004778 0.000254
-0.001248 0.009628 -0.002210
0.017869 -0.011696 0.002468
-0.009567 0.010106 0.008539
-0.004534 -0.000899 -0.002169
0.010464 -0.006301 0.020173
-0.003220 -0.005649 0.005760
0.010191 -0.009406 -0.000397
-0.016325 -0.012362 0.007281
0.003152 0.006208 -0.005286
0.006022 0.009202 -0.001905
0.007523 0.001992 0.005918
0.010435 -0.046125 0.055358
-0.002258 -0.006600 -0.000186
0.004599 0.003017 -0.010251
-0.083319 -0.044713 0.095442
0.002615 0.006272 -0.000494
-0.003667 0.091208 0.082833
0.018544 -0.011256 0.005286
-0.006448 0.008009 0.006575
-0.005346 -0.001460 0.000343
0.012059 -0.004667 0.022287
-0.002797 -0.005862 0.006394
0.010439 -0.009815 0.003031
-0.016153 -0.007227 0.004217
-0.000503 0.003451 -0.004332
0.008154 0.008783 -0.000735
-0.009664 0.010716 0.003217
0.006825 0.022996 -0.002213
-0.000095 -0.002563 0.000092
-0.000323 -0.000274 -0.010617
-0.008389 -0.000738 0.000537
0.003103 0.005789 0.000186
-0.001177 0.007813 -0.001393
0.016745 -0.008450 0.003097
-0.008464 0.010045 0.001766
-0.005044 -0.000756 -0.001844
0.011537 -0.005589 -0.000532
-0.003508 -0.005538 0.004377
0.010536 -0.014713 0.009424
-0.016053 -0.011609 0.000823
