0.011274 0.003325 0.001292
-0.004682 -0.001054 0.001069
0.027969 0.020325 -0.000018
0.001791 0.000062 -0.003470
0.010271 0.002687 -0.002492
-0.002195 -0.003519 -0.000374
-0.004296 -0.002173 -0.004970
-0.006261 0.006002 0.000108
-0.003228 -0.004762 -0.009915
0.005566 -0.001056 -0.001623
-0.003226 -0.001153 0.005579
-0.005092 -0.003736 0.002377
-0.001680 -0.005746 0.009401
-0.007026 0.001808 -0.000105
0.006688 0.000585 -0.004619
0.007985 0.001625 -0.004499
0.009975 0.000497 0.000682
-0.007828 -0.001348 0.001137
0.028928 0.004190 -0.017647
0.000256 0.001660 -0.002184
0.009063 0.002571 -0.002667
-0.000747 -0.003616 -0.000055
-0.006307 -0.003235 -0.005956
-0.003977 0.005559 0.000427
-0.011010 0.000952 -0.007676
0.010941 0.003735 -0.005420
-0.002100 -0.002077 0.004768
-0.000413 -0.005143 0.006286
-0.000891 -0.005499 0.009487
-0.006317 0.000569 -0.001146
0.004006 0.001093 -0.004426
0.002787 -0.002824 0.000294
0.007585 0.003025 0.001384
-0.012716 -0.001706 0.002499
0.021159 -0.006550 0.000285
0.039193 -0.042178 -0.001649
-0.524682 0.008195 0.002319
-0.003915 -0.004610 -0.004170
0.045666 -0.001929 0.048169
-0.005932 0.004414 0.003618
-0.003389 0.006234 -0.010206
0.002929 -0.000768 -0.004053
-0.004368 -0.002753 0.004548
-0.010119 -0.002591 0.003035
-0.001943 -0.005239 0.009772
-0.007158 -0.000807 0.000231
0.005220 0.000468 -0.004993
0.001664 -0.003071 0.001475
0.010208 0.001419 0.001226
-0.005103 -0.001184 0.001399
0.011450 0.004627 0.000039
0.001953 0.001464 -0.003193
0.007441 0.002586 -0.002784
-0.000554 -0.003414 -0.000050
-0.005188 -0.002009 -0.006139
-0.004543 0.006180 -0.000204
-0.009619 0.001139 -0.006635
0.004391 -0.001157 -0.001551
-0.004506 -0.002110 0.004115
-0.006529 -0.001750 0.002262
-0.001393 -0.006176 0.009353
-0.005424 0.000293 -0.000482
0.004723 0.001400 -0.005192
0.007464 0.000788 0.004435
0.015976 0.004779 0.004762
-0.008122 -0.000999 0.001125
0.011536 0.004032 0.000411
0.002426 0.000654 -0.003607
0.009108 0.002748 -0.002693
0.000492 -0.003284 -0.000271
-0.006855 -0.000774 -0.006132
-0.004685 0.005782 0.000389
-0.008616 0.000894 -0.006698
0.010871 -0.005079 -0.005474
-0.002901 -0.002476 0.004595
-0.007059 -0.000625 0.001654
-0.001230 -0.005460 0.009319
-0.005937 0.000475 0.000118
0.004790 0.001283 -0.005249
0.001786 -0.002295 0.000902
0.009976 0.001178 0.001864
-0.006259 -0.001309 0.001256
0.021358 0.003734 0.010911
0.000303 0.001891 -0.004324
0.009123 0.002722 -0.002921
-0.000907 -0.002920 -0.000998
-0.004368 -0.002369 -0.005240
-0.005332 0.005658 0.000401
-0.004883 0.000790 -0.010590
0.003828 -0.001915 -0.000250
-0.003955 -0.002707 0.004906
-0.000669 -0.005736 -0.002112
0.027519 -0.004720 0.010943
0.025787 0.002085 -0.042819
0.002262 0.002803 -0.007248
0.001411 -0.000832 0.000401
0.010826 0.001347 0.000734
-0.011641 -0.001750 0.000240
0.011175 0.003138 -0.000109
0.002816 0.001579 -0.003322
0.008484 0.002610 -0.003358
-0.002088 -0.003587 -0.000022
-0.004910 -0.001965 -0.003447
-0.006270 0.005764 0.000151
-0.009436 0.000477 -0.007268
0.008739 -0.001064 -0.005793
-0.002513 -0.002729 0.003983
-0.006871 -0.001324 0.002518
-0.001579 -0.004897 0.008977
-0.005580 0.000523 -0.000353
0.006403 0.000619 -0.005192
0.001618 -0.003421 0.000450
0.015757 0.005656 -0.002755
-0.005939 -0.001547 0.001338
0.009941 0.004662 -0.000006
0.002456 0.000804 -0.003264
0.009083 0.002631 -0.003295
-0.001571 -0.003074 -0.000666
-0.004586 -0.001966 -0.004995
-0.003768 0.005523 0.000391
-0.009403 0.000613 -0.007180
0.003877 -0.000671 -0.000376
-0.002009 -0.002130 0.004550
-0.007030 -0.001234 0.002893
-0.000501 -0.005054 0.009433
-0.005846 0.000388 0.000234
0.002953 0.001109 -0.005706
0.006138 0.001693 0.000707
-0.012708 -0.001680 0.003006
0.004490 -0.003285 0.001978
-0.001957 0.001310 0.001274
-0.005145 0.004459 0.003034
-0.003831 0.005076 -0.001887
0.028987 0.031669 0.000426
-0.000616 -0.000996 -0.003703
0.003658 0.000578 -0.000377
0.010099 0.005690 0.002276
-0.001125 -0.004917 -0.006447
0.007521 -0.002197 0.008028
-0.022110 -0.004146 -0.005462
0.002075 0.005303 0.011505
0.019879 -0.027788 -0.009851
0.016712 0.001784 -0.000426
-0.015780 0.000697 0.007976
-0.012482 -0.001454 0.002716
0.016163 -0.007637 -0.003874
-0.003506 0.000803 0.000960
-0.003437 0.004646 0.002064
-0.003944 0.005108 -0.001849
0.004686 -0.001959 0.000080
0.002619 -0.000752 -0.005429
0.001855 0.000106 -0.001814
0.009211 0.005612 0.002146
0.007412 -0.003209 -0.002192
0.002183 0.003033 0.005242
0.006482 -0.040047 -0.006272
0.001996 0.004381 0.010571
0.019924 -0.007434 0.010069
0.042970 0.001585 0.030833
-0.005912 -0.000032 0.006948
0.025913 -0.001822 -0.039484
0.012704 -0.006583 -0.002187
-0.006094 0.001579 0.003082
0.002329 0.000157 -0.003153
0.006814 0.002153 0.004177
0.005731 -0.001350 -0.001098
-0.001665 -0.001778 -0.003956
0.028064 0.036963 -0.001304
0.039031 0.005444 0.000587
0.008334 -0.001935 -0.001234
0.007478 0.008583 0.008144
-0.024272 -0.003133 -0.003731
0.012534 0.009658 0.007086
0.020119 0.012243 -0.009944
0.016403 -0.000067 -0.000917
-0.003044 0.000245 0.007577
-0.013188 -0.001547 0.004200
0.005202 -0.002737 0.001683
-0.003097 0.001195 0.001581
-0.005065 0.004978 0.001980
-0.002934 0.006482 -0.001887
0.006292 -0.002359 -0.001018
0.004743 -0.000972 -0.004689
0.002758 -0.000645 -0.000607
0.010546 0.005691 0.001806
-0.000482 -0.006233 -0.006580
0.001051 0.003177 0.004406
-0.022446 -0.003882 -0.005202
0.003365 0.003897 0.011362
0.000218 -0.007802 -0.009396
0.017946 0.000785 0.000141
-0.005151 0.000547 0.007545
-0.012806 -0.001297 0.002664
0.003630 -0.003653 0.001470
-0.003469 0.001582 0.001239
-0.004844 0.004595 0.002634
0.005505 0.002491 0.002429
0.006270 -0.001276 -0.001272
0.003226 -0.000792 -0.004389
0.003156 -0.000099 -0.000415
0.009518 0.005461 0.002613
-0.001565 -0.004526 -0.006643
0.001639 0.002890 0.004688
-0.021810 -0.005180 -0.005188
0.002710 0.004867 0.012351
0.000403 -0.007611 -0.009078
0.017921 0.000789 -0.000640
-0.005738 0.000862 0.007349
-0.014228 -0.002565 0.004036
0.004282 -0.001833 -0.000031
0.003266 0.005750 0.005561
-0.006875 0.003746 0.002271
-0.002965 0.006802 -0.001922
0.004704 -0.002396 -0.001996
0.002175 -0.000803 -0.004761
0.001751 -0.000717 0.000882
0.009364 0.005695 0.002139
-0.001816 -0.006551 -0.004866
0.000670 0.003176 0.006196
-0.022047 -0.003288 -0.005259
0.009753 0.007419 0.007998
0.014359 -0.007475 -0.024260
0.017308 0.000852 0.000724
-0.006067 -0.000127 0.007969
-0.012616 -0.001202 0.001938
0.004776 -0.002211 0.000228
0.003845 0.001232 0.008624
0.001438 0.000897 0.006664
-0.003806 0.006728 -0.000341
0.005594 -0.002149 -0.000911
0.005130 -0.000524 -0.004720
0.003058 -0.000306 -0.000696
0.010343 0.005664 0.001774
-0.001129 -0.006182 -0.005198
0.001133 0.003017 0.004891
-0.024153 -0.003667 -0.006617
0.001678 0.003941 0.010518
0.000848 -0.007678 -0.009113
0.017814 0.000761 -0.000188
-0.015303 0.000310 0.008769
-0.014916 -0.000065 0.004324
0.005013 -0.002188 0.001301
0.003270 -0.002675 0.005825
0.001679 -0.002089 0.002446
-0.003971 0.007007 -0.000210
0.005938 -0.001663 -0.000810
0.003459 -0.000799 -0.004526
0.003498 0.000094 -0.000857
0.009584 0.005490 0.001592
-0.000459 -0.006135 -0.006820
0.002005 0.003038 0.004313
-0.022797 -0.003531 -0.005331
0.002410 0.005350 0.012359
0.001463 -0.007208 -0.010116
0.017303 0.000828 -0.001137
-0.005699 0.000621 0.007686
