280.0000 0.05 1
0.444444
0.296296
1.77778
0.592593
0
0.592593
0.592593
1.77778
3.40741
0.296296
0.888889
1.77778
1.77778
1.77778
0.592593
1.48148
2.66667
1.92593
1.77778
2.96296
0.592593
2.07407
2.66667
3.55556
2.96296
1.18519
2.07407
4.14815
3.25926
2.66667
2.66667
2.66667
3.25926
4.14815
2.66667
2.37037
4.44444
3.25926
2.37037
3.7037
5.92593
4.14815
4.2963
4.59259
3.7037
6.96296
4.74074
5.62963
5.77778
3.55556
9.48148
5.18519
8.59259
7.25926
10.2222
12.7407
13.6296
9.18519
17.3333
18.8148
17.3333
18.6667
21.037
22.8148
23.2593
21.6296
24
26.5185
24.4444
31.5556
31.8519
32.5926
32.8889
34.6667
40.1481
34.2222
36.8889
36.7407
37.6296
37.9259
36.8889
39.7037
38.0741
38.8148
44.1481
41.3333
36.7407
39.2593
37.4815
41.3333
42.8148
40.8889
37.037
34.8148
40.4444
34.6667
33.1852
30.3704
35.4074
27.2593
26.6667
29.037
31.2593
32.8889
32
36.7407
37.6296
37.3333
38.5185
36.4444
34.963
36.8889
34.2222
39.8519
38.963
35.8519
34.0741
39.7037
33.6296
36.4444
36.4444
40.8889
41.4815
37.4815
43.4074
40.8889
37.4815
40.1481
39.1111
41.6296
41.4815
44.4444
46.8148
47.2593
49.4815
47.7037
52.4444
52.1481
50.0741
50.2222
53.1852
51.8519
59.8519
53.6296
57.4815
58.5185
53.3333
52.8889
50.963
45.4815
47.2593
42.8148
42.6667
40
37.037
36.2963
39.1111
34.6667
35.2593
34.5185
32.1481
29.037
32.8889
29.4815
29.7778
32.2963
32.5926
32.8889
35.5556
31.2593
37.7778
39.7037
37.3333
37.037
37.4815
41.1852
42.963
35.7037
42.963
39.8519
37.3333
41.7778
35.7037
35.8519
29.7778
37.4815
33.3333
34.963
36
31.2593
29.6296
28.8889
30.2222
27.7037
33.1852
31.4074
31.5556
30.963
27.7037
33.037
31.4074
28
28.5926
33.9259
30.5185
27.8519
27.1111
27.7037
29.4815
32.1481
29.9259
32.4444
35.4074
38.0741
35.1111
35.8519
39.5556
38.6667
42.3704
42.0741
52.4444
51.4074
51.2593
53.4815
52.1481
53.3333
53.4815
47.1111
44.1481
34.8148
35.5556
30.963
24
23.7037
22.963
20
19.2593
12.7407
8.88889
6.51852
8.88889
8.59259
6.51852
6.51852
12.4444
10.963
10.6667
10.0741
10.5185
6.66667
8.14815
7.7037
5.62963
6.66667
7.11111
7.40741
7.7037
9.77778
8
8.59259
5.33333
8
7.11111
8.2963
6.22222
7.7037
8
9.03704
5.77778
9.77778
7.25926
5.62963
4.44444
5.62963
5.62963
2.96296
7.40741
5.33333
3.25926
6.22222
3.25926
4.14815
3.55556
5.92593
1.77778
2.51852
5.33333
4.44444
3.55556
4.14815
2.66667
2.66667
3.55556
2.96296
2.66667
2.96296
0.592593
1.48148
1.48148
0.888889
2.96296
2.07407
1.48148
2.07407
0
0.296296
0.148148
0.592593
0.592593
0.592593
0.296296
0.888889
0.296296
0
0
0.296296
0
0
0
0
0
0
0.296296
0
0.592593
0
0
0.296296
0
0.296296
0
0
0
0.296296
0.296296
0
0
0
0.296296
0
0
0
0
0
0
0
0
0.296296
0
