-0.003346 0.004854 -0.001523
0.003558 0.001880 -0.001589
0.001591 -0.001553 -0.004153
-0.000383 -0.011541 -0.003039
0.000719 0.000076 0.001832
-0.011101 0.006591 0.003020
-0.001938 -0.004107 0.001667
0.004283 -0.002681 0.009892
-0.002532 0.000552 -0.005633
0.003652 0.000315 -0.001908
-0.002835 0.000700 -0.002434
-0.002216 -0.003972 0.000524
0.002080 0.000730 -0.000447
0.003157 0.000201 0.001641
0.006351 -0.007292 0.002943
-0.002680 0.001633 0.005624
0.000884 0.001496 -0.003083
-0.001077 0.004131 0.000926
0.000663 0.003870 -0.008630
0.002261 -0.006855 0.000286
-0.000903 -0.004146 -0.000229
0.000380 -0.002040 -0.001531
-0.003236 0.012534 -0.001541
0.004461 -0.014200 0.004694
-0.001967 0.004438 -0.008347
0.002082 0.000711 0.000313
0.000455 0.004290 0.002423
-0.006877 0.002119 0.002302
-0.001613 0.005382 0.001812
0.007649 -0.000135 0.003338
-0.000153 0.004259 0.000758
-0.001368 -0.002241 0.000092
