-1.92955 -1.92894 -3.85702
-3.85829 -0.000131338 3.85668
-3.86113 17.3684 -5.78845
1 0 0
0 1 0
0 0 1
0.6879612876668801 0.9681103427008750 0.1871303685925554	Ir
0.1235803730434455 0.8102801113717604 0.1242735779511435	Ir
0.3744523125371799 0.9366729594858683 0.3745779669263882	Ir
0.6872711591442027 0.4691332637247356 0.1861348329960393	Ir
0.2491730232570717 0.6246655992453185 0.2498261704814411	Ir
0.5639149344164665 0.1581501012602260 0.0621066351527091	Ir
0.9998852810638894 0.9999568000607084 0.0003783540036792	Ir
0.9372620183203253 0.5943766842910421 0.4372436672376381	Ir
0.5012907970197560 0.7504762747379132 0.5010068029223476	Ir
0.0624614933880494 0.9073969173374579 0.5638957737970500	Ir
0.8127137977725383 0.2811435815275942 0.3125670584464544	Ir
0.3759878106839807 0.4383857419460426 0.3745232873251751	Ir
0.2484687568111852 0.1246884806530133 0.2496373745115790	Ir
0.1883931051311691 0.7195546740244652 0.6874396533177674	Ir
0.9370231541974832 0.0931070003895940 0.4380122735371899	Ir
0.5014731248731081 0.2506220421522301 0.5008685007488936	Ir
0.0633037552248723 0.4063605651317204 0.5647460825371837	Ir
0.8752072924650207 0.6875639413878574 0.8748798417328416	Ir
0.4370905476173164 0.8424312468145132 0.9383988644441175	Ir
0.7476286373397443 0.3731802106569830 0.7488781842310885	Ir
0.3130577526727407 0.5314200857509306 0.8119064056321577	Ir
0.8753644650530958 0.1875089807201107 0.8751728233858742	Ir
0.4387163311470275 0.3458151498771258 0.9379451156293186	Ir
0.3112481581510664 0.0304425966082462 0.8109013882078315	Ir
0.5605796111673200 0.6543757846416440 0.0622586377577790	Ru
0.0021989750430080 0.5006658946496287 0.0011836661661704	Ru
0.8120734659174147 0.7809439955258881 0.3121805827811812	Ru
0.1256862561287591 0.3143773676599437 0.1239925755214060	Ru
0.7485043330223604 0.8748443566972597 0.7486228347106092	Ru
0.6248024668631373 0.5626647314691624 0.6256661099441629	Ru
0.6264361086269119 0.0627518256154929 0.6262698700020479	Ru
0.1867894142334663 0.2179326918846485 0.6873747193681652	Ru
