2176.0000 0.05 1
1.875
2.5
7.5
6.25
7.5
16.25
8.75
6.25
17.5
16.25
14.375
16.25
25
16.25
6.25
31.25
23.125
18.125
28.75
10
10
13.125
10
10
16.25
20
25
30
37.5
19.375
23.75
27.5
13.75
26.875
20.625
29.375
21.25
42.5
43.75
30
37.5
56.25
47.5
45.625
41.875
67.5
53.75
48.75
84.375
93.75
97.5
125.625
138.125
131.875
140.625
153.75
181.875
150.625
158.75
198.75
178.125
175
232.5
254.375
266.875
239.375
233.125
280
293.125
311.25
296.875
320.625
303.125
312.5
321.875
338.75
341.875
364.375
313.125
358.75
371.25
363.75
331.25
358.125
332.5
379.375
312.5
294.375
303.75
288.75
272.5
254.375
232.5
251.25
250
298.75
205.625
251.25
310.625
295
321.25
306.875
310
298.75
250
293.75
308.75
295.625
328.125
272.5
280.625
302.5
271.875
323.75
288.75
318.125
248.75
296.875
352.5
318.75
315
315.625
326.25
362.5
343.125
381.25
400
379.375
391.25
395
393.125
430.625
449.375
474.375
448.75
443.75
453.125
438.125
446.875
416.875
407.5
426.875
381.25
360
317.5
351.25
328.125
311.25
314.375
331.25
304.375
276.875
215
256.25
250
303.125
280
246.25
271.25
228.125
317.5
288.125
331.25
302.5
297.5
291.875
285.625
295
350.625
291.875
324.375
353.75
370.625
357.5
258.125
289.375
211.875
288.75
345
265
265.625
266.25
260.625
235.625
245.625
250.625
261.875
327.5
237.5
230.625
236.875
226.25
177.5
248.75
255
281.25
256.25
308.75
251.875
263.125
256.875
206.25
205
269.375
252.5
326.25
344.375
343.75
355.625
275
366.25
295
515
536.875
506.875
424.375
365.625
261.25
233.125
201.875
170
115.625
61.25
33.125
11.25
3.75
1.25
3.75
1.25
0
0
0
0
0
0
0
0
0
0
2.5
0
