0.010665 0.002310 0.001508
-0.006228 -0.001446 0.001014
0.010643 0.003815 -0.000130
0.003104 0.000785 -0.004266
0.005337 -0.002787 -0.007684
-0.001300 -0.003396 0.001180
-0.004835 -0.001811 -0.004258
-0.000460 -0.004639 -0.003325
-0.008735 -0.000427 -0.008838
0.005272 -0.000035 -0.001381
-0.003529 -0.002633 0.004426
-0.006077 -0.002558 0.001772
-0.000401 -0.003558 0.009684
-0.004554 0.002445 0.000551
0.006636 0.001918 -0.004015
0.002197 -0.004389 0.000624
0.020828 -0.008648 0.000987
-0.005201 -0.001823 0.001142
0.009517 0.006001 0.000295
0.002028 0.003037 -0.003673
0.004999 -0.001012 -0.002705
-0.001100 -0.004852 -0.000275
-0.004844 -0.002432 -0.005849
-0.004716 0.004653 0.000601
-0.008791 0.000222 -0.007362
0.003593 0.001295 -0.000820
-0.005195 -0.001763 0.005117
-0.005648 0.001290 0.002201
-0.001539 -0.005479 0.008913
-0.004485 0.002812 0.000585
0.005383 0.001235 -0.004901
0.002622 -0.002463 0.000571
0.010339 0.002322 0.001118
-0.006519 -0.001547 0.000945
0.011515 0.004957 -0.000211
0.001319 0.000943 -0.002682
0.009852 0.004184 -0.004173
-0.000848 -0.003330 -0.001429
-0.004350 -0.003045 -0.004068
-0.010564 -0.005217 0.004722
-0.008362 0.000200 -0.008309
0.005440 -0.001059 -0.002487
-0.001382 -0.002995 0.000633
-0.007132 -0.002155 0.003599
0.056951 -0.054871 0.010316
-0.000556 -0.005944 -0.003939
0.003324 0.001869 -0.005851
-0.006151 0.567226 0.006172
0.011276 0.002161 0.000318
0.039629 -0.042658 -0.000319
0.010788 0.004177 0.000129
0.003520 0.000437 -0.002280
0.006092 -0.002548 0.001097
0.002987 -0.012712 0.003578
-0.005431 -0.035047 0.036405
-0.005745 0.006588 -0.001346
-0.008723 0.002466 -0.008787
0.000769 -0.006358 -0.005696
-0.003407 -0.003186 0.004458
-0.006483 -0.002970 0.003051
-0.002924 -0.005816 0.009387
-0.005568 0.000649 -0.000700
0.004364 0.000764 -0.005284
0.002513 0.007414 0.001763
-0.005615 -0.015474 0.000520
-0.006983 -0.000229 0.000521
-0.032698 -0.033707 -0.001187
0.003067 0.008831 -0.003447
0.007576 0.003011 -0.003252
-0.001241 -0.002219 -0.000649
-0.004660 -0.002645 -0.005413
-0.005574 0.006680 0.000394
-0.008801 0.000624 -0.007192
0.000835 -0.006523 -0.004670
-0.001366 -0.001661 0.003728
-0.005345 0.004649 0.002283
-0.002707 -0.004424 0.008910
-0.001083 -0.005033 -0.003716
0.006544 0.002995 -0.002183
0.002202 -0.002519 0.001300
0.011172 0.001731 0.001457
-0.005615 -0.001591 0.001228
0.011790 0.003856 -0.000278
0.002302 0.000972 -0.003067
0.009027 0.003245 -0.002913
-0.001857 -0.003496 -0.000903
-0.004604 -0.001512 -0.005702
-0.005010 0.005666 0.000410
-0.008319 0.001687 -0.007117
0.005329 -0.001119 -0.002022
-0.003227 -0.003053 0.004794
-0.005879 -0.001744 0.002409
-0.002120 -0.005441 0.009587
-0.005695 0.000268 -0.000286
0.004136 0.000591 -0.005243
0.002460 -0.002459 0.001402
0.011158 0.002101 0.001283
-0.004747 0.000868 0.001564
0.010535 0.004978 0.000106
0.000987 0.000883 -0.003882
0.010213 0.004888 -0.001053
-0.006338 -0.014515 -0.005455
-0.004173 -0.000521 -0.004080
-0.005049 0.006675 0.001928
-0.010445 -0.041632 -0.060176
0.004238 0.001538 -0.001153
-0.003196 -0.001391 0.004625
-0.006750 -0.002264 0.002371
-0.002020 -0.005385 0.009338
-0.005714 0.001675 0.000497
0.005634 0.000206 -0.005272
0.002619 -0.002668 0.000681
0.010528 0.002005 0.001243
-0.006187 -0.000238 0.001765
0.010284 0.004617 -0.000448
0.002420 -0.000102 -0.003254
0.009555 0.002784 -0.003039
-0.001850 -0.003621 -0.000782
-0.004340 -0.001742 -0.005925
-0.005064 0.005285 0.000014
-0.008579 0.001083 -0.006859
0.006014 -0.000083 -0.001356
-0.003235 -0.002743 0.004473
-0.006244 -0.003084 0.002450
-0.002553 -0.004557 0.010008
-0.006417 0.001144 0.001225
0.004386 0.002760 -0.005202
0.002207 -0.002482 0.000753
-0.011654 -0.025293 -0.028936
0.004880 -0.003313 0.001107
-0.006938 -0.003508 0.005753
-0.005082 -0.024158 0.001292
-0.003521 0.007534 -0.001615
0.006282 -0.001883 -0.000615
0.003285 0.001254 -0.002746
0.003652 -0.020411 -0.020371
0.013572 0.000031 -0.003003
-0.000902 -0.005928 -0.005169
0.002464 0.006067 0.005420
-0.022458 -0.004512 -0.005297
-0.001179 -0.005201 0.007610
-0.000634 -0.006336 -0.007932
0.017765 0.001070 0.000052
-0.004681 0.001258 0.008059
-0.012712 -0.001949 0.003433
0.004995 -0.002258 0.001237
-0.003826 0.003473 0.000462
-0.004379 0.004489 0.002522
-0.004984 0.007278 -0.000802
0.020660 -0.016165 -0.001280
0.007578 -0.004161 -0.004390
0.002858 0.011215 -0.000308
0.016604 -0.001895 0.002186
-0.000936 -0.007555 -0.005805
0.002406 0.002548 0.004460
-0.022586 -0.003151 -0.004941
0.001782 0.003577 0.011862
-0.003657 -0.011222 -0.009589
0.019515 0.002757 -0.001029
-0.007372 0.002170 0.007777
-0.012191 0.002023 0.002447
0.004543 -0.003207 0.001404
-0.003909 0.003131 0.001402
-0.005309 -0.025588 0.003734
-0.003296 0.005701 -0.001667
0.006113 -0.000921 -0.000946
0.007096 -0.007082 0.000021
0.003160 -0.020162 0.019006
0.009528 0.006753 0.000483
-0.001010 -0.005825 -0.007128
0.000059 -0.030196 0.048366
-0.022434 -0.004607 -0.005117
0.007057 -0.005965 0.016832
-0.003111 -0.012827 -0.005330
0.018107 0.001454 -0.000205
-0.005429 0.000246 0.007562
-0.012799 -0.001832 0.003261
0.003027 -0.002018 0.000768
-0.002676 0.002127 0.001386
-0.004451 0.003598 0.001803
-0.006317 0.005107 0.000724
0.005585 -0.002012 -0.001061
0.002849 0.001382 -0.005866
0.004058 -0.012678 0.012374
0.012996 0.001016 0.005318
-0.003915 -0.013990 -0.002148
0.001858 -0.001160 0.008803
-0.023290 -0.005105 -0.005517
0.003396 0.004621 0.010377
-0.000168 -0.005791 -0.010623
0.018340 0.002304 -0.000913
-0.004189 0.001573 0.007230
-0.012606 -0.001165 0.003274
0.002971 -0.004347 -0.000507
-0.006870 -0.004545 0.005155
-0.004503 0.003198 0.002371
-0.002168 0.007463 -0.001537
-0.009158 -0.016180 -0.001443
0.005671 -0.000741 -0.004575
0.002892 -0.000038 -0.000708
0.010546 0.005310 0.001713
-0.000993 -0.004579 -0.006560
0.001764 0.002726 0.004789
-0.021983 0.000082 -0.004608
0.002255 0.005608 0.011781
-0.000917 -0.007406 -0.009599
0.021601 -0.004324 0.003313
-0.049196 -0.037864 0.008330
-0.012923 -0.000604 0.004124
0.004887 -0.003491 0.001442
-0.002817 0.001174 0.001879
-0.004546 0.004456 0.002729
-0.003467 0.005531 -0.001363
0.005713 -0.002300 -0.000835
0.003653 -0.000417 -0.004401
0.003135 -0.000442 -0.000582
0.008696 0.005990 0.001883
-0.001136 -0.006545 -0.006183
0.002335 0.003541 0.004747
-0.022549 -0.001670 -0.004866
0.002024 0.004366 0.011777
0.000154 -0.006943 -0.009403
0.017382 0.000675 -0.000477
-0.004853 -0.000242 0.007524
-0.012325 -0.004907 -0.000563
0.005584 -0.001866 0.001035
-0.002317 0.001302 0.001921
-0.004099 0.003558 0.002835
-0.003468 0.007226 -0.001513
0.005657 -0.000895 -0.001070
0.007552 -0.006548 -0.009111
0.002532 -0.015148 -0.015242
0.009148 0.007432 0.003655
0.003790 -0.016638 -0.011945
0.002447 0.002538 0.005917
-0.022562 -0.004823 -0.005034
0.002367 0.005115 0.012568
-0.003856 -0.012315 -0.013776
0.022743 -0.005961 0.004240
-0.006182 0.000336 0.007431
-0.012709 -0.000865 0.003994
0.004888 -0.001728 0.001718
-0.002763 0.002117 0.002037
-0.004498 0.003295 0.003003
-0.003865 0.005662 -0.001612
0.006225 -0.002401 -0.000679
0.003360 -0.000448 -0.004134
0.002672 0.000817 -0.000362
0.008344 0.005654 0.001850
-0.000980 -0.006507 -0.006020
0.001942 0.003751 0.004283
-0.022125 0.003525 -0.005922
0.002877 0.003925 0.011117
0.001659 -0.006585 -0.009746
0.016821 0.001594 -0.001792
-0.005565 0.000637 0.007630
