0.011332 0.003740 0.000983
-0.005014 -0.001334 0.002049
0.012898 0.005100 -0.001483
0.002382 0.002175 -0.003718
0.008639 0.002489 -0.003127
0.000181 -0.002408 -0.000642
-0.005132 -0.001994 -0.004862
-0.005294 0.005859 0.000433
-0.009958 0.000570 -0.007530
0.004158 -0.001342 -0.002157
-0.029796 -0.039551 0.005551
-0.005585 -0.003863 0.001885
-0.006435 -0.000568 0.007616
-0.027132 0.020761 -0.001062
0.001620 0.003922 -0.004444
0.000614 0.000956 0.001273
0.011193 0.004024 0.001852
-0.003902 -0.002698 0.002064
-0.016843 0.003568 0.025985
-0.007969 0.005270 0.001834
0.010677 0.001422 -0.003951
0.002314 -0.004422 -0.000345
-0.002116 -0.002562 -0.004828
-0.002772 0.004405 -0.001268
-0.012672 0.000709 -0.007502
-0.010471 -0.016185 -0.002650
-0.001638 -0.001099 0.003525
-0.014663 -0.006123 -0.001951
-0.009272 -0.005494 0.003082
-0.020668 0.000920 -0.014572
0.000024 0.004124 -0.008856
0.002081 -0.001733 0.000732
0.000797 0.007179 -0.003696
-0.005205 -0.001378 0.001727
0.012867 0.002689 -0.001699
-0.008254 0.005264 0.001607
-0.029512 0.001571 0.042997
-0.006508 -0.007632 0.003516
0.001160 -0.002095 -0.003963
-0.037960 0.052076 0.000095
-0.009838 0.000548 -0.007817
-0.016116 -0.000941 -0.022109
-0.003614 -0.002012 0.004593
-0.018016 -0.007032 -0.002846
-0.006826 -0.010144 0.007383
-0.026439 -0.018523 -0.000788
0.008956 0.001207 -0.004804
0.003720 -0.001519 0.001008
0.010634 0.001969 0.001583
-0.005290 -0.001444 0.001824
0.010541 0.003750 -0.000031
0.001751 0.000501 -0.003442
0.009022 0.002697 -0.004016
-0.000080 -0.002355 0.000231
-0.005576 -0.001968 -0.004804
-0.004895 0.005112 0.000304
-0.009355 0.001555 -0.007156
0.004256 -0.001169 -0.002074
-0.003184 -0.001029 0.004336
-0.006033 -0.002269 0.002444
-0.000547 -0.005579 0.009300
-0.006203 0.000674 -0.000443
0.004430 0.000186 -0.005447
0.003726 -0.001943 0.001549
0.002370 0.006236 -0.003493
-0.003715 -0.000038 0.002197
0.010594 0.004242 -0.000202
0.002501 0.001583 -0.003367
0.010120 0.003178 -0.003825
-0.004987 -0.006530 -0.000513
-0.001899 -0.001849 -0.004941
-0.004859 0.005721 0.000458
0.003351 0.000777 -0.007632
-0.010494 0.013628 -0.002725
-0.003512 -0.002503 0.004933
-0.005756 -0.004227 0.002812
-0.001126 -0.005398 0.010628
-0.006409 0.000147 -0.001210
0.005013 0.000187 -0.004934
0.002153 -0.002125 0.000884
0.010212 0.002166 0.001599
-0.005584 -0.001051 0.001379
0.010676 0.004015 0.001874
0.002207 0.000832 -0.002477
0.008542 0.002670 -0.002870
-0.002331 -0.002454 -0.000945
-0.003878 -0.001992 -0.004939
-0.003441 0.005273 0.001350
0.002320 0.000664 -0.008738
0.003877 -0.001788 -0.002620
-0.001513 -0.001600 0.005718
-0.005887 -0.001923 0.000368
0.000734 -0.005746 0.008657
-0.020960 0.000524 0.013698
-0.001514 0.004889 -0.001470
0.002652 -0.001665 0.000784
0.011184 0.001966 -0.000098
-0.037025 -0.001067 -0.042608
0.010745 0.004085 -0.000102
0.002665 -0.000194 -0.001549
0.008499 0.002756 -0.002404
-0.006332 -0.007094 -0.004350
0.002308 -0.001970 -0.004192
-0.005061 0.004584 0.000189
-0.009690 0.000513 -0.007746
-0.010964 -0.001050 0.013078
-0.003079 -0.001787 0.004413
-0.006711 -0.001873 0.001649
-0.000593 -0.005464 0.009249
-0.006506 0.000529 -0.000575
0.004611 -0.000014 -0.005009
0.001824 -0.001466 0.001714
0.011105 0.001633 -0.000942
-0.005422 -0.001431 0.001578
0.009953 0.004609 -0.000825
0.002143 0.000411 -0.003575
0.008310 0.002519 -0.002828
-0.001405 -0.002145 -0.000772
-0.003896 -0.002324 -0.004874
-0.005041 0.005725 0.000077
-0.009101 0.000555 -0.007801
0.003737 -0.000518 -0.002257
-0.003452 -0.002030 0.004330
-0.006594 -0.002490 0.002519
-0.002736 -0.005324 0.011033
-0.006756 0.000400 -0.000282
0.005304 0.000017 -0.005685
0.001452 -0.001734 0.000665
-0.013789 -0.001294 0.002885
0.004639 -0.002945 0.001682
-0.003141 0.001456 0.002871
-0.003079 0.003157 0.002757
-0.002912 0.006484 -0.002002
-0.003917 -0.005475 0.004361
-0.000498 -0.004377 -0.008084
0.003947 -0.000368 -0.000315
0.010187 0.005543 0.001900
-0.000217 -0.006222 -0.006455
0.007727 0.000862 0.005626
-0.022979 -0.004350 -0.005263
0.002099 0.003036 0.011298
-0.005379 -0.002885 -0.006612
0.018368 0.001020 0.000273
-0.006838 0.000541 0.006435
-0.013562 -0.001189 0.002790
-0.006079 0.013120 0.002068
-0.002221 -0.000033 0.001084
-0.004707 0.003683 0.002237
-0.009489 0.000613 -0.001794
-0.003728 -0.005579 0.004853
0.007325 -0.000830 -0.006037
0.002978 0.000323 -0.000474
0.012467 0.006924 0.003907
0.002033 -0.004665 -0.006414
0.003533 0.003005 0.005264
-0.024905 -0.001216 -0.006798
0.004961 0.006426 0.012944
0.002085 -0.007575 -0.008044
-0.013457 0.000817 0.001093
-0.012294 -0.004100 0.011681
0.482854 -0.006609 -0.004045
0.007917 -0.003860 -0.000834
-0.028330 0.001513 0.000939
-0.006518 -0.000604 0.005211
-0.008542 0.003289 -0.005860
0.006188 -0.002731 -0.000862
-0.000145 0.002745 -0.008138
-0.001003 -0.002274 -0.002475
-0.009894 0.006005 -0.020615
-0.005238 -0.003177 -0.010553
0.007656 0.005128 0.005831
-0.022575 -0.004244 -0.005050
-0.010076 -0.013090 0.012267
-0.005597 -0.012415 -0.006378
0.018285 0.000393 0.000098
-0.002101 0.000670 0.008672
-0.011566 -0.001551 0.002858
0.004831 -0.003140 0.000648
-0.003289 0.001287 0.002223
-0.005199 0.003472 0.003268
-0.002669 0.006975 -0.001878
0.006239 -0.000463 0.000806
0.005562 -0.000449 -0.002642
0.002183 -0.000285 -0.001288
0.010439 0.005596 0.002706
-0.000383 -0.006836 -0.006516
0.001267 0.002818 0.005068
-0.023605 -0.004199 -0.005122
0.003361 0.004722 0.011274
0.000243 -0.007718 -0.009458
0.018468 0.001700 0.000131
-0.005442 0.000392 0.006440
-0.013418 -0.001614 0.002567
0.003926 -0.001751 0.001326
-0.002099 0.002700 0.001373
-0.005022 0.004105 0.002557
-0.000926 0.004962 -0.002146
0.005930 -0.002195 -0.000964
0.004149 -0.000838 -0.003299
0.002537 0.000239 -0.000547
0.011917 0.004450 0.003785
-0.006752 -0.000447 -0.006218
0.003550 0.002948 0.005364
-0.021330 -0.003846 -0.005026
0.002485 0.005183 0.011198
-0.001402 -0.007424 -0.010442
0.017040 0.000807 0.000229
-0.012244 0.004643 0.011887
-0.013305 -0.001582 0.003048
0.004691 -0.002945 0.001224
-0.002354 0.000143 0.002950
-0.004378 0.003868 0.002814
-0.002620 0.007546 -0.001711
0.005916 -0.001530 -0.000299
0.002850 -0.001108 -0.005225
0.002982 0.000401 -0.000211
0.010249 0.005237 0.001853
-0.001766 -0.007076 -0.006635
0.003662 0.002938 0.005196
-0.021219 -0.004026 -0.005721
0.004988 0.005851 0.010503
-0.007879 -0.007391 -0.003052
0.017557 0.000729 -0.000259
-0.004710 0.000662 0.006236
-0.012698 -0.001383 0.002390
0.007171 -0.003906 0.002458
-0.003377 0.000915 0.001927
-0.003135 0.004135 0.003047
-0.009089 0.003400 0.002357
0.005684 -0.001082 -0.000949
0.005640 -0.000878 -0.002777
0.004218 0.000357 -0.000869
0.009924 0.005402 0.000486
-0.005467 -0.003010 -0.003234
0.001392 0.002946 0.005177
-0.022325 -0.003718 -0.004915
0.002310 0.005099 0.011736
0.000600 -0.007677 -0.009194
0.018062 0.000345 -0.000500
-0.011476 0.000560 0.012667
-0.013465 -0.001443 0.003009
0.005058 -0.002836 0.001184
-0.002486 0.003134 0.003350
-0.004894 0.003775 0.002724
-0.004276 0.007476 -0.001757
0.006060 -0.001026 -0.001131
0.005017 -0.000680 -0.003236
0.002436 0.000336 -0.000286
0.010376 0.005912 0.001984
-0.000094 -0.007165 -0.006351
0.003536 0.002898 0.005367
-0.023282 -0.003769 -0.006119
0.002889 0.004530 0.011740
0.000770 -0.007090 -0.010966
0.017926 0.000744 -0.000004
-0.004617 0.000344 0.006154
