2176.0000 0.05 1
1.11111
4.44444
11.1111
2.22222
11.1111
4.44444
13.3333
11.1111
20
11.1111
6.66667
11.1111
24.4444
23.3333
17.7778
23.3333
26.6667
18.8889
13.3333
32.2222
18.8889
8.88889
4.44444
10
14.4444
16.6667
34.4444
40
23.3333
40
11.1111
26.6667
17.7778
33.3333
22.2222
32.2222
26.6667
27.7778
40
24.4444
32.2222
46.6667
36.6667
47.7778
70
55.5556
56.6667
41.1111
80
106.667
95.5556
126.667
127.778
136.667
151.111
144.444
161.111
192.222
192.222
202.222
214.444
270
190
230
232.222
288.889
235.556
281.111
253.333
265.556
290
300
315.556
340
316.667
352.222
286.667
347.778
302.222
308.889
297.778
298.889
291.111
282.222
314.444
273.333
248.889
281.111
292.222
300
310
324.444
317.778
313.333
331.111
324.444
312.222
291.111
294.444
298.889
298.889
296.667
330
360
315.556
355.556
380
361.111
351.111
347.778
345.556
293.333
248.889
213.333
184.444
153.333
191.111
241.111
262.222
331.111
361.111
398.889
415.556
401.111
426.667
404.444
447.778
400
386.667
358.889
342.222
371.111
347.778
395.556
382.222
378.889
385.556
427.778
402.222
456.667
411.111
414.444
404.444
353.333
363.333
374.444
364.444
376.667
442.222
413.333
407.778
438.889
405.556
338.889
347.778
322.222
351.111
320
321.111
255.556
286.667
262.222
274.444
257.778
240
222.222
281.111
208.889
242.222
212.222
238.889
257.778
222.222
242.222
232.222
212.222
211.111
227.778
176.667
211.111
166.667
200
175.556
175.556
258.889
234.444
232.222
211.111
215.556
167.778
175.556
196.667
266.667
237.778
221.111
275.556
240
228.889
257.778
345.556
346.667
314.444
306.667
327.778
310
332.222
383.333
412.222
427.778
426.667
451.111
427.778
511.111
476.667
501.111
467.778
427.778
347.778
313.333
225.556
120
17.7778
3.33333
0
0
0
0
0
0
0
0
0
0
0
0
0
0
0
0
0
0
0
0
0
0
0
6.66667
0
0
0
0
6.66667
4.44444
0
5.55556
0
0
6.66667
0
4.44444
4.44444
2.22222
2.22222
4.44444
1.11111
0
2.22222
0
2.22222
0
0
2.22222
0
