-0.000425 0.010628 0.012244
-0.008766 0.001483 0.001192
-0.010819 0.020951 -0.001083
0.011566 0.007293 -0.002836
-0.002453 0.016892 -0.006268
-0.008891 0.001358 -0.001854
-0.000457 0.003631 0.004150
0.001244 -0.015511 -0.002424
-0.002850 -0.012017 -0.000977
-0.011347 -0.004453 -0.001764
0.009629 -0.010407 0.001627
-0.009962 -0.005410 -0.003470
0.004163 -0.008744 0.003959
0.004960 -0.014395 -0.000909
-0.003346 0.000511 0.001860
0.016128 -0.007847 0.003667
-0.000570 0.011123 0.012825
-0.008690 0.001640 0.001078
-0.001794 0.018354 0.001233
0.006162 0.005419 -0.008853
-0.000847 0.016773 -0.005308
-0.009947 0.000096 -0.001165
-0.000566 0.003234 0.004129
0.000082 -0.014599 -0.002891
-0.003743 -0.010699 -0.001776
-0.010609 0.072961 -0.076415
0.011622 -0.009359 0.005499
-0.009813 -0.006440 -0.004128
0.004927 -0.006830 0.003911
0.001413 -0.016749 0.000231
-0.004038 0.000825 0.001069
0.012669 -0.011735 0.002350
-0.000897 0.011173 0.012232
-0.008571 0.001606 0.001413
-0.000883 0.019769 0.001667
0.016404 0.008892 -0.012566
-0.001895 0.015718 -0.006281
-0.008641 0.002069 -0.002511
0.000001 0.003313 0.004733
-0.000008 -0.015617 -0.001589
-0.003864 -0.011387 -0.001698
-0.011915 -0.003359 -0.001972
0.014609 -0.010090 -0.000302
-0.010807 -0.005227 -0.002763
0.002136 -0.007909 0.004186
0.003586 -0.018027 0.003076
-0.003694 0.000019 0.000949
0.013044 -0.012376 0.001729
-0.000792 0.010861 0.011941
-0.008783 0.001662 0.002566
-0.001252 0.019101 0.001177
0.012187 0.007858 -0.002607
-0.002361 0.015671 -0.005524
-0.008174 0.000116 -0.001417
-0.001014 0.002568 -0.019094
0.000170 -0.016650 -0.003205
-0.005310 -0.012672 -0.006932
-0.010093 -0.005572 -0.001971
0.011128 -0.006434 -0.000325
-0.007740 -0.005690 -0.002902
0.004418 -0.004198 0.001369
0.003366 -0.019144 -0.001370
-0.002563 0.002129 0.002391
0.014072 -0.011342 0.002476
-0.000451 0.010888 0.013534
-0.009115 0.001508 0.000462
-0.001336 0.017790 -0.003922
0.010539 0.008046 -0.003833
-0.001249 0.015340 -0.006022
-0.009008 0.000770 -0.000621
-0.000317 0.003050 0.004645
-0.000807 -0.015257 -0.002705
-0.003195 -0.011161 -0.001622
-0.011804 -0.005081 -0.002041
0.009816 -0.006661 0.004572
-0.009562 -0.006838 -0.003937
0.004152 -0.006147 0.004291
0.004711 -0.018357 0.002606
-0.002804 0.000533 0.000331
0.013673 -0.009976 0.007756
0.005119 0.010402 0.006463
-0.012841 0.000209 -0.007096
-0.002046 0.019435 0.001729
0.011818 0.008300 -0.002440
-0.001683 0.015041 -0.000508
-0.009331 0.000685 -0.000998
-0.000743 0.003297 0.004957
-0.000649 -0.020786 -0.001782
-0.000664 -0.010335 0.002963
-0.011109 -0.005583 -0.003011
0.011200 -0.006112 -0.000032
-0.010146 -0.006557 -0.005396
0.005762 -0.007358 0.004170
0.002664 -0.019143 -0.000707
-0.005103 -0.000505 0.002088
0.011920 -0.010363 0.007435
-0.005019 0.012280 0.004177
-0.005241 0.004065 -0.008192
-0.000682 0.018256 0.001873
0.012249 0.006640 -0.002358
-0.003489 0.015375 0.671918
-0.009172 0.000770 -0.002585
-0.000207 0.003508 0.004786
-0.000163 0.003107 -0.005987
0.000421 -0.012831 -0.000818
-0.011725 -0.003716 -0.001204
0.011492 -0.007161 0.000222
-0.009105 -0.006298 -0.002504
0.004265 -0.006341 0.003316
0.003903 -0.021079 -0.001399
-0.065435 -0.037491 -0.074739
0.011727 -0.006106 0.001952
-0.000365 0.011256 0.013419
-0.008977 0.000691 0.000208
-0.001179 0.019003 0.000954
0.011803 0.008038 -0.003705
-0.000493 0.017074 -0.005119
-0.009310 0.001583 -0.001626
0.000844 0.004042 -0.011727
-0.000373 -0.015319 -0.002517
0.012198 -0.001339 -0.004626
-0.011358 -0.005246 -0.001036
0.009626 -0.006556 0.000557
0.057877 -0.050273 -0.082051
0.005198 -0.026238 0.001373
0.004647 -0.019852 -0.001433
-0.004568 0.000170 0.000638
0.013970 -0.011821 0.002821
-0.000134 0.003074 -0.005409
0.007399 0.008595 -0.002291
-0.009360 0.010373 0.001897
0.006728 0.023258 -0.001053
-0.000245 -0.002740 0.001248
0.001323 0.004519 -0.009927
-0.009466 -0.002363 0.000832
0.002022 0.005125 0.000222
-0.000626 0.007491 -0.001653
0.001856 -0.003241 -0.000250
-0.007577 0.010744 0.001853
-0.004899 -0.000940 -0.001613
0.011427 -0.005923 -0.000245
-0.003396 -0.005545 0.005632
0.010141 -0.010623 0.001972
-0.016731 -0.011424 0.000323
0.000831 0.003779 -0.010773
0.007605 0.007818 -0.003042
-0.009784 0.008363 0.002557
0.007415 0.022467 -0.000362
0.001790 0.004403 -0.006342
0.003120 0.002968 -0.010034
-0.008194 -0.002460 0.000480
0.000301 0.011471 -0.005214
-0.000354 0.008352 -0.003480
0.017941 -0.011354 0.002541
-0.008712 0.006755 0.007064
-0.009031 0.000120 -0.003846
0.011732 -0.005357 -0.000979
-0.002639 -0.006450 0.004893
0.010884 -0.010038 0.001815
-0.017875 -0.011507 0.001898
-0.005162 0.007945 -0.007682
0.007229 0.008938 -0.001972
-0.010812 0.013844 0.002263
0.006830 0.023651 -0.000758
-0.000354 -0.005807 -0.007252
0.000709 0.004537 -0.010184
-0.008495 -0.001749 0.000762
0.003208 0.001730 -0.006813
-0.000310 0.007724 -0.003123
0.018734 -0.010610 0.003022
-0.011583 0.007558 0.001762
0.012961 -0.009860 -0.004124
0.012325 -0.008054 0.000096
-0.003888 -0.102815 -0.093601
0.010425 -0.009412 0.002125
-0.016622 -0.012104 0.000555
0.002392 0.001479 -0.005399
0.012477 0.014417 -0.007588
-0.010525 0.010132 0.001336
0.007005 0.022376 -0.006486
0.000402 -0.002969 0.001013
0.001588 0.004797 -0.017681
-0.008796 -0.001986 0.000792
0.003608 0.005042 -0.000270
-0.003621 0.009001 -0.008805
0.018241 -0.010711 0.002959
-0.007010 0.009828 0.006689
-0.003606 -0.001820 0.004701
-0.004187 -0.015688 -0.003531
-0.004302 -0.005062 0.004635
0.011283 -0.008899 0.002891
-0.016795 -0.011465 0.000122
-0.000085 0.004186 -0.005360
0.007401 0.008191 -0.002461
-0.009980 0.010203 0.002536
0.007144 0.023492 -0.001038
-0.000155 -0.002551 0.000094
0.000812 0.003994 -0.008874
-0.007687 -0.002417 0.000900
0.002956 0.005218 0.003054
-0.000319 0.007592 -0.002203
0.020259 -0.012457 -0.002636
-0.008105 0.010386 0.001181
-0.005979 -0.002406 -0.000037
0.010209 -0.005294 0.000121
-0.002689 -0.005323 0.003462
0.010287 -0.009170 0.002040
-0.017398 -0.012507 0.001105
-0.000664 0.004099 -0.005442
0.004516 0.006297 -0.003080
-0.009746 0.012086 0.002880
0.007176 0.023238 -0.000698
0.000150 -0.003629 -0.000235
0.000875 0.003945 -0.009939
-0.009324 -0.001644 -0.007027
0.003446 0.004921 0.000682
-0.000594 0.008370 -0.001977
0.015567 -0.011247 0.006699
-0.007779 0.010475 0.001814
-0.004010 -0.000817 -0.000882
0.009726 -0.006199 0.005299
-0.003725 -0.005308 0.004571
0.008706 -0.009147 0.001336
-0.015490 -0.010647 0.001079
0.000658 0.002639 -0.003961
0.008959 0.009796 -0.002547
-0.010181 0.010468 0.002349
0.006606 0.023199 -0.000814
-0.000772 -0.001926 0.000197
0.002673 0.004182 -0.010127
-0.011449 -0.009170 -0.000305
0.003246 0.006134 0.000490
-0.000686 0.007896 -0.003568
0.014142 -0.012106 0.002658
-0.009248 0.009993 0.001722
-0.005419 -0.002437 -0.000896
0.007948 -0.004578 0.001016
-0.002806 -0.005627 0.003867
-0.073916 0.041978 -0.100951
0.063547 0.035772 -0.100178
-0.001562 0.004233 -0.004965
0.006302 0.009028 -0.007452
-0.010825 0.010213 0.001626
0.015011 0.024554 -0.005394
0.001532 -0.003458 -0.000290
0.003044 -0.000903 -0.012888
-0.008930 -0.002825 0.001216
0.002584 0.005743 -0.000010
0.001667 0.003994 -0.007107
0.017716 -0.012075 0.002993
-0.007297 0.006281 0.002744
-0.001537 -0.000309 0.000168
0.014073 -0.003982 -0.003802
-0.002318 -0.005632 0.004654
0.010095 -0.009677 0.000305
-0.016470 -0.013102 0.001421
