2176.0000 0.05 1
1.875
3.75
6.25
6.25
7.5
16.25
8.75
7.5
17.5
15
14.375
16.25
25
16.25
6.25
31.25
23.125
18.125
30
8.75
10
13.125
10
10
16.25
20
25
30
37.5
19.375
25
26.25
13.75
26.875
21.875
28.125
21.25
41.25
44.375
30.625
37.5
55
48.75
45.625
41.875
67.5
54.375
49.375
85
91.875
97.5
125.625
137.5
135
138.125
153.75
181.25
153.75
156.875
200.625
176.25
174.375
234.375
251.875
270
235
236.875
276.875
295.625
311.25
294.375
320.625
304.375
310
325
338.125
340
361.25
318.75
352.5
371.875
366.875
326.875
363.125
336.25
376.875
312.5
295
301.875
287.5
273.75
254.375
233.75
249.375
251.25
297.5
207.5
252.5
313.125
291.25
318.75
306.875
311.25
299.375
250.625
292.5
310.625
293.75
327.5
273.125
281.875
301.25
273.125
322.5
290.625
316.25
247.5
300
353.125
316.25
315
315.625
330
359.375
343.75
381.875
399.375
379.375
390
392.5
396.875
429.375
453.75
468.75
451.25
441.25
454.375
438.125
448.125
415
407.5
428.75
381.25
360
316.875
350
330
312.5
313.75
330
305
275.625
218.75
253.75
248.75
303.125
278.75
248.125
270.625
227.5
320
285
329.375
305
299.375
291.875
284.375
295.625
351.875
291.25
325
351.875
371.25
354.375
259.375
290.625
213.125
288.125
345
268.125
264.375
266.875
257.5
236.25
245
249.375
264.375
325
241.25
226.875
239.375
223.75
180
248.75
255
280
256.25
306.875
253.125
265
257.5
206.25
201.875
269.375
255
326.25
344.375
342.5
356.25
275
366.875
295
511.25
535.625
510.625
424.375
364.375
263.75
230.625
206.875
166.875
118.125
55
36.25
11.875
3.75
1.25
4.375
1.25
0
0
0
0
0
0
0
0
0
0
2.5
0
