0.006319 -0.005861 0.004443
-0.006495 0.001305 0.002903
0.010882 0.003343 -0.000825
0.002082 -0.000402 -0.003203
0.007398 0.004655 -0.004204
-0.000519 -0.000773 -0.000184
-0.006254 0.000104 -0.004235
-0.005278 0.005742 0.000335
-0.006953 0.002332 -0.008268
0.006114 0.001366 -0.002457
-0.003364 -0.002214 0.004127
-0.006016 -0.002997 0.002625
-0.001783 -0.005821 0.008691
-0.006142 0.002548 0.001453
0.005343 0.000489 -0.005127
0.002327 -0.001795 0.001907
0.010815 0.001924 0.001321
-0.007452 0.001409 0.002580
0.010475 0.003372 0.000716
0.002337 0.000824 -0.002519
0.008743 0.002509 -0.002814
-0.000223 -0.003337 -0.001079
-0.004430 -0.002259 -0.004993
-0.004905 0.004919 0.000044
-0.009851 0.001712 -0.007694
0.005060 -0.001167 -0.002382
-0.003399 -0.003088 0.004359
-0.006125 -0.002778 0.001914
-0.001707 -0.004596 0.010289
-0.006802 0.000709 -0.000605
0.005103 -0.000446 -0.004998
0.002853 -0.002336 0.000942
0.016729 -0.008921 -0.003107
-0.009005 -0.007267 -0.002780
0.010674 0.004526 -0.000359
0.001681 0.002087 -0.003176
0.004949 -0.002605 0.000575
-0.000908 0.003917 -0.000234
-0.050712 -0.041167 -0.005930
-0.004931 0.005314 0.000645
0.020546 -0.023257 -0.006631
0.047988 -0.039377 -0.003557
-0.003296 -0.002351 0.004725
-0.007755 -0.004809 0.003599
-0.001677 -0.006018 0.008530
-0.002848 -0.005231 0.004978
0.005409 0.001298 -0.005341
0.002946 -0.001699 0.000654
0.010685 0.003432 0.002755
-0.005221 -0.001375 0.001166
0.010587 0.004919 -0.001509
0.002078 -0.000002 -0.003161
0.008766 0.002446 -0.002812
-0.001138 -0.002650 -0.000461
-0.003106 -0.002360 -0.004772
-0.005027 0.005010 -0.000207
-0.009989 0.000142 -0.007990
0.003936 -0.001892 -0.002549
-0.003876 -0.002529 0.005711
-0.006126 -0.003077 0.002655
-0.002180 -0.003280 0.008596
-0.006525 0.002875 -0.002378
0.004143 0.000756 -0.005132
-0.001771 -0.010962 0.005377
0.010764 0.001952 0.001247
-0.009384 -0.006676 -0.001165
0.010548 0.003751 -0.000104
0.001980 0.000974 -0.004508
0.009172 0.003552 -0.003941
-0.001140 -0.003367 -0.000199
-0.003631 -0.001162 -0.005153
-0.005649 0.004952 0.000130
-0.008832 0.000916 -0.007471
0.004050 -0.000123 -0.002491
-0.003560 -0.001291 0.004395
-0.005935 -0.002643 0.002803
-0.001710 -0.004426 0.010622
-0.006153 0.000922 -0.000584
0.003786 0.000504 -0.005431
0.002476 -0.002488 0.000651
0.010160 0.001052 0.001290
-0.004907 -0.001699 0.001377
0.012017 -0.023315 0.038523
0.007163 -0.010295 0.002086
0.007218 0.005060 -0.004219
-0.000789 -0.002902 0.000342
-0.004439 -0.002297 -0.004739
0.010797 -0.009987 0.000226
-0.009358 0.001903 -0.007473
0.005194 -0.000993 -0.002225
-0.001782 0.004021 0.004656
-0.003918 -0.002188 0.001193
-0.001390 -0.004913 0.010446
-0.005302 0.000738 -0.000722
-0.010717 -0.013372 -0.005100
0.002343 -0.000367 0.000882
0.010734 0.003117 0.000159
-0.005315 -0.000381 0.002029
0.010684 0.004525 -0.000979
0.002067 -0.000120 -0.003345
0.008887 0.003549 -0.004342
-0.000736 -0.004125 -0.000224
-0.004024 -0.001946 -0.004970
-0.004809 0.005642 -0.000484
-0.009079 0.000602 -0.007923
0.004680 -0.000726 -0.002502
-0.002805 -0.002448 0.003568
-0.007182 -0.001139 0.003193
-0.004766 -0.031055 -0.023713
-0.002550 -0.005156 -0.005265
0.005658 0.000864 -0.004715
0.006794 -0.011551 -0.004334
0.010268 0.003167 0.001046
-0.004585 -0.000481 0.003098
0.009125 0.006998 0.000498
-0.001159 -0.007927 -0.007569
0.005447 -0.002349 0.000336
-0.002781 -0.002982 -0.001431
-0.003895 -0.001189 -0.005024
-0.025750 -0.014672 0.000280
-0.008397 0.000709 -0.008132
0.004473 0.000298 -0.002492
-0.003005 0.000607 0.004611
-0.008075 -0.001935 0.003014
-0.001130 -0.006229 0.010277
-0.000274 -0.005487 -0.000476
0.020456 -0.014190 -0.005748
0.002424 -0.003464 0.000950
-0.012961 -0.000306 0.001785
0.003184 0.009034 0.001392
-0.002455 0.002095 0.001121
-0.004748 0.003730 0.003154
-0.004191 -0.020728 0.000297
0.007746 -0.001002 0.000033
0.005144 0.001240 -0.002911
0.003055 0.000852 -0.000335
0.009518 0.009845 0.001841
-0.000987 -0.009090 -0.006165
0.002476 0.003574 0.006522
-0.022491 -0.005113 -0.005210
0.002792 0.004215 0.011649
-0.001596 -0.003545 -0.009194
0.015847 0.003323 0.000432
-0.004787 0.002416 0.006754
-0.013904 -0.000799 0.002686
0.004758 -0.026211 -0.021016
-0.001816 0.001419 0.002088
-0.003884 0.003552 0.002766
-0.003418 0.007219 -0.001350
0.005763 -0.000142 -0.001171
0.004371 0.000008 -0.003751
0.003331 -0.000072 -0.000814
0.009860 0.006464 0.003648
-0.000773 -0.007656 -0.006363
0.003355 0.003151 0.005505
-0.027491 -0.013334 -0.008632
0.002631 0.004285 0.011528
-0.000515 -0.006910 -0.010373
0.019584 0.001860 0.000452
-0.005903 0.000679 0.007416
-0.009776 -0.006663 -0.002010
0.005209 -0.003666 0.001133
-0.005368 -0.004385 -0.001784
-0.004398 0.005018 0.002406
-0.003926 -0.023040 -0.002714
0.004692 -0.000869 -0.001031
0.008434 -0.005423 -0.008545
0.005058 -0.001561 0.001983
0.010274 -0.004203 -0.018571
-0.009974 0.478109 -0.007235
-0.000786 -0.001677 0.009039
-0.022453 -0.003025 -0.005144
0.001791 0.008263 0.011577
-0.001371 -0.017166 0.008605
-0.003350 -0.017730 0.000016
-0.001428 -0.005524 0.011812
-0.013535 0.000984 0.004542
0.004790 -0.003573 0.001103
-0.001677 0.002426 0.003721
-0.004501 0.005352 0.002617
-0.003338 0.006592 -0.001003
0.005903 -0.001506 -0.000871
0.004265 -0.000508 -0.003858
0.002740 0.000214 -0.001004
0.009957 0.002424 -0.001041
-0.001061 0.003220 -0.006243
0.003284 0.004522 0.003908
-0.022520 -0.004823 -0.004856
0.002783 0.005604 0.011107
-0.001324 -0.010819 -0.006373
0.019175 0.000514 0.000381
-0.006236 0.000259 0.006799
-0.013791 -0.001094 0.002654
0.004901 -0.025733 0.023479
-0.001782 0.001431 0.002238
-0.004602 0.003570 0.002189
-0.003643 0.005249 -0.001536
0.005649 -0.001727 -0.001665
0.004451 -0.000815 -0.003722
0.002906 -0.000098 0.000061
0.009852 0.006019 0.003009
-0.000527 -0.007554 -0.005788
0.003612 0.003797 0.005369
-0.017605 -0.013951 -0.000976
0.002562 0.004398 0.011870
-0.000624 -0.006723 -0.010855
0.018275 0.000916 0.000019
-0.005507 0.001149 0.007211
-0.007015 -0.007530 0.003408
0.005516 -0.021028 0.018463
-0.008304 -0.004757 0.002165
-0.005750 0.004852 0.002984
-0.003260 0.007085 -0.001533
0.004167 -0.003697 -0.002670
0.007916 -0.006241 -0.009238
0.001362 0.000885 -0.000611
0.010167 0.004989 0.002603
-0.001047 -0.007600 -0.005732
0.001617 0.002384 0.005755
-0.022792 -0.003737 -0.006142
0.002360 0.003821 0.011341
-0.000172 -0.006782 -0.010187
0.018974 0.002044 -0.000009
-0.004849 0.003031 0.006213
-0.009529 -0.006131 0.007170
0.004740 -0.001916 0.000910
-0.005800 -0.004053 0.005190
-0.003034 0.001586 0.000853
-0.004043 0.006779 -0.001926
0.006240 -0.001421 -0.001517
0.004507 0.000287 -0.003720
0.003197 0.000867 -0.000384
0.009632 0.004391 0.001683
-0.001473 -0.007049 -0.006401
-0.000992 -0.001279 0.002282
-0.022178 -0.004475 -0.005025
0.002230 0.012630 0.012081
-0.000397 -0.008592 -0.009580
0.018507 0.000931 -0.000148
-0.006300 0.001325 0.006213
-0.011288 -0.002085 0.002765
0.004635 -0.020294 -0.015829
-0.004190 0.000896 0.002478
-0.003413 0.004636 0.002399
-0.003450 0.004950 -0.001414
0.006101 -0.000208 -0.001107
0.005118 0.001116 -0.003396
0.004027 0.000648 -0.000586
0.009882 0.006342 0.002068
-0.000254 -0.007606 -0.006656
0.000425 0.000619 0.004992
-0.022210 -0.003828 -0.004876
0.002681 0.003307 0.011860
0.001085 -0.007645 -0.010612
0.017820 0.001086 -0.000387
-0.001757 -0.005369 0.012327
