2176.0000 0.05 1
1.875
3.75
6.25
6.25
7.5
16.25
8.75
6.25
17.5
16.25
14.375
16.25
25
16.25
6.25
31.25
23.125
18.125
28.75
10
10
13.125
10
10
16.25
20
25
30
37.5
19.375
23.75
27.5
13.75
26.875
21.875
28.125
21.25
41.25
44.375
30.625
37.5
55
48.75
45.625
41.875
67.5
54.375
48.125
85.625
92.5
98.75
123.125
138.125
135.625
137.5
155
180.625
152.5
156.875
200.625
176.875
175.625
233.125
251.875
269.375
236.25
234.375
281.875
291.25
311.25
297.5
319.375
303.125
310
325
339.375
340.625
364.375
314.375
353.125
372.5
364.375
330
363.125
330.625
381.25
313.75
293.75
304.375
285
272.5
255.625
233.75
249.375
251.25
298.125
207.5
250.625
311.25
293.125
316.875
312.5
307.5
298.125
251.875
295
309.375
296.25
323.75
275.625
280.625
302.5
272.5
320.625
291.25
318.75
246.25
300.625
351.875
315.625
313.75
317.5
326.25
363.125
343.75
381.25
397.5
380.625
391.25
393.75
393.125
432.5
451.25
470
454.375
442.5
448.125
440.625
446.875
418.75
404.375
428.125
382.5
360
313.75
355.625
327.5
312.5
315
329.375
304.375
275.625
217.5
254.375
249.375
303.125
281.25
244.375
273.75
224.375
320
288.75
326.25
303.125
302.5
290.625
283.75
296.875
351.875
290
324.375
351.25
372.5
355
263.75
285.625
213.125
289.375
346.25
264.375
266.875
264.375
261.25
235
245
249.375
263.75
328.125
239.375
226.25
237.5
226.25
176.875
251.25
255
280
256.875
305.625
252.5
266.25
255.625
207.5
201.25
270.625
255
326.25
344.375
342.5
355
274.375
368.75
294.375
510.625
538.125
510
423.75
366.875
264.375
228.125
203.125
166.875
116.25
63.75
33.125
11.25
3.75
1.875
3.75
1.25
0
0
0
0
0
0
0
0
0
0
2.5
0
