0.010904 0.003428 0.001426
-0.006022 -0.001388 0.001881
0.011271 0.003522 0.000827
0.002093 0.001470 -0.003218
0.009647 0.002495 -0.002256
-0.001003 -0.003641 -0.000675
-0.004328 -0.002169 -0.005907
-0.005090 0.005913 -0.000881
-0.008084 0.000823 -0.007624
0.005234 -0.000584 -0.004010
-0.003195 -0.002338 0.005657
-0.005861 -0.003845 0.002636
0.001911 -0.009413 0.004795
-0.005822 0.000381 0.006776
0.005301 0.000745 -0.003709
-0.001897 0.001923 -0.005302
0.010518 0.001298 0.001524
-0.002052 0.003236 -0.004349
-0.034003 0.005190 -0.031269
0.004280 -0.041536 -0.036638
0.004820 -0.001596 -0.009127
-0.001903 -0.001884 -0.003012
-0.004251 -0.002346 -0.004243
-0.001280 0.000833 -0.008698
-0.009006 0.000891 -0.003260
0.005258 -0.001343 -0.002995
0.000840 0.001830 -0.004945
-0.005714 -0.001836 0.002590
-0.001696 -0.005550 0.008199
-0.004944 0.000768 -0.001318
0.006454 0.001950 -0.004844
0.000724 -0.002249 0.001653
0.010679 0.035826 -0.026192
-0.002685 -0.001671 -0.002327
0.011897 0.004925 0.000907
0.002198 0.001478 -0.003369
0.007887 0.002485 -0.003407
-0.002023 -0.003006 -0.000205
0.014481 -0.001948 -0.024157
-0.004982 0.006146 0.001570
-0.007997 0.000569 -0.007917
0.006114 -0.001079 -0.031636
-0.003382 -0.002474 0.003621
-0.007884 -0.036768 -0.026193
0.001464 -0.000293 0.004578
-0.006121 -0.000426 0.005259
0.003299 -0.000629 -0.008285
0.002926 -0.002722 0.001576
0.010039 0.002398 0.000220
-0.006920 -0.001489 0.001662
0.010724 0.003700 -0.000021
0.002131 0.001307 -0.002816
0.009243 0.002630 -0.002688
-0.000866 -0.003895 -0.000602
-0.005090 -0.002117 -0.006308
-0.005132 0.005499 -0.000569
-0.009258 -0.000002 -0.008245
0.005283 -0.000484 -0.003562
-0.003171 -0.002378 0.003595
-0.006781 -0.006015 -0.002171
-0.002567 -0.006344 0.011207
-0.005326 -0.000171 0.003301
0.003903 0.000948 -0.006913
0.001672 -0.002752 0.002794
0.011050 0.001445 0.001632
-0.002055 -0.005664 -0.004312
0.011291 0.004119 -0.000054
0.002057 -0.000741 -0.003218
0.005278 0.006656 -0.008901
-0.000906 -0.003284 0.001024
-0.004279 -0.002375 -0.004426
-0.005273 0.004739 0.000744
-0.008695 0.000909 -0.008669
0.005235 -0.001272 -0.002915
-0.003711 -0.000842 0.005628
-0.006270 -0.001416 0.002491
-0.002638 -0.005339 0.010202
-0.005445 0.000309 -0.000863
0.004048 0.001658 -0.005603
0.002604 -0.002423 0.000795
0.010469 0.001562 0.002000
-0.006432 0.000122 0.003295
0.010367 0.003613 0.003097
0.002748 0.000001 -0.001225
0.009493 0.000603 -0.001167
-0.001735 -0.002816 -0.000816
-0.004667 -0.002136 -0.005649
-0.008179 0.009934 -0.007840
-0.008449 0.001046 -0.005413
0.005309 -0.001076 -0.001428
-0.006598 -0.006290 -0.003948
-0.005750 -0.001373 0.002157
-0.000843 -0.005163 0.009484
-0.005722 0.000398 -0.001438
0.002734 0.001218 -0.005505
-0.001314 0.000881 -0.003321
0.009766 0.003298 0.003134
-0.005142 -0.001330 0.001237
0.010742 0.004251 0.000024
0.002293 0.002007 -0.003264
0.002152 0.002588 -0.009442
0.000300 -0.004220 -0.000324
-0.019029 -0.002219 -0.019158
-0.004913 0.005851 -0.000502
-0.008655 0.001251 -0.007935
0.005811 0.000294 -0.032967
-0.003330 -0.001927 0.003729
-0.007970 -0.002417 0.005540
-0.002678 -0.004495 0.011089
-0.005448 -0.000033 0.002586
0.005276 0.000568 -0.005077
0.002566 -0.002099 0.001117
0.010633 0.001381 0.001276
-0.005931 -0.002938 0.003197
0.010446 0.004380 -0.000838
0.002641 -0.002391 -0.007039
0.009778 0.004303 -0.001357
-0.002055 -0.002676 -0.002403
-0.004584 -0.002034 -0.005741
-0.004438 0.007428 0.001043
-0.008422 0.000464 -0.006774
0.005237 -0.001135 -0.001375
-0.002912 -0.003881 0.005551
-0.006307 -0.001941 0.002914
-0.002794 -0.005326 0.009979
-0.005787 0.000257 -0.000722
0.004118 0.001739 -0.005703
0.003341 -0.003703 0.001769
-0.012280 -0.001315 0.002530
0.004235 -0.002731 0.001313
-0.002864 0.001376 0.000509
-0.004016 0.004683 0.003089
-0.003310 0.007837 -0.001298
0.006288 -0.001956 -0.000251
0.003945 -0.000555 -0.003489
0.003228 -0.000503 0.000400
0.008551 0.005417 0.002561
-0.000508 -0.007365 -0.005729
0.001784 0.002877 0.005294
-0.022501 -0.003892 -0.005471
0.002828 0.004547 0.012131
-0.004015 -0.003528 -0.013066
0.017812 0.017719 -0.017696
-0.005012 0.000065 0.007834
-0.011764 -0.001596 0.003186
0.005654 -0.001518 -0.001221
-0.002875 0.000830 0.000914
-0.005971 0.004227 0.003573
-0.003695 0.006469 -0.002083
0.009343 0.025839 -0.018187
0.030870 -0.000496 -0.024234
0.006251 0.003386 -0.004924
0.009158 0.005401 0.002512
-0.000952 -0.005857 -0.004999
0.023959 0.003099 -0.016789
-0.017343 -0.006508 -0.009771
0.001857 0.004290 0.012275
-0.002300 -0.007583 -0.010556
0.018051 0.001063 -0.000993
-0.004752 0.000863 0.008522
-0.014521 -0.001386 0.007169
0.005549 -0.002425 0.001361
0.010725 0.012957 0.473013
-0.008263 -0.000624 -0.003098
-0.000675 0.010501 -0.010671
0.005895 -0.002273 -0.000541
0.003755 -0.000912 -0.003626
0.008132 0.003107 -0.005459
0.023438 0.005768 -0.000376
0.001869 -0.009633 -0.015458
0.002043 0.003046 0.005699
-0.020700 -0.003709 -0.003902
0.004490 0.004110 0.009405
-0.004566 -0.011502 -0.013579
0.017546 -0.016982 -0.018409
-0.022289 -0.000121 -0.001090
-0.012732 -0.001740 0.004079
0.004772 -0.002856 0.001122
-0.002278 0.002655 0.013702
-0.004209 0.004219 0.002626
-0.003304 0.005132 -0.001233
0.005959 -0.002518 -0.000985
0.003820 -0.000630 -0.004176
0.002938 -0.000050 -0.000111
0.008762 0.005413 0.001424
-0.000511 -0.004553 -0.005751
0.002622 0.003116 0.004466
-0.023320 -0.002852 -0.004250
0.003005 0.004444 0.010535
0.000403 -0.006720 -0.007721
0.018407 -0.016366 -0.018147
-0.004828 0.000010 0.007368
-0.012179 -0.001111 0.003383
0.004637 -0.002849 0.002270
-0.002911 0.001656 0.000824
-0.004231 0.004436 0.002503
-0.003476 0.006490 -0.000277
0.005894 -0.000596 -0.000560
0.003477 -0.000863 -0.004211
0.002554 -0.000787 0.000341
0.008948 0.005815 0.002317
-0.001043 -0.006214 -0.006566
0.003213 0.002899 0.004131
-0.022045 -0.004281 -0.004706
0.002362 0.004657 0.011732
0.000559 -0.007671 -0.009182
0.018067 0.000893 0.001341
-0.005074 0.000380 0.008351
-0.013499 -0.001007 0.003580
0.004550 -0.002560 0.001872
-0.002301 0.001395 0.000962
-0.008774 0.000579 -0.001712
-0.003453 0.006420 -0.002422
0.006554 -0.000298 0.001525
0.003534 -0.000940 -0.001519
0.004712 -0.000194 0.000751
0.009399 0.005379 0.002118
-0.001114 -0.005919 -0.007376
-0.020849 0.003066 -0.018039
-0.021480 -0.002780 -0.002518
0.002660 0.005359 0.011753
0.001194 -0.007586 -0.008765
0.016451 0.001084 0.009412
-0.005742 0.000106 0.007848
-0.012850 -0.001261 0.003969
0.004209 -0.001747 0.001788
-0.002363 0.001184 -0.001830
-0.005356 0.004657 0.004223
-0.007240 0.002247 -0.010941
0.005878 -0.002079 -0.000313
0.003801 -0.001154 -0.004196
0.004504 -0.000881 0.001397
0.010656 0.005886 0.004372
-0.005234 -0.002413 -0.016153
0.002662 0.002905 0.004929
-0.018641 -0.006617 -0.008998
0.002033 0.004913 0.012274
-0.000051 -0.007943 -0.008312
0.017965 0.022426 -0.023526
-0.005514 0.000254 0.010961
-0.013791 -0.001915 0.003240
0.004615 -0.002950 0.000799
-0.002597 0.000799 0.001011
-0.003687 0.005548 0.003546
-0.003366 0.006447 -0.002886
0.006682 0.000878 -0.003832
0.003442 -0.000863 -0.004413
0.003185 -0.000109 -0.000402
0.009426 0.005506 0.002092
-0.000781 -0.006042 -0.007088
0.001244 0.002967 0.003945
-0.022596 -0.004135 -0.005148
0.002653 0.004296 0.011294
0.001562 -0.006941 -0.009242
0.017693 0.000840 -0.000415
-0.005616 0.000598 0.007636
