0.008802 0.011605 0.011844
-0.005847 0.010021 0.000980
-0.001150 0.018896 0.000806
0.012493 0.008471 -0.002555
-0.000332 0.018865 -0.006340
-0.009523 0.001250 -0.001987
-0.002187 0.001930 0.001788
0.001076 -0.014974 -0.003371
-0.006453 -0.012451 -0.002332
-0.010814 -0.005472 -0.001745
0.010856 -0.006226 0.000235
-0.009439 -0.006029 -0.003332
0.002794 -0.006633 0.001142
0.003408 -0.018936 -0.001542
-0.004198 -0.000554 0.000323
0.015377 -0.015372 -0.000978
-0.003003 0.010616 0.011819
-0.003699 0.002072 -0.001446
-0.001204 0.019242 -0.000143
0.010730 0.008198 -0.003668
-0.002151 0.015154 -0.005213
-0.010231 0.000202 -0.003235
0.000859 0.003336 0.003950
-0.002002 -0.015220 -0.000649
-0.003463 -0.012061 -0.000282
-0.012720 -0.002667 -0.001063
0.011903 -0.007683 -0.000030
-0.013193 -0.006967 -0.003973
0.004960 -0.007656 0.003438
0.003984 -0.020040 -0.001255
-0.004090 0.003115 0.005305
0.014573 -0.011229 0.003402
-0.003692 0.010544 0.011624
-0.000693 0.002451 0.004305
-0.001238 0.019528 0.001292
0.013627 0.005287 -0.002907
0.008067 0.015181 -0.005293
0.001221 -0.000283 -0.002210
0.020711 0.014241 0.008156
0.007544 -0.015194 -0.002123
0.046379 -0.042371 0.055222
-0.011379 -0.004787 -0.001615
0.011656 -0.007462 0.000395
-0.017299 -0.006238 -0.002582
0.005332 -0.007190 0.004711
0.003658 -0.020501 0.000528
0.004459 0.009858 -0.015380
0.014747 -0.011675 0.002385
-0.002427 0.011666 0.011682
-0.008229 0.000537 0.000118
-0.002848 0.019384 0.001121
0.013349 0.010220 0.002544
-0.002339 0.016448 -0.006456
-0.006319 0.004024 -0.002017
0.000314 0.002935 0.004656
-0.001151 -0.015834 -0.002050
-0.003498 -0.011314 -0.001851
-0.009958 -0.005257 -0.002534
0.011520 -0.006382 0.000801
-0.009059 -0.005959 -0.002647
0.006584 -0.010025 0.006342
0.003005 -0.019664 -0.000013
-0.002979 0.000169 0.001906
0.013710 -0.013492 0.006127
0.000494 0.010747 0.012447
-0.009617 0.003662 0.000444
0.000387 0.019201 0.000661
0.007899 0.010068 -0.003164
-0.000304 0.020827 -0.003873
-0.010059 0.001000 -0.002206
-0.001300 0.002630 0.007236
0.001301 -0.016228 -0.002486
-0.003056 -0.011398 -0.001534
-0.011316 -0.005963 -0.001495
0.010176 -0.005944 0.000667
-0.009954 -0.007707 -0.001576
0.011906 -0.008008 0.003724
0.002745 -0.019037 -0.000008
0.000259 0.004546 -0.002495
0.013240 -0.010796 0.001472
0.000216 0.010472 0.011756
-0.010615 0.001211 0.000220
-0.001023 0.019619 0.001379
0.011220 0.007829 -0.002408
-0.002832 0.015895 -0.006303
-0.008633 -0.001139 -0.008238
-0.000393 0.003789 0.004373
-0.000327 -0.014837 -0.002919
-0.001941 -0.011226 -0.001404
-0.011957 -0.004374 -0.002745
0.010527 -0.006758 0.000952
-0.009805 -0.006541 -0.002677
0.002279 -0.007708 0.003391
0.003249 -0.018950 -0.001409
-0.002533 -0.000123 0.003138
0.014235 -0.010846 0.002593
0.009349 0.009748 0.012163
-0.004867 -0.010028 -0.000216
0.010614 0.063319 0.001793
0.024999 0.009219 -0.002914
-0.001036 0.012750 -0.005995
-0.007397 -0.000738 0.001541
-0.000767 0.003777 0.004527
0.001027 -0.018012 -0.005590
-0.005124 -0.011209 -0.001878
0.037817 0.025748 -0.069570
0.013131 -0.007596 0.001834
-0.008437 -0.004109 -0.005008
0.002537 -0.008913 0.003118
0.002198 -0.019640 -0.003241
-0.003855 -0.000151 0.002211
0.014795 -0.012132 0.003650
-0.002440 0.011845 0.012629
-0.007621 0.000723 0.000399
-0.003212 0.019040 0.001113
0.013169 0.010311 -0.007823
-0.003840 0.017013 -0.004760
-0.011273 -0.000660 -0.002254
0.001433 0.003093 0.004538
-0.002535 -0.015942 -0.002710
-0.002552 -0.010638 -0.001411
-0.012342 -0.005340 -0.001365
0.011389 -0.006159 0.000221
-0.008528 -0.006298 -0.003987
0.003465 -0.007523 0.004165
0.003751 -0.019025 -0.001411
-0.003523 0.000231 0.001231
0.022492 -0.022768 -0.016386
0.000762 0.003521 -0.004823
0.006181 0.007525 -0.002563
-0.011606 0.010102 0.002641
0.011791 0.030365 -0.002146
-0.000764 -0.003142 -0.000463
0.002059 0.003298 -0.009764
-0.009004 -0.004083 0.000564
0.003391 0.005497 -0.000043
0.000670 0.007610 -0.001809
0.019749 -0.013416 0.004817
-0.007757 0.009908 0.002027
-0.005203 -0.000743 0.000502
0.011529 -0.005454 0.000096
-0.003511 -0.005729 0.004594
0.001220 -0.007898 0.001255
-0.013671 -0.007533 0.005815
-0.001296 0.001775 -0.005291
0.010009 0.008142 -0.001748
-0.010782 0.010840 0.003059
0.007723 0.019830 -0.001206
0.000104 -0.000720 -0.000201
0.001949 0.004243 -0.009454
-0.007622 -0.001824 0.001166
-0.002202 0.005421 -0.001208
0.000806 0.008829 -0.001407
0.017415 -0.011486 0.002747
-0.009331 0.010692 0.002372
-0.004693 -0.000727 0.000464
0.010307 -0.005737 -0.001426
-0.004103 -0.005279 0.004012
0.010683 -0.009440 0.002066
-0.017547 -0.009668 -0.002706
0.006110 -0.013151 -0.005670
0.010212 0.008548 -0.003924
-0.011478 0.010664 0.001571
0.007497 0.019290 -0.004009
-0.002003 -0.000160 -0.000326
0.000619 0.006255 -0.010688
0.029611 -0.025228 0.001578
0.003078 0.005632 0.000301
0.013942 0.018413 -0.004664
0.016034 -0.010961 0.003421
-0.006995 0.007419 0.005983
-0.005685 -0.001358 -0.000983
0.065912 -0.033826 -0.053327
-0.005064 -0.003537 0.004521
0.010556 -0.011759 0.000344
-0.010859 -0.003298 0.017669
0.004182 0.012040 -0.004887
0.005424 0.009339 -0.002833
-0.009555 0.010531 0.003606
0.006964 0.023249 -0.001701
-0.002053 -0.003156 -0.000667
0.002765 0.004185 -0.009418
-0.008468 -0.001834 0.000714
0.003380 0.006603 0.001289
-0.001841 0.007263 -0.002876
0.017829 -0.010901 0.000843
-0.008585 0.009723 0.001737
-0.003430 0.002614 -0.003155
0.012061 -0.005599 0.000172
-0.004582 -0.005720 0.004070
0.008945 -0.010100 0.001670
-0.016061 -0.011704 0.000816
0.000876 0.003768 -0.005011
0.005247 0.007029 -0.002229
-0.010278 0.010323 0.001855
0.004260 0.022638 -0.001501
0.003816 -0.002350 -0.000766
0.029344 0.006847 -0.010892
-0.007989 -0.005331 0.001276
-0.002000 0.004003 -0.000205
0.000558 0.007648 -0.002246
0.016722 -0.010335 0.002323
-0.007720 0.009048 0.002143
-0.006493 0.000054 -0.000394
0.008203 -0.007024 0.000230
-0.003505 -0.005941 0.003779
0.006687 -0.011069 0.002622
-0.017732 -0.012565 0.002843
0.005984 0.000944 -0.009272
0.005825 0.008899 -0.002143
-0.008724 0.010882 0.002859
0.007268 0.022884 -0.001510
0.000028 -0.001458 -0.000715
0.002165 0.001286 -0.009714
-0.008174 -0.001723 0.000758
0.002717 0.005689 -0.000169
-0.001791 0.008540 0.000724
0.017679 -0.012358 0.003432
-0.009088 0.008008 -0.001090
-0.005680 -0.000381 0.001905
0.010003 -0.005316 0.000711
-0.003998 -0.004173 0.006146
0.010498 -0.010020 0.002065
-0.016728 -0.011619 0.000867
0.003359 0.002017 -0.002921
0.007856 0.008114 -0.002823
0.004317 -0.024191 0.004266
0.016615 0.022456 -0.002477
0.058167 0.021719 0.004812
0.034062 0.002621 -0.009668
-0.009093 -0.001446 0.000364
-0.552741 -0.020405 0.003246
-0.001640 0.007885 -0.004874
0.019624 -0.007440 0.005296
-0.000451 -0.000212 0.018499
0.002833 -0.000275 0.001987
0.012315 -0.005233 0.000168
0.052319 0.025049 0.063431
0.010123 -0.009950 0.002274
-0.014848 -0.013550 0.000515
-0.001105 0.003574 -0.005035
0.008024 0.008538 -0.002545
-0.009175 0.010760 0.001027
0.006450 0.022890 -0.001475
-0.000969 -0.003713 0.000144
0.000325 0.007070 -0.010096
-0.004293 -0.002715 0.001031
0.002415 0.006380 -0.001420
-0.001184 0.007786 -0.001649
0.026149 -0.011020 0.002625
-0.008207 0.009818 0.002025
-0.004088 -0.001934 0.000195
0.011459 -0.004664 0.000880
-0.003270 -0.005260 0.004656
0.010404 -0.008976 0.003943
-0.015629 -0.012215 0.001549
