0.013117 0.001628 0.001136
-0.004640 0.000087 0.001687
0.010465 0.004730 0.000165
0.001150 0.000301 -0.003433
0.008895 0.002595 -0.002544
-0.001288 -0.003532 0.000336
-0.003908 -0.000514 -0.004587
-0.004876 0.005803 -0.000333
-0.007777 -0.001288 -0.007155
0.004021 -0.001197 -0.002351
-0.008397 0.001794 0.002028
0.002821 -0.003193 0.002305
-0.001503 -0.004996 0.009599
-0.006865 0.000677 -0.000833
0.005517 0.000627 -0.005832
0.001814 -0.000847 0.001477
0.010172 0.002174 0.000725
-0.009333 -0.004307 0.001284
0.012828 0.003064 -0.001601
0.001203 0.000587 -0.003206
0.008458 0.002196 -0.002860
0.001113 -0.002122 0.000741
-0.004034 -0.001030 -0.004457
-0.004815 0.005694 -0.000246
-0.018625 -0.003748 -0.012765
0.006357 -0.000877 -0.002179
-0.004912 -0.002540 0.003868
-0.005820 -0.002904 0.001769
-0.001528 -0.004752 0.009267
-0.004440 0.000610 -0.000519
0.005984 0.000088 -0.006179
0.002224 -0.001869 0.000736
0.013259 0.002626 0.001251
-0.010059 -0.004926 -0.003122
-0.039071 0.061254 0.002190
0.569248 -0.007552 0.004175
-0.028458 0.045875 -0.001115
-0.040905 -0.006159 -0.047676
-0.014613 0.001843 -0.009247
-0.040366 0.005338 0.040695
-0.019038 -0.002713 -0.012338
0.005142 -0.000739 -0.002671
-0.008968 -0.007314 0.001547
-0.009865 -0.002135 0.002737
0.000064 -0.004605 0.007793
-0.005764 0.000538 -0.000588
0.006448 0.000299 -0.005011
0.002395 -0.002685 0.001211
0.011519 0.002255 0.001172
-0.004282 -0.000028 0.000681
0.010756 0.002885 -0.000215
0.003633 0.000564 -0.003303
0.008657 0.001863 -0.003147
-0.000735 -0.003346 0.000664
-0.005400 -0.002259 -0.005008
-0.004766 0.005671 -0.000841
-0.009193 0.000838 -0.007631
0.004760 -0.001103 -0.002110
-0.002382 -0.002895 0.005900
-0.006805 -0.002541 0.002264
-0.001748 -0.005447 0.009179
-0.005907 0.000452 -0.000738
0.004966 0.001322 -0.005894
0.001954 -0.000405 -0.000385
0.016634 0.002569 0.001667
-0.004115 -0.001716 0.001679
0.010556 0.004004 0.000246
0.001708 0.000418 -0.003465
0.010545 0.002059 -0.001371
0.001618 -0.005480 0.000448
-0.016667 0.003322 -0.010834
-0.004971 0.006110 0.000362
-0.008242 -0.000579 -0.007587
0.005345 -0.003957 -0.002096
-0.002688 -0.002438 0.005193
-0.005398 -0.002309 0.001747
-0.001385 -0.004411 0.009539
-0.006411 -0.000153 -0.000291
0.005383 0.001808 -0.006492
0.001929 -0.001860 0.000810
0.009992 0.002026 0.001580
-0.004631 -0.001095 0.001250
0.013079 0.002926 0.001696
0.001894 0.001018 -0.003251
0.008259 0.002468 -0.002736
-0.001747 -0.003162 -0.000901
-0.004911 -0.002199 -0.004688
-0.003293 0.006731 -0.000746
-0.008140 0.000919 -0.008635
0.004364 -0.000658 -0.002547
-0.001544 -0.002623 0.004901
-0.005729 -0.002775 0.002572
-0.042691 -0.059433 0.008991
-0.005047 0.002408 -0.002580
-0.001745 0.005706 -0.001923
-0.027995 -0.001066 0.000301
0.011691 0.002434 0.001137
-0.010213 -0.004180 0.005947
0.010599 0.003230 -0.000058
0.001768 0.000689 -0.003216
0.007862 0.001858 -0.002939
-0.000817 -0.003781 -0.001033
-0.003748 -0.002507 -0.006273
-0.004800 0.005862 0.000934
-0.007494 0.001124 -0.009479
0.004533 -0.001379 -0.002441
-0.002332 -0.001792 0.005694
0.002356 -0.001981 0.002806
0.000098 -0.004352 0.011086
-0.006315 0.000431 -0.000447
0.003099 0.000606 -0.004036
0.002641 -0.002892 0.000054
0.016967 0.002630 -0.000298
-0.005603 0.000011 0.001316
0.009570 0.004457 -0.000481
0.001430 -0.000060 -0.002956
0.010449 0.002040 -0.004336
-0.001507 -0.002796 -0.000606
-0.004031 -0.002358 -0.005823
-0.003195 0.004473 -0.000547
-0.009163 0.000975 -0.007459
0.006278 -0.001444 -0.002454
-0.003529 -0.002473 0.005633
-0.006097 -0.002448 0.002696
-0.001769 -0.005658 0.009732
-0.004457 0.000413 -0.000399
-0.001654 -0.003535 -0.002192
0.001753 -0.001919 0.001053
-0.012395 0.000058 0.002893
0.004975 -0.002774 0.000428
-0.003705 0.001138 0.002401
-0.005610 0.003790 0.002904
-0.001502 0.008103 -0.001214
0.013615 -0.001149 -0.000821
0.004447 -0.000252 -0.004222
0.002137 -0.000475 -0.000230
0.009970 0.005878 0.002070
-0.001210 -0.006085 -0.006889
0.002760 0.001285 0.005296
-0.022983 -0.004551 -0.005280
0.002113 0.004361 0.012380
-0.004580 -0.003710 -0.009303
0.016624 0.000818 0.000355
-0.009384 0.003247 0.007625
-0.012969 -0.001635 0.002499
0.006402 -0.003689 0.000366
-0.003593 0.001411 0.002505
-0.005322 0.003837 0.003006
-0.003504 0.006249 -0.000517
0.008180 -0.001130 -0.000070
0.005974 0.000045 -0.002929
0.003367 -0.000066 -0.000867
0.010659 0.006345 0.002355
-0.007370 -0.010001 -0.002125
0.002145 0.003006 0.005912
-0.035296 0.008783 -0.006105
0.003064 0.004731 0.011977
-0.005530 -0.004347 -0.013096
0.016927 0.003161 0.002980
-0.004771 -0.000826 0.006899
-0.021948 0.002324 0.006611
-0.023169 -0.002416 0.038284
-0.002202 0.001657 0.002321
-0.019167 0.003798 0.017822
-0.001145 0.004551 -0.000580
0.012509 0.000340 -0.000835
-0.022144 -0.034515 -0.004449
-0.025175 -0.000656 -0.000553
0.011800 0.004582 0.002243
0.001270 -0.006308 -0.004316
-0.007782 -0.001196 0.009870
-0.042545 -0.004409 0.013912
0.004805 0.004877 0.010507
0.002284 -0.007295 -0.009762
0.018199 0.000939 -0.000299
-0.004217 0.000977 0.007561
-0.013097 -0.001679 0.002902
0.005155 -0.002818 -0.000110
-0.003323 0.001086 0.002385
-0.004984 0.004175 0.001718
-0.003425 0.006301 -0.001383
0.005161 -0.001128 -0.001143
0.004380 -0.000135 -0.004501
0.002923 0.000092 -0.000453
0.010679 0.006473 0.001816
-0.000219 -0.006070 -0.006833
0.001689 0.002821 0.005346
-0.023177 -0.004007 -0.005641
0.003636 0.004043 0.012116
-0.000064 -0.008466 -0.009698
0.017285 0.000667 0.000341
-0.005135 -0.000474 0.007670
-0.012788 -0.001327 0.003799
0.006021 -0.001402 0.001176
-0.001717 0.000967 0.002748
-0.005261 0.004289 0.002547
-0.035839 0.005974 -0.043207
0.006809 -0.001129 -0.000802
0.004237 -0.000825 -0.004728
0.003391 0.000882 -0.001497
0.005554 0.002581 -0.001726
-0.007927 -0.001369 -0.001373
0.001890 0.002944 0.005275
-0.042593 -0.023993 -0.005406
0.003224 0.005342 0.012606
0.000232 -0.008533 -0.009359
0.019099 0.000807 0.000125
-0.011445 0.004313 0.012558
-0.012238 -0.000119 0.002885
0.004599 -0.002550 0.001315
-0.001810 0.001207 0.002344
-0.019831 -0.010876 0.002416
-0.003131 0.006420 -0.000449
0.008327 -0.001151 -0.001498
0.005788 -0.000069 -0.005679
0.003360 -0.000107 -0.000400
0.010790 0.006450 0.001762
0.000094 -0.006190 -0.006973
-0.007521 -0.002069 0.010199
-0.023440 -0.003327 -0.005212
-0.003525 0.000317 0.008185
-0.005968 -0.004171 -0.004767
0.019134 0.000741 0.000370
-0.004783 -0.001415 0.008114
-0.012261 -0.001878 0.004177
0.005056 -0.002698 0.002259
-0.003305 0.001262 0.002317
-0.019009 0.004017 -0.012427
-0.003476 0.006407 -0.001128
0.005611 -0.001202 -0.001213
0.004491 0.000076 -0.004604
0.001926 0.000524 -0.000467
0.009622 0.006293 0.001779
-0.004393 -0.005880 -0.003009
0.003026 0.003165 0.007025
-0.043316 -0.003822 -0.025456
-0.000928 0.004962 0.008475
-0.001281 -0.008286 -0.009728
0.017098 0.000914 0.000197
-0.006055 -0.000740 0.007469
-0.024186 0.004473 0.007741
0.004761 -0.002643 0.000969
-0.004527 0.000160 0.002434
-0.019737 0.019467 0.002125
-0.003489 0.006398 -0.002874
0.007072 -0.001129 -0.000910
0.004460 -0.000458 -0.004329
0.003315 0.000377 -0.000088
0.005402 0.002674 0.005688
-0.000026 -0.005680 -0.006844
0.002763 0.001703 0.005538
-0.024068 -0.004388 -0.004879
-0.003080 0.008587 0.007710
0.001171 -0.007578 -0.010508
0.016825 0.000464 0.000076
-0.010875 0.004190 0.003165
