2176.0000 0.05 1
1.11111
4.44444
11.1111
2.22222
11.1111
4.44444
13.3333
11.1111
20
11.1111
6.66667
11.1111
24.4444
23.3333
17.7778
23.3333
26.6667
18.8889
13.3333
32.2222
18.8889
11.1111
2.22222
10
14.4444
16.6667
34.4444
37.7778
25.5556
40
11.1111
26.6667
17.7778
31.1111
24.4444
32.2222
26.6667
27.7778
40
24.4444
32.2222
46.6667
36.6667
47.7778
70
55.5556
56.6667
41.1111
77.7778
108.889
95.5556
126.667
127.778
136.667
148.889
148.889
161.111
190
187.778
206.667
214.444
267.778
192.222
230
234.444
286.667
240
275.556
254.444
263.333
288.889
301.111
317.778
337.778
316.667
350
286.667
347.778
300
312.222
295.556
297.778
295.556
280
312.222
268.889
253.333
281.111
295.556
298.889
314.444
316.667
321.111
305.556
340
314.444
317.778
294.444
294.444
298.889
303.333
287.778
332.222
357.778
318.889
357.778
374.444
358.889
355.556
352.222
336.667
291.111
255.556
220
175.556
160
188.889
241.111
264.444
331.111
350
398.889
417.778
393.333
432.222
413.333
450
402.222
380
356.667
344.444
371.111
347.778
397.778
382.222
375.556
386.667
427.778
404.444
458.889
407.778
404.444
408.889
360
363.333
370
368.889
377.778
434.444
414.444
410
440
401.111
343.333
352.222
322.222
351.111
311.111
327.778
260
284.444
257.778
265.556
266.667
242.222
224.444
274.444
211.111
243.333
217.778
230
261.111
218.889
246.667
236.667
212.222
208.889
225.556
176.667
205.556
176.667
200
173.333
174.444
254.444
237.778
233.333
208.889
218.889
168.889
176.667
196.667
260
238.889
222.222
272.222
242.222
225.556
260
350
340
317.778
303.333
332.222
307.778
331.111
381.111
411.111
432.222
427.778
447.778
434.444
504.444
477.778
502.222
478.889
428.889
348.889
318.889
226.667
115.556
11.1111
1.11111
0
0
0
0
0
0
0
0
0
0
0
0
0
0
0
0
0
0
0
0
0
0
2.22222
0
2.22222
2.22222
2.22222
2.22222
2.22222
0
6.66667
3.33333
0
4.44444
2.22222
0
4.44444
6.66667
0
0
6.66667
1.11111
0
2.22222
0
0
0
2.22222
2.22222
0
