-0.000637 0.012287 0.012493
-0.008571 0.001552 -0.000218
-0.001212 0.017732 0.000689
0.012734 0.008002 -0.001933
-0.001463 0.011374 -0.006942
-0.009197 0.001218 -0.001805
-0.001968 0.001238 0.003680
-0.000219 -0.016039 -0.002721
-0.004683 -0.015773 -0.001082
-0.011581 -0.005016 -0.001648
0.010964 -0.006340 0.000241
-0.010123 -0.006735 -0.003343
0.002196 -0.006490 0.004030
0.004237 -0.019862 -0.000789
-0.004115 0.000517 0.001853
0.013164 -0.013322 0.002373
-0.000686 0.011584 0.011411
-0.011102 0.009354 0.003244
-0.000416 0.020496 -0.000339
0.010540 0.007840 -0.003851
-0.002525 0.014154 -0.004444
-0.009464 0.001032 -0.003076
0.000445 0.003302 0.004757
0.001498 -0.018759 -0.002133
-0.004034 -0.013715 -0.002737
-0.010762 -0.007935 -0.001652
0.010820 -0.006026 0.000938
-0.009833 -0.006189 -0.002370
0.004837 -0.008111 0.003083
-0.003690 -0.007632 -0.000316
-0.003365 0.001204 0.001092
0.013062 -0.011451 0.003129
-0.000013 0.010903 0.012596
-0.008266 -0.001460 0.002315
-0.001157 0.019846 0.000890
0.010751 0.007832 -0.003245
-0.011484 0.013857 -0.014569
-0.009196 -0.002597 0.000103
-0.000205 -0.000200 0.005063
0.002140 -0.018335 -0.002781
-0.002999 -0.015618 -0.000316
-0.010904 -0.007861 -0.002495
0.012345 -0.008786 0.000381
-0.009953 -0.006917 -0.004386
0.004691 -0.007088 0.004272
0.003001 -0.019111 -0.000592
-0.008936 0.052990 0.000845
0.013351 -0.011686 0.002209
0.000060 0.010451 0.012156
-0.009206 0.000946 0.000561
-0.000685 0.019904 0.000599
0.011842 0.007310 -0.000522
-0.000831 0.015709 -0.007017
-0.005428 0.007187 -0.002978
-0.004417 0.009515 0.002347
0.000197 -0.018195 -0.002896
-0.004358 -0.013367 -0.004744
-0.010961 -0.003643 -0.002128
0.010059 -0.006536 -0.000865
-0.009794 0.000056 0.001777
0.002473 -0.007645 -0.000859
0.003065 -0.020199 -0.000837
-0.002708 -0.002259 0.002283
0.012045 -0.010937 0.001425
0.000162 0.011784 0.010870
-0.010545 0.000570 0.000523
-0.002463 0.018700 0.001046
0.011527 0.010069 -0.003058
-0.001518 0.015957 -0.006193
-0.009320 0.000796 -0.002325
-0.008851 0.001422 0.012249
0.001103 -0.015673 -0.002483
-0.000739 -0.011649 -0.001489
-0.012003 -0.006250 -0.001809
0.011449 -0.006330 0.000894
-0.010970 0.004373 -0.003880
-0.004963 0.003827 0.003486
0.003872 -0.017840 -0.000738
-0.004293 0.000633 0.001422
0.014257 -0.009977 0.003356
-0.000141 0.010189 0.013211
-0.008241 0.002141 0.000956
-0.001980 0.018228 -0.001092
0.012468 0.007281 -0.002263
-0.000894 0.014782 -0.006623
-0.008221 -0.002112 -0.004541
0.000820 0.002897 0.005872
0.000311 -0.013471 -0.002290
-0.004610 -0.015597 -0.001353
-0.013328 -0.007129 -0.002284
0.010285 -0.007051 0.000539
-0.004620 0.005116 -0.003546
0.012311 0.004273 0.003606
0.007990 -0.015080 0.001047
-0.003884 0.000171 0.001429
0.013499 -0.011556 0.002698
-0.028332 0.029157 0.053216
-0.009264 0.001992 0.004708
-0.000886 0.087950 -0.077539
0.012234 0.008883 -0.002454
-0.006362 0.021462 -0.005593
0.000306 -0.001228 0.007022
-0.001212 0.004411 0.003948
0.024825 -0.016816 -0.003581
-0.005362 -0.013018 -0.000712
-0.013465 -0.005836 -0.001688
0.011686 0.041463 -0.001033
-0.009842 -0.006691 -0.002855
0.004952 -0.006894 0.003575
0.007690 -0.016757 -0.002314
-0.003464 -0.000123 0.002513
0.059377 0.039120 0.000868
-0.002893 0.010442 0.013645
-0.008344 -0.000140 0.001089
-0.001191 0.019030 0.000150
0.012643 0.078107 0.083330
-0.001757 0.016654 -0.004987
-0.009492 -0.000813 -0.000969
0.000296 0.002955 0.005334
-0.000658 -0.016626 -0.002387
-0.002768 -0.014087 0.002298
-0.034488 -0.003380 -0.001888
0.010674 -0.006789 0.001006
-0.010651 -0.002258 -0.006638
0.002736 -0.010837 0.007502
0.004309 -0.009912 -0.000572
-0.004043 0.000714 0.001185
0.012447 -0.011001 0.005009
-0.000790 0.003116 -0.005588
0.008134 0.008328 0.001100
-0.010717 0.011070 0.001847
0.006710 0.024234 -0.001663
-0.001113 -0.003264 -0.000054
0.002103 0.003971 -0.010994
-0.008450 -0.001190 0.001220
0.003733 0.004946 0.000965
-0.000648 0.008678 -0.002117
0.017764 -0.010387 0.002617
-0.008571 0.011015 0.002265
-0.004824 -0.001120 -0.000364
0.011271 -0.004973 0.000817
-0.003716 -0.005700 0.004286
0.010646 -0.012424 0.002994
-0.012394 -0.005006 0.001367
-0.000257 0.003470 -0.005282
0.006670 0.007059 -0.000053
-0.010214 0.006882 0.000765
0.006806 0.023550 -0.001422
-0.000186 -0.002558 -0.000430
0.001629 0.005449 -0.010041
-0.007925 -0.003972 -0.000387
0.003978 0.005677 0.001299
-0.001034 0.008858 -0.000293
0.017903 -0.012536 0.002945
-0.008720 0.010337 0.002733
-0.004576 0.000037 0.000767
0.011358 -0.005508 -0.000273
-0.003763 -0.004458 0.003965
0.010975 -0.009165 0.000453
-0.020349 -0.006860 0.003739
0.001141 0.003724 -0.005035
0.011555 0.015836 0.000957
-0.010447 0.011600 0.001417
0.006694 0.024086 -0.002521
0.000836 -0.002643 0.000240
0.001888 0.004667 -0.009342
-0.011475 0.004975 -0.002436
0.000996 0.005068 -0.001052
-0.000814 0.007950 -0.002812
0.017470 -0.010450 0.003303
-0.009909 0.013289 0.001088
-0.003940 -0.002280 -0.000717
0.010043 0.005631 0.000138
-0.013935 0.016509 0.004857
0.010961 -0.010547 0.003976
-0.020971 -0.006823 -0.000882
0.024233 0.020229 0.024661
0.005909 0.008321 -0.002033
-0.011038 0.009816 0.000883
0.006961 0.023286 0.001222
0.000577 -0.003507 -0.001311
0.001143 0.003354 -0.011354
-0.007153 -0.003849 0.000172
0.003525 0.005783 -0.000174
0.000618 0.020344 0.018973
0.018507 -0.011017 0.003680
-0.006596 0.014268 0.007634
-0.005584 0.001749 0.000249
0.010561 0.006656 -0.000289
-0.002504 -0.008442 0.000396
0.011087 -0.009248 0.002973
-0.016250 -0.011472 0.001053
-0.001541 0.003902 -0.005033
0.008028 0.009225 -0.002500
-0.009808 0.010453 0.002892
0.007609 0.023176 -0.002031
-0.000526 -0.002074 -0.000534
0.001289 0.004621 -0.008726
-0.008903 -0.002537 0.000661
0.003018 0.006289 -0.000118
-0.000352 0.006904 -0.001337
0.016865 -0.012506 0.003596
-0.006415 0.008596 0.001776
-0.003852 -0.001170 0.000093
0.011017 -0.004902 -0.000432
-0.003926 -0.005518 0.004276
0.010443 -0.009556 0.001693
-0.019312 -0.013144 0.001167
0.000168 0.003464 -0.004403
0.009761 0.007902 -0.003063
-0.008444 0.008361 0.004010
0.007748 0.022316 -0.000911
-0.000051 -0.002446 -0.000939
-0.000291 0.004220 -0.011323
-0.007444 -0.001935 -0.000501
0.002102 0.003623 -0.002767
0.000088 0.007333 -0.002869
0.017704 -0.010691 0.003441
-0.009750 0.009472 0.001769
-0.004867 -0.000291 -0.000208
0.013306 -0.005708 0.000226
-0.001558 -0.004883 0.004510
0.010889 -0.009737 0.001969
-0.018011 -0.014010 0.001333
-0.001276 0.004285 -0.006779
0.007575 0.008797 -0.002596
-0.001384 0.008455 -0.006309
0.005588 0.021937 -0.001751
-0.000398 -0.001713 0.001651
0.001544 0.003955 -0.009649
-0.007472 -0.001770 -0.003589
0.007055 0.011862 -0.002553
-0.001183 0.006743 -0.002068
0.014893 -0.588900 -0.008763
-0.008622 0.021365 0.001731
-0.005832 -0.002476 0.000014
0.013176 -0.005709 -0.000042
0.007894 0.010572 0.004761
-0.026825 0.014194 0.001710
-0.017629 -0.001777 0.001808
-0.000533 0.002180 -0.004312
0.008072 0.008065 -0.003051
-0.006720 0.016435 0.003848
0.008215 0.036193 -0.021349
0.025345 0.015720 -0.028426
-0.023982 0.027735 -0.046113
-0.008810 -0.001894 0.000549
0.003304 0.005661 -0.004390
-0.000608 0.008832 -0.004546
0.019235 -0.012034 0.002147
-0.005685 0.011806 -0.003698
-0.005552 0.002754 -0.000025
0.010967 -0.004669 0.000343
-0.002790 -0.007361 0.008886
0.010657 -0.009354 0.001560
-0.016255 -0.013243 0.001560
