2176.0000 0.05 1
1.11111
4.44444
11.1111
2.22222
11.1111
4.44444
13.3333
11.1111
20
11.1111
6.66667
11.1111
24.4444
23.3333
17.7778
23.3333
28.8889
16.6667
13.3333
34.4444
16.6667
11.1111
2.22222
10
14.4444
14.4444
36.6667
37.7778
25.5556
40
11.1111
26.6667
17.7778
31.1111
24.4444
32.2222
31.1111
23.3333
40
24.4444
32.2222
46.6667
36.6667
47.7778
70
55.5556
56.6667
41.1111
80
106.667
95.5556
126.667
127.778
136.667
148.889
151.111
158.889
192.222
185.556
202.222
218.889
267.778
192.222
230
230
291.111
234.444
280
255.556
263.333
287.778
300
320
337.778
316.667
352.222
284.444
347.778
300
313.333
291.111
303.333
293.333
273.333
316.667
271.111
251.111
276.667
300
301.111
311.111
316.667
324.444
303.333
336.667
317.778
320
292.222
294.444
298.889
304.444
288.889
332.222
353.333
317.778
361.111
374.444
358.889
355.556
354.444
336.667
288.889
257.778
217.778
171.111
166.667
188.889
241.111
264.444
326.667
348.889
400
421.111
396.667
427.778
415.556
447.778
404.444
377.778
356.667
344.444
373.333
347.778
395.556
378.889
377.778
383.333
430
404.444
461.111
408.889
403.333
411.111
354.444
362.222
372.222
373.333
373.333
434.444
413.333
410
443.333
401.111
334.444
363.333
320
348.889
313.333
327.778
262.222
281.111
258.889
267.778
265.556
243.333
220
278.889
208.889
245.556
217.778
227.778
260
220
248.889
232.222
216.667
206.667
225.556
178.889
204.444
177.778
197.778
173.333
176.667
250
237.778
232.222
214.444
218.889
168.889
174.444
197.778
263.333
234.444
222.222
270
243.333
224.444
260
352.222
340
322.222
296.667
334.444
310
331.111
381.111
406.667
436.667
422.222
446.667
432.222
510
476.667
504.444
476.667
428.889
353.333
310
228.889
114.444
16.6667
1.11111
0
0
0
0
0
0
0
0
0
0
0
0
0
0
0
0
0
0
0
0
0
0
4.44444
0
2.22222
2.22222
0
2.22222
4.44444
2.22222
3.33333
2.22222
2.22222
0
4.44444
2.22222
6.66667
4.44444
0
0
4.44444
2.22222
1.11111
2.22222
0
0
2.22222
0
2.22222
0
