-0.000637 0.011236 0.012160
-0.009015 0.001334 -0.000041
0.003867 0.017386 0.002399
0.012540 0.008038 -0.002182
-0.001041 0.014657 -0.006009
-0.008823 0.000411 -0.002620
-0.000178 0.003115 0.005072
-0.001296 -0.016068 -0.002988
-0.004138 -0.010952 -0.001208
-0.011019 -0.005878 -0.002063
0.013286 -0.002312 -0.000249
-0.009291 -0.007094 -0.003616
0.004479 -0.006379 0.003172
0.001916 -0.024210 -0.000965
-0.004270 0.000741 0.001333
0.011349 -0.015373 0.002193
-0.000692 0.011046 0.011610
-0.009050 0.001071 0.000035
-0.001138 0.019684 0.000026
0.016662 0.011312 0.003046
-0.001141 0.016156 -0.005525
-0.009740 0.000307 -0.004738
0.000068 0.003595 0.005100
-0.000196 -0.016402 -0.001756
-0.003115 -0.012321 -0.000554
-0.011736 -0.097695 0.090859
0.011233 -0.003883 -0.004456
-0.009622 -0.005992 -0.002873
0.003775 -0.008342 0.003382
0.005392 -0.022394 -0.001074
-0.003873 0.000126 0.001705
0.014638 -0.010925 0.003152
-0.000340 0.010995 0.012008
-0.009136 0.001213 -0.000380
-0.001923 0.018319 -0.000313
0.006093 0.007784 0.005190
-0.001560 0.015687 -0.005990
-0.009050 0.000082 -0.001829
-0.000643 0.003411 0.004512
-0.000022 -0.015991 -0.003842
-0.002993 -0.011510 -0.000537
-0.010504 -0.006914 -0.001748
0.007931 -0.003326 0.000796
-0.008801 -0.007256 -0.004162
0.006576 -0.007147 0.003219
0.002825 -0.021005 -0.004637
-0.003856 0.001035 0.002174
0.014440 -0.010480 0.003761
-0.000382 0.011144 0.011971
-0.009047 0.001086 -0.001546
-0.001472 0.018944 0.000019
0.012145 0.007522 -0.002388
-0.001195 0.015904 -0.006711
-0.009812 0.001638 -0.002809
0.000382 0.004299 0.027343
-0.000313 -0.014731 -0.002109
-0.001522 -0.010362 0.004866
-0.012435 -0.004663 -0.001740
0.011453 -0.006711 0.001266
-0.010049 -0.005269 -0.002651
0.004242 -0.011406 0.005843
0.003046 -0.019807 -0.000208
-0.004577 -0.001105 0.001327
0.013488 -0.011160 0.002926
-0.000840 0.011308 0.010831
-0.008718 0.001290 0.000677
-0.001427 0.020157 0.005367
0.011497 0.008975 -0.002768
-0.002295 0.016239 -0.006206
-0.008667 0.000960 -0.003695
-0.000404 0.003844 0.004494
0.000745 -0.016234 -0.002615
-0.003585 -0.011880 -0.000658
-0.010651 -0.005098 -0.001665
0.012660 -0.006340 -0.003550
-0.009783 -0.005574 -0.003022
0.004586 -0.009050 0.003082
0.002013 -0.020266 -0.004077
-0.004865 0.000653 0.002850
0.014224 -0.012741 -0.002027
-0.006749 0.012382 0.018447
-0.004498 0.002932 0.008854
-0.000788 0.018597 -0.000495
0.012306 0.007090 -0.002596
-0.001732 0.016423 -0.011733
-0.010322 -0.000453 -0.004857
0.000457 0.003461 0.004200
0.000544 -0.010270 -0.002761
-0.006218 -0.012687 -0.005659
-0.011417 -0.004719 -0.000794
0.011436 -0.007218 0.001195
-0.009197 -0.005909 -0.001536
0.002969 -0.007749 0.003159
0.003631 -0.019596 -0.000973
-0.002320 0.001588 0.001533
0.015640 -0.012188 -0.002181
0.003704 0.010159 0.019316
-0.012416 -0.001177 0.008945
-0.002056 0.019883 -0.000649
0.011755 0.008679 -0.002688
0.002433 0.017618 -0.677041
-0.008721 0.001286 -0.001748
-0.000535 0.003480 0.004140
0.000077 -0.034295 0.000927
-0.007188 -0.010356 -0.001815
-0.010778 -0.006406 -0.002565
0.010989 -0.005960 0.000744
-0.008593 -0.004937 -0.003235
0.004396 -0.009031 0.003894
0.002454 -0.017878 -0.000125
0.070599 0.045547 0.096105
0.015478 -0.016299 0.002942
-0.000880 0.011009 0.010908
-0.009012 0.001576 0.000918
-0.001648 0.019220 0.000311
0.012562 0.007179 -0.001341
-0.001431 0.015932 -0.005829
-0.008624 0.000042 -0.002881
-0.001229 0.002654 0.021245
0.000253 -0.016234 -0.002799
-0.019613 -0.021989 0.002309
-0.011238 -0.005019 -0.002776
0.013115 -0.006531 0.000384
-0.090583 0.045452 0.093616
0.003538 0.011505 0.005916
0.002035 -0.018942 -0.000283
-0.003621 0.000904 0.002119
0.013863 -0.010548 0.003067
-0.000254 0.003537 -0.004881
0.007407 0.008201 -0.002626
-0.011153 0.010669 0.002941
0.007172 0.023527 -0.001961
0.000137 -0.002741 -0.001884
0.001209 0.004112 -0.010071
-0.007021 -0.001778 0.000289
0.003876 0.005622 -0.000321
-0.000535 0.007964 -0.002366
0.034941 -0.020149 0.006433
-0.009625 0.009463 0.002005
-0.005048 -0.001117 0.001269
0.011713 -0.005043 0.000199
-0.003335 -0.005215 0.003093
0.010251 -0.008829 0.002658
-0.016777 -0.012260 0.002329
-0.000854 0.003073 0.000628
0.007182 0.009238 -0.001818
-0.010530 0.013387 0.002021
0.006758 0.024230 -0.002742
-0.001539 -0.010303 0.006455
-0.000448 0.005221 -0.009738
-0.008544 -0.001790 0.000760
0.005413 -0.000970 0.005751
-0.000774 0.007304 -0.000477
0.018285 -0.011791 0.003785
-0.008229 0.013553 -0.003407
-0.001052 -0.002508 0.004080
0.011465 -0.005642 0.001108
-0.004132 -0.004396 0.003732
0.009306 -0.009391 0.002635
-0.015679 -0.012442 0.000825
0.002431 0.001700 -0.002571
0.007653 0.007982 -0.002850
-0.009425 0.007621 0.002576
0.007373 0.022979 -0.002180
0.000699 0.000164 0.006041
0.002042 0.003530 -0.009918
-0.007927 -0.002498 0.000420
0.002529 0.008919 0.005649
-0.000954 0.008438 -0.000924
0.017625 -0.012434 0.003172
-0.005251 0.012530 0.001631
-0.022629 0.007293 0.004784
0.010849 -0.002611 -0.000038
-0.002553 0.076086 0.081677
0.009839 -0.010071 0.002517
-0.016760 -0.011708 0.002067
-0.002560 0.005098 -0.004929
0.004854 0.005384 0.002694
-0.009915 0.011039 0.003419
0.006520 0.023962 0.003211
-0.000595 -0.002429 -0.001706
0.000895 0.004146 -0.002189
-0.007898 -0.002344 0.000139
0.002416 0.005887 0.000092
0.001836 0.006519 0.003916
0.017969 -0.012566 0.003343
-0.010303 0.010636 -0.002979
-0.006693 -0.000196 -0.005140
0.026899 0.004515 0.004192
-0.002376 -0.005833 0.003979
0.009059 -0.010632 0.001665
-0.016632 -0.012339 0.002529
-0.000264 0.002467 -0.004911
0.007393 0.008398 -0.002370
-0.010259 0.010832 0.002108
0.006895 0.023066 -0.002064
-0.000054 -0.002831 -0.000720
0.001733 0.004224 -0.011137
-0.008869 -0.001775 0.000383
0.003292 0.005720 -0.003400
-0.001007 0.007966 -0.001919
0.015711 -0.010780 0.008911
-0.009020 0.009656 0.002790
-0.003678 0.000272 0.000237
0.012755 -0.005743 -0.000094
-0.004163 -0.005864 0.004800
0.009984 -0.010282 0.002761
-0.016214 -0.011240 0.001520
0.000403 0.002735 -0.004907
0.010025 0.009966 -0.001763
-0.010596 0.009235 0.002141
0.006783 0.023415 -0.002423
-0.000432 -0.001748 -0.000403
0.001596 0.004704 -0.010038
-0.007392 -0.002477 0.008540
0.002779 0.006013 -0.000925
-0.000750 0.007529 -0.002089
0.020591 -0.012082 -0.000661
-0.009103 0.009909 0.002062
-0.005950 -0.001179 0.000505
0.013514 -0.004936 -0.005292
-0.003042 -0.005375 0.004190
0.011532 -0.010338 0.003301
-0.017863 -0.013265 0.001518
-0.001019 0.004062 -0.006313
0.005565 0.006712 -0.002424
-0.010240 0.010825 0.002228
0.006849 0.023515 -0.002593
0.000451 -0.003339 -0.000746
-0.000183 0.004314 -0.009874
-0.006924 0.001059 0.001387
0.002999 0.004734 -0.000678
-0.001180 0.007400 -0.000301
0.021772 -0.011090 0.003058
-0.007846 0.010423 0.002244
-0.004666 0.000485 0.000583
0.015691 -0.006532 -0.000662
-0.003863 -0.005035 0.004948
0.080036 -0.053569 0.084881
-0.083224 -0.051976 0.082610
0.001324 0.002365 -0.005413
0.008270 0.007925 0.002661
-0.009097 0.010750 0.003153
0.002483 0.022572 0.002441
-0.001464 -0.002124 -0.000248
0.000569 0.006112 -0.007169
-0.007937 -0.001448 0.000247
0.003452 0.005210 -0.000248
-0.003604 0.011471 0.003817
0.018521 -0.011156 0.003275
-0.010057 0.014524 0.001607
-0.008852 -0.001781 -0.000110
0.009185 -0.006964 0.004088
-0.004494 -0.005508 0.003796
0.010048 -0.009547 0.004143
-0.016995 -0.010756 0.001168
