160.0000 0.05 1
0.0888889
0.533333
0.177778
0.888889
0.533333
0.355556
0.533333
1.06667
1.06667
1.24444
0.533333
0.711111
1.24444
0.888889
1.24444
1.95556
0.888889
1.42222
1.77778
1.06667
2.31111
0.711111
1.6
1.42222
1.24444
2.66667
2.66667
1.42222
2.84444
2.04444
4.44444
3.73333
6.4
4.62222
7.37778
8.17778
9.68889
14.4
16
17.0667
21.0667
23.7333
23.4667
23.1111
23.0222
25.4222
28.4444
31.6444
32.8
35.2889
35.3778
36.4444
36.0889
40.6222
35.9111
33.0667
32.8
32.5333
31.2889
29.4222
28.3556
27.3778
26.3111
26.1333
24
26.1333
23.2889
20
21.5111
21.0667
20.4444
20.4444
20.8889
21.0667
24.7111
24.7111
25.2444
18.6667
26.5778
21.9556
23.5556
24.6222
23.8222
23.6444
21.6889
23.4667
21.3333
23.7333
22.1333
20.5333
25.4222
22.3111
25.0667
22.6667
24.7111
24.8
22.4889
27.6444
28
25.6889
27.1111
29.2444
29.5111
29.5111
32.0889
33.6
35.4667
35.5556
35.3778
35.3778
41.7778
36.7111
40
37.6
34.5778
35.1111
32.6222
32.1778
26.7556
25.3333
24.3556
24
27.9111
26.8444
24.9778
24.9778
22.4889
22.2222
20.3556
22.0444
19.7333
22.1333
22.0444
22.4
19.8222
24.3556
23.1111
22.1333
23.1111
24
22.1333
24.6222
27.4667
26.6667
28.6222
27.9111
27.1111
27.1111
23.7333
23.4667
20.7111
26.0444
22.8444
22.7556
24.2667
22.4
20.8
21.8667
20.8
20.3556
21.8667
18.7556
21.9556
21.8667
20.4444
21.1556
20.8889
19.5556
20.4444
20.8889
21.2444
17.9556
23.2
20.7111
22.2222
19.4667
23.4667
23.8222
21.6889
26.2222
25.2444
25.0667
26.0444
24.0889
26.0444
23.9111
20.4444
19.4667
15.5556
13.1556
10.9333
10.3111
5.86667
8.17778
6.57778
5.33333
3.82222
2.84444
0.888889
0.444444
0
0
0.355556
0.177778
0
0.355556
0
