1.899321 0.437396 1.485890
-0.131892 0.090946 -0.040212
-0.078068 -0.172794 0.081196
0.169728 -0.380848 -0.401590
-0.303428 -0.249114 -0.361592
-0.362887 0.172422 0.093086
0.059715 -0.254096 -0.309627
0.106802 1.970984 0.656237
-2.129400 1.919442 0.571178
2.126855 -0.288527 -0.106403
-0.272978 -0.106094 -0.242554
0.426143 -0.914992 -0.247635
-0.673736 0.031910 0.251738
-0.044992 -0.028013 -0.069421
-0.043659 -0.043348 0.004462
0.675880 -1.164887 -0.467334
-1.081108 -0.067020 -0.452378
0.086964 0.008203 0.139992
-0.691352 -0.530188 -0.501147
0.262090 -0.431381 -0.083887
