0.00256 1.90108 -1.90847
9.53465 0.00804 -1.87989
0.02936 -7.631 -7.60584
1 0 0
0 1 0
0 0 1
0.8449659999104497 0.3855880000211513 0.2114239999515064	Ru
0.8013120000315155 0.3995259999894785 0.9506430000078367	Ru
0.8013120000315155 0.3995259999894785 0.7006430000078367	Ru
0.8013120000315155 0.3995259999894785 0.4506430000078367	Ru
0.2013120000315141 0.5995259999894813 0.3006430000078382	Ru
0.2015120000315136 0.5995259999894813 0.0505930000078436	Ru
0.2013199999160378 0.5995199999579768 0.8006450000314587	Ru
0.1489259998899897 0.5993580000104402 0.5637990000250213	Ru
0.5564319998059730 0.8176360000209755 0.4074305000172060	Ru
0.6167240001045400 0.7785419999476133 0.1519409999735686	Ru
0.6003140001419993 0.8015420000313966 0.9003960000092022	Ru
0.6161060002310137 0.7995380000104504 0.6469064999920420	Ru
0.9981699999579590 0.0054700000315506 0.2499624999764549	Ru
0.0063480000574998 0.9995339999895734 0.9993794999749994	Ru
0.0003140001419979 0.0015420000313995 0.7503960000091965	Ru
0.0161060002310194 0.9995380000104532 0.4969064999920434	Ru
0.3984139998684668 0.2054720000001353 0.3499009999672325	Ru
0.4112159998164344 0.1995380000525060 0.0981564999936353	Ru
0.3989260001470498 0.2034579999684212 0.8453015000234956	Ru
0.4110840000894953 0.1995420000314141 0.5981885000092220	Ru
