0.009111 0.001843 0.002158
-0.005419 -0.001660 0.001255
0.010588 0.003865 0.001207
0.003319 0.000461 -0.003385
0.007297 0.003514 -0.002183
-0.000876 -0.003801 -0.000418
-0.004591 -0.002250 -0.004682
-0.004431 0.005342 0.000459
-0.007608 0.000714 -0.007489
0.005546 -0.001930 -0.002887
-0.002378 -0.001630 0.004425
-0.007295 -0.001932 0.002243
-0.001322 -0.005436 0.009078
-0.005217 0.000451 -0.000512
0.004821 0.000901 -0.005062
0.001743 -0.002900 0.000592
0.011812 0.002449 0.001246
-0.005326 -0.001450 0.000412
0.015388 0.009385 -0.002613
0.000911 -0.000204 -0.003472
0.008335 0.002561 -0.002196
-0.001323 -0.003825 -0.000588
-0.003997 -0.002151 -0.005009
-0.006201 0.007143 0.000590
0.003297 -0.010652 -0.007419
-0.004021 -0.001193 -0.002291
0.002656 0.000992 0.000055
-0.005346 -0.002464 0.002211
-0.001672 -0.005306 0.009373
-0.005024 0.000851 -0.001071
0.005139 0.000961 -0.004995
0.001983 -0.001078 0.002445
0.009521 0.002021 0.001171
-0.005250 -0.001320 0.001287
0.010091 0.004565 0.000059
0.002180 0.000517 -0.003024
0.007282 0.001337 -0.002196
-0.002871 -0.004250 0.000961
-0.004578 -0.001781 -0.004809
-0.008134 0.005557 0.000048
0.009884 0.000410 -0.025007
0.005151 -0.000364 -0.002820
-0.006090 -0.001528 0.004034
-0.006832 -0.001662 0.003671
0.042723 -0.004409 0.054805
-0.573131 0.006218 -0.008796
0.053378 -0.060076 -0.006621
0.014113 -0.006651 0.006520
0.009466 0.002441 0.000474
-0.007737 0.000211 0.000435
0.009583 0.003941 0.000267
0.002531 0.000643 -0.003353
0.008619 0.002223 -0.002801
-0.000729 -0.003418 -0.000214
-0.004507 -0.002968 -0.004157
-0.005552 0.006926 0.000142
-0.008101 0.000729 -0.007358
0.005019 -0.002358 -0.001625
-0.004135 -0.003071 0.004469
-0.005106 -0.002201 0.001415
-0.001919 -0.005348 0.008594
-0.006959 0.000486 -0.000733
0.003928 0.002289 -0.005362
0.003031 -0.001755 0.000749
0.010695 0.002188 0.001648
0.040355 -0.000271 0.057331
0.015081 -0.000751 -0.002368
0.001540 -0.000660 -0.005614
0.049034 0.002019 -0.060249
0.039825 0.047179 -0.000341
0.025811 -0.001935 -0.003638
0.000593 0.002725 -0.003840
0.003424 0.012379 -0.007393
0.007534 -0.001198 -0.002250
-0.004570 -0.003486 0.004767
-0.005871 -0.002543 0.002529
-0.001662 -0.005175 0.009344
-0.004592 -0.000048 -0.000849
0.001955 0.002942 -0.006696
0.003277 -0.001732 0.000629
0.010785 0.002432 0.001240
-0.005720 -0.001663 0.000606
0.009610 0.004171 0.000333
0.003139 0.000161 -0.002525
0.008157 0.002465 -0.002067
-0.002054 -0.003912 -0.000898
-0.004443 -0.002248 -0.004889
-0.006087 0.007408 -0.000014
-0.007802 0.000105 -0.007732
0.006112 -0.001107 -0.002741
0.002821 0.001361 0.008728
-0.005744 -0.002563 0.002422
-0.004571 -0.003589 0.008024
-0.004658 0.000310 -0.000439
0.004031 0.001609 -0.005619
0.013298 -0.006581 0.005594
0.011713 0.001925 0.000267
-0.007026 -0.002518 0.000534
0.014876 0.004134 -0.003143
0.002794 0.000708 -0.003595
0.008638 0.002461 -0.002753
-0.002483 -0.004865 -0.001212
-0.004258 -0.001603 -0.004648
-0.004578 0.006845 0.000263
0.003813 0.000456 0.003493
0.005887 -0.000388 -0.001950
-0.003259 -0.003123 0.004490
-0.008370 -0.002290 0.002191
-0.001371 -0.005324 0.011092
-0.005423 0.000453 -0.001002
0.005527 0.001919 -0.005050
0.002276 -0.001778 0.001830
0.011870 0.002467 0.001400
-0.005724 -0.001470 0.001189
0.008477 0.004935 0.000078
0.001152 0.000836 -0.002549
0.007846 0.002496 -0.002037
-0.002031 -0.004139 -0.000921
-0.003909 -0.002223 -0.005070
0.000783 0.002801 0.004516
-0.007849 0.001262 -0.007902
-0.003735 -0.001153 -0.002638
-0.004498 -0.003746 0.004083
-0.004926 -0.002620 0.002511
-0.004618 -0.006956 0.008314
-0.005091 0.000464 -0.000442
0.002371 0.002167 -0.004316
0.002223 -0.003054 0.000043
0.008693 -0.021949 0.002812
0.004729 -0.002723 0.001820
-0.009270 0.002548 0.002499
-0.004711 0.005028 0.001992
0.002755 0.009316 -0.006835
0.006807 -0.000872 -0.000614
0.005200 -0.000817 -0.005081
0.002699 0.001390 -0.000251
0.014510 0.000262 0.004354
-0.001982 -0.005650 -0.005737
0.002468 0.002841 0.005478
-0.021908 -0.004176 -0.004804
0.003488 0.005478 0.011343
-0.000790 -0.007546 -0.009014
0.018489 0.000696 0.000201
0.000044 0.003864 0.004006
-0.011764 -0.001231 0.002405
0.005447 -0.003604 0.001237
-0.003623 0.001128 0.002303
-0.003898 0.003914 0.002401
0.002490 0.012174 -0.001782
0.007203 0.001946 -0.001343
0.010430 -0.004643 -0.000404
0.002865 0.001777 0.000150
0.010289 0.005313 0.000891
0.005017 -0.011554 -0.006288
0.002221 0.002288 0.004585
-0.023073 -0.005114 -0.004964
0.002331 0.004642 0.011435
-0.002790 -0.006340 -0.007977
0.015450 0.001097 0.000014
-0.005660 0.000392 0.008463
0.008011 0.017923 0.002620
0.001518 -0.001669 -0.001067
-0.009289 -0.000506 0.002697
0.006563 0.008401 0.008544
-0.004474 0.005882 -0.001242
0.005974 -0.001336 -0.000531
0.001028 -0.001117 -0.003799
0.015193 0.006052 -0.005512
0.014752 0.011132 0.004590
0.004937 -0.008645 -0.011670
0.028995 0.002550 0.004489
-0.022477 -0.003432 -0.007330
0.025762 0.035670 0.011125
0.026220 -0.007899 -0.038805
0.010835 0.000737 0.000019
-0.000065 -0.003166 0.003701
-0.011941 -0.001766 0.002904
0.004827 -0.002500 0.000888
-0.001944 0.000853 0.002144
-0.003979 0.003660 0.002365
0.002485 0.009526 0.002537
0.006513 -0.000880 -0.001129
0.003667 -0.000861 -0.005476
0.003100 -0.000093 -0.000547
0.008668 0.005652 0.001254
-0.001764 -0.005033 -0.006319
0.003020 0.002946 0.005364
-0.022909 -0.005703 -0.004252
0.002825 0.003414 0.011326
-0.000918 -0.007563 -0.008618
0.018727 0.000747 0.000274
-0.007320 -0.000278 0.009927
0.002662 -0.001742 -0.011232
0.026248 -0.031511 0.000094
-0.005048 0.001263 0.002478
-0.004661 0.003227 0.004259
-0.004257 0.006809 -0.001842
0.004708 -0.000177 -0.001039
0.010528 0.003083 -0.000403
0.011631 0.004440 -0.004571
0.008597 0.005536 0.001799
-0.001796 -0.006314 -0.006138
0.002436 0.003264 0.004447
-0.011581 -0.009577 -0.009284
0.000153 0.003394 0.012908
-0.003360 -0.009053 -0.007995
0.015447 0.000767 0.000128
-0.008531 0.000272 0.005962
-0.011890 -0.001540 0.003698
0.004541 -0.001978 0.001122
-0.003613 0.001241 0.002363
-0.004541 0.005401 0.001964
-0.004338 0.005640 -0.001411
0.004800 -0.001552 -0.000418
0.003025 -0.000331 -0.006337
0.003661 0.000384 -0.000225
0.009088 0.005481 0.001148
-0.001703 -0.005191 -0.006325
0.002240 0.001573 0.006823
-0.022270 -0.003623 -0.005150
0.002191 0.004868 0.012303
-0.000696 -0.007709 -0.009426
0.017045 0.000829 0.000016
-0.006815 0.000026 0.008700
-0.011766 -0.001431 0.002847
0.002693 -0.001406 0.002223
-0.002240 0.001489 0.001966
-0.004649 0.003931 0.003684
-0.004537 0.005447 -0.001679
0.006672 -0.001271 -0.001410
0.010231 -0.000844 0.001318
0.002864 0.000156 -0.001945
0.008562 0.005599 0.001438
0.004393 -0.008959 -0.002585
0.003198 0.003017 0.004806
-0.013853 -0.008430 -0.009148
0.002102 0.004510 0.011850
-0.000535 -0.007447 -0.010022
0.010392 0.000639 0.001564
-0.007260 0.000854 0.009685
0.002279 -0.001915 0.017371
0.004871 -0.002371 0.001460
-0.005216 0.001438 0.001683
0.005677 0.008177 0.007131
-0.003175 0.005286 -0.001584
0.007034 -0.000632 0.000052
0.003041 -0.001680 -0.006235
0.003110 -0.000223 -0.002225
0.012943 0.005348 0.004996
-0.000462 -0.004881 -0.006297
0.002045 0.003794 0.006373
-0.022630 -0.003834 -0.006595
0.000549 0.003630 0.009778
0.000355 -0.006917 -0.009941
0.017029 0.000650 0.000010
-0.003485 0.000511 0.005448
