0.003998 -0.003515 -0.007818
-0.001129 0.000827 0.003360
0.000322 -0.000257 -0.003724
-0.000574 0.000577 0.002506
0.030703 0.014212 -0.005173
0.001834 0.000076 0.001520
0.008268 -0.001332 -0.002524
-0.002336 -0.000535 0.004655
0.047767 -0.011665 -0.006080
0.001159 0.085446 -0.078963
-0.001666 -0.003135 -0.002439
0.000132 0.000616 0.002032
0.000207 -0.000641 -0.002957
0.001782 0.001869 -0.000087
0.005340 0.006172 -0.002288
0.000007 -0.001523 0.003116
0.001303 -0.005068 -0.004231
0.001348 -0.000404 0.003999
0.002056 -0.000497 -0.003890
-0.001121 -0.002180 0.005673
-0.000154 -0.000912 -0.005214
-0.001534 -0.001075 0.003609
0.000853 -0.000332 -0.002317
-0.001336 0.000670 0.003334
0.001156 -0.000346 -0.002787
0.000506 0.001659 0.004630
0.001458 0.000004 -0.002791
-0.000390 0.001643 0.002333
0.000777 -0.002051 -0.003797
-0.000125 -0.000173 0.001800
0.000074 -0.001167 -0.003426
-0.002928 0.002279 0.004739
0.001815 -0.000802 -0.001494
0.005156 0.004541 0.000446
0.000506 0.000526 -0.003581
0.000714 -0.001489 0.003274
0.001043 0.000087 -0.002001
-0.000891 -0.000329 0.002134
0.000282 -0.000799 -0.003051
-0.000246 -0.000181 0.003810
0.005365 0.000267 -0.004302
-0.000971 0.000169 0.004678
0.001835 -0.000044 -0.003817
0.000857 -0.001707 0.001961
0.006822 0.007084 -0.002828
-0.000832 0.004482 0.003934
0.000395 -0.000065 -0.002852
-0.000572 -0.000319 0.003383
-0.000632 -0.002371 -0.002812
-0.000251 -0.000716 0.003304
0.000136 -0.000606 -0.003623
-0.000373 0.000955 0.003960
0.000058 0.001677 -0.001951
0.001337 0.000928 0.004355
0.002807 -0.004858 -0.019307
-0.004676 0.005249 0.000454
0.006388 0.006761 -0.004586
0.002605 0.008125 -0.005168
-0.005773 -0.004105 0.002939
0.002531 -0.002245 0.003655
0.000779 -0.006305 -0.002741
-0.004489 0.002967 -0.001647
0.005780 0.002883 -0.003220
0.001205 0.007392 0.003457
-0.006001 -0.003574 0.001904
0.004474 -0.003686 0.001489
0.013023 -0.008429 -0.002831
-0.005298 0.002686 -0.002378
0.013116 0.007400 -0.001483
-0.010979 0.004600 0.003214
-0.003121 -0.005233 0.004770
0.013947 0.007804 0.019090
0.011139 -0.006249 -0.003031
0.002870 0.008901 -0.001297
0.003449 0.001984 -0.001748
0.000085 0.006861 0.002867
-0.006245 -0.001830 0.002606
0.005261 -0.004001 0.001546
-0.348734 -0.350420 0.339672
0.003746 0.000134 -0.004940
0.009368 0.041920 -0.005083
0.019117 0.015217 -0.017319
0.042432 -0.022675 -0.040914
0.008687 -0.005656 0.003384
0.000689 -0.006283 -0.000019
-0.006083 0.002678 -0.002026
0.004371 0.002853 -0.001179
0.001043 0.007318 0.001678
-0.005693 -0.002573 0.001799
0.004447 -0.002586 0.001791
-0.001520 -0.004469 -0.003898
-0.019111 0.026468 -0.003742
0.011730 0.009150 -0.001520
-0.000674 0.006373 0.001792
-0.006954 -0.001251 0.002216
0.004207 -0.003495 0.001639
-0.005227 -0.000970 -0.002902
-0.006374 0.002729 -0.001961
0.006636 0.002045 -0.002023
-0.000818 0.007056 0.001998
-0.004955 0.001185 -0.001852
0.004720 0.002790 0.000826
-0.002261 -0.006892 -0.001821
-0.004113 0.002872 -0.001454
0.005697 0.003141 -0.003123
-0.002469 0.004778 -0.003022
-0.007788 -0.002542 0.002859
0.005513 -0.001389 0.002903
-0.001465 -0.006469 -0.002010
-0.005787 0.002446 -0.000441
0.006703 0.002656 -0.002126
-0.003459 0.007419 -0.005574
-0.005054 -0.003482 0.001419
0.005950 -0.003925 0.001494
0.000410 -0.008796 -0.001309
-0.004713 0.003813 -0.003116
0.005375 0.003778 -0.000995
-0.002280 0.006125 -0.002759
-0.005444 -0.002585 0.002326
0.004233 -0.003553 0.001438
-0.000178 -0.006264 -0.002363
-0.004319 0.002305 -0.001742
0.006460 0.004164 -0.000991
0.001431 0.008291 0.002402
-0.006155 -0.004096 0.002226
0.004100 -0.002105 0.001279
-0.000047 -0.007147 -0.001546
-0.005244 0.001423 -0.002106
0.004924 0.004234 -0.002985
-0.000839 0.006557 0.002740
-0.006355 -0.002428 0.000474
0.005142 -0.003274 0.002765
-0.000847 -0.008431 -0.001762
-0.004554 0.002938 -0.002232
0.006850 0.004064 -0.002703
-0.000506 0.004040 -0.005032
-0.008655 -0.002552 0.004419
0.006395 -0.001883 0.002532
0.000189 -0.008202 -0.001635
-0.004702 0.003082 -0.002593
0.006126 0.003454 -0.001886
-0.000951 0.007490 0.002826
-0.005268 -0.003115 0.003640
0.004020 -0.005408 0.004869
-0.000448 -0.007289 -0.000951
-0.006899 0.002746 -0.003975
0.007135 0.002114 -0.002668
0.000694 0.006219 0.002953
-0.006347 -0.002316 0.001824
0.003647 -0.003144 0.002728
-0.001234 -0.008949 -0.002061
-0.006901 0.001595 -0.003226
0.007289 0.007571 -0.004889
-0.007511 0.024525 -0.012287
-0.005609 -0.003421 0.004267
0.006198 -0.005949 0.001813
0.001449 -0.007790 -0.000931
-0.005337 0.003275 -0.002866
0.006087 0.002092 -0.001565
-0.000503 0.007131 0.003016
-0.007572 -0.002584 0.004279
0.008895 -0.000282 0.001786
0.000080 -0.006370 -0.002677
-0.004518 0.003156 -0.002143
0.005986 0.004288 -0.001542
-0.000274 0.007537 0.002868
-0.006116 -0.002703 0.001258
0.003527 0.000174 0.001197
-0.001335 -0.007904 -0.001566
-0.004740 0.003049 -0.001711
0.006974 0.004073 -0.002533
0.000273 0.007072 0.002389
-0.007272 -0.000236 -0.000161
0.004980 -0.002129 0.000726
-0.001125 -0.006284 -0.002953
-0.004540 0.002128 -0.001724
0.006393 0.002565 -0.002151
0.008270 -0.006526 -0.007147
-0.001318 -0.000019 -0.001475
0.092930 0.049123 -0.100500
-0.001338 -0.007116 -0.002391
-0.004244 0.002157 -0.004105
0.005887 0.003059 -0.001636
-0.000166 0.007261 0.002373
-0.007130 -0.001408 0.002197
0.005391 -0.003777 0.002949
0.009545 0.014186 -0.003643
0.002986 0.010779 -0.001070
0.046653 0.038208 -0.003892
-0.005995 0.004035 0.009176
-0.003588 -0.001290 0.000067
0.003363 -0.002785 0.002502
0.000161 -0.006802 0.000380
-0.006687 0.001028 -0.002026
0.006523 0.002735 -0.002474
0.000753 0.007060 0.003275
-0.006554 -0.002636 0.002112
0.005125 -0.002504 0.003278
0.012709 0.009934 -0.002617
-0.004366 0.000966 -0.002209
0.005647 0.005804 -0.001016
0.000372 0.007068 0.003224
-0.006737 -0.002414 0.003522
0.004683 -0.002121 0.001641
-0.000043 -0.006847 -0.003297
-0.005543 0.002607 -0.002335
0.005858 0.002791 -0.002625
-0.000385 0.006558 -0.002147
-0.006207 -0.002747 0.003242
0.004961 -0.002723 0.002835
0.002530 -0.004164 -0.017886
-0.007286 0.001376 -0.003924
0.007493 0.002325 0.000776
-0.001166 0.005089 0.012809
-0.025209 0.013453 -0.025722
0.007496 -0.001371 0.000276
