2176.0000 0.05 1
1.11111
4.44444
11.1111
2.22222
11.1111
4.44444
13.3333
11.1111
20
11.1111
6.66667
11.1111
24.4444
23.3333
17.7778
23.3333
26.6667
18.8889
13.3333
32.2222
18.8889
8.88889
4.44444
10
14.4444
16.6667
34.4444
37.7778
25.5556
40
11.1111
26.6667
17.7778
31.1111
24.4444
32.2222
28.8889
25.5556
40
24.4444
32.2222
46.6667
36.6667
47.7778
70
55.5556
56.6667
41.1111
80
104.444
97.7778
126.667
127.778
136.667
151.111
148.889
158.889
192.222
185.556
206.667
214.444
270
190
230
234.444
286.667
236.667
277.778
255.556
263.333
287.778
304.444
315.556
340
316.667
352.222
286.667
344.444
304.444
310
296.667
297.778
293.333
277.778
312.222
273.333
248.889
287.778
290
300
312.222
318.889
316.667
312.222
337.778
318.889
311.111
296.667
293.333
302.222
302.222
288.889
330
360
316.667
358.889
373.333
361.111
353.333
352.222
338.889
291.111
255.556
213.333
177.778
160
188.889
241.111
264.444
333.333
347.778
401.111
420
397.778
428.889
407.778
452.222
400
380
361.111
342.222
373.333
345.556
396.667
383.333
376.667
383.333
430
406.667
456.667
405.556
406.667
413.333
355.556
361.111
374.444
366.667
376.667
440
411.111
413.333
435.556
401.111
341.111
352.222
322.222
348.889
313.333
332.222
255.556
284.444
260
272.222
257.778
242.222
224.444
278.889
208.889
244.444
214.444
232.222
264.444
220
244.444
232.222
214.444
206.667
225.556
176.667
207.778
174.444
200
175.556
173.333
261.111
227.778
234.444
212.222
216.667
168.889
175.556
197.778
262.222
236.667
224.444
274.444
241.111
226.667
260
347.778
340
318.889
306.667
325.556
310
333.333
380
414.444
427.778
428.889
448.889
430
512.222
471.111
501.111
466.667
431.111
350
314.444
222.222
125.556
16.6667
1.11111
0
0
0
0
0
0
0
0
0
0
0
0
0
0
0
2.22222
0
0
0
0
0
2.22222
4.44444
0
0
2.22222
0
2.22222
0
2.22222
5.55556
4.44444
0
0
4.44444
2.22222
4.44444
6.66667
0
2.22222
2.22222
3.33333
0
2.22222
0
0
2.22222
0
2.22222
0
