-0.000939 0.011699 0.012704
-0.008033 -0.003274 -0.001429
-0.001609 0.019300 0.000675
0.011467 0.007037 -0.002301
-0.003260 0.014058 -0.007785
-0.007706 0.001344 -0.002531
0.000084 0.002773 0.008866
-0.000612 -0.015265 -0.001195
-0.003433 -0.010887 -0.001525
-0.011357 -0.005481 -0.002021
0.011377 -0.006315 0.000822
-0.010166 -0.006104 -0.003119
0.004388 -0.008069 0.004506
0.002718 -0.018561 -0.001507
-0.000932 0.001573 0.001691
0.015598 -0.013212 0.002442
-0.001111 0.012040 0.012653
-0.011168 -0.001318 0.001892
-0.002051 0.018454 0.000773
0.011247 0.008624 -0.003584
-0.001718 0.016037 -0.006388
-0.009117 -0.000522 -0.002772
-0.001915 0.001529 0.005576
-0.000610 -0.015793 -0.002108
-0.002186 -0.011402 -0.001438
-0.011174 -0.004694 -0.001756
0.011283 -0.006309 0.000148
-0.009682 -0.005620 -0.003276
0.003434 -0.007231 0.003285
0.003656 -0.020755 -0.001012
-0.002848 -0.000137 -0.003563
0.013339 -0.013055 0.002802
0.000739 0.010397 0.011735
-0.021953 0.000324 -0.008960
-0.002015 0.019613 0.000018
0.013625 0.009198 -0.001790
-0.000991 0.015296 -0.011088
-0.009127 0.001154 -0.002705
0.002676 0.012483 0.008103
-0.001984 -0.005329 -0.002447
-0.025681 0.068404 0.000713
-0.012124 -0.007934 -0.002123
0.011795 -0.008115 0.000700
-0.009488 0.006887 -0.003864
0.004377 -0.010530 0.003902
0.002626 -0.018610 -0.000657
-0.002400 0.001761 0.004318
0.014196 -0.011152 0.002911
-0.000124 0.011278 0.012881
-0.008236 0.001481 -0.000291
-0.001871 0.019061 0.000245
0.050942 0.023150 0.039157
-0.002227 0.016117 -0.006553
-0.010455 -0.000198 -0.001314
-0.000253 0.001696 0.004198
0.001406 -0.010964 -0.002473
-0.003564 -0.013694 -0.001158
-0.012111 -0.004547 -0.001872
0.010516 -0.007576 0.000245
-0.009597 0.007864 -0.002633
-0.049759 0.050510 0.003891
0.003478 -0.019533 -0.000111
-0.003745 0.000529 0.001628
0.014726 -0.008657 0.003230
-0.000773 0.010961 0.011783
-0.008189 0.001751 0.000938
0.000673 0.019968 -0.000482
0.010383 0.008701 -0.003458
0.000200 0.023346 -0.009048
-0.009018 0.001926 -0.002085
-0.001294 0.003431 0.006161
0.000907 -0.016699 -0.003556
-0.003391 -0.011081 -0.001257
-0.010933 -0.005395 -0.001943
0.012683 -0.007698 0.000278
-0.010141 -0.005870 -0.004019
0.004710 -0.007811 0.003216
0.003031 -0.020730 0.000336
0.002986 0.009828 0.002498
0.017582 -0.014221 0.003288
-0.000835 0.012327 0.016816
-0.007392 -0.000141 0.000157
-0.001210 0.017707 -0.001348
0.011908 0.007921 -0.002045
-0.001922 0.014235 -0.006512
-0.045384 0.012036 0.033802
0.001970 0.003346 0.004710
-0.001841 -0.009686 0.002933
-0.003283 -0.011903 -0.001254
-0.011647 -0.005813 -0.001388
0.010938 -0.004044 0.001071
-0.009095 -0.006235 -0.003207
0.004231 -0.006959 0.003330
0.002042 -0.018756 -0.000440
-0.008360 0.008202 0.002184
0.013539 -0.013556 0.001791
-0.002724 0.028241 -0.007636
-0.013607 0.006038 0.000523
0.035797 0.036304 -0.041910
0.011671 0.008216 -0.003285
-0.001414 0.016147 -0.004620
-0.008519 0.000725 -0.002103
-0.000365 0.003375 0.004558
-0.002662 -0.011474 -0.007375
-0.001953 -0.012115 0.000183
0.016734 0.072330 -0.001548
0.011020 -0.004697 -0.000506
-0.008355 -0.005107 -0.003097
0.004008 -0.007310 0.003323
0.004591 -0.640010 -0.001777
-0.003736 0.001334 0.000973
0.013392 -0.012739 0.003373
-0.001782 0.010108 0.011612
-0.009706 0.001579 0.000700
-0.001610 0.019077 0.001391
0.012020 0.006487 -0.000794
0.000821 0.016178 -0.005168
-0.008465 0.000547 -0.001857
-0.000296 0.003400 0.003984
-0.001643 -0.017161 -0.002572
-0.003618 -0.011223 -0.001097
-0.011853 -0.004932 -0.001607
0.010000 -0.006895 0.000466
-0.010376 -0.005609 -0.003346
0.004986 -0.007415 0.003968
0.003900 -0.020563 -0.001890
-0.004389 -0.000225 0.001556
0.034729 -0.013243 0.002436
0.000472 0.002869 -0.004525
0.006954 0.008264 -0.002461
-0.010049 0.011636 0.002375
0.006563 0.023795 -0.000451
-0.000155 -0.002331 -0.000253
0.000857 0.005301 -0.010774
-0.007758 -0.002023 0.000443
0.001907 0.004858 -0.001252
-0.003212 0.007112 -0.002361
0.018377 -0.011456 0.004554
-0.008613 0.009759 0.001536
-0.004763 -0.000962 -0.000257
0.011518 -0.006457 -0.000097
-0.003037 -0.004633 0.004413
0.010785 -0.011730 0.000750
-0.018588 -0.014121 0.001363
-0.000926 0.003240 -0.006411
0.008733 0.073673 -0.070847
-0.010313 0.010255 0.001788
0.007894 0.022619 -0.002876
0.000173 -0.002597 -0.000333
0.001081 0.004606 -0.009105
-0.010355 -0.004703 -0.001578
0.003484 0.005528 0.000344
-0.000053 0.006253 -0.000172
0.018650 -0.010063 0.003472
-0.010430 0.012169 0.001881
-0.005187 -0.001273 -0.000094
0.005830 -0.000838 -0.002765
-0.003057 -0.005444 0.004531
0.009609 -0.014395 0.002264
-0.016338 -0.009597 0.002088
0.000047 0.000649 -0.005828
0.008062 0.007882 -0.004646
-0.009692 0.010338 0.003313
0.004621 0.030010 -0.005589
-0.000699 -0.005424 0.000953
0.000655 0.004353 -0.011139
-0.020425 -0.004102 0.010256
0.003473 0.007549 0.000915
-0.003659 0.014816 0.002038
0.019943 -0.012245 0.003098
-0.018242 0.021745 0.001906
-0.005715 -0.003707 -0.000360
0.007347 -0.002105 0.002633
-0.008063 0.001642 0.004107
0.012531 -0.010647 0.002180
-0.039695 -0.013138 0.001301
0.004808 0.009780 -0.003895
0.007950 0.009796 -0.003572
-0.010737 0.009685 0.002502
0.007790 0.022339 -0.002430
0.003558 0.002916 -0.001802
0.000188 0.018877 0.008626
-0.007907 -0.002104 0.001499
0.002787 0.005164 -0.000321
0.000136 0.006644 -0.001671
0.017988 -0.012283 0.003282
0.000094 0.030327 0.001509
0.041300 0.026913 0.000418
0.012091 -0.005982 -0.000448
-0.003021 0.005338 0.004438
0.007596 -0.013526 0.002512
-0.017119 -0.012639 0.001396
-0.000417 0.003490 -0.005354
0.007280 0.009699 -0.002972
-0.009452 0.011093 0.002572
0.005022 0.022730 -0.001198
-0.000436 -0.002744 -0.000922
0.003174 0.003605 -0.009488
-0.007988 -0.006172 0.001471
0.002427 0.005251 0.000501
-0.000886 0.008176 -0.002964
0.012656 -0.000130 0.002390
-0.008862 0.010494 0.002435
-0.005197 -0.000997 0.000157
0.018769 0.005907 -0.000018
-0.002825 -0.006655 0.004114
0.011924 -0.014102 0.003828
-0.019058 -0.012822 0.001247
0.011511 0.001219 -0.014662
0.006522 0.007428 -0.002459
-0.009895 0.010090 0.001588
0.007929 0.024261 -0.001980
0.001982 -0.005614 -0.002086
0.002079 0.003804 -0.011015
-0.011724 0.002710 -0.000859
0.003859 0.005532 0.002345
-0.001662 0.008172 0.001754
0.020404 -0.007313 0.009311
-0.009757 0.010276 -0.001704
-0.005200 -0.000257 0.001724
0.010667 0.005092 0.000133
0.001416 -0.003127 0.001295
0.009936 -0.012017 -0.000901
-0.016582 -0.014228 0.000499
0.001940 0.000728 -0.002914
0.006352 0.008074 -0.002078
-0.042786 0.029207 -0.033625
0.006167 0.023291 -0.006233
0.010827 -0.006516 0.010870
-0.000148 0.004114 -0.009226
-0.007302 -0.003254 0.001318
0.004297 0.076518 0.071543
-0.000292 0.008786 -0.001814
0.020033 -0.008825 -0.001865
-0.008955 0.008297 0.003860
-0.005309 -0.001045 -0.001890
0.011410 -0.004615 0.000047
0.000021 -0.001190 0.006793
0.011724 -0.013631 0.005112
-0.015609 -0.013877 0.001704
-0.001484 0.002937 -0.006660
0.007782 0.009474 -0.002266
-0.009999 0.010229 0.002400
0.006777 0.022709 -0.000676
-0.000558 -0.003736 0.000372
0.000919 0.005690 -0.014903
-0.008747 -0.001336 0.000341
0.003402 0.007118 -0.000142
-0.000827 0.007227 -0.002166
0.018032 -0.001728 0.003113
-0.007804 0.010934 0.001739
-0.004486 -0.001224 0.000466
0.012166 -0.004935 0.000295
-0.004494 -0.006883 0.003996
0.007811 -0.010727 0.002343
-0.016550 -0.012123 0.001528
