2176.0000 0.05 1
1.875
3.75
6.25
6.25
7.5
16.25
8.75
7.5
17.5
15
14.375
16.25
25
16.25
6.25
31.25
23.125
18.125
28.75
10
10
13.125
10
10
16.25
20
25
30
37.5
19.375
23.75
27.5
13.75
26.875
21.875
28.125
21.25
42.5
43.125
30.625
37.5
55
48.75
45.625
41.875
67.5
54.375
48.125
85.625
92.5
97.5
124.375
138.75
135
137.5
154.375
181.875
151.875
157.5
200
177.5
175
233.125
252.5
267.5
237.5
233.125
281.875
293.75
310.625
296.875
320.625
301.875
311.25
325
339.375
340
362.5
317.5
355
369.375
365.625
330.625
360.625
336.875
373.75
313.75
295
304.375
285
275
254.375
232.5
250
251.25
300.625
205
251.25
310
294.375
318.125
309.375
310.625
298.125
251.875
292.5
310
294.375
329.375
271.875
280
304.375
270.625
323.125
288.75
318.75
245.625
300
351.875
320
314.375
315
326.25
364.375
342.5
380.625
401.25
378.75
390.625
391.875
394.375
431.25
450
472.5
452.5
441.25
453.125
437.5
448.75
416.25
408.125
427.5
382.5
354.375
320.625
352.5
326.875
313.125
315
328.75
305.625
275.625
216.25
254.375
250.625
304.375
277.5
246.875
272.5
226.25
320
285.625
330.625
303.125
298.125
291.875
286.875
295
352.5
291.875
322.5
352.5
372.5
355.625
261.25
285
215
288.75
345
266.25
261.25
268.75
257.5
238.125
248.125
246.875
264.375
326.25
238.75
228.125
236.875
226.25
180
247.5
255
281.25
258.75
305
252.5
263.75
257.5
206.25
203.125
268.125
255
326.25
344.375
345
354.375
274.375
368.125
294.375
514.375
533.125
511.25
423.75
366.25
259.375
234.375
200
168.75
121.875
60.625
30
11.25
4.375
1.25
3.75
1.25
0
0
0
0
0
0
0
0
0
0
2.5
0
