-0.007390 0.022904 0.012731
-0.009103 0.011955 0.000378
-0.007269 0.029348 -0.000241
0.011884 0.007504 -0.002787
-0.003292 0.018001 -0.003236
-0.009116 0.001332 -0.002390
0.000451 0.003754 0.005149
-0.001222 -0.016902 -0.003019
-0.002767 -0.011980 -0.001536
-0.011236 -0.004083 -0.000599
0.010561 -0.006630 -0.000576
-0.008892 -0.006201 -0.005082
0.004266 -0.007572 0.003528
0.003252 -0.022100 0.000562
-0.003920 0.000938 0.003722
0.012622 -0.011173 0.002909
-0.001027 0.011591 0.011740
-0.007635 0.001617 0.000710
-0.000041 0.018588 0.000571
0.011328 0.008014 -0.003323
0.003263 0.024689 -0.005323
-0.008918 0.001177 -0.003113
0.000120 0.003214 0.005215
-0.000535 -0.014842 -0.002798
-0.002880 -0.010898 -0.001374
-0.010033 -0.004310 -0.001819
0.012032 -0.006941 0.001116
-0.008573 -0.007502 -0.004312
0.004977 -0.007196 0.003245
0.003063 -0.019268 -0.000960
-0.003844 0.000665 0.001956
0.013685 -0.009591 0.003131
-0.000851 0.010820 0.012573
-0.007511 0.001638 0.000395
-0.001014 0.020147 0.000880
0.011104 0.006165 -0.003536
-0.001626 0.014496 -0.005875
-0.006608 -0.000443 -0.002097
-0.063172 0.059520 0.007731
0.002306 -0.015993 -0.002760
-0.004416 -0.010778 -0.006215
-0.011345 -0.004486 -0.001568
0.010579 -0.006255 -0.000108
-0.013714 -0.000567 -0.001157
0.004119 -0.008696 0.003363
0.002918 -0.019049 -0.000455
-0.005070 -0.000390 0.001120
0.014016 -0.011249 0.002703
0.001595 0.009287 0.010654
-0.009487 0.001103 0.000813
0.000625 0.021392 0.004605
0.010817 0.007621 -0.004927
-0.001919 0.016356 -0.005939
-0.009011 0.000630 -0.002444
-0.000243 0.000433 0.005003
-0.000914 -0.016645 -0.003758
-0.003565 -0.010798 -0.000433
-0.012028 -0.005720 -0.002116
0.010509 -0.007404 -0.000671
-0.008517 -0.010362 -0.003675
0.006477 -0.001748 0.006229
0.006842 -0.013435 -0.001732
-0.003423 0.001280 0.002463
0.013555 -0.010884 0.004732
-0.000782 0.012797 0.011431
-0.009265 0.001358 0.000689
-0.001697 0.018890 0.001121
0.010535 0.008546 -0.003501
-0.004030 0.020110 -0.013150
-0.012861 0.005365 -0.002342
0.000109 0.004175 0.004050
0.000780 -0.014951 -0.001413
-0.003626 -0.011520 -0.000505
-0.011154 -0.005605 -0.001818
0.011993 -0.008022 0.000494
-0.010439 -0.006486 -0.003135
0.005198 -0.007815 0.003837
0.003455 -0.019275 -0.000497
-0.004361 0.017490 -0.015873
0.012663 -0.010952 0.001757
0.002121 0.011718 0.012103
-0.008265 0.001962 0.000661
-0.002735 0.018273 0.001115
0.011806 0.007038 -0.002520
-0.001031 0.016848 -0.005255
-0.006488 0.005168 -0.003350
-0.000289 0.002453 0.002451
-0.000710 -0.017476 -0.005165
-0.002383 -0.012820 -0.004175
-0.011188 -0.005420 -0.002691
0.014127 -0.009496 0.002879
-0.011562 -0.008662 -0.001781
0.003855 -0.007790 0.004908
0.005562 -0.022204 -0.002720
-0.004319 0.001266 0.002012
0.014123 -0.011779 0.003181
0.013877 0.030579 0.011753
-0.008815 0.013964 0.000209
-0.001829 0.030056 0.000778
0.076970 0.061579 0.000511
-0.001568 0.015844 -0.006853
-0.004074 0.003909 -0.003650
-0.000894 0.003206 0.005603
0.002507 -0.010979 -0.004429
-0.005197 -0.006760 -0.004815
-0.039924 0.012111 -0.042592
0.020530 -0.010393 -0.008785
-0.019180 -0.008032 -0.010342
0.004192 -0.008599 0.007279
0.013785 -0.023045 0.010077
-0.004052 0.000571 0.001411
0.013761 -0.010307 0.002524
0.000869 0.009935 0.012697
-0.009445 0.000950 0.000528
0.000695 0.021524 -0.004701
0.011601 0.008406 -0.000400
-0.001870 0.025872 -0.004928
-0.007553 0.009834 -0.002502
0.000039 0.003689 0.004021
0.000838 -0.016112 -0.006590
-0.005195 -0.012115 -0.000948
-0.011130 -0.005113 -0.002361
0.015370 -0.000453 0.001807
-0.009322 -0.006081 -0.003024
0.003200 -0.009981 0.004907
0.003118 -0.020407 -0.000120
-0.003050 0.000338 0.000650
0.016281 0.058684 0.073052
-0.000661 0.003219 -0.005434
0.007457 0.009258 -0.002680
-0.011098 0.008895 0.001888
0.006284 0.020959 -0.001665
-0.000163 -0.001970 -0.000141
0.000870 0.004002 -0.010083
-0.008600 -0.003068 -0.002240
0.005351 0.002931 0.000208
0.000324 0.008747 -0.001930
0.019923 -0.011337 0.002553
-0.008795 0.010109 0.002133
-0.005796 -0.001097 -0.000187
0.011005 -0.005417 0.000140
-0.002816 -0.006168 0.004647
0.005895 -0.003542 0.001238
-0.016748 0.001086 0.018882
-0.000383 0.003202 -0.005120
0.006097 0.006229 0.000924
-0.009452 0.010585 0.002603
0.006639 0.022940 -0.001510
-0.001108 -0.003849 0.000547
0.001564 0.002408 -0.010342
-0.011142 -0.006980 0.000512
0.003562 0.005069 0.000102
-0.000816 0.007834 -0.001943
0.017332 -0.010927 0.003361
-0.009700 0.010693 0.002470
-0.005198 -0.000630 -0.000536
0.012512 -0.005703 0.000919
-0.001917 -0.005008 0.003562
0.010606 -0.009828 0.003789
-0.015678 -0.012233 0.000481
0.002111 0.001005 -0.005261
0.006290 0.007233 -0.004794
-0.009942 0.010357 0.002299
0.007831 0.022326 -0.000100
-0.000595 -0.001972 -0.000971
0.001822 0.002044 -0.009400
-0.011282 -0.002956 0.000983
0.002512 0.004862 -0.000262
-0.001437 0.017922 -0.002342
0.016844 -0.012088 0.003507
-0.010239 0.009964 0.002133
-0.002493 -0.000068 0.000918
0.011001 -0.006011 0.003943
-0.003370 -0.004418 0.004854
0.009295 -0.008778 0.001549
-0.017578 -0.012669 0.002279
-0.001055 0.002142 -0.005293
0.007340 0.008520 -0.001711
-0.010953 0.010164 0.001297
0.006948 0.024258 -0.001291
0.001223 -0.002611 0.000364
-0.001114 0.001713 -0.010270
-0.010045 -0.008594 0.000842
0.002433 0.003554 -0.000995
0.004599 0.016091 -0.002337
0.018831 -0.012275 0.002568
-0.008239 0.010837 0.002434
-0.005440 -0.000267 -0.002066
0.011516 -0.004970 -0.000583
-0.002838 -0.005908 0.004337
0.008517 -0.011717 0.000516
-0.016901 -0.010973 0.000633
0.000017 0.001042 -0.004825
0.014659 0.022708 -0.002514
-0.010932 0.011296 0.002913
0.006689 0.023568 -0.001289
0.000399 -0.003863 -0.000714
0.000461 0.004565 -0.009768
-0.005844 -0.008046 0.003930
0.004833 0.003504 -0.000235
-0.000658 0.008616 -0.002215
0.018103 -0.011432 0.003238
-0.008148 0.010785 0.001658
-0.006115 -0.000831 -0.000184
0.012282 -0.007138 -0.000680
-0.003726 -0.003719 0.002789
0.010768 -0.010361 0.003475
-0.016838 -0.011221 -0.001137
-0.000745 0.007727 -0.004189
-0.008429 0.031670 -0.003226
-0.011088 0.010288 0.002719
0.009069 0.023030 -0.001312
-0.000267 -0.001097 -0.000117
0.001517 0.006990 -0.008963
-0.008669 -0.003563 0.000173
0.004103 0.007514 -0.000181
-0.003574 0.012380 0.002337
0.017331 -0.011387 0.003056
-0.008536 0.008764 -0.000195
-0.003980 -0.001761 0.000473
0.008732 -0.000865 0.003029
-0.004022 -0.005920 0.004812
0.010525 -0.009992 0.002324
-0.017300 -0.011583 0.002701
-0.001230 0.006204 -0.006211
0.005431 0.009798 -0.002308
-0.019308 0.039101 0.000681
0.020059 0.043668 -0.001479
0.002285 -0.579850 -0.002027
-0.026591 0.010426 -0.010058
-0.007483 -0.004798 0.001282
0.029791 0.011317 0.000597
-0.004014 0.011361 -0.004302
0.017921 -0.010651 0.004679
-0.010847 0.082434 -0.066299
0.025605 0.024002 0.035730
0.012432 -0.007303 0.001511
-0.033234 0.018941 0.042497
0.010016 -0.012969 0.002955
-0.017489 -0.012219 0.000061
-0.001242 0.002433 -0.005305
0.007772 0.008005 -0.002860
-0.011053 0.010890 0.003665
0.007181 0.024005 -0.002137
0.001141 -0.003214 -0.000496
-0.001183 0.002895 -0.009765
-0.005832 -0.003242 0.000840
0.001897 0.003760 0.000095
-0.002630 0.006475 -0.001859
0.044030 0.008447 -0.031778
-0.007783 0.009589 0.001597
-0.005044 -0.001086 -0.000092
0.009929 -0.005546 -0.000298
-0.004820 -0.006104 0.004806
-0.000446 -0.013354 0.010454
-0.015324 -0.012149 0.001473
