2176.0000 0.05 1
1.875
3.75
6.25
6.25
7.5
16.25
8.75
6.25
17.5
16.25
14.375
16.25
25
16.25
6.25
31.25
23.125
18.125
28.75
10
10
13.125
10
10
16.25
20
25
30
37.5
19.375
22.5
28.75
13.75
26.875
20.625
29.375
21.25
42.5
43.75
30
38.75
55
47.5
45.625
43.125
66.25
54.375
49.375
84.375
92.5
98.75
124.375
137.5
135
140
153.75
180
151.875
159.375
199.375
176.25
176.875
230.625
253.75
269.375
237.5
235.625
279.375
293.125
309.375
296.25
323.125
300.625
312.5
322.5
339.375
341.875
363.125
316.875
356.875
370
368.75
326.25
358.75
336.25
379.375
310
293.75
304.375
286.25
275
254.375
230
252.5
250
303.125
204.375
250.625
310
292.5
324.375
306.25
308.75
302.5
250.625
289.375
311.875
296.875
327.5
270.625
276.875
308.75
270.625
322.5
285.625
318.125
248.75
298.125
351.875
321.25
313.75
314.375
328.75
364.375
340
380.625
399.375
380.625
390.625
390.625
398.125
428.75
453.125
471.25
453.125
440
455.625
435
449.375
415
408.125
426.875
383.75
360
315
353.125
326.25
311.25
316.875
331.875
301.25
276.875
216.25
252.5
253.75
304.375
275
248.125
272.5
225
321.25
289.375
328.75
297.5
303.75
291.25
286.875
293.75
350.625
296.25
319.375
353.125
371.875
355.625
259.375
288.125
210.625
290
345.625
269.375
261.875
268.75
255.625
237.5
247.5
246.875
269.375
325.625
235
228.125
238.75
225
181.25
244.375
256.875
278.75
259.375
307.5
251.25
264.375
257.5
205
204.375
271.875
248.75
327.5
346.875
345.625
351.25
278.75
365.625
292.5
516.875
535
513.125
416.875
368.125
262.5
233.125
199.375
168.125
119.375
59.375
31.25
11.25
3.75
1.25
3.75
1.25
0
0
0
0
0
0
0
0
0
0
2.5
0
