0.016605 0.002634 0.001056
-0.005448 -0.001063 0.001280
0.009330 0.004917 -0.000136
0.011098 0.000220 -0.003239
0.007583 0.003154 -0.002945
-0.001358 -0.003304 0.000182
-0.003582 -0.003002 -0.004721
-0.005689 0.006113 -0.000436
-0.008104 0.001493 -0.007660
0.006132 -0.001943 -0.002672
-0.002034 -0.001067 0.004975
-0.006908 -0.002296 0.002387
-0.000831 -0.005312 0.009692
-0.004482 0.000733 -0.000361
0.005130 0.000662 -0.006018
0.002419 -0.001796 0.000658
0.011617 0.002221 0.001216
-0.005150 -0.002072 0.001079
0.004950 0.006587 -0.005395
0.002210 -0.000163 -0.003900
0.009415 0.000699 -0.003306
-0.005684 0.000930 -0.003637
-0.004125 -0.003214 -0.005207
-0.003842 0.005224 -0.001300
-0.017514 0.003997 -0.004417
0.004582 -0.001057 -0.002092
-0.002838 -0.002209 0.004866
-0.007120 -0.002212 0.002130
-0.002057 -0.004189 0.009554
-0.006817 0.000548 -0.000579
0.005307 0.000895 -0.005214
0.001246 -0.001878 0.000965
0.016026 0.000583 0.001287
-0.003599 -0.001049 -0.000061
0.011606 0.004755 -0.000274
-0.000538 0.000694 -0.003198
0.011516 0.003506 -0.003095
0.001709 -0.002801 -0.001710
-0.017643 -0.008110 0.001589
-0.001608 0.005972 0.000871
-0.019152 0.005291 -0.002365
0.003914 0.004469 -0.005066
-0.002269 -0.003136 0.005201
0.535984 0.002368 -0.005532
-0.007829 -0.007979 0.003760
-0.006184 -0.004502 0.004093
-0.028227 0.003267 0.038189
0.002680 -0.001784 0.001086
0.010058 0.002578 0.001210
-0.005651 -0.001392 0.001184
0.011259 0.003389 0.000038
0.001263 0.000658 -0.003397
0.009018 0.001607 -0.002853
-0.000323 -0.003516 0.000372
-0.004796 -0.002008 -0.004917
-0.004749 0.005825 -0.000805
-0.009070 0.000274 -0.008010
0.004424 -0.001841 -0.001981
-0.003663 -0.002441 0.004210
-0.004555 -0.002426 0.002061
-0.000649 -0.005166 0.009428
-0.006407 0.001061 -0.001079
0.004597 0.001225 -0.006100
0.002541 -0.002300 0.001576
0.013029 0.002327 0.000868
-0.037929 -0.043127 -0.000180
0.011645 0.003489 0.000044
0.002435 0.001450 -0.003855
0.003122 0.006241 0.001075
-0.006062 -0.007384 -0.004085
-0.012943 -0.005877 -0.001431
-0.004000 0.006583 -0.001721
-0.007974 0.002284 -0.008692
0.005332 -0.001181 -0.002088
-0.003052 -0.002481 0.005324
-0.006492 -0.002779 0.002297
-0.001144 -0.004873 0.009509
-0.005852 0.000351 -0.000686
0.003932 0.001468 -0.005493
0.002405 -0.001691 0.000898
0.011341 0.002082 0.001348
-0.005320 -0.000770 0.001501
0.005272 0.006578 0.004735
0.002946 -0.000144 -0.002504
0.009633 0.000698 -0.002410
-0.000707 -0.003530 0.000549
-0.005157 -0.002058 -0.004914
-0.009538 0.010177 0.003639
-0.008005 0.000460 -0.006175
0.004776 -0.001120 -0.002509
-0.032190 -0.002183 -0.032914
-0.006546 -0.002526 0.002396
0.000069 -0.005072 0.009641
-0.005687 0.000074 -0.000436
0.006106 0.003174 -0.006016
-0.026605 -0.000822 0.000953
0.010560 0.002183 0.001262
-0.004044 -0.000831 0.002511
0.010774 0.003141 0.000273
0.011562 0.000302 -0.003237
0.008335 0.001569 -0.002822
-0.002491 -0.003242 -0.001681
-0.003523 -0.002078 -0.003431
-0.006252 0.006080 0.001007
-0.007763 0.000535 -0.006678
0.006106 -0.000754 -0.001979
-0.003481 -0.002318 0.004882
-0.008220 -0.001973 0.002806
-0.007366 -0.007805 0.014436
-0.004420 0.000546 -0.001236
0.005637 0.001110 -0.005215
0.002809 -0.001417 0.001239
0.012794 0.002381 0.001124
-0.005662 -0.000636 0.001378
0.010398 0.004166 -0.000632
0.002622 0.001625 -0.002264
0.002947 0.005655 -0.006857
-0.001215 -0.002132 0.000670
-0.003891 -0.001738 -0.003667
-0.009265 0.002568 0.002843
-0.009022 0.000540 -0.008183
0.004055 -0.000853 -0.002630
-0.002937 -0.002554 0.005639
-0.007263 -0.002343 0.002026
-0.006932 -0.009869 0.009446
-0.006368 0.000014 -0.000360
0.005469 0.000240 -0.006253
0.001357 -0.001563 0.000840
-0.012094 -0.002454 0.003037
0.004448 -0.002654 0.000214
-0.001885 0.000692 0.002608
-0.005487 0.004262 0.003215
-0.008619 0.011136 -0.004308
0.007797 -0.001432 -0.000708
0.004715 -0.001146 -0.004461
0.002433 0.000456 -0.000563
0.009350 0.003676 0.001934
-0.000751 -0.006052 -0.006084
0.002661 0.003727 0.005207
-0.024155 -0.004265 -0.005606
0.003169 0.004148 0.011471
-0.000999 -0.006503 -0.009710
0.018952 0.001400 -0.000116
-0.005677 0.000741 0.007520
-0.013239 -0.001384 0.002802
0.000033 -0.007446 0.003701
-0.003487 0.001221 0.002051
-0.005489 0.004171 0.002115
-0.003489 0.006477 -0.000405
0.012305 -0.001294 -0.000422
-0.001179 -0.004224 -0.000567
0.003426 0.000682 0.000071
0.009988 0.005799 0.002029
0.001390 -0.008001 -0.006577
0.002576 0.002820 0.003989
-0.043382 -0.024929 -0.004802
0.002191 0.004879 0.012358
0.001346 -0.008278 -0.011307
0.018570 0.000416 0.000215
-0.005712 -0.000090 0.007557
-0.025072 -0.007763 -0.002286
0.006085 -0.002652 0.001079
-0.005005 0.004687 0.003731
-0.024550 0.004126 -0.016347
-0.008805 0.001157 -0.004450
0.007908 -0.000489 -0.000781
0.007887 -0.001687 -0.004316
-0.026785 -0.000632 -0.000375
-0.027421 -0.033138 0.001166
-0.039222 -0.004635 0.039811
-0.008818 0.009010 0.000134
-0.036639 -0.003966 -0.019350
-0.030752 0.004859 -0.028167
-0.030540 0.029675 -0.009473
0.016422 -0.004483 -0.004318
-0.028681 0.033605 0.007534
-0.012728 -0.001342 0.002999
0.005570 -0.002694 0.000364
-0.003461 0.000362 0.001687
-0.005319 0.003394 0.002557
-0.002606 0.006291 -0.000715
0.007015 -0.001014 -0.000932
0.004854 0.000035 -0.004417
0.002181 0.000348 -0.000260
0.010190 0.006515 0.002256
-0.000651 -0.006143 -0.007118
0.002015 0.002958 0.005503
-0.024050 -0.004586 -0.004281
0.003594 0.004390 0.012267
-0.000219 -0.008711 -0.009514
0.017087 0.001593 0.000573
-0.005606 -0.000573 0.007863
-0.012612 -0.000931 0.001210
-0.000102 0.002556 0.003415
-0.003925 0.001262 0.002535
-0.004858 0.003141 0.002687
-0.002858 0.006995 -0.001619
0.005277 -0.001018 -0.001013
0.005616 0.001267 -0.004743
0.002857 -0.000426 0.000621
0.012238 0.006826 -0.000020
0.001542 -0.003683 -0.007080
0.001711 0.002911 0.005435
-0.043337 0.016623 -0.005291
0.002148 0.004526 0.011872
-0.000614 -0.007796 -0.009304
0.017251 0.000358 0.000200
-0.004671 -0.000130 0.008462
-0.012378 -0.002680 0.003157
0.005692 -0.002721 0.000206
-0.003537 0.001393 0.002150
-0.025738 0.023868 0.002878
-0.002475 0.006242 -0.001090
0.012029 -0.001376 -0.001317
-0.001807 -0.004855 -0.008762
0.003415 0.000408 -0.000546
0.009710 0.005658 0.001737
-0.001049 -0.005871 -0.006801
-0.005710 0.006930 0.002547
-0.023422 -0.004231 -0.005147
0.004092 0.003196 0.012462
0.000999 -0.008191 -0.007877
0.016729 0.000603 -0.000160
-0.006006 0.000151 0.007924
-0.012362 -0.001299 0.001491
0.001630 -0.002619 0.003565
-0.001668 0.001359 0.001396
-0.024859 0.003598 0.022680
-0.002699 0.006687 -0.000581
0.006959 -0.001111 -0.000881
0.004428 0.000089 -0.004341
0.002841 0.000414 -0.000201
0.010024 0.006025 0.001925
-0.001737 -0.005911 -0.005626
0.002593 0.003096 0.004394
-0.036596 -0.004188 0.009026
0.001695 0.004948 0.011348
0.000055 -0.007916 -0.009384
0.018897 0.000667 0.000334
-0.005423 -0.000544 0.007547
-0.020367 -0.004954 0.000193
0.005611 -0.003092 0.000569
-0.002244 0.001246 0.002671
-0.017547 -0.009543 0.003632
-0.006888 0.006316 -0.004474
0.005365 -0.001237 -0.000727
0.005531 0.000860 -0.003875
0.003021 -0.000063 -0.000766
0.011898 0.006646 0.003482
-0.000906 -0.005926 -0.006721
0.002766 0.004211 0.006165
-0.023409 -0.004197 -0.005704
0.004863 0.005769 0.012385
0.000414 -0.007590 -0.010075
0.017112 0.000766 -0.000112
-0.004662 -0.000250 0.006613
