768.0000 0.05 1
0.4
3.2
0
4.8
0
2.4
5.6
7.2
4.8
0
0
4.8
9.6
10.4
4.8
2.4
4.8
9.6
4.8
4.8
7.2
10.4
9.6
4.8
9.6
7.2
24
0
4.8
4.8
9.6
20
28.8
2.4
43.2
32.4
46.8
57.6
80.8
92
83.2
160.8
105.6
157.6
116
144
105.6
126.4
188.8
171.6
160.8
166
117.6
222
113.2
118.4
175.2
91.2
120
98.4
112
106.4
129.6
84
108
132
28.8
170.4
128.8
167.2
114.4
181.6
92.4
149.2
128.8
97.2
110.8
112.8
115.2
138.4
124.4
150
150.4
132.8
80.8
140.8
212
144.4
80.4
92.8
102.4
63.2
68
40
41.6
60.8
164.8
120.4
161.6
220.8
160.4
173.6
238
132.4
219.6
88
150.4
106.4
148.8
106.4
115.2
182
157.6
169.6
231.6
193.2
146
148.8
116
160.8
97.6
134
152
137.6
164
192.8
155.2
173.2
117.6
184.8
174.4
61.6
117.6
157.6
142.4
80.4
88.4
105.6
127.2
86.8
111.6
78.4
60.8
64
93.2
74
100
63.2
168
101.6
118.4
60.8
63.2
74.4
85.6
33.6
33.6
60.8
123.2
120.8
152
66.4
64
81.6
48
75.2
85.6
88
84.8
67.2
120.8
140.8
131.2
105.6
157.6
117.6
172
69.6
90.4
167.2
227.2
166.4
147.2
167.2
180.8
213.6
171.2
260.8
176.4
262.8
101.6
150.4
103.6
64
29.2
20.4
18.4
12.8
3.6
8.8
8
14.4
6.4
7.2
4.8
2.4
4.8
6.4
4
5.6
3.2
12
15.2
4
2.4
4.8
8.8
1.6
5.6
5.6
6.4
2.4
8.8
6.4
4.4
4
8
10.4
8.8
7.2
12.4
11.2
10.8
11.2
9.2
1.6
5.6
10.8
3.2
3.2
6.4
3.2
0.8
5.6
4.8
6.4
2
7.2
4
2.4
0
3.2
0.8
1.6
2.4
5.6
4.8
0
0
0
2.4
2
0
0
0.4
0
0.4
0
0.4
0
