5.44598 -9.43244 0
-10.8917 0.00014 0
0 0 -12.8799
1 0 0
0 1 0
0 0 1
0.1666600000212028 0.3333400000106010 0.5833333333333357	Ru
0.3333399999787972 0.1666599999893990 0.4166666666666643	Ru
0.1666600000212028 0.0833400000106010 0.5833333333333357	Ru
0.4166600000212028 0.0833400000106010 0.5833333333333357	Ru
0.4166600000212028 0.3333400000106010 0.5833333333333357	Ru
0.3333399999787972 0.4166599999893990 0.4166666666666643	Ru
0.0833399999787972 0.1666599999893990 0.4166666666666643	Ru
0.0833399999787972 0.4166599999893990 0.4166666666666643	Ru
0.1666600000212028 0.8333400000106010 0.5833333333333357	Ru
0.3333399999787972 0.6666599999893990 0.4166666666666643	Ru
0.1666600000212028 0.5833400000106010 0.5833333333333357	Ru
0.4166600000212028 0.5833400000106010 0.5833333333333357	Ru
0.4166600000212028 0.8333400000106010 0.5833333333333357	Ru
0.3333399999787972 0.9166599999893990 0.4166666666666643	Ru
0.0833399999787972 0.6666599999893990 0.4166666666666643	Ru
0.0833399999787972 0.9166599999893990 0.4166666666666643	Ru
0.6666600000212028 0.3333400000106010 0.5833333333333357	Ru
0.8333399999787972 0.1666599999893990 0.4166666666666643	Ru
0.6666600000212028 0.0833400000106010 0.5833333333333357	Ru
0.9166600000212028 0.0833400000106010 0.5833333333333357	Ru
0.9166600000212028 0.3333400000106010 0.5833333333333357	Ru
0.8333399999787972 0.4166599999893990 0.4166666666666643	Ru
0.5833399999787972 0.1666599999893990 0.4166666666666643	Ru
0.5833399999787972 0.4166599999893990 0.4166666666666643	Ru
0.6666600000212028 0.8333400000106010 0.5833333333333357	Ru
0.8333399999787972 0.6666599999893990 0.4166666666666643	Ru
0.6666600000212028 0.5833400000106010 0.5833333333333357	Ru
0.9166600000212028 0.5833400000106010 0.5833333333333357	Ru
0.9166600000212028 0.8333400000106010 0.5833333333333357	Ru
0.8333399999787972 0.9166599999893990 0.4166666666666643	Ru
0.5833399999787972 0.6666599999893990 0.4166666666666643	Ru
0.5833399999787972 0.9166599999893990 0.4166666666666643	Ru
0.1666600000212028 0.3333400000106010 0.2500000000000000	Ru
0.3333399999787972 0.1666599999893990 0.0833333333333357	Ru
0.1666600000212028 0.0833400000106010 0.2500000000000000	Ru
0.4166600000212028 0.0833400000106010 0.2500000000000000	Ru
0.4166600000212028 0.3333400000106010 0.2500000000000000	Ru
0.3333399999787972 0.4166599999893990 0.0833333333333357	Ru
0.0833399999787972 0.1666599999893990 0.0833333333333357	Ru
0.0833399999787972 0.4166599999893990 0.0833333333333357	Ru
0.1666600000212028 0.8333400000106010 0.2500000000000000	Ru
0.3333399999787972 0.6666599999893990 0.0833333333333357	Ru
0.1666600000212028 0.5833400000106010 0.2500000000000000	Ru
0.4166600000212028 0.5833400000106010 0.2500000000000000	Ru
0.4166600000212028 0.8333400000106010 0.2500000000000000	Ru
0.3333399999787972 0.9166599999893990 0.0833333333333357	Ru
0.0833399999787972 0.6666599999893990 0.0833333333333357	Ru
0.0833399999787972 0.9166599999893990 0.0833333333333357	Ru
0.6666600000212028 0.3333400000106010 0.2500000000000000	Ru
0.8333399999787972 0.1666599999893990 0.0833333333333357	Ru
0.6666600000212028 0.0833400000106010 0.2500000000000000	Ru
0.9166600000212028 0.0833400000106010 0.2500000000000000	Ru
0.9166600000212028 0.3333400000106010 0.2500000000000000	Ru
0.8333399999787972 0.4166599999893990 0.0833333333333357	Ru
0.5833399999787972 0.1666599999893990 0.0833333333333357	Ru
0.5833399999787972 0.4166599999893990 0.0833333333333357	Ru
0.6666600000212028 0.8333400000106010 0.2500000000000000	Ru
0.8333399999787972 0.6666599999893990 0.0833333333333357	Ru
0.6666600000212028 0.5833400000106010 0.2500000000000000	Ru
0.9166600000212028 0.5833400000106010 0.2500000000000000	Ru
0.9166600000212028 0.8333400000106010 0.2500000000000000	Ru
0.8333399999787972 0.9166599999893990 0.0833333333333357	Ru
0.5833399999787972 0.6666599999893990 0.0833333333333357	Ru
0.5833399999787972 0.9166599999893990 0.0833333333333357	Ru
0.1666600000212028 0.3333400000106010 0.9166666666666643	Ru
0.3333399999787972 0.1666599999893990 0.7500000000000000	Ru
0.1666600000212028 0.0833400000106010 0.9166666666666643	Ru
0.4166600000212028 0.0833400000106010 0.9166666666666643	Ru
0.4166600000212028 0.3333400000106010 0.9166666666666643	Ru
0.3333399999787972 0.4166599999893990 0.7500000000000000	Ru
0.0833399999787972 0.1666599999893990 0.7500000000000000	Ru
0.0833399999787972 0.4166599999893990 0.7500000000000000	Ru
0.1666600000212028 0.8333400000106010 0.9166666666666643	Ru
0.3333399999787972 0.6666599999893990 0.7500000000000000	Ru
0.1666600000212028 0.5833400000106010 0.9166666666666643	Ru
0.4166600000212028 0.5833400000106010 0.9166666666666643	Ru
0.4166600000212028 0.8333400000106010 0.9166666666666643	Ru
0.3333399999787972 0.9166599999893990 0.7500000000000000	Ru
0.0833399999787972 0.6666599999893990 0.7500000000000000	Ru
0.0833399999787972 0.9166599999893990 0.7500000000000000	Ru
0.6666600000212028 0.3333400000106010 0.9166666666666643	Ru
0.8333399999787972 0.1666599999893990 0.7500000000000000	Ru
0.6666600000212028 0.0833400000106010 0.9166666666666643	Ru
0.9166600000212028 0.0833400000106010 0.9166666666666643	Ru
0.9166600000212028 0.3333400000106010 0.9166666666666643	Ru
0.8333399999787972 0.4166599999893990 0.7500000000000000	Ru
0.5833399999787972 0.1666599999893990 0.7500000000000000	Ru
0.5833399999787972 0.4166599999893990 0.7500000000000000	Ru
0.6651600000212028 0.8348400000106011 0.9188633333411005	Ru
0.8333399999787972 0.6666599999893990 0.7500000000000000	Ru
0.6666600000212028 0.5833400000106010 0.9166666666666643	Ru
0.9166600000212028 0.5833400000106010 0.9166666666666643	Ru
0.9166600000212028 0.8333400000106010 0.9166666666666643	Ru
0.8333399999787972 0.9166599999893990 0.7500000000000000	Ru
0.5833399999787972 0.6666599999893990 0.7500000000000000	Ru
0.5833399999787972 0.9166599999893990 0.7500000000000000	Ru
