2176.0000 0.05 1
1.11111
4.44444
11.1111
2.22222
11.1111
4.44444
13.3333
11.1111
20
11.1111
6.66667
11.1111
24.4444
23.3333
17.7778
23.3333
28.8889
16.6667
13.3333
34.4444
16.6667
11.1111
2.22222
10
14.4444
14.4444
36.6667
37.7778
25.5556
40
11.1111
26.6667
17.7778
31.1111
24.4444
32.2222
31.1111
23.3333
40
24.4444
32.2222
46.6667
36.6667
47.7778
70
55.5556
56.6667
41.1111
77.7778
108.889
95.5556
126.667
127.778
132.222
153.333
146.667
163.333
192.222
185.556
204.444
216.667
267.778
192.222
230
232.222
288.889
234.444
278.889
256.667
261.111
287.778
300
320
337.778
321.111
347.778
286.667
346.667
301.111
313.333
288.889
303.333
295.556
271.111
321.111
268.889
253.333
276.667
301.111
297.778
311.111
315.556
316.667
310
340
316.667
320
292.222
294.444
292.222
307.778
292.222
330
353.333
317.778
363.333
374.444
361.111
353.333
354.444
334.444
288.889
257.778
217.778
177.778
162.222
188.889
241.111
264.444
323.333
353.333
398.889
417.778
400
428.889
414.444
447.778
404.444
377.778
356.667
344.444
371.111
347.778
397.778
381.111
374.444
386.667
425.556
411.111
456.667
406.667
405.556
408.889
358.889
360
372.222
373.333
366.667
441.111
413.333
411.111
444.444
398.889
332.222
365.556
320
348.889
313.333
327.778
262.222
281.111
258.889
265.556
267.778
243.333
224.444
274.444
208.889
245.556
217.778
228.889
260
218.889
248.889
234.444
214.444
206.667
223.333
181.111
205.556
176.667
195.556
175.556
176.667
252.222
235.556
232.222
213.333
220
168.889
174.444
197.778
258.889
238.889
222.222
272.222
241.111
224.444
262.222
350
335.556
326.667
296.667
332.222
312.222
331.111
378.889
411.111
432.222
420
451.111
436.667
506.667
474.444
507.778
474.444
432.222
347.778
316.667
225.556
123.333
6.66667
3.33333
0
0
0
0
0
0
0
0
0
0
0
0
0
0
0
0
0
0
0
0
0
0
2.22222
2.22222
2.22222
0
0
2.22222
2.22222
6.66667
1.11111
2.22222
2.22222
0
6.66667
0
4.44444
6.66667
0
2.22222
4.44444
0
1.11111
2.22222
0
0
2.22222
0
2.22222
0
