-0.001054 0.011155 0.013030
-0.008853 0.001594 0.001030
-0.001002 0.019479 0.000022
0.016527 0.005956 -0.004236
-0.001680 0.015378 -0.006087
-0.008412 -0.002278 -0.002323
-0.000985 0.004362 0.004504
-0.000307 -0.014841 -0.001600
-0.002605 -0.012426 -0.001332
-0.011609 -0.098944 -0.100190
0.008530 -0.002820 -0.000026
-0.008446 -0.007366 -0.003168
0.006858 -0.007684 0.003902
0.005207 -0.022937 -0.001560
-0.003970 0.000913 0.001453
0.014332 -0.011147 0.002007
-0.003201 0.012543 0.011493
-0.007510 0.001303 0.000793
0.003168 0.023116 -0.004517
0.010977 0.007767 -0.002676
-0.001104 0.016966 -0.005354
-0.010443 -0.000319 -0.004377
-0.000050 0.003316 0.004836
-0.001161 -0.015889 -0.002056
-0.004426 -0.011160 -0.000954
-0.010415 -0.004954 -0.001991
0.012773 -0.002812 0.002056
-0.009730 -0.006482 -0.003367
0.005113 -0.007430 0.003574
0.001970 -0.020883 0.002787
-0.004420 0.001047 0.000344
0.011830 -0.015668 0.002451
0.000179 0.010421 0.011962
-0.009606 0.001739 0.000826
-0.005234 0.017213 -0.007240
0.011207 0.009180 -0.002450
-0.001714 0.015288 -0.006596
-0.009357 0.001185 -0.001728
-0.000520 0.002956 0.004523
0.000273 -0.015797 -0.002708
-0.003308 -0.011739 -0.001542
-0.011135 -0.005515 -0.001651
0.013130 -0.006072 0.004517
-0.009832 -0.006056 -0.003909
0.004167 -0.008337 0.004721
0.002666 -0.023655 -0.000076
-0.004685 0.000432 0.001527
0.013959 -0.013007 0.007615
-0.000918 0.013849 0.009868
-0.007329 0.005641 0.000898
-0.000457 0.018647 0.000046
0.012024 0.007600 -0.001655
-0.000970 0.016225 -0.029006
-0.009010 0.001918 -0.002208
-0.000904 0.002606 0.004658
0.000224 -0.034749 -0.005054
-0.007494 -0.008990 -0.001303
-0.010549 -0.005888 -0.002474
0.010131 -0.005381 0.000492
-0.008074 -0.004907 -0.002352
0.004152 -0.009349 0.003364
0.003019 -0.019006 -0.000738
-0.001801 0.002319 0.002532
0.014566 -0.015662 0.002361
-0.000311 0.010839 0.012289
-0.008985 0.001010 0.000238
-0.000987 0.019489 0.000231
0.011113 0.009924 -0.009420
-0.002356 0.016158 -0.006621
-0.009490 0.003127 -0.000994
0.000618 0.001878 0.004798
-0.000022 -0.017751 -0.003127
-0.003416 -0.011627 -0.002044
-0.010393 -0.007745 -0.002107
0.010656 -0.003462 0.004665
-0.009872 -0.005548 -0.003625
0.003686 -0.008146 0.003990
0.003114 -0.020246 0.003723
-0.003471 0.000678 0.000810
0.014340 -0.010819 0.002496
0.000130 0.011562 0.012551
-0.008691 0.000977 0.000484
-0.001025 0.018430 0.000499
0.011419 0.008209 -0.001200
-0.001681 0.015546 -0.005796
-0.009473 0.000874 -0.003772
-0.000524 0.003279 0.010240
-0.000354 -0.014394 -0.003354
-0.001473 -0.009917 -0.007840
-0.010810 -0.005209 -0.002054
0.011261 -0.006439 0.000037
-0.011382 -0.005705 -0.003321
0.004479 -0.010470 -0.001026
0.002072 -0.019379 -0.001074
-0.003159 0.000909 0.001356
0.013299 -0.010001 0.002351
-0.002177 0.010901 0.011635
-0.007400 0.001994 0.000764
-0.001362 0.020119 0.000886
0.012665 0.006995 -0.001427
-0.001503 0.015852 -0.005794
-0.008090 0.000834 -0.003731
0.000767 0.004576 0.645629
0.000047 -0.015799 -0.002562
-0.018762 -0.021684 -0.003887
-0.012318 -0.004593 -0.001347
0.013134 -0.006899 0.000519
-0.086921 0.037628 -0.088909
0.003271 0.010647 0.001914
0.003241 -0.019417 -0.001412
-0.004397 -0.001107 0.002541
0.013941 -0.011536 0.002649
-0.001676 0.010969 0.005675
-0.008057 0.000858 -0.006046
-0.001453 0.018838 -0.000044
0.012008 0.007920 -0.002571
-0.001810 0.016125 -0.022100
-0.009159 -0.001132 -0.002193
0.000388 0.003884 0.004943
0.000331 -0.011103 -0.005996
-0.006149 -0.012808 0.003891
-0.011726 -0.005415 -0.001997
0.011889 -0.008146 0.000103
-0.009543 -0.006047 -0.005461
0.002811 -0.007576 0.004290
0.003164 -0.018702 -0.001464
0.069436 0.038281 -0.085947
0.015984 -0.012303 0.007616
0.000139 0.005962 -0.010233
0.007675 0.007993 -0.002050
-0.010162 0.010397 0.002164
0.006756 0.022781 -0.002724
0.002495 -0.004860 -0.004361
0.001417 0.004529 -0.009841
-0.008703 -0.002124 0.001471
0.000555 0.002045 -0.006691
-0.000750 0.007608 -0.000841
0.017574 -0.012017 0.003010
-0.005985 0.013958 0.001446
-0.022624 0.007074 -0.004456
0.011438 -0.004452 -0.000294
-0.003649 0.079651 -0.079457
0.010495 -0.010081 0.001807
-0.015980 -0.013137 0.000738
0.000366 0.003521 -0.003500
0.008027 0.008777 -0.002866
-0.009962 0.010158 0.003192
0.006964 0.023402 -0.001463
0.000419 -0.002354 -0.000157
0.001538 0.004202 -0.009762
-0.008222 -0.001813 0.001504
0.000576 0.003906 -0.000377
-0.000762 0.007762 -0.002004
0.034385 -0.019423 0.000400
-0.009335 0.009930 0.001646
-0.005140 -0.001463 -0.001087
0.012692 -0.005970 0.000730
-0.003323 -0.004929 0.005135
0.009245 -0.009184 0.002679
-0.015628 -0.011686 -0.000086
-0.000023 0.003253 -0.004854
0.007007 0.008754 -0.001950
-0.009963 0.010777 0.003557
0.007124 0.023115 -0.001652
-0.000005 -0.003517 -0.000771
0.001541 0.003807 -0.009833
-0.008081 -0.001937 0.000518
0.005980 0.006829 -0.000021
-0.000452 0.007870 -0.001350
0.015788 -0.010941 -0.002613
-0.008474 0.009616 0.001489
-0.003544 0.000243 0.000007
0.012060 -0.004624 -0.000773
-0.003945 -0.005949 0.004363
0.010108 -0.010013 0.001354
-0.017046 -0.011863 0.001842
-0.000327 0.002580 -0.004962
0.007657 0.008425 0.000596
-0.010953 0.011071 0.001825
0.006091 0.022464 -0.002622
0.000108 -0.003191 0.000244
0.001315 0.004718 -0.009674
-0.012352 -0.005695 -0.007323
0.002579 0.005645 0.000252
-0.000558 0.008606 -0.000820
0.021677 -0.009535 0.002763
-0.007789 0.010780 0.002301
-0.004764 0.000329 -0.000837
0.013165 -0.004762 0.004805
-0.003473 -0.005493 0.003395
0.078907 -0.048335 -0.072640
-0.081166 -0.046800 -0.073690
-0.000657 -0.004058 -0.009605
0.006771 0.008864 -0.001881
-0.010211 0.010312 0.004720
0.006717 0.023878 -0.002847
-0.000731 -0.003646 -0.006664
0.001242 0.004341 -0.008721
-0.008247 -0.002458 0.001063
0.003754 0.005466 -0.005085
-0.000926 0.008564 -0.000857
0.018401 -0.011910 0.002463
-0.008042 0.013318 0.007825
-0.001063 -0.002588 -0.004056
0.010550 -0.003857 -0.000571
-0.003788 -0.004015 0.003757
0.009516 -0.009027 0.002485
-0.016512 -0.011375 0.001505
-0.000780 0.003642 -0.003994
0.008955 0.001828 -0.005402
-0.010624 0.011466 0.003315
0.008550 0.020098 -0.006614
-0.003365 -0.000634 -0.000365
0.005231 0.002774 -0.017114
-0.008466 -0.002077 0.002639
0.003235 0.005253 -0.000224
-0.000100 0.008829 -0.008217
0.017567 -0.012949 0.002691
-0.010135 0.010193 0.006614
-0.005898 -0.000254 0.004208
0.009112 -0.007499 -0.003809
-0.003499 -0.005768 0.004393
0.009750 -0.010856 0.002772
-0.016674 -0.012368 0.000276
-0.001499 0.004109 -0.004949
0.006815 0.011662 -0.007005
-0.010129 0.009920 0.002654
0.004175 0.028372 -0.006117
0.002032 -0.003769 -0.000181
-0.006311 0.006265 -0.015386
-0.008443 -0.002140 0.000720
0.002964 0.005569 0.000263
-0.005961 0.007505 -0.005850
0.019056 -0.011033 0.002798
-0.009710 0.014262 0.003048
-0.009112 -0.002271 0.000199
0.027432 0.004112 -0.003209
-0.003733 -0.005105 0.005569
0.009837 -0.009661 -0.000024
-0.016185 -0.010965 0.001491
-0.000296 0.004358 -0.004565
0.008143 0.009127 -0.002117
-0.009762 0.010036 0.004639
0.006656 0.022739 -0.002037
-0.000581 -0.001999 -0.000268
0.001478 0.004319 -0.008522
-0.002662 0.000338 -0.006499
0.002932 0.005601 -0.000620
-0.001010 0.007739 -0.001473
0.020601 -0.012353 0.007377
-0.008991 0.009796 0.001698
-0.005502 -0.000826 -0.000477
0.015964 -0.007390 0.001242
-0.003290 -0.005009 0.004824
0.012035 -0.010379 0.001380
-0.018892 -0.012966 0.000867
