2176.0000 0.05 1
1.11111
4.44444
11.1111
2.22222
11.1111
4.44444
13.3333
11.1111
20
11.1111
6.66667
11.1111
24.4444
23.3333
17.7778
23.3333
26.6667
18.8889
13.3333
32.2222
18.8889
8.88889
4.44444
10
14.4444
14.4444
36.6667
40
23.3333
40
11.1111
26.6667
17.7778
31.1111
24.4444
32.2222
26.6667
27.7778
40
24.4444
32.2222
46.6667
36.6667
47.7778
70
55.5556
56.6667
41.1111
80
108.889
93.3333
126.667
127.778
138.889
148.889
144.444
163.333
190
192.222
200
214.444
270
192.222
230
234.444
286.667
237.778
278.889
253.333
263.333
291.111
298.889
317.778
340
316.667
352.222
282.222
350
302.222
311.111
294.444
302.222
291.111
273.333
318.889
271.111
251.111
283.333
291.111
298.889
314.444
316.667
321.111
312.222
335.556
316.667
313.333
296.667
292.222
298.889
304.444
288.889
334.444
360
314.444
358.889
377.778
361.111
346.667
354.444
343.333
291.111
253.333
211.111
182.222
157.778
186.667
243.333
264.444
331.111
351.111
400
417.778
397.778
426.667
410
450
402.222
382.222
356.667
346.667
371.111
343.333
400
382.222
372.222
390
432.222
401.111
455.556
407.778
406.667
408.889
358.889
360
374.444
371.111
376.667
435.556
411.111
410
438.889
407.778
336.667
352.222
324.444
351.111
312.222
328.889
255.556
283.333
265.556
267.778
260
242.222
222.222
278.889
206.667
244.444
216.667
232.222
261.111
221.111
244.444
232.222
214.444
208.889
230
174.444
205.556
174.444
200
173.333
176.667
256.667
233.333
231.111
214.444
215.556
168.889
176.667
196.667
262.222
238.889
222.222
273.333
241.111
225.556
260
350
342.222
315.556
307.778
327.778
307.778
331.111
382.222
414.444
427.778
427.778
448.889
431.111
508.889
480
506.667
465.556
435.556
352.222
311.111
217.778
124.444
11.1111
1.11111
0
0
0
0
0
0
0
0
0
0
0
0
0
0
0
0
0
0
0
0
0
0
4.44444
2.22222
0
0
2.22222
2.22222
4.44444
2.22222
1.11111
4.44444
0
0
6.66667
0
4.44444
2.22222
4.44444
4.44444
2.22222
0
1.11111
2.22222
0
0
2.22222
0
2.22222
0
