-0.004237 0.019113 0.011548
-0.009250 -0.000442 0.000476
0.000495 0.014930 0.001354
0.011565 0.007801 -0.001953
-0.001488 0.013939 -0.006177
-0.010922 0.001944 -0.001987
-0.000436 0.002808 0.004518
-0.000276 -0.015059 -0.003726
-0.003359 -0.011202 -0.000712
-0.021241 -0.005466 -0.011409
0.012443 -0.008210 0.003533
-0.010219 -0.006700 -0.003684
0.004168 -0.007387 0.003942
0.000792 -0.013682 -0.002531
-0.003479 0.001044 0.001278
0.014261 -0.010594 0.002861
0.000662 0.010462 0.012045
-0.008718 0.001383 0.000567
0.001085 0.017898 0.000810
0.011135 0.008894 -0.003198
-0.001245 0.015742 -0.005453
-0.009576 0.000151 -0.003569
0.000013 0.004931 0.003828
0.000309 -0.015707 -0.001899
-0.003921 -0.011312 -0.000895
-0.010925 -0.004715 -0.001707
0.008602 -0.006894 0.000291
-0.009130 -0.005597 -0.003896
0.004407 -0.007427 0.003349
0.001848 -0.019955 -0.000214
-0.003780 0.000716 0.001629
0.013582 -0.011489 0.003918
-0.000294 0.012049 0.012042
-0.009292 0.001180 0.000493
-0.002506 0.014254 0.000482
0.010400 0.018696 -0.003483
-0.002488 0.015254 -0.005802
-0.009000 0.001122 -0.001640
-0.010380 0.023777 0.005421
-0.000418 -0.015286 -0.003291
-0.004287 -0.011829 -0.000648
-0.010638 -0.009986 -0.003275
0.011014 -0.005890 0.000247
-0.007568 -0.005206 -0.003261
0.003712 -0.011166 0.005052
0.003258 -0.018959 -0.000069
-0.002303 0.000129 0.001602
0.014061 -0.011480 0.002202
0.000739 0.016691 0.017932
-0.009793 0.001132 0.000024
-0.000888 0.017425 -0.002893
0.013085 0.007678 -0.002996
-0.001252 0.018124 -0.005245
-0.008744 0.001559 -0.002220
0.007720 0.014865 0.005051
-0.000458 -0.016698 -0.003534
-0.003570 -0.010655 -0.001457
-0.010318 -0.005034 -0.003190
0.010360 -0.006892 0.000412
-0.009834 -0.005223 -0.004057
0.015062 -0.009434 0.010731
0.004111 -0.020477 -0.001254
-0.003817 0.001136 0.002796
0.013551 -0.011310 0.001505
-0.000625 0.011009 0.012694
-0.008629 0.002116 0.000506
-0.001288 0.017060 -0.000334
0.010652 0.008448 -0.003769
-0.001200 0.014242 -0.005050
-0.021325 0.021817 -0.002066
-0.000604 0.003509 0.004348
0.000232 -0.018545 -0.003090
-0.002992 -0.010125 -0.002473
-0.012919 -0.007322 -0.000528
0.007095 -0.000905 0.001751
-0.010448 -0.006323 -0.003510
0.003952 -0.007176 0.003351
0.004397 -0.019980 -0.002621
-0.004331 0.000022 0.001192
0.013958 -0.010718 0.003229
-0.000896 0.011342 0.012282
-0.009837 0.001323 0.000203
-0.004224 0.013665 0.000718
0.011601 0.008017 -0.001907
-0.003806 0.013530 -0.005958
-0.010968 -0.000579 0.001454
0.000652 0.003481 0.007587
0.001307 -0.017950 -0.001361
-0.003265 -0.011703 -0.001647
-0.011221 -0.006400 -0.002922
0.012063 -0.006243 0.001431
-0.010068 -0.007410 -0.002539
0.004382 -0.008774 0.004309
0.003489 -0.018327 -0.001314
-0.000994 0.007500 0.005131
0.012531 -0.011760 0.002576
0.000174 0.020929 0.011827
-0.009280 0.039745 0.003288
-0.004615 0.018419 0.000411
0.011860 0.019831 -0.002563
-0.004493 0.014521 -0.005868
-0.010495 -0.001420 -0.006542
0.001112 0.001792 -0.000267
0.010235 -0.017927 -0.011278
-0.005249 0.055396 -0.073330
-0.015589 0.000800 -0.000340
0.011171 -0.007160 0.004139
0.023048 0.010449 0.037076
0.008137 -0.001064 0.000988
0.002595 -0.019455 -0.005923
-0.004804 -0.001431 0.003041
0.013837 -0.011181 0.002717
0.001290 0.013342 0.009857
-0.009464 0.001286 0.000962
0.001448 0.013851 0.004109
0.013316 0.007255 -0.002178
-0.029974 0.020916 -0.006279
0.000968 0.020472 -0.002592
0.002775 0.004177 0.005149
0.004859 -0.009432 -0.001591
-0.003861 -0.012071 -0.001679
-0.011874 -0.004829 -0.001779
0.012186 -0.007726 0.000623
-0.009873 -0.006503 -0.003260
0.006546 -0.010131 0.002921
0.002626 -0.020093 -0.000621
-0.003652 0.000291 0.006146
-0.019982 0.010963 -0.042320
-0.000834 0.002186 -0.004618
0.007452 0.008698 -0.002486
-0.007202 0.007968 0.002372
0.006711 0.024589 -0.001381
-0.000499 -0.003760 0.001579
0.001358 0.003725 -0.010195
-0.008115 -0.001600 0.000227
-0.000669 0.009660 -0.000337
-0.000849 0.007943 -0.002422
0.017277 -0.010970 0.001874
-0.008184 0.009173 0.002205
-0.005412 0.000454 -0.000416
0.011587 -0.005729 0.000756
-0.005453 -0.006604 0.001811
0.011436 -0.009950 0.002376
-0.018263 -0.012733 0.000574
-0.000282 0.004409 -0.004319
0.008325 0.006996 -0.001489
-0.009404 0.010275 0.002493
0.006118 0.021767 -0.001144
-0.000612 -0.002451 -0.000574
0.001703 0.004901 -0.009829
-0.007850 -0.000818 0.000447
0.002800 0.004274 -0.000383
-0.000342 0.008004 -0.001772
0.018902 -0.011569 0.002417
-0.007375 0.010550 0.001375
-0.005386 -0.000950 0.001399
0.010698 -0.005536 -0.001275
-0.003341 -0.005244 0.004419
0.009433 -0.008902 0.002155
-0.016885 -0.011684 0.001258
-0.000610 0.003275 -0.005880
0.007531 0.008790 -0.002421
-0.010884 0.010252 0.002224
0.006360 0.024431 -0.002531
0.000123 -0.005054 0.000060
0.001411 0.001401 -0.010416
-0.007556 -0.003471 0.000476
0.010454 0.016366 0.000337
0.001132 0.005812 -0.002374
0.017931 -0.010736 0.003482
-0.008326 0.011067 0.002108
-0.005500 -0.001032 -0.000649
0.011060 -0.005583 0.000133
-0.003738 -0.008955 0.005089
0.008985 -0.009922 0.002944
-0.014187 -0.012411 0.001877
-0.000932 0.002162 -0.005218
0.007258 0.008891 -0.003008
-0.010418 0.008393 0.001426
0.007559 0.023902 -0.001711
0.000344 -0.001908 0.000372
0.000774 0.004108 -0.011566
-0.008896 -0.002457 0.000388
0.003591 0.006038 0.000223
-0.001995 0.007497 -0.001889
0.017608 -0.011740 0.006094
-0.007706 0.009469 0.001847
-0.005571 -0.001949 0.000968
0.011829 -0.004094 0.000513
-0.003919 -0.004580 0.004058
0.010187 -0.010691 0.001228
-0.017349 -0.011898 0.000169
-0.000117 0.012934 -0.005443
0.008020 0.005395 -0.002820
-0.008443 0.008546 0.002260
0.006859 0.021803 -0.001364
-0.001011 -0.003083 -0.001942
0.001875 0.004313 -0.009801
-0.014170 0.005940 0.000520
-0.000201 0.007492 0.001581
0.000271 0.005916 -0.001736
0.018099 -0.011229 0.003378
-0.009130 0.011960 0.000655
-0.003828 -0.001179 0.000310
0.011506 -0.003875 0.000983
-0.010958 -0.007886 0.013256
0.010028 -0.008656 0.002799
-0.015105 -0.011717 0.002523
-0.001711 0.007725 -0.010959
0.018135 0.028873 0.002079
-0.009313 0.012279 0.001704
0.006883 0.023956 -0.001077
0.000345 -0.003095 -0.000023
0.001549 0.003663 -0.010414
-0.004644 0.000884 0.001398
0.003119 0.004750 0.000086
-0.000574 0.010974 -0.001494
0.018794 -0.012433 0.003248
-0.008981 0.009941 0.003215
-0.006156 -0.000815 -0.004080
0.011510 0.061396 0.061615
-0.003021 -0.006679 0.006115
0.009870 -0.009910 0.001987
-0.017985 -0.013106 0.000094
-0.000867 0.005531 -0.001893
0.008703 0.008301 -0.003453
0.019844 0.014863 0.003434
-0.004553 -0.523695 0.014568
-0.043094 0.030079 -0.000970
0.047619 0.046237 -0.009193
-0.003855 0.001137 -0.000546
0.001936 0.016030 -0.000058
-0.001143 0.010910 -0.002334
0.017217 -0.012819 0.002747
-0.037032 0.031593 0.037821
-0.004547 0.011424 0.020495
0.011849 -0.005691 0.001564
-0.006354 -0.000351 0.002384
0.009744 -0.009459 0.003678
-0.014271 -0.005257 -0.001363
0.003210 0.010930 -0.004916
0.007507 0.009389 -0.001933
-0.011136 0.009215 0.002659
0.008410 0.023107 -0.001684
0.000475 -0.002161 -0.000781
0.000532 0.004672 -0.008560
-0.007845 0.007825 0.001327
0.002961 0.005360 0.000059
-0.001760 0.006980 -0.001921
0.018711 0.002265 -0.016968
-0.010240 0.009108 0.002493
-0.003988 -0.001534 -0.000880
0.012056 -0.006128 0.000236
-0.002936 -0.005671 0.005605
0.039953 0.012809 -0.039942
-0.016052 -0.012834 -0.002913
