2176.0000 0.05 1
1.11111
4.44444
11.1111
2.22222
11.1111
4.44444
13.3333
11.1111
20
11.1111
6.66667
11.1111
24.4444
23.3333
17.7778
23.3333
26.6667
18.8889
13.3333
34.4444
16.6667
11.1111
2.22222
10
14.4444
16.6667
34.4444
37.7778
25.5556
40
11.1111
26.6667
17.7778
31.1111
24.4444
32.2222
26.6667
27.7778
40
24.4444
32.2222
46.6667
36.6667
47.7778
70
55.5556
56.6667
41.1111
80
108.889
93.3333
126.667
127.778
136.667
151.111
146.667
161.111
190
187.778
204.444
216.667
267.778
192.222
230
232.222
288.889
237.778
276.667
255.556
263.333
286.667
303.333
317.778
340
316.667
350
284.444
350
303.333
310
294.444
300
293.333
280
310
271.111
251.111
287.778
290
297.778
313.333
318.889
324.444
305.556
337.778
314.444
315.556
296.667
293.333
297.778
303.333
292.222
330
357.778
317.778
360
373.333
361.111
353.333
352.222
341.111
291.111
251.111
217.778
177.778
157.778
188.889
241.111
266.667
331.111
350
402.222
414.444
397.778
428.889
410
452.222
400
384.444
354.444
344.444
368.889
347.778
400
380
378.889
383.333
427.778
404.444
458.889
407.778
406.667
413.333
352.222
362.222
376.667
364.444
380
436.667
415.556
410
434.444
403.333
338.889
354.444
322.222
351.111
313.333
325.556
260
286.667
262.222
267.778
260
244.444
220
278.889
208.889
244.444
214.444
232.222
258.889
223.333
244.444
232.222
214.444
208.889
227.778
178.889
204.444
173.333
197.778
175.556
174.444
256.667
235.556
236.667
207.778
216.667
168.889
176.667
196.667
262.222
240
221.111
273.333
238.889
227.778
260
350
340
318.889
304.444
327.778
307.778
333.333
382.222
412.222
430
425.556
445.556
436.667
511.111
472.222
510
470
430
354.444
307.778
228.889
114.444
12.2222
1.11111
0
0
0
0
0
0
0
0
0
0
0
0
0
0
0
0
0
0
0
0
0
0
4.44444
0
0
2.22222
2.22222
4.44444
4.44444
2.22222
1.11111
2.22222
2.22222
0
4.44444
0
6.66667
6.66667
0
0
4.44444
2.22222
1.11111
2.22222
0
0
2.22222
0
2.22222
0
