-0.000989 0.024702 0.012338
-0.002102 0.014211 0.001108
-0.000494 0.016429 0.000397
0.012677 0.008797 -0.002744
-0.000170 0.019575 -0.002599
-0.008074 0.001753 -0.002176
-0.001733 0.003323 0.002978
0.000578 -0.017580 -0.003478
-0.004965 -0.012178 -0.002100
-0.011825 -0.005032 -0.002294
0.011184 -0.006427 0.000587
-0.009545 -0.006095 -0.002449
0.004778 -0.006990 0.004639
0.003306 -0.017236 -0.000509
-0.004704 -0.000462 0.000217
0.009492 -0.006264 0.001847
0.000795 0.011417 0.012281
-0.011050 -0.000663 -0.002781
-0.001609 0.019221 0.001077
0.010992 0.008292 -0.003288
-0.002045 0.016163 -0.005054
-0.009732 -0.000951 -0.002955
-0.000720 0.003487 0.004396
0.000389 -0.014897 -0.002506
-0.003960 -0.011333 -0.002614
-0.009819 -0.004841 -0.002206
0.010848 -0.006982 0.001214
-0.010211 -0.006154 -0.000912
0.004174 -0.007947 0.003730
0.002606 -0.019505 -0.000856
-0.002215 -0.002912 0.003185
0.014898 -0.012165 0.004553
0.000912 0.010734 0.011905
-0.009671 0.000319 0.003976
-0.001992 0.019437 0.000803
0.004974 0.017244 -0.003331
-0.000210 0.025170 -0.005780
-0.009850 0.010950 -0.002346
0.062837 0.074642 0.009416
-0.000853 -0.014954 -0.006749
-0.033903 0.007669 -0.043942
-0.010954 -0.004119 -0.001682
0.010980 -0.007493 0.000566
-0.008712 0.010831 -0.024118
0.004975 -0.009902 0.003545
0.002674 -0.020004 -0.001350
0.006347 -0.003450 -0.006635
0.012937 -0.010069 0.002462
-0.000987 0.010741 0.012485
-0.008630 0.000734 -0.000225
-0.002333 0.018305 0.000744
0.016094 0.011831 -0.000773
-0.001158 0.016585 -0.005730
-0.004152 0.008365 -0.002201
0.000070 0.000627 0.004282
-0.000055 -0.014796 -0.001568
-0.003644 -0.011037 -0.001458
-0.011215 -0.005387 -0.002308
0.011843 -0.005995 0.000986
-0.008561 -0.005181 -0.002499
0.001228 -0.002295 0.005693
0.003748 -0.019759 -0.000426
-0.004446 0.001322 0.001563
0.011988 -0.012869 0.000928
-0.001035 0.011495 0.012334
-0.008890 0.002330 0.000763
-0.001875 0.019522 0.000608
0.012472 0.008055 -0.003297
0.001419 0.019684 -0.012068
-0.009013 0.001039 -0.002263
-0.001275 0.003839 0.005909
-0.000316 -0.015731 -0.002292
-0.003675 -0.011473 -0.000996
-0.012539 -0.006014 -0.001388
0.011276 -0.005243 0.000091
-0.010454 -0.007062 -0.003885
0.004201 -0.007153 0.007756
0.003464 -0.019261 -0.000499
0.000740 0.006533 0.002869
0.014310 -0.012247 0.003920
-0.000620 0.010717 0.012613
-0.010474 0.002133 0.000605
-0.002691 0.019026 0.000318
0.011631 0.007228 -0.002699
-0.002109 0.015960 -0.005616
-0.014562 0.004307 -0.002447
-0.000359 0.003153 0.004745
0.000819 -0.017750 -0.004958
-0.002934 -0.011995 -0.001874
-0.011169 -0.006608 -0.002789
0.011810 -0.007733 -0.000389
-0.009443 -0.004737 -0.003140
0.004610 -0.007094 0.002588
0.003364 -0.019520 0.000060
-0.003389 -0.002610 0.001320
0.014244 -0.011518 0.002920
-0.001722 0.022590 0.011791
-0.021725 0.021133 0.000409
-0.007807 0.048870 0.002288
0.012326 0.017146 -0.002632
-0.003944 0.020528 -0.006819
-0.011911 0.006763 -0.005359
-0.000239 0.002958 0.004427
-0.002998 -0.010547 -0.004821
-0.003300 -0.010677 -0.000250
0.018098 0.010075 -0.043330
0.011764 0.074702 -0.085575
-0.007571 -0.004938 -0.002714
0.003009 -0.008287 0.003485
0.001656 0.050354 0.072761
-0.004027 0.001186 0.001059
0.013983 -0.014731 0.003339
-0.001351 0.010729 0.011718
-0.008717 0.001330 0.001105
-0.003000 0.019050 0.002352
0.015326 0.012204 -0.003307
0.000074 0.015008 -0.005786
-0.010977 -0.000317 -0.002321
0.000134 0.004069 0.004495
-0.001681 -0.016162 -0.002662
-0.002683 -0.011090 -0.000873
-0.011698 -0.004824 -0.000811
0.012344 -0.007124 -0.000142
-0.010499 -0.005954 -0.004010
0.005187 -0.010537 0.006755
0.004349 -0.017775 -0.001303
-0.004240 0.000657 0.001590
0.005284 -0.012911 0.012965
-0.000668 0.002904 -0.004909
0.006717 0.007730 -0.002643
-0.009696 0.007758 0.002357
0.012741 0.034392 -0.002043
-0.001010 -0.003246 -0.000318
-0.001279 -0.001199 -0.009962
-0.008442 -0.003708 0.000153
0.003133 0.006611 -0.000115
-0.000116 0.007888 -0.001661
0.015992 -0.011889 0.002259
-0.007645 0.011166 0.000636
-0.005320 -0.001324 -0.000471
0.011917 -0.005596 -0.000641
-0.003986 -0.005445 0.004272
0.011300 0.002821 0.021652
-0.011689 -0.004662 0.000673
0.000217 0.005026 -0.006188
0.007362 0.013368 -0.001146
-0.010044 0.009926 0.002191
0.005537 0.025245 0.001498
0.000201 -0.004634 -0.000981
0.001189 0.003854 -0.012849
-0.007746 0.000275 0.000759
0.001551 0.004775 0.000837
-0.000091 0.008389 -0.001774
0.017474 -0.010729 0.002465
-0.008402 0.009486 0.000824
-0.004646 -0.000888 -0.000157
0.010865 -0.005866 0.001812
-0.003332 -0.005064 0.004122
0.010569 -0.010204 0.001500
-0.014750 -0.014189 -0.000270
-0.011265 0.027571 -0.004797
0.007296 0.011598 -0.003440
-0.009793 0.010193 0.002434
0.004188 0.027385 -0.006759
0.000666 -0.005244 -0.000084
0.003894 -0.000531 -0.006784
0.022750 0.000808 0.001289
0.003037 0.006553 -0.000263
-0.046286 0.038203 0.002484
0.019738 -0.012197 0.003483
-0.011979 0.015513 0.003283
-0.006068 -0.002052 0.000283
-0.016215 0.021630 0.035082
-0.002654 -0.004811 0.004549
0.008874 -0.010729 0.002673
-0.007844 -0.015340 0.008790
0.010612 0.017928 -0.005475
0.008612 0.006939 -0.002626
-0.010081 0.011016 0.002676
0.007313 0.023824 -0.001258
-0.002143 -0.004730 -0.000678
0.000949 0.003046 -0.011045
-0.008307 -0.002636 0.000314
0.004121 0.005491 0.000883
-0.000499 0.004962 -0.001327
0.018528 -0.011283 0.002613
-0.009006 0.006436 0.001121
-0.001590 0.004223 0.002790
0.011369 -0.004674 0.000205
-0.004321 -0.003995 0.002830
0.009882 -0.009181 0.001654
-0.017144 -0.011727 0.001548
-0.000835 0.003886 -0.005135
0.006251 0.007802 -0.002293
-0.009680 0.010912 0.002388
0.005869 0.022205 -0.001533
-0.001044 -0.003015 -0.000392
-0.000548 0.003882 -0.009781
-0.009002 -0.003615 0.001329
0.003084 0.004863 -0.000038
0.000240 0.008532 -0.002905
0.019322 -0.011220 0.004260
-0.009515 0.010334 0.002154
-0.003834 -0.001922 -0.000153
0.008870 -0.005114 0.001064
-0.004137 -0.005442 0.004201
0.009306 -0.009193 -0.000661
-0.017278 -0.013009 0.002203
0.000826 0.002078 -0.000717
0.008730 0.007090 -0.002104
-0.009063 0.010933 0.002148
0.007006 0.022499 -0.001695
-0.000400 -0.000816 -0.001332
0.000207 -0.000922 -0.009739
-0.005690 -0.004907 0.000436
0.003439 0.006577 0.000148
0.000119 0.006851 -0.004121
0.017460 -0.013249 0.000928
-0.010088 0.007999 0.004124
-0.004980 -0.001137 0.001058
0.011911 -0.005366 -0.000830
-0.003448 -0.006674 0.005277
0.009922 -0.009555 0.003882
-0.016425 -0.011177 0.001090
0.000333 0.001305 -0.007242
0.007032 0.008363 -0.002984
-0.000195 0.029025 0.000155
0.006553 0.033246 -0.001647
-0.029112 0.003101 0.000665
0.004285 0.002735 -0.009749
-0.006282 -0.004261 0.001186
-0.021426 -0.570993 0.020320
-0.000669 0.006918 0.000056
0.020488 -0.006270 0.000187
-0.016257 0.006828 -0.006739
-0.004241 -0.001863 0.003583
0.012320 -0.005583 0.000662
0.027798 0.016418 0.039321
0.009955 -0.009862 0.001373
-0.017174 -0.014736 0.003008
0.002361 0.004329 -0.004936
0.007632 0.008609 -0.002008
-0.010348 0.011373 0.001837
0.007026 0.023119 -0.002172
-0.002603 -0.004517 0.000441
0.003315 -0.000452 -0.009400
-0.007242 -0.002497 0.000868
0.004027 0.005198 -0.000596
0.000110 0.007878 -0.002833
0.020216 -0.011512 -0.001681
-0.008364 0.010108 0.001954
-0.005959 -0.004042 0.000907
0.012542 -0.005128 -0.000803
-0.003111 -0.006074 0.004393
0.010856 -0.010001 0.003124
-0.017014 -0.011732 0.001258
