0.010415 0.001528 0.001160
-0.006293 -0.001737 0.001391
-0.007016 -0.012419 0.000134
0.002535 0.001111 -0.003069
0.006697 0.002272 -0.002709
0.000243 -0.003627 -0.000327
-0.004858 -0.001939 -0.004439
-0.003989 0.005664 0.000426
-0.013470 0.005764 -0.005834
0.004992 -0.001267 -0.003176
-0.003501 0.000346 0.007009
-0.006870 -0.001540 0.002199
-0.001690 -0.004904 0.009398
-0.004511 -0.000846 -0.000958
0.003659 0.001273 -0.005069
-0.002635 -0.004936 0.006013
0.011690 0.004090 0.001694
-0.003009 -0.001435 0.001432
-0.007617 0.003901 0.017672
0.003990 -0.000444 -0.004515
0.007937 0.002769 -0.002915
-0.001001 -0.003533 -0.000633
-0.003034 -0.000986 -0.003662
-0.006199 0.006213 -0.000008
-0.006260 0.000494 -0.007769
-0.000869 -0.006082 0.000893
-0.004490 -0.002741 0.004195
-0.012071 0.000240 -0.001793
-0.002361 -0.005188 0.009308
-0.005040 0.000362 -0.000223
0.006456 0.000826 -0.005386
0.002368 -0.000793 0.001179
0.013830 0.001856 0.001055
0.001905 -0.001016 0.000523
-0.000312 0.015110 -0.000122
-0.044711 0.056156 -0.004776
0.542517 -0.004221 -0.008806
0.001990 -0.005881 -0.000050
-0.044946 -0.002023 -0.045480
-0.004243 0.003557 0.000458
-0.013042 -0.004982 -0.005818
0.007353 -0.001450 -0.000829
-0.002412 -0.002101 0.004584
-0.004313 -0.001679 0.002765
-0.001383 -0.005484 0.009054
-0.004488 0.001683 -0.001263
0.005442 0.001341 -0.005108
0.003470 -0.000563 0.000407
0.011400 0.003235 0.001131
-0.005792 -0.001658 0.000921
0.009797 0.003380 -0.000090
0.002326 -0.000292 -0.003581
0.009530 0.002381 -0.002901
-0.001342 -0.003770 -0.000610
-0.004335 -0.002134 -0.003620
-0.005741 0.005366 0.000735
-0.007830 0.000276 -0.009018
0.006036 -0.001166 -0.003270
-0.002288 -0.002530 0.004711
-0.005450 -0.003356 0.002182
-0.001814 -0.004613 0.009521
-0.005658 0.000344 -0.000746
0.003503 0.001382 -0.005711
-0.002011 -0.004167 -0.002492
0.005244 -0.000210 -0.002489
-0.002668 -0.001757 0.001449
0.009593 0.004140 -0.000298
0.001863 0.000564 -0.003133
0.007965 0.002256 -0.002971
-0.002360 -0.003654 -0.000370
-0.002488 -0.003438 -0.003508
-0.005470 0.005946 0.000057
-0.008693 0.000522 -0.008848
-0.000785 0.002855 0.001021
-0.003833 -0.002398 0.004277
-0.004904 -0.004425 0.002859
-0.001969 -0.005277 0.009554
-0.005187 0.000208 -0.001413
0.003499 0.001751 -0.005656
0.003411 -0.001335 0.000870
0.011282 0.003200 0.000700
-0.004561 -0.001622 0.001261
0.000024 0.004335 -0.010731
0.004247 -0.000732 -0.002164
0.007949 0.002505 -0.002734
-0.002968 -0.003191 -0.000916
-0.004667 -0.002059 -0.004589
-0.004707 0.006047 0.000145
-0.012388 0.000708 -0.004854
0.006504 -0.000360 -0.004640
-0.002647 -0.002205 0.004147
-0.011967 0.000827 0.006907
-0.033589 -0.005991 0.007840
-0.046252 -0.001476 0.053353
0.006104 0.003771 -0.007353
0.003753 -0.002822 0.001363
0.010866 0.003397 0.001563
0.000753 -0.000974 0.001665
0.010083 0.004880 0.000171
0.001493 -0.000266 -0.003357
0.008526 0.002625 -0.002438
0.000390 -0.003579 -0.000668
-0.004425 -0.002234 -0.006457
-0.003871 0.005901 0.000292
-0.007506 0.000722 -0.008558
0.001833 -0.001126 0.000692
-0.004249 -0.002036 0.004909
-0.007276 -0.002894 0.003294
-0.001666 -0.005880 0.009842
-0.005803 0.000563 -0.000839
0.004287 0.001040 -0.005011
0.003599 -0.000081 0.001448
0.005257 -0.001136 0.005356
-0.004794 -0.001373 0.001257
0.008957 0.004646 -0.000780
0.002400 0.000158 -0.003173
0.007968 0.002222 -0.002602
-0.002472 -0.002812 -0.000997
-0.004569 -0.002449 -0.004785
-0.006445 0.006212 0.000103
-0.007692 0.000677 -0.008316
0.006532 -0.001636 -0.004400
-0.004786 -0.002631 0.004529
-0.005193 -0.003611 0.001580
-0.002728 -0.005676 0.009586
-0.005594 0.000205 -0.001131
0.005214 0.001757 -0.005236
-0.001375 -0.005464 0.001071
-0.012658 -0.001477 0.002902
0.004823 -0.002023 0.000867
-0.003764 0.000972 0.003484
-0.003798 0.003247 0.002001
-0.003134 0.007303 -0.001122
-0.025362 -0.045157 -0.001790
0.009246 -0.001200 -0.005031
0.002497 -0.000355 -0.000256
0.009207 0.005269 0.001655
-0.000582 -0.007082 -0.005671
-0.002778 0.008170 0.003061
-0.022520 -0.004216 -0.004911
0.003877 0.003355 0.011306
-0.020917 0.012784 -0.008901
0.018912 -0.000162 0.000752
0.003773 0.000014 0.007401
-0.012901 -0.001481 0.002792
-0.005592 0.001878 0.005565
-0.002040 0.001552 0.003475
-0.004987 0.003112 0.002968
-0.003047 0.007447 -0.001036
0.006917 -0.000328 -0.002126
0.005949 -0.000677 -0.003356
0.004366 0.000509 0.000886
0.010323 0.005424 0.001653
-0.010320 -0.009299 -0.010785
0.002015 0.002903 0.005145
-0.043150 0.021520 -0.003928
0.002540 0.005120 0.012826
-0.021192 -0.007496 -0.029013
-0.015622 0.000112 -0.040943
-0.006048 0.000849 0.008166
-0.041737 -0.000703 0.033591
-0.004033 0.002008 0.005450
0.000241 0.000892 0.001685
-0.010396 0.007591 0.008306
-0.012636 0.009970 -0.006277
0.006370 -0.001092 -0.000373
0.010474 0.000900 -0.004910
-0.014215 -0.026572 0.000395
-0.016874 0.005989 0.003106
-0.009087 -0.009180 -0.010863
-0.002358 -0.002647 0.003153
-0.020298 -0.005148 -0.006571
-0.007225 0.000652 0.015867
-0.020840 -0.027263 -0.009012
0.019085 0.001478 0.000940
-0.008767 0.000435 0.007806
-0.012210 -0.001512 0.001440
0.004316 -0.002685 0.000625
-0.002051 0.001070 0.003155
-0.003666 0.002569 0.003060
-0.003975 0.005965 -0.001171
0.005610 0.000025 -0.001183
0.003757 -0.000569 -0.004386
0.003190 0.001101 -0.000270
0.009049 0.005247 0.001947
-0.001369 -0.005680 -0.005909
0.003166 0.002840 0.006367
-0.022630 -0.004475 -0.005182
0.002906 0.004632 0.011146
-0.001443 -0.007185 -0.009660
0.017756 0.000828 -0.000009
-0.006689 0.000057 0.007863
-0.012601 -0.001434 0.002882
0.005665 -0.001842 0.001219
-0.002007 0.000999 0.003205
-0.003713 0.003296 0.002523
-0.013536 0.010929 -0.005934
0.005644 -0.001155 -0.000598
0.005402 -0.000944 -0.004447
0.002969 0.000707 -0.000675
0.010029 0.005715 0.001138
-0.000182 -0.007351 -0.005605
0.002862 0.002894 0.005988
-0.022790 -0.003307 -0.005198
0.001897 0.004614 0.011033
-0.001557 -0.007544 -0.009986
0.017765 0.000741 0.000959
-0.006074 -0.000278 0.008003
-0.010942 -0.000472 0.001914
0.005265 -0.003276 0.002350
-0.009417 -0.003342 -0.000939
-0.001839 0.004078 0.003151
-0.003918 0.005781 -0.001290
0.007066 0.000047 -0.000273
0.006594 -0.000788 -0.004110
0.004808 0.001317 -0.001914
0.010049 0.005216 0.001715
0.000015 -0.005171 -0.007940
0.003909 0.002713 0.004784
-0.023017 -0.004763 -0.005101
-0.006192 0.001490 0.016440
-0.015836 -0.007597 0.005587
0.018179 0.000731 -0.000653
-0.005917 0.000508 0.007542
-0.012656 -0.001508 0.003831
0.004660 -0.002841 0.002081
-0.009042 0.000949 -0.003896
-0.009660 0.006849 -0.001557
-0.003280 0.006120 -0.002477
0.006445 -0.000175 -0.001007
0.003545 -0.001006 -0.004345
0.003280 0.001001 -0.000350
0.009093 0.005670 0.002013
-0.000608 -0.005545 -0.007405
0.003387 0.002818 0.006058
-0.020802 -0.004466 -0.003738
0.002673 0.005599 0.012915
-0.001907 -0.007680 -0.009787
0.017702 0.000644 0.000220
0.003619 0.000420 0.006310
-0.010365 -0.002726 0.001564
0.004556 -0.003179 0.001256
-0.009307 0.005353 -0.001361
-0.010688 0.010273 0.002893
-0.002946 0.005568 -0.003017
0.006371 -0.000747 -0.000854
0.005326 -0.000907 -0.004384
0.002781 0.000520 -0.000025
0.009753 0.005689 0.002278
-0.001195 -0.005738 -0.005712
0.002403 0.002923 0.006733
-0.022057 -0.005001 -0.005162
0.003524 0.003392 0.010606
-0.000774 -0.007031 -0.009729
0.018135 0.000714 0.001198
-0.006243 0.000167 0.007801
