0.000241 0.001481 0.012570
-0.010248 0.001442 0.000552
0.019270 0.018325 0.001845
0.008928 0.006717 -0.002971
-0.001243 0.015505 -0.006011
-0.008163 0.001520 -0.002194
-0.000430 0.003612 0.004152
-0.001239 -0.015288 -0.002114
-0.004141 -0.011115 -0.001366
-0.011225 -0.004511 -0.001583
0.011006 -0.006533 -0.003747
-0.010908 -0.006612 -0.002908
0.004184 -0.007846 0.002369
0.003055 -0.018963 0.003842
-0.003236 0.001152 0.001491
0.016617 -0.017723 0.006082
-0.001321 0.011422 0.013071
-0.004988 -0.005432 0.000623
0.001302 0.020361 0.000572
0.010583 0.008191 0.001100
-0.000554 0.017400 -0.005836
-0.009865 -0.000235 -0.002817
-0.000237 0.003463 0.005019
0.000499 -0.015797 -0.001168
-0.003041 -0.011017 -0.000079
-0.011418 -0.076772 0.080865
0.012979 -0.004352 -0.001561
-0.010118 -0.005432 -0.003505
0.004381 -0.008428 0.004352
0.001204 -0.026835 0.001984
-0.004191 0.000444 0.001441
0.015857 -0.011136 0.002433
-0.000495 0.010658 0.011029
-0.008614 0.001682 -0.000194
0.000278 0.020999 0.000584
0.010709 0.007871 -0.005334
-0.001504 0.015471 -0.004983
-0.008939 -0.011884 -0.002001
-0.000862 0.005762 0.004139
0.000048 -0.015740 -0.003160
-0.003423 -0.009355 -0.000734
-0.011294 -0.005052 -0.000018
0.008248 -0.014164 -0.003506
-0.009232 -0.007496 -0.002657
0.003013 -0.007120 0.002926
0.004754 -0.017702 0.001269
-0.005733 0.000771 0.000604
0.013823 -0.011958 0.001953
-0.002491 0.005709 0.011563
-0.007950 0.001660 0.000344
-0.001325 0.019817 0.000713
0.012045 0.006342 -0.001668
-0.002382 0.015356 -0.006247
-0.009623 0.001017 -0.001790
0.000503 0.002714 0.005467
-0.000679 -0.015582 -0.003370
-0.005525 -0.008709 -0.002793
-0.010564 -0.005109 -0.002504
0.011337 -0.006843 0.000340
-0.008609 -0.005772 -0.003485
0.005255 -0.009255 0.008790
0.003523 -0.019660 -0.000637
-0.003280 -0.000989 0.003031
0.013001 -0.009865 0.003921
-0.000371 0.010896 0.011788
-0.009462 0.000140 0.000531
-0.001696 0.016441 0.000598
-0.002834 -0.008632 -0.003580
-0.002022 0.016690 -0.005775
-0.008590 0.000896 -0.001882
-0.002356 0.005096 0.005021
0.000304 -0.016366 -0.003077
-0.003257 -0.011664 -0.000712
-0.011048 -0.005660 -0.001415
0.011969 -0.006635 -0.000298
-0.009688 -0.007426 -0.003833
0.004906 -0.007455 0.004506
0.004257 -0.018936 0.000273
-0.003155 0.000464 0.001815
0.012290 -0.009843 0.004710
0.002066 0.005650 0.005478
-0.011286 -0.003714 -0.006014
-0.001701 0.021396 0.001752
0.012225 0.008593 -0.002860
-0.000950 0.014374 -0.006758
-0.009713 0.000602 -0.003373
0.001329 0.003504 0.004315
-0.000277 -0.016489 -0.007512
-0.002429 -0.011109 -0.000395
-0.011411 -0.005746 -0.002392
0.010955 -0.006647 0.001331
-0.009994 -0.005712 -0.003933
0.005673 -0.006919 0.002765
0.003783 -0.017734 0.000573
-0.004043 0.001004 0.001197
0.013088 -0.011401 0.003138
0.001732 0.007069 0.016528
-0.011057 -0.002633 0.004974
-0.001868 0.020519 -0.000028
0.012370 0.007739 -0.002466
0.000299 0.630294 -0.006834
-0.008351 -0.009806 -0.002142
0.000660 0.003741 0.004563
0.000520 -0.031505 0.015480
-0.007686 -0.017507 -0.001306
-0.011663 -0.006292 -0.000896
0.011591 -0.005162 -0.000252
-0.007256 -0.004367 -0.003203
0.003340 -0.007656 0.004612
0.001681 -0.019672 -0.002333
-0.037892 -0.010218 -0.036292
0.014400 -0.011269 0.007321
-0.000067 0.012415 0.012314
-0.008702 -0.009365 0.000778
-0.001435 0.019183 0.000483
0.019854 -0.008131 -0.003007
-0.002018 0.016284 -0.004915
-0.009538 0.001148 -0.002106
0.000106 -0.000012 0.003874
0.000843 -0.014588 -0.001995
-0.015105 -0.008728 0.010096
-0.010585 -0.004498 -0.001793
0.009852 -0.006886 0.000097
0.024430 -0.018285 -0.039289
0.004500 -0.024373 -0.015005
0.001153 -0.018942 -0.001327
-0.003652 0.000558 0.000966
0.014414 -0.010699 0.001803
-0.000490 0.002202 -0.005781
0.007532 0.008830 -0.002352
-0.011700 0.011705 0.002844
0.006769 0.023699 -0.001695
-0.000122 -0.001777 -0.000262
0.001366 0.003984 -0.009573
-0.008411 -0.002225 0.000388
0.003685 -0.004186 -0.000474
-0.000741 0.008114 -0.001442
0.028743 -0.009703 0.013358
-0.005805 0.010304 0.002339
-0.005289 -0.001432 -0.000054
0.011574 -0.005453 -0.000410
-0.003423 -0.005018 0.004185
0.010294 -0.010668 0.001084
-0.016287 -0.012147 0.001381
-0.001586 0.003523 -0.005110
0.007372 0.008044 -0.002622
-0.011135 0.014255 0.000575
0.004479 0.024676 -0.001968
0.004151 -0.007628 0.001866
0.001283 0.005141 -0.011700
-0.007789 -0.001923 0.000415
-0.001916 0.001030 0.001253
0.001605 0.006016 -0.002146
0.017994 -0.011796 0.002596
-0.009600 0.011942 -0.000787
-0.002721 0.001021 0.002791
0.011635 -0.006078 0.000316
-0.003054 -0.005551 0.002851
0.009165 -0.010195 0.001865
-0.018870 -0.011875 0.001385
0.004736 -0.048771 -0.008873
0.007521 0.010801 -0.002115
-0.009842 0.011961 0.003288
0.005597 0.024889 -0.001426
0.003097 -0.005575 -0.002057
0.001154 0.004977 -0.008980
-0.008471 0.000819 0.000947
0.000146 0.001097 -0.002261
0.014159 -0.011056 -0.002236
0.018108 -0.007348 0.004235
-0.006317 0.003813 -0.002445
0.005847 0.001287 -0.009643
0.011335 -0.003039 -0.000618
-0.002215 -0.091986 -0.081001
0.009984 -0.010805 0.002301
-0.016631 -0.012439 0.000954
-0.000752 0.004247 -0.005431
-0.006732 -0.055989 -0.007787
-0.007330 0.015224 0.002639
0.005714 0.020535 -0.002274
0.000003 -0.003306 -0.000150
0.000675 0.004418 -0.010309
-0.008099 -0.002013 0.002673
0.002062 0.004667 0.000060
-0.000830 0.008568 -0.004680
0.017506 -0.011544 0.003715
-0.009147 0.009712 0.001986
-0.006405 0.000338 -0.001309
0.000903 -0.001689 -0.009488
-0.003039 -0.004853 0.005122
0.010536 -0.009381 0.002044
-0.016328 -0.011918 0.001809
-0.000421 0.003071 -0.004726
0.006607 0.008311 -0.002683
-0.008714 0.016070 0.002578
0.007488 0.024048 -0.001547
-0.005223 -0.011054 -0.000211
0.001481 0.006627 -0.010296
-0.008215 -0.002068 0.000647
0.004452 0.005609 0.000061
-0.000762 0.007621 -0.002574
0.020228 -0.009357 0.000807
-0.008268 0.009217 0.002282
-0.004419 0.002490 -0.000077
0.011151 -0.004962 0.000765
-0.003648 -0.006505 0.004286
0.010044 -0.009031 0.002849
-0.015703 -0.011465 0.000988
0.000234 0.003099 -0.005224
0.008666 0.008224 -0.003182
-0.010026 0.013625 0.006076
0.007277 0.025357 -0.000606
-0.000904 -0.003788 -0.000651
0.001624 0.003482 -0.010179
-0.008580 -0.001649 0.000939
0.002680 0.005277 -0.000301
-0.000689 0.007236 -0.001797
0.016797 -0.010644 0.004206
-0.008169 0.010483 0.001855
-0.004703 -0.001811 0.000460
0.012161 -0.004785 -0.000711
-0.003534 -0.005168 0.004133
0.010061 -0.009792 0.002299
-0.016822 -0.010872 0.001527
-0.000043 0.005777 -0.005161
0.008102 0.007720 -0.002137
-0.012422 0.015590 -0.000220
0.007311 0.024412 -0.002414
-0.000459 -0.002768 0.000119
0.001215 0.003988 -0.009571
-0.053387 -0.034369 0.001854
0.005905 0.000839 0.000439
-0.009499 -0.011017 -0.001801
0.022138 -0.017247 0.002641
-0.009642 0.011451 0.001513
-0.005672 -0.000943 -0.001102
0.008719 -0.010755 0.001932
-0.003611 -0.006481 0.003953
0.045721 -0.033149 0.040182
-0.052738 -0.035395 0.040987
-0.000307 0.003329 -0.004445
0.008258 0.008563 -0.002096
-0.007620 0.011288 0.002916
-0.013777 0.017768 -0.001041
0.000596 -0.012026 -0.000411
0.051067 -0.037811 -0.007909
-0.007172 -0.002129 -0.001657
0.002214 0.006981 0.000054
-0.000458 0.007958 0.004093
0.018636 -0.011819 0.003041
-0.007884 0.009961 -0.002481
-0.001472 -0.006180 0.001785
0.009192 -0.002382 0.002130
-0.003049 -0.005090 0.003916
0.010078 -0.009440 0.002150
-0.016728 -0.012582 0.000168
