0.048817 0.035107 -0.002735
0.026951 -0.016531 0.000912
-0.005861 -0.059424 -0.002772
0.000920 -0.095772 0.088287
0.081483 0.047611 0.087557
-0.021439 0.012589 -0.001227
0.000138 0.022326 -0.001674
0.027404 -0.015356 0.000363
-0.020892 -0.011443 -0.000880
-0.003033 -0.021953 -0.000740
0.018461 0.012620 -0.003489
-0.018999 0.012315 0.000709
0.005547 0.016594 0.000866
0.011251 -0.026851 -0.001380
0.006415 -0.026977 -0.001817
-0.000436 -0.026310 -0.001432
0.018316 0.011049 0.000827
-0.021604 0.012882 -0.002311
0.009890 0.023142 0.004012
0.013697 -0.017512 0.005680
-0.017429 -0.009803 -0.000843
-0.001995 -0.021556 0.000161
0.012342 0.010242 -0.005532
-0.010411 0.014658 0.002790
0.005377 0.019016 0.007386
0.020769 -0.008609 0.000421
-0.010190 -0.023436 0.007717
-0.001002 -0.020742 -0.000607
0.017429 0.010085 0.000745
-0.020854 0.013084 0.000200
0.009088 0.025418 0.007624
0.020054 -0.009265 0.005270
-0.018022 -0.012541 -0.000179
-0.001823 -0.020771 -0.000272
0.027775 0.007879 0.004279
-0.026692 0.012854 -0.005842
0.001300 0.019180 -0.000554
0.022706 -0.005650 0.006101
-0.021466 -0.013380 0.003180
-0.000589 -0.020263 -0.002690
0.017811 0.010013 0.000431
-0.015917 0.010057 0.000829
0.003962 0.016608 0.001153
0.020478 -0.011723 -0.001877
-0.015925 -0.009133 -0.001171
0.000654 -0.018342 -0.004234
0.018795 0.006392 0.004362
-0.020182 0.012887 -0.000308
0.000166 0.019264 -0.001398
0.019182 -0.011203 -0.001121
-0.012182 -0.012128 -0.000259
0.003540 -0.019522 0.004663
0.013425 0.010186 -0.000956
-0.021772 0.010338 -0.001553
0.008411 0.018836 0.002947
0.020438 -0.013801 -0.001148
-0.017154 -0.007058 0.002132
0.000642 0.003180 0.025083
-0.002718 -0.001316 0.024220
0.048488 -0.028713 0.092140
0.026624 0.006299 -0.002171
0.030166 0.003631 -0.001822
-0.013393 -0.011269 0.001240
-0.000561 -0.020835 -0.001045
0.022932 0.012614 0.000258
-0.017613 0.010901 0.002595
-0.001248 0.022311 -0.000283
0.017824 -0.010397 0.004525
-0.011440 -0.026804 0.007809
0.006343 -0.024106 0.002832
0.014795 0.014709 -0.002146
-0.022510 0.005847 0.001075
-0.327431 0.189084 -0.388861
0.015357 -0.009150 0.014377
0.002283 -0.001994 -0.002481
-0.000500 0.000077 0.005502
0.005523 -0.010217 -0.002759
-0.007043 0.009254 -0.003332
0.009260 -0.002688 -0.003769
-0.003841 0.007490 0.000817
-0.000146 0.001737 0.011688
0.001212 -0.001187 0.000876
-0.000027 -0.001363 -0.001815
0.008412 0.012587 0.008758
0.000510 0.002072 -0.003041
-0.007434 -0.000589 0.001611
0.000833 -0.002021 -0.003174
0.000124 -0.000026 0.005737
0.003015 0.001023 -0.003301
-0.000240 0.000296 0.005640
-0.001357 -0.000620 0.012160
-0.005152 0.004016 -0.009095
0.010576 0.000815 -0.003284
-0.010060 0.001157 -0.002835
0.007268 -0.007628 -0.002644
-0.006602 -0.014353 0.008307
