2176.0000 0.05 1
1.875
3.75
6.25
6.25
7.5
16.25
8.75
7.5
17.5
15
14.375
16.25
25
16.25
6.25
31.25
23.125
18.125
28.75
10
10
13.125
10
10
16.25
20
25
30
37.5
19.375
22.5
28.75
13.75
26.875
20.625
29.375
21.875
41.875
43.75
30
37.5
55
48.75
44.375
43.125
67.5
54.375
49.375
83.125
93.75
98.75
124.375
138.125
134.375
137.5
155
181.875
151.25
157.5
200
177.5
176.875
231.875
251.875
267.5
239.375
232.5
281.875
292.5
308.75
300
318.75
303.125
311.875
321.25
341.875
340.625
361.875
317.5
355
370.625
365.625
330
358.75
336.875
377.5
311.25
295
303.125
286.25
275
253.125
233.75
248.125
252.5
300.625
205.625
250
312.5
293.125
320
308.75
308.125
300
251.25
293.125
308.125
298.125
324.375
274.375
280
304.375
272.5
320
290
317.5
246.875
300
351.875
317.5
317.5
313.125
328.75
362.5
343.125
380
399.375
383.75
386.875
395
393.75
430.625
451.875
470.625
452.5
440.625
455.625
436.25
447.5
415.625
406.875
428.125
381.25
360
317.5
351.25
329.375
312.5
314.375
329.375
305
275.625
216.25
255
251.25
303.125
277.5
248.125
272.5
225.625
319.375
285.625
331.25
302.5
298.75
291.25
288.125
293.75
351.875
290.625
325
354.375
368.125
356.25
260
288.125
211.875
290
346.25
265
265.625
266.25
259.375
235.625
245.625
249.375
265
326.25
240.625
225.625
237.5
226.875
178.75
247.5
255
280
258.75
307.5
252.5
262.5
258.75
204.375
203.75
268.125
255
326.25
344.375
346.875
352.5
274.375
367.5
293.75
514.375
535.625
510
423.75
368.75
256.875
233.125
205
166.25
115.625
62.5
33.125
11.25
2.5
3.125
3.75
1.25
0
0
0
0
0
0
0
0
0
0
2.5
0
