0.009886 0.001334 0.001619
-0.005390 -0.001916 0.001218
0.008999 0.002731 -0.000397
0.000636 -0.000987 -0.004031
0.008403 0.002667 -0.002559
-0.001441 -0.004963 -0.000527
-0.004623 0.000582 -0.004672
-0.005541 0.004233 -0.001265
-0.009456 0.029272 -0.007069
0.005346 -0.003429 -0.002230
-0.006098 0.002487 0.010004
-0.005185 -0.003520 0.001843
-0.001571 -0.005355 0.007950
-0.005895 0.000420 -0.000095
0.004974 0.001140 -0.005121
0.002592 -0.002020 0.000195
0.011103 0.002292 0.001583
-0.004051 -0.002462 0.000901
0.010396 0.002940 -0.000124
0.002347 -0.000201 -0.004279
0.008690 0.002933 -0.002497
0.000290 -0.004040 -0.000902
-0.004592 -0.001143 -0.004388
-0.006520 0.005399 0.000067
-0.008578 0.001316 -0.008029
0.005662 -0.001349 -0.001984
-0.002067 -0.002919 0.004629
-0.006468 -0.003120 0.000892
-0.001378 -0.004870 0.009089
-0.005707 0.001028 -0.000466
0.004310 0.000992 -0.004967
0.002607 -0.002239 0.002004
0.005637 0.007582 -0.001749
-0.001337 -0.002798 -0.001297
0.012015 0.002823 0.000782
-0.002086 0.006283 -0.001087
0.010378 0.002238 -0.000309
-0.050870 0.039665 0.000021
-0.002805 -0.539654 0.002835
-0.002057 0.011378 -0.005298
-0.006813 0.031848 -0.007769
0.005995 -0.006565 -0.002570
-0.002428 -0.003974 0.005515
-0.001414 0.004029 0.005932
-0.001777 -0.005678 0.011117
-0.005465 0.000530 -0.000985
0.004351 0.000326 -0.004588
0.003040 -0.000872 -0.000307
0.011091 0.002315 0.001531
-0.005398 -0.000270 0.001246
0.010635 0.004644 -0.000136
0.002343 0.000594 -0.003693
0.008579 0.003592 -0.002853
0.000177 -0.003614 -0.000560
-0.004671 -0.010542 -0.003850
-0.006052 0.003914 0.001632
-0.008359 0.001039 -0.007095
0.005223 -0.001874 -0.002563
-0.006061 0.001900 0.000591
-0.006029 -0.002654 0.001942
-0.004975 0.003896 0.005451
-0.006416 0.000872 -0.001514
0.003999 0.001332 -0.005359
0.002404 0.031190 -0.039558
0.011356 0.001676 0.002091
-0.006743 -0.002561 0.001574
0.010535 0.004935 -0.000079
0.002148 0.000218 -0.003725
0.008374 0.002956 -0.002980
-0.000692 -0.003382 -0.000242
-0.004780 -0.001273 -0.005316
-0.005998 0.005168 0.000088
-0.008621 -0.000074 -0.007629
0.005114 -0.001298 -0.002825
-0.002579 -0.003282 0.004669
-0.006169 -0.002691 0.001852
-0.001547 -0.005093 0.009546
-0.005588 -0.000137 -0.000750
0.003084 0.001409 -0.005496
0.002452 -0.002522 0.001442
0.009546 0.000574 0.002402
-0.005484 -0.000834 0.001018
0.007025 0.005509 -0.001951
-0.002630 0.006668 0.000315
0.009773 0.001985 -0.002254
-0.000792 -0.003745 -0.000255
-0.004308 -0.001331 -0.005348
-0.004204 0.005452 0.000221
-0.008474 0.001371 -0.007799
0.006278 -0.001107 -0.003268
-0.004598 -0.002560 0.004835
-0.002007 0.001548 0.004023
-0.001326 -0.006096 0.009709
-0.005682 -0.007374 -0.000433
0.036769 0.027834 -0.003281
0.002578 -0.001205 0.001253
0.011146 0.001257 0.002130
-0.005182 -0.002507 0.001489
0.010465 0.004646 0.000143
0.002548 -0.000154 -0.004290
0.008746 0.001390 -0.003176
-0.000285 -0.003532 -0.000459
-0.004770 -0.001171 -0.004892
-0.002954 0.010435 0.004699
-0.008867 0.000707 -0.007591
0.005189 -0.000776 -0.002243
-0.002483 -0.003811 0.003320
-0.007078 -0.002945 0.002435
0.002950 0.005545 0.014813
-0.005171 0.000678 0.000095
0.004855 0.000184 -0.005049
0.002612 -0.003333 0.000798
0.006652 0.007205 -0.001086
-0.005352 -0.000800 0.001341
0.009499 0.004404 -0.000368
0.001419 -0.001031 -0.003909
0.007401 0.001850 -0.003166
-0.001814 -0.002975 -0.000790
-0.004504 -0.001287 -0.004560
-0.003582 0.008001 0.000352
-0.008459 -0.000223 -0.007654
0.004732 -0.001324 -0.001778
-0.004633 -0.000153 0.004281
-0.005061 -0.003980 0.000933
-0.001372 -0.003522 0.009486
-0.005672 -0.003649 -0.000411
0.004466 -0.000113 -0.005475
0.002198 -0.001475 0.001808
-0.012826 -0.002070 0.002441
0.008365 0.001324 0.000767
-0.003102 0.001364 0.002515
-0.005013 0.004161 0.003069
-0.004216 0.004004 -0.001753
0.010574 0.003674 -0.003411
0.008646 0.008165 -0.000844
0.002577 -0.002299 -0.000441
0.009708 0.005549 0.002151
-0.000671 -0.008109 -0.006104
0.002326 0.022449 0.024007
-0.022465 -0.004193 -0.005980
0.002677 0.003470 0.010294
-0.004549 0.001871 -0.006382
-0.000595 0.020772 0.000363
-0.006215 0.001378 0.007640
-0.012625 -0.001133 0.002841
0.007529 0.002454 0.006313
-0.002000 0.001951 0.002018
-0.004267 0.003562 0.001289
-0.003309 0.006445 -0.001260
0.006148 -0.001552 -0.000778
0.004135 -0.000088 -0.004350
0.002862 -0.000101 0.000718
0.009950 0.006024 0.002197
-0.001790 -0.006853 -0.006900
0.002349 0.002717 0.005480
-0.023440 0.020293 0.028851
0.003561 0.004676 0.011585
-0.000317 -0.007083 -0.009434
0.017698 0.000526 -0.000098
-0.006111 0.000425 0.006851
-0.012650 -0.005311 0.002880
0.005606 -0.002962 0.001356
-0.002675 0.000667 0.002149
-0.004692 0.004426 0.003014
-0.040454 0.033789 -0.001217
0.007657 -0.002673 0.000155
-0.001084 0.008979 -0.008395
0.005570 0.032333 -0.044584
0.008693 0.009433 0.003260
0.049025 0.033569 -0.006324
0.001956 0.023248 -0.014132
-0.022420 -0.004391 -0.005593
-0.001493 0.010269 0.007498
0.003982 0.003337 -0.014184
0.035099 0.019468 0.000051
-0.006415 -0.000825 0.007936
-0.012822 -0.003844 0.002203
0.004278 -0.003295 0.001369
-0.002672 0.001493 0.002432
-0.004538 0.002461 0.003631
-0.002582 0.006622 -0.001642
0.005602 -0.001947 0.000253
0.003927 -0.001382 -0.003340
0.002247 0.004281 -0.003649
0.009704 0.006570 0.001820
-0.002324 -0.005650 -0.006510
0.002708 0.015915 -0.007224
-0.022628 -0.004991 -0.006249
0.003428 0.002330 0.013052
-0.000309 -0.008215 -0.008038
0.017324 0.002250 -0.000039
-0.006035 0.000667 0.007616
-0.012815 -0.001135 0.002596
0.004372 -0.004051 0.002298
-0.003197 0.002112 0.002187
-0.003925 0.003065 0.001633
-0.002398 0.005498 -0.000191
0.005865 -0.001282 -0.000707
0.004279 -0.000336 -0.004431
0.003223 -0.000385 0.000436
0.009843 0.006046 0.001495
-0.000941 -0.005838 -0.006354
0.002297 0.003635 0.005459
-0.021942 -0.007158 -0.004698
0.003141 0.004365 0.011459
-0.000563 -0.007072 -0.009676
0.017979 0.001035 0.000275
-0.005441 0.000268 0.008684
-0.012965 -0.000526 0.003386
0.007883 0.001948 -0.002709
0.010327 0.015259 0.002898
-0.004280 0.003914 0.001996
-0.003329 0.006428 -0.001934
0.011167 0.005636 -0.005339
0.004175 -0.001838 -0.004525
0.003418 0.000382 0.000183
0.008134 0.004551 0.002636
-0.002384 -0.006704 -0.005396
0.002287 0.003681 0.005650
-0.022598 -0.003697 -0.005540
0.001803 0.004467 0.011729
-0.000561 -0.008189 -0.009285
0.017396 0.000427 0.000272
-0.002773 0.008873 0.003885
-0.012895 -0.007562 0.001928
0.003740 -0.002630 0.001162
-0.002489 0.000380 0.002388
-0.006066 0.030717 0.039722
-0.002901 0.006151 -0.001229
0.005638 -0.001105 -0.000617
0.004344 -0.000935 -0.005280
0.003203 0.001037 -0.000725
0.009569 0.004971 0.001920
-0.001249 -0.006050 -0.006689
0.002078 0.022064 0.023517
-0.022539 -0.004447 -0.006499
-0.000579 0.009689 0.016295
-0.000555 -0.008132 -0.010658
0.017786 0.001625 -0.000046
-0.005913 0.001278 0.007322
-0.012107 -0.000471 0.002793
0.004348 -0.004657 -0.000211
-0.016456 0.015987 0.002587
-0.004050 0.003836 0.001958
-0.002142 0.005457 -0.002415
0.006948 -0.002839 -0.000162
0.004193 0.000097 -0.004502
0.003585 0.000385 0.000550
0.011148 0.004799 0.001656
-0.001040 -0.005792 -0.005900
0.002529 -0.007133 0.005617
-0.021824 -0.003297 -0.004681
-0.001112 0.008509 0.011740
0.000249 -0.005908 -0.009724
0.017779 0.001297 0.000061
-0.010291 0.009905 0.012053
