2176.0000 0.05 1
1.11111
4.44444
11.1111
2.22222
11.1111
4.44444
13.3333
11.1111
20
11.1111
6.66667
11.1111
24.4444
23.3333
17.7778
23.3333
26.6667
18.8889
13.3333
32.2222
18.8889
11.1111
2.22222
10
14.4444
16.6667
34.4444
37.7778
25.5556
40
11.1111
26.6667
17.7778
33.3333
22.2222
32.2222
26.6667
27.7778
40
24.4444
32.2222
46.6667
36.6667
47.7778
70
55.5556
56.6667
41.1111
80
108.889
93.3333
126.667
127.778
138.889
146.667
148.889
158.889
192.222
187.778
206.667
214.444
267.778
192.222
230
236.667
284.444
237.778
276.667
255.556
263.333
292.222
297.778
317.778
340
316.667
350
288.889
345.556
303.333
310
295.556
301.111
291.111
277.778
314.444
273.333
248.889
285.556
290
297.778
314.444
318.889
323.333
307.778
335.556
321.111
311.111
294.444
293.333
300
302.222
288.889
334.444
357.778
316.667
358.889
377.778
365.556
344.444
350
347.778
288.889
251.111
215.556
180
157.778
186.667
243.333
264.444
332.222
350
402.222
420
395.556
424.444
414.444
447.778
400
382.222
358.889
346.667
366.667
350
393.333
380
380
386.667
430
400
461.111
408.889
405.556
408.889
356.667
362.222
374.444
368.889
376.667
437.778
417.778
405.556
436.667
405.556
341.111
347.778
324.444
348.889
314.444
328.889
255.556
284.444
264.444
272.222
255.556
242.222
224.444
276.667
211.111
242.222
214.444
234.444
258.889
221.111
248.889
227.778
214.444
208.889
227.778
176.667
206.667
174.444
198.889
173.333
177.778
254.444
236.667
232.222
210
216.667
168.889
176.667
196.667
262.222
238.889
224.444
267.778
245.556
228.889
257.778
345.556
344.444
315.556
310
323.333
312.222
331.111
380
414.444
430
427.778
447.778
430
510
471.111
501.111
470
427.778
352.222
318.889
222.222
121.111
18.8889
1.11111
0
0
0
0
0
0
0
0
0
0
0
0
0
0
0
0
0
0
0
0
0
0
4.44444
2.22222
0
0
0
0
4.44444
4.44444
2.22222
3.33333
2.22222
0
4.44444
4.44444
4.44444
4.44444
0
2.22222
4.44444
0
1.11111
2.22222
0
0
2.22222
0
2.22222
0
