-0.003217 0.015247 0.008475
-0.008891 0.001803 0.000109
-0.063528 0.053793 -0.070573
0.011419 0.007228 -0.003032
-0.002477 0.016081 -0.006158
-0.007055 0.000612 -0.000774
-0.000032 0.004230 0.004372
0.001196 -0.016903 -0.001541
-0.003731 -0.011157 -0.002292
-0.021870 -0.006611 -0.002257
0.005980 -0.006919 -0.002274
-0.009677 -0.006259 -0.003314
0.004532 -0.007445 0.003308
-0.044144 0.005116 -0.001163
-0.005018 0.000569 0.001464
0.014282 -0.012081 0.002678
-0.001726 0.012278 0.011274
-0.007794 0.000980 0.000393
-0.002134 0.018773 0.000618
0.011466 0.008055 -0.002591
-0.000968 0.017649 -0.006130
-0.009784 0.000690 -0.002842
-0.001283 0.003145 0.005008
0.000826 -0.015840 -0.002151
-0.004779 -0.011486 -0.001079
-0.011508 -0.009811 -0.003565
0.011748 -0.009602 0.000669
-0.007937 -0.004442 -0.003729
0.004930 -0.007718 0.003461
0.003818 -0.016921 -0.001036
-0.005269 -0.000027 0.001093
0.000692 -0.013687 0.002954
-0.001408 0.010611 0.012213
-0.008553 0.001174 0.000340
0.001718 0.020026 0.001399
-0.047745 0.040868 0.063419
-0.002245 0.016339 -0.006259
-0.010465 0.000254 -0.003126
0.002015 0.001112 0.005469
0.000949 -0.015729 -0.002628
-0.003874 -0.011234 -0.001245
-0.011990 -0.009615 -0.000388
0.004961 -0.021014 0.000431
-0.014098 0.006562 -0.003488
-0.005196 -0.006008 0.003535
0.003760 -0.017585 0.000039
-0.001835 -0.000412 0.001480
0.013331 -0.010068 0.002868
-0.001464 0.011329 0.013240
-0.009279 0.000668 -0.000412
-0.001690 0.018870 0.000539
0.010793 0.007154 -0.002188
-0.003202 0.016062 -0.006149
-0.006327 0.002987 -0.000524
-0.061928 -0.031332 -0.069400
-0.000406 -0.015962 -0.004067
-0.002225 -0.010843 -0.000414
-0.011514 -0.005981 -0.001525
0.011157 -0.006359 0.000449
-0.012889 -0.004332 -0.005444
0.002470 -0.004945 -0.002613
0.004366 -0.019138 -0.000726
-0.001914 0.000585 0.001732
0.012068 -0.011503 0.002781
0.001289 0.010320 0.010352
-0.009877 0.002261 0.001697
-0.001125 0.018449 0.000177
0.014195 0.009618 -0.003747
-0.000224 0.013868 -0.007279
-0.017890 0.002921 -0.000857
-0.000225 0.004221 0.005819
0.000212 -0.017179 -0.003910
-0.002947 -0.010480 -0.000009
-0.009983 -0.005010 -0.001709
0.006230 -0.006629 0.002869
-0.011213 -0.006286 -0.003491
0.005458 -0.008009 0.004061
0.002953 -0.019816 -0.000455
-0.002026 -0.000395 0.001956
0.012114 -0.010585 0.003252
-0.000322 0.013548 0.015855
-0.008280 0.001467 0.001030
-0.002717 0.018915 0.000754
0.012397 0.006930 -0.003053
-0.000702 0.015281 -0.004763
-0.008582 -0.000427 -0.003395
-0.001461 0.003275 0.004470
-0.001987 -0.016428 -0.002201
-0.004614 -0.012068 -0.001501
-0.010913 -0.004644 -0.001042
0.012733 -0.007102 0.000483
-0.010010 -0.006102 -0.003857
0.007298 -0.005604 0.003803
0.005590 -0.019546 -0.001351
-0.007143 0.000736 0.003052
0.012301 -0.009732 0.002644
-0.010312 0.022221 -0.005808
-0.008018 0.003913 -0.004493
0.000577 0.017983 0.000943
0.011365 0.007870 -0.002497
-0.067428 -0.022052 0.070823
-0.010942 0.003204 -0.005597
0.000630 0.003681 0.004943
-0.017753 0.034306 -0.000528
-0.015264 -0.061430 -0.001140
-0.013814 0.000880 -0.002803
0.008551 0.001126 0.000437
-0.013198 -0.010160 -0.002787
0.000522 -0.013231 0.003278
0.005267 -0.020598 -0.000282
-0.005621 0.000009 0.000892
-0.015329 -0.008250 0.002033
-0.000932 0.010766 0.011560
-0.008758 0.001300 0.001117
-0.001881 0.018639 0.001529
0.013549 0.007311 -0.003305
0.000795 0.016455 -0.005207
-0.007560 0.000601 -0.001647
0.000140 0.003513 0.002214
-0.000844 -0.015964 -0.001218
-0.002291 -0.010430 -0.001928
-0.009272 -0.007144 -0.002273
0.010318 -0.006414 0.000427
-0.015681 -0.004982 0.000088
0.004316 -0.006073 0.007578
-0.007458 -0.019497 -0.000670
-0.001749 0.001108 0.001248
0.013664 -0.013406 0.002764
-0.000777 0.002539 -0.004935
0.006355 0.007849 -0.002134
-0.019660 0.011178 0.001351
0.009449 0.021126 -0.000165
-0.000118 -0.001711 -0.000029
0.000350 0.005099 -0.008881
-0.008620 -0.001240 -0.000641
-0.002812 -0.003330 -0.016416
-0.000490 0.007681 -0.001875
0.017219 -0.007716 0.004421
-0.006370 0.010609 0.001939
-0.006004 -0.000680 -0.000476
0.010908 -0.005702 0.000208
-0.002310 -0.004241 0.007562
0.011249 -0.011368 0.002171
-0.017627 -0.011847 0.001000
0.003039 0.003570 -0.006260
0.007023 0.008840 -0.003233
-0.011004 0.011431 0.002359
0.007992 0.021937 -0.001246
0.003247 -0.002436 -0.000004
0.002624 0.003344 -0.007230
-0.007235 -0.002347 0.000025
0.004167 0.006251 -0.003019
-0.000842 0.007227 -0.001855
0.019985 -0.008926 0.003440
-0.009294 0.010738 0.001916
-0.006813 -0.003012 -0.000501
0.012316 -0.005403 0.000210
-0.004176 -0.003867 0.004641
-0.004566 -0.010081 0.002419
-0.012847 -0.011099 0.001427
0.009437 0.003418 -0.004494
0.006130 0.008473 -0.003171
-0.011380 0.009932 0.003346
0.005649 0.025175 -0.002031
0.009149 -0.002886 -0.001166
-0.000778 0.007654 -0.006568
-0.007895 -0.002371 0.001394
0.000071 0.000445 -0.004908
-0.000321 0.008847 -0.001336
0.015977 -0.015748 0.002888
-0.019871 0.009638 0.002204
-0.017341 -0.009395 -0.000112
0.008965 -0.000757 -0.000353
-0.014687 0.006935 0.004031
0.010933 -0.009052 0.002426
-0.017646 -0.011173 0.001197
0.000534 0.001960 -0.003440
0.004493 0.003499 0.002486
-0.008795 0.010642 0.001806
0.007712 0.023854 0.000573
0.001358 -0.002705 0.000346
0.001295 0.006704 -0.013812
-0.008363 -0.002240 0.000349
0.002398 0.005768 -0.000032
-0.009843 0.006735 -0.002335
0.018316 -0.012034 0.003128
-0.006650 0.009158 0.002656
-0.003508 -0.001866 0.002564
-0.000417 -0.005047 -0.000249
-0.003069 -0.005557 0.004099
0.010460 -0.009484 0.002625
-0.015904 -0.012626 0.000465
0.000416 0.003802 -0.005617
0.006491 0.008805 -0.002022
-0.008389 0.010655 0.000834
0.007352 0.023636 -0.001181
-0.000856 -0.003699 -0.000627
0.000646 0.003603 -0.010177
-0.008374 -0.001073 0.001147
0.003872 0.003488 0.003269
0.001897 0.004991 -0.003410
0.017872 -0.008450 0.002172
-0.005725 0.010966 0.001937
-0.006515 -0.000801 0.000078
0.014430 -0.006879 -0.000270
-0.002081 -0.004344 0.000222
0.012419 -0.010794 0.002008
-0.012661 -0.011898 0.001612
-0.000707 0.004116 -0.004595
0.000147 -0.000111 0.012585
-0.010014 0.009313 0.002657
0.008321 0.024565 -0.000703
0.000044 -0.002034 -0.000303
0.000916 0.003575 -0.009537
-0.007619 -0.002106 0.000198
0.003175 0.005206 0.000114
-0.000116 0.008692 -0.002131
0.019636 -0.010475 0.003376
-0.008579 0.010970 0.002395
-0.004239 -0.001288 -0.000711
0.011917 -0.009025 0.005914
-0.005153 -0.005202 0.004793
0.010002 -0.011025 0.002656
-0.016963 -0.010826 0.001171
0.000850 0.003766 -0.005191
0.007634 0.006476 -0.005540
-0.011277 0.012489 0.006454
0.005187 0.020495 -0.005281
0.000356 -0.001915 -0.000252
0.000324 0.004339 -0.011006
-0.013866 0.000896 0.005374
0.001136 0.006131 0.000917
-0.001300 0.003871 0.001088
0.006559 -0.010823 0.003044
-0.020272 0.011149 0.001184
-0.003385 -0.000795 0.000084
0.011510 -0.008380 -0.004782
-0.003559 -0.005865 0.004188
-0.029215 -0.039716 0.004852
0.556451 -0.014917 0.003440
0.000626 0.003441 -0.005871
0.008561 0.009537 -0.000036
-0.007252 0.011714 0.000532
-0.002370 0.022347 -0.000564
-0.000961 -0.004229 -0.001652
-0.005072 0.014862 0.007093
-0.009149 -0.002895 0.001671
0.001971 0.005580 -0.001077
0.001312 0.008264 -0.004470
0.019031 -0.012055 0.003034
-0.005975 0.009221 0.001367
-0.004689 -0.001373 -0.003388
0.012402 -0.003567 0.000018
-0.003234 -0.005845 0.004339
0.010576 -0.008807 0.001840
-0.016771 -0.012968 0.001916
