16.0000 0.05 1
0.00923361
0.0184672
0.0554017
0.110803
0
0.0554017
0.0184672
0.277008
0
0.110803
0
0.110803
0
0.240074
0.33241
0
0.0554017
0
0.443213
0
0.110803
0.0184672
0.166205
0.33241
0.221607
0.221607
0.110803
0.166205
0.554017
0
0.0184672
0.110803
0.221607
0.886427
0.33241
1.35734
0.886427
1.1819
1.79132
1.84672
1.88366
2.03139
2.88089
2.82548
4.04432
2.21607
1.88366
3.10249
3.93352
2.99169
3.2133
3.04709
4.04432
3.10249
3.10249
2.77008
3.98892
0.99723
2.71468
1.55125
3.2687
2.49307
2.32687
1.10803
2.04986
2.10526
2.10526
3.2687
2.65928
2.93629
3.76731
2.49307
2.04986
3.54571
2.38227
2.77008
1.99446
2.43767
1.99446
2.88089
3.87812
1.88366
3.10249
1.66205
2.93629
3.93352
3.10249
3.2687
1.49584
2.38227
1.32964
1.77285
0.99723
1.38504
0.775623
1.82825
2.43767
3.3241
3.10249
4.21053
3.04709
3.74885
3.74885
4.96768
3.30563
2.45614
2.62235
2.23453
3.47184
2.24377
3.15789
1.99446
3.30563
4.15512
5.11542
3.93352
3.47184
2.65928
3.19483
1.68052
2.49307
3.60111
3.2687
2.10526
3.10249
3.76731
4.48753
3.10249
3.76731
3.02862
1.93906
3.3795
2.53001
2.32687
2.04986
2.04986
2.93629
0.978763
2.54848
2.49307
2.21607
2.32687
1.60665
1.16343
2.1422
1.93906
1.10803
0.904894
2.82548
1.32964
2.49307
3.10249
2.03139
1.60665
0.775623
0.775623
2.16066
1.21884
0.99723
2.10526
1.47738
2.04986
2.04986
1.99446
1.73592
2.49307
1.71745
1.14497
1.60665
2.65928
1.32964
1.55125
2.88089
2.80702
2.54848
2.21607
2.77008
3.13943
3.06556
2.58541
3.19483
3.4903
3.76731
4.37673
4.55217
2.77008
4.65374
4.48753
5.04155
3.4903
3.65651
3.04709
2.49307
3.10249
0.66482
0.554017
0.443213
0.66482
0.221607
0.110803
0.66482
0.831025
0.443213
1.10803
0
0.609418
1.21884
0.66482
0.166205
0.443213
0.221607
0.110803
0.554017
0.443213
0.775623
0.110803
0.554017
0
0.554017
0.99723
0.554017
0.443213
0.775623
0.775623
0.498615
1.10803
0.33241
0.33241
0.33241
0.33241
0.498615
0.387812
0.443213
0.221607
0.554017
0.33241
1.21884
0.221607
0.0554017
0.66482
0.221607
1.10803
0.498615
0.554017
0.110803
0.886427
0.443213
0.775623
0.443213
0.33241
0.443213
0
0.110803
0.609418
0.221607
0.775623
0.33241
0.609418
0.66482
0.33241
0.554017
0.443213
0.110803
0.110803
0.775623
0.66482
0.33241
0.221607
0.886427
0.0554017
0.110803
0.66482
0.33241
0.99723
0.221607
0.221607
0.221607
0.443213
0.720222
0.443213
0.277008
0.443213
0.221607
0.831025
0.775623
0.221607
0.66482
0
0.609418
0.33241
0.33241
0.221607
0.33241
0.443213
0.33241
0.221607
0.831025
0.66482
0.886427
0.775623
0.33241
0
0.221607
0.221607
0.443213
0.775623
0.33241
0.0554017
0.110803
0.443213
0.443213
0.221607
0.277008
0.775623
0.554017
0
0.443213
0.166205
0.110803
0.33241
0.221607
0.443213
0.554017
0.33241
0
0.110803
0.110803
0
0.110803
0.443213
0.0554017
0
0.110803
0.221607
0.110803
0.387812
0.0554017
0.33241
0
0
0.110803
0.166205
0.221607
0
0.33241
0.221607
0
0
0
0
0.166205
0.33241
0.110803
0.0554017
0
0.498615
0.33241
0.221607
0.609418
0.166205
0.387812
0.0646353
0.0554017
0.221607
0
0.831025
1.10803
1.99446
2.78855
0.221607
1.10803
1.77285
1.66205
1.21884
0.66482
1.21884
0.66482
1.27424
0.99723
0.554017
0.886427
1.21884
1.71745
1.10803
0.33241
0.775623
0.443213
1.2373
1.88366
2.10526
1.05263
0.775623
0.775623
0.221607
1.21884
1.49584
1.21884
1.05263
0.886427
0.443213
0.66482
1.10803
0.775623
0.99723
1.10803
0.886427
0.99723
0.443213
0.886427
0.221607
0.99723
0.99723
1.0157
1.82825
0.66482
0.99723
1.10803
1.10803
0.775623
0.554017
0.775623
0.886427
0.720222
0.99723
0.720222
0.554017
0.554017
1.32964
0.554017
0.886427
0.720222
0.33241
0.831025
1.05263
1.21884
0.554017
0.443213
0.66482
0.886427
0.775623
0.683287
1.21884
1.32964
0.554017
0.443213
0.554017
0.831025
0.99723
0.554017
0.443213
0.609418
0.66482
0.221607
0.99723
0.66482
0.443213
1.21884
0.166205
0.554017
0.554017
1.0157
1.58818
0.738689
1.44044
0.79409
1.55125
1.0711
1.82825
1.44044
2.38227
1.66205
0.775623
1.1819
1.93906
1.10803
1.22807
1.32964
2.99169
1.55125
2.32687
3.04709
1.55125
1.16343
2.60388
1.88366
0.941828
1.32964
1.82825
0.831025
1.21884
0.609418
0.775623
0.66482
0.831025
1.10803
0.99723
0.554017
1.32964
1.71745
1.77285
0.66482
2.1976
0.775623
1.10803
0.99723
1.38504
1.05263
0.886427
1.10803
0.99723
0.554017
1.05263
1.29271
2.10526
1.66205
1.71745
2.16066
1.60665
1.32964
1.10803
1.21884
2.01293
0.720222
0.66482
1.44044
1.84672
1.16343
1.44044
0.66482
0.886427
1.10803
2.32687
0.886427
0.99723
1.89289
1.49584
1.38504
1.45891
1.32964
0.886427
1.0711
1.16343
1.61588
1.55125
1.27424
1.44044
1.40351
1.16343
1.27424
1.32964
0.609418
0.554017
1.0157
1.10803
1.55125
1.21884
0.66482
0.941828
1.44044
1.05263
0.886427
0.387812
1.82825
0.313943
1.44044
0.831025
0.66482
0.831025
1.16343
0.99723
0.775623
1.10803
0.554017
0.66482
0.775623
0.99723
0.66482
0.99723
0.775623
0.554017
0.99723
1.16343
1.55125
1.05263
0.775623
1.93906
0.775623
0.66482
0.554017
0.701754
0.720222
1.25577
0.701754
0.775623
0.443213
0.831025
1.10803
1.27424
1.32964
1.58818
0.812558
0.443213
0.277008
1.10803
1.10803
0.775623
0.554017
1.21884
0.277008
0.941828
1.71745
1.14497
0.99723
1.58818
0.720222
0.99723
1.16343
0.886427
1.10803
0.775623
1.38504
1.10803
1.10803
0.941828
0.904894
2.32687
0.831025
1.36657
0.831025
0.99723
0.110803
0.609418
0.99723
0.775623
0.110803
0.277008
0.498615
0.66482
0.886427
0.66482
0.33241
0.886427
0.554017
1.21884
1.06187
0.544783
0.775623
0.831025
0.443213
0.775623
0.886427
0.166205
0.775623
0.831025
0.720222
0.609418
0.110803
0.775623
0.0184672
0.461681
0.33241
0.221607
0.720222
0.0184672
0.221607
0.66482
0.387812
0.33241
0.66482
0.221607
0.517082
0.110803
0.443213
0.33241
0.443213
0.221607
0.110803
0
0.941828
0.221607
0.443213
0
0
0.166205
0.221607
0.221607
0.221607
0.221607
0
0
0.221607
0
0.443213
0.221607
0
0
0.110803
0.166205
0.33241
0.0554017
0
0.221607
0.221607
0.110803
0.110803
0
0.110803
0.110803
0.221607
0
0.0554017
0
0
0
0
0
0
0
0
0
0
0
0.0554017
0
0
0.0554017
0
0
0
0
0
0
0
0
0
0
0
0
0
0
0
0
0
0
0
0
0
0
0
0
0
0
0
0
0
0
0
0
0.221607
0
