2176.0000 0.05 1
1.11111
4.44444
11.1111
2.22222
11.1111
4.44444
13.3333
11.1111
20
11.1111
6.66667
11.1111
24.4444
23.3333
17.7778
23.3333
26.6667
18.8889
13.3333
32.2222
18.8889
8.88889
4.44444
10
14.4444
16.6667
34.4444
40
23.3333
40
11.1111
26.6667
17.7778
31.1111
24.4444
32.2222
26.6667
27.7778
40
24.4444
32.2222
46.6667
36.6667
47.7778
70
55.5556
56.6667
41.1111
80
106.667
95.5556
126.667
127.778
141.111
146.667
144.444
161.111
192.222
190
202.222
216.667
267.778
192.222
230
232.222
288.889
240
276.667
253.333
263.333
291.111
298.889
317.778
335.556
321.111
350
284.444
347.778
303.333
310
295.556
296.667
295.556
277.778
314.444
273.333
248.889
285.556
292.222
295.556
316.667
314.444
323.333
305.556
337.778
318.889
315.556
294.444
292.222
296.667
308.889
291.111
327.778
357.778
318.889
360
372.222
358.889
353.333
354.444
336.667
295.556
251.111
217.778
177.778
160
191.111
238.889
264.444
331.111
350
395.556
421.111
397.778
430
411.111
447.778
404.444
377.778
356.667
346.667
371.111
345.556
397.778
382.222
375.556
386.667
427.778
406.667
456.667
410
406.667
408.889
358.889
357.778
372.222
371.111
374.444
435.556
412.222
413.333
441.111
398.889
336.667
361.111
322.222
346.667
315.556
330
257.778
284.444
257.778
265.556
265.556
243.333
224.444
274.444
211.111
245.556
215.556
228.889
262.222
221.111
244.444
234.444
214.444
206.667
227.778
176.667
204.444
177.778
195.556
177.778
175.556
251.111
237.778
235.556
204.444
223.333
168.889
175.556
197.778
257.778
238.889
224.444
267.778
243.333
226.667
260
352.222
337.778
322.222
298.889
334.444
307.778
331.111
381.111
408.889
433.333
426.667
447.778
434.444
504.444
488.889
530
495.556
470
383.333
296.667
194.444
52.2222
1.11111
0
0
0
0
0
0
0
0
0
0
0
0
0
0
0
0
0
0
0
0
0
0
0
6.66667
2.22222
0
6.66667
0
0
1.11111
4.44444
0
2.22222
2.22222
6.66667
0
2.22222
0
4.44444
4.44444
0
0
4.44444
0
1.11111
0
2.22222
0
2.22222
0
2.22222
0
