-0.000370 0.011527 0.013167
-0.012321 0.007707 -0.001981
-0.001457 0.021019 0.001163
0.011430 0.007405 -0.002498
-0.011743 0.013065 0.002775
-0.008457 -0.002241 -0.002985
0.000218 -0.000857 0.003007
-0.013518 0.004967 -0.002938
-0.003527 -0.000412 -0.001333
-0.017286 0.004971 -0.001364
0.005273 0.001965 0.000166
-0.008930 -0.009052 -0.003085
0.003944 -0.009050 0.003477
0.002922 -0.021845 -0.000760
-0.008639 0.005242 0.003863
0.014361 -0.012687 0.002510
0.000022 0.011581 0.012347
-0.010028 0.000845 0.000107
-0.002403 0.018720 0.000731
0.011426 0.009879 -0.003842
-0.000393 0.012668 -0.003738
-0.010572 0.000715 -0.003430
-0.001293 0.000533 0.005859
-0.000248 -0.015349 -0.001754
-0.004160 -0.011611 -0.001843
-0.011742 -0.004843 -0.001850
0.012801 -0.007123 0.000552
-0.009085 -0.006737 -0.004834
0.006435 -0.010302 0.003360
0.003312 -0.019169 -0.000164
0.003262 0.011882 0.001619
0.008108 0.000465 0.001968
-0.000364 0.011684 0.012023
-0.009308 0.001707 0.001674
-0.002027 0.018823 0.000080
0.011171 0.008715 -0.003582
-0.001477 0.015952 -0.005867
-0.009056 0.001004 -0.001854
-0.009626 0.000809 -0.003954
-0.000233 -0.016007 -0.003276
-0.003616 -0.011233 -0.000864
-0.011680 -0.005814 -0.001321
0.011681 -0.005301 0.000251
-0.008823 -0.007066 -0.002258
0.007457 -0.011130 0.004139
0.002603 -0.019411 -0.000856
-0.005076 -0.000383 0.001815
0.013686 -0.010949 0.003560
-0.030410 0.026356 -0.029443
-0.010245 0.002669 -0.003851
-0.000598 0.093744 0.083605
0.012391 0.009305 -0.002499
-0.001178 0.014376 -0.005319
-0.006668 -0.001842 0.000477
0.000498 0.004093 0.003328
-0.000630 -0.016558 0.001538
-0.001985 -0.011900 -0.001689
-0.003349 0.006593 -0.001904
0.013820 -0.001785 0.001699
-0.008390 -0.005099 -0.002395
0.004135 -0.009340 0.003398
0.000835 0.022791 0.001009
-0.003396 0.000608 0.001831
0.015765 -0.007707 -0.001789
-0.000115 0.010815 0.011943
-0.008573 -0.000840 -0.002469
-0.001690 0.019602 0.001131
0.010402 0.008529 -0.002670
-0.003236 0.013342 -0.007120
-0.009685 0.001290 -0.003156
0.000073 0.003774 0.004692
-0.001822 -0.014547 -0.002759
-0.003702 -0.011345 -0.001104
-0.011135 -0.003493 -0.002597
0.010995 -0.006691 0.000221
-0.009487 -0.006215 -0.003876
0.005234 -0.007826 0.004068
0.003425 -0.019519 -0.000465
-0.008646 0.006036 -0.000196
0.014070 -0.010313 0.003234
-0.000259 0.010708 0.011992
-0.009636 0.001168 0.000682
-0.001174 0.020986 0.000513
0.012603 0.007608 -0.004301
-0.002331 0.016465 -0.006326
-0.010805 -0.001048 -0.004117
0.000634 0.002395 0.003876
0.000719 -0.014348 -0.002705
-0.003979 -0.011181 -0.001268
-0.010111 -0.006974 0.002375
0.010476 -0.007643 0.000202
-0.008881 -0.005966 -0.003161
0.005623 -0.005827 0.003667
0.002200 -0.018868 0.000620
-0.002794 0.000784 0.002092
0.014350 -0.001702 0.002556
-0.001422 0.010022 0.011233
-0.007698 0.000215 -0.000234
-0.001276 0.018721 0.001072
0.012119 0.085494 -0.094911
-0.000994 0.015748 -0.004609
-0.004053 0.007089 -0.001184
-0.003551 0.009079 0.005899
0.008368 0.003793 -0.002689
-0.002813 -0.000461 -0.001544
-0.010101 -0.007100 -0.005837
0.011449 0.002816 0.000557
-0.051060 0.037746 -0.000624
0.027609 -0.009196 0.004738
0.002620 -0.019614 -0.001280
-0.003529 -0.000004 0.001735
0.013358 -0.011494 0.003500
-0.000336 0.010989 0.011310
-0.008669 0.001965 0.000407
-0.001015 0.019221 0.002539
0.012548 0.007779 -0.002809
-0.004033 0.021524 -0.006269
0.000500 -0.001818 -0.011450
-0.000798 0.003263 0.004486
-0.001443 -0.017997 -0.006918
-0.001831 -0.011451 -0.001067
-0.008263 -0.003928 -0.001749
0.015570 -0.002923 -0.001004
-0.009021 -0.005662 -0.004070
0.003513 -0.009096 0.003968
0.002649 -0.019657 -0.000860
-0.004665 0.010063 0.001305
0.015383 -0.007326 0.007550
0.000034 0.004357 -0.004729
0.006665 0.006236 -0.004605
-0.011301 0.007353 0.004249
0.007143 0.023025 -0.003188
0.001550 -0.001379 0.000651
0.001598 0.005216 -0.009578
-0.011983 0.004629 0.003009
0.002376 0.004575 -0.001801
-0.000761 0.008142 -0.001549
0.019117 -0.012250 0.003242
-0.008842 0.007413 0.002170
-0.004885 0.000666 -0.000536
0.011495 -0.007000 -0.000095
-0.003681 -0.006948 0.004824
0.010566 0.000279 0.002191
-0.011065 0.022376 0.002939
-0.001517 0.003164 -0.004588
0.007076 0.007982 -0.003142
-0.010721 0.011156 0.002220
0.008316 0.023012 -0.000956
-0.001362 -0.001993 -0.000397
0.001695 0.005116 -0.010796
-0.008518 -0.001405 -0.000199
0.004094 0.004900 -0.000166
-0.000880 0.009192 -0.001897
0.018947 -0.011296 0.002525
-0.009496 0.009972 0.002655
-0.004916 -0.001576 -0.000409
0.010596 -0.009670 0.000036
-0.004947 -0.005297 0.004409
0.011014 -0.010775 0.001257
-0.017044 -0.011395 0.001293
-0.001069 0.003767 -0.005143
0.008443 0.007966 -0.006786
-0.010591 0.011127 0.002565
0.007019 0.024536 -0.001905
-0.001331 -0.002619 -0.000219
0.001526 0.003947 -0.009928
-0.009069 -0.002434 0.000545
0.002936 0.005063 -0.000193
0.000375 0.008016 -0.002408
0.018331 -0.011475 0.003430
-0.009532 0.009247 0.001267
-0.004805 0.000457 0.000413
0.013421 -0.007004 0.000594
-0.004221 -0.005600 0.003882
0.010542 -0.008975 0.003189
-0.017082 -0.011683 0.001225
-0.000592 0.003120 -0.005442
0.006784 0.008560 -0.002784
-0.001527 0.007814 0.010706
0.006471 0.021926 -0.001147
-0.001438 -0.001672 -0.001589
0.002286 0.003818 -0.010548
-0.007524 -0.001204 0.001329
0.006296 0.011916 0.003252
-0.000536 0.007310 -0.001209
0.018253 -0.008434 0.002405
-0.009784 0.009691 -0.000249
-0.003875 -0.000564 0.000869
0.009573 -0.010649 -0.000067
-0.006046 -0.007177 0.003912
0.008540 -0.005453 -0.003474
-0.015977 -0.012300 0.002275
0.001438 0.003887 -0.006037
0.009976 0.014999 -0.005225
-0.009792 0.010885 0.001901
0.007078 0.023348 -0.000166
-0.000702 -0.002107 -0.000842
0.002338 0.004473 -0.010886
-0.007666 -0.004072 0.003646
0.003223 0.005511 -0.000450
-0.001127 0.008115 -0.002557
0.017570 -0.010118 0.002608
-0.007983 0.010523 0.001762
-0.005422 -0.001634 0.000768
0.012374 -0.009583 0.001008
-0.003956 -0.007482 0.003712
0.009160 -0.011520 0.002348
-0.014857 -0.011364 0.000907
0.000062 0.001850 -0.006744
0.005953 0.007048 -0.001836
-0.011184 0.008676 0.003597
0.007119 0.023368 -0.004757
-0.000349 -0.003233 0.001364
0.001527 0.004012 -0.009061
-0.008345 -0.002736 0.000778
0.002864 0.005292 0.001302
-0.001174 0.007663 0.000385
0.017545 -0.010529 0.003133
-0.008922 0.009340 0.001713
-0.005332 -0.000045 0.000086
0.011596 -0.006935 -0.003602
-0.004017 -0.002398 0.004201
0.009137 -0.011634 0.002215
-0.016425 -0.011893 0.001260
0.024318 0.025202 -0.035258
0.008106 0.008448 -0.001111
-0.005758 0.016668 0.000750
0.006209 0.034896 0.017718
0.025840 0.020768 0.029938
-0.025973 0.025166 0.024968
-0.006564 -0.003146 0.001059
0.003300 0.004567 0.003667
-0.002154 0.020836 -0.022149
0.017088 -0.012957 0.002906
0.034653 0.041747 0.002899
0.002999 -0.573923 0.011898
0.014040 -0.010141 0.004440
-0.028022 0.000135 0.004262
0.013534 -0.003166 0.002265
-0.017158 -0.014470 0.000997
-0.000756 0.003698 -0.004047
0.010257 0.007595 -0.002258
-0.008178 0.008390 -0.000169
0.008306 0.022398 -0.002394
-0.000522 -0.002589 -0.000102
0.000026 0.003392 -0.009350
-0.008951 -0.001987 0.004495
0.002069 0.002340 0.000604
-0.001061 0.007010 -0.002352
0.018131 -0.007512 0.003740
-0.009905 0.010010 0.003889
-0.003757 -0.000817 -0.000458
0.010809 -0.006001 0.000409
-0.006119 -0.006769 0.004788
0.008781 -0.006984 0.006664
-0.016559 -0.011859 0.000213
