-0.001686 0.010997 0.012073
-0.006911 0.000974 0.000542
-0.001283 0.017498 -0.003266
0.013412 0.008347 -0.002960
-0.002360 0.015973 -0.006391
-0.027081 0.045888 0.000905
0.001803 0.001420 0.004197
-0.001589 -0.013851 -0.006523
-0.002683 -0.011559 -0.001787
-0.011344 -0.005047 -0.003746
0.011503 -0.007546 -0.001575
-0.009581 -0.007486 -0.004187
0.006773 -0.005892 0.002137
0.003500 -0.020233 -0.000983
-0.005707 0.001669 0.002573
0.012776 -0.011234 0.003263
-0.002088 0.013679 0.012387
-0.008204 0.001543 0.000496
-0.000263 0.019258 0.000724
0.000529 -0.039855 -0.002877
-0.000114 0.015704 -0.005417
-0.010512 -0.000159 -0.001304
-0.001184 0.006510 0.004087
0.001387 -0.015842 -0.002177
-0.003874 -0.011122 -0.000946
-0.010495 -0.004891 -0.001559
0.010877 -0.006185 0.001361
-0.009523 -0.005653 -0.003264
0.002542 -0.005383 0.006834
0.003432 -0.019217 -0.001100
-0.005083 0.000832 0.000473
0.014105 -0.009156 0.005985
-0.028249 0.013075 0.012166
-0.019522 0.002371 0.001143
-0.012527 0.019158 0.000202
0.010661 0.007998 -0.002544
-0.001950 0.015899 -0.006217
-0.009368 0.000702 -0.003659
-0.000423 0.003900 0.004973
0.002293 -0.014211 -0.001435
-0.003510 -0.012956 -0.001523
-0.012145 -0.005061 -0.002287
0.011004 -0.006689 0.000888
-0.009893 -0.005486 -0.003477
0.004517 -0.008089 0.003536
0.003254 -0.018990 -0.000620
-0.004053 0.001045 0.001669
0.005738 -0.001172 -0.015434
0.000406 0.009785 0.012023
-0.008140 0.003472 0.000353
-0.003791 0.021947 0.000688
0.013120 0.007922 -0.001836
-0.020320 0.007394 -0.002270
-0.007994 0.001038 -0.002748
0.000201 0.003732 0.004632
-0.001976 -0.016285 -0.003425
-0.001341 -0.010357 -0.001572
-0.011097 -0.004458 -0.001032
0.011371 -0.007148 0.001249
-0.008778 -0.006361 -0.003036
0.005813 -0.008239 0.001665
0.003867 -0.020015 -0.001043
-0.006980 -0.002648 -0.002742
0.011273 -0.006460 -0.001813
-0.000111 0.008605 0.012865
-0.007271 0.000684 0.000649
-0.001359 0.017015 0.005018
0.012805 0.009367 -0.001842
-0.003169 0.015827 -0.005901
-0.010713 0.000245 -0.002573
-0.000238 0.002793 0.005195
0.000337 -0.016413 -0.002477
-0.005016 -0.011762 -0.001065
-0.057960 -0.034005 -0.062173
0.011696 -0.006785 0.000795
-0.008546 -0.005709 -0.003191
0.005395 -0.007793 0.003314
0.004993 -0.022008 -0.001124
-0.003228 0.000127 0.001895
0.013637 -0.011729 0.002531
-0.017031 0.009560 0.011788
-0.091341 0.029569 -0.000141
0.001353 0.017170 0.001211
0.012488 0.007656 -0.002134
-0.000737 0.016879 -0.008768
-0.009909 -0.001204 -0.004365
-0.001714 -0.001626 0.006690
-0.009146 -0.014310 -0.001454
-0.051416 0.018760 0.060103
-0.009732 -0.007015 -0.001594
0.010900 -0.005244 0.000967
-0.001108 -0.005455 -0.001958
0.003827 -0.007972 0.004707
0.003376 -0.018703 -0.001195
-0.003698 -0.001213 0.004886
0.013126 -0.010471 0.001885
-0.001288 0.011582 0.011988
-0.008950 0.001212 0.001095
-0.001708 0.018295 0.000543
0.010115 0.007258 -0.003292
-0.001279 0.016247 -0.004377
-0.007727 -0.000042 -0.000764
-0.001133 -0.000543 0.003752
0.001279 -0.015798 -0.001634
-0.003061 -0.011342 0.000314
-0.011967 -0.005247 -0.001520
0.011156 -0.005714 -0.000737
-0.004887 -0.005166 -0.003239
0.003087 -0.007359 0.003059
0.001761 -0.018471 0.000693
-0.014328 -0.009349 -0.013120
0.012779 -0.012054 0.002834
-0.002432 0.010940 0.011454
-0.008611 0.004011 0.000937
-0.000748 0.018957 0.000826
0.012103 0.007999 -0.003550
-0.002906 0.017347 -0.006403
-0.007858 0.000499 -0.001414
-0.011637 0.002270 0.005336
-0.000660 -0.015491 -0.002245
-0.004041 -0.012222 -0.002007
-0.010592 -0.004470 -0.002011
0.012131 -0.007212 -0.000117
-0.008139 -0.005340 -0.003101
-0.005409 -0.006398 0.002592
0.003338 -0.019835 -0.000799
-0.003595 0.001201 0.000225
0.015650 -0.011868 0.000327
-0.022208 -0.019751 -0.001236
0.006751 0.008478 -0.002367
-0.011415 0.011890 0.005498
0.007364 0.023452 -0.004468
-0.004397 -0.001298 0.001740
0.002932 0.003753 -0.010236
-0.011494 0.007266 -0.000490
0.000190 0.005785 0.000188
-0.011562 0.007966 -0.002608
0.016771 -0.015568 0.006772
-0.015647 0.019629 0.018043
-0.011683 -0.001607 0.000973
0.013314 -0.005723 0.000423
-0.060403 -0.032755 0.057824
0.010731 -0.009518 0.001753
-0.017745 -0.011472 0.001048
0.000726 0.004670 -0.005181
0.012535 0.008045 -0.002145
-0.012902 0.007645 0.002516
0.008252 0.023053 -0.001225
-0.004456 -0.009610 -0.000372
-0.009060 0.006098 -0.010227
-0.009600 -0.001642 0.000196
0.005247 0.006697 -0.000135
-0.000591 0.008060 -0.002346
0.019076 -0.012045 0.001523
-0.009257 0.010414 0.001161
-0.006950 -0.003382 -0.003740
0.010627 -0.006546 0.000671
-0.001460 -0.005630 0.004510
0.010592 -0.008922 0.001353
-0.017543 -0.011225 0.001386
-0.000345 0.004142 -0.004976
0.006793 0.008567 -0.003162
-0.007934 0.011860 0.002561
0.007198 0.023619 -0.002166
0.000025 -0.002614 -0.000478
0.000683 0.004678 -0.009446
-0.009095 -0.001729 0.000498
0.004369 0.006297 0.000152
-0.000120 0.006891 -0.002010
0.010482 -0.011916 0.003316
-0.009008 0.009974 0.002335
-0.004944 -0.000581 -0.000045
0.011603 -0.005438 0.000156
-0.004137 -0.005292 0.004559
0.010619 -0.010934 0.003324
-0.017652 -0.012203 0.001465
0.000786 0.003778 -0.005131
0.009082 0.007945 -0.003152
-0.009202 0.010455 0.002466
0.005960 0.023496 -0.001759
-0.001464 -0.002689 0.000098
0.003701 0.004701 -0.010188
-0.011105 -0.012991 0.001312
0.004808 0.004226 0.000101
-0.003593 0.003163 -0.002284
0.017581 -0.010214 0.003473
-0.009166 0.009932 0.001707
-0.004599 -0.000588 0.000234
0.014614 -0.004854 -0.000073
-0.003533 -0.005122 0.004358
0.019870 -0.010154 0.001512
-0.019031 -0.016534 0.006407
0.000370 0.002498 -0.005398
0.012490 0.009049 -0.002282
-0.011061 0.013270 -0.002028
0.008655 0.022518 0.000930
-0.006268 -0.001226 -0.005259
0.003067 0.003422 -0.009550
-0.006894 -0.002608 0.000878
0.000416 0.005589 -0.000541
0.000046 0.007882 -0.002037
0.018654 -0.011087 0.003421
-0.008590 0.012260 -0.001001
-0.004083 -0.001055 0.002369
0.010549 -0.005696 -0.000135
-0.002314 -0.005832 0.006240
0.009190 -0.008780 0.002119
-0.017004 -0.011289 0.000849
0.002249 0.001920 -0.005017
0.007220 0.007956 -0.002077
-0.022844 0.012427 0.002202
-0.007985 0.015928 -0.004769
-0.005874 0.013768 -0.001027
-0.010081 0.003647 -0.009998
-0.014648 -0.003500 0.004798
0.004596 0.004204 -0.000202
-0.000613 0.012607 -0.003311
0.020460 -0.013839 0.001853
-0.009942 0.012569 0.005952
-0.005320 0.000225 -0.001157
0.012001 -0.005935 -0.001934
-0.001936 -0.006505 0.004310
0.010668 -0.008531 0.001907
-0.024302 -0.022014 0.016596
0.001572 0.000996 -0.004978
0.562334 0.014937 0.004496
-0.009648 0.010617 0.002051
0.005292 0.022123 -0.001376
0.001501 -0.000504 -0.000333
0.000215 0.004722 -0.009885
-0.011994 -0.002957 -0.001915
0.002786 0.005879 -0.000406
-0.000196 0.012095 -0.002720
0.018242 -0.011748 0.003595
-0.008273 0.009390 0.003998
-0.003674 -0.001734 0.000241
-0.043066 0.021532 -0.060566
-0.003263 -0.005356 0.004153
0.009930 -0.009979 0.002314
-0.016290 -0.013422 -0.001376
-0.014325 0.002660 -0.005678
0.006739 0.007305 -0.001831
-0.010031 0.010709 0.002118
0.006881 0.023209 -0.001611
-0.001084 -0.003161 -0.000616
0.003543 0.004365 -0.010427
-0.007828 -0.004479 0.000412
0.002409 0.005190 -0.000603
0.001321 0.009727 -0.001794
0.018507 -0.012376 0.003679
-0.009008 0.010890 0.003272
-0.002596 -0.003732 0.000963
0.011170 -0.005555 0.000034
-0.003260 -0.004404 0.003910
0.013522 -0.009434 0.002376
-0.015743 -0.010960 0.003207
