2176.0000 0.05 1
1.875
3.75
6.25
6.25
7.5
16.25
8.75
7.5
16.25
16.25
14.375
16.25
25
16.25
6.25
31.25
23.125
18.125
28.75
10
10
13.125
10
10
16.25
20
25
30
37.5
19.375
23.75
27.5
13.75
26.875
21.875
28.125
21.25
41.25
44.375
30.625
37.5
55
48.75
45.625
41.875
67.5
54.375
48.125
84.375
93.75
98.75
123.125
138.75
135
138.125
155.625
180
153.125
156.875
199.375
177.5
175
233.75
252.5
268.125
236.25
235.625
279.375
293.125
311.25
296.875
321.25
300.625
310.625
324.375
340
339.375
364.375
317.5
355
368.125
366.25
330.625
361.25
335
378.125
311.875
293.125
305.625
285.625
273.125
255.625
230
251.25
252.5
298.75
206.25
249.375
312.5
295.625
320
307.5
307.5
300
250.625
292.5
311.25
296.875
323.75
273.75
281.25
302.5
271.875
322.5
290.625
317.5
245.625
298.125
353.125
318.75
315.625
316.25
328.75
363.125
341.25
380.625
399.375
379.375
390.625
393.125
395.625
430.625
450.625
472.5
452.5
441.875
453.75
433.75
451.25
415
405.625
428.75
381.25
358.125
318.75
352.5
327.5
311.25
316.875
330
304.375
274.375
217.5
254.375
249.375
304.375
280
244.375
271.875
226.25
318.75
288.75
326.875
305.625
300.625
290.625
285.625
296.875
350
290
325
353.125
371.25
356.25
261.25
286.875
211.875
289.375
346.25
264.375
266.875
265
259.375
237.5
244.375
250
264.375
325.625
239.375
225
240
226.25
180
247.5
255
280
258.125
308.125
250.625
264.375
255
208.125
203.75
268.125
255
326.25
344.375
343.125
355
275.625
366.875
293.75
512.5
539.375
508.125
423.125
366.875
261.25
234.375
200.625
163.75
117.5
63.75
33.75
11.25
3.75
1.25
5
1.25
0
0
0
0
0
0
0
0
0
0
2.5
0
