0.011159 0.002612 0.002219
-0.007927 -0.004828 0.001069
0.010073 0.004995 0.001035
0.001771 0.000323 -0.003145
0.008444 0.002200 -0.002557
-0.001335 -0.004635 -0.000355
-0.004582 -0.002113 -0.003440
-0.005194 0.005010 0.000129
-0.008592 0.000027 -0.008497
0.003508 0.001056 -0.003502
-0.003112 -0.002585 0.004206
-0.006123 -0.003750 0.002372
-0.000978 -0.004786 0.009261
-0.005793 0.000599 -0.000784
0.005238 -0.000284 -0.005096
0.002490 -0.002116 0.000724
0.010688 0.002936 0.000936
-0.004650 0.000263 0.002410
0.009686 0.004063 -0.000010
0.001934 -0.000176 -0.003465
0.007839 0.002334 -0.002631
-0.000905 -0.003326 0.000733
-0.004296 -0.003149 -0.004893
-0.005286 0.006789 -0.001286
-0.008704 0.000246 -0.006152
0.005788 -0.001207 -0.002186
-0.003059 -0.001599 0.004194
-0.005962 -0.003884 0.002184
-0.004957 -0.009746 0.013988
-0.006131 0.001558 -0.002238
0.005674 0.000645 -0.004689
0.002712 0.006011 0.001243
0.010499 0.002682 0.000978
-0.006696 -0.001498 0.001582
0.014043 -0.000490 0.004751
0.001880 -0.000157 -0.003336
0.007550 0.003420 -0.002609
-0.001043 -0.002276 -0.000185
-0.004532 -0.001714 -0.004016
-0.005117 0.005344 0.000319
-0.008715 0.001349 -0.008723
0.000853 -0.005718 -0.000100
-0.003382 -0.002512 0.004822
-0.007262 -0.002425 0.002872
-0.000472 -0.005225 0.009433
-0.006469 0.001594 -0.002183
0.005683 0.002091 -0.005123
0.002465 -0.002165 0.000908
0.011659 0.002308 0.000260
-0.004513 -0.000343 0.001282
0.009539 0.005614 -0.001373
0.002293 0.000073 -0.003406
0.008167 0.002574 -0.002808
-0.000906 -0.004441 -0.000133
-0.004749 -0.001306 -0.003774
-0.004690 0.004900 -0.000100
-0.008421 0.001642 -0.008843
0.005260 -0.000894 -0.002798
-0.004418 -0.002411 0.004265
-0.006336 -0.004091 0.002446
-0.004452 -0.009177 0.009321
-0.004137 0.002374 -0.001622
0.004179 0.001841 -0.005592
0.002552 -0.002634 0.000772
0.010848 0.001507 0.001308
-0.008981 -0.006534 0.006158
0.009687 0.004594 0.000103
0.002878 -0.000523 -0.003558
0.007715 0.002401 -0.002536
-0.001214 -0.003072 -0.001552
-0.004848 -0.002478 -0.006344
-0.005745 0.006864 0.001745
-0.009088 -0.000083 -0.008062
0.005798 -0.000079 -0.003729
-0.003234 -0.003470 0.004279
-0.006173 -0.003882 0.002190
-0.000924 -0.003785 0.010030
-0.005841 0.000407 -0.000620
0.004329 0.001016 -0.005603
0.002438 0.000505 0.000667
0.010260 0.002395 0.001661
-0.004178 0.000606 -0.000269
0.011464 0.003298 0.000267
-0.017628 -0.020115 -0.002606
0.009607 0.006281 -0.003271
-0.006809 -0.013660 0.004229
-0.004135 0.000688 -0.005966
-0.010061 -0.004201 -0.003437
-0.008651 -0.032841 0.030280
0.003934 0.001039 -0.003199
-0.002596 -0.004308 0.007530
0.014615 -0.022751 0.002449
-0.004291 -0.009792 0.005070
0.000065 -0.005525 0.002185
0.002794 0.001853 -0.005085
0.002746 0.002578 0.000221
0.010266 0.002722 0.001446
-0.004113 -0.000983 0.001349
0.013512 -0.000144 -0.003491
0.002407 0.000142 -0.002992
0.008160 0.003316 -0.002910
-0.000895 -0.004301 -0.000455
-0.004700 -0.001689 -0.004416
-0.005579 0.007159 0.000145
-0.008242 0.001270 -0.008414
0.005899 -0.000028 -0.003426
-0.002254 -0.002218 0.004914
-0.007547 -0.002198 0.003425
-0.001632 -0.005165 0.009311
-0.001684 -0.004312 0.003082
0.007569 -0.000517 -0.007554
0.002159 -0.002544 0.001296
0.012038 0.005888 0.001249
-0.008025 -0.006258 -0.003016
0.016118 -0.003101 -0.000678
0.015135 -0.013706 -0.002990
0.034528 -0.017714 -0.001268
0.001673 -0.011343 -0.004541
-0.006746 -0.026641 -0.033111
-0.000320 -0.003796 0.002708
-0.008784 0.003676 -0.006343
0.000474 -0.006211 -0.000154
-0.003529 -0.002526 0.004617
-0.026652 -0.022098 0.002797
-0.001453 -0.004342 0.008670
-0.004498 0.001654 -0.000854
0.004656 0.001786 -0.005626
0.002208 -0.000933 0.000741
-0.012823 -0.000535 0.001580
0.004836 -0.002188 0.001505
-0.002729 0.001241 0.002786
-0.004322 0.003070 0.002544
-0.004307 0.006486 -0.001782
0.005747 -0.001392 -0.000702
0.004973 -0.000730 -0.004020
0.002986 0.001957 -0.000211
0.010177 0.005467 0.001825
-0.000630 -0.006980 -0.006240
0.002425 0.003901 0.006690
-0.022401 -0.007854 -0.004975
0.003056 0.003689 0.011609
-0.001271 -0.007583 -0.009168
0.019135 0.001923 0.000822
-0.006450 0.002047 0.006264
-0.012212 -0.004915 0.005608
0.004747 -0.002734 0.001139
-0.002076 0.001198 0.002349
-0.004361 -0.015284 0.021160
-0.003535 0.005458 -0.001256
0.005766 -0.002283 -0.001053
0.004777 -0.000500 -0.004434
0.002832 0.000296 -0.000833
0.010125 0.005014 0.002087
-0.001095 -0.005569 -0.004400
0.002224 0.002331 0.003887
-0.022429 -0.005928 -0.005836
0.002270 0.005738 0.010059
-0.000940 -0.007397 -0.009638
0.017841 0.001603 0.000635
-0.007202 0.000955 0.007551
-0.012840 -0.001026 0.002579
0.003810 -0.005502 0.002047
-0.003097 0.001977 0.002656
-0.004316 0.004766 0.002542
-0.002136 0.006937 -0.001288
0.006592 -0.001124 -0.000872
0.004986 -0.000195 -0.004077
0.003371 -0.000847 -0.000539
0.010854 0.006843 0.002116
-0.000824 -0.004731 -0.005908
0.002391 0.003592 0.006117
-0.033298 0.447406 -0.011976
0.002490 0.004538 0.012176
-0.001534 -0.006844 -0.009537
0.021283 -0.003442 -0.003460
-0.002977 -0.005578 0.003112
-0.012637 -0.001742 0.001646
0.004730 -0.003582 0.000849
-0.003765 0.003601 0.003662
-0.003410 0.015035 0.002536
-0.003314 0.005789 -0.001864
0.005937 -0.001216 -0.000886
0.004317 -0.000663 -0.004443
0.002884 0.001885 -0.000509
0.010471 0.005625 0.001867
-0.001099 -0.006606 -0.006358
0.002403 0.002817 0.006525
-0.022594 0.006802 -0.005314
0.002658 0.003421 0.011031
-0.000667 -0.007621 -0.009410
0.017509 0.000884 0.000611
-0.006854 0.002447 0.008891
-0.012797 -0.001920 0.003195
0.005243 -0.002853 0.001685
-0.002093 0.002253 0.003468
-0.004111 -0.013350 -0.014608
-0.003736 0.007226 -0.001069
0.006098 -0.000050 -0.001129
0.004941 -0.001328 -0.004179
0.003317 0.000399 0.000399
0.010154 0.005822 0.002139
-0.001221 -0.005391 -0.007485
0.001744 -0.000974 0.002133
-0.022438 -0.006069 -0.004584
0.002116 0.005919 0.013161
-0.001250 -0.008395 -0.009397
0.017484 0.001091 0.000219
-0.007388 0.000884 0.007590
-0.012200 0.002838 0.004015
0.005504 -0.002437 0.001425
-0.003854 0.002484 0.002482
-0.004324 -0.019891 -0.020692
-0.003608 0.007040 -0.001565
0.006859 0.004677 -0.001236
-0.013397 -0.012486 -0.004643
0.001765 -0.028157 -0.002320
0.009297 0.008748 0.001323
0.003152 -0.016966 0.000090
0.001310 -0.016976 -0.019879
-0.022503 -0.005981 -0.005077
0.006747 -0.005431 0.007103
0.024775 -0.026550 -0.009409
0.023364 -0.004918 -0.002855
-0.004190 -0.002276 0.007574
-0.012298 -0.000609 0.002338
0.004455 -0.002154 0.000865
-0.007248 -0.003788 -0.000368
-0.004644 0.002503 0.002333
-0.003760 0.006036 -0.001386
0.005995 -0.001345 -0.001037
0.005359 0.000104 -0.004613
0.003096 -0.000779 -0.000291
0.009905 0.006505 0.001801
-0.000649 -0.006316 -0.006618
0.001913 0.003548 0.006028
-0.022605 -0.004458 -0.004824
0.002637 0.005563 0.011335
-0.001630 -0.006430 -0.009040
0.016949 0.001772 0.001464
-0.002437 -0.005233 0.012157
-0.011373 -0.013005 0.020010
0.003542 -0.002302 0.001692
-0.007078 -0.002527 -0.000024
-0.004612 -0.019619 0.026440
-0.005584 0.004000 -0.001926
0.006900 0.001282 -0.000461
0.002195 0.002569 -0.004574
0.002855 -0.026537 0.001264
-0.008300 -0.007641 0.000994
-0.003479 -0.013586 -0.010742
0.002223 0.007354 0.005138
-0.022494 -0.006051 -0.005764
-0.000770 -0.004093 0.015123
0.000806 -0.003178 -0.010237
0.018510 0.002052 0.000266
-0.004259 -0.000359 0.007594
