576.0000 0.05 1
0.32
0
4.48
0
0
3.84
0
7.68
2.56
0
0
1.92
0
7.68
7.68
0
7.68
0
10.24
0
0
3.84
0
15.36
9.6
0
0
7.68
7.68
7.68
2.56
0
0
7.68
15.36
5.12
17.92
0
15.36
0
5.12
9.6
2.88
9.92
0
11.52
23.04
0
23.04
7.68
10.24
20.48
2.56
7.68
0
15.36
7.68
18.24
32.32
29.44
23.04
61.44
15.36
16.32
55.68
19.2
76.8
28.8
24.96
38.4
32.64
142.08
42.24
38.4
76.48
33.92
65.28
103.68
52.48
136.32
47.36
87.04
80.64
88.32
61.44
91.52
84.48
96
53.76
122.88
26.88
35.84
100.16
110.4
52.48
80
60.16
40.96
92.16
79.36
43.52
52.48
41.6
52.48
47.36
65.28
37.12
55.04
76.8
57.6
107.52
69.12
76.8
71.04
61.44
85.76
58.88
87.04
40.96
48.32
107.84
122.24
59.52
72.32
75.52
81.92
40.96
88.64
68.8
71.68
104.96
138.24
92.8
47.36
69.12
61.44
102.4
121.6
140.16
65.28
64.96
80.64
149.76
81.92
153.6
138.24
87.04
103.68
90.88
175.36
165.12
107.52
52.48
140.8
23.04
98.56
69.12
63.36
64
88.32
81.92
69.12
65.92
45.44
34.56
34.56
107.52
38.4
83.2
108.8
49.28
35.2
48
24.32
89.6
69.12
88.32
69.12
53.76
66.56
116.48
95.36
97.28
102.4
96
53.76
30.72
111.36
54.4
42.24
29.44
44.8
94.08
94.08
98.56
79.04
88
51.2
30.72
63.36
38.4
34.56
39.68
38.4
24.96
67.84
66.56
43.52
99.84
115.2
60.16
81.92
92.16
15.36
35.84
23.04
56.96
52.48
61.44
51.2
104.32
40.32
132.48
97.28
57.6
69.12
148.48
114.56
53.76
97.28
124.8
77.76
117.76
96
107.52
92.16
43.52
57.6
88.96
11.52
48.64
39.68
15.36
26.88
0
7.68
15.36
7.68
5.12
17.92
16.32
46.08
53.76
40.96
28.16
10.24
15.36
15.36
7.68
0
15.36
0
28.16
10.24
0
5.12
9.6
23.04
15.36
8.32
28.8
34.56
20.48
37.12
13.44
6.4
15.36
21.76
7.68
12.8
4.48
0.64
2.56
3.84
12.8
5.12
14.08
8.96
5.44
6.4
2.88
7.04
0
10.24
5.12
2.56
5.12
12.8
3.84
0
0
2.56
0
1.28
0
0
0
2.56
0
4.48
0
1.92
0
7.68
0.64
0
4.48
0
0
0
0
0
0
0
0
0
0
0.64
0
0
0
0
0
0
0
0
5.12
0
0
0
0
0
0
0
0
0
0
2.56
0
0
0
0
0
0
2.56
0
