-0.601335 -0.000000 0.000000
0.051142 -0.055165 0.000000
0.051142 -0.000000 -0.055165
-0.007045 -0.001907 -0.001907
0.010388 0.011032 0.000000
-0.001231 -0.000148 0.000000
0.004095 0.004542 0.001003
0.007176 0.004246 -0.004246
0.010388 -0.000000 0.011032
0.004095 0.001003 0.004542
-0.001231 -0.000000 -0.000148
0.007176 -0.004246 0.004246
0.000948 -0.000000 0.000000
0.003579 0.001395 0.004257
0.003579 0.004257 0.001395
-0.007045 0.001907 0.001907
0.003199 -0.000000 0.000000
0.004095 -0.001003 -0.004542
0.004095 -0.004542 -0.001003
0.007582 -0.004597 -0.004597
0.000948 -0.000000 0.000000
0.003579 0.001395 -0.004257
0.003579 -0.004257 0.001395
-0.001643 0.000040 0.000040
0.010388 -0.000000 -0.011032
0.004095 0.001003 -0.004542
0.062125 -0.000000 -0.067507
0.007582 0.004597 -0.004597
-0.013196 -0.000000 0.000455
0.003579 -0.001395 -0.004257
-0.001188 -0.000000 0.000380
-0.001643 -0.000040 0.000040
0.010388 -0.011032 0.000000
0.062125 -0.067507 0.000000
0.004095 -0.004542 0.001003
0.007582 -0.004597 0.004597
-0.013196 0.000455 0.000000
-0.001188 0.000380 0.000000
0.003579 -0.004257 -0.001395
-0.001643 0.000040 -0.000040
0.040480 -0.000000 0.000000
0.062125 0.067507 0.000000
0.062125 -0.000000 0.067507
0.007582 0.004597 0.004597
-0.003454 -0.000000 0.000000
-0.001188 -0.000380 0.000000
-0.001188 -0.000000 -0.000380
-0.001643 -0.000040 -0.000040
0.038185 -0.000000 0.000000
-0.001231 0.000148 0.000000
-0.001231 -0.000000 0.000148
0.007176 -0.004246 -0.004246
-0.013196 -0.000455 0.000000
0.051142 0.055165 0.000000
0.003579 0.004257 -0.001395
-0.007045 0.001907 -0.001907
-0.013196 -0.000000 -0.000455
0.003579 -0.001395 0.004257
0.051142 -0.000000 0.055165
-0.007045 -0.001907 0.001907
0.003199 -0.000000 0.000000
0.004095 -0.001003 0.004542
0.004095 0.004542 -0.001003
0.007176 0.004246 0.004246
