64.0000 0.05 1
0.0333333
0.266667
0
0.4
0
0.2
0.466667
0.6
0.4
0
0
0.4
0.8
0.866667
0.4
0.2
0.4
0.8
0.4
0.4
0.6
0.866667
0.8
0.4
0.8
0.6
2
0
0.4
0.4
0.8
1.66667
2.4
0.2
3.6
3.5
3.1
5.06667
6.26667
7.86667
7.86667
12.4667
9.4
12.4
10.2
11.6
9.8
9.93333
15.4667
14.5
13.4
13.9667
9.6
18.3333
9.4
10.2
14.2
7.6
10
8.6
9.2
9
10.4
7
9
11
3.2
15
9.2
14.8
9
14.8
7.6
13.8
9.4
8.2
9.2
10.4
8.8
11.6
11.7333
10.8667
12.8
11.6
6
12.4
17
12.5333
6.06667
8.4
7.93333
5.73333
5.53333
3.2
4
4.8
13.8
9.9
13
19.0667
14.3333
13.9333
19.9333
9.93333
18.3333
7.26667
12.8667
9.66667
11.3333
9.46667
9.36667
14.6667
14.6
13.0667
20.4
15
11.7667
13.1333
9.6
12.8667
9.4
10.3
13.2667
10.7333
14.7333
15.0667
13.2
15.3
9.86667
13.6667
14.8
4.93333
10.4
12.8
11.6
7.6
7
9.13333
10
7.8
8.6
6.53333
5.46667
4.93333
7.6
6.6
8.93333
4.4
14.3333
8
10.6
5.2
4.33333
7.2
6.2
2.8
2.8
5.6
10.2
10.2
12.7333
5.2
5
6.8
5
5.26667
7.4
7.33333
6.8
6
9.8
11.8
13.6667
7.06667
12
11.6
12.8667
6.46667
6.46667
13.9333
19.9333
14
12.2
14.4
14.9333
16.8
17.4667
18.5333
16
24.4
8.33333
14.6667
8.7
6.8
2.3
2.8
2.8
2.8
1.4
1.2
3
2.4
2.8
0.8
3.4
0.4
0
1.8
0.4
0.8
3.6
5.2
2.8
2.8
1.8
3.2
1.2
2.4
0.8
0.4
2
4.4
0.8
0.4
1.4
2.8
1.8
2
0.2
2.8
2.6
6
2.4
2.6
2.4
0.8
0.1
1.6
2.4
2.6
0.8
0.266667
4.13333
1.8
0.8
0.8
2.4
2.8
1.6
2
1.2
1.6
3.2
2.8
2
1.2
3.2
0.8
0
0.8
3.2
2.2
0
1.4
0.6
2.8
2.4
2.4
1.6
2
1.4
1.8
1.2
0.8
0.4
3.8
2.4
1.7
3
0.4
2.4
1.6
2.6
2.4
0.4
0.8
0.8
1.13333
1.86667
1.6
2.8
4.6
2.4
1.2
0.2
0
2.4
0.4
2.6
2
0.8
1.2
3.2
4.6
2.4
2
0.8
0
0
0.2
1.6
0.8
1
2.2
0
2.8
2
1.6
0
2.4
1
1.2
0.8
1.2
0.2
0.4
0
0.4
1
0.8
1.2
0.4
0.266667
1.73333
0
0
0.8
0
0.4
0.8
0.4
0.8
0.8
0
1
0
2
0.2
0
0
0
0.6
0
1.2
0.2
1
1.4
2
1.6
1.8
0.6
1.23333
0.8
0.4
2.4
2.2
5.4
6.2
8.66667
6.4
7
5
5.13333
2.06667
2
6.2
5
3.93333
3.26667
5.8
4.1
4
2.8
4.6
6
2.8
1.6
3.93333
5.13333
4.4
5.6
4.6
4
3.2
5.2
4.1
4
2.8
3.6
4.4
3.26667
5.33333
4
2.53333
2.26667
3.2
1.8
7
2.4
2.4
4
3.6
1.6
6.06667
4.4
4
5.6
2
2
5.8
1.6
3.43333
3.86667
4
2.4
4.6
1.8
2.2
2.4
4
4.8
2.73333
3.46667
3.86667
1.73333
1
0.4
2.8
3
2.8
5.86667
6.8
4
3.2
1
5.6
2
0.4
4
0.8
1.6
3.4
2.8
1.6
1.7
4.4
3.8
3.8
0.8
1.86667
3.73333
6.46667
3.4
3.33333
6.76667
4.4
6.26667
5.56667
5.13333
6.86667
7.4
6.8
7.6
3.86667
10.6
7.06667
1.13333
9.73333
7.53333
7.8
6.26667
12.7333
5.66667
5.33333
5.53333
3.93333
4.66667
2.8
6.4
5.53333
3.26667
3.6
4
5.33333
1.93333
1.06667
1.46667
2.8
5.26667
3.86667
5.86667
4.2
3.2
4.1
1.63333
2.66667
2.46667
3.33333
2.83333
3.06667
3.26667
3.6
3
1.46667
2.1
2.16667
2.26667
2
0.733333
1.33333
0.7
0.533333
0.533333
0.933333
0.333333
0.266667
0.1
0.533333
0.266667
0.4
0
0.266667
0.466667
0.266667
0.133333
0.666667
0.133333
0
0
0
0
0
0
0
0
0
0
0
0
0
0
0
0
0
0.0666667
0.133333
0
0
0
0
0
0
0
0
0
0
0
0
0
0
0.0666667
0
