0.000724 0.001101 0.015111
-0.001583 -0.002389 0.008361
0.000746 -0.000556 -0.003259
-0.000938 0.001101 0.002107
0.003015 -0.000338 -0.001488
-0.000599 -0.000354 0.001638
-0.001920 -0.000439 -0.001500
-0.004531 -0.008173 0.000399
0.000604 -0.450205 -0.459671
0.003445 -0.008106 0.000382
0.000641 -0.000472 -0.005702
-0.000045 0.000522 0.001816
-0.004973 0.011576 -0.001683
-0.000595 0.027408 0.021292
-0.008046 0.011021 -0.001300
-0.000614 0.000726 0.002334
-0.000091 -0.001134 -0.003576
-0.000556 -0.000941 0.008199
0.001359 -0.001178 -0.003570
0.000455 -0.002386 0.008342
-0.000630 -0.001325 -0.002929
-0.000240 0.000680 0.002016
0.000692 -0.000021 -0.002398
-0.000864 0.000751 0.002012
0.001765 -0.001287 -0.002938
-0.000404 0.002656 0.010166
-0.001064 -0.001239 -0.002843
-0.000507 0.002534 0.002178
0.002452 -0.001357 -0.002816
0.002730 -0.001534 0.009900
0.000351 -0.002111 -0.002313
-0.000608 0.000044 -0.005983
0.000986 -0.002208 -0.002304
-0.000128 0.001018 0.002104
0.002534 -0.001787 -0.003103
-0.000068 0.000409 0.002043
0.000606 0.000652 -0.001843
-0.001021 0.000325 0.002072
-0.001308 -0.001844 -0.003066
-0.000366 0.001461 0.001731
0.000037 -0.000700 -0.004004
-0.000416 0.000159 0.001909
0.001168 -0.000796 -0.003984
0.019016 0.004413 0.013816
0.006134 0.011550 -0.001694
-0.001191 0.000575 0.001823
0.000655 0.000674 -0.005623
-0.000477 0.000779 0.002337
0.009341 0.011107 -0.001294
-0.000492 0.001105 0.003118
0.000666 -0.000722 -0.002966
-0.003820 -0.001414 0.009861
0.000697 0.001831 0.014862
-0.019850 0.004534 0.013829
0.002846 -0.006311 -0.003098
-0.004044 0.002178 -0.000293
0.002454 0.002453 0.000072
0.000169 0.007374 0.001322
-0.005083 -0.002897 0.000768
0.003977 -0.002725 0.000751
0.000250 -0.007003 -0.001512
-0.006195 0.003781 -0.001011
0.004847 0.003499 -0.001665
0.000188 0.005970 0.001655
-0.005638 -0.003532 0.002000
0.004406 -0.003516 0.002057
0.000825 -0.008343 -0.002028
-0.005198 0.002373 -0.002446
0.006711 0.002264 -0.002314
-0.000419 0.006061 0.001301
-0.006878 -0.003856 0.002224
0.006106 0.000829 0.005633
0.018265 -0.004996 0.001107
-0.001992 0.034825 0.001627
0.006159 0.009600 -0.002696
-0.000450 0.005990 0.001177
-0.007540 0.000889 0.005617
0.005880 -0.003295 0.001998
-0.017443 -0.005072 0.001146
-0.005069 0.008984 -0.002712
0.003173 0.035534 0.001779
0.000132 0.006588 -0.000461
0.073356 0.045771 0.095925
-0.074674 0.045834 0.095918
0.001439 -0.007890 -0.002267
-0.005342 0.010486 -0.002286
0.005838 0.003048 -0.001339
0.000066 0.006628 0.002240
-0.005946 -0.002871 0.002705
0.004674 -0.002859 0.002704
0.000747 0.001456 -0.003452
0.032609 0.041727 0.001537
-0.031612 0.042479 0.001574
-0.005328 0.008659 0.001296
-0.005903 -0.004382 0.000286
0.005664 -0.003210 0.001570
0.001355 -0.007897 -0.001661
-0.004756 0.000089 -0.002801
0.001356 0.010270 -0.002229
-0.001472 0.005592 0.002490
-0.006304 -0.000028 0.002836
0.000336 -0.001257 -0.001049
-0.000016 -0.007018 -0.001070
-0.004672 0.003116 -0.001110
0.006163 0.003214 -0.001118
0.000246 0.006171 0.000956
-0.006786 -0.003009 0.003073
0.003689 -0.001475 0.000061
-0.002822 -0.006231 -0.003037
-0.001475 0.001594 0.000060
0.005514 0.002228 -0.000278
-0.001070 0.006203 0.001015
-0.004549 -0.002362 0.000086
0.005446 -0.003154 0.003063
0.000214 -0.006167 -0.001484
-0.005184 0.002754 -0.001685
0.003767 0.001323 -0.000650
-0.002831 0.005423 -0.000157
-0.004857 -0.003151 0.002490
0.006119 -0.004769 -0.001111
-0.000307 -0.006254 -0.001543
-0.002326 0.001363 -0.000638
0.006056 0.003525 -0.001797
0.000088 0.007503 0.001415
-0.005128 -0.003773 0.001565
0.003638 -0.003697 0.001643
0.000926 -0.007192 -0.003310
-0.001131 0.004363 0.003368
0.002596 0.004338 0.003197
0.001165 0.005341 -0.000152
-0.007420 -0.004482 -0.001042
0.003974 -0.002508 0.002551
0.000107 -0.005021 -0.000942
-0.004404 0.002562 -0.002810
0.005920 0.002658 -0.002818
0.001223 0.006798 0.002252
-0.007366 -0.003202 0.000942
0.006396 -0.000671 0.000016
-0.000138 -0.007508 -0.001315
-0.005082 0.002649 -0.001800
0.005355 0.004265 -0.000587
-0.002017 0.006765 0.002280
-0.007643 -0.000707 0.000085
0.006008 -0.003363 0.001147
-0.000026 -0.007894 0.000639
-0.006367 0.003451 -0.004090
0.007784 0.003592 -0.004092
0.000839 0.009639 0.002575
-0.007888 -0.003144 0.002691
0.005489 -0.002975 0.001313
-0.000277 -0.006895 -0.001583
-0.003802 0.002636 -0.001665
0.007260 0.004476 -0.001033
-0.001543 0.009619 0.002555
-0.006880 -0.002989 0.001326
0.006906 -0.002613 0.002834
0.000524 -0.006133 -0.001998
-0.004890 0.002497 -0.002354
0.005593 0.003578 -0.001171
-0.001669 0.005393 0.001979
-0.004534 -0.003485 -0.000160
0.005048 0.001900 0.004068
0.000163 -0.006212 -0.001964
-0.003938 0.003693 -0.001061
0.005660 0.003159 -0.002246
0.000075 0.007315 0.003358
-0.006396 -0.002489 0.003185
0.005086 -0.002382 0.003097
0.000129 -0.008788 -0.000053
-0.004854 0.002276 -0.001085
0.006566 0.002284 -0.001078
0.000122 0.005393 0.001897
-0.006381 0.002082 0.003942
0.003710 -0.002858 -0.000256
0.000943 -0.006521 -0.001130
-0.004529 0.002527 -0.002016
0.006050 0.002408 -0.002104
0.002345 0.006554 0.001622
-0.007400 -0.002664 0.002102
0.005262 -0.004076 0.000135
0.001185 -0.010041 0.002850
-0.002780 0.006562 0.000565
0.005566 0.003671 -0.002058
-0.003896 0.006497 0.001584
-0.006555 -0.003929 0.000020
0.005926 -0.003008 0.002018
-0.000672 -0.007880 -0.002219
-0.004892 0.002381 -0.001395
0.006240 0.011151 -0.002212
0.005319 0.008722 0.001344
-0.007050 -0.003160 0.001642
0.004369 -0.004577 0.000353
-0.001462 -0.007966 -0.001617
-0.000181 0.009460 -0.002285
0.005586 0.000795 -0.002856
0.000095 0.007008 0.003162
-0.006992 -0.002463 0.001619
0.005737 -0.002266 0.001600
0.000900 0.001527 -0.001811
-0.003852 0.000574 -0.002435
0.005089 0.001213 -0.002328
0.000744 0.005591 0.002494
-0.001659 -0.001126 -0.000896
0.005123 -0.000003 0.002923
0.000198 -0.007560 -0.001323
-0.004308 0.003550 -0.000655
0.006026 0.003530 -0.001803
0.000131 0.008078 0.000631
-0.006063 -0.001830 0.001093
0.004826 -0.001649 0.001115
-0.001158 -0.010059 0.002864
-0.004478 0.003025 -0.001993
0.003870 0.007312 0.000408
-0.000640 0.111214 0.099624
-0.030998 -0.015035 0.026507
0.029728 -0.015095 0.026574
