8.0000 0.05 1
0.005
0
0.07
0
0
0.06
0
0.12
0.04
0
0.03
0
0.12
0.12
0
0.12
0
0.16
0
0
0.06
0
0.36
0.03
0
0.24
0
0.16
0
0
0.135
0.36
0.45
0
0.18
0.84
0.15
0.13
0.74
0.735
0.91
1.44
0.72
1.11
1.39
1.28
1.14
1.77
1.35
1.2
1.95
1.76
1.48
3.24
1.38
2.11
1.37
1.48
1.73
1.59
1.8
1.68
1.38
0.72
1.09
1.83
0.84
1.61
1.18
0.74
1.26
0.67
0.89
1.14
0.78
1.92
1.08
0.74
1.37
1.92
0.92
1.2
0.93
0.93
0.96
1.26
1.26
1.59
1.08
0.83
0.96
1.04
1.61
1.24
0.8
1.18
1.11
1.89
1.51
0.42
2.18
0.42
1.11
2.2
1.535
2.08
1.24
2.14
1.24
1.55
1.63
3.48
2.43
2.33
1.8
1.68
1.62
1.34
1.66
1.32
0.83
1.16
2.13
0.98
1.2
0.62
1.26
0.78
1.19
1.37
1
0.89
1.39
1.57
0.32
1.03
0.95
1.5
1
1.64
0.66
2.25
0.9
1.17
1.74
2.05
1.22
1.56
0.84
1.19
1
0.485
0.575
1.92
0.97
1.34
2.3
0.6
1.51
0.92
0.72
0.6
0.78
0.71
1.58
0.4
1.05
0.72
1.87
0.68
1.54
1.19
0.93
0.36
1.55
1.18
0.98
0.28
2.18
1.11
1.22
1.62
1.08
2.19
3.12
1.32
1.53
1.475
1.06
1.8
1.68
1.08
0.36
0.84
1.41
0.38
1.84
0.24
0.66
0.6
0.41
0.13
0.29
0.19
0
0
0.12
0.12
0
0
0.24
0.24
0
0
0.36
0.48
0.12
0.48
1.45
0.42
0.32
0.12
0
0
0
0.24
0.36
0.24
0.015
0.28
0.08
0
0
0.24
0.24
0.01
0.11
0.78
0.61
0.59
0.24
0.12
0.36
0.6
0
0.24
0
0.18
0.48
0.12
0.24
0.36
0
0.12
0
0
0.24
0.6
0.24
0.51
0.03
0.52
0.68
0
0
0.17
0.19
0.08
0.4
0.34
0.02
0.48
0
0.24
0.2
0.34
0.12
0.06
0.24
0.73
0.17
0.3
0
0
0
0.36
0.6
0
0
0
0.36
0.22
0.26
0.12
0.58
0.02
0
0.2
0.16
0.6
0.12
0.24
0
0.32
0.4
0.02
0.1
0
0
0.12
0.24
0
0.24
0.14
0.1
0
0.24
0
0.42
0.24
0.24
0
0.24
0.18
0.18
0
0.12
0
0
0.1
0.14
0.12
0
0.04
0.2
0.05
0.01
0
0
0
0.12
0.12
0.12
0.53
0.07
0.84
0.37
0.23
0.33
0.87
0.6
0.96
0.02
0.36
0.48
0.42
0.36
0.12
0.48
0
0.84
0.28
0.24
0.48
0.48
0.24
0.24
0.72
0
0.48
0
0
0.22
0.38
0.48
0.24
0.24
0.61
0.71
0
0.24
0.24
0.16
0.52
0.36
0.32
0.15
0.15
0.12
0
0
0.13
0.33
1.42
0.28
0.24
0.36
0.22
0.29
0.3
0
0.12
0.12
0
0.06
0.68
0.21
0.49
0.12
0.82
0.26
0.78
0.72
0.4
0.52
0.14
0.12
0.26
0.85
0.41
0.54
0.26
0.92
0.73
0.12
0.885
0.17
0.84
0.38
0.32
0.82
1.05
0.64
0.7
0.3
0.92
0.49
0.3
0.56
0.78
0.46
0.3
0.47
0.45
0.04
0.36
1.14
0.2
0.79
0.55
1.04
0.8
0.75
0.63
0.52
0.6
0.42
0.3
0.14
0.53
0.35
0.24
0.3
0.5
0.8
1.31
0.75
0.73
0.5
0.9
0.61
0.63
0.57
0.21
0.35
0.14
0.49
0.36
0.98
1.48
1.405
0.54
0.96
0.24
0.44
1.02
1.33
1.06
0.39
0.86
0.91
2.11
0.57
0.45
0.43
0.7
1.13
0.92
1.13
0.72
0
0.66
0.47
0.73
0.84
0.57
0.23
0.16
0.8
0.83
0.45
1.14
1.04
0.62
0.6
1.19
0.63
0.21
0.36
0.39
0.8
1.26
0.76
0.8
0.14
0.24
0.36
0.66
1.24
0.56
0.6
0.03
0.43
0.29
0.48
0.6
0.12
0.92
0.93
0.34
0.27
0.36
0.72
0.96
0.04
0.26
0.24
0.22
0.41
0.22
0.4
0.04
0.24
0.6
0.36
0.16
0.3
0.48
0.12
0.72
0.04
0.3
0.37
0.15
0.25
0.24
0.09
0.48
0
0.24
0.36
0.36
0.42
0.06
0.62
0.52
0.96
0.24
0.06
0.34
0.3
0.92
0.49
0.58
0.44
0.48
0.68
0.34
0.78
0.51
1.56
1.1
0.94
0.4
0.875
0.76
0.58
0.88
0.84
1.32
0.8
0
0.6
0.96
0.67
0.5
1.74
1.13
0.37
0.47
0.33
1.05
0.56
0.37
0.81
0.74
0.53
0.82
0.6
0.92
0.76
0.71
1.01
0.1
0.45
0.425
0.41
0.62
1.28
0.35
0.38
0.54
0.46
0.96
0.39
0.45
0.24
1.04
1.1
0.71
0
0.59
0.325
0.24
0.1
0.32
0.15
0.42
0.18
0.11
0.13
0.46
0.08
0
0.52
0.2
0.44
0.74
0.41
0.25
0.24
0.24
0.12
0.42
0.17
0.43
0.3
0.08
0.31
0.09
0.42
0.06
0.56
0.39
0.13
0.24
0.14
0.16
0.06
0.68
0.52
0.08
0.52
0.6
0.52
0.87
1.005
0.92
0.6
0.42
0
0.24
0.56
0.64
0.4
0.84
0.8
0.7
0.55
0.77
0.36
0.21
0.25
0.6
1.09
0.41
0.21
0.98
0.6
0.44
0.2
0.64
0.24
1.04
0.32
0.36
0.72
0.71
0.85
0.68
0.78
1.32
0.88
0.88
0.87
0.37
0.04
0.28
0.4
0.68
0.24
0.64
1
1.36
0.12
0.44
0.76
0.44
0.83
0.76
1.27
0.67
0.33
0.19
0.8
0.38
0.31
0.74
0.57
0.77
1.3
0.97
0.47
0.67
1.03
0.84
0.41
0.75
0.68
1.33
0.69
1.07
0.69
0.87
1.04
0.89
1.53
0.86
0.63
1.67
0.78
1.39
0.95
1.4
0.71
1.27
1.04
0.94
0.28
0.54
4.55
9.035
9.91
8.05
7.16
11.06
14.46
15.67
11.87
12.51
11.78
6.9
3.79
1.95
1.28
0.83
0.19
0.5
0.6
1.24
1.05
0.43
0.19
0.66
1.19
0.89
0.52
0.15
0.7
1.03
0.2
0.65
0.905
0.85
0.545
0.4
0.55
0.58
0.65
0.29
0.39
0.3
0.85
0.45
0.09
0.37
0.27
1.45
0.36
0.33
0.35
1.13
0.65
0.49
0.56
0.95
0.75
0.34
0.69
0.75
0.61
0.31
0.57
0.87
0.46
0.43
0.76
0.16
0.83
0.79
0.58
0.22
0.68
1.27
0.62
0.95
1.39
0.57
0.94
1.36
0.82
0.62
0.76
0.82
0.96
2.39
0.24
1.1
1.83
1.03
0.09
1.555
1.6
0.88
2.08
2
1.23
2.15
2.35
2.79
1.41
1.98
1.57
3.02
1.53
1.68
1.33
1.09
0.64
0.975
1.66
0.58
1.02
0.44
0.79
0.44
0.44
0.1
0.31
0.84
0.74
0.12
0.82
0.43
0.7
0.95
1.07
0.23
0.28
0.76
0.85
0.67
1.1
0.72
1.94
0.42
1.41
0.7
1.54
0.41
0.59
1.18
0.32
1.02
0.73
0.69
0.36
0.54
0.72
0.86
0.29
0.41
0.735
0.45
0.5
0.56
1.59
1.06
0.74
0.2
0.64
1.24
0.59
0.6
0.87
0.61
1.6
0.92
0.16
0.53
0.87
0.33
1.46
0.78
0.75
0.895
1.28
1.46
0.8
1.03
0.49
0.6
0.775
0.94
0.655
0.86
1.01
1.17
0.81
1.04
1.17
1.335
1.14
1.07
0.83
1.02
0.28
0.445
0.57
0.67
0.79
0.37
0.575
0.33
0.375
0.69
0.67
1.035
0.37
0.495
0.29
0.25
0.87
0.73
1.02
0.59
0.61
0.62
0.5
0.31
0.55
0.71
0.46
0.76
0.51
0.78
0.4
0.37
0.33
0.57
0.255
0.43
0.4
0.35
0.63
0.29
0.85
0.48
0.19
0.29
0.38
0.23
0.38
0.67
0.37
1.08
0.62
0.5
0.28
0.41
0.4
0.28
0.27
0.29
0.2
0.18
0.29
0.3
0.2
0.14
0.24
0.13
0.15
0.26
0.14
0.18
0.15
0.2
0.24
0.17
0.13
0.1
0.15
0.06
0.09
0.11
0.11
0.14
0.15
0.14
0.18
0.06
0.13
0.11
0.04
0.1
0.04
0.06
0.08
0.09
0.08
0.04
0.09
0.08
0.04
0.13
0.07
0.07
0.04
0.05
0.09
0.06
0.08
0.07
0.04
0.04
0.13
0.05
0.09
0.09
0.02
0.04
0.07
0.07
0.06
0.04
0.09
0.02
0.03
0.04
0.04
0.03
0.04
0.075
0.02
0.05
0.03
0.06
0.04
0.05
0.01
0.05
0.04
0.02
0.02
0.07
0.03
0.01
0.05
0.04
0.03
0.01
0.01
0.03
0
0.07
0.02
0.02
0
0.03
0.02
0.01
0
0.02
0.03
0.06
0.04
0.04
0.02
0.05
0.07
0.04
0.02
0
0.05
0.02
0.02
0.03
0.02
0
0.01
0.01
0.03
0
0
0.01
0.01
0
0.01
0
0.01
0
0.02
0
0.01
0.02
0.01
0.01
0.02
0.01
0.01
0
0
0.01
0.01
0
0
0.02
0
0.02
0
0
0
0
0
0.04
0.02
0.01
0
0
0
0
0.02
0
0.02
0.01
0
0.02
0
0
0.04
0
0
0
0
0.01
0
0
0.01
0
0
0.02
0
0.01
0.02
0
0
0
0
0
0
0
0
0.02
0.02
0
0
0
0.01
0
0
0.01
0.01
0.04
0
0.01
0.01
0.01
0
0
0
0.01
0.02
0
0
0.01
0
0
0
0
0
0
0.01
0
0
0.01
0
0
0.01
0.01
0.01
0
0
0.03
0.01
0.01
0.02
0.01
0
0
0.01
0
0.01
0.01
0.01
0
0
0.02
0.01
0.01
0
0.01
0.01
0.01
0
0.01
0.02
0
0.01
0.03
0.01
0.01
0
0.03
0.005
0.01
0
0
0
0.02
0.01
0
0.02
0.01
0.01
0.01
0.01
0.01
0.01
0
0
0.01
0
0
0.01
0
0
0
0.01
0
0
0.01
0
0.01
0
0
0
0
0
0
0
0
0
0
0
0
0
0
0
0
0
0.01
0
0
0
0
0
0
0
0
0
0
0
0
0
0
0
0
0.01
0
0
0.01
0
0
0
0
0
0
0
0
0
0
0
0
0
0
0
0
0
0
0
0.01
0
0
0
0
0
0
0
0
0
0
0
0
0.01
0
0
0
0
0
0
0
0
0
0.02
0
0
0.01
0
0
0
0
0
0
0
0.02
0
0
0
0
0
0
0
0
0
0.01
0
0.02
0.01
0.01
0
0
0
0
0
0
0
0
0.01
0
0
0.01
0.01
0
0.01
0.01
0
0
0
0
0
0.01
0
0.01
0
0
0.01
0
0.01
0
0
0
0
0
0
0
0
0.01
0
0
0
0
0
0
0.01
0
0
0
0
0
0
0
0
0
0
0
0
0
0
0
0
0
0
0
0
0
0
0
0
0
0.01
0
0
0
0
0
0
0
0
0
0
0
0
0.01
0
0.01
0
0
0
0
0
0
0
0
0
0
0
0
0
0
0
0
0
0
0
0
0
0
0
0
0
0
0
0
0.01
0.01
0
0
0
0
0
0
0
0
0
0
0
0
0
0
0
0
0
0
0
0
0
0
0
0
0
0
0
0
0
0
0
0
0
0
0
0
0
0
0.01
0
0
0
0
0
0
0
0
0
0
0
0
0
0
0
0
0
0
0
0
0
0
0
0
0
0
0
0.01
0
0
0
0
0
0
0
0
0
0
0
0
0
0
0
0
0
0
0
0
0
0
0
0
0.01
0
0
0
0
0
0
0
0
0
0
0.01
0
0
0
0
0.01
0.01
0
0
0
0
0
0
0
0
0
0
0
0
0
0
0
0
0
0
0
0
0
0
0
0
0
0
0
0
0
0
0
0
0
0
0
0
0
0
0
0
0
0
0
0
0
0
0
0
0
0
0
0
0
0
0
0
0
0
0
0
0
0
0
0
0
0
0
0
0
0
0
0
0
0
0
0
0
0
0
0
0
0
0
0
0
0
0
0
0
0
0
0
0
0
0
0
0
0
0
0
0
0
0
0
0
0
0
0
0
0
0
0
0
0
0
0
0
0
0
0
0
0
0
0
0
0
0
0
0
0
0
0
0
0
0
0
0
0
0
0
0
0
0
0
0
0
0
0
0
0
0
0
0
0
0
0
0
0
0
0
0
0
0
0
0
0
0
0
0
0
0
0
0
0
0
0
0
0
0
0
0
0
0
0
0
0
0
0
0
0
0
0
0
0
0
0
0
0
0
0
0
0
0
0
0
0
0
0
0
0
0
0
0
0
0
0
0
0
0
0
0
0
0
0
0
0
0
0
0
0
0
0
0
0
0
0
0
0
0
0
0
0
0
0
0
0
0
0
0
0
0
0
0
0
0
0
0
0
0
0
0
0
0
0
0
0
0
0
0
0
0
0
0
0
0
0
0
0
0
0
0
0
0
0
0
0
0
0
0
0
0
0
0
0
0
0
0
0
0
0
0
0
0
0
0
0
0
0
0
0
0
0
0
0
0
0
0
0
0
0
0
0
0
0
0
0
0
0
0
0
0
0
0
0
0
0
0
0
0
0
0
0
0
0
0
0
0
0
0
0
0
0
0
0
0
0
0
0
0
0
0
0
0
0
0
0
0
0
0
0
0
0
0
0
0
0
0
0
0
0
0
0
0
0
0
0
0
0
0
0
0
0
0
0
0
0
0
0
0
0
0
0
0
0
0
0
0
0
0
0
0
0
0
0
0
0
0
0
0
0
0
0
0
0
0
0
0
0
0
0
0
0
0
0
0
0
0
0
0
0
0
0
0
0
0
0
0
0
0
0
0
0
0
0
0
0
0
0
0
0
0
0
0
0
0
0
0
0
0
0
0
0
0
0
0
0
0
0
0
0
0
0
0
0
0
0
0
0
0
0
0
0
0
0
0
0
0
0
0
0
0
0
0
0
0
0
0
0
0
0
0
0
0
0
0
0
0
0
0
0
0
0
0
0
0
0
0
0
0
0
0
0
0
0
0
0
0
0
0
0
0
0
0
0
0
0
0
0
0
0
0
0
0
0
0
0
0
0
0
0
0
0
0
0
0
0
0
0
0
0
0
0
0
0
0
0
0
0
0
0
0
0
0
0
0
0
0
0
0
0
0
0
0
0
0
0
0
0
0
0
0
0
0
0
0
0
0
0
0
0
0
0
0
0
0
0
0
0
0
0
0
0
0
0
0
0
0
0
0
0
0
0
0
0
0
0
0
0
0
0
0
0
0
0
0
0
0
0
0
0
0
0
0
0
0
0
0
0
0
0
0
0
0
0
0
0
0
0
0
0
0
0
0
0
0
0
0
0
0
0
0
0
0
0
0
0
0
0
0
0
0
0
0
0
0
0
0
0
0
0
0
0
0
0
0
0
0
0
0
0
0
0
0
0
0
0
0
0
0
0
0
0
0
0
0
0
0
0
0
0
0
0
0
0
0
0
0
0
0
0
0
0
0
0
0
0
0
0
0
0
0
0
0
0
0
0
0
0
0
0
0
0
0
0
0
0
0
0
0
0
0
0
0
0
0
0
0
0
0
0
0
0
0
0
0
0
0
0
0
0
0
0
0
0
0
0
0
0
0
0
0
0
0
0
0
0
0
0
0
0
0
0
0
0
0
0
0
0
0
0
0
0
0
0
0
0
0
0
0
0
0
0
0
0
0
0
0
0
0
0
0
0
0
0
0
0
0
0
0
0
0
0
0
0
0
0
0
0
0
0
0
0
0
0
0
0
0
0
0
0
0
0
0
0
0
0
0
0
0
0
0
0
0
0
0
0
0
0
0
0
0
0
0
0
0
0
0
0
0
0
0
0
0
0
0
0
0
0
0
0
0
0
0
0
0
0
0
0
0
0
0
0
0
0
0
0
0
0
0
0
0
0
0
0
0
0
0
0
0
0
0
0
0
0
0
0
0
0
0
0
0
0
0
0
0
0
0
0
0
0
0
0
0
0
0
0
0
0
0
0
0
0
0
0
0
0
0
0
0
0
0
0
0
0
0
0
0
0
0
0
0
0
0
0
0
0
0
0
0
0
0
0
0
0
0
0
0
0
0
0
0
0
0
0
0
0
0
0
0
0
0
0
0
0
0
0
0
0
0
0
0
0
0
0
0
0
0
0
0
0
0
0
0
0
0
0
0
0
0
0
0
0
0
0
0
0
0
0
0
0
0
0
0
0
0
0
0
0
0
0
0
0
0
0
0
0
0
0
0
0
0
0
0
0
0
0
0
0
0
0
0
0
0
0
0
0
0
0
0
0
0
0
0
0
0
0
0
0
0
0
0
0
0
0
0
0
0
0
0
0
0
0
0
0
0
0
0
0
0
0
0
0
0
0
0
0
0
0
0
0
0
0
0
0
0
0
0
0
0
0
0
0
0
0
0
0
0
0
0
0
0
0
0
0
0
0
0
0
0
0
0
0
0
0
0
0
0
0
0
0
0
0
0
0
0
0
0
0
0
0
0
0
0
0
0
0
0
0
0
0
0
0
0
0
0
0
0
0
0
0
0
0
0
0
0
0
0
0
0
0
0
0
0
0
0
0
0
0
0
0
0
0
0
0
0
0
0
0
0
0
0
0
0
0
0
0
0
0
0
0
0
0
0
0
0
0
0
0
0
0
0
0
0
0
0
0
0
0
0
0
0
0
0
0
0
0
0
0
0
0
0
0
0
0
0
0
0
0
0
0
0
0
0
0
0
0
0
0
0
0
0
0
0
0
0
0
0
0
0
0
0
0
0
0
0
0
0
0
0
0
0
0
0
0
0
0
0
0
0
0
0
0
0
0
0
0
0
0
0
0
0
0
0
0
0
0
0
0
0
0
0
0
0
0
0
0
0
0
0
0
0
0
0
0
0
0
0
0
0
0
0
0
0
0
0
0
0
0
0
0
0
0
0
0
0
0
0
0
0
0
0
0
0
0
0
0
0
0
0
0
0
0
0
0
0
0
0
0
0
0
0
0
0
0
0
0
0
0
0
0
0
0
0
0
0
0
0
0
0
0
0
0
0
0
0
0
0
0
0
0
0
0
0
0
0
0
0
0
0
0
0
0
0
0
0
0
0
0
0
0
0
0
0
0
0
0
0
0
0
0
0
0
0
0
0
0
0
0
0
0
0
0
0
0
0
0
0
0
0
0
0
0
0
0
0
0
0
0
0
0
0
0
0
0
0
0
0
0
0
0
0
0
0
0
0
0
0
0
0
0
0
0
0
0
0
0
0
0
0
0
0
0
0
0
0
0
0
0
0
0
0
0
0
0
0
0
0
0
0
0
0
0
0
0
0
0
0
0
0
0
0
0
0
0
0
0
0
0
0
0
0
0
0
0
0
0
0
0
0
0
0
0
0
0
0
0
0
0
0
0
0
0
0
0
0
0
0
0
0
0
0
0
0
0
0
0
0
0
0
0
0
0
0
0
0
0
0
0
0
0
0
0
0
0
0
0
0
0
0
0
0
0
0
0
0
0
0
0
0
0
0
0
0
0
0
0
0
0
0
0
0
0
0
0
0
0
0
0
0
0
0
0
0
0
0
0
0
0
0
0
0
0
0
0
0
0
0
0
0
0
0
0
0
0
0
0
0
0
0
0
0
0
0
0
0
0
0
0
0
0
0
0
0
0
0
0
0
0
0
0
0
0
0
0
0
0
0
0
0
0
0
0
0
0
0
0
0
0
0
0
0
0
0
0
0
0
0
0
0
0
0
0
0
0
0
0
0
0
0
0
0
0
0
0
0
0
0
0
0
0
0
0
0
0
0
0
0
0
0
0
0
0
0
0
0
0
0
0
0
0
0
0
0
0
0
0
0
0
0
0
0
0
0
0
0
0
0
0
0
0
0
0
0
0
0
0
0
0
0
0
0
0
0
0
0
0
0
0
0
0
0
0
0
0
0
0
0
0
0
0
0
0
0
0
0
0
0
0
0
0
0
0
0
0
0
0
0
0
0
0
0
0
0
0
0
0
0
0
0
0
0
0
0
0
0
0
0
0
0
0
0
0
0
0
0
0
0
0
0
0
0
0
0
0
0
0
0
0
0
0
0
0
0
0
0
0
0
0
0
0
0
0
0
0
0
0
0
0
0
0
0
0
0
0
0
0
0
0
0
0
0
0
0
0
0
0
0
0
0
0
0
0
0
0
0
0
0
0
0
0
0
0
0
0
0
0
0
0
0
0
0
0
0
0
0
0
0
0
0
0
0
0
0
0
0
0
0
0
0
0
0
0
0
0
0
0
0
0
0
0
0
0
0
0
0
0
0
0
0
0
0
0
0
0
0
0
0
0
0
0
0
0
0
0
0
0
0
0
0
0
0
0
0
0
0
0
0
0
0
0
0.01
0
0
0
0
0
0
0
0
0
0
0
0
0
0
0
0
0
0
0
0
0
0
0
0
0
0
0
0
0
0
0
0
0
0
0
0
0
0
0
0
0
0.01
0
0
0
0
0
0
0
0
0
0
0
0
0
0
0
0
0
0
0
0
0
0
0
0
0
0
0
0
0
0
0
0
0
0
0
0
0
0
0
0
0
0
0
0
0
0
0
0
0
0.01
0
0.01
0
0
0
0
0
0
0
0.01
0
0
0
0
0
0
0
0
0
0
0
0
0
0
0
0
0
0
0
0
0
0
0
0
0
0
0
0
0
0.01
0.01
0
0
0
0.01
0
0
0
0
0.01
0
0.01
0
0
0
0.01
0
0
0
0
0
0
0
0
0
0
0
0
0.01
0.02
0
0
0.02
0
0.01
0
0
0
0
0
0
0.01
0
0
0
0
0
0.01
0.01
0
0.04
0.01
0.01
0
0
0
0
0.01
0
0
0
0.01
0
0
0.02
0
0
0
0.01
0.01
0
0.01
0.01
0
0
0
0.01
0
0.02
0
0
0.01
0
0
0.02
0.03
0.04
0.02
0.02
0.01
0.01
0.01
0.01
0.01
0.01
0.01
0.01
0.01
0.03
0.02
0
0.01
0
0.02
0.02
0.01
0.01
0.01
0
0.02
0.01
0.01
0
0.02
0.02
0.01
0
0.02
0
0.02
0.01
0
0.01
0.02
0.01
0.02
0.01
0.01
0
0.03
0.03
0.03
0
0.01
0.02
0
0.01
0.03
0
0.02
0
0.02
0.03
0
0.02
0.01
0
0.02
0.03
0.01
0.01
0
0.01
0
0.01
0.01
0
0.01
0.01
0.01
0.01
0.01
0
0
0
0.02
0.02
0.01
0.03
0
0.01
0
0
0.01
0
0
0
0.01
0
0.01
0
0
0
0.01
0.03
0.01
0
0
0
0.01
0.01
0.01
0
0
0
0
0.01
0.01
0.01
0
0
0
0
0
0
0
0.01
0
0
0.01
0
0
0
0.01
0
0
0
0.01
0
0
0
0
0
0
0
0
0
0
0
0.01
0
0
0
0
0
0.01
0
