0.010445 0.002304 0.002237
-0.005710 -0.001985 0.001225
0.010412 0.003997 -0.000221
0.002221 0.000678 -0.002109
0.008652 0.002030 -0.002787
-0.000658 -0.002508 0.000573
-0.003863 -0.001638 -0.003713
-0.005334 0.004874 0.001010
-0.009423 0.000515 -0.007488
0.004498 -0.000552 -0.001548
-0.003624 -0.001759 0.005436
-0.006309 -0.002280 0.001796
-0.001748 -0.005339 0.009106
-0.006852 0.000413 -0.000171
0.005531 -0.000768 -0.004214
0.002465 -0.002008 0.000177
0.010389 0.001187 0.002024
-0.005211 -0.001385 0.000476
0.010403 0.003589 -0.001180
0.002067 0.000220 -0.003799
0.008092 0.002546 -0.003837
-0.000475 -0.002236 0.000598
-0.004118 -0.002101 -0.004712
-0.005326 0.005396 0.000276
-0.006500 -0.003845 -0.012110
0.004548 -0.001007 -0.002400
-0.002591 -0.000895 0.006491
-0.006243 -0.001487 0.003073
-0.001223 -0.005101 0.010905
-0.006066 0.002477 0.001603
0.005501 0.000777 -0.004976
0.002572 -0.001862 0.000908
0.010544 0.001988 0.000798
-0.005961 -0.000940 0.001257
0.003480 0.003637 0.535136
0.002159 0.000339 -0.003723
0.008532 0.003014 -0.002541
-0.006076 -0.005271 -0.005594
-0.003752 -0.002684 -0.003971
-0.000448 0.008796 -0.004543
-0.008087 0.000691 -0.007710
0.004261 -0.001884 -0.001500
0.001241 -0.005540 -0.000501
-0.007481 -0.002099 0.003819
-0.001585 -0.005378 0.008920
-0.005680 0.000252 0.000343
0.001336 0.003310 -0.010499
0.000868 -0.002104 0.002264
0.011066 0.002221 -0.000278
-0.004775 -0.000391 0.001151
0.010625 0.004090 0.008448
0.001973 0.001009 -0.004414
0.008426 0.002786 -0.003508
-0.000637 -0.003344 -0.000475
-0.004389 -0.001950 -0.004912
-0.005212 0.005191 0.000259
-0.009700 0.000940 -0.006818
0.004848 -0.001275 -0.002695
-0.003422 -0.001835 0.004399
-0.005982 -0.002416 0.001538
-0.001401 -0.005428 0.009147
-0.005892 0.000195 -0.000187
0.004526 0.001217 -0.005693
0.002187 -0.001579 0.000079
0.015298 -0.001880 -0.009840
-0.006448 -0.001434 0.007422
0.010511 0.004634 -0.001138
0.003863 -0.000175 -0.002642
-0.002395 0.003014 -0.014572
-0.005192 -0.006058 -0.006340
-0.057452 -0.001643 -0.053360
-0.004235 0.004727 0.002167
-0.006561 0.006011 -0.012404
0.058964 -0.000842 -0.049960
-0.003530 -0.001855 0.004572
-0.000952 0.002144 -0.009278
-0.001301 -0.005503 0.009824
-0.005823 -0.001633 0.001386
0.002390 0.001144 -0.003553
0.002307 -0.002112 0.000200
0.010860 0.003554 0.001971
-0.005700 -0.001567 0.002045
0.010814 0.004290 -0.001215
0.002491 0.001086 -0.003734
0.008184 0.002724 -0.003280
-0.001619 -0.002940 -0.001304
-0.003610 -0.002074 -0.005307
-0.005031 0.005479 0.001271
-0.009382 -0.000341 -0.006680
0.004618 -0.001046 -0.002881
0.002092 -0.004560 -0.000712
-0.006090 -0.003676 0.003079
-0.002254 -0.005450 0.015382
-0.003205 0.004911 -0.005598
0.004533 0.000798 -0.004396
0.004031 -0.000760 0.001324
0.010799 0.002231 0.000806
-0.004401 -0.002224 0.001218
0.010974 0.004066 -0.002615
0.002045 0.000692 -0.003638
0.008617 0.002458 -0.003746
-0.002530 -0.002767 0.001642
-0.004313 -0.002247 -0.005034
-0.003995 0.005535 0.001913
-0.004166 0.000272 -0.013064
0.005001 -0.001065 -0.002707
-0.002099 -0.002480 0.006285
-0.006884 -0.001936 0.001700
-0.001908 -0.005606 0.008368
-0.002793 0.000756 -0.004099
0.004552 -0.000502 -0.003470
0.003877 -0.001644 0.001983
0.006304 0.006805 -0.008748
-0.005656 -0.001490 0.003851
0.009622 0.004180 -0.001536
0.000934 0.000788 -0.002324
0.026204 0.002025 -0.021235
-0.002891 -0.001961 0.000664
-0.005258 -0.002152 -0.002514
0.000700 0.008251 -0.005551
-0.009306 0.001768 -0.006532
0.006483 -0.001068 0.000548
-0.003425 -0.001818 0.005347
-0.011063 -0.007420 -0.008437
-0.002097 -0.005250 0.015539
-0.003232 -0.004892 -0.005805
-0.001171 0.003502 -0.011053
0.002382 -0.001475 0.001510
-0.014197 -0.001912 0.003871
0.004938 -0.001297 0.001024
-0.001848 0.000752 0.003051
-0.004415 0.004080 0.002205
-0.003011 0.006631 -0.001363
0.006078 -0.001359 0.000369
0.004418 -0.000682 -0.005436
0.003485 0.000517 -0.000858
0.009717 0.005541 0.001101
-0.000997 -0.006985 -0.005454
0.003367 0.003016 0.005703
-0.022479 -0.003473 -0.004922
0.003127 0.005374 0.012039
-0.000434 -0.007599 -0.009285
0.018931 0.000867 0.000583
-0.005843 -0.000104 0.006746
-0.013236 -0.001537 0.002056
0.004980 -0.003445 0.001767
-0.001630 0.001174 0.001760
-0.004583 0.004209 0.001753
-0.003490 0.005221 -0.001811
0.007349 -0.000423 -0.000694
0.004165 -0.001290 -0.004375
0.003213 0.001592 -0.000068
0.009352 0.005595 0.002534
-0.000935 -0.004959 -0.006571
0.002946 0.004246 0.006570
-0.022050 -0.004314 -0.005648
0.002003 0.004186 0.010625
0.000024 -0.027730 -0.029593
0.014852 -0.002833 -0.005353
-0.005519 0.000332 0.006283
-0.014409 -0.000660 0.003889
0.004434 0.022007 -0.020839
-0.001518 0.002008 0.003018
-0.005631 0.004347 0.003366
-0.003722 0.007175 -0.000920
0.005850 -0.001924 -0.004150
0.004532 -0.000712 0.002070
0.003316 0.000167 0.000547
0.009782 0.005530 0.001140
-0.000444 -0.006307 -0.005915
0.002419 0.002808 0.005115
-0.017986 0.000294 -0.014285
0.002267 0.005843 0.012315
0.000073 -0.007601 -0.011024
0.016397 0.000869 -0.000086
-0.005637 0.001019 0.007182
-0.012593 -0.001570 0.002883
0.004421 -0.001748 0.000458
-0.002397 0.001245 0.002407
-0.004602 0.003589 0.001965
-0.003201 0.007079 -0.001858
0.005611 -0.001627 -0.002246
0.004298 -0.000816 -0.003556
0.003145 0.000273 -0.000938
0.009744 0.005558 0.003129
-0.001076 -0.007397 -0.005608
0.003254 0.002845 0.006514
-0.022202 -0.005586 -0.004753
0.003137 0.005218 0.012236
-0.000751 -0.007559 -0.010553
0.018615 0.000985 0.000254
-0.005902 0.000042 0.007466
-0.010813 -0.001292 0.004793
0.004820 -0.003527 0.001434
-0.004905 0.001164 0.005539
-0.004282 0.003899 0.003135
-0.003347 -0.022386 -0.023437
0.005987 -0.000920 -0.000900
0.004423 -0.000129 -0.004318
-0.001803 0.004428 -0.010140
0.010981 0.005455 -0.028095
-0.000266 0.032440 -0.037526
0.002849 0.001778 0.006378
-0.022166 -0.004091 -0.004094
0.001480 0.003973 0.014752
-0.000092 0.012951 -0.029655
0.014511 0.004895 -0.005378
0.008535 0.000640 -0.007721
-0.013003 -0.001654 0.003161
0.004613 -0.003488 0.002224
-0.002413 0.001081 0.002328
-0.004511 0.003551 0.003451
-0.003295 0.005802 -0.001679
0.004868 -0.001317 -0.000597
0.004076 -0.000787 -0.004108
0.003302 -0.000308 -0.000116
0.009850 0.005441 0.002195
-0.000593 -0.005934 -0.007086
0.000558 0.007422 0.001577
-0.022339 -0.004060 -0.005552
0.002379 0.003427 0.011225
-0.000270 0.012981 -0.029714
0.017940 -0.000733 0.001218
-0.006475 0.000335 0.006875
-0.012753 -0.001334 0.002966
0.003932 -0.002232 0.003997
-0.002335 0.000919 0.002268
-0.003490 0.004051 0.002897
-0.003604 0.007706 -0.000662
0.005911 -0.001387 -0.001074
0.005081 -0.000658 -0.002580
0.003110 0.000199 -0.001256
0.009776 0.005652 0.003278
-0.000706 -0.006869 -0.006843
0.002043 0.003257 0.004600
-0.027177 -0.008018 -0.014303
0.002765 0.005336 0.011047
-0.002730 -0.007632 0.001899
0.011770 0.000451 -0.007134
-0.005894 0.000618 0.007218
0.013620 -0.001034 -0.020530
0.005145 -0.003084 0.000469
-0.030619 0.001743 -0.020268
-0.002474 0.002590 0.001563
-0.003654 0.005841 0.001794
0.006305 -0.001841 -0.001046
0.003862 -0.000867 -0.004032
0.007549 -0.004666 -0.010510
0.009431 0.005683 -0.024855
-0.001024 -0.005285 -0.002947
0.000334 -0.002097 0.001386
-0.022451 -0.004226 -0.006186
0.002129 -0.029386 -0.020088
0.000615 -0.027715 -0.030185
0.017938 0.002459 0.001102
-0.024093 -0.000101 -0.012351
