2176.0000 0.05 1
1.875
3.75
6.25
6.25
7.5
16.25
8.75
6.25
17.5
16.25
14.375
16.25
25
16.25
6.25
31.25
23.125
18.125
30
8.75
10
13.125
10
10
16.25
20
25
29.375
38.125
19.375
25
26.25
13.75
26.875
21.875
28.125
21.25
40
46.25
30
38.75
55
46.875
46.25
42.5
66.875
54.375
49.375
84.375
92.5
98.75
124.375
136.875
135.625
138.75
155
179.375
152.5
156.25
199.375
179.375
175
234.375
251.25
270
236.25
234.375
280.625
291.875
310.625
295.625
321.875
301.875
311.25
323.75
338.75
340
363.75
314.375
354.375
371.25
366.875
329.375
361.25
334.375
379.375
312.5
295.625
303.125
285.625
271.875
255.625
232.5
249.375
253.75
295.625
207.5
250.625
311.25
296.875
315.625
308.75
309.375
300
250
295.625
306.25
295.625
327.5
273.125
284.375
300
273.125
320
293.75
313.125
250
296.25
353.125
321.875
315.625
314.375
327.5
360
344.375
376.875
404.375
378.125
393.125
390
397.5
429.375
453.125
469.375
450
443.75
453.125
434.375
450
417.5
405.625
427.5
383.75
356.25
320
353.125
328.75
308.125
316.25
329.375
306.25
276.25
216.875
255
250
301.25
279.375
246.25
274.375
223.75
319.375
290
324.375
303.75
302.5
291.875
283.75
299.375
345.625
296.25
320
354.375
373.125
353.75
260.625
289.375
214.375
286.875
345
264.375
265.625
267.5
260.625
236.25
245
250
260.625
328.75
238.75
226.875
238.125
224.375
182.5
246.25
256.25
281.25
255
306.25
255
263.75
255.625
206.25
203.75
270
255.625
326.25
343.125
345
353.75
273.75
368.75
294.375
508.75
538.125
509.375
426.875
365
260.625
233.75
203.125
167.5
118.125
60
34.375
11.25
3.75
1.875
3.75
1.25
0
0
0
0
0
0
0
0
0
0
2.5
0
