-0.005704 0.002188 -0.015968
-0.005614 -0.001336 0.001165
0.010819 0.003907 -0.000564
0.002812 -0.000138 -0.002964
0.013382 -0.002208 -0.013156
-0.001765 -0.001820 0.001794
-0.005277 -0.001505 -0.002516
-0.007904 0.001161 -0.005085
-0.009091 -0.000685 -0.009318
0.006131 0.000475 -0.000810
-0.003527 -0.002363 0.004322
-0.006256 -0.002660 0.002325
-0.001626 -0.005019 0.010466
-0.005542 0.001300 0.000364
0.005553 0.000971 -0.004383
0.002437 -0.002003 -0.000054
0.011919 0.001633 0.001307
-0.005522 -0.001608 0.000757
0.010791 0.003923 0.000589
0.002351 0.000524 -0.003842
0.008716 0.003054 -0.003407
-0.001937 -0.003526 0.000058
-0.004601 -0.003018 -0.004345
-0.003843 0.005998 0.000709
-0.008493 0.001488 -0.007570
0.004764 -0.000318 -0.001453
-0.003769 -0.002087 0.005175
-0.006102 -0.002607 0.001764
-0.001804 -0.005665 0.008854
-0.004818 0.002313 0.000195
0.006207 0.000698 -0.005074
0.002683 -0.001956 0.000226
0.011015 0.002512 0.000627
-0.005446 -0.001229 -0.000123
0.009263 0.003702 0.001357
0.002452 0.001115 -0.003180
0.008053 0.001420 -0.002150
-0.001577 -0.004665 0.001488
-0.005646 -0.000977 -0.006079
-0.007494 0.010534 -0.005321
-0.008841 -0.000152 -0.005122
0.004883 -0.000907 -0.002227
0.039821 -0.001508 -0.036494
-0.007076 -0.001825 0.002903
-0.001486 -0.004603 0.010143
-0.011675 -0.002620 -0.006942
0.006066 0.000401 -0.004263
0.002437 0.004258 0.549147
0.027777 0.001628 -0.017115
-0.005866 -0.002211 0.001238
0.010724 0.004314 -0.000856
0.000831 0.001805 -0.003478
0.004744 0.007251 -0.013201
0.002525 0.000565 -0.005732
-0.001308 0.050201 -0.049123
-0.004285 0.003936 0.002853
-0.008636 0.001062 -0.007874
0.010287 -0.004558 -0.008061
-0.004428 -0.002550 0.004046
-0.005292 -0.001919 0.002042
-0.001781 -0.005119 0.008488
-0.005333 0.000490 -0.000662
0.004503 0.001081 -0.005650
0.002560 -0.000951 0.010910
0.010944 0.002258 0.000640
-0.004410 -0.001787 0.001721
0.010840 0.003149 0.000546
0.001820 0.000808 0.001755
0.009009 0.002390 -0.002041
0.001007 -0.003699 0.000029
-0.004955 -0.002532 -0.005462
-0.006232 0.005747 0.000687
-0.009017 0.001090 -0.007656
0.009844 -0.003016 -0.007247
-0.004582 -0.002784 0.005010
-0.006250 -0.002573 0.010498
0.000448 -0.006272 0.010468
-0.010054 -0.001697 -0.006128
-0.045969 -0.000075 -0.045260
0.002462 -0.001294 0.000492
0.010807 0.002140 0.000199
-0.005651 -0.001247 0.000681
0.010715 0.003923 -0.000748
0.002241 0.000795 -0.002477
0.008526 0.002506 -0.003047
-0.002446 -0.003200 -0.000101
-0.004713 -0.002769 -0.004292
-0.004387 0.005951 0.000610
-0.008609 0.001479 -0.007134
0.005101 -0.001075 -0.002304
-0.003799 -0.002689 0.004453
-0.006016 -0.002519 0.002610
-0.001635 -0.005198 0.009049
-0.005332 0.000560 -0.000411
0.005113 0.001492 -0.005647
0.002552 -0.001403 0.000380
0.011059 0.002501 0.000307
-0.005558 -0.001360 0.002655
0.012250 0.004571 0.001092
0.001252 -0.000002 -0.003195
0.008990 0.004503 -0.002166
0.003430 -0.008743 -0.006300
-0.004554 -0.001983 -0.004480
-0.004379 0.007753 0.002693
-0.008994 -0.054971 -0.054019
0.004681 0.000693 -0.001245
-0.002409 -0.002386 0.006693
-0.006737 -0.002504 0.002876
-0.001985 -0.005675 0.009340
-0.006574 0.001866 0.002024
0.005229 0.000953 -0.005442
0.002672 -0.002011 -0.001321
0.010432 0.002349 0.000635
-0.007072 -0.000735 0.001864
0.009431 0.004726 -0.000290
0.002376 0.000192 -0.000905
0.008915 0.002833 -0.004359
0.001842 -0.002407 -0.005592
-0.004500 -0.003439 -0.005420
-0.008914 0.005375 -0.003628
-0.008350 0.001556 -0.008102
0.006619 -0.000362 -0.000516
-0.003456 -0.002419 0.004157
-0.005798 -0.002667 0.005809
-0.002697 -0.004812 0.010415
-0.007356 0.001385 0.001645
0.003138 0.002127 -0.003291
0.002657 -0.002028 0.000267
-0.013918 -0.028036 -0.017874
0.004451 -0.003319 0.001196
-0.007764 0.004779 -0.003367
-0.004388 0.005412 0.009234
-0.002944 0.006495 0.000713
0.006395 -0.001330 -0.001807
0.004239 0.000140 -0.004023
0.003246 -0.019689 -0.020790
0.005749 0.000903 -0.007892
0.000190 -0.005116 -0.004972
0.002321 0.003678 0.004940
-0.022230 -0.004246 -0.004322
0.005299 -0.000945 0.006754
-0.000984 -0.006446 -0.009307
0.017304 0.000190 0.000114
-0.005203 0.000538 0.007976
-0.012887 -0.000763 0.003398
0.004752 -0.002475 0.001480
-0.002244 -0.000224 0.003191
-0.004180 0.003721 0.002358
-0.004238 0.006876 -0.000622
0.005544 -0.000977 -0.000899
0.004751 -0.001343 -0.004932
0.002966 0.000408 -0.000087
0.009496 0.006061 0.001503
0.000176 -0.005915 -0.006178
0.002161 0.001781 0.006012
-0.022127 -0.004254 -0.005627
0.000874 0.004823 0.011791
-0.000975 -0.007990 -0.009811
0.017640 0.000047 0.000832
-0.006071 0.000828 0.008975
-0.012594 -0.001959 0.002340
0.005064 -0.002463 0.001128
-0.002975 0.000791 0.002880
-0.004236 0.002574 0.008569
-0.004243 0.005892 -0.002111
0.020340 -0.001665 -0.015242
0.009421 0.003202 -0.013822
0.003697 0.020190 -0.020548
0.009990 0.004410 0.001953
0.000094 -0.006169 -0.005433
0.003227 0.031921 -0.018125
-0.022351 -0.004154 -0.004294
0.003902 0.009801 0.006912
-0.004983 -0.003501 -0.018735
0.018612 -0.000522 0.001383
-0.005712 0.000649 0.007142
-0.012001 -0.003326 0.005294
0.006478 -0.003718 0.002462
-0.003086 -0.000470 0.004466
-0.004244 0.004261 0.004266
0.032500 0.006180 -0.028564
0.005150 -0.000925 -0.002128
0.004685 -0.002272 -0.003716
0.002124 0.013606 -0.013678
0.013250 0.010012 -0.008016
-0.003859 -0.001866 -0.010944
0.002896 0.006397 0.001369
-0.022591 -0.004318 -0.005895
0.002156 0.003112 0.013029
-0.000743 -0.009091 -0.009033
0.017620 -0.000542 0.001020
-0.007710 -0.000167 0.008171
-0.012801 -0.000869 0.003004
-0.028224 -0.002716 -0.028661
-0.006975 0.003748 -0.002289
-0.004319 0.003667 0.001659
-0.004807 0.005695 -0.000364
0.005322 -0.001725 -0.000925
0.004860 -0.000906 -0.003267
0.003155 0.000327 -0.001001
0.009389 0.005202 0.002869
-0.001705 -0.005849 -0.005791
0.002429 0.002295 0.005318
-0.023517 -0.004553 -0.031453
0.002512 0.004663 0.012097
-0.001114 -0.007649 -0.008621
0.021979 0.003024 -0.005061
-0.004707 0.001415 0.005863
-0.012613 -0.000514 0.003748
0.005553 -0.002600 0.000547
-0.002554 0.000990 0.002313
-0.004403 0.003817 0.002349
-0.003723 0.006705 -0.001681
0.006385 -0.001059 -0.001340
0.004411 -0.000715 -0.004963
0.003246 0.000256 -0.001393
0.009810 0.005478 0.001499
-0.000021 -0.006177 -0.004979
0.002333 0.002060 0.006036
-0.022600 -0.004234 -0.005388
0.001064 0.004909 0.012688
-0.000663 -0.007350 -0.009874
0.017704 0.000530 0.000134
-0.006073 0.000175 0.006627
-0.011928 -0.004955 -0.000083
0.005819 -0.001936 0.002243
-0.002342 0.000559 0.002472
-0.004238 0.003858 0.003441
-0.004398 0.006211 -0.001169
-0.007928 -0.001506 -0.014950
-0.000420 -0.005120 -0.015082
0.002543 -0.014975 -0.015769
0.009490 0.007428 0.002267
-0.004351 -0.011513 -0.011779
0.002471 0.004232 0.008283
-0.022631 -0.003734 -0.005881
0.001306 0.006541 0.013588
0.004330 -0.012162 -0.020287
0.023157 0.004445 -0.006399
-0.005947 -0.000034 0.007098
-0.012788 -0.000788 0.002587
0.004237 -0.002098 0.003990
-0.003885 0.000749 0.003093
-0.004447 0.004253 0.001575
-0.003293 0.006037 -0.001914
0.006005 -0.001116 -0.001130
0.004142 -0.000635 -0.005580
0.003124 0.000309 0.010411
0.009039 0.005807 0.000904
-0.004522 -0.005706 -0.010806
0.001995 0.001959 0.005364
-0.021555 -0.004165 -0.035698
0.006358 0.004561 0.007663
0.000444 -0.006884 -0.011357
0.019222 -0.000350 0.002172
-0.005777 0.000267 0.007752
