2176.0000 0.05 1
1.11111
4.44444
11.1111
2.22222
11.1111
4.44444
13.3333
11.1111
20
11.1111
6.66667
11.1111
24.4444
23.3333
17.7778
23.3333
26.6667
18.8889
13.3333
32.2222
18.8889
8.88889
4.44444
10
14.4444
16.6667
34.4444
37.7778
25.5556
40
11.1111
26.6667
17.7778
31.1111
24.4444
32.2222
26.6667
27.7778
40
24.4444
32.2222
46.6667
36.6667
47.7778
70
55.5556
56.6667
41.1111
80
108.889
93.3333
126.667
127.778
138.889
148.889
146.667
161.111
190
187.778
204.444
216.667
267.778
192.222
230
234.444
286.667
240
276.667
253.333
263.333
291.111
301.111
317.778
337.778
316.667
350
286.667
347.778
304.444
308.889
296.667
300
291.111
280
316.667
268.889
248.889
285.556
292.222
297.778
312.222
318.889
323.333
305.556
337.778
316.667
313.333
296.667
290
303.333
302.222
291.111
332.222
355.556
320
357.778
377.778
361.111
346.667
354.444
341.111
293.333
253.333
213.333
180
157.778
186.667
243.333
264.444
331.111
351.111
397.778
422.222
397.778
426.667
412.222
447.778
400
382.222
358.889
342.222
375.556
343.333
396.667
381.111
377.778
384.444
430
404.444
456.667
407.778
406.667
413.333
356.667
362.222
376.667
366.667
375.556
436.667
415.556
410
436.667
403.333
334.444
354.444
324.444
348.889
322.222
321.111
257.778
284.444
260
276.667
251.111
246.667
222.222
274.444
208.889
244.444
216.667
232.222
258.889
223.333
246.667
232.222
212.222
208.889
230
176.667
205.556
173.333
198.889
171.111
178.889
256.667
235.556
228.889
214.444
215.556
168.889
176.667
196.667
262.222
241.111
222.222
272.222
238.889
224.444
262.222
350
342.222
315.556
310
323.333
310
335.556
377.778
421.111
418.889
430
451.111
431.111
508.889
473.333
508.889
470
432.222
352.222
307.778
228.889
120
8.88889
1.11111
0
0
0
0
0
0
0
0
0
0
0
0
0
0
0
0
0
0
0
0
0
0
6.66667
0
0
2.22222
0
2.22222
4.44444
0
4.44444
1.11111
2.22222
0
4.44444
2.22222
4.44444
4.44444
2.22222
2.22222
4.44444
1.11111
0
2.22222
0
0
2.22222
2.22222
0
