516.0000 0.05 1
0.32
1.28
2.56
0
3.84
2.56
6.4
0
1.92
3.84
0.64
2.56
5.12
3.84
4.48
5.12
1.28
6.4
3.84
3.2
2.56
4.48
8.32
11.52
5.76
4.8
11.52
3.2
7.68
5.76
8.32
7.68
7.04
11.52
15.36
19.2
14.72
16.96
23.04
20.48
22.4
31.36
32.64
46.4
53.12
58.56
62.72
62.72
75.84
76.48
82.56
72.32
95.68
87.36
104.96
105.92
108.16
118.72
124.16
118.08
101.12
108.48
107.52
93.44
98.56
95.36
116.8
90.56
85.44
76.8
59.84
74.88
58.88
91.2
70.08
63.68
62.4
75.84
56
69.76
76.16
73.28
92.8
84.16
71.36
83.84
61.76
56.96
86.08
79.04
53.12
85.76
77.76
85.44
70.72
69.76
75.2
68.8
70.72
77.44
75.52
81.92
86.4
83.84
72.96
83.52
96.96
71.68
94.08
107.84
113.92
124.16
115.52
112.96
107.52
135.68
129.6
141.76
148.48
131.84
122.88
91.84
90.88
121.28
69.12
57.6
73.6
89.28
92.8
64.96
65.92
80.64
64.64
75.52
65.28
73.92
78.4
48.96
61.76
81.92
61.44
69.76
72.64
80.32
87.68
82.24
91.52
91.84
89.28
76.16
95.04
96
72.96
75.52
79.36
78.72
66.56
88.32
71.68
79.36
67.2
69.44
69.12
66.24
56.96
61.44
57.92
69.44
76.8
69.12
51.2
82.56
51.84
36.8
65.28
99.52
65.28
41.6
70.4
92.8
61.44
77.44
69.76
91.52
70.4
78.08
46.08
83.84
85.76
71.68
29.44
13.12
0.64
0
