0.000002 0.002036 -0.001197
-0.000005 -0.002199 -0.002150
0.000003 0.000816 -0.002531
0.000006 -0.001516 0.003893
-0.000003 0.000306 -0.003793
0.000002 -0.000102 0.000844
-0.000005 -0.006738 0.002704
-0.000001 0.002340 -0.002090
0.000005 0.001365 -0.001138
-0.000001 -0.000707 -0.002840
-0.000005 -0.000041 0.005204
0.000001 -0.003898 0.002221
0.000009 -0.001509 -0.001038
-0.000000 0.005463 0.001278
0.000001 0.003722 -0.001223
0.000006 0.002357 0.005307
-0.000005 0.001363 0.003219
-0.000004 -0.000698 -0.000352
-0.000007 0.002123 -0.003397
-0.000005 -0.001617 0.003091
0.000007 0.000714 -0.003154
-0.000003 -0.000434 -0.000589
0.000003 -0.002728 0.004179
-0.000006 0.002018 0.002083
-0.000003 -0.000341 0.001404
0.000009 -0.000957 -0.002564
0.000010 -0.001033 -0.000131
0.000005 0.002650 0.000938
0.000005 0.001682 -0.001236
0.000000 -0.002843 -0.001059
0.000007 0.003016 0.000515
0.000005 0.000435 -0.000049
-0.001165 -0.000942 0.005991
-0.003827 0.001223 0.001769
0.001297 -0.002814 -0.005715
-0.003306 0.002031 -0.002498
0.001163 -0.000940 0.005990
0.000400 -0.002080 0.003541
-0.000400 -0.002076 0.003536
-0.000037 0.002304 0.001255
0.000668 -0.003032 -0.005176
0.003822 0.001222 0.001768
-0.001298 -0.002816 -0.005712
0.003305 0.002030 -0.002492
0.000090 0.001732 -0.001724
-0.000089 0.001730 -0.001722
0.000037 0.002305 0.001250
-0.000670 -0.003031 -0.005180
0.002829 0.000410 -0.001005
0.000801 0.006422 0.001817
-0.001397 0.000722 -0.002573
-0.001701 -0.004171 0.000154
-0.002833 0.000410 -0.001002
-0.003183 -0.001079 -0.002586
0.003186 -0.001076 -0.002586
0.003565 0.002976 0.003984
-0.000142 -0.003750 0.000380
-0.000803 0.006426 0.001818
0.001388 0.000721 -0.002569
0.001696 -0.004168 0.000159
-0.000386 -0.002476 -0.000792
0.000383 -0.002480 -0.000793
-0.003564 0.002972 0.003988
0.000143 -0.003749 0.000380
