2176.0000 0.05 1
1.11111
4.44444
11.1111
2.22222
11.1111
4.44444
13.3333
11.1111
20
11.1111
6.66667
11.1111
24.4444
23.3333
17.7778
23.3333
26.6667
18.8889
13.3333
32.2222
18.8889
8.88889
4.44444
10
14.4444
16.6667
34.4444
37.7778
25.5556
40
11.1111
26.6667
17.7778
31.1111
24.4444
32.2222
28.8889
25.5556
40
24.4444
32.2222
46.6667
36.6667
47.7778
70
57.7778
54.4444
41.1111
80
108.889
93.3333
126.667
127.778
136.667
151.111
146.667
158.889
192.222
187.778
202.222
218.889
270
188.889
231.111
232.222
288.889
235.556
278.889
255.556
258.889
293.333
303.333
315.556
342.222
312.222
350
286.667
347.778
303.333
310
300
296.667
293.333
280
312.222
273.333
248.889
285.556
290
297.778
313.333
316.667
322.222
310
335.556
314.444
317.778
296.667
292.222
296.667
306.667
288.889
332.222
360
315.556
358.889
374.444
361.111
353.333
350
343.333
288.889
253.333
217.778
177.778
157.778
191.111
241.111
262.222
333.333
347.778
396.667
422.222
397.778
428.889
410
450
402.222
380
354.444
344.444
375.556
345.556
398.889
381.111
380
382.222
430
406.667
452.222
410
406.667
411.111
354.444
360
376.667
371.111
368.889
441.111
413.333
414.444
434.444
405.556
336.667
354.444
322.222
348.889
316.667
326.667
257.778
286.667
257.778
272.222
260
240
224.444
276.667
211.111
241.111
217.778
227.778
267.778
216.667
244.444
234.444
214.444
206.667
227.778
176.667
210
172.222
197.778
177.778
173.333
253.333
237.778
231.111
213.333
216.667
168.889
176.667
196.667
262.222
238.889
220
272.222
241.111
228.889
262.222
347.778
337.778
320
307.778
325.556
307.778
333.333
382.222
414.444
425.556
427.778
445.556
434.444
507.778
478.889
504.444
474.444
430
354.444
305.556
231.111
115.556
13.3333
1.11111
0
0
0
0
0
0
0
0
0
0
0
0
0
0
0
0
0
0
0
0
0
0
0
4.44444
2.22222
0
0
2.22222
2.22222
4.44444
3.33333
2.22222
2.22222
0
6.66667
2.22222
2.22222
6.66667
0
0
4.44444
3.33333
0
2.22222
0
0
2.22222
0
2.22222
0
