-0.002712 0.013114 0.011285
-0.007829 0.001019 0.000417
0.001316 0.014526 0.005010
0.012650 0.006975 -0.003557
-0.002636 0.015622 -0.006116
-0.008731 0.000859 -0.001160
-0.001178 0.002997 0.004283
0.000857 -0.016443 -0.002297
-0.004815 -0.011549 -0.001361
0.002481 -0.003526 -0.001719
0.010203 -0.005947 -0.000365
-0.009343 -0.005927 -0.004045
0.005226 -0.007074 0.004038
0.015267 -0.021294 -0.000609
-0.004255 0.001497 0.001559
0.015615 -0.014628 0.002922
0.000120 0.010296 0.010763
-0.010137 0.001402 0.000837
-0.000767 0.017907 0.001597
0.009661 0.009281 -0.005602
-0.001457 0.016090 -0.004674
-0.010257 0.000346 -0.002950
-0.000474 0.002827 0.004487
-0.003537 -0.016235 -0.002616
-0.006208 -0.011138 -0.000579
-0.012152 -0.004910 -0.002178
0.009457 -0.006295 0.000148
-0.009978 -0.006792 -0.004043
0.005603 -0.007900 0.003833
0.002366 -0.018396 -0.000897
-0.005000 0.000520 0.001275
0.011874 -0.009753 0.002620
-0.001257 0.010520 0.012074
-0.007730 0.002049 -0.000010
-0.000628 0.019583 0.000806
0.013709 0.004627 -0.007496
-0.002395 0.016875 -0.007320
-0.009291 0.001054 -0.002567
-0.001168 0.002838 0.004809
0.000875 -0.016344 -0.002563
-0.004536 -0.011183 -0.001526
-0.009626 -0.005031 -0.001594
0.009998 -0.006520 0.000598
-0.007831 -0.010262 -0.003044
0.002806 -0.006185 0.003775
0.002564 -0.019979 -0.000547
0.006898 -0.000112 0.002258
0.014089 -0.010820 0.002850
-0.001947 0.010768 0.011794
-0.008426 0.002097 0.001248
-0.000376 0.019160 -0.000219
0.011484 0.004713 0.001442
-0.001442 0.016311 -0.006321
-0.008623 0.001629 -0.002361
-0.008848 0.003246 0.004151
-0.001146 -0.015278 -0.002003
-0.003559 -0.013737 -0.001687
-0.010174 -0.007118 -0.001784
0.011897 -0.006154 0.002077
-0.006906 -0.002651 -0.004308
0.005686 -0.007596 0.003043
0.005057 -0.017724 -0.000945
-0.001701 0.003390 0.001930
0.015211 -0.009823 0.007150
0.000627 0.011167 0.012140
-0.008465 0.002250 0.001204
-0.004173 0.019840 0.003183
0.011625 0.008829 -0.003157
-0.001041 0.015214 -0.006251
-0.008220 0.000245 -0.002584
-0.001406 0.005088 0.005662
-0.003363 -0.015887 -0.002936
0.008003 -0.011403 -0.001314
-0.010059 -0.005820 -0.001908
0.010839 -0.005925 0.002168
-0.011782 -0.004413 -0.003014
0.002857 -0.006445 0.003477
0.001877 -0.019924 -0.000359
-0.004658 0.001422 0.002269
0.013201 -0.011052 0.002992
-0.000204 0.010977 0.015039
-0.009408 0.001314 -0.001303
-0.001939 0.016842 -0.003650
0.012424 0.007932 -0.003070
-0.005521 0.015955 -0.005452
-0.009664 0.000220 -0.002408
-0.000349 0.004335 0.004813
-0.000713 -0.016060 -0.002409
-0.002965 -0.010639 -0.001703
-0.010479 -0.005253 -0.001649
0.013464 -0.005476 0.001826
-0.009908 -0.006871 -0.003662
0.002781 -0.008466 0.003362
0.005819 -0.021058 -0.005695
-0.001855 -0.003585 0.002610
0.012808 -0.012678 0.002645
0.051535 0.047121 0.075810
0.044724 -0.037339 -0.076875
0.008361 0.007936 0.016860
0.012500 0.007462 -0.001854
-0.010081 0.014934 -0.006085
-0.014972 0.001594 -0.002679
-0.001502 0.002525 0.004226
-0.611036 0.000992 -0.004050
0.091000 -0.035451 0.001595
-0.011760 -0.003014 -0.002032
0.026278 -0.062770 -0.000491
0.002367 -0.003194 -0.003016
0.002513 -0.009330 0.003627
0.004252 -0.021924 0.004063
-0.003012 -0.003868 0.001145
0.024080 -0.012009 0.002420
0.000528 0.010949 0.012556
-0.010652 -0.000060 0.000722
-0.001373 0.019579 0.001405
0.023627 -0.002395 -0.017904
-0.000813 0.015599 -0.005036
-0.008380 0.000647 -0.002822
-0.004509 0.003515 0.004184
-0.000006 -0.014784 -0.003246
-0.004100 -0.013952 -0.001049
0.010819 -0.007804 -0.001838
0.011997 -0.006208 -0.001082
-0.009856 -0.002237 -0.001268
0.006579 -0.008005 0.003868
0.000474 -0.020745 -0.001045
-0.005830 -0.001539 0.000958
0.013605 -0.008632 -0.001453
-0.000204 0.003174 -0.005614
0.004982 0.006441 -0.003903
-0.010347 0.010448 0.002720
0.007465 0.022801 -0.001674
-0.002212 -0.000616 -0.001874
0.001784 0.003217 -0.009380
-0.007771 -0.002071 0.000800
0.011675 0.004283 0.003116
-0.000287 0.007556 -0.002093
0.017373 -0.009453 0.003328
-0.008087 0.009761 0.003089
-0.004515 -0.001402 0.000045
0.011642 -0.005339 0.000296
-0.004733 -0.006318 0.004414
0.010417 -0.008703 0.002394
-0.017929 -0.011218 0.001350
0.000189 0.003775 -0.005124
0.006940 0.009431 -0.002412
-0.011273 0.011097 0.002653
0.007768 0.023615 -0.001071
-0.000747 -0.002019 -0.000887
0.001902 0.004132 -0.010030
-0.007943 -0.002018 0.000889
0.004402 0.005110 0.000346
-0.001362 0.008138 -0.002010
0.032599 -0.010480 0.003739
-0.006791 0.010302 0.002033
-0.006462 -0.003073 0.000290
0.010629 -0.005331 -0.000061
-0.002669 -0.005634 0.004529
0.009099 -0.009795 0.002253
-0.017420 -0.012118 0.003932
0.000524 0.002028 -0.005790
0.008983 0.006066 0.000964
-0.010418 0.010588 0.002593
0.007375 0.022981 -0.001172
0.000615 -0.004151 0.000926
-0.000707 0.006131 -0.009223
-0.010146 -0.001499 0.000118
0.004179 0.005912 -0.001521
0.000500 0.008218 -0.002866
0.017298 -0.011966 0.002909
-0.008456 0.010094 0.001987
-0.000288 -0.014703 0.000332
0.016342 -0.013201 0.000142
0.006159 -0.005180 0.004564
0.010681 -0.010322 0.002242
-0.018302 -0.010687 -0.000828
0.008056 0.004186 -0.004955
0.009409 0.009018 -0.001118
-0.009984 0.010812 0.002748
0.005332 0.022745 -0.004705
-0.001557 -0.003460 -0.002862
0.000210 0.005156 -0.012690
-0.010437 -0.003129 0.000542
0.001647 0.005556 -0.000072
0.001426 0.011415 0.002888
0.017898 -0.011345 0.002577
-0.009639 0.008681 0.001550
0.002303 -0.001522 0.006811
0.016638 0.008260 -0.000402
-0.006013 -0.003887 0.003455
0.009113 -0.010292 -0.000662
-0.016322 -0.011910 0.001110
-0.002645 0.005412 -0.003503
0.005924 0.008823 -0.002392
-0.008846 0.010449 0.000930
0.007985 0.023635 -0.002325
-0.000299 -0.003386 -0.000276
0.001770 0.003531 -0.009439
-0.007237 -0.001719 -0.000310
0.001136 0.005912 0.002012
0.000388 0.007606 -0.000912
0.015320 -0.009919 0.002823
-0.009320 0.009208 0.000800
-0.003676 -0.001577 -0.000314
0.012362 -0.005782 -0.000132
-0.005059 -0.006378 0.004481
0.011730 -0.009507 0.002352
-0.017661 -0.011449 0.001487
-0.000699 0.002378 -0.005455
0.016632 0.006919 -0.005168
-0.010756 0.010514 0.001902
0.006347 0.024580 0.002320
-0.000753 -0.003121 0.000563
0.002024 0.003879 -0.010286
-0.008801 -0.001893 0.002799
0.002818 0.006412 -0.000493
-0.001284 0.010130 -0.005804
0.017933 -0.011123 0.003418
-0.006724 0.010468 0.000877
-0.005497 -0.000223 0.000155
0.018950 -0.004202 -0.006060
-0.003095 -0.006086 0.004019
0.011205 -0.011032 0.002620
-0.014684 -0.011010 0.000808
0.000895 0.006157 -0.008965
0.006185 0.008556 -0.003606
-0.010624 0.010766 0.003667
0.014836 0.034500 -0.018802
0.002062 0.000007 0.002838
-0.000698 0.004807 -0.010091
0.054662 -0.038719 0.075233
0.004188 0.002305 -0.002700
0.010318 0.018319 0.013616
0.063798 0.014942 0.002253
0.005011 0.062647 0.002474
0.002204 0.008132 -0.000461
0.015421 -0.003941 0.003973
0.006593 -0.006222 0.004749
0.025912 -0.009780 0.000135
0.001543 -0.019967 0.003751
-0.002106 0.003016 -0.003879
0.008073 0.007662 -0.002635
-0.010257 0.010739 0.002366
0.009094 0.027771 -0.006281
0.006658 -0.001949 -0.001303
0.061636 0.038257 -0.072786
-0.008201 -0.001923 0.000479
0.000391 0.003802 0.001300
-0.001418 0.008004 -0.000014
0.017435 -0.012240 0.003440
-0.008714 0.008887 0.002128
-0.000391 -0.002369 -0.004572
0.010848 -0.002885 0.000030
-0.005803 -0.003970 0.004933
0.008901 -0.010877 0.005619
-0.015876 -0.012244 0.001445
