284.0000 0.05 1
0.16
0.64
0.64
0.64
1.28
0.32
0.96
1.92
2.24
0.64
0.64
2.88
1.6
1.28
1.92
1.6
2.24
1.92
1.92
0
3.2
2.24
2.56
4.48
1.28
0.64
4.8
2.88
3.2
1.44
3.2
1.6
2.56
3.2
5.6
3.52
4.16
4.48
2.08
5.44
3.84
1.76
5.12
4.48
4.8
2.56
4.48
7.68
8
4.16
2.4
9.28
2.24
9.12
5.92
8
10.72
11.52
11.04
12.8
21.6
27.84
22.08
23.36
26.56
28
22.72
24.48
28.96
24.8
25.6
36.16
27.36
33.92
28.64
38.88
29.44
32.96
37.44
33.6
38.72
31.52
47.84
42.88
39.84
36
42.88
29.44
27.84
28.48
35.84
36.32
29.44
32.32
23.36
26.88
37.44
44.32
46.24
44.32
40.16
45.6
35.84
29.44
39.68
26.24
36.8
31.68
35.68
39.36
48
39.68
54.08
42.24
39.04
52.16
39.84
47.2
40.16
30.08
29.44
21.6
27.2
24
20.32
22.24
18.88
37.28
43.04
45.92
54.88
55.84
63.52
44.8
46.88
54.08
51.68
50.08
48
44.64
46.56
46.24
47.52
48.64
50.88
53.76
53.92
43.2
54.4
43.84
54.72
47.68
51.04
52
55.68
52.64
57.28
58.56
39.52
42.4
46.56
47.52
39.68
42.24
39.2
41.6
39.04
36
37.12
27.2
30.4
27.36
24.64
28.64
34.24
31.68
38.72
31.04
30.72
22.72
24.16
22.08
19.2
24.16
37.28
24.64
29.76
26.72
23.04
25.6
15.36
21.12
31.52
26.56
25.44
30.08
23.04
24
21.12
22.72
17.28
15.36
39.84
41.6
30.56
22.24
26.24
31.04
36
40
38.88
58.24
28.48
31.04
35.2
32.96
51.2
55.2
44.32
50.88
47.52
57.12
51.84
51.36
67.04
73.28
68.48
57.28
48.96
60
48.64
41.44
38.08
28
18.88
8.8
11.68
8.64
12.16
5.44
7.36
8.64
6.4
8.96
10.24
11.52
13.12
10.88
5.76
7.68
14.08
8
4.16
7.36
9.6
8
10.24
3.84
8
14.4
8.96
9.6
10.4
9.44
15.36
5.76
10.24
4.48
4.16
5.76
12
9.44
6.24
8.48
7.36
9.76
9.28
5.12
7.04
10.56
10.88
5.12
10.88
6.88
8
7.68
6.4
10.08
10.24
3.2
6.72
8
6.08
7.68
4.16
8.64
9.92
9.12
1.28
11.2
7.04
12.48
4.48
7.2
4.8
8.8
16.32
8
11.84
10.88
5.12
9.28
7.04
7.68
6.08
6.88
7.52
7.04
3.84
5.44
5.44
12.16
3.84
9.6
0.96
4.16
2.24
7.68
6.08
6.4
5.92
5.12
4.64
2.56
4.16
3.84
2.56
5.12
2.88
4.8
5.12
3.52
3.52
6.72
2.56
1.6
2.24
2.08
5.76
3.68
2.24
2.56
2.88
2.56
1.92
2.88
0.64
0.96
0
1.28
0
1.28
4.8
0
0.96
0
1.92
0
1.28
1.28
6.4
2.56
0
0.32
0
1.28
1.28
0
0.64
0
0
0.32
0
0
1.6
1.28
0
0
0
1.28
0
0
0.64
0
0
0
0
1.28
0
