-0.000868 0.000501 0.000000
-0.002327 0.001344 0.000000
0.001418 -0.000819 -0.000667
0.001418 -0.000819 0.000667
-0.011086 -0.004136 0.000000
-0.002829 -0.001545 0.000000
0.007915 -0.002901 0.000000
-0.006191 -0.000197 0.000000
-0.004644 0.002681 0.000000
-0.013828 0.007983 0.000000
-0.003037 0.001753 0.000000
-0.003695 0.002133 0.000000
-0.001961 0.011669 0.000000
-0.000076 0.003222 0.000000
0.006469 -0.005404 0.000000
-0.002925 0.005460 0.000000
-0.001588 -0.000117 -0.007282
0.007475 0.003858 0.003676
-0.001588 -0.000117 0.007282
0.007475 0.003858 -0.003676
-0.000692 0.001434 -0.007282
0.000396 -0.008402 0.003676
-0.000692 0.001434 0.007282
0.000396 -0.008402 -0.003676
0.005168 -0.002984 -0.009341
0.005975 -0.003449 0.000461
0.005168 -0.002984 0.009341
0.005975 -0.003449 -0.000461
0.012654 -0.007306 0.000000
-0.017649 0.010189 0.000000
0.003886 -0.002244 -0.008163
0.003886 -0.002244 0.008163
