# step pressure (kBar)
1 -287.79
2 -286.805
3 -285.693
4 -283.741
5 -281.86
6 -279.317
7 -276.64
8 -273.133
9 -269.228
10 -264.856
11 -259.899
12 -254.529
13 -248.679
14 -242.406
15 -235.26
16 -227.628
17 -219.13
18 -210.366
19 -200.986
20 -190.993
21 -180.284
22 -169.102
23 -157.487
24 -146.176
25 -133.956
26 -121.326
27 -108.532
28 -95.6613
29 -82.8783
30 -69.95
31 -57.245
32 -44.307
33 -32.1003
34 -19.858
35 -7.908
36 3.60967
37 14.8847
38 25.3737
39 35.3837
40 45.047
41 54.1893
42 62.56
43 70.67
44 78.1277
45 85.3253
46 92.4743
47 99.4077
48 105.324
49 111.15
50 117.487
51 123.383
52 129.403
53 135.294
54 140.734
55 146.207
56 151.951
57 158.777
58 165.108
59 171.2
60 176.826
61 182.94
62 189.145
63 195.408
64 200.912
65 206.613
66 211.848
67 217.789
68 223.064
69 227.74
70 232.241
71 236.516
72 240.035
73 243.33
74 246.602
75 248.769
76 251.047
77 253.12
78 254.404
79 255.088
80 255.462
81 255.469
82 255.131
83 254.467
84 253.029
85 251.265
86 248.617
87 245.482
88 242.121
89 238.231
90 234.568
91 230.479
92 226.025
93 220.496
94 216.109
95 210.823
96 205.18
97 200.176
98 195.065
99 188.839
100 183.576
101 178.06
102 171.638
103 166.502
104 162.635
105 155.329
106 147.699
107 143.552
108 138.133
109 132.636
110 129.167
111 124.322
112 119.456
113 114.624
114 109.372
115 103.239
116 98.2613
117 94.7977
118 89.0627
119 83.5523
120 78.9363
121 73.878
122 68.594
123 63.317
124 57.579
125 51.6567
126 46.052
127 39.8907
128 33.9857
129 29.1223
130 24.933
131 16.4687
132 10.6623
133 4.635
134 -1.19567
135 -6.215
136 -11.1783
137 -16.805
138 -21.3343
139 -27.6987
140 -30.2997
141 -36.5043
142 -40.8857
143 -45.777
144 -49.8677
145 -54.7533
146 -59.419
147 -63.4597
148 -67.005
149 -71.5293
150 -76.0217
151 -81.1237
152 -86.231
153 -89.4453
154 -93.4227
155 -98.0143
156 -103.075
157 -108.659
158 -114.733
159 -124.041
160 -118.628
161 -122.73
162 -127.117
163 -130.842
164 -134.583
165 -138.755
166 -142.805
167 -146.645
168 -149.688
169 -153.265
170 -156.25
171 -160.648
172 -164.375
173 -165.822
174 -169.096
175 -171.348
176 -173.647
177 -175.625
178 -177.4
179 -179.375
180 -180.816
181 -168.917
182 -182.453
183 -183.683
184 -183.126
185 -182.729
186 -183.396
187 -182.43
188 -181.39
189 -179.735
190 -177.839
191 -175.482
192 -174.251
193 -173.377
194 -173.334
195 -169.599
196 -167.034
197 -164.05
198 -161.297
199 -158.746
200 -156.054
201 -153.259
202 -149.824
203 -146.354
204 -143.018
205 -139.857
206 -136.563
207 -133.57
208 -131.003
209 -127.492
210 -123.931
211 -120.13
212 -117.224
213 -113.989
214 -110.883
215 -107.559
216 -104.013
217 -100.755
218 -97.9277
219 -94.361
220 -90.7157
221 -87.3937
222 -84.5657
223 -80.838
224 -77.2677
225 -74.039
226 -70.19
227 -66.4747
228 -63.7927
229 -60.549
230 -57.5533
231 -54.4717
232 -51.1707
233 -47.4507
234 -44.3613
235 -40.7053
236 -37.4787
237 -33.6753
238 -30.1267
239 -26.3347
240 -21.8857
241 -19.151
242 -15.737
243 -10.7153
244 -6.70167
245 -3.67233
246 -0.891667
247 3.78067
248 7.77333
249 11.727
250 15.6873
251 19.278
252 23.0943
253 26.633
254 30.8247
255 34.4117
256 38.7613
257 42.5863
258 46.2327
259 49.9547
260 53.844
261 57.2847
262 61.0677
263 64.8723
264 68.7317
265 73.773
266 78.2683
267 81.9463
268 85.6053
269 89.074
270 92.9827
271 97.642
272 103.401
273 108.324
274 113.129
275 117.119
276 121.854
277 126.461
278 131.63
279 136.377
280 141.489
281 146.164
282 150.514
283 154.867
284 159.72
285 163.694
286 168.299
287 172.334
288 175.711
289 179.04
290 181.657
291 185.436
292 188.035
293 189.967
294 191.237
295 192.457
296 193.431
297 194.35
298 194.234
299 194.258
300 193.475
301 192.433
302 190.93
303 189.405
304 187.341
305 184.349
306 181.38
307 178.397
308 174.708
309 171.308
310 167.4
311 163.436
312 159.443
313 154.99
314 150.727
315 146.609
316 141.908
317 137.55
318 133.416
319 129.581
320 125.577
321 121.725
322 117.888
323 113.823
324 110.074
325 106.818
326 104.23
327 101.416
328 97.2457
329 93.3053
330 90.035
331 87.664
332 84.9217
333 81.9927
334 78.7263
335 74.589
336 71.6213
337 68.6123
338 65.8067
339 61.804
340 59.1817
341 55.149
342 51.4357
343 46.9137
344 42.461
345 38.4933
346 33.435
347 27.787
348 21.708
349 13.5877
350 4.26133
351 7.965
352 2.58533
353 -3.23767
354 -9.53733
355 -16.1287
356 -19.2767
357 -24.153
358 -30.9353
359 -35.833
360 -40.537
361 -44.94
362 -49.9227
363 -55.115
364 -59.6797
365 -62.1033
366 -65.9607
367 -69.7947
368 -73.3047
369 -76.2597
370 -78.7873
371 -81.4547
372 -83.493
373 -85.663
374 -87.584
375 -88.9567
376 -90.4257
377 -91.524
378 -93.0083
379 -93.6807
380 -93.982
381 -94.4133
382 -94.4663
383 -95.326
384 -95.846
385 -95.6983
386 -95.8973
387 -96.1457
388 -96.234
389 -96.2583
390 -96.6097
391 -96.8707
392 -97.0377
393 -96.8
394 -96.9237
395 -97.2083
396 -97.2367
397 -97.4367
398 -97.3697
399 -97.7747
400 -97.859
401 -98.1397
402 -98.3647
403 -98.1077
404 -98.0863
405 -97.8757
406 -98.025
407 -97.828
408 -97.6293
409 -97.1093
410 -96.644
411 -96.094
412 -95.6843
413 -94.946
414 -94.6447
415 -93.9677
416 -93.3087
417 -92.7513
418 -91.907
419 -90.985
420 -90.5707
421 -90.1063
422 -89.341
423 -88.447
424 -87.8123
425 -87.178
426 -86.253
427 -85.5287
428 -84.7143
429 -83.572
430 -82.9657
431 -82.086
432 -81.0803
433 -80.0897
434 -78.9223
435 -77.5403
436 -75.8597
437 -74.435
438 -72.928
439 -71.1673
440 -69.326
441 -67.415
442 -65.475
443 -63.0133
444 -60.626
445 -58.1567
446 -55.322
447 -52.8667
448 -49.5723
449 -46.4943
450 -43.3337
451 -39.9067
452 -36.1577
453 -32.4447
454 -28.5543
455 -24.6807
456 -20.5077
457 -16.1597
458 -11.7093
459 -7.188
460 -2.857
461 1.55267
462 6.20267
463 10.7173
464 15.1303
465 19.5547
466 23.678
467 28.0237
468 32.5103
469 36.934
470 41.1407
471 45.2357
472 49.5933
473 53.8313
474 57.6517
475 61.5897
476 65.6217
477 69.493
478 73.76
479 77.6293
480 81.4117
481 84.7023
482 88.3207
483 91.9867
484 95.5737
485 98.577
486 101.74
487 104.538
488 107.222
489 109.696
490 111.83
491 113.582
492 114.932
493 116.176
494 117.113
495 118.025
496 118.329
497 118.397
498 118.074
499 117.744
500 117.333
501 116.529
502 115.66
503 114.338
504 113.265
505 112.333
506 111.09
507 109.459
508 107.863
509 105.916
510 103.984
511 102.109
512 100.547
513 98.1733
514 96.4243
515 94.5607
516 92.6323
517 90.724
518 88.2897
519 86.7263
520 84.7937
521 83.206
522 81.3193
523 79.3143
524 75.9873
525 74.62
526 72.5383
527 70.476
528 68.1713
529 66.0747
530 63.699
531 61.1373
532 58.2947
533 55.4893
534 52.5037
535 49.636
536 46.2597
537 42.1133
538 39.0537
539 35.1077
540 31.3643
541 27.1737
542 22.9273
543 19.161
544 16.0277
545 14.0817
546 10.606
547 4.679
548 1.53367
549 -0.613333
550 -3.88433
551 -7.51233
552 -10.587
553 -14.5987
554 -15.5743
555 -18.1987
556 -21.939
557 -28.371
558 -25.6707
559 -28.0013
560 -30.277
561 -32.3457
562 -33.9873
563 -35.6117
564 -37.7247
565 -39.1227
566 -41.405
567 -43.2687
568 -45.5327
569 -47.5473
570 -49.1547
571 -50.9067
572 -52.6663
573 -54.6287
574 -55.9477
575 -57.7143
576 -60.3753
577 -62.1383
578 -63.896
579 -64.664
580 -64.7487
581 -67.6967
582 -69.325
583 -69.9187
584 -69.756
585 -70.2043
586 -70.9077
587 -71.1583
588 -71.4997
589 -71.6093
590 -71.5407
591 -71.1547
592 -70.5483
593 -70.0137
594 -68.724
595 -67.7783
596 -65.9267
597 -65.1587
598 -63.6067
599 -62.0747
600 -60.6193
601 -58.7237
602 -56.9897
603 -55.1017
604 -53.184
605 -51.106
606 -49.2713
607 -47.4263
608 -45.7833
609 -44.0007
610 -41.8653
611 -40.2237
612 -38.834
613 -37.4187
614 -36.2347
615 -34.9017
616 -33.731
617 -32.801
618 -31.689
619 -30.8183
620 -30.2237
621 -29.671
622 -29.41
623 -29.179
624 -28.805
625 -28.9943
626 -29.3473
627 -29.834
628 -30.0673
629 -30.6357
630 -31.214
631 -31.957
632 -32.43
633 -33.2097
634 -33.5367
635 -34.023
636 -34.606
637 -35.213
638 -35.455
639 -35.464
640 -35.4573
641 -35.2587
642 -35.1363
643 -34.733
644 -34.3387
645 -33.4693
646 -32.442
647 -31.2447
648 -29.9077
649 -28.3983
650 -26.7757
651 -25.2603
652 -23.5087
653 -21.7367
654 -19.4937
655 -17.4293
656 -15.3177
657 -13.2997
658 -11.4683
659 -9.42767
660 -7.743
661 -5.79267
662 -3.954
663 -2.072
664 -1.07567
665 -0.148333
666 0.979333
667 1.96333
668 2.78567
669 3.482
670 4.16067
671 4.644
672 5.64533
673 6.085
674 6.56433
675 7.461
676 8.319
677 9.20267
678 9.919
679 10.8013
680 11.7933
681 12.7797
682 14.1637
683 15.3563
684 16.471
685 17.6867
686 19.3013
687 20.8933
688 22.6107
689 24.0173
690 25.764
691 27.6083
692 29.5533
693 31.503
694 33.606
695 35.819
696 37.4663
697 39.6427
698 41.3247
699 42.925
700 44.6873
701 46.3363
702 47.6963
703 49.3497
704 51.2307
705 52.622
706 54.0897
707 55.8593
708 57.4847
709 58.598
710 59.8607
711 60.9157
712 62.2867
713 63.62
714 65.055
715 66.726
716 67.9097
717 68.922
718 69.767
719 71.2057
720 72.265
721 72.949
722 73.6327
723 74.1587
724 74.7193
725 75.1913
726 75.4007
727 75.2727
728 74.8053
729 74.4277
730 73.8063
731 72.8853
732 72.1777
733 71.1887
734 70.1477
735 68.845
736 67.516
737 66.367
738 64.643
739 62.8307
740 61.0883
741 59.2197
742 57.182
743 55.292
744 53.3703
745 51.143
746 49.1683
747 46.9587
748 45.1013
749 43.103
750 41.3107
751 39.131
752 37.1553
753 34.9237
754 33.4743
755 31.598
756 29.6273
757 27.8893
758 26.081
759 24.2837
760 22.6913
761 21.6523
762 20.3793
763 19.042
764 18.1817
765 17.361
766 16.6047
767 15.638
768 14.5793
769 13.5413
770 12.8433
771 11.892
772 11.0633
773 10.242
774 9.162
775 8.07833
776 6.458
777 5.40733
778 3.93733
779 2.21233
780 0.205333
781 -1.76367
782 -3.76767
783 -5.84567
784 -8.42033
785 -10.919
786 -13.3977
787 -15.6763
788 -18.61
789 -21.2703
790 -23.7577
791 -26.5497
792 -29.1603
793 -31.5263
794 -33.9393
795 -35.9143
796 -38.085
797 -39.8577
798 -41.442
799 -42.7643
800 -43.9697
801 -45.0087
802 -45.4967
803 -46.164
804 -45.992
805 -45.7543
806 -45.793
807 -45.368
808 -45.0133
809 -44.5937
810 -43.5947
811 -42.8267
812 -41.504
813 -40.338
814 -39.268
815 -38.0333
816 -36.4293
817 -35.0773
818 -33.6097
819 -32.583
820 -31.6667
821 -30.792
822 -29.685
823 -29.0107
824 -28.2183
825 -27.4737
826 -26.991
827 -26.4887
828 -26.5447
829 -26.423
830 -26.7347
831 -26.8607
832 -27.108
833 -27.268
834 -27.691
835 -28.0087
836 -28.8487
837 -29.4117
838 -29.7567
839 -29.756
840 -29.8893
841 -29.9997
842 -29.947
843 -29.9257
844 -29.6357
845 -29.498
846 -28.7723
847 -28.454
848 -27.888
849 -27.227
850 -26.2617
851 -25.094
852 -23.888
853 -22.4783
854 -21.38
855 -20.1817
856 -18.633
857 -17.2263
858 -15.8583
859 -14.299
860 -12.5927
861 -11.282
862 -9.97867
863 -8.55667
864 -7.30867
865 -6.23933
866 -5.212
867 -4.39433
868 -3.60267
869 -3.223
870 -2.432
871 -2.07833
872 -1.68967
873 -1.60933
874 -1.55733
875 -1.58267
876 -1.67833
877 -1.877
878 -2.441
879 -3.094
880 -3.51367
881 -3.83233
882 -4.18267
883 -4.61
884 -4.79
885 -5.17833
886 -5.49
887 -5.513
888 -5.45233
889 -4.71333
890 -4.52033
891 -3.81567
892 -3.37733
893 -2.46367
894 -1.50333
895 -0.372
896 0.887667
897 2.47767
898 3.94533
899 4.49167
900 6.45767
901 7.83533
902 9.33967
903 10.6313
904 12.5077
905 13.4313
906 14.492
907 15.9733
908 16.9213
909 17.5647
910 18.175
911 18.539
912 18.916
913 19.4147
914 19.3983
915 19.5083
916 19.0303
917 18.863
918 18.9497
919 18.9153
920 19.0367
921 19.0753
922 19.2093
923 19.5193
924 20.021
925 20.1337
926 20.5423
927 20.722
928 21.129
929 21.6353
930 22.401
931 22.6177
932 23.189
933 23.674
934 24.3277
935 24.6243
936 24.824
937 25.0493
938 25.4217
939 25.8173
940 25.648
941 25.5027
942 25.1273
943 24.736
944 24.082
945 23.3847
946 22.633
947 21.4703
948 20.3187
949 18.5337
950 16.9063
951 15.162
952 13.084
953 11.0397
954 9.32067
955 7.16167
956 4.99967
957 3.01133
958 0.873
959 -1.40667
960 -3.45633
961 -5.74467
962 -8.13033
963 -10.1337
964 -11.735
965 -13.585
966 -15.196
967 -16.6937
968 -18.4437
969 -19.83
970 -21.123
971 -22.506
972 -23.4737
973 -24.2903
974 -24.875
975 -25.333
976 -26.008
977 -26.0297
978 -26.15
979 -26.3483
980 -26.4263
981 -26.3637
982 -25.9463
983 -25.755
984 -26.0747
985 -25.7833
986 -25.727
987 -25.654
988 -25.9133
989 -26.2
990 -25.9997
991 -25.879
992 -26.1237
993 -26.185
994 -26.6847
995 -26.8717
996 -26.8817
997 -27.2023
998 -27.546
999 -27.934
1000 -28.2663
1001 -28.1747
1002 -28.0523
1003 -28.379
1004 -28.6853
1005 -29.0653
1006 -28.6997
1007 -28.5423
1008 -28.283
1009 -27.3617
1010 -27.15
1011 -26.6513
1012 -26.2733
1013 -25.2757
1014 -24.6133
1015 -23.8637
1016 -23.3303
1017 -22.7297
1018 -22.1603
1019 -21.2387
1020 -20.3173
1021 -19.4463
1022 -18.6003
1023 -18.1763
1024 -17.989
1025 -17.1857
1026 -16.4857
1027 -15.98
1028 -15.3577
1029 -15.038
1030 -14.7737
1031 -14.3437
1032 -13.919
1033 -13.3697
1034 -12.9273
1035 -12.2157
1036 -11.7687
1037 -11.4077
1038 -11.2523
1039 -11.09
1040 -11.085
1041 -11.0157
1042 -10.976
1043 -10.7677
1044 -10.7373
1045 -11.104
1046 -11.4327
1047 -11.7957
1048 -11.9023
1049 -12.076
1050 -12.5303
1051 -13.396
1052 -13.7967
1053 -14.0403
1054 -14.6687
1055 -15.245
1056 -15.375
1057 -15.877
1058 -16.6243
1059 -17.073
1060 -17.6593
1061 -18.5377
1062 -19.3433
1063 -19.9167
1064 -20.9573
1065 -21.818
1066 -22.6443
1067 -23.1333
1068 -23.532
1069 -24.091
1070 -24.06
1071 -23.6823
1072 -23.389
1073 -22.899
1074 -22.489
1075 -21.6377
1076 -20.6943
1077 -19.447
1078 -18.019
1079 -16.147
1080 -14.172
1081 -11.8753
1082 -9.53167
1083 -7.16133
1084 -4.41567
1085 -1.69933
1086 1.221
1087 4.364
1088 7.17533
1089 9.47667
1090 11.9543
1091 14.6567
1092 16.8537
1093 18.973
1094 20.7703
1095 22.311
1096 23.6357
1097 24.8113
1098 25.0967
1099 25.5827
1100 25.9513
1101 26.364
1102 25.876
1103 25.5377
1104 24.6383
1105 23.8443
1106 23.2917
1107 22.1837
1108 20.9233
1109 19.701
1110 18.604
1111 17.6933
1112 16.3017
1113 14.638
1114 13.6043
1115 12.368
1116 11.3457
1117 10.32
1118 9.30633
1119 8.65167
1120 8.16567
1121 7.785
1122 7.29833
1123 7.037
1124 7.09633
1125 6.97833
1126 7.449
1127 7.871
1128 7.88567
1129 8.171
1130 8.41167
1131 8.61033
1132 8.88267
1133 9.87933
1134 10.662
1135 11.4567
1136 12.178
1137 12.8813
1138 13.1363
1139 14.0133
1140 14.2563
1141 15.165
1142 15.5407
1143 15.946
1144 16.317
1145 17.043
1146 17.185
1147 17.366
1148 17.373
1149 17.2353
1150 17.3533
1151 17.2113
1152 16.6627
1153 15.795
1154 15.0497
1155 14.0277
1156 12.849
1157 11.5523
1158 9.757
1159 7.95433
1160 5.63367
1161 3.998
1162 2.19333
1163 0.323667
1164 -2.10633
1165 -4.09233
1166 -6.32967
1167 -8.483
1168 -10.518
1169 -12.169
1170 -13.6887
1171 -14.7957
1172 -15.7453
1173 -17.0887
1174 -18.0473
1175 -18.4283
1176 -18.7597
1177 -18.8483
1178 -19.035
1179 -18.646
1180 -18.3233
1181 -18.2747
1182 -17.3177
1183 -16.4813
1184 -15.3533
1185 -14.2423
1186 -12.7873
1187 -11.5543
1188 -10.3363
1189 -8.97833
1190 -7.21333
1191 -5.80333
1192 -4.347
1193 -2.65567
1194 -0.815333
1195 1.13933
1196 3.00333
1197 4.94933
1198 6.38567
1199 7.66367
1200 9.315
1201 10.614
1202 11.8407
1203 12.5333
1204 13.0473
1205 13.4333
1206 13.5673
1207 13.5503
1208 13.0453
1209 12.408
1210 11.4793
1211 10.4783
1212 9.41467
1213 7.848
1214 6.163
1215 4.684
1216 2.91
1217 1.193
1218 -0.627667
1219 -2.20533
1220 -3.45267
1221 -4.65867
1222 -5.74567
1223 -7.07033
1224 -8.36
1225 -9.16
1226 -9.919
1227 -10.3687
1228 -11.1003
1229 -11.5587
1230 -12.018
1231 -12.599
1232 -12.6423
1233 -12.514
1234 -12.3593
1235 -11.9623
1236 -11.7517
1237 -11.5747
1238 -11.273
1239 -10.7533
1240 -10.2213
1241 -9.96567
1242 -9.77333
1243 -9.57467
1244 -9.656
1245 -9.89833
1246 -9.94967
1247 -9.90333
1248 -10.214
1249 -10.6533
1250 -10.944
1251 -11.0663
1252 -11.3267
1253 -11.4447
1254 -11.9403
1255 -11.918
1256 -12.171
1257 -12.1567
1258 -12.02
1259 -12.2193
1260 -11.7807
1261 -11.3477
1262 -10.8937
1263 -10.1997
1264 -9.25033
1265 -8.034
1266 -7.04067
1267 -5.63833
1268 -4.708
1269 -3.56867
1270 -2.109
1271 -0.755333
1272 1.04667
1273 1.99167
1274 3.10633
1275 4.16233
1276 4.97367
1277 5.79933
1278 6.27967
1279 6.63367
1280 6.872
1281 7.09233
1282 7.173
1283 6.78033
1284 6.07067
1285 5.31567
1286 4.13933
1287 2.88633
1288 1.225
1289 -0.465333
1290 -2.66633
1291 -4.77633
1292 -6.96133
1293 -9.25767
1294 -11.7543
1295 -13.9347
1296 -16.1113
1297 -18.575
1298 -20.4753
1299 -22.4847
1300 -24.7473
1301 -27.1203
1302 -28.8597
1303 -30.611
1304 -32.1373
1305 -33.3573
1306 -34.327
1307 -34.9377
1308 -35.6397
1309 -36.274
1310 -36.5357
1311 -36.7807
1312 -36.903
1313 -36.9357
1314 -36.9233
1315 -37.1007
1316 -37.1617
1317 -36.724
1318 -36.572
1319 -36.3077
1320 -36.3603
1321 -36.248
1322 -36.1083
1323 -35.7273
1324 -35.6947
1325 -35.6253
1326 -35.5787
1327 -35.2977
1328 -34.8913
1329 -34.6897
1330 -34.6007
1331 -34.343
1332 -33.8747
1333 -33.1063
1334 -32.4043
1335 -31.7363
1336 -30.442
1337 -29.405
1338 -28.074
1339 -26.6147
1340 -25.3147
1341 -23.8067
1342 -22.4363
1343 -20.617
1344 -18.7547
1345 -16.9713
1346 -15.15
1347 -12.9713
1348 -11.1977
1349 -9.15733
1350 -7.15667
1351 -5.15333
1352 -3.22967
1353 -1.59433
1354 0.340333
1355 1.793
1356 3.309
1357 4.819
1358 5.737
1359 6.541
1360 7.65467
1361 8.29167
1362 8.80467
1363 8.88467
1364 8.58967
1365 8.726
1366 8.23967
1367 8.04067
1368 8.024
1369 7.95867
1370 7.647
1371 7.17367
1372 7.46567
1373 7.848
1374 8.501
1375 8.98433
1376 9.73467
1377 10.5407
1378 11.5353
1379 12.97
1380 14.697
1381 16.295
1382 18.374
1383 20.4573
1384 22.6717
1385 24.6177
1386 26.8513
1387 28.9303
1388 31.3653
1389 33.0057
1390 35.404
1391 37.651
1392 39.531
1393 41.6597
1394 43.2593
1395 44.5387
1396 46.0093
1397 47.5347
1398 48.6017
1399 49.8347
1400 50.375
1401 50.9603
1402 51.785
1403 52.5797
1404 52.7547
1405 53.0217
1406 53.4043
1407 53.659
1408 54.186
1409 54.1763
1410 54.457
1411 54.1777
1412 53.7173
1413 53.0957
1414 52.116
1415 51.6593
1416 50.635
1417 49.6953
1418 48.2553
1419 46.6563
1420 44.834
1421 42.975
1422 41.271
1423 39.4027
1424 37.351
1425 35.336
1426 32.684
1427 30.6077
1428 28.4557
1429 25.969
1430 23.8617
1431 21.652
1432 19.8857
1433 18.45
1434 16.4523
1435 15.1357
1436 13.9937
1437 13.0017
1438 12.664
1439 12.7193
1440 12.365
1441 12.6633
1442 12.5497
1443 12.6353
1444 13.187
1445 13.7793
1446 14.2687
1447 14.7147
1448 15.1913
1449 15.2813
1450 15.6463
1451 16.004
1452 15.884
1453 15.6157
1454 15.844
1455 15.3943
1456 14.9597
1457 14.8277
1458 14.367
1459 13.971
1460 13.563
1461 13.8573
1462 14.6753
1463 12.6513
1464 11.686
1465 10.517
1466 10.2133
1467 9.47267
1468 8.66467
1469 7.654
1470 6.70167
1471 5.96867
1472 4.68033
1473 3.604
1474 2.731
1475 1.568
1476 0.089
1477 -1.653
1478 -2.592
1479 -3.72667
1480 -6.738
1481 -8.40433
1482 -9.887
1483 -11.8503
1484 -13.9963
1485 -16.045
1486 -18.5123
1487 -20.7043
1488 -23.2867
1489 -25.3383
1490 -27.903
1491 -30.5613
1492 -32.9717
1493 -35.327
1494 -37.7747
1495 -40.0307
1496 -41.8673
1497 -43.982
1498 -45.593
1499 -47.4413
1500 -48.982
1501 -50.02
1502 -51.0277
1503 -52.259
1504 -52.9383
1505 -53.2293
1506 -53.5247
1507 -53.7867
1508 -53.4843
1509 -53.0043
1510 -52.465
1511 -51.6643
1512 -50.7263
1513 -49.9793
1514 -48.8107
1515 -47.5327
1516 -46.4797
1517 -45.1547
1518 -43.5593
1519 -42.45
1520 -41.2587
1521 -40.2193
1522 -39.182
1523 -38.0847
1524 -37.0363
1525 -36.126
1526 -35.2073
1527 -34.5003
1528 -33.7387
1529 -32.774
1530 -32.1473
1531 -31.4967
1532 -31.0237
1533 -30.333
1534 -29.841
1535 -28.85
1536 -28.1943
1537 -27.233
1538 -26.4437
1539 -25.2373
1540 -24.1193
1541 -23.0057
1542 -22.0633
1543 -21.637
1544 -20.718
1545 -19.688
1546 -18.786
1547 -17.6987
1548 -17.0127
1549 -16.138
1550 -15.096
1551 -14.3437
1552 -14.0383
1553 -13.216
1554 -12.275
1555 -11.55
1556 -10.966
1557 -9.87967
1558 -9.095
1559 -8.341
1560 -7.42133
1561 -6.57933
1562 -5.598
1563 -4.632
1564 -3.50333
1565 -2.28733
1566 -0.973667
1567 0.107
1568 1.12567
1569 2.15367
1570 3.17667
1571 4.37733
1572 5.28833
1573 6.56733
1574 7.852
1575 9.493
1576 10.801
1577 12.077
1578 13.3903
1579 15.139
1580 17.0777
1581 18.663
1582 20.4313
1583 22.0623
1584 24.2817
1585 26.2733
1586 28.5403
1587 30.671
1588 33.0517
1589 35.6027
1590 38.376
1591 40.8703
1592 43.113
1593 45.2707
1594 47.7123
1595 50.1767
1596 52.425
1597 54.492
1598 57.0493
1599 59.322
1600 60.6597
1601 62.312
1602 63.811
1603 65.0707
1604 66.312
1605 67.3433
1606 67.7633
1607 68.2927
1608 68.5747
1609 68.9127
1610 68.7397
1611 68.513
1612 68.1053
1613 67.7303
1614 66.5973
1615 65.3807
1616 64.157
1617 62.6323
1618 61.3727
1619 59.594
1620 57.085
1621 55.027
1622 52.5557
1623 49.9123
1624 47.566
1625 44.9743
1626 42.0943
1627 39.1563
1628 36.1837
1629 33.1057
1630 30.5033
1631 27.2877
1632 24.557
1633 21.8593
1634 19.1107
1635 16.9323
1636 14.4563
1637 12.575
1638 10.6587
1639 9.25767
1640 7.76767
1641 6.64467
1642 5.477
1643 4.90933
1644 4.61667
1645 4.57267
1646 4.73667
1647 5.24067
1648 5.85333
1649 6.472
1650 7.441
1651 7.97
1652 9.02233
1653 10.0727
1654 10.8423
1655 11.3223
1656 12.1143
1657 12.384
1658 12.8603
1659 12.8473
1660 12.6193
1661 12.46
1662 11.8657
1663 11.126
1664 10.3763
1665 9.65633
1666 9.01833
1667 8.37267
1668 7.83233
1669 7.09733
1670 6.63633
1671 6.68933
1672 6.25133
1673 5.87
1674 5.941
1675 5.91933
1676 5.637
1677 5.84133
1678 6.28767
1679 6.61333
1680 6.45833
1681 6.649
1682 6.56767
1683 6.50633
1684 6.45233
1685 6.083
1686 6.174
1687 6.224
1688 5.483
1689 4.91567
1690 4.05133
1691 3.32933
1692 2.383
1693 1.768
1694 0.374667
1695 -0.955667
1696 -2.30733
1697 -3.811
1698 -5.49767
1699 -7.201
1700 -9.048
1701 -10.9633
1702 -12.9143
1703 -14.6063
1704 -16.477
1705 -18.505
1706 -20.589
1707 -22.6293
1708 -24.7187
1709 -26.3163
1710 -28.1817
1711 -29.9137
1712 -31.5973
1713 -33.192
1714 -34.7823
1715 -36.3097
1716 -37.43
1717 -38.6227
1718 -39.4693
1719 -40.509
1720 -41.104
1721 -41.8097
1722 -42.162
1723 -42.174
1724 -42.42
1725 -42.243
1726 -42.125
1727 -41.8673
1728 -41.8423
1729 -41.917
1730 -41.8243
1731 -41.8663
1732 -41.7373
1733 -41.1317
1734 -40.8683
1735 -40.949
1736 -40.7533
1737 -41.0853
1738 -41.1933
1739 -41.6317
1740 -42.53
1741 -43.1943
1742 -44.105
1743 -45.0457
1744 -45.8653
1745 -47.214
1746 -48.1617
1747 -48.949
1748 -49.952
1749 -50.3077
1750 -50.735
1751 -50.8613
1752 -50.9293
1753 -50.634
1754 -50.165
1755 -49.4217
1756 -48.3413
1757 -46.9117
1758 -45.5987
1759 -43.6593
1760 -41.5143
1761 -39.313
1762 -36.8573
1763 -34.3383
1764 -31.6237
1765 -29.0173
1766 -26.7067
1767 -24.263
1768 -21.694
1769 -19.6183
1770 -17.0277
1771 -14.6613
1772 -12.6887
1773 -10.797
1774 -8.93133
1775 -7.18367
1776 -5.07333
1777 -3.14733
1778 -1.77667
1779 -0.167333
1780 1.234
1781 2.77567
1782 4.161
1783 5.61567
1784 6.90833
1785 7.979
1786 8.65867
1787 9.66433
1788 10.842
1789 11.88
1790 12.528
1791 13.7633
1792 14.2837
1793 14.725
1794 15.1093
1795 15.6437
1796 15.9747
1797 16.07
1798 16.17
1799 16.8657
1800 17.048
1801 17.399
1802 17.592
1803 18.0397
1804 18.8487
1805 19.6397
1806 20.344
1807 21.2353
1808 22.0613
1809 22.8757
1810 24.2
1811 25.1187
1812 25.8593
1813 26.8447
1814 28.3303
1815 29.4437
1816 30.4717
1817 31.6753
1818 32.684
1819 33.969
1820 34.8217
1821 35.6737
1822 36.3583
1823 37.115
1824 37.8563
1825 38.3657
1826 38.61
1827 38.7673
1828 38.9103
1829 38.632
1830 38.8717
1831 38.505
1832 38.431
1833 37.8023
1834 37.4287
1835 37.0993
1836 36.809
1837 36.133
1838 35.533
1839 35.2817
1840 34.7417
1841 34.358
1842 33.869
1843 32.838
1844 32.2757
1845 32.2477
1846 31.8813
1847 32.064
1848 31.9947
1849 32.0183
1850 31.6727
1851 31.4773
1852 31.181
1853 30.9443
1854 30.3483
1855 29.874
1856 29.3403
1857 28.8267
1858 28.5687
1859 27.8247
1860 27.144
1861 26.2813
1862 25.3507
1863 24.9253
1864 24.2207
1865 23.556
1866 22.3767
1867 21.63
1868 21.098
1869 20.711
1870 20.1683
1871 19.6947
1872 19.2617
1873 18.8473
1874 18.6217
1875 18.013
1876 18.09
1877 18.1907
1878 18.086
1879 17.7957
1880 18.123
1881 18.1317
1882 17.8703
1883 17.903
1884 18.0183
1885 18.1073
1886 17.8517
1887 17.8937
1888 17.562
1889 17.3583
1890 17.636
1891 17.315
1892 16.8463
1893 16.581
1894 16.3113
1895 15.3887
1896 14.9777
1897 13.8583
1898 13.1813
1899 15.9283
1900 15.4837
1901 14.8803
1902 14.0343
1903 12.7273
1904 11.458
1905 10.308
1906 8.35367
1907 6.56633
1908 5.11833
1909 3.67867
1910 2.327
1911 0.861333
1912 -0.202333
1913 -1.69167
1914 -3.622
1915 -5.553
1916 -7.041
1917 -8.593
1918 -10.053
1919 -11.254
1920 -12.697
1921 -13.5413
1922 -14.4437
1923 -15.2243
1924 -16.3643
1925 -17.1017
1926 -18.0623
1927 -18.5
1928 -18.518
1929 -18.9227
1930 -19.4587
1931 -19.911
1932 -20.1377
1933 -20.598
1934 -21.076
1935 -21.322
1936 -21.9483
1937 -22.0347
1938 -22.348
1939 -22.851
1940 -23.7367
1941 -24.446
1942 -25.1993
1943 -26.471
1944 -28.1947
1945 -29.53
1946 -30.917
1947 -32.4077
1948 -34.2663
1949 -36.0443
1950 -38.145
1951 -39.969
1952 -42.2043
1953 -44.011
1954 -46.046
1955 -47.905
1956 -49.703
1957 -51.426
1958 -53.1117
1959 -54.739
1960 -56.1463
1961 -57.407
1962 -58.7403
1963 -59.439
1964 -60.184
1965 -60.304
1966 -60.4993
1967 -60.6857
1968 -60.391
1969 -59.8533
1970 -59.29
1971 -58.4207
1972 -57.2863
1973 -56.34
1974 -55.0537
1975 -53.451
1976 -51.8837
1977 -50.475
1978 -49.2477
1979 -47.9517
1980 -46.4943
1981 -45.3167
1982 -44.185
1983 -43.1473
1984 -42.0677
1985 -41.428
1986 -40.7633
1987 -40.2293
1988 -39.9257
1989 -39.982
1990 -40.1597
1991 -40.271
1992 -40.7523
1993 -41.371
1994 -42.0567
1995 -42.7033
1996 -43.7013
1997 -44.8717
1998 -45.6953
1999 -46.275
2000 -47.1607
2001 -47.936
2002 -48.5947
2003 -49.2863
2004 -49.146
2005 -49.04
2006 -48.6117
2007 -47.679
2008 -46.5547
2009 -45.6603
2010 -43.6727
2011 -41.8227
2012 -39.8043
2013 -37.1527
2014 -34.7703
2015 -32.217
2016 -29.3653
2017 -26.3337
2018 -23.3363
2019 -19.8427
2020 -16.5473
2021 -13.1387
2022 -10.0063
2023 -7.06633
2024 -4.13
2025 -1.00667
2026 1.78933
2027 4.68067
2028 7.53367
2029 10.2023
2030 12.9373
2031 15.2373
2032 17.488
2033 19.29
2034 21.4763
2035 23.463
2036 25.798
2037 27.8907
2038 29.9807
2039 31.7853
2040 33.47
2041 35.638
2042 37.2283
2043 38.9
2044 40.2633
2045 41.693
2046 43.369
2047 44.3523
2048 45.4047
2049 45.904
2050 47.1133
2051 48.104
2052 49.1027
2053 49.4513
2054 50.161
2055 50.6247
2056 51.2143
2057 51.999
2058 52.1843
2059 52.2523
2060 52.6447
2061 53.2593
2062 53.6633
2063 54.2267
2064 54.5807
2065 54.9427
2066 55.5447
2067 56.308
2068 56.5033
2069 56.526
2070 56.815
2071 56.773
2072 56.7553
2073 56.812
2074 56.7873
2075 56.7077
2076 56.2327
2077 55.8643
2078 55.5173
2079 54.776
2080 54.178
2081 53.844
2082 53.3167
2083 52.4
2084 51.841
2085 51.1403
2086 50.417
2087 49.1007
2088 47.9717
2089 46.8727
2090 45.5483
2091 44.5317
2092 42.9547
2093 41.9357
2094 40.429
2095 38.8087
2096 36.8467
2097 35.2403
2098 33.41
2099 31.6887
2100 30.2017
2101 28.3707
2102 26.759
2103 25.6617
2104 23.7137
2105 22.779
2106 20.9613
2107 19.3783
2108 17.7907
2109 16.295
2110 14.6187
2111 13.139
2112 11.843
2113 10.276
2114 8.21233
2115 6.38267
2116 4.09033
2117 2.096
2118 -0.294333
2119 -2.51033
2120 -4.78267
2121 -6.69333
2122 -8.45
2123 -10.4737
2124 -12.5467
2125 -14.5557
2126 -16.5617
2127 -18.802
2128 -20.2053
2129 -21.5647
2130 -23.2293
2131 -24.6753
2132 -26.2447
2133 -27.527
2134 -28.372
2135 -29.4473
2136 -30.538
2137 -31.739
2138 -32.4893
2139 -33.2107
2140 -34.0417
2141 -34.618
2142 -35.521
2143 -36.4193
2144 -37.1687
2145 -38.0013
2146 -39.028
2147 -40.04
2148 -40.6307
2149 -41
2150 -41.4813
2151 -42.169
2152 -42.6017
2153 -43.0143
2154 -43.5987
2155 -43.8617
2156 -43.8307
2157 -43.9443
2158 -43.6927
2159 -43.321
2160 -43.1683
2161 -42.816
2162 -42.478
2163 -42.034
2164 -41.4583
2165 -40.8843
2166 -40.2197
2167 -39.5827
2168 -39.1227
2169 -38.8043
2170 -37.8717
2171 -37.248
2172 -36.902
2173 -36.671
2174 -35.932
2175 -35.2997
2176 -34.512
2177 -33.4887
2178 -32.6063
2179 -31.659
2180 -30.0983
2181 -28.7053
2182 -27.03
2183 -25.1397
2184 -23.2873
2185 -21.4307
2186 -19.565
2187 -17.5223
2188 -15.615
2189 -13.9593
2190 -12.0477
2191 -10.1157
2192 -8.57167
2193 -7.06567
2194 -5.66633
2195 -4.27467
2196 -3.20967
2197 -2.43833
2198 -1.57367
2199 -0.833667
2200 -0.29
2201 0.261333
2202 0.540333
2203 1.04867
2204 1.42167
2205 2.03533
2206 2.268
2207 2.69767
2208 3.33433
2209 3.96433
2210 4.33867
2211 4.85133
2212 5.69467
2213 6.8
2214 7.791
2215 8.773
2216 9.85833
2217 11.2863
2218 12.3557
2219 13.6627
2220 14.5643
2221 15.489
2222 16.4247
2223 17.4353
2224 18.2997
2225 19.206
2226 19.9597
2227 20.7817
2228 21.2947
2229 22.2417
2230 22.606
2231 22.622
2232 22.5153
2233 22.2533
2234 21.8103
2235 21.4483
2236 21.0123
2237 20.4453
2238 19.6017
2239 18.6697
2240 17.789
2241 16.566
2242 15.5623
2243 14.3267
2244 13.4707
2245 12.491
2246 11.4723
2247 10.4933
2248 10.205
2249 9.35833
2250 8.89733
2251 8.45367
2252 8.333
2253 8.43633
2254 8.598
2255 8.98467
2256 9.14133
2257 9.88367
2258 10.23
2259 11.097
2260 11.673
2261 12.2263
2262 12.8747
2263 13.712
2264 14.6497
2265 15.6803
2266 16.645
2267 17.4027
2268 18.4947
2269 19.5393
2270 20.627
2271 21.7203
2272 22.7783
2273 23.7227
2274 24.893
2275 25.7957
2276 26.5227
2277 27.7657
2278 28.5153
2279 29.714
2280 30.511
2281 31.1183
2282 31.6313
2283 31.9733
2284 32.137
2285 31.762
2286 31.1353
2287 30.2497
2288 29.527
2289 27.9037
2290 26.0807
2291 24.303
2292 22.077
2293 19.4037
2294 16.9213
2295 14.2183
2296 11.1473
2297 7.93033
2298 4.80533
2299 1.63833
2300 -1.94067
2301 -5.019
2302 -7.97833
2303 -11.309
2304 -13.9573
2305 -17.014
2306 -19.429
2307 -21.895
2308 -24.3493
2309 -26.4653
2310 -28.4487
2311 -30.4437
2312 -32.3607
2313 -33.7553
2314 -35.1073
2315 -36.0153
2316 -37.1507
2317 -38.3517
2318 -39.5243
2319 -40.344
2320 -41.0847
2321 -41.7767
2322 -42.7237
2323 -43.6563
2324 -44.2543
2325 -45.1863
2326 -45.717
2327 -46.297
2328 -47.175
2329 -47.8013
2330 -48.2153
2331 -48.8623
2332 -49.4253
2333 -50.1493
2334 -50.9703
2335 -51.6463
2336 -52.261
2337 -52.9917
2338 -53.6983
2339 -54.1263
2340 -54.845
2341 -55.194
2342 -55.7063
2343 -56.1813
2344 -56.307
2345 -56.7917
2346 -56.7893
2347 -56.791
2348 -56.5587
2349 -56.2167
2350 -55.8387
2351 -55.619
2352 -55.4547
2353 -55.0243
2354 -54.614
2355 -54.0037
2356 -53.173
2357 -52.493
2358 -52.0803
2359 -51.0867
2360 -50.0177
2361 -49.3743
2362 -48.4197
2363 -47.581
2364 -46.5533
2365 -45.6257
2366 -44.5317
2367 -43.3943
2368 -42.2623
2369 -41.4507
2370 -39.8993
2371 -38.5683
2372 -37.279
2373 -36.3463
2374 -34.916
2375 -33.0193
2376 -31.4193
2377 -29.4417
2378 -27.6477
2379 -26.083
2380 -23.9063
2381 -21.5817
2382 -19.1003
2383 -17.0167
2384 -14.7127
2385 -12.2363
2386 -9.66967
2387 -6.822
2388 -3.78833
2389 -0.811667
2390 2.30633
2391 5.33233
2392 8.26033
2393 11.1487
2394 14.137
2395 16.8253
2396 19.486
2397 21.7627
2398 24.2687
2399 26.717
2400 28.6353
2401 30.7137
2402 32.1677
2403 33.9873
2404 35.097
2405 36.248
2406 37.1913
2407 38.348
2408 38.8557
2409 39.2607
2410 39.588
2411 40.3097
2412 40.4483
2413 40.009
2414 39.665
2415 39.2663
2416 38.7727
2417 38.5963
2418 38.2887
2419 38.152
2420 38.2417
2421 37.789
2422 37.7263
2423 37.8973
2424 38.1477
2425 37.9897
2426 38.478
2427 39.1233
2428 40.0323
2429 41.1257
2430 42.075
2431 43.0893
2432 44.4597
2433 45.9573
2434 47.4627
2435 49.1127
2436 50.714
2437 52.536
2438 54.2323
2439 55.8083
2440 57.6973
2441 59.4767
2442 60.585
2443 61.3943
2444 62.324
2445 62.684
2446 62.7233
2447 62.8453
2448 62.6327
2449 62.1163
2450 60.6437
2451 59.2037
2452 57.1407
2453 54.948
2454 52.768
2455 50.6217
2456 47.7603
2457 45.1503
2458 42.315
2459 38.962
2460 36.1723
2461 33.3487
2462 30.4807
2463 27.3493
2464 23.8087
2465 20.2693
2466 17.8753
2467 15.101
2468 12.568
2469 9.38633
2470 6.67267
2471 4.00833
2472 1.69867
2473 -0.644667
2474 -2.57067
2475 -5.00667
2476 -7.17767
2477 -9.64067
2478 -11.205
2479 -13.5173
2480 -15.7533
2481 -17.2277
2482 -19.0097
2483 -21.1023
2484 -22.7843
2485 -24.5297
2486 -26.191
2487 -27.7897
2488 -28.8093
2489 -29.4467
2490 -31.1553
2491 -32.5867
2492 -33.1893
2493 -35.034
2494 -35.8217
2495 -37.4113
2496 -38.09
2497 -39.4977
2498 -40.3673
2499 -40.7857
2500 -41.0753
2501 -42.1773
2502 -43.2087
2503 -43.92
2504 -44.5507
2505 -45.441
2506 -46.3153
2507 -46.6067
2508 -47.3757
2509 -47.5717
2510 -48.1213
2511 -48.081
2512 -48.328
2513 -48.1737
2514 -48.544
2515 -48.843
2516 -48.6617
2517 -48.226
2518 -48.179
2519 -48.0407
2520 -47.7987
2521 -47.9087
2522 -47.9393
2523 -47.7323
2524 -47.282
2525 -46.9403
2526 -46.547
2527 -45.7287
2528 -44.893
2529 -44.4777
2530 -43.9527
2531 -42.3237
2532 -41.0057
2533 -39.4957
2534 -38.4027
2535 -37.478
2536 -35.9773
2537 -34.6813
2538 -33.4963
2539 -32.0537
2540 -30.5517
2541 -28.9453
2542 -27.3137
2543 -25.7213
2544 -24.5203
2545 -23.3587
2546 -22.1793
2547 -21.32
2548 -20.0247
2549 -18.7753
2550 -17.824
2551 -17.04
2552 -16.1473
2553 -15.3153
2554 -14.438
2555 -13.7897
2556 -12.8793
2557 -11.965
2558 -11.1993
2559 -10.5397
2560 -9.62933
2561 -8.105
2562 -7.089
2563 -5.812
2564 -4.237
2565 -2.212
2566 -0.149667
2567 1.74767
2568 3.49267
2569 5.75033
2570 8.07467
2571 10.338
2572 12.465
2573 14.8697
2574 17.1483
2575 19.362
2576 21.395
2577 23.6107
2578 25.6843
2579 27.34
2580 29.191
2581 30.5997
2582 31.829
2583 33.0403
2584 34.5433
2585 35.855
2586 37.189
2587 38.2127
2588 39.1277
2589 40.2573
2590 41.3893
2591 42.275
2592 43.399
2593 44.283
2594 45.2853
2595 46.0343
2596 47.073
2597 48.237
2598 49.077
2599 49.9923
2600 50.7987
2601 51.735
2602 52.72
2603 53.4373
2604 53.721
2605 54.303
2606 54.4327
2607 54.7393
2608 55.1387
2609 55.3457
2610 55.1983
2611 54.883
2612 54.4713
2613 53.889
2614 53.2977
2615 52.7187
2616 51.9927
2617 50.9863
2618 49.7163
2619 48.6973
2620 47.7107
2621 46.76
2622 45.7973
2623 44.5127
2624 42.919
2625 41.4177
2626 39.3943
2627 37.6087
2628 35.4593
2629 33.724
2630 31.8207
2631 29.8037
2632 27.2397
2633 24.945
2634 22.765
2635 20.6627
2636 18.356
2637 16.1553
2638 13.6303
2639 11.906
2640 9.79833
2641 7.53233
2642 5.48967
2643 3.623
2644 1.39267
2645 -0.583
2646 -2.043
2647 -3.17867
2648 -4.44733
2649 -5.80367
2650 -6.96633
2651 -7.67533
2652 -8.07967
2653 -8.94267
2654 -9.40433
2655 -10.106
2656 -10.2943
2657 -10.0803
2658 -10.7217
2659 -9.77567
2660 -9.88833
2661 -9.43233
2662 -9.19733
2663 -9.06167
2664 -8.26133
2665 -7.61933
2666 -6.86267
2667 -6.706
2668 -6.995
2669 -7.73133
2670 -6.70167
2671 -5.13633
2672 -5.30733
2673 -5.30467
2674 -5.52733
2675 -5.70867
2676 -5.66033
2677 -5.85533
2678 -5.943
2679 -5.76833
2680 -6.03567
2681 -6.049
2682 -6.15633
2683 -6.242
2684 -6.28867
2685 -6.678
2686 -7.03833
2687 -7.38867
2688 -7.989
2689 -8.88933
2690 -9.64167
2691 -10.8803
2692 -12.6547
2693 -8.244
2694 -8.15167
2695 -8.32967
2696 -8.57833
2697 -8.624
2698 -8.68633
2699 -8.758
2700 -8.89433
2701 -8.833
2702 -8.75333
2703 -8.77733
2704 -9.12
2705 -9.09233
2706 -9.37533
2707 -9.437
2708 -9.68233
2709 -9.58167
2710 -9.69233
2711 -9.94233
2712 -10.215
2713 -10.387
2714 -10.5497
2715 -10.819
2716 -11.0467
2717 -11.305
2718 -11.5767
2719 -11.7077
2720 -12.6233
2721 -12.9883
2722 -13.4043
2723 -14.0653
2724 -14.6857
2725 -15.513
2726 -16.2817
2727 -17.39
2728 -18.2827
2729 -19.153
2730 -19.7243
2731 -20.483
2732 -21.8273
2733 -22.847
2734 -23.7537
2735 -24.7987
2736 -25.7307
2737 -26.5623
2738 -27.2237
2739 -27.7657
2740 -28.684
2741 -29.1907
2742 -29.0897
2743 -29.4507
2744 -29.3193
2745 -29.162
2746 -28.9463
2747 -28.5497
2748 -28.107
2749 -27.2773
2750 -26.2067
2751 -25.173
2752 -24.4007
2753 -23.115
2754 -22.0557
2755 -20.587
2756 -19.5813
2757 -18.3527
2758 -17.077
2759 -15.989
2760 -14.981
2761 -13.9637
2762 -13.316
2763 -13.0357
2764 -12.5543
2765 -11.8723
2766 -11.2713
2767 -10.9953
2768 -11.4907
2769 -12.3483
2770 -13.118
2771 -14.1993
2772 -15.544
2773 -17.261
2774 -18.7137
2775 -20.4967
2776 -22.2023
2777 -24.1687
2778 -25.7523
2779 -27.4793
2780 -29.121
2781 -30.7427
2782 -32.0773
2783 -33.2033
2784 -34.2677
2785 -35.3313
2786 -35.5033
2787 -35.3883
2788 -35.2883
2789 -34.726
2790 -34.082
2791 -32.9307
2792 -31.7823
2793 -29.974
2794 -27.8013
2795 -25.3377
2796 -22.7203
2797 -19.774
2798 -17.107
2799 -13.9557
2800 -10.8573
2801 -7.81067
2802 -4.82433
2803 -1.71467
2804 1.43233
2805 4.14167
2806 7.08
2807 9.98667
2808 12.3183
2809 14.7473
2810 16.6383
2811 18.466
2812 20.148
2813 21.7027
2814 22.8657
2815 24.0727
2816 25.02
2817 25.6217
2818 26.403
2819 27.6347
2820 28.4733
2821 29.243
2822 30.2797
2823 31.012
2824 32.0613
2825 33.423
2826 34.7857
2827 36.1827
2828 37.9437
2829 39.8757
2830 41.7857
2831 44.141
2832 46.1633
2833 48.253
2834 50.664
2835 52.9877
2836 55.5143
2837 57.526
2838 59.4617
2839 61.279
2840 63.1633
2841 64.384
2842 65.9977
2843 66.9737
2844 68.067
2845 68.9967
2846 69.546
2847 69.8353
2848 69.8867
2849 69.5503
2850 68.8557
2851 68.005
2852 66.6753
2853 65.223
2854 63.772
2855 61.895
2856 59.6737
2857 57.8423
2858 55.5097
2859 53.6127
2860 51.204
2861 48.65
2862 46.6953
2863 44.42
2864 42.3983
2865 40.0273
2866 38.802
2867 36.778
2868 34.415
2869 32.533
2870 31.2577
2871 29.891
2872 28.7903
2873 27.1897
2874 26.4467
2875 25.2727
2876 25.1947
2877 24.4577
2878 24.149
2879 23.965
2880 23.9847
2881 23.5167
2882 23.3937
2883 23.675
2884 23.8463
2885 24.044
2886 23.991
2887 23.73
2888 24.271
2889 24.5807
2890 24.5053
2891 24.138
2892 24.104
2893 23.612
2894 23.7723
2895 23.5923
2896 22.602
2897 22.1207
2898 21.2447
