2176.0000 0.05 1
1.11111
4.44444
11.1111
2.22222
11.1111
4.44444
13.3333
11.1111
20
11.1111
6.66667
11.1111
24.4444
23.3333
17.7778
23.3333
26.6667
18.8889
13.3333
32.2222
18.8889
8.88889
4.44444
10
14.4444
16.6667
34.4444
37.7778
25.5556
40
11.1111
26.6667
17.7778
31.1111
24.4444
32.2222
26.6667
27.7778
40
24.4444
32.2222
46.6667
36.6667
47.7778
70
55.5556
56.6667
41.1111
80
106.667
95.5556
126.667
127.778
138.889
148.889
146.667
161.111
190
192.222
202.222
214.444
267.778
192.222
230
232.222
288.889
240
276.667
253.333
263.333
291.111
301.111
315.556
340
316.667
352.222
286.667
345.556
302.222
308.889
297.778
301.111
291.111
277.778
316.667
271.111
246.667
287.778
292.222
297.778
312.222
320
322.222
310
334.444
320
311.111
294.444
292.222
301.111
304.444
291.111
330
357.778
317.778
357.778
377.778
361.111
348.889
354.444
338.889
295.556
248.889
215.556
175.556
162.222
188.889
243.333
260
333.333
350
398.889
422.222
397.778
426.667
412.222
447.778
400
386.667
352.222
344.444
375.556
345.556
393.333
384.444
378.889
385.556
428.889
403.333
456.667
406.667
407.778
411.111
354.444
357.778
378.889
371.111
374.444
440
413.333
407.778
436.667
403.333
338.889
352.222
322.222
351.111
320
323.333
255.556
283.333
265.556
273.333
254.444
240
226.667
276.667
208.889
243.333
215.556
232.222
261.111
223.333
242.222
232.222
214.444
208.889
227.778
176.667
205.556
174.444
200
173.333
176.667
256.667
235.556
234.444
211.111
213.333
170
175.556
196.667
262.222
241.111
222.222
272.222
240
225.556
260
350
342.222
316.667
308.889
325.556
307.778
335.556
375.556
421.111
423.333
427.778
451.111
428.889
507.778
477.778
495.556
473.333
423.333
356.667
312.222
226.667
121.111
14.4444
3.33333
0
0
0
0
0
0
0
0
0
0
0
0
0
0
0
0
0
0
0
2.22222
0
0
4.44444
0
0
0
2.22222
0
4.44444
4.44444
2.22222
3.33333
2.22222
2.22222
2.22222
2.22222
4.44444
4.44444
2.22222
2.22222
2.22222
3.33333
0
2.22222
0
0
2.22222
0
2.22222
0
