-0.000591 0.010810 0.012908
-0.008247 0.001456 0.000701
-0.002686 0.019895 0.001121
0.012357 0.007211 -0.002044
-0.000713 0.016674 -0.005157
-0.009097 0.000872 -0.002613
-0.000655 0.005990 -0.000118
0.000002 -0.015794 -0.002461
-0.003502 -0.011399 -0.002141
-0.010379 -0.005533 -0.001540
0.011356 -0.007098 0.000250
-0.009634 -0.006385 -0.003171
0.004034 -0.007575 0.004038
0.003092 -0.019238 -0.001215
-0.003936 0.000237 0.000951
0.013854 -0.011208 0.002832
-0.000244 0.010635 0.012576
-0.008723 0.001225 -0.000004
-0.002245 0.020093 0.001286
0.011781 0.008570 -0.002390
-0.000807 0.014888 -0.010315
-0.009767 -0.000074 -0.003106
-0.001823 0.003031 0.005063
0.000025 -0.015469 -0.002978
-0.003117 -0.011396 -0.001368
-0.014017 -0.003661 -0.001701
0.011416 -0.006646 0.001220
-0.009468 -0.005609 -0.003831
0.004991 -0.007505 0.003415
0.002957 -0.018978 -0.001770
-0.003776 0.000632 -0.000468
0.013121 -0.010656 0.002569
-0.000425 0.010155 0.012906
-0.009340 0.000597 0.000945
-0.000933 0.018096 0.000165
0.012490 0.007944 -0.003257
-0.004684 0.012730 -0.007161
-0.009182 0.001537 -0.001301
-0.000928 0.003293 0.005309
0.000116 -0.015814 -0.003661
-0.003744 -0.011372 -0.001703
-0.009341 -0.006670 -0.001996
0.010878 -0.006623 0.002179
-0.010009 -0.006509 -0.003739
0.003384 -0.007281 0.003106
0.003913 -0.019735 -0.001726
-0.003683 0.000103 0.002088
0.014646 -0.012464 0.002893
-0.002711 0.009615 0.007626
-0.008686 0.006290 0.002694
-0.003676 0.017955 -0.003336
0.012641 0.009116 -0.008207
-0.002910 0.014603 -0.005936
0.047470 0.033673 0.073821
-0.001416 0.007361 0.005041
0.003946 -0.013202 0.003564
-0.008391 -0.008699 0.006012
-0.011517 -0.005489 0.002408
0.017546 -0.004271 0.005725
-0.012698 -0.004026 0.000828
0.004761 -0.006976 0.003461
0.002624 -0.018835 0.002970
-0.003581 0.000725 0.002535
0.014477 -0.011242 0.002854
-0.001093 0.011214 0.011827
-0.010851 0.001307 0.000268
-0.001947 0.018946 0.001337
0.011236 0.008343 -0.003688
-0.000609 0.016096 -0.005778
-0.009642 0.001069 -0.000594
0.003069 0.006517 0.004954
-0.000099 -0.016010 -0.003139
-0.003716 -0.011251 -0.000600
-0.011615 -0.004825 -0.003450
0.010756 -0.006095 0.000621
-0.009906 -0.005737 -0.002867
0.004873 -0.007735 0.003117
0.003265 -0.019224 -0.000966
-0.003582 0.000581 -0.000075
0.013866 -0.011395 0.002823
0.002753 0.012936 0.018223
-0.009390 0.001848 0.000854
-0.001530 0.016595 -0.004374
0.013995 0.012086 -0.003001
0.000771 0.015416 -0.010912
-0.009245 0.000756 -0.001940
0.000362 0.003251 0.005019
-0.000262 -0.015816 -0.004154
-0.003193 -0.011321 -0.001295
-0.011391 -0.004662 -0.001459
0.011654 -0.006645 0.001576
-0.009700 -0.006363 -0.002104
0.005697 -0.001580 0.002602
0.002771 -0.020473 -0.001535
-0.002947 0.000264 0.000807
0.014142 -0.010843 -0.000737
-0.018442 0.001368 0.016085
-0.007879 0.001008 0.000208
0.001411 0.016788 -0.000295
0.013951 0.007629 -0.006410
0.000377 0.010949 -0.005502
-0.009857 -0.000819 -0.002825
-0.001231 0.003286 0.004569
-0.000276 -0.015355 -0.002028
-0.003822 -0.011758 -0.002598
-0.011305 -0.005674 -0.001217
0.011343 -0.006345 0.002092
-0.008827 -0.006420 -0.003341
0.005268 -0.008750 0.010175
0.003144 -0.018866 -0.001301
-0.004213 0.001235 0.000924
0.007023 -0.011749 -0.622295
-0.005040 0.012903 0.011508
-0.008741 -0.020224 0.003721
-0.002963 0.014005 0.001021
0.009209 0.012158 -0.002213
-0.001115 0.017641 -0.005384
-0.007663 0.001756 -0.003123
-0.002963 0.003880 0.000066
-0.004557 -0.018527 0.005510
0.001182 -0.014178 0.005492
-0.008540 -0.009283 0.000850
0.005189 -0.007567 0.008873
-0.004542 -0.007337 0.003004
0.004628 -0.007837 0.003710
0.009627 -0.020094 -0.000273
-0.004582 0.000371 -0.000117
0.013449 -0.011623 0.002717
-0.000368 0.003839 -0.004118
0.025714 -0.000660 0.001540
-0.009954 0.010959 0.002538
0.006568 0.022962 -0.000959
0.000594 -0.002716 -0.000634
0.001001 0.004119 -0.008928
-0.008641 -0.002804 0.000455
0.002488 0.005234 0.000412
-0.000786 0.008221 -0.001057
0.018053 -0.012083 0.003145
-0.008164 0.010301 0.002177
-0.005387 -0.000262 -0.001119
0.010347 -0.003574 0.000313
-0.003721 -0.004757 0.004498
0.010162 -0.009804 0.002076
-0.016874 -0.011756 0.000795
-0.001545 0.004293 -0.004977
0.007783 0.008682 -0.001769
-0.010271 0.010418 0.002919
0.006422 0.023736 -0.001478
0.001721 -0.003698 0.000067
0.000791 0.004447 -0.009806
-0.008228 -0.000906 0.000716
0.001619 0.006493 -0.006008
0.000382 0.006701 -0.001919
0.017585 -0.011100 0.004063
-0.008480 0.010174 0.002265
-0.005566 -0.000908 -0.000112
0.011312 -0.005336 0.000125
-0.003157 -0.005116 0.002769
0.010848 -0.010321 0.001323
-0.016968 -0.015700 0.001443
-0.000235 0.003580 -0.006389
0.006870 0.007040 -0.002355
-0.009349 0.010990 0.002117
0.006505 0.023670 -0.001026
-0.001165 -0.002469 -0.001039
0.001735 0.003813 -0.010039
-0.008045 -0.003184 0.000273
-0.000796 0.004595 0.000152
-0.000945 0.008151 -0.001399
0.018710 -0.011943 0.003191
-0.008497 0.010161 0.001907
-0.004224 -0.001410 -0.000298
0.011641 -0.005393 -0.001426
-0.003880 -0.005177 0.004971
0.009688 -0.008998 0.001039
-0.016670 -0.008822 0.001365
-0.002026 -0.061661 0.052634
0.011866 0.009741 -0.001694
-0.011384 0.009801 0.002037
0.007654 0.022170 -0.001220
-0.000171 -0.000503 -0.000961
-0.001455 0.003296 -0.003488
-0.007245 0.017554 0.004212
0.006454 0.003674 0.004761
-0.065881 0.043085 0.070360
0.016631 -0.012829 0.003349
-0.010263 0.009349 0.023258
-0.003095 -0.005240 0.006062
0.010004 -0.001623 0.004895
-0.005538 -0.011123 0.011042
0.009862 -0.009495 0.001170
-0.016913 -0.013194 0.001545
-0.000146 0.002487 -0.005853
0.004243 0.008863 0.004358
-0.010071 0.010104 0.003237
0.006699 0.024650 -0.001701
-0.000703 -0.002222 0.000285
-0.000013 0.006189 -0.009908
-0.005906 -0.002030 -0.000034
0.003661 0.007364 0.000431
0.000456 0.005679 -0.002591
0.018405 -0.011143 0.003280
-0.008347 0.010165 0.001913
-0.004856 -0.001839 -0.000704
0.012188 -0.006230 0.000481
-0.002571 -0.006014 0.003532
0.010217 -0.009385 0.001879
-0.016684 -0.011508 0.001775
0.000331 0.002844 -0.005716
0.008047 0.008238 -0.002078
-0.010400 0.010150 0.003332
0.006500 0.023321 -0.002198
-0.000609 -0.002339 -0.001234
0.005457 0.003140 -0.010912
-0.008079 -0.003037 0.001084
0.002929 0.005604 0.000856
-0.000552 0.007921 -0.002196
0.017967 -0.011771 0.007561
-0.008309 0.010168 0.001248
-0.004090 -0.001296 0.000314
0.009990 -0.005771 0.000149
-0.003210 -0.005489 0.002575
0.010158 -0.009746 0.005746
-0.016573 -0.011812 0.001757
0.000420 0.003345 -0.004965
0.007202 0.006944 -0.002336
-0.009763 0.011915 0.001820
0.006852 0.023323 0.000140
-0.000858 -0.002916 0.000414
0.002207 0.005038 -0.015188
-0.010324 -0.001942 0.000020
0.003825 0.006076 0.000045
-0.000261 0.007990 0.000061
0.016320 -0.015445 0.007829
-0.008139 0.010029 0.001949
-0.005005 -0.000368 -0.003645
0.012529 -0.005358 0.000090
-0.002951 -0.005296 0.003733
0.007571 -0.009694 0.006659
-0.016290 -0.011884 0.002641
-0.000621 0.001585 -0.005844
0.009890 0.007764 -0.007689
-0.078964 -0.030617 0.090132
0.087488 -0.023044 0.096049
0.000954 0.078080 0.081907
0.018727 0.013095 -0.005943
-0.009107 -0.005772 0.005057
-0.015978 0.015759 0.003400
-0.001338 0.008556 -0.001288
0.021050 -0.009508 0.004097
-0.007481 0.010494 0.023691
-0.006015 0.003283 0.005291
0.011209 -0.005869 0.006397
-0.002774 0.000230 0.011890
0.010700 -0.009393 0.000911
-0.016661 -0.010738 0.001633
