2176.0000 0.05 1
1.11111
4.44444
11.1111
2.22222
11.1111
4.44444
13.3333
11.1111
20
11.1111
6.66667
11.1111
24.4444
23.3333
17.7778
23.3333
26.6667
18.8889
13.3333
32.2222
18.8889
8.88889
4.44444
10
14.4444
16.6667
34.4444
37.7778
25.5556
40
11.1111
26.6667
17.7778
31.1111
24.4444
32.2222
26.6667
27.7778
40
24.4444
32.2222
46.6667
36.6667
47.7778
70
55.5556
56.6667
41.1111
80
106.667
95.5556
126.667
127.778
136.667
151.111
144.444
163.333
190
187.778
204.444
216.667
267.778
192.222
230
234.444
286.667
237.778
278.889
253.333
263.333
286.667
303.333
317.778
337.778
318.889
350
284.444
350
301.111
310
298.889
300
291.111
280
310
273.333
248.889
287.778
290
297.778
314.444
320
320
307.778
335.556
318.889
313.333
296.667
290
303.333
301.111
292.222
330
360
317.778
357.778
375.556
365.556
346.667
354.444
338.889
293.333
251.111
215.556
177.778
157.778
191.111
238.889
264.444
333.333
348.889
400
417.778
400
426.667
412.222
450
400
382.222
356.667
344.444
375.556
343.333
397.778
380
378.889
385.556
427.778
403.333
460
405.556
408.889
408.889
357.778
358.889
376.667
368.889
376.667
435.556
413.333
412.222
438.889
403.333
341.111
347.778
322.222
351.111
318.889
324.444
255.556
286.667
260
274.444
253.333
244.444
222.222
278.889
206.667
246.667
214.444
232.222
263.333
223.333
240
232.222
214.444
208.889
230
174.444
207.778
172.222
197.778
177.778
173.333
255.556
235.556
232.222
213.333
215.556
168.889
176.667
196.667
264.444
236.667
222.222
275.556
235.556
226.667
266.667
345.556
337.778
320
310
325.556
305.556
333.333
382.222
414.444
430
425.556
445.556
432.222
513.333
474.444
505.556
470
432.222
354.444
305.556
231.111
117.778
11.1111
1.11111
2.22222
0
0
0
0
0
0
0
0
0
0
0
0
0
0
0
0
0
0
0
0
0
4.44444
0
0
0
2.22222
2.22222
2.22222
4.44444
0
5.55556
0
0
6.66667
0
6.66667
4.44444
0
2.22222
4.44444
1.11111
0
2.22222
0
2.22222
0
0
2.22222
0
