0.001337 0.010054 0.012082
-0.012071 0.010887 0.000088
-0.000111 0.018681 -0.000006
0.014598 0.006799 -0.000151
-0.001163 0.015374 -0.006538
-0.010656 0.000782 -0.002069
-0.000081 0.002954 0.004647
0.002112 -0.016667 -0.003730
-0.003770 -0.010889 -0.001546
-0.013062 -0.001694 0.001023
0.010788 -0.006034 0.000816
-0.009600 -0.005960 -0.002913
0.004218 -0.007079 0.003803
0.003978 -0.018782 -0.000783
-0.002361 -0.000224 -0.000694
0.013460 -0.011408 0.002141
0.000724 0.009356 0.012159
-0.009605 0.001258 0.001030
-0.011747 0.020802 0.001061
0.011471 0.008178 -0.003759
0.000274 0.016521 -0.005645
-0.010677 0.001180 -0.003180
0.000643 0.003847 0.004430
-0.000425 -0.015179 -0.002877
-0.003330 -0.011074 -0.000434
-0.008274 -0.003482 -0.001658
0.012029 -0.008157 0.002512
-0.010101 -0.005673 -0.003025
0.004222 -0.007522 0.004012
0.002549 -0.021183 -0.002275
-0.004935 -0.000458 0.001293
0.011746 -0.011073 0.003903
-0.001373 0.010722 0.011878
-0.009255 0.001103 0.000052
-0.000369 0.019197 0.000134
0.012203 0.008201 -0.002965
-0.001756 0.015640 -0.005882
-0.009830 0.001455 -0.001906
-0.011608 0.004372 0.004476
-0.000412 -0.014486 -0.002752
-0.001829 -0.012596 -0.000897
-0.010262 -0.004929 -0.002534
0.011427 -0.005928 -0.000172
-0.009836 -0.005257 -0.003683
0.007368 -0.009714 0.004763
0.004374 -0.018951 -0.000213
-0.004426 0.000920 0.001311
0.013663 -0.011178 0.002892
-0.004263 0.011208 0.011944
-0.014334 0.002913 -0.004205
-0.002154 0.022888 -0.001119
0.010809 0.007409 -0.002769
-0.002458 0.015158 -0.005743
-0.010040 0.001725 -0.002903
-0.003102 -0.000061 0.004480
0.000899 -0.016756 -0.001846
-0.002414 -0.010924 0.000414
-0.011512 -0.006461 -0.001026
0.015008 -0.006285 0.000151
-0.008810 -0.005601 -0.003318
0.005422 -0.007200 0.004379
0.011130 -0.018129 0.001552
-0.003115 0.003038 0.005203
0.015246 -0.013070 0.005287
-0.001518 0.011210 0.012215
-0.007533 0.003517 0.000412
-0.001006 0.018563 0.000965
0.012412 0.007531 -0.005945
-0.000027 0.015612 -0.004144
-0.009149 0.000584 -0.002729
0.000421 0.003421 0.004551
-0.000507 -0.015907 -0.002406
-0.002925 -0.012031 -0.000335
-0.011283 -0.006309 -0.001989
0.012281 -0.006276 0.000287
-0.009188 -0.006191 -0.003172
0.003705 -0.006789 0.004298
0.003504 -0.019139 -0.000915
-0.006950 0.004896 -0.003208
0.013458 -0.011107 0.003324
0.000840 0.012287 0.012282
-0.007940 0.000883 0.000415
-0.004137 0.014261 0.000368
0.010837 0.006743 -0.002196
-0.002559 0.016197 -0.006547
-0.008386 0.001298 -0.000652
-0.001288 0.005330 0.008853
-0.000968 -0.015660 -0.001961
-0.003089 -0.010319 -0.001248
-0.010229 -0.005260 -0.004211
0.011335 -0.007144 0.000552
-0.008870 -0.006618 -0.002996
0.004760 -0.007437 0.002346
0.002640 -0.020267 -0.000493
-0.004698 0.000735 0.002533
0.011219 -0.013798 -0.001601
0.001475 0.012190 0.012027
-0.014194 -0.010286 0.000180
0.001763 0.019351 0.000641
-0.008232 0.012543 -0.002927
-0.003022 0.015716 -0.004694
-0.007857 0.001614 -0.005570
-0.002535 0.007047 -0.002508
0.001832 -0.015785 -0.002776
-0.005964 -0.013539 -0.004508
-0.019959 -0.004659 -0.003969
0.011167 -0.005493 -0.001474
-0.009862 -0.008699 0.002290
-0.048895 -0.039270 -0.062744
0.003022 -0.018172 0.001103
-0.003940 0.000459 0.001404
0.014392 -0.011219 0.001665
-0.002714 0.010526 0.012542
-0.015188 0.002431 0.005171
-0.002585 0.024263 0.002359
0.011368 0.006765 -0.002188
-0.017495 0.069945 -0.004129
-0.020056 0.004320 -0.002236
0.002682 0.003988 0.004700
-0.060546 -0.046454 0.063661
-0.011540 -0.010663 0.000039
-0.011586 -0.004682 -0.002076
0.019860 -0.005962 -0.001277
-0.009935 -0.007084 -0.003873
0.003556 -0.007869 0.003304
0.006558 -0.019201 -0.001571
-0.013053 0.009174 -0.013124
0.005439 -0.023024 -0.014850
0.001206 0.003523 -0.005034
0.007132 0.008478 -0.002391
-0.013179 0.017263 0.002221
0.005991 0.023223 -0.001926
0.001083 -0.003470 0.000369
0.000467 0.004703 -0.010127
-0.008144 -0.004319 0.000630
0.004059 0.002712 0.000356
-0.000014 0.008680 -0.002056
0.017306 -0.012163 0.003642
-0.009239 0.010486 0.001447
-0.005977 -0.001306 0.000063
0.010941 -0.005965 -0.000256
-0.002978 -0.006406 0.004626
0.010251 -0.008893 0.003073
-0.018880 -0.009189 0.005376
-0.000923 0.003989 -0.005391
0.009443 0.008764 -0.001976
-0.007473 0.010800 0.001628
0.006307 0.022637 -0.001174
-0.004237 -0.002016 -0.000610
0.005976 0.004379 -0.009297
-0.007433 -0.002222 0.000728
-0.024846 0.006954 -0.000203
-0.000693 0.007513 -0.002132
0.019696 -0.011746 0.003185
-0.009268 0.010206 0.002169
-0.005276 -0.001978 -0.000381
0.012468 -0.005425 -0.000006
-0.001927 -0.004388 0.003706
0.010197 -0.009321 0.002466
-0.017169 -0.012562 0.001278
-0.001670 0.003974 -0.005205
0.009337 0.008700 -0.002433
-0.010884 0.010304 0.003131
0.007213 0.023238 -0.002374
0.000376 -0.002311 -0.000265
0.000475 0.004707 -0.010991
-0.011031 -0.002742 0.000700
0.002587 0.007889 0.000329
0.001639 0.006868 -0.001863
0.017231 -0.012492 0.002789
-0.009205 0.010467 0.001924
-0.006019 -0.000841 0.000442
0.011495 -0.005357 0.000148
-0.001333 -0.005664 0.004758
0.011161 -0.009658 0.001642
-0.017303 -0.011382 0.001856
0.000555 0.000294 -0.005533
0.009947 0.006687 -0.003657
-0.010329 0.006923 0.003956
0.007386 0.023768 -0.001634
0.001783 -0.000483 -0.000182
0.001332 0.003498 -0.010601
-0.008382 -0.003411 0.001327
0.001951 0.005803 -0.000023
-0.000713 0.009361 -0.001657
0.018736 -0.011538 0.000862
-0.007660 0.010891 0.003391
-0.004916 -0.001777 -0.000686
0.012836 -0.004652 -0.002316
-0.003139 -0.005435 0.005209
0.011276 -0.009581 0.001590
-0.016890 -0.010357 -0.002183
-0.004055 0.010856 -0.005925
-0.002596 0.009203 -0.002095
-0.009676 0.010326 0.002790
0.005482 0.022742 -0.001467
-0.000879 -0.003030 -0.000817
0.006068 0.005302 -0.009782
-0.006963 -0.004391 0.000461
0.002772 0.005487 0.000265
-0.002617 0.011037 -0.001785
0.017590 -0.011940 0.003140
-0.008997 0.009850 0.001486
-0.003574 -0.001375 -0.000667
0.012074 -0.005703 0.000667
-0.004825 -0.002661 0.002333
0.009571 -0.008741 0.001027
-0.015083 -0.012562 0.003200
-0.004806 0.001536 -0.009344
-0.003877 0.008365 -0.002433
-0.009779 0.011019 0.002681
0.005944 0.022998 -0.001373
0.000263 -0.003101 -0.000129
-0.000041 0.005189 -0.009782
-0.007099 -0.002080 0.001070
0.002630 0.006436 -0.000424
-0.000461 0.006539 -0.004405
0.020543 -0.009968 0.003190
-0.007753 0.008058 -0.000657
-0.004378 -0.000604 0.001638
0.010060 -0.008872 0.002777
-0.003155 -0.005633 0.006467
0.009848 -0.010202 0.002812
-0.017164 -0.012306 0.001170
-0.004488 0.002074 -0.001206
0.006334 0.009176 -0.002405
-0.022953 0.009992 0.002606
-0.009162 -0.019261 -0.001300
-0.060842 0.023120 -0.000711
0.558584 -0.002830 -0.005531
-0.007820 -0.001446 0.000203
-0.029474 0.002383 -0.000905
-0.001622 0.005783 0.002241
0.017875 -0.011785 0.003212
-0.016250 -0.001086 0.018189
-0.055739 0.027511 0.057266
0.011311 -0.004500 0.000036
-0.009511 -0.004720 0.005846
0.009506 -0.010098 0.003046
-0.017867 -0.012348 0.000438
-0.004305 -0.008873 -0.005321
0.009688 0.006734 -0.001667
-0.009538 0.007709 0.000773
0.007893 0.024193 -0.001577
0.000245 -0.000411 -0.000130
0.001744 0.003876 -0.009411
-0.030317 -0.026772 0.005151
0.004218 0.003552 -0.000203
-0.011749 0.007700 -0.002760
-0.037933 0.014485 -0.058914
-0.009709 0.006758 0.006662
-0.002447 0.000521 -0.000436
0.004906 -0.005511 -0.000026
-0.005533 -0.006754 0.002544
0.003941 -0.009021 -0.003312
-0.022446 -0.004206 0.015118
