2176.0000 0.05 1
1.875
3.75
6.25
6.25
7.5
16.25
8.75
7.5
17.5
15
14.375
16.25
25
16.25
6.25
31.25
23.125
18.125
30
8.75
10
13.125
10
10
16.25
20
25
30
37.5
19.375
23.75
27.5
13.75
26.875
20.625
29.375
21.25
42.5
43.125
30.625
37.5
55
48.75
45.625
41.875
67.5
54.375
48.125
85.625
92.5
97.5
124.375
138.75
135
138.125
155.625
179.375
152.5
157.5
201.25
176.25
175
234.375
251.25
268.75
238.75
231.875
280.625
294.375
310
296.875
320
302.5
312.5
323.75
338.125
341.25
361.25
318.75
353.75
372.5
366.25
327.5
358.75
336.875
377.5
311.875
295
305
285.625
274.375
254.375
232.5
248.125
252.5
298.75
209.375
248.125
311.25
295.625
318.75
307.5
310
299.375
248.75
295
308.75
296.875
325
275.625
279.375
303.75
270.625
322.5
290
318.125
248.75
297.5
351.875
316.25
316.875
316.25
325.625
365
342.5
381.25
400.625
378.75
389.375
393.125
394.375
433.75
450.625
468.125
453.75
441.25
453.75
436.875
448.125
416.25
404.375
430.625
381.875
356.875
318.125
352.5
328.75
313.75
311.875
331.875
305
275.625
216.25
255
250
303.125
280
245.625
271.25
226.875
318.75
288.75
326.875
300
306.25
290.625
283.75
298.125
348.125
292.5
324.375
351.875
372.5
357.5
260.625
284.375
213.125
290.625
344.375
268.75
264.375
263.75
256.875
238.75
248.125
247.5
263.75
325.625
241.25
225.625
238.125
226.25
180
247.5
255
281.25
253.75
309.375
254.375
262.5
255.625
207.5
205
268.125
253.75
326.25
344.375
343.75
354.375
275.625
366.875
295
513.75
535.625
509.375
424.375
366.875
260
233.125
203.75
168.75
116.875
60.625
32.5
10
4.375
1.25
3.75
1.25
0
0
0
0
0
0
0
0
0
0
2.5
0
