2176.0000 0.05 1
1.11111
4.44444
11.1111
2.22222
11.1111
4.44444
13.3333
11.1111
20
11.1111
6.66667
11.1111
24.4444
23.3333
17.7778
23.3333
26.6667
18.8889
13.3333
32.2222
18.8889
8.88889
4.44444
10
14.4444
16.6667
34.4444
40
25.5556
37.7778
11.1111
26.6667
17.7778
33.3333
22.2222
32.2222
26.6667
27.7778
40
24.4444
32.2222
46.6667
36.6667
47.7778
70
57.7778
54.4444
41.1111
80
106.667
97.7778
124.444
127.778
141.111
146.667
146.667
161.111
190
192.222
202.222
214.444
267.778
192.222
230
234.444
286.667
240
276.667
253.333
265.556
292.222
297.778
315.556
347.778
311.111
350
284.444
352.222
300
308.889
300
296.667
291.111
282.222
314.444
273.333
246.667
283.333
290
304.444
307.778
324.444
317.778
312.222
332.222
320
317.778
290
295.556
297.778
302.222
291.111
332.222
360
315.556
355.556
384.444
358.889
346.667
352.222
343.333
291.111
251.111
213.333
182.222
155.556
193.333
241.111
262.222
328.889
354.444
407.778
411.111
397.778
434.444
400
450
400
386.667
361.111
344.444
368.889
351.111
387.778
382.222
382.222
384.444
426.667
408.889
451.111
415.556
410
404.444
351.111
365.556
374.444
366.667
378.889
440
415.556
405.556
436.667
405.556
341.111
347.778
320
351.111
320
323.333
257.778
280
266.667
275.556
252.222
240
226.667
274.444
211.111
245.556
213.333
234.444
260
220
246.667
230
214.444
206.667
230
176.667
206.667
172.222
198.889
177.778
175.556
256.667
234.444
234.444
207.778
214.444
170
175.556
201.111
262.222
236.667
222.222
275.556
237.778
231.111
260
347.778
342.222
314.444
308.889
325.556
311.111
330
384.444
412.222
430
426.667
447.778
426.667
513.333
477.778
498.889
468.889
425.556
352.222
311.111
230
121.111
14.4444
1.11111
0
0
0
0
0
0
0
0
0
0
0
0
0
0
0
0
0
0
0
0
0
2.22222
2.22222
0
0
2.22222
0
2.22222
6.66667
0
2.22222
3.33333
2.22222
0
4.44444
2.22222
4.44444
6.66667
0
2.22222
2.22222
3.33333
0
2.22222
0
0
2.22222
0
2.22222
0
