-0.000247 0.010925 0.011370
-0.008974 0.001082 0.000132
-0.001849 0.018939 0.001307
0.003858 0.009503 -0.000738
-0.002046 0.016164 -0.006205
-0.009291 0.004366 -0.002108
0.000411 0.002642 0.004627
0.000161 -0.016644 -0.003604
-0.004262 -0.010486 -0.000948
-0.010705 0.074189 0.078456
0.014063 -0.010539 0.001461
-0.010928 -0.005181 -0.003972
0.001848 -0.007440 0.003235
0.001657 -0.016359 -0.000154
-0.003515 0.000134 0.001768
0.013150 -0.011560 0.003320
0.002067 0.009488 0.012663
-0.010211 0.001479 0.000312
-0.005517 0.014940 0.005313
0.011196 0.009005 -0.003995
-0.000783 0.015902 -0.005423
-0.009479 0.000474 -0.001607
-0.000508 0.003539 0.004371
0.001211 -0.015127 -0.002623
-0.002462 -0.011841 -0.001381
-0.012049 -0.005327 -0.001814
0.010432 -0.009984 -0.001324
-0.009518 -0.005986 -0.003611
0.003571 -0.007534 0.003778
0.004783 -0.017658 -0.003902
-0.003578 -0.000006 0.002359
0.015531 -0.007646 0.002584
-0.001129 0.011594 0.012537
-0.008246 0.001089 0.000281
0.002862 0.020817 0.009239
0.010806 0.007639 -0.004044
-0.001729 0.016031 -0.005667
-0.008232 0.000466 -0.002659
-0.000109 0.003903 0.004660
-0.000346 -0.015591 -0.002680
-0.003560 -0.011170 -0.000750
-0.011280 -0.004683 -0.002071
0.009426 -0.006871 -0.003634
-0.009643 -0.006306 -0.003116
0.004559 -0.006934 0.002576
0.003959 -0.015052 -0.000857
-0.003016 0.000754 0.001777
0.013613 -0.009964 -0.002015
0.001097 0.005025 0.014296
-0.012466 -0.006233 0.000421
-0.001901 0.019316 0.001162
0.012211 0.007719 -0.003369
-0.002631 0.015172 0.017493
-0.008987 0.000078 -0.001982
0.000240 0.004379 0.004261
-0.000274 0.003442 -0.000801
0.000826 -0.014171 -0.000397
-0.011997 -0.004316 -0.001270
0.012152 -0.007704 0.000443
-0.009704 -0.006335 -0.003148
0.004495 -0.005986 0.004002
0.003357 -0.019812 -0.000873
-0.005266 -0.001250 0.001208
0.012784 -0.006714 0.003750
-0.000829 0.011261 0.012057
-0.008900 0.001649 0.000880
-0.001943 0.018623 0.001111
0.011129 0.006807 0.002654
-0.001278 0.015258 -0.005603
-0.008219 -0.001015 -0.003134
-0.001206 0.004962 0.004354
-0.000116 -0.013809 -0.002260
-0.003373 -0.011367 -0.000265
-0.012058 -0.002497 -0.001820
0.011843 -0.009724 -0.003423
-0.009556 -0.006909 -0.003318
0.005058 -0.006973 0.003396
0.003593 -0.018557 -0.005004
-0.004090 0.000554 0.002439
0.013277 -0.011638 0.003310
-0.001243 0.010548 0.011781
-0.009071 0.001491 0.000861
-0.001805 0.019647 0.000760
0.012691 0.007181 -0.003861
-0.001570 0.015979 -0.006432
-0.010220 -0.000559 -0.002193
0.000164 0.003442 -0.001216
0.000295 -0.016496 -0.001541
-0.005199 -0.013039 0.005334
-0.011777 -0.005052 -0.001777
0.011541 -0.006854 0.001186
-0.008123 -0.006625 -0.003695
0.004320 -0.004811 0.008215
0.004565 -0.019430 -0.000550
-0.004276 0.000163 0.002365
0.014122 -0.012525 0.003083
0.001011 0.010798 0.012271
-0.010512 0.000310 0.000146
-0.001450 0.018027 0.000385
0.011358 0.008406 -0.003552
-0.001871 0.015600 -0.006466
-0.009216 0.000650 -0.000709
-0.002168 0.005979 -0.646158
-0.000248 -0.015759 -0.002727
0.011131 -0.001724 0.001654
-0.010208 -0.005616 -0.002467
0.009641 -0.006144 0.000299
0.057501 -0.042028 0.066558
0.005419 -0.025787 0.005436
0.003193 -0.019441 -0.000121
-0.002748 0.002124 0.001079
0.013595 -0.011228 0.002798
0.000521 0.011359 0.018556
-0.009645 0.001807 0.006979
-0.001210 0.019380 0.001288
0.012033 0.007590 -0.002485
-0.000006 0.016676 0.010958
-0.008820 0.002749 -0.002338
-0.000795 0.003014 0.004224
-0.000401 -0.020305 0.000545
-0.000565 -0.010211 -0.006067
-0.010827 -0.004784 -0.001836
0.010687 -0.005131 0.000799
-0.009803 -0.006400 -0.001563
0.005925 -0.007558 0.002868
0.003183 -0.020170 -0.000220
-0.066215 -0.030721 0.071880
0.011869 -0.009965 -0.001582
-0.000485 0.000335 0.000650
0.007154 0.008803 -0.002859
-0.010222 0.011210 0.002504
0.006823 0.024669 -0.000210
-0.004328 0.001568 0.003931
0.001315 0.003907 -0.010023
-0.007792 -0.002183 -0.000222
0.007235 0.011677 0.006730
-0.000572 0.007915 -0.003278
0.018809 -0.011016 0.003191
-0.011127 0.005989 0.002950
0.012770 -0.009394 0.003625
0.011692 -0.006459 0.000272
-0.002910 -0.106866 0.109674
0.009951 -0.009261 0.002854
-0.017521 -0.010814 0.001893
-0.000483 0.003433 -0.006674
0.006785 0.008319 -0.002003
-0.010274 0.011134 0.001662
0.007237 0.023274 -0.001598
-0.000280 -0.002926 -0.000512
0.001076 0.004174 -0.010161
-0.008422 -0.002291 -0.000241
0.005447 0.006868 0.000160
-0.000254 0.007991 -0.002079
0.002318 -0.003932 0.005877
-0.007785 0.010452 0.002164
-0.004679 -0.000876 0.001006
0.010458 -0.004993 -0.000509
-0.003323 -0.005794 0.003625
0.010722 -0.010205 0.001751
-0.017924 -0.012029 0.002759
-0.000280 0.003540 -0.005396
0.007857 0.008316 -0.002846
-0.010310 0.010519 0.001208
0.007019 0.023519 -0.001301
-0.000046 -0.001941 0.000282
0.000928 0.004465 -0.010114
-0.008366 -0.001977 0.000706
0.000076 0.003954 -0.000040
-0.000835 0.007910 -0.002605
0.020168 -0.012318 0.008733
-0.008563 0.010665 0.002491
-0.006272 -0.002456 0.000062
0.011278 -0.006177 0.000745
-0.002773 -0.004922 0.004552
0.010008 -0.009569 0.003212
-0.016358 -0.011777 0.000770
-0.000107 0.004033 -0.005300
0.007291 0.008413 -0.005337
-0.009485 0.010471 0.002895
0.007072 0.023682 -0.000797
-0.000325 -0.002255 -0.000904
0.001304 0.004216 -0.010362
-0.004214 0.001857 0.008925
0.003248 0.005293 -0.000475
-0.000836 0.007114 -0.003132
0.014250 -0.013714 0.004056
-0.009405 0.009437 0.001552
-0.005199 -0.002344 0.000437
0.010230 -0.006235 -0.004613
-0.003474 -0.005337 0.005389
-0.071702 0.036171 0.096696
0.060565 0.030476 0.095846
0.000444 0.010101 -0.001252
0.007950 0.007599 -0.002965
-0.010164 0.010897 -0.000029
0.007409 0.022711 -0.000302
0.000760 -0.001776 0.005870
0.001174 0.004079 -0.011336
-0.008291 -0.001690 0.000161
0.002183 0.005567 0.004591
-0.000328 0.007017 -0.003103
0.017887 -0.011330 0.003849
-0.008992 0.006862 -0.003699
-0.008866 0.000175 0.003819
0.012286 -0.007052 0.000586
-0.003050 -0.007189 0.004662
0.011049 -0.010450 0.002254
-0.017009 -0.012497 0.001146
0.000550 0.003260 -0.006279
0.005332 0.013977 -0.000074
-0.009618 0.009801 0.001335
0.005117 0.026353 0.004316
0.003408 -0.004919 -0.000143
-0.002932 0.006285 -0.002490
-0.007970 -0.002044 -0.001358
0.003029 0.005604 0.000024
-0.001151 0.006713 0.003859
0.018651 -0.010278 0.003597
-0.006852 0.010386 -0.002729
-0.004396 -0.001801 -0.004507
0.014045 -0.003611 0.003590
-0.003107 -0.004975 0.004383
0.010621 -0.008732 0.001852
-0.016551 -0.011470 0.002094
0.001207 0.002453 -0.005416
0.007673 0.004882 0.003152
-0.010313 0.011271 0.002256
0.008867 0.018194 0.002361
-0.002030 -0.001704 -0.000338
0.008399 0.002960 -0.005199
-0.008270 -0.002302 0.000583
0.003194 0.005418 -0.000463
0.008037 0.008071 0.002053
0.017272 -0.012265 0.003403
-0.007682 0.006606 0.000429
-0.001601 0.000254 -0.000921
-0.004542 -0.015372 0.002682
-0.003007 -0.005588 0.003410
0.010590 -0.009879 0.004648
-0.017259 -0.013000 0.001047
-0.000276 0.002418 -0.005748
0.006682 0.007671 -0.002794
-0.010492 0.011063 0.000022
0.007333 0.024000 -0.001026
0.000450 -0.003508 -0.000415
0.001106 0.004311 -0.011408
-0.013839 -0.003957 0.007146
0.003132 0.005247 0.000358
-0.000252 0.008015 -0.002503
0.015442 -0.010939 -0.000933
-0.007971 0.010448 0.002157
-0.004219 -0.001259 0.000173
0.007691 -0.003710 -0.001559
-0.003553 -0.006146 0.003648
0.008007 -0.008972 0.002950
-0.014539 -0.010930 0.001730
