2176.0000 0.05 1
1.11111
4.44444
11.1111
2.22222
11.1111
4.44444
13.3333
11.1111
20
11.1111
6.66667
11.1111
24.4444
23.3333
17.7778
23.3333
26.6667
18.8889
13.3333
32.2222
18.8889
8.88889
4.44444
10
14.4444
16.6667
34.4444
40
23.3333
40
11.1111
26.6667
17.7778
31.1111
24.4444
32.2222
28.8889
25.5556
40
24.4444
32.2222
46.6667
36.6667
47.7778
70
57.7778
54.4444
41.1111
80
106.667
95.5556
126.667
130
136.667
148.889
148.889
156.667
192.222
190
202.222
216.667
270
190
230
232.222
288.889
237.778
278.889
253.333
263.333
291.111
303.333
313.333
342.222
316.667
350
286.667
345.556
304.444
308.889
295.556
301.111
291.111
277.778
314.444
273.333
248.889
285.556
290
300
312.222
316.667
325.556
310
333.333
318.889
315.556
292.222
293.333
297.778
305.556
292.222
330
357.778
315.556
360
373.333
367.778
346.667
354.444
338.889
295.556
248.889
215.556
175.556
160
188.889
241.111
266.667
331.111
350
403.333
415.556
397.778
426.667
414.444
447.778
400
380
358.889
348.889
368.889
343.333
397.778
384.444
376.667
385.556
427.778
406.667
454.444
410
408.889
408.889
354.444
364.444
372.222
368.889
376.667
433.333
422.222
405.556
436.667
405.556
336.667
352.222
322.222
351.111
317.778
323.333
257.778
284.444
264.444
271.111
256.667
242.222
224.444
276.667
211.111
242.222
216.667
230
263.333
221.111
240
234.444
214.444
208.889
225.556
178.889
207.778
172.222
200
173.333
175.556
258.889
232.222
234.444
210
216.667
170
175.556
196.667
262.222
238.889
224.444
273.333
236.667
227.778
262.222
347.778
335.556
323.333
308.889
325.556
307.778
331.111
380
416.667
430
425.556
445.556
434.444
511.111
480
502.222
467.778
430
354.444
310
228.889
113.333
11.1111
1.11111
0
0
0
0
0
0
0
0
0
0
0
0
0
0
0
0
0
0
0
0
0
4.44444
2.22222
0
0
0
2.22222
2.22222
2.22222
2.22222
6.66667
5.55556
0
2.22222
2.22222
0
6.66667
6.66667
0
2.22222
4.44444
0
1.11111
2.22222
0
0
0
2.22222
2.22222
0
