-0.000364 0.010680 0.013498
-0.008630 0.001288 0.001039
-0.001661 0.019695 0.000760
0.012042 0.007938 -0.003162
-0.001246 0.015675 -0.005110
-0.008911 0.001316 -0.001851
-0.004175 0.003978 -0.004067
-0.000178 -0.015009 -0.003315
-0.003229 -0.012143 -0.001503
-0.011224 -0.005569 -0.001410
0.011532 -0.006531 0.001122
-0.007964 -0.006361 0.000944
0.005652 -0.007898 0.007842
0.002661 -0.018696 -0.001653
-0.004002 0.000846 -0.000009
0.012656 -0.010259 0.003190
-0.001995 0.011618 0.012347
-0.004540 -0.001491 -0.005652
-0.001133 0.019001 0.000725
0.011173 0.008264 -0.003763
-0.000755 0.016183 -0.009960
-0.009700 0.000509 -0.002300
-0.000582 0.004018 0.004130
-0.002510 -0.014971 0.001009
-0.003169 -0.014847 -0.003202
-0.011487 -0.004493 -0.002437
0.011222 -0.006343 0.000634
-0.009449 -0.006338 -0.003817
0.004980 -0.007164 0.003103
0.001984 -0.018260 -0.000393
-0.002518 -0.001741 0.001312
0.014162 -0.011473 0.002086
0.001284 0.010039 0.011788
-0.011948 0.004366 -0.007532
-0.001414 0.018961 0.000754
0.010983 0.008695 -0.003214
0.004359 0.016967 -0.007819
-0.008791 0.000915 -0.003098
-0.000724 0.003643 0.003923
-0.004438 -0.016284 -0.002844
-0.002268 0.008426 -0.004583
-0.011960 -0.004285 -0.002623
0.011939 -0.007626 -0.000113
-0.010743 -0.006327 -0.003766
0.003813 -0.008726 0.002771
0.003595 -0.019428 -0.001618
0.067504 -0.038630 -0.088967
0.014782 -0.012093 0.002279
-0.000785 0.010333 0.011576
-0.008962 0.001118 0.000807
-0.001973 0.018689 0.001354
0.012455 0.007212 -0.023963
-0.001740 0.015743 -0.005468
-0.008880 0.000944 -0.003235
0.000483 0.002800 0.003822
0.000859 -0.014762 -0.002642
-0.003913 -0.011744 -0.000670
-0.014364 -0.006138 -0.006351
0.011697 -0.005055 0.000866
-0.012344 -0.008853 -0.003286
0.021583 -0.016277 0.001304
0.003148 -0.019028 -0.002043
-0.003599 0.000452 0.001327
0.014934 -0.010073 0.006624
-0.000946 0.011761 0.012196
-0.008595 0.001551 0.001722
-0.000716 0.018132 0.000728
0.011327 0.008186 -0.002687
-0.002511 0.015616 -0.005431
-0.008632 -0.000037 -0.001969
0.004359 0.000091 -0.000081
-0.000853 -0.015576 -0.002945
-0.004087 -0.010912 -0.001310
-0.010994 -0.004665 -0.002610
0.012326 -0.006886 -0.001082
-0.008532 -0.009635 -0.003407
0.008694 -0.007553 0.003462
0.002677 -0.019435 -0.000324
-0.004684 -0.001080 0.001343
0.014951 -0.012904 0.002327
-0.000528 0.010914 0.005266
-0.008702 0.001289 0.002735
-0.002407 0.018712 0.005900
0.011940 0.007905 -0.002666
-0.001967 0.016775 -0.004947
-0.005774 0.004256 -0.011196
0.000427 0.003696 0.004316
0.004101 -0.016942 -0.005097
-0.004231 -0.011466 -0.001261
-0.010085 -0.004488 0.001773
0.010021 -0.007353 0.000829
-0.008749 -0.005685 -0.004583
0.003380 -0.008715 0.003895
0.004939 -0.017088 -0.001277
-0.003573 0.000751 0.002452
0.013504 -0.009154 0.007749
-0.002460 0.014150 0.008483
-0.009496 0.000576 0.000660
-0.021061 0.017841 0.673300
0.012239 0.007924 -0.002465
-0.001736 0.015035 -0.004784
-0.011253 -0.003220 -0.007765
-0.001202 0.003211 0.004631
-0.016253 -0.006860 -0.006577
-0.002209 -0.011261 -0.001089
-0.006104 -0.006175 -0.002019
-0.061774 -0.042168 -0.079775
-0.007197 -0.005307 -0.003425
0.004423 -0.007638 0.002839
0.094558 0.030305 -0.115947
-0.003687 -0.000365 0.001302
0.010357 -0.009423 0.003679
-0.000632 0.011882 0.012345
-0.008556 0.001066 0.001049
-0.000511 0.020324 0.001174
0.011072 0.008142 -0.022212
-0.001213 0.016237 -0.005043
-0.009324 0.000716 -0.003392
-0.000052 0.003740 0.003851
-0.000813 -0.015944 -0.003408
-0.002488 -0.010836 -0.001349
0.005922 0.003888 -0.004096
0.011270 -0.006689 -0.000413
-0.009450 -0.008949 0.001345
0.000517 -0.005610 0.001647
0.003366 -0.020069 -0.000507
-0.004969 0.001438 0.001552
0.015701 -0.006338 0.002549
-0.000075 0.003135 -0.004926
0.006819 0.008054 -0.002740
-0.010434 0.010399 0.003108
0.006801 0.023392 -0.001551
0.000804 -0.003152 -0.000166
0.000868 0.003939 -0.007695
-0.008917 -0.002104 0.000848
0.002531 0.005227 0.000348
-0.000458 0.007017 -0.000661
0.018386 -0.011856 0.002139
-0.008608 0.010053 0.000921
-0.006284 -0.000563 -0.000879
0.013502 -0.005614 0.000200
-0.003175 -0.005930 0.004105
0.010422 -0.008850 0.002056
-0.016194 -0.011427 0.001710
0.000206 0.002563 -0.005247
0.011965 0.010182 -0.008702
-0.010225 0.010311 0.003540
0.007657 0.024185 -0.001887
-0.000001 -0.003330 0.000388
0.001713 0.003165 -0.009597
-0.008081 -0.001604 -0.006605
0.003164 0.005431 -0.000177
-0.000540 0.007963 -0.000365
0.019894 -0.011949 0.002743
-0.007963 0.010505 0.001274
-0.005454 -0.001639 -0.000307
0.011133 -0.003122 -0.003912
-0.003537 -0.005763 0.003245
0.008196 -0.009114 0.006226
-0.017528 -0.010538 0.001544
-0.000692 0.003463 -0.005158
0.003666 0.007391 -0.007494
-0.009952 0.010262 0.004185
0.007642 0.022509 -0.001750
-0.000033 -0.001926 0.000630
0.000753 0.004970 -0.009366
-0.007123 -0.006632 -0.004967
0.003069 0.005608 0.000044
-0.000741 0.007839 -0.002948
0.017963 -0.011583 0.003716
-0.008489 0.009302 0.002251
-0.003840 -0.001595 -0.000604
0.012930 -0.022755 -0.003712
-0.002886 -0.006914 0.004454
0.009073 -0.005515 0.002281
-0.098193 0.033984 -0.091310
0.002654 0.007712 -0.010553
0.007598 0.008424 -0.001527
-0.009912 0.011340 0.003089
0.006235 0.026911 -0.002051
-0.000246 -0.007111 -0.008154
-0.000690 -0.000713 -0.017595
-0.008571 -0.002239 0.001821
0.002360 0.005321 -0.000260
-0.000786 0.008784 -0.002067
0.017935 -0.011502 0.003492
-0.005091 0.007832 0.001372
-0.003062 -0.088021 -0.083864
0.011071 -0.004469 0.000403
-0.019663 -0.013893 0.001011
0.009648 -0.010745 0.001019
-0.016743 -0.011603 0.001848
-0.000361 0.002932 -0.004909
0.007429 0.008415 -0.000655
-0.010106 0.010315 0.002880
0.007124 0.022947 -0.002129
-0.000989 -0.002752 0.000555
0.001907 0.004289 -0.009920
-0.006912 -0.001724 0.001112
0.004013 0.005049 0.000227
-0.001338 0.008613 -0.001531
0.017494 -0.010547 0.003755
-0.010486 0.010064 0.002144
-0.004022 -0.001342 0.000521
0.011765 -0.004240 -0.000353
-0.004203 -0.005612 0.003747
0.010263 -0.009983 0.001495
-0.016849 -0.012109 0.000005
-0.003147 0.001423 -0.005479
0.008020 0.008338 -0.001592
-0.009597 0.009929 -0.003337
0.007197 0.023005 -0.001353
-0.000393 -0.003087 0.002372
0.000894 0.004059 -0.009482
-0.008674 -0.001167 0.000360
0.002247 0.005862 -0.007104
-0.000742 0.007536 -0.000857
0.018098 -0.009964 0.002831
-0.010255 0.009290 0.005749
-0.004702 -0.000689 -0.000650
0.010571 -0.006057 0.000197
-0.004370 -0.006085 0.009871
0.009829 -0.007620 0.007319
-0.016552 -0.011472 0.000985
0.001931 0.004939 -0.005007
0.007484 0.008643 -0.002849
-0.011980 0.010257 -0.003083
0.006743 0.023282 -0.002213
-0.000872 -0.002865 -0.000316
0.001249 0.004374 -0.008638
-0.007618 -0.002969 0.000438
0.000989 0.001602 -0.000281
-0.000109 0.008377 -0.001430
0.018726 0.058004 -0.055163
-0.010942 0.006203 0.003069
-0.005072 -0.001239 0.000878
0.012157 -0.004898 -0.000037
-0.007683 -0.004878 0.004727
0.013651 -0.007586 0.003011
-0.016208 -0.012345 0.001436
-0.000533 0.003691 -0.011341
0.007699 0.008476 -0.001877
-0.010348 0.010046 0.002736
0.007080 0.019894 -0.001587
-0.002786 0.002802 -0.008139
0.003451 0.008870 -0.017841
-0.008360 -0.002099 0.001108
0.002374 0.003769 -0.000077
-0.000600 0.007941 -0.000902
0.018580 -0.011011 0.003008
-0.008834 0.008285 0.007035
-0.005417 -0.002677 0.000179
0.011629 -0.006850 0.000266
-0.000929 -0.004253 0.000528
0.008338 -0.009460 0.002168
-0.015690 -0.012418 0.000744
