2176.0000 0.05 1
1.875
3.75
6.25
6.25
7.5
16.25
8.75
6.25
17.5
16.25
14.375
16.25
25
16.25
6.25
31.25
23.125
18.125
30
8.75
10
13.125
10
10
16.25
20
25
30.625
36.875
19.375
25
26.25
13.75
26.875
21.875
28.125
21.25
41.25
44.375
30.625
38.75
55
46.875
46.25
42.5
66.875
54.375
48.125
86.25
91.875
98.75
123.75
138.75
134.375
140
152.5
180.625
152.5
157.5
197.5
180
175.625
233.125
251.25
269.375
236.25
236.875
278.125
294.375
311.25
294.375
320
303.125
311.875
323.75
339.375
336.25
366.25
317.5
354.375
370
365
328.75
361.875
336.25
376.25
314.375
295
301.875
287.5
273.75
253.125
231.875
251.25
253.125
295
210
248.125
312.5
295.625
316.875
308.75
310
296.875
252.5
293.125
309.375
297.5
323.75
274.375
282.5
300.625
274.375
320
291.25
315.625
249.375
299.375
349.375
321.875
313.125
315.625
326.25
363.75
343.125
378.75
402.5
380.625
386.25
398.125
392.5
431.875
450.625
472.5
450
441.25
453.75
439.375
446.25
416.25
405
430.625
381.875
358.125
318.125
352.5
327.5
310.625
316.25
329.375
305
278.125
215
254.375
250.625
302.5
278.125
248.125
273.125
225
318.75
287.5
328.75
301.875
303.125
291.25
283.125
297.5
350
291.875
326.25
349.375
372.5
354.375
261.875
289.375
211.875
289.375
345
265.625
266.875
265.625
258.75
235
246.25
248.75
263.75
327.5
238.75
227.5
238.75
223.125
180.625
248.75
255
281.25
254.375
308.125
253.125
265.625
256.875
203.75
205
269.375
255
323.75
345.625
343.75
356.25
275
366.25
292.5
511.875
536.875
510.625
425.625
363.125
265
229.375
208.125
163.75
117.5
63.75
31.25
11.875
3.75
1.25
4.375
1.25
0
0
0
0
0
0
0
0
0
0
2.5
0
