0.014663 0.007246 0.005353
-0.009677 0.008975 0.006357
0.010562 0.004933 0.000105
0.003990 -0.002036 -0.002386
0.002849 0.013546 -0.007651
0.000135 -0.004618 0.000013
-0.003960 0.029341 -0.005390
-0.004782 0.003356 0.002057
-0.008478 0.003641 -0.007981
0.021798 0.018386 -0.002694
-0.004061 -0.004512 0.002842
-0.007035 -0.004594 0.003251
-0.001773 -0.004724 0.009496
-0.005615 0.000698 -0.000520
0.005295 0.000950 -0.004638
0.002040 -0.000735 0.002070
0.010566 0.002551 0.001078
-0.005308 -0.000002 0.001327
0.010513 0.003908 -0.001145
0.001870 0.000718 -0.003089
0.008489 0.003010 -0.002995
-0.001010 -0.003490 -0.000505
-0.004697 -0.002953 -0.004829
-0.004380 0.005715 0.000197
-0.008398 0.001874 -0.007357
0.005126 -0.000242 -0.002373
-0.003964 -0.002826 0.004308
-0.005945 -0.002476 0.002440
-0.001259 -0.004962 0.009321
-0.005065 0.000887 -0.000598
0.006562 0.001255 -0.005002
0.002696 -0.002226 -0.000061
0.011676 0.000147 0.000504
-0.001188 0.007930 -0.003077
0.010340 0.003248 -0.000028
0.005732 0.005487 -0.005415
0.013811 0.011941 0.001544
0.047445 0.039438 -0.000704
-0.005804 0.026498 -0.005308
-0.008351 0.011295 0.004919
-0.009559 -0.548865 -0.014701
-0.010832 0.017462 -0.002388
0.000450 0.002901 0.000154
-0.011401 0.002765 -0.000533
-0.001648 -0.006242 0.009431
-0.005759 0.001219 -0.000579
0.006094 0.000051 -0.005453
0.002762 -0.001502 0.001701
0.010352 0.001249 0.000365
-0.005268 -0.001779 0.002584
0.010564 0.004260 -0.000218
0.001988 0.000739 -0.003323
0.008920 0.001497 -0.004240
-0.002295 -0.003092 -0.000301
-0.004731 -0.001840 -0.005561
-0.004301 0.003117 -0.001583
-0.008788 -0.007677 -0.009501
0.005629 -0.000415 -0.002300
-0.003810 -0.004242 0.005989
-0.005563 -0.002372 0.002524
-0.001661 -0.005523 0.009438
-0.005644 0.001143 -0.000717
0.003995 0.001187 -0.005483
0.002449 -0.003581 0.000528
0.010452 0.001407 0.000604
-0.004992 -0.002658 0.001141
0.010511 0.003896 0.001235
0.001994 -0.000415 -0.002577
0.008581 0.003294 -0.003017
-0.001763 -0.004386 0.000096
-0.004776 -0.001502 -0.004648
-0.004198 0.005313 0.000283
-0.008892 0.001862 -0.008195
0.005602 -0.000203 -0.002324
-0.004145 -0.002952 0.004304
-0.005751 -0.003466 0.003230
-0.001782 -0.004942 0.009639
-0.006270 0.000821 -0.000473
0.004937 0.001506 -0.005526
0.002648 -0.002788 0.000164
0.011864 -0.000525 -0.000046
-0.005308 -0.001246 0.001311
0.006691 0.013270 -0.004912
0.003580 -0.002003 -0.002079
0.008668 0.003956 -0.002719
-0.002042 -0.003197 -0.000803
-0.004403 -0.002998 -0.004972
-0.008700 0.009493 0.000139
-0.008473 0.001943 -0.008139
0.005173 0.000036 -0.002399
-0.002179 -0.002338 0.004300
-0.007668 -0.004703 0.003636
-0.003140 -0.006336 0.008446
0.005834 0.012401 -0.000231
0.003380 0.000745 -0.005528
0.002078 -0.001704 0.000456
0.010212 0.002584 0.000743
-0.005718 -0.001784 -0.000047
0.010401 0.004353 0.000375
0.001652 -0.000310 -0.002576
0.008399 0.001858 -0.001759
-0.001105 -0.003430 -0.000153
-0.004608 -0.001840 -0.005363
-0.007705 0.010156 -0.003188
-0.008420 0.000972 -0.007891
0.005238 -0.000697 -0.002291
0.000501 0.002439 0.007713
-0.007051 -0.003055 0.003631
-0.001572 -0.004946 0.007637
-0.005697 0.000762 -0.000777
0.005637 -0.000203 -0.005206
0.002397 0.040281 0.056164
0.014223 0.006757 0.003647
-0.005250 -0.000528 0.001525
0.013589 0.014673 0.004534
0.006556 0.006561 -0.007717
0.008722 0.001786 -0.002966
-0.003026 -0.004160 -0.001394
-0.004655 -0.001622 -0.004906
-0.005498 0.005991 0.000333
-0.008703 0.001774 -0.007190
0.005475 -0.000172 -0.002383
0.000553 0.001603 0.004684
-0.009780 0.001842 0.000050
0.000145 -0.006223 0.010164
-0.017151 0.012597 -0.001069
-0.050971 0.045966 -0.007224
0.002765 -0.001307 0.000062
-0.012872 0.019465 -0.016320
-0.002329 0.004638 0.001847
-0.003164 0.001074 0.002111
-0.004005 0.004035 0.002375
0.040228 0.035687 -0.000933
0.004325 -0.003732 -0.001753
0.004572 -0.000383 -0.004357
0.003531 -0.002567 -0.000810
0.013968 0.015486 -0.002589
-0.001113 -0.007748 -0.006111
0.002246 0.002427 0.005882
-0.022415 -0.003677 -0.004205
0.002720 0.003214 0.012853
-0.000758 -0.007331 -0.009614
0.017661 -0.001370 -0.000016
-0.007545 0.000253 0.007847
-0.012537 -0.000429 0.002579
0.004967 -0.003859 0.000165
-0.002675 0.000474 0.002448
-0.004294 0.002621 0.003691
-0.003233 0.006274 -0.001774
0.005610 -0.002100 -0.001196
0.004237 -0.000539 -0.004077
0.003059 -0.000527 -0.001659
0.009796 0.005929 0.002020
-0.000910 -0.006092 -0.005809
0.002181 0.003598 0.005620
-0.023004 -0.007117 -0.005032
0.001374 0.004164 0.011829
-0.000348 -0.007209 -0.009124
0.018538 0.000774 0.000772
-0.005911 0.001149 0.007711
-0.012545 0.020233 0.022961
0.005150 -0.002588 0.001140
-0.002711 0.001342 0.002366
-0.004300 0.004604 0.001836
-0.003151 0.004470 -0.000827
0.002217 0.003763 0.001803
0.006251 0.002950 -0.003435
0.002547 0.023852 0.034479
0.005984 0.014714 0.006249
-0.034809 0.017886 -0.006879
0.002222 -0.001186 0.004964
-0.022630 -0.004868 -0.004644
0.004718 0.008989 0.015302
-0.003337 -0.005650 -0.007563
0.017627 -0.003334 -0.000015
-0.004525 -0.000005 0.007526
-0.013679 0.013545 0.016446
0.005722 -0.003413 0.000777
-0.002194 0.001747 0.003113
-0.004154 0.001987 0.001919
-0.004335 0.006276 -0.001615
0.006412 -0.000855 -0.001180
0.004201 -0.000360 -0.004399
0.003745 0.004748 0.003266
0.009536 0.004686 0.000314
0.000100 -0.005373 -0.006086
0.002126 0.000552 0.005873
-0.022439 -0.005060 -0.003889
0.002051 0.002072 0.009559
-0.000683 -0.006919 -0.009596
0.017696 -0.000332 0.000319
-0.005571 0.000985 0.007951
-0.012590 -0.002099 0.002555
0.001534 0.002119 -0.003101
-0.002775 0.002332 0.002012
-0.004389 0.003650 0.003701
-0.004892 0.005236 -0.002226
0.006527 -0.000860 -0.001162
0.004254 -0.000684 -0.004891
0.003175 -0.000115 -0.001444
0.009503 0.005830 0.001754
0.000359 -0.006965 -0.005781
0.002392 0.003537 0.005345
-0.022326 0.028889 -0.053376
0.001127 0.004749 0.011742
-0.000746 -0.007286 -0.009770
0.016925 0.000787 -0.000595
-0.005869 -0.000761 0.007542
-0.012576 -0.013450 0.002834
0.005252 -0.004307 0.002809
-0.002760 -0.002708 0.002248
-0.004828 0.004158 0.003355
-0.003051 0.006293 -0.001277
0.001492 0.004621 0.003685
0.005586 -0.001008 -0.004216
0.002970 0.000633 -0.001511
0.009983 0.006035 0.001893
-0.000971 -0.006195 -0.006426
0.001911 0.003742 0.005671
-0.023292 -0.003249 -0.004924
0.009245 0.011502 0.011403
-0.001985 -0.008162 -0.009031
0.018924 0.000517 -0.000992
-0.005922 -0.000329 0.007725
-0.012408 0.019250 -0.016173
0.005825 -0.002568 0.000973
-0.002681 0.001119 0.001612
-0.003025 0.023625 -0.026802
-0.004555 0.006953 -0.001413
0.006338 -0.002218 -0.002079
0.004254 -0.001838 -0.004250
0.002983 0.001282 0.000229
0.009348 0.004861 0.002813
-0.000662 -0.005927 -0.006076
0.002330 -0.003325 0.007354
-0.022258 -0.004753 -0.004104
0.004008 0.008684 0.007524
-0.000531 -0.008338 -0.009512
0.017949 0.001265 -0.000145
-0.006146 0.000730 0.007402
-0.012726 0.000122 0.002767
0.001743 0.001960 0.005215
-0.003288 -0.006389 0.002229
-0.004161 0.003446 0.003117
-0.004852 0.005287 -0.001097
0.005027 -0.004383 -0.001850
0.002763 -0.000920 -0.004959
0.003138 -0.000257 -0.000963
0.009812 0.004859 0.001914
0.001123 -0.006830 -0.006802
0.002148 0.003724 0.005171
-0.022235 -0.003786 -0.005073
0.002648 0.004643 0.011604
0.002276 -0.007636 -0.010701
0.015850 0.000993 0.001153
-0.005780 0.002575 0.006140
