2176.0000 0.05 1
1.11111
4.44444
11.1111
2.22222
11.1111
4.44444
13.3333
11.1111
20
11.1111
6.66667
11.1111
24.4444
23.3333
17.7778
23.3333
26.6667
18.8889
13.3333
32.2222
18.8889
8.88889
4.44444
10
14.4444
16.6667
34.4444
37.7778
25.5556
40
11.1111
26.6667
17.7778
33.3333
22.2222
32.2222
26.6667
27.7778
40
24.4444
32.2222
46.6667
36.6667
47.7778
70
55.5556
56.6667
41.1111
80
106.667
95.5556
126.667
127.778
138.889
148.889
144.444
161.111
192.222
187.778
204.444
216.667
267.778
192.222
230
234.444
286.667
237.778
278.889
253.333
261.111
291.111
301.111
317.778
342.222
314.444
350
286.667
345.556
305.556
307.778
294.444
302.222
293.333
280
310
273.333
248.889
285.556
290
300
314.444
316.667
321.111
305.556
337.778
321.111
313.333
296.667
292.222
301.111
298.889
292.222
332.222
360
314.444
361.111
377.778
356.667
353.333
350
338.889
295.556
251.111
215.556
175.556
162.222
191.111
238.889
264.444
333.333
347.778
398.889
417.778
402.222
427.778
411.111
450
400
380
358.889
344.444
368.889
347.778
396.667
382.222
378.889
384.444
427.778
406.667
456.667
407.778
408.889
408.889
357.778
361.111
372.222
366.667
372.222
440
413.333
412.222
441.111
403.333
336.667
354.444
320
348.889
317.778
325.556
260
284.444
257.778
272.222
260
244.444
222.222
274.444
211.111
246.667
214.444
234.444
257.778
220
246.667
232.222
214.444
208.889
225.556
176.667
204.444
177.778
197.778
177.778
172.222
252.222
240
234.444
208.889
217.778
168.889
176.667
196.667
260
238.889
224.444
272.222
242.222
221.111
262.222
352.222
340
316.667
304.444
330
307.778
333.333
380
410
433.333
426.667
447.778
434.444
511.111
476.667
501.111
472.222
432.222
347.778
316.667
223.333
116.667
15.5556
1.11111
0
0
0
0
0
0
0
0
0
0
0
0
0
0
0
0
0
0
0
0
0
0
2.22222
4.44444
0
0
2.22222
0
4.44444
2.22222
0
7.77778
0
0
4.44444
2.22222
4.44444
4.44444
2.22222
0
6.66667
0
1.11111
2.22222
0
0
2.22222
2.22222
0
