-0.001116 0.010347 0.012120
-0.009317 0.001498 0.000236
-0.002062 0.018989 -0.003533
0.011285 0.007438 -0.002469
-0.001597 0.016647 -0.006275
-0.008905 0.001508 -0.002157
0.000125 0.002539 0.004568
-0.000473 -0.015646 -0.002916
-0.003290 -0.010987 -0.001056
-0.011749 -0.006149 -0.001936
0.012455 -0.006713 0.000117
-0.009662 -0.006538 -0.003915
0.004607 -0.007322 0.003704
0.000496 -0.020099 -0.000920
-0.003244 0.000382 0.000953
0.014550 -0.012873 0.003350
-0.000078 0.012200 0.011047
-0.008847 -0.001773 -0.000565
-0.002466 0.018809 0.000870
0.011853 0.008978 -0.002256
-0.000591 0.015641 -0.005722
-0.009282 0.000187 -0.003539
0.000537 0.003930 0.003646
0.000349 -0.014843 -0.002533
-0.003798 -0.011614 -0.000677
-0.012873 -0.000835 -0.006337
0.011334 -0.005948 0.001024
-0.009349 -0.005489 -0.003080
0.004968 -0.005837 0.003679
0.004845 -0.023942 0.002731
-0.006217 0.001625 0.001632
0.012941 -0.011749 0.002939
-0.000616 0.011476 0.012552
-0.009018 0.002178 0.000022
-0.000627 0.017386 -0.000347
0.011103 0.008524 0.000233
-0.001903 0.016536 -0.004998
-0.010041 0.000569 -0.001649
-0.000413 0.004594 0.004865
0.001157 -0.017054 -0.003070
-0.005308 -0.008031 -0.001538
-0.012972 -0.000377 0.004313
0.012145 0.005187 0.000495
-0.008079 -0.007715 -0.003826
0.004793 -0.008602 0.003534
0.002741 -0.021588 -0.004288
-0.018094 0.021027 0.002068
0.013215 -0.011965 0.002498
-0.000634 0.011339 0.011312
-0.009739 -0.000166 -0.000807
-0.001226 0.019852 0.001573
0.013366 0.005393 0.000372
-0.002826 0.015292 -0.006885
-0.008098 0.000735 0.001399
-0.032535 0.023780 0.043642
-0.000626 -0.015858 -0.002578
-0.002035 -0.006484 0.005052
-0.011489 -0.005566 -0.001584
0.010412 -0.006632 0.001131
-0.008964 -0.002196 -0.002431
0.008831 -0.004453 0.002840
0.001973 -0.023386 -0.000939
0.006471 0.018052 0.001547
0.012183 -0.013301 0.002906
-0.001229 0.010695 0.012710
-0.008891 0.001161 0.000835
-0.000323 0.019557 0.000021
0.011588 0.006889 -0.002957
-0.000973 0.016153 -0.005652
-0.006841 0.000718 -0.002295
-0.000754 0.005025 0.003913
0.000002 -0.015399 -0.002536
-0.001871 -0.012665 -0.001618
-0.007534 0.003607 -0.001869
0.012597 -0.006611 0.000609
-0.008200 -0.007918 -0.003308
-0.001470 0.001916 0.003605
0.001417 -0.024007 -0.000591
-0.003566 0.000986 0.001889
0.014164 -0.013469 0.002183
-0.000521 0.010358 0.011189
-0.006926 -0.000956 0.002111
0.000218 0.017507 -0.001635
0.009921 0.007700 -0.002407
-0.001933 0.015810 -0.006552
-0.011229 -0.002051 -0.000837
-0.002143 0.002737 0.005631
-0.001276 -0.015784 -0.002807
-0.004406 -0.011705 -0.000854
-0.011142 -0.004670 -0.001003
0.011532 -0.006585 0.000954
-0.010447 -0.006137 -0.003382
0.003885 0.002313 0.004130
0.002603 -0.021588 -0.002229
-0.004627 -0.000654 -0.004513
0.013430 -0.008589 0.002483
-0.001895 0.086123 -0.073616
0.002327 -0.001060 -0.009327
-0.004290 0.026140 -0.001833
0.012330 0.008242 -0.003064
-0.035459 0.039100 -0.050646
-0.005932 0.007889 0.001944
0.000199 0.002929 0.004457
0.004624 0.037717 0.001907
-0.002940 -0.000526 -0.001208
-0.011260 -0.005598 -0.002499
0.010212 0.004199 0.000464
-0.009670 -0.006398 -0.002784
0.003426 -0.008135 0.003568
0.004221 -0.023191 0.000443
-0.003678 0.000613 0.006417
-0.009352 -0.005470 0.002996
-0.000065 0.010724 0.011609
-0.005286 0.007092 0.001612
-0.002568 0.018963 0.000438
0.008850 0.014838 -0.000530
-0.001114 0.016223 -0.005394
-0.008534 0.001043 -0.001417
-0.000214 0.003071 0.005071
-0.001358 -0.016144 -0.001719
-0.000300 -0.007828 -0.006698
-0.011073 0.005443 -0.002148
0.010955 -0.006335 -0.000281
-0.010412 -0.003009 -0.003939
0.007969 -0.004024 0.004588
0.005599 -0.020553 -0.000736
-0.003802 0.001999 0.001415
0.011355 -0.012537 0.003162
0.000728 0.003814 -0.005983
0.008722 0.008256 -0.003091
-0.008011 0.010516 0.003460
0.005246 0.023177 -0.001134
-0.000812 -0.001901 -0.000802
0.001104 0.004324 -0.009546
-0.008483 -0.001765 0.000693
0.001365 0.004328 0.000775
-0.001412 0.007772 -0.002517
0.018703 -0.012390 0.003114
-0.008815 0.010014 0.001803
-0.004721 0.000011 0.000044
0.011295 -0.006049 0.000054
-0.003362 -0.004750 0.004596
0.009918 -0.009005 0.001634
-0.017247 -0.012676 0.001202
0.000446 0.002871 -0.006400
0.006697 0.009198 -0.003430
-0.008688 0.010782 0.004029
0.007138 0.024416 -0.001108
0.000639 -0.003358 0.000639
0.000371 0.003649 -0.010593
-0.008321 -0.001379 0.000571
0.001850 0.006030 -0.005391
0.000026 0.008142 -0.002302
0.017820 -0.011460 0.003132
-0.008506 0.011950 0.000959
-0.005785 -0.002873 -0.000164
0.011506 -0.004886 0.000302
-0.003189 -0.004865 0.004406
0.010091 -0.010405 0.002016
-0.015464 -0.014121 0.001591
-0.004367 0.009397 -0.004540
0.007500 0.008254 -0.002279
-0.012338 0.009869 0.001311
0.008797 0.022933 -0.001015
-0.003907 0.003216 -0.001623
0.000493 0.003923 -0.010092
-0.008456 -0.004618 0.001991
0.004687 0.016930 0.018212
0.000560 0.008141 -0.002277
0.017595 -0.014217 0.002996
-0.018327 0.031169 0.002414
-0.005168 0.008313 0.000487
0.011520 -0.007654 0.000006
-0.039903 0.012857 0.004046
0.009662 -0.009114 0.002332
-0.014813 -0.013849 0.001337
-0.009788 -0.000047 -0.014699
0.008264 0.020402 -0.020605
-0.009788 0.010688 0.002252
0.007092 0.022286 -0.001822
-0.001821 -0.005019 -0.001524
0.001014 0.004127 -0.007969
-0.005710 0.003074 -0.001801
0.002776 0.006082 -0.000420
0.026176 0.024777 0.023697
0.018346 -0.011255 0.003499
-0.008349 0.008276 -0.002255
-0.007831 0.003338 -0.002746
0.055255 0.030527 -0.000304
-0.002966 -0.006037 0.006475
0.010617 -0.009258 0.002627
-0.017066 -0.014163 0.000871
-0.001154 0.003393 -0.005176
0.006823 0.008829 -0.002114
-0.010767 0.011265 0.001968
0.006390 0.024027 -0.001692
0.000861 -0.002953 0.001166
0.000890 0.005917 -0.009282
-0.008684 -0.002243 0.000509
0.003604 0.004841 -0.000931
-0.001768 0.008636 -0.001760
0.018270 -0.011111 0.003257
-0.009321 0.010806 0.002022
-0.004947 -0.002202 0.000019
0.011380 -0.005559 0.000141
-0.002628 -0.004852 0.003638
0.009046 -0.010380 0.002745
-0.016194 -0.012653 0.001565
0.000072 0.003233 -0.005217
0.006089 0.007150 -0.002926
-0.011054 0.009001 -0.000198
0.006782 0.023054 -0.001736
0.000232 -0.003074 -0.000229
0.001743 0.003814 -0.009494
-0.006140 -0.004236 -0.000772
0.003205 0.005859 0.001554
-0.000749 0.007684 -0.001983
0.019736 -0.011600 0.002493
-0.005325 0.010714 0.002471
-0.005868 -0.002690 -0.000308
0.010266 -0.005560 0.001445
-0.002629 -0.005733 0.003812
0.010490 -0.009215 0.002952
-0.015515 -0.009753 0.001329
0.000396 -0.001004 -0.005957
0.007687 0.007568 -0.001982
-0.007555 0.017070 -0.001161
0.006266 0.023474 -0.000330
0.000024 -0.006114 -0.000033
0.001675 0.005281 -0.009932
0.001149 -0.004965 0.008920
0.003113 0.005275 -0.001050
-0.001480 0.009230 -0.003480
0.022074 0.026056 0.006324
0.003629 0.025348 0.002137
-0.000407 0.005851 0.000068
0.011285 -0.005758 -0.001321
-0.003142 -0.007773 0.004945
0.006461 -0.580815 0.019978
0.008886 -0.009152 0.002055
-0.001600 0.000921 -0.004145
0.007145 0.008905 0.002123
-0.008731 0.010336 -0.001864
0.034541 0.044320 -0.031003
-0.008922 -0.006790 0.008015
-0.000273 0.077390 0.061934
-0.009118 -0.004038 0.001702
0.003989 0.005054 0.001085
-0.000519 0.006730 -0.001784
0.017942 -0.011420 0.002742
-0.008832 0.009719 0.005417
-0.008082 0.001783 0.002891
0.011672 -0.005572 -0.000515
-0.003268 -0.006247 0.002337
0.011458 -0.009555 0.001856
-0.017696 -0.013030 0.002005
