528.0000 0.05 1
0.32
0
4.48
0
0
3.84
0
7.68
2.56
0
1.92
0
7.68
7.68
0
7.68
0
10.24
0
0
3.84
0
24.96
0
0
7.68
7.68
7.68
2.56
0
8.96
14.08
15.36
7.68
15.36
0
9.92
12.8
9.6
6.4
8.32
32
44.8
20.8
61.44
32
23.36
53.44
27.52
33.92
80.64
61.12
49.92
35.84
67.2
46.08
70.4
79.36
52.48
83.84
92.16
61.76
111.36
147.2
90.88
113.92
140.8
96.96
78.72
100.8
126.72
120.96
60.8
76.8
39.36
118.72
92.16
71.68
75.2
57.6
88.32
57.6
40.96
110.08
53.76
20.16
72.96
59.52
122.88
65.28
48.64
63.36
94.72
69.76
96
56.64
55.68
56.32
76.8
68.16
72.32
115.2
105.28
48
36.48
101.12
92.8
84.48
47.36
139.52
82.88
24.96
92.16
59.52
52.8
101.76
76.8
139.2
74.88
85.44
135.04
120.96
121.6
193.92
115.84
152.96
109.44
145.92
72.96
146.56
54.72
71.68
63.36
58.56
109.44
102.4
59.52
119.04
52.48
75.52
57.6
69.76
91.84
20.48
69.12
65.28
64.32
80.64
96
51.84
66.56
67.84
59.52
93.44
119.68
72.96
103.68
52.48
57.28
96
62.72
92.48
101.12
89.6
8.64
32.64
108.48
93.44
75.52
58.24
108.16
120.32
56.32
42.24
57.6
40.32
25.6
87.68
65.28
35.84
74.24
13.12
115.2
82.24
100.8
53.76
51.2
107.52
34.56
26.88
96.64
50.88
61.44
106.24
85.12
70.4
90.24
98.56
120.96
55.04
81.92
79.68
55.04
50.88
31.04
12.16
8.96
12.16
0
0
0
0
0
0
0
0
0
0
0
0
0
0
0
0
0
0
1.92
0
0
0
0
0
0
0
0
0
0.64
0
0
0
0
1.28
0
1.28
0
0
0
0
0
5.12
0
0
0
2.56
0
0
0
0
1.28
0
0
0
0
0
0
0
0
0
0.32
0
