-0.520771 0.000000 0.000000
0.042327 0.036620 0.000000
0.042327 0.000000 0.036620
0.007616 0.000000 0.000000
-0.000719 0.000000 0.000000
0.007616 0.000000 -0.000000
0.042327 0.000000 -0.036620
-0.000839 0.000000 0.000423
0.042327 -0.036620 0.000000
-0.000839 0.000423 0.000000
0.031879 0.000000 0.000000
-0.003058 0.000000 0.000000
0.028928 0.000000 0.000000
-0.000839 -0.000423 0.000000
-0.000839 0.000000 -0.000423
-0.000719 0.000000 0.000000
-0.000894 0.001565 0.001565
0.027443 0.000000 0.032121
0.027443 0.032121 0.000000
0.006069 0.003297 -0.003297
0.000729 0.003224 0.001278
0.034565 0.042559 0.000000
0.006069 -0.003297 0.003297
0.034565 0.000000 0.042559
0.000729 0.001278 0.003224
-0.000894 -0.001565 -0.001565
0.000178 -0.003325 0.001058
0.000178 0.001058 -0.003325
0.006069 0.003297 0.003297
0.000729 0.003224 -0.001278
0.000729 -0.001278 0.003224
0.000009 0.000085 0.000085
0.000178 0.003325 0.001058
0.000178 0.001058 0.003325
0.004503 0.002538 -0.002538
-0.001114 0.000000 0.002073
0.000729 0.001278 -0.003224
-0.000894 0.001565 -0.001565
0.027443 0.000000 -0.032121
0.000178 -0.001058 -0.003325
0.004503 -0.002538 0.002538
0.000729 -0.003224 0.001278
-0.001114 0.002073 0.000000
-0.000894 -0.001565 0.001565
0.000178 -0.003325 -0.001058
0.027443 -0.032121 0.000000
0.006069 -0.003297 -0.003297
0.034565 0.000000 -0.042559
0.034565 -0.042559 0.000000
0.000009 -0.000085 -0.000085
-0.001576 0.000000 0.002487
-0.001576 0.002487 0.000000
0.004503 0.002538 0.002538
-0.001114 0.000000 -0.002073
-0.001114 -0.002073 0.000000
0.000009 0.000085 -0.000085
0.000178 0.003325 -0.001058
-0.001576 -0.002487 0.000000
0.000009 -0.000085 0.000085
-0.001576 0.000000 -0.002487
0.000178 -0.001058 0.003325
0.004503 -0.002538 -0.002538
0.000729 -0.003224 -0.001278
0.000729 -0.001278 -0.003224
