7.65376 0 7.65376
7.65376 7.65376 0
0 7.65376 7.65376
1 0 0
0 1 0
0 0 1
0.2526124999999979 0.2526124999999979 0.2473875000000021	Ir
0.2500000000000000 0.7500000000000000 0.2500000000000000	Ir
0.7500000000000000 0.2500000000000000 0.2500000000000000	Ir
0.2500000000000000 0.2500000000000000 0.7500000000000000	Ir
0.5000000000000000 0.5000000000000000 0.5000000000000000	Ir
0.7500000000000000 0.7500000000000000 0.2500000000000000	Ir
0.2500000000000000 0.7500000000000000 0.7500000000000000	Ir
0.5000000000000000 0.0000000000000000 0.5000000000000000	Ir
0.7500000000000000 0.2500000000000000 0.7500000000000000	Ir
0.0000000000000000 0.5000000000000000 0.5000000000000000	Ir
0.5000000000000000 0.5000000000000000 0.0000000000000000	Ir
0.7500000000000000 0.7500000000000000 0.7500000000000000	Ir
0.0000000000000000 0.0000000000000000 0.5000000000000000	Ir
0.5000000000000000 0.0000000000000000 0.0000000000000000	Ir
0.0000000000000000 0.5000000000000000 0.0000000000000000	Ir
0.0000000000000000 0.0000000000000000 0.0000000000000000	Ir
0.2500000000000000 0.2500000000000000 0.0000000000000000	Ru
0.0000000000000000 0.2500000000000000 0.2500000000000000	Ru
0.2500000000000000 0.0000000000000000 0.2500000000000000	Ru
0.2500000000000000 0.7500000000000000 0.0000000000000000	Ru
0.0000000000000000 0.7500000000000000 0.2500000000000000	Ru
0.2500000000000000 0.5000000000000000 0.2500000000000000	Ru
0.7500000000000000 0.2500000000000000 0.0000000000000000	Ru
0.5000000000000000 0.2500000000000000 0.2500000000000000	Ru
0.7500000000000000 0.0000000000000000 0.2500000000000000	Ru
0.2500000000000000 0.2500000000000000 0.5000000000000000	Ru
0.0000000000000000 0.2500000000000000 0.7500000000000000	Ru
0.2500000000000000 0.0000000000000000 0.7500000000000000	Ru
0.5000000000000000 0.5000000000000000 0.2500000000000000	Ru
0.2500000000000000 0.5000000000000000 0.5000000000000000	Ru
0.5000000000000000 0.2500000000000000 0.5000000000000000	Ru
0.7500000000000000 0.7500000000000000 0.0000000000000000	Ru
0.5000000000000000 0.7500000000000000 0.2500000000000000	Ru
0.7500000000000000 0.5000000000000000 0.2500000000000000	Ru
0.2500000000000000 0.7500000000000000 0.5000000000000000	Ru
0.0000000000000000 0.7500000000000000 0.7500000000000000	Ru
0.2500000000000000 0.5000000000000000 0.7500000000000000	Ru
0.5000000000000000 0.0000000000000000 0.2500000000000000	Ru
0.2500000000000000 0.0000000000000000 0.5000000000000000	Ru
0.5000000000000000 0.7500000000000000 0.5000000000000000	Ru
0.7500000000000000 0.2500000000000000 0.5000000000000000	Ru
0.5000000000000000 0.2500000000000000 0.7500000000000000	Ru
0.7500000000000000 0.0000000000000000 0.7500000000000000	Ru
0.0000000000000000 0.5000000000000000 0.2500000000000000	Ru
0.7500000000000000 0.5000000000000000 0.5000000000000000	Ru
0.0000000000000000 0.2500000000000000 0.5000000000000000	Ru
0.5000000000000000 0.5000000000000000 0.7500000000000000	Ru
0.2500000000000000 0.5000000000000000 0.0000000000000000	Ru
0.5000000000000000 0.2500000000000000 0.0000000000000000	Ru
0.7500000000000000 0.7500000000000000 0.5000000000000000	Ru
0.5000000000000000 0.7500000000000000 0.7500000000000000	Ru
0.7500000000000000 0.5000000000000000 0.7500000000000000	Ru
0.0000000000000000 0.0000000000000000 0.2500000000000000	Ru
0.7500000000000000 0.0000000000000000 0.5000000000000000	Ru
0.0000000000000000 0.7500000000000000 0.5000000000000000	Ru
0.5000000000000000 0.0000000000000000 0.7500000000000000	Ru
0.2500000000000000 0.0000000000000000 0.0000000000000000	Ru
0.5000000000000000 0.7500000000000000 0.0000000000000000	Ru
0.0000000000000000 0.5000000000000000 0.7500000000000000	Ru
0.7500000000000000 0.5000000000000000 0.0000000000000000	Ru
0.0000000000000000 0.2500000000000000 0.0000000000000000	Ru
0.0000000000000000 0.0000000000000000 0.7500000000000000	Ru
0.7500000000000000 0.0000000000000000 0.0000000000000000	Ru
0.0000000000000000 0.7500000000000000 0.0000000000000000	Ru
