2176.0000 0.05 1
1.875
2.5
7.5
6.25
7.5
16.25
8.75
6.25
17.5
16.25
14.375
16.25
23.75
17.5
6.25
31.25
22.5
18.75
28.75
9.375
10.625
13.125
10
10
16.25
20
25
30
37.5
19.375
22.5
28.75
13.75
26.875
20.625
29.375
21.25
42.5
43.125
30.625
37.5
56.25
46.875
46.25
43.125
66.25
55.625
48.125
83.75
93.125
98.75
123.125
139.375
134.375
138.125
155.625
179.375
152.5
158.125
200.625
176.25
173.75
232.5
253.75
268.125
237.5
235.625
280.625
291.875
310.625
297.5
321.875
301.25
313.125
321.875
340
339.375
363.125
318.125
356.25
371.25
361.875
330.625
360.625
337.5
373.125
314.375
294.375
303.125
287.5
273.75
255.625
231.25
250.625
251.25
301.25
203.75
251.25
311.25
293.75
320
308.125
310
298.75
249.375
293.75
308.75
301.25
324.375
273.125
278.75
304.375
271.25
321.25
291.25
313.125
249.375
298.125
353.75
320
315
315.625
327.5
364.375
340
380.625
401.25
380
389.375
393.125
395.625
429.375
452.5
473.125
451.25
441.25
451.875
438.75
448.75
415
406.875
426.25
383.125
358.125
319.375
351.25
327.5
313.75
313.125
331.25
304.375
274.375
217.5
253.75
249.375
303.125
280.625
247.5
270.625
227.5
318.75
290.625
324.375
303.125
301.875
289.375
289.375
294.375
350
291.25
325
349.375
373.125
357.5
259.375
287.5
212.5
289.375
348.125
265
263.125
266.875
258.75
235.625
247.5
245.625
268.125
325.625
237.5
228.75
238.125
225.625
178.75
247.5
256.25
278.75
259.375
308.125
251.875
261.875
259.375
205
203.75
268.125
253.75
326.25
346.875
343.75
353.125
276.25
365.625
294.375
516.25
535.625
507.5
421.875
370.625
259.375
230.625
205
165
119.375
60
33.125
11.25
3.75
1.25
4.375
1.25
0
0
0
0
0
0
0
0
0
0
2.5
0
