0.007149 -0.001072 -0.003977
-0.005387 -0.000768 0.001706
0.010678 0.003162 0.000742
0.001237 0.000437 -0.002645
0.008291 0.001355 -0.002535
-0.001113 -0.003765 -0.000407
-0.004634 -0.001784 -0.005249
-0.005213 0.005783 0.000812
-0.008440 0.000311 -0.008166
0.004464 0.000597 -0.001479
-0.003375 -0.002393 0.004068
-0.007253 -0.002350 0.002182
-0.001341 -0.004993 0.010302
-0.005540 0.000934 0.000924
0.005142 0.000942 -0.005576
0.003253 -0.000891 0.001348
0.011193 0.002715 0.001732
-0.005582 -0.002104 0.001823
0.006019 0.006028 -0.006050
0.005607 -0.004166 -0.009638
0.008723 0.003723 -0.002439
-0.001015 -0.003952 0.004862
-0.004746 -0.002017 -0.003387
-0.004867 -0.011509 -0.019257
-0.011516 0.004022 -0.007914
0.005206 -0.000994 -0.002945
-0.002666 -0.003729 -0.028481
-0.006808 -0.002207 0.002962
-0.002701 -0.004718 0.010910
-0.006834 0.000318 -0.000214
0.005395 0.000205 -0.005118
0.002216 -0.001621 0.003028
0.007572 0.006115 -0.003821
-0.005248 -0.000179 0.001531
0.006666 0.007713 -0.004935
0.002214 0.000334 -0.002705
0.008537 0.001683 -0.002990
-0.000674 -0.003490 -0.001284
-0.006008 -0.002520 -0.003772
-0.004759 0.005954 -0.000380
-0.009606 0.000982 -0.007428
0.009039 0.003196 -0.012872
-0.003295 -0.002263 0.004124
0.035647 0.000084 -0.031742
-0.006726 -0.007335 0.003327
-0.002780 -0.004230 0.000386
0.014463 -0.000016 0.555708
0.003251 -0.002631 0.001754
0.012517 0.001264 0.003069
-0.005331 -0.000270 0.001229
0.010607 0.003777 -0.000213
0.001704 0.000547 -0.002882
0.008224 0.002106 -0.002135
-0.000949 -0.003428 -0.000771
-0.004776 -0.002152 -0.005340
-0.005216 0.005772 -0.000499
-0.008979 0.000741 -0.008327
0.005802 -0.002633 -0.001479
-0.003531 -0.002318 0.005161
-0.006663 -0.002695 0.001946
-0.001578 -0.005054 0.009515
-0.005649 0.000481 -0.001497
0.004132 0.001606 0.005490
0.002799 -0.001617 0.000737
0.009566 0.002576 0.001115
-0.005653 -0.041020 -0.030687
0.011205 0.003256 0.001100
0.005809 0.004782 -0.009715
0.008466 0.058051 -0.050374
-0.000847 -0.002854 0.007285
-0.008056 -0.006198 -0.004194
-0.005800 0.017864 -0.012189
-0.008678 0.000788 -0.006673
0.004594 -0.001603 -0.001510
-0.003288 -0.002452 0.002804
-0.006550 -0.003087 0.003327
-0.001706 -0.004786 0.009497
-0.005360 0.000544 -0.001214
0.004038 0.001685 -0.005644
0.003520 -0.001596 0.000738
0.011123 0.002527 0.001739
-0.005313 -0.004623 -0.001921
0.008388 0.003544 0.001762
0.001354 -0.001131 -0.000647
0.008347 0.006081 -0.006605
-0.002081 -0.003027 0.002076
-0.004489 -0.002213 -0.006014
-0.004882 0.022908 -0.018603
-0.008406 0.000768 -0.008372
0.005236 -0.000921 -0.002716
-0.003176 -0.001717 -0.024704
-0.006128 -0.002732 0.001980
-0.005271 -0.009045 0.004095
-0.004424 -0.000261 -0.000221
0.004061 0.002018 -0.005706
-0.038616 -0.000617 -0.030380
0.012452 0.003977 0.003254
-0.005171 -0.000991 0.000721
0.009947 0.002895 0.001777
0.003183 0.000757 -0.004709
0.008627 0.001671 -0.002837
-0.000789 -0.003712 -0.001404
-0.003493 -0.002086 -0.003888
-0.005422 0.005702 0.008306
-0.007518 0.000729 -0.007712
0.000096 -0.005813 -0.013985
-0.003447 -0.002449 0.005410
-0.007213 -0.002361 0.005475
-0.002982 -0.004609 0.011158
-0.005760 0.000629 -0.001116
0.005367 0.000829 -0.008219
0.002628 -0.001958 0.000531
0.006986 0.002261 -0.002660
-0.005140 -0.002200 0.003135
0.009401 0.004483 -0.000423
0.001197 0.002045 -0.000575
0.008014 0.003225 -0.001867
-0.002117 -0.003149 0.003269
-0.004496 -0.002167 -0.004638
-0.003699 -0.004876 -0.011246
-0.008495 0.000751 -0.009009
0.005175 -0.001175 -0.003268
-0.003388 -0.002451 0.003190
-0.006445 -0.002401 0.002014
-0.001214 -0.004155 0.010385
-0.005691 -0.000061 -0.001154
0.004167 0.001051 -0.005673
0.003362 -0.001816 0.000685
-0.012257 -0.001825 0.002362
0.004196 -0.002503 0.000061
-0.002694 0.000585 0.003513
-0.005410 0.003869 0.002990
-0.002225 0.005877 -0.001390
0.007864 -0.002090 -0.000177
0.004200 0.000556 -0.004240
0.004354 0.000358 0.000078
0.009233 0.006855 0.002730
0.000051 -0.006350 -0.007262
0.002448 0.003189 0.004766
-0.023419 -0.004390 -0.005377
0.002769 0.004384 0.010477
-0.000814 -0.008488 -0.008945
0.016864 -0.000741 0.000693
-0.006217 0.000732 0.008357
-0.012927 -0.000425 0.002698
0.004606 -0.002993 0.001025
-0.002720 0.001316 0.001982
-0.005539 0.004767 0.004236
-0.003339 0.006140 -0.002171
-0.044833 -0.001914 -0.040997
0.003203 -0.051180 -0.044297
-0.000145 -0.004615 -0.006364
0.010210 0.005673 0.002704
-0.000834 -0.006340 -0.006046
0.006846 -0.002289 -0.005081
-0.023352 -0.004249 -0.004650
0.002278 0.004747 0.012013
0.004741 -0.003989 -0.015335
0.017241 0.001099 0.001505
-0.006000 -0.000957 0.007920
-0.012401 -0.001206 0.004295
-0.008689 -0.002394 -0.013465
-0.000065 0.004601 -0.000953
-0.004099 0.004143 0.002294
-0.002223 0.007368 -0.001451
0.007642 -0.000035 0.000353
0.004272 -0.000057 -0.004495
0.003240 0.000187 -0.000919
0.013694 0.003139 -0.003129
0.013268 -0.006062 -0.020634
0.002613 0.002566 0.006869
-0.022089 -0.004295 -0.003725
0.002959 0.004749 0.017795
0.003932 -0.005054 -0.014980
0.021409 -0.004209 -0.009138
-0.005833 0.035273 -0.019691
-0.012717 -0.001232 0.002118
0.004822 -0.002701 0.000616
-0.002691 0.000808 0.000979
-0.005477 0.003827 0.003548
-0.004151 0.006273 -0.001482
0.006005 -0.001062 -0.001208
0.004277 -0.000473 -0.003778
0.004078 0.000211 0.000814
0.009841 0.005603 0.001613
-0.001901 -0.005543 -0.007273
0.002012 0.002878 0.004546
-0.023283 -0.004231 -0.005153
0.003160 0.004320 0.011959
-0.000619 -0.007797 -0.009361
0.018468 0.002314 0.000685
-0.005627 0.005795 0.001563
-0.008443 0.004487 -0.006972
0.004411 -0.002196 0.001332
-0.003674 0.001420 0.002280
-0.005831 0.002596 0.004596
-0.002832 0.006267 0.003855
0.006603 -0.001356 -0.001036
0.004515 -0.001537 -0.003733
0.000198 0.004489 -0.005761
0.015258 0.002554 -0.003677
-0.000781 -0.005392 -0.006087
0.001756 0.001397 0.005887
-0.023295 -0.003868 -0.004283
0.002587 0.004630 0.011791
-0.000432 -0.007943 -0.008589
0.017819 0.000646 -0.000830
-0.005582 0.000054 0.007539
-0.012117 -0.002531 0.003004
0.004729 -0.002633 0.000037
-0.002644 0.001249 0.002281
-0.001103 0.008547 -0.002910
-0.003437 0.006289 -0.000439
0.005455 -0.000974 0.001182
0.003963 -0.000974 -0.002339
0.004253 -0.000778 0.001010
0.009730 0.005339 0.001810
-0.000954 -0.005839 -0.006579
-0.001214 0.005715 -0.002176
-0.022789 -0.004198 -0.004776
0.002289 0.005470 0.011691
0.000509 -0.008506 -0.007976
0.017890 0.001003 -0.001067
-0.005981 -0.000519 0.008397
-0.012648 -0.001291 0.001970
0.021998 -0.002840 -0.018258
-0.002612 0.000723 0.002303
-0.001209 0.003899 -0.001661
-0.004284 0.005755 -0.001414
0.006270 -0.001086 -0.000804
0.004582 0.000145 -0.004757
0.003592 0.000333 -0.000705
0.011210 0.006205 0.003555
-0.021041 -0.005744 -0.026981
0.002200 0.002656 0.005092
0.014936 -0.004710 -0.028315
0.002743 0.004835 0.014241
0.000103 -0.008308 -0.008203
0.012923 0.005774 -0.009973
-0.005824 0.000641 0.010408
-0.016328 -0.004608 -0.004783
0.004980 -0.002501 0.001088
-0.001667 0.001850 0.002405
-0.001920 0.000003 -0.002186
-0.003702 0.006243 0.001262
0.007211 -0.001239 -0.001214
0.003884 -0.006346 -0.010855
0.004504 0.001594 0.001417
0.010736 0.007043 0.003823
-0.000970 -0.005987 -0.007154
0.002966 0.004192 0.006021
-0.022404 -0.003984 -0.004714
0.002684 0.003880 0.011438
0.000367 -0.007444 -0.009752
0.017671 0.000677 -0.000550
-0.006062 -0.000883 0.007623
