2176.0000 0.05 1
1.875
3.75
6.25
6.25
7.5
16.25
8.75
7.5
16.25
16.25
14.375
16.25
25
16.25
6.25
31.25
23.125
18.125
28.75
10
10
13.125
10
10
16.25
20
25
30
37.5
19.375
23.75
27.5
13.75
26.875
20.625
29.375
21.25
41.25
44.375
30.625
37.5
55
48.125
46.25
41.875
67.5
54.375
49.375
84.375
92.5
98.75
124.375
137.5
135
138.75
153.75
180.625
152.5
158.125
199.375
177.5
175
233.125
251.875
268.125
238.75
234.375
279.375
295
308.75
297.5
320.625
301.875
310
324.375
341.25
338.75
363.75
316.25
353.75
371.25
365.625
330
361.875
333.125
378.75
314.375
293.125
304.375
285
273.75
254.375
231.25
250
253.125
299.375
205.625
248.75
313.75
295
320
306.875
309.375
299.375
250
293.75
310.625
295.625
325
276.25
279.375
301.25
273.125
320.625
291.875
315
251.25
296.25
353.125
318.125
315
315
326.875
363.75
342.5
381.875
401.875
376.875
390.625
393.125
395.625
430.625
451.875
468.75
451.875
443.125
452.5
435.625
452.5
415
406.25
428.125
381.25
361.25
315
353.75
328.125
310
316.875
328.125
302.5
278.125
217.5
253.125
251.875
303.75
279.375
245.625
272.5
225.625
318.75
286.875
330
301.25
301.875
291.25
286.25
295.625
350
291.875
325.625
351.25
371.875
355
260.625
289.375
211.875
288.125
345.625
266.25
265.625
268.125
256.25
236.875
244.375
248.75
263.75
331.25
235
227.5
240
225
178.75
248.75
255
280
254.375
307.5
257.5
261.875
255
208.125
203.75
268.75
254.375
326.25
343.125
346.875
353.125
275.625
365.625
295.625
512.5
538.125
508.125
424.375
363.75
264.375
232.5
203.125
163.75
119.375
63.125
31.875
10
5
1.25
3.75
1.25
0
0
0
0
0
0
0
0
0
0
2.5
0
