0.009819 0.002867 0.001256
-0.005703 0.014152 0.015110
0.010844 0.001036 -0.000059
0.001558 -0.002138 -0.002866
0.008717 0.033972 -0.002590
-0.000990 -0.004895 -0.001066
-0.000526 0.008071 0.000218
-0.004454 0.003192 0.000862
-0.008569 0.000951 -0.007683
0.004210 -0.001117 -0.002659
-0.003625 -0.004537 0.003806
-0.005806 -0.002089 0.002281
-0.001884 -0.004355 0.009643
-0.005741 0.000827 -0.000546
0.005387 0.001005 -0.006278
0.003700 -0.003743 -0.000154
0.012609 0.000091 0.001651
-0.004919 -0.010815 0.001221
0.010017 0.003576 -0.000120
0.001802 0.000766 -0.003288
0.008523 0.001674 -0.002825
-0.000938 -0.003537 0.001146
-0.004785 -0.001074 -0.005016
-0.005011 0.005229 -0.000542
-0.010064 0.000606 -0.008679
0.005304 -0.000685 -0.002249
-0.003299 -0.002404 0.005510
-0.007675 -0.005168 0.001705
-0.000892 -0.004413 0.009544
-0.006444 0.000555 -0.002311
0.004920 0.007070 0.000617
0.003756 -0.002181 0.000581
0.011004 0.002800 0.001178
-0.005288 0.013987 -0.012340
0.012120 -0.002115 0.000059
0.036161 0.025943 -0.003537
0.007183 0.032067 -0.002974
-0.000549 0.021982 -0.036378
-0.007857 0.006556 -0.008765
-0.007975 0.028875 0.033480
-0.010155 0.004318 -0.008700
0.006399 -0.001211 -0.002010
-0.002581 0.034203 -0.044184
-0.006126 -0.001250 0.002831
-0.001568 -0.005155 0.009017
-0.006080 -0.000456 -0.000464
0.005095 0.000787 -0.005757
-0.001579 0.004341 -0.003305
0.011781 0.001685 0.000997
-0.005828 0.014808 -0.013174
0.010599 0.002981 0.000018
0.001347 0.001131 -0.003114
0.008349 0.004390 -0.002949
-0.000506 0.002226 -0.005780
-0.005419 -0.002629 -0.003285
-0.004825 0.012094 0.006041
-0.008509 0.001179 -0.007667
0.005554 -0.000574 -0.002579
-0.003653 0.004318 -0.001237
-0.006873 -0.003320 0.002241
-0.001784 -0.004864 0.009429
-0.005595 0.000621 -0.000460
0.004259 0.000789 -0.005735
0.003749 -0.003892 0.002369
0.007131 0.008256 0.006139
-0.005465 -0.001133 0.001074
0.010908 0.003953 0.000094
0.001411 -0.000237 -0.003308
0.008542 0.003054 -0.002618
-0.000824 -0.003624 0.000054
-0.004870 -0.003132 -0.004745
-0.004913 0.005814 -0.000975
-0.007809 0.000566 -0.007530
0.006418 0.000127 -0.000339
-0.003347 -0.002985 0.005042
-0.001766 0.004077 -0.002301
-0.002303 -0.004713 0.009354
-0.005186 0.000685 0.000690
0.004406 0.001321 -0.005322
0.003216 -0.002229 0.000787
0.012870 -0.000253 0.000098
-0.005210 -0.000745 0.001332
0.009824 0.003924 -0.000757
0.002289 0.000568 -0.003568
0.008596 0.001878 -0.002852
-0.001866 -0.003645 -0.000350
-0.004627 -0.001563 -0.004997
-0.005011 0.005712 -0.001251
-0.008085 0.000869 -0.007891
0.005182 -0.000641 -0.002158
-0.003331 -0.002574 0.005535
-0.008127 -0.005224 0.003345
0.012998 0.009489 0.010061
-0.001920 0.009222 -0.004191
0.004537 0.000494 -0.004671
0.002214 -0.001949 0.000905
0.011719 0.001854 0.001279
-0.005227 0.014595 0.015341
0.010327 0.004657 -0.000102
0.001401 0.000351 -0.003219
0.008768 0.004438 -0.002639
-0.001061 -0.003836 -0.000469
-0.004134 -0.002320 -0.006310
-0.005197 0.005886 -0.000199
-0.008302 -0.000562 -0.007562
0.005241 -0.000812 -0.002487
-0.003345 -0.002434 0.004709
-0.007872 -0.002864 0.003103
-0.001479 -0.005603 0.009828
-0.005784 0.001479 -0.000554
0.005397 0.000790 -0.005943
-0.001325 0.004014 0.005098
0.007632 0.007311 -0.002154
-0.005390 -0.002438 0.001251
0.010149 0.004786 0.000200
0.001732 -0.000397 -0.003009
0.008517 0.002838 -0.003028
-0.002100 -0.003122 0.000194
-0.004336 -0.001607 -0.004945
-0.005324 0.005821 -0.000268
-0.008829 0.000930 -0.007777
0.005190 -0.002563 -0.002395
-0.003363 -0.002353 0.006045
-0.002442 0.003560 0.005747
-0.022903 0.015617 0.008993
-0.010102 0.010438 0.003877
0.000521 0.039252 0.044826
-0.000712 0.001617 0.001422
-0.008618 0.008143 -0.001679
0.006315 -0.004512 -0.000108
-0.003457 0.001502 0.002020
-0.005496 0.002166 0.003665
0.000707 0.012014 -0.005881
0.006281 -0.003251 -0.001199
0.004033 0.003163 -0.004481
0.003096 -0.003168 -0.000950
0.032038 0.028645 0.002073
-0.002605 -0.008059 -0.006682
0.001983 0.002985 0.005296
-0.022479 -0.004165 -0.004966
0.001692 0.003028 0.011537
-0.000532 -0.007781 -0.009443
0.017719 0.001459 0.000134
-0.005849 0.001279 0.007171
-0.012764 -0.000715 0.002824
0.005840 -0.003309 0.000999
-0.002761 0.002146 0.002212
-0.005209 0.003625 0.002610
-0.002323 0.005070 -0.000196
0.006762 -0.001972 -0.000894
0.004532 0.000381 -0.004229
0.003259 0.000126 -0.000324
0.009613 0.006209 0.001679
-0.002324 -0.007825 -0.007578
0.002540 0.002764 0.005538
-0.022683 -0.007367 -0.004643
0.002317 0.004767 0.011877
0.000134 -0.008076 -0.008988
0.022414 0.008864 0.003549
-0.006182 -0.003279 0.007674
-0.015725 0.007045 0.006439
0.007381 0.001831 0.005443
-0.002260 0.001266 0.002417
-0.000089 0.009403 0.006803
-0.001668 0.004667 -0.001192
-0.020313 0.018009 -0.000055
-0.000717 -0.495162 -0.003855
-0.018425 0.010097 -0.001229
-0.012711 0.028211 0.001733
-0.005001 -0.001205 -0.002422
0.000637 0.006564 0.006372
-0.023255 -0.004825 -0.005236
-0.001917 0.008627 0.008548
0.000079 -0.010937 -0.009738
0.017444 -0.000555 -0.000023
-0.006607 0.000886 0.007973
-0.013069 -0.002166 0.001152
0.004775 -0.002486 0.001019
-0.002074 0.001334 0.002203
-0.005484 0.001484 0.001063
-0.003877 0.005181 -0.000331
0.006759 -0.000718 -0.001341
0.004172 -0.012222 -0.004686
0.003958 0.001010 -0.000300
0.010209 0.007267 0.002502
-0.001040 -0.006203 -0.006722
0.002330 0.003822 0.005347
-0.022457 -0.004244 -0.005630
0.003187 0.004600 0.011403
-0.000674 -0.008889 -0.009539
0.017771 0.001546 -0.000096
-0.005978 0.000946 0.007696
-0.012498 -0.001013 0.002978
0.008600 0.001753 0.005122
-0.002727 0.000112 0.002427
-0.005551 0.003598 0.002738
0.000637 0.011712 -0.005045
0.006336 -0.001598 -0.001073
0.003690 0.000345 -0.004461
0.003730 -0.000540 -0.000413
0.009601 0.006194 0.001926
-0.005234 -0.000560 -0.003801
0.002050 0.002974 0.005330
0.005550 0.007043 -0.004915
0.002760 0.003891 0.012690
-0.000987 -0.008174 -0.009216
0.012960 0.009810 -0.004130
-0.005392 -0.005814 0.007641
-0.012558 -0.000660 0.003135
0.004549 -0.002460 0.001152
-0.002977 0.000538 0.002458
0.001317 0.009636 0.002140
-0.003598 0.006364 -0.001132
0.006976 -0.002012 -0.001540
0.004119 0.000292 -0.005017
0.003599 0.000017 -0.000512
0.009662 0.007148 0.002123
-0.000650 -0.005866 -0.006693
0.001267 0.002823 0.006102
-0.023715 -0.003598 -0.005058
0.000340 0.002421 0.013521
0.000952 -0.008038 -0.010831
0.016976 0.000069 0.001540
-0.006298 -0.004401 0.007647
-0.012584 -0.001945 0.004404
0.004384 -0.003478 -0.000366
-0.002820 0.000913 0.002751
-0.000114 0.009058 -0.001599
-0.003715 0.006008 -0.000857
0.006735 -0.001829 -0.000986
0.004378 0.001462 -0.004482
0.004006 -0.000256 -0.000164
0.009468 0.007199 0.001428
-0.000840 -0.006984 -0.007234
0.002333 0.002035 0.005244
-0.023646 -0.005044 -0.005627
0.002252 0.003468 0.012719
-0.000729 -0.006959 -0.009294
0.017520 0.001617 0.000102
-0.005964 0.000461 0.007841
-0.012624 -0.002606 0.002875
0.004480 -0.004007 0.000131
-0.001544 0.004301 0.000536
-0.002961 0.004745 0.002602
-0.003753 0.005504 -0.000089
0.006262 -0.001492 -0.000517
0.004386 0.000319 -0.003992
0.003444 -0.000101 0.000103
0.009395 0.006096 0.001957
-0.000400 -0.006816 -0.007109
0.002914 0.002832 0.005522
-0.023262 -0.004627 -0.005330
0.000519 0.008697 0.007946
-0.000767 -0.007576 -0.009340
0.018021 0.000409 -0.001438
-0.005555 -0.006241 0.008064
