-0.001095 0.012129 0.012181
-0.011504 -0.002727 -0.000087
-0.001859 0.019699 0.001346
0.012491 0.007564 -0.003468
-0.018598 0.025472 -0.001668
-0.008800 -0.000308 -0.000713
-0.001094 0.002566 0.004636
0.000204 -0.015603 -0.001008
-0.003439 -0.011309 -0.000120
-0.011141 -0.004930 -0.001451
0.011622 -0.007241 -0.000426
-0.009450 -0.006073 -0.004219
0.004150 -0.007664 0.002833
0.003536 -0.019712 -0.001059
-0.003448 0.004481 0.007570
0.013931 -0.011272 0.002393
-0.001154 0.011453 0.012420
-0.008370 0.001585 0.000800
-0.001872 0.019027 0.000272
0.011042 0.008087 -0.004031
-0.000249 0.016565 -0.005335
-0.009690 -0.000024 -0.001859
-0.004015 0.006225 0.008538
-0.000386 -0.015472 -0.001957
-0.002836 -0.011342 -0.002477
-0.011054 -0.004713 -0.001916
0.011751 -0.007123 -0.000242
-0.008403 -0.006280 -0.003360
0.004296 -0.007711 0.001820
0.003261 -0.019175 -0.000886
-0.004067 0.000688 0.000958
0.014177 -0.011742 0.002070
-0.000509 0.011125 0.012360
-0.008057 0.002249 0.001454
-0.000124 0.018066 0.001328
0.010932 0.008459 -0.001789
-0.001653 0.015628 -0.004675
-0.009520 0.000978 -0.002469
0.016101 -0.007061 0.008531
0.000153 -0.015927 -0.002800
-0.004021 -0.011572 -0.001621
-0.011377 -0.005862 -0.001908
0.010906 -0.006399 0.000486
-0.011167 -0.006085 -0.003528
0.004523 -0.007060 0.002020
0.003486 -0.019522 -0.001099
-0.003996 0.000749 0.000122
0.013446 -0.011520 0.001740
0.064770 -0.023413 0.091854
-0.006740 -0.003766 0.000599
-0.002626 0.098025 0.084295
0.013351 0.008175 -0.002258
-0.003509 0.016816 -0.010988
-0.004244 0.003709 0.001731
-0.000162 0.002395 0.004992
0.007242 -0.020708 0.004106
-0.004823 -0.011497 -0.002052
-0.011200 -0.005249 -0.000344
0.009441 -0.000150 0.006854
-0.007917 -0.005245 -0.002035
0.003980 -0.008232 0.003205
0.002726 -0.020425 0.000992
-0.003661 0.000414 -0.000657
0.007796 -0.014449 0.009633
-0.000422 0.010268 0.012573
-0.009024 -0.000318 -0.004583
-0.001043 0.019382 0.000966
0.010308 0.009033 -0.002718
0.001602 0.012946 -0.002105
-0.008682 0.000158 -0.001802
-0.000212 0.003902 0.005609
0.000224 -0.016484 -0.003213
-0.003086 -0.011486 -0.002940
-0.011109 -0.004513 -0.001669
0.011048 -0.006358 -0.000055
-0.009976 -0.005949 -0.003342
0.004118 -0.007817 0.003074
0.003218 -0.019312 -0.000391
-0.004659 -0.003368 0.006071
0.013800 -0.011371 0.002879
-0.001164 0.011177 0.013747
-0.008687 0.001594 0.001747
-0.002769 0.018715 0.001170
0.011957 0.004469 -0.001998
-0.002801 0.015153 -0.005403
-0.012070 -0.001338 -0.007180
0.000734 0.002233 0.000128
0.000274 -0.015322 -0.002108
-0.003897 -0.011728 -0.003148
-0.015787 -0.007938 0.003259
0.011491 -0.006156 -0.001575
-0.009108 -0.005889 0.001046
0.004183 -0.008584 0.010582
0.007168 -0.017301 -0.001193
-0.003541 0.001202 0.001355
0.013949 -0.010900 0.003295
-0.001228 0.010995 0.011451
-0.010449 0.000095 0.000196
-0.001358 0.018792 -0.000367
0.014208 -0.058465 0.074277
-0.001585 0.016692 -0.005333
-0.013670 0.001633 -0.001070
0.004216 0.004376 0.004191
-0.000125 -0.015604 -0.001298
-0.003050 -0.011336 -0.000684
-0.006705 -0.002295 0.003078
0.011576 -0.006536 0.000741
-0.010545 -0.006737 -0.001394
0.002881 -0.006623 0.004884
-0.000433 -0.020925 -0.001481
-0.003871 -0.000436 0.001501
0.013255 -0.011488 -0.000802
0.001415 0.010090 0.011709
-0.006502 0.001339 -0.005459
-0.001787 0.020811 0.000461
0.011692 0.007769 -0.003199
-0.004799 0.014359 -0.005914
-0.027665 -0.010286 0.001602
0.001007 0.004138 0.004904
-0.004167 -0.011753 0.003697
-0.002445 -0.011443 -0.002745
-0.011034 -0.005208 -0.001920
0.011970 -0.013147 0.007014
-0.010569 -0.006552 -0.003472
0.004948 -0.006568 0.002812
0.002458 -0.018687 0.005142
-0.003840 0.000432 0.001713
0.017793 -0.008136 0.007762
-0.000077 0.003440 -0.004399
0.007269 0.006762 -0.006892
-0.010563 0.012198 0.002908
0.007090 0.022452 -0.002161
-0.000683 -0.002071 0.000120
0.000984 0.004567 -0.009599
-0.005922 0.001516 -0.000141
0.002080 0.005723 0.000033
-0.000471 0.007807 -0.003291
0.018503 -0.012359 0.002680
-0.008720 0.009749 0.001629
-0.004671 -0.000784 -0.000318
0.011826 -0.007922 0.000258
-0.003596 -0.005291 0.003227
0.010072 -0.009349 0.001898
-0.015519 -0.013193 0.006474
0.000286 0.003809 -0.005116
0.004847 0.007419 -0.007391
-0.008993 0.010159 0.002535
0.007475 0.023377 -0.002501
-0.000467 -0.003123 0.001364
0.002207 0.003198 -0.010149
-0.008567 -0.002698 0.001493
0.002611 0.005170 -0.000284
0.000415 0.007920 -0.002035
0.018043 -0.011687 0.002886
-0.009482 0.010305 0.002225
-0.005627 -0.000622 -0.000434
0.011791 -0.005648 0.001896
-0.003118 -0.005305 0.003851
0.010053 -0.009810 0.001789
-0.017012 -0.012578 0.000936
0.000294 0.002965 -0.003882
0.006038 0.004403 -0.002120
-0.010378 0.010731 0.002488
0.006228 0.022902 -0.001775
0.000166 -0.002946 -0.000528
0.001171 0.003846 -0.009487
-0.007780 -0.001934 0.000885
0.003669 0.005071 0.000861
-0.001488 0.007571 -0.002726
0.018536 -0.011768 0.003735
-0.007392 0.010059 0.001625
-0.004213 -0.001965 -0.000107
0.011970 -0.005002 0.002778
-0.003341 -0.005788 0.003516
0.009969 -0.009710 0.002225
-0.016557 -0.011049 0.001093
-0.000368 0.003259 -0.004213
0.007033 0.008181 -0.001836
0.006416 0.020077 0.005780
0.005668 0.024492 -0.001910
-0.000711 -0.004406 -0.000251
0.001689 0.004282 -0.008330
-0.011650 -0.000807 -0.006094
-0.000472 0.008793 -0.001117
-0.000929 0.008664 -0.001416
0.017228 -0.011799 0.024123
-0.010169 0.009430 0.002469
-0.004047 0.000019 -0.000617
0.011534 -0.005595 0.001371
-0.003730 -0.006078 0.003288
0.015730 -0.012422 0.007799
-0.019653 -0.010897 0.001267
0.000189 0.003250 -0.005357
0.010987 0.006259 -0.003991
-0.010327 0.010401 0.003150
0.007161 0.024557 -0.001634
-0.000394 -0.003462 -0.000228
0.001773 0.003536 -0.009721
-0.008341 0.000704 -0.003576
0.003601 0.005208 0.000556
-0.001072 0.006787 -0.001698
0.018380 -0.010919 0.003746
-0.008071 0.010666 0.002851
-0.004809 -0.001942 -0.000371
0.011092 -0.002643 0.000218
-0.003043 -0.006095 0.002685
0.010233 -0.010071 0.000365
-0.016516 -0.011729 0.008534
-0.001625 0.003474 -0.004757
0.008571 0.007020 -0.002318
-0.007750 0.011779 -0.001823
0.006923 0.019234 0.006327
0.001669 -0.002102 -0.000017
-0.000473 0.005636 -0.010680
-0.008451 -0.002184 0.001807
0.004699 0.006614 -0.005851
-0.001590 0.010858 0.006623
0.017988 -0.011537 0.002262
-0.008610 0.010302 0.004424
-0.005368 -0.000903 -0.003769
0.011605 -0.006087 -0.000583
-0.003365 -0.005202 0.011005
0.009639 -0.009837 0.001153
-0.016057 -0.012508 0.000803
-0.066164 -0.032531 0.067414
0.007074 0.009269 -0.001857
-0.006017 0.009205 0.003144
0.008944 0.043040 0.003099
0.054309 0.027852 0.055719
-0.049143 0.028696 0.036539
-0.006950 -0.001555 0.000645
0.004835 0.009156 0.000841
-0.000785 -0.010693 0.001602
0.017974 -0.011409 0.002973
-0.008272 0.010740 0.008809
-0.013734 0.007619 -0.570823
0.011946 -0.004608 0.000063
-0.000715 -0.005555 0.007310
0.010530 -0.009428 0.001465
-0.016825 -0.011559 0.000674
-0.000190 0.005914 -0.005351
0.006271 0.009283 -0.002366
-0.014048 0.009337 0.007847
0.007212 0.022414 -0.000389
-0.000037 -0.002596 0.000684
0.001559 0.004763 -0.010354
-0.009147 0.001593 -0.000235
0.003105 0.006676 -0.004961
0.000523 0.007162 -0.002202
0.018750 -0.010886 0.024872
-0.007236 0.010102 0.002734
-0.006037 -0.001351 -0.000020
0.012012 -0.005833 0.001607
-0.003390 -0.004747 0.003536
0.006862 -0.006840 0.009004
-0.013511 -0.013160 0.001753
