2176.0000 0.05 1
1.875
3.75
6.25
6.25
7.5
16.25
8.75
7.5
17.5
15
14.375
16.25
23.75
17.5
6.25
31.25
23.125
18.125
28.75
10
10
13.125
10
10
16.25
20
25
30
37.5
19.375
25
26.25
13.75
26.875
20.625
29.375
21.25
41.25
44.375
30.625
37.5
56.25
47.5
45.625
42.5
66.875
54.375
48.125
85
93.125
98.75
124.375
136.875
135.625
138.125
155.625
179.375
153.75
156.875
200.625
177.5
173.75
233.125
252.5
268.75
238.75
231.875
283.125
291.25
311.25
297.5
318.75
303.125
314.375
321.25
339.375
340.625
363.125
314.375
356.25
367.5
369.375
330
360
333.125
378.125
313.75
294.375
301.875
290.625
270.625
254.375
231.25
250
253.125
299.375
206.875
250
311.875
294.375
317.5
309.375
310
297.5
251.25
294.375
310
294.375
327.5
273.125
280.625
303.75
270.625
321.25
291.25
318.125
247.5
297.5
354.375
315.625
318.75
312.5
325.625
368.125
340.625
380.625
402.5
378.75
388.125
392.5
395
430.625
451.25
473.125
452.5
440.625
454.375
435.625
447.5
418.125
405
428.75
380.625
359.375
316.25
355
326.875
308.125
318.75
331.25
301.875
278.125
216.25
254.375
249.375
303.75
278.125
248.125
272.5
224.375
319.375
289.375
328.75
300
305
288.75
287.5
294.375
351.25
289.375
323.125
355.625
369.375
355
265
284.375
214.375
288.125
346.875
263.75
264.375
267.5
258.125
237.5
246.875
247.5
265
324.375
240
228.75
238.125
225
178.125
250
254.375
281.875
255
307.5
253.75
263.75
256.875
207.5
203.75
268.125
253.75
325
345.625
345
354.375
274.375
366.875
295.625
511.875
536.875
507.5
426.25
365.625
261.25
231.25
203.125
165.625
120
63.125
31.25
11.875
3.75
1.25
3.75
1.25
0
0
0
0
0
0
0
0
0
0
2.5
0
