0.010771 0.001668 -0.005556
-0.005552 -0.001412 0.001661
0.010719 0.004181 0.000550
0.002151 0.000690 -0.004005
0.008607 0.002472 -0.001463
-0.002068 -0.003774 -0.001083
-0.004655 -0.002484 -0.005551
-0.004481 0.005789 -0.000410
-0.008460 0.001485 -0.008681
0.005258 -0.001969 -0.002528
-0.004034 -0.002130 0.003574
-0.006199 -0.002757 0.003038
-0.001998 -0.006895 0.009180
-0.005787 -0.000658 -0.000951
0.006008 0.000763 -0.004799
0.003033 -0.001192 0.000764
0.010717 0.002288 0.001591
-0.005211 -0.001557 -0.000031
0.015195 0.008457 0.010554
0.001784 0.017380 0.013964
0.009138 0.001790 -0.003330
0.001251 0.001382 0.005379
-0.004301 -0.003459 -0.005563
-0.003852 0.004995 -0.001329
-0.012353 -0.001313 -0.003436
0.005149 -0.000064 -0.002663
-0.002995 -0.001927 0.002447
-0.005870 -0.002074 0.003055
-0.001279 -0.005093 0.010356
-0.005366 0.001384 -0.000160
0.005768 0.001037 -0.004685
0.002466 -0.001977 -0.002802
0.010668 0.000678 -0.005307
-0.004155 -0.001016 0.000691
0.010687 0.004208 -0.000817
0.002364 0.001188 -0.003229
0.008718 0.002686 -0.003743
-0.000812 -0.003493 -0.000461
-0.009891 0.001071 0.001593
-0.005690 0.005855 0.000844
-0.013494 -0.003148 -0.002147
0.005896 -0.064151 0.053215
-0.004034 -0.002648 0.003947
0.002005 0.020614 -0.574625
0.002247 -0.010083 0.020012
-0.003209 -0.044816 0.039865
-0.034802 0.003544 0.029668
0.003675 -0.002570 0.000957
0.010887 0.001487 -0.002508
-0.005242 -0.001182 0.001665
0.010775 0.004307 0.000690
0.002110 0.000779 -0.002526
0.008505 0.002850 -0.002104
-0.001895 -0.003536 -0.001210
-0.004858 -0.002331 -0.005080
-0.004096 0.005917 -0.000811
-0.008632 0.001016 -0.007958
0.005656 -0.007022 0.004805
-0.003571 -0.002528 0.004342
-0.005870 -0.002088 -0.007686
-0.000847 -0.003372 0.009061
-0.006315 -0.005246 0.006035
0.005167 0.001217 -0.005181
0.001898 -0.002573 0.001140
0.011572 0.002751 0.002082
-0.008677 -0.002585 -0.000177
0.010203 0.005796 -0.000733
0.001838 -0.010798 0.007739
0.004346 -0.000982 0.005693
0.002245 -0.007812 0.005349
-0.008023 -0.000389 -0.000515
-0.002929 0.007105 -0.001826
-0.007943 0.002087 -0.008837
0.005246 -0.000581 -0.002090
-0.004245 -0.002643 0.004762
-0.006190 -0.002967 0.003015
-0.001789 -0.005457 0.010066
-0.005466 0.001079 -0.001368
0.004259 0.001156 -0.005129
0.002627 -0.001963 0.000556
0.010642 0.002145 0.001666
-0.005631 -0.001536 0.002243
0.005255 -0.000868 0.011571
0.002802 -0.012192 0.009162
0.007912 0.003856 -0.003600
-0.003903 -0.002147 -0.003164
-0.004420 -0.002603 -0.004958
-0.008514 0.001494 0.006399
-0.010016 0.001781 -0.009921
0.005055 -0.000405 -0.003209
0.042347 -0.001309 0.042188
-0.006004 -0.002797 0.003016
-0.002045 -0.005152 0.008278
-0.005287 0.000730 -0.000119
0.005030 0.002137 -0.006520
0.003003 -0.001847 -0.007389
0.010528 0.001359 -0.001841
-0.006570 -0.001388 0.000482
0.010337 0.004158 0.001278
0.002174 0.000637 -0.012363
0.008192 0.002670 -0.001927
-0.000344 -0.004099 0.000954
-0.006056 -0.002614 -0.006589
-0.005555 0.006413 0.001042
-0.009845 0.001201 -0.009879
0.005214 -0.001485 -0.005070
-0.004027 -0.002540 0.004378
-0.006996 -0.002305 0.006364
-0.005845 -0.001141 0.020056
-0.006377 -0.000010 -0.003070
0.004772 0.000680 -0.007632
0.001962 -0.001193 0.000986
0.010452 0.002442 0.002173
-0.005444 -0.001612 0.001470
0.009834 0.003219 -0.001122
0.002892 0.016828 0.013589
0.013030 0.007325 0.006977
-0.003434 -0.004479 -0.003089
-0.006320 -0.003620 -0.007074
-0.007121 0.009620 0.005533
-0.008324 0.000740 -0.007679
0.004967 -0.000135 -0.001976
-0.004257 -0.002660 0.004628
-0.005873 -0.001999 0.002880
-0.001619 -0.005432 0.010227
-0.005836 0.001363 -0.000694
0.005115 0.001362 -0.006049
0.002391 -0.001668 0.001466
-0.012273 -0.001060 0.002053
0.005536 -0.002808 0.001104
-0.002850 0.001431 0.002099
-0.004299 0.003881 0.003621
-0.000716 0.010352 0.003689
0.006157 -0.001338 -0.000201
0.004443 -0.000810 -0.003354
0.003215 0.000638 0.000031
0.009714 0.005288 0.001061
-0.000014 -0.006324 -0.006426
0.002801 0.002656 0.004580
-0.022102 -0.004185 -0.004384
0.001974 0.004437 0.011062
-0.000667 -0.007099 -0.010315
0.018000 0.001427 -0.000226
-0.006087 0.000838 0.006279
-0.012974 -0.001260 0.002853
0.002074 0.001448 0.005535
-0.002877 0.000258 0.001582
-0.004287 0.004074 0.003348
-0.004420 0.006199 -0.001865
0.008079 -0.000249 0.028206
0.000561 0.002351 0.002842
0.002882 0.000594 -0.001226
0.009706 0.005836 0.001989
0.000269 -0.006672 -0.006990
0.003103 0.001903 0.004503
-0.022760 -0.004568 -0.004752
0.001599 0.004771 0.011765
0.000580 -0.007326 -0.010075
0.017703 0.000139 0.000139
-0.005916 0.000352 0.007984
-0.006323 -0.004384 0.008658
0.004267 -0.002782 0.001273
-0.004472 0.036425 0.031716
0.014858 0.003922 0.022404
0.000613 0.001950 0.004317
0.006037 -0.001387 -0.000250
0.004055 -0.000891 -0.005908
0.003386 0.000456 -0.005302
0.009333 0.007611 0.004102
-0.054518 -0.004822 0.036533
0.007215 0.005647 0.010756
-0.008205 -0.004255 0.010318
0.037847 0.005647 0.040127
0.002965 -0.010421 -0.007532
0.017000 0.042545 0.033565
-0.006904 0.002230 0.008006
-0.012958 -0.001404 0.002824
0.005520 -0.002260 0.000643
-0.003202 0.004217 0.006917
-0.004560 0.003988 0.003970
-0.004648 0.007651 -0.003825
0.006039 -0.001097 -0.002198
0.004262 -0.000852 -0.003508
0.002991 0.000047 -0.001070
0.009726 0.005266 0.002718
0.000011 -0.006369 -0.005679
0.002284 0.002701 0.004965
-0.023335 -0.004401 -0.004073
0.002022 0.004262 0.011869
-0.000368 -0.007366 -0.008877
0.018649 0.003704 0.003677
-0.005794 0.000493 0.008503
-0.010859 0.000023 0.000374
0.000791 -0.005678 0.005797
-0.002584 0.000104 0.002422
-0.004368 0.004216 0.003941
-0.003512 0.006377 -0.001862
0.005447 -0.000103 0.000553
0.004811 0.000140 -0.005074
0.002166 -0.000613 -0.000825
0.010982 0.006120 0.001557
0.000314 -0.004806 -0.007059
0.002196 0.002576 0.005212
-0.022116 -0.004407 -0.005010
0.002232 0.004122 0.011591
-0.001113 -0.007676 -0.009167
0.017866 -0.000348 -0.000169
-0.006634 0.000264 0.007164
-0.013242 0.000086 0.002145
0.006210 -0.001110 -0.001069
-0.002960 -0.000197 0.002251
-0.003903 0.003039 0.003497
-0.004158 0.006240 -0.002049
0.004234 0.000110 0.030116
0.009327 -0.005665 0.005555
0.003756 -0.000053 -0.000837
0.010132 0.005281 0.002093
-0.000957 -0.006400 -0.005911
0.005754 0.005066 0.009955
-0.022646 -0.003887 -0.004539
0.001427 0.005167 0.010947
-0.001591 -0.007265 -0.009962
0.017750 -0.000362 0.000222
-0.006123 0.000097 0.008297
-0.011376 -0.000849 0.000326
0.001656 -0.002505 0.003995
-0.002932 0.002465 -0.000305
-0.024397 0.003137 0.024162
-0.004081 0.005332 -0.003668
0.005979 -0.001164 -0.002096
0.004560 -0.000632 -0.003907
0.003477 0.000393 -0.000929
0.009878 0.005563 0.002564
-0.002123 -0.006193 -0.009756
0.003326 0.002018 0.003890
-0.036820 -0.004425 0.010039
0.003230 0.005058 0.008286
-0.000695 -0.007505 -0.009023
0.018247 0.002242 -0.002052
-0.005819 0.000401 0.007627
-0.008777 -0.003826 0.007963
0.005683 -0.003879 -0.000603
-0.002545 0.000419 0.002167
-0.004894 0.003659 0.002807
-0.000779 0.006313 0.001831
0.006625 -0.000437 0.000440
0.004248 -0.001476 -0.004904
0.003843 0.001102 -0.000975
0.008309 0.005563 0.001385
-0.000391 -0.005434 -0.006181
0.002161 0.002185 0.004637
-0.022262 -0.004151 -0.004617
0.002157 0.004030 0.010446
0.000544 -0.006987 -0.009543
0.017591 -0.000199 -0.000547
-0.004917 0.000714 0.007351
