2176.0000 0.05 1
1.875
3.75
6.25
6.25
7.5
16.25
8.75
6.25
17.5
16.25
14.375
16.25
25
16.25
6.25
31.25
23.125
18.125
30
8.75
10
13.125
10
10
16.25
20
25
30.625
36.875
19.375
25
26.25
13.75
26.875
21.875
28.125
21.25
41.25
45
30
40
53.75
47.5
45.625
41.875
67.5
54.375
49.375
84.375
92.5
98.75
124.375
137.5
135
140.625
151.875
180.625
152.5
159.375
198.125
177.5
174.375
234.375
251.875
270
235
236.875
280.625
290.625
310.625
296.25
320
303.75
312.5
323.75
336.875
340
362.5
316.25
354.375
371.25
366.25
328.125
365
331.875
376.875
315
295.625
303.125
286.25
270
254.375
235
251.25
252.5
297.5
206.875
248.75
313.75
293.125
315
309.375
311.25
298.125
251.875
295
309.375
293.75
325.625
278.75
278.125
301.25
274.375
320.625
290.625
315
248.75
299.375
350.625
320.625
314.375
318.125
326.25
361.875
343.75
378.125
403.75
376.875
391.25
393.75
393.75
433.125
449.375
473.75
450
441.25
451.875
437.5
448.75
417.5
405.625
428.125
382.5
358.125
318.125
354.375
326.875
309.375
316.25
329.375
303.75
278.125
217.5
253.75
250
301.25
280.625
247.5
270.625
225
321.875
287.5
328.75
300
303.125
291.25
284.375
298.75
347.5
293.75
322.5
354.375
371.25
353.75
261.25
288.125
213.125
289.375
345
266.875
264.375
265.625
260
236.25
245
249.375
261.875
330
236.875
228.125
237.5
225.625
180.625
247.5
255
282.5
254.375
308.125
253.125
264.375
255.625
205
206.25
268.125
255
326.25
344.375
343.125
355.625
272.5
368.75
294.375
511.25
535.625
510
426.25
363.125
265
231.875
203.75
166.875
118.75
58.75
33.125
12.5
4.375
1.25
3.75
1.25
0
0
0
0
0
0
0
0
0
0
2.5
0
