0.011671 0.003274 0.000843
-0.005489 -0.000809 0.001247
0.012306 0.005269 0.000532
0.003725 0.002411 -0.002531
0.008626 0.002349 -0.002760
-0.000415 -0.002050 -0.000054
-0.004513 -0.004634 -0.004783
-0.004554 0.007641 0.001777
-0.007432 -0.030869 -0.008637
0.005139 0.001185 -0.002556
-0.000276 -0.007568 -0.001096
-0.007005 -0.001420 0.002770
-0.001918 -0.005337 0.010990
-0.005549 0.000449 -0.001007
0.005342 0.000790 -0.004657
0.002361 -0.001589 0.001374
0.010533 0.002469 0.000827
-0.006910 -0.000382 0.001620
0.010683 0.005128 0.000019
0.002009 0.001392 -0.002530
0.008262 0.002278 -0.003174
-0.002070 -0.003077 0.000205
-0.004830 -0.003039 -0.005262
-0.003604 0.006374 0.000347
-0.008665 0.000100 -0.007566
0.004855 -0.000954 -0.002802
-0.004495 -0.001918 0.004311
-0.005607 -0.001973 0.003659
-0.001964 -0.005810 0.009796
-0.005688 -0.000117 -0.000772
0.006201 0.000829 -0.004868
0.002525 -0.001362 -0.000377
0.016090 -0.003386 0.004352
-0.005366 -0.000100 -0.000281
0.009270 0.005405 -0.000612
0.006357 -0.004591 -0.005344
0.010253 0.002840 -0.001960
0.037198 -0.037666 -0.000678
-0.011142 0.534344 -0.010168
-0.007633 0.000616 0.005858
-0.009926 -0.027968 -0.007944
0.005020 0.004321 -0.002188
-0.004279 -0.000981 0.003528
-0.012681 -0.007745 0.000055
-0.001587 -0.005069 0.007815
-0.005989 0.000402 -0.000136
0.006353 0.001487 -0.005510
0.002154 -0.002713 0.002030
0.010553 0.002453 0.000808
-0.005391 -0.002514 0.001173
0.010638 0.003435 0.000093
0.001927 0.000683 -0.003074
0.008482 0.001379 -0.002813
-0.002040 -0.003457 -0.000172
-0.004686 0.006471 -0.005901
-0.004079 0.007811 -0.001065
-0.008963 0.000481 -0.008478
0.005147 -0.000412 -0.002316
-0.000414 -0.006930 0.008318
-0.005962 -0.002489 0.002511
0.002298 -0.015711 0.014163
-0.004684 -0.000203 0.000327
0.004172 0.001510 -0.005566
0.002595 -0.043791 0.053179
0.010293 0.003077 0.000209
-0.004197 -0.000193 0.000962
0.010540 0.003284 0.000185
0.002182 0.000999 -0.002994
0.008680 0.002199 -0.002791
-0.001234 -0.003621 -0.000493
-0.004641 -0.002963 -0.004362
-0.004148 0.006529 0.000371
-0.008643 0.001533 -0.007905
0.005379 -0.000939 -0.001926
-0.004217 -0.001567 0.004242
-0.005864 -0.002425 0.002683
-0.001627 -0.005659 0.009346
-0.005501 0.000819 -0.000508
0.005219 0.001552 -0.005476
0.002811 -0.001126 0.000373
0.011740 0.004107 0.000064
-0.005413 -0.002136 0.001534
0.011445 0.002576 -0.001136
0.007347 -0.006041 -0.007090
0.007181 0.003133 -0.003247
-0.003044 -0.002409 -0.001553
-0.004697 -0.003030 -0.004521
-0.005823 0.006148 0.000359
-0.008604 0.000131 -0.007845
0.004017 -0.001263 -0.001618
-0.001939 -0.002260 0.004198
-0.010231 -0.007107 0.000365
-0.001931 -0.004637 0.009247
-0.006007 0.008026 -0.000617
-0.038973 -0.032820 -0.007687
0.002419 -0.002353 0.000397
0.010517 0.003407 0.000242
-0.005483 -0.000291 0.000988
0.010816 0.003347 -0.000106
0.001761 0.001457 -0.002330
0.008437 0.003788 -0.002618
-0.001365 -0.003536 -0.000274
-0.004603 -0.003033 -0.004891
-0.006906 0.001606 -0.004208
-0.008031 0.000312 -0.008128
0.005290 -0.001436 -0.002608
-0.004194 -0.001098 0.005626
-0.007079 -0.001232 0.003500
-0.005538 -0.015232 0.004828
-0.006172 0.000391 -0.001239
0.005911 0.001508 -0.004988
0.002603 -0.000288 0.001057
0.014815 -0.002059 0.003376
-0.005452 -0.002036 0.001274
0.009463 0.004954 -0.000351
0.003500 0.001960 -0.002556
0.009556 0.003122 -0.002557
-0.002296 -0.002982 -0.000875
-0.004625 -0.003185 -0.005231
-0.006461 0.003808 0.000131
-0.008544 0.001513 -0.007893
0.005667 -0.000872 -0.003012
-0.002015 -0.004689 0.004800
-0.007189 -0.001055 0.003525
-0.001904 -0.007224 0.009534
-0.005597 0.004269 -0.000402
0.003756 0.002907 -0.005293
0.002679 -0.002072 -0.000052
-0.012625 -0.000842 0.003449
0.000781 -0.006922 0.001956
-0.002713 0.001049 0.002295
-0.003897 0.003651 0.001820
-0.002900 0.008496 -0.001086
0.001660 -0.006572 0.001934
-0.000649 -0.010740 -0.008626
0.003594 0.003004 -0.000181
0.009579 0.005598 0.001721
-0.001277 -0.003742 -0.006012
0.001986 -0.016683 -0.013231
-0.022258 -0.004158 -0.004293
0.003038 0.005457 0.012543
0.003839 -0.018232 -0.013230
0.036156 -0.019453 -0.000055
-0.005784 -0.000513 0.007733
-0.012689 -0.001797 0.002743
0.001331 -0.008068 -0.003935
-0.003475 0.000407 0.002509
-0.004187 0.004145 0.003946
-0.003630 0.006056 -0.001691
0.005629 -0.000707 -0.001428
0.004451 -0.001462 -0.004625
0.003316 0.000649 -0.001796
0.009703 0.005033 0.001608
0.000065 -0.005009 -0.005413
0.002165 0.003191 0.005191
-0.021396 -0.036698 -0.050455
0.000994 0.004749 0.011771
-0.000855 -0.007908 -0.009626
0.018155 0.001117 0.000392
-0.005738 0.000396 0.008468
-0.012667 0.002544 0.002409
0.003959 -0.002170 0.001172
-0.002895 0.001660 0.002337
-0.003964 0.003544 0.002008
0.044835 -0.029876 -0.001595
0.004491 0.000153 -0.001706
0.009116 -0.009491 -0.001237
0.001016 -0.023159 0.032009
0.007767 0.001895 0.003419
-0.038852 -0.036436 -0.006432
0.002550 -0.017262 0.025070
-0.022278 -0.003834 -0.004557
0.005312 -0.000364 0.016035
-0.004506 -0.017340 -0.005655
0.000532 -0.017721 -0.000014
-0.005529 0.001496 0.007433
-0.012536 0.000876 0.003373
0.005323 -0.002084 0.000933
-0.002672 0.000846 0.002368
-0.004214 0.005393 0.001407
-0.004488 0.005999 -0.001406
0.006337 -0.000434 -0.002337
0.004655 -0.000180 -0.005681
0.003784 -0.003759 0.002958
0.009680 0.004481 0.001908
0.000193 -0.006244 -0.006007
0.001594 -0.010264 0.018286
-0.022323 -0.003340 -0.004135
0.002593 0.006401 0.009535
-0.001021 -0.006836 -0.011081
0.018258 -0.000584 0.000168
-0.005856 -0.000001 0.007861
-0.012574 -0.001581 0.002961
0.004880 -0.001404 0.000272
-0.002239 0.000446 0.002369
-0.004577 0.004894 0.003559
-0.004590 0.007214 -0.002631
0.006015 -0.001040 -0.001182
0.004309 -0.001341 -0.004486
0.002976 0.001030 -0.001515
0.009822 0.005150 0.002254
-0.000745 -0.005898 -0.005992
0.002246 0.002216 0.005194
-0.022785 -0.001418 -0.005610
0.001544 0.005190 0.011914
-0.000578 -0.008032 -0.009419
0.017822 0.000604 0.000092
-0.006337 0.000357 0.006751
-0.012310 -0.002446 0.002541
0.001257 -0.007665 0.005225
-0.016004 -0.013047 0.002013
-0.004472 0.003790 0.003233
-0.003532 0.006065 -0.001120
0.000725 -0.007462 0.002885
0.004516 0.000118 -0.004358
0.002977 0.000092 -0.001081
0.011567 0.006363 0.001240
0.000693 -0.005073 -0.007223
0.002223 0.002151 0.005332
-0.022490 -0.004537 -0.004795
0.002805 0.004945 0.011938
-0.000524 -0.006928 -0.009691
0.018248 0.001093 -0.000145
-0.009703 -0.009318 0.012119
-0.012513 0.004811 0.004457
0.005687 -0.002485 0.001018
-0.002894 0.001662 0.002155
-0.002830 -0.015186 -0.024587
-0.004286 0.006604 -0.001660
0.006423 -0.001240 -0.001334
0.004338 -0.000547 -0.003738
0.003084 -0.000362 -0.000164
0.009805 0.006262 0.001961
-0.000596 -0.005763 -0.006029
0.002422 -0.015948 -0.012492
-0.022454 -0.003713 -0.003936
0.004626 0.000264 0.007401
-0.000584 -0.007199 -0.008314
0.017765 -0.000262 0.000050
-0.005838 -0.000584 0.007944
-0.013316 -0.002384 0.003072
0.005095 -0.000731 0.002767
0.010771 -0.013155 0.002262
-0.004796 0.004159 0.003294
-0.004733 0.007130 -0.000568
0.005348 0.000541 -0.001568
0.004506 -0.001747 -0.004259
0.002649 0.000283 -0.001310
0.008479 0.006424 0.002270
-0.000551 -0.005925 -0.006481
0.002123 0.013199 0.005427
-0.023018 -0.005038 -0.005550
0.006888 0.000606 0.011128
0.000492 -0.008321 -0.010046
0.017783 0.000273 -0.000051
-0.002374 -0.008097 0.004080
