2176.0000 0.05 1
1.11111
4.44444
11.1111
2.22222
11.1111
4.44444
13.3333
11.1111
20
11.1111
6.66667
11.1111
24.4444
23.3333
17.7778
23.3333
26.6667
18.8889
13.3333
32.2222
18.8889
11.1111
2.22222
10
14.4444
14.4444
36.6667
40
23.3333
40
11.1111
26.6667
17.7778
31.1111
24.4444
32.2222
28.8889
25.5556
40
24.4444
32.2222
46.6667
36.6667
47.7778
70
55.5556
56.6667
41.1111
80
106.667
95.5556
126.667
130
136.667
148.889
144.444
163.333
190
187.778
206.667
212.222
270
192.222
230
232.222
288.889
237.778
278.889
253.333
263.333
292.222
297.778
320
337.778
316.667
350
286.667
347.778
302.222
308.889
300
296.667
293.333
277.778
312.222
271.111
253.333
283.333
292.222
297.778
314.444
318.889
321.111
311.111
334.444
318.889
312.222
295.556
293.333
300
302.222
288.889
334.444
357.778
314.444
361.111
377.778
363.333
342.222
354.444
345.556
293.333
251.111
213.333
180
157.778
186.667
243.333
262.222
333.333
351.111
400
417.778
400
428.889
407.778
447.778
402.222
384.444
354.444
344.444
373.333
343.333
400
382.222
374.444
383.333
434.444
402.222
458.889
404.444
410
408.889
358.889
357.778
372.222
373.333
374.444
440
407.778
411.111
443.333
405.556
332.222
354.444
324.444
348.889
314.444
328.889
255.556
284.444
264.444
272.222
255.556
244.444
220
276.667
208.889
247.778
213.333
231.111
262.222
223.333
242.222
232.222
214.444
208.889
230
176.667
205.556
173.333
198.889
173.333
177.778
256.667
234.444
228.889
213.333
216.667
168.889
176.667
196.667
262.222
240
221.111
270
244.444
225.556
264.444
343.333
342.222
320
307.778
323.333
310
335.556
377.778
416.667
425.556
427.778
447.778
430
513.333
476.667
503.333
472.222
434.444
345.556
312.222
232.222
113.333
12.2222
1.11111
0
0
0
0
0
0
0
0
0
0
0
0
0
0
0
0
0
0
0
0
0
0
2.22222
2.22222
2.22222
0
0
4.44444
2.22222
0
4.44444
5.55556
0
2.22222
2.22222
2.22222
4.44444
4.44444
2.22222
2.22222
4.44444
0
1.11111
2.22222
0
0
2.22222
0
2.22222
0
