0.003077 0.005568 0.011414
-0.008480 0.002447 0.000273
0.035726 -0.002957 0.045281
0.011945 0.007880 -0.002480
-0.002040 0.015055 -0.006243
-0.009232 -0.000153 -0.003277
0.000181 0.003781 0.004480
-0.001053 -0.014716 -0.003541
-0.002788 -0.011352 -0.000962
-0.012610 -0.014455 -0.001728
0.012174 -0.006364 -0.002948
-0.009153 -0.005444 -0.003392
0.003395 -0.007975 0.003305
-0.025276 -0.017258 -0.000683
-0.004038 0.000389 0.001158
0.011990 -0.007868 -0.000496
-0.000163 0.010623 0.012645
-0.009266 0.000168 0.001340
-0.001582 0.019122 0.000341
0.011090 0.008615 -0.004759
-0.000161 0.016729 -0.006021
-0.009237 0.000400 -0.002710
-0.000572 0.003407 0.005071
-0.000441 -0.015865 -0.002263
-0.003825 -0.012129 -0.001134
-0.012980 -0.007635 0.001703
0.010663 -0.007368 0.000852
-0.009810 -0.007664 -0.003026
0.004270 -0.007110 0.003521
0.003738 -0.018362 -0.001489
-0.003798 -0.000169 0.001816
0.015188 -0.011379 0.002433
-0.001183 0.010505 0.013189
-0.008876 0.000672 0.000447
0.000320 0.019274 0.001157
0.046681 -0.009898 -0.042539
-0.001314 0.015286 -0.005635
-0.009053 0.002507 -0.003309
-0.002202 0.002618 0.003356
-0.000589 -0.013094 -0.002967
-0.003556 -0.008770 -0.000943
-0.012882 -0.009711 -0.006439
0.000355 -0.028227 0.000742
0.002908 -0.026446 -0.003839
0.005449 -0.018604 0.003019
0.003126 -0.017254 -0.000011
-0.005256 0.001326 0.001383
0.016225 -0.006628 0.002659
-0.001140 0.014742 0.013593
-0.009123 0.000332 0.000589
-0.001590 0.018194 0.000914
0.011275 0.008346 -0.002942
-0.001460 0.015740 -0.005666
-0.007504 0.001232 -0.001902
-0.035530 -0.017724 -0.036258
-0.000174 -0.016219 -0.002619
-0.002394 -0.011733 -0.001118
-0.011487 -0.006147 -0.001649
0.011087 -0.006083 0.001150
-0.008962 -0.003155 0.002203
0.008696 -0.012489 0.004664
0.003366 -0.018614 -0.000898
-0.002123 0.001873 0.001977
0.013889 -0.009134 0.004055
-0.000833 0.012076 0.013095
-0.008416 0.001932 0.000462
-0.001718 0.019139 0.002132
0.013097 0.009346 -0.004056
-0.003111 0.015469 -0.005489
-0.008379 0.000189 -0.005173
0.000294 0.003250 0.004609
0.000366 -0.015781 -0.002949
-0.003018 -0.011631 -0.001295
-0.011103 -0.004561 -0.002179
0.012177 -0.006520 0.005262
-0.009355 -0.006214 -0.003428
0.003824 -0.006693 0.003843
0.002667 -0.021399 -0.000194
-0.004641 0.000634 0.001887
0.013508 -0.009472 0.006505
0.000766 0.013376 0.011103
-0.008830 0.002348 0.001187
-0.001883 0.019517 0.001107
0.011116 0.007280 -0.001924
-0.001527 0.016769 -0.004550
-0.010444 0.002637 -0.005338
-0.000259 0.003699 0.004032
-0.001090 -0.015924 -0.002184
-0.002472 -0.010692 -0.000805
-0.011559 -0.005423 -0.002803
0.013158 -0.007742 0.000055
-0.011986 -0.007634 -0.003370
0.004761 -0.006426 0.003998
0.001252 -0.017174 -0.000883
-0.003424 -0.002103 0.001898
0.013209 -0.008016 0.002745
0.008966 0.011938 0.021568
-0.008093 -0.070821 0.074190
-0.001871 0.019702 0.000265
0.011802 0.007050 -0.002789
-0.037804 -0.008621 0.039994
-0.005989 -0.006002 -0.005032
0.000129 0.002070 0.005347
0.002973 -0.055604 -0.006717
0.002760 -0.044015 -0.004186
-0.007854 -0.014060 -0.000934
0.019388 -0.017822 0.000134
-0.017539 -0.016968 -0.003487
-0.002351 -0.018095 0.003498
0.000645 -0.017430 -0.001297
-0.004050 -0.002068 0.001771
0.010781 -0.010250 0.002764
-0.001251 0.010955 0.012111
-0.008728 0.001680 0.000887
-0.001612 0.018708 0.000205
0.012472 0.007095 -0.001982
-0.000717 0.015924 -0.006578
-0.008695 0.000101 -0.001757
0.000139 0.004774 0.003343
0.000254 -0.015848 -0.002341
-0.002680 -0.011682 -0.001435
-0.012843 -0.004374 -0.001700
0.011575 -0.006723 0.000077
-0.009954 -0.006175 -0.007385
0.008597 -0.010926 0.002025
0.002652 -0.019149 -0.000835
-0.002883 0.000089 0.001268
0.012328 -0.006701 0.001721
-0.000889 0.003705 -0.005508
0.007170 0.008618 -0.002832
-0.009473 0.009944 0.006769
0.005140 0.023831 -0.002178
0.001087 -0.002132 -0.000731
0.001853 0.003279 -0.010101
-0.007525 -0.001289 0.001416
-0.005347 0.008887 -0.008284
-0.000602 0.007763 -0.002029
0.019416 -0.016537 0.007956
-0.009451 0.009800 0.002300
-0.004800 -0.001394 -0.000929
0.011256 -0.006331 -0.000008
-0.002522 -0.005342 0.006075
0.009459 -0.007867 0.001658
-0.016143 -0.012421 0.002165
0.000220 0.002779 -0.010455
0.008036 0.007630 -0.001340
-0.009196 0.010782 0.001971
0.006372 0.022991 -0.002642
0.000198 -0.003597 0.005325
0.000919 0.005015 -0.011329
-0.008281 -0.002085 0.000049
0.003767 0.006585 -0.001179
-0.000750 0.007701 -0.001819
0.020012 -0.010320 0.003185
-0.007931 0.009553 0.001736
-0.005309 -0.001646 -0.000167
0.011524 -0.005111 -0.000113
-0.003406 -0.005979 0.004722
0.010848 -0.008979 0.001936
-0.017056 -0.010753 0.001528
0.000300 -0.009521 0.016177
0.008058 0.011890 -0.001189
-0.010886 0.012301 0.003861
0.008008 0.023978 -0.000729
0.001227 -0.015790 -0.021776
0.004116 -0.000855 -0.007726
-0.008363 -0.003817 -0.000263
-0.001044 -0.001857 0.001029
-0.000006 0.008164 -0.002086
0.015383 -0.018460 0.002792
-0.007786 -0.002892 0.002013
0.033340 -0.034481 -0.000482
0.018156 -0.014584 0.000079
-0.045520 -0.037741 0.004430
0.010225 -0.009190 0.002510
-0.016748 -0.012398 0.001000
-0.001508 0.003263 -0.005088
0.002476 0.001216 -0.003330
-0.010208 0.009750 0.001471
0.006975 0.023290 -0.000546
0.000164 -0.003600 -0.000286
0.002712 0.006314 -0.008496
-0.009095 -0.001700 0.000243
0.002945 0.005234 -0.000367
-0.000434 0.009547 -0.005656
0.018677 -0.012022 0.002313
-0.008741 0.009799 0.001258
-0.005552 -0.000263 -0.001221
0.010663 -0.016834 -0.000153
-0.003167 -0.005164 0.004659
0.011945 -0.007501 0.002501
-0.017477 -0.011961 0.000336
0.001344 0.004340 -0.004967
0.007993 0.008273 -0.002304
-0.010197 0.009519 0.002975
0.007358 0.022979 -0.001531
-0.000789 -0.002447 0.000494
0.000876 0.004045 -0.011069
-0.008062 -0.001511 0.000535
0.000947 0.007722 0.000843
-0.002833 0.008201 -0.001735
0.018820 -0.016427 -0.002304
-0.009851 0.010330 0.001628
-0.004924 -0.001697 0.000907
0.010833 -0.004406 0.000320
-0.001792 -0.006028 0.002523
0.009781 -0.007674 0.002748
-0.016093 -0.010681 0.000705
-0.000279 0.003007 -0.004303
-0.001517 0.010829 0.006788
-0.011177 0.012195 0.004359
0.008007 0.024480 -0.000039
-0.000496 -0.003021 -0.001905
0.000685 0.004492 -0.010235
-0.008694 -0.001062 -0.000539
0.002673 0.004700 0.000009
0.000402 0.009530 -0.003442
0.018811 -0.009476 0.002625
-0.008021 0.010092 0.001710
-0.004729 -0.001058 0.000467
0.006650 -0.007314 0.001008
-0.004297 -0.006307 0.004262
0.009857 -0.011755 0.002177
-0.015526 -0.012511 0.000768
-0.000662 0.003157 -0.005210
0.006144 0.010206 -0.003647
-0.007750 0.004239 0.005409
0.004172 0.016704 0.000966
-0.000069 -0.002295 0.000461
0.000827 0.007607 -0.011021
-0.008610 -0.072985 -0.062136
0.004756 0.008351 -0.002142
-0.004141 0.001623 -0.004802
0.019256 -0.021567 0.003172
-0.008709 -0.000120 0.001991
-0.005426 0.001758 -0.000499
0.007488 -0.007777 -0.001416
-0.003338 -0.003133 0.004872
0.039218 -0.011662 0.001923
-0.021423 0.541233 -0.013724
-0.000062 0.002518 -0.004997
0.008343 0.008818 -0.001028
-0.009314 0.010931 0.002082
0.006524 0.024350 0.002819
-0.001625 -0.002389 -0.000846
0.008793 0.006955 -0.018022
-0.008932 -0.003723 0.000729
0.003473 0.005287 0.000297
-0.000693 0.008040 -0.003923
0.017503 -0.010226 0.003699
-0.008294 0.009997 0.002757
-0.004800 -0.000747 0.001126
0.012451 -0.004136 0.000183
-0.003694 -0.005375 0.004025
0.012486 -0.008517 0.001607
-0.017686 -0.011359 0.002536
