2176.0000 0.05 1
1.875
3.75
6.25
6.25
7.5
16.25
8.75
7.5
16.25
16.25
14.375
16.25
25
16.25
6.25
31.25
23.125
18.125
30
8.75
10
13.125
10
10
16.25
20
25
30
37.5
19.375
23.75
27.5
13.75
26.875
20.625
29.375
21.25
41.25
44.375
30.625
37.5
55
48.125
45
43.125
67.5
54.375
49.375
85.625
91.25
97.5
126.875
136.25
135
138.125
155
180
152.5
157.5
200
177.5
174.375
234.375
253.125
266.25
240
231.875
279.375
295
311.875
295.625
319.375
301.875
312.5
321.875
342.5
340
358.75
318.125
350
376.25
365
330
359.375
335.625
378.75
311.875
296.875
303.125
286.25
272.5
255.625
231.25
248.125
255.625
296.25
208.125
248.75
312.5
294.375
315.625
308.75
311.875
301.25
249.375
292.5
310
294.375
327.5
276.875
278.125
301.25
275
320.625
291.25
311.875
251.25
300
351.875
317.5
316.875
316.25
323.75
364.375
343.75
380.625
399.375
380.625
388.125
393.75
395
431.875
450
470.625
451.25
443.125
454.375
436.875
445.625
418.75
408.125
426.25
381.875
360
315.625
353.75
328.75
308.75
317.5
328.75
305
276.875
216.25
255.625
249.375
302.5
280.625
246.25
270.625
227.5
318.125
287.5
328.125
303.125
302.5
289.375
287.5
296.875
349.375
291.875
324.375
350
371.875
355
263.125
288.125
211.875
289.375
345
265.625
265.625
266.25
260.625
235.625
244.375
248.75
263.125
330
236.25
226.875
238.75
224.375
180.625
247.5
257.5
280
255.625
309.375
250
266.25
256.25
204.375
206.25
268.125
255
325
345
344.375
353.75
275.625
368.125
291.25
515.625
533.125
511.875
424.375
365
261.875
231.875
205
166.25
118.125
62.5
31.875
11.25
4.375
1.25
3.125
1.875
0
0
0
0
0
0
0
0
0
0
2.5
0
