0.016995 -0.001853 0.005352
-0.004990 -0.001640 0.001238
0.010261 0.004002 0.000150
0.001959 -0.000035 -0.003433
0.008457 0.002208 -0.003390
-0.000524 -0.003426 -0.000430
-0.005409 -0.001826 -0.003997
-0.005771 0.007384 0.000815
-0.009038 0.000541 -0.008475
0.004494 -0.001734 -0.003689
-0.004089 -0.003608 0.004620
-0.006919 -0.003104 0.001977
-0.001736 -0.005477 0.009227
-0.005345 0.000410 -0.001353
0.004334 -0.000437 -0.005238
0.002792 -0.003104 0.000686
0.018755 -0.004549 0.001125
-0.004787 -0.001433 0.001844
0.005724 0.003603 0.000381
0.002300 0.001514 -0.003257
0.009593 0.002489 -0.002882
-0.001406 -0.002573 -0.000250
-0.004239 -0.001890 -0.003793
-0.005835 0.007251 0.000093
-0.010998 0.002466 -0.008102
0.005810 -0.001178 -0.003283
0.006876 -0.006953 0.000453
-0.000752 0.002108 0.002373
-0.000922 -0.005189 0.009268
-0.008489 -0.001140 -0.001605
0.004738 -0.000070 -0.005388
0.000304 -0.001026 0.001863
0.010034 0.002663 0.001210
-0.004739 -0.001135 0.001231
0.007358 0.004146 0.000046
0.000453 0.000414 -0.001891
0.008243 0.002908 -0.003353
-0.001935 -0.003257 0.000875
-0.005485 -0.002121 -0.004101
0.004441 0.009943 -0.003589
-0.007861 0.000615 -0.007053
0.004434 -0.000402 -0.003804
0.004805 -0.006362 0.000833
-0.001008 0.001853 0.007177
-0.574844 -0.005018 -0.011980
0.049712 -0.001236 0.066382
0.017715 -0.004535 0.000505
0.041222 -0.047619 -0.000929
0.016736 -0.000410 -0.002587
0.005430 -0.012707 0.001723
0.010141 0.004145 -0.000210
0.002284 0.000599 -0.003062
0.008684 0.001767 -0.001679
-0.001693 -0.002333 -0.001291
-0.000378 -0.005622 -0.007817
-0.004779 0.005762 0.000372
-0.008248 0.000713 -0.008694
0.010853 0.003519 0.000700
-0.002805 -0.002064 0.004351
-0.006924 -0.003793 0.003010
-0.002799 -0.005463 0.009514
-0.005848 0.000205 -0.001632
0.004327 0.001291 -0.005489
0.002112 -0.000450 0.001054
0.008276 0.002114 0.000750
0.006082 -0.001583 0.012798
0.003802 0.004631 0.000636
0.043002 0.055949 -0.005576
0.040437 0.000847 -0.002971
0.009705 0.001771 0.004688
-0.005466 -0.001795 -0.005716
0.003829 0.010285 -0.003698
-0.011162 -0.000871 -0.008544
0.003116 -0.001424 -0.002490
-0.004618 -0.004144 0.004669
-0.007718 -0.001657 0.001890
-0.000898 -0.005720 0.009303
-0.008353 0.001793 -0.002221
0.012788 -0.002936 -0.002088
0.002432 -0.001435 0.000847
0.010445 0.002799 0.001019
-0.004844 -0.001523 0.000569
0.011067 0.003817 -0.000312
0.002116 -0.000221 -0.003377
0.008932 0.002473 -0.002540
-0.001702 -0.003204 -0.000738
-0.005092 -0.002203 -0.004319
-0.004655 0.005609 0.000344
-0.008252 0.000560 -0.008020
0.004428 -0.001220 -0.003107
-0.004219 -0.002220 0.002735
-0.006510 -0.003330 0.002072
-0.000974 -0.005580 0.009360
-0.005645 0.000573 -0.000639
0.004640 0.001337 -0.005289
-0.000543 -0.000740 -0.001155
0.010255 0.003349 0.001703
0.011690 0.015963 0.001607
0.007918 0.004088 0.000377
0.000430 -0.000401 -0.004800
0.008544 0.003555 -0.001815
0.009386 0.000902 0.003274
0.000069 0.002143 -0.007575
-0.006141 0.005872 -0.001580
0.024455 0.002766 0.031568
0.011046 -0.006147 0.000827
-0.004143 -0.002102 0.002971
-0.001380 0.000663 -0.000914
-0.000686 -0.005422 0.009303
-0.005383 0.000515 -0.000220
0.004553 0.001380 -0.003720
0.002853 -0.001342 0.001311
0.011725 0.003347 0.001620
0.011308 -0.001580 -0.014317
0.010489 0.004932 -0.000827
0.002276 -0.000491 -0.002984
0.009223 0.002708 -0.003144
-0.002492 -0.003702 0.000124
0.000477 -0.001961 -0.008817
-0.005617 0.005439 -0.001294
-0.008255 0.001005 -0.007905
0.009430 -0.001321 0.001484
-0.003072 -0.002369 0.004513
-0.005742 -0.003267 0.002625
-0.000946 -0.004993 0.009370
-0.005708 0.000011 -0.000498
0.003456 0.001459 -0.004446
0.002525 -0.002010 0.001041
-0.007967 -0.005325 0.006523
0.004819 -0.002724 0.001339
0.001711 0.004097 -0.001321
-0.004241 0.004886 0.002454
-0.004768 0.006321 -0.001691
0.005811 -0.000711 -0.000946
0.005906 -0.000941 -0.004417
0.001857 0.000961 -0.000784
0.010519 0.005784 0.002481
0.000291 -0.006150 -0.005516
0.001756 0.003011 0.006326
-0.022939 -0.004936 -0.005361
0.002004 0.003860 0.011367
0.000102 -0.007668 -0.009763
0.017197 0.000844 0.001410
-0.005951 0.001433 0.008339
-0.011719 -0.001356 0.002341
0.003498 -0.002053 0.001156
-0.003043 0.001100 0.003374
-0.004591 0.003654 0.002612
-0.002871 0.006650 -0.001817
0.040209 -0.044892 -0.002844
0.025843 -0.021754 -0.004224
0.002658 0.000868 -0.000784
-0.000278 0.004309 0.002055
0.000182 -0.006347 -0.006710
0.000166 0.004553 0.005806
-0.023084 -0.004287 -0.005859
0.003163 0.004904 0.011745
-0.002596 -0.007444 -0.009365
0.016151 -0.000696 0.000736
-0.005561 0.000474 0.007800
-0.007547 0.003287 0.006456
0.005776 -0.002546 0.001616
0.002003 -0.002289 -0.000938
0.027750 0.037261 0.002312
-0.002293 0.006411 -0.000923
0.004341 -0.000597 0.000537
0.024265 -0.000680 -0.024318
0.007299 -0.001854 -0.005380
0.010527 0.004862 0.002198
-0.001815 -0.005835 -0.006494
0.022357 0.004186 -0.023857
-0.022072 -0.005332 -0.005031
0.004370 0.006650 0.009120
-0.006192 -0.007552 -0.007203
0.017798 0.000726 0.000199
-0.006035 -0.000832 0.008218
-0.013700 -0.001390 0.002011
0.005194 -0.002908 0.001089
-0.003231 0.001070 0.003293
-0.004801 0.002188 0.002658
-0.001964 0.002231 0.001402
0.005830 -0.001432 -0.000670
0.005341 -0.000894 -0.003979
0.002123 0.001343 -0.000626
0.009908 0.004642 0.002237
-0.002018 -0.005574 -0.006360
0.002019 0.002967 0.006387
-0.018500 -0.001459 -0.005692
0.003975 0.004407 0.011046
0.000147 -0.007689 -0.009218
0.018067 0.000803 0.000932
-0.005702 0.000671 0.006883
-0.015038 -0.001079 0.003065
0.006327 -0.004366 -0.001169
-0.005332 0.000985 0.001505
-0.006437 0.002895 0.003504
-0.004005 0.006565 -0.000854
0.005923 -0.002110 -0.000842
0.019125 0.014139 -0.004238
0.001541 -0.000456 -0.001111
0.013539 0.005785 0.002195
-0.002013 -0.006164 -0.005660
0.000216 0.001657 0.006537
-0.017863 -0.002057 -0.009740
0.001717 0.004833 0.011734
-0.003429 -0.007373 -0.009444
0.016297 0.001849 0.001606
0.021339 0.001819 0.006917
-0.013180 -0.001593 0.002219
0.005731 -0.002662 0.000942
-0.003721 0.001256 0.003440
-0.004561 0.004360 0.002774
-0.003156 0.006143 -0.001616
0.005643 0.000008 -0.000910
0.005519 -0.001490 -0.004622
0.002470 0.001154 -0.000557
0.010293 0.005540 0.001788
-0.000410 -0.005681 -0.006489
0.002308 0.002877 0.005742
-0.023109 -0.004777 -0.005057
0.002627 0.004570 0.011976
-0.001479 -0.007442 -0.009478
0.017693 0.001148 0.000475
-0.005532 0.000251 0.007785
-0.013709 -0.001598 0.001900
0.004834 -0.002668 0.001200
-0.003273 0.000940 0.003231
-0.004303 0.003487 0.002889
-0.004884 0.006196 -0.001549
0.004389 0.000124 -0.002402
0.019771 -0.000636 0.011645
0.007308 -0.002449 0.003983
0.010110 0.006033 0.002280
0.002103 -0.001080 -0.002679
0.002585 0.003041 0.005226
-0.025187 -0.003939 -0.005862
0.001482 0.004989 0.011478
-0.005789 -0.007674 -0.008582
0.054999 -0.000370 -0.051391
-0.006078 -0.000082 0.006820
-0.005167 -0.001107 0.009980
0.003750 -0.002945 0.001249
-0.002817 0.001346 0.002570
-0.007490 0.002513 0.000860
-0.002434 0.006204 -0.001963
0.005632 -0.000165 -0.000840
0.005387 -0.000148 -0.004460
0.003009 0.001164 -0.000348
-0.000694 0.005632 -0.000360
0.000222 -0.005832 -0.006560
0.002231 0.003260 0.005915
-0.017590 -0.001321 -0.000782
0.004161 0.004486 0.011849
-0.000514 -0.007166 -0.009866
0.017591 0.000292 0.000520
-0.004891 0.000135 0.006801
