2176.0000 0.05 1
1.11111
4.44444
11.1111
2.22222
11.1111
4.44444
13.3333
11.1111
20
11.1111
6.66667
11.1111
24.4444
23.3333
17.7778
23.3333
26.6667
18.8889
13.3333
32.2222
18.8889
8.88889
4.44444
10
14.4444
16.6667
34.4444
40
23.3333
40
11.1111
26.6667
17.7778
31.1111
24.4444
32.2222
26.6667
27.7778
40
24.4444
32.2222
46.6667
36.6667
47.7778
70
55.5556
56.6667
41.1111
80
106.667
95.5556
126.667
127.778
136.667
151.111
144.444
163.333
190
192.222
200
216.667
267.778
192.222
230
232.222
288.889
235.556
281.111
253.333
263.333
288.889
301.111
317.778
335.556
321.111
350
284.444
350
304.444
308.889
297.778
298.889
291.111
280
312.222
275.556
246.667
285.556
290
300
312.222
316.667
321.111
310
335.556
318.889
313.333
296.667
293.333
300
302.222
291.111
334.444
355.556
315.556
360
375.556
363.333
348.889
352.222
341.111
293.333
253.333
213.333
180
157.778
188.889
241.111
264.444
331.111
352.222
396.667
422.222
395.556
426.667
410
452.222
400
382.222
358.889
344.444
371.111
343.333
400
380
374.444
390
427.778
406.667
454.444
407.778
408.889
408.889
356.667
362.222
376.667
364.444
378.889
437.778
408.889
414.444
441.111
401.111
338.889
350
324.444
351.111
314.444
324.444
257.778
286.667
262.222
267.778
262.222
240
222.222
276.667
208.889
246.667
214.444
232.222
261.111
221.111
246.667
230
214.444
208.889
230
176.667
203.333
174.444
200
173.333
175.556
256.667
236.667
228.889
213.333
216.667
168.889
176.667
196.667
262.222
238.889
222.222
273.333
238.889
225.556
262.222
350
342.222
315.556
303.333
330
310
328.889
384.444
414.444
425.556
430
443.333
436.667
513.333
475.556
502.222
470
434.444
351.111
313.333
224.444
117.778
8.88889
1.11111
0
0
0
0
0
0
0
0
0
0
0
0
0
0
0
0
0
0
0
0
0
2.22222
0
4.44444
0
2.22222
0
2.22222
2.22222
2.22222
4.44444
3.33333
2.22222
0
4.44444
2.22222
6.66667
0
4.44444
0
4.44444
3.33333
0
2.22222
0
0
2.22222
0
2.22222
0
