-0.001103 0.010922 0.012512
-0.008054 0.000550 -0.000483
-0.001774 0.018844 0.001641
0.011864 0.007946 -0.001141
-0.001563 0.016058 -0.005100
-0.008986 0.001722 -0.003878
-0.000202 0.003475 0.003994
-0.000942 -0.014087 -0.002284
-0.003716 -0.011012 -0.000476
-0.028575 0.002954 0.001376
0.009112 -0.010308 0.000977
-0.009223 -0.006370 -0.002863
0.003758 -0.007147 0.003284
0.005917 -0.015814 -0.000913
-0.002263 -0.000262 0.001623
0.013672 -0.011166 0.003275
-0.001528 0.011338 0.012104
-0.008447 0.001221 -0.000253
-0.001000 0.019013 0.000130
0.011433 0.012236 -0.003163
-0.001298 0.017036 -0.005331
-0.009269 -0.000156 -0.003558
0.000119 0.003121 0.003412
0.001013 -0.015907 -0.002218
-0.003933 -0.011263 -0.001502
-0.010601 -0.003890 -0.001316
0.012407 -0.006857 0.001104
-0.008840 -0.007473 -0.003794
0.005087 -0.008744 0.004302
0.002372 -0.020299 0.000357
-0.004470 0.000113 0.002147
0.013680 -0.011530 0.002253
-0.000083 0.010714 0.011635
-0.009429 0.001758 0.000797
-0.001920 0.018809 -0.000648
0.011432 0.006115 -0.003327
-0.001251 0.015220 -0.006410
-0.009097 0.001026 -0.002631
-0.000510 0.003378 0.003371
-0.000114 -0.015432 -0.002546
-0.002375 -0.012020 -0.001248
-0.011096 -0.004733 -0.001113
0.011187 -0.006141 0.001352
-0.009775 -0.005718 -0.002868
0.005652 -0.008992 0.004565
0.003071 -0.019844 -0.000421
-0.005359 0.001508 0.001597
0.013061 -0.011641 0.003678
-0.000919 0.006727 0.013220
-0.009061 0.000972 0.000509
-0.000676 0.018784 0.000624
0.012157 0.007607 -0.001927
0.003670 0.018255 0.000729
-0.009428 0.000087 -0.003432
-0.000180 0.002587 0.003128
0.005259 -0.016940 -0.002162
-0.003958 -0.011405 -0.001825
-0.010674 -0.003681 -0.001620
0.010798 -0.006935 -0.000118
-0.009421 -0.005921 -0.001778
0.008887 -0.005381 0.009812
0.005277 -0.019060 -0.000459
-0.005632 0.000486 -0.002913
-0.059342 0.029640 0.094049
-0.000474 0.011370 0.012702
-0.009008 0.002212 -0.000007
-0.001366 0.019322 -0.000948
0.011480 0.007961 -0.003166
-0.001895 0.015939 -0.004617
-0.008879 0.000218 -0.003562
-0.000324 0.003517 0.004530
-0.000042 -0.015829 -0.001417
-0.002852 -0.010974 -0.001071
-0.008519 -0.006998 0.005201
0.010678 -0.009106 -0.004996
-0.009266 -0.005877 -0.003830
0.004269 -0.008158 0.004614
0.003133 -0.017694 -0.006043
-0.004844 0.001925 0.002308
0.014889 -0.012087 0.003087
-0.000273 0.011734 0.012730
-0.006888 -0.004015 0.005065
-0.000471 0.018534 -0.000560
0.011341 0.006200 -0.002917
-0.002050 0.015422 -0.006115
-0.009973 -0.000339 0.003077
0.000126 0.002408 0.010423
-0.003755 -0.017254 0.003550
-0.003653 -0.008979 -0.001482
-0.016767 -0.007075 -0.001042
0.013543 -0.007382 -0.004937
-0.011068 -0.007663 -0.004823
0.003661 -0.008908 -0.000249
0.001587 -0.015279 -0.000200
-0.003221 -0.002873 -0.002727
0.014191 -0.010172 0.002550
-0.001487 0.011475 0.011935
-0.009513 0.006853 0.004200
-0.002640 0.019589 0.000011
0.011064 0.009222 -0.001928
-0.002378 0.015655 -0.004372
-0.007357 -0.001270 0.000561
-0.007190 0.004039 0.008144
0.015072 -0.004049 0.001458
0.000153 0.056833 0.065445
-0.012682 -0.004000 -0.006515
0.013023 -0.010303 -0.000493
-0.063151 -0.029638 0.060303
-0.001167 -0.006328 0.003067
0.001307 -0.019089 -0.005971
-0.000942 -0.002377 0.001576
0.014198 -0.011308 0.004723
-0.001009 0.011484 0.016003
-0.008811 0.001247 -0.001979
-0.001738 0.019321 -0.000581
0.012442 0.007994 -0.001803
-0.006448 0.010342 -0.000178
-0.008340 0.001346 -0.002921
0.000164 0.004179 0.003975
0.002101 -0.013897 -0.007340
-0.004065 -0.011843 -0.000667
-0.012156 -0.005577 -0.001443
0.011619 -0.006304 0.000984
-0.009329 -0.004719 -0.004161
-0.013250 -0.017353 0.007210
0.003573 -0.019452 -0.000932
-0.003862 -0.003078 0.000337
0.010910 -0.010210 0.003764
-0.000603 0.002949 -0.004022
0.007261 0.009707 -0.002661
-0.010193 0.011247 0.003471
0.006296 0.023034 -0.001345
0.000850 -0.003342 -0.000333
0.001154 0.004409 -0.010472
-0.007623 -0.002197 0.000490
-0.000884 0.011392 0.003267
-0.000189 0.007529 -0.002175
0.018336 -0.012240 0.002321
-0.009124 0.011465 0.001345
-0.007056 -0.001344 -0.000955
0.011328 -0.005132 0.000936
0.013546 -0.013397 0.008719
0.010352 -0.010064 0.002505
-0.017599 -0.011719 0.001493
-0.000431 0.003390 -0.004989
0.007389 0.008897 -0.004687
-0.009948 0.010141 0.002080
0.006729 0.023560 -0.001355
-0.000086 -0.003046 -0.000868
0.001170 0.003471 -0.010274
-0.008323 -0.001445 0.000606
0.002968 0.004517 -0.000271
-0.000920 0.007333 -0.001647
0.018577 -0.011043 0.002759
-0.008723 0.010852 0.001679
-0.005144 -0.001552 0.000419
0.011146 -0.004587 -0.000067
-0.003006 -0.005194 0.005019
0.009114 -0.009436 0.003460
-0.015400 -0.011993 0.001119
0.000161 0.003092 -0.006005
0.008229 0.008015 -0.002697
-0.010101 0.010483 0.002441
0.007621 0.022790 -0.001660
-0.000188 -0.002708 -0.000338
0.001383 0.004154 -0.011178
-0.008317 -0.002135 0.000099
0.003271 0.005821 0.000557
-0.000268 0.008061 -0.002197
0.017837 -0.011616 0.003721
-0.008595 0.010201 0.002354
-0.004568 -0.000962 -0.001178
0.011795 -0.005220 -0.000731
-0.003837 -0.006743 0.004524
0.010517 -0.010272 0.002003
-0.016939 -0.011814 0.002329
0.000467 0.004057 -0.004620
0.007749 0.008652 -0.003077
-0.009931 0.011317 0.004025
0.006541 0.023344 -0.001879
-0.000435 -0.002889 -0.001293
0.000934 0.004080 -0.012601
-0.011424 -0.004415 0.000823
0.001940 0.006195 -0.000759
0.000194 0.008375 -0.002906
0.015015 0.009933 0.006620
-0.009021 0.010588 0.001552
-0.005355 -0.000180 0.000499
0.011858 -0.005319 0.000102
-0.003916 -0.006698 0.005054
0.072687 0.021744 0.067788
-0.016380 -0.008412 0.001824
0.001872 0.002176 -0.005882
0.007618 0.007630 -0.002494
-0.009508 0.010232 0.002799
0.007251 0.023446 -0.001128
-0.000863 -0.002787 -0.002080
0.001405 0.004101 -0.009988
-0.008303 -0.001629 0.001186
0.003983 0.005737 0.005543
-0.001846 0.009115 -0.001693
0.018316 -0.009916 0.003527
-0.008437 0.010067 0.002217
-0.004126 -0.001196 0.000012
0.011530 -0.006466 -0.001059
-0.006794 -0.004112 0.008991
0.009185 -0.010074 0.002448
-0.017141 -0.012075 0.002054
0.000532 0.003000 -0.001135
0.009183 0.013266 0.002387
-0.014166 0.015214 0.007198
0.006218 0.023201 0.021727
-0.005414 0.002001 0.005603
0.003922 0.006753 -0.004223
-0.008367 -0.002348 0.006026
0.005892 0.003256 -0.000210
0.000136 0.008321 -0.004599
0.018521 -0.012258 0.003520
-0.007035 0.009176 0.001783
-0.004176 0.001033 0.008576
0.012410 -0.007434 0.000763
-0.001392 -0.006447 -0.000908
0.010569 -0.009674 0.002871
-0.016386 -0.010603 -0.003778
-0.000121 0.002273 0.001778
0.008119 0.004467 0.003309
-0.008733 0.005775 0.006377
0.007617 0.023311 0.018913
0.003627 -0.004932 0.005020
-0.003212 -0.000243 -0.006565
-0.007462 -0.001414 0.009488
0.000165 0.007455 0.000151
0.027685 -0.012224 -0.561488
0.017633 -0.011678 0.003106
0.042673 -0.012715 0.045497
-0.007073 -0.021293 0.003560
0.006470 -0.079688 0.072882
-0.000633 -0.002970 0.003511
0.009644 -0.011234 0.002086
-0.019581 -0.009166 0.001155
-0.001482 0.002914 -0.005264
0.007419 0.008343 -0.003891
-0.010166 0.010843 0.003348
0.007047 0.023247 -0.001985
-0.000835 -0.002484 -0.001857
0.001850 0.004126 -0.010178
-0.005466 -0.000184 0.000826
0.003314 0.004671 0.000042
-0.001802 0.007341 -0.002305
0.019296 -0.013982 0.012001
-0.009362 0.010040 0.004051
-0.003765 -0.001228 -0.000283
0.011711 -0.005822 -0.000160
-0.002671 -0.005539 0.004627
0.011620 -0.009297 0.001115
-0.014225 -0.010074 -0.003061
