1782.0000 0.05 1
0.625
8.75
0
7.5
0
20
0
3.75
11.25
18.75
3.75
11.25
20
0
7.5
22.5
26.25
7.5
13.75
23.75
3.75
12.5
26.25
22.5
30
30
0
11.25
36.25
13.75
37.5
45
20.625
60
18.75
16.25
41.25
28.75
65
67.5
57.5
45
93.75
82.5
101.25
178.125
163.125
200
253.75
183.125
236.25
195
223.75
210
207.5
224.375
193.75
267.5
235
311.25
350.625
331.25
359.375
304.375
334.375
217.5
343.125
276.25
230
297.5
315
205.625
183.75
265.625
217.5
197.5
226.25
266.25
340
387.5
313.75
284.375
295
185.625
346.25
242.5
233.125
198.75
243.75
248.125
327.5
357.5
260
307.5
245.625
341.875
299.375
328.75
140
238.75
193.75
191.875
195
160.625
192.5
142.5
248.75
247.5
243.75
330
293.75
354.375
345
398.75
361.25
308.125
360
431.25
298.75
293.75
307.5
351.25
353.125
358.75
303.75
400.625
298.75
415
376.25
333.125
345.625
320.625
332.5
340
305
273.125
370
353.75
330
291.25
301.25
303.75
386.25
257.5
370
323.75
265.625
229.375
142.5
183.75
218.75
243.75
278.125
171.25
203.125
185.625
196.25
227.5
253.125
167.5
151.25
215
201.875
178.75
191.25
99.375
93.75
188.75
155
225
238.125
218.75
209.375
103.75
136.25
175
146.875
200.625
172.5
212.5
170
291.25
264.375
201.875
232.5
168.75
285
275
330
262.5
317.5
342.5
248.125
256.25
421.25
456.25
348.75
392.5
393.75
420.625
313.75
296.25
222.5
170.625
76.875
15
1.875
0.625
0.625
0
0
0
0
0
0
0
0
0
0
0
0
0
0
0
0
0
0
0
1.25
0
0
0
0
0
0
0
0
1.25
0
0.625
1.875
2.5
3.125
1.875
1.875
1.875
1.25
0.625
0.625
1.25
1.25
0.625
2.5
1.25
0
