2176.0000 0.05 1
1.875
3.75
6.25
6.25
7.5
16.25
8.75
7.5
17.5
15
14.375
16.25
25
16.25
6.25
31.25
23.125
18.125
28.75
10
10
13.125
10
10
16.25
20
25
30
37.5
19.375
25
26.25
13.75
26.875
21.875
28.125
21.25
41.25
44.375
30.625
37.5
56.25
47.5
45.625
41.875
67.5
55.625
48.125
85.625
91.25
98.75
123.125
138.125
135.625
138.125
155.625
180
151.875
158.125
201.875
175
173.125
235.625
250.625
268.75
238.75
233.125
281.875
291.25
312.5
295
321.25
303.125
311.875
322.5
339.375
341.25
361.25
315
357.5
369.375
365
330
359.375
333.75
380
311.25
296.875
300.625
290.625
273.125
253.125
232.5
246.25
257.5
296.25
206.25
250.625
315
294.375
316.25
305
312.5
299.375
249.375
293.75
308.75
295.625
330.625
273.75
280
301.25
273.125
321.875
290.625
311.25
252.5
299.375
350.625
319.375
316.25
316.25
325
361.875
345
380.625
400.625
378.75
386.25
397.5
394.375
431.25
451.875
471.875
450
441.875
451.25
439.375
446.25
418.75
405.625
428.75
381.25
356.25
320
353.125
327.5
310.625
314.375
331.25
305
276.875
215
256.25
250
303.125
280
247.5
271.25
226.25
318.75
285.625
331.25
298.75
304.375
290
285.625
295.625
351.875
291.875
323.125
349.375
376.25
355
258.125
290
212.5
289.375
345.625
266.25
263.125
266.25
260.625
236.875
245
250
261.25
326.875
240
227.5
238.125
224.375
178.75
248.75
256.25
282.5
254.375
304.375
257.5
263.75
256.875
203.75
203.125
271.25
255
325.625
343.75
343.75
355
274.375
368.125
293.125
515
533.125
511.25
426.25
364.375
261.875
233.125
201.25
168.125
118.125
59.375
35
11.25
4.375
1.25
3.125
1.875
0
0
0
0
0
0
0
0
0
0
2.5
0
