0.009885 0.002208 0.001357
-0.005835 -0.001288 0.000143
0.008336 0.005476 0.000796
0.003397 0.000694 -0.003125
0.008799 0.002408 -0.001285
0.003204 -0.000023 -0.000571
-0.003888 -0.001983 -0.004812
-0.005176 0.006183 0.000385
0.009514 0.017346 -0.007875
0.006006 -0.001168 -0.002417
-0.004835 -0.002970 0.003206
-0.006937 -0.002595 0.002308
-0.002483 -0.005806 0.008312
-0.005398 0.000656 -0.000823
0.003882 0.002564 -0.004080
0.002230 -0.001701 -0.000051
0.011082 0.002090 0.001137
0.000413 -0.006157 0.004722
0.011117 0.003888 -0.001456
0.001100 0.000567 -0.003440
0.007164 0.003088 -0.001705
0.004869 -0.000690 -0.004934
-0.004642 -0.002533 -0.005536
-0.005404 0.006443 0.000263
0.008437 0.001116 -0.024812
0.006057 -0.001304 -0.002359
-0.003427 -0.002851 0.004451
-0.004875 -0.002445 0.002058
0.002679 -0.005416 0.013844
-0.014550 0.000530 -0.000360
0.005355 0.001590 -0.004900
0.001801 -0.002606 -0.000624
0.009905 0.004192 0.003756
-0.006755 -0.001273 0.002025
0.008205 0.002249 0.001018
0.002266 0.000751 -0.003833
0.006410 0.002815 -0.002596
-0.002829 -0.004007 -0.000086
0.023808 -0.001532 -0.004072
-0.006834 0.006601 -0.001051
0.009175 -0.015435 -0.007909
-0.535039 -0.007525 0.005529
-0.003443 -0.002566 0.004662
-0.005910 -0.003801 0.005443
-0.002452 -0.005303 0.008281
-0.005777 0.000092 -0.000588
0.011147 -0.002486 -0.009238
0.003192 -0.002066 0.001283
0.011580 0.002518 0.001576
-0.006262 -0.001335 0.000757
0.010759 0.003786 0.000319
0.002568 0.000410 -0.003298
0.007664 0.002455 -0.002348
-0.001742 -0.004164 -0.000167
-0.004040 -0.002050 -0.004715
-0.005033 0.005809 0.000112
-0.008018 0.001186 -0.007929
0.003533 -0.001355 -0.002190
-0.005583 -0.003524 0.006009
-0.005217 -0.002818 0.002732
0.003631 -0.001263 0.012281
-0.005751 0.000958 -0.000834
0.002880 0.002669 -0.006060
0.012052 0.002445 -0.003835
0.012043 0.002346 0.000968
0.000319 0.003096 0.005106
0.010408 0.003955 0.000600
0.002938 0.000933 -0.003696
0.007233 0.002349 -0.001780
-0.002229 -0.005284 0.000300
-0.004524 -0.000974 -0.005902
-0.005246 0.006601 0.000145
-0.007945 0.000695 -0.008852
0.006281 -0.001074 -0.002448
-0.003437 -0.003126 0.004284
-0.005645 -0.002394 0.002082
-0.002350 -0.005312 0.008640
-0.004610 0.000266 -0.000541
0.003196 0.001775 -0.005543
0.003152 -0.001997 0.000992
0.011946 0.002353 0.000974
-0.006667 -0.001070 -0.000151
0.042100 0.003052 -0.040837
0.002152 0.003787 -0.004993
0.014541 -0.002197 -0.006367
0.003716 -0.000135 0.003641
-0.004305 -0.002301 -0.004355
0.036513 -0.044707 0.000307
0.009112 0.001129 0.008917
0.006205 -0.000816 -0.002264
0.045093 0.058268 0.006375
-0.006092 -0.002633 0.002267
-0.003933 -0.005753 0.010428
-0.003258 0.000483 -0.000623
0.002764 0.001649 -0.004777
0.014279 0.002961 -0.004166
0.009833 0.002512 0.001166
-0.005416 -0.001534 0.001285
0.010866 0.004078 0.000253
0.002842 0.000688 -0.003300
0.011934 0.002753 -0.006099
-0.000528 -0.004402 -0.000383
-0.003559 -0.002138 -0.004653
-0.006670 0.006863 0.001255
-0.007576 0.000557 -0.007971
0.006063 -0.001012 -0.002107
-0.003471 -0.002510 0.004451
-0.008002 -0.002124 0.002925
0.003778 -0.009926 0.012272
-0.005064 0.000071 -0.000549
0.011102 -0.002450 -0.000332
0.002330 -0.000843 0.001497
0.010464 0.002592 0.001110
-0.006604 -0.001650 -0.000096
0.009531 0.004717 0.000331
0.001309 0.000797 -0.003108
0.014644 0.007320 -0.006694
-0.003333 -0.004531 -0.001497
-0.004558 -0.001863 -0.004351
-0.005289 0.006006 0.000446
-0.007489 0.000503 -0.007285
0.005988 -0.001415 -0.001982
-0.003490 -0.002150 0.004824
-0.005384 -0.002600 0.002144
-0.001144 -0.005214 0.008974
-0.015047 0.000442 -0.000751
0.008644 -0.002243 -0.005347
0.001777 -0.000072 0.001316
-0.011659 -0.001742 0.002630
0.007116 -0.005808 0.001838
-0.002334 0.001242 0.002336
-0.003884 0.004186 0.002807
-0.003369 0.007018 -0.001252
0.005958 -0.001034 -0.001315
0.002907 -0.001710 -0.005336
0.003126 -0.000806 -0.000498
0.009122 0.005432 0.001432
-0.000962 -0.006942 -0.005823
0.001302 0.002949 0.005423
-0.023179 -0.002329 -0.005422
0.001875 0.003645 0.011264
0.004659 -0.002986 -0.011911
0.012184 -0.000133 0.000004
-0.006118 0.000340 0.008375
-0.011198 -0.001922 0.002940
0.009758 -0.005392 0.006452
-0.003884 0.001270 0.002189
-0.004735 0.004681 0.001211
-0.003207 0.006288 -0.001493
0.004977 -0.001022 -0.001000
0.004269 -0.000797 -0.004498
0.003047 0.000759 0.000713
0.009881 0.005142 0.001545
-0.003184 -0.005156 -0.004829
0.003230 0.002952 0.005399
-0.013726 0.000553 -0.002021
0.002656 0.003707 0.011914
0.002541 -0.007397 -0.013815
0.015900 0.000781 -0.000236
-0.006016 0.000660 0.007632
0.008650 -0.001339 0.023035
0.001915 -0.004417 0.001862
-0.008359 0.001136 0.001057
-0.004430 0.003917 0.001570
0.018131 0.034945 0.000058
0.006894 -0.001458 -0.000957
0.002786 0.000282 -0.005492
0.012846 -0.004424 0.003685
0.026854 0.005954 0.030051
0.023045 -0.037499 -0.005355
0.001576 0.002918 0.005451
-0.012825 0.000396 -0.001254
0.006664 0.007788 0.016850
0.004735 -0.012490 -0.012222
0.012004 0.002253 -0.000168
0.030078 -0.000239 -0.034675
-0.011713 -0.001555 0.002202
0.003991 -0.001782 0.000999
-0.001711 0.001161 0.002371
-0.004234 0.002838 0.003271
-0.003860 0.005227 -0.001560
0.006495 -0.001223 -0.001046
0.004428 -0.000361 -0.004874
0.003382 0.000667 -0.000546
0.009486 0.005522 0.001016
-0.001333 -0.004623 -0.006495
0.001643 0.003529 0.004823
-0.022152 -0.004223 -0.005432
0.002107 0.003045 0.011160
-0.001598 -0.007903 -0.008275
0.018371 0.001169 0.000267
-0.006033 0.000474 0.008456
-0.011366 -0.000809 0.002687
0.003693 -0.001992 0.001319
-0.003952 0.001199 0.002092
-0.003933 0.003994 0.002664
-0.006391 0.005598 0.000728
0.006799 -0.001561 -0.001281
0.004097 -0.000852 -0.005501
0.003599 0.000273 -0.000717
0.009906 0.005932 0.001637
-0.000723 -0.006029 -0.006281
0.002210 0.002859 0.005291
-0.022444 -0.003183 -0.005521
0.001564 0.003831 0.011613
-0.001133 -0.007617 -0.008580
0.016997 0.000816 -0.000034
-0.005793 0.000277 0.007672
0.002958 -0.017209 0.002541
0.009891 -0.005515 -0.002990
-0.004456 0.000717 0.002519
0.006503 -0.000208 -0.002126
-0.003160 0.006043 -0.001320
0.007240 -0.004536 -0.004303
0.034655 -0.000942 0.038540
0.012962 -0.004007 0.003709
0.007817 0.006831 0.000986
-0.002762 -0.004595 -0.007168
0.033954 0.002921 0.004621
-0.022641 -0.004392 -0.003886
-0.000851 0.006437 0.012070
-0.003827 -0.007461 -0.009875
0.015630 0.000881 0.000980
-0.008736 -0.001632 0.009130
0.003585 -0.001236 -0.012732
0.005200 -0.001529 0.001246
-0.008365 0.001176 0.001953
0.004576 0.000249 -0.002425
-0.003744 0.005916 -0.001732
0.006630 -0.001269 -0.000697
0.004460 -0.000772 -0.004901
0.002989 0.000633 0.000822
0.009872 0.005456 0.002399
-0.001236 -0.005370 -0.006665
0.001861 0.002726 0.005287
-0.022853 -0.004740 -0.003845
0.006616 0.007859 0.008229
-0.001711 -0.007459 -0.008518
0.018313 0.000254 0.000129
-0.005732 0.000486 0.006876
0.002927 0.013957 0.002550
0.003808 -0.001557 0.001435
-0.004497 0.001591 0.002504
-0.005167 0.002090 0.002912
-0.005176 0.005160 -0.002399
0.005136 -0.001721 -0.000764
0.003899 -0.000829 -0.005141
0.002474 -0.001629 -0.000481
0.008214 0.004588 0.000946
-0.000602 -0.005806 -0.006100
0.003388 0.002995 0.005656
-0.021915 -0.004857 -0.005503
0.005418 0.007114 0.011870
0.001137 -0.006942 -0.009332
0.016800 0.000814 0.000399
-0.007699 0.001574 0.008992
