2176.0000 0.05 1
1.875
3.75
6.25
6.25
7.5
16.25
8.75
6.25
18.75
15
14.375
16.25
25
16.25
6.25
31.25
23.125
18.125
28.75
10
10
13.125
10
10
16.25
20
25
30
37.5
19.375
22.5
28.75
13.75
26.875
20.625
29.375
21.25
42.5
43.125
30.625
37.5
56.25
47.5
45.625
41.875
67.5
54.375
48.125
84.375
93.75
98.75
125.625
136.25
135
139.375
153.125
181.25
151.875
157.5
200
177.5
175
232.5
253.75
266.875
237.5
235.625
279.375
293.125
310.625
296.25
321.25
302.5
313.75
321.875
340
340
365
313.125
356.25
372.5
365.625
327.5
361.25
335
378.125
311.25
295
304.375
285
275
254.375
231.25
252.5
250
300
204.375
252.5
310.625
295
318.125
308.75
308.125
300.625
252.5
291.25
310.625
297.5
327.5
270.625
280
302.5
271.875
320.625
291.25
318.125
246.875
299.375
350.625
320
316.25
314.375
327.5
361.875
342.5
381.875
399.375
380.625
388.125
396.25
393.75
429.375
453.125
470
454.375
441.875
451.25
436.875
448.125
415.625
408.75
426.875
380.625
360.625
316.875
351.875
330.625
308.75
316.25
329.375
303.125
278.125
216.25
254.375
250.625
303.75
278.125
247.5
271.875
227.5
316.875
286.25
330.625
303.75
298.75
291.875
286.875
296.875
350
292.5
322.5
351.875
373.125
355
260.625
287.5
212.5
290
343.125
266.875
263.75
266.875
260.625
234.375
246.875
248.125
266.25
329.375
233.75
229.375
236.875
227.5
176.25
250
256.25
280
255.625
310
251.875
262.5
256.875
206.875
203.125
270.625
253.75
325
344.375
342.5
356.875
275.625
366.875
292.5
512.5
536.875
510
423.75
367.5
260.625
233.125
200
168.125
120
60
33.125
8.75
6.875
1.25
3.75
1.25
0
0
0
0
0
0
0
0
0
0
2.5
0
