0.007077 0.001355 0.000748
-0.005293 -0.000715 0.001993
0.011617 0.003634 -0.000011
0.002024 0.002036 -0.003306
0.003546 0.002864 -0.002559
-0.002221 -0.004252 -0.000488
-0.000425 0.002576 -0.006834
-0.006147 0.005993 0.000095
-0.008362 0.000778 -0.007958
0.003762 -0.002261 -0.003238
-0.004385 -0.002248 0.004369
-0.006397 -0.002404 0.002377
-0.000144 -0.005236 0.009666
-0.004797 0.000382 -0.001289
0.005871 0.000377 -0.004735
0.001277 -0.000714 0.000911
0.009814 0.003375 0.000981
-0.015157 -0.001551 0.001306
0.009859 0.004224 0.000473
0.002123 -0.000029 -0.003311
0.007615 0.002643 -0.003078
-0.000333 -0.002963 -0.000537
-0.004993 -0.002297 -0.003235
-0.004457 0.006088 0.000139
-0.011042 -0.000870 -0.009210
0.004863 -0.001144 -0.003078
-0.002178 -0.002747 0.004902
-0.007148 -0.003639 0.002175
-0.000632 -0.004562 0.009505
-0.006971 -0.000107 -0.002490
0.006058 0.001184 -0.004402
0.002719 -0.000755 0.001015
0.010106 0.002627 0.001314
-0.005505 -0.002047 0.001847
0.039072 0.003418 0.000313
0.028743 0.031282 -0.004517
0.002471 0.003636 -0.002442
0.000359 -0.004343 -0.003149
-0.000616 -0.007161 -0.007167
-0.003778 0.007178 0.003020
0.025891 0.000703 0.028064
0.003460 -0.000106 -0.003415
-0.001991 -0.003802 0.005515
-0.010616 -0.001412 0.002499
0.018558 -0.005301 -0.008844
-0.009211 0.000150 0.000106
0.004829 0.000961 -0.004895
0.008209 -0.004469 -0.004408
0.010571 0.003486 0.001307
-0.005398 -0.001433 0.001166
0.010647 0.004019 0.000034
0.001960 -0.000375 -0.003542
0.008963 0.002639 -0.003118
-0.000341 -0.003790 0.000306
-0.005811 -0.002463 -0.003798
-0.004619 0.005642 0.000063
-0.008905 0.000639 -0.008374
0.005384 -0.000984 -0.002619
-0.002590 -0.002116 0.004184
-0.006563 -0.003690 0.002270
-0.000620 -0.005392 0.009587
-0.006178 0.000322 -0.001610
0.005032 0.001481 -0.005426
0.001519 -0.000370 0.000456
0.016502 -0.001439 0.005096
-0.002676 -0.001217 0.001599
0.010109 0.004074 0.000358
0.000704 -0.000585 -0.002438
0.006373 0.002541 -0.003205
-0.001018 -0.003090 -0.000007
-0.006506 -0.002310 -0.005412
-0.003858 0.006248 0.000373
-0.010345 0.002031 -0.008910
0.027269 -0.002192 0.027265
-0.002602 -0.002509 0.004250
0.000202 0.001209 0.006725
-0.000439 -0.005702 0.009503
-0.006885 0.001298 -0.002603
0.003205 0.001210 -0.005045
0.001934 -0.001085 0.000918
0.009453 0.003847 0.001629
-0.004548 -0.001578 0.001053
0.010437 0.003844 -0.000209
0.002394 0.000800 -0.003153
0.007484 0.002613 -0.002917
-0.001101 -0.003110 -0.000834
-0.005447 -0.002202 -0.003924
-0.004492 0.005469 0.000332
-0.008621 0.000664 -0.007990
0.004900 -0.001255 -0.002974
-0.003477 -0.002039 0.004896
-0.007340 -0.004100 0.002776
0.012799 0.008639 0.009486
0.000231 0.004583 0.002937
0.003031 0.002288 -0.005696
0.000902 -0.003158 0.000199
0.010228 0.003456 0.001171
-0.005322 -0.001524 0.001232
0.011534 0.004271 -0.000724
0.001917 -0.000093 -0.003357
0.009312 0.002355 -0.003198
-0.001890 -0.003317 -0.000106
-0.005778 -0.002102 -0.004216
-0.006017 0.005635 -0.000041
-0.008188 0.000487 -0.006903
0.005351 -0.001240 -0.002775
-0.004424 -0.002430 0.003955
-0.007121 -0.003181 0.003158
0.013789 -0.005213 0.023923
0.000228 0.000465 0.005749
0.006388 0.000954 -0.005268
0.008446 -0.004930 0.005431
0.015771 0.000312 -0.002542
-0.014654 -0.001212 0.000471
0.009577 0.005135 -0.000279
0.000694 -0.001233 -0.004222
0.006867 0.002429 -0.002313
-0.001124 -0.003059 -0.000876
-0.004633 -0.002365 -0.004338
-0.005077 0.005867 0.000437
-0.008326 0.000605 -0.008013
0.005246 -0.001209 -0.001804
-0.002749 -0.001866 0.004163
-0.000596 -0.000090 -0.001731
0.019610 -0.024416 0.009681
-0.000076 -0.004558 0.003102
0.006473 0.002755 -0.006203
0.005700 -0.004867 0.000446
-0.007864 0.003454 0.005696
0.004600 -0.001809 0.001702
-0.002936 0.000404 0.002772
-0.005406 0.003704 0.002526
0.007502 0.011193 0.004059
0.005965 -0.001964 -0.000779
0.005127 -0.001048 -0.004603
0.003454 -0.001092 -0.000396
0.034099 0.028342 0.001905
-0.000978 -0.006886 -0.006273
0.001367 0.003076 0.005649
-0.022442 -0.004801 -0.005061
0.002491 0.003240 0.011339
0.000009 -0.007816 -0.009343
0.018138 0.000646 0.001051
-0.007071 0.000136 0.007711
-0.013263 -0.001434 0.001912
0.004167 -0.001500 0.001066
-0.003306 0.001143 0.003254
-0.004730 0.003090 0.002608
-0.003534 0.006632 -0.001796
0.005181 -0.000116 -0.000331
0.004831 -0.000686 -0.004347
0.003110 0.000477 -0.000164
0.011748 0.005668 0.001996
-0.000971 -0.006617 -0.006873
0.002178 0.002992 0.005766
-0.021804 -0.001857 -0.005208
0.002533 0.005046 0.012175
-0.001108 -0.007197 -0.009011
0.022511 0.003880 -0.003448
-0.005249 0.000146 0.007830
-0.008104 -0.007060 0.005624
0.011676 0.001961 -0.000876
-0.003213 0.001934 0.002954
0.001898 0.006838 -0.003178
-0.003864 0.007110 -0.001546
0.016416 -0.020627 -0.001667
-0.442345 -0.006947 -0.026456
0.016505 -0.021082 0.000457
0.034423 -0.017360 0.001728
0.009058 -0.010436 -0.001224
0.020639 0.003600 -0.020185
-0.023256 -0.004700 -0.004567
0.011462 -0.000010 0.007611
0.027801 -0.007231 -0.010772
0.014484 0.000333 -0.001653
-0.007358 0.000215 0.007742
-0.013950 -0.002120 0.001606
0.005035 -0.003154 0.001478
-0.002472 0.001359 0.002911
-0.005151 0.002960 0.002044
-0.003648 0.006418 -0.000670
0.005475 0.000015 -0.000993
0.002990 -0.000897 -0.004926
0.002674 0.001218 -0.000428
0.011093 0.005491 0.001963
-0.000673 -0.005904 -0.006450
0.001840 0.002972 0.006577
-0.022436 -0.004166 -0.005008
0.003340 0.004888 0.011446
-0.000041 -0.007628 -0.009612
0.017094 0.000821 0.001310
-0.007235 0.000110 0.007695
-0.011126 -0.001525 0.004351
0.014536 0.002453 -0.003137
-0.002703 0.001177 0.003051
-0.003596 0.003030 0.002944
0.005710 0.010737 0.002072
0.005712 -0.000592 -0.000930
0.004964 -0.001241 -0.004473
0.001434 0.001178 -0.002096
0.028880 0.005398 0.019768
0.007796 -0.009047 -0.001832
0.002463 0.002797 0.005897
-0.008431 0.013836 -0.004399
0.001602 0.004857 0.010015
-0.001277 -0.007864 -0.009696
0.022534 -0.003091 -0.002904
-0.012187 0.000586 0.007664
-0.012495 -0.001689 0.002021
0.004886 -0.003198 0.001209
-0.003194 0.001201 0.003246
0.001513 0.009934 0.002151
-0.002913 0.006330 -0.001644
0.005035 0.000398 -0.001750
0.004990 -0.001366 -0.004919
0.003162 0.001093 -0.000513
0.011556 0.005619 0.001597
-0.000478 -0.006039 -0.006775
0.000771 0.001990 0.006849
-0.022849 -0.004664 -0.005196
0.001844 0.003240 0.012574
-0.000974 -0.007974 -0.010041
0.016730 0.000403 0.001533
-0.005345 -0.000033 0.007703
-0.014017 -0.001104 0.002221
0.004426 -0.002802 -0.000233
-0.002719 0.000895 0.002788
0.002303 0.007349 0.007472
-0.003169 0.006340 -0.001617
0.005506 -0.000350 -0.000995
0.006251 -0.000723 -0.004506
0.002129 0.000637 -0.000418
0.011481 0.006004 0.002105
-0.000941 -0.006076 -0.005491
0.002624 0.002917 0.005140
-0.024456 -0.005038 -0.006847
0.001931 0.005221 0.010524
0.000331 -0.007631 -0.010342
0.020221 0.000682 -0.002473
-0.006798 0.000454 0.007579
-0.015788 -0.001698 0.002585
0.004512 -0.003067 0.000013
0.002462 0.000877 -0.016087
-0.007533 0.004292 0.001847
-0.003321 0.006044 -0.000660
0.006046 -0.001241 -0.000612
0.004828 -0.000664 -0.004566
0.002644 0.000757 0.000216
0.033371 0.005544 -0.019314
-0.001036 -0.005953 -0.005139
0.001636 0.003712 0.006478
-0.022802 -0.004713 -0.004992
0.008737 0.001142 0.008945
-0.000245 -0.006585 -0.009961
0.016587 0.001321 0.001733
-0.012165 0.000604 0.010231
