2176.0000 0.05 1
1.11111
4.44444
11.1111
2.22222
11.1111
4.44444
13.3333
11.1111
20
11.1111
6.66667
11.1111
24.4444
23.3333
17.7778
23.3333
26.6667
18.8889
13.3333
32.2222
18.8889
8.88889
4.44444
10
14.4444
16.6667
34.4444
40
22.2222
41.1111
11.1111
26.6667
17.7778
33.3333
22.2222
32.2222
28.8889
25.5556
40
24.4444
32.2222
46.6667
36.6667
47.7778
70
55.5556
56.6667
41.1111
80
106.667
95.5556
128.889
125.556
141.111
146.667
146.667
158.889
194.444
190
200
216.667
267.778
192.222
230
236.667
284.444
237.778
276.667
255.556
265.556
290
300
315.556
340
316.667
352.222
286.667
347.778
301.111
307.778
300
298.889
291.111
277.778
314.444
275.556
244.444
290
287.778
300
312.222
317.778
324.444
307.778
336.667
317.778
316.667
291.111
294.444
301.111
300
291.111
330
362.222
315.556
357.778
380
361.111
346.667
352.222
343.333
291.111
251.111
213.333
180
160
188.889
238.889
266.667
333.333
351.111
396.667
421.111
396.667
427.778
410
450
400
382.222
356.667
344.444
375.556
347.778
392.222
383.333
376.667
387.778
425.556
406.667
454.444
412.222
404.444
408.889
362.222
358.889
374.444
368.889
377.778
436.667
413.333
412.222
434.444
403.333
336.667
352.222
323.333
350
318.889
324.444
255.556
286.667
262.222
272.222
255.556
244.444
222.222
274.444
213.333
242.222
216.667
230
261.111
223.333
244.444
230
214.444
208.889
230
172.222
210
172.222
200
175.556
176.667
253.333
236.667
231.111
214.444
213.333
170
175.556
196.667
262.222
241.111
222.222
274.444
238.889
228.889
257.778
347.778
342.222
315.556
307.778
327.778
311.111
332.222
377.778
418.889
425.556
427.778
445.556
434.444
508.889
475.556
497.778
472.222
427.778
347.778
315.556
232.222
120
13.3333
1.11111
2.22222
0
0
0
0
0
0
0
0
0
0
0
0
0
0
0
0
0
0
0
0
0
4.44444
0
0
2.22222
2.22222
0
0
4.44444
3.33333
4.44444
0
2.22222
2.22222
2.22222
4.44444
4.44444
2.22222
2.22222
4.44444
1.11111
0
2.22222
0
0
2.22222
2.22222
0
