-0.001270 0.011116 0.012697
-0.007824 0.001554 0.000846
-0.004399 0.020995 0.000017
0.011745 0.006741 -0.002031
-0.000874 0.018537 -0.009536
-0.008852 0.000948 -0.002092
-0.001569 0.002883 0.002882
-0.001351 -0.016163 -0.003062
-0.001386 -0.009790 -0.001095
-0.012744 -0.003604 -0.002115
0.012512 -0.007302 0.001239
-0.009647 -0.008275 -0.003750
0.003568 -0.007676 0.003415
0.001605 -0.018866 -0.000604
-0.004109 0.000827 0.001303
0.019772 -0.019383 0.002622
-0.001633 0.011705 0.012790
0.001945 -0.007428 -0.014122
-0.000982 0.018167 -0.000428
0.011804 0.008192 -0.003491
-0.002583 0.015696 -0.004096
-0.008512 0.000054 -0.002839
-0.001794 0.002639 0.005293
-0.000502 -0.015242 -0.000825
-0.001793 -0.013924 -0.006785
-0.009423 -0.008615 -0.001857
0.008347 -0.007118 0.000378
-0.007818 -0.006860 -0.003507
0.003902 -0.006634 0.003408
0.001882 -0.017870 -0.000692
-0.003652 0.000440 0.001234
0.015560 -0.011672 0.002341
-0.001305 0.010968 0.011230
-0.009434 -0.000508 0.004714
-0.002015 0.018863 0.000407
0.008206 0.010926 -0.002745
0.007360 0.015817 -0.004487
-0.010450 0.001019 -0.002590
0.001464 0.006231 0.007490
-0.001276 -0.015137 -0.004891
-0.002040 -0.014186 0.003344
-0.011275 -0.005320 -0.002237
0.012512 -0.006941 0.000852
-0.010059 -0.004396 -0.003422
0.003232 -0.006967 0.003615
0.004406 -0.019228 -0.000685
0.069678 0.019216 0.002875
0.014389 -0.011486 0.002887
-0.001116 0.010686 0.011214
-0.007889 0.000846 -0.000352
-0.002601 0.018168 0.000250
0.011926 0.007511 -0.003984
-0.002115 0.015778 -0.006011
-0.011600 -0.000773 -0.002792
0.000278 0.003042 0.005527
0.000464 -0.016000 -0.002842
-0.004187 -0.011749 -0.001231
-0.011644 -0.006365 -0.001891
0.009849 -0.005411 0.001036
-0.007495 -0.005137 -0.002563
0.004590 -0.012669 0.005934
0.001586 -0.020331 -0.000848
-0.004859 0.000180 0.001537
0.021095 -0.010409 0.009221
-0.000910 0.011238 0.012548
-0.008443 0.001674 0.000378
-0.000234 0.019304 0.000918
0.011036 0.007824 -0.002845
-0.002373 0.014317 -0.006379
-0.008381 0.001119 -0.002754
0.007559 0.004458 0.003561
-0.001939 -0.015797 -0.002354
-0.005349 -0.012954 -0.001174
-0.011161 -0.004662 -0.001732
0.008340 -0.007048 -0.000378
0.000130 -0.006665 -0.003392
0.014717 -0.010295 0.003970
0.004823 -0.019523 -0.000499
-0.004644 0.000325 0.002267
0.012668 -0.011148 0.003004
-0.004643 0.010583 0.011899
-0.010297 0.002002 -0.001337
-0.001451 0.018956 0.001941
0.013787 0.007397 -0.002666
-0.001446 0.016250 -0.006091
-0.009877 0.000197 -0.000705
-0.000493 0.002851 0.004764
0.001964 -0.014611 -0.002478
-0.004774 -0.012493 -0.001382
-0.010834 -0.003487 0.002286
0.012084 -0.007317 0.000509
-0.008099 -0.006315 -0.003267
0.007368 -0.002746 0.003806
0.006361 -0.019966 -0.000879
-0.006992 0.003200 0.001977
0.013193 -0.008772 0.002956
-0.008790 0.010549 0.012477
-0.006026 -0.003121 -0.004430
0.055688 0.059762 0.076366
0.010761 0.007180 -0.002078
-0.001432 0.015397 -0.006436
0.051033 -0.035446 0.077421
-0.002499 0.005407 0.002780
0.016417 -0.028128 -0.003300
0.006848 -0.011585 -0.001573
-0.010219 -0.002261 -0.006245
-0.608263 -0.005817 -0.007888
0.014019 -0.004609 -0.003216
0.001697 -0.009301 0.003494
0.005378 -0.019871 -0.000557
-0.004467 0.002903 0.001258
0.018632 0.000369 0.002817
-0.000831 0.012078 0.012656
-0.008180 0.002157 0.000865
0.000128 0.018995 0.000618
0.065132 0.043277 -0.074495
-0.002932 0.018021 -0.003689
-0.008811 0.000969 -0.002205
-0.000742 0.004131 0.004059
0.000598 -0.015914 -0.002583
-0.004409 -0.010890 -0.001089
-0.000330 -0.004187 -0.002047
0.010858 -0.006238 -0.000445
-0.010000 -0.005943 -0.003500
0.006281 -0.011086 0.002021
0.000573 -0.020773 -0.000805
0.007616 0.001193 0.001868
0.019050 -0.010368 -0.002786
0.000037 0.003044 -0.005191
0.007636 0.009361 -0.002072
-0.009625 0.010646 0.002259
0.005557 0.023224 -0.001541
0.000286 -0.003310 -0.000344
0.000980 0.004753 -0.009045
-0.007088 -0.002193 0.000428
0.003575 0.005207 0.000442
-0.001575 0.007544 -0.001984
0.017815 -0.010583 0.003500
-0.009447 0.010133 0.001915
-0.004511 -0.000377 -0.000514
0.012785 -0.004958 0.001453
-0.003327 -0.005525 0.005306
0.020450 -0.008812 0.002437
-0.010536 -0.001069 0.000899
-0.000543 0.003415 -0.005135
0.007006 0.008660 -0.002597
-0.011498 0.010230 0.002562
0.009357 0.019242 0.001550
0.000090 -0.001798 0.000221
0.000062 0.004282 -0.010056
-0.008631 -0.003232 -0.003330
0.002236 0.005576 0.000073
-0.000615 0.009005 -0.002641
0.017152 -0.011295 0.003091
-0.011659 0.010685 0.002304
-0.005614 -0.001113 -0.000239
0.012831 -0.005232 0.000974
-0.001064 -0.005112 0.004503
0.006826 -0.008138 0.003079
-0.011658 -0.012875 -0.004578
0.000785 0.003858 -0.005834
0.007112 0.013042 0.004996
-0.008944 0.011414 0.002477
0.006126 0.024776 -0.001321
0.000240 -0.003235 -0.000355
0.001602 0.004362 -0.010352
0.001301 -0.011693 0.014704
0.002781 0.005438 -0.000220
0.000581 0.004026 -0.004255
0.018105 -0.011938 0.003244
-0.009543 0.010666 0.001445
-0.002576 -0.006850 0.000390
0.025213 -0.058598 0.000134
-0.003381 -0.005144 0.004298
0.007426 -0.008477 0.001515
-0.011331 -0.012704 0.007406
0.002285 0.006994 -0.001226
0.007230 0.008379 -0.002851
-0.009610 0.011206 0.002701
0.006310 0.022342 -0.001962
-0.000921 -0.003640 -0.002746
-0.002502 0.004498 -0.010197
-0.007472 -0.001266 0.000569
0.003326 0.005825 0.000574
-0.000866 0.008139 -0.002459
0.016400 -0.012916 -0.000239
-0.008196 0.008165 0.001926
-0.003832 0.001405 -0.002484
0.010887 -0.004885 0.000006
-0.004490 -0.007196 0.003892
0.008496 -0.010487 0.001769
-0.016732 -0.011612 0.001747
0.000633 0.003649 -0.003499
0.007845 0.008624 -0.002926
-0.011006 0.011295 0.003299
0.004508 0.020559 -0.002904
0.000656 -0.001956 -0.001521
0.000449 0.005383 -0.010840
-0.008145 -0.001784 0.000706
0.003780 0.004954 -0.001255
-0.003540 0.005066 -0.001039
0.019913 -0.012163 0.002991
0.006862 0.010193 0.002165
-0.008074 0.000478 0.000285
0.012538 -0.004930 -0.001290
-0.003631 -0.005911 0.003233
0.011444 -0.009641 0.001714
-0.016962 -0.011194 0.001506
-0.001158 0.005769 -0.009077
0.007726 0.008052 -0.003617
-0.010641 0.010837 0.000285
0.005339 0.023996 -0.004570
-0.001252 0.000041 0.004021
0.001315 0.005226 -0.010298
-0.010020 -0.001448 0.001945
0.002423 0.006001 -0.000782
-0.002147 0.008498 0.000240
0.019072 -0.012894 0.004418
-0.008652 0.010363 0.002299
-0.005509 -0.001675 -0.000116
0.010800 -0.005554 0.001308
-0.000592 -0.005790 0.004767
0.010686 -0.009726 0.002256
-0.018124 -0.013807 0.000639
0.008221 0.014602 0.012809
0.007423 0.008110 -0.000842
0.053127 -0.024790 -0.073738
0.015075 0.023066 -0.003176
0.008247 0.007464 -0.017149
0.001382 0.003132 -0.009051
-0.005550 -0.007094 0.005502
0.004989 0.007237 -0.002235
0.007774 0.007168 0.000144
0.028567 -0.015204 0.002369
0.060864 -0.012043 -0.000695
0.007217 -0.000522 -0.000045
0.010250 -0.005247 -0.000932
0.017344 0.053127 0.003568
0.020145 -0.010753 0.002148
-0.013823 -0.020838 0.000516
-0.000999 0.002814 -0.003107
0.006482 0.008755 -0.002218
-0.012447 0.008552 0.002884
0.007955 0.024260 -0.001002
0.002075 0.000975 -0.003999
-0.007334 0.003651 -0.009334
-0.007611 -0.002643 0.001085
0.003470 0.006417 -0.000402
-0.000422 0.007134 -0.001712
0.017324 -0.012305 0.006545
-0.008777 0.007984 0.001977
-0.004292 0.003092 0.000475
0.010803 -0.005358 -0.000065
-0.003774 -0.007468 0.005006
0.008428 -0.009907 0.002459
-0.015836 -0.012214 0.000943
