2176.0000 0.05 1
1.11111
4.44444
11.1111
2.22222
11.1111
4.44444
13.3333
11.1111
20
11.1111
6.66667
11.1111
24.4444
23.3333
17.7778
23.3333
26.6667
18.8889
13.3333
32.2222
18.8889
8.88889
4.44444
10
14.4444
16.6667
34.4444
40
23.3333
40
11.1111
26.6667
17.7778
31.1111
24.4444
32.2222
26.6667
27.7778
40
24.4444
32.2222
46.6667
36.6667
47.7778
70
55.5556
56.6667
41.1111
80
106.667
95.5556
126.667
127.778
138.889
146.667
146.667
163.333
190
187.778
204.444
216.667
267.778
192.222
230
232.222
288.889
240
276.667
253.333
263.333
286.667
303.333
317.778
337.778
318.889
350
284.444
347.778
301.111
312.222
294.444
297.778
295.556
277.778
314.444
271.111
251.111
285.556
292.222
297.778
314.444
314.444
325.556
303.333
340
314.444
317.778
296.667
290
301.111
303.333
290
332.222
355.556
318.889
355.556
381.111
358.889
351.111
352.222
343.333
288.889
251.111
217.778
180
157.778
188.889
241.111
264.444
333.333
348.889
395.556
422.222
393.333
431.111
412.222
450
402.222
380
356.667
346.667
368.889
345.556
398.889
383.333
371.111
388.889
427.778
406.667
456.667
410
404.444
411.111
356.667
364.444
372.222
366.667
378.889
433.333
411.111
412.222
443.333
401.111
336.667
356.667
320
351.111
312.222
328.889
262.222
281.111
261.111
270
260
244.444
222.222
274.444
211.111
246.667
214.444
232.222
258.889
223.333
242.222
234.444
214.444
206.667
230
176.667
205.556
174.444
197.778
173.333
176.667
256.667
235.556
232.222
211.111
217.778
168.889
175.556
195.556
264.444
238.889
222.222
272.222
238.889
228.889
260
347.778
342.222
317.778
303.333
330
307.778
333.333
380
412.222
434.444
423.333
445.556
434.444
508.889
474.444
505.556
476.667
428.889
355.556
303.333
227.778
114.444
13.3333
1.11111
0
0
0
0
0
0
0
0
0
0
0
0
0
0
0
0
0
0
0
0
0
0
2.22222
4.44444
0
2.22222
0
2.22222
4.44444
6.66667
1.11111
4.44444
2.22222
0
4.44444
4.44444
2.22222
4.44444
2.22222
2.22222
4.44444
0
1.11111
2.22222
0
0
2.22222
0
2.22222
0
