0.001004 0.009972 0.012031
-0.016403 0.012669 0.000741
-0.000647 0.017836 -0.000212
0.012421 0.007118 -0.001737
-0.001398 0.014704 -0.006468
-0.008724 0.000936 -0.002063
0.000635 0.003906 0.004699
0.002062 -0.014714 -0.003377
-0.003720 -0.012955 -0.002103
-0.013567 0.000472 -0.005696
0.011406 -0.006394 -0.000456
-0.009175 -0.005820 -0.003229
0.003770 -0.008144 0.003532
0.003098 -0.019138 -0.001698
-0.002612 -0.000826 0.000705
0.013851 -0.011609 0.002337
0.000222 0.009421 0.012297
-0.009002 0.001466 0.000585
-0.003106 0.029262 0.000401
0.010786 0.008611 -0.003956
-0.000851 0.013863 -0.005171
-0.010243 0.000355 -0.002911
-0.000476 0.003195 0.004278
-0.000632 -0.015291 -0.002555
-0.003535 -0.011079 -0.001217
-0.013509 -0.006097 -0.001694
0.012567 -0.006881 0.000260
-0.010673 -0.006184 -0.002869
0.004247 -0.007136 0.003429
0.005275 -0.019743 -0.000204
-0.003737 0.000518 0.000353
0.013013 -0.014499 0.004703
-0.000840 0.011443 0.011734
-0.009054 0.000789 0.000726
-0.001788 0.019065 0.000994
0.011190 0.005971 -0.002467
-0.001828 0.015973 -0.006152
-0.009321 0.001494 -0.002102
-0.002842 0.013693 0.004160
-0.001066 -0.016606 -0.002165
-0.001354 -0.012153 -0.000780
-0.011272 -0.004555 -0.001172
0.011612 -0.005975 0.000729
-0.010437 -0.006727 -0.003522
0.006884 -0.006625 0.005241
0.003291 -0.018405 -0.001030
-0.004389 0.000833 0.001660
0.013494 -0.010965 0.002487
-0.000882 0.014897 0.012126
-0.007562 -0.000863 -0.002457
-0.003529 0.022805 0.005549
0.012220 0.008502 -0.002203
-0.000789 0.015755 -0.006541
-0.008799 0.000462 -0.002094
0.004434 0.011355 0.004306
0.000795 -0.017332 -0.004105
-0.004087 -0.012078 -0.001709
-0.010874 -0.006675 -0.002282
0.011464 -0.005911 0.002704
-0.008323 -0.004187 -0.002099
0.003506 -0.006978 0.002457
0.003230 -0.003960 0.017114
-0.005956 -0.002201 0.003350
0.015691 -0.014367 0.001697
-0.000565 0.011288 0.012375
-0.008396 0.003094 -0.000091
-0.001234 0.019485 0.001550
0.011318 0.007891 -0.004261
-0.000648 0.014546 -0.004836
-0.009169 -0.001839 -0.002365
0.000429 0.003037 0.004402
0.000003 -0.015536 -0.002925
-0.002661 -0.011084 -0.000135
-0.010333 -0.007090 -0.004065
0.011343 -0.006335 0.000651
-0.009138 -0.005015 -0.003902
0.003755 -0.007755 0.003451
0.003532 -0.018940 0.000490
-0.008529 0.006771 0.002196
0.013684 -0.011124 0.003159
-0.002386 0.009249 0.012049
-0.006406 0.002286 0.000618
0.002406 0.026433 0.001044
0.012501 0.007369 -0.002348
-0.001741 0.016591 -0.005808
-0.010852 0.000444 -0.004738
-0.003819 0.007093 0.006285
-0.000526 -0.015415 -0.002625
-0.004534 -0.012977 -0.003390
-0.011325 -0.004482 -0.002494
0.012277 -0.007089 0.001530
-0.009492 -0.007406 -0.005331
0.004922 -0.009115 0.004863
0.004368 -0.019894 -0.001925
-0.003366 -0.002717 0.000634
0.017391 -0.005840 0.001589
-0.001990 0.009961 0.012073
0.005920 0.021291 0.000661
-0.002070 0.017810 0.000635
-0.051776 0.075229 -0.001924
-0.001165 0.016063 -0.006115
-0.010096 0.001237 0.000457
-0.005136 0.008973 0.003011
0.000363 -0.014075 -0.001337
-0.000767 -0.005083 -0.002337
-0.011701 -0.004275 -0.005731
0.010159 -0.006974 0.000319
-0.009387 0.066988 -0.079912
0.037465 0.011778 0.047060
0.002056 -0.019419 -0.000485
-0.003222 0.000603 0.002009
0.012827 -0.012055 0.003493
0.000234 0.013428 0.012241
-0.007784 0.001481 0.003396
-0.004458 0.023450 -0.003779
0.012092 0.008137 -0.002995
0.001995 0.057384 -0.002277
0.041391 0.038728 -0.001656
-0.001811 0.001872 0.004752
0.035008 0.005815 -0.051131
-0.002244 -0.012293 -0.005596
-0.011903 -0.005429 -0.001007
0.010788 0.008970 -0.018358
-0.009476 -0.006357 -0.003480
0.004428 -0.007519 0.003802
0.003885 -0.018110 -0.004138
-0.014522 -0.000983 -0.007671
0.025109 -0.015141 0.011373
-0.002608 0.004837 -0.005213
0.006910 0.008744 -0.001891
-0.015989 0.021319 0.001487
0.006287 0.020547 -0.001812
0.003081 -0.004996 0.000370
0.000831 0.005213 -0.009683
-0.007549 -0.004310 0.000384
0.004996 0.000333 0.001574
-0.000921 0.008186 -0.002061
0.018801 -0.011156 0.003296
-0.009571 0.010527 0.000537
-0.004263 -0.001482 -0.000362
0.011699 -0.005289 0.000070
-0.002452 -0.008220 0.007327
0.009043 -0.010043 0.002809
-0.020450 -0.006864 -0.000131
-0.000119 0.003240 -0.005582
0.008164 0.008710 -0.002721
-0.009317 0.010399 0.002227
0.007585 0.023402 -0.001269
0.000450 -0.002406 -0.000472
0.000206 0.003416 -0.009054
-0.008356 -0.002436 0.000533
0.006011 0.004952 -0.000391
-0.000309 0.008816 -0.002045
0.018042 -0.011161 0.003993
-0.007930 0.009780 0.002185
-0.004208 -0.000870 -0.000499
0.011428 -0.005105 0.000144
-0.004467 -0.005623 0.004429
0.010180 -0.007878 0.002702
-0.016077 -0.011736 0.002406
-0.000366 0.003959 -0.004397
0.008168 0.008489 -0.002112
-0.009966 0.012206 0.002552
0.007273 0.022600 -0.001400
-0.000339 -0.003231 -0.000327
0.000916 0.005001 -0.011124
-0.008610 -0.002253 0.000587
0.002055 -0.000244 -0.000464
0.001240 0.007176 -0.001959
0.017769 -0.011997 0.003008
-0.009382 0.010677 0.001326
-0.005199 -0.000578 0.000419
0.012209 -0.005226 0.000017
-0.003814 -0.004466 0.003678
0.010862 -0.009802 0.002813
-0.017329 -0.010897 0.000848
0.000203 0.003569 -0.005284
0.006995 0.008220 -0.002767
-0.007602 0.013378 0.008848
0.005481 0.022897 -0.002751
-0.000417 -0.005352 -0.000996
0.002195 0.003784 -0.009158
-0.008268 -0.000052 0.000607
0.002687 0.004434 -0.002560
-0.000856 0.007164 -0.002480
0.018186 -0.012492 0.001864
-0.009529 0.010061 0.000298
-0.004705 -0.001595 -0.000451
0.011274 -0.005694 0.001180
-0.003393 -0.005294 0.003967
0.010127 -0.010207 0.003804
-0.019189 -0.013732 -0.001212
-0.012274 0.017768 -0.005972
0.005441 0.020856 -0.002680
-0.010472 0.010303 0.003212
0.006244 0.023992 -0.001205
0.001984 -0.004593 -0.000341
0.001144 0.003445 -0.010482
-0.007643 -0.004318 0.001319
0.002965 0.004793 -0.000567
-0.005865 0.014976 -0.002657
0.017967 -0.010397 0.003352
-0.008402 0.009182 0.001326
-0.005256 -0.000576 -0.000778
0.011500 -0.006087 0.000800
-0.005717 -0.001116 0.008257
0.009242 -0.010331 0.001188
-0.015878 -0.012827 0.002507
-0.001586 0.000882 -0.003215
0.008049 0.021800 -0.002771
-0.010919 0.010003 0.002343
0.006197 0.022583 -0.001975
0.001382 0.000013 -0.001571
0.000399 0.005969 -0.009632
-0.009931 -0.003982 0.000415
-0.000218 0.000228 -0.000695
0.002850 0.010442 0.000003
0.017373 -0.011638 0.002940
-0.006552 0.007412 0.002883
-0.005723 -0.001461 0.001185
0.014555 -0.000240 0.003129
-0.002693 -0.005004 0.005649
0.010689 -0.010297 0.002337
-0.015987 -0.012021 0.001244
-0.001119 0.002256 -0.005923
0.007178 0.009050 -0.002198
-0.009922 0.021508 0.002056
-0.002221 0.050445 -0.000731
0.025501 0.003287 -0.000122
0.007756 -0.588554 0.007622
-0.010544 -0.003441 0.001085
0.001301 0.004130 -0.000035
0.003730 0.012027 -0.006718
0.018199 -0.011875 0.003102
0.001042 0.004770 -0.007098
-0.033411 0.021230 0.029497
0.010700 -0.007288 0.001872
-0.003949 -0.005276 0.008378
0.010698 -0.008719 0.002275
-0.016780 -0.015195 0.001859
0.008874 0.019855 -0.005343
0.007263 0.008584 -0.002223
-0.008150 0.012800 -0.002001
0.006333 0.023552 -0.001895
-0.000663 -0.004216 0.000175
0.001808 0.003399 -0.010852
-0.035421 0.000114 0.000653
0.005561 0.001015 0.002457
0.000109 0.019316 -0.002196
-0.010694 0.013490 -0.030808
-0.004124 0.016937 0.003568
-0.005916 -0.001904 0.000192
0.011362 -0.006314 0.004226
-0.002936 -0.007973 0.004244
0.012023 0.062601 0.068368
-0.026446 -0.014401 0.009411
