2176.0000 0.05 1
1.11111
4.44444
11.1111
2.22222
11.1111
4.44444
13.3333
11.1111
20
11.1111
6.66667
11.1111
24.4444
23.3333
17.7778
23.3333
26.6667
18.8889
13.3333
32.2222
18.8889
8.88889
4.44444
10
14.4444
16.6667
34.4444
37.7778
25.5556
40
11.1111
26.6667
17.7778
31.1111
24.4444
32.2222
26.6667
27.7778
40
22.2222
34.4444
46.6667
36.6667
47.7778
70
55.5556
56.6667
41.1111
77.7778
106.667
97.7778
126.667
127.778
136.667
151.111
146.667
158.889
192.222
192.222
200
216.667
270
190
230
236.667
284.444
236.667
276.667
256.667
263.333
288.889
301.111
317.778
344.444
312.222
350
286.667
350
302.222
311.111
295.556
298.889
291.111
280
312.222
273.333
248.889
285.556
290
300
312.222
317.778
322.222
310
335.556
316.667
317.778
292.222
295.556
297.778
306.667
286.667
332.222
360
315.556
357.778
377.778
361.111
351.111
352.222
341.111
293.333
251.111
213.333
180
155.556
191.111
241.111
262.222
333.333
357.778
395.556
415.556
400
431.111
405.556
452.222
397.778
384.444
358.889
342.222
373.333
344.444
398.889
380
380
382.222
425.556
410
455.556
406.667
407.778
411.111
358.889
357.778
378.889
366.667
375.556
438.889
415.556
410
434.444
403.333
341.111
347.778
324.444
348.889
320
325.556
255.556
284.444
262.222
274.444
255.556
242.222
222.222
276.667
211.111
240
216.667
238.889
256.667
221.111
244.444
230
214.444
208.889
230
174.444
207.778
172.222
200
175.556
176.667
254.444
237.778
228.889
212.222
215.556
170
175.556
196.667
262.222
241.111
220
277.778
237.778
231.111
257.778
345.556
346.667
313.333
310
323.333
308.889
334.444
377.778
418.889
427.778
423.333
445.556
434.444
513.333
477.778
502.222
472.222
432.222
350
307.778
226.667
117.778
11.1111
1.11111
0
0
0
0
0
0
0
0
0
0
0
0
0
0
0
0
0
0
0
0
0
0
4.44444
2.22222
0
0
0
0
6.66667
4.44444
2.22222
3.33333
2.22222
0
4.44444
2.22222
4.44444
6.66667
0
2.22222
2.22222
2.22222
1.11111
2.22222
0
0
2.22222
0
2.22222
0
