-0.000226 0.010658 0.011881
-0.009529 0.001021 0.001495
-0.003474 0.020452 -0.000368
0.011974 0.007978 -0.002471
-0.002629 0.015728 -0.005355
-0.009255 0.000294 -0.002268
-0.000862 0.004130 0.004409
0.000321 -0.015423 -0.002940
-0.004415 -0.011601 -0.000939
-0.011325 -0.003973 -0.002270
0.011756 -0.006375 0.000871
-0.010747 -0.005541 -0.003627
0.005842 -0.007710 0.003275
0.009741 -0.018989 -0.000556
-0.006407 0.001818 0.001229
0.014089 -0.011592 0.003547
0.000395 0.010951 0.012958
-0.009648 0.000712 0.000745
-0.002513 0.019933 -0.000377
0.011097 0.008228 -0.003114
-0.001080 0.018141 -0.005082
-0.008691 0.000657 -0.003025
-0.003084 0.000776 0.004067
-0.000802 -0.015281 -0.003073
-0.003349 -0.010643 -0.001136
-0.012795 -0.004511 -0.003588
0.010091 -0.009336 0.000660
-0.008829 -0.006558 -0.003537
0.004270 -0.007804 0.003525
0.001662 -0.015765 -0.000534
-0.003227 -0.000036 0.000992
0.009435 -0.012124 0.002601
-0.000098 0.010461 0.012539
-0.007907 0.001242 -0.000135
-0.000261 0.018540 0.001640
0.009263 0.009802 -0.002670
0.000478 0.012895 -0.008441
-0.011155 0.001836 -0.002921
-0.001436 0.003492 0.003992
0.001821 -0.020247 -0.002214
-0.003540 -0.011085 -0.000841
-0.012491 -0.004414 0.000263
0.017226 -0.020720 0.000437
-0.008621 -0.006044 -0.003626
0.004925 -0.007529 0.003521
0.000074 -0.017702 -0.000414
0.005423 -0.000025 0.001799
0.013987 -0.011838 0.002733
-0.001682 0.009619 0.009725
-0.011902 0.001429 -0.001182
-0.002201 0.018643 -0.000570
0.011788 0.007114 -0.002504
-0.002095 0.016310 -0.006222
0.037493 0.031548 0.071228
0.009751 0.001529 0.003154
0.001598 -0.011123 -0.001030
-0.002333 -0.016349 -0.001542
-0.009728 -0.005040 -0.001160
0.018662 -0.007403 0.005497
-0.002148 -0.004208 -0.007065
0.002725 -0.009020 0.006756
0.002929 -0.018447 -0.000950
0.006222 0.000413 0.001659
0.012844 -0.010959 0.003245
-0.000430 0.012031 0.011384
-0.008925 0.002304 0.000664
-0.001859 0.018571 0.000262
0.010891 0.008963 -0.003124
-0.005068 0.013738 -0.005135
-0.008981 0.000047 -0.003057
0.001744 0.000750 0.006357
-0.001831 -0.014609 -0.002231
0.005404 -0.012603 -0.001311
-0.011231 -0.004569 -0.001318
0.012927 -0.006534 -0.000336
-0.008584 -0.009370 -0.003890
0.004940 -0.007620 0.003641
0.002276 -0.019811 -0.000628
-0.006178 0.001631 0.001907
0.009713 -0.010631 0.002261
-0.001906 0.013246 0.015403
-0.008728 0.002078 0.000558
-0.002858 0.018337 0.000835
0.021643 0.008638 -0.001094
-0.003352 0.016156 -0.004064
-0.008645 0.000467 -0.002788
-0.000564 0.003595 0.004847
-0.000863 -0.015587 -0.002416
0.000728 -0.005548 -0.001453
-0.010573 -0.004554 -0.000474
0.010767 -0.006435 0.000887
-0.007978 -0.000723 -0.004050
0.023801 0.008481 0.001940
0.002273 -0.019538 -0.001435
-0.006705 0.000022 0.002042
0.014825 -0.011334 0.003025
0.008943 0.023545 -0.006963
-0.008391 0.000581 0.002189
0.000187 0.021644 0.003909
0.010781 0.007235 -0.001701
0.009244 0.014683 -0.003727
-0.009801 0.000160 -0.002484
-0.001133 0.002769 0.004002
0.011361 -0.015206 -0.002687
-0.006107 -0.012788 -0.001143
-0.010658 -0.004570 -0.002956
0.016072 0.003962 0.000321
-0.008625 -0.003180 -0.003503
0.005668 -0.008587 0.003482
0.002563 -0.019738 -0.000539
-0.006172 0.000040 0.001486
-0.618042 -0.013211 -0.004273
0.001785 0.015388 0.007979
-0.017144 0.000984 0.002187
0.008282 0.019095 -0.000954
0.012632 0.009974 -0.005776
-0.000947 0.015842 -0.005354
-0.008745 0.001021 -0.000741
-0.001650 0.003954 0.002343
-0.000033 -0.010176 -0.002968
-0.002175 -0.016437 -0.002910
0.011124 -0.074380 -0.002018
0.016475 -0.008354 -0.003773
-0.003269 -0.004601 0.001351
0.003109 -0.008684 0.000275
0.071025 0.003837 -0.004480
-0.003448 0.000272 0.001591
0.014000 -0.010192 0.002396
-0.000223 0.003256 -0.005387
0.015473 -0.000289 0.014216
-0.010444 0.009694 0.002796
0.008646 0.023755 -0.001435
-0.000513 -0.002642 0.000498
0.001251 0.004023 -0.010352
-0.009642 -0.002206 -0.000655
0.004198 0.004542 -0.000849
0.000590 0.008179 -0.002753
0.018472 -0.011995 0.003700
-0.007549 0.009991 0.002240
-0.005616 -0.001293 -0.000498
0.009931 -0.004198 -0.003000
-0.003618 -0.005347 0.004200
0.009665 -0.010197 0.002413
-0.016349 -0.014282 0.001435
0.001390 0.001457 -0.006606
0.007640 0.008837 -0.002276
-0.009751 0.010764 0.002433
0.006573 0.023418 -0.002139
0.000736 -0.004081 0.001780
0.001783 0.003914 -0.010254
-0.007964 -0.002454 0.000613
0.002507 0.005985 -0.002731
-0.001649 0.008825 -0.001047
0.019549 -0.011137 0.003582
-0.007205 0.010264 0.001986
-0.004962 -0.001181 -0.000122
0.011256 -0.005668 0.000660
-0.003881 -0.006549 0.003968
0.007633 -0.009304 0.002831
-0.014971 -0.011411 0.001915
0.000192 0.002795 -0.005025
0.008488 0.009350 -0.003316
-0.011576 0.011800 0.002999
0.006911 0.023826 -0.002242
0.000577 -0.004007 -0.001053
0.001607 0.004239 -0.008987
-0.008354 -0.002808 0.001236
0.005334 0.001051 -0.003821
-0.000670 0.007660 -0.002013
0.018380 -0.012038 0.002832
-0.009746 0.010546 0.001796
-0.007570 -0.000552 0.000196
0.011292 -0.004576 -0.000597
0.007436 -0.006383 0.004447
0.008882 -0.008968 0.001868
-0.017158 -0.010016 0.001085
-0.003080 0.004344 -0.009380
0.010075 0.003349 0.002176
-0.011387 0.010714 0.000990
0.006218 0.023072 0.000453
-0.001061 -0.002640 -0.001557
-0.000391 0.006460 -0.012356
-0.017325 -0.002608 -0.000391
0.003071 0.003892 0.002101
0.052397 -0.018843 -0.071500
0.016972 -0.013202 0.001002
-0.005339 0.009386 0.004052
-0.004885 0.000778 -0.005691
0.028536 -0.004117 -0.000414
-0.003074 -0.008247 0.011332
0.009830 -0.011240 0.001313
-0.014915 -0.012179 0.001918
-0.000698 0.003991 -0.004738
0.006974 0.007296 -0.004454
-0.009492 0.009820 0.002789
0.005488 0.023072 -0.001165
0.000115 -0.002869 -0.001214
0.003263 0.003564 -0.010700
-0.008029 -0.000909 0.000777
0.004033 0.006648 0.000202
-0.001096 0.007365 -0.001995
0.017408 -0.012334 0.002723
-0.010388 0.011694 0.002257
-0.001457 -0.006865 0.000461
0.010866 -0.005223 0.003404
-0.004391 -0.005730 0.003984
0.022164 -0.010688 0.002478
-0.003702 -0.013236 0.001023
-0.000257 0.003970 -0.005224
0.008183 0.007030 -0.001698
-0.008745 0.010273 0.002555
0.004088 0.022081 -0.002600
0.000198 -0.002022 -0.000272
0.003632 0.007989 -0.005572
-0.007881 -0.001492 0.000547
0.003448 0.006077 0.000089
-0.003636 0.006243 -0.001475
0.019631 -0.011853 0.002835
-0.010538 0.009311 0.001908
0.004579 -0.000399 0.000105
0.012459 -0.005375 0.000091
-0.006453 -0.005304 0.004127
0.009615 -0.009995 0.001980
-0.015020 -0.011613 0.001221
-0.000121 0.003383 -0.004251
0.008599 0.009018 -0.002483
-0.011635 0.010642 0.002506
0.007411 0.023431 -0.001883
-0.000181 -0.002584 -0.001111
0.000503 0.003559 -0.008376
-0.007700 -0.003385 -0.001286
0.004151 0.005959 0.000416
0.000079 0.008903 -0.001430
0.040159 0.040114 0.003994
-0.010678 0.008571 0.001894
-0.005837 -0.001432 -0.000522
0.012259 -0.005721 0.000498
-0.000338 -0.000624 0.004825
0.102686 -0.037427 0.003964
0.012852 -0.009057 0.001147
-0.001233 0.003461 -0.004350
0.005835 0.008826 0.000724
0.044162 0.041702 -0.068676
0.065648 -0.009763 0.074354
-0.002198 0.001550 0.007198
0.009684 0.016691 0.007171
-0.011915 -0.002617 0.001898
0.011011 -0.002899 -0.016138
-0.001055 0.007961 -0.005079
0.016955 -0.012876 0.004756
-0.006404 0.009789 0.001289
-0.003998 0.000227 0.003639
0.012353 -0.003852 0.000762
-0.002052 -0.008416 -0.002330
0.009485 -0.012109 0.002556
-0.016450 -0.010462 0.000787
