36.0000 0.05 1
0.0182066
0.10924
0
0.21848
0
0.145653
0.10924
0
0.436959
0
0.436959
0
0
0.21848
0.436959
0.10924
0.436959
0
0.436959
0.145653
0
0.436959
0.873919
0
0
0.10924
0.436959
0.436959
0.655439
0.436959
0
0.436959
0.873919
0.436959
0
0
0.436959
0
0.691853
0.873919
0.436959
1.31088
0
0.436959
0.873919
0.436959
0
1.0924
0.436959
0
1.74784
0.873919
0.10924
0.582613
0.873919
0
0.436959
3.05872
1.31088
1.16523
1.31088
0.436959
4.80655
2.78562
0.764679
1.96632
4.47883
0.655439
4.69731
1.42012
3.60492
3.49568
5.02503
2.62176
3.76878
5.13427
2.84024
7.10059
5.02503
3.2772
5.78971
5.68047
2.40328
5.24351
7.42831
6.66363
4.58807
2.62176
3.71416
5.89895
3.05872
6.22667
6.33591
4.80655
2.84024
3.49568
5.68047
4.15112
4.04188
3.93264
4.36959
3.49568
1.0924
3.49568
5.68047
0.873919
2.29404
4.36959
5.24351
4.15112
4.80655
4.36959
2.62176
6.55439
5.57123
3.93264
3.49568
5.46199
6.11743
3.93264
3.05872
3.2772
6.00819
7.42831
2.84024
4.36959
4.58807
4.80655
6.33591
6.37233
3.93264
5.68047
6.26309
5.46199
2.62176
6.22667
5.24351
6.70005
5.89895
7.82886
4.56987
4.80655
9.75876
6.99135
6.55439
8.95767
4.6609
6.8457
6.77287
12.3077
6.77287
5.24351
6.77287
3.93264
4.80655
7.64679
3.93264
7.10059
3.16796
2.62176
6.33591
2.1848
3.2772
4.80655
4.26036
2.94948
3.05872
4.15112
2.98589
3.05872
4.80655
4.80655
2.07556
4.15112
6.11743
3.93264
4.36959
4.36959
6.99135
4.36959
3.71416
3.71416
4.36959
5.24351
6.55439
7.86527
5.78971
2.62176
4.80655
3.5685
2.94948
3.78698
2.54893
3.13154
3.60492
4.15112
4.91579
7.35548
3.05872
3.71416
4.69731
2.731
2.62176
0.873919
4.47883
2.4761
3.93264
4.58807
4.04188
4.15112
3.05872
5.24351
1.96632
5.13427
6.11743
1.0924
2.40328
3.60492
2.1848
3.71416
4.6609
6.99135
6.22667
8.52071
2.731
5.68047
4.91579
5.89895
6.11743
5.35275
6.40874
8.46609
9.39463
5.68047
3.71416
3.49568
1.96632
2.1848
4.80655
0.873919
5.89895
2.40328
2.29404
3.16796
1.31088
2.62176
1.31088
0
0
0
0.928539
0.873919
0
0
0.436959
2.62176
1.74784
3.49568
2.84024
0.873919
0
0
0
2.1848
0.436959
0.873919
0.436959
2.62176
0
0
2.40328
1.74784
0.436959
2.1848
1.31088
0.873919
1.31088
0.873919
0
0.873919
1.31088
1.74784
1.74784
0.873919
0
0.436959
1.31088
0.436959
0.873919
2.1848
1.31088
1.31088
1.74784
2.62176
0.21848
0.873919
0.436959
1.74784
0
1.74784
0
1.0924
0.436959
0.436959
1.74784
1.74784
0.873919
0.873919
0.436959
1.74784
0.873919
0.436959
1.31088
1.31088
1.74784
1.74784
0
0.436959
0
1.31088
0.436959
0.873919
1.0924
2.1848
0.436959
0.436959
0
2.1848
0
0
2.1848
0.436959
0
0.873919
1.31088
0.873919
0.436959
1.31088
0.873919
0.873919
0.436959
0.21848
0
1.31088
0
2.62176
2.1848
0.873919
0.655439
2.1848
3.05872
0.436959
0.873919
2.1848
0.436959
1.31088
1.52936
2.1848
1.31088
2.1848
0.873919
3.05872
1.31088
0.364133
0.873919
2.62176
0.436959
0.436959
0.436959
2.62176
1.74784
0.436959
0.436959
2.62176
0
1.74784
1.52936
1.74784
0.21848
1.0924
2.1848
0.873919
1.74784
1.0924
1.52936
0.436959
0.873919
3.05872
3.49568
0.873919
0
1.0924
0.436959
1.74784
1.74784
0.21848
0.873919
0
0.873919
1.74784
1.31088
2.40328
0.21848
1.89349
1.31088
1.74784
1.96632
0.436959
0.873919
2.62176
0.873919
0.436959
0.436959
0.21848
0.436959
0.873919
1.31088
1.0924
0.436959
2.1848
0.928539
0.873919
3.05872
2.1848
0.436959
1.74784
1.31088
1.52936
2.1848
1.0924
0.10924
1.31088
1.0924
0.873919
2.1848
0.655439
1.52936
0
1.0924
0.873919
0.436959
1.52936
2.62176
1.31088
4.58807
1.31088
1.31088
2.51252
1.0924
0.873919
1.0924
2.1848
2.40328
1.0924
1.89349
1.31088
2.94948
1.31088
0.21848
1.31088
3.05872
1.31088
0.21848
3.05872
1.74784
2.40328
1.31088
0
0.436959
0.655439
0.873919
3.49568
0.436959
1.96632
0.436959
3.71416
3.2772
0.21848
1.31088
3.71416
2.62176
1.31088
2.1848
1.74784
1.0924
3.05872
1.74784
3.93264
1.0924
0.436959
0.983159
2.62176
3.49568
0.436959
2.62176
1.45653
1.74784
1.31088
0.873919
2.62176
2.33045
2.1848
3.93264
3.95084
3.05872
0
2.731
2.84024
5.60765
1.74784
3.05872
1.89349
1.52936
3.93264
1.6386
3.93264
3.71416
1.74784
0.436959
5.24351
5.68047
0.436959
0.873919
5.24351
2.40328
3.05872
3.05872
2.62176
5.02503
4.36959
3.05872
1.74784
3.64133
4.07829
2.84024
4.80655
2.62176
1.31088
3.49568
4.58807
0.873919
2.1848
1.31088
2.1848
1.89349
0.436959
2.94948
3.05872
2.62176
3.42285
1.74784
2.1848
4.58807
4.80655
2.1848
2.1848
2.62176
3.05872
3.93264
4.36959
2.94948
3.05872
2.40328
2.1848
3.05872
2.62176
1.0924
3.93264
1.85708
0.436959
3.71416
2.29404
0
1.31088
2.94948
2.40328
1.31088
1.74784
1.31088
1.31088
0.873919
0.436959
0.546199
0.436959
1.52936
0.873919
1.01957
0.436959
2.1848
1.96632
0.436959
1.42012
0.436959
1.6386
3.05872
1.31088
1.74784
2.62176
1.74784
0
0.436959
3.05872
0.873919
1.96632
1.74784
1.85708
3.93264
2.1848
3.05872
0.873919
1.60218
1.89349
4.82476
2.84024
2.94948
2.51252
2.62176
2.29404
1.31088
2.1848
0.509786
3.93264
2.62176
5.24351
3.05872
4.47883
3.05872
1.74784
1.96632
6.11743
3.05872
2.1848
3.60492
4.40601
2.4761
1.74784
1.0924
2.1848
2.1848
2.84024
1.0924
2.84024
1.96632
4.33318
2.1848
2.1848
1.74784
1.0924
1.96632
4.80655
2.62176
1.31088
4.36959
1.74784
0.21848
1.31088
0.436959
1.96632
2.1848
1.31088
0
0.983159
1.74784
0.436959
0.873919
3.05872
0.655439
1.31088
0.436959
0.436959
1.74784
1.74784
0.873919
0.436959
0
0.728266
1.67501
0.436959
0.436959
1.6386
0.436959
0.436959
0
0.873919
0
0
0
0
0.436959
0
0.436959
0.32772
0
0
0.436959
0.873919
0.983159
0
0
0
0.873919
0
0.436959
0.32772
0
0
0.10924
0.0182066
0.10924
0.873919
0.436959
0
0
0
0
0
1.74784
0.873919
0.873919
0
0
0
0
0
0.873919
0
0
0
0
0
0
0
0
0.873919
0
0
0
0
0
0
0
0
0
0
0
0.873919
0
0
0
0
0
0
0
0
0
0.436959
0
0
0.873919
0
0.873919
0.145653
0
0
0
0
0
0
0
0
0
0
0
0
0
0
0
0
0
0
0
0
0
0
0
0
0
0
0
0
0
0
0.436959
0
