2176.0000 0.05 1
1.875
3.75
6.25
6.25
7.5
16.25
8.75
7.5
17.5
15
14.375
16.25
25
16.25
6.25
31.25
23.125
18.125
30
8.75
10
13.125
10
10
16.25
20
25
30
37.5
19.375
23.75
27.5
13.75
26.875
21.875
28.125
21.25
41.25
44.375
30.625
37.5
56.25
47.5
45.625
41.875
67.5
55
47.5
85.625
92.5
97.5
123.125
140
135
138.125
155.625
179.375
152.5
158.125
200
176.875
174.375
233.125
253.125
267.5
237.5
233.125
281.875
292.5
311.25
296.25
321.25
302.5
310
321.875
342.5
338.125
363.125
316.25
355.625
368.75
367.5
328.125
361.25
332.5
381.25
313.75
293.75
302.5
288.75
272.5
254.375
232.5
246.875
256.25
296.875
206.875
251.25
311.875
293.75
315
307.5
312.5
300
248.75
296.875
307.5
296.875
326.875
272.5
283.125
300.625
273.75
319.375
291.875
312.5
250.625
300
350.625
319.375
315.625
316.875
327.5
359.375
345
379.375
401.25
381.25
385.625
395
396.25
430.625
450
470.625
450
446.25
451.25
436.875
451.25
415
403.75
430.625
381.25
356.875
320.625
350.625
330
309.375
313.125
333.125
305.625
278.125
215
255
248.75
302.5
279.375
246.875
271.875
226.25
316.25
290
330.625
297.5
306.25
290
285
298.125
346.25
295
320.625
351.875
375.625
355
257.5
289.375
215.625
288.125
345
263.125
268.75
264.375
260.625
235
246.25
249.375
261.25
328.75
238.75
228.125
238.125
223.125
180
249.375
256.875
281.25
253.75
305.625
255.625
265
255
206.875
201.875
271.875
255.625
323.125
347.5
340
357.5
274.375
367.5
291.875
511.875
533.125
513.125
426.875
364.375
263.75
231.875
206.875
163.75
117.5
61.25
34.375
10.625
5
1.25
3.75
1.25
0
0
0
0
0
0
0
0
0
0
2.5
0
