0.010877 0.001943 0.001936
-0.007520 -0.000003 0.002209
0.011200 0.003940 -0.000927
0.003347 0.000476 -0.002833
0.007503 0.003197 -0.003388
0.002985 -0.006725 -0.000609
0.014763 -0.020431 -0.004622
-0.005059 0.005499 0.000290
-0.007564 0.000441 -0.007925
-0.000401 -0.000762 -0.002702
-0.003384 -0.002180 0.004591
-0.007236 -0.002116 0.002523
-0.002387 -0.005340 0.010186
-0.005140 0.000375 -0.000281
0.004480 -0.000565 -0.003945
0.002823 -0.001779 0.001387
0.011429 0.002597 0.001188
-0.005044 -0.001450 0.001629
0.009920 0.003843 -0.000331
0.002997 0.000079 -0.004172
0.008081 0.002589 -0.004231
-0.001659 -0.001696 0.000492
-0.003846 -0.002117 -0.005102
-0.005462 0.004764 0.000152
-0.009034 -0.001240 -0.008809
0.004279 -0.001051 -0.002547
-0.003244 -0.001193 0.004422
-0.005418 -0.002631 0.002224
-0.001841 -0.005407 0.009685
-0.006324 0.000570 -0.000648
0.004569 0.000254 -0.004881
0.001886 -0.000924 -0.000770
0.009363 0.002090 0.001441
-0.006942 -0.002216 0.002197
0.008319 0.004594 0.001546
0.001783 0.000534 -0.003638
0.007317 0.001637 -0.003602
-0.003724 -0.003930 -0.000087
0.014355 0.015231 -0.004856
-0.005820 0.005418 -0.000592
0.018575 0.000207 -0.006605
-0.000530 -0.002513 -0.002898
-0.004151 -0.002240 0.003801
-0.005748 -0.001849 0.003615
-0.001646 -0.005261 0.007320
-0.012630 0.000507 -0.001780
0.011440 0.004784 -0.008940
0.002361 -0.002019 0.000192
0.009449 0.002498 0.001591
-0.005598 -0.001317 0.001118
0.010123 0.003990 -0.000884
0.002714 0.000807 -0.003452
0.008607 0.002342 -0.002901
-0.001310 -0.002682 -0.000143
-0.004255 -0.002487 -0.004859
-0.004961 0.005790 0.000087
-0.007950 0.000615 -0.007733
0.005730 -0.001037 -0.002164
-0.003557 -0.002178 0.004436
-0.005271 -0.002171 0.003082
-0.001422 -0.005527 0.010056
-0.004764 0.000123 -0.000897
0.003459 0.000081 -0.006132
0.002225 -0.002301 0.001127
0.012079 0.002355 0.001375
0.033174 -0.000433 -0.041182
0.009989 0.004682 -0.000178
0.000836 0.000820 -0.003806
0.008082 0.002610 -0.003005
0.005068 -0.006622 -0.004445
0.008363 -0.002489 -0.017489
-0.005131 0.004628 0.000354
-0.009086 0.001812 -0.008413
0.003131 -0.001175 -0.002325
-0.003768 -0.001323 0.004288
-0.004862 -0.002469 0.002254
-0.001733 -0.005191 0.009715
-0.006237 0.000319 -0.000611
0.004207 0.001092 -0.005523
0.003068 -0.001492 0.000989
0.011700 0.002190 0.001039
-0.005733 -0.001679 0.002556
0.016313 0.008668 0.003028
0.000972 0.000055 -0.003112
0.008620 0.002445 -0.003349
-0.002576 -0.001591 -0.001717
-0.003264 -0.002159 -0.005064
-0.005319 0.006350 0.000625
-0.009023 -0.000248 -0.007317
0.004254 -0.001176 -0.002360
0.024776 -0.041440 0.005613
-0.005413 -0.002336 0.002231
-0.003343 -0.003647 0.010805
-0.007988 -0.000188 -0.000494
0.008384 0.004601 -0.005333
0.012278 -0.005871 -0.003619
0.011492 0.002092 0.001985
-0.005428 -0.001579 0.001127
0.017834 0.004090 0.005968
0.002884 0.000713 -0.003447
0.008551 0.002377 -0.003182
-0.000396 -0.003056 -0.000571
-0.003976 -0.002111 -0.004823
-0.005946 0.005014 0.000891
-0.007678 0.000741 -0.007159
0.005812 -0.001204 -0.002136
-0.004787 -0.001401 0.005558
-0.008178 -0.002151 0.003391
0.026834 -0.004733 -0.022799
-0.013010 0.000375 -0.001089
0.011405 0.004196 -0.000494
0.012788 -0.006274 -0.004090
0.010182 0.002048 0.000878
-0.005689 -0.001637 0.000750
0.014723 0.000258 0.002398
0.003456 0.000063 -0.002789
0.041722 0.002310 0.039615
0.003865 -0.005958 0.003817
0.008782 -0.002474 0.007574
0.017438 0.036785 0.000427
-0.008830 0.001300 -0.007123
0.003206 -0.001207 -0.001803
-0.003625 -0.003187 0.004778
-0.006716 -0.002593 0.001988
-0.003572 -0.006758 0.010437
-0.008135 0.001222 -0.000419
0.001827 0.002521 -0.004706
0.001887 -0.003482 0.001168
-0.013288 -0.000954 0.002760
0.007171 -0.000396 0.002005
-0.002639 0.001037 0.002201
-0.004337 0.003817 0.003152
0.010409 -0.011780 -0.001029
0.006866 -0.001113 -0.000591
0.004621 -0.000924 -0.003006
0.002937 0.001032 -0.000009
0.014888 0.000869 -0.000424
-0.000982 -0.004031 -0.005965
0.004022 0.003214 0.004951
-0.023169 -0.005488 -0.005550
0.002205 0.005009 0.011195
-0.001042 -0.007489 -0.009916
0.019083 0.000705 0.000106
-0.001032 0.005181 0.011145
-0.012862 -0.001470 0.002814
0.004164 -0.003302 0.001391
-0.002062 0.001211 0.002239
-0.003964 0.003571 0.002566
-0.003628 0.006413 -0.001554
0.004572 -0.001393 -0.001643
0.003162 -0.000706 -0.002661
0.003313 -0.000006 -0.000701
0.009590 0.005533 0.003035
-0.000916 -0.006130 -0.006206
0.004048 0.002586 0.005275
-0.022802 -0.005008 -0.005071
0.001604 0.005735 0.011578
-0.000883 -0.008006 -0.009738
0.018564 0.000569 0.000166
-0.006803 0.000250 0.006650
-0.013202 -0.001859 0.002692
0.001514 -0.000814 0.001906
-0.002581 0.001331 0.002512
-0.004654 0.004110 0.001624
-0.003577 0.004571 -0.001411
0.005809 -0.001140 -0.001187
0.001084 -0.001136 -0.004484
0.013099 0.005452 0.003666
0.015194 0.010786 -0.000748
0.014568 0.014591 -0.006108
0.024581 0.002934 0.026521
-0.014468 -0.008134 -0.001300
0.007092 0.002137 0.017116
0.010248 -0.007720 0.008430
-0.459608 0.005101 0.010753
-0.001030 -0.004397 0.011444
-0.013267 -0.001716 0.002324
0.004034 -0.003817 0.001148
-0.002834 0.000568 0.001812
-0.004258 0.004611 0.002950
-0.002997 0.007165 -0.001490
0.006859 -0.001319 -0.001056
0.003564 -0.000849 -0.003566
0.003147 0.000206 -0.000798
0.009048 0.006084 0.002221
-0.001351 -0.007221 -0.006315
0.003732 0.002835 0.005180
-0.022232 -0.003771 -0.005480
0.002540 0.005272 0.011043
-0.001301 -0.007534 -0.010473
0.016992 0.000698 0.000256
-0.006934 -0.000030 0.005557
-0.012584 -0.001234 0.002728
0.010262 0.000407 0.006543
-0.011990 0.001338 0.003665
-0.004760 0.003357 0.000925
-0.005867 0.007556 0.000939
0.006730 -0.000631 -0.001701
0.003211 -0.001434 -0.002825
0.002766 -0.000056 0.001161
0.016610 0.005568 -0.004640
-0.002787 -0.006953 -0.004730
0.004105 0.003187 0.005543
-0.013424 -0.009210 -0.001998
0.002457 0.006382 0.011749
-0.000909 -0.007101 -0.009756
0.018400 0.001234 0.000259
-0.007209 0.000614 0.005683
-0.011731 -0.001479 0.003496
0.004270 -0.003500 0.001111
-0.013366 0.001227 0.002243
-0.004898 0.005376 0.002727
-0.003597 0.006770 -0.001363
0.007847 0.000551 -0.002195
0.009628 -0.005532 -0.008348
0.002749 0.001421 -0.000698
0.010739 0.005339 0.002623
-0.001033 -0.006441 -0.006134
0.020384 -0.015065 0.005325
-0.022323 -0.003893 -0.005628
0.004521 0.002595 0.012223
-0.001493 -0.006746 -0.011043
0.018338 0.000903 0.000304
-0.006502 -0.000007 0.006297
-0.012949 -0.001588 0.002896
0.004639 -0.004125 0.000864
-0.002777 0.001205 0.002007
0.005020 0.007893 -0.002624
-0.004058 0.007401 -0.001575
0.006657 -0.000962 -0.000972
0.006614 -0.000974 -0.006171
0.002789 0.000425 0.000474
0.008972 0.005170 0.002086
-0.000570 -0.006812 -0.006391
0.020012 0.002857 -0.011863
-0.023026 -0.003368 -0.003245
0.007303 0.001590 0.008019
-0.000798 -0.007350 -0.008683
0.018677 0.000742 0.000414
-0.006862 0.000577 0.005541
0.018719 -0.001385 0.001936
0.010604 0.000444 -0.003109
0.000817 0.001318 0.002263
0.004707 0.007657 -0.001964
-0.004910 0.007744 -0.002349
0.004643 -0.000119 -0.000699
0.009485 0.004255 -0.007981
0.011156 0.003860 0.003304
0.006860 0.005720 0.000741
-0.002520 -0.007528 -0.007051
0.020265 0.021436 0.005224
-0.022603 -0.003959 -0.004253
-0.000333 0.002834 0.011863
-0.000946 -0.008160 -0.011461
0.018433 0.000867 0.000089
-0.008842 0.000384 0.008990
