-0.423360 -0.271905 -0.271905
0.010208 -0.014868 0.000215
0.010208 0.000215 -0.014868
0.025353 0.021993 0.001672
-0.003157 -0.000345 -0.001128
0.004299 0.010809 0.004240
0.025353 0.001672 0.021993
0.004299 0.004240 0.010809
-0.003157 -0.001128 -0.000345
0.001180 0.027969 0.027969
0.003507 0.004001 0.010206
0.003507 0.010206 0.004001
0.001950 0.000329 0.000329
-0.000041 0.003273 0.003633
-0.000041 0.003633 0.003273
0.001229 0.001372 0.001372
0.000130 -0.000450 -0.000289
0.000130 -0.000289 -0.000450
0.007744 0.001688 -0.002549
-0.000234 -0.000501 -0.000143
0.008207 0.000374 -0.013324
-0.010839 -0.006035 0.018395
0.000239 0.003285 0.004024
-0.000029 -0.001207 -0.002172
0.007744 -0.002549 0.001688
0.008207 -0.013324 0.000374
-0.000234 -0.000143 -0.000501
-0.010839 0.018395 -0.006035
-0.000029 -0.002172 -0.001207
0.000239 0.004024 0.003285
0.026906 -0.007121 -0.007121
0.064669 0.069579 -0.000423
0.064669 -0.000423 0.069579
0.001970 -0.000119 -0.000119
-0.003212 -0.000265 -0.001080
-0.003212 -0.001080 -0.000265
0.025230 -0.006525 -0.006525
-0.000321 -0.002534 -0.000959
-0.000321 -0.000959 -0.002534
-0.010030 0.017364 -0.005433
0.047219 0.051709 0.000867
0.003723 0.006038 -0.001472
-0.010030 -0.005433 0.017364
0.003723 -0.001472 0.006038
0.047219 0.000867 0.051709
0.001706 0.000242 0.000242
0.004340 -0.001180 0.006708
0.004340 0.006708 -0.001180
0.000489 0.039333 0.039333
0.007797 0.004612 -0.001625
0.007797 -0.001625 0.004612
0.001156 0.031506 0.031506
0.003504 -0.001792 -0.001792
-0.002122 -0.000123 -0.000123
0.008306 0.005355 -0.001493
-0.002069 -0.001405 -0.001543
0.008306 -0.001493 0.005355
-0.002069 -0.001543 -0.001405
0.013021 0.005174 0.005174
-0.001978 -0.000125 -0.000125
0.003504 -0.001598 -0.001598
0.000891 -0.002548 -0.006192
0.000891 -0.006192 -0.002548
0.012214 0.004508 0.004508
