2176.0000 0.05 1
1.11111
4.44444
11.1111
2.22222
11.1111
4.44444
13.3333
11.1111
20
11.1111
6.66667
11.1111
24.4444
23.3333
17.7778
23.3333
26.6667
18.8889
13.3333
32.2222
18.8889
8.88889
4.44444
10
14.4444
16.6667
34.4444
40
23.3333
40
11.1111
26.6667
17.7778
31.1111
24.4444
32.2222
28.8889
25.5556
40
24.4444
32.2222
46.6667
36.6667
47.7778
70
55.5556
56.6667
41.1111
80
108.889
93.3333
126.667
127.778
136.667
151.111
144.444
163.333
190
190
202.222
216.667
267.778
192.222
230
232.222
288.889
237.778
276.667
255.556
261.111
291.111
301.111
317.778
340
316.667
352.222
284.444
347.778
304.444
308.889
297.778
298.889
291.111
280
312.222
271.111
251.111
285.556
290
300
312.222
317.778
324.444
305.556
333.333
323.333
313.333
294.444
294.444
296.667
306.667
286.667
334.444
357.778
317.778
357.778
375.556
365.556
344.444
354.444
338.889
295.556
251.111
215.556
175.556
160
191.111
241.111
262.222
333.333
352.222
396.667
420
395.556
428.889
412.222
447.778
402.222
384.444
356.667
342.222
371.111
348.889
394.444
382.222
376.667
387.778
425.556
406.667
456.667
407.778
411.111
411.111
350
362.222
376.667
368.889
375.556
441.111
411.111
410
438.889
403.333
338.889
350
322.222
353.333
314.444
326.667
255.556
284.444
264.444
270
255.556
244.444
222.222
278.889
211.111
241.111
215.556
236.667
258.889
221.111
242.222
232.222
214.444
208.889
227.778
174.444
211.111
171.111
200
173.333
175.556
258.889
232.222
235.556
208.889
216.667
170
175.556
196.667
262.222
238.889
222.222
274.444
240
225.556
262.222
345.556
342.222
317.778
305.556
327.778
310
331.111
380
412.222
432.222
428.889
446.667
432.222
508.889
481.111
497.778
475.556
434.444
348.889
306.667
227.778
118.889
11.1111
1.11111
0
0
0
0
0
0
0
0
0
0
0
0
0
0
0
0
0
0
0
0
2.22222
0
2.22222
2.22222
0
0
2.22222
2.22222
6.66667
2.22222
1.11111
2.22222
2.22222
0
6.66667
2.22222
4.44444
4.44444
0
0
4.44444
2.22222
1.11111
2.22222
0
0
2.22222
0
2.22222
0
