-0.001160 0.009802 0.011343
-0.006140 0.002142 -0.000061
-0.000673 0.033043 0.017859
0.010743 0.007163 -0.003144
-0.002822 0.013319 -0.003355
-0.013475 0.006471 -0.002101
-0.000418 0.003590 0.003825
-0.007690 -0.004057 -0.001789
-0.000938 -0.013847 -0.001261
-0.013398 -0.006266 -0.004078
-0.038155 0.033688 0.001593
-0.008156 -0.007564 -0.003587
0.004766 -0.007523 0.003548
0.001563 -0.015846 0.003450
-0.004333 -0.002223 0.001491
0.014282 -0.014049 0.002655
-0.001209 0.011792 0.012012
-0.009291 0.002131 0.000353
-0.001147 0.018500 -0.000471
0.011421 0.023481 -0.020084
-0.000489 0.016037 -0.005734
-0.010263 0.000319 -0.002389
-0.000474 0.001480 0.002919
-0.000276 -0.015346 -0.002353
-0.002143 -0.012409 -0.001361
-0.004265 0.003910 -0.001952
0.012073 -0.006078 0.000225
-0.016858 0.004449 -0.003694
0.004572 -0.010658 0.003701
0.008965 -0.008108 -0.000580
-0.004363 0.000708 0.001542
0.013801 -0.012004 0.001938
-0.000213 0.010570 0.012588
-0.009984 0.000803 0.000928
-0.002492 0.018539 0.000907
0.010905 0.009551 -0.001413
-0.001903 0.015797 -0.005665
-0.008078 0.001200 -0.003234
-0.001009 0.003264 0.003643
0.000103 -0.016031 -0.002436
-0.003440 -0.011909 -0.001131
-0.010949 -0.004498 -0.002010
0.011882 -0.006017 0.000777
-0.009749 -0.005876 -0.003348
0.004540 -0.009759 0.003578
0.002730 -0.020399 -0.000670
-0.004149 0.000885 0.001580
0.014880 -0.011835 0.004581
0.001793 0.017491 0.009934
-0.009370 0.002333 0.002003
-0.002028 0.019083 -0.000547
0.012390 0.008180 -0.002010
0.009073 0.011634 0.004407
-0.008721 -0.002314 -0.003029
-0.001270 0.003291 0.003529
0.014610 0.004219 -0.002560
-0.004613 -0.013035 -0.001249
-0.011216 -0.004789 -0.001107
0.011879 -0.009190 0.001458
-0.008843 -0.006589 -0.003080
0.004584 -0.004854 0.003549
0.003520 -0.019944 -0.001805
-0.004705 0.000444 -0.000175
0.011983 0.048308 0.005109
0.000292 0.011260 0.013751
-0.008840 0.001494 0.000042
-0.001442 0.020707 -0.001998
0.011122 0.008286 -0.002477
-0.001838 0.016213 -0.006201
-0.007822 0.000477 -0.003005
0.000340 0.002763 0.005060
0.000236 -0.014124 -0.003211
-0.003082 -0.010892 -0.001121
-0.012837 -0.007521 -0.000274
0.011355 -0.006896 0.000552
-0.008682 -0.005241 -0.003453
0.004121 -0.008878 0.003688
0.000533 -0.014461 -0.005130
-0.003367 0.000435 0.001762
0.013707 -0.010616 0.003098
0.000791 0.012080 0.007940
0.022291 0.017793 -0.038844
-0.000041 0.017749 0.001140
0.011788 0.008467 -0.002516
-0.002679 0.014847 -0.005476
-0.012444 -0.002724 -0.001238
0.002154 0.000115 0.006454
0.001256 -0.014444 0.000576
-0.003583 -0.009333 -0.002416
-0.022390 0.009074 -0.002483
0.011285 -0.006425 -0.000912
-0.005317 -0.001434 -0.000392
0.002134 -0.009543 0.003633
0.002529 -0.008273 -0.000969
-0.003126 -0.000172 0.001758
0.013900 -0.011032 0.002478
-0.001292 0.010848 0.011179
-0.008680 0.000026 -0.000289
-0.001142 0.019351 -0.000027
0.011148 0.007799 -0.003039
0.000707 0.020765 -0.006996
-0.021725 -0.001718 -0.011967
0.010098 -0.000199 -0.005672
0.001583 -0.017668 -0.005177
-0.004082 -0.009175 0.000290
-0.013876 -0.003876 -0.001750
0.011462 -0.006606 0.001529
-0.004439 -0.001309 -0.005679
0.001417 -0.008925 0.003954
0.002977 -0.018474 -0.000334
0.042070 0.040545 0.003933
0.013537 -0.011199 0.002833
-0.001554 0.009142 0.009124
-0.009130 0.001966 0.000532
-0.001995 0.019711 0.002034
0.013267 0.007042 -0.002847
0.001214 0.013203 -0.006881
-0.008288 0.000840 -0.002147
0.002495 0.009249 0.006333
0.002753 -0.015108 -0.002607
-0.004293 -0.011220 -0.001334
-0.010663 -0.005692 -0.002376
0.011393 -0.006328 -0.000529
-0.009402 0.003508 -0.004120
-0.015164 -0.008693 0.004390
0.003784 -0.018926 0.000191
-0.004765 0.000863 0.003218
0.015606 -0.011419 0.002549
0.000444 0.003050 -0.009228
0.007642 0.009179 -0.002258
-0.014237 0.015832 0.001496
0.006112 0.023145 -0.001260
0.000524 -0.003306 0.003315
0.001427 0.004519 -0.010234
-0.005518 -0.001879 0.001364
-0.024949 0.031117 0.030724
-0.001477 0.007044 -0.001853
0.017515 -0.001229 0.002414
-0.010134 0.020417 0.001792
-0.007281 -0.002313 0.000231
0.011520 -0.005182 -0.000670
0.016287 0.000494 0.004653
0.009739 -0.012030 0.001893
-0.021082 -0.002765 0.000500
-0.000648 0.003178 -0.004432
0.007490 0.008228 -0.002365
-0.009176 0.010461 0.003497
0.007500 0.024697 -0.000449
-0.000444 -0.004410 -0.001018
0.001544 0.003370 -0.009731
-0.009126 -0.001562 0.000452
0.001744 0.005599 0.001090
0.000014 0.008635 -0.003153
0.019106 -0.011115 0.003332
-0.007991 0.008794 0.001857
-0.003343 -0.005396 0.003106
0.012041 -0.006964 -0.000349
-0.004255 -0.006692 0.004666
0.010923 -0.009798 0.002205
-0.015162 -0.012950 0.001374
-0.000660 0.001827 -0.005076
0.007695 0.009116 -0.001614
-0.010796 0.011538 0.001571
0.007811 0.022909 -0.001160
0.000033 -0.002893 -0.000559
0.001675 0.004026 -0.010426
-0.008847 -0.002291 0.000483
0.003246 0.005340 0.000013
-0.000236 0.007643 -0.001809
0.019258 -0.011166 0.002751
-0.007904 0.010541 0.001886
-0.005492 -0.003007 -0.002411
0.011261 -0.005187 0.000273
-0.003900 -0.007561 0.004115
0.010643 -0.010409 0.002481
-0.016341 -0.011082 0.001509
-0.000209 0.004211 -0.004297
0.006834 0.008625 -0.003499
-0.009976 0.007840 0.002654
0.007133 0.024691 -0.001745
-0.000231 -0.002139 -0.000928
0.000381 0.004356 -0.009003
-0.008799 -0.000344 -0.000908
0.003119 0.006322 0.000289
-0.000699 0.009034 -0.001813
0.018245 0.001704 0.002997
-0.004518 0.016871 0.001633
-0.006530 -0.005894 -0.000246
0.012581 -0.005186 0.000729
-0.003702 -0.005801 0.004212
0.012058 0.041411 0.002377
-0.017259 -0.000487 0.001212
0.000672 0.003052 -0.005676
0.008729 0.009076 -0.002012
-0.009233 0.010184 0.003241
0.006093 0.023120 -0.002705
0.000910 -0.003026 0.000790
0.001455 0.004427 -0.010166
-0.008331 -0.001941 0.000295
0.002888 0.005118 0.001023
-0.001664 0.008141 -0.001185
0.017704 -0.011664 0.003453
-0.009640 0.008726 0.001834
-0.006612 -0.005323 -0.000104
0.010875 -0.006846 0.001330
-0.001958 -0.002938 0.004013
0.009555 -0.009280 0.002569
-0.016663 -0.012392 0.002173
0.000285 0.002452 -0.006293
0.007902 0.007494 -0.003934
-0.022348 0.008073 0.010836
0.007446 0.090794 0.064405
-0.002951 0.003223 0.003135
0.004561 0.010875 -0.007544
-0.007920 -0.003389 0.001945
0.003214 0.005627 -0.000708
-0.000957 0.007190 -0.004196
0.017736 -0.011615 0.002974
-0.011519 0.013332 0.002969
-0.005753 -0.002136 -0.000615
0.010651 -0.004786 0.000494
-0.001541 -0.007746 0.004325
0.008880 -0.009690 0.003226
-0.013534 -0.009799 -0.005839
-0.002648 0.009901 -0.009051
-0.019381 0.031889 -0.034631
-0.012839 0.008499 0.000609
0.006608 0.023226 0.000696
0.000374 -0.004724 0.001570
0.000067 0.002596 -0.008168
0.019921 0.019422 0.032413
0.003488 0.005290 -0.000213
0.000625 0.077877 -0.072931
0.017821 -0.011730 0.003528
-0.012220 0.014288 0.000294
-0.003845 -0.005460 0.000931
0.010561 -0.599864 0.011359
-0.001004 -0.007864 0.004719
0.008867 -0.009943 0.001343
-0.014152 -0.009317 0.006680
-0.002694 0.002980 -0.005092
0.007538 0.008419 -0.002670
-0.009520 0.010301 0.002381
0.007001 0.022697 -0.001304
-0.001118 -0.002612 -0.000362
0.001425 0.003859 -0.006156
-0.008040 -0.001491 0.000694
0.004187 0.005833 -0.000940
-0.000652 0.007604 -0.002250
0.018396 -0.010780 0.003136
-0.010359 0.009053 0.002179
-0.003795 -0.001277 -0.000502
0.012281 -0.005770 -0.000292
-0.002861 -0.005883 0.004315
0.009403 -0.009670 0.001869
-0.018533 -0.013082 0.001438
