2176.0000 0.05 1
1.11111
4.44444
11.1111
2.22222
11.1111
4.44444
13.3333
11.1111
20
11.1111
6.66667
11.1111
24.4444
23.3333
17.7778
23.3333
28.8889
16.6667
13.3333
34.4444
16.6667
11.1111
2.22222
10
12.2222
18.8889
34.4444
37.7778
25.5556
40
11.1111
26.6667
17.7778
31.1111
24.4444
32.2222
26.6667
27.7778
40
22.2222
34.4444
46.6667
36.6667
47.7778
70
55.5556
56.6667
41.1111
77.7778
106.667
97.7778
126.667
127.778
136.667
148.889
151.111
158.889
190
190
202.222
216.667
267.778
192.222
230
230
291.111
234.444
278.889
256.667
261.111
293.333
298.889
317.778
337.778
316.667
352.222
286.667
345.556
303.333
310
294.444
297.778
295.556
277.778
314.444
268.889
253.333
285.556
292.222
297.778
314.444
314.444
321.111
312.222
335.556
316.667
315.556
296.667
290
301.111
304.444
286.667
334.444
355.556
321.111
358.889
375.556
358.889
353.333
350
338.889
295.556
253.333
211.111
180
160
188.889
241.111
264.444
333.333
350
397.778
421.111
395.556
428.889
410
452.222
400
380
356.667
344.444
373.333
345.556
396.667
383.333
373.333
384.444
432.222
406.667
454.444
408.889
407.778
411.111
352.222
362.222
376.667
366.667
376.667
435.556
413.333
414.444
436.667
403.333
338.889
354.444
322.222
351.111
308.889
332.222
257.778
285.556
258.889
267.778
262.222
244.444
222.222
274.444
211.111
246.667
214.444
232.222
258.889
218.889
246.667
234.444
214.444
206.667
230
176.667
205.556
175.556
196.667
173.333
176.667
256.667
237.778
230
212.222
216.667
168.889
175.556
195.556
264.444
236.667
224.444
270
238.889
228.889
262.222
347.778
342.222
315.556
305.556
330
310
333.333
377.778
410
434.444
427.778
443.333
436.667
507.778
474.444
502.222
478.889
426.667
354.444
311.111
232.222
114.444
8.88889
3.33333
0
0
0
0
0
0
0
0
0
0
0
0
0
0
0
0
0
0
0
0
0
0
4.44444
0
2.22222
0
0
2.22222
2.22222
4.44444
3.33333
2.22222
2.22222
0
6.66667
0
4.44444
6.66667
0
2.22222
2.22222
3.33333
0
2.22222
0
0
2.22222
0
2.22222
0
