0.000161 0.010885 0.012545
-0.009136 0.002343 0.000085
-0.002187 0.019671 -0.000527
0.016814 0.002356 -0.002501
-0.002948 0.016093 -0.006374
-0.009343 -0.000738 -0.001802
-0.000488 0.003147 0.003873
-0.001324 -0.015191 -0.002938
0.003944 -0.018836 -0.000588
-0.010734 -0.018870 -0.001677
0.010679 -0.006036 0.000588
-0.009207 -0.003908 -0.003636
0.004307 -0.008565 0.004553
0.002346 -0.016354 -0.000541
-0.004260 0.001044 0.002165
0.013760 -0.011222 0.002360
-0.003228 0.010279 0.013124
-0.009013 0.000941 0.000424
0.003969 0.013487 0.000539
0.011612 0.008382 -0.003410
-0.000741 0.016478 -0.003967
-0.009513 0.001258 -0.002872
-0.000152 0.002427 0.003969
-0.001192 -0.015036 -0.002045
-0.003102 -0.011651 -0.001908
-0.012263 -0.005166 -0.002262
0.014195 -0.016480 0.001002
-0.009475 -0.006380 -0.003657
0.004480 -0.006770 0.003890
0.002574 -0.018999 0.000800
-0.004314 0.002909 0.000536
0.013931 -0.008511 0.002909
-0.000898 0.010596 0.012492
-0.008821 0.000367 0.000560
-0.002330 0.019561 0.000334
0.010224 0.008401 -0.002362
-0.001840 0.015573 -0.007208
-0.008084 0.001166 -0.002655
-0.001863 0.003236 0.004413
-0.000572 -0.016257 -0.003013
-0.003455 -0.010701 -0.000579
-0.012227 -0.005030 -0.001616
0.011354 -0.005745 0.000405
-0.009470 -0.006245 -0.003389
0.004584 -0.008529 0.003346
0.002016 -0.018869 -0.002492
-0.003772 0.000399 0.002600
0.013953 -0.011323 0.002708
-0.037147 -0.003679 0.059412
0.029406 -0.013463 0.048985
0.009466 0.019757 -0.007845
0.012074 0.011013 -0.001424
-0.001762 0.014220 -0.002630
-0.008848 0.001596 -0.000053
-0.000257 0.003282 0.002694
-0.000194 -0.018853 -0.003169
-0.001756 -0.011079 -0.003241
-0.010902 -0.018245 -0.001642
0.016056 -0.011095 -0.001834
-0.008163 -0.005808 -0.000991
0.003756 -0.006647 0.002256
0.019072 -0.077005 -0.004249
-0.004088 0.000093 0.001801
0.015052 -0.011750 0.002000
0.000170 0.012386 0.011749
-0.009260 0.001870 0.001036
-0.000421 0.018066 0.001098
0.010011 0.009678 -0.003006
-0.001687 0.014816 -0.005357
-0.009109 -0.000297 -0.002314
-0.000226 0.003339 0.004531
0.000385 -0.015867 -0.001951
-0.001346 -0.012840 -0.001676
-0.010585 -0.005446 -0.002134
0.010294 -0.007507 0.000200
-0.009694 -0.006521 -0.003383
0.005075 -0.006675 0.002601
0.002886 -0.019693 -0.000720
-0.004773 0.000832 0.001555
0.014120 -0.011155 0.002793
-0.000644 0.010083 0.011180
-0.008850 0.001624 0.000552
-0.001904 0.022605 -0.000555
0.014259 0.010996 -0.004743
-0.000455 0.016293 -0.005834
-0.010134 -0.000615 -0.003077
0.000140 0.002401 0.001855
0.000778 -0.014558 -0.002515
-0.003922 -0.012319 -0.001136
-0.010768 -0.005377 -0.001437
0.006536 -0.014219 0.000696
-0.009432 -0.006103 -0.003180
0.005188 -0.009032 0.003104
0.003054 -0.019980 -0.000901
-0.004022 0.000320 0.001947
0.001099 -0.058410 -0.001068
-0.000491 0.010919 0.012408
-0.006804 0.001155 0.002148
-0.002215 0.019168 0.000753
0.023494 0.008860 0.007328
-0.002309 0.015728 -0.004727
-0.009410 0.001170 -0.002031
0.000099 -0.015240 0.022833
0.001530 -0.014510 -0.002699
-0.008736 -0.021733 -0.001591
-0.011024 -0.005200 -0.002531
0.012784 -0.005536 0.000483
-0.077359 -0.073299 -0.005946
-0.002194 0.615379 -0.023071
0.003563 -0.019825 -0.000938
-0.003996 0.000436 0.002164
0.014404 -0.010614 0.003631
-0.000857 0.012397 0.013712
-0.009283 0.001635 0.002347
0.001521 0.021117 0.002569
0.011371 0.008128 -0.002662
-0.000959 -0.001255 -0.024445
-0.006326 -0.073766 0.079995
0.001132 0.003770 0.004449
0.000353 -0.017940 -0.001899
-0.001252 -0.009967 0.000077
-0.010761 -0.005897 -0.002263
0.014469 -0.013022 0.002461
-0.008519 -0.006792 -0.005226
0.004274 -0.006058 0.004685
0.002334 -0.019510 -0.000191
0.063647 -0.068597 -0.001987
0.014934 -0.011238 0.003217
-0.000394 0.002784 -0.006864
0.006976 0.010454 -0.000673
-0.010538 0.007785 0.001995
0.008275 0.026856 -0.004672
0.000199 -0.001821 0.000311
-0.000857 0.003275 -0.010887
-0.008468 -0.001169 0.001121
0.002671 0.007733 0.000134
-0.000750 0.010499 -0.000553
0.018454 -0.012035 0.003547
-0.001839 0.000160 0.002246
-0.006169 0.002097 -0.000634
0.009086 -0.003246 0.000065
-0.004737 -0.002388 0.001907
0.008963 -0.008649 0.002605
-0.015373 -0.022588 0.001551
-0.001787 0.004187 -0.005340
0.007199 0.008057 -0.003590
-0.009651 0.011199 0.001893
0.007262 0.022950 -0.001407
-0.000776 -0.002458 -0.000472
0.002234 0.004319 -0.010184
-0.008072 -0.003234 0.000389
0.003676 0.005030 -0.003597
0.000251 0.007187 -0.001435
0.024165 -0.022927 0.001819
-0.009690 0.010722 0.001971
-0.004193 -0.001167 0.000196
0.012132 -0.004290 0.000109
-0.002463 -0.004813 0.004308
0.014288 -0.019392 0.003734
-0.017301 -0.010982 0.002324
0.000372 0.002754 -0.004542
0.009161 0.009313 -0.002339
-0.009175 0.011289 0.003170
0.007486 0.023016 -0.001741
0.000346 -0.002810 -0.000180
0.001977 0.004631 -0.010041
-0.008826 -0.002187 0.001479
0.002239 0.004803 -0.002234
-0.000435 0.007996 -0.002365
0.017666 -0.012825 0.003778
-0.008894 0.008619 0.002072
-0.004096 -0.000026 0.000169
0.011130 -0.005440 -0.000039
-0.000870 -0.000711 0.004687
0.010302 -0.010199 0.001078
-0.016659 -0.012232 0.000425
0.000511 0.004858 -0.003681
0.007137 0.007609 -0.001173
-0.009460 -0.057498 -0.061959
-0.004098 0.024930 -0.008954
-0.003024 -0.008522 -0.003966
0.001685 0.003762 -0.009092
-0.008069 -0.001031 -0.001781
0.005081 0.000096 -0.003580
-0.002972 0.010743 -0.004305
0.016972 -0.011300 -0.001054
-0.013501 0.007861 -0.002286
-0.003166 0.000469 0.000260
0.010039 -0.008100 0.001541
-0.003699 -0.004372 0.005231
0.006675 -0.012630 0.008624
-0.013745 -0.016574 0.007461
0.000584 0.004487 -0.004978
0.009292 0.002267 0.001581
-0.010524 0.010268 0.002037
0.006629 0.023011 -0.000972
0.000012 -0.003282 0.000413
0.001457 0.003619 -0.009936
-0.009218 -0.001600 0.000055
0.003133 0.005774 0.000201
0.000260 0.007814 -0.000763
0.018214 -0.011073 0.002472
-0.008091 0.010264 0.001597
-0.005313 0.001238 0.000173
0.008450 -0.002459 -0.000607
-0.002754 -0.005135 0.006590
0.010112 -0.011495 0.002330
-0.017004 -0.011310 0.000804
-0.000146 0.003211 -0.004925
0.007098 0.010680 -0.002263
-0.010952 0.009038 0.002453
0.008195 0.024443 -0.002738
0.000417 -0.002413 -0.001669
0.001067 0.005916 -0.011649
-0.008516 -0.001883 0.000982
0.003052 0.004969 0.000947
0.000637 0.008497 -0.000727
0.009550 -0.023144 0.003323
-0.008094 0.010672 0.002136
-0.005322 -0.002691 0.000998
0.011230 -0.003644 0.000749
-0.003371 -0.000911 0.004539
0.008579 -0.019595 0.002373
-0.014687 -0.010836 0.001280
-0.001929 0.003510 -0.000642
0.007951 0.008388 -0.002883
-0.010414 0.010880 0.002192
0.001566 0.016579 -0.001158
-0.000382 -0.001682 -0.004078
-0.031049 -0.014916 -0.045959
-0.005801 -0.001732 -0.000827
0.004017 0.006098 0.000037
-0.005657 0.001551 -0.003330
0.015845 -0.012329 0.003043
-0.009636 -0.001256 0.002018
0.021722 0.001203 -0.001670
0.011880 -0.004448 -0.000569
-0.005349 -0.004278 0.004449
0.010743 -0.009268 0.001843
-0.022073 -0.022514 0.001231
-0.002804 -0.003707 -0.002415
0.008481 0.007327 0.001578
-0.010006 0.011016 -0.000079
0.004578 0.025943 0.000820
0.000642 -0.000229 -0.001739
0.000966 0.004369 -0.009934
0.024575 -0.021700 -0.036139
0.002655 0.008482 -0.002580
-0.012448 0.011410 0.007479
0.016813 -0.008037 0.005623
-0.013062 0.005975 0.006086
-0.002708 0.000327 -0.001078
-0.016558 -0.003425 -0.000999
-0.004944 -0.001267 0.003191
0.007593 -0.012750 -0.002623
-0.014934 -0.015125 -0.003518
