2176.0000 0.05 1
1.11111
4.44444
11.1111
2.22222
11.1111
4.44444
13.3333
11.1111
20
11.1111
6.66667
11.1111
24.4444
23.3333
17.7778
23.3333
26.6667
18.8889
13.3333
32.2222
18.8889
8.88889
4.44444
10
14.4444
16.6667
34.4444
40
23.3333
40
11.1111
26.6667
17.7778
31.1111
24.4444
32.2222
26.6667
27.7778
40
24.4444
32.2222
46.6667
36.6667
47.7778
70
55.5556
56.6667
41.1111
80
106.667
95.5556
126.667
127.778
136.667
151.111
146.667
158.889
192.222
190
202.222
216.667
267.778
192.222
230
230
291.111
237.778
278.889
253.333
261.111
294.444
295.556
320
340
316.667
350
286.667
345.556
306.667
306.667
296.667
297.778
295.556
275.556
314.444
275.556
246.667
287.778
290
297.778
314.444
316.667
321.111
307.778
336.667
322.222
311.111
296.667
291.111
300
303.333
294.444
327.778
360
314.444
361.111
375.556
363.333
351.111
347.778
341.111
293.333
251.111
213.333
182.222
160
188.889
241.111
262.222
331.111
347.778
402.222
421.111
395.556
430
408.889
447.778
404.444
382.222
363.333
337.778
371.111
347.778
394.444
383.333
377.778
384.444
432.222
400
456.667
410
406.667
408.889
358.889
357.778
378.889
366.667
377.778
436.667
408.889
414.444
436.667
407.778
336.667
352.222
322.222
351.111
312.222
328.889
257.778
284.444
260
274.444
255.556
244.444
222.222
276.667
208.889
246.667
214.444
234.444
258.889
223.333
242.222
232.222
214.444
208.889
227.778
178.889
203.333
174.444
200
173.333
174.444
260
232.222
234.444
213.333
213.333
170
175.556
196.667
262.222
236.667
226.667
266.667
244.444
226.667
260
350
340
317.778
305.556
330
307.778
331.111
382.222
410
430
430
447.778
430
508.889
476.667
500
473.333
425.556
354.444
308.889
227.778
125.556
14.4444
1.11111
2.22222
0
0
0
0
0
0
0
0
0
0
0
0
0
0
0
0
0
0
0
0
0
2.22222
2.22222
0
2.22222
2.22222
0
2.22222
4.44444
0
5.55556
0
0
4.44444
2.22222
4.44444
6.66667
0
4.44444
4.44444
0
1.11111
0
0
0
2.22222
2.22222
0
