-0.001103 0.011634 0.011544
-0.007111 0.000608 0.000890
-0.002225 0.018775 0.000125
0.008880 0.011011 -0.007112
-0.002132 0.014458 -0.008398
-0.008123 0.000590 -0.002423
0.000912 0.003392 0.004457
0.001515 -0.017097 -0.002963
-0.004776 -0.006014 -0.001031
-0.020506 -0.004847 -0.001525
0.012285 -0.006849 0.000537
-0.010787 -0.005350 -0.004055
0.003384 -0.007394 0.002994
0.004211 -0.019341 -0.000897
-0.002289 -0.000287 -0.000052
0.013275 -0.011148 0.003599
0.001709 0.008671 0.011463
-0.009763 0.001194 0.000774
-0.004071 0.022650 0.004984
0.010817 0.008462 -0.003161
-0.000444 0.016931 -0.005630
-0.010013 0.000733 -0.002986
0.000063 0.003495 0.003993
0.001589 -0.016723 -0.002440
-0.004475 -0.011438 -0.001058
-0.009990 -0.004800 -0.002126
0.000952 -0.005412 0.000753
-0.009619 -0.005796 -0.003388
0.007770 -0.007006 0.003460
0.004590 -0.019820 -0.001390
-0.003813 -0.000864 0.002234
0.013224 -0.011076 0.002167
-0.000960 0.011281 0.012306
-0.009397 0.001186 0.000759
-0.000005 0.018416 0.002059
0.010149 0.008171 -0.003119
-0.001872 0.015564 -0.006318
-0.009111 0.001436 -0.001448
0.000153 0.001276 0.007181
-0.000933 -0.015532 -0.002732
-0.003507 -0.011314 -0.001141
-0.009840 -0.004934 -0.001402
0.011891 -0.006886 0.000566
-0.009062 -0.005530 -0.003479
0.003367 -0.007716 0.003409
0.004811 -0.019605 0.000560
-0.003177 0.000048 0.001050
0.012315 -0.011480 0.003013
-0.051379 -0.021853 0.081254
-0.061152 0.033819 -0.066143
-0.011918 0.031357 0.017817
0.011156 0.008090 -0.001300
0.002175 0.016724 -0.005859
-0.009083 0.001047 -0.001284
-0.000036 0.002694 0.004331
-0.001503 -0.016029 -0.004399
-0.012047 -0.013379 -0.005658
-0.021515 -0.004681 -0.002292
0.011075 -0.004968 0.005325
-0.006792 -0.003383 0.000443
0.004266 -0.008296 0.002980
-0.018093 0.042310 -0.000666
-0.005817 -0.000120 0.001750
0.015634 -0.011153 0.002266
-0.000945 0.012162 0.011825
-0.009764 0.000745 0.000000
-0.002337 0.019412 0.001274
0.012505 0.007561 -0.004208
-0.000589 0.015733 -0.005551
-0.008922 0.000880 -0.001929
-0.000898 0.003713 0.005377
-0.001271 -0.016154 -0.002345
-0.001808 -0.011597 -0.001108
-0.011597 -0.005144 -0.002063
0.011637 -0.007153 0.000337
-0.011299 -0.006203 -0.003374
0.007874 -0.007462 0.004235
0.003571 -0.018474 -0.000521
-0.002117 -0.000042 0.003601
0.014092 -0.011255 0.002290
0.000557 0.011757 0.011956
-0.008982 0.000916 0.000704
-0.002636 0.019188 -0.000391
0.012665 0.010075 0.001037
-0.002159 0.016953 -0.004779
-0.010029 -0.000430 -0.003408
0.003650 0.003610 0.004540
0.001519 -0.014315 -0.002165
-0.002580 -0.014533 -0.001332
-0.009005 -0.006492 -0.002996
0.008365 -0.009887 0.000476
-0.010216 -0.005071 -0.003524
0.004272 -0.006781 0.003759
0.002144 -0.019333 0.000474
-0.004937 0.000829 0.001818
-0.004935 -0.067366 0.002238
-0.001936 0.011306 0.012769
-0.005632 0.002210 0.001748
-0.001795 0.018582 0.000678
-0.000529 0.019210 -0.018610
-0.002174 0.014694 -0.006175
-0.009327 0.000179 -0.002334
0.007706 0.003604 0.003358
0.001612 -0.014963 -0.002764
-0.005971 -0.019738 -0.001798
-0.009343 -0.006539 -0.001403
0.013765 -0.005346 0.000536
-0.026975 -0.016097 -0.005680
0.602551 -0.011339 0.003958
0.002425 -0.019168 -0.002030
-0.004831 0.000461 0.001930
0.012689 -0.011685 0.001794
-0.000137 0.010517 0.014402
-0.008654 0.001500 -0.001779
-0.001066 0.021257 -0.003060
0.011854 0.007650 -0.002773
0.007013 0.016457 -0.004546
-0.002712 0.002010 -0.004447
0.000056 0.004949 0.003073
-0.002293 -0.016153 -0.000996
-0.008514 -0.012930 0.002282
-0.012106 -0.004322 -0.001605
0.009248 -0.004606 -0.004992
-0.007844 -0.005309 -0.007113
0.004972 -0.007697 0.004627
0.002223 -0.020231 -0.000756
-0.022923 0.012941 0.004894
0.015411 -0.011557 0.002659
0.000298 0.001902 -0.003703
0.007777 0.007555 -0.002557
-0.009977 0.010265 0.003391
0.004516 0.024208 0.000221
0.001216 -0.002471 0.000295
0.004133 0.001849 -0.009322
-0.006400 -0.002600 0.000288
0.002132 0.004949 -0.001276
-0.001749 0.007252 -0.003343
0.017196 -0.011977 0.003478
-0.011964 0.015066 0.001783
-0.002922 -0.004025 -0.000405
0.012315 -0.005688 -0.000404
-0.002534 -0.006285 0.004560
0.013156 -0.010132 0.001970
-0.027020 -0.011116 0.001849
0.002316 0.002233 -0.005029
0.008440 0.008630 -0.003359
-0.010352 0.010588 0.002986
0.006409 0.023907 -0.002221
0.001729 -0.003452 -0.000405
0.000418 0.004774 -0.009212
-0.009031 -0.001996 0.000695
-0.004479 0.005511 0.001185
-0.001416 0.008301 -0.001933
0.016428 -0.002700 0.004029
-0.006151 0.009472 0.001982
-0.009283 -0.002063 0.000170
0.012767 -0.005151 -0.000172
-0.028481 -0.007766 0.004754
0.007543 -0.003835 0.001527
-0.015567 -0.012466 0.001262
0.000117 0.003760 -0.004780
0.010033 0.009750 -0.002632
-0.010438 0.011495 0.001145
0.006448 0.023656 -0.001192
0.000531 -0.002583 -0.000839
0.001001 0.004733 -0.009696
-0.008450 -0.002371 -0.000040
0.004630 0.004974 0.002899
-0.001119 0.007868 -0.001513
0.019313 -0.009583 0.003385
-0.009137 0.009795 0.002071
-0.004080 -0.000752 0.000172
0.007498 -0.005682 -0.000076
-0.004509 -0.004345 0.004291
0.011075 -0.010001 0.002792
-0.016395 -0.012834 0.001448
0.000080 0.005085 -0.004334
0.008830 0.008339 -0.004613
-0.008049 0.011158 0.005173
-0.000806 0.012493 -0.020468
-0.002129 -0.005071 0.001752
0.002182 0.005126 -0.009850
-0.007406 -0.002210 0.002732
0.000823 0.008423 -0.001605
-0.000314 0.004951 -0.006593
0.010615 -0.009919 0.008605
-0.008999 0.007739 -0.002182
-0.003945 -0.000915 0.000194
0.011913 -0.005804 0.000232
-0.004222 -0.005539 0.004383
0.009122 -0.014113 0.001861
-0.018764 -0.007464 0.002380
-0.000438 0.004732 -0.006302
0.005734 0.010863 -0.000556
-0.009649 0.010595 0.001646
0.007209 0.023323 -0.001244
-0.000421 -0.003284 -0.000900
0.000982 0.004276 -0.009931
-0.009103 -0.002829 0.000854
0.002527 0.005822 0.000205
-0.000892 0.008326 -0.002751
0.017821 -0.012002 0.002764
-0.007981 0.010679 0.002206
-0.003629 -0.003181 0.000064
0.012846 -0.005726 0.000521
-0.004328 -0.004979 0.003755
0.009773 -0.010146 0.002618
-0.016088 -0.012073 0.001195
0.001200 0.003739 -0.003139
0.006680 0.007281 -0.001620
-0.011076 0.010255 0.002785
0.007807 0.023631 -0.003007
0.001482 -0.002052 -0.002899
0.001500 0.003857 -0.012753
-0.008046 -0.002402 0.000437
0.005367 0.005310 0.000547
-0.000665 0.008351 -0.001124
0.014995 -0.019888 0.003084
-0.008289 0.011431 0.001852
-0.005193 -0.002129 0.000089
0.012540 -0.003220 -0.000127
-0.003503 -0.003017 0.004620
-0.000584 -0.009248 0.002071
-0.013810 -0.011595 0.001144
-0.009652 0.003196 -0.004998
0.006132 0.008831 -0.002430
-0.010190 0.010274 0.002310
0.003331 0.019596 -0.007191
-0.008563 -0.002597 -0.000764
-0.053512 -0.028167 -0.074322
-0.005180 -0.000750 -0.000268
0.005001 0.006875 0.000159
-0.004108 0.004292 0.004056
0.019028 -0.012261 0.003138
-0.021124 0.010727 0.001652
-0.083906 -0.028720 -0.000725
0.011775 -0.002482 -0.000129
-0.031763 -0.003112 0.003858
0.010958 -0.008806 0.002167
-0.020634 -0.018772 0.001269
-0.002183 0.001011 -0.007564
-0.001442 0.008190 -0.003610
-0.010276 0.010926 0.002208
0.007913 0.021225 0.003128
-0.000418 -0.001481 -0.000936
0.000395 0.004323 -0.010672
-0.065886 0.030524 0.062344
0.003985 0.004632 -0.000116
-0.010380 -0.002607 0.015149
0.013971 -0.010168 -0.000277
-0.009841 0.007727 0.006798
-0.004736 -0.000257 -0.000776
-0.037574 0.016062 -0.000058
-0.002093 -0.008601 0.004283
0.009930 -0.013152 0.002685
-0.016960 -0.007666 0.000076
