2176.0000 0.05 1
1.875
3.75
6.25
6.25
7.5
16.25
8.75
7.5
16.25
16.25
14.375
16.25
25
16.25
6.25
31.25
23.125
18.125
30
8.75
10
13.125
10
10
16.25
20
25
30
37.5
19.375
25
26.25
13.75
26.875
20.625
29.375
21.25
41.25
44.375
30.625
38.75
53.75
48.125
46.25
41.875
67.5
54.375
49.375
85
91.875
97.5
124.375
138.75
135
139.375
152.5
181.875
151.875
156.25
200.625
177.5
175.625
233.75
251.875
270
235
238.125
276.875
293.125
311.25
297.5
320
301.25
312.5
323.125
338.125
341.875
360.625
318.75
350
374.375
365
331.875
357.5
335.625
377.5
313.125
296.875
303.125
286.25
273.75
254.375
232.5
248.75
253.125
298.125
206.25
250.625
310.625
296.25
313.75
310.625
310
299.375
251.875
291.25
310
295.625
327.5
274.375
281.875
301.25
273.75
320.625
290
315.625
250
298.125
353.75
318.125
311.875
316.875
327.5
364.375
342.5
376.875
403.125
379.375
389.375
392.5
398.75
429.375
450.625
470.625
451.25
444.375
452.5
434.375
448.75
416.25
405.625
431.25
381.25
358.75
317.5
353.125
327.5
309.375
316.875
330
303.75
278.125
216.25
254.375
250.625
303.125
277.5
247.5
271.25
226.25
318.75
288.125
328.75
302.5
302.5
291.875
285
295.625
346.875
295
324.375
350
373.75
356.875
259.375
289.375
211.875
289.375
345.625
266.875
263.75
265.625
260
235.625
245.625
250.625
262.5
325.625
238.75
229.375
238.125
224.375
180.625
247.5
255
281.25
253.75
308.75
252.5
266.25
255.625
205
206.25
267.5
255.625
326.25
344.375
343.125
354.375
275
368.125
293.75
512.5
533.125
512.5
425
364.375
262.5
233.125
203.125
167.5
118.75
60.625
33.125
11.25
3.75
1.875
3.125
1.25
0
0
0
0
0
0
0
0
0
0
2.5
0
