0.010473 0.002392 0.001323
-0.005700 -0.003855 0.001289
0.009765 0.003960 -0.000480
0.003584 0.002555 -0.001908
0.008154 0.007032 -0.002511
-0.000623 -0.002144 0.000210
-0.004504 -0.001496 -0.004824
-0.004541 0.001258 -0.003289
-0.003543 -0.009706 -0.012391
0.005098 -0.002347 -0.002196
-0.003414 -0.001777 0.004998
-0.005783 -0.002576 0.002274
-0.001467 -0.006158 0.009459
-0.005483 -0.000200 -0.000916
0.005200 0.001477 -0.004281
0.001863 -0.001794 0.000895
0.009705 0.002230 0.001155
-0.005435 -0.001464 0.000894
0.010318 0.003180 -0.000090
0.003577 0.001192 -0.003348
0.008593 0.002413 -0.002933
-0.000927 -0.003205 -0.001537
-0.004708 -0.002717 -0.004668
-0.005342 0.006225 0.001589
-0.008813 -0.000210 -0.007800
0.005416 -0.000167 -0.001155
-0.002822 -0.002020 0.003166
-0.005294 -0.002754 0.002514
-0.001569 -0.005375 0.009003
-0.005603 0.001884 -0.000367
0.005101 0.001747 -0.005625
0.001675 -0.000592 0.001485
0.009726 0.003408 0.001908
-0.012383 0.591478 -0.001949
0.011374 0.003842 0.000501
-0.001304 -0.004869 0.000776
0.008906 0.010440 -0.003175
-0.002017 -0.041758 0.042019
-0.005909 -0.000681 -0.004126
-0.005134 0.006476 -0.000338
-0.012780 -0.008785 -0.003954
0.005100 -0.000182 -0.002368
-0.003883 -0.006635 0.007508
-0.006808 -0.001135 0.002480
-0.001894 -0.005966 0.009384
-0.005819 -0.000222 -0.000375
0.005429 0.001173 -0.003833
0.001658 -0.001952 0.001126
0.010911 0.002088 0.001247
-0.005455 0.008787 0.001298
0.009984 0.004047 0.001029
0.003510 0.002819 -0.005190
0.008272 0.005964 -0.002773
-0.000724 -0.007215 0.002976
-0.004717 -0.003185 -0.004892
-0.004607 0.007377 -0.000406
-0.009171 0.001103 -0.009440
0.005110 -0.001729 -0.002404
-0.001953 -0.052590 0.066528
-0.006005 -0.002839 0.002036
0.009942 -0.017191 0.009971
-0.007242 0.000915 -0.001096
0.004139 0.001226 -0.004358
0.064794 -0.054190 0.001901
0.009973 0.001886 0.001016
-0.005595 -0.001408 0.001678
0.010691 0.004785 -0.000011
0.002543 0.001318 -0.003615
0.008372 0.002238 -0.002815
-0.000776 -0.002707 -0.000895
-0.004392 -0.002768 -0.004848
-0.005133 0.006625 0.000832
-0.008789 0.000489 -0.007749
0.004876 0.000098 -0.003556
-0.003190 -0.001791 0.003669
-0.005253 -0.002795 0.002357
-0.001573 -0.006446 0.009526
-0.005403 -0.000543 -0.000538
0.004027 -0.001708 -0.008420
0.002514 -0.001914 0.001212
0.011134 0.004493 0.000976
-0.005389 -0.001486 0.001722
0.012271 0.010494 -0.000079
0.001938 0.001133 -0.003303
0.008168 0.001646 -0.002765
-0.001844 -0.003457 -0.001533
-0.002866 -0.001010 -0.005374
-0.005212 0.005644 0.001071
-0.008926 0.001990 -0.007805
0.000335 -0.011680 0.002407
-0.003130 -0.002733 0.003934
-0.059457 -0.043736 0.001538
-0.001615 -0.005175 0.009911
-0.004570 0.002709 0.000808
0.001994 -0.040515 -0.056697
0.001514 -0.000639 0.000428
0.009902 0.003189 0.000985
-0.005417 -0.002091 0.001305
0.011116 0.003856 -0.000791
-0.000631 -0.005157 -0.008307
0.008895 0.010362 -0.002365
-0.000965 -0.002609 0.000392
-0.004701 -0.000977 -0.004788
-0.010045 -0.038914 -0.051238
-0.008238 0.000928 -0.006452
0.005378 -0.001848 -0.002317
-0.003609 -0.000545 0.005047
-0.006549 -0.001332 0.002959
-0.018946 -0.022889 0.008868
-0.004596 0.001085 -0.000423
0.005255 0.000259 -0.004665
0.002676 0.000352 0.000956
0.053203 -0.030568 0.002004
-0.005730 -0.001498 0.000860
0.009514 0.007478 -0.000333
-0.000237 -0.002871 -0.003089
0.008414 0.000996 -0.002977
-0.002192 -0.003016 -0.001940
-0.006059 -0.001188 -0.004463
-0.005105 0.005610 0.001326
-0.008498 -0.000757 -0.007801
0.009632 -0.011086 -0.006981
-0.003325 -0.002584 0.003349
-0.006619 -0.000271 0.002400
-0.001623 -0.005257 0.009493
-0.005669 0.000070 -0.000313
0.004171 0.003307 -0.005976
0.002497 -0.002200 0.000711
-0.012661 -0.002609 0.002988
0.005958 -0.000681 0.002280
-0.002910 0.000493 0.002369
-0.003499 0.003855 0.002364
-0.002258 0.008569 -0.003324
0.010263 -0.007581 -0.004869
0.003737 -0.016316 -0.018876
0.001169 0.002587 0.001344
0.009784 0.004689 0.002095
-0.002064 -0.003258 -0.004016
0.001651 0.003762 0.006802
-0.025118 -0.007756 -0.005545
0.003025 0.004443 0.010856
0.000441 -0.007517 -0.010496
0.016537 0.001127 0.000563
-0.006047 0.001040 0.007550
-0.012684 -0.002096 0.002955
0.004286 -0.001511 0.002314
-0.002347 0.001747 0.000760
-0.003548 0.005045 0.002063
-0.003730 0.006277 -0.001381
0.004525 -0.000625 -0.000923
0.004088 0.000167 -0.004444
0.001940 0.000603 -0.000328
0.009376 0.004522 0.001358
-0.000622 -0.005072 -0.005183
0.002120 0.001964 0.005436
-0.025506 -0.009307 -0.009084
0.002829 0.005575 0.010625
-0.000621 -0.008517 -0.009454
0.018159 0.002269 -0.000183
-0.006035 -0.001371 0.007739
-0.012651 -0.000339 0.002806
0.008861 -0.007669 -0.001774
-0.002494 0.000128 0.001956
-0.003469 0.003863 0.002485
0.000804 0.000071 0.002229
0.004752 0.000658 -0.002234
0.005005 -0.016196 0.010479
0.006495 -0.005198 0.003334
0.009663 0.005450 0.001840
-0.005053 -0.011372 -0.008934
0.002460 0.003575 0.004280
-0.022807 -0.004223 -0.005074
0.002467 0.005805 0.011082
-0.001227 -0.007620 -0.009253
0.018534 0.001074 -0.000099
-0.005963 -0.000477 0.007509
-0.012726 -0.001196 0.002757
0.004418 -0.002382 0.001637
-0.002627 -0.000066 0.002333
-0.005153 0.005325 0.002653
-0.003482 0.006250 -0.001753
0.009752 -0.007514 0.003584
0.004345 -0.017073 0.011240
0.001154 0.002163 -0.001281
0.009807 0.005524 0.001764
-0.000983 -0.005872 -0.006004
0.007202 -0.006987 0.010086
-0.021737 -0.003072 -0.005079
0.002104 0.006556 0.009702
0.000105 -0.007488 -0.008534
0.017842 0.000720 0.000274
-0.005972 0.000696 0.007784
-0.012301 -0.002138 0.002501
0.004711 -0.002594 0.001717
-0.003433 0.002206 0.003906
-0.004237 0.004074 0.002561
-0.004149 0.007362 -0.002848
0.005198 -0.000651 -0.000520
0.004427 -0.001480 -0.004354
0.002341 0.001441 -0.000523
0.010403 0.004626 0.002226
-0.000860 -0.005985 -0.006266
0.002238 0.002194 0.005304
-0.020492 -0.002222 -0.006734
0.002298 0.005031 0.011292
-0.000518 -0.006943 -0.009581
0.018020 -0.000640 -0.000030
-0.005799 -0.001866 0.007639
-0.011256 -0.000958 0.003186
0.008923 -0.008872 -0.002941
-0.007171 -0.008487 -0.002278
-0.003340 0.005093 0.002766
-0.001410 0.008742 -0.002347
0.007300 -0.001275 -0.001004
0.004162 -0.001155 -0.004262
0.003413 -0.000305 -0.000488
-0.004989 -0.010001 0.002309
-0.005364 -0.011798 -0.009214
0.001930 0.004388 0.005413
-0.026209 -0.009730 -0.000798
-0.001674 -0.000344 0.014775
-0.000281 -0.000318 -0.009376
0.018821 -0.000967 -0.001317
-0.006470 -0.030494 0.007235
-0.014098 -0.002184 0.001751
0.003732 -0.001585 0.002803
-0.002625 0.002416 0.002286
-0.038005 -0.025509 0.002768
-0.003878 0.007251 -0.002815
0.004678 0.001027 0.000907
0.004443 -0.016659 -0.020103
0.007008 -0.005677 -0.004892
0.009874 0.004696 0.002177
-0.000540 -0.004919 -0.005249
-0.001849 -0.006027 0.001350
-0.021472 -0.003681 -0.005469
-0.002133 -0.000569 0.014725
-0.000916 -0.007584 -0.009411
0.017889 0.000404 -0.000118
-0.005916 -0.000268 0.007751
-0.014127 -0.001159 0.002901
0.005603 -0.001136 0.002669
0.000880 -0.007825 0.006751
-0.004407 0.003993 0.002645
0.001054 0.000211 0.001349
0.011396 -0.007268 -0.001062
0.004592 0.008699 -0.004406
0.006046 -0.003429 0.000054
0.023981 -0.009031 0.001445
-0.002833 -0.003110 -0.005173
0.002239 0.002077 0.005472
-0.020565 -0.002637 -0.004328
0.001705 0.006693 0.010255
0.000415 -0.004162 -0.009862
0.017758 0.001410 -0.000062
-0.006968 -0.027903 0.008335
