2176.0000 0.05 1
1.875
3.75
6.25
6.25
7.5
16.25
8.75
7.5
16.25
16.25
14.375
16.25
25
16.25
6.25
31.25
23.125
18.125
28.75
10
10
13.125
10
10
16.25
20
25
30
37.5
19.375
23.75
27.5
13.75
26.875
20.625
29.375
21.25
41.25
44.375
30.625
37.5
56.25
47.5
45.625
41.875
67.5
54.375
49.375
85
91.875
98.75
125.625
135.625
135.625
140
151.875
181.875
153.125
156.25
200
177.5
175
234.375
251.25
270
235
235.625
280.625
291.875
310
296.875
321.25
302.5
312.5
320
343.125
337.5
365
316.875
353.125
371.25
366.25
330
360
331.25
378.75
315.625
295
303.125
286.25
273.75
255.625
231.25
248.75
253.75
298.75
204.375
251.25
310.625
296.25
314.375
308.75
311.25
301.875
246.25
295.625
308.125
297.5
327.5
274.375
280.625
298.125
275
320
293.75
314.375
248.75
298.75
351.875
321.875
311.875
316.875
327.5
362.5
341.875
380.625
400.625
378.125
389.375
395
396.25
430.625
450.625
471.875
453.75
440
451.875
438.125
448.75
417.5
404.375
427.5
384.375
358.125
316.875
353.125
328.125
308.125
315.625
331.25
305
278.125
215
256.25
248.75
301.25
279.375
248.75
271.25
225
317.5
290
329.375
302.5
301.25
291.875
283.125
297.5
351.875
290
322.5
353.75
372.5
352.5
261.875
290.625
211.875
289.375
345
265.625
266.875
262.5
261.875
236.25
245
248.75
263.75
330.625
234.375
229.375
236.875
224.375
181.875
247.5
256.25
280
256.25
307.5
251.25
266.25
256.25
206.875
202.5
269.375
255
325
344.375
346.25
352.5
275
367.5
291.25
514.375
535.625
509.375
426.875
366.25
261.875
231.875
204.375
165
121.25
57.5
35
11.25
3.75
1.25
3.75
1.25
0
0
0
0
0
0
0
0
0
0
2.5
0
