0.010138 0.002350 0.001772
-0.005578 -0.001967 0.000286
0.011446 0.002756 -0.000961
0.004769 0.005132 0.002427
0.007833 0.068144 0.050746
-0.000934 0.008481 0.012432
0.000479 0.003915 0.006132
-0.004982 0.006389 -0.007651
-0.008759 -0.001064 -0.008216
0.004033 -0.001088 -0.002571
-0.003575 -0.002328 0.005344
-0.006531 -0.002410 0.001425
-0.001534 -0.004126 0.008496
-0.005737 0.000393 0.000416
0.005318 0.001098 -0.004484
0.003438 -0.001684 0.001016
0.008515 -0.000876 0.005436
-0.005667 -0.000218 0.001032
0.010398 0.003782 -0.000819
0.001122 0.000603 -0.003964
0.008513 0.001439 -0.003017
-0.000916 -0.003597 -0.000895
-0.004471 -0.002363 -0.003969
-0.005161 0.005980 0.000605
-0.008250 0.000878 -0.007195
0.005579 -0.001669 -0.003432
-0.003102 -0.002044 0.005031
-0.007105 -0.002521 0.002435
-0.001667 -0.005101 0.009684
-0.006134 -0.000559 -0.001120
0.005498 0.000914 -0.003536
0.002611 -0.001685 0.001147
0.011256 0.002436 0.000651
-0.005070 -0.004579 0.005361
0.006364 0.006083 0.005028
0.005440 -0.004315 0.002943
0.008556 0.003779 -0.002781
-0.001499 -0.020478 0.018847
-0.005004 -0.000990 -0.005218
-0.004849 0.005401 -0.004688
-0.002952 -0.004316 0.003399
0.005362 -0.001045 -0.002088
0.003526 -0.007152 -0.570483
-0.007772 -0.001682 0.002260
-0.005566 -0.008343 0.014133
-0.006260 0.000686 -0.001690
0.005270 0.000941 -0.004626
-0.049603 -0.000014 0.041936
0.006961 0.002354 0.004917
-0.005445 -0.050695 0.039677
0.010905 0.003521 0.000039
0.000682 0.002241 -0.005663
0.008173 0.003029 -0.003519
-0.000799 -0.014309 0.011257
-0.008576 -0.005652 0.003415
-0.005315 0.005522 -0.003821
-0.007966 0.002237 -0.008104
0.006702 -0.000638 -0.002551
-0.003159 -0.002409 -0.006812
-0.005845 -0.002565 0.002185
-0.001647 -0.005135 0.009545
-0.005487 0.000036 -0.000159
0.003942 0.001256 -0.006189
0.003607 -0.001804 0.001292
0.007432 0.006589 0.006303
-0.005590 -0.000765 0.001374
0.006846 0.008098 0.005232
0.001761 0.000529 -0.003706
0.008922 0.001784 -0.002885
-0.000772 -0.003638 0.000191
-0.004573 -0.001753 -0.006184
-0.004854 0.006258 0.001063
-0.008495 0.000437 -0.008916
0.008845 0.003608 -0.002538
-0.003508 -0.002990 0.005088
0.031392 -0.000085 0.031208
-0.003415 -0.004586 0.007171
-0.001752 -0.003950 0.008465
0.003892 0.002443 0.023769
0.002738 -0.002118 0.000964
0.012913 0.000595 -0.000765
-0.005552 -0.000708 0.000696
0.010552 0.003483 -0.000150
0.001585 0.000808 -0.003843
0.008653 0.002085 -0.003514
-0.002007 -0.003209 -0.000271
-0.004596 -0.001990 -0.004055
-0.005081 0.005764 0.000947
-0.008705 0.000577 -0.007347
0.005009 -0.001206 -0.001874
-0.003387 -0.002815 0.005058
-0.006905 -0.002366 0.002529
-0.001461 -0.004657 0.008500
-0.005208 0.001007 -0.000936
0.004057 0.001486 -0.003781
0.003573 -0.001005 0.000343
0.011636 0.002289 0.000540
-0.005466 -0.002037 0.000891
0.008880 0.003570 -0.001730
0.001014 -0.000541 -0.005401
0.008111 0.005995 0.001884
-0.000222 0.013415 0.018796
-0.003838 -0.003210 -0.005078
-0.005005 0.006003 -0.003493
-0.012563 0.003369 0.001020
0.005139 -0.000877 -0.002146
-0.003279 -0.002354 0.008015
-0.007597 -0.002224 0.002898
-0.003185 -0.004695 0.007483
-0.005653 0.000501 0.000339
0.005100 0.000945 -0.006024
0.002002 -0.001920 -0.001255
0.012501 0.003240 -0.000023
-0.005355 -0.000068 0.001429
0.008579 0.003926 -0.002351
0.003058 0.000721 -0.002367
0.008842 0.001556 -0.002455
-0.002320 -0.003002 -0.009131
-0.004543 -0.001963 -0.003802
-0.005121 0.005416 0.001173
-0.008704 0.000432 -0.007224
0.005192 -0.001354 -0.001338
-0.003034 -0.002054 0.005019
-0.006541 -0.002330 0.000083
-0.005275 -0.008071 0.014929
-0.010445 0.005543 0.009840
0.005158 -0.000235 0.027592
0.002970 -0.002444 0.000239
-0.015404 -0.003950 0.005505
0.003606 -0.002196 0.001384
-0.003337 0.000897 0.001176
-0.001211 0.000548 0.006886
0.015137 0.006707 0.018553
0.006918 -0.001277 -0.001039
0.004243 -0.001377 -0.005100
-0.000599 0.003414 0.004848
0.014868 0.002006 0.008090
0.000065 -0.005618 -0.006093
0.002003 0.003142 0.004471
-0.022414 -0.004043 -0.005691
0.002870 0.004678 0.011938
-0.000069 -0.007762 -0.010445
0.018012 0.000610 0.000276
-0.006095 0.000106 0.007748
-0.012504 -0.001488 0.003160
0.005032 -0.002516 0.001731
-0.003479 0.002595 0.001289
-0.005064 0.003794 0.002087
-0.003839 0.006740 -0.001362
0.007591 -0.002237 -0.001709
0.003894 0.000779 -0.004701
0.003949 -0.000151 -0.001170
0.009060 0.007100 0.000989
-0.001076 -0.006022 -0.005390
0.002230 0.002866 0.005722
-0.023083 -0.004053 -0.005435
0.002995 0.004957 0.012689
-0.000711 -0.008442 -0.010239
0.018199 0.001403 -0.001157
-0.005728 0.000496 0.006916
-0.012645 -0.001241 0.001732
0.004386 -0.002444 0.000864
-0.003232 0.001374 0.003217
-0.000702 0.007526 0.007581
-0.003266 0.006615 -0.000654
-0.038025 -0.001298 0.031906
0.003708 -0.049644 0.033145
-0.000451 -0.003302 0.005169
0.010582 0.005312 0.001025
-0.000255 -0.006148 -0.006742
-0.000406 0.005816 0.007640
-0.022626 -0.004336 -0.005346
0.002318 0.004266 0.012114
0.004475 -0.004864 -0.004524
0.017058 0.000524 -0.000155
-0.005828 -0.001072 0.007435
-0.012607 -0.001597 0.002776
0.005912 -0.003896 0.001081
-0.002639 0.000857 0.003206
-0.005614 0.002229 -0.000118
-0.017302 0.005528 0.013584
0.007201 -0.001485 -0.000519
0.004070 -0.006513 0.002183
0.004220 0.001889 -0.002802
0.011126 0.006333 -0.000251
-0.001943 -0.007207 -0.006148
0.002329 0.002886 0.006385
-0.023241 -0.004088 -0.006087
0.002967 0.004401 0.011851
-0.000584 -0.007590 -0.009376
0.017853 0.000863 0.000121
-0.005960 -0.001075 0.007810
-0.013920 -0.001353 0.002203
0.004933 -0.002852 -0.004892
0.001029 0.005286 0.010774
-0.001369 0.003781 0.006287
-0.003801 0.005679 -0.001522
0.007528 -0.000787 -0.001807
0.004795 0.000126 -0.004846
0.003144 0.000162 -0.000158
0.013425 0.003090 0.006253
-0.000145 -0.005976 -0.012219
0.000762 0.003009 0.004859
0.024488 -0.005497 0.027580
0.015936 0.004634 0.026780
0.002798 -0.004673 -0.004853
0.020701 -0.003309 0.001794
-0.004534 0.032802 0.031762
-0.013171 -0.001525 0.003447
0.004825 -0.002481 0.000102
-0.002453 -0.000416 0.001261
-0.005294 0.004167 0.001981
-0.003473 0.006095 -0.000295
0.006412 -0.001138 -0.001249
0.004109 -0.000249 -0.005065
0.003892 0.000182 -0.001180
0.009392 0.005795 0.002014
-0.000711 -0.005939 -0.007026
0.001728 0.002947 0.005645
-0.023842 -0.003883 -0.004707
0.001549 0.004587 0.012903
-0.000680 -0.007552 -0.009157
0.017743 0.001247 0.001093
-0.005936 0.005716 0.013963
-0.012642 -0.001296 0.003919
0.005450 -0.002196 0.000851
-0.002606 0.001281 0.002958
-0.005418 0.005496 0.000473
-0.004101 0.006171 0.000116
0.005548 -0.001283 -0.003017
0.003887 -0.000442 -0.006858
0.004223 -0.001213 -0.002970
0.009720 0.005860 0.001767
-0.001507 -0.005023 -0.006413
0.002323 0.002902 0.005676
-0.023878 -0.004514 -0.005851
0.002108 0.004898 0.013162
0.001284 -0.008588 -0.011403
0.018853 0.000353 -0.000311
-0.005959 -0.000367 0.006998
-0.011729 -0.001629 0.002730
0.004696 -0.002761 -0.000794
-0.007746 -0.003081 0.011764
-0.004162 0.004081 0.002964
-0.003408 0.006391 -0.001249
0.006075 -0.000928 -0.000818
0.004841 0.000202 -0.004130
0.003151 0.000476 -0.000542
0.010599 0.006196 0.000892
-0.000269 -0.005759 -0.008633
0.003300 0.003477 0.005274
-0.021910 -0.004095 -0.006632
-0.016827 0.004608 0.033071
0.001574 -0.007954 -0.012150
0.017650 0.000858 -0.000443
-0.005779 0.000273 0.004829
