2176.0000 0.05 1
1.11111
4.44444
11.1111
2.22222
11.1111
4.44444
13.3333
11.1111
20
11.1111
6.66667
11.1111
24.4444
23.3333
17.7778
23.3333
26.6667
18.8889
13.3333
32.2222
18.8889
8.88889
4.44444
10
14.4444
16.6667
34.4444
37.7778
25.5556
40
11.1111
26.6667
17.7778
31.1111
24.4444
32.2222
31.1111
23.3333
40
24.4444
32.2222
46.6667
36.6667
47.7778
70
55.5556
56.6667
41.1111
80
106.667
95.5556
126.667
130
134.444
151.111
146.667
161.111
192.222
185.556
211.111
210
267.778
192.222
230
236.667
284.444
237.778
278.889
253.333
263.333
290
297.778
322.222
337.778
316.667
352.222
282.222
347.778
304.444
308.889
295.556
298.889
295.556
277.778
312.222
275.556
246.667
287.778
290
297.778
314.444
316.667
321.111
305.556
337.778
321.111
313.333
296.667
292.222
298.889
303.333
292.222
330
357.778
321.111
356.667
375.556
356.667
355.556
350
343.333
293.333
251.111
215.556
175.556
160
191.111
238.889
264.444
331.111
353.333
398.889
416.667
400
430
408.889
450
400
382.222
354.444
346.667
371.111
345.556
400
380
378.889
383.333
425.556
406.667
456.667
410
408.889
408.889
357.778
356.667
378.889
366.667
378.889
433.333
415.556
411.111
435.556
403.333
338.889
354.444
322.222
348.889
316.667
328.889
257.778
284.444
260
267.778
260
246.667
220
276.667
208.889
245.556
215.556
231.111
262.222
218.889
248.889
230
214.444
208.889
230
174.444
204.444
176.667
196.667
175.556
175.556
257.778
235.556
228.889
213.333
216.667
168.889
176.667
196.667
262.222
241.111
217.778
276.667
240
221.111
264.444
350
340
315.556
310
325.556
310
331.111
382.222
416.667
427.778
423.333
450
430
507.778
474.444
504.444
467.778
425.556
354.444
310
226.667
127.778
12.2222
1.11111
0
0
0
0
0
0
0
0
0
0
2.22222
0
0
0
0
0
0
0
0
0
0
0
4.44444
0
2.22222
0
2.22222
0
4.44444
4.44444
2.22222
3.33333
2.22222
0
4.44444
2.22222
4.44444
4.44444
2.22222
2.22222
2.22222
3.33333
0
2.22222
0
0
2.22222
0
2.22222
0
