2176.0000 0.05 1
1.875
3.75
6.25
6.25
7.5
16.25
8.75
6.25
17.5
16.25
14.375
16.25
25
16.25
6.25
31.25
23.125
18.125
30
8.75
10
13.125
10
10
17.5
18.75
25
30.625
36.875
19.375
25
26.25
13.75
26.875
21.875
28.125
21.25
41.25
45
30
40
53.75
47.5
45.625
41.875
67.5
54.375
48.125
86.25
91.875
97.5
125.625
137.5
135
137.5
154.375
181.875
151.875
157.5
200
177.5
176.25
233.125
251.25
268.75
236.25
235.625
278.125
293.125
313.125
295
321.25
301.875
310.625
326.25
339.375
340
360
316.25
354.375
371.25
367.5
331.25
355.625
335.625
380
310.625
297.5
302.5
287.5
272.5
253.125
233.75
248.75
254.375
296.875
206.875
250
312.5
294.375
316.25
306.875
313.75
297.5
251.25
293.75
308.125
296.25
325.625
276.25
279.375
300.625
275
322.5
290
313.75
250
298.75
352.5
317.5
318.125
313.75
325
366.25
343.125
380.625
399.375
378.75
390
393.75
395
431.875
450
470.625
453.125
441.25
453.75
435
448.75
417.5
403.75
431.875
381.875
357.5
318.125
351.875
328.75
309.375
316.25
330.625
305
278.125
213.75
256.25
250
302.5
278.125
246.875
272.5
225.625
320
287.5
328.75
299.375
305
290
285.625
298.125
346.25
294.375
322.5
351.875
372.5
355
261.25
288.125
214.375
289.375
345
266.875
264.375
263.75
259.375
237.5
246.25
249.375
263.125
327.5
239.375
226.25
238.75
221.875
183.75
246.25
256.25
281.25
253.75
308.75
252.5
265
256.875
203.75
206.25
269.375
255
324.375
345
343.75
355
275
368.125
292.5
510
536.875
511.25
425
366.875
262.5
229.375
205
171.25
113.125
61.875
33.75
11.25
3.75
1.875
3.75
1.25
0
0
0
0
0
0
0
0
0
0
2.5
0
