0.009502 0.002758 0.001296
-0.006028 -0.001384 0.000591
0.010603 0.000937 0.000121
0.002894 0.002617 -0.003140
-0.007895 -0.014987 -0.003168
0.000637 -0.001378 0.000264
-0.003065 -0.000810 -0.004134
-0.004309 0.007266 -0.000632
-0.008745 -0.000365 -0.007761
0.003903 -0.000347 -0.002295
-0.004519 -0.000276 0.005705
-0.005179 -0.003545 0.002149
-0.001752 -0.004278 0.009492
-0.005612 -0.000937 -0.000587
0.003911 0.002886 -0.005685
0.002309 -0.001928 0.000745
0.011210 0.003679 -0.000010
-0.005541 0.001414 0.001348
0.010678 0.002875 -0.000483
0.001949 0.000641 -0.003379
0.008559 0.001599 -0.002774
0.000480 -0.001303 0.000662
-0.004648 -0.001836 -0.004870
-0.005338 0.006022 -0.000187
-0.013019 -0.009294 -0.011879
0.005155 -0.001501 -0.002403
-0.003249 -0.001500 0.005176
-0.006593 -0.000660 0.003739
-0.001916 -0.004833 0.009530
-0.005974 0.000910 0.000892
0.005446 0.000668 -0.005086
0.003137 -0.001790 0.000903
0.006444 -0.001819 0.001194
-0.004510 -0.001704 0.002456
0.006479 0.538211 -0.001094
0.058980 -0.049955 -0.003687
0.019566 -0.009337 -0.002310
0.003368 -0.008908 -0.002789
-0.006473 -0.000720 -0.005828
-0.001034 0.001094 0.002897
-0.008165 0.001414 -0.007680
0.007075 -0.000354 -0.002873
-0.008226 -0.007466 0.002742
-0.006545 -0.001389 0.002746
-0.001653 -0.005825 0.009441
-0.006171 0.001164 -0.000664
0.001651 -0.004252 -0.001180
0.003620 -0.001046 0.000565
0.011696 0.002712 0.001343
-0.006071 -0.001351 0.001617
0.010708 0.012065 0.000064
0.001060 0.000234 -0.003173
0.007865 0.002041 -0.002539
-0.001169 -0.003888 -0.000240
-0.004976 -0.002690 -0.004776
-0.005395 0.005573 -0.000272
-0.008579 0.000507 -0.007800
0.005467 -0.001686 -0.002102
-0.003030 -0.002461 0.004927
-0.006619 -0.002303 0.001950
-0.001782 -0.004438 0.009442
-0.005508 0.000129 -0.000510
0.004251 0.001323 -0.005730
0.002706 -0.001605 0.001264
0.007989 -0.002402 -0.003042
-0.005897 0.005115 0.001177
0.010644 0.002749 0.000321
0.001028 0.001686 -0.004198
0.008769 0.002891 -0.002359
0.003500 -0.008764 -0.003601
-0.003800 -0.003595 -0.004569
-0.005133 0.006778 -0.000040
-0.004396 -0.008605 -0.003511
0.004489 -0.001140 -0.002122
-0.003262 -0.002463 0.005037
-0.003625 -0.007229 0.006680
-0.001393 -0.005152 0.009475
-0.005707 0.000891 -0.001839
0.004554 0.002294 -0.006009
0.003535 -0.001974 0.000818
0.011357 0.003971 0.002874
-0.005362 -0.000825 0.001253
0.010544 0.002736 0.000518
0.002233 0.000354 -0.003427
0.008631 0.002571 -0.002798
-0.002203 -0.003254 -0.000800
-0.004563 -0.003044 -0.004627
-0.004234 0.007362 -0.000271
-0.008297 0.000988 -0.008864
0.005279 -0.001632 -0.002345
-0.006621 -0.007489 0.000205
-0.006739 -0.000377 0.000533
-0.001843 -0.036409 0.009080
-0.000349 -0.010886 0.003785
0.002247 0.003898 -0.006411
-0.053869 -0.048632 0.002001
0.011626 0.002749 0.001497
-0.004431 -0.001566 0.000441
0.010780 0.003206 0.000120
0.001325 0.000880 -0.003163
0.009408 0.001869 -0.002980
-0.001435 -0.002574 0.000525
-0.004563 -0.002709 -0.004988
-0.005660 0.006567 -0.000863
-0.008174 0.000190 -0.008123
0.005129 -0.001595 -0.002738
-0.002940 -0.001649 0.004992
-0.008066 -0.001741 0.002785
-0.001690 -0.006148 0.009324
-0.005768 0.000106 -0.000366
0.005335 0.001647 -0.006142
0.003287 -0.000834 0.001491
0.008136 -0.002309 0.005709
-0.005333 -0.002309 0.001395
0.009544 0.003395 -0.000828
0.001426 0.001378 -0.002634
0.008337 0.002102 -0.003233
-0.001966 -0.002185 -0.000196
-0.004576 -0.001094 -0.004612
-0.000460 0.000547 0.003757
-0.008407 0.000757 -0.006904
0.005360 -0.000455 -0.002134
-0.003936 -0.001287 0.004804
-0.003794 -0.007147 -0.002512
-0.001577 -0.034637 0.009857
-0.010776 -0.010447 -0.005496
-0.000894 -0.004393 -0.003609
0.002081 0.000058 0.000778
-0.011775 -0.000990 0.002749
0.004818 0.000507 0.001644
-0.003995 0.001675 0.001949
-0.004404 0.003956 0.002553
-0.003269 0.006233 -0.001145
0.004540 0.000637 -0.001035
0.004545 0.002233 -0.004477
-0.000794 -0.003987 0.000254
0.010102 0.004727 0.001860
-0.000725 -0.006669 -0.006476
0.001998 0.002083 0.005287
-0.022397 -0.003314 -0.003922
0.003323 0.003824 0.011839
-0.000661 0.003956 -0.009460
0.017925 -0.000422 0.000170
0.012153 -0.020443 0.007177
-0.012737 -0.002335 0.002654
0.004300 -0.002702 0.000143
-0.002800 0.000467 0.002062
-0.005259 0.003540 0.002795
-0.003404 0.009241 -0.001497
0.007343 -0.000202 -0.000054
0.003723 -0.000869 -0.005300
0.003189 0.002395 0.001423
0.009976 0.006617 0.002244
-0.000934 -0.003437 -0.006284
0.002513 0.003536 0.005988
-0.015059 -0.011906 -0.005604
0.001921 0.003690 0.010694
0.000368 -0.027450 -0.028506
0.022762 -0.009136 -0.003912
-0.005944 0.000279 0.007697
-0.014072 -0.000640 0.003550
0.004854 -0.031654 0.043168
-0.001246 0.001956 0.003070
-0.005729 0.004807 0.003034
-0.003548 0.006303 -0.000449
-0.022922 -0.024450 -0.000359
0.005475 0.005464 -0.004476
0.003665 0.000018 -0.000730
0.009341 0.004787 0.001666
-0.000974 -0.005512 -0.006966
0.002418 0.003769 0.005255
-0.019203 -0.009091 -0.000896
0.002078 0.005250 0.012521
-0.000504 -0.009126 -0.009495
0.017375 0.001804 0.000055
-0.019348 -0.014859 0.007861
-0.013004 -0.002161 0.002405
0.005194 -0.003627 0.001453
-0.002459 0.001018 0.002124
-0.004441 0.004163 0.002331
-0.003229 0.006497 -0.000504
0.007123 -0.001860 -0.001174
0.004239 0.000337 -0.004495
0.003635 0.001118 -0.000369
0.009934 0.005109 0.001955
-0.001039 -0.004991 -0.007061
0.002158 0.002250 0.005479
-0.022767 -0.002674 -0.006935
0.003277 0.005194 0.012304
-0.000737 -0.008417 -0.009534
0.017843 0.000553 0.000046
-0.005942 -0.000443 0.007696
-0.012645 -0.000600 0.002542
0.004802 -0.002420 0.000801
-0.002681 0.002344 0.001968
-0.004391 0.004070 0.002521
-0.002135 -0.013713 -0.032437
0.006119 -0.000911 -0.001053
0.004462 -0.000836 -0.004004
0.001081 -0.004054 0.003875
0.009742 0.010151 0.001915
-0.002366 -0.025267 0.020920
0.002491 0.003426 0.004873
-0.022193 -0.005121 -0.005079
0.002540 0.003790 0.011067
-0.001390 -0.027556 0.009299
0.013441 -0.008552 0.004683
-0.005900 0.000630 0.008056
-0.012510 -0.001634 0.002750
0.004669 -0.001682 -0.000188
-0.002863 0.001264 0.002433
-0.003211 0.005294 0.002892
-0.003546 0.006210 -0.002073
0.007254 -0.000346 -0.001446
0.004267 -0.000660 -0.003632
0.003066 0.001631 -0.001712
0.009848 0.005134 0.001575
-0.000770 -0.006358 -0.005127
-0.002257 -0.006339 0.009445
-0.023314 -0.003461 -0.005045
0.002118 0.007518 0.011459
-0.000683 -0.028196 0.010150
0.017360 0.001261 -0.001487
-0.006112 -0.000699 0.007674
-0.012579 -0.001879 0.003221
0.004415 -0.003155 0.001305
-0.002632 0.001195 0.002533
-0.005357 0.004782 0.001870
-0.003566 0.007468 -0.000195
0.006371 -0.000967 -0.001187
0.004117 -0.001523 -0.004307
0.004672 0.000553 -0.000278
0.009559 0.005301 0.001868
-0.001125 -0.005407 -0.007510
0.002603 0.002496 0.005855
-0.019812 -0.008585 -0.009040
0.002247 0.005421 0.012970
-0.000805 -0.007575 -0.009401
0.017673 0.000052 -0.000310
-0.006296 -0.000620 0.007723
-0.011456 -0.004620 0.001825
0.004746 -0.002185 0.000290
-0.003433 -0.002182 0.001879
0.027187 -0.017975 0.003217
-0.003487 0.005683 -0.001577
0.006165 -0.001444 -0.000646
0.004181 -0.000449 -0.004602
0.000615 -0.004338 -0.005008
0.009727 0.010020 0.001897
-0.000885 -0.006528 -0.005667
0.006160 -0.005970 0.000967
-0.023598 -0.004217 -0.005316
0.002551 -0.023745 -0.026351
0.000414 -0.027654 -0.028934
0.017830 0.001145 0.001477
-0.006133 0.000587 0.007362
