0.010724 0.003930 0.001756
-0.005509 -0.000816 0.001181
0.031387 -0.016930 -0.000221
0.004993 -0.002298 -0.003271
0.008220 0.011832 -0.002656
-0.000971 -0.003883 0.001162
-0.004418 -0.003017 -0.004654
-0.005131 0.005856 -0.001108
-0.007017 0.000759 -0.008168
0.005314 -0.001417 -0.002187
-0.003449 -0.002299 0.004701
-0.005723 -0.000584 0.001854
-0.002744 -0.005386 0.008342
-0.009676 -0.009859 -0.005382
0.004846 0.001707 -0.004572
0.003480 -0.000941 0.000928
0.010724 0.002476 0.000864
-0.004594 -0.032127 0.001277
0.010247 0.004184 -0.000794
0.006147 -0.005395 -0.006825
0.008331 -0.013186 -0.016487
-0.000850 -0.037743 -0.049801
0.000260 -0.011823 -0.009741
-0.005085 0.006100 -0.000061
-0.009754 -0.001384 -0.006152
0.003971 -0.001014 -0.002259
-0.003141 -0.002264 0.004653
-0.006638 -0.001859 0.001931
-0.001415 -0.005932 0.009421
-0.005799 -0.000489 -0.000529
0.004797 0.001265 -0.006282
0.003469 -0.001583 0.000607
-0.031426 -0.024761 0.001028
-0.005430 -0.002158 0.001092
-0.004557 -0.010984 0.000811
0.002837 0.000844 -0.003416
0.008623 0.002369 -0.002569
-0.001029 -0.003568 0.000205
-0.004239 -0.000830 -0.004932
-0.004746 0.005800 -0.000613
-0.009925 0.000867 -0.007281
0.007237 -0.003661 -0.003690
-0.003415 -0.002347 0.005875
0.025941 -0.024040 0.002871
-0.000414 -0.005189 0.010369
-0.002431 -0.008616 0.003333
0.006799 -0.021430 0.030205
0.002631 -0.001845 0.001209
0.011972 0.002266 0.001300
-0.005525 -0.001090 0.001175
0.010851 0.003322 -0.000213
0.001365 0.001124 -0.003375
0.008286 0.001762 -0.002738
-0.000974 -0.002750 0.000140
-0.004644 -0.002448 -0.004967
-0.005119 0.006375 -0.000444
-0.009424 0.000066 -0.007910
0.004999 -0.001804 -0.002403
-0.003592 -0.002192 0.005810
-0.007002 -0.002884 0.001991
-0.002036 -0.005504 0.009687
-0.005100 0.000546 -0.001967
0.004460 -0.003934 -0.000028
0.003861 -0.000516 0.000455
0.011914 0.003088 0.001265
-0.004779 -0.029736 0.001572
0.010691 0.003146 0.000154
0.000670 0.002914 -0.004945
0.008825 -0.012903 0.010508
-0.001132 -0.003158 -0.000537
-0.009027 -0.010663 -0.000959
-0.005468 -0.000082 0.005770
-0.008678 0.001206 -0.007668
0.007217 -0.001103 -0.003183
-0.003038 -0.008031 -0.001064
-0.005989 -0.002312 0.002377
-0.001701 -0.004028 0.009323
-0.005305 -0.000055 -0.000597
0.004082 0.002222 -0.006245
0.003701 -0.002351 0.000890
0.010920 0.002455 0.001245
-0.005390 -0.003509 0.001461
0.010410 0.004375 0.000559
0.006486 -0.006457 0.001665
0.008057 -0.013138 0.011410
-0.001714 -0.002610 -0.001280
-0.004974 -0.002165 -0.006275
-0.001110 -0.027587 0.047747
-0.008556 0.001808 -0.007938
0.005115 -0.001612 -0.002311
-0.004394 -0.022689 -0.027864
-0.006511 -0.001809 0.002334
-0.003111 0.000285 0.009590
-0.005550 0.001474 -0.000460
0.004213 0.001413 -0.005671
-0.036634 -0.030942 0.000357
0.011790 0.002584 0.001142
-0.005396 -0.001998 0.001321
0.010163 0.002914 0.000149
0.001090 0.001200 -0.003514
0.008610 0.003545 -0.002853
-0.000525 -0.003449 0.000799
-0.004550 -0.002989 -0.004949
-0.004911 0.006084 -0.001072
-0.008154 0.000203 -0.008113
0.005104 0.000131 -0.002130
-0.003387 -0.001782 0.005220
-0.008016 -0.001633 0.002815
-0.001131 -0.005112 0.009100
-0.006142 0.000574 0.000921
0.005196 0.001052 -0.004854
0.002564 -0.001776 0.000589
0.011874 0.003151 0.001476
-0.005387 -0.003344 0.001131
0.009628 0.004483 -0.000462
0.001277 0.002749 -0.001846
0.008910 -0.013615 -0.017448
-0.002388 -0.008446 -0.006207
-0.003759 -0.002225 -0.003416
-0.006068 0.007284 0.000322
-0.008624 -0.000112 -0.007633
0.005064 -0.001485 -0.002720
-0.002783 -0.000550 0.004461
-0.006505 -0.002279 0.002342
-0.001832 -0.002409 0.009521
-0.005646 -0.000552 -0.000172
0.003848 0.001312 -0.006689
0.002635 0.000038 0.001413
-0.012572 -0.002158 0.002899
0.003823 -0.000967 -0.000161
-0.002641 0.002433 0.002025
-0.004498 0.004244 0.002194
-0.004978 0.008196 -0.000750
0.004258 -0.001947 -0.000532
0.004542 -0.001648 -0.003826
0.000187 -0.002372 -0.000871
0.009748 0.007825 0.002096
0.000600 -0.003821 -0.006755
0.003625 0.003367 0.005483
-0.024222 -0.002448 -0.006087
0.004817 0.006825 0.012364
-0.018626 -0.025689 -0.008721
0.012802 -0.008529 0.005120
-0.005646 -0.002363 0.007676
-0.012766 -0.001358 0.004099
0.001946 -0.007990 0.005543
-0.002601 0.000992 0.002299
-0.005032 0.004343 0.002715
-0.004961 0.008687 0.000303
0.001928 -0.006492 0.002244
0.004111 0.005743 -0.004675
-0.001028 -0.005736 -0.004565
0.010566 0.005664 0.001395
0.003102 -0.012237 -0.001519
0.002205 0.003884 0.005367
-0.022154 -0.004877 -0.004916
0.002049 0.005742 0.012090
-0.000738 -0.007724 -0.009321
0.017936 0.002041 0.000151
-0.005454 -0.000324 0.007153
-0.012319 -0.000017 0.002850
0.000798 -0.007962 0.005857
-0.001098 -0.003093 0.003218
-0.005503 0.004777 0.002606
-0.007807 0.000062 -0.005036
0.000587 -0.006540 -0.000864
0.004463 -0.001385 -0.004792
0.003007 -0.000815 -0.000158
0.008891 0.012760 0.001988
0.003513 -0.011290 -0.002632
0.000819 0.003468 0.005254
-0.018805 -0.009685 -0.009110
0.005048 0.000498 0.007772
0.017841 -0.025859 -0.009884
0.022048 -0.007129 -0.003647
0.002262 0.510502 0.007462
-0.012498 -0.001775 0.002917
0.004805 -0.002886 0.000895
-0.002808 0.000109 0.002099
-0.004180 0.004252 0.003104
-0.002979 0.006260 -0.001320
0.007034 -0.000603 -0.000887
0.004539 -0.001358 -0.004441
0.004134 0.001269 -0.000542
0.009829 0.006746 0.001725
-0.001118 -0.005969 -0.006668
0.001969 0.002506 0.005504
-0.024529 -0.001955 -0.003921
0.003126 0.004341 0.011426
-0.001399 -0.008860 -0.009375
0.018300 0.001756 0.001422
-0.005823 0.010453 0.007684
-0.012342 -0.001261 0.001206
0.002929 -0.000510 0.000367
-0.002991 0.001226 0.002090
-0.005486 0.003673 0.002508
-0.007754 0.000046 -0.006687
0.007465 0.001105 0.000590
0.004557 0.003915 -0.004380
0.004759 0.002885 -0.001900
0.008779 0.005610 0.003304
0.000486 -0.003081 -0.007816
0.002155 0.002134 0.005227
-0.019939 -0.006478 -0.004454
0.001935 0.004825 0.011843
-0.000791 -0.008068 -0.009788
0.018003 -0.000265 0.000142
-0.006109 -0.000345 0.008135
-0.007917 -0.011143 0.007748
0.005278 -0.001653 -0.000027
-0.003723 0.001114 0.002615
0.027403 -0.017957 0.002539
-0.003483 0.006533 -0.001051
0.001380 -0.007647 -0.005880
0.004060 0.005182 -0.003917
-0.001039 -0.006126 0.003879
0.010103 0.005888 0.001807
-0.001059 -0.005130 -0.006890
0.001104 -0.000249 0.004396
-0.023110 -0.003660 -0.005543
0.005984 -0.000346 0.007911
-0.000799 -0.008217 -0.009720
0.017569 -0.000119 -0.000110
-0.005965 -0.000443 0.007973
-0.012356 -0.002019 0.002954
0.004589 -0.001850 -0.000110
-0.002765 0.002371 0.002076
-0.005761 0.005232 0.003117
-0.002855 0.007296 -0.000461
0.007145 -0.000720 -0.001054
0.004303 -0.000954 -0.004758
0.003950 0.000850 -0.000272
0.009865 0.004687 0.001856
-0.001060 -0.004986 -0.007386
0.002498 0.002557 0.005609
-0.019150 -0.009303 -0.001366
0.002089 0.005631 0.012700
0.000143 -0.009149 -0.009757
0.017411 0.001231 -0.001270
-0.005943 -0.001772 0.007381
-0.016937 -0.010326 -0.000792
0.005019 -0.002480 0.001176
-0.001408 0.001121 0.003036
-0.004319 0.005149 0.002138
-0.003573 0.006900 -0.000419
0.007188 0.001057 -0.002078
0.004633 0.002958 -0.004413
0.004803 0.002557 0.000545
0.008930 0.006010 0.001320
-0.001080 -0.005619 -0.006782
0.002204 0.003774 0.005692
-0.023291 -0.003664 -0.005378
0.003867 0.006799 0.013350
0.000232 -0.007934 -0.009717
0.017813 0.000024 0.000051
-0.005709 -0.000412 0.007462
