svsl Ru Ir 2.72801 1.75859 -0.10766
1.00000 1.00000 1.00000 0.50000 0.50000 0.00000

3
0.76098
1.00000 0.00000 0.00000 
0.00000 1.00000 0.00000 
0.00000 0.00000 0.00000 

0.99761
0.00000 1.00000 0.00000 
1.00000 0.00000 0.00000 
0.00000 0.00000 0.00000 

0.02132
0.00000 0.00000 0.00000 
0.00000 0.00000 0.00000 
0.00000 0.00000 1.00000 

0.76098 0.99761 0.00000 
0.99761 0.76098 0.00000 
0.00000 0.00000 0.02132 

---------------

svsl Ir Ir 2.72801 2.38927 -0.05023
1.00000 0.50000 0.50000 0.50000 0.00000 -0.50000

4
1.14387
1.00000 0.00000 0.00000 
0.00000 0.00000 0.00000 
0.00000 0.00000 1.00000 

-1.32147
0.00000 0.00000 1.00000 
0.00000 0.00000 0.00000 
0.00000 0.00000 0.00000 

0.00106
0.00000 0.00000 0.00000 
0.00000 1.00000 0.00000 
0.00000 0.00000 0.00000 

-1.16933
0.00000 0.00000 0.00000 
0.00000 0.00000 0.00000 
1.00000 0.00000 0.00000 

1.14387 0.00000 -1.32147 
0.00000 0.00106 0.00000 
-1.16933 0.00000 1.14387 

---------------

svsl Ru Ru 3.85799 0.87244 -0.31843
1.00000 1.00000 1.00000 0.00000 0.00000 -1.00000

2
-0.31843
1.00000 0.00000 0.00000 
0.00000 1.00000 0.00000 
0.00000 0.00000 0.00000 

0.87244
0.00000 0.00000 0.00000 
0.00000 0.00000 0.00000 
0.00000 0.00000 1.00000 

-0.31843 0.00000 0.00000 
0.00000 -0.31843 0.00000 
0.00000 0.00000 0.87244 

---------------

svsl Ir Ir 3.85799 0.90931 -0.35328
0.50000 0.50000 1.00000 0.00000 0.00000 -1.00000

2
-0.35328
1.00000 0.00000 0.00000 
0.00000 1.00000 0.00000 
0.00000 0.00000 0.00000 

0.90931
0.00000 0.00000 0.00000 
0.00000 0.00000 0.00000 
0.00000 0.00000 1.00000 

-0.35328 0.00000 0.00000 
0.00000 -0.35328 0.00000 
0.00000 0.00000 0.90931 

---------------

svsl Ir Ir 3.85799 0.88281 -0.34014
0.50000 1.00000 0.50000 0.00000 0.00000 -1.00000

3
-0.29878
1.00000 0.00000 0.00000 
0.00000 0.00000 0.00000 
0.00000 0.00000 0.00000 

-0.38149
0.00000 0.00000 0.00000 
0.00000 1.00000 0.00000 
0.00000 0.00000 0.00000 

0.88281
0.00000 0.00000 0.00000 
0.00000 0.00000 0.00000 
0.00000 0.00000 1.00000 

-0.29878 0.00000 0.00000 
0.00000 -0.38149 0.00000 
0.00000 0.00000 0.88281 

---------------

svsl Ir Ru 4.72505 0.35741 0.02889
0.50000 1.00000 0.50000 -0.50000 -1.00000 -0.50000

5
0.07171
1.00000 0.00000 0.00000 
0.00000 0.00000 0.00000 
0.00000 0.00000 1.00000 

0.11364
0.00000 1.00000 0.00000 
0.00000 0.00000 0.00000 
0.00000 1.00000 0.00000 

-0.00346
0.00000 0.00000 1.00000 
0.00000 0.00000 0.00000 
1.00000 0.00000 0.00000 

0.11658
0.00000 0.00000 0.00000 
1.00000 0.00000 1.00000 
0.00000 0.00000 0.00000 

0.27176
0.00000 0.00000 0.00000 
0.00000 1.00000 0.00000 
0.00000 0.00000 0.00000 

0.07171 0.11364 -0.00346 
0.11658 0.27176 0.11658 
-0.00346 0.11364 0.07171 

---------------

svsl Ir Ir 4.72505 0.32898 0.01585
1.00000 0.50000 0.50000 0.50000 -1.00000 -0.50000

6
0.05809
1.00000 0.00000 0.00000 
0.00000 0.00000 0.00000 
0.00000 0.00000 1.00000 

-0.11656
0.00000 1.00000 0.00000 
0.00000 0.00000 -1.00000 
0.00000 0.00000 0.00000 

-0.01496
0.00000 0.00000 1.00000 
0.00000 0.00000 0.00000 
0.00000 0.00000 0.00000 

-0.10049
0.00000 0.00000 0.00000 
1.00000 0.00000 0.00000 
0.00000 -1.00000 0.00000 

0.24450
0.00000 0.00000 0.00000 
0.00000 1.00000 0.00000 
0.00000 0.00000 0.00000 

0.00350
0.00000 0.00000 0.00000 
0.00000 0.00000 0.00000 
1.00000 0.00000 0.00000 

0.05809 -0.11656 -0.01496 
-0.10049 0.24450 0.11656 
0.00350 0.10049 0.05809 

---------------

svsl Ru Ru 5.45602 0.69620 0.00237
1.00000 1.00000 1.00000 0.00000 -1.00000 -1.00000

3
-0.00152
1.00000 0.00000 0.00000 
0.00000 0.00000 0.00000 
0.00000 0.00000 0.00000 

0.35123
0.00000 0.00000 0.00000 
0.00000 1.00000 0.00000 
0.00000 0.00000 1.00000 

0.34497
0.00000 0.00000 0.00000 
0.00000 0.00000 1.00000 
0.00000 1.00000 0.00000 

-0.00152 0.00000 0.00000 
0.00000 0.35123 0.34497 
0.00000 0.34497 0.35123 

---------------

svsl Ir Ir 5.45602 0.47989 0.03993
0.50000 0.50000 1.00000 0.00000 -1.00000 -1.00000

4
0.03610
1.00000 0.00000 0.00000 
0.00000 0.00000 0.00000 
0.00000 0.00000 0.00000 

0.23731
0.00000 0.00000 0.00000 
0.00000 1.00000 0.00000 
0.00000 0.00000 0.00000 

0.21807
0.00000 0.00000 0.00000 
0.00000 0.00000 1.00000 
0.00000 1.00000 0.00000 

0.28634
0.00000 0.00000 0.00000 
0.00000 0.00000 0.00000 
0.00000 0.00000 1.00000 

0.03610 0.00000 0.00000 
0.00000 0.23731 0.21807 
0.00000 0.21807 0.28634 

---------------

svsl Ir Ir 5.45602 0.69384 0.02172
1.00000 0.50000 0.50000 0.00000 -1.00000 -1.00000

3
0.01504
1.00000 0.00000 0.00000 
0.00000 0.00000 0.00000 
0.00000 0.00000 0.00000 

0.36112
0.00000 0.00000 0.00000 
0.00000 1.00000 0.00000 
0.00000 0.00000 1.00000 

0.33272
0.00000 0.00000 0.00000 
0.00000 0.00000 1.00000 
0.00000 1.00000 0.00000 

0.01504 0.00000 0.00000 
0.00000 0.36112 0.33272 
0.00000 0.33272 0.36112 

---------------

