2176.0000 0.05 1
1.875
3.75
6.25
6.25
7.5
16.25
8.75
7.5
17.5
15
14.375
16.25
25
16.25
6.25
31.25
23.125
18.125
28.75
10
10
13.125
10
10
16.25
20
25
30
37.5
19.375
22.5
28.75
13.75
26.875
20.625
29.375
21.875
41.875
43.125
30.625
37.5
55
48.125
45
44.375
66.25
53.75
48.75
84.375
93.75
98.75
125.625
136.25
135
138.125
155
180
153.75
156.25
200
177.5
174.375
232.5
254.375
268.125
235.625
236.25
280.625
290.625
312.5
296.875
321.25
300.625
313.125
321.875
340
341.875
363.125
311.875
358.125
373.75
365
327.5
360
335
376.875
314.375
293.75
302.5
288.75
272.5
254.375
232.5
248.75
253.75
299.375
207.5
248.75
312.5
294.375
317.5
308.75
308.125
301.25
248.75
295
309.375
296.25
325
275
280
303.75
271.25
321.25
291.25
313.75
251.25
298.125
352.5
316.875
316.25
315
326.25
368.125
338.75
381.25
400
379.375
390.625
391.25
396.25
432.5
450.625
469.375
453.75
443.75
452.5
436.875
448.125
416.25
401.875
433.125
380
356.25
320
352.5
326.875
314.375
313.125
330.625
301.875
278.125
216.25
256.25
250
303.75
279.375
246.25
271.875
225
318.125
288.75
328.75
305
298.75
292.5
283.75
298.125
350
290.625
321.875
355.625
368.125
356.25
262.5
288.75
211.25
289.375
345.625
266.25
265.625
266.25
259.375
235.625
245
248.125
264.375
328.125
239.375
227.5
238.75
224.375
180
247.5
255
281.25
254.375
306.875
255
263.75
257.5
204.375
202.5
270.625
255
326.25
344.375
343.125
355.625
273.75
367.5
294.375
513.75
535.625
510.625
423.125
366.875
260
235.625
198.75
168.125
118.75
63.125
31.25
11.875
3.75
1.25
3.75
1.25
0
0
0
0
0
0
0
0
0
0
2.5
0
