0.004728 0.006916 -0.002190
-0.005831 -0.001373 0.001539
0.011072 0.002766 0.000469
0.002516 0.000725 -0.004202
0.006965 0.002662 -0.002625
-0.000441 -0.003623 -0.000294
-0.004511 -0.001927 -0.004759
0.004633 0.004233 0.000050
-0.008416 0.000444 -0.007737
0.006549 -0.002303 -0.003187
-0.001297 -0.002106 0.004308
-0.006031 -0.002595 0.001459
-0.000846 -0.003896 0.009552
-0.005424 0.000817 -0.000339
0.004542 0.001068 -0.004868
0.004074 -0.000226 0.001130
0.010366 0.002711 0.002530
-0.003914 -0.001330 0.001096
-0.002042 -0.001445 -0.005810
-0.003985 -0.003939 -0.000317
0.009648 0.002824 -0.002767
0.005865 -0.003422 -0.000503
-0.004223 -0.002525 -0.004650
-0.005339 0.005920 0.000340
-0.047620 0.042642 -0.005271
0.000715 0.001875 -0.002491
0.002359 -0.002627 0.003127
-0.004743 -0.003919 0.001308
-0.001054 -0.005339 0.008605
-0.003975 -0.000146 -0.002326
0.004517 0.000535 -0.004795
0.002686 -0.001587 -0.000271
0.004990 -0.001917 -0.001442
-0.006214 -0.001223 0.001193
0.003160 0.000789 -0.003567
0.003202 -0.000038 -0.001955
0.008654 0.002419 -0.002768
0.002014 -0.003374 0.000410
-0.003027 -0.000996 -0.005900
-0.007703 0.006021 0.000245
-0.006266 -0.000204 -0.009029
-0.000629 0.002411 0.002275
-0.000783 -0.001836 0.004569
-0.050291 -0.004291 0.055095
-0.013913 0.000419 0.004043
-0.054123 0.054206 -0.001521
0.572286 -0.008956 0.001737
0.005170 -0.003814 0.001642
0.011439 0.001826 0.001705
-0.006778 -0.001432 0.001220
0.010060 0.004172 0.000423
0.002999 0.000405 -0.003978
0.007882 0.002528 -0.003030
-0.000332 -0.003716 -0.000361
-0.004728 -0.002028 -0.004701
-0.005980 0.005675 0.000293
-0.008672 0.000851 -0.007665
0.006391 -0.002694 -0.001633
-0.002551 -0.002382 0.004570
-0.005521 -0.002603 0.001109
-0.001861 -0.005862 0.009203
-0.005391 -0.000459 -0.000741
0.005296 0.001009 -0.005445
0.002615 -0.001522 0.001361
0.013102 0.001915 0.001160
-0.001876 -0.005577 -0.002853
0.011777 0.002138 0.000412
-0.004131 0.005199 0.000570
0.010467 -0.003157 0.001861
0.006763 -0.002499 -0.000350
-0.034368 -0.034584 -0.001973
-0.005159 0.006563 -0.000526
-0.008413 0.001476 -0.007616
0.006575 -0.000189 -0.002467
-0.003815 -0.002484 0.004514
-0.004125 -0.001269 0.001328
-0.002128 -0.005518 0.009623
-0.005457 0.000170 -0.000478
0.003399 0.001583 -0.005499
0.002833 -0.001890 0.001834
0.011244 0.002034 0.002087
-0.005881 -0.001635 0.001527
0.012120 0.004494 -0.001779
0.003571 0.001186 -0.004491
0.007913 0.002535 -0.002691
-0.002229 -0.002900 -0.001073
-0.004304 -0.001187 -0.004996
-0.005088 0.006220 -0.000211
-0.008398 -0.000002 -0.007921
0.006108 -0.001842 -0.002605
0.003983 -0.002356 0.005091
-0.006273 -0.002333 0.002192
-0.010425 -0.001628 0.004690
-0.003421 -0.000940 0.001184
0.003376 0.001558 -0.005576
-0.028232 -0.001400 -0.038175
0.011733 0.002687 0.002205
-0.005778 -0.001390 0.000809
0.010904 0.004058 -0.000731
-0.000017 0.000748 -0.002436
0.007494 0.002404 -0.002718
0.001484 -0.003339 -0.000571
-0.002922 -0.001517 -0.003304
0.004098 0.005794 -0.000418
-0.006803 0.000292 -0.006443
-0.000536 0.002411 -0.007086
-0.002554 -0.002473 0.004645
-0.006853 -0.002015 0.003380
-0.000827 -0.005854 0.008303
-0.005936 -0.000159 -0.000757
0.004556 0.000670 -0.005031
0.002691 -0.001506 0.000869
0.006283 0.002315 -0.002069
-0.003968 -0.001589 0.001947
0.009274 0.004820 -0.000107
0.003196 -0.000308 -0.003997
0.009746 0.002404 -0.003073
-0.002688 -0.003035 -0.000980
-0.004553 -0.001258 -0.004862
-0.005127 0.006506 0.000495
-0.008094 -0.000677 -0.007662
0.005079 -0.002192 -0.002662
-0.004363 -0.002475 0.004303
-0.006023 -0.002826 0.001705
-0.001251 -0.004388 0.009877
-0.005645 0.000205 -0.000622
0.003387 0.001250 -0.005284
0.002030 -0.001678 0.001878
-0.016420 0.001595 0.003277
0.003751 -0.002950 0.000961
-0.002703 0.000861 0.002536
-0.004867 0.004069 0.001557
-0.003587 0.006247 -0.001046
0.007580 -0.002909 0.000427
0.003627 -0.000956 -0.004385
0.002611 0.000525 0.000432
0.010403 0.004000 0.001764
-0.001763 -0.005884 -0.005606
0.001389 0.003344 0.005515
-0.022035 -0.004218 -0.006391
0.002264 0.003884 0.011827
-0.000364 -0.006684 -0.009424
0.018559 0.001470 -0.000040
-0.004430 -0.000043 0.007846
-0.011589 -0.002772 0.002294
-0.015319 -0.021305 0.000514
-0.002532 0.001475 0.002208
-0.003702 0.004113 0.001656
-0.004164 0.005858 -0.001451
-0.036790 -0.001732 -0.050255
0.002113 0.004634 0.001419
-0.001517 0.004961 -0.003944
0.010194 0.004067 0.001921
-0.016543 0.010562 -0.006364
-0.002143 -0.000096 0.009810
-0.021473 -0.003302 -0.005345
0.002527 0.005063 0.011837
-0.010594 -0.002589 -0.005800
0.020126 0.000051 0.000013
-0.006751 0.000238 0.007710
-0.008919 -0.000171 0.003075
-0.009808 -0.001819 -0.013276
-0.047412 -0.050244 0.001998
-0.000775 0.004217 0.004396
-0.003695 0.005953 -0.001349
0.008237 0.000558 0.000579
0.004888 -0.000595 -0.004527
0.006246 0.000530 -0.002009
-0.000633 0.000957 0.007138
-0.016208 -0.006014 0.008725
0.004653 0.000965 0.005853
-0.022103 -0.003759 -0.004678
-0.028804 0.003936 0.009922
-0.011003 -0.002423 -0.004448
0.011754 -0.002619 0.004609
-0.006904 0.003728 0.003123
-0.012295 -0.002755 0.002800
0.003493 -0.002896 0.000823
-0.002283 0.002548 0.002217
-0.003738 0.003753 0.001736
-0.003251 0.006499 -0.002889
0.006140 -0.000888 -0.001221
0.003377 -0.000956 -0.004452
0.003686 0.000243 0.000562
0.009516 0.005265 0.001414
-0.001656 -0.005920 -0.007018
0.002712 0.003865 0.005271
-0.022285 -0.004145 -0.006283
0.002929 0.004357 0.011183
-0.000930 -0.007577 -0.009477
0.018500 0.001840 0.000194
-0.006532 0.000619 0.007614
-0.017873 0.001355 0.007955
-0.010364 0.012320 0.000345
-0.001675 0.001731 0.000782
-0.003713 0.004298 0.001388
-0.029752 0.005946 -0.000889
0.005723 -0.001272 -0.000324
0.005414 -0.001352 -0.004584
-0.001241 -0.003616 -0.003182
0.001296 0.001280 0.005284
-0.015013 -0.020620 -0.006568
0.003345 0.003952 0.005192
-0.020256 -0.005655 -0.005881
0.002553 0.004789 0.012034
-0.000045 -0.006172 -0.009664
0.013675 -0.002118 0.000142
-0.005967 0.000376 0.007384
-0.011852 -0.002713 0.003335
0.003969 -0.002843 0.001390
-0.002417 0.001440 0.002387
-0.010658 0.008336 0.007009
-0.004082 0.006409 -0.001580
0.005957 -0.001154 -0.001697
0.005290 -0.000933 -0.004123
0.004328 0.000275 0.000950
0.009544 0.005950 0.001711
-0.002379 -0.006158 -0.006284
-0.001743 -0.000248 0.002279
-0.022645 -0.003780 -0.005330
0.002513 0.005594 0.011315
0.000005 -0.007765 -0.008411
0.017726 0.002501 -0.000141
-0.006672 0.000155 0.007952
-0.013327 -0.001963 0.002717
-0.015202 -0.002247 0.021263
-0.003035 0.001601 0.002156
-0.008140 0.004079 0.005934
-0.003249 0.005647 -0.002391
0.006601 -0.001433 -0.000572
0.003351 -0.000816 -0.004946
0.003657 0.000323 0.000096
0.010195 0.005626 0.003260
-0.021956 -0.005757 -0.027309
0.002368 0.003501 0.005605
-0.044175 -0.003832 0.018483
0.001278 0.004922 0.011273
-0.000600 -0.007609 -0.008954
0.011770 -0.002518 -0.004182
-0.004633 0.000334 0.007793
-0.017372 0.001384 -0.001037
0.004076 -0.002357 0.001837
-0.001328 0.002762 0.003628
-0.009961 0.000129 0.005970
-0.004222 0.006274 -0.001359
0.006505 -0.001417 0.000388
0.003556 -0.000523 -0.004083
0.004179 0.000528 0.001051
0.009998 0.005812 0.003164
-0.001877 -0.006138 -0.006291
0.002975 0.003981 0.005728
-0.022469 -0.003932 -0.005175
0.003380 0.003966 0.010677
0.000107 -0.007568 -0.009787
0.018370 0.001614 -0.000055
-0.007027 -0.000073 0.008003
