160.0000 0.05 1
0.0808081
0.484848
0.484848
0.484848
0.484848
0.323232
1.29293
0.808081
0.808081
0.646465
0.969697
1.29293
0.808081
1.45455
0.808081
1.13131
1.45455
1.61616
1.45455
1.77778
1.13131
1.45455
1.29293
2.42424
1.29293
1.61616
2.66667
1.93939
2.9899
2.10101
3.23232
5.49495
3.55556
5.49495
5.41414
7.83838
10.4242
12.6061
14.7071
16.1616
21.5758
20.4444
23.1111
24.404
23.4343
27.6364
31.5152
29.899
30.2222
32.6465
33.7778
37.5758
37.6566
38.2222
35.1515
35.1515
31.7576
32.9697
29.9798
30.5455
32.9697
25.8586
30.0606
25.1313
25.1313
24.0808
21.4949
21.8182
21.4949
21.1717
21.4949
21.0909
19.9596
22.6263
23.6768
21.7374
25.9394
21.6566
25.7778
22.1414
23.596
22.303
25.0505
23.1919
24.0808
22.9495
22.5455
19.4747
20.4444
24.7273
21.1717
22.4646
24.3232
23.7576
25.6162
25.0505
29.1717
24.404
27.8788
21.9798
26.9899
27.0707
28.5253
30.8687
31.4343
32.7273
34.101
36.6869
36.8485
40.8081
42.6667
39.9192
44.0404
39.596
38.0606
34.9899
32.7273
29.7374
27.2323
23.0303
23.596
24.9697
25.2121
23.1111
26.3434
23.5152
20.6869
25.0505
22.4646
20.0404
21.4949
21.7374
22.7879
20.2828
22.4646
23.1111
21.899
25.4545
22.9495
24.8889
23.0303
25.7778
25.9394
26.4242
24.9697
27.6364
24.1616
27.0707
24.404
25.7778
23.2727
23.6768
25.4545
23.596
23.596
22.6263
20.3636
20.4444
20.0404
20.9293
21.4949
21.1717
23.596
18.101
18.1818
18.9899
20.2828
22.8687
18.4242
20.6869
21.6566
19.7172
20.6869
21.6566
20.6869
23.1919
22.3838
26.6667
24.2424
23.4343
27.3939
28.202
29.6566
32.8081
33.3737
30.4646
30.1414
23.596
17.4545
10.2626
6.46465
1.77778
0.484848
0.484848
0
0.161616
0.161616
0
