-1.470851 0.962055 0.219159
1.205248 -0.896992 0.915151
-1.536463 -0.699839 -0.374703
0.091787 -0.527840 0.464212
0.710467 0.396017 -0.462683
0.357794 0.063341 -0.086517
0.199837 0.017544 0.115565
0.192554 -0.057921 0.103915
0.332033 0.144377 -0.310237
0.011180 0.167521 -0.063306
-0.009548 0.226359 0.162468
-0.053318 -0.089057 0.043300
0.432120 -0.294937 0.027897
0.347289 0.013266 0.072666
-0.679027 0.019774 0.523534
0.652684 0.012700 -0.031884
-0.932426 -0.046619 -1.818086
0.170827 0.492241 0.064211
0.710225 -0.065698 0.194055
-0.732415 0.163709 0.241283
