-1.89365 -1.91336 -3.81144
3.82178 -0.00212 -3.7999
1.91533 -11.4209 1.93101
1 0 0
0 1 0
0 0 1
0.3851879999840762 0.4222754998991007 0.6085670000289554	Ru
0.2131580000259632 0.6986779999802621 0.7940819999606319	Ru
0.7760239999790386 0.5759139999790790 0.7002960000210265	Ru
0.1981240000839080 0.4541440000050656 0.2959559999684274	Ru
0.3991960000259951 0.8982334999409503 0.6003789999869014	Ru
0.0021600000529318 0.7494300000654590 0.4998800000261454	Ru
0.6006400000259973 0.6011724999409509 0.4002249999868965	Ru
0.2019559999740039 0.1998785000590502 0.7998890000131027	Ru
0.8007020000994203 0.0514919999355499 0.7001879999658414	Ru
0.4011300000634108 0.6507025000759157 0.1000450000156263	Ru
0.0008780000894077 0.5008230000168652 0.0000420000025301	Ru
0.6018340001154101 0.3496664999578201 0.9000609999894280	Ru
0.2033179999899559 0.9487305001206323 0.2996270000104175	Ru
0.7986159999840794 0.8015934998990986 0.2004190000289512	Ru
0.9971619999370205 0.2691245000551774 0.5008829999842703	Ru
0.6063579998740778 0.0919805000710383 0.3992269999948164	Ru
0.3540840000889389 0.1483564999250930 0.1063409999763607	Ru
0.9977279999420929 0.9997504999358853 0.0021770000184702	Ru
0.6014660000420164 0.8450884999239037 0.8995990000367513	Ru
0.7854460000209897 0.3180334999816097 0.2029890000052390	Ru
