408.0000 0.05 1
0.2
3
2.8
4
3.6
8
5.2
6.8
6.8
6.4
5.6
9.6
10.6
5.2
9.2
8.6
8
8
11.2
11
14
13
12.8
12.6
14.4
15.6
14.6
16.8
14
21.4
14.4
25
32.4
20.4
21.8
27.6
21.4
36.6
36.4
59.4
45.6
61.2
57.4
48.4
64.8
68.2
57
71.2
94
75.6
83.6
94.8
93
94.4
103.6
109.8
94.4
94.6
108.4
118.6
105.6
124.8
123.4
125.2
124.6
124.2
127
118
128
128.2
125.8
122.8
140
126.2
127.4
135.2
130
132.8
121.6
137
134.8
138.2
129.6
134.4
140
147.6
143.8
140.8
140.2
132.2
140.6
129.8
137.6
136
134.4
132.2
146
139.6
134.8
140
134.6
135.2
129.4
123.2
131.8
136.2
129.4
122.2
135.2
128.2
123.4
140.4
128
126.6
131
130.2
128.4
127.8
124.2
134.8
118.2
126
118.6
128.8
120.8
128.4
125.2
128
124.8
129.2
128.2
128.2
124.8
117.2
116.2
122.4
124
129.2
115.6
123.6
120.6
124.2
117.4
124
123.4
125.8
126.8
128.8
124.4
125.8
126.8
123.6
126.4
122
122
121.2
118.4
121
131.8
130.6
124.6
124.6
133.2
136.2
127.2
142.4
141.4
136
136.2
134.2
135.4
141.2
141.4
141.4
147.4
150.4
148.8
148.8
145.8
155.2
154.6
148.4
152.6
139.8
135.2
138.8
128.4
126.6
122
124.2
114
112.6
109.8
106.4
107.4
95.2
91.6
93.2
77.2
78
69
71.4
63.6
56.2
60
58.6
48.8
38.8
46.4
41.4
42.8
40
28.2
40.2
34.4
33.8
32.8
33
31.6
38.6
27.4
31.6
38
29.6
31.4
29.6
35
32.6
29.4
27.2
33.2
25.4
32.4
27.4
29
25.4
23.4
32.2
26.4
27.8
29.2
24.8
27.2
27.4
21.4
27.6
25
24
25.6
26.6
28
22.8
24.4
22.8
27
24.4
22.6
24
22
25.6
28.2
18.8
25.6
27.4
23.2
26.8
29.2
26.8
28.4
25.4
26.4
23
24.2
23.2
21.6
25.8
25.2
22.6
24.8
26.8
25.6
25.2
26.4
24.8
29.8
29.4
23.6
30.4
26.8
30.6
28.2
31.2
28.2
30.6
27
24.8
34.6
30.2
30.6
32.4
27.8
29.8
32.4
28
32.8
34.2
28.8
32.4
25.4
32.4
33.6
28.4
32
27.4
31.2
24.4
29.6
30.6
25.4
26.2
28.2
27
33.4
23.6
28.4
29.2
26.2
29.2
30.6
31.6
31.6
27.8
30
31.4
34.6
30.4
34.2
28.6
24.6
33.8
31.2
36
30.2
33.2
36
29.4
33.4
32.8
35.6
38.2
33.6
36
31.8
34.4
32.8
34.8
35.6
36.8
34
39.4
36
31.8
36.8
36.6
38
40.2
34
37.2
34.6
37.6
41.6
38.4
34.6
37.4
35.2
32.4
38.8
39.4
39.6
38.8
36.2
42.4
35.6
32.4
42.8
31.8
43.6
41
30.2
39
36.4
37.8
34
43.4
39.6
39
39
44.4
35
42.6
40.2
39.6
37.8
35.2
47
38.6
39.8
35.2
50.8
38.8
37.4
43.8
37.2
39.4
43.8
37.2
38
37.8
44
39.6
35.6
40.8
36
40.6
35.8
34.6
40.6
38.8
35
32.8
31.8
27.6
24.8
24.4
17
12.6
13.4
6.4
2
1
1.6
0
