-3.478444 2.230453 -3.063353
3.659687 -2.200771 -2.058152
2.704022 -2.619188 2.182088
-2.898457 2.379365 -0.035393
0.606557 0.076251 -2.545045
1.803458 0.121643 0.177689
0.113851 2.792425 1.285251
-1.786759 -4.392440 3.874562
-0.458194 0.225712 -0.130571
-3.620638 -1.246507 1.643475
-0.917363 -0.988922 -0.798522
2.106135 1.415584 1.436782
-1.292147 0.632743 -0.424409
-0.902545 -0.032167 2.020228
-1.329891 2.425092 -1.810682
1.438105 0.799411 1.445474
-0.797796 0.051928 -0.366791
-1.774209 1.118755 1.866164
0.202586 -0.609195 1.716526
2.677506 -1.211837 0.594421
-0.734978 0.072195 -0.231230
2.937717 -0.328238 2.131550
3.795406 -0.689182 -0.193314
-0.097581 0.475550 0.105841
-0.966325 -1.193631 0.674650
-0.301610 -1.210327 -0.571566
3.070804 -2.469585 0.063762
0.444705 1.929574 -1.406830
0.584827 -1.465980 1.422223
-1.541685 -0.166898 1.483629
0.361634 0.154158 2.144381
-1.135694 -0.944866 -0.660805
0.263598 0.368730 0.527390
0.992748 0.290287 0.038425
-2.825703 1.647075 -0.724281
-0.768078 -1.565915 0.793726
2.681166 0.762617 -1.264644
1.568054 -0.129718 -1.511219
2.173353 2.215531 -1.285738
-1.938241 1.436298 -1.801872
1.380093 -2.495672 -0.106795
-2.881474 -0.975884 -0.966093
-0.524572 1.421317 -0.918447
-1.122643 0.032425 -0.978394
-1.425967 3.274173 -2.517149
-1.490540 -0.663699 -2.248044
2.200272 -0.725282 2.040222
-0.576728 -0.073857 -1.015385
