1.0 0.0 0.0
0.0 1.0 0.0
0.0 0.0 1.0
6.07912   2.58246  -3.53748
5.22603   8.23806   5.14736
9.75100  -3.25033   6.50067
0.44618   0.99385   0.41087 Ir
0.75048   0.92148   0.91166 Ir
0.13405   0.96285   0.37448 Ir
0.43594   0.17769   0.14864 Ir
0.73635   0.50483   0.30530 Ir
0.03311   0.48929   0.40421 Ir
0.26519   0.20892   0.82261 Ir
0.56479   0.09241   0.69447 Ir
0.18516   0.47937   0.13407 Ir
0.50716   0.83802   0.27508 Ir
0.56873   0.67851   0.85658 Ir
0.89457   0.83027   0.45045 Ir
0.47081   0.91464   0.64964 Ir
0.36716   0.69010   0.62780 Ir
0.99958   0.68007   0.23932 Ir
0.41078   0.38870   0.74840 Ir
0.13779   0.61581   0.87009 Ir
0.60704   0.12511   0.95439 Ir
0.87595   0.26997   0.90540 Ir
0.13479   0.21313   0.63721 Ir
0.80801   0.41244   0.64282 Ir
0.67905   0.61042   0.47401 Ir
0.66378   0.16615   0.30720 Ir
0.99281   0.21183   0.31268 Ir
0.81923   0.23253   0.53368 Ru
0.55436   0.46330   0.84982 Ru
0.47255   0.31690   0.46294 Ru
0.19006   0.58818   0.58571 Ru
0.74383   0.02352   0.50859 Ru
0.51623   0.40660   0.06200 Ru
0.79247   0.96152   0.20951 Ru
0.78482   0.67197   0.62961 Ru
0.00863   0.90430   0.03151 Ru
0.34438   0.97300   0.09378 Ru
0.80049   0.44819   0.08597 Ru
0.20222   0.75692   0.29919 Ru
0.23538   0.24582   0.38080 Ru
0.99525   0.49770   0.80946 Ru
0.98311   0.11229   0.10855 Ru
0.40851   0.93097   0.88949 Ru
0.13513   0.29458   0.04182 Ru
0.80885   0.68673   0.06831 Ru
0.89096   0.11227   0.78933 Ru
0.37070   0.68656   0.05950 Ru
0.13143   0.85008   0.82053 Ru
0.09297   0.98094   0.59539 Ru
0.47603   0.48717   0.22418 Ru
0.80006   0.86951   0.73160 Ru
