2176.0000 0.05 1
1.875
3.75
6.25
6.25
7.5
16.25
8.75
7.5
16.25
16.25
14.375
16.25
25
16.25
6.25
31.25
23.125
18.125
30
8.75
10
13.125
10
10
16.25
20
25
30
37.5
19.375
23.75
27.5
13.75
26.875
21.875
28.125
21.25
40
45.625
30.625
37.5
55
48.75
44.375
43.125
67.5
53.75
48.75
84.375
93.75
97.5
123.125
140.625
134.375
139.375
153.125
180.625
153.75
156.25
200
177.5
175.625
233.125
251.875
267.5
237.5
233.125
281.875
291.25
312.5
296.25
320.625
301.875
311.25
322.5
340.625
340.625
361.875
314.375
356.25
370.625
368.125
328.125
360
333.75
380
311.875
295.625
302.5
290
272.5
251.875
233.75
246.25
256.875
296.875
206.875
252.5
310.625
293.75
320
305.625
309.375
300
250.625
291.25
311.875
296.25
325
276.25
278.75
301.25
275.625
320
292.5
314.375
251.25
296.25
353.125
317.5
317.5
314.375
322.5
363.75
346.875
380.625
395.625
383.125
388.125
392.5
397.5
431.875
449.375
470.625
453.75
441.875
450
438.125
448.125
418.125
406.875
426.875
381.875
356.875
320.625
353.125
327.5
308.75
318.125
329.375
303.75
278.125
216.25
255.625
249.375
301.25
280.625
246.25
271.875
224.375
318.75
290
326.875
303.75
302.5
289.375
287.5
296.875
349.375
290.625
323.75
351.875
375.625
352.5
261.25
288.125
213.125
290.625
344.375
263.75
266.875
265
259.375
236.875
245.625
248.75
262.5
330
237.5
226.25
238.75
224.375
181.875
245
256.25
282.5
254.375
308.125
252.5
266.25
255
205.625
199.375
275
255
325
344.375
345
353.125
275.625
369.375
288.125
515.625
534.375
511.25
425
365.625
263.75
235
198.75
166.875
120.625
61.875
31.875
11.25
3.75
1.25
3.75
1.25
0
0
0
0
0
0
0
0
0
0
2.5
0
