0.011252 0.002248 0.000152
-0.004852 -0.000430 0.001394
0.010664 0.004083 0.000043
0.001045 0.000469 -0.002721
0.009202 0.001453 -0.002631
-0.000537 -0.003489 0.000505
-0.005704 -0.001558 -0.004172
-0.005191 0.005712 -0.000851
-0.009480 0.000063 -0.007419
0.004722 -0.001617 -0.002553
-0.009390 -0.006093 0.000918
-0.007165 -0.002409 0.002135
-0.001842 -0.007048 0.009138
-0.005432 -0.000893 0.000054
0.004739 0.000970 -0.005794
0.009864 -0.002861 0.000810
0.010009 0.002669 0.001294
-0.005684 -0.001347 0.001339
-0.016902 0.035446 -0.000009
-0.012777 0.015541 -0.003812
0.002381 0.007454 -0.002646
0.000252 -0.004151 0.001047
-0.005316 -0.002413 -0.005097
-0.003322 0.004805 -0.001445
-0.008330 0.000509 -0.007692
0.005926 0.000660 -0.003074
-0.000411 -0.001683 0.004169
-0.019187 -0.015101 0.002856
0.001407 -0.003851 0.010915
-0.015925 -0.004202 -0.004958
-0.000703 -0.002682 -0.002158
0.005370 -0.001701 0.000858
0.011247 0.002089 0.000730
-0.005769 -0.000584 0.001162
0.012839 0.002678 -0.001256
-0.013054 0.000352 0.010358
0.002002 0.006910 0.001460
-0.001040 -0.003601 -0.000130
-0.003376 -0.001693 -0.004918
-0.045952 0.006269 0.057024
-0.007335 0.000545 -0.007394
0.005418 -0.001155 -0.001455
-0.008785 0.001274 0.000739
-0.027099 -0.001476 -0.016100
-0.033650 -0.036097 0.010250
-0.016409 -0.004748 -0.004629
0.008690 0.001471 -0.004832
0.008867 -0.002619 0.000983
0.011365 0.002449 0.001744
-0.005080 -0.002165 0.001326
0.010771 0.003984 -0.000336
0.001539 0.000698 -0.004341
0.009252 0.001356 -0.002348
-0.001125 -0.003800 0.000710
-0.003214 -0.001971 -0.004723
-0.004746 0.005610 -0.000854
-0.007287 0.000509 -0.007881
0.005115 0.000097 -0.002814
-0.002739 -0.001526 0.005598
-0.006951 -0.002629 0.002416
-0.001138 -0.004274 0.009664
-0.005839 0.000447 -0.000225
0.004669 0.001330 -0.006505
0.001717 -0.002000 0.001016
-0.021311 0.003947 0.001075
-0.003937 -0.000225 0.002637
0.010670 0.005235 -0.000058
-0.013005 -0.014652 -0.003133
0.010948 0.003739 -0.002410
0.001332 -0.001686 0.000999
-0.004194 -0.002175 -0.004519
-0.003290 0.006953 -0.000929
-0.009333 0.001089 -0.007736
-0.005847 0.003617 0.002507
-0.003373 -0.002137 0.005207
-0.027577 0.015941 0.001820
-0.001496 -0.005805 0.009328
-0.005528 -0.000956 -0.000171
-0.002523 0.005914 -0.001810
0.003038 -0.001920 0.000911
0.010480 0.002381 0.001230
-0.005481 -0.001383 0.001539
0.010800 0.003903 0.000055
0.001296 0.000699 -0.003522
0.009040 0.001729 -0.002752
-0.001980 -0.002599 -0.000665
-0.005063 -0.002475 -0.005201
-0.005052 0.006004 -0.000004
-0.009877 0.000899 -0.007826
0.004853 -0.001376 -0.002579
-0.007236 -0.002559 0.001616
-0.006497 -0.003167 0.002339
0.000488 -0.003848 0.008665
-0.005227 0.000862 -0.002061
0.004713 0.002074 -0.006874
0.005527 -0.001874 0.000809
0.011351 0.002640 0.001876
-0.040914 -0.045921 0.001742
0.012426 0.003006 0.000967
-0.012816 0.001002 -0.017134
0.002828 0.006292 -0.006807
-0.033084 -0.002666 -0.044852
-0.006825 0.000920 -0.001712
-0.005197 0.006091 0.000599
-0.008841 -0.002218 -0.003448
-0.003314 0.003185 0.000460
-0.002579 -0.002921 0.005496
-0.027328 -0.002302 0.022930
-0.001623 -0.005148 0.009261
-0.005254 0.000514 -0.001774
0.001647 0.001583 -0.001962
0.002136 -0.001606 0.001076
0.009926 0.002415 0.001181
-0.003897 -0.000596 0.000503
0.010105 0.003683 -0.000636
0.001322 0.000469 -0.003202
0.007729 0.001024 -0.002789
-0.002012 -0.003332 -0.000699
-0.005826 -0.002175 -0.004929
-0.004922 0.005606 -0.000029
-0.008851 0.000714 -0.008036
0.005667 -0.001495 -0.000651
-0.002640 -0.002271 0.005239
-0.007282 -0.002150 0.002238
-0.001394 -0.005253 0.009564
-0.006139 0.000449 -0.000452
0.004717 0.001029 -0.006632
0.002849 -0.001888 0.000912
-0.011329 -0.001437 0.003106
0.005459 -0.002798 0.000522
-0.002660 0.002748 0.002811
-0.004369 0.004189 0.002479
-0.002799 0.005999 -0.000802
0.006083 -0.001731 0.000306
0.005250 0.000182 -0.004501
0.002485 0.000492 -0.000780
0.010345 0.005386 0.001482
-0.000195 -0.006312 -0.006610
0.003198 0.002650 0.005705
-0.022818 -0.004128 -0.005120
0.002891 0.004016 0.012234
0.000386 -0.007959 -0.009742
0.017783 0.000842 -0.000047
-0.005807 0.000228 0.007532
-0.013211 -0.002031 0.002913
0.000280 0.001364 0.004509
-0.002560 0.002746 0.002950
-0.005227 0.003824 0.002863
-0.004587 0.006349 -0.000377
-0.019777 -0.001838 -0.000554
0.007322 -0.002185 -0.004113
0.004573 0.000625 -0.000270
0.002875 -0.000929 0.001339
0.000946 -0.004964 -0.007091
0.002786 0.002746 0.005058
-0.023221 -0.004171 -0.005059
0.005088 0.006288 0.012861
0.001248 -0.006123 -0.009814
0.008732 -0.004437 0.004538
-0.005731 0.000689 0.007856
-0.014991 0.002068 0.000156
-0.001104 -0.002195 0.006748
-0.011090 0.005577 -0.001313
0.492806 0.013953 -0.004265
-0.002711 0.006401 -0.000823
0.006322 -0.000300 0.000314
-0.001731 -0.005246 -0.000313
0.008307 0.000177 0.002219
0.004845 0.003687 -0.003195
-0.001793 -0.005795 -0.005597
-0.001835 -0.000043 0.001295
-0.010428 -0.004135 -0.004968
-0.007401 0.004202 -0.004325
-0.004243 -0.005684 -0.013809
0.018068 0.000498 0.000865
-0.005219 -0.000713 0.008071
-0.013545 -0.000835 0.002354
0.004002 -0.002750 0.000366
-0.002730 0.000904 0.002504
-0.003718 0.003885 0.002832
-0.009143 0.001858 -0.004891
0.006103 -0.002462 -0.002254
0.005062 0.000209 -0.003728
0.002312 0.000465 -0.000195
0.010524 0.005617 0.001602
-0.001261 -0.006113 -0.007115
0.001329 0.002207 0.004809
-0.011470 -0.003407 -0.005125
0.003613 0.004449 0.012241
0.000173 -0.008219 -0.009949
0.017818 -0.000423 -0.000389
-0.005928 0.000257 0.008079
-0.012666 -0.001367 0.002333
0.000129 -0.006237 0.004974
-0.012159 0.006037 -0.002529
-0.004158 0.004120 0.003162
-0.001223 0.006477 -0.002486
0.005597 -0.000889 -0.000915
-0.001549 -0.006526 -0.004868
0.005051 0.000415 -0.000533
0.012651 0.005668 0.001378
0.001662 -0.007391 -0.006935
0.001480 0.003234 0.005476
-0.022912 -0.004203 -0.005697
0.004229 0.003991 0.012022
-0.003131 -0.005716 -0.009375
0.018358 -0.000858 -0.000180
-0.025072 0.031844 0.007560
-0.013454 -0.001717 0.003277
0.005517 -0.002816 0.000741
-0.002862 0.000960 0.002505
-0.004341 0.003758 0.002491
-0.002903 0.006370 -0.000649
0.005576 -0.000947 -0.000908
0.003680 0.000424 -0.004420
0.004301 0.000226 -0.000411
0.010107 0.006291 0.002019
-0.001078 -0.006261 -0.006623
0.001774 0.003207 0.005813
-0.022747 -0.003996 -0.004698
0.002227 0.004517 0.011802
-0.001204 -0.008555 -0.009634
0.018190 0.001504 0.001620
-0.005349 -0.000977 0.007802
-0.011533 -0.001104 0.002640
0.006639 -0.002337 0.002679
-0.002303 0.000923 0.001259
-0.005398 0.003899 0.002529
-0.008344 0.010523 -0.004155
0.006564 -0.000589 -0.001336
-0.002285 -0.005284 -0.008681
0.008777 0.000257 -0.002914
0.005398 0.004098 0.006665
-0.004381 -0.006125 0.002186
0.003184 0.003087 0.004889
-0.026309 -0.004361 -0.005171
0.001315 0.004808 0.010341
-0.004443 -0.006176 -0.004720
0.008516 -0.004188 0.003210
-0.004061 -0.001020 0.006207
-0.013101 -0.001293 0.002926
0.005539 -0.002768 0.000782
-0.002268 0.001216 0.000651
-0.005367 0.004245 0.002302
-0.009265 0.006081 -0.007541
0.005403 -0.001278 -0.000690
0.004838 0.000195 -0.004163
0.004257 0.000351 -0.000312
0.008507 0.006608 0.001988
-0.001214 -0.005625 -0.006354
0.001370 0.002907 0.005705
-0.022900 -0.004181 -0.004925
0.002790 0.004568 0.011832
0.001115 -0.008262 -0.010021
0.017459 0.001037 0.000123
-0.005509 -0.000322 0.007741
