2176.0000 0.05 1
1.11111
4.44444
11.1111
2.22222
11.1111
4.44444
13.3333
11.1111
20
11.1111
6.66667
11.1111
24.4444
23.3333
17.7778
23.3333
26.6667
18.8889
13.3333
32.2222
18.8889
11.1111
2.22222
10
14.4444
16.6667
34.4444
37.7778
25.5556
40
11.1111
26.6667
17.7778
33.3333
22.2222
32.2222
26.6667
27.7778
40
24.4444
32.2222
46.6667
36.6667
47.7778
70
55.5556
56.6667
41.1111
80
106.667
95.5556
126.667
127.778
136.667
148.889
148.889
161.111
190
192.222
202.222
212.222
270
192.222
230
232.222
288.889
237.778
276.667
255.556
263.333
290
300
317.778
342.222
316.667
350
284.444
347.778
304.444
308.889
297.778
296.667
293.333
277.778
316.667
273.333
246.667
285.556
290
297.778
314.444
318.889
323.333
305.556
337.778
316.667
317.778
292.222
293.333
300
301.111
296.667
327.778
357.778
316.667
358.889
377.778
361.111
346.667
354.444
343.333
291.111
251.111
215.556
177.778
160
186.667
243.333
264.444
331.111
351.111
397.778
422.222
393.333
433.333
407.778
450
400
382.222
361.111
340
373.333
345.556
397.778
382.222
377.778
384.444
427.778
404.444
458.889
407.778
406.667
411.111
355.556
363.333
376.667
362.222
381.111
435.556
413.333
412.222
434.444
412.222
332.222
350
322.222
353.333
315.556
327.778
253.333
284.444
264.444
271.111
254.444
246.667
224.444
274.444
211.111
242.222
214.444
232.222
263.333
221.111
242.222
234.444
212.222
208.889
227.778
174.444
207.778
174.444
200
173.333
177.778
255.556
231.111
236.667
213.333
213.333
168.889
176.667
196.667
262.222
238.889
222.222
276.667
237.778
225.556
264.444
345.556
342.222
317.778
303.333
330
310
331.111
380
418.889
423.333
427.778
450
430
508.889
477.778
505.556
471.111
430
358.889
303.333
225.556
118.889
8.88889
1.11111
0
0
0
0
0
0
0
0
0
0
0
0
0
0
0
0
0
0
0
0
0
0
2.22222
2.22222
2.22222
0
0
2.22222
2.22222
6.66667
3.33333
4.44444
0
4.44444
4.44444
2.22222
4.44444
4.44444
0
2.22222
2.22222
2.22222
1.11111
2.22222
0
0
2.22222
0
2.22222
0
