-0.000241 0.013808 0.012048
-0.008856 0.001913 0.002594
-0.001413 0.013346 -0.004941
0.008770 0.005800 -0.002840
-0.001645 0.016010 -0.005717
-0.011614 0.005606 -0.002443
-0.000388 0.003193 0.005053
-0.003452 -0.020696 -0.003450
-0.004157 -0.010538 -0.000683
-0.014238 -0.005541 -0.001660
0.006123 -0.090708 -0.094054
-0.010233 -0.005748 -0.002661
0.004184 -0.007426 0.003205
0.004167 -0.017314 -0.000838
-0.002087 -0.001845 0.000819
0.014613 -0.010370 0.002609
-0.000510 0.010519 0.010699
-0.008718 0.001451 0.001246
-0.001622 0.018573 0.002478
0.012722 0.010667 -0.007802
-0.000496 0.016196 -0.005466
-0.009457 0.000557 -0.002666
-0.000228 0.003299 0.005122
-0.000167 -0.015124 -0.003092
-0.003124 -0.011792 -0.001612
-0.011239 -0.004155 -0.001794
0.011998 -0.006801 0.000777
-0.010088 -0.004602 -0.002883
0.006209 -0.003671 0.003860
0.003060 -0.018780 -0.000483
-0.005046 0.000938 0.001208
0.015476 -0.013713 -0.003896
-0.000105 0.010568 0.009739
-0.009397 0.001018 0.000753
-0.001816 0.018449 0.000449
0.009524 0.008994 -0.009449
-0.002960 0.015783 -0.005934
-0.008576 0.000443 -0.002437
-0.000210 0.003181 0.005034
0.001373 -0.015631 -0.003039
-0.003985 -0.010713 -0.001031
-0.011590 -0.006016 -0.002889
0.010904 -0.007083 0.000989
-0.009845 -0.007978 -0.004134
0.004206 -0.005691 0.007964
0.002876 -0.019471 -0.000605
-0.003731 0.000514 0.001544
-0.003067 -0.003045 -0.001197
-0.000775 0.010402 0.011305
-0.009446 0.000853 0.001884
-0.001904 0.019622 0.001448
0.012000 0.007851 -0.002372
-0.004562 0.008924 -0.010984
-0.008466 0.000743 -0.001466
-0.000908 0.003377 0.007293
-0.001284 -0.017352 -0.002341
-0.003523 -0.011512 -0.001102
-0.010819 -0.004983 -0.003004
0.011640 -0.006410 -0.000172
-0.009348 -0.004613 -0.003452
0.002105 -0.006447 0.009038
0.002670 -0.018192 -0.000174
-0.008235 0.000638 0.001376
0.009262 -0.012375 0.001908
-0.000800 0.008871 0.012317
-0.008779 0.000887 0.002268
-0.002474 0.024884 -0.004996
0.013472 0.010561 -0.003076
-0.002254 0.015538 -0.006743
-0.008083 0.001104 -0.008005
-0.000601 0.003575 0.004148
-0.000129 -0.018150 0.001460
-0.003074 -0.011519 -0.001264
-0.067187 -0.041608 -0.068950
0.011757 -0.008660 0.000518
-0.009174 -0.005161 -0.004073
0.003360 -0.008816 0.003004
0.006132 0.040757 -0.058972
-0.003795 0.000749 0.000495
0.013712 -0.011365 0.002300
-0.001584 0.010510 0.010410
-0.006501 0.003233 -0.002689
-0.001893 0.019264 0.001444
0.011528 0.007479 -0.002056
-0.003041 0.014990 -0.006619
-0.012354 0.001498 -0.002673
-0.006481 0.002117 0.002139
0.002494 -0.018813 -0.002247
0.051716 -0.045469 -0.061145
-0.010769 -0.005910 -0.002302
0.012543 -0.006969 0.001003
-0.011297 -0.024723 -0.005640
0.005197 -0.007468 0.003655
0.002819 -0.019323 -0.000266
0.001202 0.003238 -0.003429
0.012882 -0.011509 0.002351
-0.000815 0.010406 0.011723
-0.009111 0.000309 -0.004927
-0.000942 0.018995 0.000176
0.011990 0.007769 -0.002760
-0.000345 0.015856 -0.006157
-0.005846 -0.001112 -0.002025
0.003126 0.005003 -0.001227
0.001039 -0.015238 0.002368
-0.001692 -0.012621 -0.001646
-0.011404 -0.005327 -0.001559
0.009829 -0.005798 0.000455
-0.009275 -0.001857 -0.009715
0.004303 -0.008223 0.003138
0.004618 -0.019638 -0.001135
-0.020053 -0.011126 -0.001130
0.013664 -0.010291 0.002599
-0.001365 0.013877 0.012766
-0.008412 0.001908 0.001831
-0.000369 0.017830 0.001221
0.011942 0.008063 -0.002171
-0.001390 0.016829 -0.010400
-0.009191 0.001111 -0.002043
0.000010 0.004025 0.004852
0.000176 -0.014950 -0.002892
-0.004215 -0.011737 -0.002884
-0.011300 -0.005245 -0.001486
0.010996 -0.006397 0.000523
-0.009499 -0.006369 -0.003316
0.003021 -0.003468 0.003705
0.003263 -0.019554 -0.002010
-0.004684 -0.001194 0.005280
0.010680 -0.009901 0.008249
-0.004809 0.004504 -0.010255
0.006615 0.009458 -0.002539
-0.008741 0.005913 -0.003095
0.006047 0.023302 -0.001642
0.002866 -0.000729 -0.004421
0.001189 0.004003 -0.009489
-0.007677 -0.003087 0.000744
0.004101 0.005778 -0.023755
-0.000530 0.007849 -0.001774
0.022770 -0.014894 0.002831
0.007370 -0.001100 -0.002148
-0.004285 0.003428 -0.000702
0.011114 -0.006335 -0.000111
0.063072 0.036591 -0.070917
0.009858 -0.009870 0.003307
-0.017650 -0.010429 0.000194
-0.000029 0.002763 -0.003968
0.007573 0.008987 -0.002493
-0.010000 0.010365 0.002533
0.006925 0.023563 -0.000255
0.000038 -0.002348 -0.001639
0.001828 0.004541 -0.010755
-0.007838 -0.002042 0.000861
0.002995 0.005222 -0.000010
-0.000502 0.007868 -0.001911
0.017473 -0.011485 0.007005
-0.008921 0.009288 0.001706
-0.007429 0.001192 0.001478
0.012456 -0.005874 -0.000040
-0.003579 -0.007112 0.004379
0.009154 -0.009889 0.001870
-0.016470 -0.011613 0.000422
0.000066 0.003288 -0.003643
0.007668 0.008291 -0.002510
-0.009923 0.010662 0.003664
0.007774 0.023335 -0.001443
0.000185 -0.002562 -0.000634
0.001423 0.003618 -0.007245
-0.008271 -0.002458 0.000632
0.003316 0.005655 0.000363
-0.000993 0.008350 -0.001862
0.017963 -0.015155 0.003975
-0.008142 0.009568 0.001445
-0.005343 0.000678 0.004309
0.011889 -0.005588 -0.000180
-0.002734 -0.005501 0.003730
0.010744 -0.009222 0.002886
-0.016455 -0.012146 0.001902
-0.000294 0.003525 -0.004693
0.006777 0.007735 -0.002407
-0.010547 0.011179 0.002864
0.008267 0.023759 -0.002258
0.000115 -0.003370 -0.000322
0.000056 0.004799 -0.008692
-0.008123 -0.002001 -0.001297
0.003195 0.005618 -0.000136
-0.000395 0.008199 -0.001402
0.018266 -0.012092 0.003645
-0.009139 0.008773 0.001722
-0.004454 -0.000729 -0.000761
0.012223 -0.004539 0.000500
-0.003737 -0.005366 0.003142
0.010671 0.009169 -0.001420
-0.011863 -0.013067 0.000414
0.000437 0.003475 -0.010640
0.007510 0.007902 -0.002457
-0.009270 0.015305 -0.001704
0.008659 0.022249 -0.001473
-0.005768 -0.006225 -0.005795
0.001658 0.004394 -0.009584
-0.008083 -0.001168 0.000833
0.003024 0.004731 -0.017482
-0.000905 0.008175 0.000253
0.018210 -0.013890 0.008526
-0.010587 0.012395 -0.004102
-0.002514 -0.000545 0.004966
0.011510 -0.005539 -0.000341
-0.002113 -0.005506 0.004301
0.010779 -0.008699 0.001557
-0.017761 -0.010780 0.000922
-0.000302 0.003710 -0.003963
0.007750 0.008056 0.001112
-0.009621 0.010576 0.002571
0.010403 0.017006 -0.007360
-0.000198 -0.002012 -0.001588
0.001006 0.004927 -0.010252
-0.004073 -0.006338 -0.003176
0.002747 0.005173 0.000059
0.004563 0.006382 -0.006891
0.016397 -0.010841 0.003303
-0.005255 0.012051 0.002595
-0.005441 -0.001626 -0.000179
0.009859 -0.003853 -0.001247
-0.004484 -0.004901 0.005049
0.009486 -0.009254 0.002387
-0.001200 -0.002746 -0.002181
0.000164 0.003513 -0.003652
0.014252 0.028434 0.572907
-0.009594 0.010063 0.004807
0.006771 0.024312 -0.007443
0.000184 -0.002807 -0.001592
0.001202 0.003936 -0.007511
-0.010894 0.001298 -0.005187
0.003611 0.005975 -0.000452
-0.003564 0.010358 -0.007671
0.018451 -0.011369 0.002518
-0.007619 0.009217 0.006740
-0.004335 -0.002277 -0.000673
-0.054148 0.032478 -0.072074
-0.003202 -0.005603 0.003894
0.010392 -0.010027 0.001162
-0.019389 -0.013247 -0.004841
0.000558 0.003167 -0.004626
0.008120 0.009604 -0.002108
-0.010486 0.009699 0.002421
0.005785 0.022667 -0.001788
-0.000554 -0.002177 -0.000595
0.002122 0.004174 -0.009321
-0.008631 -0.001824 0.000411
0.002972 0.004991 -0.000605
-0.000898 0.007768 -0.000501
0.017822 -0.011093 0.003139
-0.007048 0.010651 0.001259
-0.004361 -0.001106 -0.000063
0.011389 -0.005363 -0.001511
-0.004446 -0.005979 0.004604
0.010489 -0.014121 -0.003300
-0.014315 -0.010733 0.004478
