268.0000 0.05 1
0.123457
0.987654
0.493827
1.23457
0.987654
1.48148
1.85185
1.97531
1.7284
1.60494
1.48148
2.71605
1.23457
1.60494
0.493827
2.46914
0.864198
1.60494
2.71605
0.987654
2.59259
0.740741
3.7037
2.71605
1.7284
2.96296
2.46914
3.95062
3.95062
3.45679
4.19753
3.45679
4.07407
3.20988
4.81481
7.16049
4.93827
4.32099
4.44444
3.45679
5.55556
6.04938
5.80247
8.64198
7.03704
8.39506
9.25926
9.62963
14.1975
11.7284
13.7037
19.1358
17.284
19.2593
19.8765
22.5926
20.7407
23.9506
21.6049
29.7531
30.8642
24.4444
34.1975
36.0494
33.2099
35.0617
38.2716
40.7407
43.0864
42.716
49.2593
48.2716
49.7531
50.6173
47.037
44.0741
41.2346
44.1975
46.0494
43.4568
40.7407
43.5802
39.1358
40.8642
36.5432
39.6296
36.7901
36.6667
35.8025
30
28.0247
27.5309
35.4321
35.0617
37.9012
36.1728
39.6296
42.2222
33.2099
41.8519
37.284
37.5309
36.0494
34.8148
39.3827
32.2222
38.2716
38.2716
33.2099
36.7901
37.6543
38.3951
34.6914
41.2346
37.1605
42.5926
39.7531
38.642
38.5185
40.1235
43.7037
42.4691
42.716
50.9877
47.5309
49.0123
49.5062
48.8889
55.1852
56.9136
52.963
62.4691
56.4198
63.5802
74.8148
66.6667
53.0864
48.0247
41.7284
41.8519
41.4815
39.0123
40.3704
41.358
38.7654
35.9259
37.1605
36.4198
37.6543
36.7901
30.2469
32.0988
33.0864
31.9753
31.1111
30.2469
34.321
36.2963
40.4938
36.4198
40.6173
38.7654
43.5802
34.9383
42.3457
44.9383
40.3704
40.1235
36.5432
41.1111
35.679
40.3704
36.9136
36.5432
35.3086
36.9136
39.8765
32.5926
26.2963
33.7037
28.7654
32.8395
28.1481
32.3457
33.3333
32.3457
31.6049
37.5309
31.358
31.2346
36.5432
32.3457
28.642
30.2469
30.2469
28.3951
29.1358
33.4568
32.3457
35.0617
39.2593
39.0123
36.2963
33.7037
39.5062
43.9506
38.5185
45.9259
35.5556
34.321
35.8025
32.2222
23.4568
18.7654
10.1235
6.54321
1.97531
0.987654
0.493827
1.23457
0.123457
0.246914
0
0.246914
0.493827
0
0
0
0.493827
0
0.246914
0
0
0.246914
0
0.246914
0.493827
0
0.246914
0
0
0.246914
0.123457
0
0.246914
0.246914
0
0.246914
0
0.493827
0.493827
0.246914
0.123457
0.864198
0.493827
0.37037
0.864198
0.246914
0.740741
0.246914
0.740741
0.493827
0.246914
0
0
0.246914
0.246914
0
0
0.246914
0.123457
0.246914
0
