0.000411 0.004194 -0.004486
-0.007929 -0.010168 -0.000353
0.003614 0.004604 -0.008663
-0.001457 0.002999 -0.000087
-0.000130 0.001720 -0.001667
0.001719 0.002918 -0.002658
-0.007753 -0.004822 0.005397
-0.006434 0.000282 -0.009122
0.003399 -0.006940 0.004896
0.003234 0.003785 -0.004497
0.005018 -0.004418 0.006131
0.008542 -0.005795 0.001061
-0.003222 0.002933 0.007921
0.009608 0.010207 0.007658
-0.003349 0.006905 0.002570
0.002537 0.006106 0.003173
0.000894 -0.001911 0.000353
-0.010695 -0.006690 0.006864
0.006058 0.001295 -0.004123
-0.001927 0.005784 0.001047
-0.003681 -0.001815 -0.004520
0.004306 -0.007791 0.003077
0.001857 -0.003271 -0.003950
-0.006590 0.001275 0.002877
0.003769 -0.009480 0.005880
0.011039 -0.002732 -0.013373
-0.003676 0.005510 -0.002969
-0.008428 0.003078 0.010081
0.004058 -0.007138 0.003153
-0.006946 0.000667 -0.010234
-0.004334 0.008787 -0.002475
0.006489 -0.000078 0.001039
