-7.66955 -3.83521 3.83641
7.67211 -3.83815 3.83857
-0.000195289 3.83569 3.8365
1 0 0
0 1 0
0 0 1
0.4997034768537034 0.4984368475517726 0.4994193562085698	Ir
0.2511687179834610 0.7505349063395528 0.4981616725657005	Ir
0.9996802345361360 0.4984091444611636 0.9993846277741909	Ir
0.7492395566136096 0.7505057962968991 0.9994560192373712	Ir
0.9995245818304497 0.7503776885044218 0.7495016948138797	Ir
0.2494467489341829 0.4980007296566669 0.7508192491799690	Ir
0.0008073864200853 0.2496578020252116 0.2507084784251390	Ir
0.7486275932643665 0.4977250592904809 0.2507234751457617	Ir
0.0007896245273500 0.7515739349017707 0.2506703452422698	Ir
0.7492364603239707 0.0007728391972250 0.2507706256737734	Ir
0.5008059080291858 0.7515890720180707 0.7506728396696118	Ir
0.2512131226315688 0.0024594654131675 0.7509315181932195	Ir
0.9999727952310735 0.0010562032630759 0.5009681196816302	Ru
0.7491516383082555 0.2495983455976969 0.5029474092133128	Ru
0.4999812097368022 0.0009910824063581 0.0008842829442699	Ru
0.2508012370516468 0.2496820592284905 0.0010866364231958	Ru
0.7502887095656519 0.0013079347334610 0.7489995021603661	Ru
0.5006254797802967 0.2494457547417781 0.7511098322866587	Ru
0.4997133250485746 0.7504689640064228 0.2493354281820501	Ru
0.2511236375242589 0.0014001483972947 0.2490434817754661	Ru
0.4993245563828381 0.2490491971508035 0.2485918519939645	Ru
0.2506151498621279 0.4996628849364129 0.2494820105205662	Ru
0.9993205736475304 0.2489290602149197 0.7488568102648259	Ru
0.7491269355670909 0.4984149281013828 0.7493629967136997	Ru
0.0009180861664930 0.0019630425732444 0.9989935962238263	Ru
0.7481364292929982 0.2489988589320262 0.9963115004580843	Ru
0.4990257679865095 0.4980993452301661 0.0010387360608632	Ru
0.2519311797318409 0.7509738560998755 0.0024817800617214	Ru
0.5008988854992609 0.0018865308539731 0.4991253433347964	Ru
0.2499551256169923 0.2490664173422772 0.4985088996034719	Ru
0.9989870171826709 0.4980279793116225 0.5010626594972010	Ru
0.7498588488690174 0.7509341212223291 0.5005892204705731	Ru
