2176.0000 0.05 1
1.11111
4.44444
11.1111
2.22222
11.1111
4.44444
13.3333
11.1111
20
11.1111
6.66667
11.1111
24.4444
23.3333
17.7778
23.3333
26.6667
18.8889
13.3333
32.2222
18.8889
8.88889
4.44444
10
14.4444
16.6667
34.4444
40
23.3333
40
11.1111
26.6667
17.7778
31.1111
24.4444
32.2222
26.6667
27.7778
40
24.4444
32.2222
46.6667
36.6667
47.7778
70
55.5556
56.6667
41.1111
80
104.444
97.7778
126.667
127.778
136.667
151.111
146.667
161.111
190
190
202.222
216.667
267.778
192.222
230
234.444
286.667
238.889
277.778
253.333
263.333
291.111
298.889
317.778
340
316.667
352.222
282.222
350
303.333
307.778
297.778
301.111
291.111
277.778
314.444
273.333
248.889
285.556
290
297.778
314.444
318.889
321.111
310
333.333
318.889
317.778
292.222
293.333
297.778
303.333
290
334.444
360
315.556
357.778
377.778
363.333
346.667
352.222
338.889
297.778
251.111
213.333
177.778
160
188.889
238.889
266.667
331.111
351.111
400
420
400
425.556
411.111
447.778
400
384.444
358.889
337.778
373.333
345.556
400
382.222
374.444
387.778
427.778
404.444
454.444
410
408.889
411.111
354.444
362.222
374.444
368.889
376.667
440
415.556
405.556
438.889
403.333
341.111
347.778
322.222
351.111
316.667
326.667
255.556
284.444
266.667
270
253.333
246.667
220
278.889
208.889
244.444
214.444
234.444
258.889
223.333
244.444
230
214.444
208.889
230
174.444
205.556
174.444
200
175.556
174.444
260
232.222
231.111
211.111
216.667
170
175.556
198.889
260
238.889
224.444
273.333
238.889
225.556
264.444
345.556
342.222
315.556
307.778
327.778
307.778
335.556
377.778
414.444
430
426.667
444.444
434.444
508.889
474.444
497.778
474.444
426.667
345.556
320
225.556
121.111
16.6667
1.11111
0
0
0
0
0
0
0
0
0
0
0
0
0
0
0
0
0
0
0
0
0
0
2.22222
4.44444
2.22222
0
0
2.22222
4.44444
4.44444
0
3.33333
0
2.22222
4.44444
4.44444
2.22222
6.66667
0
2.22222
2.22222
3.33333
2.22222
0
0
2.22222
0
0
2.22222
0
