-0.010523 0.014351 0.011930
-0.007111 -0.000023 0.000076
-0.062469 -0.002931 0.004726
0.013028 0.007333 -0.002703
-0.002312 0.016030 -0.006327
-0.006250 -0.000434 -0.000938
-0.001308 0.003357 0.004662
0.000563 -0.016717 -0.001996
-0.004270 -0.012196 -0.000648
-0.011379 -0.005042 -0.001832
0.002081 -0.007840 -0.002161
-0.009126 -0.007034 -0.004199
0.004178 -0.007717 0.003453
-0.006702 -0.019915 0.002088
-0.003368 0.001135 0.001881
0.011549 -0.009013 0.005666
0.000314 0.010596 0.011862
-0.011584 0.006116 0.000602
-0.000342 0.019655 -0.000045
0.004447 0.009331 -0.007805
0.003742 0.016168 -0.004896
-0.010558 0.000575 -0.002661
-0.001332 0.003444 0.004144
-0.000761 -0.015805 -0.001702
-0.004083 -0.011074 -0.001284
-0.003076 -0.006426 0.002193
0.011991 -0.005192 0.000651
-0.011155 -0.006853 -0.003160
0.005532 -0.007495 0.004506
0.000978 -0.021058 -0.003730
-0.005328 0.000169 0.001819
0.017105 -0.009367 0.001715
-0.000217 0.010324 0.012027
-0.008348 0.001426 0.001216
-0.000381 0.018962 0.001236
0.005342 0.009924 0.000167
-0.002334 0.016253 -0.006906
-0.018260 0.000655 -0.002570
0.001431 0.000979 0.004883
0.000825 -0.015647 -0.002931
-0.003595 -0.012062 -0.001420
-0.011065 -0.005260 -0.001559
0.010404 -0.009423 0.003468
-0.009117 -0.005261 -0.004420
0.003995 -0.008773 0.003746
0.004422 -0.018140 -0.000529
-0.001322 -0.000758 0.002621
0.014685 -0.011479 0.001687
-0.002675 0.007911 0.011795
-0.008483 0.001736 0.000691
-0.000510 0.018860 0.000647
0.013896 0.009809 -0.002545
-0.000458 0.015117 -0.006643
-0.006500 0.001410 -0.001896
-0.001717 0.004021 0.005904
-0.000381 -0.016471 -0.002542
-0.002030 -0.014021 -0.004367
-0.012690 -0.003648 -0.000875
0.011555 -0.006570 0.000230
-0.008633 -0.005533 -0.000345
0.008153 -0.007784 0.003431
0.003451 -0.019072 0.000084
-0.002588 0.000807 0.002169
0.014271 -0.011110 0.003799
0.000541 0.011198 0.012092
-0.009269 0.000959 0.001046
-0.001937 0.018946 0.000886
0.005488 -0.001300 -0.002612
0.003088 0.016221 -0.006005
-0.006430 -0.000354 -0.002787
0.001445 0.002922 0.004467
0.000404 -0.015538 -0.003637
-0.003891 -0.011244 -0.000542
-0.011416 -0.005128 -0.002465
0.012774 -0.006046 -0.000465
-0.009925 -0.005819 -0.003476
0.004868 -0.007364 0.003243
0.004431 -0.018641 0.000350
-0.003722 0.001559 0.002315
0.014030 -0.012980 0.002705
-0.003098 0.015228 0.011048
-0.009287 -0.003554 0.000661
0.001384 0.016213 0.000336
0.011769 0.007383 -0.002735
-0.001588 0.016489 -0.006109
-0.010300 0.000248 -0.003296
0.001854 0.004746 0.004555
0.003783 -0.015510 -0.001800
-0.002372 -0.010108 0.001353
-0.010830 -0.005171 -0.002049
0.011104 -0.007031 0.000756
-0.010341 -0.007039 -0.004041
0.003828 -0.006378 0.005451
0.002426 -0.019261 -0.001767
-0.003670 0.000599 0.000137
0.015525 -0.012526 0.000179
-0.002102 0.015279 0.013391
-0.009408 -0.002895 -0.000079
-0.000268 0.016417 0.000512
0.010418 0.007881 -0.001587
0.615403 0.013114 -0.008843
-0.017527 0.001008 -0.002164
0.001282 0.004520 0.004608
0.008408 -0.015287 -0.001929
-0.005763 -0.016160 0.003559
-0.010884 -0.005890 -0.001805
0.010919 -0.006931 0.000965
-0.006084 -0.003349 -0.003079
0.003851 -0.008435 0.003546
0.003177 -0.019880 -0.000163
-0.053091 -0.032852 -0.067844
0.002819 -0.009760 0.000356
0.002121 0.012581 0.012166
-0.020675 -0.000689 0.000570
-0.009439 0.018801 0.000241
0.007179 0.020975 -0.002653
-0.001370 0.015335 -0.005046
-0.005813 0.002099 -0.002911
-0.004708 0.003545 0.003240
-0.000152 -0.015147 -0.004397
-0.013813 -0.024088 0.016904
-0.011422 -0.004785 -0.002183
0.013228 -0.007984 0.000219
-0.061092 0.028118 0.069137
0.012189 -0.007621 0.002787
0.005804 -0.021222 0.000154
-0.006015 -0.000076 0.001474
0.014073 -0.010950 0.003065
-0.001291 0.002987 -0.005842
0.007246 0.008476 -0.003643
-0.023769 0.012593 0.002841
-0.004859 0.024154 -0.001443
0.002875 -0.002812 -0.000216
0.001062 0.004434 -0.010505
-0.008599 -0.001594 0.000280
-0.006926 0.003993 -0.000359
-0.001362 0.008059 -0.002508
0.008644 -0.002615 -0.012640
-0.005630 0.012240 0.002091
-0.005383 -0.001350 -0.000268
0.011017 -0.005255 0.000110
-0.003357 -0.006019 0.004656
0.012079 -0.009391 0.002000
-0.017062 -0.011450 0.000759
-0.001593 0.003279 -0.005386
0.006016 0.008219 -0.002812
-0.009828 0.009543 0.002162
0.008470 0.022889 -0.001034
-0.001328 0.000023 -0.007819
0.003049 0.003166 -0.006147
-0.010046 -0.001542 0.000564
0.001599 0.002583 0.007877
0.000810 0.007230 -0.001866
0.018133 -0.011712 0.003006
-0.007768 0.009369 0.002179
-0.005266 0.000371 -0.003627
0.011458 -0.005475 0.000112
-0.002444 -0.005460 0.003987
0.009775 -0.010376 0.002776
-0.015034 -0.013366 0.000693
-0.015183 0.057228 -0.003829
0.006875 0.008402 -0.002260
-0.012042 0.011447 0.002636
0.009319 0.023169 -0.001750
-0.000881 -0.000780 0.004565
0.001814 0.003880 -0.013494
-0.008553 -0.002505 0.000645
0.001675 0.004176 -0.004347
-0.006827 0.016658 -0.002099
0.016918 -0.011860 0.003823
-0.010133 0.012569 -0.000089
-0.013295 0.008090 0.016284
0.009985 -0.004448 0.000094
-0.003240 -0.005854 0.001244
0.010462 -0.009906 0.002719
-0.017446 -0.012255 0.001436
0.001451 0.002893 -0.004006
-0.013035 -0.043632 -0.004412
-0.011200 0.011967 0.001788
0.006755 0.022933 -0.001414
0.000145 -0.002443 -0.000739
0.000441 0.003505 -0.009661
-0.007353 -0.001276 0.004615
0.003725 0.004883 0.000235
-0.006108 0.006201 -0.007025
0.017341 -0.012547 0.003252
-0.007311 0.009720 0.004088
-0.003770 -0.001679 0.001686
0.003223 -0.016148 -0.016152
-0.003735 -0.004716 0.002930
0.011497 -0.008654 0.002664
-0.018190 -0.011564 0.001067
-0.001455 0.002482 -0.003519
0.008250 0.008798 -0.001877
-0.010930 0.013126 0.002706
0.007768 0.023750 -0.001666
-0.003309 -0.006920 -0.000648
0.002334 0.004098 -0.009549
-0.008834 -0.002385 0.001082
0.004161 0.006551 0.000636
-0.001782 0.008079 -0.001742
0.018591 -0.009984 0.006558
-0.007288 0.010124 0.002054
-0.006293 -0.001710 -0.000758
0.011452 -0.005834 -0.000825
-0.003749 -0.005849 0.004731
0.008441 -0.009945 0.002287
-0.016586 -0.011017 0.000843
0.000085 0.002370 -0.004879
0.008276 0.010133 -0.003843
-0.011599 0.011152 0.002097
0.007503 0.025331 -0.000715
0.000325 -0.003412 -0.000254
0.000416 0.004399 -0.010303
-0.009089 -0.001908 0.000892
0.004329 0.005833 -0.000085
-0.000688 0.005202 -0.001698
0.020611 -0.012512 0.000628
-0.007847 0.010324 0.002072
-0.005587 -0.000473 0.000886
0.012329 -0.004794 -0.002407
-0.001987 -0.005410 0.003626
0.011167 -0.009269 -0.000351
-0.015663 -0.011574 0.003024
0.000896 0.003109 -0.005342
0.007865 0.009991 -0.001101
-0.009213 0.009125 0.002256
0.007757 0.025971 -0.001888
0.000821 -0.002875 -0.000285
0.000041 0.003729 -0.009589
-0.023871 -0.004100 0.002588
0.002428 0.007507 -0.000527
-0.006494 -0.005907 -0.001221
0.016156 -0.006703 -0.001898
-0.009882 0.009371 0.000244
-0.005446 -0.001855 -0.000238
0.009525 -0.007996 -0.004115
-0.002845 -0.005307 0.004797
-0.055196 0.025881 -0.072759
-0.080653 -0.046842 0.073437
-0.000057 0.003214 -0.006142
0.005445 0.009188 -0.002718
-0.039163 0.007289 0.002685
-0.071815 0.050276 -0.007602
-0.011300 -0.001865 0.000117
-0.017005 0.006227 -0.011685
-0.006587 -0.000640 -0.003525
0.006028 0.004342 -0.000108
-0.007043 0.006741 0.003741
0.017601 -0.010828 0.002306
-0.018035 0.012064 0.002368
-0.006817 0.002247 0.003966
0.013408 -0.007445 0.004007
-0.003812 -0.004757 0.004822
0.009358 -0.009464 0.002317
-0.014967 -0.011795 0.001468
