2176.0000 0.05 1
1.875
3.75
6.25
6.25
7.5
16.25
8.75
7.5
17.5
15
14.375
16.25
25
16.25
6.25
31.25
23.125
18.125
30
8.75
10
13.125
10
10
16.25
20
25
30
37.5
19.375
23.75
27.5
13.75
26.875
20.625
29.375
21.25
42.5
43.125
30.625
37.5
55
48.125
46.25
41.875
67.5
54.375
49.375
84.375
92.5
98.75
124.375
136.875
135.625
139.375
152.5
181.875
151.875
157.5
198.75
178.75
174.375
231.875
253.75
270.625
235
234.375
280.625
293.125
310.625
294.375
323.125
301.875
310.625
325.625
338.75
340
362.5
316.25
354.375
371.25
365
330.625
362.5
333.75
378.125
312.5
295
304.375
285
272.5
255.625
233.75
251.25
249.375
300
206.25
250
311.25
293.75
317.5
311.875
306.875
300.625
248.125
295
309.375
296.25
323.75
276.875
280.625
302.5
271.875
321.25
291.25
316.875
248.75
296.875
355
315.625
317.5
312.5
327.5
363.75
343.125
381.875
399.375
380.625
389.375
393.125
394.375
430.625
451.875
471.875
453.125
438.75
452.5
440
446.875
418.125
403.75
428.75
382.5
358.125
317.5
353.75
327.5
311.25
315.625
328.75
306.875
275.625
216.25
255
247.5
304.375
281.25
245
274.375
221.875
321.25
287.5
328.125
304.375
301.875
291.25
281.875
296.875
352.5
289.375
324.375
351.875
370.625
359.375
259.375
286.875
214.375
288.125
345.625
266.25
265.625
265
260.625
233.75
246.25
248.75
265
326.875
238.125
229.375
236.25
223.125
182.5
247.5
256.25
281.25
253.75
306.25
256.25
263.75
255.625
206.875
204.375
268.125
255
326.25
344.375
343.75
355.625
275
366.25
294.375
509.375
539.375
510
425
368.125
258.75
234.375
204.375
163.75
117.5
60.625
33.75
11.875
3.75
1.25
3.75
1.25
0
0
0
0
0
0
0
0
0
0
2.5
0
