0.010554 0.001897 0.002093
-0.000401 0.003029 0.011337
0.010367 0.004130 -0.001192
0.002223 0.001733 -0.009600
0.008102 0.000520 0.000228
-0.005398 0.000599 0.005787
-0.000585 -0.004862 0.001152
-0.002499 0.002541 0.004859
-0.009062 -0.000331 -0.008735
0.004845 -0.001633 -0.002520
-0.002448 -0.002020 0.004217
-0.006119 -0.002296 0.002897
-0.001863 -0.005073 0.009660
-0.005590 -0.000498 -0.000696
0.003893 0.001022 -0.005586
0.001832 -0.001991 0.001845
0.010156 -0.016304 0.021441
-0.005728 -0.001181 0.002001
0.010282 0.003858 0.000267
0.002167 0.000713 -0.003083
0.008575 0.002526 -0.002584
-0.000019 -0.003622 -0.001098
-0.005011 -0.001353 -0.005729
-0.005790 0.005823 -0.000472
-0.009011 -0.000333 -0.009008
0.005316 0.000418 -0.002382
-0.003393 -0.002342 0.004602
-0.006217 -0.003619 0.003799
-0.001736 -0.005624 0.010457
-0.004920 0.005947 0.005232
0.004161 0.001201 -0.004520
0.002816 -0.002004 0.001107
0.010693 0.002349 0.000124
-0.006031 0.000016 0.000877
0.013494 0.004985 0.003524
0.002179 0.001122 -0.009004
0.008191 0.002689 -0.004204
-0.004297 -0.008305 0.005815
-0.004921 -0.001217 -0.005597
-0.000649 0.009400 0.005840
-0.003956 0.003173 -0.002135
0.005021 -0.002197 -0.002480
-0.034551 -0.003385 0.028510
-0.007133 -0.001941 0.003344
-0.000425 -0.006118 0.008829
-0.005621 -0.000119 -0.000471
0.003973 -0.000012 -0.006236
-0.012159 -0.001524 0.015391
0.010834 0.002126 -0.008786
-0.009382 -0.005663 0.010580
0.010636 0.004258 0.001252
0.002227 0.001554 -0.006836
0.008601 0.002762 -0.002879
0.000236 -0.002174 -0.003191
-0.002737 -0.000733 -0.006731
-0.007339 0.004489 -0.002113
-0.008679 0.000567 -0.007663
0.005253 -0.002172 -0.002300
-0.002517 -0.002070 0.004953
-0.006146 -0.002617 0.001172
-0.001209 -0.005319 0.009717
-0.005498 -0.000171 -0.001344
0.004197 0.001691 -0.005251
0.003534 -0.001792 0.001991
0.009926 0.017781 0.017220
-0.005487 -0.001446 0.000007
0.012319 0.004484 -0.000412
0.002476 0.000607 -0.002510
0.007769 0.002191 -0.002967
-0.002233 -0.003486 -0.000178
-0.000354 -0.006101 0.001014
-0.005151 0.005467 0.000015
-0.004203 0.005521 -0.002835
0.004033 0.031613 0.023307
-0.002809 -0.002107 0.004399
-0.005410 -0.004192 0.030982
-0.001441 -0.005420 0.009342
-0.004846 0.000381 -0.002822
0.004755 0.001706 -0.007724
0.002598 -0.002147 0.001165
0.011205 0.016920 0.016840
-0.005563 -0.001863 0.001789
0.010774 0.004104 -0.000109
0.002242 0.000598 -0.002997
0.008126 0.002508 -0.002274
-0.001121 -0.003195 -0.001491
-0.004515 -0.001965 -0.004934
-0.005467 0.005961 -0.000543
-0.008781 0.000531 -0.007672
0.004919 0.004599 0.004152
-0.002431 -0.002537 0.003665
-0.005909 -0.003441 0.003639
-0.001577 -0.005832 0.008285
-0.005717 0.001772 -0.000990
0.003523 0.001665 -0.005376
0.002821 -0.001398 0.000835
0.010900 0.002079 0.001784
-0.004599 -0.003153 0.000863
0.010450 0.004259 0.000222
0.002361 0.001757 -0.005875
0.008622 0.002640 -0.001719
0.000924 -0.004666 -0.002961
-0.004461 -0.001715 -0.004933
-0.006143 0.006603 -0.001580
-0.007058 -0.000621 -0.009883
0.005370 -0.001797 -0.003113
-0.003836 -0.002994 0.002245
-0.007156 -0.002066 0.001846
-0.003120 -0.004980 0.009143
-0.006140 -0.000432 -0.000367
0.004982 0.001029 -0.005153
0.017302 -0.001699 0.015058
0.011310 -0.016763 0.021777
-0.005244 -0.001556 0.002431
0.008045 0.003696 -0.000762
0.001587 0.000035 -0.002620
0.009661 0.002236 -0.002940
-0.002308 -0.002509 -0.000194
-0.003501 -0.001889 -0.005891
-0.003485 0.006158 0.000716
-0.007459 0.000508 -0.009203
0.005298 -0.001062 -0.005367
-0.002572 -0.002308 0.003835
-0.007055 -0.003471 0.033966
-0.001681 -0.006340 0.012372
-0.007750 0.040408 0.030557
0.053099 0.000005 0.034626
0.002187 -0.001307 0.000737
-0.017342 0.001158 0.008541
0.008804 0.000850 0.006778
-0.002348 0.002058 0.001793
-0.005520 0.002988 0.002143
-0.002851 0.006321 -0.001078
0.006209 -0.001064 0.000235
0.004394 -0.001133 -0.005740
0.003461 0.000878 -0.000203
0.009354 0.005572 0.000963
-0.002177 -0.006726 -0.006796
0.002148 0.003635 0.004732
-0.022566 -0.004086 -0.004994
0.003846 0.004421 0.010532
-0.000614 -0.007390 -0.008985
0.017921 0.002069 -0.000258
-0.005610 0.000237 0.006043
-0.012342 -0.001086 0.003204
0.003587 -0.002331 0.001112
-0.002228 -0.001105 0.005286
-0.004300 0.004271 0.001572
-0.006101 0.001808 0.003530
0.005706 -0.000759 0.000023
0.004566 -0.000451 -0.004059
0.003115 0.000283 0.001253
0.009809 0.006424 0.001151
-0.001860 -0.005622 -0.006550
0.002231 0.003041 0.004965
-0.022272 -0.004372 -0.004385
0.003142 0.005115 0.012201
-0.001267 -0.009018 -0.009909
0.018047 -0.000052 -0.000329
-0.005713 0.001727 0.007168
-0.012365 -0.002518 0.001999
0.007361 -0.007548 0.006727
-0.002785 0.002517 0.002065
-0.005264 0.004329 0.002437
-0.002208 0.006403 -0.001736
-0.004313 -0.023974 -0.471003
0.002233 0.001359 -0.001620
0.003164 0.001073 0.000150
0.009767 0.005462 0.002122
-0.002196 -0.005649 -0.007255
-0.002026 0.000118 0.010667
-0.021827 -0.004103 -0.005179
0.003166 0.004682 0.011183
-0.000199 -0.007762 -0.010812
0.017380 0.001297 -0.000305
-0.005766 0.000464 0.008358
-0.014554 -0.002769 0.000234
0.004061 -0.001703 0.000629
-0.002658 0.002495 0.002397
-0.003135 0.004982 0.002516
-0.009365 0.006311 0.005123
0.005772 -0.002892 -0.012299
0.004283 -0.001051 -0.003235
0.002903 0.000146 0.001208
0.010114 0.005313 0.002683
-0.001386 -0.006108 -0.006221
0.001990 0.003357 0.005425
-0.023023 -0.004268 -0.005253
0.003343 0.004706 0.011179
-0.000430 -0.007307 -0.008814
0.017822 0.001632 -0.000524
-0.006440 0.000112 0.008244
-0.013570 -0.001625 0.001263
0.004593 -0.002650 0.002046
-0.002437 0.000226 -0.000332
-0.004476 0.003898 0.002023
-0.007348 0.011107 0.004328
0.005464 -0.001506 0.000026
0.003729 -0.001254 -0.004183
0.025531 0.000743 0.023558
0.012636 0.009915 0.009131
0.019330 -0.005808 -0.000463
0.001883 0.003449 0.005123
-0.021951 -0.004153 -0.012265
0.002598 0.004447 0.008993
0.001470 -0.010823 -0.003523
0.018248 -0.016346 0.009098
-0.010202 0.004790 0.017336
-0.012583 -0.002223 0.001728
0.003711 -0.003040 0.000700
-0.003237 0.000714 0.002034
-0.004424 0.003624 0.003349
-0.002143 0.005096 -0.003375
0.006003 -0.001755 -0.000187
0.004339 -0.001006 -0.004220
0.003223 0.000270 0.000916
0.009782 0.004078 0.001409
-0.001811 -0.005079 -0.005702
0.001985 0.003580 0.004574
-0.022518 -0.003825 -0.006156
0.003112 0.004886 0.011578
-0.000363 -0.006546 -0.009699
0.016950 -0.001899 0.002817
-0.006669 -0.001406 0.007161
-0.012693 -0.001397 0.003135
0.003293 -0.003889 0.000058
-0.002624 0.001981 0.001669
-0.003888 0.003295 0.002108
-0.002434 0.006498 -0.002223
0.006043 -0.001184 0.003171
0.004219 -0.000896 -0.004800
0.003076 0.000170 0.000468
0.009743 0.005221 0.002680
-0.000785 -0.005477 -0.006069
0.001250 0.003951 0.004430
-0.022862 -0.004243 -0.004911
0.002751 0.004724 0.011543
-0.000772 -0.007982 -0.008877
0.017850 0.001740 -0.000014
-0.005715 0.000296 0.008550
-0.019158 0.002610 0.008749
0.011246 -0.002604 0.008012
-0.000546 -0.025920 0.019360
-0.005257 0.003590 -0.000561
-0.003139 0.007123 -0.003057
0.006455 -0.000803 0.000095
0.005059 -0.000710 -0.004212
-0.017546 0.000252 0.021669
0.005848 0.000449 0.010702
-0.000768 -0.005773 -0.009203
-0.002271 -0.001185 0.010720
-0.022473 -0.004265 -0.008470
-0.021139 0.004580 0.019218
-0.002793 -0.000794 0.000060
0.017090 -0.000428 -0.002258
-0.000882 -0.003469 0.017225
