2176.0000 0.05 1
1.875
3.75
6.25
6.25
7.5
16.25
8.75
7.5
17.5
15
14.375
16.25
25
16.25
6.25
31.25
23.125
18.125
30
8.75
10
13.125
10
10
17.5
18.75
25
30
37.5
19.375
25
26.25
13.75
26.875
21.875
28.125
21.25
40
45.625
30.625
37.5
56.25
47.5
45.625
41.875
67.5
54.375
49.375
83.75
93.125
97.5
125.625
138.125
133.125
138.75
154.375
181.25
153.75
155
201.25
177.5
174.375
233.125
253.125
267.5
236.875
236.25
280.625
291.875
310.625
296.25
320
301.875
313.125
321.875
337.5
342.5
361.25
315.625
355
370.625
366.25
330.625
358.125
335.625
380.625
313.125
295
304.375
286.25
271.25
254.375
231.875
248.75
256.25
296.875
207.5
248.125
313.75
294.375
310
313.125
311.25
299.375
248.125
294.375
310
297.5
325.625
273.75
281.875
300.625
274.375
321.875
291.25
315
247.5
298.125
354.375
317.5
313.75
319.375
324.375
363.75
343.75
377.5
402.5
378.125
388.75
394.375
397.5
431.875
448.75
471.875
450.625
442.5
453.125
436.875
446.875
419.375
403.125
430
383.75
355.625
318.75
353.75
328.75
308.75
315
332.5
302.5
279.375
215
254.375
249.375
302.5
279.375
249.375
270.625
225
317.5
291.25
326.875
301.25
305
287.5
284.375
299.375
349.375
293.75
318.75
353.125
373.75
355
262.5
286.875
215.625
289.375
342.5
265.625
265
266.875
260.625
233.75
248.75
248.75
259.375
328.125
240
229.375
236.25
225
180.625
248.75
257.5
280
253.75
305.625
255.625
265
256.875
203.125
205.625
270
255
324.375
344.375
343.125
356.25
274.375
368.125
288.125
515.625
532.5
514.375
425
365.625
265
230.625
203.125
166.25
120.625
60
35
10.625
3.75
1.25
3.75
1.25
0
0
0
0
0
0
0
0
0
0
2.5
0
