0.011722 0.003125 0.001786
-0.006314 -0.000796 0.001645
0.011053 0.004831 -0.000138
0.002415 0.000714 -0.004045
0.009630 0.002756 -0.002579
-0.001746 -0.003712 -0.000270
-0.003723 -0.001508 -0.004741
-0.006576 0.006176 0.000401
-0.007429 0.000205 -0.007501
0.005327 -0.001275 -0.002396
0.001864 -0.001422 0.004337
-0.006613 -0.002290 0.001670
-0.001003 -0.006267 0.009479
-0.006444 0.001081 -0.000469
0.015039 -0.000660 -0.005015
-0.002866 0.003239 -0.002018
0.011120 0.002337 0.002012
-0.006957 -0.001384 0.001366
0.000200 0.008360 0.005425
0.004025 -0.000885 -0.004175
0.007153 0.002622 -0.002859
0.001212 -0.002889 -0.000481
-0.006988 -0.003634 -0.005070
-0.005944 0.005867 0.000430
-0.006390 0.001228 -0.008000
0.005467 -0.000355 -0.002527
-0.001513 -0.002471 0.004509
-0.010624 -0.006997 0.004324
-0.001138 -0.004862 0.010813
-0.011584 0.003552 -0.005302
0.005189 0.002056 -0.003601
-0.002409 -0.001780 -0.003200
0.011878 0.001190 0.001568
-0.004252 -0.001521 0.001644
0.000875 0.008285 0.004883
-0.042711 -0.000894 0.049337
0.009607 0.001005 -0.002664
0.005864 -0.003510 0.000193
-0.010377 -0.004710 -0.010284
0.530894 -0.006984 -0.007511
-0.014120 0.003991 -0.013129
0.007042 -0.001598 -0.001334
0.002684 -0.002218 0.004440
-0.003878 -0.001839 0.003512
-0.011275 -0.010355 0.014349
-0.002653 0.001418 -0.000484
0.002637 0.001105 -0.004845
-0.002628 -0.006984 -0.001551
0.010766 0.002594 0.001662
-0.004316 -0.000932 0.001066
0.010022 0.003690 -0.000173
0.002514 0.000390 -0.004280
0.007878 0.002979 -0.003390
-0.001713 -0.003625 -0.000152
-0.004049 -0.001037 -0.005195
-0.003793 0.005526 0.000128
-0.007826 -0.000120 -0.008451
0.005105 -0.001290 -0.002365
-0.003821 -0.002471 0.004620
-0.005613 -0.002572 0.001215
-0.001984 -0.005170 0.009020
-0.005091 -0.000544 -0.000586
0.003234 0.001234 -0.005573
0.003436 -0.002387 0.001740
-0.026511 0.000721 -0.042975
-0.004819 -0.001547 0.001244
0.011464 0.004849 0.000050
0.003755 0.001988 -0.004154
0.008864 0.002487 -0.002614
0.001730 -0.003193 -0.000359
-0.003087 -0.002976 -0.005029
-0.006007 0.005563 0.000009
-0.013644 0.004512 -0.008023
-0.036182 0.051845 -0.003632
-0.002360 -0.002518 0.004493
-0.011013 0.002401 0.005704
-0.001997 -0.005208 0.008964
-0.004472 -0.001845 0.000346
0.004064 0.001439 -0.005328
0.003340 -0.001860 0.001563
0.011118 0.002195 0.002203
-0.005924 -0.001603 0.001299
0.011422 0.003964 0.000766
0.002406 0.000790 -0.003075
0.008146 0.002574 -0.002893
-0.001058 -0.003275 -0.001001
-0.003957 -0.001275 -0.004789
-0.005969 0.005433 -0.000057
-0.008491 -0.000090 -0.007556
0.005357 -0.002030 -0.002519
-0.001105 -0.002415 0.004295
-0.004935 -0.001565 0.000098
-0.010524 -0.008490 0.013521
-0.011250 0.003719 0.004415
0.004027 0.002197 -0.006046
0.003746 -0.002294 -0.000412
0.010564 0.002569 0.001060
-0.004621 -0.004166 -0.000475
0.011211 0.003405 0.001156
0.002384 0.000965 -0.002844
0.009704 0.002437 -0.003724
0.005194 -0.003875 -0.000257
-0.009831 -0.004031 -0.000684
-0.006031 0.005673 0.000146
-0.013838 0.003296 -0.003516
0.006845 -0.001689 -0.003474
-0.004191 -0.002174 0.004423
-0.008192 -0.002015 0.003265
-0.000560 -0.005504 0.010677
-0.006151 -0.000173 -0.000388
0.014555 0.000596 -0.005484
0.003752 -0.001716 0.001654
0.011273 0.002847 0.001338
-0.006566 -0.001689 0.000948
0.009067 0.004421 -0.000595
0.002641 0.000852 -0.003732
0.007425 0.002509 -0.002663
-0.001236 -0.002950 -0.000882
-0.004354 -0.000754 -0.004673
-0.005979 0.005981 0.000186
-0.007793 -0.000090 -0.007611
0.005564 -0.002090 -0.002506
-0.002576 -0.002518 0.004610
-0.004829 -0.002585 0.000995
-0.000891 -0.006887 0.009136
-0.004596 -0.001692 -0.000711
0.003837 0.001642 -0.005215
0.002474 -0.001457 0.002117
-0.012860 -0.000310 0.002867
0.003189 -0.002666 0.001917
-0.002984 0.001150 0.002396
-0.004547 0.004047 0.002360
-0.003114 0.006314 -0.000939
0.000809 -0.005482 -0.003600
0.005328 -0.001426 -0.004315
0.003587 0.000277 -0.000139
0.010416 0.006169 0.001684
-0.002114 -0.006385 -0.005602
0.002014 0.001751 0.005242
-0.021806 -0.004356 -0.006118
0.001776 0.004027 0.011439
0.000103 -0.008565 -0.009715
0.017880 0.001111 0.000161
-0.006661 0.000366 0.007773
-0.012557 -0.001776 0.002496
-0.017158 0.019339 0.001305
-0.001978 0.002723 0.002899
-0.004025 0.003711 0.002053
-0.004522 0.005901 -0.001666
0.009079 -0.000936 -0.002712
0.004275 -0.000593 -0.004279
0.004488 0.001526 0.000324
0.010137 0.006399 0.002105
-0.020976 -0.026695 -0.005753
0.003570 0.004236 0.006720
-0.027540 0.001239 -0.002758
0.002655 0.004421 0.011621
-0.007826 -0.010933 -0.012785
-0.004707 -0.028253 -0.000961
-0.004904 -0.000560 0.007458
-0.036731 0.023539 0.003933
-0.010075 -0.002198 0.016881
0.000509 -0.000222 0.002320
-0.035390 0.005323 0.035442
-0.003088 0.006321 -0.000887
0.000394 0.003268 -0.005397
0.003244 0.000572 -0.002986
-0.024614 0.000951 -0.030320
-0.001042 0.010876 -0.003485
-0.021641 -0.005563 -0.026091
-0.027968 -0.031919 0.006110
-0.026125 -0.004196 -0.002236
-0.025249 0.004917 0.011304
-0.010755 -0.013199 -0.014080
0.018642 0.001275 0.000988
-0.005858 0.000567 0.007885
-0.012405 -0.002264 0.002693
0.003274 -0.002717 0.001145
-0.002066 0.002011 0.002344
-0.003948 0.003727 0.001699
-0.003266 0.006022 -0.001393
0.006920 -0.000414 0.001211
0.003768 -0.001162 -0.005125
0.003514 0.000193 0.000797
0.009761 0.005515 0.001950
-0.001703 -0.006037 -0.005862
0.002420 0.004286 0.005490
-0.022730 -0.003778 -0.006554
0.002605 0.004253 0.011344
-0.000717 -0.007339 -0.009098
0.017745 0.000950 0.000168
-0.006520 0.000311 0.007534
-0.010966 -0.002453 0.004496
-0.016192 -0.022394 0.001426
-0.007979 -0.002296 -0.001311
-0.004261 0.003946 0.002591
-0.033611 0.005369 -0.000543
0.006048 -0.001010 -0.000554
0.003794 -0.000869 -0.004360
0.004921 -0.000996 0.001120
0.001345 0.010232 -0.001420
-0.016089 0.010169 -0.005811
0.002518 0.003468 0.005140
-0.026770 -0.008965 -0.002856
0.002504 0.005049 0.011383
0.000130 -0.009100 -0.009229
0.018120 0.000548 0.000124
-0.007399 0.002226 0.005455
-0.012359 -0.001774 0.003149
0.004037 -0.002455 0.000974
-0.001987 0.002323 0.002234
-0.002498 0.005730 0.002189
-0.003823 0.006411 -0.001475
0.005976 -0.001123 -0.001062
0.003195 -0.001016 -0.004955
0.003360 -0.000059 0.000174
0.009290 0.005157 0.001933
-0.001970 -0.006568 -0.006488
0.004478 0.004208 0.003649
-0.021693 -0.004766 -0.006036
0.002810 0.003871 0.012245
-0.000290 -0.007336 -0.011360
0.017891 0.002114 -0.000202
-0.006728 -0.000282 0.007905
-0.012759 -0.001858 0.002980
-0.009938 -0.002321 -0.014378
-0.002593 0.001757 0.002375
-0.004436 0.003923 0.003696
-0.003252 0.006519 -0.001042
0.006997 -0.001292 0.000099
0.005281 -0.000579 -0.005096
0.003401 0.000209 -0.001490
0.009993 0.005535 0.001422
-0.021691 -0.005523 0.014408
0.002589 0.003375 0.005643
-0.020241 -0.004603 -0.004327
0.001285 0.004823 0.011970
0.000133 -0.007537 -0.010454
0.018660 0.001228 -0.001062
-0.006877 0.000492 0.007977
-0.010268 -0.002526 0.000794
0.003704 -0.002778 0.001082
-0.008171 -0.002937 0.005724
-0.002538 0.001978 0.001420
-0.004310 0.006410 -0.001287
0.006826 -0.001387 -0.000047
0.003808 -0.000862 -0.004379
0.003140 0.000529 -0.000240
0.010018 0.005348 0.000707
-0.002305 -0.005667 -0.006499
0.002544 0.003501 0.005638
-0.021279 -0.004441 -0.005799
0.003665 0.005325 0.011930
-0.000049 -0.006996 -0.009500
0.018049 0.001730 0.000105
-0.005005 0.000383 0.007902
