-0.000445 0.009115 0.012259
-0.008797 0.004781 -0.000974
-0.002284 0.020396 0.000479
0.013260 0.006470 0.001733
-0.000893 0.014568 -0.005153
-0.009659 0.000796 -0.003164
-0.000212 0.002584 0.004719
0.003831 -0.020995 -0.002735
-0.003366 -0.009078 -0.000944
0.052461 -0.069695 -0.002230
0.009463 -0.002679 -0.002575
-0.009388 -0.007309 -0.002589
0.004993 -0.007606 0.003520
0.003973 -0.032513 -0.000301
-0.005806 0.003253 0.001930
0.013629 -0.011941 0.003021
0.000573 0.011194 0.011635
-0.008435 0.001541 0.000724
0.000852 0.018189 -0.003029
0.011398 0.008480 -0.003244
-0.000533 0.015399 -0.006047
-0.013091 0.000862 -0.003089
0.000071 0.004375 0.005292
-0.001917 -0.015196 -0.002807
-0.001800 -0.011428 -0.001221
-0.011345 -0.005599 -0.001624
0.011635 -0.005582 0.000025
-0.009150 -0.004997 -0.003072
0.004403 -0.007927 0.003048
0.002091 -0.019650 -0.001040
-0.003285 0.002479 0.001512
0.017324 -0.020107 0.002094
-0.000273 0.011027 0.012706
-0.008690 0.000701 0.000255
-0.002095 0.017997 0.000507
0.010507 0.009360 -0.002753
-0.002639 0.015339 -0.005249
-0.008382 0.000685 -0.001559
-0.000042 0.002172 0.003547
-0.000277 -0.016907 -0.002483
-0.002788 -0.011084 -0.000836
-0.011820 -0.005762 -0.002185
0.013395 -0.002141 0.000400
-0.010083 -0.007354 -0.004047
0.005248 -0.005130 0.004102
0.001857 -0.019573 -0.000486
-0.004507 0.000250 0.001768
0.013037 -0.012570 0.002911
-0.003145 -0.055680 -0.068583
-0.020208 0.002888 -0.010476
0.001730 0.011940 -0.002306
0.012070 0.007199 -0.003448
-0.001768 0.015407 -0.006426
-0.008786 0.003320 0.000045
0.001094 0.004526 0.005135
-0.003095 -0.021009 -0.003312
-0.001951 -0.011644 -0.000095
-0.011701 -0.002763 -0.002154
0.010912 -0.004652 0.002337
-0.009595 -0.005918 -0.003726
0.006419 -0.007978 0.005970
0.003805 -0.032587 -0.000955
-0.004613 -0.001418 0.002385
0.012271 -0.009803 0.001527
-0.000705 0.010936 0.011787
-0.009177 0.001166 0.000727
-0.001103 0.019296 0.000520
0.010159 0.008004 -0.003373
-0.002407 0.016493 -0.006358
-0.007769 0.002135 -0.003231
-0.000708 0.003007 0.004265
0.000493 -0.015947 -0.002696
-0.003971 -0.011674 -0.001308
-0.011729 -0.005648 -0.002080
0.011889 -0.005376 0.002704
-0.009179 -0.004989 -0.004811
0.004721 -0.007753 0.003631
0.004178 -0.019850 -0.000459
-0.006242 0.003994 0.001541
0.014216 -0.010910 0.002356
-0.000293 0.010331 0.012389
-0.008823 0.002799 -0.000566
-0.002001 0.018892 0.001293
0.010993 0.009714 0.000561
-0.002457 0.016250 -0.006431
-0.009676 0.000736 -0.000525
-0.000193 0.003507 0.005100
0.000598 -0.014372 -0.002494
-0.002733 -0.011537 -0.001315
-0.012734 -0.004763 0.000104
0.011443 -0.002622 0.000880
-0.009470 -0.006993 -0.003432
0.005590 -0.007466 0.003123
0.004046 -0.019269 -0.000120
-0.003183 0.002012 0.002496
0.008309 -0.018444 0.003107
-0.001322 0.011145 0.011286
-0.014355 -0.005825 -0.000367
0.000531 0.019388 0.000892
0.015844 0.001540 0.000257
0.000450 0.016773 -0.006785
-0.010442 0.001072 0.001663
0.030632 -0.004482 0.046463
-0.002402 -0.025353 -0.002184
-0.079491 -0.089263 0.000017
-0.011670 -0.004421 -0.003794
0.010592 -0.004883 0.000468
-0.009499 0.596788 0.010674
0.000043 -0.055945 0.007210
0.003353 -0.019699 -0.001613
-0.002524 0.001261 0.001405
0.011206 -0.011872 0.003589
-0.001125 0.011234 0.010108
-0.010898 0.003511 0.002949
-0.002066 0.021214 -0.001905
0.014248 0.007821 -0.002571
0.034064 0.003326 -0.055339
-0.012139 -0.006283 0.001542
-0.000337 0.003825 0.004737
-0.004231 -0.017825 -0.002602
-0.002594 -0.011756 -0.002917
-0.011742 -0.005475 -0.001700
0.010989 -0.003175 -0.001513
-0.010218 -0.006014 -0.002467
0.005286 -0.008123 0.002937
0.003173 -0.019909 -0.000439
-0.027173 0.005507 0.001271
0.012020 -0.009679 0.003896
-0.000605 0.004077 -0.006683
0.008077 0.008106 -0.004230
-0.009621 0.011755 0.003776
0.004759 0.022109 -0.002631
0.003605 -0.008680 -0.001571
0.002320 0.004620 -0.009854
-0.009080 0.000892 0.000703
0.003328 -0.011504 0.019000
-0.000860 0.007213 -0.002558
0.017915 -0.011020 0.002957
-0.009388 0.011825 0.001305
-0.005395 -0.000344 -0.000280
0.012179 -0.005868 -0.000235
-0.001238 -0.009834 0.010385
0.010099 -0.008335 0.002107
-0.004371 -0.030956 0.002402
0.000900 0.002319 -0.004656
0.007832 0.007223 -0.001348
-0.013285 0.011377 0.002716
0.007816 0.023338 -0.001263
0.000895 -0.002669 -0.000650
0.001552 0.002787 -0.009344
-0.007862 -0.002606 0.001159
0.004544 0.006248 0.000083
0.000257 0.008951 -0.002432
0.018149 -0.022250 0.003372
-0.007643 0.009624 0.001771
-0.005617 -0.001380 -0.000336
0.011523 -0.006516 -0.000054
-0.002131 -0.004223 0.004431
0.008661 -0.008158 0.002863
-0.016973 -0.011754 0.000739
-0.000708 0.003781 -0.006894
0.006257 0.008821 -0.001954
-0.010190 0.010845 0.002310
0.007952 0.023647 -0.001490
-0.000768 -0.002896 0.001407
0.001685 0.003613 -0.010133
-0.007872 -0.002316 0.000142
0.002986 0.005223 -0.000896
-0.000122 0.008058 -0.001826
0.017880 -0.011137 0.003324
-0.007535 0.010943 0.002028
-0.004958 0.001514 0.000024
0.010365 -0.003956 0.000153
-0.007394 -0.014842 0.004200
0.010348 -0.009605 0.001800
-0.016854 -0.011047 0.001844
-0.000903 0.003378 -0.005503
0.006689 0.008549 -0.001525
-0.012851 0.003356 -0.001375
0.007787 0.022995 -0.000657
-0.001221 0.002132 0.001598
0.000867 0.003179 -0.010625
-0.010775 0.000100 -0.001867
0.003153 0.005143 -0.000665
-0.000048 0.008669 -0.001726
0.023090 -0.016823 -0.001900
-0.006238 0.012245 0.002416
-0.005064 -0.001290 -0.000469
0.012686 -0.004464 0.000011
-0.003791 -0.006141 0.003279
0.010354 -0.012893 0.001997
-0.015570 -0.009597 -0.002828
0.002995 -0.002098 -0.003469
0.007831 0.008359 -0.000868
-0.010559 0.010487 0.003005
0.006429 0.022468 -0.000940
-0.000632 -0.001633 0.000702
0.001931 0.003979 -0.010501
-0.007626 -0.001926 0.001631
0.003786 0.005293 -0.003853
-0.003031 0.006640 -0.000870
0.016654 -0.011732 0.003178
-0.008620 0.012240 0.002599
-0.005071 -0.000755 0.000160
0.016620 -0.016277 0.000535
-0.002245 -0.009050 -0.000541
0.010386 -0.010562 0.002557
-0.015119 -0.013305 0.001359
0.001303 0.005498 -0.003473
0.008044 -0.007858 -0.021337
-0.009806 0.010141 0.000085
0.006888 0.024516 -0.003059
0.001431 -0.000120 -0.002116
0.000919 0.005672 -0.007174
-0.007686 -0.001294 0.001995
0.003233 0.003970 -0.000969
-0.000757 0.008946 -0.000531
0.011322 -0.022942 0.003281
-0.008324 0.007587 0.001559
-0.006895 -0.001333 -0.000591
0.009752 -0.010076 -0.004506
-0.002148 -0.003814 0.004334
0.010986 -0.009945 0.002038
-0.016464 -0.013344 0.001273
0.010182 0.005878 -0.014871
0.007811 0.007549 0.001162
-0.011907 0.011718 -0.001850
-0.023193 0.007385 -0.038740
0.010143 0.000081 0.008095
-0.000215 -0.068083 0.064111
-0.013073 -0.008625 -0.000357
0.001565 0.005019 -0.000451
-0.028402 -0.003251 0.027164
0.020303 -0.010394 0.003125
0.016734 0.006926 0.002050
-0.000073 -0.043744 0.003459
0.009738 -0.009379 0.005782
-0.003293 -0.015481 0.004604
0.011022 -0.008868 0.002704
-0.021806 -0.024516 0.001150
-0.001502 0.007930 -0.007010
0.008372 0.009448 -0.002499
-0.009469 0.012684 0.001136
0.007041 0.023538 -0.002280
-0.000137 -0.002842 -0.000911
0.000397 0.004554 -0.009358
-0.018111 0.000156 0.010535
0.002849 0.005160 0.000569
-0.000337 0.007102 -0.003564
0.023259 -0.015218 0.008240
-0.006518 0.011407 0.002185
-0.004762 -0.001533 0.000272
0.010643 -0.015397 0.000408
-0.003885 -0.005136 0.005364
0.011200 -0.012614 0.002786
-0.015402 -0.011832 0.004438
