2176.0000 0.05 1
1.875
3.75
6.25
6.25
7.5
16.25
8.75
6.25
17.5
16.25
14.375
16.25
25
16.25
6.25
31.25
23.125
18.125
28.75
10
10
13.125
10
10
16.25
20
25
30
37.5
19.375
23.75
27.5
13.75
26.875
20.625
29.375
21.25
41.25
45
30
37.5
55
48.75
45.625
41.875
67.5
54.375
48.125
86.25
91.875
98.75
124.375
136.875
134.375
139.375
155
180
153.75
156.875
200.625
176.25
175
233.75
252.5
266.875
238.75
235.625
279.375
293.125
310
296.875
320
303.75
310
323.125
341.25
339.375
361.875
320
351.25
371.875
366.25
331.25
358.125
336.875
377.5
313.125
292.5
305
285
273.75
255.625
230
252.5
250.625
300
205.625
249.375
312.5
294.375
318.125
309.375
308.75
300.625
247.5
295
310.625
296.25
325
275
280
302.5
271.875
321.25
291.875
317.5
247.5
297.5
351.875
319.375
315.625
315.625
326.25
363.125
342.5
380
403.125
377.5
390.625
393.125
395.625
430
451.875
468.75
455
440.625
455
435.625
447.5
417.5
405.625
428.75
381.25
357.5
318.75
353.125
327.5
310
318.125
330.625
302.5
275.625
217.5
254.375
249.375
304.375
278.75
247.5
271.25
227.5
316.25
288.75
330
302.5
301.25
291.25
285
296.875
348.75
294.375
321.25
351.875
373.75
356.875
259.375
286.875
213.125
288.125
346.875
266.25
265.625
262.5
260.625
235
246.875
248.75
265.625
326.25
239.375
227.5
236.875
226.25
177.5
250
255
280
256.875
308.75
253.125
262.5
256.875
208.125
203.125
266.875
255
326.25
344.375
343.125
356.25
275
366.25
294.375
514.375
535.625
510
422.5
368.125
258.75
233.125
203.75
166.25
124.375
55
32.5
10.625
5
1.25
4.375
1.25
0
0
0
0
0
0
0
0
0
0
2.5
0
