260.0000 0.05 1
0.16
0.64
1.28
1.28
0
1.28
1.92
2.24
0
1.6
3.84
0.32
1.92
1.28
3.2
0.32
2.24
3.2
1.92
2.24
1.92
5.12
2.56
2.24
2.24
4.64
4.8
1.28
2.88
5.44
4.16
5.92
3.68
5.44
6.4
4.48
7.68
8.32
12.16
10.24
9.28
19.68
20.16
10.88
23.2
24.48
25.44
29.92
33.6
33.44
37.28
37.92
37.12
38.24
53.92
41.92
46.24
49.12
52.32
52.8
43.04
43.04
50.08
45.12
43.68
38.24
33.76
32.96
40.96
35.68
38.72
34.88
35.2
36.16
38.72
40.64
42.88
50.24
44.8
45.92
39.36
38.4
40.16
38.08
32.8
40
36
44
43.36
54.4
45.92
42.88
47.84
44
44.48
34.24
33.28
25.76
32.48
23.52
19.2
27.52
28.8
30.4
44.48
51.36
52
49.44
60.16
61.76
54.56
57.6
44.96
52.8
49.76
38.24
44.16
41.28
52
49.12
58.08
59.84
48.32
65.28
65.12
45.92
43.04
38.72
44.96
51.36
48.64
51.36
48.48
52.16
44.96
56.96
52.16
53.92
47.04
40.48
45.92
44.64
36.32
31.04
26.72
38.08
33.6
29.92
35.2
23.84
37.6
32.96
29.44
20.8
28.16
30.56
32.8
35.68
30.56
21.28
22.4
21.44
32.96
21.76
19.2
29.44
39.2
30.56
28.16
26.88
22.08
20.16
19.36
31.84
36.32
37.6
29.12
22.4
19.52
42.56
35.52
45.44
52
44.32
38.72
33.92
39.36
51.2
61.92
51.52
51.68
67.36
51.04
64.16
66.08
71.04
72.32
62.4
65.76
61.92
48.32
35.04
27.52
9.76
5.76
10.56
5.12
8.96
11.52
11.84
9.92
7.68
5.76
6.08
6.56
8
4.32
8.64
13.76
6.72
12.16
10.88
9.28
5.76
9.6
4.48
6.72
12.16
6.4
7.04
6.4
8.64
4.16
6.4
9.92
10.56
11.2
10.08
12.64
5.76
8.96
10.56
6.72
8.96
5.6
4.8
6.4
5.12
9.44
7.04
6.24
15.52
6.08
4.32
5.44
8.96
9.28
8
8.32
7.36
7.68
2.08
10.4
4.16
9.6
4.8
9.92
7.68
4.8
5.76
8.96
10.56
2.56
6.72
4.8
8.64
6.72
12.16
2.24
4.96
6.56
9.28
2.4
7.68
7.04
8.64
11.84
7.36
4.16
7.04
8.64
7.04
5.76
10.4
6.24
2.72
8.96
7.04
6.4
7.36
12
8.32
1.92
6.08
7.36
5.76
8
4.16
7.68
7.2
7.36
3.68
4.16
3.2
3.2
3.84
3.84
2.24
5.76
8.32
5.76
3.2
4.8
7.68
6.72
3.2
1.6
1.92
2.24
0.96
1.6
1.92
1.28
1.6
1.28
1.92
1.92
1.44
1.44
1.6
3.2
0.96
1.92
3.04
1.28
2.24
0
1.44
1.6
0.8
0.64
0.64
0
1.6
0.64
0.16
1.92
0.32
0
0.32
0
0
5.12
0
0
0
0
0
0
0.64
0.64
0
0
0.64
0.64
2.88
2.56
0.96
0.64
1.92
1.28
0.64
0
0
0
0
0
0
0
0
0
0
0
0
0
0
0
0.32
0
