8.18491 -4.72556 -4.3128
2.72806 4.72514 0
8.18491 -4.72556 4.3128
1 0 0
0 1 0
0 0 1
0.5422848897791326 0.0000000000129674 0.7922848897791326	Ir
0.7910393049828457 0.4999999999467448 0.0410393049828457	Ir
0.2080184487028873 0.5000000000204352 0.9586928543286461	Ir
0.7086928543286461 0.5000000000204352 0.4580184487028873	Ir
0.2916159386351325 0.4999999999761613 0.5416159386351325	Ru
0.0416339539614654 0.9999999999838636 0.2916339539614654	Ru
0.4574283451489762 0.0000000000203997 0.2093328086000028	Ru
0.9593328086000028 0.0000000000203997 0.7074283451489762	Ru
0.4161833559069450 0.7509421047840306 0.6661833559069450	Ru
0.6666871626419066 0.2499691286319745 0.9166871626419066	Ru
0.9165443255977905 0.7520494600264200 0.1665443255977905	Ru
0.1666731303585323 0.2498541029486390 0.4166731303585323	Ru
0.5422425638496051 0.4999999999893276 0.7922425638496051	Ru
0.7914323606362430 0.9999999999761400 0.0414323606362430	Ru
0.0422795520186057 0.4999999999981597 0.2922795520186057	Ru
0.2915317737731655 0.9999999999773621 0.5415317737731655	Ru
0.4161833559041028 0.2490578951388684 0.6661833559041028	Ru
0.6666871626435480 0.7500308713283630 0.9166871626435480	Ru
0.9165443255882835 0.2479505399504873 0.1665443255882835	Ru
0.1666731303581628 0.7501458970089274 0.4166731303581628	Ru
0.0840459934606699 0.2488529995316355 0.8322625933894727	Ru
0.3325786362196510 0.7498624365770965 0.0849516071014236	Ru
0.5822625933894727 0.2488529995316355 0.3340459934606699	Ru
0.8349516071014236 0.7498624365770965 0.5825786362196510	Ru
0.0840459934647981 0.7511470005017102 0.8322625933936010	Ru
0.3325786362205037 0.2501375634783827 0.0849516071022833	Ru
0.5822625933936010 0.7511470005017102 0.3340459934647981	Ru
0.8349516071022833 0.2501375634783827 0.5825786362205037	Ru
0.9595766358239501 0.5000000000236682 0.7069029068519370	Ru
0.2073982735946842 0.0000000000074039 0.9587357799610388	Ru
0.4569029068519370 0.5000000000236682 0.2095766358239501	Ru
0.7087357799610388 0.0000000000074039 0.4573982735946842	Ru
