2176.0000 0.05 1
1.11111
4.44444
11.1111
2.22222
11.1111
4.44444
13.3333
11.1111
20
11.1111
6.66667
11.1111
24.4444
23.3333
17.7778
23.3333
26.6667
18.8889
13.3333
32.2222
18.8889
8.88889
4.44444
10
14.4444
16.6667
34.4444
37.7778
25.5556
40
11.1111
26.6667
17.7778
31.1111
24.4444
32.2222
26.6667
27.7778
40
24.4444
32.2222
46.6667
36.6667
47.7778
70
55.5556
56.6667
41.1111
80
108.889
93.3333
126.667
127.778
138.889
148.889
146.667
161.111
190
187.778
204.444
216.667
267.778
192.222
230
236.667
284.444
237.778
278.889
253.333
263.333
291.111
298.889
317.778
340
316.667
350
284.444
350
304.444
308.889
297.778
298.889
291.111
280
312.222
277.778
242.222
287.778
290
297.778
314.444
318.889
323.333
307.778
335.556
318.889
315.556
292.222
293.333
302.222
302.222
288.889
334.444
355.556
317.778
357.778
375.556
365.556
346.667
354.444
343.333
291.111
251.111
213.333
180
157.778
188.889
241.111
262.222
333.333
351.111
400
422.222
397.778
424.444
410
450
400
384.444
358.889
340
375.556
345.556
394.444
381.111
386.667
380
425.556
407.778
455.556
408.889
405.556
415.556
350
362.222
376.667
368.889
376.667
437.778
417.778
403.333
436.667
405.556
336.667
352.222
325.556
347.778
316.667
328.889
255.556
284.444
264.444
268.889
256.667
244.444
222.222
276.667
211.111
242.222
216.667
230
263.333
221.111
246.667
230
212.222
208.889
227.778
178.889
204.444
174.444
198.889
173.333
177.778
255.556
237.778
234.444
205.556
216.667
170
175.556
196.667
262.222
241.111
220
275.556
242.222
224.444
262.222
345.556
344.444
315.556
310
323.333
313.333
330
377.778
421.111
425.556
423.333
452.222
427.778
513.333
477.778
502.222
470
434.444
351.111
306.667
228.889
120
8.88889
1.11111
0
0
0
0
0
0
0
0
0
0
0
0
0
0
0
0
0
0
0
0
0
0
4.44444
0
2.22222
2.22222
0
4.44444
0
4.44444
0
5.55556
0
0
6.66667
0
4.44444
4.44444
2.22222
2.22222
4.44444
1.11111
2.22222
0
0
0
2.22222
0
2.22222
0
