0.001380 0.010485 0.013203
-0.009175 0.003267 0.003770
-0.000700 0.018700 0.001690
0.011264 0.008746 -0.002901
-0.010364 0.026422 0.012292
-0.009645 0.001193 -0.002964
-0.001437 0.003747 0.005664
-0.004267 -0.003661 -0.002267
-0.013874 -0.010691 -0.001159
-0.013140 0.002023 -0.001406
0.008823 -0.002913 0.000328
-0.008747 -0.006340 -0.003011
0.005266 -0.006976 0.003549
0.001931 -0.018626 -0.001114
-0.005032 0.001757 0.006522
0.016389 -0.011692 0.001813
-0.001464 0.010306 0.012532
-0.006747 0.002041 -0.000212
-0.001961 0.019615 0.001523
0.011550 0.008097 -0.003350
-0.002083 0.016915 -0.006431
-0.010610 0.000386 -0.002865
0.000322 0.005464 0.008243
-0.001133 -0.014965 -0.002616
-0.000976 -0.012348 -0.001722
-0.011799 -0.005402 -0.001838
0.014532 -0.008076 0.000716
-0.009115 -0.006492 -0.005693
0.005786 -0.008130 0.003810
0.003506 -0.018980 0.000234
-0.008080 -0.004477 0.001265
0.010295 -0.003420 0.002551
-0.000712 0.010937 0.012023
-0.007554 0.001936 -0.000647
-0.001596 0.019697 -0.000664
0.011514 0.008459 -0.003396
-0.002077 0.015275 -0.005938
-0.009723 0.001216 -0.001796
-0.010240 0.015701 -0.013603
-0.000377 -0.015308 -0.002616
-0.000909 -0.012223 -0.000827
-0.011982 -0.005226 -0.001806
0.010725 -0.007128 0.000417
-0.008846 -0.006700 -0.001242
0.006464 -0.008769 0.004207
0.003254 -0.019609 -0.001918
-0.001265 0.002211 0.002146
0.014327 -0.011275 0.002976
-0.049903 0.040754 -0.050544
-0.017095 0.001104 -0.000416
-0.000111 0.020482 0.005423
0.011928 0.006899 -0.003205
-0.000612 0.014540 -0.004666
-0.008978 -0.001566 -0.005364
-0.001341 0.002879 0.004683
-0.007388 -0.016334 -0.006847
-0.000384 -0.010780 -0.001377
-0.013154 -0.009368 -0.001825
0.010096 -0.008755 -0.005426
-0.009924 -0.005374 -0.002936
0.005360 -0.005831 0.003841
-0.008882 -0.069641 -0.002329
-0.002999 0.000201 0.002023
0.013403 -0.016637 0.001335
-0.001506 0.010989 0.012108
-0.008860 0.000884 0.000870
-0.000829 0.018832 0.000076
0.010337 0.009474 -0.002795
-0.001745 0.017858 -0.009829
-0.009059 0.001361 -0.002685
-0.000363 0.002929 0.004185
0.001607 -0.015739 -0.002505
-0.003610 -0.010700 -0.000532
-0.010163 -0.003416 -0.001829
0.011777 -0.006223 0.000614
-0.008935 -0.006983 -0.003864
0.000210 -0.007152 0.003568
0.002017 -0.019063 -0.000684
-0.004369 0.002077 -0.003279
0.013853 -0.011560 0.003459
-0.000780 0.011173 0.012508
-0.009666 0.001705 0.000575
-0.001915 0.018204 0.001175
0.013083 0.007252 -0.002059
-0.002462 0.016092 -0.005251
-0.008952 0.001212 -0.000403
0.001091 0.002383 0.003985
0.000294 -0.018115 -0.002106
-0.004502 -0.011096 -0.001521
-0.017141 -0.003272 0.001221
0.012022 -0.005657 0.000622
-0.011627 -0.008007 -0.004073
0.004023 -0.007718 0.003129
0.004832 -0.019157 -0.001164
-0.003347 0.000120 0.001788
0.003896 -0.010947 0.002096
0.001908 0.011234 0.012452
-0.010242 0.000701 0.001150
-0.001522 0.018847 0.000641
0.010360 0.011752 -0.010238
-0.002262 0.015227 -0.006622
-0.012074 -0.003060 0.001722
-0.003077 0.007360 0.000984
-0.007605 -0.031030 -0.002743
-0.013335 -0.011648 -0.000706
-0.017043 -0.004226 -0.004085
-0.000847 -0.007298 0.000425
-0.028635 0.003146 -0.000121
-0.048325 0.015068 0.003006
0.004537 -0.019249 -0.000541
-0.003045 0.000569 0.002150
0.014552 -0.010865 0.002760
-0.000436 0.011689 0.011807
-0.006801 0.001169 -0.000972
-0.000849 0.018878 0.000393
0.011455 0.007500 -0.002462
-0.002450 0.019837 -0.001976
-0.017516 -0.007404 0.014746
-0.001088 0.003756 0.003948
-0.004602 -0.016114 -0.000532
-0.001139 -0.010810 -0.001077
-0.011028 -0.005662 -0.002193
0.010718 -0.010094 0.007528
-0.010819 -0.005878 -0.003187
0.004457 -0.005232 0.003630
0.002750 -0.019839 -0.001170
-0.014383 0.002053 0.001109
0.012695 -0.014530 0.003870
-0.000589 0.003535 -0.005033
0.007695 0.009678 -0.002977
-0.012701 0.011780 0.003084
0.007240 0.023759 -0.001699
0.002634 -0.005417 0.000405
0.000292 0.004407 -0.009641
-0.010065 0.000397 -0.003365
0.004023 0.006503 -0.000041
0.000072 0.007955 -0.002358
0.018751 -0.012569 0.002899
-0.009132 0.010329 0.001869
-0.006035 -0.001308 -0.000774
0.010075 -0.005112 0.000564
-0.002309 -0.007152 0.004293
-0.000313 -0.009529 0.002756
-0.029803 0.022326 0.001747
-0.000385 0.005125 -0.005853
0.008407 0.008728 0.000140
-0.011397 0.011193 0.001851
0.006068 0.021976 -0.003072
-0.000543 -0.001428 0.000210
0.002868 0.004455 -0.011341
-0.006145 -0.001741 0.001245
0.004784 0.004187 -0.000217
-0.000240 0.007868 -0.002876
0.020072 -0.012789 0.003122
-0.007712 0.009798 0.002090
-0.000438 -0.000408 -0.000109
0.011153 -0.003726 0.000252
-0.012580 -0.005978 0.004314
0.011365 -0.009919 0.001835
-0.018137 -0.012211 0.002613
-0.000771 0.003686 -0.005023
-0.000072 0.007565 -0.001495
-0.010917 0.010837 0.002812
0.008666 0.023560 -0.001244
-0.000391 -0.001990 -0.000262
0.000443 0.003374 -0.009856
-0.007091 -0.001190 0.000897
0.003380 0.005649 -0.000351
-0.000438 0.007023 -0.000020
0.016716 -0.011851 0.003089
-0.007984 0.010464 0.001958
-0.005919 -0.000849 -0.000176
-0.019722 -0.002908 -0.000089
-0.003116 -0.004887 0.004471
0.010937 -0.010219 0.002294
-0.017555 -0.011896 0.000375
-0.001125 0.003740 -0.004405
0.007760 0.008669 -0.001978
-0.016676 0.002976 -0.013919
0.007316 0.024034 -0.000671
0.000660 -0.002367 -0.000245
0.001163 0.004253 -0.010320
-0.006940 -0.002124 0.002736
0.001771 0.001973 0.002401
-0.001165 0.007403 -0.001576
0.015117 -0.011315 0.001897
-0.007275 0.011294 0.005260
-0.005075 -0.002031 -0.001264
0.011225 -0.003878 -0.000159
-0.002269 -0.005459 0.004988
0.008826 -0.007149 0.001882
-0.015227 -0.012391 0.003091
0.002034 0.000980 -0.006134
0.005738 0.004947 -0.005044
-0.009848 0.010338 0.002678
0.006597 0.023512 -0.001723
-0.000040 -0.002574 -0.000025
0.001117 0.003273 -0.010418
-0.006958 -0.002187 0.000509
0.003163 0.005094 -0.000535
-0.001940 0.008488 -0.001758
0.016507 -0.012072 0.003016
-0.010615 0.010026 0.002126
-0.000420 -0.001270 0.000889
0.011662 -0.007146 -0.000070
-0.003655 -0.007017 0.004431
0.011221 -0.009007 0.002728
-0.018218 -0.012339 0.000820
0.000514 0.002500 -0.003661
0.006912 0.010190 -0.002628
-0.009428 0.011163 0.000230
0.009919 0.024488 0.000152
0.000391 -0.003818 -0.001842
0.001928 0.004876 -0.009128
-0.008788 -0.001776 0.000963
0.004285 0.005496 -0.002418
0.002806 0.007800 -0.003245
0.020278 -0.011690 0.003224
-0.009169 0.011147 0.001266
-0.005346 -0.000056 0.000058
0.010721 -0.004908 0.000315
-0.003614 -0.007260 0.004670
0.012638 -0.008795 0.002059
-0.016282 -0.011341 0.001334
-0.052482 -0.025004 0.053638
0.008648 0.007040 -0.001463
-0.013152 0.006381 -0.001569
0.015986 0.022632 -0.004315
-0.053530 -0.032521 -0.060548
-0.048499 0.031882 0.044719
-0.010518 -0.002474 -0.001026
-0.004495 0.004486 -0.002277
0.008349 0.007357 0.000367
0.020441 -0.010647 0.002938
-0.022947 0.019393 0.002060
0.561758 -0.006819 0.008255
0.012890 -0.006790 -0.000473
-0.068986 -0.034551 0.005853
0.008393 -0.014278 0.002675
-0.015254 -0.012097 0.001290
0.000735 0.003197 -0.005204
0.009487 0.006834 -0.001965
-0.009656 0.008686 0.004987
0.005939 0.022552 -0.002058
-0.000582 -0.002568 -0.000931
0.003804 0.005486 -0.009814
-0.014794 -0.002289 0.001327
0.002537 0.006626 -0.000427
0.000403 0.008940 -0.003252
0.015074 -0.011164 0.004257
-0.007267 0.010950 -0.000947
-0.004021 -0.002044 0.000846
-0.008773 -0.006816 0.000300
-0.003405 -0.005232 0.003515
0.009879 -0.006641 0.003382
-0.016540 -0.011597 0.001051
