2176.0000 0.05 1
1.11111
4.44444
11.1111
2.22222
11.1111
4.44444
13.3333
11.1111
20
11.1111
6.66667
11.1111
24.4444
23.3333
17.7778
23.3333
26.6667
18.8889
13.3333
32.2222
18.8889
8.88889
4.44444
10
14.4444
16.6667
34.4444
37.7778
25.5556
40
11.1111
26.6667
17.7778
31.1111
24.4444
32.2222
26.6667
27.7778
40
24.4444
32.2222
46.6667
36.6667
47.7778
70
55.5556
56.6667
41.1111
80
108.889
93.3333
126.667
127.778
136.667
151.111
146.667
161.111
190
192.222
197.778
216.667
270
192.222
230
230
291.111
235.556
281.111
253.333
263.333
290
300
317.778
340
316.667
350
286.667
347.778
301.111
312.222
296.667
300
291.111
275.556
314.444
275.556
246.667
287.778
290
297.778
314.444
315.556
324.444
307.778
335.556
318.889
315.556
294.444
294.444
296.667
305.556
290
330
360
314.444
361.111
375.556
361.111
353.333
350
341.111
291.111
253.333
215.556
177.778
157.778
188.889
243.333
262.222
333.333
350
396.667
422.222
397.778
427.778
411.111
450
400
384.444
361.111
340
373.333
343.333
396.667
383.333
376.667
383.333
430
403.333
457.778
406.667
410
408.889
356.667
362.222
374.444
368.889
376.667
437.778
411.111
414.444
434.444
405.556
338.889
350
322.222
351.111
315.556
327.778
255.556
286.667
260
272.222
257.778
242.222
222.222
278.889
208.889
244.444
214.444
232.222
263.333
218.889
242.222
234.444
216.667
206.667
227.778
176.667
205.556
174.444
197.778
175.556
174.444
260
232.222
235.556
210
215.556
170
175.556
196.667
262.222
236.667
224.444
275.556
238.889
223.333
266.667
345.556
337.778
320
307.778
327.778
307.778
333.333
377.778
414.444
427.778
430
447.778
432.222
508.889
477.778
506.667
467.778
433.333
353.333
303.333
226.667
116.667
12.2222
1.11111
0
0
0
0
0
0
0
0
0
0
0
0
0
0
0
0
0
0
0
0
0
0
6.66667
2.22222
2.22222
0
0
2.22222
8.88889
2.22222
1.11111
2.22222
2.22222
0
4.44444
2.22222
2.22222
8.88889
0
2.22222
2.22222
3.33333
0
2.22222
0
0
2.22222
0
2.22222
0
