0.005242 0.000312 0.011591
-0.008611 -0.008525 0.000757
0.004378 0.008877 0.001694
0.012371 0.007800 -0.002329
-0.000050 0.012776 -0.009517
-0.008524 0.000461 -0.001982
-0.001021 0.003015 0.003900
0.001177 -0.014604 -0.002347
-0.004024 -0.011060 -0.000748
-0.011133 -0.006384 -0.003161
0.011987 -0.006493 0.001491
-0.010263 -0.006258 -0.002048
0.004457 -0.007604 0.003758
0.003570 -0.016511 -0.001949
-0.003712 0.000004 -0.000747
0.014857 -0.011446 0.002490
-0.000307 0.010639 0.012661
-0.010168 0.001183 0.000420
-0.002956 0.019443 0.000788
0.010761 0.008921 -0.003281
-0.005133 0.008278 -0.005398
-0.010887 -0.000776 -0.002748
-0.000443 0.003614 0.003739
0.000507 -0.016157 -0.001999
-0.004029 -0.012023 -0.000944
-0.012529 -0.005910 -0.001908
0.010654 -0.006289 0.000057
-0.010806 -0.004973 -0.002682
0.003712 -0.007946 0.004129
0.003591 -0.019266 -0.000296
-0.004194 0.000304 0.000732
0.013676 -0.013009 0.002252
-0.000342 0.011317 0.011635
-0.010259 0.001160 0.000734
-0.001743 0.017852 0.000449
0.011035 0.010747 -0.003127
-0.001709 0.016863 -0.006284
-0.011095 0.002225 -0.002315
0.052068 -0.036972 0.001462
-0.002294 -0.015458 -0.002667
-0.002183 -0.012223 0.003766
-0.011180 -0.005740 -0.002127
0.011912 -0.006771 0.001132
-0.005694 -0.011818 -0.005698
0.004641 -0.006367 0.004038
0.003486 -0.019775 -0.001150
-0.002486 0.001642 0.002161
0.013293 -0.011415 0.002653
-0.002960 0.012297 0.013442
-0.008448 0.001568 0.000146
-0.003512 0.016084 -0.004103
0.013335 0.007551 -0.000326
-0.001475 0.014942 -0.006213
-0.009028 0.001167 -0.001914
-0.000390 0.006547 0.003777
0.000826 -0.014754 -0.001583
-0.003482 -0.012256 -0.001799
-0.010576 -0.004447 -0.001674
0.012192 -0.005694 0.001608
-0.009158 -0.000667 -0.001793
0.002019 -0.014635 0.000626
0.000024 -0.025084 0.000196
-0.003811 -0.000232 0.001196
0.013796 -0.011941 0.000255
-0.000355 0.009264 0.012938
-0.008626 0.001366 0.000419
-0.001092 0.019302 0.000208
0.011681 0.008405 -0.003138
0.000724 0.010697 0.001150
-0.004788 -0.003619 -0.001898
-0.000681 0.002547 0.005001
-0.000800 -0.016410 -0.004070
-0.002977 -0.011342 -0.001934
-0.011376 -0.004542 -0.001945
0.010493 -0.005033 0.000636
-0.008773 -0.005983 -0.003866
0.003556 -0.007391 0.003465
0.003393 -0.019369 -0.000827
-0.003335 -0.015138 0.018237
0.014933 -0.011523 0.004030
-0.003542 0.010411 0.012172
-0.009371 0.000539 0.000427
-0.000291 0.019454 0.000213
0.012121 0.008301 -0.002566
-0.002408 0.014687 -0.006985
-0.013256 -0.004924 -0.002768
-0.000025 0.004256 0.006534
0.000505 -0.013423 0.000460
-0.004505 -0.009944 0.001989
-0.011600 -0.004853 -0.001137
0.008668 -0.003630 -0.001750
-0.007648 -0.003465 -0.005437
0.004995 -0.007207 0.002285
0.000996 -0.016422 0.001152
-0.003231 -0.000111 0.001662
0.013062 -0.010985 0.002249
-0.015824 -0.009690 0.012154
-0.008998 -0.012739 0.000851
-0.000879 0.007557 0.000431
-0.043021 -0.031749 -0.005344
-0.001907 0.015574 -0.005252
-0.013997 -0.002307 -0.000335
0.000164 0.003507 0.003367
-0.002776 -0.021815 -0.000487
-0.001830 -0.017596 0.003151
0.015126 -0.020693 0.033555
0.001175 -0.002529 0.010227
0.002714 -0.002428 0.005160
0.004417 -0.006959 -0.000029
-0.008157 -0.015621 -0.012230
-0.003096 0.000307 0.002436
0.013721 -0.012359 0.002882
-0.002241 0.012022 0.011561
-0.008232 0.001654 0.000542
-0.003495 0.015881 0.006473
0.012339 0.006810 -0.004598
-0.000266 0.006387 -0.005979
-0.010068 -0.007410 -0.001847
-0.000442 0.003065 0.005131
-0.000962 -0.015492 0.001362
-0.001556 -0.010845 -0.001389
-0.011494 -0.005118 -0.001415
0.007422 -0.012381 -0.000874
-0.010002 -0.006356 -0.003986
0.005497 -0.004985 0.002117
0.003594 -0.018351 -0.001650
-0.005297 0.000952 0.002217
0.010664 -0.082002 -0.074298
0.000062 0.003433 -0.004927
0.007533 0.007504 -0.002157
-0.009421 0.012297 0.002888
0.007606 0.025528 -0.001324
-0.000108 -0.003450 -0.000477
0.001538 0.004789 -0.009926
-0.007952 -0.000849 0.003459
0.000750 0.008213 -0.000356
-0.001583 0.006945 -0.002286
0.016240 -0.011696 0.003525
-0.008380 0.010275 0.001648
-0.004363 -0.000955 -0.000225
0.012304 -0.005553 -0.000009
-0.004053 -0.004764 0.004123
0.014233 -0.015638 0.003366
-0.016699 -0.023965 -0.015340
0.000050 0.003535 -0.005124
0.008939 0.010505 -0.005636
-0.010897 0.010717 0.002206
0.007335 0.023499 -0.001369
0.000769 -0.001598 -0.001168
0.000955 0.006028 -0.009745
-0.005708 0.002656 0.000590
0.002639 0.005791 -0.000354
-0.000406 0.008006 -0.002137
0.018820 -0.012281 0.002888
-0.007477 0.009713 0.001262
-0.004780 -0.001838 0.000582
0.010469 -0.005327 -0.000718
-0.005161 -0.005823 0.005177
0.009367 -0.009421 0.000666
-0.017933 -0.011605 0.002288
-0.002420 0.005637 -0.004986
0.008987 0.009615 -0.000400
-0.010567 0.010872 0.002448
0.006316 0.024150 -0.002936
0.000464 -0.003325 0.000366
0.000634 0.006478 -0.010470
-0.005497 -0.000951 0.000194
0.003571 0.006126 0.000178
-0.000078 -0.001132 -0.001683
0.019296 -0.010995 0.002638
-0.006803 0.010402 0.001989
-0.007532 -0.002203 -0.000713
0.012312 -0.004956 -0.003641
-0.003589 -0.006441 0.004043
0.011028 -0.010671 0.003168
-0.015658 -0.011006 0.000305
0.000804 0.004413 -0.005021
0.007569 0.008289 -0.003164
-0.009318 0.010802 0.003445
0.006754 0.022384 -0.002189
-0.001250 -0.002920 -0.000973
0.003404 0.007037 -0.009772
-0.006534 0.004409 0.000340
0.003683 0.007240 0.000662
-0.005818 -0.000279 -0.001653
0.017858 -0.011024 0.003328
-0.008941 0.009394 0.001401
-0.004699 -0.001988 0.001671
0.011700 -0.005912 0.000718
-0.003975 -0.005222 0.004470
0.011755 -0.007382 0.004218
-0.016680 -0.012778 0.001935
-0.000646 0.005742 -0.005433
0.001097 -0.005068 -0.002382
-0.009457 0.010005 0.001830
0.007344 0.023020 -0.001698
-0.000416 -0.001502 0.000141
0.001778 0.003797 -0.010183
-0.010747 0.004371 -0.002789
0.001353 0.007674 -0.000059
-0.000631 0.007198 -0.001776
0.018051 -0.011690 0.002996
-0.009069 0.009605 0.002439
-0.003783 -0.001449 0.000413
0.010847 -0.003937 0.000826
-0.003040 -0.007536 0.005748
0.009434 -0.008973 0.001266
-0.016451 -0.012788 0.004268
0.000612 -0.001116 -0.004886
0.024080 -0.016281 -0.001670
-0.009226 0.010895 0.001997
0.005098 0.023574 -0.001732
0.000241 -0.004372 -0.000682
0.000962 0.001304 -0.011174
-0.007966 -0.000564 0.001310
0.002094 0.003092 -0.000141
0.002859 0.003129 -0.006549
0.018970 -0.011897 0.003139
-0.008654 0.011542 0.004611
-0.005651 -0.000356 -0.000598
0.014525 -0.011439 -0.003096
-0.002942 -0.005149 0.004290
0.009747 -0.009510 0.002338
-0.016168 -0.012369 -0.000388
0.000771 0.000170 -0.005380
0.009547 0.006994 -0.002616
-0.007479 -0.033873 0.004302
-0.000938 -0.010584 -0.002179
-0.000129 0.573543 0.002093
0.022780 -0.002821 -0.009733
-0.008937 0.000758 -0.000132
-0.016784 -0.001295 -0.000869
0.003008 0.003903 0.000673
0.018241 -0.012647 0.001523
-0.006624 -0.062463 0.076492
-0.033934 -0.024521 -0.030917
0.010761 -0.003436 -0.001796
0.024813 -0.028429 -0.027657
0.010398 -0.006386 0.001615
-0.015922 -0.011447 0.002596
0.000691 0.004219 -0.005067
0.006948 0.008927 -0.002012
-0.009124 0.010199 0.001021
0.007027 0.022737 -0.000861
-0.001101 -0.002298 -0.000089
0.003564 0.005866 -0.010120
-0.010778 -0.000618 0.000586
0.004225 0.007111 -0.000293
0.001269 0.009070 -0.002178
-0.006156 -0.030310 0.032871
-0.009388 0.010638 0.002368
-0.004859 -0.001130 -0.000162
0.013262 -0.005544 0.000280
-0.001892 -0.005248 0.003804
0.021638 -0.005426 -0.006690
-0.018306 -0.011655 0.001163
