2176.0000 0.05 1
1.11111
4.44444
11.1111
2.22222
11.1111
4.44444
13.3333
11.1111
20
11.1111
6.66667
11.1111
24.4444
23.3333
17.7778
23.3333
26.6667
18.8889
13.3333
32.2222
18.8889
11.1111
2.22222
10
14.4444
16.6667
34.4444
37.7778
25.5556
40
11.1111
26.6667
17.7778
31.1111
24.4444
32.2222
26.6667
27.7778
40
24.4444
32.2222
46.6667
36.6667
47.7778
70
55.5556
56.6667
41.1111
77.7778
107.778
96.6667
126.667
127.778
136.667
151.111
146.667
161.111
190
190
202.222
216.667
267.778
192.222
230
236.667
284.444
235.556
278.889
255.556
263.333
288.889
303.333
315.556
340
316.667
350
282.222
352.222
301.111
310
296.667
302.222
291.111
277.778
314.444
271.111
251.111
281.111
294.444
297.778
314.444
314.444
323.333
312.222
331.111
318.889
316.667
293.333
295.556
300
304.444
288.889
330
360
314.444
360
374.444
361.111
348.889
354.444
341.111
293.333
253.333
213.333
177.778
160
191.111
241.111
262.222
333.333
351.111
397.778
420
396.667
430
412.222
447.778
400
382.222
354.444
344.444
373.333
345.556
400
377.778
380
382.222
430
404.444
461.111
404.444
410
408.889
352.222
362.222
378.889
366.667
376.667
437.778
413.333
412.222
436.667
401.111
341.111
352.222
322.222
351.111
312.222
331.111
255.556
286.667
260
270
257.778
242.222
224.444
278.889
208.889
243.333
215.556
232.222
258.889
225.556
242.222
232.222
214.444
206.667
227.778
176.667
210
172.222
197.778
175.556
177.778
255.556
233.333
233.333
211.111
216.667
168.889
176.667
196.667
262.222
238.889
222.222
274.444
240
225.556
262.222
345.556
340
320
310
325.556
306.667
332.222
382.222
416.667
427.778
425.556
443.333
436.667
507.778
474.444
501.111
465.556
428.889
350
321.111
222.222
125.556
14.4444
1.11111
0
0
0
0
0
0
0
0
0
0
0
0
0
0
0
0
0
0
0
0
0
2.22222
4.44444
0
2.22222
0
0
0
4.44444
4.44444
2.22222
3.33333
2.22222
0
6.66667
0
4.44444
6.66667
0
2.22222
2.22222
3.33333
0
2.22222
0
0
2.22222
0
2.22222
0
