0.011471 0.002631 0.000925
-0.005507 -0.001541 -0.000217
0.010817 0.004044 -0.000168
0.002423 0.000641 -0.004231
0.008013 0.003661 -0.002261
-0.000038 -0.003621 -0.000646
-0.005485 -0.002554 -0.005344
-0.005230 0.005897 0.000205
-0.009054 0.000482 -0.008571
0.004925 -0.001501 -0.002343
-0.006174 0.001818 -0.000010
-0.005528 -0.002705 0.001210
-0.001680 -0.005740 0.010653
-0.005278 -0.000515 0.000510
0.004348 0.000903 -0.004501
0.002616 -0.003531 0.007474
0.010622 0.002501 0.000221
-0.005738 -0.001377 0.000776
0.009205 0.006300 -0.001142
0.001791 0.000992 -0.003558
0.008758 0.002048 -0.003572
-0.000563 -0.003299 0.000491
-0.004785 -0.001441 -0.004357
-0.006251 0.005862 0.001213
-0.009079 0.000185 -0.007179
0.004846 -0.001788 -0.001530
-0.004109 -0.002470 0.004225
-0.005121 -0.002043 0.002162
0.000194 -0.004397 0.010090
-0.009824 0.002864 -0.006573
0.008806 -0.002896 -0.010102
0.002835 -0.001464 -0.000149
0.011180 0.002433 0.001118
-0.005622 -0.001544 0.001498
0.009528 0.004557 0.000870
0.017463 0.001138 -0.017401
0.013807 0.006887 -0.012454
-0.002060 -0.004439 0.001753
-0.005358 -0.002561 -0.001908
0.027891 0.005472 -0.034226
-0.008847 0.001303 -0.004477
0.006283 -0.002298 -0.001182
-0.005926 -0.006912 -0.000580
-0.026146 -0.001828 -0.016934
-0.003309 -0.007051 0.007280
-0.012019 0.003881 -0.006820
0.007186 0.001156 -0.005317
0.002718 -0.000320 0.006913
0.010575 0.002728 0.001138
-0.005638 -0.001247 0.002576
0.010670 0.003769 -0.000584
0.001342 0.000464 -0.004556
0.009010 0.000649 -0.002230
0.000159 -0.003353 -0.000338
-0.004626 -0.003160 -0.004801
-0.006016 0.006085 -0.000044
-0.008634 0.001309 -0.007922
0.004471 -0.002990 -0.001344
-0.002265 -0.000710 0.007027
-0.005912 -0.002826 0.000790
-0.001793 -0.005637 0.008227
-0.005322 0.000313 -0.000571
0.003305 0.001496 -0.004414
0.002621 -0.002433 0.002688
0.010493 0.002556 0.008289
-0.004430 -0.001153 0.001626
0.010645 0.004452 0.000921
0.001941 0.000610 -0.003277
0.009012 0.002806 -0.001751
-0.000071 -0.003024 0.000840
-0.004927 -0.001408 -0.004779
-0.005448 0.005685 0.001262
-0.008790 -0.000052 -0.007524
0.009582 0.000929 -0.007548
-0.002112 -0.002503 0.005136
-0.005962 -0.002291 0.001471
-0.001767 -0.005176 0.009351
-0.004851 -0.001534 0.000400
0.008814 0.006273 -0.011488
0.002510 -0.001817 0.000651
0.010587 0.002144 0.001730
-0.005418 -0.001651 0.000728
0.010533 0.003853 0.000512
0.002190 0.000565 -0.003590
0.008501 0.002655 -0.003347
-0.001435 -0.002808 -0.001059
-0.004586 -0.001304 -0.004104
-0.005016 0.005787 0.000017
-0.008358 -0.000308 -0.008056
0.005143 -0.001193 -0.002420
-0.006356 -0.001972 0.000801
-0.005926 -0.002406 0.000877
-0.002525 -0.005735 0.010018
-0.007251 -0.001216 0.001439
0.002977 0.000123 -0.003588
0.002150 -0.001994 -0.000252
0.010915 0.001873 0.000703
-0.004945 0.000413 -0.001703
0.011988 0.003374 0.000407
-0.013060 0.001036 -0.017645
0.004000 -0.002096 -0.012802
-0.038604 -0.002879 -0.031258
-0.002997 -0.039176 -0.036860
-0.003849 0.005792 0.002585
-0.010255 0.040569 -0.041066
0.010632 0.003018 -0.008050
-0.002372 -0.003932 0.006511
0.013146 -0.001369 -0.018707
-0.001962 -0.005053 0.009755
-0.006806 -0.000176 0.001843
0.008724 0.000181 -0.009372
0.002780 -0.001400 0.001889
0.010974 0.002688 0.004746
-0.006944 -0.001944 0.001590
0.009442 0.004875 -0.001219
0.002835 0.000565 -0.003518
0.008929 0.002368 -0.004082
-0.002038 -0.003054 -0.001158
-0.004290 -0.000921 -0.005182
-0.005612 0.006159 0.000197
-0.008516 -0.000438 -0.006904
0.006628 -0.002460 -0.000308
-0.002551 -0.002452 0.005039
-0.006484 -0.002377 0.001450
-0.001786 -0.005548 0.009370
-0.005653 0.000250 -0.000311
0.003250 0.002249 -0.003877
0.002607 -0.001885 0.000635
-0.012451 0.000548 0.002454
0.003332 -0.002837 0.002079
-0.002676 0.001476 0.002944
-0.004388 0.004124 0.002217
-0.002939 0.006960 -0.000590
0.006450 -0.000625 -0.000366
0.004351 -0.001925 -0.004126
0.003430 0.000601 -0.000537
0.009625 0.006464 0.002369
-0.001472 -0.005456 -0.006775
0.002311 0.000996 0.004954
-0.022174 -0.004118 -0.006298
0.003054 0.004170 0.011453
-0.001176 -0.008406 -0.008939
0.017277 0.001037 0.000150
-0.005996 0.000309 0.007303
-0.012626 -0.002304 0.003566
0.007127 0.002214 -0.003561
-0.002386 0.002238 0.003236
-0.004587 0.003010 0.001329
-0.002276 0.006246 -0.001469
0.005570 -0.001241 0.002135
0.004978 -0.000858 -0.002987
0.002995 0.000394 -0.001413
0.009430 0.004695 0.001726
-0.001569 -0.006357 -0.005526
0.002417 0.003836 0.005925
-0.022527 0.019618 -0.029018
0.003845 0.005336 0.012862
-0.001283 -0.007622 -0.008501
0.022098 -0.001569 -0.005005
-0.006137 -0.000200 0.008809
-0.011692 0.009154 -0.005510
0.010052 -0.002785 -0.004708
-0.007953 -0.002833 -0.003013
-0.003389 -0.003502 0.463181
-0.002917 0.005173 -0.000624
0.005887 -0.001184 -0.000653
0.009694 -0.004523 -0.013133
0.001273 0.000515 -0.025554
0.006208 0.010588 -0.007401
0.000033 -0.006107 -0.002973
0.004787 -0.007604 -0.003607
-0.022413 -0.004100 0.006862
-0.013859 0.004366 0.003373
-0.004199 -0.011793 -0.017824
0.018863 0.001316 0.001113
-0.005423 0.000435 0.007714
-0.011810 0.001416 0.000089
0.003054 -0.002706 0.001342
-0.002318 0.001547 0.002497
-0.004033 0.003578 0.013429
-0.007225 0.012057 -0.007307
0.004845 -0.002334 -0.000997
0.004688 0.000598 -0.003775
0.002985 0.000341 -0.000159
0.009729 0.004269 0.002655
-0.002074 -0.005866 -0.006156
0.002669 -0.000006 0.001726
-0.022443 -0.004179 -0.004185
0.003611 0.004169 0.010469
-0.000501 -0.006192 -0.008789
0.017391 0.001861 0.001152
-0.005808 0.000885 0.007414
-0.012671 -0.001990 0.003617
0.006435 -0.007553 -0.003625
-0.006913 -0.001260 -0.002485
-0.004433 0.004432 0.001317
-0.004342 0.006259 -0.001196
0.006185 -0.001125 -0.001651
0.004767 -0.000186 -0.005032
0.002770 0.000217 -0.001442
0.009436 0.006005 0.003073
-0.002182 -0.005421 -0.005135
0.002364 0.004040 0.006101
-0.022043 -0.027494 -0.028566
0.003361 0.004693 0.012599
-0.001021 -0.007033 -0.009783
0.017744 0.001574 0.000929
-0.003718 -0.001258 0.005141
-0.012551 -0.002967 0.003939
0.004408 -0.001598 0.002520
-0.002670 0.001150 0.002280
-0.003887 0.004013 0.001256
-0.002534 0.006504 -0.000467
0.005860 -0.000710 -0.000481
0.004138 -0.001099 -0.005344
0.003299 0.000185 0.000743
0.009886 0.005366 0.001193
-0.001333 -0.006385 -0.006436
0.001966 0.003967 0.005512
-0.023191 -0.021680 -0.022551
0.002198 0.004976 0.011794
-0.000554 -0.007897 -0.011054
0.019388 0.002274 0.002492
-0.006025 0.000146 0.006511
-0.012208 0.000553 0.006508
0.004830 -0.002383 0.001217
-0.003343 0.001641 0.004085
-0.004388 0.004134 -0.000587
-0.006940 0.002201 -0.006409
0.005462 -0.000405 -0.000533
-0.001006 0.003803 -0.014849
0.004809 0.000098 -0.031846
0.012597 0.000400 -0.007641
0.016546 -0.006142 -0.010129
0.002236 0.001611 0.009410
-0.022563 -0.004247 -0.006546
0.001528 0.004271 0.015649
0.003475 -0.002254 -0.019671
0.023299 -0.003098 -0.005939
-0.007438 0.000803 0.007772
-0.013090 -0.002050 0.002537
0.004266 -0.004390 0.002504
-0.003737 0.002472 0.003258
-0.004220 0.003650 0.001318
-0.009250 0.006142 -0.008363
0.006065 -0.001621 0.000272
0.004444 -0.000748 -0.005183
0.003084 0.000450 0.000816
0.009094 0.005442 0.000909
-0.000871 -0.005455 -0.006655
0.002409 0.004355 0.006185
-0.022979 0.014684 -0.023580
0.003473 0.004614 0.011269
0.000195 -0.007237 -0.010623
0.017626 0.001088 0.000010
-0.005795 0.000749 0.008555
