2176.0000 0.05 1
1.875
3.75
6.25
6.25
7.5
16.25
8.75
7.5
17.5
15
14.375
16.25
25
16.25
6.25
31.25
23.125
19.375
28.75
8.75
10
13.125
10
10.625
16.875
18.75
25
30
37.5
19.375
25
26.25
13.75
26.875
20.625
29.375
21.25
41.25
44.375
30.625
40
52.5
48.75
44.375
44.375
66.25
55.625
48.125
85
91.875
96.25
126.25
136.875
136.25
138.125
152.5
183.125
150.625
158.125
200.625
176.875
176.25
233.125
251.875
268.75
235.625
237.5
274.375
297.5
306.25
301.25
319.375
300.625
311.875
321.875
340.625
338.125
363.125
316.25
353.125
373.75
367.5
323.125
362.5
333.75
380.625
314.375
297.5
301.25
288.75
271.25
251.25
235.625
241.875
262.5
294.375
208.125
250
311.25
296.25
310
312.5
312.5
299.375
250
292.5
309.375
296.875
326.875
273.125
282.5
298.125
277.5
318.75
293.75
312.5
248.75
299.375
354.375
318.125
313.125
318.125
324.375
361.25
347.5
378.125
396.875
383.125
386.875
392.5
403.75
428.125
446.25
473.75
448.125
446.875
450.625
435.625
452.5
415
405.625
431.25
377.5
360
318.75
354.375
328.75
307.5
311.875
335.625
303.75
278.75
211.875
258.125
250.625
301.25
280.625
246.25
272.5
225
316.25
288.125
330.625
300
307.5
286.875
286.25
297.5
346.875
296.25
319.375
353.75
373.125
353.125
261.25
289.375
215.625
289.375
343.75
264.375
264.375
268.125
258.75
236.25
247.5
248.125
258.75
330.625
236.25
231.25
235.625
225.625
181.25
247.5
256.25
281.25
255
305.625
254.375
266.25
255
206.875
201.25
271.25
256.875
319.375
350
341.875
356.25
273.125
369.375
287.5
513.75
530.625
519.375
424.375
364.375
263.75
231.25
203.75
168.75
118.75
60
35.625
10
3.75
1.25
3.75
1.875
0
0
0
0
0
0
0
0
0
0
2.5
0
