2176.0000 0.05 1
1.11111
4.44444
11.1111
2.22222
11.1111
4.44444
13.3333
11.1111
20
11.1111
6.66667
11.1111
24.4444
23.3333
17.7778
23.3333
26.6667
18.8889
13.3333
32.2222
18.8889
8.88889
4.44444
10
14.4444
16.6667
34.4444
37.7778
27.7778
37.7778
11.1111
26.6667
17.7778
31.1111
24.4444
32.2222
26.6667
27.7778
40
24.4444
32.2222
46.6667
36.6667
47.7778
70
57.7778
54.4444
41.1111
80
108.889
93.3333
126.667
127.778
141.111
146.667
146.667
161.111
192.222
190
202.222
214.444
270
192.222
227.778
238.889
282.222
237.778
281.111
251.111
265.556
290
304.444
313.333
345.556
311.111
350
286.667
350
302.222
308.889
302.222
292.222
291.111
282.222
312.222
275.556
246.667
285.556
290
300
310
326.667
315.556
310
334.444
322.222
315.556
287.778
297.778
297.778
302.222
291.111
332.222
360
315.556
355.556
380
363.333
348.889
352.222
343.333
291.111
248.889
213.333
182.222
155.556
188.889
241.111
266.667
328.889
358.889
398.889
415.556
400
427.778
406.667
447.778
400
386.667
358.889
342.222
373.333
346.667
392.222
382.222
382.222
382.222
430
404.444
456.667
411.111
403.333
411.111
353.333
370
372.222
362.222
384.444
436.667
415.556
407.778
434.444
407.778
336.667
347.778
322.222
351.111
320
321.111
257.778
284.444
266.667
273.333
254.444
244.444
217.778
276.667
212.222
243.333
214.444
236.667
254.444
225.556
244.444
230
214.444
206.667
230
176.667
208.889
172.222
198.889
173.333
176.667
257.778
234.444
231.111
210
215.556
172.222
173.333
198.889
262.222
238.889
222.222
275.556
237.778
228.889
260
347.778
342.222
323.333
302.222
325.556
308.889
333.333
383.333
414.444
427.778
424.444
450
431.111
508.889
477.778
497.778
465.556
432.222
347.778
316.667
220
121.111
14.4444
3.33333
0
0
2.22222
0
0
0
0
0
0
0
0
0
0
0
0
0
0
0
0
0
0
0
4.44444
2.22222
0
0
2.22222
2.22222
2.22222
4.44444
3.33333
2.22222
2.22222
2.22222
4.44444
0
4.44444
4.44444
2.22222
2.22222
4.44444
1.11111
0
2.22222
0
0
2.22222
0
2.22222
0
