-0.000675 0.010219 0.013120
-0.010718 0.002317 0.001483
-0.002145 0.019440 -0.000420
0.003882 0.007767 -0.002992
-0.001117 0.016245 -0.007132
-0.007841 -0.000182 -0.001064
-0.000013 0.003471 0.004494
-0.002044 -0.013848 -0.002547
-0.004399 -0.010686 -0.001090
-0.030552 0.009541 -0.002244
0.011467 -0.008079 0.000549
-0.010472 -0.006596 -0.004218
0.004875 -0.007373 0.002802
-0.006596 -0.019616 -0.000395
-0.000141 0.000515 0.001214
0.012780 -0.011226 0.002955
-0.001370 0.011904 0.012871
-0.010048 0.001994 -0.000121
-0.010801 0.019131 0.001886
0.010790 0.008548 -0.003778
-0.001122 0.016517 -0.005282
-0.007503 -0.002730 -0.001806
-0.002130 0.003635 0.004537
0.002147 -0.016904 -0.002175
-0.001715 -0.011964 -0.001283
-0.011670 -0.005015 -0.001768
0.001399 -0.006610 0.000424
-0.007295 -0.005659 -0.003574
0.002679 -0.007628 0.003155
0.006011 -0.019000 -0.000907
-0.002886 0.001489 0.000965
0.013151 -0.006261 0.002847
-0.000645 0.011893 0.011183
-0.009321 0.001848 0.000596
-0.000176 0.018348 0.002215
0.011015 0.007949 -0.001896
-0.001147 0.014486 -0.006512
-0.008208 0.001143 -0.001947
0.000848 0.003264 0.005855
-0.000432 -0.016123 -0.003061
-0.002898 -0.011315 -0.001032
-0.011673 -0.005220 -0.001888
0.011238 -0.005581 0.000577
-0.010543 -0.005953 -0.003469
0.003217 -0.007006 0.003825
0.005578 -0.019017 -0.000548
-0.014584 0.001246 0.002085
0.015021 -0.008945 0.002610
0.006736 0.013561 0.017009
-0.020336 -0.007909 -0.015554
-0.002835 0.021501 -0.002991
0.012615 0.007750 -0.003217
-0.001361 0.015840 -0.005051
-0.008316 0.001997 -0.002501
0.003015 0.004521 0.005324
-0.001947 -0.018548 -0.007756
-0.001589 -0.010880 0.000806
-0.010543 -0.005158 -0.001511
0.009761 -0.006045 0.000583
-0.007648 -0.006233 -0.004020
0.006393 -0.007176 0.005311
-0.005961 -0.018784 -0.001552
-0.003785 0.000299 0.001848
0.007274 -0.009311 0.006632
-0.000113 0.011189 0.011935
-0.008183 0.001111 0.001003
-0.000751 0.019313 0.000806
0.012982 0.007815 -0.005204
-0.003250 0.015451 -0.006264
-0.008059 0.001936 -0.002371
-0.000437 0.002438 0.004519
0.000213 -0.015981 -0.002829
-0.005255 -0.011664 -0.001254
-0.013168 -0.006779 -0.001277
0.009338 -0.006627 0.000762
-0.007265 -0.005681 -0.002682
0.004386 -0.007401 0.004718
0.002489 -0.019619 -0.000484
-0.001872 -0.000104 0.001791
0.013174 -0.011545 0.002641
-0.000951 0.010296 0.013166
-0.009057 0.002028 -0.000061
-0.000439 0.019269 0.001480
0.012123 0.007428 -0.002128
-0.002223 0.015328 -0.006583
-0.007963 0.000169 -0.000047
-0.000370 0.003111 0.003094
0.000365 -0.014978 -0.002786
-0.004858 -0.011065 -0.001347
-0.009654 -0.005731 -0.004708
0.009765 -0.004474 0.000816
-0.010752 -0.005947 -0.003829
0.003896 -0.007512 0.004490
0.005273 -0.020044 -0.001380
-0.003391 0.003045 0.001807
0.011887 -0.014884 0.002885
-0.000909 0.011047 0.011931
-0.013220 -0.003633 -0.004720
0.001124 0.020841 0.002254
0.010999 0.011339 0.000569
0.001192 0.017201 -0.006400
-0.017387 -0.000712 -0.000540
-0.046576 0.035171 -0.064132
-0.010827 -0.016669 -0.002601
-0.024701 -0.028032 -0.000760
-0.010019 -0.005683 0.000381
-0.011484 -0.005374 0.000537
0.608632 -0.003465 -0.000683
-0.011582 -0.068143 0.004843
0.004352 -0.019924 -0.000217
-0.002891 0.002318 0.001576
0.013761 -0.011553 0.002762
-0.000295 0.011155 0.011967
-0.008635 -0.000734 0.003481
-0.000599 0.018493 0.000776
0.014859 0.009708 -0.004135
-0.050936 0.051151 0.065113
-0.011143 -0.003226 -0.003565
-0.000232 0.003601 0.004730
0.000146 -0.019166 0.001463
-0.002591 -0.010778 -0.003736
-0.010562 -0.005467 -0.002131
0.011412 -0.007257 -0.000077
-0.009565 -0.006739 -0.002314
0.006142 -0.006558 0.001782
0.002523 -0.018764 -0.000361
-0.077105 0.018724 0.002679
0.007620 -0.009825 -0.001934
0.000355 0.002284 -0.004476
0.007242 0.008825 -0.002614
-0.009243 0.011666 0.001754
0.009485 0.021468 -0.001060
-0.002587 0.001098 -0.004346
0.000965 0.005227 -0.010566
-0.009226 -0.001443 0.000658
0.011086 0.004294 0.001895
-0.000756 0.007721 -0.001816
0.018378 -0.011382 0.003336
-0.007076 0.008186 0.002188
-0.004061 -0.001652 0.001179
0.011978 -0.005253 0.000322
-0.004982 -0.002027 0.004341
0.011164 -0.011189 0.002616
-0.021124 0.000650 0.000724
-0.000797 0.004200 -0.003723
0.008471 0.008194 -0.001914
-0.007197 0.008283 0.000787
0.007590 0.024415 -0.000576
-0.000530 -0.001882 -0.001217
0.001640 0.003697 -0.010456
-0.009089 -0.001175 0.000621
0.003738 0.006239 -0.000598
0.000416 0.008970 -0.002498
0.006937 -0.010203 0.002632
-0.022574 0.009713 0.001996
-0.004384 -0.001021 0.000272
0.011055 -0.006253 0.000431
-0.000301 -0.003726 0.004780
0.011922 -0.010903 0.002376
-0.018157 -0.011581 0.001457
-0.001335 0.002704 -0.005614
0.007385 0.007640 -0.003023
-0.009850 0.010611 0.002396
0.007374 0.024231 -0.001383
-0.001139 -0.003292 -0.000049
0.001142 0.003787 -0.009919
-0.009138 -0.001970 0.001095
0.003259 0.005351 0.000321
-0.000729 0.008389 -0.002377
0.018545 -0.011207 0.003407
-0.007982 0.010770 0.002071
-0.004181 -0.001538 -0.000258
0.013571 -0.006779 -0.000468
-0.006067 -0.010657 0.004300
0.008769 -0.009560 0.002179
-0.016658 -0.011367 0.001360
-0.000737 0.002571 -0.004820
0.007596 0.007658 -0.003064
-0.011861 0.006515 0.005324
0.007407 0.024274 -0.001559
-0.000797 -0.002869 0.000236
0.001098 0.003859 -0.010537
-0.008407 -0.004026 -0.002899
0.003391 0.005276 -0.000097
-0.001942 0.008072 -0.001250
0.016478 -0.010893 0.006521
-0.008750 0.010986 0.002135
-0.006065 -0.001197 -0.001104
0.012191 -0.005505 0.000227
-0.002942 -0.006169 0.004212
0.006032 -0.009550 0.001881
-0.021021 -0.012155 -0.003480
-0.002027 0.007144 -0.000555
0.007494 0.008172 -0.002793
-0.010466 0.009890 0.002502
0.006325 0.022937 -0.001922
0.001067 -0.003806 -0.001610
0.000695 0.005112 -0.008916
-0.008768 -0.000848 -0.000132
0.006911 0.006081 -0.000880
0.001851 0.005143 -0.002769
0.018359 -0.011456 0.002901
-0.005194 0.008778 0.001897
-0.004418 -0.001559 -0.001343
0.008331 0.001600 -0.000486
-0.005303 -0.002574 0.004822
0.008633 -0.009783 0.002230
-0.014922 -0.011952 0.001612
0.000608 0.005548 -0.008984
0.015908 0.006846 -0.004109
-0.008188 0.010041 -0.000059
0.007507 0.023804 -0.003216
0.001102 -0.000634 0.003598
0.001957 0.004361 -0.010292
-0.008360 -0.001189 0.001531
0.003448 0.005358 -0.001150
0.000698 0.007506 -0.000278
0.014398 -0.016573 0.003553
-0.008403 0.009272 0.002345
-0.006814 -0.001659 -0.000741
0.011377 -0.010111 0.001473
-0.002194 -0.004549 0.004602
0.012814 -0.008958 0.002478
-0.016825 -0.014545 0.000958
-0.010229 0.013794 0.013976
0.011423 0.008823 -0.002652
-0.020260 0.010088 0.001185
-0.045189 -0.007584 -0.069298
-0.009367 0.008770 -0.019198
0.000105 0.005807 -0.015188
-0.011845 -0.007285 0.005184
0.002841 0.004273 0.000527
-0.051490 -0.019508 0.060734
0.019068 -0.010541 0.003171
-0.101856 -0.010378 0.000383
-0.026110 0.046867 0.000640
0.012852 -0.010025 -0.001966
-0.015223 -0.005980 0.004304
0.012569 -0.008853 0.002062
-0.020992 -0.021382 0.000770
-0.001477 0.003628 -0.006416
0.009075 0.009246 -0.002320
-0.010048 0.011767 0.001974
0.005867 0.023626 -0.001973
-0.000772 -0.003070 -0.000485
0.000940 0.004087 -0.009949
-0.016794 -0.012141 0.017117
0.002165 0.006351 0.000471
0.000335 0.008368 -0.002357
0.017925 -0.010878 0.001915
-0.007956 0.011057 0.001648
-0.005971 -0.001388 0.000795
0.001192 -0.006125 -0.000345
-0.002659 -0.005650 0.004596
0.008042 -0.008975 0.002182
-0.022818 -0.012327 0.006300
