0.009291 0.002205 0.001334
-0.005275 -0.001663 0.001321
0.012346 0.002816 -0.000223
0.004462 0.000208 -0.003249
0.007984 0.002240 -0.002963
0.000422 -0.002526 -0.001022
-0.003560 -0.001092 -0.004674
-0.004030 0.006331 0.000984
-0.018361 -0.003709 -0.001996
0.006110 -0.000459 -0.002716
-0.000269 -0.002511 0.005218
-0.000195 -0.002284 0.002259
-0.007982 -0.002465 0.004049
-0.004154 0.004445 0.003906
-0.000487 0.004955 -0.008451
-0.014602 -0.001939 -0.015619
0.010228 0.002633 0.001257
-0.041744 0.041287 -0.000299
0.004946 0.001410 -0.004939
0.008433 0.000943 -0.003241
0.003543 -0.000671 0.001639
-0.034487 -0.005848 0.041420
-0.012635 0.001598 -0.000971
-0.004593 0.005773 0.000257
-0.017164 -0.002515 -0.004218
0.005574 -0.000976 -0.002242
-0.002344 -0.001538 0.002733
-0.003949 -0.002540 0.002639
-0.002592 -0.006297 0.009515
-0.006750 0.000588 -0.000835
0.000589 0.000591 -0.008914
0.001458 -0.002030 0.000380
0.555817 -0.004112 -0.006881
-0.003397 -0.002376 0.000059
0.005739 0.000053 -0.000113
0.004621 0.000373 -0.003209
0.011720 0.001521 -0.003107
0.000893 -0.005021 -0.000964
-0.016773 0.003640 0.001665
-0.003800 0.004719 0.000860
-0.007795 -0.000432 -0.007681
0.006017 -0.005689 -0.005099
-0.004047 -0.002691 0.004059
-0.001872 -0.000861 0.002994
-0.000915 -0.005416 0.010026
-0.004501 0.000231 -0.000401
-0.000066 -0.003835 -0.008106
0.001997 -0.002186 0.001256
0.011788 0.002265 0.001025
-0.005574 -0.001312 0.001113
0.010460 0.004890 0.000222
0.002825 0.000764 -0.003369
0.009091 0.003209 -0.002999
-0.001185 -0.003707 -0.000384
-0.005018 -0.002326 -0.005071
-0.005112 0.005683 0.000696
-0.008198 0.001154 -0.006921
0.004412 -0.000397 -0.001819
-0.007676 -0.002498 0.008404
-0.006769 -0.002840 0.002126
-0.007618 -0.002902 0.014181
-0.004261 0.000392 -0.001281
0.004731 0.000499 -0.003765
-0.014433 -0.001413 0.017816
0.009591 0.002135 0.000971
-0.004972 -0.000851 0.001159
0.011406 0.004787 0.000243
0.001506 0.000397 -0.003301
0.009180 0.004458 -0.003283
-0.001069 -0.003281 -0.001476
-0.004048 -0.000997 -0.005355
-0.004638 0.005901 0.001119
-0.007995 -0.000508 -0.008933
0.004004 -0.001094 -0.002165
-0.002445 -0.003169 0.002175
-0.005243 -0.002534 0.002294
-0.001387 -0.005994 0.009529
-0.005678 0.000484 -0.000614
0.004734 0.001432 -0.004949
0.002257 -0.001313 0.000985
0.009378 0.002194 0.001112
-0.006028 -0.002364 0.001352
0.005187 0.001279 0.004177
0.008140 0.000789 -0.002400
0.003475 0.000065 -0.007361
-0.001586 -0.003331 -0.000798
-0.003769 -0.002733 -0.003489
-0.033464 0.005378 -0.034794
-0.007730 0.001118 -0.006198
0.003926 -0.001716 -0.002448
-0.008494 -0.007343 0.007898
-0.003878 -0.002520 0.001560
0.000851 -0.005073 0.009450
-0.005481 0.000495 -0.000595
0.006503 0.000779 -0.006797
-0.014732 -0.018203 0.001088
0.009850 0.002239 0.000942
-0.003818 -0.002315 0.002314
0.011284 0.004814 0.000019
0.002974 0.000361 -0.003291
0.008546 0.003734 -0.002832
-0.000656 -0.003380 -0.000635
-0.003791 -0.002414 -0.003787
-0.005325 0.006121 0.000011
-0.009029 0.001239 -0.008319
0.006213 -0.001403 -0.002124
-0.002959 -0.002420 0.003615
-0.007411 -0.001865 0.003223
-0.001041 -0.005715 0.009274
-0.006570 -0.000284 -0.001343
0.006216 0.001244 -0.003458
0.002287 -0.001412 0.001120
0.010152 0.002407 0.001303
-0.005044 -0.002424 0.001505
0.010240 0.005036 -0.000816
0.001758 0.000493 -0.003194
0.009380 0.004427 -0.002550
-0.001502 -0.002799 -0.001632
-0.005194 -0.002457 -0.005098
-0.004829 0.005967 0.001351
-0.009005 0.000875 -0.008360
0.004924 -0.001250 -0.002401
-0.007970 0.001521 0.006837
-0.005359 -0.002411 0.002290
-0.009595 0.001835 0.009353
-0.006694 0.000367 -0.000345
0.003637 0.001193 -0.005054
-0.006831 0.008071 0.002035
-0.012067 -0.000531 0.002912
0.006356 -0.003712 0.002880
-0.001686 0.001820 0.002685
-0.004018 0.003798 0.003247
-0.003864 0.006237 -0.001379
0.002535 -0.001270 -0.000546
0.007938 0.000168 -0.004154
-0.017896 -0.021036 -0.000187
0.009439 0.007267 0.002086
-0.006153 -0.011145 -0.008292
-0.008065 -0.002412 -0.000125
-0.022116 -0.003825 -0.005739
-0.001743 -0.001306 0.013133
-0.030137 -0.044011 -0.009112
0.017742 0.004888 -0.004150
-0.005802 0.000309 0.007655
-0.012406 -0.002005 0.001212
-0.034705 -0.002315 -0.039963
-0.004059 0.001010 0.002072
-0.005228 0.003926 0.002559
-0.001349 0.004314 -0.002861
0.005195 -0.000401 -0.001697
-0.000605 0.002305 -0.000200
-0.011189 0.000523 0.014201
0.012100 0.004140 0.000166
0.001292 -0.006445 -0.007644
0.002820 0.003047 0.003897
-0.051389 -0.003118 -0.004889
-0.000945 0.004827 0.014086
0.001004 -0.006648 -0.011161
0.018484 0.001080 0.000452
-0.004546 0.001417 0.008296
-0.024199 0.004725 -0.002239
0.006448 -0.001345 0.002624
-0.003585 -0.001925 0.004300
-0.003948 0.004003 0.002979
-0.047798 0.005478 0.045307
0.015607 -0.000378 -0.000689
0.005034 -0.000748 -0.004290
-0.017725 0.021859 0.000007
-0.026283 0.043258 0.001197
-0.006551 -0.000258 -0.009049
0.002906 0.002292 0.005230
-0.021641 -0.004325 -0.005443
-0.002735 0.010021 0.014112
-0.001054 -0.008728 -0.009772
0.019070 0.000083 -0.000094
-0.030169 -0.031497 0.007410
-0.012795 -0.001800 0.003132
0.004702 -0.002480 0.001045
-0.003487 0.002008 0.001634
-0.003817 0.003484 0.002270
-0.002946 0.006432 -0.002839
0.016392 -0.000920 -0.001156
0.004534 -0.001763 -0.004274
0.001940 0.000281 -0.001013
0.010170 0.004730 0.002130
-0.000229 -0.006223 -0.005758
0.002363 0.003145 0.004649
-0.022378 -0.003342 -0.003815
0.003842 0.004436 0.010766
-0.000432 -0.007123 -0.009591
0.019211 0.000729 0.000338
-0.005616 0.001453 0.007842
-0.013210 -0.001582 0.003034
0.004473 -0.002760 0.001504
-0.003503 0.001111 0.002071
-0.004456 0.003921 0.002475
-0.001269 0.008188 -0.002229
0.005365 -0.001954 -0.001452
0.005509 -0.003127 -0.004723
0.001586 0.000642 0.000006
0.010100 0.005359 0.002251
-0.000640 -0.006336 -0.004991
0.001990 0.002924 0.005550
-0.023028 -0.004625 -0.005306
0.002959 0.004682 0.010641
-0.000776 -0.007309 -0.008945
0.016803 0.000978 0.000178
-0.005672 0.000655 0.007680
-0.020042 0.001955 -0.000221
0.004877 -0.002863 -0.000003
-0.002318 0.001625 0.002745
-0.033952 0.002536 0.002856
-0.003182 0.006346 -0.001830
0.005527 -0.000554 -0.000251
-0.001256 0.002862 -0.009206
-0.011144 0.000267 -0.015546
0.011863 0.004279 0.003187
-0.004424 -0.005963 -0.008959
-0.005715 -0.000810 0.002299
-0.023278 -0.004142 -0.005237
0.004827 0.004752 0.012792
0.000763 -0.006729 -0.008069
0.016600 0.001113 -0.000025
-0.004532 0.001164 0.006739
-0.012339 -0.001506 0.001790
0.004789 -0.002659 0.001555
-0.001428 0.000968 0.001149
-0.003875 0.004598 0.002577
-0.003720 0.006491 -0.000072
0.005331 -0.001226 -0.001071
0.005012 -0.001603 -0.004484
0.002212 0.000579 -0.000451
0.009549 0.004953 0.001797
-0.000240 -0.005934 -0.005961
0.002091 0.003232 0.005662
-0.021755 -0.004511 -0.004387
0.002990 0.005152 0.010957
-0.000171 -0.006808 -0.009611
0.017075 -0.000093 0.000370
-0.005883 0.001424 0.007592
-0.012305 -0.000103 0.003434
0.005346 -0.002851 0.002551
-0.003986 0.001333 0.002093
-0.005325 0.003679 0.002559
-0.003438 0.006279 -0.001780
0.005606 -0.002064 -0.000012
0.005333 -0.002672 -0.003739
0.001231 0.000302 -0.000701
0.009648 0.005459 0.001523
-0.000011 -0.005872 -0.005496
0.002860 0.001691 0.006363
-0.023175 -0.004398 -0.005141
0.002760 0.004211 0.010173
0.000363 -0.006628 -0.010189
0.017135 0.000812 -0.000176
-0.005948 0.000300 0.007942
