2176.0000 0.05 1
1.11111
4.44444
11.1111
2.22222
11.1111
4.44444
13.3333
11.1111
20
11.1111
6.66667
11.1111
24.4444
23.3333
17.7778
23.3333
26.6667
18.8889
13.3333
32.2222
18.8889
11.1111
2.22222
10
14.4444
14.4444
36.6667
37.7778
25.5556
40
11.1111
26.6667
17.7778
31.1111
24.4444
32.2222
26.6667
27.7778
40
24.4444
32.2222
46.6667
36.6667
47.7778
70
55.5556
56.6667
41.1111
80
108.889
93.3333
126.667
127.778
138.889
148.889
146.667
161.111
190
192.222
200
216.667
267.778
192.222
230
230
291.111
236.667
277.778
255.556
261.111
291.111
301.111
317.778
342.222
314.444
350
284.444
350
303.333
310
295.556
301.111
288.889
277.778
314.444
273.333
248.889
287.778
290
297.778
312.222
318.889
323.333
307.778
333.333
318.889
315.556
296.667
293.333
297.778
304.444
286.667
336.667
360
313.333
360
373.333
363.333
348.889
354.444
336.667
297.778
246.667
215.556
180
160
191.111
238.889
264.444
333.333
350
398.889
417.778
400
428.889
407.778
452.222
400
382.222
358.889
342.222
371.111
347.778
397.778
382.222
376.667
381.111
430
408.889
456.667
405.556
406.667
413.333
354.444
357.778
376.667
371.111
376.667
433.333
415.556
410
436.667
405.556
338.889
352.222
323.333
350
312.222
331.111
255.556
285.556
261.111
270
257.778
242.222
224.444
274.444
211.111
243.333
217.778
234.444
258.889
223.333
242.222
232.222
214.444
208.889
227.778
176.667
205.556
174.444
200
173.333
177.778
253.333
235.556
233.333
211.111
216.667
168.889
176.667
196.667
262.222
238.889
224.444
270
242.222
221.111
266.667
347.778
337.778
320
303.333
332.222
305.556
333.333
380
412.222
430
430
445.556
434.444
510
473.333
505.556
474.444
435.556
344.444
316.667
222.222
124.444
8.88889
1.11111
0
0
0
0
0
0
0
0
0
0
0
0
0
0
0
0
0
0
0
0
0
0
2.22222
2.22222
0
0
0
4.44444
2.22222
2.22222
5.55556
2.22222
0
2.22222
4.44444
0
6.66667
4.44444
0
0
6.66667
0
1.11111
2.22222
0
0
2.22222
0
2.22222
0
