0.000578 0.010520 0.011720
-0.009210 0.000722 0.000851
-0.001786 0.019494 0.000786
0.010171 0.010317 -0.004214
-0.000164 0.013653 -0.003078
-0.008547 0.001201 -0.002206
-0.001079 0.003131 0.004644
-0.000178 -0.014931 -0.002133
-0.004417 -0.011530 -0.001321
-0.001263 -0.005947 -0.001765
0.010271 -0.004364 0.000525
-0.010172 -0.007045 -0.003414
0.004930 -0.007121 0.003368
0.006342 -0.028951 -0.000670
-0.002231 0.000009 0.001205
0.012638 -0.009055 0.002696
0.000341 0.011456 0.013209
-0.009311 0.001924 0.000544
-0.003788 0.021220 0.002918
0.010605 0.008979 -0.003714
-0.002161 0.016233 -0.005855
-0.010712 -0.000678 -0.002353
-0.000420 0.004522 0.004148
-0.000891 -0.015262 -0.002105
-0.004501 -0.010960 0.001352
-0.011309 -0.005281 -0.001932
0.026950 -0.006363 0.000863
-0.012924 -0.006045 -0.003254
0.003899 -0.007944 0.003085
0.004222 -0.019704 -0.001218
-0.003172 -0.000659 0.001240
0.011578 -0.010497 0.002863
-0.000310 0.010897 0.011899
-0.009876 0.001210 -0.000502
-0.001479 0.018802 0.000776
0.011623 0.008127 -0.002605
-0.004598 0.013121 -0.007065
-0.008886 0.000605 -0.001904
0.000617 0.000208 0.002125
0.000382 -0.016178 -0.002886
-0.004698 -0.011247 -0.003682
-0.011058 -0.004931 -0.001539
0.010340 -0.006978 0.000466
-0.011062 -0.005288 -0.003729
0.007803 -0.014234 0.004443
0.003652 -0.019545 -0.000298
0.010823 0.001563 0.002067
0.014656 -0.011196 0.003098
0.009436 0.020864 0.027681
-0.010254 0.001142 0.000133
-0.000165 0.023381 -0.003012
0.010919 0.006795 -0.004390
-0.002858 0.015900 -0.007571
-0.007824 0.000912 -0.002168
-0.000236 0.003846 0.003442
-0.000738 -0.016180 -0.004754
-0.002648 -0.011576 -0.001479
-0.008303 -0.000180 -0.001897
0.011582 -0.006571 0.000333
-0.008556 -0.007972 -0.002984
0.004693 -0.003138 0.002076
0.009673 -0.010138 -0.001115
-0.003286 -0.000023 0.002069
0.017136 -0.011552 0.000388
-0.001072 0.011590 0.012080
-0.008854 0.000985 0.000808
-0.000796 0.018990 0.000126
0.011014 0.007800 -0.003702
-0.002452 0.016866 -0.005948
-0.010577 0.002741 -0.001661
-0.003013 0.000372 0.005337
0.001552 -0.016067 -0.002782
-0.004617 -0.011526 -0.000786
-0.011843 -0.005750 -0.001738
0.008003 -0.004037 0.000304
0.004417 -0.006726 -0.003719
0.002173 -0.006389 0.004129
0.001755 -0.021467 -0.000575
-0.004028 0.001122 0.001713
0.015110 -0.010834 0.002842
-0.001862 0.010242 0.014202
-0.012384 0.001637 0.001232
-0.003105 0.018413 0.002298
0.010822 0.007185 -0.002794
-0.002163 0.015388 -0.006595
-0.010698 0.000267 -0.003834
-0.001247 0.003752 0.006023
0.001828 -0.016630 -0.001927
-0.002333 -0.009997 -0.002345
-0.011107 -0.007145 -0.006128
0.011134 -0.004796 0.000318
-0.009481 -0.006641 -0.003442
0.004409 -0.008084 0.003531
0.009497 -0.020830 -0.006197
-0.002128 0.000186 0.001705
0.011577 -0.012539 0.002723
0.001148 0.014528 0.016563
-0.017564 -0.000245 0.000438
0.007091 0.018877 0.002857
0.013805 0.011959 0.000603
-0.000255 0.016765 -0.005194
0.045744 0.031145 -0.073495
0.008307 0.002674 0.005462
0.012585 -0.016409 -0.002430
0.014615 -0.017072 0.000025
-0.010657 -0.007526 0.002193
0.055739 0.013481 0.003584
0.084547 -0.028801 -0.004295
0.017159 -0.006853 0.004108
0.007043 -0.019909 0.003706
-0.003886 0.000954 0.002051
0.011841 -0.012345 0.003087
-0.001834 0.013138 0.010401
-0.008820 0.001925 0.000393
-0.001774 0.018338 0.000743
0.019480 0.008001 -0.004690
0.008826 0.015413 -0.006802
-0.010335 0.001065 -0.002108
-0.000155 0.003250 0.004943
0.000053 -0.015934 0.000102
-0.002496 -0.011283 -0.001172
-0.013266 -0.006137 -0.001883
0.010952 -0.007049 0.000956
-0.010090 -0.008351 -0.003006
0.005885 -0.003301 0.003860
0.003369 -0.018688 -0.000531
0.014001 -0.000274 0.001202
0.016040 -0.011205 0.004347
0.000171 0.002373 -0.003990
0.007933 0.008992 -0.002654
-0.011937 0.011880 0.001814
0.006993 0.023724 -0.001930
0.000834 -0.004555 0.000146
0.001871 0.003495 -0.010109
-0.008756 -0.002217 0.000777
0.005057 0.001984 0.003126
-0.001026 0.007887 -0.002188
0.018101 -0.012714 0.002895
-0.007825 0.010446 0.002532
-0.005518 -0.001743 0.000766
0.011713 -0.004684 -0.000616
-0.004531 -0.005566 0.002915
0.015653 -0.019693 0.002858
-0.005492 -0.012310 0.001351
-0.001068 0.003631 -0.004703
0.007339 0.006649 -0.000225
-0.010362 0.009874 0.001172
0.006627 0.022882 -0.000740
-0.000464 -0.002170 -0.000448
0.001571 0.004500 -0.010124
-0.008761 -0.002380 0.001794
0.004012 0.004511 0.001167
0.001063 0.007790 -0.001891
0.016422 -0.009571 0.002998
-0.011819 0.009391 0.001417
-0.002918 -0.000436 0.000362
0.010625 -0.006623 0.000027
-0.003808 -0.004725 0.004312
0.011883 -0.010329 0.002133
-0.019545 -0.010511 0.002733
0.000133 0.003224 -0.005482
0.014465 0.000806 -0.017895
-0.010460 0.010118 0.002508
0.008421 0.023925 -0.001620
-0.000249 -0.002937 -0.000264
0.001758 0.003353 -0.009690
-0.008322 -0.000602 0.000276
0.004054 0.006486 -0.000080
-0.001714 0.008054 -0.002572
0.018102 -0.011835 0.003294
-0.007771 0.009860 0.002349
-0.004498 -0.001474 -0.000250
0.021413 -0.007075 -0.000035
-0.004265 -0.005206 0.004399
0.011008 -0.009919 0.002534
-0.018826 -0.010895 0.000507
0.000140 0.003633 -0.005033
0.008228 0.009057 -0.002071
-0.011058 0.010172 0.002063
0.007759 0.024214 -0.001061
0.000159 -0.002405 0.000410
0.000293 0.003437 -0.011607
-0.007931 -0.001830 0.000708
0.003214 0.005240 -0.000613
-0.002736 0.007129 -0.002201
0.017278 -0.009841 0.007723
-0.010879 0.011262 0.002652
-0.006336 -0.002278 -0.001610
0.013606 -0.001489 0.000418
-0.002393 -0.004599 0.005294
0.014162 -0.009748 0.006669
-0.018451 -0.012011 0.000695
0.001066 0.001932 -0.005807
0.008167 0.008105 -0.001799
-0.009165 0.011056 0.002241
0.006036 0.024573 -0.000520
0.001126 -0.003993 -0.001370
0.001873 0.004805 -0.010576
-0.007399 -0.002629 0.000071
0.002186 0.005745 0.001510
-0.001183 0.009045 -0.002409
0.018183 -0.011532 0.003316
-0.011835 0.009801 0.001312
-0.005759 -0.002066 -0.001076
0.010827 -0.004825 0.000292
-0.004157 -0.004822 0.005052
0.008223 -0.009572 0.002289
-0.016017 -0.012282 0.001065
-0.001705 0.002993 -0.005565
0.008977 0.004567 -0.006118
-0.010942 0.010217 0.003719
0.006050 0.022766 -0.002280
-0.001527 -0.002620 -0.000535
0.000364 0.006299 -0.008938
-0.011860 -0.002108 0.000464
0.002634 0.003812 -0.002619
-0.000811 0.007926 -0.000287
0.017570 -0.012977 0.003430
-0.007217 0.010110 0.001992
-0.004134 -0.001673 -0.000193
0.012232 -0.008559 0.002606
-0.002251 -0.005031 0.004704
0.009752 -0.006652 0.002938
-0.016371 -0.012734 0.001093
0.006471 0.000847 -0.003422
0.007296 0.008499 -0.003638
0.046047 0.039369 0.065851
0.059094 -0.004524 -0.063171
0.008060 -0.003798 -0.004776
0.008873 0.014817 -0.025325
-0.017510 -0.004037 -0.000826
0.010728 -0.001968 0.014342
0.048057 -0.015031 0.055836
0.028811 -0.011671 0.003058
-0.606119 0.014102 0.011226
0.009015 0.046965 -0.000322
0.012171 -0.009064 -0.000796
0.011762 -0.055906 0.004748
0.014868 0.001756 0.002662
-0.004729 -0.011850 0.001356
0.000019 0.003954 -0.005895
0.008098 0.007525 -0.004054
-0.009151 0.010874 0.002391
0.004845 0.021617 -0.001542
0.000304 -0.001863 -0.000452
0.002486 0.008518 -0.013938
-0.008994 -0.003150 0.001424
0.003421 0.005673 -0.000007
-0.000114 0.008363 -0.002681
0.016633 -0.008954 0.000939
-0.008546 0.010951 0.001627
-0.006115 -0.002459 0.001261
0.008750 -0.007319 -0.000283
-0.002748 -0.004679 0.003334
0.014583 -0.010171 -0.002420
-0.019060 -0.012370 0.001989
