-0.002060 0.002289 0.001506
-0.001032 -0.001023 0.002560
0.000979 -0.000967 -0.002439
-0.000125 -0.000035 0.003488
-0.021202 -0.013397 -0.000192
-0.003119 -0.001185 0.003341
-0.008312 0.001159 -0.003426
0.001349 0.001154 0.001815
-0.053358 0.010956 -0.000352
-0.002674 -0.098953 0.106741
0.002902 0.000917 -0.003463
0.000151 0.000584 0.002856
0.000756 -0.000358 -0.003006
-0.002819 -0.000950 0.006651
-0.005226 -0.006997 -0.003567
-0.000598 0.001684 0.003122
-0.000039 0.004197 -0.001508
-0.002450 0.000709 0.001810
-0.000480 -0.000298 -0.002141
0.000949 0.002069 0.000235
0.000168 0.000920 -0.000725
0.000116 0.001773 0.002520
0.000462 0.000008 -0.003770
0.000643 0.000085 0.002771
0.001203 0.000229 -0.003123
-0.001410 -0.000193 0.001047
0.000695 -0.000047 -0.002774
-0.000662 0.000289 0.003593
-0.000114 0.001834 -0.001876
0.000017 0.000002 0.003842
-0.000233 -0.000377 -0.001440
0.001610 -0.000277 0.001142
0.000989 -0.000718 -0.003407
-0.005445 -0.002921 0.004709
0.000794 -0.001209 -0.002930
-0.000472 0.001312 0.002636
0.000239 0.000785 -0.003012
-0.001318 0.000237 0.003813
0.000856 -0.000060 -0.003398
-0.000679 0.001525 0.002087
-0.003407 -0.000760 -0.002282
0.000085 -0.000054 0.001267
-0.000945 -0.000492 -0.002472
-0.000834 0.001725 0.003805
-0.004960 -0.007636 -0.002983
-0.001668 -0.003248 0.000899
0.000917 -0.000216 -0.002988
-0.000977 0.000622 0.002966
0.002737 0.002039 -0.002972
-0.000893 0.001103 0.003148
0.001185 -0.001329 -0.002207
-0.001574 -0.000879 0.001735
0.001306 -0.002524 -0.005035
-0.002648 0.000704 0.000475
-0.002670 -0.008731 0.014601
-0.004333 0.000098 -0.004162
0.005667 0.000410 0.000476
-0.002233 0.005630 0.009337
-0.006626 -0.002471 0.000362
0.007227 -0.003973 -0.000202
-0.000073 -0.007695 -0.000449
-0.004891 0.003053 -0.001664
0.005479 0.003992 -0.001375
-0.000919 0.006629 0.001264
-0.006508 -0.003158 0.001308
0.005226 -0.003049 0.001962
-0.011021 -0.005916 -0.000181
-0.003893 0.002463 -0.001826
-0.000705 -0.002270 -0.002415
0.011706 0.008208 0.001305
-0.009273 -0.001831 -0.000655
-0.008169 -0.015321 -0.016739
-0.010490 -0.006778 -0.000953
-0.013632 -0.004193 -0.002260
0.008157 0.003983 -0.002087
-0.001917 0.006295 0.001073
-0.005830 -0.003459 0.001580
0.005245 -0.002224 0.002307
0.344869 0.338075 -0.347838
-0.015241 0.007915 0.001120
-0.001636 -0.045296 0.001666
-0.020544 -0.003481 0.020965
-0.061537 0.019615 0.056895
0.000218 0.000170 0.000660
-0.000547 -0.007149 -0.004253
-0.003114 0.002420 -0.002174
0.007899 0.004274 -0.002034
-0.000883 0.006893 0.002419
-0.006175 -0.003002 0.002354
0.004793 -0.002862 0.002294
0.002896 -0.009903 -0.001072
0.011516 -0.023421 0.000452
-0.000134 -0.001524 -0.001866
0.000034 0.007151 0.001207
-0.005480 -0.004102 0.002377
0.005506 -0.003011 0.001626
0.005964 -0.013313 -0.000353
-0.003817 0.003003 -0.002604
0.006379 0.004494 -0.001261
-0.000992 0.006260 0.001762
-0.007077 -0.006561 0.006368
0.003798 -0.009298 0.001945
0.002261 -0.008606 -0.001916
-0.004099 0.002847 -0.002183
0.005837 0.002738 -0.000538
0.003052 0.007991 0.006877
-0.006080 -0.003943 0.000912
0.004156 -0.002809 0.000184
0.001368 -0.007003 -0.001851
-0.004340 0.002837 -0.002782
0.005829 0.003021 -0.001889
0.001099 0.005096 0.009071
-0.005997 -0.002584 0.002292
0.005360 -0.002863 0.002286
0.000133 -0.003936 -0.002117
-0.006641 0.002377 -0.000526
0.006761 0.001015 -0.002178
0.000727 0.007243 0.006586
-0.006094 -0.004394 0.001282
0.005472 -0.002276 0.001612
-0.000503 -0.006698 -0.001133
-0.004829 0.002093 -0.001801
0.006679 0.003579 -0.002805
-0.001165 0.006876 0.001409
-0.005289 -0.001742 0.001425
0.004447 -0.003536 0.002495
0.001789 -0.006574 -0.002714
-0.004154 0.005182 -0.000838
0.007535 0.001953 -0.000497
-0.001074 0.006806 0.001289
-0.006199 -0.002858 0.002806
0.004694 -0.002566 0.001271
0.001062 -0.005158 -0.001567
-0.004928 0.002242 -0.001634
0.005567 0.001349 -0.001275
0.000915 0.009977 0.007998
-0.004111 -0.002946 -0.000224
0.004032 -0.003102 0.000824
0.000856 -0.005786 -0.001657
-0.004933 0.002260 -0.001622
0.006548 0.002892 -0.001322
-0.001291 0.006297 0.000566
-0.007723 -0.001853 -0.000439
0.005745 -0.000370 -0.000413
0.000556 -0.007196 -0.002896
-0.002015 0.001961 0.000660
0.004904 0.003365 -0.001481
-0.000648 0.006749 0.001359
-0.005993 -0.004840 0.001242
0.005709 -0.002391 0.001202
0.000423 -0.004972 -0.001363
-0.002814 0.003541 -0.001455
0.004600 0.000088 0.001960
0.005624 -0.010237 0.015334
-0.006395 -0.002134 -0.000151
0.004390 -0.000685 0.001463
0.000283 -0.005157 -0.003141
-0.005193 0.002615 -0.001325
0.006301 0.002964 -0.002568
-0.001672 0.005660 0.001121
-0.003846 -0.003357 0.000021
0.001388 -0.005445 0.001845
-0.000215 -0.006920 -0.001496
-0.004512 0.001977 -0.001867
0.006326 0.003035 -0.002501
0.000495 0.006616 0.000287
-0.005931 -0.002612 0.002985
0.005836 -0.004768 0.002767
0.001357 -0.004657 -0.000977
-0.004540 0.002708 -0.002258
0.005442 0.001512 -0.001274
-0.001127 0.005671 0.001641
-0.005586 -0.005362 0.003305
0.004768 -0.002604 0.003235
0.002982 -0.007086 -0.001787
-0.005539 0.002822 -0.001449
0.006627 0.002152 -0.001265
-0.008324 0.020033 0.009840
-0.010885 -0.005281 0.005440
-0.070972 -0.047332 0.083266
0.001863 -0.006380 -0.001410
-0.004298 0.002745 0.001836
0.006160 0.003402 -0.002170
-0.001943 0.006840 0.000990
-0.006072 -0.003698 0.001059
0.004787 -0.002521 0.001848
-0.007773 -0.026528 -0.000740
-0.013100 -0.004537 -0.002245
-0.027634 -0.020635 0.000398
0.006191 0.009995 -0.005812
-0.008908 -0.004938 0.003095
0.005883 -0.003108 0.002065
-0.001001 -0.007511 -0.003763
-0.003916 0.003835 -0.001444
0.005588 0.004407 -0.002118
-0.000435 0.006180 0.001296
-0.006405 -0.002457 0.001231
0.005237 -0.002086 -0.000129
-0.011523 -0.024731 -0.000606
-0.004151 0.004663 -0.001815
0.004853 0.000955 -0.002797
0.000042 0.006111 0.000411
-0.004656 -0.002429 -0.000896
0.005302 -0.002895 0.002233
-0.000811 -0.007235 -0.000039
-0.004919 0.002612 -0.001097
0.005704 0.004347 -0.001568
0.000854 0.007246 0.005781
-0.006292 -0.002498 0.000867
0.005082 -0.002349 0.001192
-0.002921 -0.009190 0.014926
-0.002485 0.004229 0.000449
0.002791 0.004163 -0.003903
-0.000584 0.009080 -0.009818
0.011763 -0.016990 0.023707
0.001855 -0.004434 0.003644
