-8.19811 -4.73312 12.9716
-4e-05 9.46633 12.9716
-8.19815 4.73321 -12.9716
1 0 0
0 1 0
0 0 1
0.0277788888478270 0.3611122222433494 0.9722244444245121	Ir
0.9722211111521730 0.3055544444233149 0.6944422222421522	Ir
0.1388899999589412 0.4722233333544636 0.8611133333134049	Ir
0.0833322222632802 0.4166655555344292 0.5833311111310451	Ir
0.5833344444033841 0.2500011111322422 0.7500022222022906	Ir
0.5277766667077231 0.1944433333122078 0.4722200000199308	Ir
0.2500011110700555 0.2500011111322422 0.4166688888689549	Ir
0.1944433333743945 0.1944433333122078 0.1388866666865951	Ir
0.9166677777367198 0.2500011111322422 0.0833355555356263	Ir
0.8611100000410588 0.1944433333122078 0.8055533333532665	Ir
0.2500011110700555 0.5833344444655708 0.7500022222022906	Ir
0.1944433333743945 0.5277766666455364 0.4722200000199308	Ir
0.9166677777367198 0.5833344444655708 0.4166688888689549	Ir
0.8611100000410588 0.5277766666455364 0.1388866666865951	Ir
0.9166677777977057 0.9166677777989065 0.7500022222632836	Ir
0.8611100000410588 0.8611099999788721 0.4722200000199308	Ir
0.6944455555144984 0.3611122222433494 0.6388911110911835	Ir
0.6388877778188373 0.3055544444233149 0.3611088889088165	Ir
0.3611122221811627 0.3611122222433494 0.3055577777578478	Ir
0.3055544444855016 0.3055544444233149 0.0277755555754879	Ir
0.6944455555754843 0.6944455555766851 0.9722244444855050	Ir
0.6388877778188373 0.6388877777566506 0.6944422222421522	Ir
0.3611122221811627 0.6944455555766851 0.6388911110911835	Ir
0.3055544444855016 0.6388877777566506 0.3611088889088165	Ir
0.0277788889088200 0.6944455555766851 0.3055577778188336	Ir
0.9722211111521730 0.6388877777566506 0.0277755555754879	Ir
0.3611122221811627 0.0277788889100137 0.9722244444245121	Ir
0.3055544444855016 0.9722211110899863 0.6944422222421522	Ir
0.0277788888478270 0.0277788889100137 0.6388911110911835	Ir
0.9722211111521730 0.9722211110899863 0.3611088889088165	Ir
0.8055566666256055 0.4722233333544636 0.5277799999800692	Ir
0.7499988889299445 0.4166655555344292 0.2499977777977094	Ir
0.4722233332922769 0.4722233333544636 0.1944466666467335	Ir
0.4166655555966159 0.4166655555344292 0.9166644444643737	Ir
0.8055566666865985 0.8055566666877922 0.8611133333743908	Ir
0.7499988889299445 0.7499988888677649 0.5833311111310451	Ir
0.4722233332922769 0.8055566666877922 0.5277799999800692	Ir
0.4166655555966159 0.7499988888677649 0.2499977777977094	Ir
0.1388900000199342 0.8055566666877922 0.1944466667077265	Ir
0.0833322222632802 0.7499988888677578 0.9166644444643737	Ir
0.4722233332922769 0.1388900000211279 0.8611133333134049	Ir
0.4166655555966159 0.0833322222010935 0.5833311111310451	Ir
0.1388899999589412 0.1388900000211279 0.5277799999800692	Ir
0.0833322222632802 0.0833322222010935 0.2499977777977094	Ir
0.5833344444033841 0.5833344444655708 0.0833355555356263	Ir
0.5277766667077231 0.5277766666455364 0.8055533333532665	Ir
0.5833344444033841 0.9166677777989065 0.4166688888689549	Ir
0.5277766667077231 0.8611099999788721 0.1388866666865951	Ir
0.2500011111310414 0.9166677777989065 0.0833355555966122	Ir
0.1944433333743945 0.8611099999788721 0.8055533333532665	Ir
0.6944455555144984 0.0277788889100137 0.3055577777578478	Ir
0.6388877778188373 0.9722211110899863 0.0277755555754879	Ir
0.8055566666256055 0.1388900000211279 0.1944466666467335	Ir
0.7499988889299445 0.0833322222010935 0.9166644444643737	Ir
0.8608488888869985 0.3616355555837245 0.8058177778040587	Ru
0.8608522222491928 0.1941855555625978 0.6383711111451262	Ru
0.0283022221959399 0.1941822222503902 0.8058177777796658	Ru
0.1391511111130015 0.3050311110829398 0.8608488888626056	Ru
0.9716977777941906 0.4724811111392810 0.8608455556001360	Ru
0.1391477778117931 0.4724811111040665 0.0282955555825311	Ru
0.9719599999981128 0.4727466666948388 0.6947066666929516	Ru
0.9719633333603070 0.3052966666737120 0.5272600000340191	Ru
0.1394133333070471 0.3052933333615044 0.6947066666685515	Ru
0.2502622222241087 0.4161422221940541 0.7497377777514984	Ru
0.0828088888443119 0.5835922222503953 0.7497344444280358	Ru
0.2502588888619144 0.5835922222151808 0.9171844444104309	Ru
0.4164077777742534 0.2505244444514858 0.5835988888924106	Ru
0.4164077778047499 0.0830744444514835 0.4161488889229048	Ru
0.5838577777613665 0.0830744444162761 0.5835988888443069	Ru
0.6947066666685515 0.1939199999718326 0.6386266666403841	Ru
0.5272533333596172 0.3613733333051599 0.6386266666647771	Ru
0.6947033333063573 0.3613699999929594 0.8060733332993166	Ru
0.0830711111092270 0.2505244444726173 0.2502622222485016	Ru
0.0830744444714213 0.0830744444514835 0.0828155555895691	Ru
0.2505244444181614 0.0830711111392830 0.2502622222241087	Ru
0.3613700000035180 0.1939199999929571 0.3052899999964822	Ru
0.1939199999554191 0.3613700000281739 0.3052899999835930	Ru
0.3613699999730287 0.3613699999929594 0.4727399999659809	Ru
0.7525544444569263 0.2494911110797062 0.9169322222341378	Ru
0.7497411111380856 0.0830744444514835 0.7494822222562405	Ru
0.9171911110848256 0.0830711111392830 0.9169288888907730	Ru
0.0280400000018872 0.1939199999718326 0.9719599999737198	Ru
0.8605866666830764 0.3613700000281668 0.9719566667112431	Ru
0.0280366667006859 0.3613699999929594 0.1394066666936382	Ru
0.0830711111092270 0.5838577778059459 0.5835955555818373	Ru
0.0830744444714213 0.4164077777848192 0.4161488889229048	Ru
0.2505244444181614 0.4164044444726116 0.5835955555574444	Ru
0.3613733333352229 0.5272533333051612 0.6386266666403841	Ru
0.1939199999554191 0.6947033333615025 0.6386233333169216	Ru
0.3613699999730287 0.6947033333262880 0.8060733332993166	Ru
0.7497411111075891 0.5838577777848215 0.2502655555590749	Ru
0.7497411111380856 0.4164077777848192 0.0828155555895691	Ru
0.9171911110848256 0.4164044444726116 0.2502622222241087	Ru
0.0280400000018872 0.5272533333051612 0.3052933333070484	Ru
0.8605866666220834 0.6947033333615025 0.3052899999835930	Ru
0.0280366666396930 0.6947033333262880 0.4727399999659809	Ru
0.7497377777758913 0.9171911111392816 0.5835955555818373	Ru
0.7497411111380856 0.7497411111181549 0.4161488889229048	Ru
0.9171911110848256 0.7497377778059473 0.5835955555574444	Ru
0.0280366666701894 0.8605866666596214 0.6386233333298108	Ru
0.8605866666830764 0.0280366666948382 0.6386233333779145	Ru
0.0280366666396930 0.0280366666596237 0.8060733332993166	Ru
0.5275155555536699 0.3616355555837245 0.4724844444707301	Ru
0.5275188889158642 0.1941855555625978 0.3050377778117905	Ru
0.6949688888724808 0.1941855555273833 0.4724877777331997	Ru
0.8058177777796658 0.3050311110829398 0.5275155555292699	Ru
0.6383644443998620 0.4724811111392810 0.5275122222058144	Ru
0.8058144444174715 0.4724811111040665 0.6949622221882095	Ru
0.1941822222203342 0.3616355555837245 0.1391511111373944	Ru
0.1941855555825285 0.1941855555625978 0.9717044444784619	Ru
0.3616355556001380 0.1941855555273833 0.1391544444608570	Ru
0.4724811111146323 0.3050311111040713 0.1941788888853679	Ru
0.3050311111373958 0.4724844444162741 0.1941822222203342	Ru
0.4724811110841358 0.4724811111040665 0.3616288888548738	Ru
0.5275155555536699 0.6949688889170602 0.8058177778040587	Ru
0.5275188889158642 0.5275188888959335 0.6383711111451262	Ru
0.6949688888724808 0.5275188888607190 0.8058211110665283	Ru
0.8058144444479680 0.6383644444373999 0.8608455555520322	Ru
0.6383644444707244 0.8058177777496098 0.8608488888869985	Ru
0.8058144444174715 0.8058144444374022 0.0282955555215381	Ru
0.1941822222203342 0.6949688889170602 0.4724844444707301	Ru
0.1941855555825285 0.5275188888959335 0.3050377778117905	Ru
0.3616355555292756 0.5275155555837259 0.4724844444463301	Ru
0.4724844444463301 0.6383644444162755 0.5275155555292699	Ru
0.3050311110665334 0.8058144444726167 0.5275122222058144	Ru
0.4724811110841358 0.8058144444374022 0.6949622221882095	Ru
0.8608522222187034 0.6949688888959287 0.1391544444479678	Ru
0.8608522222491928 0.5275188888959335 0.9717044444784619	Ru
0.0283022222668023 0.5275188888607190 0.1391544444608570	Ru
0.1391477777812966 0.6383644444373999 0.1941788888853679	Ru
0.9716977777331977 0.8058144444726167 0.1941788888724787	Ru
0.1391477777508072 0.8058144444374022 0.3616288888548738	Ru
0.1941822222203342 0.0283022222503888 0.8058177778040587	Ru
0.1941855555825285 0.8608522222292621 0.6383711111451262	Ru
0.3616355556001380 0.8608522221940547 0.8058211111275213	Ru
0.4724844444463301 0.9716977777496112 0.8608488888626056	Ru
0.3050311110665334 0.1391477778059453 0.8608455555391430	Ru
0.4724811110841358 0.1391477777707379 0.0282955555215381	Ru
0.8608488888869985 0.0283022222503888 0.4724844444707301	Ru
0.8608522222491928 0.8608522222292621 0.3050377778117905	Ru
0.0283022221959399 0.8608488889170616 0.4724844444463301	Ru
0.1391477777812966 0.9716977777707356 0.5275122222187036	Ru
0.9716977777941906 0.1391477778059453 0.5275122222668003	Ru
0.1391477777508072 0.1391477777707379 0.6949622221882095	Ru
0.6386266666647771 0.4727466666948388 0.3613733333596159	Ru
0.6386300000269713 0.3052966666737120 0.1939266667006834	Ru
0.8060799999835879 0.3052966666384975 0.3613766666220855	Ru
0.9169288888907730 0.4161422221940541 0.4164044444181627	Ru
0.7494755555818386 0.5835955555273884 0.4164044444425556	Ru
0.9169255555285787 0.5835922222151808 0.5838511110770952	Ru
0.3052933333314485 0.4727466666948388 0.0280400000262802	Ru
0.3052966666936427 0.3052966666737120 0.8605933333673477	Ru
0.4727466666403828 0.3052933333615044 0.0280400000018872	Ru
0.5835922222257466 0.4161422222151785 0.0830677777742537	Ru
0.4161422221776405 0.5835922222503953 0.0830677777613715	Ru
0.5835922221952501 0.5835922222151808 0.2505177777437595	Ru
0.6386299999964820 0.8060800000070429 0.6947100000035249	Ru
0.6386300000269713 0.6386300000070406 0.5272600000340191	Ru
0.8060799999835879 0.6386299999718332 0.6947099999554212	Ru
0.9169255555590752 0.7494755555485142 0.7497344444409251	Ru
0.7494755555818386 0.9169288888607170 0.7497377777758913	Ru
0.9169255555285787 0.9169255555485165 0.9171844444104309	Ru
0.3052933333314485 0.8060800000281674 0.3613733333596159	Ru
0.3052966666936427 0.6386300000070406 0.1939266667006834	Ru
0.4727466666403828 0.6386266666948401 0.3613733333352229	Ru
0.5835955555574444 0.7494755555273827 0.4164044444181627	Ru
0.4161422221776405 0.9169255555837239 0.4164011110947001	Ru
0.5835922221952501 0.9169255555485165 0.5838511110770952	Ru
0.9719599999981128 0.8060800000281674 0.0280400000262802	Ru
0.9719633333603070 0.6386300000070406 0.8605933333673477	Ru
0.1394133333779166 0.6386299999718332 0.0280433333497427	Ru
0.2502588888924109 0.7494755555485142 0.0830677777742537	Ru
0.0828088888443119 0.9169255555837239 0.0830677777613715	Ru
0.2502588888619144 0.9169255555485165 0.2505177777437595	Ru
0.3052966666631463 0.1394133333403786 0.6947100000035249	Ru
0.3052966666936427 0.9719633333403763 0.5272600000340191	Ru
0.4727466667112452 0.9719633333051618 0.6947100000164070	Ru
0.5835922222257466 0.0828088888818499 0.7497344444409251	Ru
0.4161422221776405 0.2502588889170596 0.7497344444280358	Ru
0.5835922221952501 0.2502588888818451 0.9171844444104309	Ru
0.9719599999981128 0.1394133333615031 0.3613733333596159	Ru
0.9719633333603070 0.9719633333403763 0.1939266667006834	Ru
0.1394133333070471 0.9719600000281687 0.3613733333352229	Ru
0.2502588888924109 0.0828088888818499 0.4164011111075894	Ru
0.0828088888443119 0.2502588889170596 0.4164011110947001	Ru
0.2502588888619144 0.2502588888818451 0.5838511110770952	Ru
0.4164077777742534 0.5838577777848215 0.9169322222257463	Ru
0.4164077778047499 0.4164077777848192 0.7494822222562405	Ru
0.5838577777514971 0.4164044444726116 0.9169288888907730	Ru
0.6947066666685515 0.5272533333051612 0.9719599999737198	Ru
0.5272533332887548 0.6947033333615025 0.9719566666502573	Ru
0.6947033333063573 0.6947033333262880 0.1394066666326523	Ru
0.4164044444425556 0.9171911111392816 0.2502622222485016	Ru
0.4164077778047499 0.7497411111181549 0.0828155555895691	Ru
0.5838577777514971 0.7497377778059473 0.2502622222241087	Ru
0.6947066666685515 0.8605866666384969 0.3052933333070484	Ru
0.5272533332887548 0.0280366666948382 0.3052899999835930	Ru
0.6947033333063573 0.0280366666596237 0.4727399999659809	Ru
0.0830744444409248 0.9171911111181572 0.9169322222257463	Ru
0.0830744444714213 0.7497411111181549 0.7494822222562405	Ru
0.2505244444181614 0.7497377778059473 0.9169288888907730	Ru
0.3613733333352229 0.8605866666384969 0.9719599999737198	Ru
0.1939199999554191 0.0280366666948382 0.9719566666502573	Ru
0.3613699999730287 0.0280366666596237 0.1394066666326523	Ru
0.5275155555536699 0.0283022222503888 0.1391511111373944	Ru
0.5275188889158642 0.8608522222292621 0.9717044444784619	Ru
0.6949688888626042 0.8608488889170616 0.1391511111130015	Ru
0.8058177777796658 0.9716977777496112 0.1941822221959413	Ru
0.6383644443998620 0.1391477778059453 0.1941788888724787	Ru
0.8058144444174715 0.1391477777707379 0.3616288888548738	Ru
0.6386266666647771 0.1394133333615031 0.0280400000262802	Ru
0.6386300000269713 0.9719633333403763 0.8605933333673477	Ru
0.8060799999737185 0.9719600000281687 0.0280400000018872	Ru
0.9169255555590752 0.0828088888818499 0.0830677777742537	Ru
0.7494755555109762 0.2502588889170596 0.0830677777613715	Ru
0.9169255555285787 0.2502588888818451 0.2505177777437595	Ru
