2176.0000 0.05 1
1.11111
4.44444
11.1111
2.22222
11.1111
4.44444
13.3333
11.1111
20
11.1111
6.66667
11.1111
24.4444
23.3333
17.7778
23.3333
26.6667
18.8889
13.3333
34.4444
16.6667
11.1111
2.22222
10
14.4444
16.6667
34.4444
40
23.3333
40
11.1111
26.6667
17.7778
33.3333
22.2222
32.2222
28.8889
25.5556
40
24.4444
32.2222
46.6667
36.6667
47.7778
70
55.5556
56.6667
41.1111
80
106.667
97.7778
124.444
127.778
136.667
148.889
146.667
161.111
192.222
190
200
218.889
267.778
192.222
230
230
291.111
237.778
278.889
253.333
258.889
290
302.222
320
335.556
316.667
352.222
286.667
347.778
300
313.333
288.889
303.333
295.556
275.556
314.444
273.333
248.889
283.333
295.556
296.667
311.111
322.222
318.889
307.778
335.556
318.889
318.889
291.111
294.444
298.889
303.333
292.222
330
355.556
317.778
358.889
374.444
363.333
351.111
354.444
334.444
295.556
253.333
217.778
175.556
162.222
188.889
241.111
264.444
326.667
352.222
398.889
417.778
395.556
431.111
414.444
447.778
404.444
380
356.667
342.222
373.333
347.778
396.667
381.111
373.333
384.444
430
406.667
458.889
408.889
405.556
411.111
356.667
357.778
374.444
371.111
370
437.778
415.556
410
443.333
396.667
338.889
361.111
320
348.889
315.556
327.778
260
283.333
258.889
261.111
271.111
242.222
222.222
276.667
208.889
245.556
215.556
231.111
262.222
218.889
246.667
232.222
216.667
206.667
225.556
178.889
204.444
177.778
197.778
173.333
176.667
254.444
235.556
233.333
211.111
218.889
168.889
175.556
194.444
263.333
236.667
224.444
270
241.111
226.667
257.778
354.444
337.778
320
301.111
334.444
307.778
331.111
380
407.778
436.667
427.778
441.111
438.889
504.444
475.556
506.667
474.444
431.111
360
303.333
228.889
118.889
12.2222
1.11111
0
0
0
0
0
0
0
0
0
0
0
0
0
0
0
0
0
0
0
0
0
0
2.22222
2.22222
2.22222
0
0
0
4.44444
6.66667
0
3.33333
2.22222
0
4.44444
2.22222
4.44444
6.66667
0
2.22222
2.22222
2.22222
1.11111
2.22222
0
0
2.22222
0
2.22222
0
