-0.000418 0.008581 0.012836
-0.008910 -0.001398 0.000436
0.012261 0.036000 0.000390
-0.007819 0.006093 -0.001479
0.000716 0.013418 -0.006068
-0.007886 -0.001958 -0.001302
-0.000538 0.003949 0.004994
-0.000553 -0.016713 -0.003831
-0.003970 -0.013898 0.000584
-0.010402 0.060382 0.069727
0.014172 0.000620 -0.002748
-0.009381 -0.005003 -0.002466
0.006421 -0.007412 0.003772
0.005908 -0.011397 0.001835
-0.001071 0.001065 0.000168
0.013761 -0.011068 0.002508
0.000347 0.010120 0.010365
-0.009587 0.001759 0.000265
-0.000557 0.019251 0.003656
0.009104 0.007067 -0.003503
-0.000563 0.014817 -0.005033
-0.009374 -0.001435 -0.002574
-0.000206 0.002455 0.006147
0.001622 -0.016431 -0.002384
-0.003263 -0.011943 -0.001633
-0.011411 -0.004358 -0.001892
0.012417 -0.006138 -0.003666
-0.008611 -0.005842 -0.003286
0.004066 -0.007452 0.003062
0.002249 -0.019150 0.000410
-0.004378 0.000516 0.001339
0.011157 -0.004665 0.005575
-0.000329 0.010375 0.013156
-0.008925 0.002073 0.000524
0.000288 0.018258 0.000221
0.008504 0.006419 -0.003634
-0.001774 0.015508 -0.006352
-0.009893 -0.004636 -0.002094
-0.000388 0.003893 0.003701
-0.000377 -0.014640 -0.003443
-0.003410 -0.011438 -0.000575
-0.011281 -0.005514 -0.001364
0.010766 -0.007013 -0.000859
-0.009685 -0.005451 -0.003412
0.004368 -0.007284 0.003714
0.004354 -0.020028 0.003290
-0.005041 -0.000548 0.002101
0.014314 -0.013162 0.005186
-0.068934 0.082910 0.013794
0.049536 0.056893 0.001415
-0.006847 0.028828 0.001492
0.011835 0.006967 -0.002477
-0.002253 0.016356 -0.005672
-0.009617 -0.000224 -0.003246
0.000696 0.003515 0.005313
-0.000291 0.001312 0.016453
0.000875 -0.004958 -0.001033
-0.010947 -0.003080 -0.001814
0.010822 -0.007903 -0.000349
-0.009828 -0.006581 -0.003218
0.005048 -0.007471 0.004459
0.003496 -0.021143 -0.000068
-0.003272 -0.000456 0.000908
0.011863 -0.011016 0.006942
0.000172 0.011281 0.011732
-0.008707 0.000779 0.000651
0.001493 0.019579 0.000108
0.011420 0.011214 -0.003029
-0.001761 0.015681 -0.005919
-0.008404 -0.001076 -0.004241
-0.000508 0.002509 0.004625
-0.000615 -0.014716 -0.000652
-0.003250 -0.011436 -0.000967
-0.011128 -0.005426 0.000491
0.010341 -0.009251 -0.002655
-0.009723 -0.007198 -0.004009
0.004315 -0.006540 0.004301
0.001769 -0.021155 0.001266
-0.003913 0.000778 0.001400
0.011259 -0.011518 0.002521
-0.000757 0.011796 0.012070
-0.009645 0.001295 0.002560
-0.001565 0.019408 0.000313
0.012362 0.005895 -0.002968
-0.002977 0.015684 -0.006002
-0.012916 -0.004438 -0.002781
-0.000927 0.004556 0.004445
0.000844 -0.015574 -0.003299
-0.001166 -0.014032 -0.002911
-0.012507 -0.005147 -0.001211
0.010843 -0.005895 0.000220
-0.009631 -0.006391 -0.004828
0.004190 -0.006568 0.006897
0.005565 -0.019423 -0.000970
-0.004391 0.000214 0.001368
0.013819 -0.013108 0.002662
-0.000024 0.011619 0.012408
-0.010864 0.001358 -0.001391
-0.001386 0.018743 0.000855
0.012505 0.005924 -0.001824
-0.002721 0.015437 -0.006044
-0.010002 -0.000120 -0.001051
0.001706 -0.610071 0.003792
-0.000988 -0.016670 -0.002785
0.008733 -0.014071 0.010552
-0.012154 -0.005241 -0.002821
0.013137 -0.006620 0.000731
-0.041623 0.002358 -0.039571
0.004092 0.010873 -0.014461
0.003381 -0.019471 -0.000839
-0.003760 0.001939 0.003598
0.012904 -0.011759 0.002531
-0.000044 0.011004 0.012215
-0.008949 0.000656 0.000659
-0.000569 0.020596 0.000276
0.012080 0.008221 -0.002714
-0.001000 0.019733 -0.005633
-0.006614 -0.004282 -0.000356
0.000537 0.003144 0.004048
0.000107 -0.014908 -0.006783
-0.003598 -0.011780 -0.000630
-0.010989 -0.005085 -0.001815
0.012045 -0.006514 0.001618
-0.009886 -0.006752 -0.003723
0.002791 -0.007919 0.003342
0.003991 -0.019199 -0.001311
0.028671 0.007875 -0.038879
0.014333 -0.011131 0.003468
-0.003752 0.005701 -0.006395
0.006959 0.008804 -0.002308
-0.009970 0.024401 0.002744
-0.007446 0.042449 -0.002429
0.004506 0.036207 -0.003106
0.000420 0.013884 -0.010171
-0.012978 0.007577 -0.000420
0.007537 0.056754 -0.004239
0.001578 0.006432 -0.002082
0.018179 -0.015125 0.004067
-0.011570 0.015781 -0.002492
-0.016041 -0.003603 -0.010723
0.011066 -0.005615 -0.000913
-0.004365 0.079251 -0.074795
0.010153 -0.008758 0.002823
-0.014458 -0.011027 0.002304
-0.001663 0.002261 -0.005260
0.008047 0.009426 -0.002550
-0.010585 0.010274 0.002437
0.007191 0.023165 -0.001039
0.000553 -0.002030 -0.000751
0.001463 0.003576 -0.011170
-0.007017 -0.002597 0.000384
0.002228 0.005818 0.000290
-0.000677 0.008093 -0.001934
0.007090 -0.013341 0.014472
-0.011504 0.009711 0.002171
-0.004433 -0.000996 0.000514
0.012082 -0.006132 0.001058
-0.003415 -0.006231 0.003880
0.009500 -0.008248 0.001217
-0.017678 -0.011626 0.001144
0.004281 0.010892 -0.005263
0.009462 0.007410 -0.002240
-0.010406 0.010055 0.003100
0.007449 0.022534 -0.002250
0.000561 -0.002470 -0.000123
0.001919 0.004591 -0.009084
-0.007633 -0.000552 0.000773
0.001625 0.005304 -0.001423
-0.001054 0.007063 -0.001934
0.015861 -0.013563 0.000532
-0.008685 0.011257 0.002191
-0.005159 -0.005535 -0.000722
0.011501 -0.005199 -0.000395
-0.003257 -0.004677 0.004949
0.010844 -0.010775 0.002726
-0.017561 -0.012242 0.001368
0.000613 0.004026 -0.004869
0.007168 0.007680 -0.002219
-0.011030 0.022783 0.001953
0.013702 0.035678 -0.000711
-0.000164 -0.005771 -0.000579
0.004671 0.012563 -0.010060
-0.006230 0.000801 0.004429
0.002299 0.002552 -0.000345
-0.001169 0.005874 -0.003027
0.013804 -0.005261 0.002327
-0.008408 0.009252 0.001196
-0.004393 -0.000330 -0.001347
0.010801 -0.005672 -0.000895
-0.003675 -0.005583 0.004543
-0.024968 0.011782 0.043539
0.018756 0.009631 0.044254
-0.005117 0.007741 -0.002565
0.004438 0.012358 -0.002306
-0.010298 0.011600 0.002008
0.004892 0.024762 -0.001416
0.001373 -0.003080 -0.000169
0.001123 0.003650 -0.009836
-0.009034 -0.002308 0.000995
0.002789 0.005538 0.000393
0.001546 0.005714 -0.002360
0.018678 -0.011753 0.003342
-0.007553 0.008430 -0.000953
-0.006855 -0.004040 0.002844
0.012119 -0.007267 -0.000298
-0.003611 -0.006935 0.002320
0.010984 -0.009365 0.001140
-0.016604 -0.011831 0.000802
-0.000495 0.002976 -0.004748
0.012684 0.013215 -0.000951
-0.009419 0.010863 0.002728
0.006121 0.023334 -0.003041
0.000150 -0.003558 -0.000542
-0.000543 0.007974 -0.006035
-0.009547 -0.003310 0.001050
0.003344 0.005306 0.000007
0.000492 0.010701 -0.002954
0.018613 -0.012039 0.004390
-0.008323 0.010062 0.001894
-0.004139 -0.001970 -0.001311
0.013540 -0.008717 0.002507
-0.004241 -0.005297 0.005079
0.008877 -0.010233 0.002301
-0.016509 -0.012157 0.001751
-0.002432 0.013749 -0.005571
0.011637 0.010444 -0.003605
-0.009653 0.010842 0.002277
0.006499 0.021638 0.002228
0.000290 -0.002848 0.000372
-0.002125 0.009824 -0.016611
-0.008141 0.008772 0.000560
0.003231 0.005008 -0.000179
0.018971 0.012104 -0.001704
0.017497 -0.010510 0.002462
-0.009208 0.011022 -0.002726
-0.009183 0.004718 0.000905
0.022601 -0.009049 -0.010185
-0.004469 -0.006400 0.004133
0.010381 -0.010193 0.002533
-0.016867 -0.010570 -0.000379
0.000030 0.003215 -0.005095
0.008831 0.019217 -0.003088
-0.010870 0.010713 0.002023
0.006785 0.024051 -0.001513
0.000087 -0.002271 -0.000079
0.000594 0.003060 -0.010198
-0.005782 0.002377 -0.005974
0.002514 0.006259 0.000215
-0.001813 0.006580 -0.001268
0.018944 -0.011949 0.004823
-0.008841 0.009995 0.002555
-0.005385 -0.001028 0.000646
0.015348 0.000479 0.002024
-0.003589 -0.004851 0.003811
0.010203 -0.009967 0.003043
-0.016800 -0.013390 0.002462
