-0.003945 0.016460 0.013045
-0.009301 0.000338 0.000846
-0.036444 0.039760 -0.038469
0.012224 0.007520 -0.002537
-0.001514 0.016419 -0.005984
-0.008334 0.001889 -0.001093
-0.000723 0.002929 0.004695
0.001049 -0.016846 -0.001776
-0.003981 -0.011652 -0.001198
-0.009877 0.004590 -0.002027
0.010576 -0.006370 0.004666
-0.010079 -0.007023 -0.003693
0.005322 -0.007216 0.003935
0.026120 -0.020572 -0.000592
-0.003641 0.000983 0.002068
0.015596 -0.015268 0.006141
-0.001183 0.011425 0.011729
-0.008334 0.002607 -0.000280
-0.001321 0.018755 0.000935
0.011291 0.008221 -0.002274
-0.001812 0.016112 -0.004826
-0.010450 -0.000119 -0.003231
0.000155 0.003316 0.004036
0.000383 -0.015256 -0.002517
-0.002926 -0.010936 -0.001200
-0.009345 -0.002168 -0.005667
0.012156 -0.005935 0.000393
-0.009471 -0.004699 -0.003966
0.004562 -0.007994 0.003735
0.003140 -0.020271 0.000172
-0.004121 0.001241 0.000888
0.012396 -0.011695 0.003008
-0.000022 0.011595 0.011057
-0.008863 0.002072 0.000634
-0.003064 0.018514 0.000190
-0.022898 0.025868 0.030997
-0.002136 0.016083 -0.006577
-0.008684 -0.000648 -0.001178
0.001594 0.004094 0.005739
0.000519 -0.018253 -0.002378
-0.003038 -0.014146 -0.001304
-0.009463 -0.000103 0.002819
0.021560 0.013910 0.000217
-0.021649 0.013089 -0.003241
0.003621 0.003328 0.004293
0.003350 -0.021590 -0.001571
-0.002407 -0.000055 0.001801
0.011266 -0.016159 0.002774
-0.000182 0.007088 0.010145
-0.008907 0.002294 0.000385
-0.001067 0.019976 0.000322
0.012993 0.007059 -0.002207
-0.002117 0.015623 -0.006380
-0.010678 0.000606 -0.002316
0.033514 0.023979 0.040216
-0.000041 -0.015184 -0.002773
-0.004529 -0.011311 -0.001238
-0.011024 -0.004196 -0.002108
0.011386 -0.006919 -0.000187
-0.008610 -0.007727 -0.008421
-0.000275 -0.002786 0.002402
0.002996 -0.020201 -0.000817
-0.005170 -0.001129 0.001730
0.013576 -0.013393 0.001473
-0.000170 0.009960 0.011214
-0.009366 0.000792 0.000651
-0.000775 0.018933 -0.000381
0.009019 0.007486 -0.002588
-0.000302 0.015794 -0.006599
-0.009495 0.001532 0.000783
-0.000805 0.003603 0.004490
-0.000270 -0.015650 -0.002398
-0.003794 -0.011358 -0.001045
-0.011217 -0.005356 -0.001562
0.010296 -0.006313 -0.005031
-0.009850 -0.006333 -0.003580
0.005030 -0.008491 0.003421
0.004334 -0.016994 -0.001109
-0.002896 0.000462 0.001338
0.014227 -0.013436 -0.000815
-0.002005 0.008815 0.013277
-0.008880 0.000480 -0.000376
-0.001017 0.018576 0.000267
0.012847 0.008148 -0.003181
-0.002008 0.014603 -0.007118
-0.009196 -0.002411 -0.000387
-0.000020 0.003177 0.004887
0.000920 -0.015028 -0.002736
-0.004203 -0.012232 -0.001592
-0.010930 -0.004933 -0.000919
0.009558 -0.005462 0.001131
-0.007115 -0.004840 -0.003588
0.003926 -0.008695 0.003349
0.005170 -0.021616 -0.000791
-0.004097 0.003031 0.002705
0.013940 -0.014484 0.002765
-0.010949 0.009816 0.001992
-0.009997 0.074535 -0.079418
-0.000863 0.018551 0.001055
0.012202 0.008372 -0.002247
0.032874 0.039132 -0.047283
-0.012223 0.008906 0.001112
-0.000805 0.004910 0.003367
-0.010929 0.041924 0.001718
-0.002723 0.037171 0.002232
-0.014536 0.003637 -0.002844
0.002205 0.006253 0.000746
0.000862 0.007280 -0.002239
0.011106 0.002951 0.003760
0.005673 -0.021354 -0.000319
-0.003139 0.002982 0.001013
0.016498 -0.012413 0.002636
-0.000040 0.011290 0.012178
-0.009031 0.000893 0.000306
-0.001106 0.019532 0.001053
0.011461 0.008548 -0.003134
-0.001049 0.016932 -0.004138
-0.009328 0.001572 -0.002570
-0.000635 0.002022 0.005220
-0.000391 -0.015565 -0.002981
-0.004082 -0.011167 -0.000909
-0.009698 -0.005968 -0.002067
0.010867 -0.006165 0.000895
-0.009482 -0.006100 0.000916
-0.000039 -0.004069 0.005381
0.003725 -0.019534 -0.000862
-0.005458 0.000904 0.001541
0.015287 -0.015683 0.004217
0.000509 0.002510 -0.004913
0.007770 0.008383 -0.002120
-0.010746 0.011277 -0.001921
0.008722 0.022800 -0.000911
-0.001220 -0.003855 0.000338
0.000722 0.005061 -0.009940
-0.008800 -0.002932 -0.000217
0.012619 0.001810 0.008597
-0.000734 0.007666 -0.002059
0.016856 -0.006437 -0.002254
-0.007520 0.010149 0.001479
-0.005026 -0.000887 0.000581
0.012047 -0.004684 -0.000140
-0.004259 -0.005692 0.002657
0.011202 -0.011728 0.003107
-0.017501 -0.011428 0.000535
-0.000347 0.003935 0.000574
0.006915 0.009573 -0.003496
-0.010971 0.010342 0.002902
0.007916 0.023312 -0.000386
-0.000037 -0.001927 -0.006218
0.002246 0.002964 -0.008712
-0.008281 -0.002153 0.001191
0.002139 0.004334 0.000745
-0.000258 0.007704 -0.002269
0.016108 -0.013042 0.003063
-0.008891 0.010426 0.002001
-0.004450 -0.000883 0.000163
0.011835 -0.006030 0.000281
-0.003391 -0.004973 0.004079
0.009493 -0.010597 0.002515
-0.016698 -0.013033 0.001277
-0.000422 0.014914 -0.025391
0.007076 0.005040 -0.003931
-0.009360 0.008702 0.000906
0.006371 0.022282 -0.002332
-0.000947 0.009177 0.020264
-0.000938 0.008846 -0.012194
-0.007839 -0.000253 0.001635
0.006996 0.012443 -0.001391
-0.000901 0.007410 -0.001857
0.020712 -0.004992 0.003309
-0.008852 0.021749 0.002058
-0.035859 0.020265 0.000556
0.005264 0.003901 0.000009
0.030587 0.014408 0.004572
0.010101 -0.010701 0.002112
-0.016728 -0.011404 0.001553
0.000878 0.003484 -0.005425
0.012224 0.015234 -0.001225
-0.010365 0.011590 0.003113
0.006279 0.023151 -0.002908
-0.000660 -0.001724 -0.000439
-0.000356 0.002717 -0.011567
-0.007856 -0.002420 0.000769
0.002891 0.005684 0.000166
-0.000832 0.006705 0.001347
0.017269 -0.011170 0.003847
-0.008849 0.010682 0.002509
-0.004672 -0.001581 0.000841
0.012220 0.005251 0.000458
-0.004029 -0.005651 0.004077
0.008183 -0.011894 0.002039
-0.016047 -0.012035 0.002065
-0.001763 0.002053 -0.005422
0.006813 0.008415 -0.002651
-0.009939 0.011443 0.001696
0.006659 0.023330 -0.001593
0.000882 -0.003278 -0.001113
0.001869 0.004111 -0.008923
-0.008447 -0.002586 0.000783
0.005213 0.003019 -0.001482
0.001631 0.007551 -0.002193
0.017328 -0.006554 0.008927
-0.007136 0.009646 0.002492
-0.004763 -0.000864 -0.000686
0.012362 -0.006536 -0.000091
-0.005000 -0.005303 0.006110
0.010786 -0.012010 0.001927
-0.017563 -0.013011 0.001833
-0.000255 0.004121 -0.006217
0.017463 0.005508 -0.012055
-0.009199 0.009048 0.000180
0.005729 0.021866 -0.003166
0.000089 -0.002139 0.001407
0.001514 0.004329 -0.009947
-0.007915 -0.002696 0.002245
0.003359 0.006188 -0.000234
-0.001802 0.006433 -0.000591
0.016965 -0.013544 0.003602
-0.009268 0.010568 0.002159
-0.005618 -0.000860 -0.000713
0.016644 -0.003465 -0.000909
-0.002590 -0.004471 0.004596
0.009994 -0.007505 0.002441
-0.017724 -0.011533 0.001628
-0.000073 0.003731 -0.005121
0.008832 0.006365 -0.000884
-0.012864 0.018082 -0.000961
0.009335 0.031119 -0.004557
-0.000232 -0.003004 -0.000988
0.001452 0.001024 -0.008744
-0.008041 0.070085 0.068297
0.001470 0.002554 0.002167
0.002934 0.015518 0.001137
0.017021 -0.000867 0.002982
-0.008605 0.021650 0.001931
-0.004924 -0.003683 0.000215
0.015991 -0.002985 0.001723
-0.003441 -0.007630 0.004137
-0.013546 -0.006843 0.002730
-0.009940 -0.578016 0.016281
-0.000806 0.004442 -0.005283
0.006327 0.008025 -0.003698
-0.011350 0.010367 0.002670
0.007482 0.022413 -0.005572
0.001422 -0.002906 0.000389
-0.007270 0.001948 -0.001481
-0.008133 -0.000340 0.000695
0.002449 0.005591 -0.000446
-0.000801 0.007709 -0.000116
0.018453 -0.012807 0.002500
-0.009051 0.010587 0.001400
-0.005385 -0.001079 -0.001339
0.010479 -0.006867 -0.000074
-0.003491 -0.005767 0.004639
0.007439 -0.010672 0.002821
-0.015792 -0.012561 0.000166
