0.000597 0.007955 0.009611
-0.006403 0.004912 0.003565
0.000267 0.018483 0.000092
0.012509 0.007703 -0.002756
-0.001797 0.015385 -0.003190
-0.009459 0.000893 -0.001946
-0.000181 0.003404 0.005131
0.009592 -0.016946 -0.002482
0.003226 -0.000585 -0.001000
-0.013416 -0.004509 -0.001878
0.011283 -0.006509 0.000692
-0.006619 -0.002115 -0.003724
0.005529 -0.010027 0.003776
0.005782 -0.023937 -0.000775
-0.002337 0.002737 0.007212
0.023571 -0.011658 0.002293
-0.003844 0.009716 0.012649
-0.001930 0.000673 -0.001086
-0.000767 0.019197 0.001454
0.011359 0.008748 -0.002909
-0.000583 0.016703 -0.006036
-0.010204 -0.000196 -0.002189
-0.001236 0.003350 0.004796
-0.001698 -0.014230 -0.001939
0.002588 -0.012895 -0.005603
-0.012074 -0.003399 -0.001772
0.011095 -0.006084 0.000446
-0.007460 -0.007642 -0.008664
0.005502 -0.008269 0.003723
0.000894 -0.018847 0.000213
-0.005057 -0.000449 0.001291
0.012543 -0.010889 0.003391
-0.001595 0.010660 0.012673
-0.010520 0.000921 -0.002064
-0.001067 0.018972 0.000410
0.011218 0.007762 -0.003178
-0.001760 0.015690 -0.006148
-0.009412 0.002095 -0.002701
0.000292 0.003753 0.002628
-0.001385 -0.014736 -0.002996
0.002402 -0.012434 0.003309
-0.010500 -0.004385 -0.001705
0.011377 -0.006827 0.000665
-0.007843 -0.008629 0.002590
0.003668 -0.006191 0.003786
0.003125 -0.019063 -0.001587
0.007655 0.001569 0.001732
0.013324 -0.010719 0.002348
0.006961 0.010899 0.013242
-0.011143 0.002959 -0.000354
0.007134 0.029007 0.016954
0.011229 0.006983 -0.004266
-0.001228 0.015076 -0.004832
-0.009160 0.001410 -0.002303
-0.000672 0.003424 0.004200
-0.002580 -0.016475 -0.002902
-0.003016 -0.011020 -0.000750
-0.012803 -0.005892 -0.001880
0.010187 -0.007220 -0.002194
-0.009309 -0.005455 -0.002580
0.005112 -0.007646 0.003868
0.013886 -0.019162 -0.000594
-0.003524 0.000581 0.001948
0.014209 -0.015000 0.000885
-0.000615 0.012043 0.011602
-0.009399 0.000751 0.001453
-0.001742 0.019133 0.000721
0.011927 0.008857 -0.003856
-0.002555 0.015345 -0.006636
-0.008253 0.000756 -0.002778
-0.000083 0.003545 0.004666
0.000809 -0.016355 -0.002893
-0.003514 -0.010824 -0.000985
-0.010263 -0.005184 -0.001933
0.013426 -0.006609 0.000604
-0.012431 -0.007500 -0.003602
0.029649 -0.008461 0.003764
0.002723 -0.019014 -0.000957
-0.003004 0.003510 -0.004579
0.013287 -0.012090 0.003059
0.000121 0.010891 0.012241
-0.009421 0.001945 0.000247
-0.002112 0.018614 0.001534
0.011431 0.009455 0.000734
-0.002969 0.015662 -0.005539
-0.013892 0.000093 -0.003696
0.000341 0.002774 0.004461
0.000251 -0.015900 -0.002428
-0.005035 -0.013422 -0.001167
-0.008958 -0.005568 -0.003522
0.013989 -0.007494 0.000759
-0.010821 -0.007690 -0.003668
0.004788 -0.007697 0.003434
0.002016 -0.015044 0.001476
-0.004650 0.000112 0.001806
0.010847 -0.011837 0.002709
0.000336 0.012032 0.010989
-0.007794 0.000458 0.000992
0.000665 0.022206 0.004806
0.020966 0.018274 -0.019540
-0.002083 0.015738 -0.006356
-0.018864 0.000561 -0.001726
-0.000090 0.002605 0.004716
0.009897 -0.015186 -0.002770
0.002134 -0.025643 -0.000841
-0.008923 -0.005762 -0.000268
0.030653 -0.001248 0.001471
0.003156 -0.005601 -0.002906
0.032824 -0.005770 0.003636
0.004196 -0.016437 -0.000914
-0.002676 -0.001189 0.001853
0.016720 -0.006043 0.002980
-0.002092 0.011514 0.014277
-0.009434 0.001022 0.000418
-0.002782 0.020391 -0.001933
0.014405 0.011682 -0.006636
-0.000323 0.015883 -0.006303
-0.009431 0.000038 -0.000606
-0.001078 0.003509 0.004170
-0.002289 -0.016258 -0.002721
-0.002881 -0.011228 -0.001516
-0.012928 -0.006213 -0.001800
0.010803 -0.007188 0.003548
-0.010368 -0.006072 -0.003769
0.003108 -0.006250 0.003484
0.002992 -0.020604 -0.001084
-0.007052 0.002492 0.001346
0.015457 -0.013946 0.003285
-0.000340 0.003553 -0.005180
0.008423 0.008305 -0.002913
-0.010491 0.010467 0.002711
0.008352 0.023165 -0.000716
0.000353 -0.002603 -0.000472
-0.000730 0.003925 -0.010074
-0.006738 0.001248 -0.002485
0.001838 0.006487 -0.000348
-0.000103 0.007747 -0.002437
0.023436 -0.021902 0.002941
-0.009567 0.009616 0.001389
-0.005375 -0.001385 -0.000164
0.010577 -0.005959 -0.000253
-0.002978 -0.005536 0.004941
0.024888 -0.049826 0.001494
-0.005363 0.025995 0.001437
0.001099 0.003935 -0.005146
0.006544 0.008941 -0.003534
-0.009974 0.011709 0.002888
0.013173 0.015713 -0.017713
-0.001056 -0.003108 0.000554
0.002658 0.001584 -0.007895
-0.009485 -0.002441 0.002512
0.003232 0.004751 -0.000827
-0.000880 0.006064 -0.005606
0.019467 -0.012249 0.002880
-0.009395 0.010296 0.005783
-0.004729 -0.001041 0.000376
0.011875 -0.004155 -0.000263
-0.009013 -0.006761 0.004241
0.011245 -0.008884 0.000554
-0.017768 -0.013545 0.002819
-0.001694 0.003141 -0.005187
0.064739 0.036659 -0.060477
-0.011567 0.010138 0.001638
0.007554 0.021197 0.001557
0.000809 -0.002062 -0.000666
0.000809 0.005090 -0.009947
-0.002441 -0.002726 0.001849
0.003041 0.004976 -0.000102
0.006728 -0.000495 0.014132
0.018788 -0.012159 0.003241
-0.009814 0.010486 -0.001582
-0.005976 -0.001045 -0.000191
0.042612 0.015827 -0.000942
-0.003017 -0.005416 0.004713
0.011118 -0.009757 0.003160
-0.017473 -0.012836 0.000355
-0.002031 0.002400 -0.005556
0.007506 0.007814 -0.002283
-0.010612 0.009595 0.000882
0.007898 0.022711 -0.002900
0.000034 -0.002124 -0.000125
0.001052 0.004640 -0.010446
-0.009439 -0.002359 0.000432
0.002302 0.004462 -0.000629
0.000010 0.008798 -0.002224
0.023013 -0.011042 0.006867
-0.007712 0.010472 0.002098
-0.006098 -0.003242 -0.000325
0.010881 -0.005873 0.000202
-0.003475 -0.004394 0.005214
0.009243 -0.009228 0.001621
-0.016937 -0.012248 0.002853
0.000344 0.004644 -0.005520
0.005754 0.007891 -0.002228
-0.010026 0.010312 0.002484
0.007638 0.023421 -0.001745
0.000080 -0.001177 0.000116
-0.000276 0.003113 -0.009998
-0.007843 -0.002496 0.000337
0.002611 0.005838 -0.001074
-0.000157 0.007491 -0.001695
0.016703 -0.011626 0.002662
-0.009034 0.010235 0.002211
0.003956 -0.002736 0.000301
0.011468 -0.006342 0.000491
-0.008960 -0.005829 0.003741
0.011929 -0.009498 0.002997
-0.015561 -0.012067 0.000779
-0.000510 0.002909 -0.003386
0.005983 0.008789 -0.001336
-0.014123 0.010493 0.003167
0.005938 0.023865 -0.003181
-0.001026 -0.003468 -0.002204
0.000860 0.005177 -0.011962
-0.007618 -0.001602 0.000792
0.002842 0.004924 0.001241
-0.002413 0.008640 0.000312
0.018116 -0.009751 0.003205
-0.007172 0.011748 0.001997
-0.004785 -0.001227 0.000074
0.010933 -0.003282 -0.000138
-0.003379 -0.005531 0.004489
0.009449 -0.008895 0.002187
-0.014933 -0.011008 0.001583
0.055443 -0.024457 0.053795
0.007433 0.008818 -0.002486
-0.020093 0.010533 0.001824
0.007566 0.020402 -0.004921
0.054032 -0.032053 -0.058722
0.007431 0.003547 -0.010694
-0.008468 -0.002075 0.000251
0.057847 0.035389 0.056332
0.001192 0.004563 0.001295
0.022056 -0.000986 0.002761
0.007836 0.018146 0.000690
0.060296 -0.029930 0.000830
0.010397 -0.002744 0.000181
-0.562750 -0.012110 0.005116
0.008825 -0.009401 0.002520
-0.016467 -0.011796 0.001110
-0.000102 0.003185 -0.005305
0.007175 0.007345 -0.001782
-0.009616 0.011323 0.002253
0.007151 0.023906 -0.001223
-0.002480 -0.004142 -0.000230
0.003407 0.005144 -0.008347
-0.009869 -0.001198 0.001093
0.003585 0.005735 0.000126
0.000075 0.006893 -0.001081
0.023089 -0.011327 -0.000186
-0.008017 0.011012 0.001822
-0.004856 -0.003555 0.000050
0.020219 -0.004849 -0.000218
-0.004003 -0.004732 0.003275
0.010110 -0.009456 0.002264
-0.016899 -0.011734 0.000275
