2176.0000 0.05 1
1.11111
4.44444
11.1111
2.22222
11.1111
4.44444
13.3333
11.1111
20
11.1111
6.66667
11.1111
24.4444
23.3333
17.7778
23.3333
26.6667
18.8889
13.3333
32.2222
18.8889
8.88889
4.44444
10
14.4444
16.6667
36.6667
37.7778
23.3333
40
11.1111
26.6667
17.7778
31.1111
24.4444
32.2222
28.8889
25.5556
40
24.4444
32.2222
46.6667
36.6667
47.7778
70
55.5556
56.6667
41.1111
80
106.667
95.5556
126.667
127.778
138.889
148.889
146.667
158.889
192.222
190
202.222
216.667
267.778
192.222
230
236.667
284.444
237.778
278.889
253.333
265.556
288.889
303.333
313.333
337.778
318.889
352.222
284.444
347.778
304.444
306.667
295.556
301.111
293.333
277.778
312.222
273.333
248.889
287.778
290
297.778
314.444
316.667
323.333
307.778
336.667
315.556
316.667
295.556
294.444
296.667
303.333
292.222
332.222
357.778
315.556
360
373.333
363.333
351.111
350
341.111
293.333
253.333
213.333
175.556
162.222
191.111
238.889
266.667
328.889
353.333
394.444
423.333
395.556
432.222
408.889
450
400
382.222
358.889
342.222
371.111
345.556
398.889
381.111
380
382.222
425.556
406.667
461.111
405.556
408.889
406.667
358.889
360
376.667
364.444
381.111
433.333
417.778
410
436.667
403.333
336.667
354.444
322.222
351.111
314.444
328.889
255.556
284.444
260
272.222
260
242.222
224.444
276.667
211.111
241.111
215.556
230
265.556
218.889
244.444
232.222
214.444
208.889
227.778
174.444
207.778
174.444
200
173.333
175.556
255.556
233.333
235.556
212.222
215.556
170
175.556
196.667
262.222
236.667
224.444
272.222
242.222
225.556
262.222
347.778
340
317.778
305.556
330
305.556
333.333
382.222
410
432.222
430
445.556
430
510
475.556
496.667
476.667
425.556
350
312.222
228.889
118.889
18.8889
1.11111
0
0
0
0
0
0
0
0
0
0
0
0
0
0
0
0
0
0
0
0
0
0
4.44444
0
2.22222
2.22222
0
0
4.44444
4.44444
2.22222
5.55556
0
0
6.66667
0
4.44444
6.66667
0
2.22222
4.44444
0
1.11111
2.22222
0
0
2.22222
0
2.22222
0
