-0.001435 0.011253 0.011792
-0.008641 0.000457 0.001169
-0.000590 0.018278 0.001798
0.007475 0.012828 -0.002330
-0.000619 0.015419 -0.005787
-0.008205 0.002444 -0.002607
-0.000176 0.003658 0.005378
0.001237 -0.016614 -0.002254
-0.011798 -0.002846 -0.001500
-0.011674 0.007879 -0.002069
0.011858 -0.007186 0.000313
-0.010258 -0.008514 -0.003420
0.004355 -0.006645 0.002680
0.004324 -0.022153 -0.000716
-0.003505 0.000530 0.001121
0.013858 -0.011490 0.003007
0.002036 0.011760 0.011371
-0.008667 0.001876 0.000668
-0.006678 0.024088 0.000628
0.010547 0.008174 -0.003109
-0.001153 0.016461 -0.006919
-0.010229 -0.000816 -0.003054
-0.000446 0.004408 0.005283
0.001076 -0.016177 -0.002740
-0.003831 -0.011222 -0.000395
-0.010220 -0.005114 -0.001504
0.008969 0.002774 0.000219
-0.010001 -0.005941 -0.003311
0.004147 -0.008544 0.003366
0.004168 -0.019641 -0.002002
-0.003500 -0.001876 0.002196
0.013744 -0.014060 0.002533
-0.000296 0.011549 0.011848
-0.008998 0.002413 0.000503
-0.000396 0.018352 0.000961
0.011897 0.008284 -0.004200
-0.001729 0.016037 -0.004943
-0.009432 0.000665 -0.001818
0.001150 0.003497 0.004733
0.000436 -0.015281 -0.002306
-0.003426 -0.012266 -0.001664
-0.010243 -0.005190 -0.002061
0.011188 -0.007445 0.000555
-0.010045 -0.006140 -0.003595
0.004061 -0.006697 0.003924
0.004401 -0.019950 0.000913
-0.003903 0.000835 0.000602
0.013767 -0.011425 0.002776
0.033945 0.024448 -0.030678
-0.045540 0.014978 -0.043174
-0.012775 0.017994 0.008972
0.012093 0.004183 -0.003680
-0.001818 0.017298 -0.009992
-0.009270 0.000291 -0.004458
-0.000215 0.003496 0.006253
-0.000006 -0.012558 -0.003066
-0.005201 -0.011599 0.001683
-0.011731 0.008430 -0.002194
0.006503 -0.001841 0.003140
-0.009486 -0.004987 -0.004485
0.004801 -0.008900 0.005095
-0.022926 0.059307 0.002777
-0.003186 0.000952 0.001893
0.012541 -0.010686 0.003464
-0.001351 0.009719 0.012620
-0.008539 0.000921 0.000138
-0.002427 0.019881 0.000237
0.012303 0.007116 -0.003637
-0.001840 0.016652 -0.006954
-0.008631 0.002041 -0.002106
-0.000317 0.003622 0.004519
-0.000394 -0.015805 -0.003375
-0.005494 -0.010215 -0.000634
-0.011815 -0.004878 -0.001619
0.012178 -0.005687 0.000881
-0.009631 -0.005872 -0.003574
0.003699 -0.008416 0.004677
0.003862 -0.019019 -0.000556
-0.002944 0.000670 0.001606
0.013760 -0.011302 0.003068
-0.000590 0.012055 0.013266
-0.008729 0.000964 0.000558
-0.001061 0.015303 0.001949
0.009811 0.004303 -0.000327
-0.002956 0.015025 -0.006342
-0.009647 0.000958 -0.002897
-0.000479 0.004462 0.007655
-0.000904 -0.016491 -0.002325
-0.002920 -0.010640 -0.001229
-0.011723 -0.004973 -0.002396
0.016401 0.001255 0.000576
-0.009814 -0.006275 -0.003705
0.003600 -0.006315 0.004153
0.003359 -0.018800 -0.000743
-0.003367 0.000650 0.001807
0.035804 0.054507 0.006849
-0.000822 0.010937 0.011500
-0.011085 0.001192 -0.001033
-0.000555 0.018990 0.000499
0.000167 0.006288 -0.012302
-0.001045 0.015568 -0.007553
-0.008523 0.000720 -0.002248
-0.000847 0.021312 -0.013473
-0.001631 -0.017074 -0.002701
0.000655 -0.002495 -0.000692
-0.011544 -0.005061 -0.001188
0.009764 -0.007356 0.000450
0.047522 0.043553 0.000251
0.011881 -0.638450 0.030981
0.002795 -0.018999 -0.000650
-0.003107 0.000513 0.001570
0.013167 -0.012122 0.001799
-0.000627 0.009829 0.010853
-0.008129 0.000953 -0.000966
-0.004232 0.016904 -0.001360
0.012629 0.007364 -0.002396
-0.000812 0.033306 0.013120
-0.012035 0.077700 -0.093669
-0.001541 0.002889 0.004653
-0.000441 -0.013548 -0.002224
-0.005548 -0.012630 -0.002929
-0.011923 -0.004295 -0.001536
0.007899 0.000099 -0.002011
-0.010793 -0.005501 -0.001753
0.004397 -0.009249 0.002550
0.004134 -0.019276 -0.001534
-0.060562 0.051966 0.004665
0.012858 -0.010986 0.002595
-0.000001 0.003581 -0.003404
0.007711 0.006381 -0.004469
-0.009738 0.013335 0.002887
0.005563 0.019736 0.001739
-0.000353 -0.003817 -0.000873
0.003437 0.005197 -0.009089
-0.008130 -0.002889 -0.000035
0.003575 0.003133 -0.000448
-0.000551 0.004644 -0.003529
0.018007 -0.011336 0.002803
-0.015344 0.020185 0.001653
-0.003815 -0.004310 0.000282
0.013932 -0.007716 -0.000180
-0.001877 -0.009045 0.007138
0.011745 -0.010820 0.002140
-0.018408 -0.000761 0.001164
0.001944 0.002674 -0.004994
0.007576 0.009050 -0.001187
-0.010616 0.010239 0.002868
0.007034 0.023767 -0.001790
0.001028 -0.002959 0.000020
0.000376 0.003814 -0.009828
-0.008544 -0.000964 0.000834
0.002676 0.005864 0.003369
-0.001392 0.008466 -0.002639
0.012953 -0.001221 0.004410
-0.007116 0.009802 0.001774
-0.005322 -0.001333 -0.000338
0.011069 -0.006652 -0.000035
-0.003903 -0.006473 0.004336
0.005816 -0.000141 0.000677
-0.016376 -0.012654 0.000317
-0.000592 0.003758 -0.005636
0.005638 0.007863 -0.002672
-0.010933 0.009929 0.001655
0.006665 0.023735 -0.001240
-0.000312 -0.002715 -0.000367
0.000643 0.003525 -0.009814
-0.007593 -0.001855 -0.000205
0.004251 0.006012 0.002029
-0.000760 0.007651 -0.001487
0.018537 -0.010491 0.002513
-0.007964 0.011681 0.001956
-0.005730 -0.002582 -0.000098
0.011958 -0.005207 0.000055
-0.005615 -0.010200 0.004157
0.009973 -0.009438 0.003599
-0.016911 -0.011448 0.002269
-0.001098 0.001705 -0.006817
0.007980 0.008912 -0.003628
-0.011419 0.079784 0.072379
0.018556 0.021143 0.005672
0.002732 0.004255 0.003620
0.000668 0.005171 -0.010943
-0.008346 -0.003160 0.002502
0.000531 0.011707 0.003882
0.001627 0.004784 0.000412
0.019196 -0.011662 0.007636
-0.003732 0.012555 0.006274
-0.006954 -0.002495 -0.000666
0.012918 -0.002751 -0.001287
-0.003339 -0.006387 0.003489
0.013714 -0.006209 -0.003997
-0.019922 -0.006834 -0.005036
-0.000944 0.002121 -0.005259
0.005092 0.015232 -0.006915
-0.009718 0.010930 0.002587
0.007419 0.023517 -0.002201
-0.000019 -0.002395 -0.001062
0.001168 0.004573 -0.010095
-0.007299 -0.002604 0.001169
0.003255 0.005008 -0.000665
-0.001574 0.007791 -0.003261
0.018052 -0.012193 0.003831
-0.008932 0.010015 0.002270
-0.004386 -0.003737 -0.000139
0.014499 -0.008651 0.000650
-0.003890 -0.006538 0.001560
0.010396 -0.007937 0.002402
-0.016761 -0.012261 0.001748
-0.000167 0.003719 -0.005418
0.007684 0.005706 -0.002470
-0.009506 0.012204 0.002273
0.005753 0.022208 -0.000412
-0.000682 -0.002850 0.001088
0.000970 0.002865 -0.008822
-0.007985 -0.002333 0.000259
0.003113 0.006047 -0.001220
-0.001878 0.007340 -0.003365
0.027419 0.001373 0.003070
-0.008880 0.009767 0.001733
-0.004747 0.000949 -0.001303
0.011739 -0.007611 -0.000626
-0.003524 -0.009681 0.004212
0.011671 0.000693 0.002210
-0.018635 -0.013231 0.001201
0.001701 0.003577 -0.009584
0.006945 0.008196 -0.001852
-0.009990 0.010499 0.002542
0.011715 0.029777 -0.002180
0.000210 -0.003357 0.003496
0.032501 0.022786 0.021882
-0.010792 -0.002634 0.002085
0.002033 0.005094 -0.000020
0.004232 0.014198 -0.000703
0.020350 -0.010749 0.003124
-0.007721 0.021257 0.001939
-0.025778 -0.002169 0.001341
0.011223 -0.006670 0.000749
-0.001436 -0.006500 0.004398
0.009742 -0.009949 0.002815
-0.011201 -0.001508 0.001227
0.002385 0.011684 -0.008323
0.006228 0.009634 -0.006432
-0.010493 0.010328 0.005204
0.009404 0.020506 -0.003952
-0.000975 -0.005262 0.001187
0.001395 0.004383 -0.010015
-0.040493 0.016668 0.033304
0.003335 0.002344 0.002406
0.011748 0.003978 -0.011724
0.019287 -0.014845 0.000499
-0.003721 0.014501 -0.002279
-0.007250 -0.002431 0.000844
0.033777 -0.006727 0.001113
-0.002076 -0.009889 0.005354
0.012648 -0.005853 0.007257
-0.018561 -0.008367 0.006495
