2176.0000 0.05 1
1.11111
4.44444
11.1111
2.22222
11.1111
4.44444
13.3333
11.1111
20
11.1111
6.66667
11.1111
24.4444
23.3333
17.7778
23.3333
26.6667
18.8889
13.3333
32.2222
18.8889
8.88889
4.44444
10
14.4444
16.6667
34.4444
37.7778
25.5556
40
11.1111
26.6667
17.7778
31.1111
24.4444
32.2222
26.6667
27.7778
40
24.4444
32.2222
46.6667
36.6667
47.7778
70
55.5556
56.6667
41.1111
80
106.667
95.5556
126.667
127.778
141.111
146.667
144.444
163.333
190
187.778
204.444
216.667
267.778
192.222
230
236.667
284.444
236.667
277.778
255.556
263.333
287.778
304.444
315.556
337.778
318.889
350
284.444
350
304.444
308.889
295.556
298.889
293.333
277.778
314.444
271.111
251.111
285.556
290
300
312.222
317.778
322.222
305.556
337.778
318.889
316.667
293.333
296.667
296.667
302.222
291.111
330
360
315.556
360
373.333
367.778
346.667
350
343.333
295.556
248.889
215.556
177.778
160
188.889
241.111
262.222
333.333
351.111
397.778
417.778
400
426.667
410
452.222
400
386.667
352.222
346.667
371.111
347.778
395.556
382.222
375.556
386.667
427.778
404.444
458.889
407.778
406.667
411.111
357.778
356.667
374.444
371.111
378.889
433.333
417.778
405.556
438.889
403.333
341.111
350
322.222
351.111
316.667
326.667
255.556
284.444
262.222
274.444
253.333
244.444
222.222
276.667
211.111
244.444
216.667
232.222
258.889
223.333
244.444
230
214.444
208.889
225.556
178.889
206.667
174.444
198.889
173.333
175.556
255.556
235.556
234.444
210
216.667
168.889
176.667
196.667
262.222
236.667
224.444
272.222
244.444
225.556
255.556
352.222
340
317.778
305.556
330
305.556
335.556
380
412.222
432.222
427.778
445.556
432.222
507.778
481.111
503.333
471.111
430
355.556
306.667
225.556
116.667
11.1111
1.11111
0
0
2.22222
0
0
0
0
0
0
0
0
0
0
0
0
0
0
0
0
0
2.22222
0
4.44444
0
0
2.22222
0
2.22222
0
6.66667
2.22222
3.33333
2.22222
2.22222
4.44444
0
4.44444
6.66667
0
2.22222
2.22222
3.33333
0
2.22222
0
0
2.22222
0
2.22222
0
