0.001803 0.003737 0.012026
-0.010955 0.002085 0.000642
0.015740 -0.029373 0.000573
0.009637 0.006294 -0.002631
-0.001507 0.015963 -0.005908
-0.010052 0.001367 -0.004177
0.000667 0.003930 0.004520
-0.002146 -0.015317 -0.002968
-0.003012 -0.011970 -0.000646
-0.002717 -0.004330 -0.002184
0.021291 -0.017761 0.016065
-0.008843 -0.006441 -0.003836
0.004581 -0.006914 0.004298
0.011961 -0.031632 -0.016890
-0.003873 0.000678 0.001669
0.013645 -0.011894 0.002944
0.001078 0.010580 0.012103
-0.010501 0.002633 0.000672
-0.000108 0.018749 -0.000606
0.012671 0.006077 0.002039
-0.000326 0.016401 -0.005968
-0.010713 0.000767 -0.002280
-0.000564 0.002627 0.004526
0.000887 -0.015227 -0.002730
-0.006370 -0.009364 -0.000317
-0.009519 -0.002458 0.001107
0.011564 -0.006546 0.000794
-0.009260 -0.006933 -0.003170
0.005162 -0.006629 0.003605
0.004828 -0.019086 0.000433
-0.003304 -0.000137 0.000663
0.013905 -0.010294 0.005079
-0.000220 0.010884 0.011868
-0.008030 0.001266 0.000532
-0.000626 0.018452 0.001402
0.010785 0.007047 -0.006556
-0.001361 0.015926 -0.004946
-0.010117 0.001452 -0.002963
0.002992 -0.001377 0.005073
0.000402 -0.015524 -0.002532
-0.003223 -0.011649 -0.001268
-0.011257 -0.006516 -0.001890
0.012336 -0.006992 -0.000225
-0.008815 -0.005421 -0.002570
0.002466 -0.007317 0.004376
0.003851 -0.018939 -0.001147
-0.003673 0.000133 0.002075
0.012260 -0.011597 0.002384
0.005297 0.026445 0.012337
-0.011148 0.000105 0.000607
-0.003098 0.018744 0.000840
0.011540 0.008442 -0.002226
-0.002673 0.015476 -0.005540
-0.007842 0.001070 -0.001903
0.000240 0.005786 0.008504
-0.002155 -0.016732 -0.003138
-0.002427 -0.011794 -0.001590
-0.012232 -0.005360 -0.002403
0.012041 -0.005922 0.000333
-0.008663 -0.003133 0.000933
0.003404 -0.007844 0.003006
0.004019 -0.019075 -0.000173
-0.003352 0.001394 0.002126
0.004574 -0.010272 0.003911
-0.001789 0.011395 0.012208
-0.007755 0.001621 0.000109
-0.000493 0.019665 0.000583
0.014217 0.010869 -0.002828
-0.000152 0.015062 -0.006297
-0.009282 0.001720 -0.000488
-0.002899 0.004721 0.004485
0.000248 -0.015248 -0.002393
-0.003278 -0.012722 -0.000666
-0.012179 -0.005182 -0.003968
0.010830 -0.008977 -0.002843
-0.008955 -0.006678 -0.003708
0.005094 -0.007796 0.003269
0.003492 -0.021387 0.001989
-0.004840 0.001237 0.001536
0.014256 -0.011475 0.003068
0.004558 0.011975 0.009390
-0.005329 0.001577 -0.000816
-0.002216 0.018967 0.001069
0.011134 0.008065 -0.002431
-0.000988 0.016035 -0.005116
-0.007997 0.001217 -0.003921
-0.000303 0.002305 0.004689
-0.000650 -0.015554 -0.001298
-0.003793 -0.010966 -0.002813
-0.011083 -0.006767 -0.001360
0.009541 -0.005762 0.001819
-0.009399 -0.007055 -0.005321
0.004224 -0.007375 0.004197
0.006421 -0.022664 -0.004642
-0.004622 -0.000084 0.001336
0.014171 -0.010489 0.002920
0.005559 0.012004 0.016401
-0.006996 0.000990 0.001763
-0.002939 0.018958 0.000015
0.010974 0.007943 -0.002356
0.013932 0.064377 -0.003735
0.005065 -0.000661 -0.001636
0.012156 0.003588 0.004463
0.061275 -0.048347 0.062714
0.055812 0.022692 -0.073400
-0.011903 -0.003716 -0.002624
0.013516 -0.010089 0.005130
-0.005197 -0.000681 -0.007886
0.001254 -0.010239 0.004098
0.001998 -0.018518 -0.001802
-0.002450 -0.001618 0.004142
0.014185 -0.012674 0.000681
-0.001888 0.013746 0.011998
-0.010580 0.000228 0.000695
-0.001549 0.018521 0.000621
0.023041 0.006688 -0.002879
-0.002784 0.015307 -0.004836
-0.007664 0.001377 -0.002388
0.000161 0.006260 -0.000842
0.000243 -0.015726 -0.002539
-0.004613 -0.011968 -0.001082
-0.013016 -0.004164 -0.002408
0.012052 -0.007039 0.000360
-0.001093 0.003289 -0.020074
0.061867 -0.039850 -0.064088
0.004203 -0.019754 -0.001531
-0.003425 0.001379 0.001554
0.010221 -0.011385 0.001977
-0.002000 0.004225 -0.004937
0.008323 0.008798 -0.002359
0.001486 0.009682 0.001938
0.003779 0.024068 -0.000899
0.033074 -0.005713 -0.000844
0.004162 0.004226 -0.010150
-0.007294 -0.002621 0.000895
0.062518 0.035080 -0.001094
-0.000955 0.007579 -0.002109
0.019318 -0.014402 0.000339
-0.008572 0.011409 -0.000699
-0.005991 -0.001785 0.000215
0.011698 -0.006278 0.000274
0.003126 -0.005439 0.005550
0.011905 -0.010091 0.001382
-0.017278 -0.011601 0.000586
0.000158 0.003286 -0.005443
0.005938 0.006568 -0.002585
-0.011052 0.011306 0.002665
0.009012 0.017588 -0.001812
-0.000951 -0.000304 0.000304
-0.000220 0.004822 -0.010562
-0.012488 -0.001802 -0.000165
0.003101 0.004776 0.000657
0.001354 0.007182 -0.002133
0.016210 -0.012176 0.003369
-0.007574 0.010135 0.001297
-0.006390 -0.000923 -0.000128
0.011147 -0.005497 -0.000349
-0.002788 -0.006736 0.004438
0.010945 -0.009932 0.002590
-0.016712 -0.012016 0.000934
0.011135 0.002847 -0.004845
0.010577 -0.002175 -0.002938
-0.010550 0.011166 0.002134
0.006125 0.023512 -0.001918
0.000663 -0.003097 -0.000206
0.000952 0.004923 -0.009745
-0.007138 -0.002188 0.001080
0.002165 0.005317 -0.000625
-0.000704 0.007975 -0.001357
0.016989 -0.011876 0.003222
-0.008957 0.010119 0.002159
-0.003233 -0.005168 0.002267
0.009140 -0.002617 -0.000438
-0.001874 -0.002558 0.001589
0.010794 -0.009930 0.002201
-0.016391 -0.012491 0.002420
-0.002046 0.002941 -0.005505
0.010725 0.015826 -0.002865
-0.007412 0.015553 0.002152
0.005968 0.022610 -0.001558
0.000369 -0.004578 0.000107
0.001335 0.004243 -0.009943
-0.008414 -0.001186 0.001285
0.002543 0.005314 -0.000243
-0.002398 0.006611 -0.004982
0.019049 -0.010578 0.002081
-0.008232 0.011164 0.001327
-0.006449 -0.000747 -0.003453
0.010851 -0.006105 -0.000317
-0.004330 -0.005779 0.004671
0.012493 -0.006729 0.006927
-0.016372 -0.011121 0.001369
-0.002887 0.004510 -0.004598
0.008624 0.008793 -0.002868
-0.010381 0.010621 0.002702
0.006814 0.023882 -0.002228
0.000428 -0.005448 -0.000667
0.000390 0.004331 -0.009926
-0.012560 -0.002893 0.000723
0.003416 0.006172 -0.000630
-0.000757 0.008251 -0.002052
0.017953 -0.011078 0.002870
-0.008876 0.009936 0.002447
-0.007132 -0.001465 -0.000221
0.012008 -0.006401 0.000081
-0.004705 -0.005691 0.006200
0.009947 -0.009616 0.001983
-0.018013 -0.011848 0.001809
0.000715 0.003718 -0.004984
0.013759 0.006466 -0.006658
-0.009466 0.007221 0.004615
0.005696 0.027080 -0.002921
0.000614 -0.003070 -0.000267
0.000034 0.002761 -0.010009
-0.007818 -0.003319 0.001099
0.002787 0.007849 0.000171
-0.000577 0.007077 -0.002014
0.016835 -0.010763 0.005332
-0.012211 0.009770 0.002758
-0.004590 -0.001468 -0.000151
0.011712 -0.004727 0.002290
-0.002944 -0.004545 0.005063
0.009564 -0.007743 -0.001732
-0.017320 -0.011902 0.000637
0.010204 0.002837 -0.005711
0.011155 0.006666 0.000088
-0.009178 0.008262 0.001659
0.007108 0.028034 -0.001143
-0.001140 -0.002051 -0.000569
0.000842 0.001984 -0.009704
-0.567991 0.008121 0.018625
0.001925 0.007260 0.000155
0.011431 -0.004662 -0.002319
0.025606 -0.010661 0.004004
-0.017940 0.009408 -0.000456
-0.002856 0.000393 0.001164
0.062613 0.023886 0.056624
-0.003683 -0.006264 0.003766
0.015276 -0.001292 0.018210
-0.010947 -0.012844 -0.005805
-0.002188 0.002707 -0.004920
0.006981 0.008994 -0.002543
-0.013028 0.010392 0.002395
0.017947 0.023694 -0.001311
0.028692 -0.000348 -0.000322
0.023191 -0.018791 -0.005740
-0.008596 -0.001260 -0.000696
0.007070 0.006510 -0.000582
-0.002623 0.006602 0.001181
0.018726 -0.012190 0.003044
-0.009148 0.009168 0.004141
0.001507 -0.001609 -0.000745
0.012146 -0.005141 0.001027
-0.004590 -0.005076 0.004134
0.009312 -0.010352 0.004860
-0.015787 -0.011364 0.000463
