2176.0000 0.05 1
1.11111
4.44444
11.1111
2.22222
11.1111
4.44444
13.3333
11.1111
20
11.1111
6.66667
11.1111
24.4444
23.3333
17.7778
23.3333
26.6667
18.8889
13.3333
32.2222
18.8889
11.1111
2.22222
10
14.4444
16.6667
34.4444
37.7778
25.5556
40
11.1111
26.6667
17.7778
31.1111
24.4444
32.2222
26.6667
27.7778
40
24.4444
32.2222
46.6667
36.6667
47.7778
70
55.5556
56.6667
41.1111
80
106.667
95.5556
126.667
127.778
134.444
153.333
146.667
158.889
192.222
192.222
202.222
214.444
267.778
192.222
230
234.444
286.667
235.556
278.889
255.556
261.111
291.111
301.111
317.778
337.778
318.889
350
286.667
345.556
301.111
312.222
294.444
297.778
295.556
277.778
314.444
271.111
251.111
281.111
296.667
295.556
316.667
315.556
320
312.222
333.333
318.889
315.556
296.667
292.222
298.889
298.889
292.222
334.444
357.778
316.667
358.889
375.556
356.667
353.333
354.444
336.667
293.333
255.556
215.556
175.556
162.222
191.111
238.889
264.444
333.333
347.778
397.778
418.889
397.778
431.111
410
450
402.222
380
358.889
342.222
373.333
345.556
400
380
377.778
386.667
423.333
406.667
458.889
406.667
407.778
408.889
360
358.889
372.222
368.889
376.667
431.111
415.556
414.444
441.111
398.889
341.111
354.444
320
351.111
311.111
327.778
262.222
281.111
261.111
267.778
266.667
240
224.444
274.444
211.111
245.556
215.556
234.444
260
217.778
244.444
234.444
214.444
206.667
225.556
178.889
205.556
176.667
197.778
175.556
174.444
256.667
231.111
237.778
211.111
216.667
170
174.444
197.778
260
238.889
222.222
274.444
240
225.556
260
350
340
321.111
302.222
330
307.778
331.111
382.222
412.222
430
424.444
451.111
432.222
510
478.889
503.333
468.889
433.333
348.889
316.667
223.333
114.444
13.3333
1.11111
0
0
0
0
0
0
0
0
0
0
0
0
0
0
0
0
0
0
0
0
0
0
4.44444
2.22222
0
0
2.22222
0
4.44444
6.66667
2.22222
3.33333
2.22222
0
4.44444
2.22222
4.44444
6.66667
0
2.22222
2.22222
2.22222
1.11111
2.22222
0
0
2.22222
0
2.22222
0
