-0.001505 0.013591 0.012921
-0.009273 0.004162 0.000392
-0.003448 0.021175 0.000378
0.012085 0.007999 -0.001831
-0.001036 0.017238 -0.003103
-0.008417 0.001355 -0.001509
-0.001607 0.003901 0.004874
-0.000175 -0.016678 -0.002942
-0.004428 -0.011984 -0.000282
-0.012530 -0.004944 -0.001600
0.010598 -0.005955 -0.000025
-0.009751 -0.005907 -0.003770
0.005056 -0.006765 0.004299
0.003086 -0.018948 -0.001265
-0.003034 0.001265 0.001665
0.012607 -0.011014 0.002489
0.000084 0.011003 0.012123
-0.008687 0.001928 -0.000320
-0.001688 0.019140 0.000440
0.012777 0.006958 -0.003753
0.001454 0.021920 -0.005785
-0.010169 -0.000430 -0.003426
-0.000039 0.002307 0.004360
0.000030 -0.014801 -0.002480
-0.003890 -0.010350 -0.000200
-0.010916 -0.005899 -0.001448
0.010807 -0.007339 0.001558
-0.010566 -0.006162 -0.002888
0.004336 -0.007872 0.003099
0.002897 -0.019793 -0.000968
-0.004458 -0.000061 0.000364
0.014358 -0.011891 0.003271
0.000217 0.010371 0.012562
-0.009892 0.002343 -0.000201
-0.001434 0.019844 0.000494
0.019951 -0.002706 -0.003335
0.000270 0.016843 -0.006271
-0.009633 0.002052 -0.001862
-0.000029 -0.010347 0.004267
0.000105 -0.014401 -0.002733
0.000620 -0.015959 -0.001933
-0.010989 -0.005941 -0.002091
0.011203 -0.007846 0.000444
-0.008742 -0.004986 -0.004262
0.004080 -0.010290 0.002756
0.003116 -0.020472 -0.000808
-0.003146 -0.000030 -0.001915
0.014702 -0.010477 0.002426
0.000127 0.011279 0.011625
-0.009171 0.000493 0.000756
-0.001661 0.020819 0.001346
0.012731 0.008499 -0.006821
-0.000397 0.020244 -0.006555
-0.007945 0.001825 -0.001991
0.000308 -0.008640 0.004673
-0.000260 -0.016563 -0.002134
-0.003772 -0.007057 -0.000034
-0.011665 -0.005271 -0.002422
0.010752 -0.005914 0.000568
-0.012911 -0.013978 -0.005486
0.004123 -0.076772 -0.073481
0.004429 -0.018364 -0.000345
-0.003782 0.000052 0.002379
0.013706 -0.009964 0.003433
-0.000527 0.010776 0.012071
-0.009194 0.001253 0.000586
-0.003430 0.021100 0.000430
0.011570 0.008287 -0.003795
-0.003012 0.019470 -0.008780
-0.010515 0.001858 -0.002527
-0.001804 0.003745 0.004097
-0.000613 -0.016916 -0.001603
-0.002605 -0.011432 -0.001377
-0.010770 -0.006246 -0.002346
0.011783 -0.007410 0.001186
-0.012225 -0.005676 -0.003504
0.004255 -0.006986 0.003624
0.002841 -0.018877 0.000088
-0.004373 0.002680 0.000813
0.013763 -0.011573 0.003247
-0.000205 0.011626 0.012016
-0.009023 0.000700 0.001348
-0.002310 0.017169 0.000071
0.011325 0.006644 -0.002364
-0.001119 0.018621 -0.004667
-0.009625 -0.004757 -0.002665
0.000132 0.003172 0.005281
0.000277 -0.014404 -0.001668
-0.002174 -0.008990 -0.002247
-0.011110 -0.005749 -0.005775
0.010964 -0.005891 0.000195
-0.010104 -0.006645 -0.004458
0.004095 -0.009165 0.003288
0.002692 -0.018821 -0.000170
-0.000377 -0.007401 -0.000767
0.014124 -0.011442 0.003151
-0.004238 -0.033770 0.011279
0.003673 -0.056265 -0.000835
-0.026311 0.018326 -0.000090
0.002247 -0.012008 -0.002444
-0.003124 0.020466 -0.006205
-0.008480 -0.001792 -0.002653
0.000264 0.003320 0.003682
0.000862 -0.093347 0.081378
0.006893 -0.009972 0.007673
-0.010870 -0.021235 0.016929
0.045401 -0.025935 -0.037324
-0.009084 -0.004500 -0.006296
0.003934 -0.007604 0.003537
0.034316 -0.038049 0.039978
-0.004337 0.003377 -0.000235
0.013617 -0.011823 0.001382
0.000279 0.011015 0.011618
-0.008650 0.000683 0.000864
-0.000942 0.020230 0.000083
0.013025 0.008049 0.002589
-0.004276 0.017104 -0.005687
-0.007960 0.001632 -0.001892
0.000037 0.003299 0.004087
-0.000138 -0.015477 -0.002278
-0.003753 -0.011802 -0.001260
-0.009746 -0.004034 -0.001741
0.013386 -0.005640 -0.000373
-0.008518 -0.004064 -0.004942
0.004584 -0.007318 0.001758
0.003582 -0.018953 -0.000946
-0.002044 0.000924 0.001552
-0.016524 -0.029488 0.037712
-0.000498 0.002281 -0.005301
0.008478 0.009723 -0.002500
-0.009651 0.010046 0.002455
0.007129 0.024018 -0.001373
-0.000227 -0.002534 -0.000369
0.000774 0.002809 -0.009907
-0.008752 -0.002781 0.000270
0.003030 0.005826 -0.000877
-0.000396 0.008036 -0.001998
0.018925 -0.012603 0.003893
-0.008076 0.010706 0.002166
-0.004904 -0.001584 -0.000394
0.012337 -0.006285 0.000145
-0.002953 -0.006367 0.004976
0.011943 -0.008972 0.003931
-0.017768 -0.010100 0.002633
0.000266 0.002728 -0.006496
0.009837 0.004320 0.002728
-0.009429 0.011234 0.001908
0.006680 0.025472 -0.001074
0.000188 -0.003395 -0.000255
0.001050 0.004503 -0.010314
-0.008391 -0.001610 0.000522
0.003361 0.005194 0.000663
-0.000789 0.006810 -0.001576
0.017740 -0.011371 0.002500
-0.008856 0.010213 0.002300
-0.005253 -0.001584 0.000133
0.011259 -0.005184 -0.000956
-0.002956 -0.006082 0.002795
0.010414 -0.010090 0.002864
-0.016864 -0.012654 0.002413
0.001433 -0.000384 -0.004147
0.008625 0.003948 -0.007313
-0.009652 0.009974 0.002913
0.005664 0.026016 -0.002170
0.000056 -0.001141 -0.000035
0.007925 -0.006578 -0.009898
-0.007360 -0.012046 0.000004
0.003475 0.008279 -0.000534
0.009754 -0.016048 -0.002516
0.018799 -0.012019 0.003290
-0.009596 0.009281 0.001841
-0.004057 0.001933 -0.001652
0.015342 -0.010764 0.001690
-0.003161 -0.005070 0.005256
0.008339 -0.009542 0.001464
-0.016072 -0.012526 0.006155
-0.001027 -0.007049 -0.005381
0.007364 0.008566 -0.001762
-0.010571 0.010802 0.001220
0.008737 0.025431 -0.001484
0.000366 -0.002503 0.001216
-0.002720 0.001293 -0.011146
-0.013165 -0.009383 0.000415
0.002819 0.004985 -0.000511
-0.011857 -0.006592 -0.002853
0.018963 -0.010880 0.004567
-0.008208 0.008286 0.003576
-0.013570 0.001709 -0.009751
0.011844 -0.002778 -0.000151
-0.002392 -0.004649 0.003548
0.010270 -0.009897 0.002438
-0.016739 -0.012949 0.000486
-0.001979 0.004844 -0.004797
0.004275 0.001096 -0.002546
-0.010460 0.011223 0.002319
0.007713 0.023758 -0.001999
-0.000225 -0.002703 -0.000321
0.001361 0.004505 -0.009830
-0.008998 -0.001479 0.000948
0.002844 0.006038 0.001537
0.000078 0.007828 -0.001642
0.018100 -0.007900 0.004671
-0.007796 0.009998 0.001758
-0.004307 -0.001834 0.000437
0.010744 -0.005285 -0.000962
-0.004572 -0.005272 0.003284
0.009245 -0.009899 0.000972
-0.016162 -0.011701 0.000980
-0.003594 0.001001 0.000416
0.009250 -0.002753 -0.002481
-0.010026 0.009889 0.001603
0.006994 0.021419 -0.002111
0.000023 -0.002471 -0.000654
0.001583 0.004776 -0.010140
-0.004659 -0.006432 -0.001283
0.002727 0.005091 -0.000396
-0.000207 0.008563 -0.006778
0.016347 -0.009460 0.001483
-0.008139 0.011712 0.001647
-0.004454 0.000557 -0.001188
0.020018 -0.003138 -0.007791
-0.003183 -0.005990 0.008969
0.011013 -0.008158 0.004553
-0.017893 -0.010338 0.002974
-0.002058 -0.000236 -0.009595
0.007572 0.008749 -0.003126
-0.018438 0.579685 -0.009748
0.030922 0.018315 -0.002765
-0.038803 -0.032115 -0.001593
0.000633 -0.006620 -0.010175
-0.005458 -0.006914 0.001925
0.034496 -0.013464 -0.002418
-0.001493 0.011359 0.002877
0.008745 -0.009530 0.011953
-0.036639 -0.011536 -0.025871
-0.008975 -0.007315 0.001364
0.013488 -0.003398 0.001058
-0.003607 -0.016959 -0.013253
0.007527 -0.016239 0.005166
-0.014204 -0.019386 0.005081
-0.000045 0.003473 -0.005301
0.007580 0.008066 -0.003335
-0.011408 0.011278 0.003305
0.009204 0.024614 -0.001777
0.000819 -0.003147 -0.001828
-0.001978 0.001806 -0.008269
-0.008175 -0.000484 0.000950
0.002746 0.004668 0.000291
-0.003208 0.007103 -0.002178
0.013830 -0.017425 0.001479
-0.008749 0.010428 0.001750
-0.006881 0.001059 0.001266
0.011197 -0.005225 0.000014
-0.004252 -0.005213 0.005028
0.008927 -0.009452 0.006809
-0.015632 -0.011754 0.001236
