2176.0000 0.05 1
1.875
3.75
6.25
6.25
7.5
16.25
8.75
7.5
17.5
15
14.375
16.25
25
16.25
6.25
31.25
23.125
18.125
30
8.75
10
13.125
10
10
16.25
20
25
28.75
38.125
20
23.75
27.5
13.75
26.875
21.875
28.125
21.875
41.875
43.125
30.625
37.5
56.25
46.875
46.25
43.125
66.25
55
47.5
84.375
93.75
98.75
124.375
136.875
135.625
138.125
153.75
181.875
151.875
156.25
202.5
175.625
176.875
231.25
253.125
268.75
236.25
236.875
276.875
294.375
310.625
295.625
321.25
303.75
311.875
319.375
341.25
340.625
364.375
315.625
353.125
374.375
365.625
329.375
359.375
334.375
377.5
313.75
295
303.125
286.25
273.75
255.625
230
251.875
251.25
296.875
208.75
249.375
313.75
293.125
315.625
310.625
310.625
298.75
250
293.75
309.375
296.875
328.125
273.75
277.5
303.75
273.125
320
291.25
313.75
251.875
298.75
350.625
317.5
315.625
317.5
326.25
364.375
341.25
380.625
402.5
377.5
390.625
391.25
396.25
430.625
452.5
469.375
450.625
443.125
455.625
436.25
448.75
415
404.375
431.25
381.25
358.75
317.5
351.875
330.625
308.125
316.875
329.375
305
276.875
215
256.25
248.75
303.75
278.125
248.125
271.875
223.75
318.75
288.125
330.625
299.375
303.75
291.875
286.25
296.25
349.375
290.625
325.625
353.125
370
356.25
261.875
286.25
212.5
289.375
346.25
265.625
264.375
266.25
259.375
236.25
245
250.625
262.5
328.125
237.5
227.5
237.5
225.625
179.375
250
255.625
279.375
255
306.25
255
265
255.625
208.125
199.375
272.5
255.625
325
343.125
345.625
354.375
275
366.25
294.375
515
533.125
508.125
426.875
365.625
262.5
234.375
198.125
168.75
120
61.875
31.25
11.25
3.75
1.875
3.75
1.25
0
0
0
0
0
0
0
0
0
0
2.5
0
