0.008243 0.060538 0.048103
-0.005427 -0.001020 0.001392
0.011450 0.004047 -0.000308
0.002423 0.001545 -0.003418
0.008834 0.002629 -0.003735
-0.001087 -0.003683 0.000397
-0.005302 -0.001618 -0.004633
-0.005239 0.006101 0.001242
-0.008578 0.000541 -0.007051
0.005162 0.011174 0.010405
-0.003329 -0.002284 0.005388
-0.006220 -0.002630 0.001899
-0.002526 -0.005356 0.009334
-0.005636 0.000533 0.000707
0.004929 0.000712 -0.006356
0.002034 -0.002909 -0.000080
0.010714 0.001527 0.000962
-0.006163 -0.001545 0.001287
0.007671 0.009399 0.005223
0.002113 0.000314 -0.003706
0.009125 0.002661 -0.002871
-0.001068 -0.003388 -0.002021
-0.004760 -0.002134 -0.003912
-0.004813 0.005049 0.000288
-0.008431 -0.000139 -0.007752
0.004869 -0.001226 -0.003263
-0.007797 0.001353 0.013578
-0.006107 -0.001431 0.002067
-0.001724 -0.004987 0.009768
-0.005654 0.000859 -0.000358
0.005480 0.001136 -0.004188
0.004099 -0.003332 -0.001251
0.010692 0.002302 0.001065
-0.005500 -0.001559 0.001573
0.010375 0.004312 -0.000851
0.002246 0.000992 -0.002647
0.009235 0.002471 -0.003700
0.000672 -0.002928 -0.000879
-0.005393 -0.002484 -0.004935
-0.005077 0.006009 -0.001013
-0.026440 0.000577 0.010667
0.005178 -0.013210 0.010189
-0.003636 -0.002397 0.003339
-0.009797 -0.062820 0.053562
0.050790 -0.004071 0.053968
-0.014833 0.008298 -0.587127
0.004429 0.003315 -0.005884
0.007690 0.001263 0.007379
0.011452 0.003202 -0.000382
-0.006643 -0.000920 -0.000020
0.011146 0.003951 -0.000391
0.002274 0.001324 -0.004172
0.008613 0.002262 -0.002761
-0.000752 -0.003821 0.000547
-0.003954 -0.003007 -0.004299
-0.005162 0.005639 0.001122
-0.008237 0.000659 -0.006509
0.004934 -0.011728 0.008574
-0.003478 -0.002007 0.004874
-0.005518 -0.008305 0.008755
-0.002570 -0.005396 0.009887
-0.005660 -0.000788 -0.008872
0.004252 0.001146 -0.004569
0.002331 -0.001706 0.000956
0.010877 0.001894 0.001403
0.050476 -0.000711 0.045553
0.007518 0.000092 0.005024
0.002481 -0.044227 0.032320
-0.033622 0.003970 0.033434
-0.004065 -0.005572 -0.001806
-0.003807 -0.001993 -0.013182
-0.009629 0.001928 0.008506
-0.008557 0.001177 -0.007667
0.005135 -0.000886 -0.002670
-0.002749 -0.001306 0.004077
-0.006144 -0.002238 0.002704
-0.001692 -0.005749 0.009782
-0.005469 -0.000142 -0.000432
0.002476 0.002553 -0.005813
0.002684 -0.002120 0.000762
0.010593 0.001578 0.000427
-0.006563 -0.001586 0.001394
0.012460 0.005314 -0.002008
0.002028 -0.005052 0.002277
0.009308 0.002743 -0.002503
-0.002010 -0.002711 0.000125
-0.004509 -0.002325 -0.005612
-0.005983 0.007030 0.000093
-0.008612 0.000951 -0.006584
0.005247 -0.001185 -0.001482
0.001721 -0.006958 0.014544
-0.006003 -0.001924 0.001520
-0.003287 -0.004279 0.008294
-0.005843 -0.000177 -0.000434
0.003943 0.001721 -0.004845
0.006478 0.001504 0.006373
0.011573 0.006136 0.005256
-0.006351 -0.001507 0.000272
0.007183 0.003783 0.003492
0.002002 0.001867 -0.003229
0.008791 0.002688 -0.002657
-0.002403 -0.004504 -0.000825
-0.004185 -0.001432 -0.004722
-0.005245 0.005874 0.001244
0.004515 0.000276 0.004264
0.005206 0.015342 0.015664
-0.003496 -0.002507 0.005394
-0.006499 -0.001965 0.000578
-0.001227 -0.005632 0.006737
-0.006065 0.000660 0.001681
0.005510 0.000621 -0.004549
0.003624 -0.002923 -0.001648
0.011008 0.001533 0.001536
-0.004775 -0.001651 -0.000551
0.011084 0.003146 -0.002596
0.002411 -0.000407 -0.004553
0.008036 0.002460 -0.004735
-0.002113 -0.002701 -0.000710
-0.004703 -0.002012 -0.009078
-0.000059 0.010745 0.009803
-0.008320 0.000567 -0.006595
0.005379 -0.001172 -0.011367
-0.003936 -0.003797 0.003994
-0.006175 -0.001474 0.002666
-0.002701 -0.006098 0.008400
-0.006283 0.000672 -0.000269
0.005811 0.000912 -0.005765
0.001865 -0.002949 0.000123
-0.012195 -0.001940 0.003562
0.005093 -0.002510 0.001869
-0.002335 0.001692 -0.004989
-0.005041 0.005365 0.001459
-0.008379 0.012245 0.010532
0.006420 -0.002214 -0.000988
0.003575 -0.000741 -0.005048
0.003091 -0.000494 -0.001432
0.013189 0.009869 0.006936
-0.000677 -0.007932 -0.006520
0.001610 0.003187 0.005525
-0.022245 -0.004016 -0.005104
0.003130 0.004599 0.010526
0.000291 -0.007464 -0.010049
0.018174 0.001271 0.001649
-0.009415 0.004826 0.014200
-0.012867 -0.001523 0.003131
0.004894 -0.002730 0.000151
-0.002743 0.001105 0.002630
-0.004309 0.004025 0.002434
-0.003392 0.006313 -0.000934
0.003986 0.031284 0.021722
0.007798 0.003142 0.002277
0.003058 -0.000338 -0.001338
0.008994 0.005365 0.001596
-0.000566 -0.005859 -0.005627
0.001580 0.003695 0.004794
-0.022576 -0.003613 -0.006037
0.002210 0.004538 0.012016
0.000575 -0.007822 -0.010377
0.017897 0.000456 0.000770
-0.004766 0.000189 0.007123
-0.012374 -0.001052 0.003480
0.002748 -0.002017 0.000757
-0.002442 -0.000662 -0.003571
0.000219 0.000269 0.008816
-0.002977 0.008316 -0.001851
0.005961 -0.001622 -0.000670
0.004816 -0.000752 -0.003761
-0.002501 0.003127 0.005492
0.013846 0.001243 0.007587
-0.005514 -0.011862 0.005494
0.003182 0.002814 -0.000190
-0.023898 -0.002418 -0.007828
0.002599 0.006638 0.012665
-0.045493 -0.007611 0.024384
0.016951 0.000527 0.030847
-0.009269 -0.003872 0.014327
-0.012847 -0.001551 0.003224
0.004591 -0.002561 0.001459
-0.002550 0.000449 -0.001520
-0.004818 0.003851 0.002496
0.000666 0.001816 0.008504
0.006191 -0.001919 -0.001834
0.003308 -0.000707 -0.005488
0.003250 0.000157 -0.000592
0.007927 0.006693 -0.000231
-0.001777 -0.004154 -0.006693
0.002210 0.002809 0.005035
-0.022098 -0.003152 -0.005982
0.003126 0.004392 0.011880
0.000525 -0.007442 -0.008676
0.017517 0.001377 0.001545
-0.004443 0.001694 0.005266
-0.026856 -0.000997 0.018690
0.007105 -0.004902 0.002103
-0.003149 0.001567 0.003200
-0.002785 0.005361 0.000587
-0.003827 0.006615 -0.002516
0.006002 -0.001487 -0.001387
0.007827 -0.004758 0.002347
0.000113 0.004148 0.003945
0.010856 0.005441 0.001569
-0.000995 -0.005734 -0.007142
0.001312 0.002142 0.004801
-0.028161 -0.007037 0.000929
0.003615 0.004925 0.011179
0.000369 -0.007343 -0.010554
0.017870 0.000735 0.000823
-0.005731 0.000222 0.007900
-0.012061 -0.001647 0.003506
0.005074 -0.002738 0.001523
-0.003040 0.001138 0.002632
-0.004871 0.005029 0.001673
-0.003564 0.006297 -0.001355
0.005656 0.000070 -0.003415
0.002371 0.000394 -0.006727
0.003132 0.000127 -0.000642
0.008806 0.005533 0.001227
-0.000933 -0.005959 -0.006057
0.003177 0.001865 0.004992
-0.022125 -0.003959 -0.005003
0.002471 0.004370 0.012235
-0.000567 -0.007810 -0.009553
0.017824 0.000881 -0.000453
-0.005153 0.000165 0.006528
-0.012633 -0.001378 0.003003
0.005949 -0.002499 0.000351
-0.002849 0.000473 -0.000836
-0.003131 0.004936 0.000171
-0.004124 0.004780 -0.001803
0.005853 -0.002311 -0.000740
0.010569 -0.000717 0.001796
0.001718 -0.001073 -0.002730
0.008293 0.004558 0.000089
0.003474 -0.001521 0.004190
0.002614 0.003007 0.004020
-0.026137 -0.007727 -0.000700
0.002339 0.004973 0.012221
-0.001391 -0.007615 -0.011632
0.016878 0.001617 0.028307
-0.004887 -0.001127 0.005210
0.001214 -0.001474 0.018647
0.004972 -0.002769 0.001561
-0.003171 0.001404 0.003129
-0.000388 -0.000446 0.008682
-0.003395 0.006356 0.000020
0.005979 0.004416 0.005069
0.002562 -0.002561 -0.007015
0.001783 -0.001112 -0.003030
0.012607 0.005672 0.004835
-0.000760 -0.005886 -0.005005
0.003223 0.003729 0.004919
-0.023600 -0.002676 -0.007874
0.001312 0.004491 0.011078
0.000299 -0.006969 -0.009792
0.017627 0.000822 -0.000651
-0.008537 0.000306 0.010687
