2176.0000 0.05 1
1.11111
4.44444
11.1111
2.22222
11.1111
4.44444
13.3333
11.1111
20
11.1111
6.66667
11.1111
24.4444
23.3333
17.7778
23.3333
26.6667
18.8889
13.3333
32.2222
18.8889
8.88889
4.44444
10
14.4444
16.6667
34.4444
37.7778
25.5556
40
11.1111
26.6667
17.7778
31.1111
24.4444
32.2222
26.6667
27.7778
40
24.4444
32.2222
46.6667
36.6667
47.7778
70
55.5556
56.6667
41.1111
77.7778
108.889
95.5556
126.667
127.778
136.667
148.889
146.667
161.111
192.222
187.778
202.222
218.889
267.778
192.222
230
232.222
288.889
235.556
278.889
255.556
261.111
292.222
300
317.778
335.556
321.111
352.222
280
352.222
302.222
308.889
298.889
297.778
293.333
277.778
312.222
273.333
248.889
287.778
290
297.778
314.444
318.889
321.111
310
335.556
318.889
315.556
292.222
293.333
302.222
300
291.111
332.222
362.222
313.333
357.778
377.778
363.333
348.889
350
341.111
293.333
253.333
213.333
175.556
162.222
188.889
241.111
262.222
333.333
351.111
400
417.778
395.556
431.111
407.778
452.222
400
382.222
361.111
340
375.556
343.333
397.778
382.222
378.889
383.333
427.778
405.556
453.333
410
408.889
408.889
354.444
362.222
378.889
366.667
376.667
437.778
413.333
407.778
438.889
403.333
343.333
347.778
322.222
353.333
314.444
326.667
255.556
284.444
262.222
267.778
262.222
242.222
222.222
278.889
208.889
243.333
215.556
234.444
258.889
221.111
244.444
232.222
214.444
208.889
225.556
176.667
207.778
174.444
200
173.333
175.556
257.778
235.556
230
212.222
216.667
170
175.556
196.667
262.222
238.889
224.444
270
242.222
227.778
257.778
350
340
317.778
307.778
327.778
308.889
332.222
380
414.444
425.556
430
445.556
434.444
507.778
480
503.333
472.222
430
352.222
310
224.444
117.778
11.1111
1.11111
0
0
0
2.22222
0
0
0
0
0
0
0
0
0
0
0
0
0
0
0
0
0
0
4.44444
2.22222
0
0
2.22222
2.22222
2.22222
6.66667
0
3.33333
2.22222
0
4.44444
2.22222
4.44444
4.44444
2.22222
2.22222
4.44444
1.11111
0
2.22222
0
0
2.22222
0
2.22222
0
