-0.000762 0.011723 0.013140
-0.008822 0.001936 0.001413
-0.000299 0.018991 -0.000191
0.012698 0.007412 -0.002697
-0.006630 0.017642 0.000803
-0.009231 0.001277 -0.003351
0.001090 0.003545 0.005027
0.001082 -0.017648 -0.002453
-0.004946 -0.012577 -0.001270
-0.011223 -0.004767 -0.002129
0.011199 -0.007667 0.000708
-0.009873 -0.007938 -0.002828
0.004877 -0.007708 0.004173
0.002223 -0.018106 -0.000139
-0.004855 0.005924 0.007219
0.012944 -0.011129 0.001892
-0.001002 0.011482 0.012253
-0.008702 0.000781 -0.000667
-0.000804 0.018757 -0.000199
0.011262 0.008895 -0.002403
-0.000590 0.016433 -0.005820
-0.010354 0.000404 -0.002810
0.000255 0.003609 0.010781
-0.000018 -0.015797 -0.001860
-0.002105 -0.011016 -0.006839
-0.011102 -0.004959 -0.001755
0.010143 -0.006320 0.000325
-0.008334 -0.007221 -0.008590
0.004873 -0.008366 0.004165
0.003909 -0.019935 -0.000496
-0.004570 0.002159 0.001323
0.012791 -0.010200 0.003349
-0.000446 0.010496 0.011935
-0.009490 0.001212 0.000425
-0.001587 0.018948 0.000551
0.011223 0.008146 -0.003634
-0.001816 0.015800 -0.007701
-0.008179 0.000853 -0.002729
-0.000233 -0.001486 0.008664
-0.001541 -0.014972 -0.002711
-0.001715 -0.015671 -0.001593
-0.011854 -0.004657 -0.001413
0.011227 -0.007208 0.001413
-0.005715 -0.004902 -0.004501
0.003761 -0.008130 0.003820
0.003398 -0.019429 -0.000659
-0.002820 0.000462 0.001139
0.014506 -0.010827 0.002314
0.005717 0.011140 0.019081
-0.009165 0.001087 -0.000340
0.003598 0.022460 0.008591
0.011006 0.007522 -0.002725
-0.001314 0.015441 -0.007403
-0.009188 0.001056 -0.004919
0.000088 0.003169 0.003801
-0.002535 -0.015871 -0.007693
-0.002678 -0.010830 -0.000299
-0.011759 -0.005946 -0.002454
0.008834 -0.007931 -0.005336
-0.009273 -0.007492 -0.002693
0.002314 -0.004127 0.003293
0.008037 -0.020952 -0.000446
-0.002869 0.000731 0.001546
0.012484 -0.009765 0.001868
-0.000566 0.011433 0.012294
-0.009413 0.000617 -0.001851
-0.001338 0.019521 -0.000066
0.010404 0.008779 -0.003297
0.005922 0.013942 0.000005
-0.009011 0.000829 -0.002942
-0.000957 0.002957 0.004396
-0.000649 -0.014332 -0.001846
-0.003046 -0.010670 -0.000749
-0.010891 -0.006088 -0.001489
0.011743 -0.008174 0.001337
-0.008712 -0.005900 -0.003112
0.004589 -0.007397 0.003925
0.003265 -0.019436 0.000281
-0.001855 -0.020097 0.003708
0.015901 -0.012337 0.003253
-0.001099 0.010935 0.011990
-0.008559 0.001317 -0.001532
-0.001080 0.019084 -0.002005
0.011580 0.007805 0.003190
-0.001697 0.015952 -0.006184
-0.012910 0.004817 0.000958
0.001051 0.003162 0.004458
0.000871 -0.018395 -0.006435
-0.003552 -0.013869 -0.007312
-0.008585 -0.005950 -0.001161
0.015920 -0.003617 0.004054
-0.013707 -0.004469 0.003157
0.006905 -0.006124 -0.001848
0.000596 -0.020921 0.004954
-0.003889 0.000806 0.000789
0.013669 -0.011114 0.001727
-0.000999 0.011287 0.013503
-0.008779 0.001632 0.000761
-0.001895 0.019109 0.000605
0.009485 0.003688 0.000570
-0.001670 0.015246 -0.006459
-0.008424 -0.003619 0.005031
-0.001474 0.004069 0.004449
0.003087 -0.018432 -0.003168
-0.006737 -0.014806 -0.000659
0.039908 -0.038373 0.061841
-0.005359 -0.017977 0.004974
0.010075 -0.014129 0.001881
0.004759 -0.003875 0.003908
0.019181 -0.008599 0.001566
-0.003712 -0.000197 0.002061
0.012668 -0.011307 0.003331
-0.005906 0.009630 0.018576
-0.008422 0.001674 -0.000655
-0.007348 0.017886 0.008382
0.011951 0.007364 -0.002280
-0.001187 0.016342 -0.005377
-0.009252 0.000511 -0.002052
-0.000179 0.003637 0.004380
-0.001116 -0.019499 -0.003877
-0.002597 -0.011273 -0.000823
-0.011545 -0.005117 0.000037
0.007675 -0.004201 -0.000628
-0.009447 -0.005665 -0.002870
0.005023 -0.006145 -0.001314
0.005443 -0.018631 -0.006196
-0.005164 0.000577 0.000878
0.018963 0.057516 0.066625
0.000018 0.003579 -0.004917
0.007487 0.008542 -0.002145
-0.010258 0.010277 0.002054
0.006459 0.023603 -0.002180
0.000749 -0.003573 -0.000077
0.001366 0.004126 -0.010922
-0.008152 -0.002164 0.000690
0.003294 0.005583 -0.001046
-0.000981 0.008364 -0.002075
0.018235 -0.011198 0.002801
-0.008437 0.010362 0.002778
-0.004942 -0.000987 -0.000418
0.011259 -0.005679 0.000369
-0.003653 -0.005963 0.005466
0.005822 -0.011203 0.002365
-0.016247 0.009371 0.005623
0.000108 0.003128 -0.004996
0.012017 0.004510 0.003109
-0.010339 0.010516 0.002244
0.010843 0.021440 -0.000980
0.000201 -0.003259 -0.000425
0.001995 0.004074 -0.011088
-0.008651 -0.002092 0.002523
0.002909 0.005283 -0.000662
-0.000331 0.007899 -0.003781
0.018130 -0.011878 0.003892
-0.009429 0.010568 0.001567
-0.005221 -0.001694 0.000151
0.008897 -0.004284 -0.006695
-0.002819 -0.006200 0.004743
0.010366 -0.008396 0.002838
-0.016496 -0.012510 0.002236
-0.000196 0.003218 -0.005166
0.005401 0.010321 0.001691
-0.009737 0.010644 0.001999
0.004557 0.025008 -0.001487
0.000200 -0.002756 -0.000086
0.000739 0.004738 -0.011378
-0.008680 -0.002318 0.002655
0.003121 0.005341 -0.000797
0.000121 0.007748 -0.002097
0.018269 -0.011433 0.003095
-0.007971 0.009853 0.001172
-0.005507 -0.000387 0.000427
0.010006 -0.001598 0.000387
-0.003364 -0.004892 0.004870
0.009047 -0.010353 0.002484
-0.017135 -0.011292 0.001342
-0.000415 0.003515 -0.005979
0.007184 0.008435 -0.002435
-0.014004 0.009075 0.002575
0.007283 0.024001 -0.001415
0.000731 -0.001877 -0.000578
0.000956 0.003980 -0.011266
-0.007933 -0.002358 0.001544
0.002526 0.005251 -0.001277
-0.000829 0.007992 -0.003015
0.017487 -0.012656 0.002168
-0.007917 0.010112 0.001978
-0.005065 -0.002117 -0.000020
0.010972 -0.006298 0.001096
-0.003445 -0.005368 0.006420
0.011775 -0.010713 0.008913
-0.017285 -0.012050 0.001453
0.000027 0.002861 -0.005071
0.007220 0.008771 -0.001138
-0.010597 0.010555 0.003417
0.007776 0.022921 -0.001342
-0.000920 -0.002100 -0.000398
0.001628 0.003903 -0.010170
-0.007783 -0.000770 0.001026
0.003361 0.004735 -0.001372
-0.000950 0.006717 -0.002585
0.018434 -0.011819 0.003670
-0.008659 0.009634 0.001268
-0.005545 -0.001468 0.001717
0.012520 -0.006187 0.000482
-0.002611 -0.006987 0.003794
0.008028 -0.008889 -0.002638
-0.016901 -0.017635 0.006174
0.000094 0.003371 0.014689
0.008146 0.009066 -0.001086
-0.012098 0.011001 0.008017
0.008631 0.023547 0.004064
-0.000462 -0.002335 -0.003309
0.000960 0.003054 -0.003877
-0.008207 -0.004730 0.000643
0.002665 0.004378 0.007121
-0.001372 0.013019 0.003227
0.017447 -0.012079 0.003584
-0.008838 0.007881 0.002283
-0.003883 0.001064 0.000320
0.013863 -0.002552 -0.000743
-0.005249 -0.004999 0.004946
0.009870 -0.009556 0.003339
-0.016583 -0.010299 0.001479
-0.001257 0.003729 0.019146
0.007681 0.007778 -0.001029
-0.007156 0.013588 0.009856
0.004811 0.024383 0.002018
-0.014734 -0.002035 -0.556626
-0.000429 0.004736 -0.005131
-0.008661 0.001602 0.000502
0.010137 0.006751 0.001501
-0.000404 0.004320 0.003823
0.018820 -0.009562 0.002762
-0.010537 -0.066030 0.080238
0.057640 0.035023 0.073148
0.010851 -0.003927 -0.004619
-0.064724 0.030469 0.074833
0.010544 -0.009373 0.002263
-0.016649 -0.012591 0.000365
-0.000310 0.003571 -0.005763
0.007763 0.008269 -0.002173
-0.006742 0.011987 0.002974
0.006786 0.022828 -0.001155
-0.000916 -0.002705 -0.001191
0.001084 0.005025 -0.010541
-0.008604 -0.001789 0.002924
0.003393 0.006359 -0.001003
-0.001068 0.007999 -0.003572
-0.029550 -0.040185 0.049262
-0.008891 0.010064 0.001176
-0.004317 -0.000631 0.000896
0.011671 -0.005658 0.000283
-0.003547 -0.005161 0.003948
-0.007450 -0.001774 0.007306
-0.015385 -0.011381 0.000820
