432.0000 0.05 1
0.2
1.6
2.2
1.2
3.6
6.4
3.6
5.6
5.6
6.8
4
6.8
5.2
6.6
6
8
8
8.6
6.6
6.4
10.4
9.2
8.8
8.6
13.2
7.6
8.4
14
11.8
11.2
16
10.4
13.8
9.6
14.6
13.8
17.2
18
10.6
18.8
17.2
21.2
24.8
17.8
27.8
29.2
31.4
33.2
29.8
37.2
37.8
40.4
40.4
49.6
52
51.6
61.2
78
77.6
79.8
78.2
77.4
84.6
78
77
99.6
117.6
96.8
101.8
102.6
108.8
105.4
111.8
114.2
115.4
109.6
118
117.4
115.4
122.6
126
126.2
117.6
132.6
115.8
134
131.4
135.4
135.4
136
119
144.8
139.4
129.8
141
127.4
129.2
140.2
136.2
132.6
135.4
138.4
130
136.2
126
132.4
132.2
131.2
133.8
132.6
132.2
143.8
127.2
134.4
138.6
145.6
131.4
132.2
136.6
128
141.4
139.2
134.6
138.2
130.8
139.4
127.8
129.2
128.2
120.6
123.6
124.4
124.6
120.8
124.8
124
124
114.6
128
121
121.8
127.6
121
116.4
123.6
116.8
123.6
124
123.6
116.6
115.4
129.8
121.8
109
114.4
114.4
119.8
119.6
118
123.2
125
117.8
121.6
122.2
126.4
121.4
135
118.8
131.8
121.4
127
128.6
135.4
135.4
137.8
127.4
140
139.4
140.8
141
138.2
149.2
140.2
148
134.8
135.6
144.4
130
149
145.8
145.8
149.4
144.6
144.8
139.2
140.6
137.6
138.8
138.6
121.8
136
128
128.4
127.2
114.6
113.4
116.2
105.4
100.6
91.8
93
87.6
76.2
67
68.2
65
50
59.4
53.6
49.2
40
43
42
36.8
37.6
35
35
44
37
35.6
33.4
33.8
34.8
37.6
25.8
33.4
36.2
32.6
28.4
29.8
32
32.4
29.4
28.8
32.8
31.4
30
28.4
33.2
28.4
30
32.8
26.2
31.6
27.4
27.6
25.8
26.4
30.6
26
31.2
27.8
23.8
29.8
28.6
21.8
26.2
25
26
26.6
25.2
23.6
21
26.4
25.2
26.4
21.6
25.6
27.8
28.8
27
26.4
27.8
26.4
26.4
21.8
26.8
24.6
24.8
31.4
25.6
28.2
24.8
34.4
29
29.6
27.6
29
29.4
32.4
21
33.8
29.6
25.2
33.4
33
22.8
28.4
28.4
32.2
23.2
34.2
29.8
27.8
32.4
25
27.8
30
33
31
25.6
29
27.4
29
34.8
29.4
29.8
29.6
35.2
27.6
32.6
30.8
31.2
30.2
33.6
33.6
33.4
35.4
28
36.4
35.6
33.2
37.2
31.2
33.4
35.4
38.6
32.4
37.8
35.6
32.8
27.4
40
39.2
32.6
34.2
30
40.2
35.4
34.6
29.2
42.6
37.6
32.8
38.2
38.4
38.8
28.6
42
34
40.8
33.2
42
34
39.4
35.4
36
38
42.4
33
38.8
34.2
42.6
37.2
33.6
39.2
37
37.8
33.8
37.2
40
35.8
39.6
38.4
39
36
35.2
40.4
38.4
37.2
36.8
41.4
34.6
38.2
41.4
35.4
38
33.4
40.4
40.8
36.8
35.6
36.2
38.2
37.8
39
38.8
36.2
42
38
38
40.8
35.8
38.4
38
39.4
38.2
31
40
30.6
36.8
39.6
35.4
33.8
32.2
33.4
24.8
23.2
25
22.6
19.6
8.6
8.2
6.4
3.2
1.2
2
1.2
0.4
0.8
0
