-1.268043 -1.792900 -3.581061
0.216683 -0.025239 -1.254048
2.464821 -1.324260 0.811183
0.122478 1.488024 -0.473162
0.976873 -0.360174 1.403261
0.855687 -1.481961 1.735166
-2.171364 0.558031 2.115620
2.004341 -0.001204 -0.527448
1.788085 2.338124 0.492055
-1.651133 2.341362 2.073487
-2.763149 0.440224 -1.425380
0.210702 1.162668 -0.274710
-1.901568 -0.653599 -2.959774
0.265286 -3.015812 0.647178
-0.965041 -1.482400 1.487851
0.737238 1.235177 -2.549989
0.909687 1.468391 -1.789632
2.132383 -0.608739 -0.231101
0.869631 0.158061 -1.048337
2.050026 1.139085 -0.715272
2.182667 -3.194851 -1.700362
-1.880042 -0.918698 -2.388096
-0.224556 -0.173654 0.059662
0.027247 0.213487 0.163455
-1.979869 -1.732670 1.460863
-2.792036 -0.185998 -0.882759
0.368428 0.938376 -1.953945
1.220153 -0.289604 -1.223513
-0.496862 2.343660 0.678070
-2.589498 -0.894705 2.059636
-0.868867 -0.153550 0.374513
1.152612 0.344311 -2.247772
2.097920 0.879637 4.201782
0.244598 -1.100196 0.320338
1.132845 0.657560 1.484545
-3.972542 1.504159 1.283665
-1.236891 1.271017 3.665242
0.749648 2.463940 2.306392
0.801282 -1.487304 0.491924
1.252326 0.385677 -2.364149
-2.924149 2.348672 0.200326
0.043559 -0.008526 -2.061413
1.658679 -1.945748 -0.471046
-6.676786 0.940536 2.226656
0.747588 -3.361807 1.682063
0.184582 0.996430 -1.047783
6.367722 -1.479076 -0.702471
0.555242 0.176817 0.414521
