1.0 0.0 0.0
0.0 1.0 0.0
0.0 0.0 1.0
4.52248   1.57356  -5.55660
5.69539   7.43056   5.35177
9.89912  -3.29970   6.59940
0.78767   0.06958   0.02525 Ir
0.27693   0.64307   0.02251 Ir
0.99133   0.87386   0.00237 Ir
0.95018   0.86402   0.23946 Ir
0.83891   0.23485   0.19123 Ir
0.29956   0.47922   0.25161 Ir
0.95787   0.61609   0.23634 Ir
0.06342   0.74328   0.47849 Ir
0.05465   0.99132   0.48871 Ir
0.07449   0.45106   0.49837 Ir
0.27183   0.62457   0.69542 Ir
0.82365   0.67515   0.82518 Ir
0.05881   0.83844   0.75201 Ir
0.96306   0.17982   0.81775 Ir
0.77827   0.36470   0.93340 Ir
0.54271   0.79925   0.88387 Ir
0.52149   0.06413   0.87401 Ir
0.28798   0.93946   0.08793 Ir
0.47390   0.10449   0.15856 Ir
0.18916   0.21263   0.29016 Ir
0.64204   0.49368   0.32107 Ir
0.25607   0.69354   0.31783 Ir
0.38973   0.88586   0.39584 Ir
0.42999   0.30622   0.49690 Ir
0.63066   0.33554   0.74118 Ir
0.44718   0.53583   0.56029 Ir
0.63153   0.69644   0.60798 Ir
0.15082   0.14579   0.58962 Ir
0.41584   0.30388   0.91613 Ir
0.08441   0.43702   0.93174 Ir
0.80291   0.96543   0.79254 Ir
0.07655   0.17408   0.02670 Ir
0.43031   0.37929   0.08557 Ir
0.03290   0.44552   0.12957 Ir
0.70977   0.78808   0.07011 Ir
0.63761   0.81719   0.25543 Ir
0.72855   0.98404   0.33527 Ir
0.55989   0.23801   0.34427 Ir
0.90226   0.28542   0.39859 Ir
0.76992   0.61338   0.45837 Ir
0.68691   0.94419   0.55643 Ir
0.71672   0.19581   0.61383 Ir
0.99474   0.52275   0.67090 Ir
0.47994   0.57634   0.87095 Ir
0.33287   0.89588   0.64381 Ir
0.22496   0.29697   0.72535 Ir
0.70528   0.49060   0.11881 Ir
0.23012   0.99161   0.84960 Ir
