4.52248 1.57356 -5.5566
5.69539 7.43056 5.35177
9.89912 -3.2997 6.5994
1 0 0
0 1 0
0 0 1
0.4060555848936596 0.9665436634220201 0.9135659726384493	
0.8429427052122114 0.8327542870592273 0.1199972547315496	
0.1222934607695974 0.9014100838161404 0.7922083828010397	
0.2738807281140967 0.5906173086876114 0.5464893441296844	
0.6588577231255814 0.1653265420150589 0.3282261147877722	
0.0984304979054297 0.7041052749549913 0.3389384828314361	
0.0866734979766040 0.0987823747057881 0.5737191195253895	
0.0621532127757409 0.3837627632732308 0.5089959804006829	
0.1792440222472949 0.9246894970288559 0.1704560343035200	
0.9924871628766012 0.2828399008519814 0.7614892604145699	
0.3301025167545584 0.4793150501915707 0.1102532763105690	
0.5319743237273629 0.8218750719126344 0.7751163905002963	
0.2473407232624619 0.8425689568875303 0.6439656632710606	
0.0469007220644584 0.0408302838613024 0.9154589406089980	
0.6573258371707303 0.7247212522018643 0.6155852520043990	
0.6536798217885330 0.1420163806397468 0.9266336986179137	
0.1133407576395002 0.3474357770049781 0.9861406697301924	
0.4756503773629824 0.4925195305795689 0.4259777611977986	
0.1076091480939515 0.1179279623394706 0.2367680938498314	
0.8139374612939889 0.9789008904312162 0.2915659273374033	
0.9069414256114514 0.5657857724339539 0.5728159879189531	
0.1855406974818073 0.7709269032081449 0.0735029885178042	
0.3676888375098132 0.8586957017938402 0.4069899770814815	
0.4552119300956560 0.2350935373781524 0.1151037407853727	
0.8311446584143558 0.2813097493771020 0.1039539075729110	
0.6172585514900788 0.3707229645223522 0.6782950858341767	
0.9820312841514633 0.8215042248177794 0.5159261918125946	
0.5882330904993682 0.4401588707321104 0.2495535409049173	
0.9752126309510721 0.4766617599690393 0.1192121480752013	
0.8827241971992000 0.5616786552001886 0.2944725085838218	
0.8469866918841464 0.8277966981846346 0.9217669650375793	
0.7320559493651551 0.4152799535323607 0.8341951044801503	
0.3308406765402519 0.1384261537594850 0.9732888847077010	
0.5005080289324026 0.7249817933828842 0.2031456296785376	
0.5315148133966220 0.6971684150628619 0.0127691576910730	
0.7080344277266508 0.7232823226205447 0.4072210072738320	
0.5925615568090234 0.9587735382480835 0.1653707135294074	
0.7569711782754874 0.9486987897036202 0.5849107232582577	
0.0305907527547447 0.2774539335006638 0.3320657718620111	
0.4066547373590286 0.1303252677797642 0.5194127073164805	
0.7719216449956103 0.2951327468354275 0.5079684242991578	
0.2147765563273646 0.5043821258199938 0.2910892238107148	
0.2749644543479115 0.3963480924041181 0.7584911815434997	
0.4190092459260024 0.5683799834802480 0.8338634853523383	
0.7128561602571759 0.0974839120947846 0.7002010799197066	
0.2795414666351522 0.1667095721232583 0.7059163265626566	
0.6547310820229506 0.5192781708169224 0.9612672010094602	
0.0489629879847164 0.5959975393528238 0.7529887155877008	
