1080.0000 0.05 1
0.5
3
4
1
2
2.5
8.5
3
2
8
6
5
5
6
3.5
7.5
11
9
7
4
6
12.5
6
11.5
7.5
9.5
9
9
17
7
12
6
12.5
12.5
14
14
13
15
10
15
13
15.5
12.5
16.5
13.5
20
21.5
23.5
15.5
16.5
14
21.5
20
24.5
28
26.5
24.5
28
30.5
36
40.5
59.5
75
104.5
104
82
105
94.5
99.5
80
112.5
106
124
119.5
104
125.5
115
130.5
131.5
130
128.5
132
138.5
119
146.5
164
155.5
160.5
122.5
106.5
98
126.5
114
113.5
112
107
97.5
91.5
133.5
168
176.5
169.5
156.5
139.5
140
124.5
128
124.5
122
134.5
130.5
137.5
156
142
167
167.5
168
175.5
166.5
149
142
125.5
156
115
98.5
92.5
75.5
77
95
120
145.5
155.5
177.5
188
188
201.5
206
210
192
184
185.5
192
174.5
193.5
176
174.5
171.5
174.5
173.5
174.5
173.5
187.5
196.5
187
189.5
191
198
210
197.5
198.5
195.5
177
169
173
157.5
134.5
142
143.5
164.5
142.5
124.5
121.5
112
106
110
108
119
111
121
107
106
98.5
103.5
103.5
94
97
112
93.5
98
93
88
97.5
95.5
83
96.5
99
98.5
88
84
103.5
90
82.5
99
94
94.5
103.5
98
115
112.5
119
138
132
132.5
136.5
152.5
145
147
140.5
138
151.5
170
162.5
187.5
193.5
198.5
199.5
211.5
229
224.5
219
227.5
203.5
198.5
177.5
166.5
155
129
110.5
63.5
42
41.5
40
42
29
40
30.5
25
27.5
33
33
34.5
20.5
25
31
34
30.5
26.5
25
21
20
15
13
8.5
15
15
16.5
12.5
13.5
6
9.5
3
7.5
4.5
5
5
5
3
6.5
2.5
4
4
3.5
2
5
4
2.5
3.5
4
1.5
4
2
2.5
2
2.5
5.5
0
2
5.5
2
2.5
6
6.5
3
1
0
2
3
2
2
3
1.5
3.5
3
1
0
1
0
1
0
1
0
1
0
