0.724792 0.069048 -0.087043
-0.213757 0.185448 -0.151259
-0.078650 -0.015388 -0.148680
-0.152876 -0.212314 -0.000904
0.127312 0.234847 -0.339501
0.044585 0.320316 0.914707
0.388055 0.203345 0.047606
0.439962 0.686177 0.315867
-0.007297 0.121187 -0.241996
-0.055767 -0.116797 0.072950
-0.114155 0.040213 -0.136204
0.587630 -0.236994 -0.035738
-0.010567 -0.136326 -0.213345
0.215386 -0.163844 -0.038796
0.300801 -0.153462 -0.224384
-0.816585 0.160114 -0.061943
-0.092088 -1.988724 -0.008984
0.135452 0.320116 -0.210922
-0.520294 -0.455783 0.674163
-0.108508 1.500686 -0.019125
0.461304 -0.142051 0.383086
-0.076939 -0.040892 0.979321
-0.211857 0.328110 -0.026923
-0.031651 0.198106 0.144703
-0.079444 0.039155 0.022894
0.084579 -0.089957 0.100229
-0.046660 -0.095542 0.213993
-0.102485 -0.286425 0.175896
-0.202573 0.166912 0.204110
-0.163651 0.235408 0.223846
0.946937 0.140136 0.014936
0.064320 0.245484 0.085073
-0.133286 2.536501 0.030218
-0.850808 -0.222786 0.477834
-0.007650 0.062737 0.004314
2.320787 0.061644 -0.000690
-0.103740 -0.199409 -0.266532
-0.077284 0.123769 0.048387
-2.469692 -0.287972 -0.456492
-0.102357 -2.819003 -0.126658
0.322008 -0.092496 -0.499781
0.503954 -0.212106 -2.676581
0.206579 0.293127 0.153386
-1.332864 0.111411 0.050689
0.309852 -0.015747 0.000181
0.629019 -0.229231 -0.138765
-0.212176 -0.222407 0.505198
-0.951256 2.625567 -0.236494
-0.001413 0.182417 -0.330658
0.355809 -0.060304 1.269207
0.269902 0.284871 0.151795
-1.571272 0.276871 0.065831
0.216335 -0.369818 -0.000364
0.565569 -0.466409 -2.017559
-0.107112 -0.116199 0.063323
0.106894 -0.184706 -0.048056
0.353338 0.032128 0.068923
0.244378 -0.159135 -0.053919
-0.043234 0.126686 0.091934
-2.125789 0.184544 0.080515
0.019101 -0.149308 -0.545958
0.754791 -0.231233 0.175651
0.259714 -0.267393 -0.419282
0.069581 -0.119709 -0.053773
0.062547 -0.037029 -0.003657
0.314285 -0.392817 -0.867775
-0.089406 0.318871 0.009355
-1.730650 0.266225 0.030905
0.089300 0.410943 -0.162362
0.582787 -0.092800 1.314714
-0.255091 -0.052630 0.463478
0.092819 -0.147019 0.066771
0.104569 -1.208866 -0.027902
0.049142 -0.081329 -0.071725
0.030017 0.147439 0.232972
0.201844 0.329901 -0.040144
-0.110273 -0.167922 -0.042171
0.084693 -0.118990 -1.903879
-0.156507 0.136450 -0.069119
-0.293115 -0.433008 0.115590
-0.047428 0.045903 0.562616
0.031668 -0.058869 0.018787
0.084003 -0.199017 0.185141
0.250652 -0.124354 0.162789
0.337735 -1.618381 0.122159
0.214840 0.260903 -0.293512
0.070103 0.076727 -0.428691
-0.060903 -0.032421 -0.051352
-0.077285 0.638689 0.517393
0.082561 -0.100713 0.205587
0.143088 -0.128172 0.206758
-1.032455 -0.017807 0.217051
0.266125 0.256872 -0.351776
0.405551 0.078201 1.055325
0.149150 0.091935 -0.196525
0.032415 0.189102 0.153467
0.293803 1.148500 0.969060
-0.001339 -0.132026 0.174124
-0.128722 0.155602 0.236576
0.015947 0.162972 -0.010097
-0.169898 -0.378464 -0.127432
-0.053662 -0.028339 -0.075425
0.439747 -0.347693 -0.160815
0.188911 -0.092891 -0.209830
0.224938 -0.349165 0.393791
0.036789 -0.105233 -2.542134
-0.249995 0.000369 -0.111694
-0.119385 0.051152 -0.039543
0.113871 2.117517 -0.088202
-0.007165 -0.198869 0.657584
0.003275 -0.151994 0.031830
0.000162 -0.253230 -0.346240
-0.298289 -0.285653 0.261921
0.008662 -0.000148 -0.077424
0.383090 -0.347015 0.413393
0.047115 0.030531 -0.124770
-0.731719 -0.370447 0.751452
-0.070071 -0.138582 0.151872
1.478014 -0.193863 0.672778
-0.083849 -0.066255 0.075500
