-9.61545 2.38069 -0.00836
-6.86775 -11.8931 0.0054
-4.12866 -2.36165 13.3974
1 0 0
0 1 0
0 0 1
0.7497125000191360 0.7502045000404252 0.0006099999850662	Ir
0.6247925000414654 0.8251324999889960 0.1673799999701728	Ir
0.5000283333137290 0.7000903333462318 0.0001766666666470	Ir
0.3750083333142840 0.7750943332983695 0.1668466666965287	Ir
0.2500283333137290 0.6500903333462276 0.0001766666666470	Ir
0.1268858332722687 0.7269478333572295 0.1593966666964732	Ir
0.0000283333137290 0.6000903333462304 0.0001766666666470	Ir
0.8750083333142911 0.6750943332983681 0.1668466666965287	Ir
0.7500283333137290 0.5500903333462261 0.0001766666666470	Ir
0.6250083333142840 0.6250943332983638 0.1668466666965287	Ir
0.5000283333137290 0.5000903333462290 0.0001766666666470	Ir
0.3810600000157578 0.5763039999779238 0.1668500000000179	Ir
0.2500283333137290 0.4500903333462318 0.0001766666666470	Ir
0.1250083333142840 0.5250943332983695 0.1668466666965287	Ir
0.0000283333137290 0.4000903333462276 0.0001766666666470	Ir
0.8689416666710699 0.4738796666279796 0.1668433333632109	Ir
0.7570341666629119 0.3402781666629480 0.0001833333482608	Ir
0.6250083333142840 0.4250943332983681 0.1668466666965287	Ir
0.5000283333137290 0.3000903333462261 0.0001766666666470	Ir
0.3684408333621221 0.3842988333277191 0.1668366666816183	Ir
0.2500283333137290 0.2500903333462290 0.0001766666666470	Ir
0.1262633333073566 0.3263333333058753 0.1618666666517328	Ir
0.0000283333137290 0.2000903333462318 0.0001766666666470	Ir
0.8750083333142840 0.2750943332983695 0.1668466666965287	Ir
0.7500383333309841 0.1500763333130806 0.0001766666816039	Ir
0.6250083333142840 0.2250943332983653 0.1668466666965287	Ir
0.5000283333137290 0.1000903333462304 0.0001766666666470	Ir
0.3750083333142840 0.1750943332983681 0.1668466666965287	Ir
0.2500283333137290 0.0500903333462261 0.0001766666666470	Ir
0.1250083333142840 0.1250943332983638 0.1668466666965287	Ir
0.0057025000309565 0.0012265000037175 0.0001799999701646	Ir
0.8750083333142840 0.0750943332983667 0.1668466666965287	Ir
0.7412741666953693 0.9623541666555937 0.0001633333333544	Ir
0.6250083333142840 0.0250943332983695 0.1668466666965287	Ir
0.5000283333137290 0.9000903333462276 0.0001766666666470	Ir
0.3901716666349699 0.9781276666998906 0.1668533333034432	Ir
0.2500283333137290 0.8500903333462304 0.0001766666666470	Ir
0.1250083333142911 0.9250943332983681 0.1668466666965287	Ir
0.9829458333318328 0.7966738333444070 0.0001666666517366	Ir
0.8848658333179529 0.8612898332966239 0.1668566666666749	Ir
0.1666949999803933 0.7667570000128947 0.3335099999999827	Ir
0.0379208332849430 0.8380448333518444 0.5151066666517039	Ir
0.9166949999804004 0.7167570000128975 0.3335099999999827	Ir
0.7825666666167734 0.7899386666962513 0.5001733333034366	Ir
0.6666491666470620 0.6667111666795620 0.3336933333333150	Ir
0.5416749999809554 0.7417609999650310 0.5001800000298573	Ir
0.4166949999803933 0.6167570000128961 0.3335099999999827	Ir
0.2757666666213581 0.7043726666684904 0.5001633333631617	Ir
0.1666949999803933 0.5667570000128990 0.3335099999999827	Ir
0.0435600000334873 0.6436220000348882 0.4926999999850779	Ir
0.9166949999803933 0.5167570000128947 0.3335099999999827	Ir
0.7795316666550391 0.5893316666336688 0.5001733333184077	Ir
0.6666949999803933 0.4667570000128975 0.3335099999999827	Ir
0.5391724999936258 0.5392804999596450 0.5101399999850855	Ir
0.4166949999804004 0.4167570000128933 0.3335099999999827	Ir
0.2916749999809554 0.4917609999650310 0.5001800000298573	Ir
0.1666949999803933 0.3667570000128961 0.3335099999999827	Ir
0.0416749999809554 0.4417609999650338 0.5001800000298573	Ir
0.9166949999804004 0.3167570000128990 0.3335099999999827	Ir
0.7765149999592964 0.3887270000368659 0.5001699999850331	Ir
0.6666949999803933 0.2667570000128947 0.3335099999999827	Ir
0.5416749999809554 0.3417609999650324 0.5001800000298573	Ir
0.4166949999804004 0.2167570000128975 0.3335099999999827	Ir
0.2916749999809554 0.2917609999650352 0.5001800000298573	Ir
0.1666949999803933 0.1667570000128933 0.3335099999999827	Ir
0.0410574999789901 0.2411455000294325 0.5026499999999743	Ir
0.9166949999803933 0.1167570000128961 0.3335099999999827	Ir
0.7795316666550391 0.1893316666336702 0.5001733333184077	Ir
0.6666949999803933 0.0667570000128990 0.3335099999999827	Ir
0.5435558332758390 0.1436178333500209 0.4927166666516953	Ir
0.4166949999803933 0.0167570000128947 0.3335099999999827	Ir
0.2916749999809554 0.0917609999650324 0.5001800000298573	Ir
0.1719391666766157 0.9594111666998160 0.3335133333034719	Ir
0.0416749999809554 0.0417609999650352 0.5001800000298573	Ir
0.9166949999803933 0.9167570000128933 0.3335099999999827	Ir
0.7916749999809554 0.9917609999650310 0.5001800000298573	Ir
0.6666949999803933 0.8667570000128961 0.3335099999999827	Ir
0.5391758333502139 0.9392838333589708 0.5101266666815931	Ir
0.4166949999803933 0.8167570000128990 0.3335099999999827	Ir
0.2916749999809554 0.8917609999650367 0.5001800000298573	Ir
0.5833616666470647 0.7834236666795604 0.6668433333333184	Ir
0.4583416666476197 0.8584276666316981 0.8335133333631930	Ir
0.3333616666470647 0.7334236666795633 0.6668433333333184	Ir
0.2083416666476197 0.8084276666317010 0.8335133333631930	Ir
0.0903616666924592 0.6736156666832045 0.6668533333184143	Ir
0.9583416666476197 0.7584276666316967 0.8335133333631930	Ir
0.8333616666470647 0.6334236666795618 0.6668433333333184	Ir
0.7083416666476197 0.7084276666316995 0.8335133333631930	Ir
0.5798533333136433 0.5883373333407675 0.6668366666517258	Ir
0.4583416666476197 0.6584276666317024 0.8335133333631930	Ir
0.3333616666470647 0.5334236666795604 0.6668433333333184	Ir
0.2022825000258877 0.6072145000219962 0.8335100000000040	Ir
0.0833616666470647 0.4834236666795633 0.6668433333333184	Ir
0.9595916667164701 0.5596616666316194 0.8285533333483102	Ir
0.8333616666470647 0.4334236666795661 0.6668433333333184	Ir
0.7083416666476197 0.5084276666317038 0.8335133333631930	Ir
0.5798708333583704 0.3883128333240009 0.6668366666965397	Ir
0.4583416666476197 0.4584276666316995 0.8335133333631930	Ir
0.3333616666470647 0.3334236666795647 0.6668433333333184	Ir
0.2083416666476197 0.4084276666317024 0.8335133333631930	Ir
0.0833616666470647 0.2834236666795604 0.6668433333333184	Ir
0.9583416666476197 0.3584276666316981 0.8335133333631930	Ir
0.8333616666470647 0.2334236666795633 0.6668433333333184	Ir
0.7083416666476197 0.3084276666317010 0.8335133333631930	Ir
0.5833616666470647 0.1834236666795661 0.6668433333333184	Ir
0.4552149999842428 0.2553310000220748 0.8459499999999807	Ir
0.3333691667210772 0.1334251666666617 0.6668433333035111	Ir
0.2083416666476197 0.2084276666316995 0.8335133333631930	Ir
0.0763591666614118 0.0932311666740233 0.6668333333333294	Ir
0.9589641666313042 0.1590421667016386 0.8310433333332981	Ir
0.8333616666470647 0.0334236666795604 0.6668433333333184	Ir
0.7083416666476197 0.1084276666316981 0.8335133333631930	Ir
0.5833616666470647 0.9834236666795633 0.6668433333333184	Ir
0.4583416666476197 0.0584276666317010 0.8335133333631930	Ir
0.3333616666470647 0.9334236666795661 0.6668433333333184	Ir
0.2083416666476197 0.0084276666316967 0.8335133333631930	Ir
0.0833249999955967 0.8833870000386810 0.6669899999701272	Ir
0.9583416666476197 0.9584276666316995 0.8335133333631930	Ir
0.8390558333740401 0.8345638332964640 0.6668466666816357	Ir
0.7083416666476197 0.9084276666317024 0.8335133333631930	Ir
