-0.000677 0.011505 0.012730
-0.011872 0.003620 -0.000447
-0.009652 0.017967 -0.000575
0.010678 0.006824 -0.003322
-0.001580 0.015702 -0.005715
-0.009497 0.001277 -0.004359
0.000252 0.003385 0.004444
-0.001186 -0.013314 -0.002881
-0.002393 -0.011817 -0.000359
0.092066 -0.033552 -0.003076
0.012614 -0.010602 0.000792
-0.010147 -0.006864 -0.002366
0.004391 -0.007535 0.003698
0.022755 -0.037597 0.000016
-0.003663 0.000175 0.000986
0.013603 -0.011042 0.002412
-0.002606 0.013132 0.013722
-0.008482 0.000800 -0.000941
-0.001835 0.017838 0.001408
0.007708 0.008298 -0.004045
-0.000476 0.016298 -0.005564
-0.009292 -0.000652 -0.004212
-0.000667 0.003531 0.004544
0.011514 -0.015207 -0.001821
-0.006295 -0.012265 -0.001544
-0.012063 -0.007563 -0.002070
0.009407 -0.008668 0.000748
-0.007743 -0.005518 -0.003117
0.002704 -0.009677 0.003334
0.004601 -0.019224 -0.000959
-0.003194 0.000707 0.000756
0.023197 -0.011751 0.002508
-0.000247 0.011017 0.012466
-0.009523 0.001289 0.000531
-0.000553 0.019431 0.000470
0.002695 0.007486 -0.001171
-0.000937 0.016375 -0.006706
-0.008358 0.001571 -0.001855
0.000814 0.002886 0.003767
-0.001332 -0.015816 -0.002735
-0.002424 -0.012129 -0.000908
-0.011395 -0.007270 -0.001863
0.013158 -0.003580 0.000572
-0.008801 -0.006335 -0.003786
0.006049 -0.015681 0.003425
0.004254 -0.019354 -0.000817
-0.005129 0.001744 0.002008
0.012791 -0.011673 0.002643
0.000594 0.014050 0.009285
-0.010044 0.000646 0.000852
-0.002397 0.019153 0.001047
0.011216 0.007609 -0.003449
-0.003287 0.017799 -0.004240
-0.008735 0.001173 -0.002052
0.002081 0.007531 0.008457
-0.000137 -0.015447 -0.002983
-0.004627 -0.010711 -0.000819
-0.012176 -0.006396 -0.001972
0.010632 -0.005884 0.000330
-0.010558 -0.007139 -0.004872
0.012861 -0.009447 0.010396
0.002413 -0.019253 -0.001203
-0.004163 0.000032 0.001746
0.014941 -0.013117 -0.002115
-0.000530 0.011403 0.012139
-0.007751 0.001819 0.000835
-0.004203 0.019337 0.000428
0.011292 0.009207 -0.003235
-0.001121 0.015356 -0.005756
-0.006248 -0.003010 -0.006618
0.000470 0.003605 0.005462
-0.002820 -0.013344 -0.002786
-0.006121 -0.011332 -0.001701
-0.011762 -0.004719 -0.002103
0.012810 -0.011806 0.000305
-0.011329 -0.007964 -0.004500
0.005451 -0.007904 0.003363
0.004190 -0.018117 -0.000454
0.000206 -0.006101 0.002208
0.014017 -0.011187 0.003226
-0.002298 0.010450 0.013188
-0.008727 0.001149 0.002297
-0.002123 0.019212 0.001468
0.011799 0.007799 -0.002202
-0.002795 0.014862 -0.008932
-0.010363 -0.001578 0.000711
-0.001631 0.005662 0.002701
0.000395 -0.014583 -0.002365
-0.002577 -0.012247 -0.001092
-0.014613 -0.004740 -0.001425
0.010017 -0.007338 0.000712
-0.007963 -0.006963 -0.003733
0.003556 -0.007090 0.003947
0.002239 -0.019107 0.001042
-0.002790 0.005407 0.001615
0.017897 -0.005876 0.003073
0.009292 0.011927 0.014794
0.042123 0.035471 0.076639
-0.001598 0.020037 -0.000564
0.011443 0.007752 -0.002257
0.000402 0.019796 -0.009799
0.002302 -0.008416 -0.017842
0.011551 0.016444 0.019567
0.064037 0.008721 -0.004122
-0.627556 -0.013760 -0.007883
-0.012985 -0.004609 -0.002460
0.020996 -0.008726 0.001394
0.012484 0.064898 -0.002901
0.006439 -0.002775 0.002959
0.001274 -0.017683 -0.003201
-0.003866 0.005572 0.002253
0.011055 -0.011674 0.002479
-0.000973 0.009701 0.012617
-0.007499 0.001500 0.000590
-0.000725 0.018766 -0.000246
0.011275 0.009131 -0.001701
0.009382 0.028216 -0.021538
-0.007910 0.000912 -0.000932
-0.001247 0.003156 0.007345
-0.000743 -0.016305 -0.002160
-0.003559 -0.010449 -0.001304
-0.000663 -0.005781 -0.001829
0.010352 -0.006478 0.000719
-0.010284 -0.007127 -0.002670
0.009423 -0.009717 -0.000537
0.002525 -0.019511 -0.000386
0.006666 0.000694 0.001171
0.015099 -0.013826 0.007512
-0.001032 0.003711 -0.006284
0.007470 0.009639 -0.001812
-0.007141 0.006189 0.006953
0.007433 0.022297 -0.001367
0.008872 -0.004199 0.001644
-0.000103 0.006332 -0.011133
-0.007900 -0.001638 0.000602
0.054413 -0.024376 0.066060
-0.000502 0.007721 -0.000937
0.017344 -0.011235 0.004242
-0.009561 0.010184 0.001005
-0.007233 -0.001385 -0.000766
0.013009 -0.005572 0.000086
0.002189 -0.005285 0.009577
0.010649 -0.011773 0.002235
-0.016451 -0.011557 0.001202
-0.000185 0.002959 -0.005806
0.009059 0.009671 -0.002897
-0.009561 0.009827 0.003672
0.006823 0.023505 -0.001546
0.000622 -0.003101 0.000036
0.000988 0.004806 -0.010777
-0.008138 -0.002722 0.001057
0.003387 0.005189 -0.000795
-0.001112 0.008036 -0.001391
0.036511 -0.009159 0.002488
-0.009684 0.010938 0.001889
-0.004605 -0.001713 0.000361
0.013223 -0.005227 0.000413
-0.003619 -0.003153 0.004352
0.008044 -0.008221 0.001998
-0.017347 -0.012200 0.001696
0.000965 0.004299 -0.003519
0.006707 0.007916 -0.001682
-0.009114 0.011557 0.002392
0.006250 0.023045 -0.001673
0.001296 -0.002261 -0.001904
0.001842 0.003676 -0.009171
-0.007800 -0.002337 0.001118
0.000273 0.003776 -0.000723
-0.000455 0.007889 -0.002259
0.018749 -0.012906 0.003295
-0.009440 0.010247 0.002109
0.005787 -0.001446 0.000075
0.010207 -0.002975 -0.000129
0.003092 0.009720 0.004205
0.009941 -0.009734 0.002238
-0.016430 -0.012379 0.001220
-0.003005 0.001067 -0.005951
0.005319 0.006423 -0.002348
-0.008799 0.010963 0.001210
0.006294 0.023072 -0.000613
-0.000815 -0.002635 0.000524
0.000089 0.003911 -0.011994
-0.007332 -0.002098 0.000462
0.002982 0.005389 -0.000083
-0.000264 0.008595 -0.002586
0.019657 -0.012393 0.001861
-0.007859 0.010346 0.002734
-0.008237 0.000575 -0.001593
0.010364 -0.006590 0.000056
-0.002898 -0.005497 0.004718
0.009292 -0.008606 0.007106
-0.017816 -0.012954 -0.001083
0.008856 0.002770 -0.005839
0.007814 0.008090 -0.002741
-0.012124 0.010935 0.004395
0.008163 0.022606 -0.002573
-0.001319 -0.002261 0.001176
0.001395 0.003975 -0.010310
-0.011394 0.000658 0.001339
0.003124 0.004920 0.001453
0.001062 0.006678 -0.002501
0.019361 -0.012281 0.002837
-0.009398 0.010424 0.003384
-0.007166 -0.002038 0.000708
0.009842 -0.004297 -0.000032
0.002414 -0.005397 -0.001306
0.009703 -0.010385 0.002121
-0.015556 -0.011454 0.001215
-0.000802 0.004474 -0.005026
0.055200 -0.019089 -0.064968
-0.010388 0.009454 -0.001452
0.006181 0.023580 -0.002205
-0.000507 -0.001521 -0.000376
0.000841 0.003389 -0.010456
-0.008843 -0.002085 -0.001204
0.004377 0.005959 0.000369
-0.001399 0.008531 -0.002301
0.019374 -0.012660 0.003022
-0.007832 0.010232 0.003556
-0.004175 -0.001615 -0.000543
0.013400 -0.005775 0.001095
-0.005125 -0.005268 0.004492
0.008840 -0.010738 0.002197
-0.015379 -0.012853 0.001720
0.000971 0.001173 -0.001444
0.006938 0.008516 -0.004350
-0.000759 0.000997 0.017000
0.005080 0.022472 -0.003622
0.000780 -0.004452 -0.003567
0.003729 0.007059 -0.007238
0.049573 0.029511 -0.070673
0.001433 0.005675 -0.001157
-0.000213 0.010211 0.003901
0.033484 -0.013199 0.003086
0.007345 -0.047157 0.001833
0.004647 -0.000252 0.000282
0.014533 -0.006232 -0.001027
0.002060 -0.015120 0.004260
0.020618 -0.009060 0.002411
-0.004942 -0.015792 -0.001358
-0.001344 0.003431 -0.005837
0.008158 0.008849 -0.001540
-0.009969 0.010982 0.002747
0.006782 0.022867 -0.001340
-0.003213 -0.004468 0.000434
0.009287 0.005517 -0.012581
-0.009759 -0.002133 0.000272
0.003880 0.006229 -0.000424
-0.000767 0.007710 -0.002677
0.017734 -0.010976 0.003747
-0.007757 0.010704 0.001463
-0.007338 0.000593 0.000869
0.009456 -0.006371 -0.000185
-0.002924 -0.005851 0.003954
0.010037 -0.006822 -0.003094
-0.017718 -0.012595 0.003835
