2176.0000 0.05 1
1.875
3.75
6.25
6.25
7.5
16.25
8.75
6.25
18.75
15
14.375
16.25
23.75
17.5
6.25
31.25
23.125
18.125
28.75
10
10
13.125
10
10
16.25
20
25
30
37.5
19.375
23.75
27.5
13.75
26.875
21.875
28.125
21.25
42.5
43.125
30.625
37.5
55
48.75
45.625
41.875
67.5
55.625
46.875
85.625
92.5
98.75
123.125
138.75
135
137.5
154.375
181.875
153.125
156.25
202.5
175
175
230.625
254.375
268.125
237.5
235.625
279.375
293.125
311.25
296.875
321.25
300.625
310.625
326.25
339.375
336.875
365.625
316.25
356.875
371.25
364.375
328.125
361.875
335
376.875
311.25
296.25
303.125
288.125
273.125
254.375
232.5
250
250.625
300
206.875
249.375
311.875
293.75
320.625
306.875
308.125
301.25
248.75
296.25
308.125
296.25
326.25
274.375
280
303.75
271.25
321.25
290.625
316.25
249.375
299.375
350.625
316.875
316.25
315.625
329.375
363.125
341.25
381.25
398.75
379.375
389.375
392.5
397.5
430.625
453.125
470.625
450.625
440.625
457.5
434.375
446.875
418.75
403.75
430.625
383.125
357.5
315.625
351.875
328.75
313.125
313.75
331.25
304.375
275.625
215
256.25
250
303.125
278.75
248.125
271.25
226.25
320.625
286.25
326.875
304.375
301.25
290
286.875
296.25
350.625
291.25
325
351.875
370
353.75
263.75
286.875
211.875
291.25
345
267.5
263.125
266.25
258.125
236.25
245.625
250
265
327.5
237.5
226.875
239.375
224.375
181.25
246.25
253.75
282.5
255.625
310.625
251.25
262.5
256.875
208.125
201.875
269.375
253.75
326.25
344.375
343.75
355.625
275
367.5
293.125
513.125
538.125
508.125
423.125
366.25
261.875
231.875
203.125
171.875
115.625
59.375
33.75
10
4.375
1.25
3.75
1.25
0
0
0
0
0
0
0
0
0
0
2.5
0
