0.010067 0.002161 0.001560
-0.005403 -0.001241 0.002685
0.010294 0.003892 0.000318
0.001802 0.000592 -0.002426
0.008964 0.001229 -0.003105
-0.001855 -0.003553 0.000062
-0.003649 -0.001381 -0.003987
-0.004962 0.005801 0.000303
-0.007972 0.000397 -0.006861
0.005682 -0.000812 -0.002514
-0.000371 -0.006632 0.009296
-0.006632 -0.002422 0.003356
-0.001795 -0.004880 0.008198
-0.006139 0.001330 -0.001585
0.006097 0.000855 -0.005281
0.002336 -0.000820 -0.005813
0.010971 0.002176 0.002218
-0.005078 -0.001511 0.001781
0.007638 0.005212 0.001142
0.002892 -0.000057 -0.003156
0.008247 0.003107 -0.002107
-0.001033 -0.003838 -0.001122
-0.004660 -0.002866 -0.005316
-0.003825 0.005835 -0.000845
-0.008289 0.001232 -0.008355
0.005621 -0.000625 -0.003290
-0.002367 -0.002269 0.004770
-0.007015 -0.003202 0.002508
-0.003481 -0.006266 0.008763
-0.001675 -0.001707 0.004888
0.001920 0.004652 -0.000096
0.002254 -0.002108 0.001820
0.010389 0.002303 0.001334
-0.005262 -0.001270 0.001045
0.011706 0.003691 -0.000747
-0.013401 0.000191 0.011084
0.002353 -0.002597 0.008153
0.000314 -0.002617 -0.002592
-0.003979 -0.001476 -0.008033
-0.050324 0.006242 0.044911
-0.008066 -0.000211 -0.011315
0.004146 -0.000017 -0.003740
-0.000611 0.002198 0.010006
0.011754 -0.002308 0.022766
-0.003869 -0.006642 0.011635
0.000676 -0.003107 0.006129
0.003600 0.000681 -0.004750
0.002544 -0.002552 -0.004866
0.011128 0.002077 0.001241
-0.005115 -0.001576 -0.000146
0.010495 0.004225 0.000607
0.002913 0.000809 -0.002173
0.007953 0.004218 -0.003385
-0.002032 -0.003763 -0.000294
-0.004781 -0.000981 -0.004953
-0.004215 0.005464 0.000537
-0.008736 0.000171 -0.007629
0.005969 0.000751 -0.003508
-0.004447 -0.003968 0.001871
-0.006049 -0.002340 0.003766
-0.001562 -0.005185 0.010632
-0.005707 0.000335 -0.000636
0.004862 0.001284 -0.006508
0.002457 -0.001113 -0.000867
0.010140 0.002223 -0.005888
-0.006483 -0.001523 0.000912
0.010445 0.003718 -0.000782
0.002515 0.000758 -0.003430
0.008079 0.002315 -0.003987
-0.001654 -0.003798 -0.001504
-0.004546 -0.002691 -0.004895
-0.004566 0.006057 -0.000846
-0.008543 0.001487 -0.008026
0.000800 -0.003433 0.003201
-0.004514 -0.002344 0.003792
-0.006332 -0.002540 0.003108
-0.001495 -0.005565 0.009599
-0.006355 0.002343 -0.001578
-0.000153 -0.003222 0.000130
0.002733 -0.001867 0.001195
0.010720 0.002413 0.000783
-0.005410 -0.001365 0.001910
0.010746 0.004140 -0.000517
0.002309 0.000685 -0.002942
0.008608 0.002334 -0.002292
-0.002402 -0.003350 -0.000730
-0.004418 -0.003113 -0.005688
-0.005016 0.005876 0.000461
-0.008788 0.001825 -0.007562
0.005192 -0.001203 -0.002476
0.000082 -0.002856 0.008315
-0.006074 -0.002655 0.003657
-0.000717 -0.004973 0.008787
-0.003905 0.001913 -0.002607
0.005315 0.002783 -0.007380
0.002837 -0.001578 0.001889
0.010843 0.002767 0.001667
-0.002555 0.000130 0.004176
0.009311 0.004664 -0.000321
0.017037 0.000263 0.010610
0.012333 0.006696 0.005994
0.026873 -0.004093 0.022309
-0.006464 0.025110 0.019185
-0.006152 0.005925 -0.001986
-0.007053 -0.028516 0.016757
-0.000026 -0.004902 0.002694
-0.004329 -0.000849 0.002469
-0.027289 -0.002867 0.024432
-0.001353 -0.005669 0.009056
-0.004539 0.001248 -0.002866
0.002272 0.001563 -0.000930
0.002440 -0.002167 0.000017
0.010721 0.002092 -0.002295
-0.003931 -0.000843 0.001101
0.009414 0.004440 0.000469
0.001926 0.000357 -0.003002
0.008084 0.002655 -0.001721
-0.001990 -0.002837 -0.000442
-0.004845 -0.003481 -0.004567
-0.004590 0.005649 0.000213
-0.008511 0.001727 -0.008585
0.003807 0.000121 -0.004427
-0.004247 -0.002342 0.004020
-0.005689 -0.002667 0.003019
-0.001645 -0.005142 0.009573
-0.005850 0.000392 -0.000567
0.004969 0.000688 -0.007005
0.002353 -0.001766 0.001168
-0.012866 -0.003424 0.003474
0.005945 -0.002600 0.000666
-0.003021 0.000949 0.001847
-0.004518 0.003636 0.002886
-0.004066 0.005616 -0.002493
0.005737 -0.001910 -0.001140
0.004263 0.000383 -0.004717
0.002821 -0.000110 -0.000292
0.009731 0.004482 0.001455
-0.000308 -0.006652 -0.005396
0.002060 0.004857 0.005979
-0.022485 -0.004256 -0.004108
0.002824 0.004428 0.011389
-0.000114 -0.006677 -0.009916
0.018421 0.000468 0.000179
-0.005869 0.000584 0.008039
-0.012727 -0.000866 0.002088
0.001949 -0.007507 0.006331
-0.003276 -0.000114 0.001334
-0.003925 0.004574 0.003816
-0.004850 0.006268 -0.001443
0.006928 -0.001033 -0.004117
0.003581 -0.000685 -0.005828
0.003055 -0.000005 0.000533
0.010010 0.006207 0.002154
-0.000304 -0.005670 -0.006642
0.001935 0.002060 0.004802
-0.022321 -0.027695 0.018991
0.000781 0.004043 0.010508
0.000177 -0.007277 -0.010541
0.013663 0.003431 0.005771
-0.005685 0.001002 0.006484
-0.013752 -0.020411 0.018152
-0.000890 -0.002329 0.007389
0.002301 0.005335 0.008066
0.005152 0.009302 -0.459359
-0.004013 0.007615 -0.002339
0.006156 -0.001123 -0.000844
-0.001812 0.003843 0.005528
0.005285 0.000155 0.026931
0.014193 -0.000217 0.012703
-0.001895 -0.005704 -0.009897
-0.000579 0.021898 0.021232
-0.022209 -0.004117 -0.017067
0.026656 0.005255 0.026681
0.003898 -0.002474 0.000286
0.016725 0.000229 -0.001219
-0.006514 0.000209 0.007643
-0.013460 -0.004259 0.005411
0.006311 -0.002755 0.001060
-0.002786 0.000792 0.002260
-0.004595 0.003972 -0.008376
-0.000097 0.000672 0.003889
0.007028 -0.000129 -0.001115
0.003809 -0.002204 -0.005170
0.003060 0.000126 -0.000505
0.009724 0.006683 0.001152
0.000113 -0.006084 -0.006255
0.001681 0.005796 0.008950
-0.022538 -0.004177 -0.006113
0.002560 0.004346 0.012053
-0.000749 -0.008868 -0.010275
0.018294 -0.000422 -0.000977
-0.005996 -0.000202 0.008109
-0.012789 -0.000689 0.002014
0.002659 0.002442 0.006561
0.001298 0.003638 0.006537
-0.004122 0.003601 0.003933
-0.002688 0.006484 -0.001486
0.005776 -0.001365 -0.000152
0.003881 -0.001419 -0.003814
0.003385 0.000586 0.000479
0.010194 0.005270 0.000763
0.000355 -0.006290 -0.007124
0.002164 0.001932 0.004687
-0.022482 0.019239 0.018616
0.001229 0.005023 0.010800
-0.000294 -0.008051 -0.009311
0.017869 0.000073 -0.000598
-0.005156 -0.000940 0.010433
-0.012648 -0.000142 0.001994
0.005110 -0.003659 -0.000052
-0.003083 0.001145 0.002575
-0.004882 0.003575 0.004005
-0.004418 0.005994 -0.002708
0.006033 -0.001581 -0.001774
0.004596 -0.000632 -0.003569
0.003120 0.000258 -0.001757
0.009504 0.005415 0.002519
-0.000481 -0.005573 -0.006279
0.002500 0.001901 0.005475
-0.021911 0.013127 0.011894
0.002292 0.004323 0.011919
-0.000681 -0.007247 -0.008032
0.016209 -0.000652 -0.002295
-0.005986 0.000256 0.008845
-0.013263 -0.003279 -0.000698
0.004670 -0.002686 0.001021
-0.002025 0.000408 0.000494
-0.004313 0.003803 0.005577
-0.000489 0.010480 0.003217
0.006530 -0.001852 -0.001407
0.008883 -0.004630 0.004784
0.001586 0.000602 0.028535
0.007638 0.009985 0.010174
-0.011435 -0.005621 -0.007591
0.002215 0.004328 0.001617
-0.022504 -0.003837 -0.003735
0.002722 0.005364 0.007918
-0.003784 -0.012095 -0.000546
0.012384 0.004352 0.005462
-0.004420 -0.000106 0.007432
-0.012284 -0.000707 0.003235
0.005257 -0.000922 0.000206
-0.001956 0.000267 0.001415
-0.004633 0.004478 0.003932
0.001970 0.006536 0.005042
0.006216 -0.000801 -0.001946
0.004337 -0.000850 -0.003679
0.003144 0.000232 -0.001646
0.010311 0.005867 0.002909
-0.000825 -0.006256 -0.005812
0.002128 0.001657 0.004836
-0.021774 -0.022668 0.012638
0.002478 0.004465 0.011572
0.000361 -0.006903 -0.009277
0.017750 0.000564 0.000054
-0.006193 0.000188 0.006877
