2176.0000 0.05 1
1.875
3.75
6.25
6.25
7.5
16.25
8.75
7.5
17.5
15
14.375
16.25
25
16.25
6.25
31.25
23.125
18.125
28.75
10
10
13.125
10
10
16.25
20
25
30
37.5
19.375
23.75
27.5
13.75
26.875
20.625
29.375
21.25
41.25
45
30
37.5
55
48.75
45.625
41.875
67.5
54.375
48.125
85.625
92.5
98.75
125.625
136.25
135
138.125
154.375
181.25
153.125
156.875
199.375
177.5
175
233.75
251.25
268.125
240
233.75
280
291.25
310
298.125
320.625
301.875
315.625
318.125
342.5
340
362.5
320
353.75
370.625
363.75
330
359.375
335.625
378.125
312.5
294.375
303.125
286.875
273.125
254.375
232.5
250.625
251.875
297.5
207.5
248.125
315
294.375
320
308.125
306.25
300.625
250.625
292.5
309.375
298.75
322.5
278.75
278.125
301.875
271.875
319.375
293.125
318.125
247.5
297.5
351.875
322.5
311.25
315.625
328.75
361.875
343.75
379.375
401.25
380.625
388.75
395
393.75
430.625
450
473.75
453.125
438.125
457.5
433.75
449.375
415.625
406.25
428.125
381.25
360
315.625
353.75
327.5
312.5
313.75
330.625
305.625
274.375
217.5
254.375
249.375
302.5
279.375
248.125
271.875
226.25
320.625
285.625
328.125
303.75
300.625
291.875
286.25
295
351.25
291.875
322.5
353.125
371.25
358.125
258.125
288.75
211.25
289.375
345.625
267.5
264.375
265
258.125
237.5
245
250
265
326.875
238.125
226.875
238.125
225
181.25
247.5
256.25
278.75
255.625
308.75
251.25
265.625
256.875
206.25
205
266.875
255
326.25
344.375
343.125
355.625
275.625
366.25
294.375
511.875
540.625
505
423.75
368.125
260
231.875
204.375
167.5
116.875
63.75
31.25
12.5
3.125
1.25
3.75
1.25
0
0
0
0
0
0
0
0
0
0
2.5
0
