0.010753 0.002262 0.000738
-0.004724 0.000968 -0.000553
0.010504 0.003955 0.000341
0.004022 0.001393 -0.002557
0.009643 0.004444 -0.001241
-0.017390 -0.019040 -0.000417
-0.003068 0.000259 -0.005006
-0.005100 0.005929 -0.000338
-0.045925 -0.029117 -0.008698
0.004444 0.001769 -0.002340
-0.003732 -0.002670 0.003800
-0.000832 -0.013318 -0.002245
-0.001806 -0.005837 0.009778
-0.009095 -0.005455 -0.006155
0.005249 0.001123 -0.005368
0.002443 -0.000512 0.000940
0.010727 0.002074 0.000836
-0.001144 -0.007954 0.004073
0.010569 0.003350 -0.000713
0.002192 0.001686 -0.003224
0.007791 0.003484 -0.001718
-0.000724 -0.003218 -0.000337
-0.005603 -0.001240 -0.004561
-0.004904 0.005320 0.000264
-0.007585 0.001760 -0.007731
0.006368 -0.000169 -0.002415
-0.003524 -0.003611 0.004543
-0.006040 -0.002830 0.002282
-0.001588 -0.004819 0.008780
-0.004709 0.000705 -0.000557
0.005090 0.000237 -0.004979
0.002558 -0.002458 0.000617
0.008439 -0.000995 0.003476
-0.001174 -0.007195 0.004593
0.010108 0.003875 0.000844
0.000482 0.001321 -0.004478
0.012257 -0.002680 -0.006133
0.013879 -0.017745 -0.000211
0.027902 -0.029798 -0.003531
-0.005138 0.005906 0.001024
-0.009796 0.002429 -0.007241
-0.023197 -0.026601 -0.001897
-0.003114 -0.002610 0.004326
-0.011836 -0.012478 0.006966
-0.001588 -0.005604 0.010228
-0.005185 0.002566 -0.002490
0.004877 0.001186 -0.004095
0.002836 -0.002479 0.000440
0.010879 0.001163 0.000763
-0.005647 -0.001417 0.001248
0.010508 0.004353 0.000897
0.002083 0.000109 -0.002911
0.008303 0.002529 -0.002781
-0.000535 -0.004633 -0.000156
-0.006149 -0.002434 -0.004997
-0.005339 0.005369 0.000593
-0.008010 0.000695 -0.007804
0.006121 -0.001700 -0.002301
-0.003862 -0.002219 0.005152
-0.006062 -0.001857 0.000795
0.000525 -0.032750 0.044200
-0.009151 -0.005470 0.004181
0.004437 0.001185 -0.005425
0.005041 -0.002922 -0.000791
0.010863 0.002141 0.001311
-0.003518 0.000928 0.000091
0.010848 0.004025 -0.000528
0.002291 -0.000339 -0.002919
0.008112 0.002380 -0.002937
-0.000964 -0.004118 0.000077
-0.004971 -0.002368 -0.004798
-0.004857 0.007060 0.000121
-0.008415 0.000675 -0.008093
0.005484 -0.001518 -0.002598
-0.002663 -0.003432 0.004536
-0.006062 -0.002990 0.002180
-0.001588 -0.004475 0.008455
-0.005004 0.001016 -0.000676
0.004356 0.002372 -0.005500
0.002853 -0.002636 0.001363
0.012549 0.002792 0.000619
-0.006242 -0.000415 -0.000240
0.009349 -0.009020 -0.019853
0.000051 -0.000205 -0.005640
0.012752 -0.003204 -0.005519
-0.001646 -0.002616 -0.000811
-0.005167 -0.001290 -0.005261
-0.005629 0.011599 0.000277
-0.007552 0.001888 -0.007705
0.005951 0.000280 -0.002781
-0.019355 -0.017759 0.005037
-0.005383 -0.001841 0.002313
-0.001921 -0.005045 0.008624
-0.005874 0.000987 -0.000741
0.003268 0.008534 -0.005472
0.004377 -0.000641 0.000119
0.010878 0.003682 0.000942
-0.005722 -0.000517 0.000114
0.010547 0.005003 0.001399
0.002141 -0.000125 -0.003824
0.008188 0.003747 -0.001412
-0.000728 -0.004961 -0.000369
-0.005330 -0.001851 -0.004967
-0.004941 0.005695 -0.000322
-0.007249 0.000035 -0.007712
0.005777 -0.000829 -0.002433
-0.003146 -0.002884 0.004748
-0.006784 -0.001490 0.004081
-0.001395 -0.002846 0.010309
-0.004755 0.002948 0.001099
0.004540 0.000939 -0.005627
0.002744 -0.000941 0.000844
0.008957 0.002741 0.002498
-0.005783 -0.001397 0.001377
0.009796 0.007765 -0.001352
0.002426 0.001013 -0.002940
0.009707 0.004525 -0.001379
-0.002159 -0.003341 -0.001173
-0.004739 -0.002487 -0.005016
-0.005497 0.009118 0.000340
-0.008395 0.000645 -0.007355
0.005208 -0.001353 -0.002472
0.017128 -0.022592 0.004014
-0.005769 -0.003670 0.002362
-0.002199 -0.005720 0.008851
-0.011617 -0.005861 -0.000519
0.003759 0.004484 -0.005489
0.001115 -0.000870 0.001414
-0.012544 0.000023 0.004310
0.005162 -0.003951 0.001095
-0.003323 0.002608 0.003837
-0.004600 0.003988 0.002978
-0.003543 0.003630 -0.001208
0.006600 0.000276 -0.000950
-0.000199 -0.006675 0.000249
-0.002258 -0.011518 -0.005743
0.009772 0.009837 0.002681
-0.000143 -0.035475 -0.007778
0.005522 -0.002384 0.001415
-0.023236 -0.004038 -0.004917
0.002780 -0.019185 -0.011406
0.000097 -0.026843 -0.038306
0.045012 -0.020687 0.000766
-0.007313 0.002452 0.008494
-0.011508 -0.001278 0.002867
0.005134 0.001148 0.000622
-0.003821 0.001399 0.002341
-0.004581 0.003555 0.002557
-0.003772 0.005074 -0.002220
0.006112 -0.000858 -0.001986
0.004702 -0.000075 -0.005704
0.002716 0.000053 -0.000606
0.009677 0.006144 0.000811
-0.000682 -0.007190 -0.006204
0.001185 0.003182 0.005207
-0.021133 -0.006383 -0.004447
0.002254 0.005573 0.011680
-0.000662 -0.006677 -0.009061
0.016257 0.001960 -0.000185
-0.006219 0.001084 0.007990
-0.015708 -0.006624 0.008008
0.004590 -0.003551 0.001405
-0.000333 -0.004192 0.006601
-0.004290 0.004005 0.001278
0.006699 0.475715 -0.002697
0.006243 -0.002305 -0.000841
0.003701 0.000936 -0.005776
0.006990 -0.008260 0.002655
0.009539 -0.001263 0.016198
-0.000447 -0.032930 -0.004950
0.001768 0.003623 0.004113
-0.020761 -0.003531 -0.004565
0.002006 -0.018296 0.034268
0.000349 -0.003705 -0.010125
0.019401 0.003111 -0.000018
-0.010332 -0.005357 0.003469
-0.011870 0.001034 0.001386
0.004510 -0.003194 0.001095
-0.003560 0.002287 0.001508
-0.009053 -0.006872 0.008680
-0.003508 0.016255 -0.001698
0.005976 -0.001880 -0.001048
0.004166 0.000251 -0.005239
0.003179 0.000790 -0.001175
0.009560 0.002415 0.005224
-0.001279 -0.005573 -0.007110
0.005624 -0.001863 0.009359
-0.022259 -0.004767 -0.005747
0.003190 -0.013800 0.029088
-0.000833 -0.008543 -0.009899
0.017111 0.000889 0.000062
-0.005773 0.000215 0.008548
-0.011317 -0.000488 0.002879
0.004719 -0.003690 0.001065
-0.003737 0.001779 0.002469
-0.004096 0.003429 0.003024
-0.003624 0.005113 -0.000926
0.005862 -0.001252 0.000177
0.004365 -0.000840 -0.005396
0.003297 -0.000290 -0.000886
0.009611 0.006563 0.000256
-0.001155 -0.005192 -0.006370
0.001059 0.003752 0.005361
-0.022359 -0.003489 -0.004962
0.002316 0.003938 0.011573
-0.000723 -0.006641 -0.008459
0.017447 0.000557 0.000011
-0.006047 0.000518 0.007842
-0.014173 -0.001711 0.003207
0.005049 0.004127 0.001869
-0.001306 0.000956 0.002548
-0.004485 0.005482 0.002402
-0.004018 0.004967 -0.001256
0.001775 -0.010519 -0.005503
-0.000364 -0.006221 -0.000333
0.003124 0.001437 -0.000299
0.009751 0.005983 0.002075
-0.000739 -0.006889 -0.006279
0.003031 0.002599 0.005089
-0.022399 -0.003214 -0.005306
0.001857 0.003666 0.011930
-0.001041 -0.006956 -0.008615
0.016459 0.002101 0.000863
-0.011518 -0.006525 0.003817
-0.015536 -0.006024 -0.001689
0.004470 -0.002796 0.001140
-0.000016 -0.003828 -0.001371
-0.000469 -0.003858 -0.001048
-0.003230 0.005335 -0.001497
0.006108 -0.001738 -0.000891
0.004369 -0.000307 -0.005061
0.003107 0.000773 0.000429
0.009802 0.004695 0.002297
-0.000492 -0.005515 -0.005609
0.001241 0.004408 0.006796
-0.022536 -0.004440 -0.005229
0.001148 -0.012681 -0.004844
-0.000021 -0.010540 -0.013117
0.016593 0.000509 -0.000515
-0.005321 0.001327 0.009073
-0.018163 -0.007492 0.002453
0.004801 -0.001708 0.001535
0.002735 -0.004870 0.002643
-0.004450 0.001956 0.002472
-0.003212 0.005122 -0.001918
0.010444 -0.010582 0.004327
0.003930 0.000351 -0.005255
0.002948 -0.000597 -0.000196
0.009507 0.005069 0.001211
-0.001174 -0.005046 -0.006145
0.004922 -0.000252 0.005933
-0.022109 -0.005104 -0.004739
0.004347 0.016174 0.011423
-0.000275 -0.007611 -0.008872
0.017719 0.000803 0.000305
-0.006592 0.002681 0.009449
