2176.0000 0.05 1
1.875
3.75
6.25
6.25
7.5
16.25
8.75
6.25
17.5
16.25
14.375
16.25
25
16.25
6.25
31.25
23.125
18.125
28.75
10
10
13.125
10
10
16.25
20
25
30.625
36.875
19.375
23.75
27.5
13.75
26.875
20.625
29.375
21.25
41.25
44.375
30.625
38.75
53.75
48.75
44.375
43.125
67.5
54.375
49.375
84.375
92.5
97.5
125.625
137.5
135
139.375
154.375
179.375
152.5
158.125
200.625
176.875
176.875
230.625
252.5
268.75
238.75
236.875
279.375
291.25
310
296.25
319.375
303.125
310
326.25
335.625
341.875
365.625
314.375
357.5
370
365.625
329.375
360.625
335.625
375
313.75
295
303.125
286.875
275.625
253.125
231.25
248.125
254.375
300
206.25
250.625
308.125
296.25
318.75
308.125
308.75
301.25
250
293.75
310.625
296.875
323.125
276.25
279.375
302.5
273.75
318.75
291.25
318.75
246.875
300
349.375
318.75
315.625
316.25
325
366.25
341.875
380.625
401.25
376.25
393.125
388.75
397.5
431.875
449.375
471.875
455
441.25
454.375
434.375
447.5
417.5
408.75
425.625
381.25
358.75
320
351.25
328.125
310.625
316.25
329.375
303.75
276.875
217.5
253.75
248.75
304.375
277.5
248.125
271.875
225.625
321.25
286.875
327.5
304.375
300
290.625
286.875
295.625
350
290
325.625
353.75
370
356.875
259.375
288.125
213.125
289.375
345
268.125
261.875
268.75
258.125
235.625
245
251.25
263.75
326.875
238.125
226.25
240.625
225
178.75
247.5
256.25
280
255
310.625
253.125
261.25
257.5
206.875
202.5
268.75
254.375
326.25
344.375
343.75
354.375
276.875
366.875
293.125
515.625
536.875
506.25
422.5
368.125
262.5
233.75
200
166.875
119.375
58.75
33.75
11.25
3.75
1.875
4.375
1.25
0
0
0
0
0
0
0
0
0
0
2.5
0
