0.010577 0.002505 0.001122
-0.004374 -0.001141 0.001325
0.010519 0.004491 0.000306
0.001336 -0.000752 -0.003923
0.009282 0.002790 -0.002859
-0.002397 -0.003476 -0.000236
-0.003986 -0.002012 -0.003811
-0.004289 0.006097 0.000613
-0.002191 -0.003413 -0.004405
0.004920 -0.000981 -0.003350
-0.004733 -0.002135 0.004342
-0.006097 -0.002830 0.002181
-0.001279 -0.005740 0.009159
-0.005667 0.000298 -0.000479
0.005538 0.000904 -0.004971
0.003192 -0.001050 0.000956
0.010455 0.003157 0.001092
-0.004831 -0.001042 0.001383
0.011339 0.003970 0.000298
0.002393 -0.000289 -0.003179
0.007922 0.002639 -0.002867
-0.000028 -0.003468 -0.000401
-0.004672 -0.002112 -0.004641
-0.003923 0.005778 0.000197
-0.002197 0.000855 -0.001957
0.004012 -0.001548 -0.003885
-0.002125 -0.002264 0.004495
-0.005753 -0.003134 0.002298
0.014898 -0.005429 -0.006730
-0.006038 0.000663 0.000131
0.003817 0.000947 -0.005196
0.000238 -0.000955 0.002422
0.008721 0.003333 0.002285
-0.564392 0.005671 -0.006097
0.010776 0.003235 0.000597
0.006794 0.003857 0.000870
0.001287 0.002170 -0.002801
-0.003661 -0.005781 0.003127
0.036455 -0.000037 -0.055821
-0.006192 0.005814 -0.000085
-0.001952 0.005167 -0.004685
0.003777 -0.000952 -0.001377
-0.002850 -0.002783 0.004847
-0.009013 -0.002968 0.004104
-0.001013 -0.005172 0.009180
-0.005559 0.000590 -0.000630
0.006116 0.000763 -0.005221
0.002265 -0.000744 0.000960
0.010943 0.002314 0.001403
-0.006320 -0.001371 0.001290
0.010601 0.004607 -0.000651
0.000995 -0.001633 -0.002670
0.008841 0.002756 -0.002668
-0.000298 -0.003338 -0.000628
-0.005140 -0.002092 -0.003871
-0.006236 0.005782 0.000328
-0.009583 0.000824 -0.008653
0.004375 -0.001176 -0.002951
-0.005460 0.000451 0.002705
-0.005747 -0.002643 0.002418
0.009400 -0.015748 0.010043
-0.007927 0.001769 -0.001818
0.005438 0.000866 -0.005568
0.054767 -0.060078 0.003197
0.011401 0.003086 0.001101
-0.004867 -0.001437 0.001552
0.011307 0.004032 0.000302
0.001333 0.000106 -0.003513
0.007665 0.002651 -0.002961
-0.000551 -0.003645 -0.000417
-0.004547 -0.002089 -0.004817
-0.004571 0.005952 0.000061
-0.009274 0.000797 -0.008531
0.003999 -0.000413 -0.004230
-0.002894 -0.002678 0.004345
-0.006121 -0.003251 0.002061
-0.000976 -0.005403 0.008953
-0.005851 0.000166 -0.001717
0.004631 0.001274 -0.005576
0.002667 -0.001660 0.001126
0.010178 0.002057 0.001481
-0.004892 -0.001294 0.001253
0.041380 0.004318 0.000832
0.001043 0.001327 -0.003235
0.005819 0.003245 -0.002697
-0.001826 -0.003197 -0.001266
-0.006089 -0.003509 -0.003968
-0.005598 0.005454 0.000230
-0.011175 0.001201 -0.007259
0.010382 0.003852 0.000459
-0.003489 -0.002545 0.004341
0.026313 0.038574 0.000845
0.009580 -0.005522 0.020628
0.030587 0.000332 0.043228
0.000537 0.004035 -0.003553
0.000380 -0.000189 -0.000203
0.009234 0.003037 -0.000054
-0.005375 -0.001366 0.001821
0.010740 0.003067 -0.000960
0.006946 0.003166 -0.007211
0.002325 0.002177 -0.003153
-0.002151 -0.003419 -0.000486
-0.004897 -0.001956 -0.006522
-0.005850 0.003359 -0.003373
-0.009343 0.000287 -0.008892
0.005320 -0.001019 -0.002689
-0.004560 -0.002656 0.004321
-0.008479 -0.002652 0.001722
0.015586 0.009893 0.009920
-0.007393 -0.000442 -0.001515
0.005693 0.000447 -0.005252
0.002201 -0.002301 0.001143
0.046763 -0.037908 -0.000116
-0.004785 -0.001441 0.001111
0.010207 0.004814 -0.000635
0.006371 0.003802 -0.003274
0.006115 0.002317 -0.002771
-0.000661 -0.002596 -0.000688
-0.006230 -0.000758 -0.003975
-0.003587 0.005715 -0.000138
-0.007715 0.000791 -0.008690
0.010570 -0.005714 0.000705
-0.001910 -0.002408 0.004338
-0.006415 -0.002590 0.002503
-0.001003 -0.005412 0.009774
-0.005582 0.000174 -0.001137
0.002576 0.001185 -0.005168
0.002689 -0.002029 0.000992
-0.013087 -0.001520 0.001724
0.004006 -0.004069 0.000943
-0.003589 0.001183 0.002938
-0.004982 0.002626 0.002581
-0.003485 0.005532 -0.000993
0.011703 -0.004883 0.003854
0.004493 -0.001127 -0.004458
0.002123 0.001573 0.000021
0.010270 0.005308 0.001551
-0.001051 -0.005023 -0.005576
0.001260 0.003055 0.006149
-0.019796 -0.001783 -0.004974
0.003337 0.004091 0.010975
-0.000517 -0.007940 -0.009872
0.015708 0.001889 0.001577
-0.006620 0.000445 0.007873
-0.012658 -0.001205 0.002700
0.004332 -0.001929 0.002243
-0.003375 0.001097 0.002890
-0.005785 0.003304 0.004069
-0.003186 0.006716 -0.001436
0.006395 -0.000372 -0.000920
-0.005054 -0.000715 -0.004695
0.003512 0.001246 0.000067
0.011112 0.005536 0.001885
-0.001494 -0.006778 -0.007453
0.005877 0.003066 0.001570
-0.017561 -0.001124 -0.008620
0.001987 0.004051 0.012466
-0.000074 -0.007354 -0.009615
0.017594 0.000983 -0.000861
-0.005158 0.000367 0.007749
-0.012810 -0.001196 0.003839
0.013482 -0.006014 0.005553
0.000861 0.001288 -0.000729
-0.003874 0.003206 0.002766
0.005899 0.001715 -0.006436
0.005307 -0.000340 -0.001405
0.004343 -0.000549 -0.004469
0.008572 -0.002658 -0.004484
0.024379 0.005995 -0.012345
0.008679 -0.001966 -0.011952
0.001318 0.002673 0.006237
-0.025027 -0.002791 -0.004651
0.001445 0.004327 0.013040
-0.000536 -0.007300 -0.009551
0.016229 -0.000202 0.000982
-0.008645 0.000329 0.008278
-0.012707 -0.001353 0.001963
0.005088 -0.002714 0.000944
-0.002561 0.001212 0.003912
-0.004662 0.003685 0.002833
-0.002826 0.006481 -0.001209
0.011672 -0.004285 -0.005364
0.004320 -0.001315 -0.003790
0.002062 0.001099 -0.000812
0.010645 0.005425 0.001640
-0.000468 -0.006200 -0.005654
0.008401 -0.001193 0.001934
-0.023352 -0.005092 -0.005270
0.002509 0.005327 0.010871
-0.000663 -0.007462 -0.008802
0.017623 0.000878 -0.000064
-0.006691 0.000383 0.007547
-0.012569 -0.001526 0.002866
0.005108 -0.002291 0.001150
-0.003393 0.001543 0.003338
-0.004272 0.003741 0.002669
-0.004216 0.007184 -0.002822
0.005344 -0.000636 -0.001084
0.005139 -0.000647 -0.004548
0.002359 0.001164 -0.000593
0.010697 0.005380 0.001863
-0.000641 -0.006408 -0.006155
0.001561 0.002868 0.006148
-0.022943 -0.005392 -0.004883
0.002779 0.004607 0.011478
-0.000294 -0.007446 -0.009382
0.017578 0.000664 0.001523
-0.005313 0.000334 0.007908
-0.014390 -0.002692 0.001921
0.016009 -0.008816 0.005735
0.003034 0.005789 -0.000838
-0.005929 0.002320 0.001620
-0.004326 0.004383 -0.001258
0.003428 -0.001082 -0.001179
0.007096 -0.000862 -0.004306
0.000651 -0.001095 0.000031
0.024299 0.019506 0.001917
0.008438 -0.002245 -0.010238
0.000264 0.003440 0.003956
-0.017156 -0.000188 -0.000368
0.010512 0.008135 0.015662
0.027443 -0.007704 -0.011049
0.048029 0.000502 -0.031303
-0.013320 -0.000706 0.007284
0.019431 -0.000439 0.045987
0.004508 -0.001874 0.002219
-0.005491 0.001224 0.002007
0.031370 0.050219 0.003650
-0.003486 0.006643 -0.002266
0.004914 0.000733 -0.000205
0.004419 -0.000480 -0.004118
0.008780 -0.003678 0.005029
0.031532 0.005875 0.022550
-0.000967 -0.005901 -0.007254
0.008568 0.007810 0.002187
-0.022182 -0.005344 -0.004792
0.012841 0.009645 0.016632
-0.000821 -0.007564 -0.009174
0.017741 0.000570 0.000027
-0.008091 0.000329 0.007898
-0.014307 0.000039 0.002085
0.004542 -0.003538 0.001059
0.003337 -0.002828 -0.001017
-0.004204 0.004116 0.003004
0.007044 0.002447 -0.005761
0.012605 -0.007290 -0.001100
-0.005229 -0.000341 -0.004662
0.006142 -0.002731 -0.000291
0.024012 -0.009060 0.001775
-0.001419 -0.003843 -0.005768
0.002646 0.003212 0.006437
-0.022954 -0.004886 -0.005259
0.002495 0.005773 0.010944
0.001290 -0.006883 -0.009643
0.018010 0.000627 0.000774
-0.012273 -0.000021 0.007184
