2176.0000 0.05 1
1.11111
4.44444
11.1111
2.22222
11.1111
4.44444
13.3333
11.1111
20
11.1111
6.66667
11.1111
24.4444
23.3333
17.7778
23.3333
26.6667
18.8889
13.3333
34.4444
16.6667
11.1111
2.22222
10
14.4444
16.6667
34.4444
40
23.3333
40
11.1111
26.6667
17.7778
31.1111
24.4444
32.2222
26.6667
27.7778
40
24.4444
32.2222
46.6667
36.6667
47.7778
70
55.5556
56.6667
41.1111
80
106.667
97.7778
124.444
127.778
136.667
148.889
148.889
161.111
190
190
204.444
214.444
267.778
192.222
230
232.222
288.889
237.778
278.889
253.333
263.333
292.222
300
317.778
337.778
312.222
356.667
282.222
348.889
300
311.111
295.556
302.222
293.333
275.556
316.667
271.111
248.889
285.556
291.111
296.667
316.667
314.444
325.556
305.556
337.778
316.667
316.667
295.556
294.444
296.667
304.444
291.111
332.222
353.333
320
357.778
373.333
361.111
353.333
352.222
341.111
295.556
251.111
213.333
175.556
162.222
188.889
243.333
264.444
331.111
351.111
397.778
415.556
397.778
431.111
412.222
447.778
402.222
382.222
354.444
344.444
375.556
343.333
396.667
380
378.889
386.667
425.556
406.667
456.667
410
406.667
408.889
354.444
362.222
374.444
368.889
380
436.667
415.556
405.556
441.111
403.333
334.444
356.667
323.333
350
311.111
330
260
281.111
261.111
274.444
257.778
242.222
222.222
276.667
211.111
243.333
215.556
232.222
258.889
221.111
244.444
234.444
214.444
208.889
225.556
178.889
205.556
174.444
200
173.333
175.556
255.556
235.556
231.111
213.333
216.667
168.889
176.667
196.667
262.222
236.667
224.444
274.444
235.556
230
257.778
350
342.222
320
301.111
330
307.778
331.111
384.444
410
432.222
427.778
450
430
505.556
474.444
498.889
470
431.111
345.556
317.778
230
121.111
16.6667
1.11111
0
0
0
0
0
0
0
0
0
0
0
0
0
0
0
0
0
0
0
0
0
0
4.44444
2.22222
2.22222
0
0
0
2.22222
0
8.88889
3.33333
2.22222
0
4.44444
2.22222
4.44444
4.44444
2.22222
2.22222
2.22222
3.33333
0
2.22222
0
0
2.22222
0
2.22222
0
