2176.0000 0.05 1
1.11111
4.44444
11.1111
2.22222
11.1111
4.44444
13.3333
11.1111
20
11.1111
6.66667
11.1111
24.4444
23.3333
17.7778
23.3333
26.6667
18.8889
13.3333
32.2222
18.8889
8.88889
4.44444
10
14.4444
14.4444
36.6667
37.7778
27.7778
37.7778
11.1111
26.6667
17.7778
33.3333
22.2222
32.2222
28.8889
25.5556
40
26.6667
30
46.6667
36.6667
47.7778
70
55.5556
56.6667
41.1111
80
107.778
96.6667
124.444
127.778
141.111
146.667
146.667
161.111
192.222
190
200
216.667
267.778
192.222
230
232.222
288.889
236.667
277.778
255.556
263.333
292.222
302.222
315.556
342.222
312.222
350
288.889
347.778
300
311.111
297.778
301.111
288.889
277.778
314.444
277.778
246.667
283.333
292.222
300
310
317.778
324.444
307.778
336.667
315.556
318.889
291.111
293.333
302.222
300
293.333
327.778
362.222
315.556
357.778
380
361.111
346.667
356.667
336.667
291.111
253.333
215.556
182.222
155.556
188.889
241.111
264.444
328.889
353.333
404.444
415.556
397.778
425.556
408.889
454.444
397.778
382.222
361.111
342.222
373.333
345.556
394.444
381.111
382.222
386.667
423.333
404.444
458.889
405.556
408.889
413.333
353.333
361.111
374.444
371.111
374.444
440
413.333
407.778
436.667
403.333
343.333
347.778
322.222
353.333
316.667
324.444
255.556
286.667
262.222
272.222
255.556
244.444
222.222
276.667
208.889
245.556
213.333
236.667
256.667
223.333
244.444
230
214.444
208.889
227.778
176.667
206.667
176.667
194.444
177.778
175.556
254.444
236.667
232.222
211.111
215.556
168.889
176.667
196.667
262.222
238.889
222.222
275.556
237.778
226.667
264.444
345.556
342.222
317.778
305.556
327.778
311.111
332.222
380
416.667
425.556
428.889
444.444
432.222
506.667
475.556
502.222
472.222
430
347.778
315.556
225.556
121.111
16.6667
1.11111
0
0
0
0
0
0
0
0
0
0
0
0
0
0
0
0
0
0
0
0
0
0
2.22222
2.22222
2.22222
0
0
2.22222
0
4.44444
4.44444
3.33333
2.22222
0
4.44444
2.22222
4.44444
4.44444
2.22222
2.22222
2.22222
3.33333
0
2.22222
0
0
2.22222
0
2.22222
0
