0.004735 0.011257 0.010937
-0.007976 0.001102 0.000966
0.088841 -0.028104 -0.110411
0.012599 0.007664 -0.003905
-0.000837 0.014822 -0.006770
-0.010838 0.004447 -0.001189
-0.000541 0.002914 0.004445
-0.000966 -0.015600 -0.002737
-0.003848 -0.011345 0.000035
-0.012956 -0.006648 -0.002411
0.008111 -0.006195 0.002686
-0.009147 -0.006093 -0.003082
0.003758 -0.006626 0.003671
0.007794 -0.021767 -0.006939
-0.003876 0.000272 0.001952
0.013626 -0.010920 0.002196
-0.000655 0.009965 0.011722
-0.008472 0.001341 0.000090
-0.002204 0.018450 0.000483
-0.060405 0.044180 -0.085809
-0.000158 0.016628 -0.006665
-0.010391 0.000280 -0.004105
-0.000484 0.003661 0.003832
-0.000686 -0.015223 -0.002025
-0.004026 -0.010706 0.000155
-0.011110 -0.002082 -0.001461
0.010776 -0.006880 0.001535
-0.009610 -0.006223 -0.002160
0.006289 -0.007568 0.003788
0.003300 -0.020239 -0.001166
-0.003207 -0.000713 0.001593
0.013477 -0.010700 0.004416
-0.000216 0.011208 0.011706
-0.009330 0.000827 0.000269
-0.001995 0.018964 -0.000966
0.009845 0.009731 -0.002901
-0.001472 0.015518 -0.005853
-0.007966 0.001700 -0.001644
-0.001509 0.004919 0.004498
0.000014 -0.016613 -0.002365
-0.002790 -0.012157 -0.000261
-0.010738 -0.005208 -0.007193
0.011569 -0.006054 0.001398
-0.010176 -0.005928 -0.001766
0.002431 -0.007024 0.003826
0.002739 -0.019525 -0.001169
-0.004342 0.001385 0.001907
0.014195 -0.011674 0.003335
-0.001374 0.010586 0.011432
-0.008400 0.001658 0.000405
-0.001137 0.018913 0.000051
0.011894 0.008089 -0.002755
-0.001424 0.016968 -0.005609
-0.009595 0.000005 -0.003252
0.000598 0.004218 0.005231
-0.000143 -0.015794 -0.001789
-0.003465 -0.012006 0.000979
-0.010269 -0.005316 -0.002258
0.011592 -0.006568 0.001068
-0.008951 -0.004869 -0.008560
0.004087 -0.007807 -0.001962
0.003564 -0.019264 -0.000467
-0.004430 -0.001032 0.002154
0.014053 -0.011469 0.002016
0.001852 0.010092 0.016853
-0.010271 0.002046 0.000079
0.000442 0.018261 0.000598
0.012026 0.009195 -0.003353
-0.001345 0.015860 -0.006466
-0.010687 0.001242 0.002221
-0.000897 0.003366 0.003609
-0.000042 -0.016183 -0.000491
-0.002806 -0.011765 -0.001279
-0.008364 -0.003747 -0.001557
0.011363 -0.005696 -0.005284
-0.010113 -0.006039 -0.003032
0.005184 -0.008402 0.004387
-0.000270 -0.014702 -0.004262
-0.003769 0.000826 0.001861
0.014280 -0.011343 0.004810
0.013605 0.000533 0.010066
-0.009354 -0.077378 -0.082000
-0.001372 0.019594 0.001243
0.012217 0.007480 -0.002659
-0.003655 0.014993 -0.006009
-0.009131 0.002352 0.001169
0.000100 0.003867 0.004127
-0.001288 -0.021286 -0.008678
-0.003442 -0.017724 -0.005732
-0.010548 -0.004869 -0.001668
0.011272 -0.006389 0.002337
-0.009813 -0.005551 -0.002518
0.004230 -0.007490 0.002978
0.002732 -0.019950 -0.002028
-0.003749 0.000688 0.009143
0.013644 -0.011388 0.003825
-0.003701 0.012216 0.007290
-0.009452 -0.000668 0.000200
-0.001276 0.018660 0.000047
0.012519 0.006721 -0.002679
-0.081767 -0.028634 -0.100950
-0.006595 0.004181 -0.002256
-0.001089 0.001742 0.005248
0.000634 -0.010025 -0.009686
-0.003573 -0.006772 -0.007349
-0.011618 -0.005342 -0.002476
0.011833 -0.007456 0.002006
-0.009111 -0.005888 -0.001761
0.004317 -0.007452 0.003637
0.002404 -0.018667 0.000151
-0.009027 0.015398 0.651702
0.014257 -0.011513 0.003611
-0.000513 0.010664 0.011453
-0.008610 0.001312 0.000938
-0.001934 0.019855 0.000831
0.012916 0.006207 -0.002180
-0.000924 0.016120 -0.006233
-0.010515 0.001003 -0.002725
0.063909 0.038270 -0.065575
0.000338 -0.016004 -0.001345
-0.003069 -0.010957 -0.000999
-0.012007 -0.004818 -0.001481
0.010844 -0.006333 0.000777
-0.006760 -0.006347 -0.000859
0.008911 -0.012609 0.002440
0.002964 -0.019645 -0.000323
-0.002903 0.001873 0.001637
0.013787 -0.011730 0.004426
0.000750 0.002802 -0.005170
0.007525 0.008092 -0.002544
-0.008656 0.006929 0.001828
0.005792 0.023358 -0.001673
-0.002572 -0.002156 0.000097
0.000834 0.004331 -0.010295
-0.008716 -0.001959 0.001658
0.020604 0.013901 -0.003219
0.000668 0.007458 -0.002011
0.018130 -0.009172 -0.000246
-0.009300 0.009930 0.000170
-0.004498 -0.000954 0.001286
0.011622 -0.005429 0.000346
-0.003419 -0.005125 0.004356
0.010053 -0.009788 0.002174
-0.016732 -0.012122 0.001520
-0.000697 0.006180 -0.010929
0.007771 0.008759 -0.003515
-0.011299 0.009920 0.002229
0.007249 0.023958 -0.001472
0.001487 0.014411 -0.002628
-0.003198 0.003439 -0.010454
-0.008245 -0.001881 0.001287
0.006968 0.004225 0.000064
-0.000123 0.007325 -0.002784
0.019716 -0.011279 0.003383
-0.008612 0.009002 0.001752
-0.010075 0.000495 -0.004430
0.011855 -0.005599 -0.000275
0.002926 -0.004338 -0.000301
0.010067 -0.009883 0.002103
-0.016332 -0.011671 0.001468
-0.001309 -0.014116 -0.006957
0.008424 0.006840 -0.003219
-0.009993 0.010794 0.001964
0.007351 0.023872 -0.001910
-0.000065 -0.004719 -0.005935
-0.001029 0.005218 -0.005049
-0.008324 -0.002043 -0.000908
0.004240 0.006961 0.004161
-0.001482 0.007921 -0.002072
0.016272 -0.011817 0.002845
-0.008093 0.011616 0.002373
0.000046 -0.003345 -0.005963
0.010997 -0.005256 0.000391
-0.009172 -0.005546 -0.000878
0.010199 -0.009083 0.002693
-0.016803 -0.012390 0.000557
0.000737 0.003784 -0.005340
0.002392 0.009222 -0.003389
-0.009553 0.011233 0.001527
0.005235 0.022369 0.002625
-0.000805 -0.003484 -0.000006
0.004464 0.002705 -0.013511
-0.008413 -0.002347 0.000677
0.003198 0.005727 -0.001408
0.001289 0.008639 0.002753
0.017868 -0.011987 0.004046
-0.008713 0.010407 0.001181
-0.004760 -0.000995 0.002253
0.014147 -0.003244 0.000068
-0.003326 -0.005361 0.004283
0.010182 -0.009812 -0.000689
-0.016944 -0.011660 0.001061
-0.000403 0.004102 -0.005396
0.006565 0.008466 -0.002506
-0.008727 0.009697 0.006193
0.006878 0.023098 -0.002551
-0.000083 -0.003353 -0.000298
0.001060 0.005221 -0.010717
-0.007578 -0.003228 -0.000203
-0.000721 0.003631 -0.004263
-0.000219 0.008461 -0.002882
0.017227 -0.011354 -0.002195
-0.008321 0.010613 0.002698
-0.005140 -0.001099 0.000431
0.011542 -0.005753 0.000343
-0.003363 -0.005111 0.006522
0.010271 -0.009854 0.001810
-0.016862 -0.011385 0.000787
-0.000085 0.001390 -0.005541
0.010276 0.009101 -0.007971
-0.013274 0.008367 0.003419
0.010302 0.020053 -0.000995
0.000071 -0.002899 0.000779
0.001869 0.005505 -0.009967
-0.007546 -0.000693 -0.000142
0.002159 0.005970 -0.001656
-0.000940 0.010678 0.002635
0.016343 -0.011190 0.003552
-0.008088 0.012043 0.001662
-0.004927 -0.001057 0.000294
0.011670 -0.005492 -0.006306
-0.003118 -0.005472 0.005222
0.012580 -0.003567 -0.003251
-0.015933 -0.012392 -0.015809
-0.000490 0.004018 -0.004286
-0.007352 -0.000820 -0.005676
-0.009987 0.008625 0.006160
0.006590 0.022121 0.004102
0.000496 -0.002320 -0.000523
0.000826 0.004046 -0.010747
-0.008154 0.086114 -0.093452
0.002932 0.006208 -0.000687
-0.003100 0.010714 -0.001681
0.018804 -0.012379 0.003240
-0.008711 0.007071 0.001393
-0.004648 -0.000746 0.000121
0.008347 -0.009013 -0.001200
-0.003165 -0.005111 0.004999
0.006680 -0.014071 -0.004406
-0.017280 -0.011703 -0.019972
0.000005 0.002387 -0.005015
0.006071 0.007277 0.001349
-0.008694 0.010847 0.001802
0.004975 0.018476 -0.002207
0.001153 -0.002111 0.000179
-0.013745 0.013461 -0.012248
-0.008517 -0.002209 0.000949
0.003575 0.005150 0.000219
0.000694 0.011857 -0.000861
0.018501 -0.011461 0.003448
-0.007871 0.009831 0.000517
-0.005299 -0.000899 -0.000525
0.008807 -0.007199 -0.000813
-0.003162 -0.005862 0.004471
0.010410 -0.009644 0.001290
-0.016960 -0.012004 0.001385
