2176.0000 0.05 1
1.875
3.75
6.25
6.25
7.5
16.25
8.75
6.25
17.5
16.25
14.375
16.25
25
16.25
6.25
31.25
23.125
18.125
28.75
10
10
13.125
10
10
16.25
20
25
30
37.5
19.375
23.75
27.5
13.75
26.875
20.625
29.375
21.25
41.25
44.375
30.625
38.75
53.75
48.75
45.625
41.875
67.5
54.375
49.375
85
91.875
98.75
124.375
137.5
135
140
152.5
181.25
153.125
156.875
200.625
176.25
174.375
234.375
251.875
267.5
240
234.375
279.375
291.875
310.625
297.5
318.125
303.75
311.875
324.375
338.75
339.375
361.875
320
353.125
371.25
365
330.625
361.25
331.25
380
311.875
296.25
300.625
288.75
273.75
254.375
231.25
248.125
255
298.125
206.875
248.75
312.5
295.625
316.875
310
310
296.25
250.625
294.375
306.25
300.625
325.625
275
280.625
300.625
272.5
320
292.5
315
247.5
300
352.5
320
315.625
313.75
326.25
363.125
345
380
398.75
380.625
387.5
395.625
396.25
430.625
449.375
472.5
453.75
440.625
451.875
436.875
447.5
416.875
406.25
428.75
383.75
356.875
317.5
354.375
328.125
308.75
313.75
332.5
305
275.625
217.5
256.25
251.25
298.75
280.625
248.125
268.75
226.875
320.625
286.875
326.875
303.75
303.75
289.375
286.25
296.875
346.25
294.375
325
352.5
370.625
355
261.25
288.125
213.125
289.375
345
264.375
268.125
263.75
260.625
235
246.25
248.125
264.375
325
241.875
226.875
236.875
224.375
182.5
246.25
258.125
280.625
253.125
307.5
253.125
266.25
255.625
206.25
202.5
270.625
255
326.25
344.375
342.5
355.625
273.75
368.75
291.25
513.75
535.625
510
426.25
365.625
263.75
230.625
205.625
162.5
122.5
60
31.25
11.25
3.75
1.875
4.375
1.25
0
0
0
0
0
0
0
0
0
0
2.5
0
