0.005732 0.004915 -0.003905
-0.006202 -0.000048 0.003355
0.011238 0.003843 0.000472
0.001945 0.001448 -0.002441
0.006162 -0.002298 -0.008042
-0.000984 -0.001990 0.000491
-0.004297 -0.020537 -0.023888
-0.005203 0.006009 0.001191
-0.008575 0.000149 -0.007684
0.005220 -0.001335 -0.002117
-0.003517 -0.002566 0.005434
-0.006327 -0.002195 0.003141
-0.002670 -0.005287 0.009566
-0.005756 0.000276 -0.000684
0.005325 0.001365 -0.005498
0.002673 -0.001774 0.000369
0.011652 0.000881 0.002040
-0.006296 -0.001477 0.001771
0.007139 -0.000974 -0.004557
0.002170 0.001806 -0.002508
0.009755 0.002764 -0.002336
-0.000644 -0.003952 -0.000901
-0.004731 -0.002192 -0.004684
-0.004981 0.005676 0.000056
-0.008692 0.001058 -0.008578
0.005141 -0.001164 -0.002985
-0.004946 -0.001648 0.004778
-0.005404 -0.001386 0.003222
-0.002095 -0.005626 0.009237
-0.006509 -0.000042 0.000036
0.005436 0.002583 -0.004359
0.002649 -0.003150 0.000696
0.010409 0.002428 0.001823
-0.006247 -0.002598 0.003086
0.009553 0.003883 -0.000258
0.006863 -0.001736 -0.008138
0.006225 0.007065 -0.008142
0.003258 0.000482 -0.009682
-0.004438 0.017594 -0.024989
-0.002942 0.008266 -0.002421
-0.008857 0.000877 -0.033962
0.005228 -0.001148 -0.002138
-0.003373 -0.004909 0.002319
-0.011986 -0.004847 -0.002393
0.037362 -0.006584 -0.016803
-0.004348 0.000586 0.005083
0.005691 0.000815 -0.003583
0.001122 0.040476 -0.030819
0.010108 0.001422 0.003010
-0.001889 0.003055 -0.004843
0.011578 0.004031 0.001023
0.002137 0.001163 -0.003401
0.009504 0.000886 -0.000504
-0.000440 -0.005469 0.000701
-0.005363 0.010824 -0.018266
-0.004932 0.006019 -0.000676
-0.008433 0.000178 -0.007572
0.005815 -0.000339 -0.002779
-0.003344 -0.002435 0.003475
-0.005905 -0.002387 0.002695
-0.002714 -0.005142 0.008851
-0.005608 0.000454 -0.000168
0.003981 0.001407 -0.006336
0.002140 0.001518 -0.002994
0.007153 0.004991 -0.002979
-0.003858 -0.001406 0.001059
0.007050 0.007804 -0.004271
0.006581 -0.002997 -0.008853
0.007867 0.002530 -0.002777
-0.000719 -0.003365 0.000936
-0.004863 -0.002186 -0.005488
-0.006904 0.004886 0.000557
-0.008598 0.000460 -0.008698
0.005810 -0.001154 0.003137
-0.003491 -0.002134 0.004231
-0.009366 -0.005810 -0.002241
-0.001888 -0.004942 0.009390
-0.006851 0.001017 -0.000184
0.000461 0.005602 -0.014352
0.002687 -0.002644 0.001517
0.010845 0.001931 0.001329
-0.006251 -0.001603 0.002058
0.011453 0.003451 0.000918
0.002208 0.000585 -0.002797
0.009210 0.002632 -0.002371
-0.002051 -0.003289 -0.001615
-0.004293 -0.002422 -0.005668
-0.005230 0.005865 0.000158
-0.008425 0.000760 -0.006342
0.005202 -0.001151 -0.001696
-0.002304 -0.002770 0.005029
-0.005994 -0.002178 0.002432
-0.002842 -0.005730 0.009981
-0.004780 0.000968 0.000053
0.004031 -0.000125 -0.004953
0.002375 -0.002329 0.000761
0.011054 0.002244 0.001385
-0.002038 -0.005928 -0.004723
0.010255 0.004303 -0.001029
0.003763 0.001122 -0.002339
0.009087 0.004086 -0.000587
-0.004828 -0.006976 -0.009690
-0.004864 -0.020144 -0.024346
-0.004816 0.005710 -0.000102
-0.009578 -0.000978 -0.038688
0.005445 -0.001557 -0.002425
-0.003395 -0.002345 0.004365
-0.008166 -0.001213 0.004519
-0.001454 -0.005075 0.012039
-0.005147 0.000394 0.000988
0.005480 0.000987 -0.005433
0.002141 -0.001349 0.003697
0.009367 0.002231 0.002058
-0.001347 -0.001348 -0.002844
0.010212 0.005166 0.000711
0.002892 0.000953 -0.002442
0.008518 0.002728 -0.003172
-0.002280 -0.002805 -0.001555
-0.003831 -0.002368 0.004765
-0.003837 0.006066 0.000482
-0.008364 0.000378 -0.006316
0.005230 -0.001218 -0.000295
-0.003406 -0.002522 0.004238
-0.007429 -0.002372 0.003151
-0.002145 -0.005291 0.010149
-0.005057 -0.000011 0.000240
0.008211 -0.003056 -0.014498
0.002369 -0.002690 0.001499
-0.012567 0.000362 0.007795
0.005273 -0.002753 0.000918
-0.002933 0.001379 0.002239
-0.004168 0.004475 0.002015
-0.007103 0.002922 -0.009687
0.005971 -0.001748 -0.000081
0.004143 -0.000725 -0.003779
0.002929 0.000950 -0.001626
0.011848 0.000623 -0.001513
-0.001531 -0.005164 -0.005933
0.002068 0.002882 0.003790
-0.022224 -0.002998 -0.004449
0.003050 0.004657 0.011642
-0.000562 -0.007568 -0.008486
0.018394 0.000877 -0.001531
-0.004913 0.000583 0.008368
-0.012774 -0.001474 0.002305
0.004756 -0.002984 0.001665
-0.003699 0.001165 0.000644
-0.004041 0.004856 0.003289
-0.003726 0.006716 -0.001766
0.009696 0.003656 -0.006351
0.003303 -0.000831 -0.004153
0.003131 -0.001053 -0.000149
0.008454 0.005472 0.002298
-0.001251 -0.006482 -0.006269
0.002608 0.002677 0.003496
-0.022600 -0.004664 -0.006394
0.002036 0.004621 0.011366
0.000820 -0.007170 -0.009093
0.018073 0.001497 0.000861
-0.004958 0.000434 0.007991
-0.012402 -0.001921 0.005622
0.004065 -0.002850 0.001735
-0.002758 0.000779 0.002561
-0.007354 -0.022790 -0.012566
-0.003624 0.005183 -0.001230
0.011276 0.001867 -0.006026
0.021092 -0.000315 -0.016856
0.006032 0.019120 -0.010376
0.012310 0.010700 -0.002071
-0.004394 -0.002794 -0.014437
-0.006019 -0.010530 0.445123
-0.022279 -0.003480 -0.004828
-0.000202 0.006417 0.008894
-0.021181 -0.008181 -0.022476
-0.003064 0.000763 -0.021345
-0.004748 0.000195 0.008429
-0.012840 -0.000885 0.004280
0.004635 -0.002717 0.000944
-0.002917 0.000938 0.001521
-0.004907 0.000738 -0.000995
-0.000098 0.010480 -0.010906
0.006024 -0.001709 -0.001042
0.003135 -0.000700 -0.005150
0.003651 0.006836 -0.007901
0.009164 0.004271 0.004315
-0.001543 -0.007507 -0.005765
0.002015 0.001868 0.017566
-0.022381 -0.002954 -0.004896
0.003196 0.004484 0.010894
0.000340 -0.007526 -0.010383
0.017946 0.000748 -0.002054
-0.005620 0.000375 0.007909
-0.012949 -0.001556 0.001904
0.003941 -0.003941 -0.001739
-0.025549 0.001098 -0.021591
-0.003926 0.005201 0.002694
-0.004165 0.005995 -0.000377
0.005874 -0.002604 -0.000106
0.002899 -0.001345 -0.003800
0.003173 -0.000139 -0.000006
0.010518 0.005883 0.000833
-0.001403 -0.005657 -0.005165
0.002588 0.003198 0.003455
-0.020363 -0.020953 -0.013739
0.003104 0.004837 0.012130
0.000481 -0.007725 -0.009049
0.017917 0.000489 0.000709
-0.031725 0.000727 -0.010057
-0.012595 -0.001493 0.002792
0.004807 -0.002842 0.000998
-0.002672 0.001169 0.001262
-0.004216 0.004905 0.003224
-0.003663 0.006275 -0.002379
0.006091 -0.001401 -0.000792
0.003837 -0.000819 -0.004496
0.003182 -0.000691 -0.000061
0.008448 0.005239 0.002605
-0.000951 -0.005904 -0.007048
0.002035 0.003181 0.003597
-0.022012 -0.007529 -0.009070
0.002679 0.004732 0.011544
-0.000047 -0.007097 -0.009355
0.017638 0.000732 -0.001001
-0.004989 0.000087 0.007443
-0.012878 -0.000770 0.003397
0.005665 -0.002657 0.001734
-0.002880 0.001179 0.001703
-0.004948 0.003390 0.006410
-0.003880 0.007573 -0.001153
0.007209 -0.001685 0.000106
0.004789 -0.000453 -0.001195
0.003987 0.000795 0.003452
0.009528 0.006650 0.003641
0.003317 -0.009384 -0.016332
0.002078 0.002899 0.001192
-0.022627 -0.003444 -0.004470
0.002057 0.004599 0.011907
-0.001754 -0.007725 -0.006673
0.035019 0.000722 -0.017712
-0.005435 0.000484 0.007667
-0.012860 -0.001321 0.002249
0.004680 -0.002472 0.001692
0.019119 0.000915 -0.019407
-0.004695 0.004442 0.003136
-0.003755 0.006136 -0.002604
0.005849 -0.001310 -0.000278
0.003961 -0.001001 -0.004142
0.002740 -0.000406 -0.000415
0.008454 0.005661 0.002534
-0.000817 -0.005683 -0.007005
0.001838 0.003010 0.003705
-0.021490 -0.005664 -0.002282
0.002445 0.004274 0.011853
0.000826 -0.007483 -0.009877
0.017754 0.000680 -0.000894
-0.006159 0.000573 0.010845
