2176.0000 0.05 1
1.875
3.75
6.25
6.25
7.5
16.25
8.75
7.5
17.5
15
14.375
16.25
25
16.25
6.25
31.25
23.125
18.125
30
8.75
10
13.125
10
10
16.25
20
25
30
37.5
19.375
25
26.25
13.75
26.875
21.875
28.125
21.875
40.625
44.375
30.625
37.5
55
48.75
44.375
43.125
67.5
55.625
46.875
85
91.875
98.75
123.125
140
133.75
140.625
152.5
181.875
153.125
156.25
200
178.125
174.375
234.375
250.625
269.375
236.25
235.625
278.125
294.375
310.625
296.25
320.625
302.5
311.25
323.125
339.375
337.5
365
315.625
355.625
373.125
365
328.125
360
333.75
378.75
313.125
296.25
300.625
290.625
273.125
253.125
233.125
246.875
255.625
296.875
207.5
250.625
312.5
294.375
312.5
311.875
309.375
301.875
247.5
295
307.5
297.5
328.125
271.875
281.875
302.5
273.75
319.375
291.25
313.125
251.875
296.875
351.875
318.75
316.875
316.25
325
361.25
345
382.5
396.25
385
384.375
395
396.875
430
450.625
471.875
452.5
443.75
448.125
441.875
446.25
416.25
404.375
431.25
381.25
356.25
320.625
352.5
327.5
312.5
313.125
330.625
303.75
277.5
215.625
255
251.25
301.25
279.375
247.5
273.75
223.75
318.75
288.75
328.125
301.875
303.125
290.625
283.125
300
347.5
293.125
322.5
353.125
371.25
355
262.5
286.25
215
289.375
345
264.375
266.875
265
259.375
236.875
245.625
248.75
263.75
323.75
242.5
226.875
238.75
224.375
180
248.75
255
281.25
253.125
307.5
254.375
265
257.5
203.75
203.75
270.625
255.625
325
344.375
343.125
355.625
273.75
368.75
291.25
511.875
534.375
512.5
426.25
368.125
258.75
234.375
204.375
167.5
118.75
60
31.25
11.875
3.75
1.25
3.75
1.875
0
0
0
0
0
0
0
0
0
0
2.5
0
