0.008464 0.002962 0.001332
-0.006334 -0.002812 0.000733
0.010676 0.003164 -0.000004
0.003155 0.000933 -0.003146
0.008126 0.002444 -0.002731
-0.000721 -0.003682 -0.000867
-0.005324 -0.003688 -0.004811
-0.005386 0.005871 0.000806
-0.009321 0.002464 -0.008351
0.006544 -0.001150 -0.002449
0.002107 -0.006549 0.007008
-0.015006 -0.001902 0.002289
-0.001882 -0.005666 0.009160
-0.004520 0.000264 -0.000250
0.004841 0.001238 -0.003922
0.003118 -0.002662 0.000112
0.011466 0.002599 0.001635
-0.001597 0.001219 0.001248
0.008185 0.005080 0.001508
0.003190 0.000754 -0.003388
0.008531 0.003030 -0.002840
-0.002783 -0.005041 -0.001374
-0.005417 -0.003135 -0.005185
-0.005291 0.006034 0.000647
0.000238 0.004498 -0.003465
0.004182 -0.001387 -0.002550
-0.001778 -0.002225 0.004871
-0.006115 -0.002360 0.002612
-0.001751 -0.005876 0.009513
-0.006868 0.000381 -0.000664
0.004429 0.001837 -0.003697
0.003019 -0.001739 0.000781
0.008346 0.002221 0.001153
-0.000412 0.002442 0.005598
0.049535 -0.038738 -0.001789
-0.566516 0.006862 -0.011124
0.055428 -0.053146 -0.004526
0.049227 -0.000767 0.059953
0.006195 -0.006549 0.000046
0.040007 0.006285 -0.052405
0.003335 0.004497 -0.002675
0.005274 -0.001470 -0.002103
0.002710 0.002489 0.007737
-0.004379 -0.001995 0.003026
-0.003584 -0.006172 0.011053
-0.005730 0.000406 -0.000504
0.004260 0.001571 -0.005001
0.002765 -0.000979 0.000686
0.010112 0.002423 0.001194
-0.006621 -0.002753 0.001682
0.010475 0.005048 0.000134
0.000591 0.000723 -0.003475
0.008295 0.003148 -0.002478
-0.001164 -0.003819 -0.001448
-0.004102 -0.001880 -0.004692
-0.005525 0.005887 0.001475
-0.008265 0.000638 -0.007898
0.005645 -0.001137 -0.002813
-0.004440 -0.001754 0.002989
-0.005095 -0.002596 0.002188
-0.001484 -0.005330 0.009724
-0.005136 0.000158 -0.000409
0.003248 0.001471 -0.005068
0.003116 -0.003131 0.002230
0.004889 0.002299 0.000159
-0.006575 -0.001057 0.000893
0.010631 0.004120 -0.000169
0.002591 0.000702 -0.003153
0.006597 0.003064 -0.004462
-0.003419 -0.001375 -0.001115
0.006157 -0.006743 0.000414
-0.005161 0.005627 0.000111
-0.009058 0.001925 -0.007982
0.005085 -0.001937 0.001010
-0.004034 -0.002382 0.003709
-0.006617 -0.002766 0.002710
-0.001824 -0.006251 0.009331
-0.004702 0.000859 -0.000961
0.002882 0.001186 -0.004517
0.003211 -0.001825 0.000972
0.011286 0.002476 0.000982
-0.006238 -0.001880 0.001288
0.008138 0.005163 -0.001651
0.002755 0.000266 -0.003320
0.008831 0.002624 -0.002745
-0.002077 -0.003002 -0.000977
-0.004095 -0.002228 -0.005129
-0.006659 0.004967 0.001262
-0.008938 0.000630 -0.007163
0.005946 -0.001718 -0.002318
-0.004952 -0.002273 0.004096
-0.006328 -0.002352 0.002025
0.029818 0.035756 0.009899
-0.006241 0.002229 -0.002189
0.010405 -0.002819 -0.009060
0.030540 -0.002406 0.001407
0.010008 0.002338 0.001174
-0.000206 0.001778 -0.003519
0.010605 0.004854 0.000116
0.002479 0.000571 -0.003445
0.009180 0.003357 -0.002825
-0.000787 -0.003274 0.000331
-0.005666 -0.001666 -0.003380
-0.005246 0.005848 -0.000454
-0.009496 0.000013 -0.006131
0.005894 -0.000819 -0.002377
-0.004417 -0.002984 0.003276
-0.016547 -0.002195 0.003032
-0.003511 -0.006458 0.007713
-0.005071 0.000629 -0.000791
0.007519 0.001089 -0.005870
0.002594 -0.000617 0.001877
0.004436 0.002157 0.003253
-0.005172 -0.002808 0.001299
0.009390 0.004811 -0.000281
0.003456 0.000970 -0.003578
0.006723 0.002953 -0.001459
-0.002526 -0.003055 -0.001100
-0.005079 -0.002065 -0.004048
-0.006952 0.007287 0.001007
-0.007878 0.000311 -0.008011
0.004110 -0.000838 -0.002330
-0.003268 -0.002255 0.003477
-0.006165 -0.002279 0.001955
-0.001602 -0.004992 0.009272
-0.006988 0.000176 -0.000508
0.010297 0.006537 -0.008880
0.003236 -0.001695 0.000759
-0.013033 -0.003304 0.002982
0.004316 -0.002657 0.002413
-0.001956 0.001094 0.002414
-0.003387 0.003963 0.002124
-0.005562 0.004420 -0.001743
-0.001475 -0.001827 -0.000760
0.004208 -0.001360 -0.004524
0.003870 0.000884 -0.000402
0.009666 0.005230 0.001853
-0.000432 -0.006020 -0.005223
0.001482 0.004898 0.005567
-0.021666 -0.003872 -0.005098
0.003849 0.004180 0.010366
0.003598 -0.011576 -0.009476
0.019095 0.000808 -0.000026
-0.002558 -0.002324 0.007733
-0.012439 -0.001329 0.003001
0.002823 -0.001242 0.002066
-0.001978 0.000788 0.001911
-0.003134 0.003882 0.002109
-0.003476 0.006245 -0.002387
0.003537 -0.001087 -0.001930
0.002596 -0.001423 -0.005974
0.002585 0.000644 -0.000131
0.008922 0.004536 0.001496
0.005194 -0.001870 -0.009796
0.002249 0.002986 0.004855
-0.009607 -0.016731 -0.004218
0.001499 0.004804 0.011272
0.003980 -0.010296 -0.006026
0.019074 0.002842 0.001430
-0.007227 0.001645 0.008391
-0.002302 -0.005549 -0.001410
0.024896 -0.002700 -0.025383
-0.003579 0.000808 0.002261
0.011030 0.004246 -0.012950
-0.005819 0.008254 -0.002192
-0.000542 -0.002267 -0.000687
0.039645 0.043998 -0.004410
0.034142 0.001516 -0.000510
0.007514 0.006993 0.001533
-0.003143 -0.005387 -0.008634
0.013595 0.007675 0.000354
-0.002410 -0.003750 -0.024183
-0.000821 0.004798 0.013273
-0.003632 -0.008123 -0.009260
0.017392 0.000550 0.000401
-0.007505 -0.000170 0.007864
-0.012297 -0.001422 0.002672
0.004360 -0.002678 0.002312
-0.001775 0.001200 0.002423
-0.003808 0.003371 0.003339
-0.003487 0.006199 -0.001644
0.006735 -0.001183 -0.000989
0.004135 -0.001549 -0.004523
0.003024 0.000372 -0.000375
0.008893 0.004369 0.001950
-0.001641 -0.005884 -0.005591
0.002511 0.003174 0.005420
-0.021871 -0.004358 -0.004733
0.002639 0.004424 0.010410
-0.001096 -0.006503 -0.009332
0.018433 0.000870 -0.000219
-0.006692 0.001024 0.007774
-0.012603 -0.001350 0.001866
0.003112 -0.004033 0.001448
-0.003743 0.001621 0.001763
-0.003225 0.003645 0.002632
0.020819 0.006602 0.029688
0.005126 -0.001305 -0.001032
0.004390 -0.000970 -0.004212
0.002660 -0.000321 0.000413
0.013601 0.008437 0.005457
0.005772 -0.010481 -0.010601
0.002596 0.002840 0.005349
-0.001930 0.015290 -0.005021
0.001367 0.004178 0.010679
-0.001423 -0.006536 -0.009764
0.016640 0.000655 0.000323
0.000153 -0.004051 0.002939
-0.012984 -0.002841 0.003097
0.005022 -0.002630 0.001084
-0.003923 0.001204 0.002475
0.010748 0.018510 0.002986
-0.003790 0.006086 -0.002624
0.003556 -0.001116 -0.000781
0.003080 -0.001479 -0.003104
0.002956 0.000650 -0.000576
0.008689 0.004340 0.002114
-0.001899 -0.005580 -0.005658
0.010889 0.007256 0.001541
-0.021760 -0.004690 -0.005085
0.007537 0.009130 0.015357
0.004374 -0.010617 -0.014079
0.016433 0.000982 -0.000323
-0.007271 0.001795 0.007259
-0.013153 -0.000834 0.001428
0.004387 -0.002339 -0.000187
-0.002108 0.000952 0.002124
0.010701 0.004001 0.017801
-0.003573 0.006448 -0.001762
0.006409 -0.001186 -0.000746
0.004147 -0.001553 -0.004392
0.004250 0.000232 -0.000506
0.009978 0.005096 0.002083
0.002800 -0.005805 -0.009856
0.001441 0.002741 0.003841
-0.001920 -0.004222 0.015144
0.005427 0.004642 0.015240
0.000273 -0.007035 -0.009105
0.018430 0.000481 -0.000103
-0.005748 0.001507 0.007626
-0.002267 -0.006490 -0.001028
0.004827 -0.002653 0.001644
-0.001467 -0.001513 -0.001728
0.010634 -0.011498 0.003229
-0.003465 0.006237 -0.000103
0.005306 -0.001341 -0.000785
0.004361 -0.001286 -0.004413
0.002837 0.000227 -0.000747
0.013616 0.008289 -0.001786
-0.001691 -0.006168 -0.005578
0.001715 0.004173 0.005580
-0.020804 -0.004157 -0.005616
0.008610 0.000265 0.014957
-0.000512 -0.006612 -0.009302
0.018584 0.001138 0.000027
-0.000619 -0.003719 0.012246
