2176.0000 0.05 1
1.875
3.75
6.25
6.25
7.5
16.25
8.75
6.25
17.5
16.25
14.375
16.25
25
16.25
6.25
31.25
23.125
18.125
28.75
10
10
13.125
10
10
16.25
20
25
30
37.5
19.375
23.75
27.5
13.75
26.875
20.625
29.375
21.25
41.25
44.375
30.625
37.5
55
48.75
45.625
41.875
67.5
54.375
48.125
85.625
92.5
98.75
125.625
136.25
135
137.5
156.25
179.375
153.75
156.875
199.375
177.5
175.625
233.75
251.875
268.125
236.25
234.375
281.875
292.5
311.25
296.25
320
302.5
315
321.25
340.625
338.75
363.75
315.625
357.5
370.625
362.5
331.875
359.375
335.625
378.75
311.875
293.125
303.125
286.875
274.375
254.375
232.5
251.25
250
300
206.25
248.125
313.125
293.75
321.25
306.875
309.375
298.75
253.125
290
312.5
296.875
327.5
269.375
281.25
303.75
271.875
323.125
289.375
316.875
249.375
296.25
351.875
320.625
312.5
316.25
328.75
364.375
340
380
401.875
377.5
393.125
392.5
393.75
432.5
450.625
470.625
455
438.125
451.875
440.625
450
413.75
406.875
427.5
382.5
356.25
318.75
351.875
326.25
313.125
317.5
328.75
301.875
278.125
216.25
255
252.5
303.125
276.25
248.75
272.5
224.375
319.375
287.5
328.125
303.125
300.625
291.25
290.625
291.25
351.25
290
325
351.875
374.375
351.25
264.375
287.5
215
284.375
346.875
266.25
263.125
268.125
258.75
234.375
248.125
248.125
264.375
328.125
238.125
225.625
239.375
223.75
182.5
246.25
256.25
278.75
258.125
309.375
251.25
262.5
257.5
206.25
204.375
266.875
256.25
325
345.625
342.5
354.375
275.625
366.25
293.75
516.875
534.375
509.375
425
364.375
264.375
230.625
204.375
163.75
120
61.25
33.125
10
4.375
1.25
3.75
1.25
0
0
0
0
0
0
0
0
0
0
2.5
0
