-0.011014 -0.031835 -0.000529
-0.005504 -0.000388 0.001607
0.021361 0.003994 0.000203
-0.001999 0.004691 -0.003254
-0.011929 0.021761 -0.002395
-0.000310 -0.004692 -0.000433
-0.009694 0.002091 -0.006828
-0.004426 0.004398 -0.000006
-0.008412 0.000620 -0.008064
0.000118 -0.005599 0.000661
-0.002534 -0.000749 0.003947
-0.006372 -0.002448 0.002382
-0.002345 -0.005373 0.009573
-0.005469 0.000329 -0.001407
0.005305 0.002110 -0.005058
0.003470 -0.001899 0.000497
0.010888 0.002964 0.001131
-0.006528 -0.001350 0.001245
0.010102 0.003994 0.000235
0.003040 -0.000509 -0.003818
0.007265 0.002588 -0.002305
-0.000653 -0.004960 -0.000360
-0.005034 -0.001960 -0.003389
-0.005462 0.005874 0.000263
-0.006055 -0.001129 -0.008492
0.004514 -0.000990 -0.003523
-0.003430 -0.002842 0.003170
-0.005856 -0.003125 0.002118
-0.000900 -0.005348 0.009395
-0.005750 0.000361 -0.000606
0.005068 0.000943 -0.004907
0.002245 -0.000219 0.000911
0.010303 0.002647 0.001378
-0.005436 -0.002136 0.001775
0.006659 0.004208 0.000712
0.005057 0.001141 -0.003749
-0.012037 -0.017212 -0.002584
-0.013080 -0.008857 0.005643
-0.009969 -0.006396 -0.007703
-0.016637 0.000644 -0.005488
-0.044676 0.001180 0.034372
0.000018 0.003428 0.001261
-0.014000 0.002369 -0.000877
-0.029110 0.032935 0.001079
0.003949 -0.005560 0.010090
-0.032963 -0.000261 0.033536
-0.004057 0.004664 -0.000912
-0.001944 -0.004419 -0.003823
0.010960 0.003195 0.001368
-0.005336 -0.000765 0.001042
0.009991 0.003852 -0.000237
0.002645 -0.000403 -0.003518
0.007712 0.003050 -0.002718
-0.000983 -0.003717 -0.000458
-0.003810 -0.002493 -0.004522
-0.005198 0.006045 0.000320
-0.008256 0.000715 -0.008318
0.006268 -0.000580 -0.003646
-0.003510 -0.002600 0.004424
-0.005661 -0.003389 0.002078
-0.002284 -0.005349 0.009421
-0.005193 0.000150 -0.001642
0.003638 0.001550 -0.005465
0.003404 -0.001489 0.000703
0.012267 0.002769 0.002402
-0.033544 -0.000708 0.001245
0.010367 0.003966 0.000373
-0.002793 0.004616 0.000296
-0.006457 0.002268 0.012025
-0.009364 -0.006563 0.003682
-0.004067 -0.002020 -0.005122
-0.004736 0.006311 -0.001608
-0.006415 0.002212 -0.008696
0.008419 -0.001180 -0.001797
-0.003804 -0.002418 0.004543
-0.004303 -0.002949 0.003165
-0.000801 -0.005278 0.009504
-0.005556 0.000366 -0.000647
0.004857 0.001841 -0.004284
0.003515 -0.000959 0.000880
0.010494 0.002370 0.001720
-0.005816 -0.001387 0.001349
0.010273 0.003011 0.000746
0.003168 -0.001113 -0.002401
0.007465 0.002521 -0.003445
-0.002304 -0.003103 -0.000839
-0.003957 -0.002143 -0.004085
-0.004282 0.003764 0.000150
-0.008622 0.000975 -0.007979
0.005648 -0.001202 -0.003627
-0.010475 0.000643 0.001427
-0.005981 -0.002545 0.002730
0.001052 -0.005582 0.009492
-0.002880 0.001693 -0.001459
0.004782 0.002656 -0.005295
0.003471 -0.001938 0.000371
0.011212 0.002969 0.001147
-0.005085 -0.001827 0.000950
0.021032 0.003805 -0.002169
0.001303 -0.000011 -0.002984
0.007250 0.002493 -0.002828
-0.000220 -0.004101 0.000657
-0.003621 -0.002220 -0.004966
-0.004411 0.005836 -0.001504
-0.008883 0.000528 -0.006115
0.006455 -0.001168 -0.003251
-0.002571 -0.002455 0.002586
-0.006555 -0.002984 0.003145
0.003664 -0.005453 0.011503
-0.005724 0.000583 0.000304
0.005252 0.000430 -0.004488
-0.002222 -0.005092 0.005523
0.012377 0.003447 -0.000122
-0.005981 -0.001414 0.001029
0.009096 0.005685 0.000500
-0.002033 0.003138 -0.006424
-0.011913 0.002341 -0.021391
-0.001634 -0.002338 0.000240
-0.009270 -0.002414 -0.008275
-0.011138 0.003320 -0.002565
-0.008575 0.000424 -0.007829
0.002068 -0.000875 0.001107
-0.002864 -0.000631 0.004651
-0.004171 -0.003681 0.001017
0.000239 -0.004907 0.009529
-0.003592 -0.000689 -0.001509
-0.007286 0.006271 0.000380
-0.000863 -0.004566 0.000528
-0.017816 0.003032 0.005450
0.003852 -0.002576 0.001053
-0.007136 -0.001759 -0.000974
-0.003409 0.003924 0.002001
-0.008157 0.005573 -0.000885
0.003035 -0.004285 -0.000804
0.003669 -0.000956 -0.004239
0.002272 -0.000657 -0.000304
0.014731 0.005353 0.001909
-0.000010 -0.006728 -0.006178
0.003372 0.003183 0.005557
-0.022437 -0.004943 -0.005330
0.003509 0.004610 0.011258
-0.001900 -0.007435 -0.009514
0.018162 0.000629 0.001138
-0.024495 -0.017623 0.007871
-0.012330 -0.001484 0.001837
0.005468 -0.002724 0.001153
-0.002145 0.001120 0.003631
-0.003554 0.002801 0.002545
-0.004445 0.005606 -0.001708
0.001445 -0.005474 0.001648
0.004895 0.000388 -0.003744
0.002857 0.000352 -0.000001
0.011030 0.005383 0.001861
-0.001664 -0.005250 -0.006396
0.002450 0.003414 0.005862
-0.023340 -0.003480 -0.005242
0.001867 0.005118 0.011634
-0.001313 -0.007230 -0.009609
0.019108 0.002151 0.001092
-0.007570 0.000475 0.007708
-0.017958 -0.006119 0.005988
0.004842 -0.002379 0.001626
-0.007335 0.004287 -0.001601
-0.008270 0.006933 -0.001574
-0.002476 0.007170 -0.001453
0.009903 -0.002138 -0.001192
-0.024051 -0.001305 -0.005823
-0.016368 -0.027261 0.000757
0.015124 0.005594 0.001902
-0.005168 -0.005120 -0.006071
-0.018467 0.004266 -0.024006
-0.020265 -0.005063 -0.004206
-0.001633 0.006818 0.011903
0.483307 -0.006513 -0.035768
0.006647 -0.000195 -0.020340
-0.024815 0.018543 0.007775
-0.011724 -0.002102 0.002153
0.004099 -0.002932 0.000980
-0.001688 0.001140 0.003490
-0.003531 0.003328 0.002614
-0.002345 0.005967 -0.001086
0.006519 0.000142 -0.001168
0.003809 -0.000858 -0.004521
0.003330 0.001033 -0.000149
0.008640 0.005900 0.001450
-0.001954 -0.006418 -0.005710
0.002756 0.003070 0.006480
-0.022593 -0.004305 -0.004678
0.002283 0.003692 0.010922
0.000507 -0.007442 -0.009726
0.018444 0.000720 0.001399
-0.007536 -0.000524 0.007553
-0.019814 -0.001401 0.009268
0.000485 -0.004762 0.001122
-0.001242 0.001608 0.003925
-0.004908 0.002498 0.002737
-0.002429 0.006056 -0.001270
0.006778 -0.000062 -0.001202
0.004663 -0.002446 -0.003856
0.006552 0.001665 -0.002634
0.011243 0.005553 0.002078
-0.000595 -0.005595 -0.005836
0.002691 0.002629 0.005889
-0.040924 0.021361 -0.004252
0.001960 0.004638 0.012164
-0.001435 -0.008042 -0.009623
0.018676 0.000007 0.001223
-0.030019 0.000151 -0.015051
-0.013527 -0.001415 0.002071
0.003870 -0.002037 0.000862
-0.002937 0.001242 0.003548
-0.006746 0.005403 0.002317
-0.004302 0.006311 -0.001649
0.002171 -0.003991 -0.003561
0.004955 -0.000417 -0.005320
0.003138 0.001067 -0.000553
0.011343 0.005322 0.001877
-0.001554 -0.006089 -0.006309
0.004189 0.001817 0.006554
-0.022195 -0.004596 -0.005037
0.001408 0.004542 0.011529
-0.001456 -0.007916 -0.009806
0.018085 0.000819 0.000311
-0.007086 0.000235 0.008305
-0.011463 -0.001532 0.002730
0.004244 -0.002412 0.001531
-0.001831 0.001398 0.002824
-0.008624 0.008038 0.006205
-0.004686 0.006868 -0.000901
0.005341 -0.000793 -0.000622
0.003474 -0.000559 -0.005309
0.003786 0.000636 -0.000223
0.008920 0.005461 0.001564
0.000087 -0.005564 -0.006228
0.002163 0.002976 0.004434
-0.019390 -0.005095 -0.007444
0.002951 0.004787 0.011634
-0.001096 -0.007610 -0.009656
0.018080 0.000823 -0.000089
-0.007909 0.000979 0.007302
-0.010030 -0.001323 0.002710
0.005979 -0.002601 0.000741
0.000408 0.001470 0.000694
-0.002625 0.004343 0.001900
-0.004041 0.006560 -0.002056
0.007116 0.000537 -0.000283
0.004779 -0.001589 -0.005147
0.005118 0.001443 0.000346
0.010730 0.005424 0.002309
-0.001120 -0.006075 -0.006758
0.003690 0.003851 0.006880
-0.022432 -0.004546 -0.004894
0.002590 0.004242 0.011624
-0.000396 -0.006710 -0.010212
0.018016 0.000789 0.000389
-0.026024 0.000400 0.027285
