-0.004810 0.021033 0.012282
-0.018537 0.001337 0.000825
-0.005022 0.026488 0.000516
0.011725 0.008026 -0.002651
-0.002498 0.018751 -0.006261
-0.008340 0.001531 -0.001897
-0.001588 0.003002 0.004390
-0.000527 -0.015157 -0.003015
-0.004621 -0.012583 0.000084
-0.009778 -0.005124 -0.001388
0.010908 -0.005892 0.000236
-0.010704 -0.007162 -0.003458
0.004942 -0.007342 0.003251
0.001752 -0.018750 -0.000306
-0.000283 0.000425 0.001894
0.013203 -0.010436 0.003744
-0.001456 0.011021 0.012356
-0.006631 0.001733 0.000319
0.001678 0.018939 -0.000386
0.009292 0.008591 -0.003246
-0.003934 0.011252 -0.005309
-0.009094 -0.000125 -0.003053
-0.001469 0.002241 0.003704
0.000292 -0.015054 -0.002143
-0.002068 -0.011917 -0.003715
-0.011807 -0.005971 -0.001871
0.010620 -0.006550 0.000941
-0.008403 -0.007069 -0.004898
0.004024 -0.007619 0.003354
0.002589 -0.018869 -0.001214
-0.004052 0.000263 0.001503
0.013681 -0.011789 0.003220
-0.001247 0.010789 0.011882
-0.005985 0.001788 0.000879
-0.001770 0.018828 0.001503
0.010236 0.008831 -0.003138
0.001416 0.015604 -0.006106
-0.006313 -0.000806 -0.002338
-0.017025 0.003944 0.007908
0.002186 -0.016842 -0.002891
-0.012241 -0.011453 -0.001730
-0.011062 -0.005135 -0.001432
0.010777 -0.006274 0.000640
-0.012370 -0.002638 -0.007273
0.005702 -0.007311 0.003177
0.002730 -0.019422 -0.000515
-0.003839 0.001763 -0.000702
0.014229 -0.011630 0.001873
-0.006803 0.011576 0.008918
-0.006145 -0.000040 0.001238
-0.002638 0.015315 0.000873
0.013643 0.009137 0.000365
-0.001498 0.015853 -0.005678
-0.008433 0.001539 -0.002442
0.000786 0.003535 0.004660
0.001266 -0.015524 -0.001040
-0.002747 -0.010989 -0.002318
-0.008526 -0.003603 -0.001158
0.012112 -0.005670 0.002257
-0.009607 -0.006535 -0.002005
0.002400 -0.010473 0.006493
0.000949 -0.023067 -0.004835
-0.003204 0.000723 0.001116
0.014510 -0.011593 0.002780
0.000703 0.013056 0.011985
-0.009330 0.001482 0.000321
-0.000620 0.018697 0.000595
0.010734 0.008447 -0.003215
-0.003059 0.019825 -0.004514
-0.010332 0.002710 -0.002123
-0.001110 0.003004 0.004607
0.000835 -0.016052 -0.001863
-0.003957 -0.011336 -0.001295
-0.012743 -0.005775 -0.001660
0.011014 -0.006132 0.000105
-0.010039 -0.005443 -0.004186
0.006235 -0.008544 0.003863
0.003493 -0.019514 -0.000507
0.003326 0.000454 0.003063
0.013163 -0.010401 0.001066
0.000008 0.010517 0.011910
-0.009868 0.001751 0.000532
-0.001342 0.019353 0.000459
0.010620 0.008481 -0.002734
-0.001406 0.014966 -0.005947
-0.011582 -0.001906 -0.008974
0.001181 0.003000 0.001198
0.000480 -0.014275 -0.002935
-0.003198 -0.012504 -0.001296
-0.011065 -0.004678 -0.002691
0.012718 -0.008648 -0.001990
-0.008671 -0.004729 -0.001140
0.005806 -0.006995 0.002020
0.004577 -0.021430 0.000803
-0.003008 0.000234 0.001849
0.013357 -0.011708 0.003422
-0.006152 0.000858 0.011352
-0.018463 0.002322 0.000592
-0.011699 0.018227 0.000105
-0.005343 0.006282 -0.003925
-0.000827 0.015450 -0.006739
-0.008070 -0.001558 0.002023
0.000893 0.002964 0.006692
-0.002232 -0.018947 -0.005567
-0.004482 -0.007951 0.001146
-0.060803 0.025207 -0.072284
0.002924 -0.017508 0.016839
-0.017604 0.004571 -0.020015
-0.003282 -0.007837 0.002214
-0.005661 -0.030552 -0.017388
-0.004584 0.000693 0.002357
0.013644 -0.011643 0.003445
-0.006750 0.012973 0.016883
-0.006710 -0.000116 -0.000249
-0.000661 0.014725 -0.002085
0.012316 0.008353 -0.005485
-0.011232 0.017176 -0.004044
-0.019171 -0.000044 -0.002299
-0.000351 0.003096 0.004136
-0.006846 -0.015208 -0.001861
-0.000278 -0.010876 -0.001015
-0.011613 -0.004997 -0.001483
0.009162 -0.009674 0.004592
-0.010254 -0.006116 -0.003633
0.004184 -0.006881 0.003561
0.003620 -0.019005 -0.001981
-0.003617 -0.000644 0.002531
0.015707 -0.012559 -0.000946
-0.001016 0.002942 -0.005514
0.007561 0.006028 -0.002440
-0.011394 0.010683 0.002305
0.008321 0.023127 -0.001682
-0.000508 -0.002285 -0.000252
0.001639 0.004689 -0.010014
-0.008951 -0.001522 0.000227
0.004409 0.004714 0.000146
-0.000385 0.007368 -0.001821
0.020216 -0.012597 0.001710
-0.008296 0.010664 0.002059
-0.005428 -0.000527 -0.000221
0.011764 -0.005666 0.000649
-0.004260 -0.006188 0.004930
0.008576 -0.005538 0.006381
-0.007377 -0.010342 -0.000108
-0.001328 0.003450 -0.005027
0.001249 0.007006 -0.008124
-0.009910 0.010537 0.003726
0.006669 0.024283 -0.001044
0.005221 -0.003172 0.000782
0.000522 0.002230 -0.010006
-0.008783 -0.000978 0.000602
-0.001370 0.006281 -0.000603
0.000051 0.008249 -0.001285
0.017582 -0.010941 0.003082
-0.009751 0.011489 0.001895
-0.005102 -0.001116 0.000454
0.011413 -0.006256 0.002870
-0.003603 -0.006661 0.004251
0.009460 -0.010602 0.001831
-0.017406 -0.012724 0.001261
0.002356 0.002900 -0.004813
0.003387 0.008389 0.000280
-0.009888 0.010471 0.001616
0.008237 0.023617 -0.000536
-0.000554 -0.002715 -0.001052
0.002448 0.001098 -0.009338
-0.041290 -0.003947 0.001080
0.003368 0.006238 -0.000023
-0.012324 0.008274 -0.002808
0.018078 -0.010537 0.002823
-0.009541 0.011197 0.002204
-0.002141 -0.003219 0.000773
0.004339 -0.005576 0.001828
-0.003907 -0.005562 0.004672
0.009156 -0.009187 0.002708
-0.016621 -0.010817 0.003252
0.001839 0.004220 -0.004991
0.006081 0.009110 -0.002167
-0.008908 0.011153 0.003802
0.005532 0.022850 -0.002461
-0.000474 -0.004020 -0.001229
0.002890 0.004680 -0.009525
-0.008618 0.000403 0.000295
0.004405 0.007576 0.000090
-0.003407 0.003524 -0.001751
0.019260 -0.012333 0.004193
-0.008833 0.009724 0.001355
-0.004202 -0.000272 0.000168
0.013501 -0.005341 0.000824
-0.003533 -0.005728 0.003776
0.010063 -0.008053 0.000155
-0.015371 -0.011513 0.001934
0.000814 0.001703 -0.005081
0.003201 -0.003204 -0.002558
-0.011863 0.010699 0.001934
0.007009 0.023736 -0.001339
0.005230 -0.001731 -0.000395
-0.002813 0.003861 -0.010011
-0.007425 -0.003914 0.000684
0.002633 0.005073 -0.000594
-0.000059 0.008176 -0.001834
0.017830 -0.011668 0.002766
-0.008112 0.009954 0.002307
-0.005379 -0.000344 0.000755
0.010229 -0.005104 -0.001884
-0.002371 -0.005779 0.003215
0.011458 -0.010499 0.003650
-0.013335 -0.011798 0.001190
-0.003321 0.004162 -0.003291
0.001627 0.019968 -0.002636
-0.010503 0.010776 0.002917
0.005879 0.022933 -0.001862
-0.000914 -0.002659 -0.000219
0.001453 0.002823 -0.009636
-0.009126 -0.001405 0.001268
0.002516 0.005900 -0.000577
-0.003142 0.009558 0.003423
0.017213 -0.011696 0.003694
-0.007192 0.009434 0.001945
-0.004475 -0.001199 -0.001907
0.010039 -0.002971 -0.003329
-0.002593 -0.004782 0.006268
0.009619 -0.009988 0.001932
-0.016769 -0.012257 0.000992
-0.002878 0.004397 -0.006687
0.008990 0.007976 -0.002244
-0.026058 -0.032731 0.003560
-0.007118 0.062054 -0.000922
0.558169 -0.006106 0.015668
-0.036407 -0.017329 -0.008209
-0.007228 -0.003395 0.000969
-0.055603 0.032726 0.002564
-0.000656 0.009691 -0.006079
0.019696 -0.011150 0.002892
-0.016813 0.009410 0.001566
-0.057348 -0.027571 -0.056562
0.012315 -0.006250 0.000592
-0.057368 0.021789 0.064054
0.009143 -0.009837 0.001845
-0.016309 -0.011803 0.000637
0.001332 0.004291 -0.005429
0.006310 0.009304 -0.002966
-0.008820 0.011400 0.001598
0.005863 0.022743 -0.000796
0.000647 -0.003832 0.000423
0.001481 0.005008 -0.010231
-0.036780 0.000073 -0.000080
0.003533 0.008114 -0.000386
0.002352 0.008174 -0.001249
-0.030608 -0.037776 0.055409
-0.008751 0.009652 0.001459
-0.005436 -0.001075 -0.000167
0.013650 -0.004368 -0.000542
-0.000852 -0.003585 0.004653
0.003380 -0.001686 0.017778
-0.017557 -0.013432 -0.000032
