272.0000 0.05 1
0.408163
0.272109
0.816327
0.816327
2.44898
0.544218
0.544218
1.90476
2.58503
0
2.17687
2.9932
1.63265
1.36054
2.44898
2.72109
1.63265
1.08844
3.67347
1.63265
1.90476
2.72109
3.53741
4.89796
0.816327
3.26531
2.44898
2.44898
4.62585
1.90476
3.12925
1.63265
4.08163
1.63265
2.72109
3.80952
2.44898
4.35374
2.9932
3.26531
6.80272
2.85714
4.08163
8.16327
6.80272
8.43537
10.068
6.39456
10.4762
7.61905
13.0612
15.7823
17.0068
23.8095
20.5442
17.551
19.5918
15.2381
19.8639
28.0272
27.7551
30.6122
28.4354
27.483
26.9388
32.6531
24.6259
31.1565
28.9796
45.5782
42.0408
36.8707
38.3673
39.7279
42.1769
45.1701
38.7755
43.5374
35.7823
35.7823
39.5918
34.8299
39.1837
38.7755
37.8231
35.2381
37.0068
34.5578
27.3469
33.6054
38.3673
41.9048
35.2381
42.0408
45.9864
34.8299
40.2721
34.1497
34.2857
42.449
38.3673
40.2721
47.483
41.3605
39.4558
42.7211
40.4082
45.1701
41.9048
51.1565
40.6803
38.7755
34.8299
26.9388
24.3537
20.9524
21.0884
19.3197
36.1905
41.3605
46.5306
55.9184
50.2041
51.2925
51.4286
49.6599
53.8776
44.0816
51.7007
47.8912
42.7211
43.6735
43.4014
49.2517
44.7619
41.4966
57.551
49.5238
55.9184
54.0136
51.8367
49.6599
53.3333
51.0204
42.7211
47.7551
47.0748
45.4422
53.1973
46.2585
51.4286
53.3333
53.3333
51.5646
41.7687
49.7959
45.9864
33.4694
22.3129
38.9116
30.2041
35.6463
39.4558
34.2857
24.6259
32.381
30.4762
33.7415
27.0748
35.6463
29.2517
25.4422
26.6667
31.2925
34.1497
23.8095
25.7143
20.6803
21.4966
20.4082
25.7143
41.4966
28.0272
19.7279
23.8095
31.9728
21.7687
21.4966
25.034
23.9456
26.3946
28.2993
30.2041
28.0272
28.4354
24.0816
30.8844
34.1497
41.7687
37.8231
37.6871
42.585
38.9116
51.1565
34.2857
41.7687
41.0884
55.9184
48.4354
46.5306
57.551
55.5102
62.8571
58.6395
65.7143
70.3401
70.8844
67.8912
55.102
44.6259
34.1497
44.6259
17.8231
9.52381
18.2313
7.61905
7.89116
8.16327
10.6122
10.6122
7.89116
12.2449
11.9728
9.52381
8.70748
6.53061
8.70748
4.62585
8.02721
8.97959
10.2041
8.16327
9.79592
10.3401
13.6054
4.89796
1.90476
4.62585
9.52381
5.98639
13.3333
5.98639
10.6122
11.1565
7.89116
10.3401
16.3265
5.30612
7.61905
6.66667
11.8367
5.57823
6.93878
9.52381
6.53061
7.07483
4.7619
8.97959
11.5646
6.80272
8.43537
4.89796
8.43537
4.89796
6.53061
6.80272
7.89116
9.2517
6.2585
13.3333
8.84354
4.89796
6.2585
8.43537
5.44218
4.08163
8.84354
5.71429
5.71429
7.07483
8.70748
8.16327
4.62585
10.068
9.38776
7.61905
10.3401
5.44218
5.71429
7.07483
9.79592
6.53061
5.44218
7.07483
7.34694
11.4286
9.79592
5.44218
5.44218
7.89116
8.43537
7.07483
8.70748
8.43537
5.44218
5.44218
7.61905
3.80952
6.80272
3.26531
5.71429
4.89796
7.07483
7.61905
7.34694
5.30612
5.30612
4.89796
5.03401
4.62585
3.26531
4.89796
3.53741
3.26531
5.17007
4.35374
5.44218
4.62585
3.26531
2.17687
2.9932
2.44898
4.89796
1.90476
0.952381
1.63265
3.80952
2.9932
2.44898
1.90476
2.31293
1.90476
4.08163
1.63265
0.272109
0.544218
2.44898
0.816327
1.08844
1.08844
0
1.36054
1.08844
0.816327
0.816327
0.272109
1.63265
0.952381
0.544218
0.272109
1.08844
0.816327
1.90476
0.544218
0
0.544218
0
0
0.544218
0
0.544218
0.544218
0
0.544218
0
0.272109
0
0
0
0
0
0
0
0.272109
0
0
0
0
0
0.544218
0
