0.005165 0.000543 0.006961
-0.000860 0.007416 -0.009997
-0.010407 -0.008997 -0.004574
-0.008510 -0.012377 0.002951
0.003485 0.008728 -0.000499
0.017465 0.011370 -0.011309
0.017465 0.011370 0.011309
0.003485 0.008728 0.000499
-0.000860 0.007416 0.009997
0.005165 0.000543 -0.006961
-0.001486 -0.007728 -0.003647
-0.002924 -0.001568 0.005825
-0.010407 -0.008997 0.004574
-0.008510 -0.012377 -0.002951
-0.002924 -0.001568 -0.005825
-0.001486 -0.007728 0.003647
0.002548 0.007994 0.001676
0.003484 0.001705 -0.003234
-0.010594 0.001715 0.007370
-0.008308 0.005121 -0.010806
0.005063 -0.001854 0.015109
0.010220 -0.004147 0.000105
0.010220 -0.004147 -0.000105
0.005063 -0.001854 -0.015109
0.003484 0.001705 0.003234
0.002548 0.007994 -0.001676
0.002582 -0.008411 -0.000104
-0.006924 0.000491 0.003612
-0.010594 0.001715 -0.007370
-0.008308 0.005121 0.010806
-0.006924 0.000491 -0.003612
0.002582 -0.008411 0.000104
