2176.0000 0.05 1
1.875
3.75
6.25
6.25
7.5
16.25
8.75
6.25
18.75
15
14.375
16.25
25
16.25
6.25
31.25
23.125
18.125
30
8.75
10
13.125
10
10
16.25
20
25
30
37.5
19.375
23.75
27.5
13.75
26.875
20.625
29.375
21.25
41.25
45
30
38.75
55
47.5
45.625
41.875
67.5
54.375
49.375
84.375
92.5
98.75
124.375
137.5
135
140
153.75
179.375
152.5
158.75
198.75
177.5
176.25
233.125
251.25
270
236.25
235.625
278.125
295
308.75
297.5
320
302.5
311.25
324.375
340
338.75
363.75
316.25
357.5
366.875
367.5
331.25
359.375
334.375
377.5
313.75
293.75
303.125
286.875
273.125
256.875
228.75
253.125
250.625
298.75
207.5
249.375
311.25
294.375
318.75
307.5
309.375
300.625
249.375
296.25
308.125
297.5
325
273.75
280
305
269.375
321.25
291.25
318.125
247.5
296.25
353.125
319.375
316.25
315
326.25
365.625
341.25
378.75
401.875
378.75
390
393.125
396.25
430.625
450
472.5
452.5
441.875
452.5
438.125
446.25
417.5
408.125
428.75
379.375
358.125
317.5
352.5
328.125
311.25
315.625
329.375
305
276.875
215
256.25
250
301.25
280.625
246.875
273.125
226.25
316.25
288.75
326.875
303.75
301.25
291.875
288.75
293.75
348.75
292.5
322.5
353.75
371.875
356.875
260.625
284.375
214.375
289.375
345.625
267.5
264.375
266.25
259.375
235
246.25
249.375
263.125
327.5
238.75
228.125
236.875
226.25
180
247.5
257.5
278.75
253.125
310
255
261.875
256.875
207.5
202.5
268.75
254.375
326.25
344.375
343.75
355.625
275
365
297.5
510
538.125
509.375
421.875
368.75
259.375
231.875
205
170
115.625
57.5
35
11.25
4.375
1.25
4.375
1.25
0
0
0
0
0
0
0
0
0
0
2.5
0
