0.010367 0.002252 0.000520
-0.005373 -0.000217 0.000517
0.010398 0.004121 0.000438
0.004277 0.001698 -0.001979
0.008880 0.004226 -0.002199
-0.017373 -0.018736 -0.000623
-0.005016 -0.001482 -0.005036
-0.004751 0.005446 -0.000701
-0.040948 -0.043695 -0.008928
0.005233 -0.001368 -0.002270
-0.024126 -0.002423 -0.013948
-0.010757 0.001036 -0.000235
-0.000377 -0.005307 0.009365
-0.011891 -0.003198 0.004070
0.005053 0.002475 -0.003605
0.002134 -0.001912 0.001380
0.010863 0.002001 0.001533
-0.015832 0.002655 0.005511
0.011907 0.003966 -0.000125
0.002223 0.000333 -0.003367
0.008968 0.002068 -0.004846
-0.015830 -0.002961 0.013368
-0.002563 -0.003407 -0.006583
-0.006020 0.005574 -0.000265
-0.006839 0.002139 -0.008893
0.006987 -0.000107 -0.001691
-0.004449 -0.002889 0.004457
-0.009579 -0.002507 -0.000380
-0.002803 -0.005178 0.009108
-0.006005 0.001489 -0.000695
0.004639 0.000999 -0.005121
0.002141 -0.002059 0.000945
-0.024079 0.002951 0.044918
-0.014921 0.003273 0.005218
0.009910 0.004017 -0.000222
0.004559 -0.000761 -0.001966
-0.001783 0.007791 -0.006998
-0.015853 0.010170 -0.000968
-0.038105 0.045813 -0.006311
-0.004684 0.006558 -0.000694
-0.008168 0.000138 -0.008108
-0.016553 -0.034093 -0.001774
-0.004417 -0.002436 0.004405
-0.012122 -0.005935 -0.000835
-0.002808 -0.005419 0.009528
-0.004692 0.001744 -0.000953
0.005066 0.000077 -0.003780
0.003255 -0.001753 0.000192
0.011302 0.002548 0.000179
-0.006026 -0.001501 0.000946
0.009397 0.004222 0.000117
0.002145 0.000162 -0.003640
0.008040 0.002329 -0.002390
-0.002066 -0.003770 -0.000419
-0.004202 -0.003119 -0.004964
-0.004951 0.004764 0.000917
-0.008600 0.001496 -0.007628
0.005592 -0.000462 -0.002245
-0.018296 -0.002134 0.018439
-0.005138 -0.003149 0.003488
-0.003245 -0.005807 0.009534
-0.011419 -0.003298 -0.004922
0.004329 0.002684 -0.006118
-0.022857 -0.003042 0.036694
0.011158 0.002620 0.001074
-0.004569 0.000728 0.000814
0.009641 0.003989 0.000315
0.002451 0.000721 -0.002616
0.007991 0.002632 -0.002537
-0.001887 -0.003385 0.000374
-0.004610 -0.002115 -0.004862
-0.005373 0.005695 0.000092
-0.008869 0.000321 -0.007549
0.004955 -0.001079 -0.002592
-0.004095 -0.001556 0.004472
-0.004971 -0.002431 0.002979
-0.001987 -0.005482 0.009417
-0.004704 0.000853 -0.000527
0.003556 0.001439 -0.005421
0.002322 -0.001737 0.000647
0.012955 0.003591 -0.000029
-0.004760 -0.002166 0.003244
0.010083 0.004019 -0.001237
-0.022192 0.001177 -0.038399
-0.000342 0.006191 -0.006318
-0.017112 -0.002482 -0.014879
-0.002040 -0.003268 -0.003315
-0.032664 0.006997 0.000180
-0.006352 0.002165 -0.006730
0.008064 0.000233 -0.003854
-0.018857 -0.016084 0.004646
-0.005389 -0.002556 0.002293
-0.001235 -0.005130 0.009813
-0.004872 0.000238 -0.000269
-0.024306 0.001736 -0.005098
0.004919 -0.000341 -0.000365
0.010708 0.002093 0.002139
-0.005390 -0.001712 0.002268
0.010453 0.004044 -0.000099
0.002165 0.001138 -0.003082
0.008864 0.002008 -0.004565
-0.001550 -0.003119 -0.000325
-0.004928 -0.002832 -0.004784
-0.004838 0.007147 0.001200
-0.007635 0.001563 -0.007872
0.005420 -0.000195 -0.002312
-0.004149 -0.002371 0.005003
-0.006260 -0.001571 0.003542
-0.000255 -0.005449 0.009299
-0.004640 0.001455 0.000023
0.005633 0.000112 -0.005759
0.002320 -0.001810 0.000064
0.012997 0.001206 -0.000039
-0.005780 -0.001564 0.001261
0.011022 0.004675 -0.000356
0.002389 0.000451 -0.002554
0.008930 0.004110 -0.002307
-0.002909 -0.002921 -0.001619
-0.004558 -0.002289 -0.005196
-0.006183 0.006184 0.000044
-0.008736 0.000411 -0.008174
0.004895 -0.001345 -0.001890
-0.023746 0.016001 0.004785
-0.006100 -0.002501 0.003191
-0.002422 -0.005347 0.009468
-0.011752 -0.005203 -0.000538
0.003616 0.001591 -0.005251
0.004496 -0.003222 0.000249
-0.011954 -0.000979 0.002835
0.006948 -0.002982 0.001444
-0.002294 0.000377 0.002595
-0.003604 0.003736 0.002994
-0.003936 0.006065 -0.001545
0.009107 -0.000850 -0.001367
-0.006721 -0.005620 -0.008918
-0.002175 -0.004299 0.003907
0.010704 0.005376 0.001933
0.004748 -0.007064 -0.005858
-0.002261 0.005892 0.001345
-0.021066 -0.005218 -0.004468
0.002646 0.004078 0.011225
-0.005271 -0.007913 -0.009783
0.003578 0.024273 0.000211
-0.005602 -0.001282 0.007347
-0.013685 -0.000806 0.002525
0.009440 -0.002732 0.003083
-0.003401 -0.000356 0.002422
-0.009986 0.003740 -0.002918
-0.003642 0.006570 -0.001479
0.006674 -0.000881 -0.001429
0.004064 -0.000380 -0.005734
-0.002575 0.000175 0.005578
0.009385 0.005676 0.001775
0.001296 -0.006065 -0.006192
0.001302 0.001895 0.004977
-0.039757 -0.004623 -0.037018
0.013967 0.004798 0.011570
-0.001192 -0.007392 -0.008994
0.019393 -0.000031 0.001384
-0.005948 0.000397 0.008614
-0.018097 -0.004900 -0.001401
0.007937 -0.003474 0.001206
-0.007886 0.004959 0.005459
-0.003485 0.004542 0.003039
0.503112 0.014707 -0.010029
0.005143 -0.001278 -0.001994
0.004881 -0.002586 -0.004108
-0.001995 0.004306 0.003234
0.005553 0.005031 0.002472
0.005510 -0.005649 -0.006211
0.003397 0.002306 0.005434
-0.020427 -0.002849 -0.003804
0.001874 0.004330 0.012267
0.000351 -0.007396 -0.009336
0.017820 0.001118 0.000066
-0.016065 -0.003633 0.012230
-0.011723 -0.000832 0.002549
0.005521 -0.002685 0.001204
-0.001958 0.000817 0.002594
-0.010331 -0.000319 -0.001283
-0.003104 0.006200 -0.001660
-0.000593 -0.001168 0.005113
0.004515 -0.000518 -0.006292
0.004127 0.000550 -0.000877
0.008778 0.005561 0.001638
-0.001492 -0.005737 -0.006435
-0.002508 0.005845 0.008612
-0.022487 -0.004154 -0.005098
0.003154 0.003798 0.012104
0.000521 -0.007816 -0.009581
0.017295 -0.000302 0.000210
-0.006379 0.000674 0.007990
-0.011946 -0.000527 0.002688
0.004134 -0.002569 0.000954
-0.002051 0.000331 0.002327
-0.003790 0.004083 0.003529
-0.003611 0.005949 -0.001329
0.006647 -0.001603 -0.002254
0.003677 -0.000733 -0.004400
0.003584 0.000500 -0.001316
0.009247 0.005497 0.002110
-0.000098 -0.005834 -0.005970
0.002933 0.001762 0.005155
-0.021990 -0.004395 -0.004365
0.001757 0.004965 0.011572
-0.001420 -0.007586 -0.009481
0.017993 0.000577 0.000063
-0.006318 0.000471 0.007675
-0.010255 -0.001772 0.002066
0.011571 -0.002819 0.001131
-0.000386 0.001337 0.002578
-0.002318 0.003957 0.001871
-0.003570 0.006276 -0.001446
-0.000547 -0.005292 0.002613
-0.004825 -0.004522 -0.008395
0.004502 0.000212 0.000130
0.009996 0.005675 0.001966
0.002338 -0.006186 -0.006681
0.004125 0.003161 0.004788
-0.022295 -0.004217 -0.005664
-0.001463 0.004525 0.012114
0.000499 -0.007493 -0.009528
0.020219 -0.000394 -0.001756
-0.016660 -0.004376 0.012591
-0.018542 -0.005175 0.006769
0.005321 -0.002365 0.001021
-0.007917 0.004330 -0.001110
-0.009464 0.007334 -0.000931
-0.003960 0.006674 -0.001762
0.006770 -0.001111 -0.002070
0.004070 -0.000591 -0.004588
0.004432 0.000584 -0.000958
0.011028 0.005839 0.002102
-0.001851 -0.006088 -0.006578
0.003332 0.002418 0.005218
-0.022648 -0.004233 -0.005482
0.002112 0.004952 0.011889
-0.001721 -0.007977 -0.009618
0.018185 -0.000080 0.000075
-0.005536 0.001022 0.009095
-0.018520 -0.006902 0.002634
0.003892 -0.002629 0.001487
-0.008843 0.006890 0.002290
-0.005585 0.003886 0.003997
-0.003596 0.006189 -0.001599
0.000476 0.002299 0.001686
0.004306 -0.001983 -0.004236
0.002378 0.000010 -0.001155
0.008748 0.005552 0.001943
-0.000115 -0.005978 -0.006283
-0.000185 0.005228 0.005270
-0.021539 -0.004207 -0.004051
0.013986 0.005897 0.011719
-0.000636 -0.007066 -0.010117
0.017840 0.000845 0.000530
-0.006172 -0.000910 0.007159
