2176.0000 0.05 1
1.11111
4.44444
11.1111
2.22222
11.1111
4.44444
13.3333
11.1111
20
11.1111
6.66667
11.1111
24.4444
23.3333
17.7778
23.3333
26.6667
18.8889
13.3333
32.2222
18.8889
8.88889
4.44444
10
14.4444
16.6667
34.4444
37.7778
25.5556
40
11.1111
26.6667
17.7778
31.1111
24.4444
32.2222
26.6667
27.7778
40
24.4444
32.2222
46.6667
36.6667
47.7778
70
55.5556
56.6667
41.1111
80
106.667
95.5556
126.667
127.778
134.444
151.111
148.889
158.889
192.222
187.778
202.222
218.889
267.778
192.222
230
232.222
288.889
235.556
281.111
253.333
261.111
288.889
303.333
317.778
335.556
321.111
350
282.222
350
300
313.333
292.222
300
295.556
280
312.222
271.111
248.889
285.556
294.444
295.556
316.667
314.444
321.111
307.778
335.556
318.889
317.778
296.667
290
298.889
303.333
290
332.222
355.556
318.889
360
374.444
361.111
353.333
352.222
336.667
291.111
255.556
217.778
175.556
162.222
191.111
238.889
264.444
328.889
352.222
396.667
417.778
397.778
430
413.333
450
402.222
380
354.444
344.444
371.111
350
395.556
382.222
373.333
386.667
427.778
408.889
454.444
411.111
405.556
411.111
353.333
363.333
372.222
371.111
373.333
436.667
412.222
413.333
441.111
396.667
338.889
361.111
320
346.667
315.556
325.556
264.444
284.444
255.556
267.778
265.556
241.111
226.667
274.444
208.889
245.556
217.778
230
258.889
218.889
246.667
238.889
212.222
206.667
223.333
181.111
204.444
177.778
195.556
177.778
175.556
251.111
237.778
235.556
207.778
220
168.889
174.444
197.778
258.889
238.889
220
272.222
243.333
223.333
263.333
350
337.778
322.222
292.222
336.667
312.222
333.333
381.111
411.111
428.889
426.667
447.778
434.444
506.667
486.667
525.556
498.889
471.111
383.333
301.111
190
54.4444
1.11111
0
0
0
0
0
0
0
0
0
0
0
0
0
0
0
0
0
0
0
0
0
0
0
6.66667
2.22222
0
6.66667
0
0
1.11111
4.44444
0
2.22222
2.22222
6.66667
0
2.22222
0
4.44444
4.44444
0
2.22222
2.22222
0
1.11111
0
2.22222
2.22222
0
0
2.22222
0
