0.011445 0.002374 0.000726
-0.005346 -0.000875 0.002054
0.009755 0.005224 0.001109
-0.000226 -0.003777 -0.008660
0.009301 -0.049496 -0.046086
-0.001043 -0.015481 -0.012698
-0.008914 -0.007242 -0.014409
-0.005177 0.005964 0.008136
-0.008282 0.002103 -0.007399
0.006424 -0.001206 -0.002256
-0.003113 -0.002328 0.003502
-0.005552 -0.002647 0.003161
-0.001871 -0.006504 0.010339
-0.005737 0.000525 -0.001497
0.005042 0.000840 -0.005310
0.001536 -0.001817 0.000712
0.013292 0.005743 -0.003461
-0.005211 -0.002609 0.001487
0.010766 0.004287 0.000757
0.003272 0.000640 -0.002660
0.008497 0.003819 -0.002630
-0.000862 -0.003497 0.000167
-0.005020 -0.001856 -0.005672
-0.004989 0.005806 -0.000147
-0.009117 0.000596 -0.008371
0.005024 -0.000612 -0.001349
-0.003513 -0.002785 0.004047
-0.004903 -0.002568 0.002258
-0.001639 -0.005567 0.009204
-0.005249 0.001491 -0.000075
0.004990 0.000967 -0.006129
0.002517 -0.001936 0.000422
0.010255 0.002357 0.001739
-0.005775 0.001546 -0.002774
0.014697 0.002397 -0.004521
-0.000784 0.005580 -0.009095
0.008597 0.001118 -0.002699
-0.000351 0.013607 -0.019532
-0.004257 -0.002977 -0.004611
-0.005085 0.005665 0.005323
-0.012997 0.004520 -0.017730
0.005010 -0.001174 -0.002689
-0.015564 -0.001831 0.577476
-0.006517 -0.002450 0.003493
0.002448 -0.002164 0.004277
-0.005311 0.000250 0.000642
0.005363 0.000837 -0.005478
0.068413 -0.003546 -0.050145
0.014743 0.002361 -0.002644
-0.005333 0.059941 -0.046388
0.010295 0.004491 -0.000072
0.003626 -0.000995 -0.000931
0.008768 0.001871 -0.001973
-0.001130 0.007389 -0.012170
-0.000253 0.002134 -0.014081
-0.004913 0.005918 0.004390
-0.009388 -0.000860 -0.007421
0.003618 -0.001657 -0.002256
-0.003566 -0.002412 0.015702
-0.006162 -0.002580 0.002326
-0.001527 -0.005705 0.009380
-0.005594 0.000711 -0.001069
0.004264 0.001482 -0.004706
0.001498 -0.001750 0.000559
0.014437 -0.001889 -0.004537
-0.005243 -0.001945 0.001156
0.014465 -0.000221 -0.005624
0.002521 0.000710 -0.003036
0.008160 0.003351 -0.002875
-0.001108 -0.003240 -0.000901
-0.004883 -0.002398 -0.003533
-0.005251 0.005444 -0.000444
-0.008812 0.000860 -0.006689
0.005475 -0.001861 -0.002244
-0.003208 -0.001874 0.003935
-0.055074 -0.004848 -0.035189
0.000180 -0.006211 0.011856
-0.009975 0.005189 -0.010661
0.004372 0.000436 -0.037241
0.002476 -0.001549 0.000891
0.008388 0.003927 0.003123
-0.005304 -0.002317 0.001834
0.010775 0.004594 0.000066
0.003027 0.000342 -0.002643
0.008375 0.002945 -0.001989
-0.001896 -0.003012 -0.001552
-0.004465 -0.002448 -0.005772
-0.005016 0.005955 -0.000374
-0.008591 0.000898 -0.008310
0.005337 -0.001118 -0.002981
-0.003264 -0.002080 0.003916
-0.005162 -0.002695 0.001997
-0.001874 -0.006120 0.010403
-0.005916 -0.000358 -0.000081
0.004260 0.001549 -0.007300
0.001372 -0.002522 0.001371
0.010029 0.002417 0.001806
-0.005289 -0.000769 0.001574
0.012404 0.004493 0.002029
0.003380 0.001844 -0.001100
0.008962 -0.001090 -0.007810
-0.001502 -0.020302 -0.019538
-0.005454 -0.000896 -0.004667
-0.005080 0.005838 0.004015
-0.003539 -0.003037 -0.018001
0.005246 -0.001285 -0.002662
-0.003457 -0.002450 0.000890
-0.006630 -0.001965 0.002988
-0.000123 -0.006086 0.011201
-0.005758 0.000564 -0.001492
0.005549 0.000825 -0.004067
0.003170 -0.001572 0.003076
0.009089 0.001496 0.002336
-0.005416 -0.002794 0.001277
0.010462 0.005349 0.001522
0.001971 0.000282 -0.003989
0.008233 0.003427 -0.003323
-0.001717 -0.002902 0.007466
-0.004638 -0.002356 -0.005950
-0.005167 0.006354 -0.000771
-0.008252 0.000821 -0.008306
0.005264 -0.000941 -0.003434
-0.003775 -0.002747 0.004038
-0.005644 -0.002548 0.004306
0.001880 -0.002941 0.004421
-0.001777 -0.004240 -0.009569
0.003059 0.003084 -0.035599
0.001834 -0.001201 0.001572
-0.012856 -0.002051 0.000387
0.005604 -0.003315 0.001433
-0.002311 0.001271 0.003645
-0.007954 0.007393 -0.002352
-0.021801 0.005727 -0.021108
0.005379 -0.001100 -0.000631
0.004417 -0.000133 -0.003693
0.006554 -0.002819 -0.005070
0.004667 0.008633 -0.003788
-0.001693 -0.006452 -0.005939
0.002296 0.002982 0.006405
-0.022347 -0.004414 -0.004700
0.003125 0.004077 0.010768
-0.001079 -0.007157 -0.008390
0.017689 0.001004 0.000019
-0.005768 0.000660 0.007633
-0.012886 -0.001484 0.002497
0.004363 -0.002507 0.000641
-0.002110 -0.000356 0.003333
-0.003519 0.003896 0.003150
-0.003330 0.005833 -0.001532
0.004160 0.000015 -0.000346
0.004672 -0.002318 -0.004136
0.001959 0.000731 0.000193
0.010475 0.003887 0.002803
-0.000774 -0.005906 -0.006928
0.002095 0.003050 0.005056
-0.021658 -0.003918 -0.004941
0.001542 0.004513 0.010759
-0.000527 -0.006526 -0.008805
0.017722 0.000337 0.001386
-0.006183 0.000288 0.008311
-0.012559 -0.001319 0.004110
0.005011 -0.002639 0.001636
-0.002559 0.001037 0.001413
-0.008077 0.000303 -0.002935
-0.003573 0.006225 -0.002239
0.038735 -0.000823 -0.024868
0.005224 0.036197 -0.033710
0.006875 0.003785 -0.005735
0.008921 0.005948 0.002709
-0.001414 -0.005625 -0.006123
0.001816 0.003444 0.003375
-0.022221 -0.003810 -0.004879
0.002243 0.004840 0.011558
-0.005435 -0.010250 -0.014152
0.018420 0.000922 0.000160
-0.006087 0.001739 0.007857
-0.012725 -0.001505 0.002907
0.003485 -0.001595 0.001176
-0.002474 0.001364 0.001599
-0.003092 0.005353 0.005016
0.010685 0.006879 -0.017013
0.004726 -0.000827 -0.001505
0.004474 0.005221 -0.011383
0.001731 -0.001383 0.002148
0.008518 0.004556 0.004135
0.000064 -0.004686 -0.006354
0.001937 0.003089 0.004453
-0.021915 -0.004295 -0.004291
0.003216 0.004041 0.010724
-0.000547 -0.007488 -0.009620
0.017835 0.000758 0.000117
-0.005913 0.001657 0.007670
-0.011471 -0.001344 0.003440
0.005236 -0.002549 0.007567
-0.007316 -0.003421 -0.007495
-0.007431 0.004200 -0.001168
-0.003518 0.006741 -0.001275
0.004522 -0.001625 -0.000077
0.003906 -0.001876 -0.004078
0.003012 0.000488 -0.000928
0.006044 0.008468 -0.002908
-0.002234 -0.005751 -0.000006
0.003818 0.002828 0.005884
-0.057486 -0.002911 -0.029829
-0.011608 0.004908 -0.003623
-0.004097 -0.010848 -0.014636
0.018836 0.000975 -0.001613
-0.007085 -0.042749 -0.024194
-0.012190 -0.001614 0.002441
0.004783 -0.002720 0.002275
-0.003242 0.002630 0.003632
-0.003703 0.003534 0.003249
-0.003424 0.006288 -0.002796
0.005421 -0.001143 -0.001042
0.004554 -0.001382 -0.003725
0.002378 0.000286 0.000220
0.010019 0.004956 0.001884
-0.001052 -0.005931 -0.005553
0.002524 0.002921 0.005245
-0.021245 -0.004198 -0.005568
0.002897 0.004840 0.010683
-0.000504 -0.007464 -0.009784
0.017978 0.000389 -0.000894
-0.006039 -0.005020 0.001635
-0.012725 -0.001389 0.001821
0.003931 -0.002855 0.001376
-0.002775 0.000881 0.001548
-0.003232 0.002453 0.004449
-0.002952 0.006703 -0.002835
0.006569 -0.001013 0.001285
0.004773 -0.000914 -0.001992
0.002107 0.001929 0.002140
0.009814 0.005475 0.002189
-0.000147 -0.006766 -0.006219
0.002237 0.002921 0.005340
-0.021306 -0.003589 -0.004500
0.002270 0.004786 0.010414
-0.002330 -0.006670 -0.007265
0.016593 0.001024 0.000360
-0.005803 0.001168 0.008213
-0.013652 -0.001082 0.003136
0.004874 -0.002536 0.003403
0.001218 0.004943 -0.005496
-0.004856 0.003985 0.002367
-0.003441 0.006417 -0.001701
0.006301 -0.001519 -0.000932
0.003946 -0.001916 -0.004613
0.002767 0.000201 -0.000175
0.008888 0.005091 0.002758
-0.001384 -0.005945 -0.003763
0.001236 0.002520 0.005807
-0.022870 -0.004402 -0.003669
0.022795 0.004335 -0.010160
-0.001010 -0.006288 -0.007741
0.017720 0.000674 0.000549
-0.006166 0.000702 0.010524
