2176.0000 0.05 1
1.11111
4.44444
11.1111
2.22222
11.1111
4.44444
13.3333
11.1111
20
11.1111
6.66667
11.1111
24.4444
23.3333
17.7778
23.3333
26.6667
18.8889
13.3333
32.2222
18.8889
11.1111
2.22222
10
14.4444
16.6667
34.4444
37.7778
25.5556
40
11.1111
26.6667
17.7778
31.1111
24.4444
32.2222
26.6667
27.7778
40
24.4444
32.2222
46.6667
36.6667
47.7778
70
57.7778
54.4444
41.1111
80
108.889
95.5556
124.444
127.778
138.889
148.889
146.667
161.111
190
190
204.444
214.444
267.778
192.222
230
234.444
286.667
240
276.667
253.333
261.111
293.333
301.111
315.556
337.778
318.889
352.222
284.444
345.556
304.444
308.889
294.444
302.222
291.111
282.222
310
273.333
248.889
281.111
296.667
295.556
314.444
320
320
303.333
343.333
315.556
315.556
294.444
294.444
301.111
301.111
292.222
330
355.556
318.889
360
374.444
363.333
346.667
356.667
336.667
295.556
251.111
215.556
177.778
162.222
188.889
238.889
264.444
333.333
347.778
401.111
417.778
393.333
433.333
414.444
445.556
402.222
375.556
363.333
344.444
371.111
350
392.222
383.333
375.556
386.667
427.778
404.444
456.667
408.889
410
408.889
354.444
360
376.667
366.667
377.778
432.222
417.778
410
438.889
403.333
338.889
354.444
322.222
348.889
316.667
328.889
255.556
283.333
258.889
272.222
260
244.444
222.222
276.667
208.889
246.667
214.444
228.889
263.333
217.778
244.444
236.667
214.444
206.667
230
176.667
205.556
174.444
197.778
175.556
174.444
254.444
237.778
234.444
210
216.667
168.889
176.667
196.667
260
241.111
222.222
270
241.111
228.889
255.556
354.444
340
317.778
301.111
334.444
305.556
333.333
382.222
410
434.444
425.556
443.333
434.444
510
473.333
507.778
472.222
433.333
344.444
314.444
231.111
113.333
11.1111
1.11111
0
0
0
0
0
0
0
0
0
0
0
0
0
0
0
2.22222
0
0
0
0
0
0
6.66667
0
0
2.22222
0
2.22222
6.66667
2.22222
0
3.33333
2.22222
0
4.44444
2.22222
4.44444
6.66667
0
4.44444
0
3.33333
0
2.22222
0
0
2.22222
0
2.22222
0
