-0.000043 0.010386 0.011237
-0.008854 0.001064 -0.000019
-0.005206 0.018574 0.000945
0.012851 0.008275 -0.003313
-0.002031 0.015382 -0.004984
-0.010124 0.000929 -0.002467
0.000909 0.004177 0.004545
-0.000163 -0.015902 -0.002120
-0.003351 -0.011344 -0.000437
-0.012042 -0.005340 -0.003566
0.013354 -0.007863 0.000271
-0.010042 -0.006045 -0.003752
0.004203 -0.007921 0.002630
0.003255 -0.019458 -0.000718
-0.003881 0.000589 0.001941
0.013308 -0.010599 0.003703
0.000453 0.011537 0.010740
-0.009015 0.001855 0.000361
-0.001916 0.018741 0.000407
0.013081 0.007452 0.000970
-0.001947 0.016074 -0.005468
-0.009984 -0.000416 -0.002960
-0.000428 0.001323 0.004185
0.000173 -0.016010 -0.001959
-0.003332 -0.011246 0.000021
-0.011186 -0.006015 -0.001816
0.011103 -0.006292 0.001014
-0.009934 -0.006316 -0.002851
0.004667 -0.006788 0.002859
0.003333 -0.018457 -0.000370
-0.003828 0.000774 0.003505
0.013336 -0.011388 0.003217
-0.000554 0.010764 0.012411
-0.008426 0.000787 0.000244
-0.001272 0.020003 0.000017
0.015418 0.008032 -0.003387
-0.001103 0.016258 -0.005838
-0.008026 0.001094 -0.003075
-0.000834 0.004645 0.005531
-0.000405 -0.015077 -0.002161
-0.003219 -0.011926 0.000059
-0.010983 -0.002396 -0.001693
0.011696 -0.007079 0.001149
-0.009619 -0.006361 -0.002561
0.004082 -0.007850 0.004093
0.003192 -0.020873 -0.000510
-0.003859 0.001006 0.001493
0.014069 -0.011739 0.002562
-0.000456 0.012345 0.012048
-0.009333 0.001300 -0.000693
-0.000569 0.020154 0.000713
0.008639 0.010194 -0.005639
-0.001652 0.014898 -0.006635
-0.009444 0.000526 -0.001355
-0.000953 -0.015672 0.002207
-0.000818 -0.016671 -0.002326
-0.003157 -0.011348 -0.000182
-0.011348 -0.005291 -0.003027
0.011458 -0.006774 0.000164
-0.014523 -0.006610 -0.007838
0.003149 -0.007806 -0.017343
0.003288 -0.019525 -0.000680
-0.003373 0.000482 0.002698
0.011949 -0.017462 -0.003542
-0.000814 0.010971 0.011910
-0.009192 0.002353 0.000741
-0.004429 0.019967 0.004318
0.010867 0.007443 -0.003778
-0.001066 0.016821 -0.006716
-0.007948 0.000194 -0.001657
-0.000546 0.003364 0.004821
0.000134 -0.015458 -0.002256
-0.003928 -0.011601 -0.000815
-0.010945 -0.004974 -0.002654
0.009637 -0.005007 0.000303
-0.009455 -0.006671 -0.002583
0.004362 -0.007170 0.004114
0.003396 -0.019658 0.001265
-0.003598 0.000505 0.001945
0.014534 -0.012292 0.003561
-0.003127 0.010439 0.011737
-0.006493 0.000376 0.000480
0.002074 0.017401 -0.001736
0.012042 0.007432 -0.003110
-0.000965 0.010759 -0.005794
-0.009574 -0.001581 -0.002532
-0.000519 0.004173 0.003602
-0.000073 -0.015191 0.002839
-0.003444 -0.011463 -0.006885
-0.011308 -0.003055 -0.001708
0.011404 -0.006468 -0.006610
-0.009983 -0.006317 -0.001611
0.004549 -0.007646 0.003856
0.003397 -0.024427 -0.007165
0.001562 -0.000459 -0.004959
0.013528 -0.011487 0.004464
-0.082650 -0.040249 -0.091383
0.070962 -0.049986 -0.103344
-0.017645 0.028456 -0.002939
0.011569 0.007157 -0.002778
-0.000918 0.034094 -0.009666
-0.008283 -0.086230 -0.093437
0.000950 0.003439 0.004440
0.002020 0.014200 0.667283
-0.004365 -0.009880 -0.001804
-0.011314 -0.007684 -0.001736
0.013198 -0.007416 0.000522
-0.008606 -0.004915 -0.002882
0.004200 -0.007685 0.003784
0.003216 -0.014392 -0.008893
-0.007010 0.000791 -0.004545
0.013689 -0.011525 0.002129
-0.000814 0.010502 0.010968
-0.008970 0.000892 0.000560
-0.001916 0.019129 -0.000148
0.026481 -0.003291 -0.005811
-0.002606 0.016984 -0.005257
-0.008599 0.000949 -0.002112
-0.000774 0.007773 0.001326
0.000606 -0.014524 -0.001869
-0.003816 -0.011686 -0.000476
-0.010664 -0.005094 -0.004074
0.011265 -0.006372 0.000918
-0.005523 -0.006383 -0.008972
0.005599 -0.007246 -0.018407
0.003426 -0.019392 0.000049
-0.004161 0.000399 0.002633
0.014468 -0.005960 -0.005244
-0.000190 0.003220 -0.005706
0.008673 0.008805 -0.002840
-0.009974 0.010520 0.003315
0.007226 0.023894 -0.002202
-0.000301 -0.002940 -0.000249
0.001383 0.003757 -0.009797
-0.008343 -0.001848 0.000697
0.002465 0.009294 0.000764
-0.000476 0.007482 -0.002118
0.018227 -0.011608 0.005098
-0.008286 0.010030 0.002264
-0.004891 -0.000765 -0.000017
0.011266 -0.005655 0.000211
-0.003062 -0.006060 0.004593
0.010654 -0.009423 0.002479
-0.016894 -0.012069 0.002153
0.000228 0.004277 -0.005253
0.007585 0.006219 0.001795
-0.010458 0.011601 0.003103
0.006524 0.023580 -0.002207
0.001025 -0.004162 -0.001170
0.001687 0.004278 -0.011291
-0.008595 -0.001565 0.000311
0.002924 0.004912 -0.001082
-0.000370 0.007776 -0.003298
0.018740 -0.011851 0.003611
-0.008278 0.009920 0.001907
-0.004678 -0.001348 0.000504
0.011194 -0.004965 0.000295
-0.003138 -0.005446 0.006637
0.011102 -0.009915 0.002295
-0.018291 -0.012006 0.001828
0.000147 0.002502 -0.005027
0.003594 0.006635 -0.002879
-0.010228 0.010240 0.000947
0.006518 0.024155 -0.002081
-0.000166 -0.002566 -0.000544
0.000458 0.004819 -0.009711
-0.007836 -0.002535 0.000709
0.003703 0.006051 0.000099
-0.000252 0.006752 -0.002360
0.018046 -0.011681 0.003874
-0.008896 0.009815 0.002823
-0.004576 -0.001017 -0.001578
0.012021 -0.006461 -0.000651
-0.003563 -0.005247 0.004241
0.009259 -0.009645 0.002258
-0.015835 -0.012644 0.001574
-0.002118 -0.000844 -0.005001
0.006720 0.007137 -0.002071
-0.010852 0.011157 0.002575
0.009284 0.024052 0.002518
0.001371 -0.001560 0.004747
0.002142 0.005848 -0.010266
-0.008000 -0.001332 0.000929
0.002056 0.004398 -0.001048
-0.005259 0.007856 -0.002483
0.017927 -0.011357 0.003998
-0.006537 0.013027 0.002266
-0.009605 -0.004985 -0.007015
0.011404 -0.005651 -0.001878
-0.003476 -0.004981 0.004801
0.011870 -0.009757 0.002538
-0.018139 -0.011886 0.001100
-0.001485 0.003057 -0.005028
0.007562 0.009166 -0.003134
-0.008971 0.010425 0.001774
0.007483 0.022662 -0.001573
0.000345 -0.002522 -0.000798
0.000904 0.004157 -0.011196
-0.007914 -0.002313 0.000030
0.001331 0.005424 0.005359
-0.001593 0.008378 -0.002213
0.018141 -0.011932 0.005075
-0.008718 0.009968 0.002356
-0.005088 -0.002187 -0.000361
0.012011 -0.005473 0.000024
-0.003708 -0.005134 0.005108
0.010015 -0.009665 0.002356
-0.016659 -0.011677 0.002004
-0.000702 0.001619 -0.000271
0.008646 0.003915 -0.002619
-0.009717 0.011289 0.002251
0.004285 0.022081 -0.006656
-0.000658 0.000310 0.003644
0.001620 0.004633 -0.010986
-0.009618 -0.000441 0.000440
0.003380 0.008135 0.004048
0.001812 0.010212 -0.008247
0.018574 -0.011614 -0.003163
-0.008996 0.010387 -0.003380
-0.004746 -0.000758 -0.000504
0.017337 -0.008525 -0.005568
-0.003582 -0.005657 0.006217
0.009463 -0.009359 -0.004625
-0.016317 -0.011763 -0.006314
0.003610 0.000336 -0.005769
0.008590 0.008415 0.002743
-0.012055 0.098047 -0.079298
0.024007 0.032175 -0.005418
-0.003121 -0.000433 0.000216
0.001015 0.003038 -0.009748
-0.071070 0.041066 -0.071315
0.005805 0.008088 -0.000371
-0.016109 -0.003723 -0.006361
0.019575 -0.010953 -0.000179
-0.010130 0.008500 -0.000650
-0.005279 -0.001227 -0.001586
0.008254 -0.002999 -0.006148
-0.003440 -0.005234 0.004521
0.008563 -0.012400 0.000865
-0.015118 -0.014603 -0.002978
-0.001390 0.002849 -0.000654
0.007814 0.008699 -0.002648
-0.010299 0.011031 0.002618
0.010788 0.022184 -0.000964
0.000712 0.001227 0.001017
0.064857 0.046958 -0.083044
-0.008497 -0.002384 -0.000637
0.002836 0.005599 -0.000375
-0.001926 0.007061 0.002653
0.017941 -0.011754 0.004033
-0.011418 0.007908 0.001622
-0.003080 0.003037 -0.006564
0.011440 -0.005672 -0.000633
-0.003583 -0.005681 0.004666
0.008875 -0.010431 0.001939
-0.015295 -0.011640 0.001484
