3840.0000 0.05 1
26.6667
0
4.44444
0
0
2.96296
5.92593
0
0
0
0
0
0
0
0
0
26.6667
0
0
8.88889
11.8519
5.92593
0
11.8519
8.88889
8.88889
5.92593
2.96296
0
5.92593
5.92593
2.96296
2.96296
0
0
8.88889
0
0
0
0
0
0
0
0
2.96296
0
0
0
0
0
0
0
0
0
0
0
0
0
0
0
0
0
0
0
0
0
0
2.96296
2.96296
0
0
1.48148
0
0
0
0
0
0
0
0
0
0
2.96296
0
0
0
0
0
0
0
0
0
0
0
0
0
0
0
0
0
0
0
0
0
0
0
0
0
0
0
0
0
0
0
0
0
0
0
0
0
0
0
0
0
0
0
0
0
0
0
0
0
0
0
0
0
0
0
2.96296
0
1.48148
2.96296
0
0
2.96296
2.96296
2.96296
8.88889
8.88889
0
0
2.96296
0
35.5556
26.6667
7.40741
17.7778
20.7407
14.8148
31.1111
14.8148
20.7407
29.6296
42.963
11.8519
20.7407
26.6667
25.1852
17.7778
28.1481
50.3704
37.037
23.7037
34.0741
28.1481
45.9259
19.2593
38.5185
51.8519
50.3704
42.963
53.3333
51.8519
54.8148
50.3704
42.963
50.3704
63.7037
44.4444
48.8889
60.7407
60.7407
48.8889
59.2593
63.7037
65.1852
56.2963
69.6296
51.8519
90.3704
81.4815
90.3704
57.7778
90.3704
60.7407
109.63
75.5556
87.4074
80
97.7778
85.9259
109.63
108.148
96.2963
105.185
124.444
120
114.074
154.074
108.148
131.852
128.889
157.037
134.815
145.185
148.148
157.037
142.222
173.333
146.667
161.481
170.37
171.852
146.667
146.667
160
180.741
158.519
152.593
139.259
131.852
173.333
145.185
170.37
139.259
165.926
149.63
149.63
137.778
167.407
157.037
152.593
125.926
161.481
127.407
128.889
112.593
121.481
170.37
108.148
84.4444
103.704
85.9259
125.926
105.185
77.037
103.704
99.2593
74.0741
78.5185
87.4074
71.1111
78.5185
62.2222
51.8519
71.1111
48.8889
72.5926
44.4444
51.8519
78.5185
60.7407
45.9259
41.4815
50.3704
47.4074
38.5185
40
29.6296
38.5185
41.4815
53.3333
38.5185
29.6296
41.4815
35.5556
38.5185
41.4815
40
35.5556
31.1111
37.037
59.2593
32.5926
45.9259
41.4815
35.5556
41.4815
40
53.3333
54.8148
34.0741
35.5556
38.5185
42.963
38.5185
28.1481
44.4444
34.0741
42.963
40
31.1111
42.963
22.2222
28.1481
45.9259
25.1852
44.4444
32.5926
47.4074
28.1481
41.4815
26.6667
41.4815
32.5926
40
29.6296
32.5926
41.4815
41.4815
44.4444
45.9259
20.7407
41.4815
34.0741
35.5556
31.1111
57.7778
41.4815
42.963
45.9259
34.0741
45.9259
53.3333
45.9259
29.6296
48.8889
38.5185
50.3704
45.9259
40
42.963
41.4815
44.4444
42.963
48.8889
53.3333
47.4074
53.3333
45.9259
48.8889
45.9259
28.1481
32.5926
38.5185
40
51.8519
41.4815
45.9259
48.8889
31.1111
45.9259
32.5926
51.8519
50.3704
26.6667
37.037
42.963
40
54.8148
66.6667
41.4815
47.4074
37.037
62.2222
47.4074
45.9259
44.4444
69.6296
38.5185
66.6667
50.3704
53.3333
75.5556
60.7407
62.2222
62.2222
74.0741
51.8519
72.5926
62.2222
47.4074
82.963
78.5185
68.1481
66.6667
72.5926
80
72.5926
59.2593
66.6667
74.0741
96.2963
66.6667
62.2222
68.1481
62.2222
93.3333
71.1111
85.9259
88.8889
88.8889
77.037
81.4815
100.741
65.1852
100.741
68.1481
72.5926
84.4444
102.222
96.2963
84.4444
80
90.3704
77.037
88.8889
93.3333
78.5185
91.8519
75.5556
90.3704
94.8148
91.8519
85.9259
82.963
82.963
75.5556
85.9259
72.5926
81.4815
75.5556
82.963
75.5556
71.1111
87.4074
69.6296
78.5185
84.4444
75.5556
71.1111
71.1111
57.7778
75.5556
87.4074
75.5556
80
69.6296
80
85.9259
65.1852
66.6667
88.8889
77.037
74.0741
56.2963
87.4074
88.8889
96.2963
100.741
94.8148
88.8889
106.667
103.704
102.222
94.8148
106.667
112.593
100.741
106.667
108.148
112.593
130.37
120
125.926
118.519
130.37
124.444
142.222
131.852
128.889
134.815
137.778
143.704
133.333
133.333
137.778
128.889
145.185
130.37
148.148
140.741
157.037
142.222
136.296
139.259
127.407
140.741
168.889
174.815
168.889
162.963
158.519
180.741
158.519
157.037
158.519
168.889
164.444
168.889
146.667
168.889
161.481
171.852
167.407
180.741
177.778
164.444
162.963
171.852
170.37
171.852
177.778
179.259
183.704
158.519
165.926
174.815
183.704
197.037
185.185
201.481
171.852
174.815
162.963
200
197.037
180.741
173.333
191.111
182.222
180.741
186.667
182.222
194.074
179.259
183.704
173.333
188.148
185.185
168.889
176.296
207.407
177.778
173.333
182.222
168.889
180.741
195.556
170.37
177.778
201.481
210.37
188.148
168.889
194.074
179.259
192.593
158.519
189.63
176.296
164.444
180.741
176.296
200
185.185
202.963
168.889
180.741
205.926
164.444
186.667
182.222
185.185
191.111
195.556
200
176.296
188.148
176.296
197.037
194.074
208.889
192.593
214.815
201.481
214.815
204.444
226.667
214.815
217.778
217.778
211.852
228.148
237.037
201.481
213.333
229.63
208.889
217.778
211.852
226.667
217.778
220.741
240
238.519
222.222
229.63
232.593
235.556
241.481
250.37
244.444
253.333
262.222
251.852
275.556
231.111
274.074
259.259
248.889
251.852
248.889
260.741
260.741
257.778
290.37
260.741
272.593
277.037
268.148
257.778
244.444
284.444
282.963
280
275.556
269.63
272.593
275.556
280
274.074
287.407
275.556
274.074
294.815
303.704
277.037
287.407
302.222
290.37
296.296
269.63
277.037
280
265.185
303.704
268.148
291.852
265.185
271.111
290.37
305.185
294.815
259.259
277.037
282.963
291.852
266.667
259.259
290.37
265.185
256.296
257.778
282.963
272.593
254.815
253.333
269.63
250.37
245.926
274.074
240
253.333
251.852
248.889
242.963
244.444
235.556
268.148
220.741
242.963
226.667
262.222
217.778
219.259
237.037
229.63
242.963
241.481
216.296
254.815
238.519
225.185
250.37
231.111
219.259
214.815
242.963
237.037
207.407
208.889
231.111
208.889
204.444
207.407
207.407
204.444
214.815
191.111
192.593
200
182.222
214.815
202.963
174.815
188.148
195.556
207.407
167.407
195.556
183.704
176.296
174.815
177.778
170.37
170.37
177.778
164.444
164.444
179.259
174.815
158.519
165.926
170.37
139.259
162.963
157.037
137.778
139.259
157.037
162.963
139.259
142.222
142.222
136.296
124.444
125.926
128.889
145.185
111.111
134.815
108.148
120
115.556
99.2593
125.926
91.8519
121.481
91.8519
108.148
93.3333
103.704
68.1481
94.8148
84.4444
74.0741
80
93.3333
75.5556
69.6296
68.1481
72.5926
66.6667
48.8889
68.1481
68.1481
57.7778
45.9259
48.8889
48.8889
51.8519
41.4815
57.7778
53.3333
42.963
40
45.9259
44.4444
22.2222
41.4815
37.037
42.963
22.2222
26.6667
50.3704
14.8148
28.1481
26.6667
41.4815
32.5926
28.1481
41.4815
28.1481
25.1852
35.5556
31.1111
19.2593
44.4444
32.5926
31.1111
23.7037
31.1111
29.6296
31.1111
20.7407
37.037
44.4444
32.5926
26.6667
31.1111
31.1111
29.6296
23.7037
31.1111
17.7778
32.5926
13.3333
29.6296
29.6296
32.5926
16.2963
32.5926
29.6296
41.4815
13.3333
32.5926
20.7407
38.5185
16.2963
41.4815
23.7037
22.2222
17.7778
31.1111
20.7407
17.7778
34.0741
20.7407
17.7778
22.2222
17.7778
31.1111
20.7407
16.2963
5.92593
20.7407
20.7407
23.7037
17.7778
32.5926
32.5926
22.2222
26.6667
23.7037
14.8148
17.7778
23.7037
10.3704
11.8519
14.8148
8.88889
14.8148
5.92593
2.96296
4.44444
5.92593
2.96296
4.44444
8.88889
5.92593
11.8519
16.2963
8.88889
8.88889
5.92593
10.3704
17.7778
5.92593
19.2593
17.7778
2.96296
11.8519
2.96296
7.40741
2.96296
8.88889
8.88889
11.8519
23.7037
13.3333
17.7778
5.92593
8.88889
8.88889
5.92593
7.40741
2.96296
0
0
0
5.92593
8.88889
0
0
5.92593
5.92593
4.44444
5.92593
5.92593
2.96296
0
5.92593
4.44444
8.88889
14.8148
11.8519
2.96296
8.88889
8.88889
2.96296
0
0
0
0
0
0
0
0
0
0
0
0
0
0
0
0
0
2.96296
7.40741
2.96296
0
0
0
2.96296
2.96296
17.7778
2.96296
2.96296
0
5.92593
4.44444
0
0
14.8148
8.88889
2.96296
0
0
0
0
0
0
0
0
0
0
0
0
0
0
0
0
0
0
0
0
0
0
0
0
0
0
0
0
0
0
0
0
0
0
0
0
0
0
0
0
0
0
0
0
0
0
0
0
0
0
0
0
0
0
0
0
0
0
0
0
0
0
0
0
0
0
0
0
0
0
0
0
0
0
0
0
0
0
0
0
0
0
0
0
0
0
0
0
0
0
0
0
0
0
0
0
0
0
0
0
0
0
0
0
0
0
0
0
0
0
0
0
0
0
0
0
0
0
0
0
0
0
0
0
0
0
0
0
0
0
0
0
0
0
0
0
0
0
0
0
0
0
0
0
0
0
0
0
0
0
0
0
0
0
0
0
0
0
0
0
0
0
0
0
0
0
0
0
0
0
0
0
0
0
0
0
0
0
0
0
0
0
0
0
0
0
0
0
0
0
0
0
0
0
0
0
0
0
0
0
0
0
0
0
0
0
0
0
0
0
0
0
0
0
0
0
0
0
0
0
0
0
0
0
0
0
0
0
0
0
0
0
0
0
0
0
0
0
0
0
0
0
0
0
0
0
0
0
0
0
0
0
0
0
0
0
0
0
0
0
0
0
0
0
0
0
0
0
0
0
0
0
0
0
0
0
0
0
0
0
0
0
0
0
0
0
0
0
0
0
0
0
0
0
0
0
0
0
0
0
0
0
0
0
0
0
0
0
0
0
0
0
0
0
0
0
0
0
0
0
0
0
0
0
0
0
0
0
0
0
0
0
0
0
0
0
0
0
0
0
0
0
0
0
0
0
0
0
0
0
0
0
0
0
0
0
0
0
0
0
0
0
0
0
0
0
0
0
0
0
0
0
0
0
0
0
0
0
0
0
0
0
0
0
0
0
0
0
0
0
0
0
0
0
0
0
0
0
0
0
0
0
0
0
0
0
0
0
0
0
0
0
0
0
0
0
0
0
0
0
0
0
0
0
0
0
0
0
0
0
0
0
0
0
0
0
0
0
0
0
0
0
0
0
0
0
0
0
0
0
0
0
0
0
0
0
0
0
0
0
0
0
0
0
0
0
0
0
0
0
0
0
0
0
0
0
0
0
0
0
0
0
0
0
0
0
0
0
0
0
0
0
0
0
0
0
0
0
0
0
0
0
0
0
0
0
0
0
0
0
0
0
0
0
0
0
0
0
0
0
0
0
0
0
0
0
0
0
0
0
0
0
0
0
0
0
0
0
0
0
0
0
0
0
0
0
0
0
0
0
0
0
0
0
0
0
0
0
0
0
0
0
0
0
0
0
0
0
0
0
0
0
0
0
0
0
0
0
0
0
0
0
0
0
0
0
0
0
0
0
0
0
0
0
0
0
0
0
0
0
0
0
0
0
0
0
0
0
0
0
0
0
0
0
0
0
0
0
0
0
0
0
0
0
0
0
0
0
0
0
0
0
0
0
0
0
0
0
0
0
0
0
0
0
0
0
0
0
0
0
0
0
0
0
0
0
0
0
0
0
0
0
0
0
0
0
0
0
0
0
0
0
0
0
0
0
0
0
0
0
0
0
0
0
0
0
0
0
0
0
0
0
0
0
0
0
0
0
0
0
0
0
0
0
0
0
0
0
0
0
0
0
0
0
0
0
0
0
0
0
0
0
0
0
0
0
0
0
0
0
0
0
0
0
0
0
0
0
0
0
0
0
0
0
0
0
0
0
0
0
0
0
0
0
0
0
0
0
0
0
0
0
0
0
0
0
0
0
0
0
0
0
0
0
0
0
0
0
0
0
0
0
0
0
0
0
0
0
0
0
0
0
0
0
0
0
0
0
0
0
0
0
0
0
0
0
0
0
0
0
0
0
0
0
0
0
0
0
0
0
0
0
0
0
0
0
0
0
0
0
0
0
0
0
0
0
0
0
0
0
0
0
0
0
0
0
0
0
0
0
0
0
0
0
0
0
0
0
0
0
0
0
0
0
0
0
0
0
0
0
0
0
0
0
0
0
0
0
0
0
0
0
0
0
0
0
0
0
0
0
0
0
0
0
0
0
0
0
0
0
0
0
0
0
0
0
0
0
0
0
0
0
0
0
0
0
0
0
0
0
0
0
0
0
0
0
0
0
0
0
0
0
0
0
0
0
0
0
0
0
0
0
0
0
0
0
0
0
0
0
0
0
0
0
0
0
0
0
0
0
0
0
0
0
0
0
0
0
0
0
0
0
0
0
0
0
0
0
0
0
0
0
0
0
0
0
0
0
0
0
0
0
0
0
0
0
0
0
0
0
0
0
0
0
0
0
0
0
0
0
0
0
0
0
0
0
0
0
0
0
0
0
0
0
0
0
0
0
0
0
0
0
0
0
0
0
0
0
0
0
0
0
0
0
0
0
0
0
0
0
0
0
0
0
0
0
0
0
0
0
0
0
0
0
0
0
0
0
0
0
0
0
0
0
0
0
0
0
0
0
0
0
0
0
0
0
0
0
0
0
0
0
0
0
0
0
0
0
0
0
0
0
0
0
0
0
0
0
0
0
0
0
0
0
0
0
0
0
0
0
0
0
0
0
0
0
0
0
0
0
0
0
0
0
0
0
0
0
0
0
0
0
0
0
0
0
0
0
0
0
0
0
0
0
0
0
0
0
0
0
0
0
0
0
0
0
0
0
0
0
0
0
0
0
0
0
0
0
0
0
0
0
0
0
0
0
0
0
0
0
0
0
0
0
0
0
0
0
0
0
0
0
0
0
0
0
0
0
0
0
0
0
0
0
0
0
0
0
0
0
0
0
0
0
0
0
0
0
0
0
0
0
0
0
0
0
0
0
0
0
0
0
0
0
0
0
0
0
0
0
0
0
0
0
0
0
0
0
0
0
0
0
0
0
0
0
0
0
0
0
0
0
0
0
0
0
0
0
0
0
0
0
0
0
0
0
0
0
0
0
0
0
0
0
0
0
0
0
0
0
0
0
0
0
0
0
0
0
0
0
0
0
0
0
0
0
0
0
0
0
0
0
0
0
0
0
0
0
0
0
0
0
0
0
0
0
0
0
0
0
0
0
0
0
0
0
0
0
0
0
0
0
0
0
0
0
0
0
0
0
0
0
0
0
0
0
0
0
0
0
0
0
0
0
0
0
0
0
0
0
0
0
0
0
0
0
0
0
0
0
0
0
0
0
0
0
0
0
0
0
0
0
0
0
0
0
0
0
0
0
0
0
0
0
0
0
0
0
0
0
0
0
0
0
0
0
0
0
0
0
0
0
0
0
0
0
0
0
0
0
0
0
0
0
0
0
0
0
0
0
0
0
0
0
0
0
0
0
0
0
0
0
0
0
0
0
0
0
0
0
0
0
0
0
0
0
0
0
0
0
0
0
0
0
0
0
0
0
0
0
0
0
0
0
0
0
0
0
0
0
0
0
0
0
0
0
0
0
0
0
0
0
0
0
0
0
0
0
0
0
0
0
0
0
0
0
0
0
0
0
0
0
0
0
0
0
0
0
0
0
0
0
0
0
0
0
0
0
0
0
0
0
0
0
0
0
0
0
0
0
0
0
0
0
0
0
0
0
0
0
0
0
0
0
0
0
0
0
0
0
0
0
0
0
0
0
0
0
0
0
0
0
0
0
0
0
0
0
0
0
0
0
0
0
0
0
0
0
0
0
0
0
0
0
0
0
0
0
0
0
0
0
0
0
0
0
0
0
0
0
0
0
0
0
0
0
0
0
0
0
0
0
0
0
0
0
0
0
0
0
0
0
0
0
0
0
0
0
0
0
0
0
0
0
0
0
0
0
0
0
0
0
0
0
0
0
0
0
0
0
0
0
0
0
0
0
0
0
0
0
0
0
0
0
0
0
0
0
0
0
0
0
0
0
0
0
0
0
0
0
0
0
0
0
0
0
0
0
0
0
0
0
0
0
0
0
0
0
0
0
0
0
0
0
0
0
0
0
0
0
0
0
0
0
0
0
0
0
0
0
0
0
0
0
0
0
0
0
0
0
0
0
0
0
0
0
0
0
0
0
0
0
0
0
0
0
0
0
0
0
0
0
0
0
0
0
0
0
0
0
0
0
0
0
0
0
0
0
0
0
0
0
0
0
0
0
0
0
0
0
0
0
0
0
0
0
0
0
0
0
0
0
0
0
0
0
0
0
0
0
0
0
0
0
0
0
0
0
0
0
0
0
0
0
0
0
0
0
0
0
0
0
0
0
0
0
0
0
0
0
0
0
0
0
0
0
0
0
0
0
0
0
0
0
0
0
0
0
0
0
0
0
0
0
0
0
0
0
0
0
0
0
0
0
0
0
0
0
0
0
0
0
0
0
0
0
0
0
0
0
0
0
0
0
0
0
0
0
0
0
0
0
0
0
0
0
0
0
0
0
0
0
0
0
0
0
0
0
0
0
0
0
0
0
0
0
0
0
0
0
0
0
0
0
0
0
0
0
0
0
0
0
0
0
0
0
0
0
0
0
0
0
0
0
0
0
0
0
0
0
0
0
0
0
0
0
0
0
2.96296
0
0
0
5.92593
0
0
2.96296
0
0
0
2.96296
0
2.96296
0
0
0
0
0
0
0
0
0
0
0
0
0
0
0
0
0
0
0
0
0
0
0
0
0
0
0
0
0
0
0
0
0
0
0
0
0
0
0
0
0
0
0
0
0
0
0
0
0
0
0
0
0
0
0
0
0
0
0
0
0
0
0
0
0
0
0
0
0
0
0
0
0
0
0
0
0
0
0
0
0
0
0
0
0
0
0
0
0
0
0
0
0
0
0
0
0
0
0
0
0
0
0
0
0
0
0
0
0
0
0
0
0
0
0
0
0
0
0
0
0
0
0
0
0
0
0
0
0
0
0
0
0
0
0
0
0
0
0
0
0
0
0
0
0
0
0
0
0
0
0
0
0
0
0
0
0
0
0
0
0
0
0
0
0
0
0
0
0
0
0
0
0
0
0
0
0
0
0
0
0
0
0
0
0
0
0
0
0
0
0
0
0
0
0
0
0
0
0
0
0
0
0
0
0
0
0
0
0
0
0
0
0
0
0
0
0
0
0
0
0
0
0
0
0
0
0
0
0
0
0
0
0
0
0
0
0
0
0
0
0
0
0
0
0
0
0
0
0
0
0
0
0
0
0
0
0
0
0
0
0
0
0
0
0
0
0
0
0
0
0
0
0
0
0
0
0
0
0
0
0
0
0
0
0
0
0
0
0
0
0
0
0
0
0
0
0
0
0
0
0
0
0
0
0
0
0
0
0
0
0
0
0
0
0
0
0
0
0
0
0
0
0
0
0
0
0
0
0
0
0
0
0
0
0
0
0
0
0
0
0
0
0
0
0
0
0
0
0
0
0
0
0
0
0
0
0
0
0
0
0
0
0
0
0
0
0
0
0
0
0
0
0
0
0
0
0
0
0
0
0
0
0
0
0
0
0
0
0
0
0
0
0
0
0
0
0
0
0
0
0
0
0
0
0
0
0
0
0
0
0
0
0
0
0
0
0
0
0
0
0
0
0
0
0
0
0
0
0
0
0
0
0
0
0
0
0
0
0
0
0
0
0
0
0
0
0
0
0
0
0
0
0
0
0
0
0
0
0
0
0
0
0
0
0
0
0
0
0
1.48148
0
0
2.96296
0
2.96296
1.48148
5.92593
0
1.48148
2.96296
2.96296
2.96296
2.96296
2.96296
8.88889
0
2.96296
0
2.96296
0
2.96296
0
0
5.92593
0
0
2.96296
0
0
0
1.48148
2.96296
4.44444
0
0
0
0
2.96296
8.88889
1.48148
0
0
0
0
5.92593
1.48148
0
2.96296
1.48148
0
0
0
0
0
0
0
5.92593
0
2.96296
2.96296
0
0
2.96296
0
0
0
0
0
0
0
1.48148
0
0
0
0
0
0
0
0
0
0
0
0
0
0
0
0
0
0
0
0
0
0
0
0
0
0
0
0
0
0
0
0
0
0
0
0
0
0
0
0
0
0
0
0
0
0
0
0
0
0
0
0
0
0
0
0
0
0
0
0
0
0
0
0
0
0
0
0
0
0
0
0
0
0
0
0
0
0
0
0
0
0
0
0
0
0
0
0
0
0
0
0
0
0
0
0
0
0
0
0
0
0
0
0
0
0
0
0
0
0
0
0
0
0
0
0
0
0
0
0
0
0
0
0
0
0
0
0
0
0
0
0
0
0
0
0
0
0
0
0
0
0
0
0
0
0
0
0
0
0
0
0
0
0
0
0
0
0
0
0
0
0
0
0
0
0
0
0
0
0
0
0
0
0
0
0
0
0
0
0
0
0
0
0
0
0
0
0
0
0
0
0
0
0
0
0
0
0
0
0
0
0
0
0
0
0
0
0
0
0
0
0
0
0
0
0
0
0
0
0
0
0
0
0
0
0
0
0
0
0
0
0
0
0
0
0
0
0
0
0
0
0
0
0
0
0
0
0
0
0
0
0
0
0
0
0
0
0
0
0
0
0
0
0
0
0
0
0
0
0
0
0
0
0
0
0
0
0
0
0
0
0
0
0
0
0
0
0
0
0
0
0
0
0
0
0
0
0
0
0
0
0
0
0
0
0
0
0
0
0
0
0
0
0
0
0
0
0
0
0
0
0
0
0
0
0
0
0
0
0
0
0
0
0
0
0
0
0
0
0
0
0
0
0
0
0
0
0
0
0
0
0
0
0
0
0
0
0
0
0
0
0
0
0
0
0
0
0
0
0
0
0
0
0
0
0
0
0
0
0
0
0
0
0
0
0
0
0
0
0
0
0
0
0
0
0
0
0
0
0
0
0
2.96296
0
0
0
2.96296
0
0
0
0
2.96296
0
0
0
0
0
0
2.96296
0
2.96296
0
0
2.96296
0
0
2.96296
0
0
0
0
0
0
0
0
0
0
0
0
0
0
2.96296
0
