1.204207 -0.521885 -0.122804
1.090233 0.242553 -1.035650
1.060583 -1.372559 -0.070745
1.578756 -0.444527 -0.016462
1.535237 -0.505555 -0.338450
0.634640 0.313700 0.840600
0.090366 -0.628234 0.026836
8.447795 -0.171425 1.020346
-0.012278 -0.568445 -0.578962
2.887444 -2.116755 -2.801896
2.325000 0.169055 -1.084145
-5.081047 -5.080789 0.190915
2.680363 -3.934865 -1.166448
-0.151439 0.067532 -1.026455
-0.274209 -0.126574 0.408131
4.172904 1.001023 0.083879
-1.007198 1.085376 0.735460
0.638608 3.583015 -0.998486
0.750315 -0.350693 0.225014
9.091001 11.529365 3.033173
-4.200012 4.243778 1.059578
1.341673 0.488034 -0.898486
-0.445902 -0.242028 0.051593
1.401489 2.659104 0.751189
5.678268 10.186490 0.503413
1.814963 1.174337 2.221804
-1.754306 3.375424 1.852186
7.475886 11.316073 -2.578827
-3.498447 2.760242 1.327905
1.628272 -0.754916 3.068203
-0.059470 2.319461 -2.552897
-0.254577 0.181246 1.492830
2.886746 -2.170628 5.309193
-0.176440 -0.648240 1.705604
0.022494 -1.225178 1.939480
-0.287056 0.005750 1.019403
0.315043 1.140908 1.593715
0.711569 0.422974 0.876380
-0.852265 -0.105305 1.493781
-2.141340 0.017639 -0.817969
1.190678 5.145054 5.338629
0.083219 1.402860 -2.967528
1.617037 -7.668948 -0.625233
12.370071 12.188595 4.906428
6.074604 6.235733 3.634689
2.332186 2.051013 1.812601
-1.327081 -1.969686 1.213432
0.784004 -0.559226 0.123012
-1.230645 2.136624 0.966177
-0.293556 0.171417 1.260794
-0.566957 -0.639218 -0.970468
-2.606949 -0.332555 4.773221
-0.259828 1.332452 1.453017
-0.067901 1.761665 1.153110
-1.081100 -0.975538 1.019812
-2.475504 1.425069 3.398314
-0.934995 3.205762 5.491799
-0.356253 0.234068 0.212335
-1.658436 -0.333977 0.674119
0.337922 0.606753 0.040808
3.939341 -1.120449 6.372955
-0.625852 0.239121 1.084596
-0.372050 0.836572 0.753017
-0.212692 -0.117719 1.932304
-0.451610 0.407267 1.484126
1.392211 -1.272204 2.154184
-0.031203 -1.208851 0.935039
0.364576 2.534481 1.982859
0.867146 0.521071 1.363654
-0.706245 -0.602680 3.369973
-0.578851 1.059261 3.008151
1.854453 -0.771793 1.060975
0.461396 0.894069 1.683723
-1.852608 1.714343 0.416728
-1.528624 -0.180261 2.184646
-0.689324 -0.497261 1.037303
-1.004920 -0.487306 1.007448
0.524194 -0.467997 5.201325
0.402695 -0.854234 5.503383
1.610640 0.027621 3.132345
1.456565 2.996365 1.011039
1.107011 -1.803188 0.164160
3.083386 -6.754313 -0.166813
-0.586433 0.241703 1.689699
12.057279 -0.272471 -3.351486
1.642556 3.732796 4.866516
-0.788006 -3.659489 -0.378440
-0.198030 0.972266 -1.149889
-0.678285 1.797026 -0.775277
-6.714234 3.411095 4.951198
2.440641 -6.480713 -0.921968
15.250542 9.397418 -8.341081
2.592502 6.493123 -0.811220
1.258009 1.280794 2.697180
-0.900650 -0.511332 3.837343
-0.059613 -0.885904 0.581295
1.066801 -1.044429 -0.665006
0.458187 -0.601174 0.101945
1.981956 -0.253613 -1.363742
-1.700164 -2.683852 4.892528
2.965544 -2.101285 -3.664671
1.550964 -0.549358 2.820721
0.531358 -0.283900 2.319621
-0.244639 6.179219 4.392207
-3.876514 1.937533 3.742693
-0.864175 0.388160 0.730686
0.051974 0.102509 1.099875
-1.633374 0.986395 0.745710
0.375268 0.013832 1.584810
-1.672965 2.348607 1.939465
-2.815302 -0.199567 1.614332
-2.038853 0.431501 1.063541
-1.781238 0.772962 1.232441
-1.015562 2.355808 -0.236328
0.035156 -0.804750 0.182595
9.800233 12.929556 0.767844
-4.739812 6.334679 0.083157
-1.681815 1.313124 0.357655
-1.684722 0.843720 0.517403
-1.203009 0.624851 -0.076296
1.389834 -0.100970 1.878972
-0.490279 -0.369758 1.974030
-0.079158 1.044173 4.022832
0.791079 -0.920352 2.164031
0.083575 -0.696094 3.669964
0.446612 -0.982287 3.840983
0.107324 0.945799 4.071639
3.660072 -1.248733 4.994344
3.038114 -0.337055 -0.781408
-2.406531 1.749165 1.437313
-2.212451 3.818012 4.623618
-2.950065 2.330372 4.157753
-4.843157 0.286491 5.432504
0.769263 -0.804915 0.025712
1.755362 -0.874734 -0.717260
2.322978 -0.750936 -0.531038
15.015237 -6.448448 -21.591408
1.858451 -2.318159 5.324224
11.407370 -6.139243 -13.930704
1.373215 -1.384300 1.665143
16.472447 -7.717904 -14.764557
-7.046432 6.811701 10.213449
-9.309942 2.348008 12.958687
-6.284125 2.603618 -5.502195
0.643652 3.109433 -1.122989
2.071826 -0.221576 0.917861
2.079193 -3.281453 -0.933423
-5.413357 -0.812804 7.307767
5.676384 -0.000326 -0.000717
2.407693 1.308155 3.998381
0.394283 -2.016896 2.347123
0.500916 0.164892 1.166237
0.051506 1.077269 -0.958190
-0.401482 -1.070480 -0.752327
2.700303 -0.584819 0.104506
-0.473888 0.474132 -0.544068
0.718359 -1.157689 1.920902
3.027854 -0.467021 2.709528
-1.066785 1.307461 9.092928
1.924876 -3.429957 5.570354
-3.818122 1.043857 -2.529534
-1.624468 0.033574 -0.953875
-0.931871 0.625773 -1.096940
-1.997125 0.676603 -0.734384
-0.718048 0.541877 -0.678216
-0.886786 -0.363303 -1.520279
-0.912384 1.039820 -1.487241
-1.615617 0.879575 -2.668461
-2.123032 1.176252 -0.359823
2.125425 0.954469 0.341950
2.441805 0.675361 2.404713
3.956376 7.323727 5.283083
-2.589473 1.555297 2.499308
-0.535902 0.575908 -0.076276
-1.007195 0.485406 0.167166
-0.916151 2.048253 -0.137508
1.069135 0.294599 1.558758
-1.361570 -0.416049 -0.941849
-1.183720 2.288906 2.485305
-0.481183 0.306152 -0.409465
-0.596882 -0.606994 0.747116
0.915950 -0.844930 -1.866261
-0.531408 0.278683 -0.419500
1.551234 -1.465971 -0.349202
-1.728681 0.896870 0.507905
-1.913400 0.465692 -1.972499
0.295611 0.920268 -3.048040
-2.121216 1.919868 -1.351494
-1.462964 -0.442972 -1.770798
-0.907384 1.975103 -1.920467
-2.224189 -0.142963 -0.953491
-0.699166 0.465534 -0.719224
-0.926605 5.071702 10.131486
0.469382 -0.986386 4.200576
1.423498 0.130267 -3.152187
0.493770 -1.983895 7.493871
6.012931 -2.841276 4.804793
1.654223 0.104560 2.711199
0.745466 -0.889521 2.720139
1.115218 -1.008706 0.248349
1.541418 0.322617 3.942336
2.240094 -0.837481 -1.799071
2.915620 -0.979160 4.670701
1.957769 -0.699213 0.220787
3.377793 -1.501240 6.217448
1.916900 -1.776502 0.838816
1.650747 -0.323342 1.329965
1.519688 -0.143321 4.383835
6.417020 9.048261 -0.911702
2.081091 -3.114317 0.771176
-3.035520 3.922175 1.409157
2.537179 5.230304 0.655307
-2.514980 3.040965 1.501485
1.933084 0.512395 3.740021
-1.101179 1.330050 -2.188982
-0.073247 0.324891 3.110217
0.017685 0.661466 -1.509461
-0.162108 -0.522313 -0.704747
-0.923181 0.683757 0.488780
-1.295292 -0.383526 1.482769
-0.528482 -0.538696 -0.109752
-0.555174 -1.897438 1.346611
1.141242 2.033281 1.940599
-0.956459 -0.342609 -0.150371
-0.601236 1.249651 0.543574
-0.506888 0.510228 1.308278
-0.625975 0.065243 3.892779
-0.612305 1.318829 0.234241
-0.676398 0.584984 3.720221
-0.727428 0.130548 0.492052
-0.401063 0.816601 -0.381035
-0.188235 0.450814 -0.745714
-0.025668 -0.158530 -5.729978
-1.027337 -0.194788 -2.997182
0.280209 0.883373 -4.892201
-1.585717 1.131352 -3.504018
-0.777732 -0.265205 -4.840211
-0.312308 -0.722871 -2.473492
-0.557238 2.612816 -0.080519
0.594404 -1.169722 -2.211309
-2.466522 0.728567 -4.014950
-1.895235 2.563921 -1.785843
-1.617702 0.729117 -2.952001
-0.471446 0.185590 -1.199661
-1.640425 1.425086 -2.227474
-0.406300 1.083877 -2.328516
-0.769834 -0.467284 -1.017965
-0.331437 0.573082 -3.284118
0.683023 -1.548081 1.315544
0.543209 -0.027975 -3.963391
-0.775408 -0.024890 -2.827859
-0.363108 -0.126711 -4.706173
-0.739966 0.943260 -2.054252
-0.481564 2.440355 -3.840482
-3.383183 -1.396017 -0.607544
4.510395 -3.443256 4.304193
0.315390 0.117849 -3.920260
-0.430311 1.281729 -2.578691
0.925551 0.787985 -5.133159
0.779718 -0.593968 -4.632966
-0.981147 0.229535 -3.236545
-0.462940 -0.194572 -1.137173
2.219639 -1.131692 -2.317018
-0.000176 0.013843 -3.368857
-0.812318 0.299862 -0.355184
2.079792 -1.437584 1.152043
1.677707 0.922297 -0.480925
-7.780255 -5.368704 -3.536351
2.004187 -3.529221 -0.924134
2.402149 -0.300967 -0.606614
-0.702047 2.298478 4.215924
5.994587 1.114494 1.048982
1.995808 0.086290 -0.533076
-1.099953 1.803179 -0.112970
-1.805827 4.071478 -1.167813
-0.416444 -0.376557 -0.484070
-4.053585 -0.196727 -0.979359
-0.068114 -1.607301 -2.623251
0.973282 2.008366 1.338832
1.942249 -0.171079 2.461094
-0.427016 0.980576 -0.346918
3.727028 -2.373620 5.521158
2.331348 -1.166729 -1.878452
1.772124 3.772536 1.763408
-0.885068 1.611818 1.637814
-1.466653 -2.695266 2.261299
-4.333395 5.808819 14.142937
-1.391196 0.127648 -0.254163
3.279036 7.067027 -3.021482
3.004627 -2.113932 0.472577
-0.382503 4.533744 -1.219421
-1.816820 2.318043 -0.896947
-1.698329 -3.620241 -1.841296
-5.747844 -2.198987 9.685961
-6.377110 6.719448 -5.097105
3.207378 -0.527594 1.525679
-1.346337 0.443117 0.685126
-1.401227 1.053821 6.037716
-2.772880 -2.862569 -7.409004
12.677976 -8.743553 -2.748500
-2.926615 3.762447 -1.128937
0.082115 0.447987 -0.093448
-2.021122 0.084057 2.470824
3.968972 0.205890 -8.266685
-5.577057 16.858593 -13.488277
0.568382 -1.008786 -1.425691
2.991319 1.282040 -1.065957
-0.696601 1.254823 -2.041883
2.535337 -7.082725 0.011956
-3.741990 -2.317600 5.778852
-22.201013 10.196936 20.995879
1.182350 0.377313 -3.965125
-0.524943 0.140919 0.192822
2.925835 -1.831480 10.479342
-3.027712 -1.898909 -8.286258
8.279119 -12.975125 -3.536583
-0.875716 2.283302 -2.271739
1.094482 0.212234 -0.187203
-1.177887 -0.437819 1.934343
4.075971 -0.630582 -9.035615
-5.144185 22.518800 -17.195315
0.248140 -1.156382 1.207000
4.176117 -1.474273 1.702354
0.158901 0.316712 0.063365
6.985839 -8.067572 -3.319077
-3.958044 -3.552769 27.627253
-7.369679 0.682570 1.925823
1.713906 1.011599 0.415410
4.322354 5.463774 -0.572334
-4.912081 2.419015 4.955545
-6.444610 1.236763 -5.746106
11.521016 -14.226268 -8.206460
-1.306837 2.404536 -0.150074
4.661881 0.450822 1.332003
3.515434 -5.507218 -3.138761
-13.962528 1.453076 -6.971984
3.646228 4.397520 -0.153281
3.157649 -2.422448 4.128804
-0.311302 0.607537 -6.023706
-18.012907 4.474843 -1.933631
1.663680 -1.391169 1.072903
1.292170 -0.790412 0.882645
-0.775303 0.844736 0.024663
2.200399 0.101350 -1.539076
-4.462998 -12.473812 5.329289
-6.175658 1.108990 -1.964326
3.064887 -6.305473 6.752595
-0.200077 0.646538 -0.696414
1.490856 5.594832 6.800083
2.018197 -0.267634 -21.400754
2.892295 -4.928989 0.649271
-0.256236 -1.402491 -1.878622
0.862616 -0.719803 3.831657
-1.123350 5.719539 -0.651564
0.002384 -2.386759 1.412819
-5.237716 -7.259434 -3.978173
2.741874 1.204280 1.485925
3.330632 -0.724037 2.799458
5.511984 -1.266668 -3.332962
-1.548452 1.636043 -11.856565
-1.752300 -18.108847 3.156880
-1.242160 2.532528 -2.092314
-0.575851 -1.369211 7.151927
-0.110459 0.911084 -0.437619
-4.017220 4.824890 8.068309
-4.401278 0.284582 -21.525255
8.859143 -4.266598 -0.859201
-2.848811 -1.926076 -0.996575
1.211361 -0.786748 3.183106
3.185193 0.586430 0.747112
3.713745 -10.261387 -2.151780
-7.485781 15.798602 -5.061831
5.434068 5.733673 -0.387908
0.972422 0.065870 -1.174509
-0.046361 -1.200557 0.341865
-1.738720 -0.488548 -8.035241
-0.899478 -13.163552 -2.986048
-4.155184 0.690917 0.026063
-0.497001 -1.780366 2.601318
-0.527506 0.093838 -0.602795
-3.272530 3.369644 -3.869737
-4.681367 -1.444789 2.533276
-1.080156 -3.141294 3.005305
0.268253 -0.375701 1.943764
0.627902 0.121322 1.788704
0.090028 -0.543623 -4.660664
0.603642 -6.538377 -0.403650
-22.381752 7.076492 -7.200640
7.105559 1.706712 1.971792
-1.288197 1.690356 2.685154
0.532550 0.374484 -2.579876
-1.075985 -0.202420 -3.001659
-0.368966 -25.193571 5.665564
0.073330 0.618368 4.962480
-1.025717 -0.137668 0.583123
0.425287 1.007094 1.617278
-7.018074 7.497740 5.918051
-0.104485 -1.873681 -25.548501
11.257893 -2.820055 -0.259148
-2.577677 -1.172478 -0.380279
0.857928 -0.937281 1.478017
0.850104 -0.828832 -2.820602
1.806060 -5.687667 -3.183092
-18.221096 5.245059 -2.696704
5.745072 1.281693 -1.117044
0.048513 1.642378 3.226355
2.081761 -0.932898 -3.060879
-1.693348 -0.503957 -4.232415
1.695906 -24.279368 -4.865846
-10.283595 4.117317 -2.188385
17.128328 -6.653613 -16.807968
13.120165 -6.410169 -20.990255
2.437586 1.194362 -0.809805
-2.491662 -0.703048 -19.158850
-1.092779 1.783474 12.271193
-3.962138 1.354697 1.089541
0.069074 3.458996 6.579041
3.043004 -0.614487 3.545031
2.036743 -5.641196 -3.421393
-16.328629 6.670246 -7.454243
10.169264 -1.628025 4.455026
1.148744 -0.211559 -0.189291
1.066916 -1.280581 1.384817
0.903277 -0.870238 -2.170534
-1.617781 -22.519030 4.301220
-9.577288 -0.745779 4.171577
-0.744659 -0.923093 0.405458
1.419333 -0.654006 -2.046476
-4.397066 5.521512 2.979953
6.524680 0.883744 -10.460411
6.403976 -6.848402 -1.690251
-2.361761 -1.417332 0.330018
-0.307649 0.215344 1.423208
0.430843 -1.049256 -0.973654
1.448592 -6.243255 -8.144113
-14.555898 2.432592 -7.884066
6.026736 2.058335 -1.246705
0.632937 4.234297 4.704605
-3.607045 -2.051164 4.651391
4.064426 -2.213850 -4.919799
-8.061614 -9.022551 6.527657
-1.261657 2.307875 10.492336
2.267088 2.974132 -2.258577
1.829040 -1.887683 -7.682501
-0.496253 -4.205968 -19.998512
-9.230209 3.890462 3.501046
1.719714 0.283836 3.343796
-0.100709 -2.355258 -6.809532
0.537433 -7.656112 -15.981243
1.354724 -3.412382 -0.198263
1.180789 -2.324113 -4.828889
0.405868 -0.295662 -0.074335
-1.127695 2.131090 -0.340309
-2.994011 3.020595 -0.219200
-16.920848 2.583019 7.536781
3.857234 0.475847 10.624804
0.378653 -0.068093 3.846544
-3.414475 0.771933 3.633836
-2.544095 -2.335966 -5.146867
-0.804895 -18.785188 -6.787289
8.748784 0.180612 -4.873656
-4.629751 6.676816 11.938390
-7.088749 -0.380013 9.631662
2.703897 -1.924662 -1.075854
0.037455 -4.542546 -13.941318
-5.960904 -1.193423 1.838007
-0.202738 -1.272752 -2.549263
-0.157526 0.093864 -0.360018
-1.598443 2.308378 2.036491
-1.037330 2.513836 -4.544836
-14.300354 2.130029 5.943320
-0.210193 1.458697 6.312786
1.071376 6.740802 0.314424
-1.717131 0.227586 1.375607
-2.872257 -5.818365 0.285406
-4.281487 -17.915480 0.031530
9.161422 2.744881 1.637697
0.187686 2.417476 1.441937
-4.015016 0.351751 2.254903
0.620968 0.205883 -4.822445
