2176.0000 0.05 1
1.11111
4.44444
11.1111
2.22222
11.1111
4.44444
13.3333
11.1111
20
11.1111
6.66667
11.1111
24.4444
23.3333
17.7778
23.3333
28.8889
16.6667
13.3333
34.4444
16.6667
11.1111
2.22222
10
14.4444
14.4444
36.6667
40
23.3333
40
11.1111
26.6667
17.7778
31.1111
24.4444
32.2222
31.1111
23.3333
40
24.4444
32.2222
46.6667
36.6667
47.7778
70
55.5556
56.6667
41.1111
80
104.444
97.7778
126.667
127.778
134.444
151.111
148.889
161.111
190
187.778
206.667
214.444
267.778
192.222
232.222
225.556
293.333
235.556
281.111
253.333
261.111
290
300
320
333.333
321.111
347.778
288.889
343.333
302.222
315.556
291.111
303.333
291.111
273.333
321.111
268.889
251.111
278.889
300
298.889
311.111
314.444
324.444
305.556
336.667
320
317.778
292.222
292.222
298.889
303.333
294.444
327.778
355.556
321.111
355.556
376.667
361.111
355.556
350
336.667
297.778
251.111
217.778
175.556
162.222
188.889
241.111
264.444
333.333
345.556
398.889
415.556
400
430
413.333
447.778
404.444
375.556
358.889
344.444
371.111
347.778
397.778
383.333
373.333
383.333
427.778
408.889
456.667
406.667
410
413.333
350
360
374.444
373.333
371.111
436.667
412.222
413.333
443.333
398.889
336.667
361.111
322.222
348.889
311.111
330
260
278.889
261.111
265.556
268.889
242.222
220
278.889
211.111
243.333
215.556
228.889
264.444
221.111
242.222
234.444
216.667
206.667
225.556
178.889
203.333
178.889
195.556
175.556
176.667
252.222
235.556
235.556
211.111
218.889
168.889
175.556
197.778
257.778
238.889
222.222
267.778
245.556
226.667
260
352.222
337.778
320
298.889
336.667
307.778
331.111
380
407.778
433.333
428.889
445.556
432.222
505.556
477.778
496.667
471.111
428.889
354.444
311.111
227.778
124.444
15.5556
3.33333
0
0
0
0
0
2.22222
0
0
0
0
0
0
0
0
0
0
0
0
0
2.22222
0
0
0
4.44444
0
2.22222
0
2.22222
4.44444
2.22222
2.22222
3.33333
2.22222
0
4.44444
2.22222
4.44444
6.66667
0
2.22222
4.44444
1.11111
0
2.22222
0
0
2.22222
0
2.22222
0
