72.0000 0.05 1
0.0333333
0.266667
0
0.4
0
0.2
0.0666667
1
0.4
0
0
0.4
0.4
0.466667
0.8
0.4
0.2
0.4
1.2
0
0.4
0.6
0.466667
0.4
1.2
0.8
0.4
0.6
1.2
0.8
0
0
0.8
0.466667
2.4
0.8
0.8
1.2
0.8
0
1.4
0.4
0.4
1.66667
1.4
2
1.2
0.4
0.8
2.4
0.4
1.6
1.26667
1.8
1.2
2.4
0.4
1.26667
2.4
0.9
6.53333
3.6
5
5.73333
5.26667
3.8
7.6
8.4
5.6
5.8
6
9.7
7
8.9
6.8
8
5.2
6.8
11.2
13.6
7.66667
7.33333
5.4
9.2
9.1
10.8
15.4
7.2
10.4
7.8
5.8
7.6
8.46667
7.73333
9.2
6.4
2.6
7
6.4
11.8
15.0667
10.9333
11.2
7.2
10.2
7.6
8.6
10.2
7.2
6.2
13.2
4.2
11.6
9.2
11.6
11.6
11.2
14.2
15
8.6
10
6.4
13.8
4.8
4.8
6
3.6
5.6
4.8
5.2
10.8
8.06667
12.1333
19
11.2
12.4
18.2667
15.3667
9.4
10.2667
11.3333
15.0333
14.6667
12.8667
10.4
7.46667
15.8667
8.6
13.3
14.4
8.16667
13.9333
18.3333
13.6
9.2
13
11.4
14.2
14.4
13.1
14.2
13.8
12.4
10.6667
11.2
8.2
8.73333
11.6667
9.4
8.2
5.86667
10.2
5.53333
7.6
6
8.8
10
9
7.73333
5
4.6
4.2
8.66667
5.6
9.73333
4.33333
12.2
6.06667
4.4
6.2
6.2
2.4
5.93333
6.2
5.06667
6.73333
5.26667
11.2
7.66667
9.13333
4.33333
4.8
3.7
5.93333
1.86667
9.73333
5.2
5.13333
11.4
11.0667
9.93333
4.4
8.6
14.5333
8.86667
11.5333
3.4
9.73333
9.6
9.8
9.73333
15.9
13.2333
11.8667
13.5333
13.4
14.2
11.4667
21.7333
18.5
11.2
14
15
7.46667
13.3333
11.7667
7.8
4
3.63333
2
1.6
3.53333
3.06667
1.6
0.8
0.4
1.6
0.8
6.8
3.2
2.4
2.6
3.2
0.2
4
1
3.4
1.6
2
1.8
1.6
1.2
2.8
1.4
0.8
1.2
5.4
2.4
5.6
2
2.2
1
2
2.1
1.6
1.2
1.2
2
3.2
1.8
0.8
2.8
3.8
2.2
1.6
1.6
1.6
2
1.6
3.2
1.6
1
1.06667
1.53333
3.4
0.6
2.8
1.8
1.73333
3.06667
2
3.4
0.1
1.2
2.6
3.6
1.8
1.2
1.13333
3.46667
1.2
3.2
5.33333
1.46667
1.2
1.66667
2.13333
0.666667
0.933333
0
1.6
2.8
5.2
3.4
3.2
0
0.4
0
0
0.8
2.8
1.6
0.4
2.6
2.4
1.6
0.8
2
1.8
0.8
1
0
0.8
0
3.4
0.4
0.8
1.4
2.8
1.8
1.4
1.8
0.8
1.4
1.83333
0.6
1.6
0.2
0.4
1.8
1.2
1.2
6.06667
4.4
2.8
4.4
5
3.2
2
8.4
3
5.8
1.4
4.4
2
3.8
3.2
4.8
4.6
3.9
3.53333
3.33333
1.13333
1.2
2.46667
3.2
4.46667
3.33333
2.6
2.8
4.8
3.2
4.4
3.46667
1.13333
2.4
1.6
1.6
5.2
2.2
1.6
4.4
4.4
1.6
1.2
0.6
1.8
2
2.4
2.66667
1.73333
3.2
3.6
2.26667
5.6
6.8
3.8
5.8
3.3
1.6
1.2
0.8
0.8
1.6
0.666667
1.73333
5.6
2.4
1.6
3.8
2.4
1.8
4.2
2.8
3.8
1.2
3.3
3.4
2.26667
3.33333
3.6
2.26667
3.73333
2.8
2.9
5.26667
3.2
3.2
2.2
2.2
1.6
0.2
2.86667
2.53333
3.8
2
5.2
3
0.533333
3.26667
3.2
2
5.6
0.666667
1.73333
4
2
2.4
3.2
2.6
2.8
2.4
3.2
5.2
1.8
2.2
2.06667
3.2
3.2
3.6
2.4
1.93333
1.46667
2.4
5.2
3.2
3.66667
1.66667
2.93333
3.8
3.26667
6.6
1.06667
5.2
4.6
4.86667
3.13333
6.33333
5.4
2.7
5.73333
4.8
7.33333
1.86667
4.2
2.53333
4.73333
5.13333
4.33333
6.8
5.2
7.6
10.9333
4.13333
6.4
5.73333
7.2
5.4
5.4
5.4
2.53333
6.3
3.3
4.56667
3.33333
6.2
4.76667
6.26667
1.86667
2.66667
4.13333
3.93333
4.06667
3
2.93333
3.43333
3.56667
2.96667
2.06667
1.8
2.06667
1.2
3.06667
1.6
1.86667
1.26667
0.8
0.466667
0.0333333
0.666667
0.266667
0.266667
0.533333
0.266667
0.266667
0.133333
0.733333
0
0.533333
0
0.4
0.133333
0.4
0
0.333333
0
0.0666667
0.2
0
0
0.266667
0.266667
0.8
0
0
0
0
0.133333
0
