2176.0000 0.05 1
1.11111
4.44444
11.1111
2.22222
11.1111
4.44444
13.3333
11.1111
20
11.1111
6.66667
11.1111
24.4444
23.3333
17.7778
23.3333
26.6667
18.8889
13.3333
32.2222
18.8889
8.88889
4.44444
10
14.4444
16.6667
34.4444
40
23.3333
40
11.1111
26.6667
17.7778
31.1111
24.4444
32.2222
26.6667
27.7778
40
24.4444
32.2222
46.6667
36.6667
47.7778
70
55.5556
56.6667
41.1111
80
108.889
93.3333
126.667
127.778
138.889
148.889
144.444
161.111
192.222
192.222
200
216.667
267.778
192.222
230
234.444
286.667
237.778
278.889
253.333
261.111
293.333
298.889
317.778
335.556
321.111
352.222
284.444
347.778
304.444
306.667
296.667
302.222
291.111
277.778
314.444
275.556
246.667
285.556
290
300
312.222
315.556
326.667
307.778
335.556
321.111
310
295.556
293.333
300
301.111
294.444
330
355.556
320
357.778
380
358.889
346.667
356.667
336.667
297.778
246.667
217.778
175.556
162.222
191.111
238.889
264.444
331.111
351.111
400
420
397.778
426.667
407.778
454.444
397.778
384.444
354.444
344.444
375.556
345.556
394.444
380
380
387.778
431.111
396.667
461.111
405.556
408.889
408.889
357.778
358.889
376.667
366.667
378.889
437.778
411.111
407.778
438.889
405.556
341.111
350
322.222
351.111
317.778
325.556
255.556
286.667
260
273.333
254.444
244.444
222.222
278.889
208.889
244.444
214.444
232.222
261.111
223.333
244.444
232.222
212.222
208.889
227.778
174.444
207.778
174.444
200
173.333
175.556
257.778
233.333
234.444
211.111
215.556
170
175.556
196.667
262.222
238.889
224.444
271.111
241.111
225.556
262.222
347.778
344.444
314.444
308.889
325.556
307.778
335.556
377.778
416.667
425.556
428.889
448.889
430
508.889
472.222
502.222
472.222
422.222
354.444
314.444
231.111
118.889
16.6667
1.11111
0
0
2.22222
0
0
0
0
0
0
0
0
0
0
0
0
0
0
0
0
0
0
0
4.44444
0
0
2.22222
0
0
2.22222
4.44444
4.44444
3.33333
0
0
6.66667
0
4.44444
2.22222
4.44444
2.22222
4.44444
1.11111
0
2.22222
0
0
2.22222
2.22222
0
