-0.000964 0.010982 0.012493
-0.008868 0.001815 0.000996
-0.000896 0.016222 0.000577
0.012634 0.008199 -0.002219
-0.002031 0.015800 -0.005409
-0.008402 0.001741 -0.002961
-0.000602 0.004073 0.004464
-0.000317 -0.014937 -0.003214
-0.003330 -0.011637 -0.002298
-0.029014 0.003157 -0.004814
0.011055 -0.009806 0.005670
-0.009624 -0.006220 -0.002798
0.004557 -0.007857 0.002995
0.005755 -0.015686 -0.000312
-0.003875 0.001259 0.001141
0.014590 -0.011428 0.002265
-0.000859 0.011313 0.012858
-0.009090 0.001295 0.000719
-0.001505 0.018740 0.000092
0.011132 0.008363 -0.001507
-0.001115 0.016449 -0.004925
-0.010132 -0.000603 -0.002478
-0.000238 0.003299 0.003372
0.000668 -0.015462 -0.002372
-0.002445 -0.011918 -0.001176
-0.011394 -0.005369 -0.002511
0.012665 -0.006526 0.000435
-0.010048 -0.005566 -0.003356
0.004650 -0.007046 0.002726
0.002694 -0.019751 -0.000946
-0.004263 0.000362 0.000382
0.013354 -0.011305 0.002872
-0.000734 0.011121 0.012183
-0.008889 0.001995 0.000502
-0.001391 0.018748 0.000692
0.011177 0.008798 -0.004288
-0.001698 0.015518 -0.005659
-0.008490 0.000873 -0.002243
-0.000538 0.004294 0.003401
0.000187 -0.015857 -0.003366
-0.003568 -0.011279 -0.000250
-0.010156 -0.003810 -0.001813
0.011222 -0.006463 -0.000599
-0.009223 -0.007368 -0.003727
0.005973 -0.010718 0.003601
0.002282 -0.020563 -0.001513
-0.005267 0.001167 0.001462
0.013738 -0.010779 0.002195
-0.004687 0.004910 0.007581
-0.006898 0.002654 0.001025
-0.002129 0.020191 0.000389
0.013330 0.006883 -0.001563
-0.001402 0.015122 -0.010879
-0.009053 0.000807 -0.001771
-0.001661 0.002573 0.003594
0.002927 -0.014024 0.001323
-0.004694 -0.011929 -0.001234
-0.010846 -0.003943 -0.001932
0.011550 -0.006200 -0.000243
-0.008852 -0.004383 -0.002361
-0.014968 -0.015269 -0.000545
0.004950 -0.018809 -0.001078
-0.004917 0.000446 0.006303
0.011820 -0.009786 0.002219
-0.000570 0.010841 0.012827
-0.008441 0.001045 -0.000115
-0.001628 0.023043 0.000219
0.010470 0.007898 -0.001691
-0.001245 0.015400 -0.004924
-0.008830 0.000096 -0.003102
0.000276 0.002885 0.004654
-0.000657 -0.014698 -0.003278
-0.003416 -0.010533 -0.000344
-0.008483 -0.007239 -0.008944
0.008177 -0.010020 0.000442
-0.008795 -0.005938 -0.004750
0.003686 -0.007464 0.003529
0.003251 -0.018225 0.004928
-0.003275 0.000513 0.001710
0.014495 -0.011288 0.002870
-0.000757 0.010939 0.015375
-0.009336 0.001077 -0.005514
-0.001543 0.018713 0.000803
0.012690 0.007911 -0.001352
-0.000891 0.016729 -0.005218
-0.015764 0.004091 -0.009674
0.005155 0.004951 -0.001467
-0.003913 -0.017625 -0.007704
-0.002792 -0.009284 -0.001143
-0.012186 -0.004610 0.002807
0.014312 -0.008035 0.005747
-0.011205 -0.007614 -0.002890
0.003025 -0.008794 0.007787
0.000680 -0.018968 0.004317
-0.000138 -0.002665 0.001995
0.014938 -0.010734 0.003359
0.000447 0.010481 0.011837
-0.005727 0.002227 -0.003950
-0.001373 0.019049 0.000101
0.011851 0.007321 -0.002412
-0.001920 0.015096 -0.005196
-0.005970 -0.003621 -0.007148
-0.005812 -0.000540 0.000522
0.016345 -0.006822 -0.006556
-0.003957 0.051152 -0.058000
-0.016439 -0.006553 -0.002933
0.012430 -0.010183 0.000984
-0.067776 -0.036991 -0.073792
-0.000649 -0.007212 0.003436
0.001422 -0.014774 -0.001254
-0.003900 -0.001183 0.007626
0.014078 -0.011146 0.000879
0.002052 0.014871 0.005531
-0.011668 -0.000713 0.000124
-0.002284 0.018014 0.000480
0.010387 0.007848 -0.001180
-0.009231 0.017164 -0.009196
-0.008962 0.001138 -0.003882
-0.001122 0.003439 0.004056
0.005108 -0.016130 -0.002504
-0.003537 -0.011120 -0.000550
-0.012129 -0.005535 -0.002415
0.010752 -0.007240 0.000477
-0.010134 -0.007029 -0.004626
0.008853 -0.005317 -0.001942
0.003624 -0.020304 -0.001199
-0.004254 -0.002948 0.001254
-0.065081 0.031168 -0.094971
-0.000750 0.003255 -0.003320
0.006773 0.008733 -0.002325
-0.010230 0.010028 0.003633
0.006190 0.024603 -0.002068
0.000906 -0.004153 -0.000211
0.000218 0.004288 -0.009618
-0.007780 -0.003112 0.001358
0.005514 0.010989 -0.006048
-0.000763 0.007343 -0.001909
0.018391 -0.010572 0.002615
-0.008410 0.010321 0.001324
-0.004838 -0.000577 -0.000035
0.010926 -0.005805 0.000123
-0.006226 -0.003086 0.000178
0.009804 -0.010078 0.002956
-0.017295 -0.011175 0.001331
-0.000561 0.003893 -0.005213
0.009926 0.006213 -0.002453
-0.009934 0.010266 0.003153
0.006966 0.023356 -0.001158
0.000112 -0.002807 -0.000542
0.001147 0.003953 -0.010925
-0.007778 -0.002209 0.000615
0.002960 0.005595 0.001261
-0.000560 0.007983 -0.002472
0.018734 -0.011163 0.003558
-0.009500 0.011570 0.001748
-0.005290 -0.002470 0.000075
0.009875 -0.004280 0.000405
-0.003155 -0.005244 0.003633
0.009955 -0.009352 0.001600
-0.016393 -0.011953 0.000419
-0.000209 0.003267 -0.004692
0.004714 0.010152 -0.002408
-0.010021 0.010859 0.002905
0.007014 0.023434 -0.002034
-0.000395 -0.002437 0.000425
0.000639 0.004538 -0.009801
-0.008874 -0.001772 0.000898
0.003732 0.006092 0.000281
-0.000637 0.007712 -0.002255
0.017496 -0.011350 0.002951
-0.008051 0.010183 0.001832
-0.005371 0.000673 0.000590
0.012680 -0.005655 0.000471
-0.004004 -0.006215 0.004572
0.009605 -0.010079 0.001615
-0.015183 -0.012574 0.001356
-0.000603 0.003476 -0.003756
0.007369 0.009112 -0.003031
-0.009842 0.010922 0.003382
0.005966 0.023387 -0.002180
-0.000718 -0.003293 -0.000505
0.001289 0.005281 -0.009934
-0.008391 -0.002261 0.003481
0.003143 0.004904 0.000142
-0.000709 0.007884 -0.001762
0.018429 -0.014477 -0.005036
-0.009178 0.009898 0.000009
-0.003936 -0.001570 -0.000066
0.012568 -0.005353 -0.000357
-0.001979 -0.005340 0.003720
0.011356 -0.009460 0.002445
-0.014520 -0.010646 0.004987
0.000487 0.002885 -0.005235
0.007722 0.008085 -0.001115
-0.010680 0.011086 0.003744
0.007500 0.023094 -0.001133
0.000329 -0.002574 -0.000879
0.001428 0.003973 -0.009431
-0.007981 -0.001393 0.001100
0.002955 0.002002 -0.006989
-0.000897 0.008311 -0.002202
0.018095 -0.011611 0.004089
-0.009354 0.011237 0.002578
-0.006684 -0.001424 0.001071
0.012070 -0.006518 -0.000785
0.013596 -0.013730 -0.000519
0.010092 -0.009981 0.001941
-0.016546 -0.013097 0.000651
-0.004423 0.006765 -0.010459
0.002679 0.015150 -0.008431
-0.009921 0.009876 -0.003180
0.007105 0.022972 0.001036
-0.000158 -0.002796 -0.005919
0.001234 0.004926 -0.013893
-0.006815 -0.007186 -0.004601
0.003170 0.005532 0.001839
-0.001818 0.008100 -0.025163
0.018431 -0.012251 0.002010
-0.007763 0.008924 0.002606
-0.003547 0.001962 -0.007932
0.009068 -0.075117 -0.063861
-0.001685 -0.006289 0.009666
0.010382 -0.009528 0.001780
-0.015944 -0.010472 0.006054
0.002801 0.001624 -0.011087
0.007854 0.008576 -0.008180
-0.009048 0.010075 -0.005443
0.039838 0.005210 0.580440
0.001690 -0.005333 -0.004190
0.000538 0.001189 -0.017096
-0.009276 0.003193 -0.004800
0.004086 0.005231 0.000252
0.000478 0.007409 -0.022624
0.017788 -0.011709 0.003522
0.046046 -0.014936 -0.046652
-0.007384 -0.020623 -0.004863
0.012784 -0.007561 -0.000256
-0.000179 -0.003246 0.004864
0.010111 -0.011130 0.002643
-0.020301 -0.009460 0.002196
-0.000677 0.003405 -0.005000
0.007268 0.007477 -0.002764
-0.010247 0.010401 0.003344
0.007472 0.023580 -0.000959
0.000717 -0.002247 -0.000610
0.001080 0.004589 -0.010327
-0.008684 -0.002126 0.000725
0.003041 0.006109 0.000777
-0.000656 0.007610 -0.001481
0.016253 0.008667 -0.001321
-0.008444 0.010882 0.002229
-0.005440 -0.000170 -0.001260
0.011495 -0.005638 0.000882
-0.003571 -0.007150 0.003669
0.077515 0.026377 -0.072382
-0.015952 -0.007712 0.000361
