840.0000 0.05 1
0.32
3.84
0
1.92
1.92
5.76
1.92
1.92
8.32
0
5.76
3.84
7.68
5.76
0
13.44
0
5.76
5.76
7.68
9.6
3.84
13.44
5.76
5.76
7.68
5.76
5.76
9.6
19.2
8.32
15.36
7.68
7.68
7.68
8.64
17.28
11.52
18.56
16
13.44
13.44
3.84
9.6
10.56
17.92
16
17.28
27.52
5.76
13.44
26.88
25.6
29.44
40.64
28.16
49.28
80
86.4
74.24
62.72
74.24
64
63.36
82.88
71.04
71.04
107.52
98.56
88.96
88.32
145.28
88.96
101.44
101.76
133.76
86.72
142.4
116.16
134.4
123.84
110.4
97.92
126.72
73.92
125.44
88.96
70.4
115.52
95.36
61.44
126.72
108.16
111.36
133.76
151.68
136.96
140.16
106.88
129.28
94.08
78.72
104.32
88
101.44
120.32
158.72
96.96
133.76
149.76
127.36
137.6
135.36
126.4
146.56
69.12
68.48
91.52
76.16
81.6
46.08
65.92
45.12
120.96
103.04
159.36
202.56
128.96
160.64
174.08
146.56
154.88
105.6
156.16
160.64
161.28
139.84
151.04
125.76
135.04
127.36
157.12
163.84
145.92
198.4
128.96
181.76
174.72
140.16
119.36
156.16
146.24
187.84
139.2
158.08
140.8
99.2
121.92
93.44
148.16
126.08
120.32
134.4
119.04
119.68
97.92
80.64
81.28
101.12
112.96
76.48
101.12
109.44
79.36
68.16
94.08
70.08
95.36
73.6
69.12
78.08
78.4
96
77.76
73.6
56.96
50.56
83.84
52.16
74.88
86.4
93.76
60.8
60.8
58.88
86.4
74.24
67.2
109.44
87.68
101.12
105.28
94.08
69.76
100.48
117.12
120.32
126.72
92.8
136.32
129.6
143.04
138.88
133.12
160
134.4
161.92
156.8
182.72
178.56
217.92
195.2
203.84
120.64
192
146.56
109.44
93.44
76.16
45.12
31.36
19.2
14.08
12.8
8.32
5.12
6.4
5.76
7.68
1.92
1.92
4.48
3.84
2.56
0.64
1.28
1.28
4.48
1.28
3.84
0
5.12
2.56
6.4
5.12
3.2
3.2
5.76
2.56
5.12
5.76
4.16
6.08
0
4.16
2.56
4.16
5.12
3.2
1.92
5.76
2.88
5.12
3.52
3.84
3.84
1.6
0.64
3.2
1.92
0.64
0.64
0
2.56
3.52
0.64
1.92
0.64
0.64
0.64
0
0.64
1.28
1.28
0.64
0
1.28
0.64
0
1.28
0
