2176.0000 0.05 1
1.11111
4.44444
11.1111
2.22222
11.1111
4.44444
13.3333
11.1111
20
11.1111
6.66667
11.1111
24.4444
23.3333
17.7778
23.3333
26.6667
18.8889
13.3333
32.2222
18.8889
11.1111
2.22222
10
14.4444
16.6667
34.4444
37.7778
25.5556
40
11.1111
26.6667
17.7778
31.1111
24.4444
32.2222
26.6667
27.7778
40
24.4444
32.2222
46.6667
36.6667
47.7778
70
55.5556
56.6667
41.1111
80
108.889
93.3333
126.667
127.778
136.667
151.111
146.667
161.111
192.222
185.556
204.444
216.667
267.778
192.222
230
232.222
288.889
237.778
275.556
256.667
263.333
286.667
303.333
317.778
340
316.667
352.222
284.444
347.778
303.333
307.778
297.778
301.111
291.111
277.778
314.444
273.333
246.667
287.778
290
297.778
313.333
320
321.111
305.556
337.778
316.667
316.667
295.556
292.222
303.333
301.111
290
334.444
353.333
318.889
358.889
375.556
365.556
346.667
352.222
341.111
291.111
253.333
213.333
177.778
162.222
186.667
243.333
262.222
333.333
351.111
397.778
420
395.556
428.889
414.444
447.778
400
380
363.333
340
371.111
350
395.556
382.222
377.778
380
432.222
404.444
454.444
410
411.111
408.889
354.444
360
374.444
371.111
376.667
435.556
413.333
410
436.667
405.556
338.889
352.222
322.222
353.333
314.444
326.667
257.778
283.333
263.333
267.778
260
242.222
222.222
278.889
208.889
243.333
215.556
232.222
261.111
221.111
244.444
232.222
214.444
208.889
227.778
178.889
205.556
172.222
200
173.333
176.667
254.444
237.778
232.222
212.222
214.444
168.889
175.556
197.778
262.222
238.889
222.222
274.444
240
225.556
260
350
342.222
316.667
306.667
325.556
307.778
335.556
377.778
416.667
427.778
427.778
447.778
432.222
511.111
477.778
504.444
470
433.333
348.889
307.778
224.444
116.667
14.4444
1.11111
0
0
0
0
0
0
0
0
0
0
0
0
0
0
0
0
0
0
0
0
0
0
2.22222
4.44444
0
0
2.22222
2.22222
2.22222
4.44444
4.44444
3.33333
2.22222
0
6.66667
0
6.66667
4.44444
0
2.22222
2.22222
2.22222
1.11111
2.22222
0
0
2.22222
0
2.22222
0
