268.0000 0.05 1
0.4
0.8
1.6
0
0
2.4
0.266667
2.13333
0
0
0
1.06667
4
1.73333
0.266667
2.93333
1.6
0.266667
2.13333
1.33333
2.93333
3.2
2.53333
1.33333
2.93333
2.4
1.6
1.33333
2.4
5.6
4.93333
5.33333
3.86667
3.46667
1.73333
1.46667
3.46667
7.2
4.66667
4.8
6.4
2.53333
1.46667
6.8
7.86667
8.8
3.06667
8.93333
11.3333
14.6667
17.2
10
18.4
14.9333
17.7333
17.2
20.5333
17.6
21.0667
25.6
25.6
26.5333
27.2
31.3333
32.4
30.9333
37.0667
36
37.4667
40.6667
42.2667
43.6
39.2
42.6667
43.3333
35.7333
40.4
40.6667
37.7333
39.8667
38.1333
34.5333
40.6667
35.2
35.6
33.6
38.8
41.8667
43.4667
43.3333
43.8667
40.8
41.8667
38.6667
36.8
35.7333
38.8
29.8667
36.9333
40.8
37.7333
44.1333
38.2667
45.4667
41.4667
41.2
43.3333
44.6667
45.3333
37.2
36
33.4667
33.8667
22.9333
29.2
26.1333
29.6
38.4
37.7333
49.7333
39.7333
48.8
53.3333
48.2667
53.4667
56.6667
45.6
47.4667
46.9333
46.5333
47.8667
46.2667
46
41.6
51.7333
49.8667
54.4
53.3333
58
53.3333
47.8667
46.8
45.7333
47.0667
47.2
49.2
44.5333
52
53.4667
47.7333
50.4
48.9333
43.0667
47.7333
42
41.3333
45.0667
34.4
31.8667
39.3333
39.2
33.0667
37.0667
29.7333
26.5333
30.5333
22
25.8667
35.4667
33.7333
26.6667
25.2
34.5333
29.8667
33.0667
29.4667
25.4667
20
23.3333
14.8
26
22
26.8
26
34.6667
37.4667
29.8667
23.2
20.6667
26
22.2667
31.8667
30.5333
28.9333
28.6667
33.4667
43.3333
46.5333
30
46
42.1333
44.8
37.7333
34.1333
52
53.8667
56.8
44.8
52.8
59.8667
70.1333
57.6
65.4667
62
58.4
61.3333
48.8
51.6
48.5333
38.1333
22.4
13.4667
12.2667
10.6667
10.9333
10.9333
5.06667
5.86667
6.4
4
6.4
10.1333
12.8
15.2
6.93333
9.6
11.7333
6.4
7.46667
9.33333
8
10.4
6.4
5.46667
6.53333
6.53333
9.33333
7.86667
8
7.06667
12.6667
10
12.6667
10.6667
9.33333
4
8.93333
6.66667
4.8
10.1333
4.4
13.3333
9.73333
5.33333
3.73333
7.06667
8
4.93333
11.3333
10.6667
6.8
5.6
9.33333
9.6
9.33333
8.4
7.73333
2.8
4.53333
4.13333
6.26667
12.4
7.86667
3.06667
2.8
10.4
8.26667
13.8667
10.4
3.46667
4.26667
4.8
5.06667
8.66667
9.33333
11.7333
4.13333
3.73333
10.5333
8.53333
6.66667
6.93333
11.4667
10.1333
5.06667
3.46667
3.2
7.46667
5.86667
10.4
8.53333
10.9333
6.93333
5.33333
4.8
4
6.93333
8.8
5.06667
4.8
2.93333
8.4
4.8
17.2
5.73333
4.8
4.4
2
4.4
3.73333
5.86667
4
4.53333
3.2
2.93333
4.8
7.73333
4
4
4.8
6.13333
0
1.06667
4.66667
1.86667
3.2
2.4
2.4
3.33333
1.6
0.666667
0.266667
1.46667
2.8
3.73333
0.666667
1.06667
2.13333
3.73333
1.86667
1.06667
1.33333
0.8
1.06667
1.06667
0
1.06667
0.533333
0.266667
0.533333
0
0.266667
0.533333
0
0.266667
0.266667
0
0.533333
0
0.266667
0.266667
0
