0.002282 -0.006140 -0.006579
0.003528 -0.003464 -0.003594
0.006776 -0.008275 -0.004691
-0.004700 0.005177 -0.002137
0.007546 0.001221 -0.013141
0.006327 0.001107 -0.005770
0.005119 0.000503 -0.003652
0.009576 -0.001167 0.008791
-0.001253 0.002585 0.000985
-0.012889 0.002254 0.017901
-0.007073 -0.000344 0.006596
-0.009978 0.001429 -0.000805
0.008008 -0.006558 -0.013196
-0.002228 0.006937 -0.005344
-0.005253 0.008378 -0.015641
-0.001153 0.007229 -0.007764
0.004819 0.003949 -0.002184
0.004744 -0.001571 0.007832
0.004112 -0.002878 0.007655
0.007312 0.002035 -0.000708
-0.006538 0.008463 0.003621
-0.000793 0.004494 0.010527
-0.005060 0.004474 0.002975
-0.008557 0.000002 0.010521
0.001709 -0.001994 -0.009448
-0.002339 -0.001900 -0.012585
-0.002670 0.000674 0.006098
-0.005314 -0.002540 -0.001439
0.003656 -0.009276 0.001223
0.000690 -0.005266 0.005056
-0.000708 -0.001236 0.016032
0.000302 -0.008301 0.002865
