260.0000 0.05 1
0.125
0.75
1.25
0.5
0.5
2
2
1
0.75
2
2
0.5
1.5
2
2.25
1.25
3
1.75
2.5
1.75
4.5
1
2.25
5.5
1.5
2
5.25
1.375
4.625
2.25
4.375
7.25
5.875
7
2.5
9
5.625
5.75
15
7.5
10.25
16.25
12
15.625
18.75
18.5
24.625
15.375
31.125
27.375
31.25
40.375
32.75
35.5
41.25
40.875
46.25
47.5
56.375
52.375
58.5
55
60.5
55.375
48.875
51.125
49.125
48.375
45.25
49.125
43.75
44.125
39.25
40.75
38.5
33.75
27.375
36.875
31.125
35.5
35.25
34.5
26.5
43.125
42.75
38.125
30.5
34.625
40.125
40
43
35.125
34.5
36.125
34.125
38
27.375
44.625
40.625
30.125
38.5
37.25
40.625
37.125
48.25
34.625
48.375
37.375
38.25
36.875
45.875
47.25
47.5
54.125
57.75
52.75
52.25
61
59
67.875
77.375
67.25
75.5
61
48.625
38.375
47.125
49.375
36.75
34.25
45.75
40.625
34
39.125
40.75
31
37.625
31.625
30.125
31.25
38.875
30.75
26.5
46.25
34.75
38
41.25
43
38
35.25
45.5
42.5
40.5
41.875
46.75
46.125
35.5
40.25
38.5
37.75
32
32.5
41.75
42.5
30.5
44
29.75
32.5
25.75
35
33.75
35.25
25.5
26.75
31
31.375
37.125
39.125
26.375
31.75
36.25
34.125
27
39
39.5
32.25
35.375
34
43.25
38.375
44.875
38.625
50
42.75
36.75
44.375
32.875
26.25
20.25
9.5
8.75
6
0.75
1.75
2.125
3.25
0
0.5
1
0
0
0.5
0.5
0.5
0
0
0
0.25
0
0
0.5
0
0
1
0
0
0
0
0.5
0.5
0
0
0.5
1
0.5
0
1.5
1
0.5
0
0.25
0.5
0
0
0.75
0.875
0.125
0.5
0.5
0
0
0
0
0
0.25
0
