0.000687 -0.000687 -0.000000
-0.000687 0.000687 -0.000000
0.000460 0.000460 -0.000000
-0.000460 -0.000460 -0.000000
-0.000878 -0.000878 -0.000000
0.002223 -0.002223 -0.000000
-0.002223 0.002223 -0.000000
0.000878 0.000878 -0.000000
-0.000169 -0.002507 -0.003960
-0.000169 -0.002507 0.003960
-0.005568 0.007677 -0.004795
0.005568 -0.007677 -0.004795
0.005568 -0.007677 0.004795
0.000169 0.002507 -0.003960
-0.005568 0.007677 0.004795
0.000169 0.002507 0.003960
-0.002507 -0.000169 0.003960
-0.002507 -0.000169 -0.003960
0.007677 -0.005568 -0.004795
-0.007677 0.005568 0.004795
-0.007677 0.005568 -0.004795
0.002507 0.000169 -0.003960
0.007677 -0.005568 0.004795
0.002507 0.000169 0.003960
-0.003779 0.001978 -0.000000
0.001978 -0.003779 -0.000000
-0.000000 -0.000000 -0.000000
-0.001978 0.003779 -0.000000
0.003779 -0.001978 -0.000000
-0.000000 -0.000000 -0.000000
-0.000000 -0.000000 -0.000000
-0.000000 -0.000000 -0.000000
