-3.82 3.82 -3.82027
3.82 -3.82 -3.82027
-7.64236 -7.64236 0
1 0 0
0 1 0
0 0 1
0.2506049789771865 0.7493950210228135 0.7500000000000000	Ir
0.7493950210228135 0.2506049789771865 0.7500000000000000	Ir
0.0000000000000000 0.0000000000000000 0.4999894492719221	Ir
0.0000000000000000 0.0000000000000000 0.0000105507280779	Ir
0.5000000000000000 0.5000000000000000 0.4999566535537596	Ru
0.2506860391029235 0.7493139608970765 0.2500000000000000	Ru
0.7493139608970765 0.2506860391029235 0.2500000000000000	Ru
0.5000000000000000 0.5000000000000000 0.0000433464462404	Ru
0.1264465276699696 0.3753031779826514 0.6244108550767820	Ru
0.6246968220173486 0.8735534723300304 0.6244108550767820	Ru
0.3765539566150480 0.1253495056438965 0.3744072758461456	Ru
0.1253495056438965 0.3765539566150480 0.1255927241538544	Ru
0.6234460433849520 0.8746504943561035 0.1255927241538544	Ru
0.3753031779826514 0.1264465276699696 0.8755891449232180	Ru
0.8746504943561035 0.6234460433849520 0.3744072758461456	Ru
0.8735534723300304 0.6246968220173486 0.8755891449232180	Ru
0.8735534723300304 0.6246968220173486 0.6244108550767820	Ru
0.3753031779826514 0.1264465276699696 0.6244108550767820	Ru
0.1253495056438965 0.3765539566150480 0.3744072758461456	Ru
0.8746504943561035 0.6234460433849520 0.1255927241538544	Ru
0.3765539566150480 0.1253495056438965 0.1255927241538544	Ru
0.1264465276699696 0.3753031779826514 0.8755891449232180	Ru
0.6234460433849520 0.8746504943561035 0.3744072758461456	Ru
0.6246968220173486 0.8735534723300304 0.8755891449232180	Ru
0.2508463003594841 0.7491536996405159 0.4991453374213606	Ru
0.7491536996405159 0.2508463003594841 0.4991453374213606	Ru
0.5000000000000000 0.5000000000000000 0.2500000000000000	Ru
0.2508463003594841 0.7491536996405159 0.0008546625786394	Ru
0.7491536996405159 0.2508463003594841 0.0008546625786394	Ru
0.5000000000000000 0.5000000000000000 0.7500000000000000	Ru
0.0000000000000000 0.0000000000000000 0.2500000000000000	Ru
0.0000000000000000 0.0000000000000000 0.7500000000000000	Ru
