2176.0000 0.05 1
1.11111
4.44444
11.1111
2.22222
11.1111
4.44444
13.3333
11.1111
20
11.1111
6.66667
11.1111
24.4444
23.3333
17.7778
23.3333
26.6667
18.8889
13.3333
32.2222
18.8889
8.88889
4.44444
10
14.4444
14.4444
36.6667
37.7778
25.5556
40
11.1111
26.6667
17.7778
31.1111
24.4444
32.2222
28.8889
25.5556
40
24.4444
32.2222
46.6667
36.6667
47.7778
70
55.5556
56.6667
41.1111
80
111.111
93.3333
124.444
127.778
138.889
148.889
146.667
161.111
192.222
190
202.222
214.444
267.778
192.222
230
236.667
284.444
238.889
277.778
253.333
263.333
296.667
295.556
315.556
342.222
314.444
354.444
282.222
350
302.222
311.111
294.444
300
291.111
280
315.556
276.667
244.444
283.333
290
302.222
310
318.889
323.333
307.778
336.667
317.778
314.444
293.333
293.333
300
302.222
291.111
334.444
357.778
317.778
355.556
380
361.111
348.889
350
343.333
291.111
253.333
213.333
182.222
153.333
191.111
238.889
264.444
333.333
353.333
400
420
396.667
430
405.556
450
400
386.667
358.889
342.222
371.111
343.333
397.778
382.222
380
384.444
425.556
406.667
456.667
405.556
408.889
415.556
353.333
363.333
374.444
366.667
376.667
440
411.111
412.222
432.222
407.778
336.667
350
323.333
352.222
318.889
324.444
253.333
286.667
260
274.444
260
240
222.222
276.667
211.111
243.333
213.333
236.667
258.889
221.111
244.444
230
214.444
208.889
230
176.667
207.778
170
200
175.556
175.556
257.778
235.556
232.222
208.889
215.556
168.889
176.667
196.667
262.222
241.111
222.222
273.333
240
231.111
260
343.333
346.667
314.444
306.667
327.778
308.889
332.222
382.222
418.889
423.333
423.333
450
430
511.111
473.333
504.444
470
423.333
352.222
315.556
230
118.889
14.4444
1.11111
0
0
0
0
0
0
0
0
0
0
0
0
0
0
0
0
0
0
0
0
0
0
4.44444
2.22222
0
2.22222
0
0
2.22222
2.22222
4.44444
5.55556
0
0
4.44444
2.22222
4.44444
4.44444
2.22222
2.22222
4.44444
1.11111
0
2.22222
0
0
2.22222
2.22222
0
