-0.001382 0.011478 0.012006
-0.007721 0.001022 0.000638
-0.000041 0.017933 0.002487
0.012763 0.006740 -0.002039
-0.001335 0.015883 -0.006418
-0.009504 0.000876 -0.001739
0.001089 0.003192 0.005289
0.000584 -0.015616 -0.002557
-0.003760 -0.011520 -0.001616
-0.008142 -0.002296 -0.001012
0.011877 -0.006255 0.001351
-0.009815 -0.005870 -0.004588
0.003885 -0.007942 0.003651
0.003458 -0.020757 0.000458
-0.004791 0.001201 0.002087
0.013374 -0.011131 0.002438
0.003920 0.010624 0.012995
-0.006686 -0.000610 0.000551
-0.000610 0.019449 0.000256
0.012147 0.007882 -0.003298
0.000187 0.016621 -0.005194
-0.009292 0.000373 -0.002390
0.000541 0.002654 0.004877
-0.001233 -0.016039 -0.002618
-0.003496 -0.011557 -0.001348
-0.011273 -0.006295 -0.001719
0.011677 -0.006268 0.000839
-0.009257 -0.006319 -0.003936
0.004022 -0.006911 0.003362
0.002983 -0.019182 -0.000037
-0.003116 -0.000047 0.003754
0.013632 -0.012076 0.003224
-0.001406 0.011716 0.011376
-0.007683 -0.001152 0.000482
-0.000690 0.018148 0.000865
0.001758 0.010736 -0.003516
-0.012367 0.016659 -0.006031
-0.011510 0.006042 -0.002828
0.000537 0.003129 0.004217
0.002094 -0.017360 -0.002021
-0.003365 -0.011699 -0.001214
-0.013193 -0.002062 -0.004704
0.011817 -0.006102 0.000354
-0.009909 -0.006074 -0.003294
0.003953 -0.006865 0.002902
0.004007 -0.019104 -0.000808
-0.007514 0.006022 0.006874
0.013468 -0.010943 0.002651
0.001080 0.010728 0.011325
-0.008378 0.001161 0.000709
-0.001924 0.018900 0.000485
0.011026 0.011585 -0.001062
-0.003970 0.013937 -0.006379
-0.021466 0.000573 -0.002727
-0.015662 0.063781 0.003485
0.001099 -0.015312 -0.002474
-0.004791 -0.013074 0.002555
-0.009729 -0.005335 0.000599
0.011720 -0.005451 0.001563
-0.001449 -0.009634 -0.006847
-0.045020 -0.042899 0.075056
0.002792 -0.020061 -0.000926
-0.004402 0.000242 0.001144
0.014837 -0.010561 0.004768
0.004062 0.011682 0.012358
-0.015180 0.000568 0.000187
-0.000313 0.018641 -0.000866
0.011920 0.007937 -0.003593
-0.000764 0.015009 -0.006065
-0.007043 -0.000513 -0.002348
0.001277 0.002418 0.001954
-0.000766 -0.015013 -0.001731
-0.001435 -0.013046 -0.002205
-0.010005 -0.005540 -0.001498
0.012171 -0.007643 -0.000244
-0.010368 -0.004960 -0.002813
0.006898 -0.010225 0.003013
0.003967 -0.018864 -0.001617
-0.004754 -0.000394 0.001613
0.012911 -0.010721 0.002599
-0.001423 0.011769 0.012182
-0.009228 0.001006 0.000267
-0.002751 0.018176 0.000668
0.014632 0.008345 -0.002122
-0.004224 0.018538 -0.000785
-0.011083 -0.004577 -0.003289
-0.001061 0.003508 0.005322
-0.000530 -0.015738 -0.004739
-0.001833 -0.010934 -0.002073
-0.011005 -0.004512 -0.001410
0.015444 -0.006479 0.000752
-0.009926 -0.005691 -0.002445
0.005555 -0.007675 0.002911
0.006297 -0.019283 -0.000044
-0.015600 0.010727 0.016247
0.015091 -0.013022 -0.000647
0.605534 0.003434 0.006367
-0.077181 -0.024590 -0.001326
-0.024038 0.035251 0.000057
0.010429 0.004663 -0.002308
-0.003364 0.018165 -0.010437
-0.009437 -0.002942 -0.001961
-0.001813 0.002907 0.002890
-0.052302 -0.051540 -0.073590
-0.013402 -0.011495 -0.003276
-0.011208 -0.005998 -0.003072
0.019477 -0.005384 0.000237
-0.009311 -0.006309 -0.002991
0.002933 -0.007653 0.003538
0.010994 -0.017274 -0.000969
-0.002923 0.002815 -0.001406
0.004352 -0.023768 0.021260
-0.000775 0.010160 0.012454
-0.007863 0.001775 0.000386
-0.002400 0.019028 0.000599
0.010866 0.012323 -0.003645
0.001723 0.017022 -0.005261
-0.008769 0.001233 -0.002503
-0.001684 0.002880 0.003625
-0.001297 -0.015948 -0.002704
-0.003093 -0.010048 -0.001462
-0.021209 -0.004004 -0.000498
0.011532 -0.007335 0.000573
-0.009491 -0.006871 -0.003017
0.004853 -0.007613 0.005167
0.003087 -0.018429 -0.002071
-0.004526 0.000111 0.001438
0.011500 -0.014842 0.007050
0.000882 0.003470 -0.004901
-0.021956 0.005157 -0.001695
-0.010530 0.011414 0.002444
0.006836 0.023050 -0.001600
-0.000855 -0.002437 -0.000428
0.000456 0.004550 -0.010253
-0.008582 -0.002393 0.000193
0.006250 0.003959 0.001293
-0.000915 0.007617 -0.002483
0.016926 -0.012286 0.003600
-0.008764 0.010201 0.002134
-0.005087 -0.001059 -0.000186
0.012475 -0.005824 0.000839
-0.002377 -0.005376 0.003965
0.010605 -0.009691 0.002624
-0.017518 -0.012602 0.001218
0.002206 0.002486 -0.005526
0.007958 0.007780 -0.002568
-0.011421 0.010879 0.002628
0.007233 0.023446 -0.001461
0.001230 -0.002480 -0.000209
0.000326 0.004090 -0.010247
-0.007121 -0.000226 0.000648
0.002227 0.005928 0.000172
-0.003122 0.007665 -0.002231
0.018328 -0.012318 0.002373
-0.007965 0.010376 0.001840
-0.005999 -0.001536 -0.000256
0.012676 -0.006401 0.001023
-0.003262 -0.006848 0.004034
0.008831 -0.008920 0.003604
-0.014746 -0.012247 -0.000710
0.000768 0.002762 -0.004396
0.006409 0.008905 -0.002139
-0.010041 0.009871 0.002529
0.005148 0.026884 -0.001774
-0.004261 0.003553 0.000065
0.002969 0.002448 -0.010121
-0.010910 0.008071 0.001260
-0.006111 0.005728 -0.000447
-0.000797 0.007458 -0.001471
0.017523 -0.011518 0.003423
-0.009665 0.010460 0.002423
-0.003050 -0.001356 0.000644
0.010900 -0.004820 -0.001401
-0.004636 -0.002637 0.006711
0.010072 -0.009216 0.002272
-0.019641 -0.008165 -0.003542
-0.082390 0.026717 -0.005958
0.008336 0.006433 -0.002483
-0.008689 0.011459 0.005849
0.005502 0.022180 -0.005712
-0.006275 -0.004959 -0.006375
-0.002547 0.004756 -0.009566
-0.014071 -0.013671 0.001097
0.005067 0.005735 0.000218
-0.020026 -0.042391 -0.002976
0.017634 -0.012308 0.002495
-0.018608 -0.001599 -0.013614
-0.055826 0.030379 -0.062802
0.009639 -0.007783 -0.002949
-0.010744 -0.004189 0.003141
0.009613 -0.009496 0.001514
-0.017737 -0.012316 0.002384
-0.011699 0.003556 -0.005111
0.005945 0.008739 -0.002238
-0.010230 0.011294 0.002254
0.008845 0.021974 -0.001697
-0.000994 -0.002283 0.000102
0.002712 0.003257 -0.009847
-0.009949 -0.001981 0.001311
0.005708 0.004042 -0.000969
0.000391 0.008689 -0.001146
0.019257 -0.011696 0.003247
-0.009439 0.010172 0.000941
-0.005849 -0.001418 0.000472
0.011961 -0.005018 0.000205
-0.000078 -0.003529 0.003848
0.011370 -0.010204 0.002179
-0.017697 -0.011447 0.000541
0.001106 0.006094 -0.005378
-0.007344 0.010359 -0.003403
-0.010711 0.011228 0.002725
0.007763 0.023676 -0.001650
0.000639 -0.005431 0.000105
0.002788 0.006139 -0.009856
-0.013516 0.000025 0.005955
0.002590 0.005613 -0.000585
-0.000498 0.009032 -0.002449
0.019273 -0.012055 0.005628
-0.007117 0.011045 -0.000794
-0.005125 -0.001141 0.000335
0.003589 -0.006718 0.001221
-0.003916 -0.004835 0.004065
0.011211 -0.009952 0.002354
-0.016542 -0.010588 0.005373
-0.000253 0.005005 -0.004899
0.006585 0.010592 -0.002614
-0.022496 0.010966 0.003041
-0.004244 0.022873 -0.000596
-0.005457 -0.017161 0.000111
0.003038 0.005800 -0.010078
-0.014541 -0.001399 -0.004468
-0.006644 0.006588 -0.000033
-0.000083 0.009388 -0.001139
-0.035608 0.017307 0.070827
-0.010240 0.007001 -0.002759
-0.002715 0.000166 0.000373
0.012393 -0.004800 0.001800
-0.004080 -0.005990 0.005599
0.010897 -0.009335 0.006993
-0.025967 -0.002235 -0.013252
0.000135 0.002789 -0.005005
0.005518 0.008360 -0.003198
-0.008633 0.011526 -0.000778
0.007069 0.021607 0.000924
-0.006289 -0.004286 0.005021
-0.000994 0.003530 -0.010369
-0.007117 -0.002647 0.000421
0.005220 0.006065 -0.000353
-0.002522 0.007833 -0.001765
0.020001 -0.009318 0.003236
-0.007213 0.008010 0.005423
-0.004912 -0.000898 -0.002395
0.012117 -0.004633 -0.000160
-0.001765 -0.005840 0.002373
0.010103 -0.009959 0.001981
-0.017101 -0.012468 0.000818
