0.180508 -2.161292 -0.440236
0.145659 -0.095179 0.206591
0.061903 0.683621 -0.078018
0.148486 0.161989 0.133258
-0.687003 -0.016007 0.295848
0.262102 0.041582 0.065199
0.251957 0.693287 0.498046
0.276655 0.114649 0.209401
-0.751920 -0.355348 -0.361599
0.203759 0.008935 0.231458
-0.102681 0.726739 0.289910
0.079364 -0.069112 -0.029346
-0.078162 -0.044775 0.174609
0.111752 -0.955334 -0.450660
-0.710896 -0.027881 -0.895502
-0.684607 0.409377 0.006651
-0.096827 -0.143210 0.128516
0.474719 0.127663 -0.348199
0.506256 0.950762 0.419500
0.408975 -0.050464 -0.055428
