3.80454 1.9123 1.91149
-3.82178 0.00212 3.7999
1.91533 -11.4209 1.93101
1 0 0
0 1 0
0 0 1
0.8152080000104505 0.2086770000550047 0.7852480000367805	Ru
0.3974780000734910 0.0986594999527171 0.3999829999685147	Ru
0.5983419999635231 0.8971380000303526 0.6022219999763863	Ru
0.9981600000629456 0.2488850000156120 0.4999900000105413	Ru
0.8131979999740366 0.6887070000067510 0.8011779999606290	Ru
0.1979839999735660 0.0491634999147408 0.6995589999867988	Ru
0.5912800000789318 0.1465225000458759 0.1022749999869603	Ru
0.3919340000419496 0.5963585000235057 0.3993990000157837	Ru
0.8222100000259687 0.9483449999932461 0.3025500000393677	Ru
0.1978419999635221 0.2987380000303475 0.1997219999763828	Ru
0.5938179998740765 0.3958745000080768 0.6019830000051840	Ru
0.9975159999949597 0.7487515000774536 0.4997010000079243	Ru
0.2088320000365087 0.5520704999303518 0.6993569999973417	Ru
0.4192079999950238 0.8665044999988538 0.8930629999553901	Ru
0.6269579999370904 0.6557594999450913 0.1048929999631909	Ru
0.0147899999995289 0.9888824999079873 0.0033450000261723	Ru
0.7957439999475042 0.4465660000393896 0.2996940000262427	Ru
0.2019720000419838 0.8083829999842109 0.2007019999895121	Ru
0.3872180000369170 0.3505270001009606 0.9074380000237099	Ru
0.9960259999315468 0.5041689999698278 0.9970360000235559	Ru
