564.0000 0.05 1
0.32
1.28
1.28
1.28
2.56
2.56
2.56
2.56
2.56
0
4.48
1.92
3.84
5.76
1.28
2.56
4.48
7.04
3.2
1.92
5.12
1.92
1.92
5.76
10.88
3.84
7.04
7.04
1.28
7.04
5.44
8.32
4.48
7.68
7.68
8.64
3.84
3.84
8.96
5.76
8.96
12.8
7.68
8.32
14.72
4.48
10.24
11.52
15.36
17.92
5.12
11.52
18.56
13.44
14.08
35.2
32.32
33.92
31.68
27.84
32.32
46.72
32
45.44
31.36
34.56
48.64
46.72
50.88
50.88
52.8
68.48
75.52
59.2
72.96
83.2
85.44
92.8
85.76
93.76
78.72
91.2
93.76
79.36
81.92
82.56
63.36
88.96
83.2
83.84
82.88
66.88
59.52
89.6
62.4
64.64
47.36
86.72
48
48.32
46.72
72.64
57.6
62.72
64.64
81.28
62.4
56.64
67.84
85.76
63.36
83.52
61.44
64.64
76.8
79.36
82.56
72.64
66.88
105.6
76.48
61.76
67.84
100.16
68.16
87.68
85.44
87.36
80
74.56
77.44
90.88
96.64
82.24
87.04
98.88
95.04
99.2
106.24
110.72
105.92
114.88
103.04
118.4
120.64
138.88
123.2
115.2
104.96
67.2
99.84
104.96
70.72
61.12
66.24
68.8
68.48
80
60.16
78.72
57.6
68.16
63.36
59.52
68.16
54.08
48.32
72.64
67.84
58.56
73.6
86.4
84.16
63.68
61.44
101.12
83.84
71.36
93.76
83.52
63.68
54.08
79.36
48.96
58.88
77.44
70.4
81.92
68.48
54.4
77.44
64
68.8
65.92
45.12
64.64
44.16
68.48
47.36
76.8
56.96
59.84
44.8
68.48
41.28
65.28
81.6
55.68
66.24
45.12
73.92
56
82.24
61.44
74.88
63.36
70.4
76.8
72.32
81.28
95.36
113.28
122.88
112.64
107.2
86.72
108.8
94.08
80.64
82.88
74.88
59.52
49.92
37.12
45.44
16.64
16.96
8.32
7.36
1.28
0
0
0
0.32
0
