-0.000000 0.005439 0.004228
-0.000000 -0.006424 0.002111
-0.000000 -0.002622 -0.001892
-0.000000 0.004174 -0.006000
-0.000000 -0.004942 0.002978
-0.000000 -0.006835 0.000274
-0.000000 -0.002050 0.000821
-0.000000 -0.001325 0.003201
-0.000000 -0.000874 -0.003530
-0.000000 0.008781 -0.004240
-0.000000 0.003284 -0.000611
-0.000000 0.004179 0.005143
-0.000000 -0.004899 0.001253
-0.000000 -0.002228 -0.006018
-0.000000 -0.005180 0.004968
-0.000000 0.006265 0.001392
-0.000000 0.000684 -0.006166
-0.000000 0.000254 -0.005986
-0.000000 0.003922 0.003597
-0.000000 -0.002473 0.001787
0.000809 0.008567 -0.006494
-0.003453 0.001640 -0.004438
-0.002279 0.001648 -0.008150
-0.005369 -0.002310 0.003026
-0.000809 0.008567 -0.006494
0.000123 0.001555 0.001948
-0.000123 0.001555 0.001948
0.000480 -0.004246 0.009151
-0.002164 -0.000922 -0.000023
0.003453 0.001640 -0.004438
0.002279 0.001648 -0.008150
0.005369 -0.002310 0.003026
-0.001738 -0.002598 0.006248
0.001738 -0.002598 0.006248
-0.000480 -0.004246 0.009151
0.002164 -0.000922 -0.000023
0.005273 -0.010513 0.006329
-0.000465 -0.000770 0.002995
-0.004448 -0.000939 -0.002271
-0.004148 -0.001136 -0.001089
-0.005273 -0.010513 0.006329
-0.004416 -0.006090 0.004044
0.004416 -0.006090 0.004044
-0.001945 0.012887 -0.006226
0.000143 0.003087 -0.004211
0.000465 -0.000770 0.002995
0.004448 -0.000939 -0.002271
0.004148 -0.001136 -0.001089
0.001019 0.001468 -0.000098
-0.001019 0.001468 -0.000098
0.001945 0.012887 -0.006226
-0.000143 0.003087 -0.004211
-0.000000 -0.002907 0.003157
-0.000000 -0.001084 0.001122
-0.000000 0.010755 -0.001945
-0.000000 -0.002809 0.004344
-0.000000 0.003278 0.000198
-0.000000 0.005766 -0.001883
-0.000000 -0.002109 -0.003086
-0.000000 0.000807 -0.001744
-0.000000 -0.004733 0.007928
-0.000000 0.000250 -0.005179
-0.000000 -0.002997 -0.003945
-0.000000 -0.004008 0.002240
