-3.86112 -7.72202 7.72205
-3.86112 7.72202 -7.72205
0 -7.72755 -7.72757
1 0 0
0 1 0
0 0 1
0.0001236799226447 0.9998763200773553 0.4997407046201303	Ir
0.3754069657905674 0.6245930342094326 0.2502110443046561	Ir
0.6248507991128136 0.3751492008871864 0.2502137082870775	Ir
0.8746384737238202 0.1253615262761798 0.2498515354746189	Ir
0.1255442771535513 0.8744557228464487 0.5004317775901583	Ir
0.3749270593995675 0.6250729406004325 0.5013918366963566	Ir
0.2495541834228305 0.7504458165771695 0.2498678126216589	Ir
0.1250940064596548 0.8749059935403452 0.9995726279105313	Ir
0.6250209830096978 0.3749790169903022 0.5012523275194098	Ir
0.5001296257741501 0.4998703742258499 0.2497983712521332	Ir
0.0004558681670943 0.9995441318329057 0.2489961827544604	Ir
0.3749348512266408 0.6250651487733592 0.9986451284704287	Ir
0.2499560162157337 0.7500439837842663 0.7501124604037415	Ir
0.8745248070395064 0.1254751929604936 0.5012867716261837	Ir
0.7498421681794980 0.2501578318205020 0.2498748991831548	Ir
0.6250195335543864 0.3749804664456136 0.9987824950174584	Ir
0.5000306495244757 0.4999693504755243 0.7501978549462862	Ir
0.0000871577455541 0.9999128422544459 0.7510085761318734	Ir
0.8749540221974073 0.1250459778025927 0.9986928960391239	Ir
0.7499263434533390 0.2500736565466610 0.7501030950465477	Ir
0.9373105696930040 0.5623975659056271 0.6255501694045051	Ir
0.1881552946867089 0.3136471974848547 0.6259353291453706	Ir
0.0622205585344275 0.4382761261127470 0.3761809763369115	Ir
0.9385989463624327 0.5632012400577366 0.1240954990815766	Ir
0.4376024340943729 0.0626894303069960 0.6255501694045051	Ir
0.3126200386431037 0.1873531389313356 0.3752016011363182	Ir
0.8126468610686644 0.6873799613568963 0.3752016011363182	Ir
0.1878245474617586 0.3119637985835411 0.1236163355447033	Ir
0.0623379639556276 0.4375148288660640 0.8747614565080895	Ir
0.6863528025151453 0.8118447053132911 0.6259353291453706	Ir
0.5617238738872530 0.9377794414655725 0.3761809763369115	Ir
0.4367987599422634 0.0614010536375673 0.1240954990815766	Ir
0.3126510731362302 0.1873609706182435 0.8746528627088992	Ir
0.8126390293817565 0.6873489268637698 0.8746528627088992	Ir
0.6880362014164589 0.8121754525382414 0.1236163355447033	Ir
0.5624851711339360 0.9376620360443724 0.8747614565080895	Ir
0.8119738388707916 0.6862771433307486 0.6259577689138780	Ir
0.0625343077038352 0.4376839410443409 0.6255285841798965	Ir
0.9385633152104873 0.5631518248996699 0.3757209737407408	Ir
0.8133854438745587 0.6885851965129888 0.1240526123890575	Ir
0.3137228566692514 0.1880261611292084 0.6259577689138780	Ir
0.1885168103584931 0.3131369618955375 0.3756607389075199	Ir
0.6868630381044625 0.8114831896415069 0.3756607389075199	Ir
0.0621928428519496 0.4382157090151964 0.1236633776007565	Ir
0.9375146320915064 0.5625638602878027 0.8747238557310766	Ir
0.5623160589556591 0.9374656922961648 0.6255285841798965	Ir
0.4368481751003301 0.0614366847895127 0.3757209737407408	Ir
0.3114148034870112 0.1866145561254413 0.1240526123890575	Ir
0.1874873460208875 0.3125520535890800 0.8746868537810144	Ir
0.6874479464109200 0.8125126539791125 0.8746868537810144	Ir
0.5617842909848036 0.9378071571480504 0.1236633776007565	Ir
0.4374361397121973 0.0624853679084936 0.8747238557310766	Ir
0.1251242210258425 0.8748757789741575 0.7501707908627040	Ru
0.3751041760858911 0.6248958239141089 0.7497521333938835	Ru
0.2495538347398281 0.7504461652601719 0.4995312354721904	Ru
0.1250957332756215 0.8749042667243785 0.2498660888368462	Ru
0.6248201304415630 0.3751798695584370 0.7497715788036388	Ru
0.4997984542934120 0.5002015457065880 0.5000169857185881	Ru
0.2499628210087010 0.7500371789912990 0.0003558377624415	Ru
0.8749591770562617 0.1250408229437383 0.7501675293410059	Ru
0.7505239668908672 0.2494760331091328 0.5000241507561469	Ru
0.4998000311896504 0.5001999688103496 0.9999692070466963	Ru
0.0001218510732102 0.9998781489267898 0.0004566026899226	Ru
0.7501081595259294 0.2498918404740706 0.9999077631993103	Ru
