2176.0000 0.05 1
1.11111
4.44444
11.1111
2.22222
11.1111
4.44444
13.3333
11.1111
20
11.1111
6.66667
11.1111
24.4444
23.3333
17.7778
23.3333
26.6667
18.8889
13.3333
32.2222
18.8889
8.88889
4.44444
10
14.4444
16.6667
34.4444
37.7778
27.7778
37.7778
11.1111
26.6667
17.7778
31.1111
24.4444
32.2222
26.6667
27.7778
40
24.4444
32.2222
46.6667
36.6667
47.7778
70
55.5556
56.6667
41.1111
80
106.667
95.5556
126.667
130
136.667
146.667
148.889
158.889
192.222
192.222
202.222
214.444
267.778
192.222
230
232.222
288.889
240
276.667
253.333
265.556
288.889
298.889
317.778
340
316.667
350
288.889
345.556
301.111
310
293.333
298.889
295.556
280
312.222
273.333
248.889
285.556
292.222
295.556
316.667
314.444
323.333
305.556
337.778
318.889
315.556
296.667
292.222
301.111
298.889
294.444
330
355.556
320
357.778
377.778
356.667
353.333
352.222
341.111
291.111
253.333
215.556
175.556
162.222
191.111
238.889
264.444
331.111
352.222
400
418.889
395.556
428.889
412.222
447.778
402.222
380
356.667
344.444
371.111
347.778
397.778
382.222
377.778
384.444
427.778
406.667
454.444
410
408.889
408.889
360
356.667
376.667
368.889
374.444
437.778
411.111
411.111
437.778
403.333
338.889
354.444
322.222
346.667
316.667
326.667
260
283.333
258.889
270
262.222
242.222
224.444
274.444
211.111
243.333
217.778
230
261.111
223.333
244.444
232.222
214.444
206.667
230
174.444
207.778
174.444
197.778
177.778
172.222
256.667
235.556
231.111
213.333
216.667
168.889
175.556
197.778
262.222
238.889
220
272.222
244.444
221.111
262.222
350
340
322.222
303.333
327.778
307.778
335.556
376.667
413.333
432.222
425.556
447.778
432.222
510
474.444
496.667
474.444
426.667
354.444
311.111
225.556
123.333
16.6667
1.11111
0
0
0
0
0
0
0
0
0
0
0
0
0
0
0
0
0
0
0
0
0
0
4.44444
2.22222
0
0
2.22222
0
2.22222
4.44444
2.22222
7.77778
0
0
6.66667
2.22222
4.44444
2.22222
2.22222
2.22222
4.44444
1.11111
0
2.22222
0
0
2.22222
2.22222
0
