-0.000487 0.011370 0.012356
-0.007731 0.001327 0.000255
0.000212 0.017968 0.000691
0.011847 0.007958 -0.002336
-0.003661 0.016022 -0.006834
-0.009832 0.000568 -0.002386
0.001558 0.003715 0.004719
0.000297 -0.016280 -0.002769
-0.004328 -0.012088 -0.000928
-0.010890 -0.006418 -0.000374
0.009972 -0.006986 0.000683
-0.009444 -0.006301 -0.003396
0.003947 -0.006725 0.002070
0.004950 -0.019992 0.000083
-0.003645 0.000730 0.001859
0.015434 -0.012872 0.001769
-0.000582 0.012108 0.013718
-0.008268 0.000192 -0.000683
-0.012160 0.019194 0.000627
0.012318 0.007790 -0.003261
-0.001653 0.017705 -0.005247
-0.011208 0.000557 -0.003273
-0.001690 0.003805 0.004575
-0.001225 -0.014492 -0.001300
-0.001460 -0.013047 -0.002573
-0.012272 -0.004542 -0.001305
0.012161 -0.007652 0.000248
-0.010116 -0.006734 -0.003311
0.004882 -0.008026 0.002901
0.002908 -0.020115 -0.000183
-0.002568 -0.000337 0.002957
0.013274 -0.010809 0.002570
-0.000796 0.010887 0.011598
-0.007509 0.000776 0.001613
-0.000072 0.019497 0.000260
0.009095 0.015122 -0.003043
-0.017294 0.014076 -0.005189
-0.007301 -0.000206 -0.002002
-0.011734 0.003206 0.004636
0.000328 -0.015741 -0.002601
-0.006433 -0.008184 -0.005383
-0.010500 -0.004886 -0.002093
0.010561 -0.006469 0.000621
-0.008781 -0.005764 -0.002588
0.004540 -0.008079 0.004816
0.003006 -0.019728 -0.000387
-0.014529 0.002437 0.003201
0.014321 -0.010377 0.002442
0.000926 0.012585 0.013142
-0.009622 0.001019 -0.001276
-0.000807 0.020889 0.001023
0.006957 0.006459 -0.005205
-0.002838 0.018730 -0.006550
-0.005970 0.002235 -0.001828
-0.010630 0.004084 0.003913
-0.000459 -0.016654 -0.003088
-0.004992 -0.012130 -0.000028
-0.011278 -0.005811 -0.001973
0.010739 -0.006667 -0.000122
-0.010609 -0.008041 0.000174
0.006108 -0.008156 0.005783
0.005271 -0.018885 0.000051
-0.002238 -0.000197 0.002349
0.014895 -0.011862 0.003818
-0.001909 0.011436 0.012032
-0.008063 0.001491 0.001048
0.001226 0.018922 0.000509
0.010177 0.008397 -0.003330
-0.001395 0.014700 -0.005759
-0.007093 -0.000227 -0.002278
0.001935 0.003794 0.004718
0.001148 -0.016408 -0.003015
-0.003923 -0.010380 -0.002070
-0.010431 -0.004697 -0.002329
0.012529 -0.006803 -0.000220
-0.006835 -0.009541 -0.004878
0.004230 -0.007155 0.004307
0.001588 -0.019284 -0.000445
-0.004521 0.000969 0.000505
0.013746 -0.011203 0.002941
-0.001312 0.011153 0.012304
-0.010157 0.000319 0.000472
-0.001549 0.018837 0.001279
0.012375 0.004977 -0.002420
-0.003209 0.016056 -0.005835
-0.012169 0.000478 -0.003147
0.001989 0.002544 0.004158
0.000428 -0.015719 -0.001758
-0.003348 -0.009210 0.002461
-0.008307 -0.005169 -0.002179
0.011893 -0.006723 0.002666
-0.007744 -0.005701 -0.005430
0.003517 -0.008179 0.004220
0.003511 -0.019555 -0.001931
-0.006041 0.002625 -0.001328
0.012183 -0.010939 0.003020
-0.013710 -0.037365 0.012553
-0.026285 0.046360 0.000557
-0.065251 0.043879 0.000487
0.006606 -0.006713 -0.002841
-0.000831 0.013689 -0.006194
-0.012178 0.000933 -0.001614
0.001663 0.002877 0.004608
0.000173 -0.017887 -0.002755
-0.013028 -0.001690 -0.018749
-0.001544 -0.005058 -0.001699
-0.052139 0.026553 0.076381
-0.017922 -0.007056 -0.002546
0.004159 -0.007919 0.003358
-0.053377 0.014192 -0.072315
-0.002810 -0.000422 0.002017
0.015219 -0.011237 0.002396
0.000852 0.012324 0.011534
-0.009608 0.001724 0.001537
-0.000786 0.022169 0.000572
0.007483 0.007763 -0.001293
-0.028309 0.019027 -0.006503
-0.007338 0.001226 -0.002378
-0.000386 0.003975 0.005179
-0.000168 -0.015989 -0.002602
-0.003737 -0.011447 -0.001586
-0.010652 -0.004451 -0.002063
0.013645 -0.005760 0.000496
-0.009542 -0.005440 -0.003607
0.004128 -0.007513 0.003168
0.003021 -0.019562 -0.000636
-0.001626 0.002498 0.002576
-0.040127 -0.045007 0.062087
-0.000025 0.002223 -0.004664
0.009563 0.011130 -0.002411
-0.010802 0.011003 0.002236
0.007861 0.024025 -0.001389
0.000308 -0.003196 -0.000649
0.000790 0.003945 -0.010030
-0.007602 -0.001992 0.000615
0.004312 0.004948 0.002870
-0.001260 0.007579 -0.001953
0.018023 -0.011545 0.002797
-0.008002 0.010712 0.001493
-0.005410 -0.000861 0.000227
0.010903 -0.004748 0.000636
-0.001973 -0.005298 0.005025
0.008534 -0.007603 0.001274
-0.018003 -0.012603 0.002409
0.000425 0.003490 -0.004674
0.006565 0.013637 -0.001918
-0.005859 0.010226 0.003059
0.009752 0.021489 -0.001984
-0.001614 -0.001992 0.000234
0.001899 0.004360 -0.009820
-0.008015 -0.002445 0.001012
0.003181 0.004944 -0.000771
0.001761 0.010031 -0.002385
0.017693 -0.011858 0.003589
-0.009184 0.009981 0.002308
-0.004512 -0.001765 0.000252
0.013204 -0.006441 0.002178
-0.003330 -0.005124 0.004402
0.011012 -0.009237 0.002283
-0.014996 -0.012061 -0.001076
-0.001351 0.006599 -0.006206
0.006223 0.012382 -0.001143
-0.010736 0.011110 0.002105
0.009025 0.020372 -0.001552
-0.001223 -0.002013 -0.000120
-0.001686 0.009804 -0.010311
-0.020102 0.000127 -0.000016
0.004421 0.005089 0.000169
-0.005648 0.023438 -0.001839
0.017376 -0.010964 0.003290
-0.006452 0.008616 0.002138
-0.007289 -0.000598 0.000572
0.009426 -0.001030 0.004430
-0.002924 -0.004677 0.004294
0.013290 -0.012016 0.002902
-0.027262 -0.011175 -0.000167
-0.011925 0.002104 -0.006004
0.008306 0.007871 -0.002554
-0.008686 0.010414 0.001532
0.006782 0.023891 -0.001385
0.000850 -0.001662 0.003292
0.000834 0.002165 -0.015947
-0.011083 -0.005337 0.000509
0.002198 0.005500 -0.000581
-0.005050 0.000989 -0.002555
0.017757 -0.010593 0.004366
-0.007669 0.010867 0.001816
-0.012278 -0.009747 -0.017140
0.010282 -0.005527 -0.000551
-0.002809 -0.004056 0.005021
0.010781 -0.009928 0.003654
-0.015244 -0.011803 0.000947
0.001948 0.001034 -0.005519
0.004720 0.004262 -0.002391
-0.005762 0.011239 0.002263
-0.007173 0.022535 -0.001282
0.000212 -0.003599 0.000022
0.004215 0.002993 -0.010032
-0.007052 -0.002832 0.001022
0.003726 0.005181 -0.003775
-0.002145 0.007631 -0.002161
0.016594 -0.011813 0.002318
-0.008041 0.010980 0.002747
-0.005943 -0.000860 -0.001038
0.010840 -0.006531 -0.000617
-0.003530 -0.007033 0.002372
0.010993 -0.011280 0.003001
-0.017623 -0.010998 0.001302
-0.000563 -0.001459 -0.007804
-0.004436 0.009375 -0.002092
-0.010382 0.010714 0.002009
0.006746 0.022609 -0.001205
-0.000572 -0.001505 0.001416
0.001416 0.005230 -0.010144
-0.008993 -0.000606 0.004966
0.001500 0.004598 -0.000945
-0.007244 0.009991 0.001812
0.017946 -0.013405 0.000271
-0.007767 0.010293 -0.000492
-0.004490 -0.000122 -0.002728
0.004534 0.005293 0.017424
0.000697 -0.005354 0.004382
0.011184 -0.008618 0.002515
-0.016559 -0.012918 0.001058
0.001045 -0.001046 -0.005667
0.007891 0.008544 -0.001811
0.549019 0.001545 -0.007178
-0.018061 -0.002516 -0.002803
-0.014562 0.004440 -0.002241
-0.010750 0.004334 -0.009900
-0.009325 -0.000213 -0.004631
-0.011502 -0.001754 0.001396
-0.004606 0.009099 -0.003841
0.010105 -0.020402 0.019730
-0.065031 -0.015357 -0.049731
-0.007480 -0.005229 -0.004478
0.011292 -0.003033 -0.003175
0.006467 -0.005809 0.004924
0.008519 -0.011819 -0.000492
-0.017931 -0.009165 0.004826
0.000774 0.003834 -0.005310
0.007528 0.007737 -0.002443
-0.010440 0.009651 0.003053
0.007675 0.024593 -0.001589
0.000945 -0.001673 -0.003970
0.001578 0.002523 -0.005079
-0.005486 -0.000664 0.000991
0.001939 0.005764 -0.000199
-0.000448 0.007980 -0.002232
0.015472 -0.014882 0.007775
-0.009590 0.010289 0.001407
-0.004628 -0.003038 0.003326
0.010954 -0.005905 0.000300
-0.003833 -0.006643 0.003775
0.001092 -0.010635 0.001373
-0.013907 -0.010984 0.000650
