2176.0000 0.05 1
1.875
3.75
6.25
6.25
7.5
16.25
8.75
6.25
17.5
16.25
14.375
16.25
25
16.25
6.25
31.25
23.125
18.125
28.75
10
10
13.125
10
10
16.25
20
25
30
37.5
19.375
22.5
28.75
13.75
26.875
21.875
28.125
21.25
41.25
45
30
37.5
56.25
47.5
45.625
41.875
67.5
54.375
49.375
84.375
92.5
98.75
125.625
136.25
135
139.375
153.125
181.875
151.25
156.25
201.25
177.5
176.25
232.5
251.875
268.75
236.25
236.875
279.375
292.5
311.875
294.375
321.25
302.5
311.25
325.625
338.75
341.25
363.75
315.625
352.5
375
363.75
331.25
358.125
335
379.375
308.75
296.25
304.375
285.625
274.375
254.375
232.5
251.25
249.375
300.625
206.875
247.5
311.875
295.625
317.5
310.625
308.75
300
249.375
293.75
309.375
297.5
322.5
275.625
280.625
302.5
272.5
321.875
290
316.875
246.875
300.625
351.875
317.5
315.625
316.25
326.25
364.375
343.75
380
400
379.375
390.625
393.75
393.75
430.625
452.5
470
452.5
440
455.625
434.375
447.5
418.75
407.5
425.625
383.125
357.5
318.125
354.375
327.5
308.75
315.625
332.5
303.125
276.875
217.5
253.125
249.375
305.625
277.5
246.875
272.5
227.5
320
284.375
329.375
301.875
300.625
291.875
285.625
296.875
348.125
294.375
323.75
353.75
370
355
261.875
287.5
211.25
290.625
345.625
267.5
263.125
267.5
256.875
238.125
243.125
251.25
263.125
330
236.25
227.5
238.125
225
180
246.875
258.125
278.75
255.625
310.625
251.25
262.5
256.875
207.5
203.75
268.125
253.75
326.25
344.375
342.5
356.875
276.25
365
296.25
512.5
535.625
508.125
424.375
367.5
260.625
233.75
202.5
164.375
120.625
63.125
30.625
10
5
1.25
3.75
1.25
0
0
0
0
0
0
0
0
0
0
2.5
0
