0.007172 0.002231 0.001059
-0.011050 0.002471 -0.002978
0.010475 0.002378 0.000078
0.009645 0.000585 -0.003469
-0.014532 -0.025702 -0.001629
-0.006924 -0.008010 0.003236
-0.013651 -0.006075 -0.009173
-0.009809 0.002164 -0.002137
-0.007771 0.002332 -0.007315
0.005428 -0.001294 -0.002848
-0.003116 -0.002328 0.003685
-0.004326 -0.002586 0.002288
-0.001394 -0.005572 0.009534
-0.006411 0.000192 -0.000827
0.006722 -0.000306 -0.003165
0.001261 -0.001643 0.001148
0.010316 0.002605 0.000760
-0.011914 0.003859 0.001421
0.010702 0.003985 0.000107
0.003052 0.000368 -0.003298
0.008665 0.002966 -0.003042
-0.000477 -0.003253 -0.001450
-0.004582 -0.002990 -0.004431
-0.004433 0.005890 0.001359
-0.008657 0.001893 -0.007420
0.006326 -0.001486 -0.002216
-0.003393 -0.002789 0.004624
-0.006790 -0.002416 0.001921
-0.001171 -0.006464 0.009573
-0.006547 0.001125 -0.000294
0.005594 0.000672 -0.003874
0.001517 -0.001757 0.000698
0.020220 0.003449 0.001214
-0.004668 -0.002738 0.001773
-0.031647 -0.036460 0.001957
0.008653 -0.001083 -0.003425
0.008917 0.001847 -0.002601
-0.006475 0.001151 0.002915
-0.004140 -0.003575 -0.005033
-0.010034 0.010756 -0.002539
-0.018213 0.003968 -0.012949
0.004350 -0.000963 -0.002231
-0.032261 -0.002557 0.037159
-0.005204 -0.001595 0.002923
-0.000078 -0.006592 0.008224
-0.005703 0.000507 -0.000500
0.007644 0.002887 -0.003491
-0.012441 -0.001646 0.015181
0.021368 0.002148 0.000970
-0.011175 0.002008 0.005458
0.010939 0.005104 -0.000421
0.001368 0.000575 -0.003539
0.008142 0.003225 -0.002880
-0.000168 -0.002851 -0.001437
-0.004035 -0.001675 -0.006011
-0.004101 0.006159 0.001834
-0.009144 0.000297 -0.007562
0.004648 -0.000975 -0.002364
-0.002893 -0.002175 0.003247
-0.004920 -0.002658 0.002165
-0.001480 -0.005314 0.009249
-0.006089 0.000296 -0.000765
0.004299 0.001566 -0.005407
0.001900 -0.002185 0.000121
0.010471 0.002053 0.000649
-0.002851 0.000041 0.001952
0.012662 0.005465 -0.001111
0.004514 0.000629 -0.002720
0.009791 0.003208 -0.001568
0.001963 -0.002480 0.000571
-0.015889 -0.007777 -0.010384
-0.005142 0.006039 0.001108
-0.018078 0.005536 -0.012415
0.003802 0.000317 -0.003522
-0.003107 -0.002105 0.003949
0.000046 -0.002798 0.003507
-0.001397 -0.005647 0.009359
-0.004484 0.000364 -0.000265
0.004311 0.001641 -0.005931
0.001632 -0.002146 0.001406
0.010054 0.002631 0.001387
-0.004871 -0.002299 0.001194
0.011174 0.004151 0.000020
0.003144 0.000428 -0.003477
0.008170 0.002542 -0.002662
-0.001110 -0.003033 -0.001662
-0.004774 -0.002166 -0.004462
-0.005006 0.005931 0.001538
-0.009163 0.000232 -0.007276
0.004407 -0.001804 -0.002708
-0.001640 -0.001150 0.003013
-0.006642 -0.002190 0.002797
-0.001610 -0.004466 0.009758
-0.004254 0.000313 -0.000591
0.003865 0.001417 -0.004712
-0.012789 -0.017008 0.000211
0.010108 0.002148 0.001203
-0.004312 -0.002800 0.000712
0.010685 0.004337 -0.000078
0.001797 0.000793 -0.003546
0.008980 0.003236 -0.003293
0.000314 -0.003635 -0.001366
-0.005069 -0.001736 -0.004944
-0.004021 0.005405 0.001443
-0.007840 0.000281 -0.009305
0.004601 -0.001182 -0.002073
-0.003268 -0.002387 0.004899
-0.006137 -0.002064 0.002967
-0.000098 -0.006792 0.010783
-0.006327 0.000739 -0.000417
0.005956 0.000711 -0.004843
-0.011754 -0.002019 -0.012825
0.010083 0.002256 0.001685
-0.005950 -0.002799 0.001380
0.011564 0.006193 0.001095
0.004700 0.000445 -0.003509
0.009722 0.003139 -0.004030
-0.002761 -0.002452 -0.001092
-0.004080 -0.002452 -0.005692
-0.001819 0.006156 0.000012
-0.008049 0.000841 -0.008471
0.006094 -0.000951 -0.002634
-0.001996 -0.003006 0.002787
0.000329 -0.002699 0.000300
-0.036105 0.033228 0.009133
-0.007172 -0.000004 -0.000185
-0.028725 0.003153 -0.043764
-0.012765 0.013013 0.000611
-0.021423 -0.005769 0.007228
-0.000685 0.001764 -0.001973
-0.002201 0.000676 0.002602
-0.004519 0.003296 0.002919
-0.000603 0.006692 0.001255
0.005202 -0.000762 -0.000896
0.004451 -0.000987 -0.004156
-0.014136 -0.016394 -0.001290
0.012855 0.007290 0.002390
0.001023 -0.004447 -0.005166
0.002713 0.004369 0.005389
-0.021809 -0.004590 -0.005097
0.004370 0.005154 0.010600
-0.003525 -0.009990 -0.009330
0.016996 0.000562 0.000578
-0.003018 -0.001590 0.007676
-0.012838 -0.001411 0.002388
0.003447 -0.002732 0.002051
-0.003341 0.000592 0.002846
-0.005080 0.003971 0.002420
-0.009596 0.010129 0.002497
0.005708 -0.000874 -0.001256
0.004331 -0.000805 -0.004941
0.001500 0.000107 -0.000394
0.010778 0.004670 0.002182
-0.000564 -0.005888 -0.005260
0.001950 0.002933 0.005088
-0.023113 -0.003272 -0.004926
0.002942 0.004955 0.010929
0.000439 -0.006841 -0.009689
0.019324 0.001052 0.000176
-0.004845 0.001477 0.006782
-0.012469 -0.002628 0.003178
-0.000768 -0.006473 -0.002276
-0.003450 0.001399 0.002281
-0.004014 0.004647 0.002458
-0.004399 0.006529 -0.002061
0.494341 0.008030 0.005124
-0.006112 0.017214 -0.004558
-0.021364 0.023014 -0.000606
0.011615 0.003225 0.002226
0.000834 -0.007267 -0.006227
-0.006804 0.007099 0.010355
-0.021865 -0.003547 -0.004939
0.003043 0.004142 0.011614
0.003326 -0.008238 -0.009660
0.018002 0.000406 -0.000544
-0.012010 -0.005224 0.007663
-0.012417 -0.001206 0.003831
0.005455 -0.003226 0.001430
-0.003155 0.000967 0.002281
-0.004178 0.002636 0.001354
-0.009941 0.006333 0.004228
0.006793 -0.000964 -0.001019
0.004704 -0.001693 -0.004475
0.001614 -0.000215 -0.000533
0.009598 0.004494 0.001725
-0.000754 -0.006139 -0.005755
0.001963 0.002818 0.005362
-0.021787 -0.004292 -0.005597
0.003003 0.003880 0.011153
-0.000091 -0.006257 -0.009590
0.016960 0.000860 0.000393
-0.006392 0.001363 0.007670
-0.012643 -0.001648 0.003726
0.007848 -0.002634 -0.000425
-0.001733 0.001658 0.002951
-0.004463 0.004111 0.002436
-0.010358 0.001933 0.003210
0.005038 -0.001372 -0.000926
0.005201 -0.001899 -0.003224
-0.021422 0.000193 -0.024258
0.006211 0.007508 -0.002518
-0.015213 -0.005813 -0.025040
0.002193 0.003216 0.005653
-0.052134 -0.002787 -0.005386
0.002048 0.004900 0.013116
-0.004897 -0.009702 -0.013529
0.015991 0.000537 0.000683
-0.012374 -0.004152 0.012481
-0.012660 -0.002730 0.002711
0.005180 -0.002432 0.002183
-0.001517 0.000842 0.002303
-0.004613 0.004020 0.002923
-0.002711 0.006100 -0.002157
0.004955 -0.000674 -0.000696
0.004590 -0.001203 -0.004304
0.001778 0.000862 -0.001111
0.011006 0.004383 0.001995
-0.000371 -0.006147 -0.005744
0.002253 0.003881 0.005404
-0.022383 -0.003885 -0.005280
0.002637 0.004772 0.010932
0.000246 -0.007354 -0.009725
0.017012 0.001391 -0.000193
-0.004941 0.001667 0.007981
-0.013078 -0.001040 0.002758
0.005536 -0.002623 0.002103
-0.003848 0.001105 0.002056
-0.003713 0.004976 0.001950
-0.002838 0.006578 -0.002290
0.005000 -0.001271 -0.000972
0.004793 -0.001391 -0.004545
0.001141 0.000257 -0.000086
0.010615 0.004391 0.001938
-0.000807 -0.005729 -0.006034
0.002738 0.002938 0.006582
-0.021854 -0.004065 -0.006178
0.002288 0.005101 0.011152
-0.001160 -0.006589 -0.009874
0.017216 0.000713 0.000145
-0.005195 0.001569 0.007479
-0.023778 -0.007822 0.007186
-0.001113 -0.002739 -0.004492
-0.005069 0.001215 0.004319
-0.032196 0.003204 0.001927
-0.002616 0.006560 -0.002144
0.005950 -0.001633 -0.000788
0.005097 -0.001771 -0.005159
-0.020330 0.000727 0.021511
0.006208 0.007646 0.006174
-0.001276 -0.006054 -0.007864
-0.007264 0.008478 0.009685
-0.023289 -0.004402 -0.005236
-0.007404 0.004092 0.026176
-0.004544 -0.009227 -0.004379
0.019134 0.000884 0.000078
-0.011511 -0.003561 0.003490
