2176.0000 0.05 1
1.11111
4.44444
11.1111
2.22222
11.1111
4.44444
13.3333
11.1111
20
11.1111
6.66667
11.1111
24.4444
23.3333
17.7778
23.3333
26.6667
18.8889
13.3333
34.4444
16.6667
8.88889
4.44444
10
14.4444
16.6667
34.4444
40
23.3333
40
11.1111
26.6667
17.7778
31.1111
24.4444
32.2222
28.8889
25.5556
40
24.4444
32.2222
46.6667
36.6667
47.7778
70
57.7778
54.4444
41.1111
80
106.667
95.5556
126.667
127.778
136.667
148.889
148.889
162.222
186.667
190
204.444
216.667
267.778
192.222
230
230
291.111
235.556
278.889
255.556
263.333
291.111
296.667
320
335.556
318.889
352.222
284.444
343.333
302.222
315.556
291.111
303.333
293.333
275.556
316.667
271.111
251.111
283.333
293.333
296.667
316.667
314.444
318.889
310
335.556
321.111
315.556
294.444
292.222
301.111
301.111
292.222
332.222
357.778
316.667
357.778
376.667
358.889
353.333
352.222
334.444
295.556
253.333
215.556
177.778
162.222
188.889
241.111
264.444
328.889
354.444
393.333
418.889
400
426.667
412.222
450
404.444
377.778
356.667
344.444
371.111
347.778
397.778
382.222
374.444
387.778
427.778
406.667
456.667
408.889
407.778
406.667
356.667
362.222
374.444
368.889
375.556
432.222
420
407.778
441.111
401.111
334.444
361.111
322.222
346.667
313.333
330
260
284.444
255.556
265.556
268.889
242.222
224.444
274.444
208.889
245.556
217.778
230
261.111
221.111
244.444
234.444
214.444
204.444
230
176.667
210
172.222
197.778
173.333
176.667
256.667
233.333
233.333
213.333
216.667
168.889
175.556
197.778
260
238.889
220
272.222
241.111
228.889
257.778
352.222
340
320
303.333
330
307.778
331.111
381.111
417.778
425.556
427.778
447.778
434.444
501.111
483.333
500
474.444
432.222
347.778
314.444
230
116.667
13.3333
1.11111
0
0
0
0
0
0
0
0
0
0
0
0
0
0
0
0
0
0
0
0
0
0
4.44444
2.22222
0
0
2.22222
2.22222
2.22222
2.22222
2.22222
5.55556
0
0
6.66667
0
4.44444
6.66667
0
2.22222
4.44444
0
1.11111
2.22222
0
0
2.22222
0
2.22222
0
