0.003342 0.005783 0.008037
-0.008459 0.001729 -0.000313
0.054024 -0.019847 -0.081162
0.012930 0.007988 -0.002865
-0.004281 0.017701 -0.006145
0.000643 -0.000416 0.000423
-0.000834 0.002286 0.005406
0.011192 -0.017484 -0.002917
-0.004792 -0.010228 -0.001329
-0.012595 -0.005808 0.000285
0.115520 -0.024558 -0.000585
0.001401 -0.005659 -0.003228
0.003743 -0.007751 0.003612
0.010054 -0.018039 -0.004517
-0.003063 0.000382 0.002287
0.023126 -0.011127 0.002960
0.000498 0.011226 0.012689
-0.009531 0.001600 -0.000361
-0.005296 0.017579 0.001495
0.065486 -0.027743 0.074530
-0.001003 0.015807 -0.006366
-0.009013 -0.000675 -0.002477
0.000168 0.003414 0.004327
-0.000854 -0.015038 -0.002774
0.000447 -0.016353 -0.001118
0.004960 0.013686 -0.002218
0.010444 -0.008839 0.000850
-0.011451 -0.003911 -0.003403
0.002463 -0.006804 0.002376
0.004397 -0.013504 -0.000698
-0.006552 0.000507 0.001351
0.011437 -0.011627 0.003020
0.000496 0.010665 0.011214
-0.009052 0.001057 0.000371
-0.000880 0.019714 0.000935
0.010939 0.008832 -0.001648
-0.002225 0.015146 -0.006395
-0.009140 0.000928 -0.002370
-0.002964 0.006254 0.004887
-0.000516 -0.015776 -0.002667
-0.003231 -0.011262 -0.001514
-0.010462 -0.006082 -0.001360
0.010883 -0.008538 0.000313
-0.013263 -0.004468 -0.003820
0.002707 -0.007324 0.004817
0.002493 -0.016820 -0.000499
-0.003045 0.000784 0.001906
0.011318 -0.011806 0.002768
0.000414 0.010658 0.012508
-0.008376 0.001291 -0.000128
-0.000812 0.019167 0.000616
0.013588 0.008312 -0.002386
-0.002832 0.015333 -0.007001
-0.009943 0.000737 -0.001301
-0.000688 0.003482 0.002937
0.002050 -0.013865 -0.003005
-0.004044 -0.012148 -0.001175
-0.012534 -0.004305 -0.001811
0.009800 -0.006336 0.000388
-0.008424 -0.004363 -0.003085
0.006514 -0.007394 0.004982
0.004703 -0.019587 -0.000768
-0.004085 0.001561 0.002855
0.023549 -0.013035 0.002859
-0.001233 0.012050 0.010501
-0.009014 0.000378 0.001797
-0.001340 0.020021 -0.000821
0.007195 0.007338 -0.004389
-0.000458 0.015925 -0.005989
-0.010610 0.001498 -0.000262
-0.000272 0.003118 0.004935
-0.001034 -0.015628 -0.002899
-0.002618 -0.010788 -0.000877
-0.013161 -0.006216 -0.004178
0.011297 -0.006268 0.000488
-0.010602 -0.006951 -0.003517
0.004263 -0.007272 0.003935
0.009089 -0.018269 0.002406
-0.006245 -0.000279 0.000986
0.014831 -0.011248 0.003216
0.011388 0.000771 -0.004911
-0.016379 0.003315 0.000686
-0.002504 0.019207 0.000501
0.012049 0.007992 -0.002628
-0.001796 0.015940 -0.004911
-0.010213 0.001147 -0.003240
0.001697 0.002718 0.004162
0.001848 -0.017371 -0.007317
-0.002529 -0.009769 0.003036
-0.010697 -0.004734 -0.001405
0.008052 -0.006228 0.000727
-0.009862 -0.006857 -0.003907
0.005560 -0.007338 0.005266
0.003748 -0.024285 -0.000697
-0.003463 0.000656 0.001938
0.010785 -0.010476 0.003668
-0.001146 0.008500 0.015363
-0.008903 0.001286 0.000090
-0.000135 0.020053 0.000746
0.012504 0.008271 -0.002879
0.047366 0.050358 0.058108
-0.007603 -0.003347 -0.003302
-0.001552 0.003436 0.005289
0.000588 -0.017683 0.000643
-0.003861 -0.010031 -0.004352
-0.009976 -0.004922 -0.001858
0.010169 -0.005914 0.000086
-0.009331 -0.006644 -0.002257
0.005592 -0.007395 0.002255
0.001430 -0.019530 -0.000866
-0.628858 0.007047 0.006321
0.011232 -0.010551 0.002268
0.000007 0.011562 0.011767
-0.008472 0.001710 0.001134
-0.001685 0.020141 0.001537
0.010492 0.008737 -0.002892
0.000949 0.016015 -0.005001
-0.012117 -0.001503 -0.000716
0.047235 0.034974 -0.059633
-0.001645 -0.016926 -0.002669
0.007010 -0.011126 -0.001732
-0.011502 -0.005026 -0.001855
0.022596 -0.006426 0.000430
0.062950 0.012609 -0.001108
0.022934 -0.067778 0.004175
0.003022 -0.019634 -0.000799
-0.003919 0.001234 0.000331
0.014620 -0.011923 0.002546
-0.001036 0.002239 -0.006193
0.007641 0.007886 -0.002610
0.000151 0.009811 0.000513
0.004699 0.024811 0.000096
-0.000439 -0.003780 0.000769
0.002163 0.004034 -0.009528
-0.008034 -0.002169 0.001070
0.012069 0.016151 -0.018103
-0.002833 0.010110 -0.003590
0.034032 -0.013515 0.003789
0.007959 0.011776 0.002402
-0.007484 -0.001711 -0.000176
0.011747 -0.005705 0.000864
0.008733 -0.004528 0.004899
0.015173 -0.023543 0.001788
-0.018603 -0.010154 0.001342
-0.004336 0.002539 -0.004739
0.006651 0.008462 -0.002405
-0.009608 0.011256 0.002779
0.006951 0.022736 -0.001963
-0.007609 -0.003065 0.001558
0.004671 -0.000279 -0.006480
-0.009067 -0.001593 0.001489
0.006761 0.009648 -0.004438
-0.001805 0.009017 -0.002946
0.018642 -0.011735 0.003058
-0.008873 0.010934 0.001143
-0.004282 -0.005639 -0.000273
0.013025 -0.004890 0.000608
-0.002695 -0.000718 0.005410
0.010939 -0.009405 0.001877
-0.018421 -0.010761 0.001217
-0.008090 0.004007 -0.007107
0.009183 0.008189 -0.004077
-0.010448 0.009939 0.001944
0.007192 0.023576 -0.001602
-0.004186 -0.002723 -0.001496
-0.000110 0.005662 -0.007499
-0.008163 -0.001900 0.000592
0.002740 0.004369 -0.001283
-0.000661 0.006009 -0.000447
0.018669 -0.011646 0.003057
-0.007136 0.010495 0.003320
-0.003613 -0.005674 0.000303
0.011488 -0.005817 -0.000019
-0.002142 -0.002311 0.004178
0.010467 -0.009275 0.002549
-0.015561 -0.011577 0.001253
-0.001080 0.003155 -0.005862
0.010738 0.011593 0.002163
-0.011688 0.010585 0.001746
0.006084 0.022532 -0.000454
-0.000836 -0.002415 0.000357
0.000960 0.002066 -0.014042
-0.007644 -0.002089 0.001100
0.003572 0.004674 -0.000082
-0.001526 0.007030 -0.003887
0.017937 -0.010442 0.002469
-0.008153 0.006835 0.002329
-0.005505 -0.000402 -0.000070
0.009662 -0.006926 -0.000340
-0.003559 -0.004664 0.004270
0.016020 0.000407 0.002402
-0.018464 -0.013374 0.001204
-0.000803 0.004085 -0.004795
0.008472 0.007650 -0.001308
-0.011690 0.010919 0.000244
0.007067 0.023180 -0.001294
-0.000442 -0.002395 -0.001006
0.002430 0.004652 -0.010150
-0.007536 -0.003178 -0.000850
0.003008 0.007130 0.004760
-0.001204 0.007099 -0.002572
0.019562 -0.010805 0.002677
-0.007948 0.009038 0.002367
-0.000616 0.006368 -0.000008
0.011598 -0.005970 -0.000205
-0.004883 -0.005763 0.004164
0.008711 -0.012027 0.001934
-0.015449 -0.011852 0.001391
-0.000030 0.002889 -0.004883
0.007357 0.009939 -0.007203
-0.008079 0.006954 0.005358
0.008428 0.025522 -0.005110
-0.001045 -0.003138 -0.000601
0.002726 0.004688 -0.010287
-0.008812 -0.002311 0.000682
0.003934 0.005957 0.000453
-0.001500 0.007398 -0.001407
0.016716 -0.011438 0.005199
-0.006745 0.009634 0.002367
-0.004967 0.000381 0.000148
0.012486 -0.005161 -0.000039
-0.004845 -0.004801 0.003830
0.015457 -0.010933 -0.001640
-0.013146 -0.012358 0.001142
-0.000111 0.002521 -0.004656
0.018177 0.017809 0.014137
-0.011174 0.011145 0.001742
0.006700 0.022014 -0.001544
0.000597 -0.003152 -0.000599
0.002022 0.004506 -0.009860
-0.006676 -0.000693 -0.000251
0.002742 0.005048 0.000256
0.000934 0.010896 0.000690
0.017055 -0.011266 0.000716
-0.008753 0.012549 0.001448
-0.005037 -0.000551 -0.000336
0.026068 0.045022 0.000713
-0.002836 -0.009036 0.004880
0.016574 -0.010306 0.007001
-0.014556 -0.011664 0.001206
-0.001268 0.004255 -0.004103
0.006974 0.007579 -0.001791
-0.012777 0.008269 0.000464
0.016902 0.023027 -0.001499
-0.000909 -0.001570 -0.001542
0.010520 -0.006282 0.006220
-0.007252 -0.002058 0.000221
0.003673 0.005285 -0.001391
0.007323 0.008390 -0.001676
0.016541 -0.011436 0.003270
0.007709 0.008031 0.001425
0.005985 -0.001391 0.000506
0.010216 -0.006475 0.000798
-0.006646 -0.003803 0.004678
0.009967 -0.009759 0.002058
-0.019169 -0.013133 0.001208
