864.0000 0.05 1
0.4
3.2
0
4.8
0
2.8
0.4
12
4.8
0
0
4.8
4.8
5.6
9.6
4.8
2.4
4.8
14.4
0
4.8
4.8
8
4.8
14.4
9.6
2.4
9.6
14.4
9.6
0
0
9.6
5.6
28.8
9.6
9.6
14.4
9.6
1.6
15.2
7.2
2.4
20
16.8
24
14.4
4.8
9.6
28.8
4.8
19.2
15.2
23.2
12.8
28.8
4.8
15.2
25.6
16.4
76
43.2
60
62.4
69.6
45.6
91.2
100.8
67.2
71.2
70.4
116.4
84
106.8
81.6
91.2
67.2
81.6
134.4
161.6
88
93.6
59.2
116
108.4
135.6
178
91.2
119.2
93.6
74.4
77.6
111.2
94.4
112.8
74.4
31.2
77.2
78.8
141.6
178.4
138.4
132
80.8
130
84.4
100.8
128
84
76
158.4
55.6
129.2
114.4
141.6
144.8
126.4
172
180
107.2
116
80.8
165.6
57.6
57.6
72
43.2
67.2
55.2
61.6
132.4
90
151.6
218
145.6
147.2
208
197.2
112
124
134.4
180.8
173.6
158
121.6
92.8
188
108.8
150
175.2
100.4
170.4
201.6
180
111.2
155.2
138.4
162
182.8
154
170.4
163.2
144
128.8
139.2
95.6
104.4
138.4
116.8
96.8
69.6
122.4
71.2
88
75.2
105.2
109.2
120.4
91.6
60.4
54.8
52.8
98.4
68.8
118.4
56
128.8
85.6
49.6
80.8
72
30.4
69.6
71.2
62.4
81.6
63.2
132
90.4
112.8
51.2
56.8
46
72.8
20.8
113.6
67.2
56
139.2
135.2
115.2
56
107.6
171.6
101.6
142.4
36.8
121.6
115.2
117.6
116.8
186
158.8
144
165.6
160.8
170.4
133.6
261.6
224.8
134
157.6
190.8
86.8
163.2
138
89.6
54.4
44.4
24
19.2
45.6
33.6
19.2
9.6
4.8
19.2
9.6
81.6
38.4
28.8
31.2
38.4
2.4
48
12
40.8
19.2
24
18.4
22.4
14.4
33.6
16.8
9.6
14.4
58.4
32
70.4
22.4
22.4
17.6
24
25.2
19.2
14.4
14.4
25.6
32.8
25.6
9.6
28.8
50.4
25.6
20
19.2
19.2
20
23.2
38.4
19.2
12
11.2
19.6
38.8
9.6
33.6
21.2
17.6
35.2
28.8
40.8
1.2
14.4
31.2
43.2
16.8
19.2
13.6
38.4
17.6
34.4
64.8
20.8
14.4
17.6
28
6.4
12.8
0
15.2
37.6
62.4
38.4
32.8
8
4.8
0
0
9.6
30.4
15.2
6.4
22.4
28
19.2
10.4
18.4
16.8
10.4
16.8
0
10.4
0
24.8
12
4
10.4
14.8
16
18
7.2
7.2
8
7.6
3.6
0.4
4.4
3.6
3.2
0.4
1.6
2.4
4.4
2.8
5.6
3.2
3.2
4
0.8
4
0
1.2
2.4
0
0
0
0
4
0
0
0
0.8
0.8
0
