0.004660 -0.002691 0.001214
-0.002134 0.001232 0.001653
-0.000017 0.000320 -0.000855
0.003444 -0.001988 -0.004189
-0.000285 -0.000145 -0.000855
-0.002389 0.001172 -0.001340
-0.002210 0.001483 -0.001340
-0.002383 0.001376 0.000719
0.002531 -0.003756 0.003581
0.003227 0.002204 0.003914
0.000017 0.000828 -0.001262
0.003986 -0.005477 -0.002238
0.002677 0.003875 -0.000610
-0.002723 0.002045 -0.001230
-0.001829 0.000347 0.000798
-0.002599 0.002377 -0.001406
0.004518 -0.000314 0.003581
-0.000295 -0.003897 0.003914
-0.002018 -0.004256 -0.000610
0.006736 -0.000713 -0.002238
-0.000709 -0.000429 -0.001262
-0.001215 0.001411 0.000798
-0.003133 0.001335 -0.001230
-0.003358 0.001063 -0.001406
0.002647 -0.001528 -0.017097
-0.003437 0.001984 0.003629
-0.001242 -0.000029 -0.002070
0.004193 -0.002421 -0.003390
-0.000596 0.001090 -0.002070
-0.002631 -0.001178 0.001493
-0.000295 0.002868 0.001493
0.002072 -0.001196 0.001589
0.001814 -0.001047 0.003524
-0.002290 0.001322 0.000320
0.000057 -0.002628 -0.002516
0.000997 -0.000575 0.000596
0.002304 0.001265 -0.002516
0.000673 0.003967 -0.001718
-0.003099 -0.002566 -0.001718
-0.001421 0.000821 0.000874
0.005240 -0.002096 0.001103
-0.000348 0.018644 -0.004708
-0.000079 -0.003152 -0.002304
0.003824 -0.003976 -0.001297
0.002854 0.005712 -0.002693
-0.010231 0.010461 -0.007440
0.000139 -0.003964 -0.000032
-0.001728 0.001231 0.001520
0.004435 -0.003490 0.001103
-0.016320 -0.009020 -0.004708
-0.003520 -0.005328 -0.002693
0.005355 -0.001324 -0.001297
0.002690 0.001645 -0.002304
0.003502 0.001861 -0.000032
-0.014175 0.003630 -0.007440
-0.001931 0.000881 0.001520
0.003118 -0.001800 -0.018071
-0.003033 0.001751 0.011832
0.000757 -0.001347 -0.001420
0.000534 -0.000308 0.000177
0.001545 0.000018 -0.001420
0.003036 -0.032510 -0.032419
0.029672 0.013626 -0.032419
-0.092330 0.053307 -0.126008
0.000457 -0.000264 0.001306
-0.002309 0.001333 -0.000919
0.003076 0.004002 0.002020
-0.006444 0.003720 0.001809
-0.001928 -0.004665 0.002020
-0.006242 -0.004162 -0.002925
0.000483 0.007487 -0.002925
-0.002836 0.001638 -0.000086
-0.000041 0.000685 0.001307
-0.000389 -0.004456 0.004693
0.002844 0.004027 0.001911
0.010228 0.004329 0.001465
-0.032874 0.044102 0.001127
-0.003462 0.002117 0.002754
0.001255 -0.003077 0.000765
-0.005488 0.010567 -0.005879
-0.000614 -0.000306 0.001307
0.003664 0.002564 0.004693
-0.054631 0.006419 0.001127
0.001365 -0.011023 0.001465
-0.002065 -0.004477 0.001911
0.003293 0.000451 0.000765
-0.003565 0.001939 0.002754
-0.011896 -0.000531 -0.005879
0.327455 -0.189056 0.403859
-0.021186 0.012232 -0.011902
-0.057073 -0.012860 0.000472
-0.006433 0.003714 0.002091
-0.017400 0.055857 0.000472
0.002333 0.067384 -0.075727
-0.057189 -0.035712 -0.075727
0.010363 -0.005983 -0.007204
