2176.0000 0.05 1
1.875
3.75
6.25
6.25
7.5
16.25
8.75
6.25
17.5
16.25
14.375
16.25
25
16.25
6.25
31.25
23.125
18.125
28.75
10
10
13.125
10
10
16.25
20
25
30
37.5
19.375
22.5
28.75
13.75
26.875
20.625
29.375
21.25
41.25
44.375
30.625
37.5
55
48.75
45.625
41.875
67.5
54.375
48.125
85.625
92.5
97.5
124.375
139.375
134.375
138.125
153.75
181.25
152.5
158.125
200.625
176.25
174.375
233.75
252.5
268.75
237.5
235.625
279.375
291.25
310.625
298.125
320
302.5
311.25
325
339.375
337.5
366.25
317.5
353.75
370.625
365.625
328.125
361.875
334.375
377.5
312.5
295
301.875
288.75
273.75
254.375
230
251.25
252.5
300
205.625
250
311.25
295.625
320
305.625
310
299.375
250.625
293.75
311.25
294.375
326.25
275
279.375
303.125
271.875
322.5
289.375
316.25
248.75
298.75
350.625
320.625
315
313.75
327.5
365
340.625
381.875
400
377.5
392.5
393.75
395.625
428.125
453.125
470.625
454.375
440.625
454.375
434.375
449.375
416.25
404.375
429.375
385
356.25
315.625
354.375
328.125
310.625
318.75
328.125
302.5
276.875
216.25
254.375
250
306.25
278.75
245
272.5
225.625
319.375
287.5
329.375
301.25
300
292.5
285
298.125
348.125
293.125
323.125
351.25
372.5
356.875
261.875
284.375
214.375
288.125
345.625
267.5
263.125
268.125
258.75
235.625
246.25
248.125
263.75
329.375
238.75
227.5
236.875
225
181.25
246.25
256.25
280
254.375
310
253.75
261.875
257.5
207.5
204.375
266.875
253.75
326.25
345.625
342.5
355
276.875
365
298.125
511.25
536.25
509.375
421.875
366.875
261.875
233.125
201.25
165.625
121.875
57.5
32.5
11.25
5
1.875
4.375
1.25
0
0
0
0
0
0
0
0
0
0
2.5
0
