0.012530 0.001109 0.002376
-0.004868 -0.000094 0.001905
0.011726 0.004082 0.000477
0.002502 0.000915 -0.003903
0.008572 0.003218 -0.003314
-0.001650 -0.003935 -0.000089
-0.008902 -0.005682 -0.004456
-0.006569 0.005649 0.000750
-0.015434 0.007325 -0.007470
0.002859 0.002208 -0.002198
-0.002908 -0.001288 0.005362
-0.006274 -0.002232 0.001447
-0.001906 -0.005523 0.009487
-0.005787 0.000496 -0.001067
0.004345 0.000691 -0.005338
0.002288 -0.001367 0.000585
0.011429 0.002404 0.002333
-0.005150 -0.000609 0.001564
0.009196 0.003996 0.000251
0.002102 0.000513 -0.003734
0.008324 0.002390 -0.002863
-0.000817 -0.004117 -0.000361
-0.003953 -0.001878 -0.004503
-0.006107 0.005384 0.000163
-0.014393 0.003648 -0.011753
0.006284 -0.002744 -0.003072
-0.004168 -0.002695 0.004541
-0.005172 -0.002832 0.001398
-0.000659 -0.005191 0.009527
-0.005804 -0.000476 -0.000790
0.004471 0.001771 -0.004830
0.002349 -0.001819 0.000370
0.012589 0.003044 0.002288
-0.014128 0.002412 -0.002373
0.008474 0.002858 0.001298
-0.018367 -0.001707 0.028480
0.000658 0.005791 0.000296
-0.029293 -0.004069 -0.000093
-0.003836 -0.002802 -0.004110
-0.019445 0.006592 0.013567
-0.005634 0.000165 -0.007225
0.007895 -0.001344 -0.002465
-0.002952 -0.002999 0.004800
-0.005723 -0.002426 0.003333
-0.002769 -0.005523 0.009052
-0.002596 -0.000511 0.001341
-0.009254 0.001912 -0.018518
0.002489 -0.001822 0.001313
0.010724 0.002581 0.000889
-0.005870 -0.001662 0.001154
0.009831 0.004389 -0.000312
0.002571 0.000707 -0.004180
0.008003 0.002430 -0.002892
-0.001240 -0.003453 -0.000267
-0.004087 -0.001463 -0.004726
-0.006566 0.005662 -0.000179
-0.008367 -0.000182 -0.007626
0.005958 -0.002167 -0.002517
-0.003032 -0.001181 0.003231
-0.005120 -0.002707 0.001426
-0.002152 -0.005429 0.009405
-0.005692 0.000166 -0.000423
0.002962 0.001187 -0.005375
0.005239 -0.003395 0.002690
0.010965 0.002336 0.001013
-0.016762 0.003148 -0.004122
0.010067 0.003971 -0.000229
0.001873 0.000935 -0.003369
0.009057 0.002001 -0.001095
-0.000766 -0.002149 -0.000702
-0.010894 -0.005565 -0.008689
-0.005792 0.006721 0.000261
-0.007785 0.000239 -0.007689
0.000296 0.001719 0.001384
-0.004000 -0.002382 0.004410
-0.005122 -0.002015 0.000838
-0.002500 -0.005755 0.009371
-0.005246 -0.000422 -0.000858
0.003174 0.000995 -0.005569
0.003052 -0.001852 0.001652
0.010547 0.002571 0.002075
-0.005855 -0.001505 0.001300
0.011071 0.004174 0.000117
0.003790 0.001214 -0.004155
0.009594 0.003875 -0.002804
-0.001774 -0.003027 -0.000763
-0.003703 -0.002042 -0.004801
-0.026267 -0.013342 0.000549
-0.014279 0.003693 -0.003375
0.006179 -0.003113 -0.002097
-0.032646 -0.002156 0.004751
-0.010305 0.001221 0.006092
-0.003336 -0.004211 0.011067
-0.027503 0.036782 -0.001163
-0.010708 0.015651 -0.005665
-0.033019 -0.001932 -0.043396
0.010846 0.002412 0.001465
-0.005254 -0.002371 -0.000373
0.011561 0.003659 -0.000665
0.002506 0.000598 -0.003863
0.008452 0.001839 -0.001415
-0.001853 -0.003677 -0.000037
-0.004775 -0.001078 -0.004651
-0.019463 0.006389 -0.013149
-0.009488 -0.000502 -0.007726
0.004682 -0.001909 -0.002382
-0.003124 -0.003265 0.003711
-0.010379 -0.002107 0.006257
-0.001850 -0.005034 0.009007
-0.003729 -0.000188 -0.001842
-0.014729 0.001266 0.012059
0.004574 -0.000843 0.002102
-0.019630 0.000430 -0.038075
-0.005038 -0.001827 -0.000030
0.008615 0.004276 -0.000214
0.004252 -0.000762 -0.004334
-0.003047 0.007596 0.002180
-0.001759 -0.002200 -0.000382
-0.010741 -0.005492 -0.000366
-0.027076 0.026486 0.000547
-0.007741 0.000304 -0.007736
0.000250 0.001622 -0.006538
-0.004448 -0.002708 0.004197
-0.010279 -0.006490 0.004815
-0.000428 -0.006220 0.009512
-0.006384 0.000859 -0.000638
-0.015721 -0.017061 -0.005423
0.002271 -0.001523 0.001006
-0.012849 -0.001816 0.003430
0.003838 -0.002314 0.001289
-0.002823 0.001096 0.002015
-0.003715 0.003712 0.001254
-0.001203 0.006693 -0.001517
0.001187 0.002814 -0.004533
0.004368 -0.002304 -0.004923
0.002541 0.000808 0.000843
0.008996 0.005361 0.002062
0.010042 -0.007662 -0.006232
0.001902 0.003604 0.005994
-0.022144 -0.003877 -0.004977
0.004107 0.004480 0.011353
-0.001422 -0.007505 -0.009106
0.015372 -0.001623 0.000321
-0.006053 -0.000335 0.007630
-0.012387 -0.001975 0.002909
0.004207 -0.002773 0.001648
-0.002353 0.002242 0.002041
-0.003404 0.003624 0.002060
-0.004325 0.006259 -0.001223
-0.000134 -0.001464 -0.007563
0.004590 -0.000478 -0.002579
0.004083 0.000404 -0.000071
0.008884 0.006120 0.002184
-0.000850 -0.006049 -0.006568
0.002821 0.004015 0.005313
-0.020096 -0.005299 -0.007025
0.001481 0.004672 0.011829
0.000586 -0.007574 -0.009603
0.012256 -0.002840 0.003507
-0.006365 0.000567 0.007783
-0.009618 -0.002539 0.001080
0.480652 -0.021135 0.013707
-0.001170 0.002505 0.003293
-0.010022 0.003786 0.007863
-0.000288 0.006423 -0.001353
0.000960 -0.005410 -0.003086
-0.002518 -0.003130 -0.001372
0.004480 0.000040 -0.000276
0.010549 0.006021 0.001386
-0.004402 -0.005543 -0.006473
0.004176 0.004145 0.004697
-0.045567 -0.003780 0.033755
0.004431 0.004708 0.012408
-0.000385 -0.007439 -0.009408
0.020840 -0.000031 -0.000027
-0.016048 -0.003849 0.002217
-0.012675 -0.001694 0.002446
0.005581 -0.002836 0.001152
-0.002623 0.001346 0.002490
-0.005138 0.004313 0.001000
-0.002730 0.006157 -0.001399
0.006627 -0.001110 -0.000354
0.003903 -0.000727 -0.004882
0.003579 0.000272 0.000422
0.009035 0.004998 0.001906
-0.001459 -0.006128 -0.006009
0.002047 0.003385 0.005248
-0.021973 -0.004070 -0.006344
0.004253 0.004439 0.011392
-0.001224 -0.007575 -0.009847
0.018555 0.001819 0.000002
-0.006325 0.000486 0.007909
-0.012751 -0.002243 0.002550
0.004150 -0.002877 0.001128
-0.002489 0.002578 0.001997
-0.003496 0.004138 0.002268
0.003273 0.006616 -0.002186
0.006359 -0.001251 0.000120
0.004293 -0.000690 -0.004713
0.003836 0.000096 -0.000190
0.010864 0.005508 0.002768
-0.000743 -0.004814 -0.007208
0.002445 0.003773 0.005401
-0.020747 -0.003708 -0.006255
0.001715 0.004999 0.011766
-0.001547 -0.008182 -0.009276
0.018382 0.001658 -0.000038
-0.005471 0.000724 0.005800
-0.013327 -0.000481 0.003195
0.004244 -0.002776 0.000896
-0.003273 0.001085 0.002386
-0.009216 -0.000507 0.004693
-0.003920 0.006179 -0.001494
0.009105 -0.001470 -0.001037
-0.005575 -0.005311 0.000680
-0.001590 -0.004108 -0.003270
0.010556 0.005393 0.001811
-0.001039 -0.005571 -0.006824
-0.009141 -0.020832 0.006041
-0.022256 -0.003478 -0.005124
0.006693 0.004846 0.011663
-0.004909 -0.006538 -0.009718
0.012364 -0.002976 -0.003271
-0.005497 -0.001738 0.008075
-0.010334 -0.002639 0.004726
0.003906 -0.002555 0.001357
-0.001801 0.002147 0.001825
-0.002485 0.003814 0.002629
-0.002962 0.006426 -0.001449
0.006775 -0.000747 0.000403
0.004546 -0.000422 -0.002555
-0.002667 0.000190 -0.006481
0.009153 0.005366 0.001395
0.010583 -0.006089 -0.006145
0.003954 0.004186 0.006290
-0.022594 -0.004259 -0.004775
0.003595 0.004880 0.011701
-0.000984 -0.007794 -0.009144
0.017930 0.001701 -0.000061
-0.005651 0.000367 0.006074
-0.029665 0.028256 0.002433
0.004265 -0.002995 0.001711
-0.010264 -0.017211 0.001796
-0.009233 0.008254 0.005398
0.001281 0.006633 -0.002794
0.004900 -0.000820 0.000266
0.004844 -0.002193 -0.003928
-0.001456 0.004708 -0.003370
0.005049 0.004528 0.002145
-0.001085 -0.005620 -0.006080
0.001511 0.002023 0.005673
-0.022315 -0.004256 -0.005584
0.005802 0.004948 0.011308
0.001152 -0.007781 -0.009723
0.018213 0.001948 -0.000230
-0.014103 -0.002094 0.004034
