2176.0000 0.05 1
1.875
3.75
6.25
6.25
7.5
16.25
8.75
7.5
16.25
16.25
14.375
16.25
25
16.25
6.25
31.25
23.125
18.125
30
8.75
10
13.125
10
10
16.25
20
25
30
37.5
19.375
23.75
27.5
13.75
26.875
21.875
28.125
21.875
40.625
44.375
30.625
37.5
56.25
46.875
46.25
41.875
67.5
55
47.5
83.75
94.375
97.5
124.375
138.75
135
138.75
151.875
182.5
153.75
156.25
200
177.5
173.125
233.125
254.375
268.75
236.25
233.125
280.625
294.375
309.375
297.5
320.625
302.5
309.375
323.75
341.875
340
361.25
316.875
353.75
370.625
368.125
328.75
360.625
334.375
378.75
312.5
294.375
306.25
284.375
274.375
253.125
232.5
247.5
255.625
296.875
206.25
249.375
314.375
293.75
316.875
308.75
310.625
298.75
250.625
295
307.5
293.125
331.25
273.125
281.875
300.625
273.75
318.75
292.5
312.5
251.25
297.5
355
317.5
316.875
313.75
327.5
363.75
343.125
379.375
399.375
381.875
385.625
396.25
396.25
428.125
453.75
471.25
448.75
442.5
453.125
434.375
451.875
416.875
403.75
431.875
381.25
354.375
320.625
353.125
328.75
309.375
315.625
331.25
305
276.875
216.25
254.375
250
303.75
276.25
250
270.625
225.625
320.625
286.875
328.125
301.875
303.75
290.625
282.5
299.375
348.125
293.125
324.375
349.375
374.375
355.625
261.875
285.625
214.375
289.375
345
264.375
266.25
264.375
260.625
236.25
246.25
248.75
263.75
323.75
243.125
225.625
238.125
225
179.375
248.75
257.5
280
253.125
306.875
255
265
256.25
205.625
205.625
268.125
255.625
326.25
343.125
343.75
356.25
274.375
367.5
290.625
513.125
536.875
510
426.25
366.875
258.75
234.375
203.75
165.625
120
58.75
34.375
11.25
4.375
1.25
3.75
1.25
0
0
0
0
0
0
0
0
0
0
2.5
0
