0.010883 0.002199 0.001272
-0.006597 -0.001629 0.001051
0.010634 0.003433 -0.000187
0.002987 0.001931 -0.002698
0.007676 0.002188 -0.002477
0.000457 -0.003711 -0.000238
-0.005211 -0.002114 -0.005644
-0.005969 0.005589 -0.000152
-0.014601 0.004452 -0.010905
0.005636 -0.001335 -0.001489
-0.002021 -0.002482 0.004573
-0.006083 -0.002263 0.002320
-0.002204 -0.004926 0.009674
-0.005767 0.000492 -0.000638
0.004849 0.000866 -0.004841
0.001785 -0.002521 0.000688
0.011166 0.001551 0.001312
-0.006004 -0.001716 0.001269
0.009696 0.004150 -0.000337
0.001962 0.001494 -0.003525
0.009090 0.002625 -0.002809
-0.001684 -0.003656 -0.000254
-0.004735 -0.002171 -0.005072
-0.006207 0.005987 0.000204
-0.015343 0.000539 -0.013887
0.006451 -0.000737 -0.001002
-0.004440 -0.002577 0.004438
-0.006290 -0.001944 0.002364
-0.018375 -0.005257 0.025544
-0.005376 0.000248 -0.001209
0.006606 0.000960 -0.004648
0.005021 -0.002664 -0.000865
0.012740 0.001463 0.000093
0.553523 -0.007122 0.008905
0.010359 0.005014 -0.000449
-0.002840 -0.002789 -0.007576
0.015873 0.002839 -0.003232
0.001793 -0.004727 -0.000227
-0.036846 -0.004022 0.034498
-0.003842 0.005851 0.000671
-0.014551 -0.003983 -0.010833
0.006531 -0.001309 -0.003350
-0.003928 -0.002076 0.004200
-0.005420 -0.001235 0.001678
-0.002395 -0.005603 0.009691
-0.005951 0.000405 -0.000491
0.004567 0.001045 -0.004809
0.002952 -0.002870 0.000994
0.010657 0.002398 0.001042
-0.004526 -0.001452 0.001128
0.010601 0.003422 0.000663
0.003304 0.002888 -0.004079
0.008132 0.002204 -0.002885
-0.001624 -0.003801 -0.000080
-0.004313 -0.002040 -0.005771
-0.004025 0.005794 0.000160
-0.007797 0.000530 -0.006788
0.006021 -0.001117 -0.001882
-0.001248 -0.001602 0.002828
-0.006234 -0.002500 0.002133
-0.012522 0.004908 0.008853
-0.003267 -0.001019 0.000588
0.002775 0.001993 -0.005376
-0.039215 0.043076 -0.001395
0.010230 0.001693 0.001267
-0.005946 -0.001400 0.001088
0.009881 0.004174 -0.000181
0.002941 0.001092 -0.003193
0.009401 0.002440 -0.002796
-0.001347 -0.003198 -0.000333
-0.004946 -0.002041 -0.004911
-0.005571 0.005847 0.000455
-0.008049 0.000629 -0.007037
0.006510 -0.001892 -0.000561
-0.003820 -0.002256 0.004624
-0.005909 -0.001791 0.002467
-0.002187 -0.005348 0.009980
-0.005296 0.000543 0.000579
0.003672 0.001732 -0.005346
0.002546 -0.002019 0.000750
0.011074 0.002427 0.000996
-0.005935 -0.001606 0.001227
-0.017587 0.003713 -0.000785
0.003507 -0.000117 -0.003243
0.011273 0.001894 -0.002858
-0.002006 -0.002949 -0.000536
-0.002743 -0.000877 -0.005886
-0.004412 0.006255 0.000349
-0.005764 0.000252 -0.008523
-0.000648 -0.006303 -0.005614
-0.003100 -0.002320 0.004722
-0.047578 -0.055457 0.003506
-0.013117 -0.005181 -0.001951
-0.051297 0.000170 -0.056338
0.007900 0.002270 -0.003922
0.004739 -0.003419 0.001896
0.012366 0.001688 0.002439
-0.005431 -0.001424 0.000651
0.010468 0.004953 0.001032
-0.003021 -0.002058 0.000526
0.014670 0.002967 -0.002060
0.000431 -0.003709 -0.000241
-0.004476 -0.002241 -0.003110
-0.004391 0.004668 0.000319
-0.007576 0.000900 -0.006697
0.005246 -0.001164 -0.001911
-0.002199 -0.002124 0.004514
-0.005867 -0.001560 0.004153
-0.018861 -0.020888 0.008900
-0.004096 0.001451 0.000350
0.004996 0.001284 -0.004832
0.003057 -0.001125 0.000757
-0.035321 0.055353 0.002374
-0.005969 -0.001491 0.001431
0.008643 0.004467 -0.000128
-0.001375 -0.002596 -0.003164
0.010921 0.002614 -0.003010
-0.003395 -0.003355 -0.001034
-0.002784 -0.003708 -0.005792
-0.006614 0.006026 0.000671
-0.009236 0.000528 -0.006785
-0.000645 0.003538 -0.005697
-0.004860 -0.002349 0.004763
-0.005844 -0.002208 0.001932
-0.002327 -0.005311 0.009246
-0.005861 0.000444 0.000296
0.005623 0.001731 -0.005531
0.002253 -0.001598 0.000773
-0.012276 -0.001592 0.004047
0.005314 -0.001181 0.001854
-0.002127 0.001161 0.001793
-0.003900 0.005100 0.002508
-0.003463 0.006980 -0.002030
0.000061 0.002754 -0.005552
0.004169 -0.000538 -0.004474
0.004043 -0.001221 -0.000772
0.009088 0.005627 0.002277
-0.000632 -0.007056 -0.006614
0.003001 0.003009 0.004584
-0.025076 -0.006834 -0.005369
0.002589 0.004459 0.011704
-0.000609 -0.007170 -0.009049
0.019983 -0.000358 -0.001250
-0.005297 0.000389 0.007470
-0.012614 -0.001798 0.002971
0.004955 -0.003092 0.000215
-0.002233 0.001168 0.001791
-0.002585 0.004388 0.001077
-0.003866 0.005888 -0.001495
0.005253 -0.001833 -0.001138
0.013576 -0.000800 -0.004175
0.002560 -0.000766 -0.001033
0.008444 0.005467 0.001865
-0.000280 -0.005148 -0.004768
-0.001667 0.002806 0.009402
-0.026959 -0.006578 -0.001823
0.002580 0.005288 0.010843
-0.000986 -0.007667 -0.009456
0.018199 0.000643 0.001071
-0.006805 0.000416 0.007516
-0.012397 -0.001422 0.001848
-0.004913 0.001464 -0.003613
-0.006457 0.001152 0.005020
-0.004637 0.004824 0.002465
-0.012023 0.010512 0.003017
0.006862 -0.001957 -0.000203
0.004507 -0.000880 -0.004661
-0.001610 0.003097 0.003282
-0.004648 0.005444 0.015805
-0.009450 -0.009126 -0.001615
0.003329 0.003124 0.004657
-0.019551 -0.005556 -0.005628
0.002690 0.005292 0.010660
-0.000565 -0.008010 -0.009553
0.019303 0.001716 -0.000957
-0.003210 0.000319 0.007035
-0.012685 -0.001704 0.003721
0.004329 -0.002661 0.001446
-0.002534 0.001046 0.000970
-0.004071 0.003825 0.002209
-0.004103 0.006028 -0.001798
-0.000234 0.002166 0.003212
0.004167 -0.000337 -0.004999
0.003891 -0.000688 0.000086
0.008865 0.005526 0.002226
-0.001423 -0.005730 -0.006749
-0.003824 0.007122 0.008714
-0.021644 -0.003174 -0.005152
0.003735 0.003219 0.011777
-0.000414 -0.007587 -0.010081
0.018045 0.000656 0.000260
-0.005112 0.000265 0.007949
-0.012893 -0.001133 0.002756
0.004186 -0.003056 0.001428
-0.002043 0.001061 0.001344
-0.004350 0.004273 0.002640
-0.002774 0.005494 0.000062
0.006567 -0.001805 -0.000773
0.003460 -0.001004 -0.004325
0.003768 -0.000526 -0.000473
0.008935 0.005849 0.001893
-0.001166 -0.005358 -0.006142
0.002989 0.003007 0.004565
-0.021598 -0.002996 -0.005654
0.001709 0.005023 0.011958
-0.000976 -0.007630 -0.009754
0.018192 0.000951 -0.001337
-0.006375 0.000297 0.007585
-0.010757 -0.000388 0.004095
-0.005327 0.002811 -0.002608
-0.009275 -0.003475 0.006105
-0.002798 0.005389 0.003651
-0.002600 0.008254 -0.001902
0.008378 -0.001240 -0.001062
0.001638 -0.000833 -0.004457
0.005965 0.001641 -0.001038
-0.005162 -0.008881 0.001996
-0.011276 -0.010258 -0.001662
0.004301 0.002353 0.007060
-0.027517 -0.007532 -0.009833
-0.006869 0.000701 0.007436
-0.031138 -0.007416 -0.007666
-0.021010 0.000917 0.042141
0.001332 0.000584 0.008112
-0.036353 -0.002343 -0.028946
0.004946 -0.003234 -0.000054
0.000023 0.000878 0.002490
-0.031021 -0.030546 0.001302
-0.003609 0.006132 -0.000663
0.007177 -0.003037 -0.001706
0.004225 -0.000929 -0.004686
-0.001937 0.004045 -0.005849
-0.011629 0.005431 -0.018647
-0.000754 -0.005819 -0.005493
-0.003610 -0.001841 0.008622
-0.022901 -0.002783 -0.005535
-0.007223 0.000734 0.007723
-0.000138 -0.007712 -0.009570
0.017776 0.000882 0.000047
-0.003673 0.000346 0.007261
-0.011070 -0.002811 0.003785
0.005031 -0.001822 0.001578
-0.009399 0.005543 0.006097
-0.004670 0.003977 0.002225
-0.015090 0.010846 0.003488
-0.000091 0.004631 -0.000558
0.014187 -0.001263 -0.004114
-0.000153 0.003675 -0.000520
-0.004680 0.020222 0.002199
-0.000265 -0.007925 -0.006652
0.001769 0.002854 0.004596
-0.021813 -0.003459 -0.005037
0.003409 0.003096 0.011928
-0.000604 -0.007288 -0.010161
0.017346 0.000986 -0.000626
0.000411 0.001364 0.008223
