2176.0000 0.05 1
1.11111
4.44444
11.1111
2.22222
11.1111
4.44444
13.3333
11.1111
20
11.1111
6.66667
11.1111
24.4444
23.3333
17.7778
23.3333
26.6667
18.8889
13.3333
32.2222
18.8889
8.88889
4.44444
10
14.4444
16.6667
34.4444
37.7778
27.7778
37.7778
13.3333
24.4444
17.7778
33.3333
22.2222
32.2222
28.8889
25.5556
40
24.4444
32.2222
46.6667
36.6667
47.7778
70
57.7778
54.4444
41.1111
80
106.667
97.7778
124.444
127.778
136.667
151.111
146.667
158.889
192.222
187.778
206.667
214.444
270
190
230
234.444
286.667
242.222
276.667
251.111
265.556
288.889
301.111
315.556
340
316.667
350
288.889
347.778
302.222
308.889
296.667
297.778
293.333
280
314.444
271.111
251.111
283.333
294.444
293.333
314.444
320
322.222
310
334.444
317.778
316.667
291.111
295.556
300
300
291.111
332.222
362.222
307.778
363.333
380
358.889
348.889
352.222
341.111
293.333
251.111
215.556
180
157.778
188.889
241.111
264.444
331.111
348.889
403.333
418.889
395.556
431.111
407.778
450
400
384.444
356.667
344.444
368.889
351.111
394.444
382.222
378.889
383.333
427.778
406.667
454.444
407.778
408.889
408.889
360
354.444
378.889
366.667
378.889
437.778
413.333
407.778
436.667
405.556
343.333
347.778
322.222
351.111
316.667
326.667
255.556
286.667
260
274.444
257.778
242.222
222.222
276.667
208.889
245.556
213.333
234.444
262.222
217.778
244.444
232.222
214.444
208.889
227.778
174.444
210
172.222
200
173.333
177.778
255.556
233.333
234.444
210
216.667
168.889
176.667
196.667
264.444
236.667
222.222
274.444
240
225.556
262.222
347.778
342.222
316.667
306.667
327.778
310
331.111
380
416.667
425.556
427.778
443.333
436.667
507.778
475.556
501.111
467.778
427.778
352.222
315.556
223.333
121.111
14.4444
1.11111
0
0
0
0
0
2.22222
0
0
2.22222
0
0
0
0
0
0
0
0
0
0
0
0
0
6.66667
0
0
4.44444
0
2.22222
2.22222
0
3.33333
4.44444
2.22222
0
4.44444
4.44444
4.44444
2.22222
2.22222
2.22222
2.22222
2.22222
1.11111
2.22222
0
0
2.22222
0
2.22222
0
