-0.000550 0.011396 0.010866
-0.008468 0.000633 0.000381
-0.002020 0.015454 0.008699
0.012204 0.008233 -0.002643
-0.002424 0.016456 -0.007057
-0.008603 0.000648 -0.004963
-0.000151 0.003296 0.004330
-0.000638 -0.015403 -0.002351
-0.003438 -0.011318 -0.001520
-0.008322 -0.001397 -0.001385
0.015221 -0.008492 0.003823
-0.009736 -0.005912 -0.003395
0.004077 -0.007621 0.003767
0.019978 -0.029082 0.002014
-0.003756 0.000871 0.001916
0.013157 -0.011775 0.003175
-0.000232 0.011306 0.011958
-0.009029 0.001335 0.000436
-0.001877 0.019219 -0.000538
0.010925 0.008256 0.003625
-0.001408 0.016439 -0.005315
-0.009733 0.000273 -0.003556
-0.000384 0.003512 0.004947
0.000668 -0.016696 -0.002567
-0.003090 -0.011477 -0.001049
-0.011057 -0.004287 -0.006865
0.011155 -0.006210 0.001818
-0.010173 -0.006356 -0.002347
0.004942 -0.008097 0.003872
0.003716 -0.018965 0.000444
-0.002591 0.000338 0.001849
0.013888 -0.011918 0.002332
-0.000742 0.011038 0.011619
-0.008958 0.001500 0.000365
-0.001603 0.019026 0.000111
0.008944 0.009795 -0.004075
-0.001270 0.015683 -0.006706
-0.008782 0.000861 -0.002270
-0.000122 0.003243 0.004154
-0.000134 -0.015394 -0.002113
-0.004307 -0.010079 -0.000377
-0.014719 -0.002118 -0.001903
0.011558 -0.006124 0.000977
-0.010740 -0.004592 -0.002574
0.003971 -0.007162 0.003434
0.001696 -0.021287 -0.000511
-0.004498 0.000849 0.001199
0.014749 -0.010480 0.002879
-0.000895 0.010802 0.011409
-0.008017 0.002466 0.000248
-0.001529 0.020053 0.000344
0.010027 0.008078 -0.002331
-0.002001 0.016051 -0.008237
-0.008612 0.001047 -0.003241
0.002981 0.006076 0.004226
0.000557 -0.015822 -0.001385
-0.003343 -0.012423 -0.001026
-0.010980 -0.005058 -0.001313
0.010446 -0.007007 0.001038
0.007096 0.005685 -0.000320
0.067962 -0.050054 0.085201
0.002797 -0.020325 -0.000305
-0.004023 0.000472 0.001895
0.012208 -0.007298 0.005185
-0.000627 0.010382 0.010548
-0.009166 0.001862 0.000440
-0.002403 0.024764 0.007012
0.010847 0.008226 -0.003729
-0.001767 0.015627 -0.006631
-0.009173 0.000777 -0.002320
-0.000259 0.003072 0.004305
0.000107 -0.016678 -0.002454
-0.004967 -0.011844 0.000323
-0.009546 -0.004477 -0.006247
-0.003517 0.005191 0.003925
-0.009074 -0.006386 -0.003372
0.004172 -0.007537 0.004140
-0.000586 -0.018062 0.003174
-0.004510 0.000230 0.002094
0.014134 -0.010517 0.002350
-0.000370 0.010907 0.018030
-0.009490 0.001414 -0.005090
-0.001457 0.019077 -0.001440
0.012503 0.007241 -0.002972
-0.001638 0.022205 0.001581
-0.005583 -0.000678 0.001208
0.002671 0.005279 0.004859
-0.001931 -0.015107 -0.002224
-0.001622 -0.010249 -0.000596
-0.011405 -0.005747 -0.001965
0.009420 -0.006224 -0.003212
-0.009071 -0.005004 -0.008073
0.004122 -0.007611 0.004913
0.005532 -0.020046 -0.004142
-0.005112 0.073418 0.084429
0.013797 -0.010377 0.003006
0.003567 0.011325 0.009961
-0.021948 -0.019394 -0.657358
-0.001288 0.018911 0.000480
0.011569 0.007921 -0.002919
-0.001585 0.011352 0.002647
-0.013738 0.001074 0.003756
-0.003534 0.001522 0.004182
-0.081680 0.035160 0.101650
0.084089 0.038698 0.108265
-0.011188 -0.005290 -0.001989
0.006254 -0.005295 0.000361
-0.003574 -0.004533 -0.000879
0.002997 -0.009458 0.003337
0.007857 -0.019407 -0.001384
-0.003953 0.003088 0.002135
0.015440 -0.012041 0.002351
-0.000501 0.011132 0.011263
-0.009126 0.000294 -0.000428
-0.001150 0.018343 0.000137
0.013580 0.006151 -0.002213
-0.001107 0.016289 -0.005165
-0.008908 0.000689 -0.002747
-0.000209 0.003500 0.011227
0.000073 -0.015195 -0.002565
-0.003356 -0.010925 0.000007
-0.009486 -0.004991 -0.001909
0.011635 -0.005503 0.000741
-0.012570 -0.008606 0.001388
0.006748 -0.009222 0.003458
0.004041 -0.019405 -0.000395
-0.003334 0.001055 0.000996
0.015583 -0.031170 0.006344
-0.000066 0.003322 -0.004209
0.006841 0.008467 -0.002662
-0.011242 0.011306 0.002079
0.007815 0.023264 -0.001460
-0.000549 -0.002840 -0.000535
0.001725 0.004571 -0.010332
-0.008253 -0.001373 0.001721
0.007257 0.009266 0.006264
-0.000387 0.007490 -0.001734
0.017770 -0.010011 -0.000978
-0.009542 0.009526 0.002263
-0.003794 0.000372 0.000766
0.012168 -0.005171 -0.000099
-0.006065 -0.006884 -0.001462
0.010484 -0.010133 0.002509
-0.016470 -0.011819 0.002740
-0.000176 0.001060 -0.004781
0.007365 0.008002 -0.004088
-0.010719 0.010724 0.002085
0.007450 0.023388 -0.000815
0.000136 -0.002382 -0.002649
0.001377 0.003590 -0.009925
-0.008812 -0.002521 0.001384
0.003086 0.005746 -0.000057
-0.000574 0.008480 -0.002610
0.015677 -0.011555 0.003512
-0.008182 0.012419 0.002583
-0.005366 -0.003922 -0.005029
0.011381 -0.005973 0.000610
-0.002405 -0.007899 0.000466
0.009419 -0.009357 0.002167
-0.017831 -0.011819 0.002022
-0.000780 0.005712 -0.004704
0.007599 0.008542 -0.004446
-0.009855 0.010869 0.001300
0.006929 0.023364 -0.001853
-0.000405 -0.002621 0.000549
0.001602 0.004647 -0.009073
-0.008236 -0.001991 -0.000199
0.003671 0.006323 0.000947
-0.000266 0.007954 -0.003045
0.017505 -0.012420 0.003949
-0.008180 0.009527 0.001155
-0.008400 -0.003451 -0.000285
0.012733 -0.006144 0.000045
-0.000379 -0.007228 0.003799
0.009872 -0.010026 0.003146
-0.016208 -0.011674 0.000357
0.000365 0.002619 -0.003701
0.007444 0.008874 -0.003873
-0.008298 0.010406 0.002364
0.004681 0.022829 -0.002458
-0.000840 -0.002458 -0.001071
0.005663 0.001103 -0.002479
-0.008049 -0.002110 0.000429
0.002987 0.004712 -0.000483
-0.001750 0.007260 -0.001905
0.017754 -0.011520 0.003312
-0.008894 0.010582 0.002101
-0.004110 -0.005060 -0.000654
0.011827 -0.003925 -0.000295
-0.003956 -0.005554 0.004274
0.008020 -0.010925 -0.002842
-0.015997 -0.011861 0.001327
-0.000569 0.003170 -0.003397
0.007498 0.008082 -0.003118
-0.008908 0.011494 0.001879
0.006166 0.023334 -0.001673
0.000051 -0.002483 -0.001427
0.000670 0.004231 -0.009738
-0.008199 -0.002348 0.000079
0.001508 0.001849 0.007025
-0.000780 0.008060 -0.002891
0.021856 -0.009381 0.002366
-0.008469 0.010286 0.001640
-0.004257 -0.001231 0.000257
0.012005 -0.005784 0.001038
-0.005119 -0.009096 0.002958
0.010866 -0.010566 0.003409
-0.016499 -0.012683 0.000543
0.000961 0.004318 -0.005510
0.006403 0.007597 0.000973
-0.009829 0.009899 0.009057
0.007002 0.023092 0.004605
0.000053 -0.002679 -0.002428
0.001303 0.004415 -0.008619
-0.009235 -0.001894 0.019780
0.003131 0.005537 -0.001001
-0.003491 0.008697 0.001869
0.016870 -0.011272 -0.001687
-0.007778 0.007153 0.006732
-0.004855 -0.000637 0.000965
-0.053701 -0.044345 0.067335
-0.003489 -0.004159 0.005176
0.013014 -0.008188 0.005761
-0.017385 -0.012687 0.001368
0.000088 0.002347 -0.005003
0.006763 0.007812 0.003180
-0.009386 0.010124 0.006789
0.005411 0.024601 0.002781
-0.000110 -0.002832 -0.000039
0.001373 0.004323 -0.008967
-0.007610 -0.001849 0.022348
0.002838 0.005254 0.000891
0.005376 0.008178 0.002514
0.016291 -0.007343 0.003714
-0.008539 0.028070 0.005284
-0.005600 -0.001543 -0.000659
0.010757 -0.006399 -0.000733
-0.002713 -0.006323 0.004320
-0.007207 -0.019433 0.005686
-0.013798 -0.095568 0.081470
-0.000419 0.003124 -0.004581
0.006890 0.007754 -0.003674
-0.011011 0.010312 0.002258
0.007845 0.023815 -0.001025
0.000697 -0.002921 -0.001593
-0.003693 0.007148 -0.004351
-0.008107 -0.002207 0.000076
0.003302 0.005984 -0.000176
-0.000184 0.007834 -0.004536
0.018064 -0.011049 0.003403
-0.008533 0.008975 0.002643
-0.003353 -0.000997 -0.006330
0.010984 -0.005455 0.000632
-0.003286 -0.005894 0.004935
0.006633 -0.008516 0.002251
-0.017312 -0.012152 0.000829
