0.329095 0.344252 -0.344410
0.015112 -0.013234 0.000897
-0.041493 -0.083469 -0.000379
-0.021678 -0.032676 0.016417
-0.037898 0.049368 0.074854
-0.021791 0.015745 -0.001331
0.002023 0.023164 -0.001374
0.018819 -0.012082 -0.002058
-0.018543 -0.015456 0.006547
0.002035 -0.040170 0.010829
0.018939 0.012371 -0.000748
-0.019733 0.013208 -0.001255
-0.000028 0.020029 -0.001707
0.042253 -0.037064 0.001205
-0.021863 -0.014262 0.000988
-0.001450 -0.022169 0.004235
0.019080 0.011649 -0.003015
-0.015266 0.016936 -0.005779
-0.012542 0.021381 -0.002392
0.020736 -0.012811 0.000008
-0.022183 -0.014592 0.000081
0.010673 -0.018206 -0.001359
0.014034 0.013179 -0.001653
-0.029233 0.008464 -0.016465
0.003280 0.017916 0.012443
0.027134 -0.020099 0.006832
-0.024150 -0.011242 0.008274
-0.004286 -0.020357 0.001074
0.016447 0.010701 -0.001209
-0.017109 0.013083 -0.002068
0.003248 0.019190 -0.002827
0.018050 -0.009540 -0.001940
-0.019407 -0.010459 -0.000881
0.003412 -0.013199 0.001574
0.020011 0.012381 -0.002361
-0.017144 0.010689 0.000452
-0.000477 0.022540 -0.003159
0.018010 -0.007840 0.003728
-0.015586 -0.011866 -0.001595
-0.000798 -0.022335 0.002915
0.019862 0.010729 -0.002371
-0.020932 0.005799 0.001114
-0.003937 0.017324 -0.003092
0.020196 -0.009951 -0.000017
-0.023586 -0.026062 0.004695
0.006700 -0.022577 -0.003597
0.018116 0.013448 0.000387
-0.020456 0.011233 0.000905
-0.000268 0.014938 -0.002732
0.012719 -0.017085 0.000073
-0.052566 -0.039452 0.000837
0.002590 -0.021515 -0.008409
0.018740 0.012715 -0.000069
-0.019746 0.012440 -0.000231
0.001541 0.019465 0.013033
0.023461 -0.013586 0.003592
-0.027559 -0.022177 0.001764
-0.001500 -0.018886 -0.012816
0.044373 -0.002316 0.027517
-0.022763 0.009216 0.002380
-0.008745 0.018278 -0.001798
0.012051 -0.016057 0.000392
-0.015811 -0.009983 -0.000973
-0.007289 -0.007202 0.004331
0.010587 0.007778 0.002313
-0.097325 -0.033663 0.097249
0.002405 0.016869 -0.002472
0.023134 -0.014879 0.006820
-0.018697 -0.009308 -0.001012
-0.000190 -0.023568 0.004092
0.016589 0.006828 0.004522
-0.021638 0.001745 0.003722
-0.048598 0.011011 -0.002529
-0.001593 -0.082590 0.089576
0.000261 -0.000097 -0.000680
-0.008744 -0.006568 0.005007
0.000774 -0.003042 -0.000694
-0.003258 -0.000872 0.003995
-0.018378 -0.013412 -0.001222
-0.001336 0.000476 0.001455
-0.010209 -0.001933 0.007974
-0.002132 0.001846 0.000753
-0.001941 0.004292 0.001485
-0.000837 0.001341 0.000664
0.001855 0.001714 0.000961
-0.001511 0.001548 -0.002186
0.003637 -0.000629 -0.001550
0.000697 0.006691 -0.006012
-0.001078 -0.007610 0.000480
-0.005277 -0.003400 0.000142
0.004206 -0.001702 0.000259
-0.002467 0.010488 0.005668
-0.014243 0.001615 0.007469
0.001652 0.001720 -0.002935
-0.002633 -0.007535 0.000208
0.001360 0.002989 -0.001828
