2176.0000 0.05 1
1.875
3.75
6.25
6.25
7.5
17.5
7.5
7.5
17.5
15
14.375
16.25
25
16.25
6.25
31.25
23.125
18.125
30
8.75
10
13.125
10
10.625
16.875
18.75
25
30
36.875
20
25
26.25
13.75
26.875
20.625
29.375
21.25
42.5
43.125
30.625
38.75
53.75
48.125
46.25
41.875
67.5
54.375
49.375
84.375
92.5
97.5
124.375
138.75
135
138.75
153.125
181.875
150.625
158.75
201.25
175.625
175
231.25
253.75
271.25
235
236.875
275.625
295
311.25
295
322.5
301.25
308.125
326.25
338.75
338.125
363.125
314.375
356.25
369.375
371.875
324.375
362.5
333.125
380.625
312.5
296.25
303.75
287.5
272.5
254.375
232.5
245.625
255
298.75
208.125
248.125
310.625
297.5
314.375
311.25
311.875
296.25
248.75
295.625
307.5
295.625
328.125
275
280.625
300.625
275
321.25
292.5
312.5
250
298.75
353.75
316.875
313.125
316.875
325
365
345.625
376.25
401.25
381.875
386.875
393.75
398.75
430.625
449.375
471.25
450.625
441.875
453.75
436.875
445.625
419.375
403.125
433.75
379.375
356.25
321.25
351.875
329.375
309.375
315
331.875
302.5
279.375
215
255
250
301.25
281.875
245
272.5
225.625
316.875
291.875
326.875
301.25
303.125
291.875
283.125
298.125
346.875
295.625
318.125
353.125
375
354.375
261.25
286.875
216.875
286.875
347.5
265.625
264.375
265
260.625
235.625
246.875
248.125
260
328.125
240
228.75
236.875
224.375
181.25
248.75
255.625
281.875
253.125
307.5
253.125
266.25
255.625
205
201.875
271.875
256.875
321.25
346.875
343.75
355.625
275
367.5
287.5
515
533.125
514.375
426.875
361.875
265
230.625
206.25
165.625
121.25
60
33.125
11.875
3.75
1.25
3.75
1.25
0
0
0
0
0
0
0
0
0
0
2.5
0
